2018-01-27 15:56:05.463;SQ;AS107-AS1-20180127155605
2018-01-27 15:56:36.808;RO;AS107-AS1-20180127155605
2018-01-27 15:56:37.771;SP;AS107-AS1-20180127155605
2018-01-27 15:56:39.365;SQ;AS107-AS1-20180127155639
2018-01-27 15:57:01.478;RC;AS107-AS1-20180127155605
2018-01-27 15:57:02.288;SS;AS107-AS1-20180127155605
2018-01-27 15:57:28.324;RO;AS107-AS1-20180127155639
2018-01-27 15:57:29.214;SP;AS107-AS1-20180127155639
2018-01-27 15:57:32.317;SQ;AS107-AS1-20180127155732
2018-01-27 15:57:54.612;RC;AS107-AS1-20180127155639
2018-01-27 15:57:55.404;SS;AS107-AS1-20180127155639
2018-01-27 15:58:02.928;RU;AS107-AS1-20180127155605
2018-01-27 15:58:04.695;VU;AS107-AS1-20180127155605
2018-01-27 15:58:29.211;RO;AS107-AS1-20180127155732
2018-01-27 15:58:30.154;SP;AS107-AS1-20180127155732
2018-01-27 15:58:33.017;SQ;AS107-AS1-20180127155833
2018-01-27 15:58:59.871;RU;AS107-AS1-20180127155639
2018-01-27 15:59:01.672;VU;AS107-AS1-20180127155639
2018-01-27 15:59:05.066;RC;AS107-AS1-20180127155732
2018-01-27 15:59:05.844;SS;AS107-AS1-20180127155732
2018-01-27 15:59:30.950;RO;AS107-AS1-20180127155833
2018-01-27 15:59:31.891;SP;AS107-AS1-20180127155833
2018-01-27 15:59:33.512;SQ;AS107-AS1-20180127155933
2018-01-27 15:59:56.717;RU;AS107-AS1-20180127155732
2018-01-27 16:00:00.969;RC;AS107-AS1-20180127155833
2018-01-27 16:00:01.883;SS;AS107-AS1-20180127155833
2018-01-27 16:00:28.100;RO;AS107-AS1-20180127155933
2018-01-27 16:00:29.689;SP;AS107-AS1-20180127155933
2018-01-27 16:00:31.957;SQ;AS107-AS1-20180127160031
2018-01-27 16:00:58.365;RC;AS107-AS1-20180127155933
2018-01-27 16:00:59.491;SS;AS107-AS1-20180127155933
2018-01-27 16:01:08.265;RU;AS107-AS1-20180127155833
2018-01-27 16:01:10.847;VU;AS107-AS1-20180127155833
2018-01-27 16:01:24.034;RO;AS107-AS1-20180127160031
2018-01-27 16:01:25.484;SP;AS107-AS1-20180127160031
2018-01-27 16:01:27.707;SQ;AS107-AS1-20180127160127
2018-01-27 16:01:56.849;RC;AS107-AS1-20180127160031
2018-01-27 16:01:57.957;SS;AS107-AS1-20180127160031
2018-01-27 16:02:08.659;RU;AS107-AS1-20180127155933
2018-01-27 16:02:11.987;VU;AS107-AS1-20180127155933
2018-01-27 16:02:26.829;RO;AS107-AS1-20180127160127
2018-01-27 16:02:28.335;SP;AS107-AS1-20180127160127
2018-01-27 16:02:30.555;SQ;AS107-AS1-20180127160230
2018-01-27 16:02:51.966;RC;AS107-AS1-20180127160127
2018-01-27 16:02:52.975;SS;AS107-AS1-20180127160127
2018-01-27 16:03:05.482;RU;AS107-AS1-20180127160031
2018-01-27 16:03:07.272;VU;AS107-AS1-20180127160031
2018-01-27 16:03:36.756;RO;AS107-AS1-20180127160230
2018-01-27 16:03:38.216;SP;AS107-AS1-20180127160230
2018-01-27 16:03:40.627;SQ;AS107-AS1-20180127160340
2018-01-27 16:03:52.112;RU;AS107-AS1-20180127160127
2018-01-27 16:04:12.401;RC;AS107-AS1-20180127160230
2018-01-27 16:04:14.579;SS;AS107-AS1-20180127160230
2018-01-27 16:05:10.330;RO;AS107-AS1-20180127160340
2018-01-27 16:05:11.656;RU;AS107-AS1-20180127160230
2018-01-27 16:05:13.389;SP;AS107-AS1-20180127160340
2018-01-27 16:05:16.435;VU;AS107-AS1-20180127160230
2018-01-27 16:05:17.726;SQ;AS107-AS1-20180127160517
2018-01-27 16:05:40.639;RC;AS107-AS1-20180127160340
2018-01-27 16:05:42.309;SS;AS107-AS1-20180127160340
2018-01-27 16:06:21.165;RO;AS107-AS1-20180127160517
2018-01-27 16:06:22.945;SP;AS107-AS1-20180127160517
2018-01-27 16:06:26.595;SQ;AS107-AS1-20180127160626
2018-01-27 16:06:37.733;RU;AS107-AS1-20180127160340
2018-01-27 16:06:40.655;VU;AS107-AS1-20180127160340
2018-01-27 16:06:50.414;RC;AS107-AS1-20180127160517
2018-01-27 16:06:51.858;SS;AS107-AS1-20180127160517
2018-01-27 16:07:27.109;RO;AS107-AS1-20180127160626
2018-01-27 16:07:28.910;SP;AS107-AS1-20180127160626
2018-01-27 16:07:33.727;SQ;AS107-AS1-20180127160733
2018-01-27 16:07:56.589;RU;AS107-AS1-20180127160517
2018-01-27 16:07:58.775;RC;AS107-AS1-20180127160626
2018-01-27 16:07:59.374;VU;AS107-AS1-20180127160517
2018-01-27 16:08:00.697;SS;AS107-AS1-20180127160626
2018-01-27 16:08:35.845;RO;AS107-AS1-20180127160733
2018-01-27 16:08:38.539;SP;AS107-AS1-20180127160733
2018-01-27 16:08:41.814;SQ;AS107-AS1-20180127160841
2018-01-27 16:09:04.741;RC;AS107-AS1-20180127160733
2018-01-27 16:09:08.137;SS;AS107-AS1-20180127160733
2018-01-27 16:09:14.097;RU;AS107-AS1-20180127160626
2018-01-27 16:09:16.731;VU;AS107-AS1-20180127160626
2018-01-27 16:09:33.999;RO;AS107-AS1-20180127160841
2018-01-27 16:09:37.506;SP;AS107-AS1-20180127160841
2018-01-27 16:09:40.780;SQ;AS107-AS1-20180127160940
2018-01-27 16:10:12.701;RU;AS107-AS1-20180127160733
2018-01-27 16:10:12.846;RC;AS107-AS1-20180127160841
2018-01-27 16:10:15.529;SS;AS107-AS1-20180127160841
2018-01-27 16:10:16.306;VU;AS107-AS1-20180127160733
2018-01-27 16:10:43.849;RO;AS107-AS1-20180127160940
2018-01-27 16:10:45.635;SP;AS107-AS1-20180127160940
2018-01-27 16:10:49.293;SQ;AS107-AS1-20180127161049
2018-01-27 16:11:12.486;RC;AS107-AS1-20180127160940
2018-01-27 16:11:14.336;SS;AS107-AS1-20180127160940
2018-01-27 16:11:21.357;RU;AS107-AS1-20180127160841
2018-01-27 16:11:25.518;VU;AS107-AS1-20180127160841
2018-01-27 16:12:16.140;RO;AS107-AS1-20180127161049
2018-01-27 16:12:18.133;SP;AS107-AS1-20180127161049
2018-01-27 16:12:20.278;RU;AS107-AS1-20180127160940
2018-01-27 16:12:23.526;SQ;AS107-AS1-20180127161223
2018-01-27 16:12:25.058;VU;AS107-AS1-20180127160940
2018-01-27 16:12:46.400;RC;AS107-AS1-20180127161049
2018-01-27 16:12:48.223;SS;AS107-AS1-20180127161049
2018-01-27 16:13:14.983;RO;AS107-AS1-20180127161223
2018-01-27 16:13:16.940;SP;AS107-AS1-20180127161223
2018-01-27 16:13:20.517;SQ;AS107-AS1-20180127161320
2018-01-27 16:13:49.426;RC;AS107-AS1-20180127161223
2018-01-27 16:13:50.850;SS;AS107-AS1-20180127161223
2018-01-27 16:13:53.014;RU;AS107-AS1-20180127161049
2018-01-27 16:13:55.985;VU;AS107-AS1-20180127161049
2018-01-27 16:14:21.043;RO;AS107-AS1-20180127161320
2018-01-27 16:14:23.047;SP;AS107-AS1-20180127161320
2018-01-27 16:14:28.031;SQ;AS107-AS1-20180127161428
2018-01-27 16:14:54.175;RC;AS107-AS1-20180127161320
2018-01-27 16:14:56.221;SS;AS107-AS1-20180127161320
2018-01-27 16:15:23.702;RU;AS107-AS1-20180127161223
2018-01-27 16:15:26.442;VU;AS107-AS1-20180127161223
2018-01-27 16:15:36.269;RO;AS107-AS1-20180127161428
2018-01-27 16:15:38.417;SP;AS107-AS1-20180127161428
2018-01-27 16:15:42.165;SQ;AS107-AS1-20180127161542
2018-01-27 16:16:02.245;RU;AS107-AS1-20180127161320
2018-01-27 16:16:04.922;VU;AS107-AS1-20180127161320
2018-01-27 16:16:08.133;RC;AS107-AS1-20180127161428
2018-01-27 16:16:09.907;SS;AS107-AS1-20180127161428
2018-01-27 16:16:38.871;RO;AS107-AS1-20180127161542
2018-01-27 16:16:40.732;SP;AS107-AS1-20180127161542
2018-01-27 16:16:44.912;SQ;AS107-AS1-20180127161644
2018-01-27 16:17:07.809;RC;AS107-AS1-20180127161542
2018-01-27 16:17:09.689;SS;AS107-AS1-20180127161542
2018-01-27 16:17:44.989;RO;AS107-AS1-20180127161644
2018-01-27 16:17:45.212;RU;AS107-AS1-20180127161428
2018-01-27 16:17:47.605;SP;AS107-AS1-20180127161644
2018-01-27 16:17:49.005;VU;AS107-AS1-20180127161428
2018-01-27 16:17:53.217;SQ;AS107-AS1-20180127161753
2018-01-27 16:18:17.587;RC;AS107-AS1-20180127161644
2018-01-27 16:18:18.899;RU;AS107-AS1-20180127161542
2018-01-27 16:18:19.562;SS;AS107-AS1-20180127161644
2018-01-27 16:18:22.122;VU;AS107-AS1-20180127161542
2018-01-27 16:18:49.323;RO;AS107-AS1-20180127161753
2018-01-27 16:18:51.458;SP;AS107-AS1-20180127161753
2018-01-27 16:18:57.284;SQ;AS107-AS1-20180127161857
2018-01-27 16:19:18.613;RU;AS107-AS1-20180127161644
2018-01-27 16:19:20.592;RC;AS107-AS1-20180127161753
2018-01-27 16:19:21.423;VU;AS107-AS1-20180127161644
2018-01-27 16:19:22.220;SS;AS107-AS1-20180127161753
2018-01-27 16:19:49.232;RO;AS107-AS1-20180127161857
2018-01-27 16:19:50.763;SP;AS107-AS1-20180127161857
2018-01-27 16:19:54.619;SQ;AS107-AS1-20180127161954
2018-01-27 16:20:18.774;RC;AS107-AS1-20180127161857
2018-01-27 16:20:20.560;SS;AS107-AS1-20180127161857
2018-01-27 16:20:22.437;RU;AS107-AS1-20180127161753
2018-01-27 16:20:25.145;VU;AS107-AS1-20180127161753
2018-01-27 16:21:12.105;RO;AS107-AS1-20180127161954
2018-01-27 16:21:14.877;SP;AS107-AS1-20180127161954
2018-01-27 16:21:18.805;SQ;AS107-AS1-20180127162118
2018-01-27 16:21:26.090;RU;AS107-AS1-20180127161857
2018-01-27 16:21:28.619;VU;AS107-AS1-20180127161857
2018-01-27 16:21:38.477;RC;AS107-AS1-20180127161954
2018-01-27 16:21:40.504;SS;AS107-AS1-20180127161954
2018-01-27 16:22:12.259;RO;AS107-AS1-20180127162118
2018-01-27 16:22:14.281;SP;AS107-AS1-20180127162118
2018-01-27 16:22:19.947;SQ;AS107-AS1-20180127162219
2018-01-27 16:22:44.565;RC;AS107-AS1-20180127162118
2018-01-27 16:22:46.187;SS;AS107-AS1-20180127162118
2018-01-27 16:22:48.353;RU;AS107-AS1-20180127161954
2018-01-27 16:22:52.022;VU;AS107-AS1-20180127161954
2018-01-27 16:23:17.195;RO;AS107-AS1-20180127162219
2018-01-27 16:23:21.001;SP;AS107-AS1-20180127162219
2018-01-27 16:23:24.875;SQ;AS107-AS1-20180127162324
2018-01-27 16:23:50.491;RU;AS107-AS1-20180127162118
2018-01-27 16:23:54.601;VU;AS107-AS1-20180127162118
2018-01-27 16:23:59.493;RC;AS107-AS1-20180127162219
2018-01-27 16:24:00.993;SS;AS107-AS1-20180127162219
2018-01-27 16:24:56.564;RO;AS107-AS1-20180127162324
2018-01-27 16:24:58.811;SP;AS107-AS1-20180127162324
2018-01-27 16:25:00.816;RU;AS107-AS1-20180127162219
2018-01-27 16:25:03.433;SQ;AS107-AS1-20180127162503
2018-01-27 16:25:04.588;VU;AS107-AS1-20180127162219
2018-01-27 16:25:31.013;RC;AS107-AS1-20180127162324
2018-01-27 16:25:32.373;SS;AS107-AS1-20180127162324
2018-01-27 16:26:03.160;RO;AS107-AS1-20180127162503
2018-01-27 16:26:04.799;SP;AS107-AS1-20180127162503
2018-01-27 16:26:08.329;SQ;AS107-AS1-20180127162608
2018-01-27 16:26:34.343;RU;AS107-AS1-20180127162324
2018-01-27 16:26:34.824;RC;AS107-AS1-20180127162503
2018-01-27 16:26:37.034;VU;AS107-AS1-20180127162324
2018-01-27 16:26:37.314;SS;AS107-AS1-20180127162503
2018-01-27 16:26:58.961;RO;AS107-AS1-20180127162608
2018-01-27 16:27:01.774;SP;AS107-AS1-20180127162608
2018-01-27 16:27:05.220;SQ;AS107-AS1-20180127162705
2018-01-27 16:27:25.305;RC;AS107-AS1-20180127162608
2018-01-27 16:27:26.757;SS;AS107-AS1-20180127162608
2018-01-27 16:27:32.443;RU;AS107-AS1-20180127162503
2018-01-27 16:27:35.745;VU;AS107-AS1-20180127162503
2018-01-27 16:27:41.622;RO;AS107-AS1-20180127162705
2018-01-27 16:27:42.796;SP;AS107-AS1-20180127162705
2018-01-27 16:27:49.693;SQ;AS107-AS1-20180127162749
2018-01-27 16:27:57.974;RU;AS107-AS1-20180127162608
2018-01-27 16:27:58.321;RC;AS107-AS1-20180127162705
2018-01-27 16:27:59.311;RO;AS107-AS1-20180127162749
2018-01-27 16:28:04.004;SS;AS107-AS1-20180127162705
2018-01-27 16:28:04.370;VU;AS107-AS1-20180127162608
2018-01-27 16:28:04.482;SP;AS107-AS1-20180127162749
2018-01-27 16:28:08.258;RC;AS107-AS1-20180127162749
2018-01-27 16:28:12.124;SS;AS107-AS1-20180127162749
2018-01-27 16:28:12.938;RU;AS107-AS1-20180127162705
2018-01-27 16:28:16.875;RU;AS107-AS1-20180127162749
2018-01-27 16:28:29.310;VU;AS107-AS1-20180127162749
2018-01-27 16:28:30.002;VU;AS107-AS1-20180127162705
