2018-01-27 15:55:57.873;SQ;AS101-AS1-20180127155557
2018-01-27 15:56:13.141;RO;AS101-AS1-20180127155557
2018-01-27 15:56:14.252;SP;AS101-AS1-20180127155557
2018-01-27 15:56:15.908;SQ;AS101-AS1-20180127155615
2018-01-27 15:56:32.689;RC;AS101-AS1-20180127155557
2018-01-27 15:56:33.516;SS;AS101-AS1-20180127155557
2018-01-27 15:56:52.311;RO;AS101-AS1-20180127155615
2018-01-27 15:56:53.275;SP;AS101-AS1-20180127155615
2018-01-27 15:56:54.984;SQ;AS101-AS1-20180127155654
2018-01-27 15:57:23.665;RC;AS101-AS1-20180127155615
2018-01-27 15:57:24.523;SS;AS101-AS1-20180127155615
2018-01-27 15:57:28.179;RU;AS101-AS1-20180127155557
2018-01-27 15:57:30.037;VU;AS101-AS1-20180127155557
2018-01-27 15:57:43.284;RO;AS101-AS1-20180127155654
2018-01-27 15:57:44.394;SP;AS101-AS1-20180127155654
2018-01-27 15:57:47.276;SQ;AS101-AS1-20180127155747
2018-01-27 15:58:30.301;RC;AS101-AS1-20180127155654
2018-01-27 15:58:30.913;RU;AS101-AS1-20180127155615
2018-01-27 15:58:32.354;SS;AS101-AS1-20180127155654
2018-01-27 15:58:34.287;VU;AS101-AS1-20180127155615
2018-01-27 15:58:51.215;RO;AS101-AS1-20180127155747
2018-01-27 15:58:52.173;SP;AS101-AS1-20180127155747
2018-01-27 15:58:53.846;SQ;AS101-AS1-20180127155853
2018-01-27 15:59:21.754;RC;AS101-AS1-20180127155747
2018-01-27 15:59:22.591;SS;AS101-AS1-20180127155747
2018-01-27 15:59:42.528;RU;AS101-AS1-20180127155654
2018-01-27 15:59:44.382;VU;AS101-AS1-20180127155654
2018-01-27 15:59:57.707;RO;AS101-AS1-20180127155853
2018-01-27 15:59:58.749;SP;AS101-AS1-20180127155853
2018-01-27 16:00:00.438;SQ;AS101-AS1-20180127160000
2018-01-27 16:00:28.355;RU;AS101-AS1-20180127155747
2018-01-27 16:00:28.866;RC;AS101-AS1-20180127155853
2018-01-27 16:00:30.008;SS;AS101-AS1-20180127155853
2018-01-27 16:00:30.440;VU;AS101-AS1-20180127155747
2018-01-27 16:00:52.612;RO;AS101-AS1-20180127160000
2018-01-27 16:00:53.846;SP;AS101-AS1-20180127160000
2018-01-27 16:00:55.538;SQ;AS101-AS1-20180127160055
2018-01-27 16:01:28.133;RC;AS101-AS1-20180127160000
2018-01-27 16:01:28.153;RU;AS101-AS1-20180127155853
2018-01-27 16:01:29.814;SS;AS101-AS1-20180127160000
2018-01-27 16:01:30.820;VU;AS101-AS1-20180127155853
2018-01-27 16:01:55.331;RO;AS101-AS1-20180127160055
2018-01-27 16:01:56.422;SP;AS101-AS1-20180127160055
2018-01-27 16:01:58.115;SQ;AS101-AS1-20180127160158
2018-01-27 16:02:29.771;RC;AS101-AS1-20180127160055
2018-01-27 16:02:30.629;SS;AS101-AS1-20180127160055
2018-01-27 16:02:35.570;RU;AS101-AS1-20180127160000
2018-01-27 16:02:37.409;VU;AS101-AS1-20180127160000
2018-01-27 16:02:51.070;RO;AS101-AS1-20180127160158
2018-01-27 16:02:52.013;SP;AS101-AS1-20180127160158
2018-01-27 16:02:53.681;SQ;AS101-AS1-20180127160253
2018-01-27 16:03:26.105;RC;AS101-AS1-20180127160158
2018-01-27 16:03:27.850;SS;AS101-AS1-20180127160158
2018-01-27 16:03:36.534;RU;AS101-AS1-20180127160055
2018-01-27 16:03:38.364;VU;AS101-AS1-20180127160055
2018-01-27 16:03:49.175;RO;AS101-AS1-20180127160253
2018-01-27 16:03:50.102;SP;AS101-AS1-20180127160253
2018-01-27 16:03:51.780;SQ;AS101-AS1-20180127160351
2018-01-27 16:04:19.869;RC;AS101-AS1-20180127160253
2018-01-27 16:04:20.709;SS;AS101-AS1-20180127160253
2018-01-27 16:04:23.257;RU;AS101-AS1-20180127160158
2018-01-27 16:04:25.097;VU;AS101-AS1-20180127160158
2018-01-27 16:04:46.278;RO;AS101-AS1-20180127160351
2018-01-27 16:04:47.183;SP;AS101-AS1-20180127160351
2018-01-27 16:04:48.884;SQ;AS101-AS1-20180127160448
2018-01-27 16:05:20.031;RC;AS101-AS1-20180127160351
2018-01-27 16:05:20.855;SS;AS101-AS1-20180127160351
2018-01-27 16:05:22.661;RU;AS101-AS1-20180127160253
2018-01-27 16:05:24.491;VU;AS101-AS1-20180127160253
2018-01-27 16:05:48.980;RO;AS101-AS1-20180127160448
2018-01-27 16:05:50.303;SP;AS101-AS1-20180127160448
2018-01-27 16:05:51.988;SQ;AS101-AS1-20180127160551
2018-01-27 16:06:22.969;RC;AS101-AS1-20180127160448
2018-01-27 16:06:23.803;SS;AS101-AS1-20180127160448
2018-01-27 16:06:46.283;RO;AS101-AS1-20180127160551
2018-01-27 16:06:48.173;SP;AS101-AS1-20180127160551
2018-01-27 16:06:49.840;SQ;AS101-AS1-20180127160649
2018-01-27 16:06:59.112;RU;AS101-AS1-20180127160351
2018-01-27 16:07:00.939;VU;AS101-AS1-20180127160351
2018-01-27 16:07:18.537;RC;AS101-AS1-20180127160551
2018-01-27 16:07:19.081;RU;AS101-AS1-20180127160448
2018-01-27 16:07:19.635;SS;AS101-AS1-20180127160551
2018-01-27 16:07:21.209;VU;AS101-AS1-20180127160448
2018-01-27 16:07:47.526;RO;AS101-AS1-20180127160649
2018-01-27 16:07:49.368;SP;AS101-AS1-20180127160649
2018-01-27 16:07:51.049;SQ;AS101-AS1-20180127160751
2018-01-27 16:08:18.905;RU;AS101-AS1-20180127160551
2018-01-27 16:08:20.734;VU;AS101-AS1-20180127160551
2018-01-27 16:08:45.365;RC;AS101-AS1-20180127160649
2018-01-27 16:08:46.183;SS;AS101-AS1-20180127160649
2018-01-27 16:08:58.140;RO;AS101-AS1-20180127160751
2018-01-27 16:08:59.471;SP;AS101-AS1-20180127160751
2018-01-27 16:09:01.114;SQ;AS101-AS1-20180127160901
2018-01-27 16:09:30.524;RC;AS101-AS1-20180127160751
2018-01-27 16:09:31.374;SS;AS101-AS1-20180127160751
2018-01-27 16:09:46.063;RU;AS101-AS1-20180127160649
2018-01-27 16:09:47.886;VU;AS101-AS1-20180127160649
2018-01-27 16:10:05.293;RO;AS101-AS1-20180127160901
2018-01-27 16:10:07.122;SP;AS101-AS1-20180127160901
2018-01-27 16:10:08.831;SQ;AS101-AS1-20180127161008
2018-01-27 16:10:28.465;RC;AS101-AS1-20180127160901
2018-01-27 16:10:29.320;SS;AS101-AS1-20180127160901
2018-01-27 16:10:32.259;RU;AS101-AS1-20180127160751
2018-01-27 16:10:34.120;VU;AS101-AS1-20180127160751
2018-01-27 16:11:08.013;RO;AS101-AS1-20180127161008
2018-01-27 16:11:09.243;SP;AS101-AS1-20180127161008
2018-01-27 16:11:10.905;SQ;AS101-AS1-20180127161110
2018-01-27 16:11:27.657;RU;AS101-AS1-20180127160901
2018-01-27 16:11:29.484;VU;AS101-AS1-20180127160901
2018-01-27 16:11:33.520;RC;AS101-AS1-20180127161008
2018-01-27 16:11:34.338;SS;AS101-AS1-20180127161008
2018-01-27 16:12:06.590;RO;AS101-AS1-20180127161110
2018-01-27 16:12:08.714;SP;AS101-AS1-20180127161110
2018-01-27 16:12:10.974;SQ;AS101-AS1-20180127161210
2018-01-27 16:12:35.394;RC;AS101-AS1-20180127161110
2018-01-27 16:12:36.226;SS;AS101-AS1-20180127161110
2018-01-27 16:12:38.321;RU;AS101-AS1-20180127161008
2018-01-27 16:12:41.041;VU;AS101-AS1-20180127161008
2018-01-27 16:13:06.282;RO;AS101-AS1-20180127161210
2018-01-27 16:13:07.397;SP;AS101-AS1-20180127161210
2018-01-27 16:13:09.926;SQ;AS101-AS1-20180127161309
2018-01-27 16:13:36.938;RU;AS101-AS1-20180127161110
2018-01-27 16:13:38.758;VU;AS101-AS1-20180127161110
2018-01-27 16:13:41.070;RC;AS101-AS1-20180127161210
2018-01-27 16:13:41.938;SS;AS101-AS1-20180127161210
2018-01-27 16:14:07.387;RO;AS101-AS1-20180127161309
2018-01-27 16:14:08.345;SP;AS101-AS1-20180127161309
2018-01-27 16:14:10.071;SQ;AS101-AS1-20180127161410
2018-01-27 16:14:38.142;RC;AS101-AS1-20180127161309
2018-01-27 16:14:38.969;SS;AS101-AS1-20180127161309
2018-01-27 16:14:42.240;RU;AS101-AS1-20180127161210
2018-01-27 16:14:44.076;VU;AS101-AS1-20180127161210
2018-01-27 16:15:14.967;RO;AS101-AS1-20180127161410
2018-01-27 16:15:15.966;SP;AS101-AS1-20180127161410
2018-01-27 16:15:17.667;SQ;AS101-AS1-20180127161517
2018-01-27 16:15:40.145;RU;AS101-AS1-20180127161309
2018-01-27 16:15:41.979;VU;AS101-AS1-20180127161309
2018-01-27 16:15:49.804;RC;AS101-AS1-20180127161410
2018-01-27 16:15:50.653;SS;AS101-AS1-20180127161410
2018-01-27 16:16:12.737;RO;AS101-AS1-20180127161517
2018-01-27 16:16:14.974;SP;AS101-AS1-20180127161517
2018-01-27 16:16:17.137;SQ;AS101-AS1-20180127161617
2018-01-27 16:16:45.176;RC;AS101-AS1-20180127161517
2018-01-27 16:16:46.596;SS;AS101-AS1-20180127161517
2018-01-27 16:16:53.080;RU;AS101-AS1-20180127161410
2018-01-27 16:16:54.927;VU;AS101-AS1-20180127161410
2018-01-27 16:17:08.171;RO;AS101-AS1-20180127161617
2018-01-27 16:17:09.020;SP;AS101-AS1-20180127161617
2018-01-27 16:17:10.676;SQ;AS101-AS1-20180127161710
2018-01-27 16:17:31.375;RC;AS101-AS1-20180127161617
2018-01-27 16:17:32.196;SS;AS101-AS1-20180127161617
2018-01-27 16:17:45.033;RU;AS101-AS1-20180127161517
2018-01-27 16:17:46.862;VU;AS101-AS1-20180127161517
2018-01-27 16:18:15.794;RO;AS101-AS1-20180127161710
2018-01-27 16:18:17.078;SP;AS101-AS1-20180127161710
2018-01-27 16:18:18.747;SQ;AS101-AS1-20180127161818
2018-01-27 16:18:34.983;RU;AS101-AS1-20180127161617
2018-01-27 16:18:36.807;VU;AS101-AS1-20180127161617
2018-01-27 16:18:44.027;RC;AS101-AS1-20180127161710
2018-01-27 16:18:44.866;SS;AS101-AS1-20180127161710
2018-01-27 16:19:17.087;RO;AS101-AS1-20180127161818
2018-01-27 16:19:18.173;SP;AS101-AS1-20180127161818
2018-01-27 16:19:19.853;SQ;AS101-AS1-20180127161919
2018-01-27 16:19:42.726;RC;AS101-AS1-20180127161818
2018-01-27 16:19:43.577;SS;AS101-AS1-20180127161818
2018-01-27 16:19:47.835;RU;AS101-AS1-20180127161710
2018-01-27 16:19:49.684;VU;AS101-AS1-20180127161710
2018-01-27 16:20:17.536;RO;AS101-AS1-20180127161919
2018-01-27 16:20:18.767;SP;AS101-AS1-20180127161919
2018-01-27 16:20:20.462;SQ;AS101-AS1-20180127162020
2018-01-27 16:20:37.554;RU;AS101-AS1-20180127161818
2018-01-27 16:20:39.403;VU;AS101-AS1-20180127161818
2018-01-27 16:20:51.639;RC;AS101-AS1-20180127161919
2018-01-27 16:20:52.486;SS;AS101-AS1-20180127161919
2018-01-27 16:21:16.748;RO;AS101-AS1-20180127162020
2018-01-27 16:21:17.840;SP;AS101-AS1-20180127162020
2018-01-27 16:21:19.495;SQ;AS101-AS1-20180127162119
2018-01-27 16:21:41.781;RC;AS101-AS1-20180127162020
2018-01-27 16:21:42.620;SS;AS101-AS1-20180127162020
2018-01-27 16:21:55.571;RU;AS101-AS1-20180127161919
2018-01-27 16:21:57.422;VU;AS101-AS1-20180127161919
2018-01-27 16:22:39.578;RO;AS101-AS1-20180127162119
2018-01-27 16:22:40.442;SP;AS101-AS1-20180127162119
2018-01-27 16:22:42.101;SQ;AS101-AS1-20180127162242
2018-01-27 16:22:42.856;RU;AS101-AS1-20180127162020
2018-01-27 16:23:10.737;RC;AS101-AS1-20180127162119
2018-01-27 16:23:11.608;SS;AS101-AS1-20180127162119
2018-01-27 16:24:03.948;RU;AS101-AS1-20180127162119
2018-01-27 16:24:14.782;RO;AS101-AS1-20180127162242
2018-01-27 16:24:17.603;SP;AS101-AS1-20180127162242
2018-01-27 16:24:21.526;SQ;AS101-AS1-20180127162421
2018-01-27 16:24:53.082;RC;AS101-AS1-20180127162242
2018-01-27 16:24:56.269;SS;AS101-AS1-20180127162242
2018-01-27 16:25:16.631;RO;AS101-AS1-20180127162421
2018-01-27 16:25:18.393;SP;AS101-AS1-20180127162421
2018-01-27 16:25:22.585;SQ;AS101-AS1-20180127162522
2018-01-27 16:25:47.869;RC;AS101-AS1-20180127162421
2018-01-27 16:25:49.797;SS;AS101-AS1-20180127162421
2018-01-27 16:25:54.420;RU;AS101-AS1-20180127162242
2018-01-27 16:25:58.981;VU;AS101-AS1-20180127162242
2018-01-27 16:26:20.632;RO;AS101-AS1-20180127162522
2018-01-27 16:26:22.911;SP;AS101-AS1-20180127162522
2018-01-27 16:26:49.088;RU;AS101-AS1-20180127162421
2018-01-27 16:26:51.917;RC;AS101-AS1-20180127162522
2018-01-27 16:26:52.109;VU;AS101-AS1-20180127162421
2018-01-27 16:26:53.798;SS;AS101-AS1-20180127162522
2018-01-27 16:27:32.842;RU;AS101-AS1-20180127162522
2018-01-27 16:27:35.575;VU;AS101-AS1-20180127162522
