2018-01-27 15:56:02.453;SQ;AS10-AS1-20180127155602
2018-01-27 15:56:29.405;RO;AS10-AS1-20180127155602
2018-01-27 15:56:30.335;SP;AS10-AS1-20180127155602
2018-01-27 15:56:32.075;SQ;AS10-AS1-20180127155632
2018-01-27 15:56:52.325;RC;AS10-AS1-20180127155602
2018-01-27 15:56:53.218;SS;AS10-AS1-20180127155602
2018-01-27 15:57:23.074;RO;AS10-AS1-20180127155632
2018-01-27 15:57:24.019;SP;AS10-AS1-20180127155632
2018-01-27 15:57:25.730;SQ;AS10-AS1-20180127155725
2018-01-27 15:57:50.830;RC;AS10-AS1-20180127155632
2018-01-27 15:57:51.707;SS;AS10-AS1-20180127155632
2018-01-27 15:57:54.700;RU;AS10-AS1-20180127155602
2018-01-27 15:57:56.577;VU;AS10-AS1-20180127155602
2018-01-27 15:58:24.661;RO;AS10-AS1-20180127155725
2018-01-27 15:58:25.661;SP;AS10-AS1-20180127155725
2018-01-27 15:58:27.400;SQ;AS10-AS1-20180127155827
2018-01-27 15:58:55.325;RU;AS10-AS1-20180127155632
2018-01-27 15:58:56.014;RC;AS10-AS1-20180127155725
2018-01-27 15:58:57.046;SS;AS10-AS1-20180127155725
2018-01-27 15:58:57.333;VU;AS10-AS1-20180127155632
2018-01-27 15:59:57.228;RU;AS10-AS1-20180127155725
2018-01-27 15:59:57.281;RO;AS10-AS1-20180127155827
2018-01-27 15:59:58.974;SP;AS10-AS1-20180127155827
2018-01-27 15:59:59.625;VU;AS10-AS1-20180127155725
2018-01-27 16:00:00.714;SQ;AS10-AS1-20180127160000
2018-01-27 16:00:28.525;RC;AS10-AS1-20180127155827
2018-01-27 16:00:29.379;SS;AS10-AS1-20180127155827
2018-01-27 16:01:00.275;RO;AS10-AS1-20180127160000
2018-01-27 16:01:01.133;SP;AS10-AS1-20180127160000
2018-01-27 16:01:02.839;SQ;AS10-AS1-20180127160102
2018-01-27 16:01:29.296;RU;AS10-AS1-20180127155827
2018-01-27 16:01:30.908;RC;AS10-AS1-20180127160000
2018-01-27 16:01:31.137;VU;AS10-AS1-20180127155827
2018-01-27 16:01:31.787;SS;AS10-AS1-20180127160000
2018-01-27 16:02:08.655;RO;AS10-AS1-20180127160102
2018-01-27 16:02:10.522;SP;AS10-AS1-20180127160102
2018-01-27 16:02:12.257;SQ;AS10-AS1-20180127160212
2018-01-27 16:02:35.933;RU;AS10-AS1-20180127160000
2018-01-27 16:02:37.805;VU;AS10-AS1-20180127160000
2018-01-27 16:02:44.964;RC;AS10-AS1-20180127160102
2018-01-27 16:02:45.821;SS;AS10-AS1-20180127160102
2018-01-27 16:03:12.343;RO;AS10-AS1-20180127160212
2018-01-27 16:03:13.705;SP;AS10-AS1-20180127160212
2018-01-27 16:03:15.442;SQ;AS10-AS1-20180127160315
2018-01-27 16:03:48.988;RC;AS10-AS1-20180127160212
2018-01-27 16:03:49.886;SS;AS10-AS1-20180127160212
2018-01-27 16:03:56.339;RU;AS10-AS1-20180127160102
2018-01-27 16:03:59.163;VU;AS10-AS1-20180127160102
2018-01-27 16:04:14.105;RO;AS10-AS1-20180127160315
2018-01-27 16:04:15.359;SP;AS10-AS1-20180127160315
2018-01-27 16:04:17.079;SQ;AS10-AS1-20180127160417
2018-01-27 16:04:44.232;RC;AS10-AS1-20180127160315
2018-01-27 16:04:45.122;SS;AS10-AS1-20180127160315
2018-01-27 16:04:52.164;RU;AS10-AS1-20180127160212
2018-01-27 16:04:54.026;VU;AS10-AS1-20180127160212
2018-01-27 16:05:15.205;RO;AS10-AS1-20180127160417
2018-01-27 16:05:16.517;SP;AS10-AS1-20180127160417
2018-01-27 16:05:18.197;SQ;AS10-AS1-20180127160518
2018-01-27 16:05:44.776;RC;AS10-AS1-20180127160417
2018-01-27 16:05:45.993;RU;AS10-AS1-20180127160315
2018-01-27 16:05:47.020;SS;AS10-AS1-20180127160417
2018-01-27 16:05:48.836;VU;AS10-AS1-20180127160315
2018-01-27 16:06:19.961;RO;AS10-AS1-20180127160518
2018-01-27 16:06:21.145;SP;AS10-AS1-20180127160518
2018-01-27 16:06:22.924;SQ;AS10-AS1-20180127160622
2018-01-27 16:06:45.961;RU;AS10-AS1-20180127160417
2018-01-27 16:06:48.841;VU;AS10-AS1-20180127160417
2018-01-27 16:06:54.753;RC;AS10-AS1-20180127160518
2018-01-27 16:06:55.615;SS;AS10-AS1-20180127160518
2018-01-27 16:07:26.183;RO;AS10-AS1-20180127160622
2018-01-27 16:07:27.369;SP;AS10-AS1-20180127160622
2018-01-27 16:07:29.129;SQ;AS10-AS1-20180127160729
2018-01-27 16:07:49.457;RU;AS10-AS1-20180127160518
2018-01-27 16:07:51.337;VU;AS10-AS1-20180127160518
2018-01-27 16:07:56.244;RC;AS10-AS1-20180127160622
2018-01-27 16:07:57.140;SS;AS10-AS1-20180127160622
2018-01-27 16:08:19.976;RO;AS10-AS1-20180127160729
2018-01-27 16:08:21.045;SP;AS10-AS1-20180127160729
2018-01-27 16:08:22.763;SQ;AS10-AS1-20180127160822
2018-01-27 16:08:48.978;RC;AS10-AS1-20180127160729
2018-01-27 16:08:50.882;SS;AS10-AS1-20180127160729
2018-01-27 16:09:00.546;RU;AS10-AS1-20180127160622
2018-01-27 16:09:02.414;VU;AS10-AS1-20180127160622
2018-01-27 16:09:30.456;RO;AS10-AS1-20180127160822
2018-01-27 16:09:31.695;SP;AS10-AS1-20180127160822
2018-01-27 16:09:33.428;SQ;AS10-AS1-20180127160933
2018-01-27 16:09:51.838;RU;AS10-AS1-20180127160729
2018-01-27 16:09:53.721;VU;AS10-AS1-20180127160729
2018-01-27 16:10:01.338;RC;AS10-AS1-20180127160822
2018-01-27 16:10:02.226;SS;AS10-AS1-20180127160822
2018-01-27 16:10:34.815;RO;AS10-AS1-20180127160933
2018-01-27 16:10:36.803;SP;AS10-AS1-20180127160933
2018-01-27 16:10:39.102;SQ;AS10-AS1-20180127161039
2018-01-27 16:11:04.259;RU;AS10-AS1-20180127160822
2018-01-27 16:11:06.129;VU;AS10-AS1-20180127160822
2018-01-27 16:11:07.058;RC;AS10-AS1-20180127160933
2018-01-27 16:11:07.932;SS;AS10-AS1-20180127160933
2018-01-27 16:11:31.712;RO;AS10-AS1-20180127161039
2018-01-27 16:11:33.023;SP;AS10-AS1-20180127161039
2018-01-27 16:11:34.755;SQ;AS10-AS1-20180127161134
2018-01-27 16:11:57.921;RC;AS10-AS1-20180127161039
2018-01-27 16:11:58.776;SS;AS10-AS1-20180127161039
2018-01-27 16:12:03.643;RU;AS10-AS1-20180127160933
2018-01-27 16:12:05.535;VU;AS10-AS1-20180127160933
2018-01-27 16:12:30.219;RO;AS10-AS1-20180127161134
2018-01-27 16:12:31.208;SP;AS10-AS1-20180127161134
2018-01-27 16:12:32.930;SQ;AS10-AS1-20180127161232
2018-01-27 16:13:02.572;RC;AS10-AS1-20180127161134
2018-01-27 16:13:03.417;SS;AS10-AS1-20180127161134
2018-01-27 16:13:08.917;RU;AS10-AS1-20180127161039
2018-01-27 16:13:11.676;VU;AS10-AS1-20180127161039
2018-01-27 16:13:26.788;RO;AS10-AS1-20180127161232
2018-01-27 16:13:27.852;SP;AS10-AS1-20180127161232
2018-01-27 16:13:29.588;SQ;AS10-AS1-20180127161329
2018-01-27 16:13:54.415;RC;AS10-AS1-20180127161232
2018-01-27 16:13:55.281;SS;AS10-AS1-20180127161232
2018-01-27 16:13:55.834;RU;AS10-AS1-20180127161134
2018-01-27 16:13:58.680;VU;AS10-AS1-20180127161134
2018-01-27 16:14:21.418;RO;AS10-AS1-20180127161329
2018-01-27 16:14:22.526;SP;AS10-AS1-20180127161329
2018-01-27 16:14:24.224;SQ;AS10-AS1-20180127161424
2018-01-27 16:14:52.597;RC;AS10-AS1-20180127161329
2018-01-27 16:14:53.486;SS;AS10-AS1-20180127161329
2018-01-27 16:14:55.452;RU;AS10-AS1-20180127161232
2018-01-27 16:14:57.936;VU;AS10-AS1-20180127161232
2018-01-27 16:15:22.019;RO;AS10-AS1-20180127161424
2018-01-27 16:15:23.143;SP;AS10-AS1-20180127161424
2018-01-27 16:15:24.863;SQ;AS10-AS1-20180127161524
2018-01-27 16:15:52.881;RC;AS10-AS1-20180127161424
2018-01-27 16:15:53.738;SS;AS10-AS1-20180127161424
2018-01-27 16:15:55.223;RU;AS10-AS1-20180127161329
2018-01-27 16:15:57.087;VU;AS10-AS1-20180127161329
2018-01-27 16:16:38.686;RO;AS10-AS1-20180127161524
2018-01-27 16:16:39.810;SP;AS10-AS1-20180127161524
2018-01-27 16:16:41.562;SQ;AS10-AS1-20180127161641
2018-01-27 16:16:46.954;RU;AS10-AS1-20180127161424
2018-01-27 16:16:48.810;VU;AS10-AS1-20180127161424
2018-01-27 16:17:11.304;RC;AS10-AS1-20180127161524
2018-01-27 16:17:12.155;SS;AS10-AS1-20180127161524
2018-01-27 16:17:46.751;RO;AS10-AS1-20180127161641
2018-01-27 16:17:48.007;SP;AS10-AS1-20180127161641
2018-01-27 16:17:49.725;SQ;AS10-AS1-20180127161749
2018-01-27 16:18:14.274;RU;AS10-AS1-20180127161524
2018-01-27 16:18:16.130;VU;AS10-AS1-20180127161524
2018-01-27 16:18:17.277;RC;AS10-AS1-20180127161641
2018-01-27 16:18:18.158;SS;AS10-AS1-20180127161641
2018-01-27 16:18:52.503;RO;AS10-AS1-20180127161749
2018-01-27 16:18:54.555;SP;AS10-AS1-20180127161749
2018-01-27 16:18:57.256;SQ;AS10-AS1-20180127161857
2018-01-27 16:19:15.748;RU;AS10-AS1-20180127161641
2018-01-27 16:19:22.635;RC;AS10-AS1-20180127161749
2018-01-27 16:19:23.823;SS;AS10-AS1-20180127161749
2018-01-27 16:19:53.123;RO;AS10-AS1-20180127161857
2018-01-27 16:19:55.132;SP;AS10-AS1-20180127161857
2018-01-27 16:19:59.172;SQ;AS10-AS1-20180127161959
2018-01-27 16:20:20.689;RU;AS10-AS1-20180127161749
2018-01-27 16:20:23.043;VU;AS10-AS1-20180127161749
2018-01-27 16:20:23.957;RC;AS10-AS1-20180127161857
2018-01-27 16:20:25.145;SS;AS10-AS1-20180127161857
2018-01-27 16:21:09.273;RO;AS10-AS1-20180127161959
2018-01-27 16:21:10.668;SP;AS10-AS1-20180127161959
2018-01-27 16:21:13.715;SQ;AS10-AS1-20180127162113
2018-01-27 16:21:22.754;RU;AS10-AS1-20180127161857
2018-01-27 16:21:24.627;VU;AS10-AS1-20180127161857
2018-01-27 16:21:41.936;RC;AS10-AS1-20180127161959
2018-01-27 16:21:42.993;SS;AS10-AS1-20180127161959
2018-01-27 16:22:17.714;RO;AS10-AS1-20180127162113
2018-01-27 16:22:19.367;SP;AS10-AS1-20180127162113
2018-01-27 16:22:21.980;SQ;AS10-AS1-20180127162221
2018-01-27 16:22:49.959;RC;AS10-AS1-20180127162113
2018-01-27 16:22:51.268;SS;AS10-AS1-20180127162113
2018-01-27 16:22:52.489;RU;AS10-AS1-20180127161959
2018-01-27 16:22:54.927;VU;AS10-AS1-20180127161959
2018-01-27 16:23:27.162;RO;AS10-AS1-20180127162221
2018-01-27 16:23:28.727;SP;AS10-AS1-20180127162221
2018-01-27 16:23:31.348;SQ;AS10-AS1-20180127162331
2018-01-27 16:23:59.757;RU;AS10-AS1-20180127162113
2018-01-27 16:24:02.266;VU;AS10-AS1-20180127162113
2018-01-27 16:24:28.219;RC;AS10-AS1-20180127162221
2018-01-27 16:24:29.116;RO;AS10-AS1-20180127162331
2018-01-27 16:24:29.865;SS;AS10-AS1-20180127162221
2018-01-27 16:24:30.910;SP;AS10-AS1-20180127162331
2018-01-27 16:24:33.556;SQ;AS10-AS1-20180127162433
2018-01-27 16:25:03.864;RC;AS10-AS1-20180127162331
2018-01-27 16:25:05.458;SS;AS10-AS1-20180127162331
2018-01-27 16:25:32.320;RU;AS10-AS1-20180127162221
2018-01-27 16:25:34.799;VU;AS10-AS1-20180127162221
2018-01-27 16:25:36.002;RO;AS10-AS1-20180127162433
2018-01-27 16:25:37.080;SP;AS10-AS1-20180127162433
2018-01-27 16:25:41.499;SQ;AS10-AS1-20180127162541
2018-01-27 16:26:02.311;RC;AS10-AS1-20180127162433
2018-01-27 16:26:03.365;SS;AS10-AS1-20180127162433
2018-01-27 16:26:03.754;RU;AS10-AS1-20180127162331
2018-01-27 16:26:05.872;VU;AS10-AS1-20180127162331
2018-01-27 16:26:34.371;RO;AS10-AS1-20180127162541
2018-01-27 16:26:35.650;SP;AS10-AS1-20180127162541
2018-01-27 16:26:38.184;SQ;AS10-AS1-20180127162638
2018-01-27 16:27:06.740;RU;AS10-AS1-20180127162433
2018-01-27 16:27:08.955;VU;AS10-AS1-20180127162433
2018-01-27 16:27:24.119;RC;AS10-AS1-20180127162541
2018-01-27 16:27:25.562;SS;AS10-AS1-20180127162541
2018-01-27 16:27:41.700;RO;AS10-AS1-20180127162638
2018-01-27 16:27:42.836;SP;AS10-AS1-20180127162638
2018-01-27 16:27:57.962;RC;AS10-AS1-20180127162638
2018-01-27 16:27:58.035;RU;AS10-AS1-20180127162541
2018-01-27 16:28:02.701;SS;AS10-AS1-20180127162638
2018-01-27 16:28:03.700;VU;AS10-AS1-20180127162541
2018-01-27 16:28:12.086;RU;AS10-AS1-20180127162638
2018-01-27 16:28:15.014;VU;AS10-AS1-20180127162638
