2018-01-27 15:55:59.042;SQ;AS100-AS1-20180127155559
2018-01-27 15:56:16.009;RO;AS100-AS1-20180127155559
2018-01-27 15:56:16.931;SP;AS100-AS1-20180127155559
2018-01-27 15:56:18.677;SQ;AS100-AS1-20180127155618
2018-01-27 15:56:35.009;RC;AS100-AS1-20180127155559
2018-01-27 15:56:35.853;SS;AS100-AS1-20180127155559
2018-01-27 15:57:01.687;RO;AS100-AS1-20180127155618
2018-01-27 15:57:02.579;SP;AS100-AS1-20180127155618
2018-01-27 15:57:04.295;SQ;AS100-AS1-20180127155704
2018-01-27 15:57:27.914;RC;AS100-AS1-20180127155618
2018-01-27 15:57:28.764;SS;AS100-AS1-20180127155618
2018-01-27 15:57:36.690;RU;AS100-AS1-20180127155559
2018-01-27 15:57:38.561;VU;AS100-AS1-20180127155559
2018-01-27 15:58:08.283;RO;AS100-AS1-20180127155704
2018-01-27 15:58:09.224;SP;AS100-AS1-20180127155704
2018-01-27 15:58:10.916;SQ;AS100-AS1-20180127155810
2018-01-27 15:58:39.396;RU;AS100-AS1-20180127155618
2018-01-27 15:58:39.426;RC;AS100-AS1-20180127155704
2018-01-27 15:58:41.116;SS;AS100-AS1-20180127155704
2018-01-27 15:58:42.115;VU;AS100-AS1-20180127155618
2018-01-27 15:59:01.311;RO;AS100-AS1-20180127155810
2018-01-27 15:59:02.350;SP;AS100-AS1-20180127155810
2018-01-27 15:59:04.886;SQ;AS100-AS1-20180127155904
2018-01-27 15:59:36.643;RC;AS100-AS1-20180127155810
2018-01-27 15:59:37.497;SS;AS100-AS1-20180127155810
2018-01-27 15:59:45.676;RU;AS100-AS1-20180127155704
2018-01-27 15:59:47.538;VU;AS100-AS1-20180127155704
2018-01-27 16:00:05.049;RO;AS100-AS1-20180127155904
2018-01-27 16:00:07.302;SP;AS100-AS1-20180127155904
2018-01-27 16:00:09.289;SQ;AS100-AS1-20180127160009
2018-01-27 16:00:33.390;RU;AS100-AS1-20180127155810
2018-01-27 16:00:35.246;VU;AS100-AS1-20180127155810
2018-01-27 16:00:38.183;RC;AS100-AS1-20180127155904
2018-01-27 16:00:39.050;SS;AS100-AS1-20180127155904
2018-01-27 16:01:03.863;RO;AS100-AS1-20180127160009
2018-01-27 16:01:05.201;SP;AS100-AS1-20180127160009
2018-01-27 16:01:07.445;SQ;AS100-AS1-20180127160107
2018-01-27 16:01:33.859;RU;AS100-AS1-20180127155904
2018-01-27 16:01:34.797;RC;AS100-AS1-20180127160009
2018-01-27 16:01:35.654;SS;AS100-AS1-20180127160009
2018-01-27 16:01:35.695;VU;AS100-AS1-20180127155904
2018-01-27 16:02:15.535;RO;AS100-AS1-20180127160107
2018-01-27 16:02:16.883;SP;AS100-AS1-20180127160107
2018-01-27 16:02:18.604;SQ;AS100-AS1-20180127160218
2018-01-27 16:02:39.475;RU;AS100-AS1-20180127160009
2018-01-27 16:02:41.855;VU;AS100-AS1-20180127160009
2018-01-27 16:03:10.921;RC;AS100-AS1-20180127160107
2018-01-27 16:03:12.312;SS;AS100-AS1-20180127160107
2018-01-27 16:03:23.293;RO;AS100-AS1-20180127160218
2018-01-27 16:03:24.561;SP;AS100-AS1-20180127160218
2018-01-27 16:03:26.910;SQ;AS100-AS1-20180127160326
2018-01-27 16:03:58.122;RC;AS100-AS1-20180127160218
2018-01-27 16:03:58.961;SS;AS100-AS1-20180127160218
2018-01-27 16:04:16.757;RU;AS100-AS1-20180127160107
2018-01-27 16:04:18.606;VU;AS100-AS1-20180127160107
2018-01-27 16:04:26.960;RO;AS100-AS1-20180127160326
2018-01-27 16:04:28.083;SP;AS100-AS1-20180127160326
2018-01-27 16:04:31.469;SQ;AS100-AS1-20180127160431
2018-01-27 16:04:53.343;RU;AS100-AS1-20180127160218
2018-01-27 16:04:55.011;RC;AS100-AS1-20180127160326
2018-01-27 16:04:55.209;VU;AS100-AS1-20180127160218
2018-01-27 16:04:55.883;SS;AS100-AS1-20180127160326
2018-01-27 16:05:33.042;RO;AS100-AS1-20180127160431
2018-01-27 16:05:34.396;SP;AS100-AS1-20180127160431
2018-01-27 16:05:36.098;SQ;AS100-AS1-20180127160536
2018-01-27 16:05:57.729;RU;AS100-AS1-20180127160326
2018-01-27 16:05:59.588;VU;AS100-AS1-20180127160326
2018-01-27 16:06:04.533;RC;AS100-AS1-20180127160431
2018-01-27 16:06:05.414;SS;AS100-AS1-20180127160431
2018-01-27 16:06:41.547;RO;AS100-AS1-20180127160536
2018-01-27 16:06:42.507;SP;AS100-AS1-20180127160536
2018-01-27 16:06:44.216;SQ;AS100-AS1-20180127160644
2018-01-27 16:07:11.216;RU;AS100-AS1-20180127160431
2018-01-27 16:07:13.074;VU;AS100-AS1-20180127160431
2018-01-27 16:07:15.707;RC;AS100-AS1-20180127160536
2018-01-27 16:07:16.951;SS;AS100-AS1-20180127160536
2018-01-27 16:07:45.254;RO;AS100-AS1-20180127160644
2018-01-27 16:07:46.114;SP;AS100-AS1-20180127160644
2018-01-27 16:07:48.762;SQ;AS100-AS1-20180127160748
2018-01-27 16:08:09.914;RU;AS100-AS1-20180127160536
2018-01-27 16:08:11.775;VU;AS100-AS1-20180127160536
2018-01-27 16:08:40.395;RC;AS100-AS1-20180127160644
2018-01-27 16:08:41.245;SS;AS100-AS1-20180127160644
2018-01-27 16:08:45.615;RO;AS100-AS1-20180127160748
2018-01-27 16:08:46.677;SP;AS100-AS1-20180127160748
2018-01-27 16:08:48.380;SQ;AS100-AS1-20180127160848
2018-01-27 16:09:15.074;RC;AS100-AS1-20180127160748
2018-01-27 16:09:15.913;SS;AS100-AS1-20180127160748
2018-01-27 16:09:42.755;RO;AS100-AS1-20180127160848
2018-01-27 16:09:43.798;SP;AS100-AS1-20180127160848
2018-01-27 16:09:45.489;SQ;AS100-AS1-20180127160945
2018-01-27 16:09:48.890;RU;AS100-AS1-20180127160644
2018-01-27 16:09:51.205;VU;AS100-AS1-20180127160644
2018-01-27 16:10:13.439;RC;AS100-AS1-20180127160848
2018-01-27 16:10:14.280;SS;AS100-AS1-20180127160848
2018-01-27 16:10:21.362;RU;AS100-AS1-20180127160748
2018-01-27 16:10:23.537;VU;AS100-AS1-20180127160748
2018-01-27 16:10:49.525;RO;AS100-AS1-20180127160945
2018-01-27 16:10:50.841;SP;AS100-AS1-20180127160945
2018-01-27 16:10:53.433;SQ;AS100-AS1-20180127161053
2018-01-27 16:11:17.841;RC;AS100-AS1-20180127160945
2018-01-27 16:11:18.672;SS;AS100-AS1-20180127160945
2018-01-27 16:11:19.519;RU;AS100-AS1-20180127160848
2018-01-27 16:11:21.356;VU;AS100-AS1-20180127160848
2018-01-27 16:11:50.869;RO;AS100-AS1-20180127161053
2018-01-27 16:11:52.302;SP;AS100-AS1-20180127161053
2018-01-27 16:11:54.823;SQ;AS100-AS1-20180127161154
2018-01-27 16:12:20.278;RC;AS100-AS1-20180127161053
2018-01-27 16:12:20.392;RU;AS100-AS1-20180127160945
2018-01-27 16:12:21.815;SS;AS100-AS1-20180127161053
2018-01-27 16:12:22.958;VU;AS100-AS1-20180127160945
2018-01-27 16:12:53.439;RO;AS100-AS1-20180127161154
2018-01-27 16:12:55.571;SP;AS100-AS1-20180127161154
2018-01-27 16:12:57.297;SQ;AS100-AS1-20180127161257
2018-01-27 16:13:16.890;RU;AS100-AS1-20180127161053
2018-01-27 16:13:27.643;RC;AS100-AS1-20180127161154
2018-01-27 16:13:28.875;SS;AS100-AS1-20180127161154
2018-01-27 16:14:19.737;RO;AS100-AS1-20180127161257
2018-01-27 16:14:21.206;SP;AS100-AS1-20180127161257
2018-01-27 16:14:23.775;SQ;AS100-AS1-20180127161423
2018-01-27 16:14:38.306;RU;AS100-AS1-20180127161154
2018-01-27 16:14:40.918;VU;AS100-AS1-20180127161154
2018-01-27 16:14:54.027;RC;AS100-AS1-20180127161257
2018-01-27 16:14:55.096;SS;AS100-AS1-20180127161257
2018-01-27 16:15:22.169;RO;AS100-AS1-20180127161423
2018-01-27 16:15:24.019;SP;AS100-AS1-20180127161423
2018-01-27 16:15:26.478;SQ;AS100-AS1-20180127161526
2018-01-27 16:15:49.769;RC;AS100-AS1-20180127161423
2018-01-27 16:15:51.412;SS;AS100-AS1-20180127161423
2018-01-27 16:15:56.676;RU;AS100-AS1-20180127161257
2018-01-27 16:15:58.882;VU;AS100-AS1-20180127161257
2018-01-27 16:16:30.633;RO;AS100-AS1-20180127161526
2018-01-27 16:16:32.398;SP;AS100-AS1-20180127161526
2018-01-27 16:16:34.888;SQ;AS100-AS1-20180127161634
2018-01-27 16:16:55.538;RU;AS100-AS1-20180127161423
2018-01-27 16:16:57.944;VU;AS100-AS1-20180127161423
2018-01-27 16:17:03.154;RC;AS100-AS1-20180127161526
2018-01-27 16:17:05.183;SS;AS100-AS1-20180127161526
2018-01-27 16:17:35.555;RO;AS100-AS1-20180127161634
2018-01-27 16:17:37.923;SP;AS100-AS1-20180127161634
2018-01-27 16:17:40.472;SQ;AS100-AS1-20180127161740
2018-01-27 16:18:03.309;RU;AS100-AS1-20180127161526
2018-01-27 16:18:05.188;VU;AS100-AS1-20180127161526
2018-01-27 16:18:08.745;RC;AS100-AS1-20180127161634
2018-01-27 16:18:10.148;SS;AS100-AS1-20180127161634
2018-01-27 16:18:37.248;RO;AS100-AS1-20180127161740
2018-01-27 16:18:40.473;SP;AS100-AS1-20180127161740
2018-01-27 16:18:43.120;SQ;AS100-AS1-20180127161843
2018-01-27 16:19:02.714;RU;AS100-AS1-20180127161634
2018-01-27 16:19:05.278;RC;AS100-AS1-20180127161740
2018-01-27 16:19:07.147;SS;AS100-AS1-20180127161740
2018-01-27 16:19:48.628;RO;AS100-AS1-20180127161843
2018-01-27 16:19:50.988;SP;AS100-AS1-20180127161843
2018-01-27 16:19:54.818;SQ;AS100-AS1-20180127161954
2018-01-27 16:20:09.266;RU;AS100-AS1-20180127161740
2018-01-27 16:20:12.304;VU;AS100-AS1-20180127161740
2018-01-27 16:20:22.467;RC;AS100-AS1-20180127161843
2018-01-27 16:20:24.769;SS;AS100-AS1-20180127161843
2018-01-27 16:20:51.236;RO;AS100-AS1-20180127161954
2018-01-27 16:20:52.890;SP;AS100-AS1-20180127161954
2018-01-27 16:20:57.214;SQ;AS100-AS1-20180127162057
2018-01-27 16:21:23.706;RC;AS100-AS1-20180127161954
2018-01-27 16:21:25.392;SS;AS100-AS1-20180127161954
2018-01-27 16:21:27.117;RU;AS100-AS1-20180127161843
2018-01-27 16:21:30.957;VU;AS100-AS1-20180127161843
2018-01-27 16:21:53.433;RO;AS100-AS1-20180127162057
2018-01-27 16:21:55.739;SP;AS100-AS1-20180127162057
2018-01-27 16:21:59.689;SQ;AS100-AS1-20180127162159
2018-01-27 16:22:16.671;RU;AS100-AS1-20180127161954
2018-01-27 16:22:21.122;VU;AS100-AS1-20180127161954
2018-01-27 16:22:27.955;RC;AS100-AS1-20180127162057
2018-01-27 16:22:30.226;SS;AS100-AS1-20180127162057
2018-01-27 16:22:49.022;RO;AS100-AS1-20180127162159
2018-01-27 16:22:51.864;SP;AS100-AS1-20180127162159
2018-01-27 16:22:55.731;SQ;AS100-AS1-20180127162255
2018-01-27 16:23:20.461;RC;AS100-AS1-20180127162159
2018-01-27 16:23:23.442;SS;AS100-AS1-20180127162159
2018-01-27 16:23:30.360;RU;AS100-AS1-20180127162057
2018-01-27 16:23:33.528;VU;AS100-AS1-20180127162057
2018-01-27 16:23:53.930;RO;AS100-AS1-20180127162255
2018-01-27 16:23:56.579;SP;AS100-AS1-20180127162255
2018-01-27 16:24:00.430;SQ;AS100-AS1-20180127162400
2018-01-27 16:24:21.490;RU;AS100-AS1-20180127162159
2018-01-27 16:24:26.153;VU;AS100-AS1-20180127162159
2018-01-27 16:24:27.831;RC;AS100-AS1-20180127162255
2018-01-27 16:24:29.027;SS;AS100-AS1-20180127162255
2018-01-27 16:24:47.224;RO;AS100-AS1-20180127162400
2018-01-27 16:24:49.806;SP;AS100-AS1-20180127162400
2018-01-27 16:24:55.931;SQ;AS100-AS1-20180127162455
2018-01-27 16:25:17.473;RC;AS100-AS1-20180127162400
2018-01-27 16:25:19.642;SS;AS100-AS1-20180127162400
2018-01-27 16:25:34.991;RU;AS100-AS1-20180127162255
2018-01-27 16:25:37.614;VU;AS100-AS1-20180127162255
2018-01-27 16:25:53.586;RO;AS100-AS1-20180127162455
2018-01-27 16:25:57.774;SP;AS100-AS1-20180127162455
2018-01-27 16:26:01.968;SQ;AS100-AS1-20180127162601
2018-01-27 16:26:20.568;RU;AS100-AS1-20180127162400
2018-01-27 16:26:23.265;RC;AS100-AS1-20180127162455
2018-01-27 16:26:23.620;VU;AS100-AS1-20180127162400
2018-01-27 16:26:26.115;SS;AS100-AS1-20180127162455
2018-01-27 16:26:50.024;RO;AS100-AS1-20180127162601
2018-01-27 16:26:52.188;SP;AS100-AS1-20180127162601
2018-01-27 16:27:17.450;RU;AS100-AS1-20180127162455
2018-01-27 16:27:18.681;RC;AS100-AS1-20180127162601
2018-01-27 16:27:20.125;VU;AS100-AS1-20180127162455
2018-01-27 16:27:21.125;SS;AS100-AS1-20180127162601
2018-01-27 16:27:58.006;RU;AS100-AS1-20180127162601
2018-01-27 16:28:03.279;VU;AS100-AS1-20180127162601
