2018-01-27 15:56:05.084;SQ;AS103-AS1-20180127155605
2018-01-27 15:56:34.999;RO;AS103-AS1-20180127155605
2018-01-27 15:56:35.897;SP;AS103-AS1-20180127155605
2018-01-27 15:56:37.492;SQ;AS103-AS1-20180127155637
2018-01-27 15:56:58.874;RC;AS103-AS1-20180127155605
2018-01-27 15:56:59.882;SS;AS103-AS1-20180127155605
2018-01-27 15:57:27.915;RO;AS103-AS1-20180127155637
2018-01-27 15:57:28.827;SP;AS103-AS1-20180127155637
2018-01-27 15:57:31.431;SQ;AS103-AS1-20180127155731
2018-01-27 15:57:54.745;RU;AS103-AS1-20180127155605
2018-01-27 15:57:56.561;VU;AS103-AS1-20180127155605
2018-01-27 15:58:30.021;RC;AS103-AS1-20180127155637
2018-01-27 15:58:30.945;SS;AS103-AS1-20180127155637
2018-01-27 15:58:31.821;RO;AS103-AS1-20180127155731
2018-01-27 15:58:33.627;SP;AS103-AS1-20180127155731
2018-01-27 15:58:35.282;SQ;AS103-AS1-20180127155835
2018-01-27 15:59:31.810;RU;AS103-AS1-20180127155637
2018-01-27 15:59:37.249;RC;AS103-AS1-20180127155731
2018-01-27 15:59:38.270;SS;AS103-AS1-20180127155731
2018-01-27 15:59:38.389;RO;AS103-AS1-20180127155835
2018-01-27 15:59:39.661;SP;AS103-AS1-20180127155835
2018-01-27 15:59:42.099;SQ;AS103-AS1-20180127155942
2018-01-27 16:00:11.796;RC;AS103-AS1-20180127155835
2018-01-27 16:00:12.819;SS;AS103-AS1-20180127155835
2018-01-27 16:00:43.759;RU;AS103-AS1-20180127155731
2018-01-27 16:00:45.433;RO;AS103-AS1-20180127155942
2018-01-27 16:00:46.221;VU;AS103-AS1-20180127155731
2018-01-27 16:00:46.971;SP;AS103-AS1-20180127155942
2018-01-27 16:00:49.185;SQ;AS103-AS1-20180127160049
2018-01-27 16:01:18.368;RU;AS103-AS1-20180127155835
2018-01-27 16:01:18.789;RC;AS103-AS1-20180127155942
2018-01-27 16:01:20.626;VU;AS103-AS1-20180127155835
2018-01-27 16:01:20.681;SS;AS103-AS1-20180127155942
2018-01-27 16:01:48.303;RO;AS103-AS1-20180127160049
2018-01-27 16:01:50.066;SP;AS103-AS1-20180127160049
2018-01-27 16:01:52.303;SQ;AS103-AS1-20180127160152
2018-01-27 16:02:15.789;RU;AS103-AS1-20180127155942
2018-01-27 16:02:17.785;VU;AS103-AS1-20180127155942
2018-01-27 16:02:24.416;RC;AS103-AS1-20180127160049
2018-01-27 16:02:27.473;SS;AS103-AS1-20180127160049
2018-01-27 16:02:44.937;RO;AS103-AS1-20180127160152
2018-01-27 16:02:47.020;SP;AS103-AS1-20180127160152
2018-01-27 16:02:49.173;SQ;AS103-AS1-20180127160249
2018-01-27 16:03:22.409;RC;AS103-AS1-20180127160152
2018-01-27 16:03:23.647;SS;AS103-AS1-20180127160152
2018-01-27 16:03:26.603;RU;AS103-AS1-20180127160049
2018-01-27 16:03:30.014;VU;AS103-AS1-20180127160049
2018-01-27 16:03:52.388;RO;AS103-AS1-20180127160249
2018-01-27 16:03:54.353;SP;AS103-AS1-20180127160249
2018-01-27 16:03:57.177;SQ;AS103-AS1-20180127160357
2018-01-27 16:04:24.222;RC;AS103-AS1-20180127160249
2018-01-27 16:04:25.263;SS;AS103-AS1-20180127160249
2018-01-27 16:04:28.350;RU;AS103-AS1-20180127160152
2018-01-27 16:04:32.062;VU;AS103-AS1-20180127160152
2018-01-27 16:04:54.722;RO;AS103-AS1-20180127160357
2018-01-27 16:04:56.285;SP;AS103-AS1-20180127160357
2018-01-27 16:05:00.929;SQ;AS103-AS1-20180127160500
2018-01-27 16:05:24.457;RC;AS103-AS1-20180127160357
2018-01-27 16:05:25.320;SS;AS103-AS1-20180127160357
2018-01-27 16:05:28.906;RU;AS103-AS1-20180127160249
2018-01-27 16:05:32.560;VU;AS103-AS1-20180127160249
2018-01-27 16:05:57.851;RO;AS103-AS1-20180127160500
2018-01-27 16:05:58.886;SP;AS103-AS1-20180127160500
2018-01-27 16:06:03.901;SQ;AS103-AS1-20180127160603
2018-01-27 16:06:21.846;RC;AS103-AS1-20180127160500
2018-01-27 16:06:22.855;SS;AS103-AS1-20180127160500
2018-01-27 16:06:28.669;RU;AS103-AS1-20180127160357
2018-01-27 16:06:30.745;VU;AS103-AS1-20180127160357
2018-01-27 16:06:58.018;RO;AS103-AS1-20180127160603
2018-01-27 16:06:59.432;SP;AS103-AS1-20180127160603
2018-01-27 16:07:03.241;SQ;AS103-AS1-20180127160703
2018-01-27 16:07:23.432;RU;AS103-AS1-20180127160500
2018-01-27 16:07:25.255;VU;AS103-AS1-20180127160500
2018-01-27 16:07:33.995;RC;AS103-AS1-20180127160603
2018-01-27 16:07:35.557;SS;AS103-AS1-20180127160603
2018-01-27 16:07:57.693;RO;AS103-AS1-20180127160703
2018-01-27 16:07:59.011;SP;AS103-AS1-20180127160703
2018-01-27 16:08:01.481;SQ;AS103-AS1-20180127160801
2018-01-27 16:08:28.255;RC;AS103-AS1-20180127160703
2018-01-27 16:08:29.143;SS;AS103-AS1-20180127160703
2018-01-27 16:08:40.750;RU;AS103-AS1-20180127160603
2018-01-27 16:08:42.775;VU;AS103-AS1-20180127160603
2018-01-27 16:09:30.551;RU;AS103-AS1-20180127160703
2018-01-27 16:09:30.738;RO;AS103-AS1-20180127160801
2018-01-27 16:09:32.631;VU;AS103-AS1-20180127160703
2018-01-27 16:09:32.927;SP;AS103-AS1-20180127160801
2018-01-27 16:09:36.337;SQ;AS103-AS1-20180127160936
2018-01-27 16:10:01.345;RC;AS103-AS1-20180127160801
2018-01-27 16:10:02.615;SS;AS103-AS1-20180127160801
2018-01-27 16:10:37.054;RO;AS103-AS1-20180127160936
2018-01-27 16:10:38.531;SP;AS103-AS1-20180127160936
2018-01-27 16:10:41.044;SQ;AS103-AS1-20180127161041
2018-01-27 16:11:02.586;RU;AS103-AS1-20180127160801
2018-01-27 16:11:04.889;VU;AS103-AS1-20180127160801
2018-01-27 16:11:08.258;RC;AS103-AS1-20180127160936
2018-01-27 16:11:09.274;SS;AS103-AS1-20180127160936
2018-01-27 16:11:36.366;RO;AS103-AS1-20180127161041
2018-01-27 16:11:39.041;SP;AS103-AS1-20180127161041
2018-01-27 16:11:41.224;SQ;AS103-AS1-20180127161141
2018-01-27 16:12:10.635;RC;AS103-AS1-20180127161041
2018-01-27 16:12:11.571;SS;AS103-AS1-20180127161041
2018-01-27 16:12:16.129;RU;AS103-AS1-20180127160936
2018-01-27 16:12:18.001;VU;AS103-AS1-20180127160936
2018-01-27 16:12:33.375;RO;AS103-AS1-20180127161141
2018-01-27 16:12:34.880;SP;AS103-AS1-20180127161141
2018-01-27 16:12:37.206;SQ;AS103-AS1-20180127161237
2018-01-27 16:13:03.829;RU;AS103-AS1-20180127161041
2018-01-27 16:13:04.948;RC;AS103-AS1-20180127161141
2018-01-27 16:13:06.157;SS;AS103-AS1-20180127161141
2018-01-27 16:13:06.591;VU;AS103-AS1-20180127161041
2018-01-27 16:13:36.639;RO;AS103-AS1-20180127161237
2018-01-27 16:13:38.092;SP;AS103-AS1-20180127161237
2018-01-27 16:13:42.725;SQ;AS103-AS1-20180127161342
2018-01-27 16:14:09.499;RC;AS103-AS1-20180127161237
2018-01-27 16:14:10.204;RU;AS103-AS1-20180127161141
2018-01-27 16:14:12.848;SS;AS103-AS1-20180127161237
2018-01-27 16:14:14.453;VU;AS103-AS1-20180127161141
2018-01-27 16:14:43.301;RO;AS103-AS1-20180127161342
2018-01-27 16:14:44.137;SP;AS103-AS1-20180127161342
2018-01-27 16:14:46.562;SQ;AS103-AS1-20180127161446
2018-01-27 16:15:13.954;RC;AS103-AS1-20180127161342
2018-01-27 16:15:15.860;SS;AS103-AS1-20180127161342
2018-01-27 16:15:21.232;RU;AS103-AS1-20180127161237
2018-01-27 16:15:23.342;VU;AS103-AS1-20180127161237
2018-01-27 16:15:49.682;RO;AS103-AS1-20180127161446
2018-01-27 16:15:51.167;SP;AS103-AS1-20180127161446
2018-01-27 16:15:53.623;SQ;AS103-AS1-20180127161553
2018-01-27 16:16:12.350;RU;AS103-AS1-20180127161342
2018-01-27 16:16:14.393;RC;AS103-AS1-20180127161446
2018-01-27 16:16:17.461;SS;AS103-AS1-20180127161446
2018-01-27 16:16:53.115;RO;AS103-AS1-20180127161553
2018-01-27 16:16:55.221;SP;AS103-AS1-20180127161553
2018-01-27 16:16:59.095;SQ;AS103-AS1-20180127161659
2018-01-27 16:17:17.436;RU;AS103-AS1-20180127161446
2018-01-27 16:17:20.135;VU;AS103-AS1-20180127161446
2018-01-27 16:17:28.042;RC;AS103-AS1-20180127161553
2018-01-27 16:17:29.873;SS;AS103-AS1-20180127161553
2018-01-27 16:18:01.737;RO;AS103-AS1-20180127161659
2018-01-27 16:18:04.037;SP;AS103-AS1-20180127161659
2018-01-27 16:18:09.590;SQ;AS103-AS1-20180127161809
2018-01-27 16:18:35.538;RC;AS103-AS1-20180127161659
2018-01-27 16:18:35.824;RU;AS103-AS1-20180127161553
2018-01-27 16:18:38.956;SS;AS103-AS1-20180127161659
2018-01-27 16:18:40.628;VU;AS103-AS1-20180127161553
2018-01-27 16:19:03.146;RO;AS103-AS1-20180127161809
2018-01-27 16:19:04.937;SP;AS103-AS1-20180127161809
2018-01-27 16:19:10.107;SQ;AS103-AS1-20180127161910
2018-01-27 16:19:28.939;RU;AS103-AS1-20180127161659
2018-01-27 16:19:31.816;VU;AS103-AS1-20180127161659
2018-01-27 16:19:32.403;RC;AS103-AS1-20180127161809
2018-01-27 16:19:34.325;SS;AS103-AS1-20180127161809
2018-01-27 16:20:05.742;RO;AS103-AS1-20180127161910
2018-01-27 16:20:07.988;SP;AS103-AS1-20180127161910
2018-01-27 16:20:13.226;SQ;AS103-AS1-20180127162013
2018-01-27 16:20:40.812;RC;AS103-AS1-20180127161910
2018-01-27 16:20:43.379;SS;AS103-AS1-20180127161910
2018-01-27 16:21:05.138;RU;AS103-AS1-20180127161809
2018-01-27 16:21:07.585;VU;AS103-AS1-20180127161809
2018-01-27 16:21:13.134;RO;AS103-AS1-20180127162013
2018-01-27 16:21:17.138;SP;AS103-AS1-20180127162013
2018-01-27 16:21:20.821;SQ;AS103-AS1-20180127162120
2018-01-27 16:21:40.633;RU;AS103-AS1-20180127161910
2018-01-27 16:21:43.370;VU;AS103-AS1-20180127161910
2018-01-27 16:21:45.341;RC;AS103-AS1-20180127162013
2018-01-27 16:21:49.360;SS;AS103-AS1-20180127162013
2018-01-27 16:22:26.227;RO;AS103-AS1-20180127162120
2018-01-27 16:22:28.006;SP;AS103-AS1-20180127162120
2018-01-27 16:22:32.290;SQ;AS103-AS1-20180127162232
2018-01-27 16:22:40.447;RU;AS103-AS1-20180127162013
2018-01-27 16:22:43.489;VU;AS103-AS1-20180127162013
2018-01-27 16:23:01.106;RC;AS103-AS1-20180127162120
2018-01-27 16:23:03.249;SS;AS103-AS1-20180127162120
2018-01-27 16:23:32.123;RO;AS103-AS1-20180127162232
2018-01-27 16:23:34.271;SP;AS103-AS1-20180127162232
2018-01-27 16:23:38.953;SQ;AS103-AS1-20180127162338
2018-01-27 16:24:02.676;RC;AS103-AS1-20180127162232
2018-01-27 16:24:04.744;SS;AS103-AS1-20180127162232
2018-01-27 16:24:05.241;RU;AS103-AS1-20180127162120
2018-01-27 16:24:10.112;VU;AS103-AS1-20180127162120
2018-01-27 16:24:35.931;RO;AS103-AS1-20180127162338
2018-01-27 16:24:39.547;SP;AS103-AS1-20180127162338
2018-01-27 16:24:42.980;SQ;AS103-AS1-20180127162442
2018-01-27 16:24:56.560;RU;AS103-AS1-20180127162232
2018-01-27 16:24:59.637;VU;AS103-AS1-20180127162232
2018-01-27 16:25:07.611;RC;AS103-AS1-20180127162338
2018-01-27 16:25:10.693;SS;AS103-AS1-20180127162338
2018-01-27 16:25:44.117;RO;AS103-AS1-20180127162442
2018-01-27 16:25:46.269;SP;AS103-AS1-20180127162442
2018-01-27 16:25:49.879;SQ;AS103-AS1-20180127162549
2018-01-27 16:26:18.112;RU;AS103-AS1-20180127162338
2018-01-27 16:26:19.702;RC;AS103-AS1-20180127162442
2018-01-27 16:26:21.104;VU;AS103-AS1-20180127162338
2018-01-27 16:26:21.769;SS;AS103-AS1-20180127162442
2018-01-27 16:26:47.240;RO;AS103-AS1-20180127162549
2018-01-27 16:26:49.307;SP;AS103-AS1-20180127162549
2018-01-27 16:26:53.255;SQ;AS103-AS1-20180127162653
2018-01-27 16:27:07.378;RU;AS103-AS1-20180127162442
2018-01-27 16:27:09.804;RC;AS103-AS1-20180127162549
2018-01-27 16:27:09.919;VU;AS103-AS1-20180127162442
2018-01-27 16:27:11.237;SS;AS103-AS1-20180127162549
2018-01-27 16:27:41.716;RO;AS103-AS1-20180127162653
2018-01-27 16:27:44.409;SP;AS103-AS1-20180127162653
2018-01-27 16:27:45.117;RU;AS103-AS1-20180127162549
2018-01-27 16:27:49.527;VU;AS103-AS1-20180127162549
2018-01-27 16:27:57.967;RC;AS103-AS1-20180127162653
2018-01-27 16:28:01.581;SS;AS103-AS1-20180127162653
2018-01-27 16:28:10.572;RU;AS103-AS1-20180127162653
2018-01-27 16:28:15.754;VU;AS103-AS1-20180127162653
