2018-01-27 15:56:04.635;SQ;AS108-AS1-20180127155604
2018-01-27 15:56:37.199;RO;AS108-AS1-20180127155604
2018-01-27 15:56:38.519;SP;AS108-AS1-20180127155604
2018-01-27 15:56:40.195;SQ;AS108-AS1-20180127155640
2018-01-27 15:56:57.943;RC;AS108-AS1-20180127155604
2018-01-27 15:56:59.163;SS;AS108-AS1-20180127155604
2018-01-27 15:57:25.996;RO;AS108-AS1-20180127155640
2018-01-27 15:57:27.084;SP;AS108-AS1-20180127155640
2018-01-27 15:57:28.773;SQ;AS108-AS1-20180127155728
2018-01-27 15:57:49.696;RU;AS108-AS1-20180127155604
2018-01-27 15:57:59.979;RC;AS108-AS1-20180127155640
2018-01-27 15:58:02.353;SS;AS108-AS1-20180127155640
2018-01-27 15:58:31.250;RO;AS108-AS1-20180127155728
2018-01-27 15:58:33.790;SP;AS108-AS1-20180127155728
2018-01-27 15:58:36.590;SQ;AS108-AS1-20180127155836
2018-01-27 15:58:54.626;RU;AS108-AS1-20180127155640
2018-01-27 15:58:56.837;VU;AS108-AS1-20180127155640
2018-01-27 15:59:09.891;RC;AS108-AS1-20180127155728
2018-01-27 15:59:10.831;SS;AS108-AS1-20180127155728
2018-01-27 15:59:27.554;RO;AS108-AS1-20180127155836
2018-01-27 15:59:28.722;SP;AS108-AS1-20180127155836
2018-01-27 15:59:31.083;SQ;AS108-AS1-20180127155931
2018-01-27 16:00:01.641;RC;AS108-AS1-20180127155836
2018-01-27 16:00:02.736;SS;AS108-AS1-20180127155836
2018-01-27 16:00:14.889;RU;AS108-AS1-20180127155728
2018-01-27 16:00:16.737;VU;AS108-AS1-20180127155728
2018-01-27 16:00:28.173;RO;AS108-AS1-20180127155931
2018-01-27 16:00:29.550;SP;AS108-AS1-20180127155931
2018-01-27 16:00:32.112;SQ;AS108-AS1-20180127160032
2018-01-27 16:00:59.910;RC;AS108-AS1-20180127155931
2018-01-27 16:01:01.612;SS;AS108-AS1-20180127155931
2018-01-27 16:01:05.243;RU;AS108-AS1-20180127155836
2018-01-27 16:01:07.158;VU;AS108-AS1-20180127155836
2018-01-27 16:01:28.299;RO;AS108-AS1-20180127160032
2018-01-27 16:01:30.107;SP;AS108-AS1-20180127160032
2018-01-27 16:01:32.660;SQ;AS108-AS1-20180127160132
2018-01-27 16:01:56.999;RU;AS108-AS1-20180127155931
2018-01-27 16:01:59.426;VU;AS108-AS1-20180127155931
2018-01-27 16:02:00.250;RC;AS108-AS1-20180127160032
2018-01-27 16:02:01.351;SS;AS108-AS1-20180127160032
2018-01-27 16:02:35.781;RO;AS108-AS1-20180127160132
2018-01-27 16:02:37.554;SP;AS108-AS1-20180127160132
2018-01-27 16:02:41.443;SQ;AS108-AS1-20180127160241
2018-01-27 16:02:59.065;RU;AS108-AS1-20180127160032
2018-01-27 16:03:00.893;VU;AS108-AS1-20180127160032
2018-01-27 16:03:08.248;RC;AS108-AS1-20180127160132
2018-01-27 16:03:09.103;SS;AS108-AS1-20180127160132
2018-01-27 16:03:40.076;RO;AS108-AS1-20180127160241
2018-01-27 16:03:42.671;SP;AS108-AS1-20180127160241
2018-01-27 16:03:45.672;SQ;AS108-AS1-20180127160345
2018-01-27 16:04:13.028;RC;AS108-AS1-20180127160241
2018-01-27 16:04:13.884;RU;AS108-AS1-20180127160132
2018-01-27 16:04:14.984;SS;AS108-AS1-20180127160241
2018-01-27 16:04:16.480;VU;AS108-AS1-20180127160132
2018-01-27 16:04:39.610;RO;AS108-AS1-20180127160345
2018-01-27 16:04:40.660;SP;AS108-AS1-20180127160345
2018-01-27 16:04:44.034;SQ;AS108-AS1-20180127160444
2018-01-27 16:05:15.200;RC;AS108-AS1-20180127160345
2018-01-27 16:05:15.210;RU;AS108-AS1-20180127160241
2018-01-27 16:05:17.505;SS;AS108-AS1-20180127160345
2018-01-27 16:05:18.665;VU;AS108-AS1-20180127160241
2018-01-27 16:05:42.308;RO;AS108-AS1-20180127160444
2018-01-27 16:05:43.588;SP;AS108-AS1-20180127160444
2018-01-27 16:05:48.236;SQ;AS108-AS1-20180127160548
2018-01-27 16:06:14.780;RU;AS108-AS1-20180127160345
2018-01-27 16:06:15.486;RC;AS108-AS1-20180127160444
2018-01-27 16:06:18.328;SS;AS108-AS1-20180127160444
2018-01-27 16:06:18.934;VU;AS108-AS1-20180127160345
2018-01-27 16:06:47.942;RO;AS108-AS1-20180127160548
2018-01-27 16:06:49.906;SP;AS108-AS1-20180127160548
2018-01-27 16:06:52.191;SQ;AS108-AS1-20180127160652
2018-01-27 16:07:19.258;RU;AS108-AS1-20180127160444
2018-01-27 16:07:21.930;VU;AS108-AS1-20180127160444
2018-01-27 16:07:42.487;RC;AS108-AS1-20180127160548
2018-01-27 16:07:44.094;SS;AS108-AS1-20180127160548
2018-01-27 16:07:45.828;RO;AS108-AS1-20180127160652
2018-01-27 16:07:47.951;SP;AS108-AS1-20180127160652
2018-01-27 16:07:51.699;SQ;AS108-AS1-20180127160751
2018-01-27 16:08:20.743;RC;AS108-AS1-20180127160652
2018-01-27 16:08:22.246;SS;AS108-AS1-20180127160652
2018-01-27 16:08:43.241;RU;AS108-AS1-20180127160548
2018-01-27 16:08:45.293;VU;AS108-AS1-20180127160548
2018-01-27 16:08:58.583;RO;AS108-AS1-20180127160751
2018-01-27 16:08:59.810;SP;AS108-AS1-20180127160751
2018-01-27 16:09:02.256;SQ;AS108-AS1-20180127160902
2018-01-27 16:09:20.894;RU;AS108-AS1-20180127160652
2018-01-27 16:09:23.940;VU;AS108-AS1-20180127160652
2018-01-27 16:09:30.549;RC;AS108-AS1-20180127160751
2018-01-27 16:09:31.929;SS;AS108-AS1-20180127160751
2018-01-27 16:10:12.795;RO;AS108-AS1-20180127160902
2018-01-27 16:10:13.776;SP;AS108-AS1-20180127160902
2018-01-27 16:10:16.276;SQ;AS108-AS1-20180127161016
2018-01-27 16:10:38.062;RU;AS108-AS1-20180127160751
2018-01-27 16:10:40.435;VU;AS108-AS1-20180127160751
2018-01-27 16:10:41.405;RC;AS108-AS1-20180127160902
2018-01-27 16:10:42.425;SS;AS108-AS1-20180127160902
2018-01-27 16:11:17.171;RO;AS108-AS1-20180127161016
2018-01-27 16:11:18.536;SP;AS108-AS1-20180127161016
2018-01-27 16:11:21.580;SQ;AS108-AS1-20180127161121
2018-01-27 16:11:46.182;RC;AS108-AS1-20180127161016
2018-01-27 16:11:47.340;SS;AS108-AS1-20180127161016
2018-01-27 16:11:50.972;RU;AS108-AS1-20180127160902
2018-01-27 16:11:54.300;VU;AS108-AS1-20180127160902
2018-01-27 16:12:20.391;RO;AS108-AS1-20180127161121
2018-01-27 16:12:22.503;SP;AS108-AS1-20180127161121
2018-01-27 16:12:26.309;SQ;AS108-AS1-20180127161226
2018-01-27 16:12:52.080;RC;AS108-AS1-20180127161121
2018-01-27 16:12:53.480;SS;AS108-AS1-20180127161121
2018-01-27 16:12:54.008;RU;AS108-AS1-20180127161016
2018-01-27 16:12:57.548;VU;AS108-AS1-20180127161016
2018-01-27 16:13:26.637;RO;AS108-AS1-20180127161226
2018-01-27 16:13:28.317;SP;AS108-AS1-20180127161226
2018-01-27 16:13:30.641;SQ;AS108-AS1-20180127161330
2018-01-27 16:13:50.348;RU;AS108-AS1-20180127161121
2018-01-27 16:13:52.181;VU;AS108-AS1-20180127161121
2018-01-27 16:13:57.451;RC;AS108-AS1-20180127161226
2018-01-27 16:13:59.151;SS;AS108-AS1-20180127161226
2018-01-27 16:14:50.643;RO;AS108-AS1-20180127161330
2018-01-27 16:14:51.785;SP;AS108-AS1-20180127161330
2018-01-27 16:14:54.352;SQ;AS108-AS1-20180127161454
2018-01-27 16:15:02.502;RU;AS108-AS1-20180127161226
2018-01-27 16:15:04.928;VU;AS108-AS1-20180127161226
2018-01-27 16:15:22.051;RC;AS108-AS1-20180127161330
2018-01-27 16:15:22.939;SS;AS108-AS1-20180127161330
2018-01-27 16:15:57.452;RO;AS108-AS1-20180127161454
2018-01-27 16:16:00.039;SP;AS108-AS1-20180127161454
2018-01-27 16:16:02.609;SQ;AS108-AS1-20180127161602
2018-01-27 16:16:26.046;RU;AS108-AS1-20180127161330
2018-01-27 16:16:32.293;RC;AS108-AS1-20180127161454
2018-01-27 16:16:34.491;SS;AS108-AS1-20180127161454
2018-01-27 16:17:29.462;RO;AS108-AS1-20180127161602
2018-01-27 16:17:31.412;SP;AS108-AS1-20180127161602
2018-01-27 16:17:34.923;RU;AS108-AS1-20180127161454
2018-01-27 16:17:37.307;SQ;AS108-AS1-20180127161737
2018-01-27 16:18:04.557;RC;AS108-AS1-20180127161602
2018-01-27 16:18:08.778;SS;AS108-AS1-20180127161602
2018-01-27 16:18:30.165;RO;AS108-AS1-20180127161737
2018-01-27 16:18:33.233;SP;AS108-AS1-20180127161737
2018-01-27 16:18:39.829;SQ;AS108-AS1-20180127161839
2018-01-27 16:19:04.581;RC;AS108-AS1-20180127161737
2018-01-27 16:19:07.159;SS;AS108-AS1-20180127161737
2018-01-27 16:19:10.020;RU;AS108-AS1-20180127161602
2018-01-27 16:19:14.477;VU;AS108-AS1-20180127161602
2018-01-27 16:19:39.871;RO;AS108-AS1-20180127161839
2018-01-27 16:19:44.393;SP;AS108-AS1-20180127161839
2018-01-27 16:19:49.460;SQ;AS108-AS1-20180127161949
2018-01-27 16:20:08.394;RC;AS108-AS1-20180127161839
2018-01-27 16:20:08.786;RU;AS108-AS1-20180127161737
2018-01-27 16:20:13.054;SS;AS108-AS1-20180127161839
2018-01-27 16:20:15.094;VU;AS108-AS1-20180127161737
2018-01-27 16:20:50.576;RO;AS108-AS1-20180127161949
2018-01-27 16:20:53.354;SP;AS108-AS1-20180127161949
2018-01-27 16:21:00.051;SQ;AS108-AS1-20180127162100
2018-01-27 16:21:11.862;RU;AS108-AS1-20180127161839
2018-01-27 16:21:19.831;VU;AS108-AS1-20180127161839
2018-01-27 16:21:23.052;RC;AS108-AS1-20180127161949
2018-01-27 16:21:25.723;SS;AS108-AS1-20180127161949
2018-01-27 16:22:05.363;RO;AS108-AS1-20180127162100
2018-01-27 16:22:08.699;SP;AS108-AS1-20180127162100
2018-01-27 16:22:13.835;SQ;AS108-AS1-20180127162213
2018-01-27 16:22:26.281;RU;AS108-AS1-20180127161949
2018-01-27 16:22:29.868;VU;AS108-AS1-20180127161949
2018-01-27 16:22:32.485;RC;AS108-AS1-20180127162100
2018-01-27 16:22:36.404;SS;AS108-AS1-20180127162100
2018-01-27 16:23:04.030;RO;AS108-AS1-20180127162213
2018-01-27 16:23:07.838;SP;AS108-AS1-20180127162213
2018-01-27 16:23:13.321;SQ;AS108-AS1-20180127162313
2018-01-27 16:23:33.513;RU;AS108-AS1-20180127162100
2018-01-27 16:23:37.414;RC;AS108-AS1-20180127162213
2018-01-27 16:23:39.164;VU;AS108-AS1-20180127162100
2018-01-27 16:23:40.071;SS;AS108-AS1-20180127162213
2018-01-27 16:24:42.107;RO;AS108-AS1-20180127162313
2018-01-27 16:24:43.104;RU;AS108-AS1-20180127162213
2018-01-27 16:24:45.794;SP;AS108-AS1-20180127162313
2018-01-27 16:24:47.852;VU;AS108-AS1-20180127162213
2018-01-27 16:24:52.303;SQ;AS108-AS1-20180127162452
2018-01-27 16:25:14.086;RC;AS108-AS1-20180127162313
2018-01-27 16:25:16.461;SS;AS108-AS1-20180127162313
2018-01-27 16:25:45.823;RO;AS108-AS1-20180127162452
2018-01-27 16:25:48.647;SP;AS108-AS1-20180127162452
2018-01-27 16:25:54.483;SQ;AS108-AS1-20180127162554
2018-01-27 16:26:13.833;RU;AS108-AS1-20180127162313
2018-01-27 16:26:17.231;VU;AS108-AS1-20180127162313
2018-01-27 16:26:19.832;RC;AS108-AS1-20180127162452
2018-01-27 16:26:22.310;SS;AS108-AS1-20180127162452
2018-01-27 16:26:50.014;RO;AS108-AS1-20180127162554
2018-01-27 16:26:52.810;SP;AS108-AS1-20180127162554
2018-01-27 16:27:00.748;SQ;AS108-AS1-20180127162700
2018-01-27 16:27:10.869;RC;AS108-AS1-20180127162554
2018-01-27 16:27:15.340;SS;AS108-AS1-20180127162554
2018-01-27 16:27:17.189;RU;AS108-AS1-20180127162452
2018-01-27 16:27:20.586;VU;AS108-AS1-20180127162452
2018-01-27 16:27:42.896;RO;AS108-AS1-20180127162700
2018-01-27 16:27:46.387;RU;AS108-AS1-20180127162554
2018-01-27 16:27:49.128;SP;AS108-AS1-20180127162700
2018-01-27 16:27:52.089;VU;AS108-AS1-20180127162554
2018-01-27 16:27:54.963;SQ;AS108-AS1-20180127162754
2018-01-27 16:27:58.405;RC;AS108-AS1-20180127162700
2018-01-27 16:27:59.392;RO;AS108-AS1-20180127162754
2018-01-27 16:28:04.207;SS;AS108-AS1-20180127162700
2018-01-27 16:28:04.756;SP;AS108-AS1-20180127162754
2018-01-27 16:28:08.218;RC;AS108-AS1-20180127162754
2018-01-27 16:28:12.831;RU;AS108-AS1-20180127162700
2018-01-27 16:28:13.556;SS;AS108-AS1-20180127162754
2018-01-27 16:28:17.874;RU;AS108-AS1-20180127162754
2018-01-27 16:28:27.832;VU;AS108-AS1-20180127162700
2018-01-27 16:28:28.140;VU;AS108-AS1-20180127162754
