2018-01-27 15:56:14.461;SQ;AS119-AS1-20180127155614
2018-01-27 15:56:48.603;RO;AS119-AS1-20180127155614
2018-01-27 15:56:49.852;SP;AS119-AS1-20180127155614
2018-01-27 15:56:51.487;SQ;AS119-AS1-20180127155651
2018-01-27 15:57:16.241;RC;AS119-AS1-20180127155614
2018-01-27 15:57:17.080;SS;AS119-AS1-20180127155614
2018-01-27 15:57:32.005;RO;AS119-AS1-20180127155651
2018-01-27 15:57:32.865;SP;AS119-AS1-20180127155651
2018-01-27 15:57:34.555;SQ;AS119-AS1-20180127155734
2018-01-27 15:57:59.620;RC;AS119-AS1-20180127155651
2018-01-27 15:58:00.870;SS;AS119-AS1-20180127155651
2018-01-27 15:58:24.526;RU;AS119-AS1-20180127155614
2018-01-27 15:58:26.388;VU;AS119-AS1-20180127155614
2018-01-27 15:58:40.075;RO;AS119-AS1-20180127155734
2018-01-27 15:58:40.977;SP;AS119-AS1-20180127155734
2018-01-27 15:58:42.689;SQ;AS119-AS1-20180127155842
2018-01-27 15:59:09.830;RU;AS119-AS1-20180127155651
2018-01-27 15:59:11.676;VU;AS119-AS1-20180127155651
2018-01-27 15:59:15.049;RC;AS119-AS1-20180127155734
2018-01-27 15:59:15.848;SS;AS119-AS1-20180127155734
2018-01-27 15:59:42.580;RO;AS119-AS1-20180127155842
2018-01-27 15:59:43.610;SP;AS119-AS1-20180127155842
2018-01-27 15:59:45.298;SQ;AS119-AS1-20180127155945
2018-01-27 16:00:15.740;RC;AS119-AS1-20180127155842
2018-01-27 16:00:16.567;SS;AS119-AS1-20180127155842
2018-01-27 16:00:21.668;RU;AS119-AS1-20180127155734
2018-01-27 16:00:24.097;VU;AS119-AS1-20180127155734
2018-01-27 16:00:46.490;RO;AS119-AS1-20180127155945
2018-01-27 16:00:47.725;SP;AS119-AS1-20180127155945
2018-01-27 16:00:49.385;SQ;AS119-AS1-20180127160049
2018-01-27 16:01:19.753;RC;AS119-AS1-20180127155945
2018-01-27 16:01:20.613;SS;AS119-AS1-20180127155945
2018-01-27 16:01:25.182;RU;AS119-AS1-20180127155842
2018-01-27 16:01:26.998;VU;AS119-AS1-20180127155842
2018-01-27 16:01:46.111;RO;AS119-AS1-20180127160049
2018-01-27 16:01:47.284;SP;AS119-AS1-20180127160049
2018-01-27 16:01:48.990;SQ;AS119-AS1-20180127160148
2018-01-27 16:02:15.685;RU;AS119-AS1-20180127155945
2018-01-27 16:02:17.517;VU;AS119-AS1-20180127155945
2018-01-27 16:02:17.947;RC;AS119-AS1-20180127160049
2018-01-27 16:02:18.750;SS;AS119-AS1-20180127160049
2018-01-27 16:02:50.529;RO;AS119-AS1-20180127160148
2018-01-27 16:02:51.402;SP;AS119-AS1-20180127160148
2018-01-27 16:02:53.034;SQ;AS119-AS1-20180127160253
2018-01-27 16:03:12.723;RC;AS119-AS1-20180127160148
2018-01-27 16:03:13.543;SS;AS119-AS1-20180127160148
2018-01-27 16:03:22.259;RU;AS119-AS1-20180127160049
2018-01-27 16:03:24.106;VU;AS119-AS1-20180127160049
2018-01-27 16:03:53.668;RO;AS119-AS1-20180127160253
2018-01-27 16:03:54.916;SP;AS119-AS1-20180127160253
2018-01-27 16:03:57.163;SQ;AS119-AS1-20180127160357
2018-01-27 16:04:16.588;RU;AS119-AS1-20180127160148
2018-01-27 16:04:18.418;VU;AS119-AS1-20180127160148
2018-01-27 16:04:22.458;RC;AS119-AS1-20180127160253
2018-01-27 16:04:23.286;SS;AS119-AS1-20180127160253
2018-01-27 16:04:55.291;RO;AS119-AS1-20180127160357
2018-01-27 16:04:56.571;SP;AS119-AS1-20180127160357
2018-01-27 16:04:59.798;SQ;AS119-AS1-20180127160459
2018-01-27 16:05:23.626;RC;AS119-AS1-20180127160357
2018-01-27 16:05:24.438;SS;AS119-AS1-20180127160357
2018-01-27 16:05:28.277;RU;AS119-AS1-20180127160253
2018-01-27 16:05:30.834;VU;AS119-AS1-20180127160253
2018-01-27 16:06:02.929;RO;AS119-AS1-20180127160459
2018-01-27 16:06:04.187;SP;AS119-AS1-20180127160459
2018-01-27 16:06:05.799;SQ;AS119-AS1-20180127160605
2018-01-27 16:06:22.335;RU;AS119-AS1-20180127160357
2018-01-27 16:06:24.166;VU;AS119-AS1-20180127160357
2018-01-27 16:06:38.120;RC;AS119-AS1-20180127160459
2018-01-27 16:06:38.939;SS;AS119-AS1-20180127160459
2018-01-27 16:07:00.379;RO;AS119-AS1-20180127160605
2018-01-27 16:07:02.435;SP;AS119-AS1-20180127160605
2018-01-27 16:07:05.295;SQ;AS119-AS1-20180127160705
2018-01-27 16:07:34.497;RC;AS119-AS1-20180127160605
2018-01-27 16:07:35.312;SS;AS119-AS1-20180127160605
2018-01-27 16:07:39.472;RU;AS119-AS1-20180127160459
2018-01-27 16:07:41.291;VU;AS119-AS1-20180127160459
2018-01-27 16:07:58.685;RO;AS119-AS1-20180127160705
2018-01-27 16:07:59.649;SP;AS119-AS1-20180127160705
2018-01-27 16:08:01.334;SQ;AS119-AS1-20180127160801
2018-01-27 16:08:30.403;RC;AS119-AS1-20180127160705
2018-01-27 16:08:31.238;SS;AS119-AS1-20180127160705
2018-01-27 16:08:39.744;RU;AS119-AS1-20180127160605
2018-01-27 16:08:41.581;VU;AS119-AS1-20180127160605
2018-01-27 16:09:00.653;RO;AS119-AS1-20180127160801
2018-01-27 16:09:01.759;SP;AS119-AS1-20180127160801
2018-01-27 16:09:03.462;SQ;AS119-AS1-20180127160903
2018-01-27 16:09:31.671;RC;AS119-AS1-20180127160801
2018-01-27 16:09:32.529;SS;AS119-AS1-20180127160801
2018-01-27 16:09:33.675;RU;AS119-AS1-20180127160705
2018-01-27 16:09:35.904;VU;AS119-AS1-20180127160705
2018-01-27 16:10:31.396;RO;AS119-AS1-20180127160903
2018-01-27 16:10:32.362;SP;AS119-AS1-20180127160903
2018-01-27 16:10:33.969;SQ;AS119-AS1-20180127161033
2018-01-27 16:10:41.376;RU;AS119-AS1-20180127160801
2018-01-27 16:10:43.183;VU;AS119-AS1-20180127160801
2018-01-27 16:11:00.895;RC;AS119-AS1-20180127160903
2018-01-27 16:11:01.743;SS;AS119-AS1-20180127160903
2018-01-27 16:11:34.336;RO;AS119-AS1-20180127161033
2018-01-27 16:11:35.356;SP;AS119-AS1-20180127161033
2018-01-27 16:11:38.474;SQ;AS119-AS1-20180127161138
2018-01-27 16:11:59.741;RU;AS119-AS1-20180127160903
2018-01-27 16:12:01.562;VU;AS119-AS1-20180127160903
2018-01-27 16:12:08.467;RC;AS119-AS1-20180127161033
2018-01-27 16:12:09.294;SS;AS119-AS1-20180127161033
2018-01-27 16:12:37.461;RO;AS119-AS1-20180127161138
2018-01-27 16:12:39.058;SP;AS119-AS1-20180127161138
2018-01-27 16:12:41.576;SQ;AS119-AS1-20180127161241
2018-01-27 16:13:06.586;RU;AS119-AS1-20180127161033
2018-01-27 16:13:08.398;VU;AS119-AS1-20180127161033
2018-01-27 16:13:11.483;RC;AS119-AS1-20180127161138
2018-01-27 16:13:12.318;SS;AS119-AS1-20180127161138
2018-01-27 16:13:39.415;RO;AS119-AS1-20180127161241
2018-01-27 16:13:41.487;SP;AS119-AS1-20180127161241
2018-01-27 16:13:43.161;SQ;AS119-AS1-20180127161343
2018-01-27 16:14:12.587;RC;AS119-AS1-20180127161241
2018-01-27 16:14:13.440;SS;AS119-AS1-20180127161241
2018-01-27 16:14:18.302;RU;AS119-AS1-20180127161138
2018-01-27 16:14:20.133;VU;AS119-AS1-20180127161138
2018-01-27 16:14:35.728;RO;AS119-AS1-20180127161343
2018-01-27 16:14:37.040;SP;AS119-AS1-20180127161343
2018-01-27 16:14:38.675;SQ;AS119-AS1-20180127161438
2018-01-27 16:15:06.195;RC;AS119-AS1-20180127161343
2018-01-27 16:15:07.005;SS;AS119-AS1-20180127161343
2018-01-27 16:15:37.818;RO;AS119-AS1-20180127161438
2018-01-27 16:15:39.049;SP;AS119-AS1-20180127161438
2018-01-27 16:15:40.683;SQ;AS119-AS1-20180127161540
2018-01-27 16:15:45.411;RU;AS119-AS1-20180127161241
2018-01-27 16:15:47.217;VU;AS119-AS1-20180127161241
2018-01-27 16:16:06.004;RU;AS119-AS1-20180127161343
2018-01-27 16:16:07.820;VU;AS119-AS1-20180127161343
2018-01-27 16:16:11.539;RC;AS119-AS1-20180127161438
2018-01-27 16:16:12.404;SS;AS119-AS1-20180127161438
2018-01-27 16:17:07.896;RO;AS119-AS1-20180127161540
2018-01-27 16:17:09.132;SP;AS119-AS1-20180127161540
2018-01-27 16:17:10.857;SQ;AS119-AS1-20180127161710
2018-01-27 16:17:12.262;RU;AS119-AS1-20180127161438
2018-01-27 16:17:14.087;VU;AS119-AS1-20180127161438
2018-01-27 16:17:45.156;RC;AS119-AS1-20180127161540
2018-01-27 16:17:46.013;SS;AS119-AS1-20180127161540
2018-01-27 16:18:13.451;RO;AS119-AS1-20180127161710
2018-01-27 16:18:14.763;SP;AS119-AS1-20180127161710
2018-01-27 16:18:16.445;SQ;AS119-AS1-20180127161816
2018-01-27 16:18:42.846;RU;AS119-AS1-20180127161540
2018-01-27 16:18:44.678;VU;AS119-AS1-20180127161540
2018-01-27 16:18:48.042;RC;AS119-AS1-20180127161710
2018-01-27 16:18:48.897;SS;AS119-AS1-20180127161710
2018-01-27 16:19:14.994;RO;AS119-AS1-20180127161816
2018-01-27 16:19:15.871;SP;AS119-AS1-20180127161816
2018-01-27 16:19:17.552;SQ;AS119-AS1-20180127161917
2018-01-27 16:19:36.684;RC;AS119-AS1-20180127161816
2018-01-27 16:19:37.538;SS;AS119-AS1-20180127161816
2018-01-27 16:20:09.261;RU;AS119-AS1-20180127161710
2018-01-27 16:20:11.111;VU;AS119-AS1-20180127161710
2018-01-27 16:20:17.512;RO;AS119-AS1-20180127161917
2018-01-27 16:20:18.486;SP;AS119-AS1-20180127161917
2018-01-27 16:20:20.163;SQ;AS119-AS1-20180127162020
2018-01-27 16:20:38.157;RU;AS119-AS1-20180127161816
2018-01-27 16:20:40.012;VU;AS119-AS1-20180127161816
2018-01-27 16:20:44.533;RC;AS119-AS1-20180127161917
2018-01-27 16:20:45.396;SS;AS119-AS1-20180127161917
2018-01-27 16:21:16.914;RO;AS119-AS1-20180127162020
2018-01-27 16:21:18.079;SP;AS119-AS1-20180127162020
2018-01-27 16:21:19.756;SQ;AS119-AS1-20180127162119
2018-01-27 16:21:48.082;RC;AS119-AS1-20180127162020
2018-01-27 16:21:48.527;RU;AS119-AS1-20180127161917
2018-01-27 16:21:49.283;SS;AS119-AS1-20180127162020
2018-01-27 16:21:50.796;VU;AS119-AS1-20180127161917
2018-01-27 16:22:14.209;RO;AS119-AS1-20180127162119
2018-01-27 16:22:15.164;SP;AS119-AS1-20180127162119
2018-01-27 16:22:17.970;SQ;AS119-AS1-20180127162217
2018-01-27 16:22:47.680;RU;AS119-AS1-20180127162020
2018-01-27 16:22:48.087;RC;AS119-AS1-20180127162119
2018-01-27 16:22:49.870;SS;AS119-AS1-20180127162119
2018-01-27 16:22:50.643;VU;AS119-AS1-20180127162020
2018-01-27 16:23:12.300;RO;AS119-AS1-20180127162217
2018-01-27 16:23:13.376;SP;AS119-AS1-20180127162217
2018-01-27 16:23:15.050;SQ;AS119-AS1-20180127162315
2018-01-27 16:23:41.621;RU;AS119-AS1-20180127162119
2018-01-27 16:23:43.494;VU;AS119-AS1-20180127162119
2018-01-27 16:23:46.859;RC;AS119-AS1-20180127162217
2018-01-27 16:23:47.695;SS;AS119-AS1-20180127162217
2018-01-27 16:24:45.870;RO;AS119-AS1-20180127162315
2018-01-27 16:24:46.991;SP;AS119-AS1-20180127162315
2018-01-27 16:24:48.622;SQ;AS119-AS1-20180127162448
2018-01-27 16:24:51.172;RU;AS119-AS1-20180127162217
2018-01-27 16:24:53.895;VU;AS119-AS1-20180127162217
2018-01-27 16:25:17.016;RC;AS119-AS1-20180127162315
2018-01-27 16:25:17.822;SS;AS119-AS1-20180127162315
2018-01-27 16:25:43.982;RO;AS119-AS1-20180127162448
2018-01-27 16:25:45.030;SP;AS119-AS1-20180127162448
2018-01-27 16:25:46.690;SQ;AS119-AS1-20180127162546
2018-01-27 16:26:08.659;RU;AS119-AS1-20180127162315
2018-01-27 16:26:11.355;VU;AS119-AS1-20180127162315
2018-01-27 16:26:19.847;RC;AS119-AS1-20180127162448
2018-01-27 16:26:20.687;SS;AS119-AS1-20180127162448
2018-01-27 16:26:47.106;RO;AS119-AS1-20180127162546
2018-01-27 16:26:48.093;SP;AS119-AS1-20180127162546
2018-01-27 16:26:49.739;SQ;AS119-AS1-20180127162649
2018-01-27 16:27:07.338;RC;AS119-AS1-20180127162546
2018-01-27 16:27:07.357;RU;AS119-AS1-20180127162448
2018-01-27 16:27:09.016;SS;AS119-AS1-20180127162546
2018-01-27 16:27:30.405;RO;AS119-AS1-20180127162649
2018-01-27 16:27:32.147;SP;AS119-AS1-20180127162649
2018-01-27 16:27:45.252;RU;AS119-AS1-20180127162546
2018-01-27 16:27:46.494;RC;AS119-AS1-20180127162649
2018-01-27 16:27:48.422;VU;AS119-AS1-20180127162546
2018-01-27 16:27:48.665;SS;AS119-AS1-20180127162649
2018-01-27 16:28:00.845;RU;AS119-AS1-20180127162649
2018-01-27 16:28:03.044;VU;AS119-AS1-20180127162649
