2018-01-27 15:55:59.373;SQ;AS111-AS1-20180127155559
2018-01-27 15:56:18.406;RO;AS111-AS1-20180127155559
2018-01-27 15:56:19.754;SP;AS111-AS1-20180127155559
2018-01-27 15:56:21.434;SQ;AS111-AS1-20180127155621
2018-01-27 15:56:38.769;RC;AS111-AS1-20180127155559
2018-01-27 15:56:39.626;SS;AS111-AS1-20180127155559
2018-01-27 15:57:43.294;RU;AS111-AS1-20180127155559
2018-01-27 15:57:45.122;VU;AS111-AS1-20180127155559
2018-01-27 15:57:56.045;RO;AS111-AS1-20180127155621
2018-01-27 15:57:57.392;SP;AS111-AS1-20180127155621
2018-01-27 15:57:59.083;SQ;AS111-AS1-20180127155759
2018-01-27 15:58:26.679;RC;AS111-AS1-20180127155621
2018-01-27 15:58:27.518;SS;AS111-AS1-20180127155621
2018-01-27 15:58:58.047;RO;AS111-AS1-20180127155759
2018-01-27 15:58:58.995;SP;AS111-AS1-20180127155759
2018-01-27 15:59:00.645;SQ;AS111-AS1-20180127155900
2018-01-27 15:59:27.190;RU;AS111-AS1-20180127155621
2018-01-27 15:59:29.020;VU;AS111-AS1-20180127155621
2018-01-27 15:59:29.193;RC;AS111-AS1-20180127155759
2018-01-27 15:59:30.035;SS;AS111-AS1-20180127155759
2018-01-27 15:59:57.216;RO;AS111-AS1-20180127155900
2018-01-27 15:59:58.530;SP;AS111-AS1-20180127155900
2018-01-27 16:00:00.178;SQ;AS111-AS1-20180127160000
2018-01-27 16:00:20.654;RU;AS111-AS1-20180127155759
2018-01-27 16:00:23.430;VU;AS111-AS1-20180127155759
2018-01-27 16:00:28.737;RC;AS111-AS1-20180127155900
2018-01-27 16:00:29.611;SS;AS111-AS1-20180127155900
2018-01-27 16:01:03.999;RO;AS111-AS1-20180127160000
2018-01-27 16:01:05.096;SP;AS111-AS1-20180127160000
2018-01-27 16:01:07.143;SQ;AS111-AS1-20180127160107
2018-01-27 16:01:29.642;RU;AS111-AS1-20180127155900
2018-01-27 16:01:31.475;VU;AS111-AS1-20180127155900
2018-01-27 16:01:37.391;RC;AS111-AS1-20180127160000
2018-01-27 16:01:39.209;SS;AS111-AS1-20180127160000
2018-01-27 16:02:00.939;RO;AS111-AS1-20180127160107
2018-01-27 16:02:02.054;SP;AS111-AS1-20180127160107
2018-01-27 16:02:03.712;SQ;AS111-AS1-20180127160203
2018-01-27 16:02:35.883;RC;AS111-AS1-20180127160107
2018-01-27 16:02:36.717;SS;AS111-AS1-20180127160107
2018-01-27 16:02:37.741;RU;AS111-AS1-20180127160000
2018-01-27 16:02:39.590;VU;AS111-AS1-20180127160000
2018-01-27 16:03:05.373;RO;AS111-AS1-20180127160203
2018-01-27 16:03:06.617;SP;AS111-AS1-20180127160203
2018-01-27 16:03:08.322;SQ;AS111-AS1-20180127160308
2018-01-27 16:03:36.824;RU;AS111-AS1-20180127160107
2018-01-27 16:03:37.994;RC;AS111-AS1-20180127160203
2018-01-27 16:03:38.643;VU;AS111-AS1-20180127160107
2018-01-27 16:03:38.819;SS;AS111-AS1-20180127160203
2018-01-27 16:04:14.109;RO;AS111-AS1-20180127160308
2018-01-27 16:04:15.207;SP;AS111-AS1-20180127160308
2018-01-27 16:04:16.875;SQ;AS111-AS1-20180127160416
2018-01-27 16:04:43.816;RU;AS111-AS1-20180127160203
2018-01-27 16:04:45.363;RC;AS111-AS1-20180127160308
2018-01-27 16:04:45.713;VU;AS111-AS1-20180127160203
2018-01-27 16:04:46.191;SS;AS111-AS1-20180127160308
2018-01-27 16:05:40.624;RO;AS111-AS1-20180127160416
2018-01-27 16:05:41.802;SP;AS111-AS1-20180127160416
2018-01-27 16:05:43.435;SQ;AS111-AS1-20180127160543
2018-01-27 16:05:53.760;RU;AS111-AS1-20180127160308
2018-01-27 16:05:55.579;VU;AS111-AS1-20180127160308
2018-01-27 16:06:11.030;RC;AS111-AS1-20180127160416
2018-01-27 16:06:11.874;SS;AS111-AS1-20180127160416
2018-01-27 16:06:43.295;RO;AS111-AS1-20180127160543
2018-01-27 16:06:44.343;SP;AS111-AS1-20180127160543
2018-01-27 16:06:46.688;SQ;AS111-AS1-20180127160646
2018-01-27 16:07:12.793;RU;AS111-AS1-20180127160416
2018-01-27 16:07:14.648;VU;AS111-AS1-20180127160416
2018-01-27 16:07:16.571;RC;AS111-AS1-20180127160543
2018-01-27 16:07:18.273;SS;AS111-AS1-20180127160543
2018-01-27 16:07:41.890;RO;AS111-AS1-20180127160646
2018-01-27 16:07:43.105;SP;AS111-AS1-20180127160646
2018-01-27 16:07:44.773;SQ;AS111-AS1-20180127160744
2018-01-27 16:08:14.249;RC;AS111-AS1-20180127160646
2018-01-27 16:08:15.084;SS;AS111-AS1-20180127160646
2018-01-27 16:08:29.002;RU;AS111-AS1-20180127160543
2018-01-27 16:08:30.814;VU;AS111-AS1-20180127160543
2018-01-27 16:08:47.201;RO;AS111-AS1-20180127160744
2018-01-27 16:08:48.169;SP;AS111-AS1-20180127160744
2018-01-27 16:08:51.124;SQ;AS111-AS1-20180127160851
2018-01-27 16:09:14.790;RU;AS111-AS1-20180127160646
2018-01-27 16:09:16.649;VU;AS111-AS1-20180127160646
2018-01-27 16:09:17.951;RC;AS111-AS1-20180127160744
2018-01-27 16:09:18.795;SS;AS111-AS1-20180127160744
2018-01-27 16:09:51.183;RO;AS111-AS1-20180127160851
2018-01-27 16:09:52.057;SP;AS111-AS1-20180127160851
2018-01-27 16:09:53.757;SQ;AS111-AS1-20180127160953
2018-01-27 16:10:18.015;RU;AS111-AS1-20180127160744
2018-01-27 16:10:19.341;RC;AS111-AS1-20180127160851
2018-01-27 16:10:19.847;VU;AS111-AS1-20180127160744
2018-01-27 16:10:20.584;SS;AS111-AS1-20180127160851
2018-01-27 16:10:53.850;RO;AS111-AS1-20180127160953
2018-01-27 16:10:55.157;SP;AS111-AS1-20180127160953
2018-01-27 16:10:56.874;SQ;AS111-AS1-20180127161056
2018-01-27 16:11:22.523;RU;AS111-AS1-20180127160851
2018-01-27 16:11:24.359;VU;AS111-AS1-20180127160851
2018-01-27 16:11:27.647;RC;AS111-AS1-20180127160953
2018-01-27 16:11:28.493;SS;AS111-AS1-20180127160953
2018-01-27 16:11:58.256;RO;AS111-AS1-20180127161056
2018-01-27 16:11:59.280;SP;AS111-AS1-20180127161056
2018-01-27 16:12:00.941;SQ;AS111-AS1-20180127161200
2018-01-27 16:12:19.565;RU;AS111-AS1-20180127160953
2018-01-27 16:12:21.402;VU;AS111-AS1-20180127160953
2018-01-27 16:12:30.853;RC;AS111-AS1-20180127161056
2018-01-27 16:12:31.698;SS;AS111-AS1-20180127161056
2018-01-27 16:13:03.064;RO;AS111-AS1-20180127161200
2018-01-27 16:13:04.350;SP;AS111-AS1-20180127161200
2018-01-27 16:13:06.035;SQ;AS111-AS1-20180127161306
2018-01-27 16:13:32.815;RC;AS111-AS1-20180127161200
2018-01-27 16:13:33.650;SS;AS111-AS1-20180127161200
2018-01-27 16:13:35.195;RU;AS111-AS1-20180127161056
2018-01-27 16:13:37.015;VU;AS111-AS1-20180127161056
2018-01-27 16:14:04.986;RO;AS111-AS1-20180127161306
2018-01-27 16:14:05.928;SP;AS111-AS1-20180127161306
2018-01-27 16:14:07.623;SQ;AS111-AS1-20180127161407
2018-01-27 16:14:31.421;RU;AS111-AS1-20180127161200
2018-01-27 16:14:33.252;VU;AS111-AS1-20180127161200
2018-01-27 16:14:38.548;RC;AS111-AS1-20180127161306
2018-01-27 16:14:39.397;SS;AS111-AS1-20180127161306
2018-01-27 16:15:10.361;RO;AS111-AS1-20180127161407
2018-01-27 16:15:11.721;SP;AS111-AS1-20180127161407
2018-01-27 16:15:15.200;SQ;AS111-AS1-20180127161515
2018-01-27 16:15:36.824;RU;AS111-AS1-20180127161306
2018-01-27 16:15:38.641;VU;AS111-AS1-20180127161306
2018-01-27 16:15:43.389;RC;AS111-AS1-20180127161407
2018-01-27 16:15:44.817;SS;AS111-AS1-20180127161407
2018-01-27 16:16:07.632;RO;AS111-AS1-20180127161515
2018-01-27 16:16:08.591;SP;AS111-AS1-20180127161515
2018-01-27 16:16:10.252;SQ;AS111-AS1-20180127161610
2018-01-27 16:16:39.231;RC;AS111-AS1-20180127161515
2018-01-27 16:16:40.052;SS;AS111-AS1-20180127161515
2018-01-27 16:16:44.515;RU;AS111-AS1-20180127161407
2018-01-27 16:16:47.258;VU;AS111-AS1-20180127161407
2018-01-27 16:17:10.604;RO;AS111-AS1-20180127161610
2018-01-27 16:17:11.651;SP;AS111-AS1-20180127161610
2018-01-27 16:17:13.359;SQ;AS111-AS1-20180127161713
2018-01-27 16:17:35.888;RU;AS111-AS1-20180127161515
2018-01-27 16:17:37.981;VU;AS111-AS1-20180127161515
2018-01-27 16:17:44.822;RC;AS111-AS1-20180127161610
2018-01-27 16:17:45.676;SS;AS111-AS1-20180127161610
2018-01-27 16:18:15.437;RO;AS111-AS1-20180127161713
2018-01-27 16:18:16.743;SP;AS111-AS1-20180127161713
2018-01-27 16:18:18.414;SQ;AS111-AS1-20180127161818
2018-01-27 16:18:42.881;RC;AS111-AS1-20180127161713
2018-01-27 16:18:43.696;SS;AS111-AS1-20180127161713
2018-01-27 16:18:44.502;RU;AS111-AS1-20180127161610
2018-01-27 16:18:46.323;VU;AS111-AS1-20180127161610
2018-01-27 16:19:20.381;RO;AS111-AS1-20180127161818
2018-01-27 16:19:21.299;SP;AS111-AS1-20180127161818
2018-01-27 16:19:22.952;SQ;AS111-AS1-20180127161922
2018-01-27 16:19:48.494;RU;AS111-AS1-20180127161713
2018-01-27 16:19:50.322;VU;AS111-AS1-20180127161713
2018-01-27 16:19:50.587;RC;AS111-AS1-20180127161818
2018-01-27 16:19:51.435;SS;AS111-AS1-20180127161818
2018-01-27 16:20:12.353;RO;AS111-AS1-20180127161922
2018-01-27 16:20:13.664;SP;AS111-AS1-20180127161922
2018-01-27 16:20:15.342;SQ;AS111-AS1-20180127162015
2018-01-27 16:20:36.161;RC;AS111-AS1-20180127161922
2018-01-27 16:20:36.995;SS;AS111-AS1-20180127161922
2018-01-27 16:20:51.901;RU;AS111-AS1-20180127161818
2018-01-27 16:20:53.715;VU;AS111-AS1-20180127161818
2018-01-27 16:21:10.066;RO;AS111-AS1-20180127162015
2018-01-27 16:21:11.241;SP;AS111-AS1-20180127162015
2018-01-27 16:21:12.959;SQ;AS111-AS1-20180127162112
2018-01-27 16:21:40.774;RC;AS111-AS1-20180127162015
2018-01-27 16:21:41.613;SS;AS111-AS1-20180127162015
2018-01-27 16:21:43.174;RU;AS111-AS1-20180127161922
2018-01-27 16:21:45.008;VU;AS111-AS1-20180127161922
2018-01-27 16:22:11.616;RO;AS111-AS1-20180127162112
2018-01-27 16:22:12.895;SP;AS111-AS1-20180127162112
2018-01-27 16:22:14.556;SQ;AS111-AS1-20180127162214
2018-01-27 16:22:42.677;RU;AS111-AS1-20180127162015
2018-01-27 16:22:44.528;VU;AS111-AS1-20180127162015
2018-01-27 16:22:44.722;RC;AS111-AS1-20180127162112
2018-01-27 16:22:45.580;SS;AS111-AS1-20180127162112
2018-01-27 16:23:17.330;RO;AS111-AS1-20180127162214
2018-01-27 16:23:19.145;SP;AS111-AS1-20180127162214
2018-01-27 16:23:21.983;SQ;AS111-AS1-20180127162321
2018-01-27 16:23:50.067;RU;AS111-AS1-20180127162112
2018-01-27 16:23:52.697;VU;AS111-AS1-20180127162112
2018-01-27 16:23:53.360;RC;AS111-AS1-20180127162214
2018-01-27 16:23:54.208;SS;AS111-AS1-20180127162214
2018-01-27 16:24:44.445;RU;AS111-AS1-20180127162214
2018-01-27 16:25:05.913;RO;AS111-AS1-20180127162321
2018-01-27 16:25:08.173;SP;AS111-AS1-20180127162321
2018-01-27 16:25:11.605;SQ;AS111-AS1-20180127162511
2018-01-27 16:25:32.493;RC;AS111-AS1-20180127162321
2018-01-27 16:25:33.696;SS;AS111-AS1-20180127162321
2018-01-27 16:26:06.786;RO;AS111-AS1-20180127162511
2018-01-27 16:26:08.009;SP;AS111-AS1-20180127162511
2018-01-27 16:26:12.781;SQ;AS111-AS1-20180127162612
2018-01-27 16:26:33.996;RC;AS111-AS1-20180127162511
2018-01-27 16:26:34.004;RU;AS111-AS1-20180127162321
2018-01-27 16:26:36.152;SS;AS111-AS1-20180127162511
2018-01-27 16:26:37.153;VU;AS111-AS1-20180127162321
2018-01-27 16:27:01.142;RO;AS111-AS1-20180127162612
2018-01-27 16:27:03.076;SP;AS111-AS1-20180127162612
2018-01-27 16:27:05.454;SQ;AS111-AS1-20180127162705
2018-01-27 16:27:24.071;RC;AS111-AS1-20180127162612
2018-01-27 16:27:25.244;SS;AS111-AS1-20180127162612
2018-01-27 16:27:31.386;RU;AS111-AS1-20180127162511
2018-01-27 16:27:33.970;VU;AS111-AS1-20180127162511
2018-01-27 16:27:40.398;RO;AS111-AS1-20180127162705
2018-01-27 16:27:41.394;SP;AS111-AS1-20180127162705
2018-01-27 16:27:58.264;RU;AS111-AS1-20180127162612
2018-01-27 16:27:58.277;RC;AS111-AS1-20180127162705
2018-01-27 16:28:02.566;SS;AS111-AS1-20180127162705
2018-01-27 16:28:03.569;VU;AS111-AS1-20180127162612
2018-01-27 16:28:11.853;RU;AS111-AS1-20180127162705
2018-01-27 16:28:14.851;VU;AS111-AS1-20180127162705
