2018-01-27 15:56:09.158;SQ;AS124-AS1-20180127155609
2018-01-27 15:57:07.317;RO;AS124-AS1-20180127155609
2018-01-27 15:57:08.583;SP;AS124-AS1-20180127155609
2018-01-27 15:57:10.304;SQ;AS124-AS1-20180127155710
2018-01-27 15:57:43.126;RC;AS124-AS1-20180127155609
2018-01-27 15:57:43.971;SS;AS124-AS1-20180127155609
2018-01-27 15:58:09.255;RO;AS124-AS1-20180127155710
2018-01-27 15:58:10.240;SP;AS124-AS1-20180127155710
2018-01-27 15:58:11.945;SQ;AS124-AS1-20180127155811
2018-01-27 15:58:44.809;RU;AS124-AS1-20180127155609
2018-01-27 15:58:46.653;VU;AS124-AS1-20180127155609
2018-01-27 15:59:03.753;RO;AS124-AS1-20180127155811
2018-01-27 15:59:05.413;SP;AS124-AS1-20180127155811
2018-01-27 15:59:06.361;RC;AS124-AS1-20180127155710
2018-01-27 15:59:08.038;SQ;AS124-AS1-20180127155908
2018-01-27 15:59:08.042;SS;AS124-AS1-20180127155710
2018-01-27 15:59:35.824;RC;AS124-AS1-20180127155811
2018-01-27 15:59:36.690;SS;AS124-AS1-20180127155811
2018-01-27 16:00:04.097;RO;AS124-AS1-20180127155908
2018-01-27 16:00:04.954;SP;AS124-AS1-20180127155908
2018-01-27 16:00:05.921;RU;AS124-AS1-20180127155710
2018-01-27 16:00:08.894;SQ;AS124-AS1-20180127160008
2018-01-27 16:00:09.488;VU;AS124-AS1-20180127155710
2018-01-27 16:00:32.063;RC;AS124-AS1-20180127155908
2018-01-27 16:00:32.923;SS;AS124-AS1-20180127155908
2018-01-27 16:00:47.593;RU;AS124-AS1-20180127155811
2018-01-27 16:00:49.431;VU;AS124-AS1-20180127155811
2018-01-27 16:01:02.512;RO;AS124-AS1-20180127160008
2018-01-27 16:01:03.808;SP;AS124-AS1-20180127160008
2018-01-27 16:01:05.534;SQ;AS124-AS1-20180127160105
2018-01-27 16:01:32.663;RU;AS124-AS1-20180127155908
2018-01-27 16:01:34.531;VU;AS124-AS1-20180127155908
2018-01-27 16:01:34.538;RC;AS124-AS1-20180127160008
2018-01-27 16:01:35.379;SS;AS124-AS1-20180127160008
2018-01-27 16:02:07.704;RO;AS124-AS1-20180127160105
2018-01-27 16:02:09.527;SP;AS124-AS1-20180127160105
2018-01-27 16:02:11.900;SQ;AS124-AS1-20180127160211
2018-01-27 16:02:38.534;RC;AS124-AS1-20180127160105
2018-01-27 16:02:40.110;SS;AS124-AS1-20180127160105
2018-01-27 16:02:45.036;RU;AS124-AS1-20180127160008
2018-01-27 16:02:46.880;VU;AS124-AS1-20180127160008
2018-01-27 16:03:14.570;RO;AS124-AS1-20180127160211
2018-01-27 16:03:15.817;SP;AS124-AS1-20180127160211
2018-01-27 16:03:17.559;SQ;AS124-AS1-20180127160317
2018-01-27 16:03:36.756;RU;AS124-AS1-20180127160105
2018-01-27 16:03:38.606;VU;AS124-AS1-20180127160105
2018-01-27 16:03:49.050;RC;AS124-AS1-20180127160211
2018-01-27 16:03:49.906;SS;AS124-AS1-20180127160211
2018-01-27 16:04:14.110;RO;AS124-AS1-20180127160317
2018-01-27 16:04:14.974;SP;AS124-AS1-20180127160317
2018-01-27 16:04:16.716;SQ;AS124-AS1-20180127160416
2018-01-27 16:04:42.693;RC;AS124-AS1-20180127160317
2018-01-27 16:04:44.454;SS;AS124-AS1-20180127160317
2018-01-27 16:04:53.180;RU;AS124-AS1-20180127160211
2018-01-27 16:04:55.010;VU;AS124-AS1-20180127160211
2018-01-27 16:05:10.273;RO;AS124-AS1-20180127160416
2018-01-27 16:05:11.140;SP;AS124-AS1-20180127160416
2018-01-27 16:05:13.655;SQ;AS124-AS1-20180127160513
2018-01-27 16:05:41.302;RC;AS124-AS1-20180127160416
2018-01-27 16:05:42.160;SS;AS124-AS1-20180127160416
2018-01-27 16:05:53.842;RU;AS124-AS1-20180127160317
2018-01-27 16:05:55.704;VU;AS124-AS1-20180127160317
2018-01-27 16:06:10.194;RO;AS124-AS1-20180127160513
2018-01-27 16:06:11.093;SP;AS124-AS1-20180127160513
2018-01-27 16:06:12.814;SQ;AS124-AS1-20180127160612
2018-01-27 16:06:37.816;RC;AS124-AS1-20180127160513
2018-01-27 16:06:38.648;SS;AS124-AS1-20180127160513
2018-01-27 16:06:44.298;RU;AS124-AS1-20180127160416
2018-01-27 16:06:46.180;VU;AS124-AS1-20180127160416
2018-01-27 16:07:11.499;RO;AS124-AS1-20180127160612
2018-01-27 16:07:12.740;SP;AS124-AS1-20180127160612
2018-01-27 16:07:14.436;SQ;AS124-AS1-20180127160714
2018-01-27 16:07:45.488;RU;AS124-AS1-20180127160513
2018-01-27 16:07:47.333;VU;AS124-AS1-20180127160513
2018-01-27 16:07:47.689;RC;AS124-AS1-20180127160612
2018-01-27 16:07:49.415;SS;AS124-AS1-20180127160612
2018-01-27 16:08:11.870;RO;AS124-AS1-20180127160714
2018-01-27 16:08:12.862;SP;AS124-AS1-20180127160714
2018-01-27 16:08:14.591;SQ;AS124-AS1-20180127160814
2018-01-27 16:08:48.440;RC;AS124-AS1-20180127160714
2018-01-27 16:08:50.000;SS;AS124-AS1-20180127160714
2018-01-27 16:08:58.446;RU;AS124-AS1-20180127160612
2018-01-27 16:09:00.285;VU;AS124-AS1-20180127160612
2018-01-27 16:09:13.660;RO;AS124-AS1-20180127160814
2018-01-27 16:09:15.033;SP;AS124-AS1-20180127160814
2018-01-27 16:09:16.746;SQ;AS124-AS1-20180127160916
2018-01-27 16:09:44.247;RU;AS124-AS1-20180127160714
2018-01-27 16:09:46.103;VU;AS124-AS1-20180127160714
2018-01-27 16:09:46.717;RC;AS124-AS1-20180127160814
2018-01-27 16:09:47.584;SS;AS124-AS1-20180127160814
2018-01-27 16:10:06.609;RO;AS124-AS1-20180127160916
2018-01-27 16:10:07.677;SP;AS124-AS1-20180127160916
2018-01-27 16:10:09.406;SQ;AS124-AS1-20180127161009
2018-01-27 16:10:29.683;RC;AS124-AS1-20180127160916
2018-01-27 16:10:30.548;SS;AS124-AS1-20180127160916
2018-01-27 16:10:52.562;RU;AS124-AS1-20180127160814
2018-01-27 16:10:54.431;VU;AS124-AS1-20180127160814
2018-01-27 16:11:08.525;RO;AS124-AS1-20180127161009
2018-01-27 16:11:09.822;SP;AS124-AS1-20180127161009
2018-01-27 16:11:11.527;SQ;AS124-AS1-20180127161111
2018-01-27 16:11:33.546;RU;AS124-AS1-20180127160916
2018-01-27 16:11:35.410;VU;AS124-AS1-20180127160916
2018-01-27 16:11:46.024;RC;AS124-AS1-20180127161009
2018-01-27 16:11:46.854;SS;AS124-AS1-20180127161009
2018-01-27 16:12:06.601;RO;AS124-AS1-20180127161111
2018-01-27 16:12:08.954;SP;AS124-AS1-20180127161111
2018-01-27 16:12:11.107;SQ;AS124-AS1-20180127161211
2018-01-27 16:12:37.972;RC;AS124-AS1-20180127161111
2018-01-27 16:12:39.770;SS;AS124-AS1-20180127161111
2018-01-27 16:12:52.888;RU;AS124-AS1-20180127161009
2018-01-27 16:12:55.350;VU;AS124-AS1-20180127161009
2018-01-27 16:13:15.386;RO;AS124-AS1-20180127161211
2018-01-27 16:13:16.531;SP;AS124-AS1-20180127161211
2018-01-27 16:13:18.235;SQ;AS124-AS1-20180127161318
2018-01-27 16:13:42.810;RU;AS124-AS1-20180127161111
2018-01-27 16:13:44.665;VU;AS124-AS1-20180127161111
2018-01-27 16:13:48.794;RC;AS124-AS1-20180127161211
2018-01-27 16:13:49.626;SS;AS124-AS1-20180127161211
2018-01-27 16:14:19.749;RO;AS124-AS1-20180127161318
2018-01-27 16:14:20.672;SP;AS124-AS1-20180127161318
2018-01-27 16:14:22.357;SQ;AS124-AS1-20180127161422
2018-01-27 16:14:49.923;RC;AS124-AS1-20180127161318
2018-01-27 16:14:50.253;RU;AS124-AS1-20180127161211
2018-01-27 16:14:51.204;SS;AS124-AS1-20180127161318
2018-01-27 16:14:52.626;VU;AS124-AS1-20180127161211
2018-01-27 16:15:22.061;RO;AS124-AS1-20180127161422
2018-01-27 16:15:23.264;SP;AS124-AS1-20180127161422
2018-01-27 16:15:24.939;SQ;AS124-AS1-20180127161524
2018-01-27 16:15:49.595;RU;AS124-AS1-20180127161318
2018-01-27 16:15:51.447;VU;AS124-AS1-20180127161318
2018-01-27 16:15:51.770;RC;AS124-AS1-20180127161422
2018-01-27 16:15:52.622;SS;AS124-AS1-20180127161422
2018-01-27 16:16:23.384;RO;AS124-AS1-20180127161524
2018-01-27 16:16:24.340;SP;AS124-AS1-20180127161524
2018-01-27 16:16:26.075;SQ;AS124-AS1-20180127161626
2018-01-27 16:16:52.431;RC;AS124-AS1-20180127161524
2018-01-27 16:16:53.269;SS;AS124-AS1-20180127161524
2018-01-27 16:16:54.547;RU;AS124-AS1-20180127161422
2018-01-27 16:16:56.387;VU;AS124-AS1-20180127161422
2018-01-27 16:17:26.589;RO;AS124-AS1-20180127161626
2018-01-27 16:17:27.507;SP;AS124-AS1-20180127161626
2018-01-27 16:17:29.204;SQ;AS124-AS1-20180127161729
2018-01-27 16:18:01.040;RU;AS124-AS1-20180127161524
2018-01-27 16:18:01.311;RC;AS124-AS1-20180127161626
2018-01-27 16:18:02.836;SS;AS124-AS1-20180127161626
2018-01-27 16:18:03.484;VU;AS124-AS1-20180127161524
2018-01-27 16:18:29.525;RO;AS124-AS1-20180127161729
2018-01-27 16:18:30.637;SP;AS124-AS1-20180127161729
2018-01-27 16:18:32.367;SQ;AS124-AS1-20180127161832
2018-01-27 16:19:01.731;RC;AS124-AS1-20180127161729
2018-01-27 16:19:02.597;SS;AS124-AS1-20180127161729
2018-01-27 16:19:07.374;RU;AS124-AS1-20180127161626
2018-01-27 16:19:09.491;VU;AS124-AS1-20180127161626
2018-01-27 16:19:29.088;RO;AS124-AS1-20180127161832
2018-01-27 16:19:30.277;SP;AS124-AS1-20180127161832
2018-01-27 16:19:31.966;SQ;AS124-AS1-20180127161931
2018-01-27 16:20:03.470;RC;AS124-AS1-20180127161832
2018-01-27 16:20:03.515;RU;AS124-AS1-20180127161729
2018-01-27 16:20:05.201;SS;AS124-AS1-20180127161832
2018-01-27 16:20:06.203;VU;AS124-AS1-20180127161729
2018-01-27 16:20:33.253;RO;AS124-AS1-20180127161931
2018-01-27 16:20:34.408;SP;AS124-AS1-20180127161931
2018-01-27 16:20:36.157;SQ;AS124-AS1-20180127162036
2018-01-27 16:21:00.259;RC;AS124-AS1-20180127161931
2018-01-27 16:21:01.096;SS;AS124-AS1-20180127161931
2018-01-27 16:21:35.465;RU;AS124-AS1-20180127161832
2018-01-27 16:21:36.173;RO;AS124-AS1-20180127162036
2018-01-27 16:21:37.164;SP;AS124-AS1-20180127162036
2018-01-27 16:21:37.424;VU;AS124-AS1-20180127161832
2018-01-27 16:21:38.866;SQ;AS124-AS1-20180127162138
2018-01-27 16:22:06.482;RC;AS124-AS1-20180127162036
2018-01-27 16:22:07.351;SS;AS124-AS1-20180127162036
2018-01-27 16:22:08.416;RU;AS124-AS1-20180127161931
2018-01-27 16:22:10.254;VU;AS124-AS1-20180127161931
2018-01-27 16:23:11.102;RO;AS124-AS1-20180127162138
2018-01-27 16:23:11.608;RU;AS124-AS1-20180127162036
2018-01-27 16:23:12.988;SP;AS124-AS1-20180127162138
2018-01-27 16:23:14.409;VU;AS124-AS1-20180127162036
2018-01-27 16:23:14.880;SQ;AS124-AS1-20180127162314
2018-01-27 16:23:47.149;RC;AS124-AS1-20180127162138
2018-01-27 16:23:47.998;SS;AS124-AS1-20180127162138
2018-01-27 16:24:18.236;RO;AS124-AS1-20180127162314
2018-01-27 16:24:19.285;SP;AS124-AS1-20180127162314
2018-01-27 16:24:21.234;SQ;AS124-AS1-20180127162421
2018-01-27 16:24:46.288;RC;AS124-AS1-20180127162314
2018-01-27 16:24:47.133;SS;AS124-AS1-20180127162314
2018-01-27 16:24:47.468;RU;AS124-AS1-20180127162138
2018-01-27 16:24:49.328;VU;AS124-AS1-20180127162138
2018-01-27 16:25:19.320;RO;AS124-AS1-20180127162421
2018-01-27 16:25:20.669;SP;AS124-AS1-20180127162421
2018-01-27 16:25:22.365;SQ;AS124-AS1-20180127162522
2018-01-27 16:25:47.482;RU;AS124-AS1-20180127162314
2018-01-27 16:25:49.326;VU;AS124-AS1-20180127162314
2018-01-27 16:25:50.715;RC;AS124-AS1-20180127162421
2018-01-27 16:25:51.590;SS;AS124-AS1-20180127162421
2018-01-27 16:26:19.854;RO;AS124-AS1-20180127162522
2018-01-27 16:26:20.788;SP;AS124-AS1-20180127162522
2018-01-27 16:26:22.493;SQ;AS124-AS1-20180127162622
2018-01-27 16:26:47.220;RC;AS124-AS1-20180127162522
2018-01-27 16:26:48.065;SS;AS124-AS1-20180127162522
2018-01-27 16:26:50.642;RU;AS124-AS1-20180127162421
2018-01-27 16:26:52.509;VU;AS124-AS1-20180127162421
2018-01-27 16:27:11.245;RO;AS124-AS1-20180127162622
2018-01-27 16:27:12.391;SP;AS124-AS1-20180127162622
2018-01-27 16:27:31.730;RC;AS124-AS1-20180127162622
2018-01-27 16:27:32.239;RU;AS124-AS1-20180127162522
2018-01-27 16:27:32.925;SS;AS124-AS1-20180127162622
2018-01-27 16:27:34.480;VU;AS124-AS1-20180127162522
2018-01-27 16:27:58.274;RU;AS124-AS1-20180127162622
2018-01-27 16:28:02.914;VU;AS124-AS1-20180127162622
