2018-01-27 15:56:09.961;SQ;AS127-AS1-20180127155609
2018-01-27 15:56:44.352;RO;AS127-AS1-20180127155609
2018-01-27 15:56:45.366;SP;AS127-AS1-20180127155609
2018-01-27 15:56:47.071;SQ;AS127-AS1-20180127155647
2018-01-27 15:57:08.587;RC;AS127-AS1-20180127155609
2018-01-27 15:57:09.451;SS;AS127-AS1-20180127155609
2018-01-27 15:58:05.222;RO;AS127-AS1-20180127155647
2018-01-27 15:58:06.518;SP;AS127-AS1-20180127155647
2018-01-27 15:58:08.257;SQ;AS127-AS1-20180127155808
2018-01-27 15:58:14.779;RU;AS127-AS1-20180127155609
2018-01-27 15:58:17.063;VU;AS127-AS1-20180127155609
2018-01-27 15:58:34.198;RC;AS127-AS1-20180127155647
2018-01-27 15:58:35.059;SS;AS127-AS1-20180127155647
2018-01-27 15:59:09.853;RO;AS127-AS1-20180127155808
2018-01-27 15:59:11.181;SP;AS127-AS1-20180127155808
2018-01-27 15:59:12.906;SQ;AS127-AS1-20180127155912
2018-01-27 15:59:32.167;RU;AS127-AS1-20180127155647
2018-01-27 15:59:34.002;VU;AS127-AS1-20180127155647
2018-01-27 15:59:42.677;RC;AS127-AS1-20180127155808
2018-01-27 15:59:43.519;SS;AS127-AS1-20180127155808
2018-01-27 16:00:14.263;RO;AS127-AS1-20180127155912
2018-01-27 16:00:15.311;SP;AS127-AS1-20180127155912
2018-01-27 16:00:17.022;SQ;AS127-AS1-20180127160017
2018-01-27 16:00:46.991;RC;AS127-AS1-20180127155912
2018-01-27 16:00:47.833;SS;AS127-AS1-20180127155912
2018-01-27 16:00:53.828;RU;AS127-AS1-20180127155808
2018-01-27 16:00:55.696;VU;AS127-AS1-20180127155808
2018-01-27 16:01:14.902;RO;AS127-AS1-20180127160017
2018-01-27 16:01:15.933;SP;AS127-AS1-20180127160017
2018-01-27 16:01:17.657;SQ;AS127-AS1-20180127160117
2018-01-27 16:01:55.105;RU;AS127-AS1-20180127155912
2018-01-27 16:01:56.963;VU;AS127-AS1-20180127155912
2018-01-27 16:02:11.901;RC;AS127-AS1-20180127160017
2018-01-27 16:02:12.776;SS;AS127-AS1-20180127160017
2018-01-27 16:02:45.293;RO;AS127-AS1-20180127160117
2018-01-27 16:02:46.623;SP;AS127-AS1-20180127160117
2018-01-27 16:02:48.338;SQ;AS127-AS1-20180127160248
2018-01-27 16:03:22.081;RC;AS127-AS1-20180127160117
2018-01-27 16:03:22.716;RU;AS127-AS1-20180127160017
2018-01-27 16:03:23.126;SS;AS127-AS1-20180127160117
2018-01-27 16:03:24.813;VU;AS127-AS1-20180127160017
2018-01-27 16:03:51.776;RO;AS127-AS1-20180127160248
2018-01-27 16:03:52.773;SP;AS127-AS1-20180127160248
2018-01-27 16:03:54.479;SQ;AS127-AS1-20180127160354
2018-01-27 16:04:21.198;RC;AS127-AS1-20180127160248
2018-01-27 16:04:22.054;SS;AS127-AS1-20180127160248
2018-01-27 16:04:22.939;RU;AS127-AS1-20180127160117
2018-01-27 16:04:24.787;VU;AS127-AS1-20180127160117
2018-01-27 16:04:57.494;RO;AS127-AS1-20180127160354
2018-01-27 16:04:59.349;SP;AS127-AS1-20180127160354
2018-01-27 16:05:02.188;SQ;AS127-AS1-20180127160502
2018-01-27 16:05:26.099;RU;AS127-AS1-20180127160248
2018-01-27 16:05:27.349;RC;AS127-AS1-20180127160354
2018-01-27 16:05:27.958;VU;AS127-AS1-20180127160248
2018-01-27 16:05:28.220;SS;AS127-AS1-20180127160354
2018-01-27 16:05:59.140;RO;AS127-AS1-20180127160502
2018-01-27 16:06:00.735;SP;AS127-AS1-20180127160502
2018-01-27 16:06:04.054;SQ;AS127-AS1-20180127160604
2018-01-27 16:06:32.669;RU;AS127-AS1-20180127160354
2018-01-27 16:06:33.725;RC;AS127-AS1-20180127160502
2018-01-27 16:06:34.540;VU;AS127-AS1-20180127160354
2018-01-27 16:06:34.573;SS;AS127-AS1-20180127160502
2018-01-27 16:07:08.957;RO;AS127-AS1-20180127160604
2018-01-27 16:07:10.008;SP;AS127-AS1-20180127160604
2018-01-27 16:07:11.706;SQ;AS127-AS1-20180127160711
2018-01-27 16:07:32.851;RU;AS127-AS1-20180127160502
2018-01-27 16:07:34.681;VU;AS127-AS1-20180127160502
2018-01-27 16:07:41.941;RC;AS127-AS1-20180127160604
2018-01-27 16:07:42.807;SS;AS127-AS1-20180127160604
2018-01-27 16:08:09.926;RO;AS127-AS1-20180127160711
2018-01-27 16:08:11.130;SP;AS127-AS1-20180127160711
2018-01-27 16:08:12.825;SQ;AS127-AS1-20180127160812
2018-01-27 16:08:33.135;RC;AS127-AS1-20180127160711
2018-01-27 16:08:34.887;SS;AS127-AS1-20180127160711
2018-01-27 16:08:40.136;RU;AS127-AS1-20180127160604
2018-01-27 16:08:41.994;VU;AS127-AS1-20180127160604
2018-01-27 16:09:14.300;RO;AS127-AS1-20180127160812
2018-01-27 16:09:15.247;SP;AS127-AS1-20180127160812
2018-01-27 16:09:16.959;SQ;AS127-AS1-20180127160916
2018-01-27 16:09:35.845;RU;AS127-AS1-20180127160711
2018-01-27 16:09:37.725;VU;AS127-AS1-20180127160711
2018-01-27 16:09:41.486;RC;AS127-AS1-20180127160812
2018-01-27 16:09:42.349;SS;AS127-AS1-20180127160812
2018-01-27 16:10:12.627;RO;AS127-AS1-20180127160916
2018-01-27 16:10:13.884;SP;AS127-AS1-20180127160916
2018-01-27 16:10:15.574;SQ;AS127-AS1-20180127161015
2018-01-27 16:10:43.950;RC;AS127-AS1-20180127160916
2018-01-27 16:10:44.806;SS;AS127-AS1-20180127160916
2018-01-27 16:10:53.721;RU;AS127-AS1-20180127160812
2018-01-27 16:10:55.586;VU;AS127-AS1-20180127160812
2018-01-27 16:11:23.406;RO;AS127-AS1-20180127161015
2018-01-27 16:11:24.523;SP;AS127-AS1-20180127161015
2018-01-27 16:11:26.265;SQ;AS127-AS1-20180127161126
2018-01-27 16:11:46.165;RU;AS127-AS1-20180127160916
2018-01-27 16:11:48.012;VU;AS127-AS1-20180127160916
2018-01-27 16:11:50.332;RC;AS127-AS1-20180127161015
2018-01-27 16:11:51.169;SS;AS127-AS1-20180127161015
2018-01-27 16:12:25.953;RO;AS127-AS1-20180127161126
2018-01-27 16:12:27.206;SP;AS127-AS1-20180127161126
2018-01-27 16:12:28.942;SQ;AS127-AS1-20180127161228
2018-01-27 16:12:52.329;RC;AS127-AS1-20180127161126
2018-01-27 16:12:53.172;SS;AS127-AS1-20180127161126
2018-01-27 16:12:54.067;RU;AS127-AS1-20180127161015
2018-01-27 16:12:56.563;VU;AS127-AS1-20180127161015
2018-01-27 16:13:32.808;RO;AS127-AS1-20180127161228
2018-01-27 16:13:33.860;SP;AS127-AS1-20180127161228
2018-01-27 16:13:35.539;SQ;AS127-AS1-20180127161335
2018-01-27 16:13:40.158;RU;AS127-AS1-20180127161126
2018-01-27 16:13:42.527;VU;AS127-AS1-20180127161126
2018-01-27 16:14:06.863;RC;AS127-AS1-20180127161228
2018-01-27 16:14:07.715;SS;AS127-AS1-20180127161228
2018-01-27 16:14:32.698;RO;AS127-AS1-20180127161335
2018-01-27 16:14:33.963;SP;AS127-AS1-20180127161335
2018-01-27 16:14:35.666;SQ;AS127-AS1-20180127161435
2018-01-27 16:14:56.252;RC;AS127-AS1-20180127161335
2018-01-27 16:14:58.088;SS;AS127-AS1-20180127161335
2018-01-27 16:15:13.190;RU;AS127-AS1-20180127161228
2018-01-27 16:15:15.245;VU;AS127-AS1-20180127161228
2018-01-27 16:15:36.180;RO;AS127-AS1-20180127161435
2018-01-27 16:15:37.065;SP;AS127-AS1-20180127161435
2018-01-27 16:15:38.751;SQ;AS127-AS1-20180127161538
2018-01-27 16:16:10.601;RC;AS127-AS1-20180127161435
2018-01-27 16:16:11.439;SS;AS127-AS1-20180127161435
2018-01-27 16:16:23.374;RU;AS127-AS1-20180127161335
2018-01-27 16:16:25.208;VU;AS127-AS1-20180127161335
2018-01-27 16:16:39.792;RO;AS127-AS1-20180127161538
2018-01-27 16:16:40.663;SP;AS127-AS1-20180127161538
2018-01-27 16:16:42.391;SQ;AS127-AS1-20180127161642
2018-01-27 16:17:10.035;RU;AS127-AS1-20180127161435
2018-01-27 16:17:11.874;VU;AS127-AS1-20180127161435
2018-01-27 16:17:44.762;RO;AS127-AS1-20180127161642
2018-01-27 16:17:45.020;RC;AS127-AS1-20180127161538
2018-01-27 16:17:46.671;SP;AS127-AS1-20180127161642
2018-01-27 16:17:46.674;SS;AS127-AS1-20180127161538
2018-01-27 16:17:48.318;SQ;AS127-AS1-20180127161748
2018-01-27 16:18:16.730;RC;AS127-AS1-20180127161642
2018-01-27 16:18:17.592;SS;AS127-AS1-20180127161642
2018-01-27 16:18:47.604;RO;AS127-AS1-20180127161748
2018-01-27 16:18:48.745;SP;AS127-AS1-20180127161748
2018-01-27 16:18:50.092;RU;AS127-AS1-20180127161538
2018-01-27 16:18:50.786;SQ;AS127-AS1-20180127161850
2018-01-27 16:18:52.326;VU;AS127-AS1-20180127161538
2018-01-27 16:19:16.459;RU;AS127-AS1-20180127161642
2018-01-27 16:19:18.342;VU;AS127-AS1-20180127161642
2018-01-27 16:19:19.175;RC;AS127-AS1-20180127161748
2018-01-27 16:19:20.019;SS;AS127-AS1-20180127161748
2018-01-27 16:19:51.055;RO;AS127-AS1-20180127161850
2018-01-27 16:19:52.196;SP;AS127-AS1-20180127161850
2018-01-27 16:19:53.908;SQ;AS127-AS1-20180127161953
2018-01-27 16:20:18.947;RC;AS127-AS1-20180127161850
2018-01-27 16:20:19.814;SS;AS127-AS1-20180127161850
2018-01-27 16:20:22.438;RU;AS127-AS1-20180127161748
2018-01-27 16:20:24.275;VU;AS127-AS1-20180127161748
2018-01-27 16:20:54.431;RO;AS127-AS1-20180127161953
2018-01-27 16:20:55.325;SP;AS127-AS1-20180127161953
2018-01-27 16:20:57.025;SQ;AS127-AS1-20180127162057
2018-01-27 16:21:23.464;RU;AS127-AS1-20180127161850
2018-01-27 16:21:23.727;RC;AS127-AS1-20180127161953
2018-01-27 16:21:25.234;SS;AS127-AS1-20180127161953
2018-01-27 16:21:25.918;VU;AS127-AS1-20180127161850
2018-01-27 16:21:40.278;RO;AS127-AS1-20180127162057
2018-01-27 16:21:41.414;SP;AS127-AS1-20180127162057
2018-01-27 16:21:43.100;SQ;AS127-AS1-20180127162143
2018-01-27 16:22:11.221;RC;AS127-AS1-20180127162057
2018-01-27 16:22:12.063;SS;AS127-AS1-20180127162057
2018-01-27 16:22:26.447;RU;AS127-AS1-20180127161953
2018-01-27 16:22:28.283;VU;AS127-AS1-20180127161953
2018-01-27 16:22:43.444;RO;AS127-AS1-20180127162143
2018-01-27 16:22:44.508;SP;AS127-AS1-20180127162143
2018-01-27 16:22:46.202;SQ;AS127-AS1-20180127162246
2018-01-27 16:23:12.259;RU;AS127-AS1-20180127162057
2018-01-27 16:23:13.492;RC;AS127-AS1-20180127162143
2018-01-27 16:23:14.614;SS;AS127-AS1-20180127162143
2018-01-27 16:23:51.749;RO;AS127-AS1-20180127162246
2018-01-27 16:23:52.862;SP;AS127-AS1-20180127162246
2018-01-27 16:23:55.397;SQ;AS127-AS1-20180127162355
2018-01-27 16:24:15.271;RU;AS127-AS1-20180127162143
2018-01-27 16:24:16.341;RC;AS127-AS1-20180127162246
2018-01-27 16:24:17.444;VU;AS127-AS1-20180127162143
2018-01-27 16:24:17.658;SS;AS127-AS1-20180127162246
2018-01-27 16:24:45.868;RO;AS127-AS1-20180127162355
2018-01-27 16:24:46.957;SP;AS127-AS1-20180127162355
2018-01-27 16:24:49.413;SQ;AS127-AS1-20180127162449
2018-01-27 16:25:14.195;RU;AS127-AS1-20180127162246
2018-01-27 16:25:14.540;RC;AS127-AS1-20180127162355
2018-01-27 16:25:16.534;SS;AS127-AS1-20180127162355
2018-01-27 16:25:17.057;VU;AS127-AS1-20180127162246
2018-01-27 16:25:48.317;RO;AS127-AS1-20180127162449
2018-01-27 16:25:49.722;SP;AS127-AS1-20180127162449
2018-01-27 16:25:52.210;SQ;AS127-AS1-20180127162552
2018-01-27 16:26:19.083;RU;AS127-AS1-20180127162355
2018-01-27 16:26:21.031;VU;AS127-AS1-20180127162355
2018-01-27 16:26:47.123;RC;AS127-AS1-20180127162449
2018-01-27 16:26:48.874;SS;AS127-AS1-20180127162449
2018-01-27 16:27:08.557;RO;AS127-AS1-20180127162552
2018-01-27 16:27:09.850;SP;AS127-AS1-20180127162552
2018-01-27 16:27:12.417;SQ;AS127-AS1-20180127162712
2018-01-27 16:27:30.847;RC;AS127-AS1-20180127162552
2018-01-27 16:27:32.302;SS;AS127-AS1-20180127162552
2018-01-27 16:27:41.511;RU;AS127-AS1-20180127162449
2018-01-27 16:27:43.760;VU;AS127-AS1-20180127162449
2018-01-27 16:27:45.349;RO;AS127-AS1-20180127162712
2018-01-27 16:27:47.855;SP;AS127-AS1-20180127162712
2018-01-27 16:27:58.354;RC;AS127-AS1-20180127162712
2018-01-27 16:27:58.427;RU;AS127-AS1-20180127162552
2018-01-27 16:28:02.844;SS;AS127-AS1-20180127162712
2018-01-27 16:28:03.892;VU;AS127-AS1-20180127162552
2018-01-27 16:28:12.948;RU;AS127-AS1-20180127162712
2018-01-27 16:28:15.126;VU;AS127-AS1-20180127162712
