2018-01-27 15:56:14.656;SQ;AS125-AS1-20180127155614
2018-01-27 15:56:53.095;RO;AS125-AS1-20180127155614
2018-01-27 15:56:53.988;SP;AS125-AS1-20180127155614
2018-01-27 15:56:55.610;SQ;AS125-AS1-20180127155655
2018-01-27 15:57:23.512;RC;AS125-AS1-20180127155614
2018-01-27 15:57:24.310;SS;AS125-AS1-20180127155614
2018-01-27 15:57:50.026;RO;AS125-AS1-20180127155655
2018-01-27 15:57:50.980;SP;AS125-AS1-20180127155655
2018-01-27 15:57:52.605;SQ;AS125-AS1-20180127155752
2018-01-27 15:58:18.583;RC;AS125-AS1-20180127155655
2018-01-27 15:58:19.415;SS;AS125-AS1-20180127155655
2018-01-27 15:58:24.700;RU;AS125-AS1-20180127155614
2018-01-27 15:58:26.534;VU;AS125-AS1-20180127155614
2018-01-27 15:58:57.032;RO;AS125-AS1-20180127155752
2018-01-27 15:58:57.973;SP;AS125-AS1-20180127155752
2018-01-27 15:58:59.573;SQ;AS125-AS1-20180127155859
2018-01-27 15:59:22.915;RU;AS125-AS1-20180127155655
2018-01-27 15:59:24.734;VU;AS125-AS1-20180127155655
2018-01-27 15:59:29.496;RC;AS125-AS1-20180127155752
2018-01-27 15:59:30.316;SS;AS125-AS1-20180127155752
2018-01-27 16:00:04.057;RO;AS125-AS1-20180127155859
2018-01-27 16:00:04.967;SP;AS125-AS1-20180127155859
2018-01-27 16:00:07.912;SQ;AS125-AS1-20180127160007
2018-01-27 16:00:30.395;RU;AS125-AS1-20180127155752
2018-01-27 16:00:32.200;VU;AS125-AS1-20180127155752
2018-01-27 16:00:38.268;RC;AS125-AS1-20180127155859
2018-01-27 16:00:39.096;SS;AS125-AS1-20180127155859
2018-01-27 16:01:02.921;RO;AS125-AS1-20180127160007
2018-01-27 16:01:03.789;SP;AS125-AS1-20180127160007
2018-01-27 16:01:05.448;SQ;AS125-AS1-20180127160105
2018-01-27 16:01:35.327;RC;AS125-AS1-20180127160007
2018-01-27 16:01:35.332;RU;AS125-AS1-20180127155859
2018-01-27 16:01:36.950;SS;AS125-AS1-20180127160007
2018-01-27 16:01:37.952;VU;AS125-AS1-20180127155859
2018-01-27 16:02:35.937;RO;AS125-AS1-20180127160105
2018-01-27 16:02:36.063;RU;AS125-AS1-20180127160007
2018-01-27 16:02:37.676;SP;AS125-AS1-20180127160105
2018-01-27 16:02:38.679;VU;AS125-AS1-20180127160007
2018-01-27 16:02:39.914;SQ;AS125-AS1-20180127160239
2018-01-27 16:03:08.889;RC;AS125-AS1-20180127160105
2018-01-27 16:03:09.710;SS;AS125-AS1-20180127160105
2018-01-27 16:03:36.640;RO;AS125-AS1-20180127160239
2018-01-27 16:03:37.770;SP;AS125-AS1-20180127160239
2018-01-27 16:03:39.388;SQ;AS125-AS1-20180127160339
2018-01-27 16:04:14.269;RC;AS125-AS1-20180127160239
2018-01-27 16:04:14.480;RU;AS125-AS1-20180127160105
2018-01-27 16:04:15.646;SS;AS125-AS1-20180127160239
2018-01-27 16:04:16.943;VU;AS125-AS1-20180127160105
2018-01-27 16:04:40.877;RO;AS125-AS1-20180127160339
2018-01-27 16:04:41.761;SP;AS125-AS1-20180127160339
2018-01-27 16:04:44.234;SQ;AS125-AS1-20180127160444
2018-01-27 16:05:15.210;RC;AS125-AS1-20180127160339
2018-01-27 16:05:16.008;SS;AS125-AS1-20180127160339
2018-01-27 16:05:21.612;RU;AS125-AS1-20180127160239
2018-01-27 16:05:23.408;VU;AS125-AS1-20180127160239
2018-01-27 16:05:44.087;RO;AS125-AS1-20180127160444
2018-01-27 16:05:46.054;SP;AS125-AS1-20180127160444
2018-01-27 16:05:48.487;SQ;AS125-AS1-20180127160548
2018-01-27 16:06:16.332;RC;AS125-AS1-20180127160444
2018-01-27 16:06:17.158;SS;AS125-AS1-20180127160444
2018-01-27 16:06:17.443;RU;AS125-AS1-20180127160339
2018-01-27 16:06:19.243;VU;AS125-AS1-20180127160339
2018-01-27 16:06:50.088;RO;AS125-AS1-20180127160548
2018-01-27 16:06:51.347;SP;AS125-AS1-20180127160548
2018-01-27 16:06:52.963;SQ;AS125-AS1-20180127160652
2018-01-27 16:07:19.920;RC;AS125-AS1-20180127160548
2018-01-27 16:07:20.734;SS;AS125-AS1-20180127160548
2018-01-27 16:07:45.751;RU;AS125-AS1-20180127160444
2018-01-27 16:07:47.566;VU;AS125-AS1-20180127160444
2018-01-27 16:07:54.169;RO;AS125-AS1-20180127160652
2018-01-27 16:07:55.355;SP;AS125-AS1-20180127160652
2018-01-27 16:07:56.988;SQ;AS125-AS1-20180127160756
2018-01-27 16:08:23.881;RU;AS125-AS1-20180127160548
2018-01-27 16:08:25.702;VU;AS125-AS1-20180127160548
2018-01-27 16:08:25.891;RC;AS125-AS1-20180127160652
2018-01-27 16:08:26.682;SS;AS125-AS1-20180127160652
2018-01-27 16:08:50.300;RO;AS125-AS1-20180127160756
2018-01-27 16:08:51.353;SP;AS125-AS1-20180127160756
2018-01-27 16:08:52.977;SQ;AS125-AS1-20180127160852
2018-01-27 16:09:22.663;RC;AS125-AS1-20180127160756
2018-01-27 16:09:23.467;SS;AS125-AS1-20180127160756
2018-01-27 16:09:30.548;RU;AS125-AS1-20180127160652
2018-01-27 16:09:32.379;VU;AS125-AS1-20180127160652
2018-01-27 16:09:50.345;RO;AS125-AS1-20180127160852
2018-01-27 16:09:51.620;SP;AS125-AS1-20180127160852
2018-01-27 16:09:53.223;SQ;AS125-AS1-20180127160953
2018-01-27 16:10:23.086;RC;AS125-AS1-20180127160852
2018-01-27 16:10:23.878;SS;AS125-AS1-20180127160852
2018-01-27 16:10:28.399;RU;AS125-AS1-20180127160756
2018-01-27 16:10:30.227;VU;AS125-AS1-20180127160756
2018-01-27 16:11:18.954;RU;AS125-AS1-20180127160852
2018-01-27 16:11:20.474;RO;AS125-AS1-20180127160953
2018-01-27 16:11:20.774;VU;AS125-AS1-20180127160852
2018-01-27 16:11:22.524;SP;AS125-AS1-20180127160953
2018-01-27 16:11:24.426;SQ;AS125-AS1-20180127161124
2018-01-27 16:11:53.375;RC;AS125-AS1-20180127160953
2018-01-27 16:11:54.183;SS;AS125-AS1-20180127160953
2018-01-27 16:12:47.634;RO;AS125-AS1-20180127161124
2018-01-27 16:12:48.818;SP;AS125-AS1-20180127161124
2018-01-27 16:12:50.451;SQ;AS125-AS1-20180127161250
2018-01-27 16:12:53.180;RU;AS125-AS1-20180127160953
2018-01-27 16:12:55.942;VU;AS125-AS1-20180127160953
2018-01-27 16:13:18.969;RC;AS125-AS1-20180127161124
2018-01-27 16:13:19.767;SS;AS125-AS1-20180127161124
2018-01-27 16:13:49.503;RO;AS125-AS1-20180127161250
2018-01-27 16:13:50.324;SP;AS125-AS1-20180127161250
2018-01-27 16:13:51.940;SQ;AS125-AS1-20180127161351
2018-01-27 16:14:19.919;RU;AS125-AS1-20180127161124
2018-01-27 16:14:21.723;VU;AS125-AS1-20180127161124
2018-01-27 16:14:21.908;RC;AS125-AS1-20180127161250
2018-01-27 16:14:22.710;SS;AS125-AS1-20180127161250
2018-01-27 16:14:49.922;RO;AS125-AS1-20180127161351
2018-01-27 16:14:50.807;SP;AS125-AS1-20180127161351
2018-01-27 16:14:52.421;SQ;AS125-AS1-20180127161452
2018-01-27 16:15:22.100;RC;AS125-AS1-20180127161351
2018-01-27 16:15:22.920;SS;AS125-AS1-20180127161351
2018-01-27 16:15:23.867;RU;AS125-AS1-20180127161250
2018-01-27 16:15:25.672;VU;AS125-AS1-20180127161250
2018-01-27 16:15:54.138;RO;AS125-AS1-20180127161452
2018-01-27 16:15:55.307;SP;AS125-AS1-20180127161452
2018-01-27 16:15:56.910;SQ;AS125-AS1-20180127161556
2018-01-27 16:16:22.864;RC;AS125-AS1-20180127161452
2018-01-27 16:16:23.656;SS;AS125-AS1-20180127161452
2018-01-27 16:16:26.450;RU;AS125-AS1-20180127161351
2018-01-27 16:16:28.242;VU;AS125-AS1-20180127161351
2018-01-27 16:16:52.675;RO;AS125-AS1-20180127161556
2018-01-27 16:16:53.766;SP;AS125-AS1-20180127161556
2018-01-27 16:16:55.390;SQ;AS125-AS1-20180127161655
2018-01-27 16:17:27.422;RC;AS125-AS1-20180127161556
2018-01-27 16:17:27.987;RU;AS125-AS1-20180127161452
2018-01-27 16:17:28.414;SS;AS125-AS1-20180127161556
2018-01-27 16:17:30.027;VU;AS125-AS1-20180127161452
2018-01-27 16:18:23.482;RO;AS125-AS1-20180127161655
2018-01-27 16:18:24.287;SP;AS125-AS1-20180127161655
2018-01-27 16:18:25.905;SQ;AS125-AS1-20180127161825
2018-01-27 16:18:35.371;RU;AS125-AS1-20180127161556
2018-01-27 16:18:37.166;VU;AS125-AS1-20180127161556
2018-01-27 16:18:57.019;RC;AS125-AS1-20180127161655
2018-01-27 16:18:57.839;SS;AS125-AS1-20180127161655
2018-01-27 16:19:23.961;RO;AS125-AS1-20180127161825
2018-01-27 16:19:25.676;SP;AS125-AS1-20180127161825
2018-01-27 16:19:27.689;SQ;AS125-AS1-20180127161927
2018-01-27 16:19:56.786;RC;AS125-AS1-20180127161825
2018-01-27 16:19:57.585;SS;AS125-AS1-20180127161825
2018-01-27 16:20:03.528;RU;AS125-AS1-20180127161655
2018-01-27 16:20:05.333;VU;AS125-AS1-20180127161655
2018-01-27 16:20:19.109;RO;AS125-AS1-20180127161927
2018-01-27 16:20:20.066;SP;AS125-AS1-20180127161927
2018-01-27 16:20:21.681;SQ;AS125-AS1-20180127162021
2018-01-27 16:20:52.430;RC;AS125-AS1-20180127161927
2018-01-27 16:20:53.211;SS;AS125-AS1-20180127161927
2018-01-27 16:20:57.414;RU;AS125-AS1-20180127161825
2018-01-27 16:20:59.918;VU;AS125-AS1-20180127161825
2018-01-27 16:21:37.967;RO;AS125-AS1-20180127162021
2018-01-27 16:21:39.084;SP;AS125-AS1-20180127162021
2018-01-27 16:21:40.717;SQ;AS125-AS1-20180127162140
2018-01-27 16:21:59.722;RU;AS125-AS1-20180127161927
2018-01-27 16:22:01.529;VU;AS125-AS1-20180127161927
2018-01-27 16:22:09.384;RC;AS125-AS1-20180127162021
2018-01-27 16:22:10.186;SS;AS125-AS1-20180127162021
2018-01-27 16:22:42.091;RO;AS125-AS1-20180127162140
2018-01-27 16:22:43.105;SP;AS125-AS1-20180127162140
2018-01-27 16:22:44.750;SQ;AS125-AS1-20180127162244
2018-01-27 16:23:11.805;RC;AS125-AS1-20180127162140
2018-01-27 16:23:12.626;SS;AS125-AS1-20180127162140
2018-01-27 16:23:15.083;RU;AS125-AS1-20180127162021
2018-01-27 16:23:16.880;VU;AS125-AS1-20180127162021
2018-01-27 16:23:42.017;RO;AS125-AS1-20180127162244
2018-01-27 16:23:43.106;SP;AS125-AS1-20180127162244
2018-01-27 16:23:44.719;SQ;AS125-AS1-20180127162344
2018-01-27 16:24:07.526;RC;AS125-AS1-20180127162244
2018-01-27 16:24:08.355;SS;AS125-AS1-20180127162244
2018-01-27 16:24:17.377;RU;AS125-AS1-20180127162140
2018-01-27 16:24:19.186;VU;AS125-AS1-20180127162140
2018-01-27 16:24:43.429;RO;AS125-AS1-20180127162344
2018-01-27 16:24:44.588;SP;AS125-AS1-20180127162344
2018-01-27 16:24:46.225;SQ;AS125-AS1-20180127162446
2018-01-27 16:25:14.011;RU;AS125-AS1-20180127162244
2018-01-27 16:25:14.113;RC;AS125-AS1-20180127162344
2018-01-27 16:25:15.681;SS;AS125-AS1-20180127162344
2018-01-27 16:25:16.579;VU;AS125-AS1-20180127162244
2018-01-27 16:25:49.170;RO;AS125-AS1-20180127162446
2018-01-27 16:25:50.087;SP;AS125-AS1-20180127162446
2018-01-27 16:25:51.712;SQ;AS125-AS1-20180127162551
2018-01-27 16:26:19.089;RC;AS125-AS1-20180127162446
2018-01-27 16:26:19.849;RU;AS125-AS1-20180127162344
2018-01-27 16:26:19.964;SS;AS125-AS1-20180127162446
2018-01-27 16:26:21.737;VU;AS125-AS1-20180127162344
2018-01-27 16:26:49.812;RO;AS125-AS1-20180127162551
2018-01-27 16:26:51.073;SP;AS125-AS1-20180127162551
2018-01-27 16:26:52.668;SQ;AS125-AS1-20180127162652
2018-01-27 16:27:10.539;RC;AS125-AS1-20180127162551
2018-01-27 16:27:11.356;SS;AS125-AS1-20180127162551
2018-01-27 16:27:12.032;RU;AS125-AS1-20180127162446
2018-01-27 16:27:14.346;VU;AS125-AS1-20180127162446
2018-01-27 16:27:33.102;RO;AS125-AS1-20180127162652
2018-01-27 16:27:34.014;SP;AS125-AS1-20180127162652
2018-01-27 16:27:35.656;SQ;AS125-AS1-20180127162735
2018-01-27 16:27:45.106;RC;AS125-AS1-20180127162652
2018-01-27 16:27:46.384;SS;AS125-AS1-20180127162652
2018-01-27 16:27:47.172;RU;AS125-AS1-20180127162551
2018-01-27 16:27:48.968;VU;AS125-AS1-20180127162551
2018-01-27 16:27:57.967;RO;AS125-AS1-20180127162735
2018-01-27 16:27:59.950;SP;AS125-AS1-20180127162735
2018-01-27 16:28:00.728;RC;AS125-AS1-20180127162735
2018-01-27 16:28:01.736;SS;AS125-AS1-20180127162735
2018-01-27 16:28:04.280;RU;AS125-AS1-20180127162652
2018-01-27 16:28:10.686;RU;AS125-AS1-20180127162735
2018-01-27 16:28:14.354;VU;AS125-AS1-20180127162735
2018-01-27 16:28:15.076;VU;AS125-AS1-20180127162652
