2018-01-27 15:56:10.969;SQ;AS131-AS1-20180127155610
2018-01-27 15:56:42.444;RO;AS131-AS1-20180127155610
2018-01-27 15:56:43.907;SP;AS131-AS1-20180127155610
2018-01-27 15:56:45.612;SQ;AS131-AS1-20180127155645
2018-01-27 15:57:08.348;RC;AS131-AS1-20180127155610
2018-01-27 15:57:09.168;SS;AS131-AS1-20180127155610
2018-01-27 15:57:43.278;RO;AS131-AS1-20180127155645
2018-01-27 15:57:44.510;SP;AS131-AS1-20180127155645
2018-01-27 15:57:47.421;SQ;AS131-AS1-20180127155747
2018-01-27 15:58:15.162;RC;AS131-AS1-20180127155645
2018-01-27 15:58:16.468;RU;AS131-AS1-20180127155610
2018-01-27 15:58:17.302;SS;AS131-AS1-20180127155645
2018-01-27 15:58:19.459;VU;AS131-AS1-20180127155610
2018-01-27 15:59:07.074;RO;AS131-AS1-20180127155747
2018-01-27 15:59:08.395;SP;AS131-AS1-20180127155747
2018-01-27 15:59:10.090;SQ;AS131-AS1-20180127155910
2018-01-27 15:59:26.967;RU;AS131-AS1-20180127155645
2018-01-27 15:59:27.087;RC;AS131-AS1-20180127155747
2018-01-27 15:59:28.709;SS;AS131-AS1-20180127155747
2018-01-27 15:59:29.576;VU;AS131-AS1-20180127155645
2018-01-27 16:00:28.250;RU;AS131-AS1-20180127155747
2018-01-27 16:00:30.088;VU;AS131-AS1-20180127155747
2018-01-27 16:00:37.850;RO;AS131-AS1-20180127155910
2018-01-27 16:00:39.059;SP;AS131-AS1-20180127155910
2018-01-27 16:00:40.755;SQ;AS131-AS1-20180127160040
2018-01-27 16:01:14.473;RC;AS131-AS1-20180127155910
2018-01-27 16:01:15.301;SS;AS131-AS1-20180127155910
2018-01-27 16:01:45.657;RO;AS131-AS1-20180127160040
2018-01-27 16:01:46.689;SP;AS131-AS1-20180127160040
2018-01-27 16:01:48.371;SQ;AS131-AS1-20180127160148
2018-01-27 16:02:18.378;RC;AS131-AS1-20180127160040
2018-01-27 16:02:19.207;SS;AS131-AS1-20180127160040
2018-01-27 16:02:22.298;RU;AS131-AS1-20180127155910
2018-01-27 16:02:24.169;VU;AS131-AS1-20180127155910
2018-01-27 16:02:55.027;RO;AS131-AS1-20180127160148
2018-01-27 16:02:56.594;SP;AS131-AS1-20180127160148
2018-01-27 16:02:58.265;SQ;AS131-AS1-20180127160258
2018-01-27 16:03:22.082;RU;AS131-AS1-20180127160040
2018-01-27 16:03:23.910;VU;AS131-AS1-20180127160040
2018-01-27 16:03:24.103;RC;AS131-AS1-20180127160148
2018-01-27 16:03:24.972;SS;AS131-AS1-20180127160148
2018-01-27 16:03:49.050;RO;AS131-AS1-20180127160258
2018-01-27 16:03:50.160;SP;AS131-AS1-20180127160258
2018-01-27 16:03:51.880;SQ;AS131-AS1-20180127160351
2018-01-27 16:04:19.868;RC;AS131-AS1-20180127160258
2018-01-27 16:04:20.742;SS;AS131-AS1-20180127160258
2018-01-27 16:04:29.456;RU;AS131-AS1-20180127160148
2018-01-27 16:04:31.355;VU;AS131-AS1-20180127160148
2018-01-27 16:04:54.186;RO;AS131-AS1-20180127160351
2018-01-27 16:04:55.287;SP;AS131-AS1-20180127160351
2018-01-27 16:04:57.254;SQ;AS131-AS1-20180127160457
2018-01-27 16:05:25.077;RC;AS131-AS1-20180127160351
2018-01-27 16:05:25.912;SS;AS131-AS1-20180127160351
2018-01-27 16:05:27.436;RU;AS131-AS1-20180127160258
2018-01-27 16:05:29.273;VU;AS131-AS1-20180127160258
2018-01-27 16:05:59.138;RO;AS131-AS1-20180127160457
2018-01-27 16:06:00.891;SP;AS131-AS1-20180127160457
2018-01-27 16:06:03.982;SQ;AS131-AS1-20180127160603
2018-01-27 16:06:22.962;RU;AS131-AS1-20180127160351
2018-01-27 16:06:24.814;VU;AS131-AS1-20180127160351
2018-01-27 16:06:32.002;RC;AS131-AS1-20180127160457
2018-01-27 16:06:32.870;SS;AS131-AS1-20180127160457
2018-01-27 16:07:27.417;RO;AS131-AS1-20180127160603
2018-01-27 16:07:28.438;SP;AS131-AS1-20180127160603
2018-01-27 16:07:30.148;SQ;AS131-AS1-20180127160730
2018-01-27 16:07:39.037;RU;AS131-AS1-20180127160457
2018-01-27 16:07:40.897;VU;AS131-AS1-20180127160457
2018-01-27 16:07:58.469;RC;AS131-AS1-20180127160603
2018-01-27 16:07:59.284;SS;AS131-AS1-20180127160603
2018-01-27 16:08:24.767;RO;AS131-AS1-20180127160730
2018-01-27 16:08:26.066;SP;AS131-AS1-20180127160730
2018-01-27 16:08:27.747;SQ;AS131-AS1-20180127160827
2018-01-27 16:08:58.526;RC;AS131-AS1-20180127160730
2018-01-27 16:08:59.365;SS;AS131-AS1-20180127160730
2018-01-27 16:08:59.614;RU;AS131-AS1-20180127160603
2018-01-27 16:09:01.461;VU;AS131-AS1-20180127160603
2018-01-27 16:09:30.524;RO;AS131-AS1-20180127160827
2018-01-27 16:09:31.644;SP;AS131-AS1-20180127160827
2018-01-27 16:09:33.323;SQ;AS131-AS1-20180127160933
2018-01-27 16:10:03.598;RC;AS131-AS1-20180127160827
2018-01-27 16:10:04.471;SS;AS131-AS1-20180127160827
2018-01-27 16:10:29.678;RU;AS131-AS1-20180127160730
2018-01-27 16:10:31.552;VU;AS131-AS1-20180127160730
2018-01-27 16:10:31.856;RO;AS131-AS1-20180127160933
2018-01-27 16:10:32.721;SP;AS131-AS1-20180127160933
2018-01-27 16:10:34.433;SQ;AS131-AS1-20180127161034
2018-01-27 16:10:56.421;RU;AS131-AS1-20180127160827
2018-01-27 16:11:02.834;RC;AS131-AS1-20180127160933
2018-01-27 16:11:03.681;SS;AS131-AS1-20180127160933
2018-01-27 16:11:46.036;RO;AS131-AS1-20180127161034
2018-01-27 16:11:46.774;RU;AS131-AS1-20180127160933
2018-01-27 16:11:48.283;SP;AS131-AS1-20180127161034
2018-01-27 16:11:50.278;VU;AS131-AS1-20180127160933
2018-01-27 16:11:51.091;SQ;AS131-AS1-20180127161151
2018-01-27 16:12:18.545;RC;AS131-AS1-20180127161034
2018-01-27 16:12:19.582;SS;AS131-AS1-20180127161034
2018-01-27 16:12:55.620;RO;AS131-AS1-20180127161151
2018-01-27 16:12:57.075;SP;AS131-AS1-20180127161151
2018-01-27 16:12:59.590;SQ;AS131-AS1-20180127161259
2018-01-27 16:13:22.367;RU;AS131-AS1-20180127161034
2018-01-27 16:13:24.372;VU;AS131-AS1-20180127161034
2018-01-27 16:13:28.116;RC;AS131-AS1-20180127161151
2018-01-27 16:13:29.265;SS;AS131-AS1-20180127161151
2018-01-27 16:13:55.749;RO;AS131-AS1-20180127161259
2018-01-27 16:13:58.441;SP;AS131-AS1-20180127161259
2018-01-27 16:14:00.791;SQ;AS131-AS1-20180127161400
2018-01-27 16:14:22.629;RC;AS131-AS1-20180127161259
2018-01-27 16:14:23.831;SS;AS131-AS1-20180127161259
2018-01-27 16:14:38.681;RU;AS131-AS1-20180127161151
2018-01-27 16:14:40.789;VU;AS131-AS1-20180127161151
2018-01-27 16:14:53.483;RO;AS131-AS1-20180127161400
2018-01-27 16:14:54.897;SP;AS131-AS1-20180127161400
2018-01-27 16:14:58.910;SQ;AS131-AS1-20180127161458
2018-01-27 16:15:22.106;RU;AS131-AS1-20180127161259
2018-01-27 16:15:24.295;RC;AS131-AS1-20180127161400
2018-01-27 16:15:24.802;VU;AS131-AS1-20180127161259
2018-01-27 16:15:25.379;SS;AS131-AS1-20180127161400
2018-01-27 16:16:02.816;RO;AS131-AS1-20180127161458
2018-01-27 16:16:03.869;SP;AS131-AS1-20180127161458
2018-01-27 16:16:06.436;SQ;AS131-AS1-20180127161606
2018-01-27 16:16:30.280;RU;AS131-AS1-20180127161400
2018-01-27 16:16:33.250;VU;AS131-AS1-20180127161400
2018-01-27 16:17:18.997;RC;AS131-AS1-20180127161458
2018-01-27 16:17:22.083;SS;AS131-AS1-20180127161458
2018-01-27 16:17:27.948;RO;AS131-AS1-20180127161606
2018-01-27 16:17:29.182;SP;AS131-AS1-20180127161606
2018-01-27 16:17:31.628;SQ;AS131-AS1-20180127161731
2018-01-27 16:18:01.785;RC;AS131-AS1-20180127161606
2018-01-27 16:18:02.616;SS;AS131-AS1-20180127161606
2018-01-27 16:18:20.782;RU;AS131-AS1-20180127161458
2018-01-27 16:18:23.081;VU;AS131-AS1-20180127161458
2018-01-27 16:18:31.147;RO;AS131-AS1-20180127161731
2018-01-27 16:18:32.104;SP;AS131-AS1-20180127161731
2018-01-27 16:18:34.698;SQ;AS131-AS1-20180127161834
2018-01-27 16:19:02.291;RC;AS131-AS1-20180127161731
2018-01-27 16:19:03.998;SS;AS131-AS1-20180127161731
2018-01-27 16:19:09.555;RU;AS131-AS1-20180127161606
2018-01-27 16:19:12.053;VU;AS131-AS1-20180127161606
2018-01-27 16:19:32.990;RO;AS131-AS1-20180127161834
2018-01-27 16:19:34.346;SP;AS131-AS1-20180127161834
2018-01-27 16:19:36.957;SQ;AS131-AS1-20180127161936
2018-01-27 16:20:03.924;RC;AS131-AS1-20180127161834
2018-01-27 16:20:05.131;SS;AS131-AS1-20180127161834
2018-01-27 16:20:09.009;RU;AS131-AS1-20180127161731
2018-01-27 16:20:11.401;VU;AS131-AS1-20180127161731
2018-01-27 16:20:38.379;RO;AS131-AS1-20180127161936
2018-01-27 16:20:39.575;SP;AS131-AS1-20180127161936
2018-01-27 16:20:42.066;SQ;AS131-AS1-20180127162042
2018-01-27 16:21:07.302;RC;AS131-AS1-20180127161936
2018-01-27 16:21:08.370;SS;AS131-AS1-20180127161936
2018-01-27 16:21:08.471;RU;AS131-AS1-20180127161834
2018-01-27 16:21:10.869;VU;AS131-AS1-20180127161834
2018-01-27 16:21:41.155;RO;AS131-AS1-20180127162042
2018-01-27 16:21:42.966;SP;AS131-AS1-20180127162042
2018-01-27 16:21:45.947;SQ;AS131-AS1-20180127162145
2018-01-27 16:22:10.888;RU;AS131-AS1-20180127161936
2018-01-27 16:22:12.964;VU;AS131-AS1-20180127161936
2018-01-27 16:22:15.597;RC;AS131-AS1-20180127162042
2018-01-27 16:22:18.481;SS;AS131-AS1-20180127162042
2018-01-27 16:22:50.011;RO;AS131-AS1-20180127162145
2018-01-27 16:22:51.571;SP;AS131-AS1-20180127162145
2018-01-27 16:22:53.923;SQ;AS131-AS1-20180127162253
2018-01-27 16:23:17.887;RC;AS131-AS1-20180127162145
2018-01-27 16:23:19.493;RU;AS131-AS1-20180127162042
2018-01-27 16:23:20.991;SS;AS131-AS1-20180127162145
2018-01-27 16:23:23.229;VU;AS131-AS1-20180127162042
2018-01-27 16:23:52.238;RO;AS131-AS1-20180127162253
2018-01-27 16:23:54.193;SP;AS131-AS1-20180127162253
2018-01-27 16:23:56.522;SQ;AS131-AS1-20180127162356
2018-01-27 16:24:20.824;RU;AS131-AS1-20180127162145
2018-01-27 16:24:25.163;VU;AS131-AS1-20180127162145
2018-01-27 16:24:27.772;RC;AS131-AS1-20180127162253
2018-01-27 16:24:28.724;SS;AS131-AS1-20180127162253
2018-01-27 16:24:54.643;RO;AS131-AS1-20180127162356
2018-01-27 16:24:56.635;SP;AS131-AS1-20180127162356
2018-01-27 16:24:59.164;SQ;AS131-AS1-20180127162459
2018-01-27 16:25:26.577;RC;AS131-AS1-20180127162356
2018-01-27 16:25:27.411;SS;AS131-AS1-20180127162356
2018-01-27 16:25:32.052;RU;AS131-AS1-20180127162253
2018-01-27 16:25:33.891;VU;AS131-AS1-20180127162253
2018-01-27 16:26:02.178;RO;AS131-AS1-20180127162459
2018-01-27 16:26:03.582;SP;AS131-AS1-20180127162459
2018-01-27 16:26:06.015;SQ;AS131-AS1-20180127162606
2018-01-27 16:26:22.381;RU;AS131-AS1-20180127162356
2018-01-27 16:26:24.301;VU;AS131-AS1-20180127162356
2018-01-27 16:26:33.242;RC;AS131-AS1-20180127162459
2018-01-27 16:26:34.523;SS;AS131-AS1-20180127162459
2018-01-27 16:26:56.142;RO;AS131-AS1-20180127162606
2018-01-27 16:26:59.419;SP;AS131-AS1-20180127162606
2018-01-27 16:27:02.207;SQ;AS131-AS1-20180127162702
2018-01-27 16:27:23.920;RC;AS131-AS1-20180127162606
2018-01-27 16:27:23.994;RU;AS131-AS1-20180127162459
2018-01-27 16:27:25.783;SS;AS131-AS1-20180127162606
2018-01-27 16:27:27.078;VU;AS131-AS1-20180127162459
2018-01-27 16:27:41.754;RO;AS131-AS1-20180127162702
2018-01-27 16:27:43.497;SP;AS131-AS1-20180127162702
2018-01-27 16:27:48.658;SQ;AS131-AS1-20180127162748
2018-01-27 16:27:57.994;RC;AS131-AS1-20180127162702
2018-01-27 16:27:58.334;RU;AS131-AS1-20180127162606
2018-01-27 16:27:59.301;RO;AS131-AS1-20180127162748
2018-01-27 16:28:02.566;SS;AS131-AS1-20180127162702
2018-01-27 16:28:03.731;SP;AS131-AS1-20180127162748
2018-01-27 16:28:03.995;VU;AS131-AS1-20180127162606
2018-01-27 16:28:08.243;RC;AS131-AS1-20180127162748
2018-01-27 16:28:10.618;SS;AS131-AS1-20180127162748
2018-01-27 16:28:12.753;RU;AS131-AS1-20180127162702
2018-01-27 16:28:15.317;RU;AS131-AS1-20180127162748
2018-01-27 16:28:15.585;VU;AS131-AS1-20180127162702
2018-01-27 16:28:29.015;VU;AS131-AS1-20180127162748
