2018-01-27 15:56:07.720;SQ;AS135-AS1-20180127155607
2018-01-27 15:56:38.634;RO;AS135-AS1-20180127155607
2018-01-27 15:56:39.513;SP;AS135-AS1-20180127155607
2018-01-27 15:56:41.009;SQ;AS135-AS1-20180127155641
2018-01-27 15:57:07.319;RC;AS135-AS1-20180127155607
2018-01-27 15:57:08.128;SS;AS135-AS1-20180127155607
2018-01-27 15:57:35.426;RO;AS135-AS1-20180127155641
2018-01-27 15:57:36.331;SP;AS135-AS1-20180127155641
2018-01-27 15:57:37.897;SQ;AS135-AS1-20180127155737
2018-01-27 15:58:00.568;RU;AS135-AS1-20180127155607
2018-01-27 15:58:07.645;RC;AS135-AS1-20180127155641
2018-01-27 15:58:08.537;SS;AS135-AS1-20180127155641
2018-01-27 15:58:35.284;RO;AS135-AS1-20180127155737
2018-01-27 15:58:36.421;SP;AS135-AS1-20180127155737
2018-01-27 15:58:38.751;SQ;AS135-AS1-20180127155838
2018-01-27 15:58:59.823;RC;AS135-AS1-20180127155737
2018-01-27 15:59:01.226;SS;AS135-AS1-20180127155737
2018-01-27 15:59:13.504;RU;AS135-AS1-20180127155641
2018-01-27 15:59:15.969;VU;AS135-AS1-20180127155641
2018-01-27 15:59:33.439;RO;AS135-AS1-20180127155838
2018-01-27 15:59:35.316;SP;AS135-AS1-20180127155838
2018-01-27 15:59:38.547;SQ;AS135-AS1-20180127155938
2018-01-27 15:59:58.507;RC;AS135-AS1-20180127155838
2018-01-27 15:59:59.977;SS;AS135-AS1-20180127155838
2018-01-27 16:00:04.060;RU;AS135-AS1-20180127155737
2018-01-27 16:00:06.001;VU;AS135-AS1-20180127155737
2018-01-27 16:00:43.360;RO;AS135-AS1-20180127155938
2018-01-27 16:00:44.585;SP;AS135-AS1-20180127155938
2018-01-27 16:00:46.843;SQ;AS135-AS1-20180127160046
2018-01-27 16:01:01.714;RU;AS135-AS1-20180127155838
2018-01-27 16:01:04.267;VU;AS135-AS1-20180127155838
2018-01-27 16:01:14.826;RC;AS135-AS1-20180127155938
2018-01-27 16:01:15.687;SS;AS135-AS1-20180127155938
2018-01-27 16:01:50.792;RO;AS135-AS1-20180127160046
2018-01-27 16:01:52.315;SP;AS135-AS1-20180127160046
2018-01-27 16:01:56.926;SQ;AS135-AS1-20180127160156
2018-01-27 16:02:17.806;RU;AS135-AS1-20180127155938
2018-01-27 16:02:19.772;VU;AS135-AS1-20180127155938
2018-01-27 16:02:25.245;RC;AS135-AS1-20180127160046
2018-01-27 16:02:27.171;SS;AS135-AS1-20180127160046
2018-01-27 16:02:55.284;RO;AS135-AS1-20180127160156
2018-01-27 16:02:57.413;SP;AS135-AS1-20180127160156
2018-01-27 16:02:59.762;SQ;AS135-AS1-20180127160259
2018-01-27 16:03:22.249;RU;AS135-AS1-20180127160046
2018-01-27 16:03:23.289;RC;AS135-AS1-20180127160156
2018-01-27 16:03:24.227;VU;AS135-AS1-20180127160046
2018-01-27 16:03:24.645;SS;AS135-AS1-20180127160156
2018-01-27 16:03:59.610;RO;AS135-AS1-20180127160259
2018-01-27 16:04:01.012;SP;AS135-AS1-20180127160259
2018-01-27 16:04:03.421;SQ;AS135-AS1-20180127160403
2018-01-27 16:04:14.283;RU;AS135-AS1-20180127160156
2018-01-27 16:04:16.481;VU;AS135-AS1-20180127160156
2018-01-27 16:04:27.351;RC;AS135-AS1-20180127160259
2018-01-27 16:04:29.240;SS;AS135-AS1-20180127160259
2018-01-27 16:05:04.820;RO;AS135-AS1-20180127160403
2018-01-27 16:05:05.829;SP;AS135-AS1-20180127160403
2018-01-27 16:05:08.289;SQ;AS135-AS1-20180127160508
2018-01-27 16:05:27.635;RC;AS135-AS1-20180127160403
2018-01-27 16:05:29.313;SS;AS135-AS1-20180127160403
2018-01-27 16:05:40.685;RU;AS135-AS1-20180127160259
2018-01-27 16:05:43.006;VU;AS135-AS1-20180127160259
2018-01-27 16:06:10.179;RO;AS135-AS1-20180127160508
2018-01-27 16:06:11.884;SP;AS135-AS1-20180127160508
2018-01-27 16:06:14.317;SQ;AS135-AS1-20180127160614
2018-01-27 16:06:33.499;RU;AS135-AS1-20180127160403
2018-01-27 16:06:35.274;VU;AS135-AS1-20180127160403
2018-01-27 16:06:41.161;RC;AS135-AS1-20180127160508
2018-01-27 16:06:42.251;SS;AS135-AS1-20180127160508
2018-01-27 16:07:10.666;RO;AS135-AS1-20180127160614
2018-01-27 16:07:12.282;SP;AS135-AS1-20180127160614
2018-01-27 16:07:14.689;SQ;AS135-AS1-20180127160714
2018-01-27 16:07:42.966;RC;AS135-AS1-20180127160614
2018-01-27 16:07:43.875;SS;AS135-AS1-20180127160614
2018-01-27 16:07:50.517;RU;AS135-AS1-20180127160508
2018-01-27 16:07:52.644;VU;AS135-AS1-20180127160508
2018-01-27 16:08:14.768;RO;AS135-AS1-20180127160714
2018-01-27 16:08:16.212;SP;AS135-AS1-20180127160714
2018-01-27 16:08:20.203;SQ;AS135-AS1-20180127160820
2018-01-27 16:08:40.749;RU;AS135-AS1-20180127160614
2018-01-27 16:08:42.668;VU;AS135-AS1-20180127160614
2018-01-27 16:08:43.877;RC;AS135-AS1-20180127160714
2018-01-27 16:08:44.879;SS;AS135-AS1-20180127160714
2018-01-27 16:09:21.361;RO;AS135-AS1-20180127160820
2018-01-27 16:09:23.395;SP;AS135-AS1-20180127160820
2018-01-27 16:09:25.535;SQ;AS135-AS1-20180127160925
2018-01-27 16:09:49.568;RU;AS135-AS1-20180127160714
2018-01-27 16:09:51.635;RC;AS135-AS1-20180127160820
2018-01-27 16:09:53.286;SS;AS135-AS1-20180127160820
2018-01-27 16:09:53.738;VU;AS135-AS1-20180127160714
2018-01-27 16:10:15.458;RO;AS135-AS1-20180127160925
2018-01-27 16:10:16.559;SP;AS135-AS1-20180127160925
2018-01-27 16:10:18.936;SQ;AS135-AS1-20180127161018
2018-01-27 16:10:48.695;RC;AS135-AS1-20180127160925
2018-01-27 16:10:49.749;SS;AS135-AS1-20180127160925
2018-01-27 16:10:57.695;RU;AS135-AS1-20180127160820
2018-01-27 16:10:59.647;VU;AS135-AS1-20180127160820
2018-01-27 16:11:18.662;RO;AS135-AS1-20180127161018
2018-01-27 16:11:19.923;SP;AS135-AS1-20180127161018
2018-01-27 16:11:24.106;SQ;AS135-AS1-20180127161124
2018-01-27 16:11:48.430;RC;AS135-AS1-20180127161018
2018-01-27 16:11:49.538;SS;AS135-AS1-20180127161018
2018-01-27 16:11:54.355;RU;AS135-AS1-20180127160925
2018-01-27 16:11:56.888;VU;AS135-AS1-20180127160925
2018-01-27 16:12:20.519;RO;AS135-AS1-20180127161124
2018-01-27 16:12:21.697;SP;AS135-AS1-20180127161124
2018-01-27 16:12:25.868;SQ;AS135-AS1-20180127161225
2018-01-27 16:12:53.493;RU;AS135-AS1-20180127161018
2018-01-27 16:12:53.659;RC;AS135-AS1-20180127161124
2018-01-27 16:12:57.088;SS;AS135-AS1-20180127161124
2018-01-27 16:12:58.004;VU;AS135-AS1-20180127161018
2018-01-27 16:13:32.697;RO;AS135-AS1-20180127161225
2018-01-27 16:13:34.406;SP;AS135-AS1-20180127161225
2018-01-27 16:13:36.513;SQ;AS135-AS1-20180127161336
2018-01-27 16:13:55.965;RU;AS135-AS1-20180127161124
2018-01-27 16:13:58.991;VU;AS135-AS1-20180127161124
2018-01-27 16:14:04.976;RC;AS135-AS1-20180127161225
2018-01-27 16:14:06.306;SS;AS135-AS1-20180127161225
2018-01-27 16:14:34.259;RO;AS135-AS1-20180127161336
2018-01-27 16:14:35.773;SP;AS135-AS1-20180127161336
2018-01-27 16:14:38.184;SQ;AS135-AS1-20180127161438
2018-01-27 16:15:03.234;RU;AS135-AS1-20180127161225
2018-01-27 16:15:05.040;VU;AS135-AS1-20180127161225
2018-01-27 16:15:06.826;RC;AS135-AS1-20180127161336
2018-01-27 16:15:07.630;SS;AS135-AS1-20180127161336
2018-01-27 16:15:39.686;RO;AS135-AS1-20180127161438
2018-01-27 16:15:41.274;SP;AS135-AS1-20180127161438
2018-01-27 16:15:44.608;SQ;AS135-AS1-20180127161544
2018-01-27 16:16:09.044;RU;AS135-AS1-20180127161336
2018-01-27 16:16:11.074;VU;AS135-AS1-20180127161336
2018-01-27 16:16:11.263;RC;AS135-AS1-20180127161438
2018-01-27 16:16:12.427;SS;AS135-AS1-20180127161438
2018-01-27 16:16:42.124;RO;AS135-AS1-20180127161544
2018-01-27 16:16:43.383;SP;AS135-AS1-20180127161544
2018-01-27 16:16:47.749;SQ;AS135-AS1-20180127161647
2018-01-27 16:17:13.680;RU;AS135-AS1-20180127161438
2018-01-27 16:17:15.640;VU;AS135-AS1-20180127161438
2018-01-27 16:17:17.740;RC;AS135-AS1-20180127161544
2018-01-27 16:17:19.303;SS;AS135-AS1-20180127161544
2018-01-27 16:17:48.053;RO;AS135-AS1-20180127161647
2018-01-27 16:17:49.551;SP;AS135-AS1-20180127161647
2018-01-27 16:17:54.439;SQ;AS135-AS1-20180127161754
2018-01-27 16:18:15.175;RU;AS135-AS1-20180127161544
2018-01-27 16:18:17.003;VU;AS135-AS1-20180127161544
2018-01-27 16:18:20.611;RC;AS135-AS1-20180127161647
2018-01-27 16:18:21.430;SS;AS135-AS1-20180127161647
2018-01-27 16:19:01.683;RO;AS135-AS1-20180127161754
2018-01-27 16:19:03.210;SP;AS135-AS1-20180127161754
2018-01-27 16:19:05.694;SQ;AS135-AS1-20180127161905
2018-01-27 16:19:22.290;RU;AS135-AS1-20180127161647
2018-01-27 16:19:24.201;VU;AS135-AS1-20180127161647
2018-01-27 16:19:32.213;RC;AS135-AS1-20180127161754
2018-01-27 16:19:33.164;SS;AS135-AS1-20180127161754
2018-01-27 16:20:03.563;RO;AS135-AS1-20180127161905
2018-01-27 16:20:05.281;SP;AS135-AS1-20180127161905
2018-01-27 16:20:07.733;SQ;AS135-AS1-20180127162007
2018-01-27 16:20:33.674;RC;AS135-AS1-20180127161905
2018-01-27 16:20:34.979;RU;AS135-AS1-20180127161754
2018-01-27 16:20:35.207;SS;AS135-AS1-20180127161905
2018-01-27 16:20:36.980;VU;AS135-AS1-20180127161754
2018-01-27 16:21:06.624;RO;AS135-AS1-20180127162007
2018-01-27 16:21:07.708;SP;AS135-AS1-20180127162007
2018-01-27 16:21:10.154;SQ;AS135-AS1-20180127162110
2018-01-27 16:21:35.223;RU;AS135-AS1-20180127161905
2018-01-27 16:21:37.497;VU;AS135-AS1-20180127161905
2018-01-27 16:21:38.857;RC;AS135-AS1-20180127162007
2018-01-27 16:21:39.654;SS;AS135-AS1-20180127162007
2018-01-27 16:22:13.201;RO;AS135-AS1-20180127162110
2018-01-27 16:22:14.379;SP;AS135-AS1-20180127162110
2018-01-27 16:22:17.629;SQ;AS135-AS1-20180127162217
2018-01-27 16:22:43.074;RU;AS135-AS1-20180127162007
2018-01-27 16:22:45.204;VU;AS135-AS1-20180127162007
2018-01-27 16:22:45.486;RC;AS135-AS1-20180127162110
2018-01-27 16:22:47.263;SS;AS135-AS1-20180127162110
2018-01-27 16:23:18.409;RO;AS135-AS1-20180127162217
2018-01-27 16:23:21.145;SP;AS135-AS1-20180127162217
2018-01-27 16:23:23.487;SQ;AS135-AS1-20180127162323
2018-01-27 16:23:48.103;RU;AS135-AS1-20180127162110
2018-01-27 16:23:50.069;VU;AS135-AS1-20180127162110
2018-01-27 16:23:53.358;RC;AS135-AS1-20180127162217
2018-01-27 16:23:54.341;SS;AS135-AS1-20180127162217
2018-01-27 16:24:43.659;RO;AS135-AS1-20180127162323
2018-01-27 16:24:45.069;RU;AS135-AS1-20180127162217
2018-01-27 16:24:45.260;SP;AS135-AS1-20180127162323
2018-01-27 16:24:48.123;VU;AS135-AS1-20180127162217
2018-01-27 16:24:48.602;SQ;AS135-AS1-20180127162448
2018-01-27 16:25:15.536;RC;AS135-AS1-20180127162323
2018-01-27 16:25:16.479;SS;AS135-AS1-20180127162323
2018-01-27 16:25:44.926;RO;AS135-AS1-20180127162448
2018-01-27 16:25:46.354;SP;AS135-AS1-20180127162448
2018-01-27 16:25:48.700;SQ;AS135-AS1-20180127162548
2018-01-27 16:26:10.713;RC;AS135-AS1-20180127162448
2018-01-27 16:26:12.312;SS;AS135-AS1-20180127162448
2018-01-27 16:26:19.848;RU;AS135-AS1-20180127162323
2018-01-27 16:26:22.035;VU;AS135-AS1-20180127162323
2018-01-27 16:26:40.229;RO;AS135-AS1-20180127162548
2018-01-27 16:26:42.788;SP;AS135-AS1-20180127162548
2018-01-27 16:26:44.891;SQ;AS135-AS1-20180127162644
2018-01-27 16:27:07.283;RU;AS135-AS1-20180127162448
2018-01-27 16:27:07.309;RC;AS135-AS1-20180127162548
2018-01-27 16:27:09.226;SS;AS135-AS1-20180127162548
2018-01-27 16:27:10.292;VU;AS135-AS1-20180127162448
2018-01-27 16:27:26.531;RO;AS135-AS1-20180127162644
2018-01-27 16:27:28.093;SP;AS135-AS1-20180127162644
2018-01-27 16:27:44.021;RC;AS135-AS1-20180127162644
2018-01-27 16:27:45.391;RU;AS135-AS1-20180127162548
2018-01-27 16:27:47.955;SS;AS135-AS1-20180127162644
2018-01-27 16:27:49.441;VU;AS135-AS1-20180127162548
2018-01-27 16:28:05.887;RU;AS135-AS1-20180127162644
2018-01-27 16:28:15.876;VU;AS135-AS1-20180127162644
