2018-01-27 15:56:07.238;SQ;AS132-AS1-20180127155607
2018-01-27 15:56:37.968;RO;AS132-AS1-20180127155607
2018-01-27 15:56:39.139;SP;AS132-AS1-20180127155607
2018-01-27 15:56:40.811;SQ;AS132-AS1-20180127155640
2018-01-27 15:57:05.336;RC;AS132-AS1-20180127155607
2018-01-27 15:57:06.182;SS;AS132-AS1-20180127155607
2018-01-27 15:57:31.155;RO;AS132-AS1-20180127155640
2018-01-27 15:57:32.818;SP;AS132-AS1-20180127155640
2018-01-27 15:57:34.546;SQ;AS132-AS1-20180127155734
2018-01-27 15:58:00.965;RC;AS132-AS1-20180127155640
2018-01-27 15:58:01.979;SS;AS132-AS1-20180127155640
2018-01-27 15:58:05.208;RU;AS132-AS1-20180127155607
2018-01-27 15:58:07.067;VU;AS132-AS1-20180127155607
2018-01-27 15:58:26.577;RO;AS132-AS1-20180127155734
2018-01-27 15:58:27.456;SP;AS132-AS1-20180127155734
2018-01-27 15:58:29.152;SQ;AS132-AS1-20180127155829
2018-01-27 15:58:56.143;RU;AS132-AS1-20180127155640
2018-01-27 15:58:57.993;VU;AS132-AS1-20180127155640
2018-01-27 15:59:03.031;RC;AS132-AS1-20180127155734
2018-01-27 15:59:04.547;SS;AS132-AS1-20180127155734
2018-01-27 15:59:30.943;RO;AS132-AS1-20180127155829
2018-01-27 15:59:32.046;SP;AS132-AS1-20180127155829
2018-01-27 15:59:33.692;SQ;AS132-AS1-20180127155933
2018-01-27 16:00:04.050;RU;AS132-AS1-20180127155734
2018-01-27 16:00:05.573;RC;AS132-AS1-20180127155829
2018-01-27 16:00:05.876;VU;AS132-AS1-20180127155734
2018-01-27 16:00:07.280;SS;AS132-AS1-20180127155829
2018-01-27 16:00:36.895;RO;AS132-AS1-20180127155933
2018-01-27 16:00:38.485;SP;AS132-AS1-20180127155933
2018-01-27 16:00:40.133;SQ;AS132-AS1-20180127160040
2018-01-27 16:01:07.208;RU;AS132-AS1-20180127155829
2018-01-27 16:01:09.710;RC;AS132-AS1-20180127155933
2018-01-27 16:01:10.050;VU;AS132-AS1-20180127155829
2018-01-27 16:01:10.554;SS;AS132-AS1-20180127155933
2018-01-27 16:01:47.513;RO;AS132-AS1-20180127160040
2018-01-27 16:01:48.549;SP;AS132-AS1-20180127160040
2018-01-27 16:01:50.203;SQ;AS132-AS1-20180127160150
2018-01-27 16:02:12.963;RU;AS132-AS1-20180127155933
2018-01-27 16:02:14.825;VU;AS132-AS1-20180127155933
2018-01-27 16:02:23.074;RC;AS132-AS1-20180127160040
2018-01-27 16:02:24.248;SS;AS132-AS1-20180127160040
2018-01-27 16:02:50.312;RO;AS132-AS1-20180127160150
2018-01-27 16:02:51.620;SP;AS132-AS1-20180127160150
2018-01-27 16:02:53.293;SQ;AS132-AS1-20180127160253
2018-01-27 16:03:23.287;RC;AS132-AS1-20180127160150
2018-01-27 16:03:24.105;SS;AS132-AS1-20180127160150
2018-01-27 16:03:25.541;RU;AS132-AS1-20180127160040
2018-01-27 16:03:28.230;VU;AS132-AS1-20180127160040
2018-01-27 16:03:50.298;RO;AS132-AS1-20180127160253
2018-01-27 16:03:51.220;SP;AS132-AS1-20180127160253
2018-01-27 16:03:52.908;SQ;AS132-AS1-20180127160352
2018-01-27 16:04:21.441;RC;AS132-AS1-20180127160253
2018-01-27 16:04:22.269;SS;AS132-AS1-20180127160253
2018-01-27 16:04:29.372;RU;AS132-AS1-20180127160150
2018-01-27 16:04:31.371;VU;AS132-AS1-20180127160150
2018-01-27 16:04:50.690;RO;AS132-AS1-20180127160352
2018-01-27 16:04:51.810;SP;AS132-AS1-20180127160352
2018-01-27 16:04:53.515;SQ;AS132-AS1-20180127160453
2018-01-27 16:05:15.223;RC;AS132-AS1-20180127160352
2018-01-27 16:05:16.042;SS;AS132-AS1-20180127160352
2018-01-27 16:05:26.268;RU;AS132-AS1-20180127160253
2018-01-27 16:05:28.130;VU;AS132-AS1-20180127160253
2018-01-27 16:05:56.578;RO;AS132-AS1-20180127160453
2018-01-27 16:05:57.437;SP;AS132-AS1-20180127160453
2018-01-27 16:05:59.126;SQ;AS132-AS1-20180127160559
2018-01-27 16:06:16.106;RU;AS132-AS1-20180127160352
2018-01-27 16:06:17.954;VU;AS132-AS1-20180127160352
2018-01-27 16:06:33.871;RC;AS132-AS1-20180127160453
2018-01-27 16:06:34.712;SS;AS132-AS1-20180127160453
2018-01-27 16:06:43.825;RO;AS132-AS1-20180127160559
2018-01-27 16:06:45.001;SP;AS132-AS1-20180127160559
2018-01-27 16:06:48.121;SQ;AS132-AS1-20180127160648
2018-01-27 16:07:16.430;RC;AS132-AS1-20180127160559
2018-01-27 16:07:18.204;SS;AS132-AS1-20180127160559
2018-01-27 16:07:37.832;RU;AS132-AS1-20180127160453
2018-01-27 16:07:39.667;VU;AS132-AS1-20180127160453
2018-01-27 16:07:45.248;RO;AS132-AS1-20180127160648
2018-01-27 16:07:46.543;SP;AS132-AS1-20180127160648
2018-01-27 16:07:49.698;SQ;AS132-AS1-20180127160749
2018-01-27 16:08:10.388;RC;AS132-AS1-20180127160648
2018-01-27 16:08:11.241;SS;AS132-AS1-20180127160648
2018-01-27 16:08:18.048;RU;AS132-AS1-20180127160559
2018-01-27 16:08:20.601;VU;AS132-AS1-20180127160559
2018-01-27 16:08:49.433;RO;AS132-AS1-20180127160749
2018-01-27 16:08:51.179;SP;AS132-AS1-20180127160749
2018-01-27 16:08:52.860;SQ;AS132-AS1-20180127160852
2018-01-27 16:09:13.910;RU;AS132-AS1-20180127160648
2018-01-27 16:09:15.754;VU;AS132-AS1-20180127160648
2018-01-27 16:09:20.236;RC;AS132-AS1-20180127160749
2018-01-27 16:09:22.009;SS;AS132-AS1-20180127160749
2018-01-27 16:09:58.410;RO;AS132-AS1-20180127160852
2018-01-27 16:09:59.298;SP;AS132-AS1-20180127160852
2018-01-27 16:10:00.963;SQ;AS132-AS1-20180127161000
2018-01-27 16:10:16.963;RU;AS132-AS1-20180127160749
2018-01-27 16:10:18.803;VU;AS132-AS1-20180127160749
2018-01-27 16:10:28.397;RC;AS132-AS1-20180127160852
2018-01-27 16:10:29.227;SS;AS132-AS1-20180127160852
2018-01-27 16:10:58.449;RO;AS132-AS1-20180127161000
2018-01-27 16:10:59.387;SP;AS132-AS1-20180127161000
2018-01-27 16:11:01.030;SQ;AS132-AS1-20180127161101
2018-01-27 16:11:20.416;RU;AS132-AS1-20180127160852
2018-01-27 16:11:23.146;VU;AS132-AS1-20180127160852
2018-01-27 16:11:31.723;RC;AS132-AS1-20180127161000
2018-01-27 16:11:32.574;SS;AS132-AS1-20180127161000
2018-01-27 16:12:01.960;RO;AS132-AS1-20180127161101
2018-01-27 16:12:02.946;SP;AS132-AS1-20180127161101
2018-01-27 16:12:04.600;SQ;AS132-AS1-20180127161204
2018-01-27 16:12:35.599;RC;AS132-AS1-20180127161101
2018-01-27 16:12:36.078;RU;AS132-AS1-20180127161000
2018-01-27 16:12:36.709;SS;AS132-AS1-20180127161101
2018-01-27 16:12:54.775;RO;AS132-AS1-20180127161204
2018-01-27 16:12:56.394;SP;AS132-AS1-20180127161204
2018-01-27 16:12:58.928;SQ;AS132-AS1-20180127161258
2018-01-27 16:13:31.659;RC;AS132-AS1-20180127161204
2018-01-27 16:13:32.449;RU;AS132-AS1-20180127161101
2018-01-27 16:13:32.627;SS;AS132-AS1-20180127161204
2018-01-27 16:13:35.041;VU;AS132-AS1-20180127161101
2018-01-27 16:14:02.931;RO;AS132-AS1-20180127161258
2018-01-27 16:14:04.115;SP;AS132-AS1-20180127161258
2018-01-27 16:14:06.686;SQ;AS132-AS1-20180127161406
2018-01-27 16:14:33.564;RC;AS132-AS1-20180127161258
2018-01-27 16:14:34.706;SS;AS132-AS1-20180127161258
2018-01-27 16:14:35.405;RU;AS132-AS1-20180127161204
2018-01-27 16:14:37.810;VU;AS132-AS1-20180127161204
2018-01-27 16:15:09.544;RO;AS132-AS1-20180127161406
2018-01-27 16:15:11.025;SP;AS132-AS1-20180127161406
2018-01-27 16:15:16.008;SQ;AS132-AS1-20180127161516
2018-01-27 16:15:41.904;RU;AS132-AS1-20180127161258
2018-01-27 16:15:45.293;VU;AS132-AS1-20180127161258
2018-01-27 16:15:49.782;RC;AS132-AS1-20180127161406
2018-01-27 16:15:50.629;SS;AS132-AS1-20180127161406
2018-01-27 16:16:23.371;RO;AS132-AS1-20180127161516
2018-01-27 16:16:25.055;SP;AS132-AS1-20180127161516
2018-01-27 16:16:27.600;SQ;AS132-AS1-20180127161627
2018-01-27 16:16:54.135;RU;AS132-AS1-20180127161406
2018-01-27 16:16:56.571;VU;AS132-AS1-20180127161406
2018-01-27 16:17:18.999;RC;AS132-AS1-20180127161516
2018-01-27 16:17:22.093;SS;AS132-AS1-20180127161516
2018-01-27 16:17:30.417;RO;AS132-AS1-20180127161627
2018-01-27 16:17:32.150;SP;AS132-AS1-20180127161627
2018-01-27 16:17:35.013;SQ;AS132-AS1-20180127161735
2018-01-27 16:18:02.364;RC;AS132-AS1-20180127161627
2018-01-27 16:18:03.272;SS;AS132-AS1-20180127161627
2018-01-27 16:18:21.363;RU;AS132-AS1-20180127161516
2018-01-27 16:18:24.268;VU;AS132-AS1-20180127161516
2018-01-27 16:19:10.610;RU;AS132-AS1-20180127161627
2018-01-27 16:19:13.014;VU;AS132-AS1-20180127161627
2018-01-27 16:19:31.771;RO;AS132-AS1-20180127161735
2018-01-27 16:19:33.642;SP;AS132-AS1-20180127161735
2018-01-27 16:19:36.184;SQ;AS132-AS1-20180127161936
2018-01-27 16:20:05.742;RC;AS132-AS1-20180127161735
2018-01-27 16:20:07.135;SS;AS132-AS1-20180127161735
2018-01-27 16:20:37.555;RO;AS132-AS1-20180127161936
2018-01-27 16:20:39.276;SP;AS132-AS1-20180127161936
2018-01-27 16:20:41.834;SQ;AS132-AS1-20180127162041
2018-01-27 16:21:09.279;RU;AS132-AS1-20180127161735
2018-01-27 16:21:11.282;VU;AS132-AS1-20180127161735
2018-01-27 16:21:12.102;RC;AS132-AS1-20180127161936
2018-01-27 16:21:14.464;SS;AS132-AS1-20180127161936
2018-01-27 16:21:55.264;RO;AS132-AS1-20180127162041
2018-01-27 16:21:56.664;SP;AS132-AS1-20180127162041
2018-01-27 16:21:59.056;SQ;AS132-AS1-20180127162159
2018-01-27 16:22:16.300;RU;AS132-AS1-20180127161936
2018-01-27 16:22:20.287;VU;AS132-AS1-20180127161936
2018-01-27 16:22:28.833;RC;AS132-AS1-20180127162041
2018-01-27 16:22:29.874;SS;AS132-AS1-20180127162041
2018-01-27 16:22:56.808;RO;AS132-AS1-20180127162159
2018-01-27 16:22:58.528;SP;AS132-AS1-20180127162159
2018-01-27 16:23:00.881;SQ;AS132-AS1-20180127162300
2018-01-27 16:23:29.786;RC;AS132-AS1-20180127162159
2018-01-27 16:23:31.387;SS;AS132-AS1-20180127162159
2018-01-27 16:23:35.716;RU;AS132-AS1-20180127162041
2018-01-27 16:23:37.765;VU;AS132-AS1-20180127162041
2018-01-27 16:24:02.947;RO;AS132-AS1-20180127162300
2018-01-27 16:24:03.877;SP;AS132-AS1-20180127162300
2018-01-27 16:24:08.781;SQ;AS132-AS1-20180127162408
2018-01-27 16:24:31.319;RU;AS132-AS1-20180127162159
2018-01-27 16:24:33.947;VU;AS132-AS1-20180127162159
2018-01-27 16:24:34.565;RC;AS132-AS1-20180127162300
2018-01-27 16:24:35.614;SS;AS132-AS1-20180127162300
2018-01-27 16:24:54.455;RO;AS132-AS1-20180127162408
2018-01-27 16:24:56.028;SP;AS132-AS1-20180127162408
2018-01-27 16:24:58.568;SQ;AS132-AS1-20180127162458
2018-01-27 16:25:26.592;RC;AS132-AS1-20180127162408
2018-01-27 16:25:28.249;SS;AS132-AS1-20180127162408
2018-01-27 16:25:31.425;RU;AS132-AS1-20180127162300
2018-01-27 16:26:01.969;RO;AS132-AS1-20180127162458
2018-01-27 16:26:03.865;SP;AS132-AS1-20180127162458
2018-01-27 16:26:08.051;SQ;AS132-AS1-20180127162608
2018-01-27 16:26:33.963;RC;AS132-AS1-20180127162458
2018-01-27 16:26:34.129;RU;AS132-AS1-20180127162408
2018-01-27 16:26:36.285;SS;AS132-AS1-20180127162458
2018-01-27 16:26:38.111;VU;AS132-AS1-20180127162408
2018-01-27 16:27:16.151;RO;AS132-AS1-20180127162608
2018-01-27 16:27:18.728;SP;AS132-AS1-20180127162608
2018-01-27 16:27:22.549;SQ;AS132-AS1-20180127162722
2018-01-27 16:27:24.068;RU;AS132-AS1-20180127162458
2018-01-27 16:27:26.692;VU;AS132-AS1-20180127162458
2018-01-27 16:27:33.486;RC;AS132-AS1-20180127162608
2018-01-27 16:27:35.675;SS;AS132-AS1-20180127162608
2018-01-27 16:27:57.895;RO;AS132-AS1-20180127162722
2018-01-27 16:27:58.480;RU;AS132-AS1-20180127162608
2018-01-27 16:28:03.144;SP;AS132-AS1-20180127162722
2018-01-27 16:28:04.669;VU;AS132-AS1-20180127162608
2018-01-27 16:28:08.165;RC;AS132-AS1-20180127162722
2018-01-27 16:28:11.265;SS;AS132-AS1-20180127162722
2018-01-27 16:28:16.501;RU;AS132-AS1-20180127162722
2018-01-27 16:28:27.515;VU;AS132-AS1-20180127162722
