2018-01-27 15:56:05.851;SQ;AS140-AS1-20180127155605
2018-01-27 15:56:33.998;RO;AS140-AS1-20180127155605
2018-01-27 15:56:35.258;SP;AS140-AS1-20180127155605
2018-01-27 15:56:36.971;SQ;AS140-AS1-20180127155636
2018-01-27 15:56:58.970;RC;AS140-AS1-20180127155605
2018-01-27 15:56:59.891;SS;AS140-AS1-20180127155605
2018-01-27 15:57:31.161;RO;AS140-AS1-20180127155636
2018-01-27 15:57:32.740;SP;AS140-AS1-20180127155636
2018-01-27 15:57:34.487;SQ;AS140-AS1-20180127155734
2018-01-27 15:58:03.113;RU;AS140-AS1-20180127155605
2018-01-27 15:58:04.994;VU;AS140-AS1-20180127155605
2018-01-27 15:58:05.683;RC;AS140-AS1-20180127155636
2018-01-27 15:58:06.551;SS;AS140-AS1-20180127155636
2018-01-27 15:58:39.282;RO;AS140-AS1-20180127155734
2018-01-27 15:58:40.422;SP;AS140-AS1-20180127155734
2018-01-27 15:58:42.148;SQ;AS140-AS1-20180127155842
2018-01-27 15:59:13.425;RC;AS140-AS1-20180127155734
2018-01-27 15:59:14.273;SS;AS140-AS1-20180127155734
2018-01-27 15:59:15.090;RU;AS140-AS1-20180127155636
2018-01-27 15:59:16.917;VU;AS140-AS1-20180127155636
2018-01-27 15:59:43.074;RO;AS140-AS1-20180127155842
2018-01-27 15:59:44.087;SP;AS140-AS1-20180127155842
2018-01-27 15:59:45.775;SQ;AS140-AS1-20180127155945
2018-01-27 16:00:14.611;RC;AS140-AS1-20180127155842
2018-01-27 16:00:14.683;RU;AS140-AS1-20180127155734
2018-01-27 16:00:16.369;SS;AS140-AS1-20180127155842
2018-01-27 16:00:17.373;VU;AS140-AS1-20180127155734
2018-01-27 16:00:50.102;RO;AS140-AS1-20180127155945
2018-01-27 16:00:51.277;SP;AS140-AS1-20180127155945
2018-01-27 16:00:54.371;SQ;AS140-AS1-20180127160054
2018-01-27 16:01:23.172;RC;AS140-AS1-20180127155945
2018-01-27 16:01:24.100;SS;AS140-AS1-20180127155945
2018-01-27 16:01:28.136;RU;AS140-AS1-20180127155842
2018-01-27 16:01:30.005;VU;AS140-AS1-20180127155842
2018-01-27 16:01:45.658;RO;AS140-AS1-20180127160054
2018-01-27 16:01:46.782;SP;AS140-AS1-20180127160054
2018-01-27 16:01:48.491;SQ;AS140-AS1-20180127160148
2018-01-27 16:02:15.670;RC;AS140-AS1-20180127160054
2018-01-27 16:02:16.528;SS;AS140-AS1-20180127160054
2018-01-27 16:02:29.987;RU;AS140-AS1-20180127155945
2018-01-27 16:02:31.844;VU;AS140-AS1-20180127155945
2018-01-27 16:02:49.044;RO;AS140-AS1-20180127160148
2018-01-27 16:02:49.898;SP;AS140-AS1-20180127160148
2018-01-27 16:02:51.588;SQ;AS140-AS1-20180127160251
2018-01-27 16:03:22.866;RC;AS140-AS1-20180127160148
2018-01-27 16:03:23.698;SS;AS140-AS1-20180127160148
2018-01-27 16:03:23.725;RU;AS140-AS1-20180127160054
2018-01-27 16:03:25.587;VU;AS140-AS1-20180127160054
2018-01-27 16:03:52.807;RO;AS140-AS1-20180127160251
2018-01-27 16:03:53.989;SP;AS140-AS1-20180127160251
2018-01-27 16:03:55.694;SQ;AS140-AS1-20180127160355
2018-01-27 16:04:17.001;RU;AS140-AS1-20180127160148
2018-01-27 16:04:18.847;VU;AS140-AS1-20180127160148
2018-01-27 16:04:19.591;RC;AS140-AS1-20180127160251
2018-01-27 16:04:20.468;SS;AS140-AS1-20180127160251
2018-01-27 16:04:51.695;RO;AS140-AS1-20180127160355
2018-01-27 16:04:52.583;SP;AS140-AS1-20180127160355
2018-01-27 16:04:54.301;SQ;AS140-AS1-20180127160454
2018-01-27 16:05:15.493;RC;AS140-AS1-20180127160355
2018-01-27 16:05:16.352;SS;AS140-AS1-20180127160355
2018-01-27 16:05:28.736;RU;AS140-AS1-20180127160251
2018-01-27 16:05:31.599;VU;AS140-AS1-20180127160251
2018-01-27 16:05:53.790;RO;AS140-AS1-20180127160454
2018-01-27 16:05:54.756;SP;AS140-AS1-20180127160454
2018-01-27 16:05:56.445;SQ;AS140-AS1-20180127160556
2018-01-27 16:06:19.694;RU;AS140-AS1-20180127160355
2018-01-27 16:06:21.530;VU;AS140-AS1-20180127160355
2018-01-27 16:06:25.835;RC;AS140-AS1-20180127160454
2018-01-27 16:06:26.684;SS;AS140-AS1-20180127160454
2018-01-27 16:06:54.486;RO;AS140-AS1-20180127160556
2018-01-27 16:06:55.371;SP;AS140-AS1-20180127160556
2018-01-27 16:06:57.059;SQ;AS140-AS1-20180127160657
2018-01-27 16:07:24.210;RC;AS140-AS1-20180127160556
2018-01-27 16:07:25.069;SS;AS140-AS1-20180127160556
2018-01-27 16:07:28.131;RU;AS140-AS1-20180127160454
2018-01-27 16:07:29.983;VU;AS140-AS1-20180127160454
2018-01-27 16:08:06.410;RO;AS140-AS1-20180127160657
2018-01-27 16:08:07.506;SP;AS140-AS1-20180127160657
2018-01-27 16:08:09.241;SQ;AS140-AS1-20180127160809
2018-01-27 16:08:30.702;RU;AS140-AS1-20180127160556
2018-01-27 16:08:32.560;VU;AS140-AS1-20180127160556
2018-01-27 16:08:40.185;RC;AS140-AS1-20180127160657
2018-01-27 16:08:41.045;SS;AS140-AS1-20180127160657
2018-01-27 16:09:13.796;RO;AS140-AS1-20180127160809
2018-01-27 16:09:14.656;SP;AS140-AS1-20180127160809
2018-01-27 16:09:16.344;SQ;AS140-AS1-20180127160916
2018-01-27 16:09:41.304;RU;AS140-AS1-20180127160657
2018-01-27 16:09:43.146;VU;AS140-AS1-20180127160657
2018-01-27 16:09:48.469;RC;AS140-AS1-20180127160809
2018-01-27 16:09:49.303;SS;AS140-AS1-20180127160809
2018-01-27 16:10:16.382;RO;AS140-AS1-20180127160916
2018-01-27 16:10:17.256;SP;AS140-AS1-20180127160916
2018-01-27 16:10:18.975;SQ;AS140-AS1-20180127161018
2018-01-27 16:10:46.630;RC;AS140-AS1-20180127160916
2018-01-27 16:10:47.507;SS;AS140-AS1-20180127160916
2018-01-27 16:10:51.441;RU;AS140-AS1-20180127160809
2018-01-27 16:10:53.302;VU;AS140-AS1-20180127160809
2018-01-27 16:11:24.569;RO;AS140-AS1-20180127161018
2018-01-27 16:11:25.896;SP;AS140-AS1-20180127161018
2018-01-27 16:11:27.620;SQ;AS140-AS1-20180127161127
2018-01-27 16:11:49.397;RU;AS140-AS1-20180127160916
2018-01-27 16:11:51.266;VU;AS140-AS1-20180127160916
2018-01-27 16:11:58.259;RC;AS140-AS1-20180127161018
2018-01-27 16:11:59.105;SS;AS140-AS1-20180127161018
2018-01-27 16:12:18.666;RO;AS140-AS1-20180127161127
2018-01-27 16:12:19.530;SP;AS140-AS1-20180127161127
2018-01-27 16:12:21.260;SQ;AS140-AS1-20180127161221
2018-01-27 16:12:40.902;RC;AS140-AS1-20180127161127
2018-01-27 16:12:41.755;SS;AS140-AS1-20180127161127
2018-01-27 16:13:00.922;RU;AS140-AS1-20180127161018
2018-01-27 16:13:02.823;VU;AS140-AS1-20180127161018
2018-01-27 16:13:18.188;RO;AS140-AS1-20180127161221
2018-01-27 16:13:19.187;SP;AS140-AS1-20180127161221
2018-01-27 16:13:20.901;SQ;AS140-AS1-20180127161320
2018-01-27 16:13:49.518;RU;AS140-AS1-20180127161127
2018-01-27 16:13:50.365;RC;AS140-AS1-20180127161221
2018-01-27 16:13:51.225;SS;AS140-AS1-20180127161221
2018-01-27 16:13:51.411;VU;AS140-AS1-20180127161127
2018-01-27 16:14:20.416;RO;AS140-AS1-20180127161320
2018-01-27 16:14:21.313;SP;AS140-AS1-20180127161320
2018-01-27 16:14:22.987;SQ;AS140-AS1-20180127161422
2018-01-27 16:14:51.638;RU;AS140-AS1-20180127161221
2018-01-27 16:14:53.410;RC;AS140-AS1-20180127161320
2018-01-27 16:14:53.498;VU;AS140-AS1-20180127161221
2018-01-27 16:14:54.244;SS;AS140-AS1-20180127161320
2018-01-27 16:15:26.630;RO;AS140-AS1-20180127161422
2018-01-27 16:15:28.711;SP;AS140-AS1-20180127161422
2018-01-27 16:15:31.281;SQ;AS140-AS1-20180127161531
2018-01-27 16:15:58.554;RU;AS140-AS1-20180127161320
2018-01-27 16:15:59.434;RC;AS140-AS1-20180127161422
2018-01-27 16:16:00.272;SS;AS140-AS1-20180127161422
2018-01-27 16:16:00.415;VU;AS140-AS1-20180127161320
2018-01-27 16:16:27.302;RO;AS140-AS1-20180127161531
2018-01-27 16:16:28.221;SP;AS140-AS1-20180127161531
2018-01-27 16:16:31.320;SQ;AS140-AS1-20180127161631
2018-01-27 16:17:00.119;RC;AS140-AS1-20180127161531
2018-01-27 16:17:00.992;SS;AS140-AS1-20180127161531
2018-01-27 16:17:08.990;RU;AS140-AS1-20180127161422
2018-01-27 16:17:10.855;VU;AS140-AS1-20180127161422
2018-01-27 16:17:31.993;RO;AS140-AS1-20180127161631
2018-01-27 16:17:33.252;SP;AS140-AS1-20180127161631
2018-01-27 16:17:35.580;SQ;AS140-AS1-20180127161735
2018-01-27 16:18:02.671;RC;AS140-AS1-20180127161631
2018-01-27 16:18:03.524;SS;AS140-AS1-20180127161631
2018-01-27 16:18:07.222;RU;AS140-AS1-20180127161531
2018-01-27 16:18:09.390;VU;AS140-AS1-20180127161531
2018-01-27 16:18:34.402;RO;AS140-AS1-20180127161735
2018-01-27 16:18:35.536;SP;AS140-AS1-20180127161735
2018-01-27 16:18:37.270;SQ;AS140-AS1-20180127161837
2018-01-27 16:19:02.443;RC;AS140-AS1-20180127161735
2018-01-27 16:19:03.309;SS;AS140-AS1-20180127161735
2018-01-27 16:19:07.857;RU;AS140-AS1-20180127161631
2018-01-27 16:19:10.494;VU;AS140-AS1-20180127161631
2018-01-27 16:19:39.520;RO;AS140-AS1-20180127161837
2018-01-27 16:19:41.744;SP;AS140-AS1-20180127161837
2018-01-27 16:19:43.485;SQ;AS140-AS1-20180127161943
2018-01-27 16:20:03.528;RU;AS140-AS1-20180127161735
2018-01-27 16:20:05.369;VU;AS140-AS1-20180127161735
2018-01-27 16:20:06.984;RC;AS140-AS1-20180127161837
2018-01-27 16:20:07.857;SS;AS140-AS1-20180127161837
2018-01-27 16:21:06.551;RO;AS140-AS1-20180127161943
2018-01-27 16:21:07.447;SP;AS140-AS1-20180127161943
2018-01-27 16:21:09.152;SQ;AS140-AS1-20180127162109
2018-01-27 16:21:12.618;RU;AS140-AS1-20180127161837
2018-01-27 16:21:15.077;VU;AS140-AS1-20180127161837
2018-01-27 16:21:36.002;RC;AS140-AS1-20180127161943
2018-01-27 16:21:36.837;SS;AS140-AS1-20180127161943
2018-01-27 16:22:11.615;RO;AS140-AS1-20180127162109
2018-01-27 16:22:12.576;SP;AS140-AS1-20180127162109
2018-01-27 16:22:14.262;SQ;AS140-AS1-20180127162214
2018-01-27 16:22:34.736;RU;AS140-AS1-20180127161943
2018-01-27 16:22:36.602;VU;AS140-AS1-20180127161943
2018-01-27 16:22:44.138;RC;AS140-AS1-20180127162109
2018-01-27 16:22:44.990;SS;AS140-AS1-20180127162109
2018-01-27 16:23:10.655;RO;AS140-AS1-20180127162214
2018-01-27 16:23:11.675;SP;AS140-AS1-20180127162214
2018-01-27 16:23:13.370;SQ;AS140-AS1-20180127162313
2018-01-27 16:23:34.144;RC;AS140-AS1-20180127162214
2018-01-27 16:23:35.877;SS;AS140-AS1-20180127162214
2018-01-27 16:23:47.229;RU;AS140-AS1-20180127162109
2018-01-27 16:23:49.098;VU;AS140-AS1-20180127162109
2018-01-27 16:24:14.214;RO;AS140-AS1-20180127162313
2018-01-27 16:24:15.303;SP;AS140-AS1-20180127162313
2018-01-27 16:24:17.014;SQ;AS140-AS1-20180127162417
2018-01-27 16:24:34.280;RU;AS140-AS1-20180127162214
2018-01-27 16:24:36.132;VU;AS140-AS1-20180127162214
2018-01-27 16:24:41.842;RC;AS140-AS1-20180127162313
2018-01-27 16:24:42.679;SS;AS140-AS1-20180127162313
2018-01-27 16:25:14.103;RO;AS140-AS1-20180127162417
2018-01-27 16:25:15.440;SP;AS140-AS1-20180127162417
2018-01-27 16:25:17.147;SQ;AS140-AS1-20180127162517
2018-01-27 16:25:44.129;RC;AS140-AS1-20180127162417
2018-01-27 16:25:44.961;SS;AS140-AS1-20180127162417
2018-01-27 16:25:46.631;RU;AS140-AS1-20180127162313
2018-01-27 16:25:48.511;VU;AS140-AS1-20180127162313
2018-01-27 16:26:09.616;RO;AS140-AS1-20180127162517
2018-01-27 16:26:11.404;SP;AS140-AS1-20180127162517
2018-01-27 16:26:13.112;SQ;AS140-AS1-20180127162613
2018-01-27 16:26:38.591;RU;AS140-AS1-20180127162417
2018-01-27 16:26:38.662;RC;AS140-AS1-20180127162517
2018-01-27 16:26:40.793;SS;AS140-AS1-20180127162517
2018-01-27 16:26:41.745;VU;AS140-AS1-20180127162417
2018-01-27 16:27:24.111;RO;AS140-AS1-20180127162613
2018-01-27 16:27:25.029;SP;AS140-AS1-20180127162613
2018-01-27 16:27:30.843;RU;AS140-AS1-20180127162517
2018-01-27 16:27:32.695;VU;AS140-AS1-20180127162517
2018-01-27 16:27:41.600;RC;AS140-AS1-20180127162613
2018-01-27 16:27:42.453;SS;AS140-AS1-20180127162613
2018-01-27 16:28:02.588;RU;AS140-AS1-20180127162613
2018-01-27 16:28:15.018;VU;AS140-AS1-20180127162613
