2018-01-27 15:56:00.945;SQ;AS141-AS1-20180127155600
2018-01-27 15:56:26.521;RO;AS141-AS1-20180127155600
2018-01-27 15:56:27.887;SP;AS141-AS1-20180127155600
2018-01-27 15:56:29.393;SQ;AS141-AS1-20180127155629
2018-01-27 15:56:42.164;RC;AS141-AS1-20180127155600
2018-01-27 15:56:43.404;SS;AS141-AS1-20180127155600
2018-01-27 15:57:23.398;RO;AS141-AS1-20180127155629
2018-01-27 15:57:24.185;SP;AS141-AS1-20180127155629
2018-01-27 15:57:25.704;SQ;AS141-AS1-20180127155725
2018-01-27 15:57:30.581;RU;AS141-AS1-20180127155600
2018-01-27 15:57:33.127;VU;AS141-AS1-20180127155600
2018-01-27 15:57:52.750;RC;AS141-AS1-20180127155629
2018-01-27 15:57:53.475;SS;AS141-AS1-20180127155629
2018-01-27 15:58:25.486;RO;AS141-AS1-20180127155725
2018-01-27 15:58:26.527;SP;AS141-AS1-20180127155725
2018-01-27 15:58:28.071;SQ;AS141-AS1-20180127155828
2018-01-27 15:58:56.929;RC;AS141-AS1-20180127155725
2018-01-27 15:58:57.694;SS;AS141-AS1-20180127155725
2018-01-27 15:58:58.196;RU;AS141-AS1-20180127155629
2018-01-27 15:58:59.936;VU;AS141-AS1-20180127155629
2018-01-27 15:59:33.621;RO;AS141-AS1-20180127155828
2018-01-27 15:59:34.417;SP;AS141-AS1-20180127155828
2018-01-27 15:59:37.401;SQ;AS141-AS1-20180127155937
2018-01-27 16:00:02.854;RU;AS141-AS1-20180127155725
2018-01-27 16:00:03.794;RC;AS141-AS1-20180127155828
2018-01-27 16:00:04.557;SS;AS141-AS1-20180127155828
2018-01-27 16:00:04.610;VU;AS141-AS1-20180127155725
2018-01-27 16:00:36.630;RO;AS141-AS1-20180127155937
2018-01-27 16:00:38.286;SP;AS141-AS1-20180127155937
2018-01-27 16:00:39.825;SQ;AS141-AS1-20180127160039
2018-01-27 16:00:59.908;RU;AS141-AS1-20180127155828
2018-01-27 16:01:01.650;VU;AS141-AS1-20180127155828
2018-01-27 16:01:14.908;RC;AS141-AS1-20180127155937
2018-01-27 16:01:15.664;SS;AS141-AS1-20180127155937
2018-01-27 16:01:38.879;RO;AS141-AS1-20180127160039
2018-01-27 16:01:39.875;SP;AS141-AS1-20180127160039
2018-01-27 16:01:41.421;SQ;AS141-AS1-20180127160141
2018-01-27 16:02:11.519;RC;AS141-AS1-20180127160039
2018-01-27 16:02:12.285;SS;AS141-AS1-20180127160039
2018-01-27 16:02:15.732;RU;AS141-AS1-20180127155937
2018-01-27 16:02:17.486;VU;AS141-AS1-20180127155937
2018-01-27 16:02:45.292;RO;AS141-AS1-20180127160141
2018-01-27 16:02:46.242;SP;AS141-AS1-20180127160141
2018-01-27 16:02:47.746;SQ;AS141-AS1-20180127160247
2018-01-27 16:03:07.048;RU;AS141-AS1-20180127160039
2018-01-27 16:03:15.151;RC;AS141-AS1-20180127160141
2018-01-27 16:03:16.378;SS;AS141-AS1-20180127160141
2018-01-27 16:03:36.519;RO;AS141-AS1-20180127160247
2018-01-27 16:03:38.116;SP;AS141-AS1-20180127160247
2018-01-27 16:03:40.202;SQ;AS141-AS1-20180127160340
2018-01-27 16:04:13.373;RC;AS141-AS1-20180127160247
2018-01-27 16:04:14.714;SS;AS141-AS1-20180127160247
2018-01-27 16:04:14.965;RU;AS141-AS1-20180127160141
2018-01-27 16:04:16.709;VU;AS141-AS1-20180127160141
2018-01-27 16:04:44.804;RO;AS141-AS1-20180127160340
2018-01-27 16:04:46.387;SP;AS141-AS1-20180127160340
2018-01-27 16:04:48.429;SQ;AS141-AS1-20180127160448
2018-01-27 16:05:11.562;RU;AS141-AS1-20180127160247
2018-01-27 16:05:13.898;VU;AS141-AS1-20180127160247
2018-01-27 16:05:19.464;RC;AS141-AS1-20180127160340
2018-01-27 16:05:20.302;SS;AS141-AS1-20180127160340
2018-01-27 16:05:53.910;RO;AS141-AS1-20180127160448
2018-01-27 16:05:54.907;SP;AS141-AS1-20180127160448
2018-01-27 16:05:57.135;SQ;AS141-AS1-20180127160557
2018-01-27 16:06:20.102;RU;AS141-AS1-20180127160340
2018-01-27 16:06:26.308;RC;AS141-AS1-20180127160448
2018-01-27 16:06:27.175;SS;AS141-AS1-20180127160448
2018-01-27 16:07:34.499;RU;AS141-AS1-20180127160448
2018-01-27 16:07:36.526;VU;AS141-AS1-20180127160448
2018-01-27 16:07:37.766;RO;AS141-AS1-20180127160557
2018-01-27 16:07:39.869;SP;AS141-AS1-20180127160557
2018-01-27 16:07:42.867;SQ;AS141-AS1-20180127160742
2018-01-27 16:08:09.997;RC;AS141-AS1-20180127160557
2018-01-27 16:08:11.676;SS;AS141-AS1-20180127160557
2018-01-27 16:08:40.430;RO;AS141-AS1-20180127160742
2018-01-27 16:08:42.326;SP;AS141-AS1-20180127160742
2018-01-27 16:08:45.652;SQ;AS141-AS1-20180127160845
2018-01-27 16:09:13.795;RC;AS141-AS1-20180127160742
2018-01-27 16:09:14.208;RU;AS141-AS1-20180127160557
2018-01-27 16:09:16.148;SS;AS141-AS1-20180127160742
2018-01-27 16:09:17.763;VU;AS141-AS1-20180127160557
2018-01-27 16:09:38.773;RO;AS141-AS1-20180127160845
2018-01-27 16:09:40.957;SP;AS141-AS1-20180127160845
2018-01-27 16:09:44.258;SQ;AS141-AS1-20180127160944
2018-01-27 16:09:59.036;RC;AS141-AS1-20180127160845
2018-01-27 16:10:00.752;SS;AS141-AS1-20180127160845
2018-01-27 16:10:18.736;RU;AS141-AS1-20180127160742
2018-01-27 16:10:22.320;VU;AS141-AS1-20180127160742
2018-01-27 16:10:43.424;RO;AS141-AS1-20180127160944
2018-01-27 16:10:45.334;SP;AS141-AS1-20180127160944
2018-01-27 16:10:48.623;SQ;AS141-AS1-20180127161048
2018-01-27 16:11:00.257;RU;AS141-AS1-20180127160845
2018-01-27 16:11:03.063;VU;AS141-AS1-20180127160845
2018-01-27 16:11:15.594;RC;AS141-AS1-20180127160944
2018-01-27 16:11:17.260;SS;AS141-AS1-20180127160944
2018-01-27 16:11:47.796;RO;AS141-AS1-20180127161048
2018-01-27 16:11:50.003;SP;AS141-AS1-20180127161048
2018-01-27 16:11:54.869;SQ;AS141-AS1-20180127161154
2018-01-27 16:12:19.324;RU;AS141-AS1-20180127160944
2018-01-27 16:12:21.587;RC;AS141-AS1-20180127161048
2018-01-27 16:12:21.931;VU;AS141-AS1-20180127160944
2018-01-27 16:12:23.804;SS;AS141-AS1-20180127161048
2018-01-27 16:12:54.488;RO;AS141-AS1-20180127161154
2018-01-27 16:12:57.129;SP;AS141-AS1-20180127161154
2018-01-27 16:13:00.474;SQ;AS141-AS1-20180127161300
2018-01-27 16:13:23.510;RC;AS141-AS1-20180127161154
2018-01-27 16:13:27.049;SS;AS141-AS1-20180127161154
2018-01-27 16:13:50.358;RU;AS141-AS1-20180127161048
2018-01-27 16:13:53.078;VU;AS141-AS1-20180127161048
2018-01-27 16:13:57.024;RO;AS141-AS1-20180127161300
2018-01-27 16:13:59.278;SP;AS141-AS1-20180127161300
2018-01-27 16:14:02.867;SQ;AS141-AS1-20180127161402
2018-01-27 16:14:31.338;RU;AS141-AS1-20180127161154
2018-01-27 16:14:31.345;RC;AS141-AS1-20180127161300
2018-01-27 16:14:33.962;SS;AS141-AS1-20180127161300
2018-01-27 16:14:35.050;VU;AS141-AS1-20180127161154
2018-01-27 16:15:05.912;RO;AS141-AS1-20180127161402
2018-01-27 16:15:07.648;SP;AS141-AS1-20180127161402
2018-01-27 16:15:10.909;SQ;AS141-AS1-20180127161510
2018-01-27 16:15:39.106;RC;AS141-AS1-20180127161402
2018-01-27 16:15:40.528;SS;AS141-AS1-20180127161402
2018-01-27 16:15:40.928;RU;AS141-AS1-20180127161300
2018-01-27 16:15:43.912;VU;AS141-AS1-20180127161300
2018-01-27 16:16:13.007;RO;AS141-AS1-20180127161510
2018-01-27 16:16:16.484;SP;AS141-AS1-20180127161510
2018-01-27 16:16:19.676;SQ;AS141-AS1-20180127161619
2018-01-27 16:16:43.788;RC;AS141-AS1-20180127161510
2018-01-27 16:16:44.180;RU;AS141-AS1-20180127161402
2018-01-27 16:16:47.608;SS;AS141-AS1-20180127161510
2018-01-27 16:16:49.279;VU;AS141-AS1-20180127161402
2018-01-27 16:17:18.108;RO;AS141-AS1-20180127161619
2018-01-27 16:17:21.221;SP;AS141-AS1-20180127161619
2018-01-27 16:17:24.817;SQ;AS141-AS1-20180127161724
2018-01-27 16:17:45.084;RU;AS141-AS1-20180127161510
2018-01-27 16:17:47.862;VU;AS141-AS1-20180127161510
2018-01-27 16:17:51.300;RC;AS141-AS1-20180127161619
2018-01-27 16:17:54.566;SS;AS141-AS1-20180127161619
2018-01-27 16:18:29.043;RO;AS141-AS1-20180127161724
2018-01-27 16:18:31.023;SP;AS141-AS1-20180127161724
2018-01-27 16:18:34.639;SQ;AS141-AS1-20180127161834
2018-01-27 16:18:51.688;RU;AS141-AS1-20180127161619
2018-01-27 16:18:54.036;VU;AS141-AS1-20180127161619
2018-01-27 16:19:04.508;RC;AS141-AS1-20180127161724
2018-01-27 16:19:06.214;SS;AS141-AS1-20180127161724
2018-01-27 16:19:28.995;RO;AS141-AS1-20180127161834
2018-01-27 16:19:30.689;SP;AS141-AS1-20180127161834
2018-01-27 16:19:34.337;SQ;AS141-AS1-20180127161934
2018-01-27 16:20:03.504;RU;AS141-AS1-20180127161724
2018-01-27 16:20:03.931;RC;AS141-AS1-20180127161834
2018-01-27 16:20:06.683;SS;AS141-AS1-20180127161834
2018-01-27 16:20:06.868;VU;AS141-AS1-20180127161724
2018-01-27 16:20:29.133;RO;AS141-AS1-20180127161934
2018-01-27 16:20:31.162;SP;AS141-AS1-20180127161934
2018-01-27 16:20:34.466;SQ;AS141-AS1-20180127162034
2018-01-27 16:20:57.464;RC;AS141-AS1-20180127161934
2018-01-27 16:21:00.465;SS;AS141-AS1-20180127161934
2018-01-27 16:21:04.579;RU;AS141-AS1-20180127161834
2018-01-27 16:21:07.436;VU;AS141-AS1-20180127161834
2018-01-27 16:21:36.166;RO;AS141-AS1-20180127162034
2018-01-27 16:21:38.424;SP;AS141-AS1-20180127162034
2018-01-27 16:21:42.031;SQ;AS141-AS1-20180127162142
2018-01-27 16:21:56.549;RU;AS141-AS1-20180127161934
2018-01-27 16:21:59.314;VU;AS141-AS1-20180127161934
2018-01-27 16:22:08.662;RC;AS141-AS1-20180127162034
2018-01-27 16:22:10.378;SS;AS141-AS1-20180127162034
2018-01-27 16:22:41.459;RO;AS141-AS1-20180127162142
2018-01-27 16:22:43.352;SP;AS141-AS1-20180127162142
2018-01-27 16:22:46.964;SQ;AS141-AS1-20180127162246
2018-01-27 16:23:14.551;RU;AS141-AS1-20180127162034
2018-01-27 16:23:16.962;RC;AS141-AS1-20180127162142
2018-01-27 16:23:17.265;VU;AS141-AS1-20180127162034
2018-01-27 16:23:19.620;SS;AS141-AS1-20180127162142
2018-01-27 16:23:44.490;RO;AS141-AS1-20180127162246
2018-01-27 16:23:46.240;SP;AS141-AS1-20180127162246
2018-01-27 16:23:49.760;SQ;AS141-AS1-20180127162349
2018-01-27 16:24:14.293;RC;AS141-AS1-20180127162246
2018-01-27 16:24:15.046;RU;AS141-AS1-20180127162142
2018-01-27 16:24:16.318;SS;AS141-AS1-20180127162246
2018-01-27 16:24:18.332;VU;AS141-AS1-20180127162142
2018-01-27 16:24:52.599;RO;AS141-AS1-20180127162349
2018-01-27 16:24:55.867;SP;AS141-AS1-20180127162349
2018-01-27 16:24:59.463;SQ;AS141-AS1-20180127162459
2018-01-27 16:25:16.683;RU;AS141-AS1-20180127162246
2018-01-27 16:25:19.477;VU;AS141-AS1-20180127162246
2018-01-27 16:25:25.976;RC;AS141-AS1-20180127162349
2018-01-27 16:25:27.539;SS;AS141-AS1-20180127162349
2018-01-27 16:26:25.953;RU;AS141-AS1-20180127162349
2018-01-27 16:26:29.560;VU;AS141-AS1-20180127162349
2018-01-27 16:26:33.953;RO;AS141-AS1-20180127162459
2018-01-27 16:26:35.850;SP;AS141-AS1-20180127162459
2018-01-27 16:26:39.165;SQ;AS141-AS1-20180127162639
2018-01-27 16:27:23.871;RC;AS141-AS1-20180127162459
2018-01-27 16:27:25.751;SS;AS141-AS1-20180127162459
2018-01-27 16:27:28.260;RO;AS141-AS1-20180127162639
2018-01-27 16:27:32.380;SP;AS141-AS1-20180127162639
2018-01-27 16:27:35.675;SQ;AS141-AS1-20180127162735
2018-01-27 16:27:44.818;RC;AS141-AS1-20180127162639
2018-01-27 16:27:48.208;SS;AS141-AS1-20180127162639
2018-01-27 16:27:58.428;RO;AS141-AS1-20180127162735
2018-01-27 16:27:58.500;RU;AS141-AS1-20180127162459
2018-01-27 16:28:03.236;SP;AS141-AS1-20180127162735
2018-01-27 16:28:04.156;VU;AS141-AS1-20180127162459
2018-01-27 16:28:05.755;RU;AS141-AS1-20180127162639
2018-01-27 16:28:08.183;RC;AS141-AS1-20180127162735
2018-01-27 16:28:12.520;SS;AS141-AS1-20180127162735
2018-01-27 16:28:15.792;VU;AS141-AS1-20180127162639
2018-01-27 16:28:17.143;RU;AS141-AS1-20180127162735
2018-01-27 16:28:27.962;VU;AS141-AS1-20180127162735
