2018-01-27 15:56:00.950;SQ;AS147-AS1-20180127155600
2018-01-27 15:56:25.188;RO;AS147-AS1-20180127155600
2018-01-27 15:56:26.317;SP;AS147-AS1-20180127155600
2018-01-27 15:56:28.528;SQ;AS147-AS1-20180127155628
2018-01-27 15:56:47.300;RC;AS147-AS1-20180127155600
2018-01-27 15:56:48.176;SS;AS147-AS1-20180127155600
2018-01-27 15:57:43.120;RO;AS147-AS1-20180127155628
2018-01-27 15:57:44.480;SP;AS147-AS1-20180127155628
2018-01-27 15:57:45.324;RU;AS147-AS1-20180127155600
2018-01-27 15:57:48.280;SQ;AS147-AS1-20180127155748
2018-01-27 15:57:48.862;VU;AS147-AS1-20180127155600
2018-01-27 15:58:15.408;RC;AS147-AS1-20180127155628
2018-01-27 15:58:17.303;SS;AS147-AS1-20180127155628
2018-01-27 15:58:48.719;RO;AS147-AS1-20180127155748
2018-01-27 15:58:49.707;SP;AS147-AS1-20180127155748
2018-01-27 15:58:51.421;SQ;AS147-AS1-20180127155851
2018-01-27 15:59:20.128;RC;AS147-AS1-20180127155748
2018-01-27 15:59:21.568;RU;AS147-AS1-20180127155628
2018-01-27 15:59:22.021;SS;AS147-AS1-20180127155748
2018-01-27 15:59:23.756;VU;AS147-AS1-20180127155628
2018-01-27 15:59:46.148;RO;AS147-AS1-20180127155851
2018-01-27 15:59:47.349;SP;AS147-AS1-20180127155851
2018-01-27 15:59:49.055;SQ;AS147-AS1-20180127155949
2018-01-27 16:00:15.999;RC;AS147-AS1-20180127155851
2018-01-27 16:00:16.864;SS;AS147-AS1-20180127155851
2018-01-27 16:00:25.147;RU;AS147-AS1-20180127155748
2018-01-27 16:00:27.041;VU;AS147-AS1-20180127155748
2018-01-27 16:00:43.720;RO;AS147-AS1-20180127155949
2018-01-27 16:00:44.995;SP;AS147-AS1-20180127155949
2018-01-27 16:00:46.690;SQ;AS147-AS1-20180127160046
2018-01-27 16:01:17.125;RC;AS147-AS1-20180127155949
2018-01-27 16:01:17.980;SS;AS147-AS1-20180127155949
2018-01-27 16:01:28.762;RU;AS147-AS1-20180127155851
2018-01-27 16:01:30.648;VU;AS147-AS1-20180127155851
2018-01-27 16:01:35.102;RO;AS147-AS1-20180127160046
2018-01-27 16:01:36.095;SP;AS147-AS1-20180127160046
2018-01-27 16:01:38.388;SQ;AS147-AS1-20180127160138
2018-01-27 16:02:08.975;RC;AS147-AS1-20180127160046
2018-01-27 16:02:10.580;SS;AS147-AS1-20180127160046
2018-01-27 16:02:19.981;RU;AS147-AS1-20180127155949
2018-01-27 16:02:21.840;VU;AS147-AS1-20180127155949
2018-01-27 16:02:37.843;RO;AS147-AS1-20180127160138
2018-01-27 16:02:38.816;SP;AS147-AS1-20180127160138
2018-01-27 16:02:41.746;SQ;AS147-AS1-20180127160241
2018-01-27 16:03:11.029;RC;AS147-AS1-20180127160138
2018-01-27 16:03:11.556;RU;AS147-AS1-20180127160046
2018-01-27 16:03:12.946;SS;AS147-AS1-20180127160138
2018-01-27 16:03:36.921;RO;AS147-AS1-20180127160241
2018-01-27 16:03:38.826;SP;AS147-AS1-20180127160241
2018-01-27 16:03:41.700;SQ;AS147-AS1-20180127160341
2018-01-27 16:04:13.508;RC;AS147-AS1-20180127160241
2018-01-27 16:04:14.484;RU;AS147-AS1-20180127160138
2018-01-27 16:04:14.552;SS;AS147-AS1-20180127160241
2018-01-27 16:04:17.182;VU;AS147-AS1-20180127160138
2018-01-27 16:04:43.671;RO;AS147-AS1-20180127160341
2018-01-27 16:04:45.689;SP;AS147-AS1-20180127160341
2018-01-27 16:04:48.215;SQ;AS147-AS1-20180127160448
2018-01-27 16:05:18.158;RU;AS147-AS1-20180127160241
2018-01-27 16:05:18.890;RC;AS147-AS1-20180127160341
2018-01-27 16:05:20.716;SS;AS147-AS1-20180127160341
2018-01-27 16:05:20.838;VU;AS147-AS1-20180127160241
2018-01-27 16:05:45.996;RO;AS147-AS1-20180127160448
2018-01-27 16:05:47.759;SP;AS147-AS1-20180127160448
2018-01-27 16:05:50.383;SQ;AS147-AS1-20180127160550
2018-01-27 16:06:19.875;RC;AS147-AS1-20180127160448
2018-01-27 16:06:21.229;SS;AS147-AS1-20180127160448
2018-01-27 16:06:26.979;RU;AS147-AS1-20180127160341
2018-01-27 16:06:29.124;VU;AS147-AS1-20180127160341
2018-01-27 16:06:51.750;RO;AS147-AS1-20180127160550
2018-01-27 16:06:53.056;SP;AS147-AS1-20180127160550
2018-01-27 16:06:55.500;SQ;AS147-AS1-20180127160655
2018-01-27 16:07:24.446;RU;AS147-AS1-20180127160448
2018-01-27 16:07:26.261;RC;AS147-AS1-20180127160550
2018-01-27 16:07:26.544;VU;AS147-AS1-20180127160448
2018-01-27 16:07:27.127;SS;AS147-AS1-20180127160550
2018-01-27 16:07:54.589;RO;AS147-AS1-20180127160655
2018-01-27 16:07:55.935;SP;AS147-AS1-20180127160655
2018-01-27 16:07:58.544;SQ;AS147-AS1-20180127160758
2018-01-27 16:08:24.406;RU;AS147-AS1-20180127160550
2018-01-27 16:08:26.288;RC;AS147-AS1-20180127160655
2018-01-27 16:08:27.140;VU;AS147-AS1-20180127160550
2018-01-27 16:08:27.189;SS;AS147-AS1-20180127160655
2018-01-27 16:08:58.495;RO;AS147-AS1-20180127160758
2018-01-27 16:08:59.936;SP;AS147-AS1-20180127160758
2018-01-27 16:09:02.393;SQ;AS147-AS1-20180127160902
2018-01-27 16:09:29.635;RC;AS147-AS1-20180127160758
2018-01-27 16:09:30.678;RU;AS147-AS1-20180127160655
2018-01-27 16:09:30.960;SS;AS147-AS1-20180127160758
2018-01-27 16:09:33.267;VU;AS147-AS1-20180127160655
2018-01-27 16:10:00.600;RO;AS147-AS1-20180127160902
2018-01-27 16:10:01.937;SP;AS147-AS1-20180127160902
2018-01-27 16:10:04.571;SQ;AS147-AS1-20180127161004
2018-01-27 16:10:34.131;RC;AS147-AS1-20180127160902
2018-01-27 16:10:35.649;SS;AS147-AS1-20180127160902
2018-01-27 16:11:03.340;RU;AS147-AS1-20180127160758
2018-01-27 16:11:05.211;VU;AS147-AS1-20180127160758
2018-01-27 16:11:29.896;RU;AS147-AS1-20180127160902
2018-01-27 16:11:32.575;VU;AS147-AS1-20180127160902
2018-01-27 16:11:32.899;RO;AS147-AS1-20180127161004
2018-01-27 16:11:34.290;SP;AS147-AS1-20180127161004
2018-01-27 16:11:38.148;SQ;AS147-AS1-20180127161138
2018-01-27 16:12:00.017;RC;AS147-AS1-20180127161004
2018-01-27 16:12:01.581;SS;AS147-AS1-20180127161004
2018-01-27 16:12:31.124;RO;AS147-AS1-20180127161138
2018-01-27 16:12:32.325;SP;AS147-AS1-20180127161138
2018-01-27 16:12:34.925;SQ;AS147-AS1-20180127161234
2018-01-27 16:13:03.951;RU;AS147-AS1-20180127161004
2018-01-27 16:13:05.000;RC;AS147-AS1-20180127161138
2018-01-27 16:13:05.802;VU;AS147-AS1-20180127161004
2018-01-27 16:13:06.706;SS;AS147-AS1-20180127161138
2018-01-27 16:13:36.638;RO;AS147-AS1-20180127161234
2018-01-27 16:13:38.441;SP;AS147-AS1-20180127161234
2018-01-27 16:13:42.875;SQ;AS147-AS1-20180127161342
2018-01-27 16:14:07.540;RC;AS147-AS1-20180127161234
2018-01-27 16:14:08.817;SS;AS147-AS1-20180127161234
2018-01-27 16:14:11.224;RU;AS147-AS1-20180127161138
2018-01-27 16:14:14.525;VU;AS147-AS1-20180127161138
2018-01-27 16:14:39.520;RO;AS147-AS1-20180127161342
2018-01-27 16:14:41.132;SP;AS147-AS1-20180127161342
2018-01-27 16:14:45.009;SQ;AS147-AS1-20180127161445
2018-01-27 16:15:12.162;RC;AS147-AS1-20180127161342
2018-01-27 16:15:15.234;SS;AS147-AS1-20180127161342
2018-01-27 16:15:15.568;RU;AS147-AS1-20180127161234
2018-01-27 16:15:17.668;VU;AS147-AS1-20180127161234
2018-01-27 16:15:36.298;RO;AS147-AS1-20180127161445
2018-01-27 16:15:37.664;SP;AS147-AS1-20180127161445
2018-01-27 16:15:40.294;SQ;AS147-AS1-20180127161540
2018-01-27 16:16:05.053;RC;AS147-AS1-20180127161445
2018-01-27 16:16:05.895;SS;AS147-AS1-20180127161445
2018-01-27 16:16:39.228;RO;AS147-AS1-20180127161540
2018-01-27 16:16:40.969;SP;AS147-AS1-20180127161540
2018-01-27 16:16:43.456;SQ;AS147-AS1-20180127161643
2018-01-27 16:16:46.707;RU;AS147-AS1-20180127161342
2018-01-27 16:16:48.588;VU;AS147-AS1-20180127161342
2018-01-27 16:17:02.772;RU;AS147-AS1-20180127161445
2018-01-27 16:17:10.866;RC;AS147-AS1-20180127161540
2018-01-27 16:17:12.704;SS;AS147-AS1-20180127161540
2018-01-27 16:17:46.158;RO;AS147-AS1-20180127161643
2018-01-27 16:17:48.730;SP;AS147-AS1-20180127161643
2018-01-27 16:17:55.181;SQ;AS147-AS1-20180127161755
2018-01-27 16:18:10.522;RU;AS147-AS1-20180127161540
2018-01-27 16:18:13.446;VU;AS147-AS1-20180127161540
2018-01-27 16:18:23.777;RC;AS147-AS1-20180127161643
2018-01-27 16:18:26.109;SS;AS147-AS1-20180127161643
2018-01-27 16:18:56.676;RO;AS147-AS1-20180127161755
2018-01-27 16:18:58.929;SP;AS147-AS1-20180127161755
2018-01-27 16:19:02.773;SQ;AS147-AS1-20180127161902
2018-01-27 16:19:26.732;RU;AS147-AS1-20180127161643
2018-01-27 16:19:29.598;VU;AS147-AS1-20180127161643
2018-01-27 16:19:29.688;RC;AS147-AS1-20180127161755
2018-01-27 16:19:31.108;SS;AS147-AS1-20180127161755
2018-01-27 16:20:03.529;RO;AS147-AS1-20180127161902
2018-01-27 16:20:05.788;SP;AS147-AS1-20180127161902
2018-01-27 16:20:09.900;SQ;AS147-AS1-20180127162009
2018-01-27 16:20:33.675;RC;AS147-AS1-20180127161902
2018-01-27 16:20:35.571;SS;AS147-AS1-20180127161902
2018-01-27 16:20:36.800;RU;AS147-AS1-20180127161755
2018-01-27 16:20:39.267;VU;AS147-AS1-20180127161755
2018-01-27 16:21:04.577;RO;AS147-AS1-20180127162009
2018-01-27 16:21:06.684;SP;AS147-AS1-20180127162009
2018-01-27 16:21:10.615;SQ;AS147-AS1-20180127162110
2018-01-27 16:21:35.566;RC;AS147-AS1-20180127162009
2018-01-27 16:21:37.669;SS;AS147-AS1-20180127162009
2018-01-27 16:21:37.968;RU;AS147-AS1-20180127161902
2018-01-27 16:21:40.970;VU;AS147-AS1-20180127161902
2018-01-27 16:22:05.465;RO;AS147-AS1-20180127162110
2018-01-27 16:22:07.317;SP;AS147-AS1-20180127162110
2018-01-27 16:22:11.516;SQ;AS147-AS1-20180127162211
2018-01-27 16:22:30.581;RU;AS147-AS1-20180127162009
2018-01-27 16:22:34.431;RC;AS147-AS1-20180127162110
2018-01-27 16:22:37.484;SS;AS147-AS1-20180127162110
2018-01-27 16:23:11.799;RO;AS147-AS1-20180127162211
2018-01-27 16:23:15.208;SP;AS147-AS1-20180127162211
2018-01-27 16:23:23.037;SQ;AS147-AS1-20180127162323
2018-01-27 16:23:41.720;RU;AS147-AS1-20180127162110
2018-01-27 16:23:45.300;VU;AS147-AS1-20180127162110
2018-01-27 16:23:47.401;RC;AS147-AS1-20180127162211
2018-01-27 16:23:51.576;SS;AS147-AS1-20180127162211
2018-01-27 16:24:22.313;RO;AS147-AS1-20180127162323
2018-01-27 16:24:26.688;SP;AS147-AS1-20180127162323
2018-01-27 16:24:32.332;SQ;AS147-AS1-20180127162432
2018-01-27 16:24:54.199;RC;AS147-AS1-20180127162323
2018-01-27 16:24:55.518;RU;AS147-AS1-20180127162211
2018-01-27 16:24:58.712;SS;AS147-AS1-20180127162323
2018-01-27 16:25:00.287;VU;AS147-AS1-20180127162211
2018-01-27 16:25:31.428;RO;AS147-AS1-20180127162432
2018-01-27 16:25:34.181;SP;AS147-AS1-20180127162432
2018-01-27 16:25:41.385;SQ;AS147-AS1-20180127162541
2018-01-27 16:26:01.752;RC;AS147-AS1-20180127162432
2018-01-27 16:26:02.901;RU;AS147-AS1-20180127162323
2018-01-27 16:26:04.878;SS;AS147-AS1-20180127162432
2018-01-27 16:26:07.534;VU;AS147-AS1-20180127162323
2018-01-27 16:26:33.319;RO;AS147-AS1-20180127162541
2018-01-27 16:26:36.468;SP;AS147-AS1-20180127162541
2018-01-27 16:26:43.978;SQ;AS147-AS1-20180127162643
2018-01-27 16:27:06.479;RU;AS147-AS1-20180127162432
2018-01-27 16:27:06.980;RC;AS147-AS1-20180127162541
2018-01-27 16:27:10.660;SS;AS147-AS1-20180127162541
2018-01-27 16:27:11.165;VU;AS147-AS1-20180127162432
2018-01-27 16:27:30.612;RO;AS147-AS1-20180127162643
2018-01-27 16:27:34.499;SP;AS147-AS1-20180127162643
2018-01-27 16:27:45.772;RC;AS147-AS1-20180127162643
2018-01-27 16:27:46.572;RU;AS147-AS1-20180127162541
2018-01-27 16:27:50.929;SS;AS147-AS1-20180127162643
2018-01-27 16:27:52.406;VU;AS147-AS1-20180127162541
2018-01-27 16:28:06.491;RU;AS147-AS1-20180127162643
2018-01-27 16:28:16.872;VU;AS147-AS1-20180127162643
