2018-01-27 15:56:06.174;SQ;AS151-AS1-20180127155606
2018-01-27 15:56:31.268;RO;AS151-AS1-20180127155606
2018-01-27 15:56:32.526;SP;AS151-AS1-20180127155606
2018-01-27 15:56:34.212;SQ;AS151-AS1-20180127155634
2018-01-27 15:56:57.614;RC;AS151-AS1-20180127155606
2018-01-27 15:56:58.469;SS;AS151-AS1-20180127155606
2018-01-27 15:57:25.243;RO;AS151-AS1-20180127155634
2018-01-27 15:57:26.095;SP;AS151-AS1-20180127155634
2018-01-27 15:57:27.781;SQ;AS151-AS1-20180127155727
2018-01-27 15:57:57.914;RC;AS151-AS1-20180127155634
2018-01-27 15:57:58.606;RU;AS151-AS1-20180127155606
2018-01-27 15:57:58.849;SS;AS151-AS1-20180127155634
2018-01-27 15:58:00.573;VU;AS151-AS1-20180127155606
2018-01-27 15:58:24.706;RO;AS151-AS1-20180127155727
2018-01-27 15:58:25.689;SP;AS151-AS1-20180127155727
2018-01-27 15:58:27.350;SQ;AS151-AS1-20180127155827
2018-01-27 15:58:51.342;RC;AS151-AS1-20180127155727
2018-01-27 15:58:52.180;SS;AS151-AS1-20180127155727
2018-01-27 15:59:05.240;RU;AS151-AS1-20180127155634
2018-01-27 15:59:07.069;VU;AS151-AS1-20180127155634
2018-01-27 15:59:31.898;RO;AS151-AS1-20180127155827
2018-01-27 15:59:32.763;SP;AS151-AS1-20180127155827
2018-01-27 15:59:34.495;SQ;AS151-AS1-20180127155934
2018-01-27 15:59:57.907;RU;AS151-AS1-20180127155727
2018-01-27 15:59:59.748;VU;AS151-AS1-20180127155727
2018-01-27 16:00:04.820;RC;AS151-AS1-20180127155827
2018-01-27 16:00:06.060;SS;AS151-AS1-20180127155827
2018-01-27 16:00:35.174;RO;AS151-AS1-20180127155934
2018-01-27 16:00:36.886;SP;AS151-AS1-20180127155934
2018-01-27 16:00:39.717;SQ;AS151-AS1-20180127160039
2018-01-27 16:01:02.687;RU;AS151-AS1-20180127155827
2018-01-27 16:01:04.530;VU;AS151-AS1-20180127155827
2018-01-27 16:01:28.406;RC;AS151-AS1-20180127155934
2018-01-27 16:01:29.230;SS;AS151-AS1-20180127155934
2018-01-27 16:01:30.579;RO;AS151-AS1-20180127160039
2018-01-27 16:01:31.597;SP;AS151-AS1-20180127160039
2018-01-27 16:01:33.275;SQ;AS151-AS1-20180127160133
2018-01-27 16:02:08.660;RC;AS151-AS1-20180127160039
2018-01-27 16:02:10.346;SS;AS151-AS1-20180127160039
2018-01-27 16:02:28.051;RU;AS151-AS1-20180127155934
2018-01-27 16:02:29.878;VU;AS151-AS1-20180127155934
2018-01-27 16:02:35.618;RO;AS151-AS1-20180127160133
2018-01-27 16:02:36.663;SP;AS151-AS1-20180127160133
2018-01-27 16:02:38.328;SQ;AS151-AS1-20180127160238
2018-01-27 16:03:08.437;RC;AS151-AS1-20180127160133
2018-01-27 16:03:09.284;SS;AS151-AS1-20180127160133
2018-01-27 16:03:13.665;RU;AS151-AS1-20180127160039
2018-01-27 16:03:15.502;VU;AS151-AS1-20180127160039
2018-01-27 16:03:37.893;RO;AS151-AS1-20180127160238
2018-01-27 16:03:39.232;SP;AS151-AS1-20180127160238
2018-01-27 16:03:41.031;SQ;AS151-AS1-20180127160341
2018-01-27 16:04:14.324;RC;AS151-AS1-20180127160238
2018-01-27 16:04:14.329;RU;AS151-AS1-20180127160133
2018-01-27 16:04:16.007;SS;AS151-AS1-20180127160238
2018-01-27 16:04:17.010;VU;AS151-AS1-20180127160133
2018-01-27 16:04:43.127;RO;AS151-AS1-20180127160341
2018-01-27 16:04:44.807;SP;AS151-AS1-20180127160341
2018-01-27 16:04:46.485;SQ;AS151-AS1-20180127160446
2018-01-27 16:05:10.418;RC;AS151-AS1-20180127160341
2018-01-27 16:05:11.243;SS;AS151-AS1-20180127160341
2018-01-27 16:05:22.288;RU;AS151-AS1-20180127160238
2018-01-27 16:05:24.131;VU;AS151-AS1-20180127160238
2018-01-27 16:05:43.769;RO;AS151-AS1-20180127160446
2018-01-27 16:05:45.699;SP;AS151-AS1-20180127160446
2018-01-27 16:05:48.461;SQ;AS151-AS1-20180127160548
2018-01-27 16:06:17.003;RC;AS151-AS1-20180127160446
2018-01-27 16:06:17.828;SS;AS151-AS1-20180127160446
2018-01-27 16:06:19.879;RU;AS151-AS1-20180127160341
2018-01-27 16:06:21.693;VU;AS151-AS1-20180127160341
2018-01-27 16:06:45.536;RO;AS151-AS1-20180127160548
2018-01-27 16:06:47.748;SP;AS151-AS1-20180127160548
2018-01-27 16:06:49.972;SQ;AS151-AS1-20180127160649
2018-01-27 16:07:14.680;RU;AS151-AS1-20180127160446
2018-01-27 16:07:15.295;RC;AS151-AS1-20180127160548
2018-01-27 16:07:16.631;SS;AS151-AS1-20180127160548
2018-01-27 16:07:16.746;VU;AS151-AS1-20180127160446
2018-01-27 16:07:54.106;RO;AS151-AS1-20180127160649
2018-01-27 16:07:55.352;SP;AS151-AS1-20180127160649
2018-01-27 16:07:57.005;SQ;AS151-AS1-20180127160757
2018-01-27 16:08:09.957;RU;AS151-AS1-20180127160548
2018-01-27 16:08:11.800;VU;AS151-AS1-20180127160548
2018-01-27 16:08:24.007;RC;AS151-AS1-20180127160649
2018-01-27 16:08:24.844;SS;AS151-AS1-20180127160649
2018-01-27 16:08:58.511;RO;AS151-AS1-20180127160757
2018-01-27 16:08:59.412;SP;AS151-AS1-20180127160757
2018-01-27 16:09:01.081;SQ;AS151-AS1-20180127160901
2018-01-27 16:09:24.684;RU;AS151-AS1-20180127160649
2018-01-27 16:09:26.513;VU;AS151-AS1-20180127160649
2018-01-27 16:09:30.529;RC;AS151-AS1-20180127160757
2018-01-27 16:09:31.373;SS;AS151-AS1-20180127160757
2018-01-27 16:09:58.915;RO;AS151-AS1-20180127160901
2018-01-27 16:09:59.978;SP;AS151-AS1-20180127160901
2018-01-27 16:10:01.646;SQ;AS151-AS1-20180127161001
2018-01-27 16:10:28.507;RU;AS151-AS1-20180127160757
2018-01-27 16:10:30.359;VU;AS151-AS1-20180127160757
2018-01-27 16:10:32.242;RC;AS151-AS1-20180127160901
2018-01-27 16:10:33.068;SS;AS151-AS1-20180127160901
2018-01-27 16:11:12.829;RO;AS151-AS1-20180127161001
2018-01-27 16:11:14.041;SP;AS151-AS1-20180127161001
2018-01-27 16:11:15.689;SQ;AS151-AS1-20180127161115
2018-01-27 16:11:32.198;RU;AS151-AS1-20180127160901
2018-01-27 16:11:34.019;VU;AS151-AS1-20180127160901
2018-01-27 16:11:40.644;RC;AS151-AS1-20180127161001
2018-01-27 16:11:41.457;SS;AS151-AS1-20180127161001
2018-01-27 16:12:07.361;RO;AS151-AS1-20180127161115
2018-01-27 16:12:09.292;SP;AS151-AS1-20180127161115
2018-01-27 16:12:10.943;SQ;AS151-AS1-20180127161210
2018-01-27 16:12:38.798;RC;AS151-AS1-20180127161115
2018-01-27 16:12:40.301;SS;AS151-AS1-20180127161115
2018-01-27 16:12:41.261;RU;AS151-AS1-20180127161001
2018-01-27 16:12:43.095;VU;AS151-AS1-20180127161001
2018-01-27 16:13:10.323;RO;AS151-AS1-20180127161210
2018-01-27 16:13:11.344;SP;AS151-AS1-20180127161210
2018-01-27 16:13:12.983;SQ;AS151-AS1-20180127161312
2018-01-27 16:13:36.788;RU;AS151-AS1-20180127161115
2018-01-27 16:13:38.636;VU;AS151-AS1-20180127161115
2018-01-27 16:13:48.855;RC;AS151-AS1-20180127161210
2018-01-27 16:13:49.696;SS;AS151-AS1-20180127161210
2018-01-27 16:14:13.629;RO;AS151-AS1-20180127161312
2018-01-27 16:14:14.872;SP;AS151-AS1-20180127161312
2018-01-27 16:14:16.512;SQ;AS151-AS1-20180127161416
2018-01-27 16:14:48.873;RC;AS151-AS1-20180127161312
2018-01-27 16:14:49.711;SS;AS151-AS1-20180127161312
2018-01-27 16:14:53.615;RU;AS151-AS1-20180127161210
2018-01-27 16:14:55.451;VU;AS151-AS1-20180127161210
2018-01-27 16:15:22.178;RO;AS151-AS1-20180127161416
2018-01-27 16:15:23.428;SP;AS151-AS1-20180127161416
2018-01-27 16:15:25.077;SQ;AS151-AS1-20180127161525
2018-01-27 16:15:54.613;RC;AS151-AS1-20180127161416
2018-01-27 16:15:55.428;SS;AS151-AS1-20180127161416
2018-01-27 16:15:57.386;RU;AS151-AS1-20180127161312
2018-01-27 16:15:59.968;VU;AS151-AS1-20180127161312
2018-01-27 16:16:22.958;RO;AS151-AS1-20180127161525
2018-01-27 16:16:23.958;SP;AS151-AS1-20180127161525
2018-01-27 16:16:25.646;SQ;AS151-AS1-20180127161625
2018-01-27 16:16:51.658;RC;AS151-AS1-20180127161525
2018-01-27 16:16:52.472;SS;AS151-AS1-20180127161525
2018-01-27 16:16:54.154;RU;AS151-AS1-20180127161416
2018-01-27 16:16:55.989;VU;AS151-AS1-20180127161416
2018-01-27 16:17:15.725;RO;AS151-AS1-20180127161625
2018-01-27 16:17:17.052;SP;AS151-AS1-20180127161625
2018-01-27 16:17:18.715;SQ;AS151-AS1-20180127161718
2018-01-27 16:17:45.708;RC;AS151-AS1-20180127161625
2018-01-27 16:17:45.907;RU;AS151-AS1-20180127161525
2018-01-27 16:17:47.105;SS;AS151-AS1-20180127161625
2018-01-27 16:17:48.397;VU;AS151-AS1-20180127161525
2018-01-27 16:18:16.164;RO;AS151-AS1-20180127161718
2018-01-27 16:18:17.131;SP;AS151-AS1-20180127161718
2018-01-27 16:18:18.796;SQ;AS151-AS1-20180127161818
2018-01-27 16:18:42.835;RC;AS151-AS1-20180127161718
2018-01-27 16:18:43.696;SS;AS151-AS1-20180127161718
2018-01-27 16:18:49.612;RU;AS151-AS1-20180127161625
2018-01-27 16:18:51.439;VU;AS151-AS1-20180127161625
2018-01-27 16:19:19.000;RO;AS151-AS1-20180127161818
2018-01-27 16:19:20.225;SP;AS151-AS1-20180127161818
2018-01-27 16:19:21.863;SQ;AS151-AS1-20180127161921
2018-01-27 16:19:39.126;RU;AS151-AS1-20180127161718
2018-01-27 16:19:41.909;VU;AS151-AS1-20180127161718
2018-01-27 16:19:52.417;RC;AS151-AS1-20180127161818
2018-01-27 16:19:53.232;SS;AS151-AS1-20180127161818
2018-01-27 16:20:51.054;RO;AS151-AS1-20180127161921
2018-01-27 16:20:51.097;RU;AS151-AS1-20180127161818
2018-01-27 16:20:52.751;SP;AS151-AS1-20180127161921
2018-01-27 16:20:53.301;VU;AS151-AS1-20180127161818
2018-01-27 16:20:54.421;SQ;AS151-AS1-20180127162054
2018-01-27 16:21:23.716;RC;AS151-AS1-20180127161921
2018-01-27 16:21:24.553;SS;AS151-AS1-20180127161921
2018-01-27 16:21:45.612;RO;AS151-AS1-20180127162054
2018-01-27 16:21:47.648;SP;AS151-AS1-20180127162054
2018-01-27 16:21:49.702;SQ;AS151-AS1-20180127162149
2018-01-27 16:22:18.713;RC;AS151-AS1-20180127162054
2018-01-27 16:22:19.532;SS;AS151-AS1-20180127162054
2018-01-27 16:22:27.231;RU;AS151-AS1-20180127161921
2018-01-27 16:22:29.043;VU;AS151-AS1-20180127161921
2018-01-27 16:22:43.784;RO;AS151-AS1-20180127162149
2018-01-27 16:22:45.092;SP;AS151-AS1-20180127162149
2018-01-27 16:22:47.051;SQ;AS151-AS1-20180127162247
2018-01-27 16:23:15.484;RU;AS151-AS1-20180127162054
2018-01-27 16:23:16.295;RC;AS151-AS1-20180127162149
2018-01-27 16:23:17.183;SS;AS151-AS1-20180127162149
2018-01-27 16:23:17.398;VU;AS151-AS1-20180127162054
2018-01-27 16:23:44.156;RO;AS151-AS1-20180127162247
2018-01-27 16:23:45.449;SP;AS151-AS1-20180127162247
2018-01-27 16:23:47.125;SQ;AS151-AS1-20180127162347
2018-01-27 16:24:16.660;RC;AS151-AS1-20180127162247
2018-01-27 16:24:17.480;SS;AS151-AS1-20180127162247
2018-01-27 16:24:21.193;RU;AS151-AS1-20180127162149
2018-01-27 16:24:23.919;VU;AS151-AS1-20180127162149
2018-01-27 16:24:51.866;RO;AS151-AS1-20180127162347
2018-01-27 16:24:54.000;SP;AS151-AS1-20180127162347
2018-01-27 16:24:55.705;SQ;AS151-AS1-20180127162455
2018-01-27 16:25:20.900;RU;AS151-AS1-20180127162247
2018-01-27 16:25:22.740;VU;AS151-AS1-20180127162247
2018-01-27 16:25:22.871;RC;AS151-AS1-20180127162347
2018-01-27 16:25:24.587;SS;AS151-AS1-20180127162347
2018-01-27 16:25:46.929;RO;AS151-AS1-20180127162455
2018-01-27 16:25:48.096;SP;AS151-AS1-20180127162455
2018-01-27 16:25:49.772;SQ;AS151-AS1-20180127162549
2018-01-27 16:26:19.369;RC;AS151-AS1-20180127162455
2018-01-27 16:26:20.209;SS;AS151-AS1-20180127162455
2018-01-27 16:26:26.876;RU;AS151-AS1-20180127162347
2018-01-27 16:26:28.723;VU;AS151-AS1-20180127162347
2018-01-27 16:26:47.234;RO;AS151-AS1-20180127162549
2018-01-27 16:26:48.169;SP;AS151-AS1-20180127162549
2018-01-27 16:27:07.339;RC;AS151-AS1-20180127162549
2018-01-27 16:27:08.196;SS;AS151-AS1-20180127162549
2018-01-27 16:27:13.252;RU;AS151-AS1-20180127162455
2018-01-27 16:27:15.964;VU;AS151-AS1-20180127162455
2018-01-27 16:27:47.737;RU;AS151-AS1-20180127162549
2018-01-27 16:27:49.551;VU;AS151-AS1-20180127162549
