2018-01-27 15:56:10.859;SQ;AS17-AS1-20180127155610
2018-01-27 15:56:47.166;RO;AS17-AS1-20180127155610
2018-01-27 15:56:48.218;SP;AS17-AS1-20180127155610
2018-01-27 15:56:49.903;SQ;AS17-AS1-20180127155649
2018-01-27 15:57:12.747;RC;AS17-AS1-20180127155610
2018-01-27 15:57:13.568;SS;AS17-AS1-20180127155610
2018-01-27 15:57:44.204;RO;AS17-AS1-20180127155649
2018-01-27 15:57:45.691;SP;AS17-AS1-20180127155649
2018-01-27 15:57:48.109;SQ;AS17-AS1-20180127155748
2018-01-27 15:58:13.471;RU;AS17-AS1-20180127155610
2018-01-27 15:58:15.283;VU;AS17-AS1-20180127155610
2018-01-27 15:58:17.600;RC;AS17-AS1-20180127155649
2018-01-27 15:58:18.413;SS;AS17-AS1-20180127155649
2018-01-27 15:58:48.079;RO;AS17-AS1-20180127155748
2018-01-27 15:58:49.005;SP;AS17-AS1-20180127155748
2018-01-27 15:58:50.673;SQ;AS17-AS1-20180127155850
2018-01-27 15:59:15.478;RU;AS17-AS1-20180127155649
2018-01-27 15:59:17.283;VU;AS17-AS1-20180127155649
2018-01-27 15:59:17.460;RC;AS17-AS1-20180127155748
2018-01-27 15:59:18.293;SS;AS17-AS1-20180127155748
2018-01-27 15:59:44.624;RO;AS17-AS1-20180127155850
2018-01-27 15:59:45.536;SP;AS17-AS1-20180127155850
2018-01-27 15:59:47.161;SQ;AS17-AS1-20180127155947
2018-01-27 16:00:17.343;RC;AS17-AS1-20180127155850
2018-01-27 16:00:18.147;SS;AS17-AS1-20180127155850
2018-01-27 16:00:46.488;RU;AS17-AS1-20180127155748
2018-01-27 16:00:47.873;RO;AS17-AS1-20180127155947
2018-01-27 16:00:48.310;VU;AS17-AS1-20180127155748
2018-01-27 16:00:49.034;SP;AS17-AS1-20180127155947
2018-01-27 16:00:50.666;SQ;AS17-AS1-20180127160050
2018-01-27 16:01:17.510;RU;AS17-AS1-20180127155850
2018-01-27 16:01:19.345;VU;AS17-AS1-20180127155850
2018-01-27 16:01:49.972;RO;AS17-AS1-20180127160050
2018-01-27 16:01:49.974;RC;AS17-AS1-20180127155947
2018-01-27 16:01:51.312;SS;AS17-AS1-20180127155947
2018-01-27 16:01:51.616;SP;AS17-AS1-20180127160050
2018-01-27 16:01:53.967;SQ;AS17-AS1-20180127160153
2018-01-27 16:02:16.876;RC;AS17-AS1-20180127160050
2018-01-27 16:02:17.706;SS;AS17-AS1-20180127160050
2018-01-27 16:02:50.034;RO;AS17-AS1-20180127160153
2018-01-27 16:02:50.093;RU;AS17-AS1-20180127155947
2018-01-27 16:02:51.737;SP;AS17-AS1-20180127160153
2018-01-27 16:02:52.218;VU;AS17-AS1-20180127155947
2018-01-27 16:02:53.365;SQ;AS17-AS1-20180127160253
2018-01-27 16:03:22.162;RU;AS17-AS1-20180127160050
2018-01-27 16:03:23.964;VU;AS17-AS1-20180127160050
2018-01-27 16:03:24.105;RC;AS17-AS1-20180127160153
2018-01-27 16:03:24.936;SS;AS17-AS1-20180127160153
2018-01-27 16:03:53.229;RO;AS17-AS1-20180127160253
2018-01-27 16:03:54.252;SP;AS17-AS1-20180127160253
2018-01-27 16:03:55.892;SQ;AS17-AS1-20180127160355
2018-01-27 16:04:24.327;RU;AS17-AS1-20180127160153
2018-01-27 16:04:25.177;RC;AS17-AS1-20180127160253
2018-01-27 16:04:25.981;SS;AS17-AS1-20180127160253
2018-01-27 16:04:26.151;VU;AS17-AS1-20180127160153
2018-01-27 16:04:50.870;RO;AS17-AS1-20180127160355
2018-01-27 16:04:51.754;SP;AS17-AS1-20180127160355
2018-01-27 16:04:53.405;SQ;AS17-AS1-20180127160453
2018-01-27 16:05:20.326;RC;AS17-AS1-20180127160355
2018-01-27 16:05:21.163;SS;AS17-AS1-20180127160355
2018-01-27 16:05:53.982;RU;AS17-AS1-20180127160253
2018-01-27 16:05:55.793;VU;AS17-AS1-20180127160253
2018-01-27 16:05:57.031;RO;AS17-AS1-20180127160453
2018-01-27 16:05:58.296;SP;AS17-AS1-20180127160453
2018-01-27 16:06:00.479;SQ;AS17-AS1-20180127160600
2018-01-27 16:06:25.711;RU;AS17-AS1-20180127160355
2018-01-27 16:06:27.525;VU;AS17-AS1-20180127160355
2018-01-27 16:06:31.120;RC;AS17-AS1-20180127160453
2018-01-27 16:06:32.351;SS;AS17-AS1-20180127160453
2018-01-27 16:07:09.227;RO;AS17-AS1-20180127160600
2018-01-27 16:07:10.372;SP;AS17-AS1-20180127160600
2018-01-27 16:07:12.015;SQ;AS17-AS1-20180127160712
2018-01-27 16:07:31.675;RU;AS17-AS1-20180127160453
2018-01-27 16:07:34.382;VU;AS17-AS1-20180127160453
2018-01-27 16:07:39.859;RC;AS17-AS1-20180127160600
2018-01-27 16:07:40.683;SS;AS17-AS1-20180127160600
2018-01-27 16:08:10.518;RO;AS17-AS1-20180127160712
2018-01-27 16:08:11.414;SP;AS17-AS1-20180127160712
2018-01-27 16:08:13.072;SQ;AS17-AS1-20180127160813
2018-01-27 16:08:30.701;RU;AS17-AS1-20180127160600
2018-01-27 16:08:32.515;VU;AS17-AS1-20180127160600
2018-01-27 16:08:45.353;RC;AS17-AS1-20180127160712
2018-01-27 16:08:46.178;SS;AS17-AS1-20180127160712
2018-01-27 16:09:06.303;RO;AS17-AS1-20180127160813
2018-01-27 16:09:07.449;SP;AS17-AS1-20180127160813
2018-01-27 16:09:09.068;SQ;AS17-AS1-20180127160909
2018-01-27 16:09:38.839;RC;AS17-AS1-20180127160813
2018-01-27 16:09:39.646;SS;AS17-AS1-20180127160813
2018-01-27 16:09:48.168;RU;AS17-AS1-20180127160712
2018-01-27 16:09:50.011;VU;AS17-AS1-20180127160712
2018-01-27 16:10:08.356;RO;AS17-AS1-20180127160909
2018-01-27 16:10:09.455;SP;AS17-AS1-20180127160909
2018-01-27 16:10:11.113;SQ;AS17-AS1-20180127161011
2018-01-27 16:10:37.274;RC;AS17-AS1-20180127160909
2018-01-27 16:10:38.075;SS;AS17-AS1-20180127160909
2018-01-27 16:10:41.984;RU;AS17-AS1-20180127160813
2018-01-27 16:10:43.806;VU;AS17-AS1-20180127160813
2018-01-27 16:11:04.769;RO;AS17-AS1-20180127161011
2018-01-27 16:11:06.783;SP;AS17-AS1-20180127161011
2018-01-27 16:11:09.389;SQ;AS17-AS1-20180127161109
2018-01-27 16:11:31.622;RC;AS17-AS1-20180127161011
2018-01-27 16:11:32.462;SS;AS17-AS1-20180127161011
2018-01-27 16:11:47.618;RU;AS17-AS1-20180127160909
2018-01-27 16:11:49.414;VU;AS17-AS1-20180127160909
2018-01-27 16:12:09.109;RO;AS17-AS1-20180127161109
2018-01-27 16:12:10.296;SP;AS17-AS1-20180127161109
2018-01-27 16:12:11.937;SQ;AS17-AS1-20180127161211
2018-01-27 16:12:30.152;RU;AS17-AS1-20180127161011
2018-01-27 16:12:30.501;RC;AS17-AS1-20180127161109
2018-01-27 16:12:31.833;SS;AS17-AS1-20180127161109
2018-01-27 16:12:32.418;VU;AS17-AS1-20180127161011
2018-01-27 16:13:02.105;RO;AS17-AS1-20180127161211
2018-01-27 16:13:03.341;SP;AS17-AS1-20180127161211
2018-01-27 16:13:04.968;SQ;AS17-AS1-20180127161304
2018-01-27 16:13:35.196;RC;AS17-AS1-20180127161211
2018-01-27 16:13:36.006;SS;AS17-AS1-20180127161211
2018-01-27 16:13:42.650;RU;AS17-AS1-20180127161109
2018-01-27 16:13:44.466;VU;AS17-AS1-20180127161109
2018-01-27 16:14:06.283;RO;AS17-AS1-20180127161304
2018-01-27 16:14:07.362;SP;AS17-AS1-20180127161304
2018-01-27 16:14:08.998;SQ;AS17-AS1-20180127161408
2018-01-27 16:14:38.909;RU;AS17-AS1-20180127161211
2018-01-27 16:14:40.702;VU;AS17-AS1-20180127161211
2018-01-27 16:14:57.409;RC;AS17-AS1-20180127161304
2018-01-27 16:14:58.240;SS;AS17-AS1-20180127161304
2018-01-27 16:15:07.273;RO;AS17-AS1-20180127161408
2018-01-27 16:15:08.365;SP;AS17-AS1-20180127161408
2018-01-27 16:15:10.004;SQ;AS17-AS1-20180127161510
2018-01-27 16:15:39.845;RC;AS17-AS1-20180127161408
2018-01-27 16:15:40.676;SS;AS17-AS1-20180127161408
2018-01-27 16:16:05.654;RO;AS17-AS1-20180127161510
2018-01-27 16:16:06.873;SP;AS17-AS1-20180127161510
2018-01-27 16:16:08.514;SQ;AS17-AS1-20180127161608
2018-01-27 16:16:08.934;RU;AS17-AS1-20180127161304
2018-01-27 16:16:10.755;VU;AS17-AS1-20180127161304
2018-01-27 16:16:39.373;RC;AS17-AS1-20180127161510
2018-01-27 16:16:40.216;SS;AS17-AS1-20180127161510
2018-01-27 16:16:41.047;RU;AS17-AS1-20180127161408
2018-01-27 16:16:42.873;VU;AS17-AS1-20180127161408
2018-01-27 16:17:09.764;RO;AS17-AS1-20180127161608
2018-01-27 16:17:10.891;SP;AS17-AS1-20180127161608
2018-01-27 16:17:12.536;SQ;AS17-AS1-20180127161712
2018-01-27 16:17:44.644;RC;AS17-AS1-20180127161608
2018-01-27 16:17:45.465;SS;AS17-AS1-20180127161608
2018-01-27 16:17:46.760;RU;AS17-AS1-20180127161510
2018-01-27 16:17:48.582;VU;AS17-AS1-20180127161510
2018-01-27 16:18:10.620;RO;AS17-AS1-20180127161712
2018-01-27 16:18:11.917;SP;AS17-AS1-20180127161712
2018-01-27 16:18:13.587;SQ;AS17-AS1-20180127161813
2018-01-27 16:18:42.836;RC;AS17-AS1-20180127161712
2018-01-27 16:18:43.669;SS;AS17-AS1-20180127161712
2018-01-27 16:18:48.568;RU;AS17-AS1-20180127161608
2018-01-27 16:18:50.384;VU;AS17-AS1-20180127161608
2018-01-27 16:19:04.911;RO;AS17-AS1-20180127161813
2018-01-27 16:19:05.954;SP;AS17-AS1-20180127161813
2018-01-27 16:19:07.598;SQ;AS17-AS1-20180127161907
2018-01-27 16:19:36.814;RC;AS17-AS1-20180127161813
2018-01-27 16:19:37.616;SS;AS17-AS1-20180127161813
2018-01-27 16:19:48.683;RU;AS17-AS1-20180127161712
2018-01-27 16:19:50.491;VU;AS17-AS1-20180127161712
2018-01-27 16:20:03.531;RO;AS17-AS1-20180127161907
2018-01-27 16:20:04.495;SP;AS17-AS1-20180127161907
2018-01-27 16:20:06.113;SQ;AS17-AS1-20180127162006
2018-01-27 16:20:33.347;RC;AS17-AS1-20180127161907
2018-01-27 16:20:34.005;RU;AS17-AS1-20180127161813
2018-01-27 16:20:34.320;SS;AS17-AS1-20180127161907
2018-01-27 16:20:35.995;VU;AS17-AS1-20180127161813
2018-01-27 16:21:12.119;RO;AS17-AS1-20180127162006
2018-01-27 16:21:13.020;SP;AS17-AS1-20180127162006
2018-01-27 16:21:16.429;SQ;AS17-AS1-20180127162116
2018-01-27 16:21:40.302;RU;AS17-AS1-20180127161907
2018-01-27 16:21:42.116;VU;AS17-AS1-20180127161907
2018-01-27 16:21:42.746;RC;AS17-AS1-20180127162006
2018-01-27 16:21:43.574;SS;AS17-AS1-20180127162006
2018-01-27 16:22:18.352;RO;AS17-AS1-20180127162116
2018-01-27 16:22:19.303;SP;AS17-AS1-20180127162116
2018-01-27 16:22:20.950;SQ;AS17-AS1-20180127162220
2018-01-27 16:22:51.012;RC;AS17-AS1-20180127162116
2018-01-27 16:22:51.827;SS;AS17-AS1-20180127162116
2018-01-27 16:22:52.023;RU;AS17-AS1-20180127162006
2018-01-27 16:22:53.842;VU;AS17-AS1-20180127162006
2018-01-27 16:23:16.681;RO;AS17-AS1-20180127162220
2018-01-27 16:23:17.841;SP;AS17-AS1-20180127162220
2018-01-27 16:23:21.276;SQ;AS17-AS1-20180127162321
2018-01-27 16:23:46.866;RU;AS17-AS1-20180127162116
2018-01-27 16:23:48.681;VU;AS17-AS1-20180127162116
2018-01-27 16:23:50.583;RC;AS17-AS1-20180127162220
2018-01-27 16:23:51.641;SS;AS17-AS1-20180127162220
2018-01-27 16:24:27.797;RO;AS17-AS1-20180127162321
2018-01-27 16:24:28.671;SP;AS17-AS1-20180127162321
2018-01-27 16:24:30.334;SQ;AS17-AS1-20180127162430
2018-01-27 16:24:48.828;RU;AS17-AS1-20180127162220
2018-01-27 16:24:50.651;VU;AS17-AS1-20180127162220
2018-01-27 16:24:54.650;RC;AS17-AS1-20180127162321
2018-01-27 16:24:55.455;SS;AS17-AS1-20180127162321
2018-01-27 16:25:31.431;RO;AS17-AS1-20180127162430
2018-01-27 16:25:32.712;SP;AS17-AS1-20180127162430
2018-01-27 16:25:34.319;SQ;AS17-AS1-20180127162534
2018-01-27 16:25:51.872;RU;AS17-AS1-20180127162321
2018-01-27 16:25:53.697;VU;AS17-AS1-20180127162321
2018-01-27 16:26:02.416;RC;AS17-AS1-20180127162430
2018-01-27 16:26:03.217;SS;AS17-AS1-20180127162430
2018-01-27 16:26:32.710;RO;AS17-AS1-20180127162534
2018-01-27 16:26:33.698;SP;AS17-AS1-20180127162534
2018-01-27 16:26:54.479;RU;AS17-AS1-20180127162430
2018-01-27 16:26:56.305;VU;AS17-AS1-20180127162430
2018-01-27 16:26:57.432;RC;AS17-AS1-20180127162534
2018-01-27 16:26:59.070;SS;AS17-AS1-20180127162534
2018-01-27 16:27:43.484;RU;AS17-AS1-20180127162534
2018-01-27 16:27:46.262;VU;AS17-AS1-20180127162534
