2018-01-27 15:56:00.011;SQ;AS21-AS1-20180127155600
2018-01-27 15:56:19.400;RO;AS21-AS1-20180127155600
2018-01-27 15:56:20.321;SP;AS21-AS1-20180127155600
2018-01-27 15:56:21.925;SQ;AS21-AS1-20180127155621
2018-01-27 15:56:36.858;RC;AS21-AS1-20180127155600
2018-01-27 15:56:37.669;SS;AS21-AS1-20180127155600
2018-01-27 15:57:01.609;RO;AS21-AS1-20180127155621
2018-01-27 15:57:02.796;SP;AS21-AS1-20180127155621
2018-01-27 15:57:04.408;SQ;AS21-AS1-20180127155704
2018-01-27 15:57:29.096;RU;AS21-AS1-20180127155600
2018-01-27 15:57:29.882;RC;AS21-AS1-20180127155621
2018-01-27 15:57:31.852;VU;AS21-AS1-20180127155600
2018-01-27 15:57:31.921;SS;AS21-AS1-20180127155621
2018-01-27 15:57:59.242;RO;AS21-AS1-20180127155704
2018-01-27 15:58:00.568;SP;AS21-AS1-20180127155704
2018-01-27 15:58:03.078;SQ;AS21-AS1-20180127155803
2018-01-27 15:58:31.540;RC;AS21-AS1-20180127155704
2018-01-27 15:58:33.130;SS;AS21-AS1-20180127155704
2018-01-27 15:58:39.437;RU;AS21-AS1-20180127155621
2018-01-27 15:58:41.237;VU;AS21-AS1-20180127155621
2018-01-27 15:59:02.681;RO;AS21-AS1-20180127155803
2018-01-27 15:59:04.684;SP;AS21-AS1-20180127155803
2018-01-27 15:59:06.921;SQ;AS21-AS1-20180127155906
2018-01-27 15:59:31.121;RC;AS21-AS1-20180127155803
2018-01-27 15:59:31.923;SS;AS21-AS1-20180127155803
2018-01-27 15:59:34.334;RU;AS21-AS1-20180127155704
2018-01-27 15:59:36.992;VU;AS21-AS1-20180127155704
2018-01-27 16:00:02.045;RO;AS21-AS1-20180127155906
2018-01-27 16:00:03.295;SP;AS21-AS1-20180127155906
2018-01-27 16:00:04.957;SQ;AS21-AS1-20180127160004
2018-01-27 16:00:28.247;RU;AS21-AS1-20180127155803
2018-01-27 16:00:29.676;RC;AS21-AS1-20180127155906
2018-01-27 16:00:30.050;VU;AS21-AS1-20180127155803
2018-01-27 16:00:30.485;SS;AS21-AS1-20180127155906
2018-01-27 16:01:18.675;RO;AS21-AS1-20180127160004
2018-01-27 16:01:19.839;SP;AS21-AS1-20180127160004
2018-01-27 16:01:21.467;SQ;AS21-AS1-20180127160121
2018-01-27 16:01:33.442;RU;AS21-AS1-20180127155906
2018-01-27 16:01:35.243;VU;AS21-AS1-20180127155906
2018-01-27 16:01:53.232;RC;AS21-AS1-20180127160004
2018-01-27 16:01:54.890;SS;AS21-AS1-20180127160004
2018-01-27 16:02:17.622;RO;AS21-AS1-20180127160121
2018-01-27 16:02:18.847;SP;AS21-AS1-20180127160121
2018-01-27 16:02:20.510;SQ;AS21-AS1-20180127160220
2018-01-27 16:02:50.800;RC;AS21-AS1-20180127160121
2018-01-27 16:02:51.603;SS;AS21-AS1-20180127160121
2018-01-27 16:02:54.689;RU;AS21-AS1-20180127160004
2018-01-27 16:02:57.352;VU;AS21-AS1-20180127160004
2018-01-27 16:03:22.638;RO;AS21-AS1-20180127160220
2018-01-27 16:03:23.865;SP;AS21-AS1-20180127160220
2018-01-27 16:03:25.473;SQ;AS21-AS1-20180127160325
2018-01-27 16:03:41.475;RC;AS21-AS1-20180127160220
2018-01-27 16:03:42.911;SS;AS21-AS1-20180127160220
2018-01-27 16:03:55.113;RU;AS21-AS1-20180127160121
2018-01-27 16:03:56.898;VU;AS21-AS1-20180127160121
2018-01-27 16:04:23.889;RO;AS21-AS1-20180127160325
2018-01-27 16:04:24.842;SP;AS21-AS1-20180127160325
2018-01-27 16:04:26.409;SQ;AS21-AS1-20180127160426
2018-01-27 16:04:55.661;RC;AS21-AS1-20180127160325
2018-01-27 16:04:56.470;SS;AS21-AS1-20180127160325
2018-01-27 16:05:16.950;RU;AS21-AS1-20180127160220
2018-01-27 16:05:18.780;VU;AS21-AS1-20180127160220
2018-01-27 16:05:31.095;RO;AS21-AS1-20180127160426
2018-01-27 16:05:32.285;SP;AS21-AS1-20180127160426
2018-01-27 16:05:33.906;SQ;AS21-AS1-20180127160533
2018-01-27 16:05:59.867;RU;AS21-AS1-20180127160325
2018-01-27 16:06:00.187;RC;AS21-AS1-20180127160426
2018-01-27 16:06:03.277;SS;AS21-AS1-20180127160426
2018-01-27 16:06:04.206;VU;AS21-AS1-20180127160325
2018-01-27 16:06:33.712;RO;AS21-AS1-20180127160533
2018-01-27 16:06:34.793;SP;AS21-AS1-20180127160533
2018-01-27 16:06:36.435;SQ;AS21-AS1-20180127160636
2018-01-27 16:07:00.375;RU;AS21-AS1-20180127160426
2018-01-27 16:07:02.259;VU;AS21-AS1-20180127160426
2018-01-27 16:07:02.295;RC;AS21-AS1-20180127160533
2018-01-27 16:07:03.891;SS;AS21-AS1-20180127160533
2018-01-27 16:07:39.688;RO;AS21-AS1-20180127160636
2018-01-27 16:07:40.809;SP;AS21-AS1-20180127160636
2018-01-27 16:07:42.416;SQ;AS21-AS1-20180127160742
2018-01-27 16:07:57.334;RU;AS21-AS1-20180127160533
2018-01-27 16:07:57.532;RC;AS21-AS1-20180127160636
2018-01-27 16:07:58.942;SS;AS21-AS1-20180127160636
2018-01-27 16:07:59.646;VU;AS21-AS1-20180127160533
2018-01-27 16:08:46.583;RO;AS21-AS1-20180127160742
2018-01-27 16:08:47.826;SP;AS21-AS1-20180127160742
2018-01-27 16:08:50.372;SQ;AS21-AS1-20180127160850
2018-01-27 16:08:59.346;RU;AS21-AS1-20180127160636
2018-01-27 16:09:01.173;VU;AS21-AS1-20180127160636
2018-01-27 16:09:19.102;RC;AS21-AS1-20180127160742
2018-01-27 16:09:20.869;SS;AS21-AS1-20180127160742
2018-01-27 16:09:46.710;RO;AS21-AS1-20180127160850
2018-01-27 16:09:47.762;SP;AS21-AS1-20180127160850
2018-01-27 16:09:49.414;SQ;AS21-AS1-20180127160949
2018-01-27 16:10:18.018;RC;AS21-AS1-20180127160850
2018-01-27 16:10:18.815;SS;AS21-AS1-20180127160850
2018-01-27 16:10:22.918;RU;AS21-AS1-20180127160742
2018-01-27 16:10:24.716;VU;AS21-AS1-20180127160742
2018-01-27 16:10:50.620;RO;AS21-AS1-20180127160949
2018-01-27 16:10:52.057;SP;AS21-AS1-20180127160949
2018-01-27 16:10:53.647;SQ;AS21-AS1-20180127161053
2018-01-27 16:11:14.343;RU;AS21-AS1-20180127160850
2018-01-27 16:11:16.149;VU;AS21-AS1-20180127160850
2018-01-27 16:11:20.942;RC;AS21-AS1-20180127160949
2018-01-27 16:11:22.554;SS;AS21-AS1-20180127160949
2018-01-27 16:11:51.453;RO;AS21-AS1-20180127161053
2018-01-27 16:11:53.454;SP;AS21-AS1-20180127161053
2018-01-27 16:11:55.112;SQ;AS21-AS1-20180127161155
2018-01-27 16:12:21.412;RU;AS21-AS1-20180127160949
2018-01-27 16:12:23.263;RC;AS21-AS1-20180127161053
2018-01-27 16:12:25.186;SS;AS21-AS1-20180127161053
2018-01-27 16:12:54.396;RO;AS21-AS1-20180127161155
2018-01-27 16:12:56.255;SP;AS21-AS1-20180127161155
2018-01-27 16:12:58.686;SQ;AS21-AS1-20180127161258
2018-01-27 16:13:23.629;RU;AS21-AS1-20180127161053
2018-01-27 16:13:27.481;VU;AS21-AS1-20180127161053
2018-01-27 16:13:31.716;RC;AS21-AS1-20180127161155
2018-01-27 16:13:33.122;SS;AS21-AS1-20180127161155
2018-01-27 16:14:20.249;RO;AS21-AS1-20180127161258
2018-01-27 16:14:21.224;SP;AS21-AS1-20180127161258
2018-01-27 16:14:23.563;SQ;AS21-AS1-20180127161423
2018-01-27 16:14:36.954;RU;AS21-AS1-20180127161155
2018-01-27 16:14:39.463;VU;AS21-AS1-20180127161155
2018-01-27 16:14:54.440;RC;AS21-AS1-20180127161258
2018-01-27 16:14:55.630;SS;AS21-AS1-20180127161258
2018-01-27 16:15:23.694;RO;AS21-AS1-20180127161423
2018-01-27 16:15:25.490;SP;AS21-AS1-20180127161423
2018-01-27 16:15:28.576;SQ;AS21-AS1-20180127161528
2018-01-27 16:15:51.048;RC;AS21-AS1-20180127161423
2018-01-27 16:15:51.867;SS;AS21-AS1-20180127161423
2018-01-27 16:15:53.991;RU;AS21-AS1-20180127161258
2018-01-27 16:15:56.376;VU;AS21-AS1-20180127161258
2018-01-27 16:16:16.467;RO;AS21-AS1-20180127161528
2018-01-27 16:16:17.512;SP;AS21-AS1-20180127161528
2018-01-27 16:16:20.002;SQ;AS21-AS1-20180127161620
2018-01-27 16:16:57.566;RU;AS21-AS1-20180127161423
2018-01-27 16:16:59.371;VU;AS21-AS1-20180127161423
2018-01-27 16:17:15.406;RC;AS21-AS1-20180127161528
2018-01-27 16:17:16.554;SS;AS21-AS1-20180127161528
2018-01-27 16:17:16.573;RO;AS21-AS1-20180127161620
2018-01-27 16:17:17.960;SP;AS21-AS1-20180127161620
2018-01-27 16:17:22.132;SQ;AS21-AS1-20180127161722
2018-01-27 16:17:49.478;RC;AS21-AS1-20180127161620
2018-01-27 16:17:51.185;SS;AS21-AS1-20180127161620
2018-01-27 16:18:19.520;RU;AS21-AS1-20180127161528
2018-01-27 16:18:32.737;RU;AS21-AS1-20180127161620
2018-01-27 16:18:35.110;VU;AS21-AS1-20180127161620
2018-01-27 16:18:54.537;RO;AS21-AS1-20180127161722
2018-01-27 16:18:57.725;SP;AS21-AS1-20180127161722
2018-01-27 16:19:01.471;SQ;AS21-AS1-20180127161901
2018-01-27 16:19:24.694;RC;AS21-AS1-20180127161722
2018-01-27 16:19:27.857;SS;AS21-AS1-20180127161722
2018-01-27 16:20:03.261;RO;AS21-AS1-20180127161901
2018-01-27 16:20:05.611;SP;AS21-AS1-20180127161901
2018-01-27 16:20:09.348;SQ;AS21-AS1-20180127162009
2018-01-27 16:20:26.557;RU;AS21-AS1-20180127161722
2018-01-27 16:20:31.179;VU;AS21-AS1-20180127161722
2018-01-27 16:20:33.313;RC;AS21-AS1-20180127161901
2018-01-27 16:20:35.355;SS;AS21-AS1-20180127161901
2018-01-27 16:21:11.181;RO;AS21-AS1-20180127162009
2018-01-27 16:21:13.011;SP;AS21-AS1-20180127162009
2018-01-27 16:21:18.753;SQ;AS21-AS1-20180127162118
2018-01-27 16:21:37.164;RU;AS21-AS1-20180127161901
2018-01-27 16:21:38.467;RC;AS21-AS1-20180127162009
2018-01-27 16:21:39.720;VU;AS21-AS1-20180127161901
2018-01-27 16:21:40.683;SS;AS21-AS1-20180127162009
2018-01-27 16:22:18.036;RO;AS21-AS1-20180127162118
2018-01-27 16:22:20.440;SP;AS21-AS1-20180127162118
2018-01-27 16:22:24.375;SQ;AS21-AS1-20180127162224
2018-01-27 16:22:39.034;RU;AS21-AS1-20180127162009
2018-01-27 16:22:41.286;VU;AS21-AS1-20180127162009
2018-01-27 16:22:49.690;RC;AS21-AS1-20180127162118
2018-01-27 16:22:50.997;SS;AS21-AS1-20180127162118
2018-01-27 16:23:13.481;RO;AS21-AS1-20180127162224
2018-01-27 16:23:15.562;SP;AS21-AS1-20180127162224
2018-01-27 16:23:21.713;SQ;AS21-AS1-20180127162321
2018-01-27 16:23:49.480;RU;AS21-AS1-20180127162118
2018-01-27 16:23:51.134;RC;AS21-AS1-20180127162224
2018-01-27 16:23:54.155;SS;AS21-AS1-20180127162224
2018-01-27 16:23:54.518;VU;AS21-AS1-20180127162118
2018-01-27 16:24:14.303;RO;AS21-AS1-20180127162321
2018-01-27 16:24:16.650;SP;AS21-AS1-20180127162321
2018-01-27 16:24:20.528;SQ;AS21-AS1-20180127162420
2018-01-27 16:24:37.654;RC;AS21-AS1-20180127162321
2018-01-27 16:24:40.521;SS;AS21-AS1-20180127162321
2018-01-27 16:24:52.050;RU;AS21-AS1-20180127162224
2018-01-27 16:24:56.901;VU;AS21-AS1-20180127162224
2018-01-27 16:25:20.889;RO;AS21-AS1-20180127162420
2018-01-27 16:25:23.391;SP;AS21-AS1-20180127162420
2018-01-27 16:25:28.660;SQ;AS21-AS1-20180127162528
2018-01-27 16:25:54.413;RC;AS21-AS1-20180127162420
2018-01-27 16:25:57.808;SS;AS21-AS1-20180127162420
2018-01-27 16:26:02.539;RU;AS21-AS1-20180127162321
2018-01-27 16:26:04.760;VU;AS21-AS1-20180127162321
2018-01-27 16:26:33.242;RO;AS21-AS1-20180127162528
2018-01-27 16:26:35.295;SP;AS21-AS1-20180127162528
2018-01-27 16:26:38.932;SQ;AS21-AS1-20180127162638
2018-01-27 16:26:58.081;RU;AS21-AS1-20180127162420
2018-01-27 16:27:00.202;RC;AS21-AS1-20180127162528
2018-01-27 16:27:02.503;VU;AS21-AS1-20180127162420
2018-01-27 16:27:02.929;SS;AS21-AS1-20180127162528
2018-01-27 16:27:25.777;RO;AS21-AS1-20180127162638
2018-01-27 16:27:27.406;SP;AS21-AS1-20180127162638
2018-01-27 16:27:41.764;RU;AS21-AS1-20180127162528
2018-01-27 16:27:43.560;RC;AS21-AS1-20180127162638
2018-01-27 16:27:45.799;VU;AS21-AS1-20180127162528
2018-01-27 16:27:48.460;SS;AS21-AS1-20180127162638
2018-01-27 16:28:05.293;RU;AS21-AS1-20180127162638
2018-01-27 16:28:16.926;VU;AS21-AS1-20180127162638
