2018-01-27 15:55:55.446;SQ;AS22-AS1-20180127155555
2018-01-27 15:55:57.067;RO;AS22-AS1-20180127155555
2018-01-27 15:55:58.264;SP;AS22-AS1-20180127155555
2018-01-27 15:55:59.848;SQ;AS22-AS1-20180127155559
2018-01-27 15:56:03.040;RC;AS22-AS1-20180127155555
2018-01-27 15:56:03.833;SS;AS22-AS1-20180127155555
2018-01-27 15:56:16.215;RO;AS22-AS1-20180127155559
2018-01-27 15:56:17.196;SP;AS22-AS1-20180127155559
2018-01-27 15:56:18.834;SQ;AS22-AS1-20180127155618
2018-01-27 15:56:35.284;RC;AS22-AS1-20180127155559
2018-01-27 15:56:36.106;SS;AS22-AS1-20180127155559
2018-01-27 15:56:39.586;RU;AS22-AS1-20180127155555
2018-01-27 15:56:41.447;VU;AS22-AS1-20180127155555
2018-01-27 15:57:03.444;RO;AS22-AS1-20180127155618
2018-01-27 15:57:04.727;SP;AS22-AS1-20180127155618
2018-01-27 15:57:06.422;SQ;AS22-AS1-20180127155706
2018-01-27 15:57:26.562;RC;AS22-AS1-20180127155618
2018-01-27 15:57:27.359;SS;AS22-AS1-20180127155618
2018-01-27 15:57:29.890;RU;AS22-AS1-20180127155559
2018-01-27 15:57:32.605;VU;AS22-AS1-20180127155559
2018-01-27 15:58:02.795;RO;AS22-AS1-20180127155706
2018-01-27 15:58:03.774;SP;AS22-AS1-20180127155706
2018-01-27 15:58:05.376;SQ;AS22-AS1-20180127155805
2018-01-27 15:58:31.589;RU;AS22-AS1-20180127155618
2018-01-27 15:58:31.987;RC;AS22-AS1-20180127155706
2018-01-27 15:58:34.373;SS;AS22-AS1-20180127155706
2018-01-27 15:59:05.418;RO;AS22-AS1-20180127155805
2018-01-27 15:59:06.356;SP;AS22-AS1-20180127155805
2018-01-27 15:59:08.826;SQ;AS22-AS1-20180127155908
2018-01-27 15:59:42.452;RU;AS22-AS1-20180127155706
2018-01-27 15:59:42.551;RC;AS22-AS1-20180127155805
2018-01-27 15:59:44.576;SS;AS22-AS1-20180127155805
2018-01-27 15:59:45.315;VU;AS22-AS1-20180127155706
2018-01-27 16:00:43.688;RO;AS22-AS1-20180127155908
2018-01-27 16:00:43.748;RU;AS22-AS1-20180127155805
2018-01-27 16:00:45.733;SP;AS22-AS1-20180127155908
2018-01-27 16:00:46.176;VU;AS22-AS1-20180127155805
2018-01-27 16:00:48.017;SQ;AS22-AS1-20180127160048
2018-01-27 16:01:20.094;RC;AS22-AS1-20180127155908
2018-01-27 16:01:21.426;SS;AS22-AS1-20180127155908
2018-01-27 16:01:45.724;RO;AS22-AS1-20180127160048
2018-01-27 16:01:47.540;SP;AS22-AS1-20180127160048
2018-01-27 16:01:50.021;SQ;AS22-AS1-20180127160150
2018-01-27 16:02:19.790;RC;AS22-AS1-20180127160048
2018-01-27 16:02:21.256;SS;AS22-AS1-20180127160048
2018-01-27 16:02:21.858;RU;AS22-AS1-20180127155908
2018-01-27 16:02:24.318;VU;AS22-AS1-20180127155908
2018-01-27 16:02:53.253;RO;AS22-AS1-20180127160150
2018-01-27 16:02:55.001;SP;AS22-AS1-20180127160150
2018-01-27 16:02:58.849;SQ;AS22-AS1-20180127160258
2018-01-27 16:03:23.047;RU;AS22-AS1-20180127160048
2018-01-27 16:03:23.720;RC;AS22-AS1-20180127160150
2018-01-27 16:03:25.584;SS;AS22-AS1-20180127160150
2018-01-27 16:03:25.980;VU;AS22-AS1-20180127160048
2018-01-27 16:03:54.485;RO;AS22-AS1-20180127160258
2018-01-27 16:03:56.984;SP;AS22-AS1-20180127160258
2018-01-27 16:04:01.026;SQ;AS22-AS1-20180127160401
2018-01-27 16:04:24.942;RC;AS22-AS1-20180127160258
2018-01-27 16:04:25.851;SS;AS22-AS1-20180127160258
2018-01-27 16:04:26.468;RU;AS22-AS1-20180127160150
2018-01-27 16:04:28.448;VU;AS22-AS1-20180127160150
2018-01-27 16:05:00.472;RO;AS22-AS1-20180127160401
2018-01-27 16:05:01.840;SP;AS22-AS1-20180127160401
2018-01-27 16:05:04.414;SQ;AS22-AS1-20180127160504
2018-01-27 16:05:23.624;RU;AS22-AS1-20180127160258
2018-01-27 16:05:26.169;VU;AS22-AS1-20180127160258
2018-01-27 16:05:34.366;RC;AS22-AS1-20180127160401
2018-01-27 16:05:35.739;SS;AS22-AS1-20180127160401
2018-01-27 16:06:10.237;RO;AS22-AS1-20180127160504
2018-01-27 16:06:11.834;SP;AS22-AS1-20180127160504
2018-01-27 16:06:14.114;SQ;AS22-AS1-20180127160614
2018-01-27 16:06:39.887;RC;AS22-AS1-20180127160504
2018-01-27 16:06:41.342;SS;AS22-AS1-20180127160504
2018-01-27 16:06:41.829;RU;AS22-AS1-20180127160401
2018-01-27 16:06:43.746;VU;AS22-AS1-20180127160401
2018-01-27 16:07:09.241;RO;AS22-AS1-20180127160614
2018-01-27 16:07:11.357;SP;AS22-AS1-20180127160614
2018-01-27 16:07:13.577;SQ;AS22-AS1-20180127160713
2018-01-27 16:07:37.706;RU;AS22-AS1-20180127160504
2018-01-27 16:07:39.705;VU;AS22-AS1-20180127160504
2018-01-27 16:07:42.967;RC;AS22-AS1-20180127160614
2018-01-27 16:07:43.761;SS;AS22-AS1-20180127160614
2018-01-27 16:08:10.333;RO;AS22-AS1-20180127160713
2018-01-27 16:08:11.932;SP;AS22-AS1-20180127160713
2018-01-27 16:08:14.157;SQ;AS22-AS1-20180127160814
2018-01-27 16:08:36.067;RC;AS22-AS1-20180127160713
2018-01-27 16:08:37.122;SS;AS22-AS1-20180127160713
2018-01-27 16:08:47.191;RU;AS22-AS1-20180127160614
2018-01-27 16:08:49.260;VU;AS22-AS1-20180127160614
2018-01-27 16:09:13.581;RO;AS22-AS1-20180127160814
2018-01-27 16:09:14.949;SP;AS22-AS1-20180127160814
2018-01-27 16:09:17.227;SQ;AS22-AS1-20180127160917
2018-01-27 16:09:36.270;RU;AS22-AS1-20180127160713
2018-01-27 16:09:38.170;VU;AS22-AS1-20180127160713
2018-01-27 16:09:44.244;RC;AS22-AS1-20180127160814
2018-01-27 16:09:45.734;SS;AS22-AS1-20180127160814
2018-01-27 16:10:48.173;RO;AS22-AS1-20180127160917
2018-01-27 16:10:49.212;SP;AS22-AS1-20180127160917
2018-01-27 16:10:50.100;RU;AS22-AS1-20180127160814
2018-01-27 16:10:54.273;VU;AS22-AS1-20180127160814
2018-01-27 16:10:54.286;SQ;AS22-AS1-20180127161054
2018-01-27 16:11:19.529;RC;AS22-AS1-20180127160917
2018-01-27 16:11:20.801;SS;AS22-AS1-20180127160917
2018-01-27 16:11:46.316;RO;AS22-AS1-20180127161054
2018-01-27 16:11:47.147;SP;AS22-AS1-20180127161054
2018-01-27 16:11:49.607;SQ;AS22-AS1-20180127161149
2018-01-27 16:12:19.620;RU;AS22-AS1-20180127160917
2018-01-27 16:12:20.329;RC;AS22-AS1-20180127161054
2018-01-27 16:12:22.046;SS;AS22-AS1-20180127161054
2018-01-27 16:12:22.246;VU;AS22-AS1-20180127160917
2018-01-27 16:12:46.213;RO;AS22-AS1-20180127161149
2018-01-27 16:12:48.242;SP;AS22-AS1-20180127161149
2018-01-27 16:12:50.717;SQ;AS22-AS1-20180127161250
2018-01-27 16:13:15.501;RC;AS22-AS1-20180127161149
2018-01-27 16:13:16.848;SS;AS22-AS1-20180127161149
2018-01-27 16:13:36.208;RU;AS22-AS1-20180127161054
2018-01-27 16:13:53.285;RO;AS22-AS1-20180127161250
2018-01-27 16:13:56.125;SP;AS22-AS1-20180127161250
2018-01-27 16:14:00.562;SQ;AS22-AS1-20180127161400
2018-01-27 16:14:25.270;RC;AS22-AS1-20180127161250
2018-01-27 16:14:26.392;RU;AS22-AS1-20180127161149
2018-01-27 16:14:28.774;SS;AS22-AS1-20180127161250
2018-01-27 16:14:31.408;VU;AS22-AS1-20180127161149
2018-01-27 16:15:04.969;RO;AS22-AS1-20180127161400
2018-01-27 16:15:06.730;SP;AS22-AS1-20180127161400
2018-01-27 16:15:10.096;SQ;AS22-AS1-20180127161510
2018-01-27 16:15:37.811;RU;AS22-AS1-20180127161250
2018-01-27 16:15:39.974;VU;AS22-AS1-20180127161250
2018-01-27 16:16:06.259;RO;AS22-AS1-20180127161510
2018-01-27 16:16:07.383;RC;AS22-AS1-20180127161400
2018-01-27 16:16:07.776;SP;AS22-AS1-20180127161510
2018-01-27 16:16:10.708;SS;AS22-AS1-20180127161400
2018-01-27 16:16:11.795;SQ;AS22-AS1-20180127161611
2018-01-27 16:17:07.818;RO;AS22-AS1-20180127161611
2018-01-27 16:17:08.651;SP;AS22-AS1-20180127161611
2018-01-27 16:17:10.031;RC;AS22-AS1-20180127161510
2018-01-27 16:17:10.371;RU;AS22-AS1-20180127161400
2018-01-27 16:17:13.380;SS;AS22-AS1-20180127161510
2018-01-27 16:17:14.277;SQ;AS22-AS1-20180127161714
2018-01-27 16:17:14.868;VU;AS22-AS1-20180127161400
2018-01-27 16:17:45.136;RC;AS22-AS1-20180127161611
2018-01-27 16:17:47.258;SS;AS22-AS1-20180127161611
2018-01-27 16:18:10.701;RO;AS22-AS1-20180127161714
2018-01-27 16:18:12.000;SP;AS22-AS1-20180127161714
2018-01-27 16:18:14.283;RU;AS22-AS1-20180127161510
2018-01-27 16:18:15.930;SQ;AS22-AS1-20180127161815
2018-01-27 16:18:17.492;VU;AS22-AS1-20180127161510
2018-01-27 16:18:35.926;RC;AS22-AS1-20180127161714
2018-01-27 16:18:37.276;SS;AS22-AS1-20180127161714
2018-01-27 16:18:49.322;RU;AS22-AS1-20180127161611
2018-01-27 16:18:52.215;VU;AS22-AS1-20180127161611
2018-01-27 16:19:17.977;RO;AS22-AS1-20180127161815
2018-01-27 16:19:19.101;SP;AS22-AS1-20180127161815
2018-01-27 16:19:22.442;SQ;AS22-AS1-20180127161922
2018-01-27 16:19:42.387;RU;AS22-AS1-20180127161714
2018-01-27 16:19:45.824;VU;AS22-AS1-20180127161714
2018-01-27 16:19:48.660;RC;AS22-AS1-20180127161815
2018-01-27 16:19:50.581;SS;AS22-AS1-20180127161815
2018-01-27 16:20:25.734;RO;AS22-AS1-20180127161922
2018-01-27 16:20:29.738;SP;AS22-AS1-20180127161922
2018-01-27 16:20:33.594;SQ;AS22-AS1-20180127162033
2018-01-27 16:20:51.642;RU;AS22-AS1-20180127161815
2018-01-27 16:20:52.205;RC;AS22-AS1-20180127161922
2018-01-27 16:20:54.436;VU;AS22-AS1-20180127161815
2018-01-27 16:20:54.842;SS;AS22-AS1-20180127161922
2018-01-27 16:21:36.079;RO;AS22-AS1-20180127162033
2018-01-27 16:21:38.028;SP;AS22-AS1-20180127162033
2018-01-27 16:21:41.674;SQ;AS22-AS1-20180127162141
2018-01-27 16:21:55.956;RU;AS22-AS1-20180127161922
2018-01-27 16:21:58.667;VU;AS22-AS1-20180127161922
2018-01-27 16:22:08.729;RC;AS22-AS1-20180127162033
2018-01-27 16:22:10.756;SS;AS22-AS1-20180127162033
2018-01-27 16:22:33.807;RO;AS22-AS1-20180127162141
2018-01-27 16:22:36.433;SP;AS22-AS1-20180127162141
2018-01-27 16:22:39.915;SQ;AS22-AS1-20180127162239
2018-01-27 16:22:59.877;RC;AS22-AS1-20180127162141
2018-01-27 16:23:01.786;SS;AS22-AS1-20180127162141
2018-01-27 16:23:14.095;RU;AS22-AS1-20180127162033
2018-01-27 16:23:16.900;VU;AS22-AS1-20180127162033
2018-01-27 16:23:42.146;RO;AS22-AS1-20180127162239
2018-01-27 16:23:43.954;SP;AS22-AS1-20180127162239
2018-01-27 16:23:47.812;SQ;AS22-AS1-20180127162347
2018-01-27 16:24:04.647;RU;AS22-AS1-20180127162141
2018-01-27 16:24:04.844;RC;AS22-AS1-20180127162239
2018-01-27 16:24:09.571;SS;AS22-AS1-20180127162239
2018-01-27 16:24:10.302;VU;AS22-AS1-20180127162141
2018-01-27 16:24:44.244;RO;AS22-AS1-20180127162347
2018-01-27 16:24:46.496;SP;AS22-AS1-20180127162347
2018-01-27 16:24:49.987;SQ;AS22-AS1-20180127162449
2018-01-27 16:25:09.129;RU;AS22-AS1-20180127162239
2018-01-27 16:25:11.461;VU;AS22-AS1-20180127162239
2018-01-27 16:25:44.417;RC;AS22-AS1-20180127162347
2018-01-27 16:25:45.968;SS;AS22-AS1-20180127162347
2018-01-27 16:25:47.480;RO;AS22-AS1-20180127162449
2018-01-27 16:25:49.719;SP;AS22-AS1-20180127162449
2018-01-27 16:25:53.336;SQ;AS22-AS1-20180127162553
2018-01-27 16:26:13.832;RC;AS22-AS1-20180127162449
2018-01-27 16:26:15.675;SS;AS22-AS1-20180127162449
2018-01-27 16:26:47.093;RU;AS22-AS1-20180127162347
2018-01-27 16:26:50.092;VU;AS22-AS1-20180127162347
2018-01-27 16:26:51.511;RO;AS22-AS1-20180127162553
2018-01-27 16:26:53.448;SP;AS22-AS1-20180127162553
2018-01-27 16:27:06.976;RU;AS22-AS1-20180127162449
2018-01-27 16:27:09.254;VU;AS22-AS1-20180127162449
2018-01-27 16:27:24.027;RC;AS22-AS1-20180127162553
2018-01-27 16:27:25.853;SS;AS22-AS1-20180127162553
2018-01-27 16:27:58.416;RU;AS22-AS1-20180127162553
2018-01-27 16:28:03.228;VU;AS22-AS1-20180127162553
