2018-01-27 15:56:04.322;SQ;AS23-AS1-20180127155604
2018-01-27 15:56:27.715;RO;AS23-AS1-20180127155604
2018-01-27 15:56:28.645;SP;AS23-AS1-20180127155604
2018-01-27 15:56:30.277;SQ;AS23-AS1-20180127155630
2018-01-27 15:56:52.564;RC;AS23-AS1-20180127155604
2018-01-27 15:56:53.370;SS;AS23-AS1-20180127155604
2018-01-27 15:57:15.438;RO;AS23-AS1-20180127155630
2018-01-27 15:57:17.040;SP;AS23-AS1-20180127155630
2018-01-27 15:57:18.632;SQ;AS23-AS1-20180127155718
2018-01-27 15:57:46.147;RC;AS23-AS1-20180127155630
2018-01-27 15:57:46.940;SS;AS23-AS1-20180127155630
2018-01-27 15:58:13.837;RO;AS23-AS1-20180127155718
2018-01-27 15:58:14.988;SP;AS23-AS1-20180127155718
2018-01-27 15:58:18.165;SQ;AS23-AS1-20180127155818
2018-01-27 15:58:19.174;RU;AS23-AS1-20180127155604
2018-01-27 15:58:20.999;VU;AS23-AS1-20180127155604
2018-01-27 15:58:44.227;RU;AS23-AS1-20180127155630
2018-01-27 15:58:44.500;RC;AS23-AS1-20180127155718
2018-01-27 15:58:45.888;SS;AS23-AS1-20180127155718
2018-01-27 15:58:46.579;VU;AS23-AS1-20180127155630
2018-01-27 15:59:20.128;RO;AS23-AS1-20180127155818
2018-01-27 15:59:21.883;SP;AS23-AS1-20180127155818
2018-01-27 15:59:23.522;SQ;AS23-AS1-20180127155923
2018-01-27 15:59:42.710;RU;AS23-AS1-20180127155718
2018-01-27 15:59:44.500;VU;AS23-AS1-20180127155718
2018-01-27 16:00:11.950;RC;AS23-AS1-20180127155818
2018-01-27 16:00:12.773;SS;AS23-AS1-20180127155818
2018-01-27 16:00:28.014;RO;AS23-AS1-20180127155923
2018-01-27 16:00:28.878;SP;AS23-AS1-20180127155923
2018-01-27 16:00:30.502;SQ;AS23-AS1-20180127160030
2018-01-27 16:00:58.931;RC;AS23-AS1-20180127155923
2018-01-27 16:00:59.756;SS;AS23-AS1-20180127155923
2018-01-27 16:01:07.794;RU;AS23-AS1-20180127155818
2018-01-27 16:01:10.044;VU;AS23-AS1-20180127155818
2018-01-27 16:01:36.156;RO;AS23-AS1-20180127160030
2018-01-27 16:01:37.374;SP;AS23-AS1-20180127160030
2018-01-27 16:01:40.832;SQ;AS23-AS1-20180127160140
2018-01-27 16:01:59.848;RU;AS23-AS1-20180127155923
2018-01-27 16:02:01.666;VU;AS23-AS1-20180127155923
2018-01-27 16:02:07.841;RC;AS23-AS1-20180127160030
2018-01-27 16:02:08.985;SS;AS23-AS1-20180127160030
2018-01-27 16:02:37.477;RO;AS23-AS1-20180127160140
2018-01-27 16:02:38.717;SP;AS23-AS1-20180127160140
2018-01-27 16:02:41.601;SQ;AS23-AS1-20180127160241
2018-01-27 16:03:08.514;RU;AS23-AS1-20180127160030
2018-01-27 16:03:10.305;RC;AS23-AS1-20180127160140
2018-01-27 16:03:13.155;SS;AS23-AS1-20180127160140
2018-01-27 16:03:44.578;RO;AS23-AS1-20180127160241
2018-01-27 16:03:45.769;SP;AS23-AS1-20180127160241
2018-01-27 16:03:48.223;SQ;AS23-AS1-20180127160348
2018-01-27 16:04:14.214;RU;AS23-AS1-20180127160140
2018-01-27 16:04:16.459;RC;AS23-AS1-20180127160241
2018-01-27 16:04:16.604;VU;AS23-AS1-20180127160140
2018-01-27 16:04:17.948;SS;AS23-AS1-20180127160241
2018-01-27 16:04:44.467;RO;AS23-AS1-20180127160348
2018-01-27 16:04:45.597;SP;AS23-AS1-20180127160348
2018-01-27 16:04:48.026;SQ;AS23-AS1-20180127160448
2018-01-27 16:05:15.184;RU;AS23-AS1-20180127160241
2018-01-27 16:05:17.431;VU;AS23-AS1-20180127160241
2018-01-27 16:05:20.298;RC;AS23-AS1-20180127160348
2018-01-27 16:05:21.510;SS;AS23-AS1-20180127160348
2018-01-27 16:05:53.823;RO;AS23-AS1-20180127160448
2018-01-27 16:05:54.946;SP;AS23-AS1-20180127160448
2018-01-27 16:05:57.418;SQ;AS23-AS1-20180127160557
2018-01-27 16:06:21.611;RC;AS23-AS1-20180127160448
2018-01-27 16:06:22.748;SS;AS23-AS1-20180127160448
2018-01-27 16:06:23.871;RU;AS23-AS1-20180127160348
2018-01-27 16:06:25.778;VU;AS23-AS1-20180127160348
2018-01-27 16:06:58.519;RO;AS23-AS1-20180127160557
2018-01-27 16:07:00.126;SP;AS23-AS1-20180127160557
2018-01-27 16:07:04.873;SQ;AS23-AS1-20180127160704
2018-01-27 16:07:23.425;RU;AS23-AS1-20180127160448
2018-01-27 16:07:25.883;VU;AS23-AS1-20180127160448
2018-01-27 16:07:27.342;RC;AS23-AS1-20180127160557
2018-01-27 16:07:28.862;SS;AS23-AS1-20180127160557
2018-01-27 16:08:04.631;RO;AS23-AS1-20180127160704
2018-01-27 16:08:06.285;SP;AS23-AS1-20180127160704
2018-01-27 16:08:08.501;SQ;AS23-AS1-20180127160808
2018-01-27 16:08:26.889;RU;AS23-AS1-20180127160557
2018-01-27 16:08:29.171;VU;AS23-AS1-20180127160557
2018-01-27 16:08:32.335;RC;AS23-AS1-20180127160704
2018-01-27 16:08:34.373;SS;AS23-AS1-20180127160704
2018-01-27 16:09:13.926;RO;AS23-AS1-20180127160808
2018-01-27 16:09:15.251;SP;AS23-AS1-20180127160808
2018-01-27 16:09:17.530;SQ;AS23-AS1-20180127160917
2018-01-27 16:09:32.007;RU;AS23-AS1-20180127160704
2018-01-27 16:09:33.883;VU;AS23-AS1-20180127160704
2018-01-27 16:09:41.480;RC;AS23-AS1-20180127160808
2018-01-27 16:09:42.283;SS;AS23-AS1-20180127160808
2018-01-27 16:10:12.619;RO;AS23-AS1-20180127160917
2018-01-27 16:10:14.578;SP;AS23-AS1-20180127160917
2018-01-27 16:10:16.786;SQ;AS23-AS1-20180127161016
2018-01-27 16:10:46.624;RC;AS23-AS1-20180127160917
2018-01-27 16:10:47.786;SS;AS23-AS1-20180127160917
2018-01-27 16:10:50.963;RU;AS23-AS1-20180127160808
2018-01-27 16:10:53.977;VU;AS23-AS1-20180127160808
2018-01-27 16:11:45.782;RO;AS23-AS1-20180127161016
2018-01-27 16:11:46.366;RU;AS23-AS1-20180127160917
2018-01-27 16:11:47.188;SP;AS23-AS1-20180127161016
2018-01-27 16:11:49.677;VU;AS23-AS1-20180127160917
2018-01-27 16:11:49.997;SQ;AS23-AS1-20180127161149
2018-01-27 16:12:16.027;RC;AS23-AS1-20180127161016
2018-01-27 16:12:16.868;SS;AS23-AS1-20180127161016
2018-01-27 16:12:48.631;RO;AS23-AS1-20180127161149
2018-01-27 16:12:50.102;SP;AS23-AS1-20180127161149
2018-01-27 16:12:52.379;SQ;AS23-AS1-20180127161252
2018-01-27 16:13:17.247;RU;AS23-AS1-20180127161016
2018-01-27 16:13:18.180;RC;AS23-AS1-20180127161149
2018-01-27 16:13:19.493;SS;AS23-AS1-20180127161149
2018-01-27 16:13:19.999;VU;AS23-AS1-20180127161016
2018-01-27 16:13:49.429;RO;AS23-AS1-20180127161252
2018-01-27 16:13:50.529;SP;AS23-AS1-20180127161252
2018-01-27 16:13:52.794;SQ;AS23-AS1-20180127161352
2018-01-27 16:14:17.780;RC;AS23-AS1-20180127161252
2018-01-27 16:14:18.874;SS;AS23-AS1-20180127161252
2018-01-27 16:14:22.295;RU;AS23-AS1-20180127161149
2018-01-27 16:14:24.298;VU;AS23-AS1-20180127161149
2018-01-27 16:14:35.180;RO;AS23-AS1-20180127161352
2018-01-27 16:14:36.486;SP;AS23-AS1-20180127161352
2018-01-27 16:14:38.905;SQ;AS23-AS1-20180127161438
2018-01-27 16:15:06.960;RC;AS23-AS1-20180127161352
2018-01-27 16:15:07.936;SS;AS23-AS1-20180127161352
2018-01-27 16:15:22.744;RU;AS23-AS1-20180127161252
2018-01-27 16:15:24.536;VU;AS23-AS1-20180127161252
2018-01-27 16:15:30.426;RO;AS23-AS1-20180127161438
2018-01-27 16:15:31.559;SP;AS23-AS1-20180127161438
2018-01-27 16:15:34.020;SQ;AS23-AS1-20180127161534
2018-01-27 16:16:00.573;RC;AS23-AS1-20180127161438
2018-01-27 16:16:01.582;SS;AS23-AS1-20180127161438
2018-01-27 16:16:10.110;RU;AS23-AS1-20180127161352
2018-01-27 16:16:12.327;VU;AS23-AS1-20180127161352
2018-01-27 16:16:30.147;RO;AS23-AS1-20180127161534
2018-01-27 16:16:32.335;SP;AS23-AS1-20180127161534
2018-01-27 16:16:34.688;SQ;AS23-AS1-20180127161634
2018-01-27 16:17:02.548;RU;AS23-AS1-20180127161438
2018-01-27 16:17:04.396;RC;AS23-AS1-20180127161534
2018-01-27 16:17:06.158;SS;AS23-AS1-20180127161534
2018-01-27 16:17:06.302;VU;AS23-AS1-20180127161438
2018-01-27 16:17:30.945;RO;AS23-AS1-20180127161634
2018-01-27 16:17:32.292;SP;AS23-AS1-20180127161634
2018-01-27 16:17:35.002;SQ;AS23-AS1-20180127161735
2018-01-27 16:17:59.564;RC;AS23-AS1-20180127161634
2018-01-27 16:18:00.606;SS;AS23-AS1-20180127161634
2018-01-27 16:18:17.631;RU;AS23-AS1-20180127161534
2018-01-27 16:18:20.048;VU;AS23-AS1-20180127161534
2018-01-27 16:18:32.096;RO;AS23-AS1-20180127161735
2018-01-27 16:18:33.502;SP;AS23-AS1-20180127161735
2018-01-27 16:18:35.855;SQ;AS23-AS1-20180127161835
2018-01-27 16:18:54.540;RU;AS23-AS1-20180127161634
2018-01-27 16:18:57.506;VU;AS23-AS1-20180127161634
2018-01-27 16:19:02.452;RC;AS23-AS1-20180127161735
2018-01-27 16:19:03.444;SS;AS23-AS1-20180127161735
2018-01-27 16:19:26.019;RO;AS23-AS1-20180127161835
2018-01-27 16:19:27.653;SP;AS23-AS1-20180127161835
2018-01-27 16:19:29.928;SQ;AS23-AS1-20180127161929
2018-01-27 16:19:53.672;RU;AS23-AS1-20180127161735
2018-01-27 16:19:55.385;RC;AS23-AS1-20180127161835
2018-01-27 16:19:58.574;SS;AS23-AS1-20180127161835
2018-01-27 16:20:29.712;RO;AS23-AS1-20180127161929
2018-01-27 16:20:31.755;SP;AS23-AS1-20180127161929
2018-01-27 16:20:35.529;SQ;AS23-AS1-20180127162035
2018-01-27 16:20:52.197;RU;AS23-AS1-20180127161835
2018-01-27 16:21:00.253;RC;AS23-AS1-20180127161929
2018-01-27 16:21:02.720;SS;AS23-AS1-20180127161929
2018-01-27 16:21:36.047;RO;AS23-AS1-20180127162035
2018-01-27 16:21:38.644;SP;AS23-AS1-20180127162035
2018-01-27 16:21:43.854;SQ;AS23-AS1-20180127162143
2018-01-27 16:22:01.940;RU;AS23-AS1-20180127161929
2018-01-27 16:22:06.458;VU;AS23-AS1-20180127161929
2018-01-27 16:22:39.271;RC;AS23-AS1-20180127162035
2018-01-27 16:22:41.944;SS;AS23-AS1-20180127162035
2018-01-27 16:22:45.780;RO;AS23-AS1-20180127162143
2018-01-27 16:22:50.330;SP;AS23-AS1-20180127162143
2018-01-27 16:22:55.387;SQ;AS23-AS1-20180127162255
2018-01-27 16:23:18.032;RC;AS23-AS1-20180127162143
2018-01-27 16:23:22.638;SS;AS23-AS1-20180127162143
2018-01-27 16:23:44.973;RU;AS23-AS1-20180127162035
2018-01-27 16:23:48.556;VU;AS23-AS1-20180127162035
2018-01-27 16:23:50.064;RO;AS23-AS1-20180127162255
2018-01-27 16:23:54.349;SP;AS23-AS1-20180127162255
2018-01-27 16:23:59.080;SQ;AS23-AS1-20180127162359
2018-01-27 16:24:14.243;RC;AS23-AS1-20180127162255
2018-01-27 16:24:16.760;SS;AS23-AS1-20180127162255
2018-01-27 16:24:33.731;RU;AS23-AS1-20180127162143
2018-01-27 16:24:37.744;VU;AS23-AS1-20180127162143
2018-01-27 16:24:48.571;RO;AS23-AS1-20180127162359
2018-01-27 16:24:51.649;SP;AS23-AS1-20180127162359
2018-01-27 16:24:58.900;SQ;AS23-AS1-20180127162458
2018-01-27 16:25:17.308;RU;AS23-AS1-20180127162255
2018-01-27 16:25:20.938;VU;AS23-AS1-20180127162255
2018-01-27 16:25:22.316;RC;AS23-AS1-20180127162359
2018-01-27 16:25:26.650;SS;AS23-AS1-20180127162359
2018-01-27 16:26:02.294;RO;AS23-AS1-20180127162458
2018-01-27 16:26:05.184;SP;AS23-AS1-20180127162458
2018-01-27 16:26:12.753;SQ;AS23-AS1-20180127162612
2018-01-27 16:26:21.430;RU;AS23-AS1-20180127162359
2018-01-27 16:26:24.986;VU;AS23-AS1-20180127162359
2018-01-27 16:26:33.767;RC;AS23-AS1-20180127162458
2018-01-27 16:26:36.161;SS;AS23-AS1-20180127162458
2018-01-27 16:27:00.045;RO;AS23-AS1-20180127162612
2018-01-27 16:27:02.972;SP;AS23-AS1-20180127162612
2018-01-27 16:27:24.576;RC;AS23-AS1-20180127162612
2018-01-27 16:27:26.097;RU;AS23-AS1-20180127162458
2018-01-27 16:27:27.287;SS;AS23-AS1-20180127162612
2018-01-27 16:27:31.875;VU;AS23-AS1-20180127162458
2018-01-27 16:27:58.360;RU;AS23-AS1-20180127162612
2018-01-27 16:28:04.325;VU;AS23-AS1-20180127162612
