2018-01-27 15:55:56.201;SQ;AS41-AS1-20180127155556
2018-01-27 15:55:59.043;RO;AS41-AS1-20180127155556
2018-01-27 15:56:00.069;SP;AS41-AS1-20180127155556
2018-01-27 15:56:01.830;SQ;AS41-AS1-20180127155601
2018-01-27 15:56:08.125;RC;AS41-AS1-20180127155556
2018-01-27 15:56:08.996;SS;AS41-AS1-20180127155556
2018-01-27 15:56:29.679;RO;AS41-AS1-20180127155601
2018-01-27 15:56:30.729;SP;AS41-AS1-20180127155601
2018-01-27 15:56:32.476;SQ;AS41-AS1-20180127155632
2018-01-27 15:56:46.067;RU;AS41-AS1-20180127155556
2018-01-27 15:56:47.929;VU;AS41-AS1-20180127155556
2018-01-27 15:56:52.651;RC;AS41-AS1-20180127155601
2018-01-27 15:56:53.525;SS;AS41-AS1-20180127155601
2018-01-27 15:57:23.086;RO;AS41-AS1-20180127155632
2018-01-27 15:57:24.376;SP;AS41-AS1-20180127155632
2018-01-27 15:57:26.120;SQ;AS41-AS1-20180127155726
2018-01-27 15:57:52.435;RC;AS41-AS1-20180127155632
2018-01-27 15:57:53.309;SS;AS41-AS1-20180127155632
2018-01-27 15:57:56.821;RU;AS41-AS1-20180127155601
2018-01-27 15:57:58.682;VU;AS41-AS1-20180127155601
2018-01-27 15:58:24.592;RO;AS41-AS1-20180127155726
2018-01-27 15:58:25.553;SP;AS41-AS1-20180127155726
2018-01-27 15:58:27.267;SQ;AS41-AS1-20180127155827
2018-01-27 15:58:43.099;RU;AS41-AS1-20180127155632
2018-01-27 15:58:55.571;RC;AS41-AS1-20180127155726
2018-01-27 15:58:56.704;SS;AS41-AS1-20180127155726
2018-01-27 15:59:29.428;RO;AS41-AS1-20180127155827
2018-01-27 15:59:31.383;SP;AS41-AS1-20180127155827
2018-01-27 15:59:33.808;SQ;AS41-AS1-20180127155933
2018-01-27 16:00:01.536;RU;AS41-AS1-20180127155726
2018-01-27 16:00:02.729;RC;AS41-AS1-20180127155827
2018-01-27 16:00:03.674;VU;AS41-AS1-20180127155726
2018-01-27 16:00:04.024;SS;AS41-AS1-20180127155827
2018-01-27 16:00:36.498;RO;AS41-AS1-20180127155933
2018-01-27 16:00:39.311;SP;AS41-AS1-20180127155933
2018-01-27 16:00:41.703;SQ;AS41-AS1-20180127160041
2018-01-27 16:01:03.525;RU;AS41-AS1-20180127155827
2018-01-27 16:01:05.876;VU;AS41-AS1-20180127155827
2018-01-27 16:01:14.449;RC;AS41-AS1-20180127155933
2018-01-27 16:01:16.155;SS;AS41-AS1-20180127155933
2018-01-27 16:01:35.766;RO;AS41-AS1-20180127160041
2018-01-27 16:01:36.945;SP;AS41-AS1-20180127160041
2018-01-27 16:01:41.743;SQ;AS41-AS1-20180127160141
2018-01-27 16:02:01.928;RC;AS41-AS1-20180127160041
2018-01-27 16:02:02.967;SS;AS41-AS1-20180127160041
2018-01-27 16:02:18.309;RU;AS41-AS1-20180127155933
2018-01-27 16:02:20.682;VU;AS41-AS1-20180127155933
2018-01-27 16:02:45.555;RO;AS41-AS1-20180127160141
2018-01-27 16:02:47.094;SP;AS41-AS1-20180127160141
2018-01-27 16:02:49.705;SQ;AS41-AS1-20180127160249
2018-01-27 16:03:06.475;RU;AS41-AS1-20180127160041
2018-01-27 16:03:08.826;VU;AS41-AS1-20180127160041
2018-01-27 16:03:22.961;RC;AS41-AS1-20180127160141
2018-01-27 16:03:24.122;SS;AS41-AS1-20180127160141
2018-01-27 16:03:41.511;RO;AS41-AS1-20180127160249
2018-01-27 16:03:43.760;SP;AS41-AS1-20180127160249
2018-01-27 16:03:46.211;SQ;AS41-AS1-20180127160346
2018-01-27 16:04:14.315;RC;AS41-AS1-20180127160249
2018-01-27 16:04:15.173;SS;AS41-AS1-20180127160249
2018-01-27 16:04:23.127;RU;AS41-AS1-20180127160141
2018-01-27 16:04:25.374;VU;AS41-AS1-20180127160141
2018-01-27 16:04:45.816;RO;AS41-AS1-20180127160346
2018-01-27 16:04:47.275;SP;AS41-AS1-20180127160346
2018-01-27 16:04:49.795;SQ;AS41-AS1-20180127160449
2018-01-27 16:05:19.854;RC;AS41-AS1-20180127160346
2018-01-27 16:05:21.139;SS;AS41-AS1-20180127160346
2018-01-27 16:05:24.228;RU;AS41-AS1-20180127160249
2018-01-27 16:05:26.188;VU;AS41-AS1-20180127160249
2018-01-27 16:05:41.942;RO;AS41-AS1-20180127160449
2018-01-27 16:05:43.376;SP;AS41-AS1-20180127160449
2018-01-27 16:05:48.216;SQ;AS41-AS1-20180127160548
2018-01-27 16:06:16.517;RC;AS41-AS1-20180127160449
2018-01-27 16:06:17.432;SS;AS41-AS1-20180127160449
2018-01-27 16:06:20.154;RU;AS41-AS1-20180127160346
2018-01-27 16:06:22.248;VU;AS41-AS1-20180127160346
2018-01-27 16:06:51.449;RO;AS41-AS1-20180127160548
2018-01-27 16:06:52.823;SP;AS41-AS1-20180127160548
2018-01-27 16:06:55.449;SQ;AS41-AS1-20180127160655
2018-01-27 16:07:23.428;RU;AS41-AS1-20180127160449
2018-01-27 16:07:25.653;RC;AS41-AS1-20180127160548
2018-01-27 16:07:26.100;VU;AS41-AS1-20180127160449
2018-01-27 16:07:26.831;SS;AS41-AS1-20180127160548
2018-01-27 16:07:54.136;RO;AS41-AS1-20180127160655
2018-01-27 16:07:55.901;SP;AS41-AS1-20180127160655
2018-01-27 16:07:58.546;SQ;AS41-AS1-20180127160758
2018-01-27 16:08:23.813;RC;AS41-AS1-20180127160655
2018-01-27 16:08:24.671;SS;AS41-AS1-20180127160655
2018-01-27 16:08:32.366;RU;AS41-AS1-20180127160548
2018-01-27 16:08:36.218;VU;AS41-AS1-20180127160548
2018-01-27 16:08:58.172;RO;AS41-AS1-20180127160758
2018-01-27 16:08:59.711;SP;AS41-AS1-20180127160758
2018-01-27 16:09:02.252;SQ;AS41-AS1-20180127160902
2018-01-27 16:09:21.962;RC;AS41-AS1-20180127160758
2018-01-27 16:09:23.216;SS;AS41-AS1-20180127160758
2018-01-27 16:09:31.166;RU;AS41-AS1-20180127160655
2018-01-27 16:09:33.098;VU;AS41-AS1-20180127160655
2018-01-27 16:10:00.406;RO;AS41-AS1-20180127160902
2018-01-27 16:10:01.669;SP;AS41-AS1-20180127160902
2018-01-27 16:10:04.276;SQ;AS41-AS1-20180127161004
2018-01-27 16:10:31.389;RU;AS41-AS1-20180127160758
2018-01-27 16:10:33.424;VU;AS41-AS1-20180127160758
2018-01-27 16:10:33.606;RC;AS41-AS1-20180127160902
2018-01-27 16:10:34.450;SS;AS41-AS1-20180127160902
2018-01-27 16:10:59.946;RO;AS41-AS1-20180127161004
2018-01-27 16:11:01.677;SP;AS41-AS1-20180127161004
2018-01-27 16:11:04.291;SQ;AS41-AS1-20180127161104
2018-01-27 16:11:27.672;RC;AS41-AS1-20180127161004
2018-01-27 16:11:28.774;SS;AS41-AS1-20180127161004
2018-01-27 16:11:31.631;RU;AS41-AS1-20180127160902
2018-01-27 16:11:33.668;VU;AS41-AS1-20180127160902
2018-01-27 16:12:04.912;RO;AS41-AS1-20180127161104
2018-01-27 16:12:06.689;SP;AS41-AS1-20180127161104
2018-01-27 16:12:11.409;SQ;AS41-AS1-20180127161211
2018-01-27 16:12:30.099;RU;AS41-AS1-20180127161004
2018-01-27 16:12:32.676;VU;AS41-AS1-20180127161004
2018-01-27 16:12:35.935;RC;AS41-AS1-20180127161104
2018-01-27 16:12:36.983;SS;AS41-AS1-20180127161104
2018-01-27 16:13:17.437;RO;AS41-AS1-20180127161211
2018-01-27 16:13:18.951;SP;AS41-AS1-20180127161211
2018-01-27 16:13:21.352;SQ;AS41-AS1-20180127161321
2018-01-27 16:13:35.998;RU;AS41-AS1-20180127161104
2018-01-27 16:13:38.053;VU;AS41-AS1-20180127161104
2018-01-27 16:13:49.423;RC;AS41-AS1-20180127161211
2018-01-27 16:13:50.546;SS;AS41-AS1-20180127161211
2018-01-27 16:14:18.767;RO;AS41-AS1-20180127161321
2018-01-27 16:14:19.977;SP;AS41-AS1-20180127161321
2018-01-27 16:14:22.595;SQ;AS41-AS1-20180127161422
2018-01-27 16:14:51.343;RC;AS41-AS1-20180127161321
2018-01-27 16:14:52.784;SS;AS41-AS1-20180127161321
2018-01-27 16:14:53.125;RU;AS41-AS1-20180127161211
2018-01-27 16:14:55.445;VU;AS41-AS1-20180127161211
2018-01-27 16:15:22.562;RO;AS41-AS1-20180127161422
2018-01-27 16:15:23.766;SP;AS41-AS1-20180127161422
2018-01-27 16:15:26.390;SQ;AS41-AS1-20180127161526
2018-01-27 16:15:42.758;RU;AS41-AS1-20180127161321
2018-01-27 16:15:51.293;RC;AS41-AS1-20180127161422
2018-01-27 16:15:53.563;SS;AS41-AS1-20180127161422
2018-01-27 16:16:27.791;RO;AS41-AS1-20180127161526
2018-01-27 16:16:31.268;SP;AS41-AS1-20180127161526
2018-01-27 16:16:36.023;SQ;AS41-AS1-20180127161636
2018-01-27 16:16:51.725;RU;AS41-AS1-20180127161422
2018-01-27 16:17:00.890;RC;AS41-AS1-20180127161526
2018-01-27 16:17:05.277;SS;AS41-AS1-20180127161526
2018-01-27 16:18:00.980;RO;AS41-AS1-20180127161636
2018-01-27 16:18:04.105;SP;AS41-AS1-20180127161636
2018-01-27 16:18:06.123;RU;AS41-AS1-20180127161526
2018-01-27 16:18:12.593;SQ;AS41-AS1-20180127161812
2018-01-27 16:18:12.596;VU;AS41-AS1-20180127161526
2018-01-27 16:18:36.565;RC;AS41-AS1-20180127161636
2018-01-27 16:18:41.184;SS;AS41-AS1-20180127161636
2018-01-27 16:19:15.819;RO;AS41-AS1-20180127161812
2018-01-27 16:19:19.129;SP;AS41-AS1-20180127161812
2018-01-27 16:19:25.723;SQ;AS41-AS1-20180127161925
2018-01-27 16:19:30.639;RU;AS41-AS1-20180127161636
2018-01-27 16:19:34.305;VU;AS41-AS1-20180127161636
2018-01-27 16:19:48.877;RC;AS41-AS1-20180127161812
2018-01-27 16:19:51.661;SS;AS41-AS1-20180127161812
2018-01-27 16:20:18.484;RO;AS41-AS1-20180127161925
2018-01-27 16:20:21.507;SP;AS41-AS1-20180127161925
2018-01-27 16:20:28.155;SQ;AS41-AS1-20180127162028
2018-01-27 16:20:52.132;RC;AS41-AS1-20180127161925
2018-01-27 16:20:54.754;RU;AS41-AS1-20180127161812
2018-01-27 16:20:55.075;SS;AS41-AS1-20180127161925
2018-01-27 16:20:58.867;VU;AS41-AS1-20180127161812
2018-01-27 16:21:26.929;RO;AS41-AS1-20180127162028
2018-01-27 16:21:31.456;SP;AS41-AS1-20180127162028
2018-01-27 16:21:37.524;SQ;AS41-AS1-20180127162137
2018-01-27 16:22:17.824;RU;AS41-AS1-20180127161925
2018-01-27 16:22:22.497;VU;AS41-AS1-20180127161925
2018-01-27 16:22:28.982;RC;AS41-AS1-20180127162028
2018-01-27 16:22:32.426;SS;AS41-AS1-20180127162028
2018-01-27 16:22:39.579;RO;AS41-AS1-20180127162137
2018-01-27 16:22:42.411;SP;AS41-AS1-20180127162137
2018-01-27 16:22:49.329;SQ;AS41-AS1-20180127162249
2018-01-27 16:23:28.142;RC;AS41-AS1-20180127162137
2018-01-27 16:23:30.664;SS;AS41-AS1-20180127162137
2018-01-27 16:23:32.902;RU;AS41-AS1-20180127162028
2018-01-27 16:23:38.490;VU;AS41-AS1-20180127162028
2018-01-27 16:23:44.488;RO;AS41-AS1-20180127162249
2018-01-27 16:23:47.607;SP;AS41-AS1-20180127162249
2018-01-27 16:23:54.908;SQ;AS41-AS1-20180127162354
2018-01-27 16:24:14.289;RC;AS41-AS1-20180127162249
2018-01-27 16:24:17.090;SS;AS41-AS1-20180127162249
2018-01-27 16:24:27.881;RU;AS41-AS1-20180127162137
2018-01-27 16:24:31.734;VU;AS41-AS1-20180127162137
2018-01-27 16:24:48.578;RO;AS41-AS1-20180127162354
2018-01-27 16:24:52.608;SP;AS41-AS1-20180127162354
2018-01-27 16:24:59.820;SQ;AS41-AS1-20180127162459
2018-01-27 16:25:14.567;RU;AS41-AS1-20180127162249
2018-01-27 16:25:18.096;VU;AS41-AS1-20180127162249
2018-01-27 16:25:26.204;RC;AS41-AS1-20180127162354
2018-01-27 16:25:29.093;SS;AS41-AS1-20180127162354
2018-01-27 16:26:02.806;RO;AS41-AS1-20180127162459
2018-01-27 16:26:05.720;SP;AS41-AS1-20180127162459
2018-01-27 16:26:13.723;SQ;AS41-AS1-20180127162613
2018-01-27 16:26:25.121;RU;AS41-AS1-20180127162354
2018-01-27 16:26:30.616;VU;AS41-AS1-20180127162354
2018-01-27 16:26:35.733;RC;AS41-AS1-20180127162459
2018-01-27 16:26:38.482;SS;AS41-AS1-20180127162459
2018-01-27 16:26:52.661;RO;AS41-AS1-20180127162613
2018-01-27 16:26:55.498;SP;AS41-AS1-20180127162613
2018-01-27 16:27:24.048;RC;AS41-AS1-20180127162613
2018-01-27 16:27:26.575;SS;AS41-AS1-20180127162613
2018-01-27 16:27:27.907;RU;AS41-AS1-20180127162459
2018-01-27 16:27:34.115;VU;AS41-AS1-20180127162459
2018-01-27 16:27:57.841;RU;AS41-AS1-20180127162613
2018-01-27 16:28:03.953;VU;AS41-AS1-20180127162613
