2018-01-27 15:55:58.871;SQ;AS42-AS1-20180127155558
2018-01-27 15:56:17.356;RO;AS42-AS1-20180127155558
2018-01-27 15:56:18.162;SP;AS42-AS1-20180127155558
2018-01-27 15:56:19.717;SQ;AS42-AS1-20180127155619
2018-01-27 15:56:34.670;RC;AS42-AS1-20180127155558
2018-01-27 15:56:35.474;SS;AS42-AS1-20180127155558
2018-01-27 15:56:58.529;RO;AS42-AS1-20180127155619
2018-01-27 15:56:59.867;SP;AS42-AS1-20180127155619
2018-01-27 15:57:01.420;SQ;AS42-AS1-20180127155701
2018-01-27 15:57:24.830;RU;AS42-AS1-20180127155558
2018-01-27 15:57:26.587;VU;AS42-AS1-20180127155558
2018-01-27 15:57:29.387;RC;AS42-AS1-20180127155619
2018-01-27 15:57:30.927;SS;AS42-AS1-20180127155619
2018-01-27 15:57:56.910;RO;AS42-AS1-20180127155701
2018-01-27 15:57:57.779;SP;AS42-AS1-20180127155701
2018-01-27 15:57:59.348;SQ;AS42-AS1-20180127155759
2018-01-27 15:58:24.674;RC;AS42-AS1-20180127155701
2018-01-27 15:58:25.444;SS;AS42-AS1-20180127155701
2018-01-27 15:58:34.678;RU;AS42-AS1-20180127155619
2018-01-27 15:58:36.444;VU;AS42-AS1-20180127155619
2018-01-27 15:58:47.953;RO;AS42-AS1-20180127155759
2018-01-27 15:58:49.205;SP;AS42-AS1-20180127155759
2018-01-27 15:58:50.746;SQ;AS42-AS1-20180127155850
2018-01-27 15:59:22.215;RC;AS42-AS1-20180127155759
2018-01-27 15:59:22.974;SS;AS42-AS1-20180127155759
2018-01-27 15:59:27.768;RU;AS42-AS1-20180127155701
2018-01-27 15:59:29.575;VU;AS42-AS1-20180127155701
2018-01-27 15:59:47.182;RO;AS42-AS1-20180127155850
2018-01-27 15:59:48.091;SP;AS42-AS1-20180127155850
2018-01-27 15:59:49.707;SQ;AS42-AS1-20180127155949
2018-01-27 16:00:20.478;RC;AS42-AS1-20180127155850
2018-01-27 16:00:20.981;RU;AS42-AS1-20180127155759
2018-01-27 16:00:22.663;SS;AS42-AS1-20180127155850
2018-01-27 16:00:24.462;VU;AS42-AS1-20180127155759
2018-01-27 16:00:49.446;RO;AS42-AS1-20180127155949
2018-01-27 16:00:50.569;SP;AS42-AS1-20180127155949
2018-01-27 16:00:53.258;SQ;AS42-AS1-20180127160053
2018-01-27 16:01:17.856;RC;AS42-AS1-20180127155949
2018-01-27 16:01:18.645;SS;AS42-AS1-20180127155949
2018-01-27 16:01:48.182;RU;AS42-AS1-20180127155850
2018-01-27 16:01:49.989;VU;AS42-AS1-20180127155850
2018-01-27 16:01:50.581;RO;AS42-AS1-20180127160053
2018-01-27 16:01:51.601;SP;AS42-AS1-20180127160053
2018-01-27 16:01:53.778;SQ;AS42-AS1-20180127160153
2018-01-27 16:02:15.937;RC;AS42-AS1-20180127160053
2018-01-27 16:02:16.713;SS;AS42-AS1-20180127160053
2018-01-27 16:02:20.148;RU;AS42-AS1-20180127155949
2018-01-27 16:02:21.945;VU;AS42-AS1-20180127155949
2018-01-27 16:02:56.822;RO;AS42-AS1-20180127160153
2018-01-27 16:02:57.628;SP;AS42-AS1-20180127160153
2018-01-27 16:02:59.204;SQ;AS42-AS1-20180127160259
2018-01-27 16:03:23.044;RU;AS42-AS1-20180127160053
2018-01-27 16:03:24.831;VU;AS42-AS1-20180127160053
2018-01-27 16:03:28.202;RC;AS42-AS1-20180127160153
2018-01-27 16:03:29.010;SS;AS42-AS1-20180127160153
2018-01-27 16:03:54.432;RO;AS42-AS1-20180127160259
2018-01-27 16:03:55.546;SP;AS42-AS1-20180127160259
2018-01-27 16:03:58.434;SQ;AS42-AS1-20180127160358
2018-01-27 16:04:19.866;RC;AS42-AS1-20180127160259
2018-01-27 16:04:20.663;SS;AS42-AS1-20180127160259
2018-01-27 16:04:27.300;RU;AS42-AS1-20180127160153
2018-01-27 16:04:29.726;VU;AS42-AS1-20180127160153
2018-01-27 16:04:59.983;RO;AS42-AS1-20180127160358
2018-01-27 16:05:00.805;SP;AS42-AS1-20180127160358
2018-01-27 16:05:02.379;SQ;AS42-AS1-20180127160502
2018-01-27 16:05:25.667;RU;AS42-AS1-20180127160259
2018-01-27 16:05:27.437;VU;AS42-AS1-20180127160259
2018-01-27 16:05:32.396;RC;AS42-AS1-20180127160358
2018-01-27 16:05:33.157;SS;AS42-AS1-20180127160358
2018-01-27 16:06:00.413;RO;AS42-AS1-20180127160502
2018-01-27 16:06:02.283;SP;AS42-AS1-20180127160502
2018-01-27 16:06:03.863;SQ;AS42-AS1-20180127160603
2018-01-27 16:06:30.919;RC;AS42-AS1-20180127160502
2018-01-27 16:06:32.279;SS;AS42-AS1-20180127160502
2018-01-27 16:06:38.573;RU;AS42-AS1-20180127160358
2018-01-27 16:06:40.358;VU;AS42-AS1-20180127160358
2018-01-27 16:07:02.628;RO;AS42-AS1-20180127160603
2018-01-27 16:07:03.733;SP;AS42-AS1-20180127160603
2018-01-27 16:07:05.292;SQ;AS42-AS1-20180127160705
2018-01-27 16:07:37.559;RC;AS42-AS1-20180127160603
2018-01-27 16:07:38.315;SS;AS42-AS1-20180127160603
2018-01-27 16:07:39.036;RU;AS42-AS1-20180127160502
2018-01-27 16:07:40.812;VU;AS42-AS1-20180127160502
2018-01-27 16:08:02.908;RO;AS42-AS1-20180127160705
2018-01-27 16:08:04.424;SP;AS42-AS1-20180127160705
2018-01-27 16:08:05.980;SQ;AS42-AS1-20180127160805
2018-01-27 16:08:29.374;RC;AS42-AS1-20180127160705
2018-01-27 16:08:30.158;SS;AS42-AS1-20180127160705
2018-01-27 16:08:40.130;RU;AS42-AS1-20180127160603
2018-01-27 16:08:41.927;VU;AS42-AS1-20180127160603
2018-01-27 16:09:14.089;RO;AS42-AS1-20180127160805
2018-01-27 16:09:15.342;SP;AS42-AS1-20180127160805
2018-01-27 16:09:16.897;SQ;AS42-AS1-20180127160916
2018-01-27 16:09:33.363;RU;AS42-AS1-20180127160705
2018-01-27 16:09:35.153;VU;AS42-AS1-20180127160705
2018-01-27 16:09:43.138;RC;AS42-AS1-20180127160805
2018-01-27 16:09:43.908;SS;AS42-AS1-20180127160805
2018-01-27 16:10:17.362;RO;AS42-AS1-20180127160916
2018-01-27 16:10:18.251;SP;AS42-AS1-20180127160916
2018-01-27 16:10:20.035;SQ;AS42-AS1-20180127161020
2018-01-27 16:10:49.760;RU;AS42-AS1-20180127160805
2018-01-27 16:10:52.111;VU;AS42-AS1-20180127160805
2018-01-27 16:10:52.726;RC;AS42-AS1-20180127160916
2018-01-27 16:10:53.500;SS;AS42-AS1-20180127160916
2018-01-27 16:11:20.086;RO;AS42-AS1-20180127161020
2018-01-27 16:11:21.347;SP;AS42-AS1-20180127161020
2018-01-27 16:11:23.964;SQ;AS42-AS1-20180127161123
2018-01-27 16:11:50.005;RC;AS42-AS1-20180127161020
2018-01-27 16:11:50.794;SS;AS42-AS1-20180127161020
2018-01-27 16:11:53.597;RU;AS42-AS1-20180127160916
2018-01-27 16:11:55.393;VU;AS42-AS1-20180127160916
2018-01-27 16:12:29.940;RO;AS42-AS1-20180127161123
2018-01-27 16:12:30.796;SP;AS42-AS1-20180127161123
2018-01-27 16:12:32.393;SQ;AS42-AS1-20180127161232
2018-01-27 16:12:55.202;RU;AS42-AS1-20180127161020
2018-01-27 16:12:56.985;VU;AS42-AS1-20180127161020
2018-01-27 16:13:23.350;RC;AS42-AS1-20180127161123
2018-01-27 16:13:24.725;SS;AS42-AS1-20180127161123
2018-01-27 16:13:32.691;RO;AS42-AS1-20180127161232
2018-01-27 16:13:33.732;SP;AS42-AS1-20180127161232
2018-01-27 16:13:35.268;SQ;AS42-AS1-20180127161335
2018-01-27 16:14:03.520;RC;AS42-AS1-20180127161232
2018-01-27 16:14:04.309;SS;AS42-AS1-20180127161232
2018-01-27 16:14:27.099;RU;AS42-AS1-20180127161123
2018-01-27 16:14:29.117;VU;AS42-AS1-20180127161123
2018-01-27 16:14:33.916;RO;AS42-AS1-20180127161335
2018-01-27 16:14:35.136;SP;AS42-AS1-20180127161335
2018-01-27 16:14:36.688;SQ;AS42-AS1-20180127161436
2018-01-27 16:14:53.120;RU;AS42-AS1-20180127161232
2018-01-27 16:14:54.884;VU;AS42-AS1-20180127161232
2018-01-27 16:14:57.532;RC;AS42-AS1-20180127161335
2018-01-27 16:14:58.301;SS;AS42-AS1-20180127161335
2018-01-27 16:15:37.516;RO;AS42-AS1-20180127161436
2018-01-27 16:15:38.540;SP;AS42-AS1-20180127161436
2018-01-27 16:15:40.047;SQ;AS42-AS1-20180127161540
2018-01-27 16:16:03.738;RU;AS42-AS1-20180127161335
2018-01-27 16:16:05.514;VU;AS42-AS1-20180127161335
2018-01-27 16:16:09.377;RC;AS42-AS1-20180127161436
2018-01-27 16:16:10.156;SS;AS42-AS1-20180127161436
2018-01-27 16:16:39.302;RO;AS42-AS1-20180127161540
2018-01-27 16:16:40.388;SP;AS42-AS1-20180127161540
2018-01-27 16:16:41.961;SQ;AS42-AS1-20180127161641
2018-01-27 16:17:10.023;RC;AS42-AS1-20180127161540
2018-01-27 16:17:10.798;SS;AS42-AS1-20180127161540
2018-01-27 16:17:14.740;RU;AS42-AS1-20180127161436
2018-01-27 16:17:16.527;VU;AS42-AS1-20180127161436
2018-01-27 16:17:44.974;RO;AS42-AS1-20180127161641
2018-01-27 16:17:45.821;SP;AS42-AS1-20180127161641
2018-01-27 16:17:47.377;SQ;AS42-AS1-20180127161747
2018-01-27 16:18:01.783;RU;AS42-AS1-20180127161540
2018-01-27 16:18:03.585;VU;AS42-AS1-20180127161540
2018-01-27 16:18:16.956;RC;AS42-AS1-20180127161641
2018-01-27 16:18:17.728;SS;AS42-AS1-20180127161641
2018-01-27 16:18:51.847;RO;AS42-AS1-20180127161747
2018-01-27 16:18:52.704;SP;AS42-AS1-20180127161747
2018-01-27 16:18:55.849;SQ;AS42-AS1-20180127161855
2018-01-27 16:19:17.955;RU;AS42-AS1-20180127161641
2018-01-27 16:19:19.753;VU;AS42-AS1-20180127161641
2018-01-27 16:19:21.712;RC;AS42-AS1-20180127161747
2018-01-27 16:19:22.485;SS;AS42-AS1-20180127161747
2018-01-27 16:19:43.272;RO;AS42-AS1-20180127161855
2018-01-27 16:19:44.200;SP;AS42-AS1-20180127161855
2018-01-27 16:19:45.718;SQ;AS42-AS1-20180127161945
2018-01-27 16:20:13.028;RC;AS42-AS1-20180127161855
2018-01-27 16:20:13.815;SS;AS42-AS1-20180127161855
2018-01-27 16:20:25.419;RU;AS42-AS1-20180127161747
2018-01-27 16:20:27.189;VU;AS42-AS1-20180127161747
2018-01-27 16:20:39.825;RO;AS42-AS1-20180127161945
2018-01-27 16:20:41.052;SP;AS42-AS1-20180127161945
2018-01-27 16:20:42.847;SQ;AS42-AS1-20180127162042
2018-01-27 16:21:12.604;RC;AS42-AS1-20180127161945
2018-01-27 16:21:13.115;RU;AS42-AS1-20180127161855
2018-01-27 16:21:14.531;SS;AS42-AS1-20180127161945
2018-01-27 16:21:16.515;VU;AS42-AS1-20180127161855
2018-01-27 16:21:38.466;RO;AS42-AS1-20180127162042
2018-01-27 16:21:39.667;SP;AS42-AS1-20180127162042
2018-01-27 16:21:41.182;SQ;AS42-AS1-20180127162141
2018-01-27 16:22:12.746;RU;AS42-AS1-20180127161945
2018-01-27 16:22:13.318;RC;AS42-AS1-20180127162042
2018-01-27 16:22:14.319;SS;AS42-AS1-20180127162042
2018-01-27 16:22:14.711;VU;AS42-AS1-20180127161945
2018-01-27 16:22:42.384;RO;AS42-AS1-20180127162141
2018-01-27 16:22:43.503;SP;AS42-AS1-20180127162141
2018-01-27 16:22:45.004;SQ;AS42-AS1-20180127162245
2018-01-27 16:23:10.649;RC;AS42-AS1-20180127162141
2018-01-27 16:23:11.420;SS;AS42-AS1-20180127162141
2018-01-27 16:23:11.597;RU;AS42-AS1-20180127162042
2018-01-27 16:23:13.360;VU;AS42-AS1-20180127162042
2018-01-27 16:23:47.892;RO;AS42-AS1-20180127162245
2018-01-27 16:23:48.843;SP;AS42-AS1-20180127162245
2018-01-27 16:23:51.672;SQ;AS42-AS1-20180127162351
2018-01-27 16:24:08.109;RU;AS42-AS1-20180127162141
2018-01-27 16:24:09.114;RC;AS42-AS1-20180127162245
2018-01-27 16:24:09.898;SS;AS42-AS1-20180127162245
2018-01-27 16:24:09.905;VU;AS42-AS1-20180127162141
2018-01-27 16:24:46.932;RO;AS42-AS1-20180127162351
2018-01-27 16:24:48.006;SP;AS42-AS1-20180127162351
2018-01-27 16:24:49.502;SQ;AS42-AS1-20180127162449
2018-01-27 16:25:13.909;RU;AS42-AS1-20180127162245
2018-01-27 16:25:15.685;VU;AS42-AS1-20180127162245
2018-01-27 16:25:38.819;RC;AS42-AS1-20180127162351
2018-01-27 16:25:40.147;SS;AS42-AS1-20180127162351
2018-01-27 16:25:52.474;RO;AS42-AS1-20180127162449
2018-01-27 16:25:53.462;SP;AS42-AS1-20180127162449
2018-01-27 16:26:20.632;RC;AS42-AS1-20180127162449
2018-01-27 16:26:21.408;SS;AS42-AS1-20180127162449
2018-01-27 16:26:33.768;RU;AS42-AS1-20180127162351
2018-01-27 16:27:14.667;RU;AS42-AS1-20180127162449
2018-01-27 16:27:17.496;VU;AS42-AS1-20180127162449
