2018-01-27 15:56:01.575;SQ;AS43-AS1-20180127155601
2018-01-27 15:56:30.707;RO;AS43-AS1-20180127155601
2018-01-27 15:56:31.952;SP;AS43-AS1-20180127155601
2018-01-27 15:56:33.619;SQ;AS43-AS1-20180127155633
2018-01-27 15:56:54.165;RC;AS43-AS1-20180127155601
2018-01-27 15:56:55.016;SS;AS43-AS1-20180127155601
2018-01-27 15:57:23.396;RO;AS43-AS1-20180127155633
2018-01-27 15:57:24.500;SP;AS43-AS1-20180127155633
2018-01-27 15:57:26.151;SQ;AS43-AS1-20180127155726
2018-01-27 15:57:50.316;RC;AS43-AS1-20180127155633
2018-01-27 15:57:51.133;SS;AS43-AS1-20180127155633
2018-01-27 15:57:55.866;RU;AS43-AS1-20180127155601
2018-01-27 15:57:57.696;VU;AS43-AS1-20180127155601
2018-01-27 15:58:24.516;RO;AS43-AS1-20180127155726
2018-01-27 15:58:25.598;SP;AS43-AS1-20180127155726
2018-01-27 15:58:27.269;SQ;AS43-AS1-20180127155827
2018-01-27 15:58:54.014;RC;AS43-AS1-20180127155726
2018-01-27 15:58:54.887;SS;AS43-AS1-20180127155726
2018-01-27 15:58:58.085;RU;AS43-AS1-20180127155633
2018-01-27 15:58:59.950;VU;AS43-AS1-20180127155633
2018-01-27 15:59:30.550;RO;AS43-AS1-20180127155827
2018-01-27 15:59:31.679;SP;AS43-AS1-20180127155827
2018-01-27 15:59:33.339;SQ;AS43-AS1-20180127155933
2018-01-27 15:59:53.567;RC;AS43-AS1-20180127155827
2018-01-27 15:59:54.430;SS;AS43-AS1-20180127155827
2018-01-27 16:00:02.433;RU;AS43-AS1-20180127155726
2018-01-27 16:00:04.263;VU;AS43-AS1-20180127155726
2018-01-27 16:00:30.414;RO;AS43-AS1-20180127155933
2018-01-27 16:00:31.756;SP;AS43-AS1-20180127155933
2018-01-27 16:00:33.442;SQ;AS43-AS1-20180127160033
2018-01-27 16:00:57.046;RU;AS43-AS1-20180127155827
2018-01-27 16:00:58.881;VU;AS43-AS1-20180127155827
2018-01-27 16:01:01.793;RC;AS43-AS1-20180127155933
2018-01-27 16:01:02.638;SS;AS43-AS1-20180127155933
2018-01-27 16:01:24.262;RO;AS43-AS1-20180127160033
2018-01-27 16:01:25.365;SP;AS43-AS1-20180127160033
2018-01-27 16:01:27.053;SQ;AS43-AS1-20180127160127
2018-01-27 16:01:57.921;RC;AS43-AS1-20180127160033
2018-01-27 16:01:58.795;SS;AS43-AS1-20180127160033
2018-01-27 16:02:08.531;RU;AS43-AS1-20180127155933
2018-01-27 16:02:11.289;VU;AS43-AS1-20180127155933
2018-01-27 16:02:47.117;RO;AS43-AS1-20180127160127
2018-01-27 16:02:47.966;SP;AS43-AS1-20180127160127
2018-01-27 16:02:49.650;SQ;AS43-AS1-20180127160249
2018-01-27 16:03:04.104;RU;AS43-AS1-20180127160033
2018-01-27 16:03:05.952;VU;AS43-AS1-20180127160033
2018-01-27 16:03:09.567;RC;AS43-AS1-20180127160127
2018-01-27 16:03:11.044;SS;AS43-AS1-20180127160127
2018-01-27 16:03:49.572;RO;AS43-AS1-20180127160249
2018-01-27 16:03:50.577;SP;AS43-AS1-20180127160249
2018-01-27 16:03:52.258;SQ;AS43-AS1-20180127160352
2018-01-27 16:04:13.471;RU;AS43-AS1-20180127160127
2018-01-27 16:04:15.319;VU;AS43-AS1-20180127160127
2018-01-27 16:04:19.871;RC;AS43-AS1-20180127160249
2018-01-27 16:04:20.703;SS;AS43-AS1-20180127160249
2018-01-27 16:04:51.589;RO;AS43-AS1-20180127160352
2018-01-27 16:04:52.646;SP;AS43-AS1-20180127160352
2018-01-27 16:04:54.320;SQ;AS43-AS1-20180127160454
2018-01-27 16:05:21.514;RC;AS43-AS1-20180127160352
2018-01-27 16:05:22.370;SS;AS43-AS1-20180127160352
2018-01-27 16:05:27.802;RU;AS43-AS1-20180127160249
2018-01-27 16:05:29.941;VU;AS43-AS1-20180127160249
2018-01-27 16:05:49.263;RO;AS43-AS1-20180127160454
2018-01-27 16:05:50.187;SP;AS43-AS1-20180127160454
2018-01-27 16:05:51.830;SQ;AS43-AS1-20180127160551
2018-01-27 16:06:13.414;RC;AS43-AS1-20180127160454
2018-01-27 16:06:14.259;SS;AS43-AS1-20180127160454
2018-01-27 16:06:21.798;RU;AS43-AS1-20180127160352
2018-01-27 16:06:23.632;VU;AS43-AS1-20180127160352
2018-01-27 16:06:47.283;RO;AS43-AS1-20180127160551
2018-01-27 16:06:48.235;SP;AS43-AS1-20180127160551
2018-01-27 16:06:49.884;SQ;AS43-AS1-20180127160649
2018-01-27 16:07:12.942;RU;AS43-AS1-20180127160454
2018-01-27 16:07:14.238;RC;AS43-AS1-20180127160551
2018-01-27 16:07:15.353;SS;AS43-AS1-20180127160551
2018-01-27 16:07:47.458;RO;AS43-AS1-20180127160649
2018-01-27 16:07:50.260;SP;AS43-AS1-20180127160649
2018-01-27 16:07:52.793;SQ;AS43-AS1-20180127160752
2018-01-27 16:08:18.306;RC;AS43-AS1-20180127160649
2018-01-27 16:08:18.306;RU;AS43-AS1-20180127160551
2018-01-27 16:08:21.483;SS;AS43-AS1-20180127160649
2018-01-27 16:08:22.441;VU;AS43-AS1-20180127160551
2018-01-27 16:08:51.865;RO;AS43-AS1-20180127160752
2018-01-27 16:08:53.125;SP;AS43-AS1-20180127160752
2018-01-27 16:08:55.674;SQ;AS43-AS1-20180127160855
2018-01-27 16:09:22.782;RC;AS43-AS1-20180127160752
2018-01-27 16:09:22.846;RU;AS43-AS1-20180127160649
2018-01-27 16:09:24.645;SS;AS43-AS1-20180127160752
2018-01-27 16:09:25.798;VU;AS43-AS1-20180127160649
2018-01-27 16:09:51.230;RO;AS43-AS1-20180127160855
2018-01-27 16:09:52.813;SP;AS43-AS1-20180127160855
2018-01-27 16:09:55.322;SQ;AS43-AS1-20180127160955
2018-01-27 16:10:28.468;RC;AS43-AS1-20180127160855
2018-01-27 16:10:29.441;SS;AS43-AS1-20180127160855
2018-01-27 16:10:56.019;RO;AS43-AS1-20180127160955
2018-01-27 16:10:57.923;SP;AS43-AS1-20180127160955
2018-01-27 16:11:00.238;SQ;AS43-AS1-20180127161100
2018-01-27 16:11:01.549;RU;AS43-AS1-20180127160752
2018-01-27 16:11:04.110;VU;AS43-AS1-20180127160752
2018-01-27 16:11:23.830;RC;AS43-AS1-20180127160955
2018-01-27 16:11:25.358;SS;AS43-AS1-20180127160955
2018-01-27 16:11:31.616;RU;AS43-AS1-20180127160855
2018-01-27 16:11:33.813;VU;AS43-AS1-20180127160855
2018-01-27 16:11:51.996;RO;AS43-AS1-20180127161100
2018-01-27 16:11:54.403;SP;AS43-AS1-20180127161100
2018-01-27 16:11:56.943;SQ;AS43-AS1-20180127161156
2018-01-27 16:12:19.320;RU;AS43-AS1-20180127160955
2018-01-27 16:12:21.706;VU;AS43-AS1-20180127160955
2018-01-27 16:12:25.917;RC;AS43-AS1-20180127161100
2018-01-27 16:12:27.031;SS;AS43-AS1-20180127161100
2018-01-27 16:12:56.373;RO;AS43-AS1-20180127161156
2018-01-27 16:12:58.211;SP;AS43-AS1-20180127161156
2018-01-27 16:13:00.543;SQ;AS43-AS1-20180127161300
2018-01-27 16:13:28.044;RC;AS43-AS1-20180127161156
2018-01-27 16:13:28.921;SS;AS43-AS1-20180127161156
2018-01-27 16:13:36.863;RU;AS43-AS1-20180127161100
2018-01-27 16:13:38.981;VU;AS43-AS1-20180127161100
2018-01-27 16:14:02.926;RO;AS43-AS1-20180127161300
2018-01-27 16:14:03.981;SP;AS43-AS1-20180127161300
2018-01-27 16:14:06.516;SQ;AS43-AS1-20180127161406
2018-01-27 16:14:33.160;RC;AS43-AS1-20180127161300
2018-01-27 16:14:34.253;SS;AS43-AS1-20180127161300
2018-01-27 16:15:02.751;RO;AS43-AS1-20180127161406
2018-01-27 16:15:02.787;RU;AS43-AS1-20180127161156
2018-01-27 16:15:05.370;SP;AS43-AS1-20180127161406
2018-01-27 16:15:05.853;VU;AS43-AS1-20180127161156
2018-01-27 16:15:07.761;SQ;AS43-AS1-20180127161507
2018-01-27 16:15:36.816;RC;AS43-AS1-20180127161406
2018-01-27 16:15:37.876;SS;AS43-AS1-20180127161406
2018-01-27 16:15:37.955;RU;AS43-AS1-20180127161300
2018-01-27 16:15:40.230;VU;AS43-AS1-20180127161300
2018-01-27 16:16:06.000;RO;AS43-AS1-20180127161507
2018-01-27 16:16:07.444;SP;AS43-AS1-20180127161507
2018-01-27 16:16:10.013;SQ;AS43-AS1-20180127161610
2018-01-27 16:16:38.941;RU;AS43-AS1-20180127161406
2018-01-27 16:16:39.178;RC;AS43-AS1-20180127161507
2018-01-27 16:16:41.122;SS;AS43-AS1-20180127161507
2018-01-27 16:16:41.430;VU;AS43-AS1-20180127161406
2018-01-27 16:17:15.716;RO;AS43-AS1-20180127161610
2018-01-27 16:17:16.937;SP;AS43-AS1-20180127161610
2018-01-27 16:17:20.552;SQ;AS43-AS1-20180127161720
2018-01-27 16:17:46.736;RU;AS43-AS1-20180127161507
2018-01-27 16:17:48.754;RC;AS43-AS1-20180127161610
2018-01-27 16:17:48.909;VU;AS43-AS1-20180127161507
2018-01-27 16:17:49.711;SS;AS43-AS1-20180127161610
2018-01-27 16:18:17.893;RO;AS43-AS1-20180127161720
2018-01-27 16:18:19.093;SP;AS43-AS1-20180127161720
2018-01-27 16:18:21.507;SQ;AS43-AS1-20180127161821
2018-01-27 16:18:49.604;RC;AS43-AS1-20180127161720
2018-01-27 16:18:50.575;SS;AS43-AS1-20180127161720
2018-01-27 16:19:02.151;RU;AS43-AS1-20180127161610
2018-01-27 16:19:04.821;VU;AS43-AS1-20180127161610
2018-01-27 16:19:19.582;RO;AS43-AS1-20180127161821
2018-01-27 16:19:20.432;SP;AS43-AS1-20180127161821
2018-01-27 16:19:22.875;SQ;AS43-AS1-20180127161922
2018-01-27 16:19:48.486;RC;AS43-AS1-20180127161821
2018-01-27 16:19:49.816;SS;AS43-AS1-20180127161821
2018-01-27 16:19:53.344;RU;AS43-AS1-20180127161720
2018-01-27 16:19:55.334;VU;AS43-AS1-20180127161720
2018-01-27 16:20:17.503;RO;AS43-AS1-20180127161922
2018-01-27 16:20:19.389;SP;AS43-AS1-20180127161922
2018-01-27 16:20:21.864;SQ;AS43-AS1-20180127162021
2018-01-27 16:20:51.219;RC;AS43-AS1-20180127161922
2018-01-27 16:20:51.231;RU;AS43-AS1-20180127161821
2018-01-27 16:20:53.351;SS;AS43-AS1-20180127161922
2018-01-27 16:20:54.358;VU;AS43-AS1-20180127161821
2018-01-27 16:21:23.459;RO;AS43-AS1-20180127162021
2018-01-27 16:21:25.418;SP;AS43-AS1-20180127162021
2018-01-27 16:21:27.946;SQ;AS43-AS1-20180127162127
2018-01-27 16:21:52.078;RU;AS43-AS1-20180127161922
2018-01-27 16:21:53.983;VU;AS43-AS1-20180127161922
2018-01-27 16:21:54.908;RC;AS43-AS1-20180127162021
2018-01-27 16:21:56.415;SS;AS43-AS1-20180127162021
2018-01-27 16:22:26.749;RO;AS43-AS1-20180127162127
2018-01-27 16:22:28.035;SP;AS43-AS1-20180127162127
2018-01-27 16:22:30.561;SQ;AS43-AS1-20180127162230
2018-01-27 16:22:58.595;RC;AS43-AS1-20180127162127
2018-01-27 16:22:59.255;RU;AS43-AS1-20180127162021
2018-01-27 16:23:00.296;SS;AS43-AS1-20180127162127
2018-01-27 16:23:01.942;VU;AS43-AS1-20180127162021
2018-01-27 16:23:27.192;RO;AS43-AS1-20180127162230
2018-01-27 16:23:28.833;SP;AS43-AS1-20180127162230
2018-01-27 16:23:31.124;SQ;AS43-AS1-20180127162331
2018-01-27 16:24:00.188;RC;AS43-AS1-20180127162230
2018-01-27 16:24:01.303;SS;AS43-AS1-20180127162230
2018-01-27 16:24:05.235;RU;AS43-AS1-20180127162127
2018-01-27 16:24:09.347;VU;AS43-AS1-20180127162127
2018-01-27 16:24:27.791;RO;AS43-AS1-20180127162331
2018-01-27 16:24:29.852;SP;AS43-AS1-20180127162331
2018-01-27 16:24:32.038;SQ;AS43-AS1-20180127162432
2018-01-27 16:24:55.101;RC;AS43-AS1-20180127162331
2018-01-27 16:24:56.161;SS;AS43-AS1-20180127162331
2018-01-27 16:25:30.926;RO;AS43-AS1-20180127162432
2018-01-27 16:25:31.416;RU;AS43-AS1-20180127162230
2018-01-27 16:25:33.405;SP;AS43-AS1-20180127162432
2018-01-27 16:25:34.754;VU;AS43-AS1-20180127162230
2018-01-27 16:25:36.087;SQ;AS43-AS1-20180127162536
2018-01-27 16:25:53.762;RU;AS43-AS1-20180127162331
2018-01-27 16:25:57.733;VU;AS43-AS1-20180127162331
2018-01-27 16:26:02.370;RC;AS43-AS1-20180127162432
2018-01-27 16:26:03.162;SS;AS43-AS1-20180127162432
2018-01-27 16:26:34.023;RO;AS43-AS1-20180127162536
2018-01-27 16:26:35.703;SP;AS43-AS1-20180127162536
2018-01-27 16:26:58.832;RC;AS43-AS1-20180127162536
2018-01-27 16:27:00.072;SS;AS43-AS1-20180127162536
2018-01-27 16:27:16.540;RU;AS43-AS1-20180127162432
2018-01-27 16:27:18.893;VU;AS43-AS1-20180127162432
2018-01-27 16:27:43.760;RU;AS43-AS1-20180127162536
2018-01-27 16:27:47.457;VU;AS43-AS1-20180127162536
