2018-01-27 15:55:59.150;SQ;AS48-AS1-20180127155559
2018-01-27 15:56:20.867;RO;AS48-AS1-20180127155559
2018-01-27 15:56:21.981;SP;AS48-AS1-20180127155559
2018-01-27 15:56:23.624;SQ;AS48-AS1-20180127155623
2018-01-27 15:56:38.343;RC;AS48-AS1-20180127155559
2018-01-27 15:56:39.154;SS;AS48-AS1-20180127155559
2018-01-27 15:57:01.202;RO;AS48-AS1-20180127155623
2018-01-27 15:57:02.476;SP;AS48-AS1-20180127155623
2018-01-27 15:57:04.091;SQ;AS48-AS1-20180127155704
2018-01-27 15:57:32.188;RC;AS48-AS1-20180127155623
2018-01-27 15:57:33.005;SS;AS48-AS1-20180127155623
2018-01-27 15:57:35.191;RU;AS48-AS1-20180127155559
2018-01-27 15:57:36.992;VU;AS48-AS1-20180127155559
2018-01-27 15:58:01.292;RO;AS48-AS1-20180127155704
2018-01-27 15:58:02.456;SP;AS48-AS1-20180127155704
2018-01-27 15:58:04.095;SQ;AS48-AS1-20180127155804
2018-01-27 15:58:31.262;RC;AS48-AS1-20180127155704
2018-01-27 15:58:32.003;RU;AS48-AS1-20180127155623
2018-01-27 15:58:33.670;SS;AS48-AS1-20180127155704
2018-01-27 15:58:35.315;VU;AS48-AS1-20180127155623
2018-01-27 15:59:04.444;RO;AS48-AS1-20180127155804
2018-01-27 15:59:05.462;SP;AS48-AS1-20180127155804
2018-01-27 15:59:07.061;SQ;AS48-AS1-20180127155907
2018-01-27 15:59:38.646;RC;AS48-AS1-20180127155804
2018-01-27 15:59:39.430;SS;AS48-AS1-20180127155804
2018-01-27 15:59:42.603;RU;AS48-AS1-20180127155704
2018-01-27 15:59:44.413;VU;AS48-AS1-20180127155704
2018-01-27 16:00:04.335;RO;AS48-AS1-20180127155907
2018-01-27 16:00:05.578;SP;AS48-AS1-20180127155907
2018-01-27 16:00:08.366;SQ;AS48-AS1-20180127160008
2018-01-27 16:00:28.647;RU;AS48-AS1-20180127155804
2018-01-27 16:00:30.456;VU;AS48-AS1-20180127155804
2018-01-27 16:00:31.227;RC;AS48-AS1-20180127155907
2018-01-27 16:00:32.029;SS;AS48-AS1-20180127155907
2018-01-27 16:01:05.249;RO;AS48-AS1-20180127160008
2018-01-27 16:01:06.204;SP;AS48-AS1-20180127160008
2018-01-27 16:01:09.188;SQ;AS48-AS1-20180127160109
2018-01-27 16:01:30.699;RU;AS48-AS1-20180127155907
2018-01-27 16:01:32.488;VU;AS48-AS1-20180127155907
2018-01-27 16:01:34.563;RC;AS48-AS1-20180127160008
2018-01-27 16:01:35.367;SS;AS48-AS1-20180127160008
2018-01-27 16:02:10.918;RO;AS48-AS1-20180127160109
2018-01-27 16:02:12.042;SP;AS48-AS1-20180127160109
2018-01-27 16:02:13.641;SQ;AS48-AS1-20180127160213
2018-01-27 16:02:36.122;RU;AS48-AS1-20180127160008
2018-01-27 16:02:37.942;VU;AS48-AS1-20180127160008
2018-01-27 16:02:45.193;RC;AS48-AS1-20180127160109
2018-01-27 16:02:45.988;SS;AS48-AS1-20180127160109
2018-01-27 16:03:09.299;RO;AS48-AS1-20180127160213
2018-01-27 16:03:11.176;SP;AS48-AS1-20180127160213
2018-01-27 16:03:13.706;SQ;AS48-AS1-20180127160313
2018-01-27 16:03:38.989;RC;AS48-AS1-20180127160213
2018-01-27 16:03:39.798;SS;AS48-AS1-20180127160213
2018-01-27 16:03:51.391;RU;AS48-AS1-20180127160109
2018-01-27 16:03:53.176;VU;AS48-AS1-20180127160109
2018-01-27 16:04:14.116;RO;AS48-AS1-20180127160313
2018-01-27 16:04:15.063;SP;AS48-AS1-20180127160313
2018-01-27 16:04:16.658;SQ;AS48-AS1-20180127160416
2018-01-27 16:04:46.320;RU;AS48-AS1-20180127160213
2018-01-27 16:04:48.111;VU;AS48-AS1-20180127160213
2018-01-27 16:04:51.155;RC;AS48-AS1-20180127160313
2018-01-27 16:04:51.954;SS;AS48-AS1-20180127160313
2018-01-27 16:05:21.147;RO;AS48-AS1-20180127160416
2018-01-27 16:05:22.038;SP;AS48-AS1-20180127160416
2018-01-27 16:05:23.607;SQ;AS48-AS1-20180127160523
2018-01-27 16:05:53.654;RU;AS48-AS1-20180127160313
2018-01-27 16:05:53.969;RC;AS48-AS1-20180127160416
2018-01-27 16:05:55.250;SS;AS48-AS1-20180127160416
2018-01-27 16:05:55.864;VU;AS48-AS1-20180127160313
2018-01-27 16:06:23.754;RO;AS48-AS1-20180127160523
2018-01-27 16:06:24.987;SP;AS48-AS1-20180127160523
2018-01-27 16:06:26.595;SQ;AS48-AS1-20180127160626
2018-01-27 16:06:48.555;RC;AS48-AS1-20180127160523
2018-01-27 16:06:49.351;SS;AS48-AS1-20180127160523
2018-01-27 16:06:57.208;RU;AS48-AS1-20180127160416
2018-01-27 16:06:58.992;VU;AS48-AS1-20180127160416
2018-01-27 16:07:20.487;RO;AS48-AS1-20180127160626
2018-01-27 16:07:21.429;SP;AS48-AS1-20180127160626
2018-01-27 16:07:23.012;SQ;AS48-AS1-20180127160723
2018-01-27 16:07:47.891;RC;AS48-AS1-20180127160626
2018-01-27 16:07:49.090;RU;AS48-AS1-20180127160523
2018-01-27 16:07:49.457;SS;AS48-AS1-20180127160626
2018-01-27 16:07:51.089;VU;AS48-AS1-20180127160523
2018-01-27 16:08:15.216;RO;AS48-AS1-20180127160723
2018-01-27 16:08:16.352;SP;AS48-AS1-20180127160723
2018-01-27 16:08:18.767;SQ;AS48-AS1-20180127160818
2018-01-27 16:08:49.069;RC;AS48-AS1-20180127160723
2018-01-27 16:08:50.782;SS;AS48-AS1-20180127160723
2018-01-27 16:08:58.453;RU;AS48-AS1-20180127160626
2018-01-27 16:09:00.233;VU;AS48-AS1-20180127160626
2018-01-27 16:09:13.500;RO;AS48-AS1-20180127160818
2018-01-27 16:09:14.638;SP;AS48-AS1-20180127160818
2018-01-27 16:09:16.224;SQ;AS48-AS1-20180127160916
2018-01-27 16:09:46.072;RC;AS48-AS1-20180127160818
2018-01-27 16:09:46.868;SS;AS48-AS1-20180127160818
2018-01-27 16:09:50.679;RU;AS48-AS1-20180127160723
2018-01-27 16:09:52.633;VU;AS48-AS1-20180127160723
2018-01-27 16:10:15.065;RO;AS48-AS1-20180127160916
2018-01-27 16:10:16.075;SP;AS48-AS1-20180127160916
2018-01-27 16:10:17.659;SQ;AS48-AS1-20180127161017
2018-01-27 16:10:45.125;RC;AS48-AS1-20180127160916
2018-01-27 16:10:45.903;SS;AS48-AS1-20180127160916
2018-01-27 16:10:51.091;RU;AS48-AS1-20180127160818
2018-01-27 16:10:53.127;VU;AS48-AS1-20180127160818
2018-01-27 16:11:27.847;RO;AS48-AS1-20180127161017
2018-01-27 16:11:29.041;SP;AS48-AS1-20180127161017
2018-01-27 16:11:30.626;SQ;AS48-AS1-20180127161130
2018-01-27 16:11:47.198;RU;AS48-AS1-20180127160916
2018-01-27 16:11:48.974;VU;AS48-AS1-20180127160916
2018-01-27 16:11:59.215;RC;AS48-AS1-20180127161017
2018-01-27 16:12:00.007;SS;AS48-AS1-20180127161017
2018-01-27 16:12:31.818;RO;AS48-AS1-20180127161130
2018-01-27 16:12:32.980;SP;AS48-AS1-20180127161130
2018-01-27 16:12:34.541;SQ;AS48-AS1-20180127161234
2018-01-27 16:13:01.127;RC;AS48-AS1-20180127161130
2018-01-27 16:13:01.938;SS;AS48-AS1-20180127161130
2018-01-27 16:13:02.998;RU;AS48-AS1-20180127161017
2018-01-27 16:13:04.799;VU;AS48-AS1-20180127161017
2018-01-27 16:13:36.209;RO;AS48-AS1-20180127161234
2018-01-27 16:13:37.396;SP;AS48-AS1-20180127161234
2018-01-27 16:13:39.214;SQ;AS48-AS1-20180127161339
2018-01-27 16:14:05.318;RU;AS48-AS1-20180127161130
2018-01-27 16:14:07.133;VU;AS48-AS1-20180127161130
2018-01-27 16:14:10.882;RC;AS48-AS1-20180127161234
2018-01-27 16:14:12.532;SS;AS48-AS1-20180127161234
2018-01-27 16:14:39.994;RO;AS48-AS1-20180127161339
2018-01-27 16:14:41.534;SP;AS48-AS1-20180127161339
2018-01-27 16:14:44.122;SQ;AS48-AS1-20180127161444
2018-01-27 16:15:07.904;RC;AS48-AS1-20180127161339
2018-01-27 16:15:08.678;SS;AS48-AS1-20180127161339
2018-01-27 16:15:10.595;RU;AS48-AS1-20180127161234
2018-01-27 16:15:12.388;VU;AS48-AS1-20180127161234
2018-01-27 16:15:49.653;RO;AS48-AS1-20180127161444
2018-01-27 16:15:50.474;SP;AS48-AS1-20180127161444
2018-01-27 16:15:52.058;SQ;AS48-AS1-20180127161552
2018-01-27 16:16:07.023;RU;AS48-AS1-20180127161339
2018-01-27 16:16:08.837;VU;AS48-AS1-20180127161339
2018-01-27 16:16:22.227;RC;AS48-AS1-20180127161444
2018-01-27 16:16:23.022;SS;AS48-AS1-20180127161444
2018-01-27 16:16:54.980;RO;AS48-AS1-20180127161552
2018-01-27 16:16:55.899;SP;AS48-AS1-20180127161552
2018-01-27 16:16:57.490;SQ;AS48-AS1-20180127161657
2018-01-27 16:17:17.894;RU;AS48-AS1-20180127161444
2018-01-27 16:17:19.681;VU;AS48-AS1-20180127161444
2018-01-27 16:17:27.715;RC;AS48-AS1-20180127161552
2018-01-27 16:17:28.499;SS;AS48-AS1-20180127161552
2018-01-27 16:18:01.311;RO;AS48-AS1-20180127161657
2018-01-27 16:18:02.362;SP;AS48-AS1-20180127161657
2018-01-27 16:18:03.955;SQ;AS48-AS1-20180127161803
2018-01-27 16:18:32.112;RU;AS48-AS1-20180127161552
2018-01-27 16:18:33.916;VU;AS48-AS1-20180127161552
2018-01-27 16:19:02.039;RC;AS48-AS1-20180127161657
2018-01-27 16:19:02.563;RO;AS48-AS1-20180127161803
2018-01-27 16:19:02.849;SS;AS48-AS1-20180127161657
2018-01-27 16:19:03.816;SP;AS48-AS1-20180127161803
2018-01-27 16:19:05.423;SQ;AS48-AS1-20180127161905
2018-01-27 16:19:31.301;RC;AS48-AS1-20180127161803
2018-01-27 16:19:32.079;SS;AS48-AS1-20180127161803
2018-01-27 16:20:03.530;RU;AS48-AS1-20180127161657
2018-01-27 16:20:05.318;VU;AS48-AS1-20180127161657
2018-01-27 16:20:06.409;RO;AS48-AS1-20180127161905
2018-01-27 16:20:07.297;SP;AS48-AS1-20180127161905
2018-01-27 16:20:08.876;SQ;AS48-AS1-20180127162008
2018-01-27 16:20:33.180;RU;AS48-AS1-20180127161803
2018-01-27 16:20:33.181;RC;AS48-AS1-20180127161905
2018-01-27 16:20:34.787;SS;AS48-AS1-20180127161905
2018-01-27 16:20:35.787;VU;AS48-AS1-20180127161803
2018-01-27 16:21:12.104;RO;AS48-AS1-20180127162008
2018-01-27 16:21:13.535;SP;AS48-AS1-20180127162008
2018-01-27 16:21:16.516;SQ;AS48-AS1-20180127162116
2018-01-27 16:21:35.838;RU;AS48-AS1-20180127161905
2018-01-27 16:21:37.628;VU;AS48-AS1-20180127161905
2018-01-27 16:22:07.820;RC;AS48-AS1-20180127162008
2018-01-27 16:22:08.622;SS;AS48-AS1-20180127162008
2018-01-27 16:22:14.214;RO;AS48-AS1-20180127162116
2018-01-27 16:22:15.358;SP;AS48-AS1-20180127162116
2018-01-27 16:22:18.179;SQ;AS48-AS1-20180127162218
2018-01-27 16:22:42.681;RC;AS48-AS1-20180127162116
2018-01-27 16:22:43.498;SS;AS48-AS1-20180127162116
2018-01-27 16:23:14.689;RU;AS48-AS1-20180127162008
2018-01-27 16:23:16.462;VU;AS48-AS1-20180127162008
2018-01-27 16:23:18.695;RO;AS48-AS1-20180127162218
2018-01-27 16:23:20.445;SP;AS48-AS1-20180127162218
2018-01-27 16:23:22.019;SQ;AS48-AS1-20180127162322
2018-01-27 16:23:42.317;RU;AS48-AS1-20180127162116
2018-01-27 16:23:44.118;VU;AS48-AS1-20180127162116
2018-01-27 16:23:49.490;RC;AS48-AS1-20180127162218
2018-01-27 16:23:51.188;SS;AS48-AS1-20180127162218
2018-01-27 16:24:19.179;RO;AS48-AS1-20180127162322
2018-01-27 16:24:20.396;SP;AS48-AS1-20180127162322
2018-01-27 16:24:23.346;SQ;AS48-AS1-20180127162423
2018-01-27 16:24:48.732;RU;AS48-AS1-20180127162218
2018-01-27 16:24:49.362;RC;AS48-AS1-20180127162322
2018-01-27 16:24:50.311;SS;AS48-AS1-20180127162322
2018-01-27 16:24:50.662;VU;AS48-AS1-20180127162218
2018-01-27 16:25:16.672;RO;AS48-AS1-20180127162423
2018-01-27 16:25:17.719;SP;AS48-AS1-20180127162423
2018-01-27 16:25:19.316;SQ;AS48-AS1-20180127162519
2018-01-27 16:25:47.285;RC;AS48-AS1-20180127162423
2018-01-27 16:25:48.086;SS;AS48-AS1-20180127162423
2018-01-27 16:25:50.457;RU;AS48-AS1-20180127162322
2018-01-27 16:25:52.254;VU;AS48-AS1-20180127162322
2018-01-27 16:26:19.833;RO;AS48-AS1-20180127162519
2018-01-27 16:26:20.676;SP;AS48-AS1-20180127162519
2018-01-27 16:26:41.939;RC;AS48-AS1-20180127162519
2018-01-27 16:26:42.751;SS;AS48-AS1-20180127162519
2018-01-27 16:26:49.248;RU;AS48-AS1-20180127162423
2018-01-27 16:26:51.037;VU;AS48-AS1-20180127162423
2018-01-27 16:27:32.943;RU;AS48-AS1-20180127162519
2018-01-27 16:27:34.720;VU;AS48-AS1-20180127162519
