2018-01-27 15:56:00.933;SQ;AS50-AS1-20180127155600
2018-01-27 15:56:25.722;RO;AS50-AS1-20180127155600
2018-01-27 15:56:27.001;SP;AS50-AS1-20180127155600
2018-01-27 15:56:28.961;SQ;AS50-AS1-20180127155628
2018-01-27 15:56:48.362;RC;AS50-AS1-20180127155600
2018-01-27 15:56:49.202;SS;AS50-AS1-20180127155600
2018-01-27 15:57:13.814;RO;AS50-AS1-20180127155628
2018-01-27 15:57:15.493;SP;AS50-AS1-20180127155628
2018-01-27 15:57:18.506;SQ;AS50-AS1-20180127155718
2018-01-27 15:57:43.703;RU;AS50-AS1-20180127155600
2018-01-27 15:57:45.542;VU;AS50-AS1-20180127155600
2018-01-27 15:57:46.887;RC;AS50-AS1-20180127155628
2018-01-27 15:57:47.755;SS;AS50-AS1-20180127155628
2018-01-27 15:58:07.860;RO;AS50-AS1-20180127155718
2018-01-27 15:58:08.900;SP;AS50-AS1-20180127155718
2018-01-27 15:58:10.641;SQ;AS50-AS1-20180127155810
2018-01-27 15:58:39.418;RC;AS50-AS1-20180127155718
2018-01-27 15:58:40.257;SS;AS50-AS1-20180127155718
2018-01-27 15:58:45.415;RU;AS50-AS1-20180127155628
2018-01-27 15:58:47.466;VU;AS50-AS1-20180127155628
2018-01-27 15:59:12.626;RO;AS50-AS1-20180127155810
2018-01-27 15:59:13.576;SP;AS50-AS1-20180127155810
2018-01-27 15:59:15.273;SQ;AS50-AS1-20180127155915
2018-01-27 15:59:38.097;RC;AS50-AS1-20180127155810
2018-01-27 15:59:38.932;SS;AS50-AS1-20180127155810
2018-01-27 15:59:42.669;RU;AS50-AS1-20180127155718
2018-01-27 15:59:44.511;VU;AS50-AS1-20180127155718
2018-01-27 16:00:16.846;RO;AS50-AS1-20180127155915
2018-01-27 16:00:18.191;SP;AS50-AS1-20180127155915
2018-01-27 16:00:19.873;SQ;AS50-AS1-20180127160019
2018-01-27 16:00:43.680;RU;AS50-AS1-20180127155810
2018-01-27 16:00:45.541;VU;AS50-AS1-20180127155810
2018-01-27 16:00:47.303;RC;AS50-AS1-20180127155915
2018-01-27 16:00:48.156;SS;AS50-AS1-20180127155915
2018-01-27 16:01:21.504;RO;AS50-AS1-20180127160019
2018-01-27 16:01:23.634;SP;AS50-AS1-20180127160019
2018-01-27 16:01:25.793;SQ;AS50-AS1-20180127160125
2018-01-27 16:01:50.505;RU;AS50-AS1-20180127155915
2018-01-27 16:01:52.350;VU;AS50-AS1-20180127155915
2018-01-27 16:01:53.713;RC;AS50-AS1-20180127160019
2018-01-27 16:01:55.452;SS;AS50-AS1-20180127160019
2018-01-27 16:02:19.981;RO;AS50-AS1-20180127160125
2018-01-27 16:02:21.194;SP;AS50-AS1-20180127160125
2018-01-27 16:02:22.880;SQ;AS50-AS1-20180127160222
2018-01-27 16:02:48.916;RU;AS50-AS1-20180127160019
2018-01-27 16:02:50.789;VU;AS50-AS1-20180127160019
2018-01-27 16:02:54.492;RC;AS50-AS1-20180127160125
2018-01-27 16:02:56.221;SS;AS50-AS1-20180127160125
2018-01-27 16:03:26.616;RO;AS50-AS1-20180127160222
2018-01-27 16:03:28.313;SP;AS50-AS1-20180127160222
2018-01-27 16:03:30.005;SQ;AS50-AS1-20180127160330
2018-01-27 16:03:58.436;RU;AS50-AS1-20180127160125
2018-01-27 16:04:00.299;VU;AS50-AS1-20180127160125
2018-01-27 16:04:00.972;RC;AS50-AS1-20180127160222
2018-01-27 16:04:01.830;SS;AS50-AS1-20180127160222
2018-01-27 16:04:29.933;RO;AS50-AS1-20180127160330
2018-01-27 16:04:30.921;SP;AS50-AS1-20180127160330
2018-01-27 16:04:32.607;SQ;AS50-AS1-20180127160432
2018-01-27 16:05:01.761;RC;AS50-AS1-20180127160330
2018-01-27 16:05:02.609;SS;AS50-AS1-20180127160330
2018-01-27 16:05:05.582;RU;AS50-AS1-20180127160222
2018-01-27 16:05:07.441;VU;AS50-AS1-20180127160222
2018-01-27 16:05:31.375;RO;AS50-AS1-20180127160432
2018-01-27 16:05:32.540;SP;AS50-AS1-20180127160432
2018-01-27 16:05:34.222;SQ;AS50-AS1-20180127160534
2018-01-27 16:06:00.130;RU;AS50-AS1-20180127160330
2018-01-27 16:06:32.114;RC;AS50-AS1-20180127160432
2018-01-27 16:06:33.228;SS;AS50-AS1-20180127160432
2018-01-27 16:06:38.095;RO;AS50-AS1-20180127160534
2018-01-27 16:06:39.142;SP;AS50-AS1-20180127160534
2018-01-27 16:06:41.731;SQ;AS50-AS1-20180127160641
2018-01-27 16:07:09.246;RC;AS50-AS1-20180127160534
2018-01-27 16:07:10.361;SS;AS50-AS1-20180127160534
2018-01-27 16:07:31.079;RU;AS50-AS1-20180127160432
2018-01-27 16:07:34.832;VU;AS50-AS1-20180127160432
2018-01-27 16:07:46.047;RO;AS50-AS1-20180127160641
2018-01-27 16:07:48.337;SP;AS50-AS1-20180127160641
2018-01-27 16:07:52.015;SQ;AS50-AS1-20180127160752
2018-01-27 16:08:11.612;RU;AS50-AS1-20180127160534
2018-01-27 16:08:14.300;VU;AS50-AS1-20180127160534
2018-01-27 16:08:17.498;RC;AS50-AS1-20180127160641
2018-01-27 16:08:20.118;SS;AS50-AS1-20180127160641
2018-01-27 16:08:50.870;RO;AS50-AS1-20180127160752
2018-01-27 16:08:52.817;SP;AS50-AS1-20180127160752
2018-01-27 16:08:55.145;SQ;AS50-AS1-20180127160855
2018-01-27 16:09:19.785;RC;AS50-AS1-20180127160752
2018-01-27 16:09:22.061;RU;AS50-AS1-20180127160641
2018-01-27 16:09:23.308;SS;AS50-AS1-20180127160752
2018-01-27 16:09:25.186;VU;AS50-AS1-20180127160641
2018-01-27 16:09:47.408;RO;AS50-AS1-20180127160855
2018-01-27 16:09:48.916;SP;AS50-AS1-20180127160855
2018-01-27 16:09:53.302;SQ;AS50-AS1-20180127160953
2018-01-27 16:10:19.290;RC;AS50-AS1-20180127160855
2018-01-27 16:10:22.221;SS;AS50-AS1-20180127160855
2018-01-27 16:10:50.629;RU;AS50-AS1-20180127160752
2018-01-27 16:10:53.773;VU;AS50-AS1-20180127160752
2018-01-27 16:11:13.870;RO;AS50-AS1-20180127160953
2018-01-27 16:11:15.383;SP;AS50-AS1-20180127160953
2018-01-27 16:11:17.790;SQ;AS50-AS1-20180127161117
2018-01-27 16:11:22.265;RU;AS50-AS1-20180127160855
2018-01-27 16:11:24.698;VU;AS50-AS1-20180127160855
2018-01-27 16:11:46.140;RC;AS50-AS1-20180127160953
2018-01-27 16:11:47.019;SS;AS50-AS1-20180127160953
2018-01-27 16:12:23.961;RO;AS50-AS1-20180127161117
2018-01-27 16:12:25.703;SP;AS50-AS1-20180127161117
2018-01-27 16:12:28.221;SQ;AS50-AS1-20180127161228
2018-01-27 16:12:48.218;RU;AS50-AS1-20180127160953
2018-01-27 16:12:50.150;VU;AS50-AS1-20180127160953
2018-01-27 16:13:00.933;RC;AS50-AS1-20180127161117
2018-01-27 16:13:02.500;SS;AS50-AS1-20180127161117
2018-01-27 16:13:24.722;RO;AS50-AS1-20180127161228
2018-01-27 16:13:27.182;SP;AS50-AS1-20180127161228
2018-01-27 16:13:29.642;SQ;AS50-AS1-20180127161329
2018-01-27 16:13:54.878;RC;AS50-AS1-20180127161228
2018-01-27 16:13:56.850;SS;AS50-AS1-20180127161228
2018-01-27 16:14:09.506;RU;AS50-AS1-20180127161117
2018-01-27 16:14:12.051;VU;AS50-AS1-20180127161117
2018-01-27 16:14:34.260;RO;AS50-AS1-20180127161329
2018-01-27 16:14:35.971;SP;AS50-AS1-20180127161329
2018-01-27 16:14:38.595;SQ;AS50-AS1-20180127161438
2018-01-27 16:14:55.322;RU;AS50-AS1-20180127161228
2018-01-27 16:14:58.308;VU;AS50-AS1-20180127161228
2018-01-27 16:15:07.277;RC;AS50-AS1-20180127161329
2018-01-27 16:15:09.024;SS;AS50-AS1-20180127161329
2018-01-27 16:15:38.453;RO;AS50-AS1-20180127161438
2018-01-27 16:15:39.557;SP;AS50-AS1-20180127161438
2018-01-27 16:15:42.119;SQ;AS50-AS1-20180127161542
2018-01-27 16:16:09.957;RU;AS50-AS1-20180127161329
2018-01-27 16:16:10.053;RC;AS50-AS1-20180127161438
2018-01-27 16:16:12.190;SS;AS50-AS1-20180127161438
2018-01-27 16:16:13.191;VU;AS50-AS1-20180127161329
2018-01-27 16:16:39.085;RO;AS50-AS1-20180127161542
2018-01-27 16:16:40.290;SP;AS50-AS1-20180127161542
2018-01-27 16:16:42.729;SQ;AS50-AS1-20180127161642
2018-01-27 16:17:08.478;RC;AS50-AS1-20180127161542
2018-01-27 16:17:10.013;SS;AS50-AS1-20180127161542
2018-01-27 16:17:10.030;RU;AS50-AS1-20180127161438
2018-01-27 16:17:11.987;VU;AS50-AS1-20180127161438
2018-01-27 16:17:45.334;RO;AS50-AS1-20180127161642
2018-01-27 16:17:47.247;SP;AS50-AS1-20180127161642
2018-01-27 16:17:49.793;SQ;AS50-AS1-20180127161749
2018-01-27 16:18:03.692;RU;AS50-AS1-20180127161542
2018-01-27 16:18:05.551;VU;AS50-AS1-20180127161542
2018-01-27 16:18:19.330;RC;AS50-AS1-20180127161642
2018-01-27 16:18:20.179;SS;AS50-AS1-20180127161642
2018-01-27 16:18:50.797;RO;AS50-AS1-20180127161749
2018-01-27 16:18:51.838;SP;AS50-AS1-20180127161749
2018-01-27 16:18:56.278;SQ;AS50-AS1-20180127161856
2018-01-27 16:19:19.964;RC;AS50-AS1-20180127161749
2018-01-27 16:19:20.953;SS;AS50-AS1-20180127161749
2018-01-27 16:19:23.466;RU;AS50-AS1-20180127161642
2018-01-27 16:19:26.882;VU;AS50-AS1-20180127161642
2018-01-27 16:19:53.875;RO;AS50-AS1-20180127161856
2018-01-27 16:19:56.310;SP;AS50-AS1-20180127161856
2018-01-27 16:19:59.849;SQ;AS50-AS1-20180127161959
2018-01-27 16:20:22.008;RC;AS50-AS1-20180127161856
2018-01-27 16:20:22.443;RU;AS50-AS1-20180127161749
2018-01-27 16:20:23.665;SS;AS50-AS1-20180127161856
2018-01-27 16:20:25.690;VU;AS50-AS1-20180127161749
2018-01-27 16:21:08.470;RO;AS50-AS1-20180127161959
2018-01-27 16:21:09.971;SP;AS50-AS1-20180127161959
2018-01-27 16:21:12.587;SQ;AS50-AS1-20180127162112
2018-01-27 16:21:28.573;RU;AS50-AS1-20180127161856
2018-01-27 16:21:32.717;VU;AS50-AS1-20180127161856
2018-01-27 16:21:36.165;RC;AS50-AS1-20180127161959
2018-01-27 16:21:37.595;SS;AS50-AS1-20180127161959
2018-01-27 16:22:12.906;RO;AS50-AS1-20180127162112
2018-01-27 16:22:14.768;SP;AS50-AS1-20180127162112
2018-01-27 16:22:18.661;SQ;AS50-AS1-20180127162218
2018-01-27 16:22:31.548;RU;AS50-AS1-20180127161959
2018-01-27 16:22:34.933;VU;AS50-AS1-20180127161959
2018-01-27 16:22:49.260;RC;AS50-AS1-20180127162112
2018-01-27 16:22:50.481;SS;AS50-AS1-20180127162112
2018-01-27 16:23:44.479;RO;AS50-AS1-20180127162218
2018-01-27 16:23:45.989;SP;AS50-AS1-20180127162218
2018-01-27 16:23:48.546;SQ;AS50-AS1-20180127162348
2018-01-27 16:23:59.371;RU;AS50-AS1-20180127162112
2018-01-27 16:24:01.918;VU;AS50-AS1-20180127162112
2018-01-27 16:24:15.826;RC;AS50-AS1-20180127162218
2018-01-27 16:24:17.155;SS;AS50-AS1-20180127162218
2018-01-27 16:24:45.405;RO;AS50-AS1-20180127162348
2018-01-27 16:24:46.483;SP;AS50-AS1-20180127162348
2018-01-27 16:24:48.986;SQ;AS50-AS1-20180127162448
2018-01-27 16:25:17.847;RC;AS50-AS1-20180127162348
2018-01-27 16:25:18.682;SS;AS50-AS1-20180127162348
2018-01-27 16:25:25.294;RU;AS50-AS1-20180127162218
2018-01-27 16:25:27.391;VU;AS50-AS1-20180127162218
2018-01-27 16:25:44.707;RO;AS50-AS1-20180127162448
2018-01-27 16:25:46.006;SP;AS50-AS1-20180127162448
2018-01-27 16:25:48.503;SQ;AS50-AS1-20180127162548
2018-01-27 16:26:18.938;RU;AS50-AS1-20180127162348
2018-01-27 16:26:19.336;RC;AS50-AS1-20180127162448
2018-01-27 16:26:21.175;SS;AS50-AS1-20180127162448
2018-01-27 16:26:21.489;VU;AS50-AS1-20180127162348
2018-01-27 16:26:34.120;RO;AS50-AS1-20180127162548
2018-01-27 16:26:36.256;SP;AS50-AS1-20180127162548
2018-01-27 16:26:38.641;SQ;AS50-AS1-20180127162638
2018-01-27 16:26:58.311;RC;AS50-AS1-20180127162548
2018-01-27 16:26:59.869;SS;AS50-AS1-20180127162548
2018-01-27 16:27:14.146;RU;AS50-AS1-20180127162448
2018-01-27 16:27:17.277;VU;AS50-AS1-20180127162448
2018-01-27 16:27:27.513;RO;AS50-AS1-20180127162638
2018-01-27 16:27:30.687;SP;AS50-AS1-20180127162638
2018-01-27 16:27:42.167;RC;AS50-AS1-20180127162638
2018-01-27 16:27:42.463;RU;AS50-AS1-20180127162548
2018-01-27 16:27:44.114;SS;AS50-AS1-20180127162638
2018-01-27 16:27:46.694;VU;AS50-AS1-20180127162548
2018-01-27 16:28:06.098;RU;AS50-AS1-20180127162638
2018-01-27 16:28:15.540;VU;AS50-AS1-20180127162638
