2018-01-27 15:55:56.662;SQ;AS52-AS1-20180127155556
2018-01-27 15:56:02.281;RO;AS52-AS1-20180127155556
2018-01-27 15:56:03.533;SP;AS52-AS1-20180127155556
2018-01-27 15:56:05.212;SQ;AS52-AS1-20180127155605
2018-01-27 15:56:15.377;RC;AS52-AS1-20180127155556
2018-01-27 15:56:16.207;SS;AS52-AS1-20180127155556
2018-01-27 15:56:35.016;RO;AS52-AS1-20180127155605
2018-01-27 15:56:36.090;SP;AS52-AS1-20180127155605
2018-01-27 15:56:37.751;SQ;AS52-AS1-20180127155637
2018-01-27 15:56:54.404;RC;AS52-AS1-20180127155605
2018-01-27 15:56:55.233;SS;AS52-AS1-20180127155605
2018-01-27 15:57:01.478;RU;AS52-AS1-20180127155556
2018-01-27 15:57:03.329;VU;AS52-AS1-20180127155556
2018-01-27 15:57:29.671;RO;AS52-AS1-20180127155637
2018-01-27 15:57:31.572;SP;AS52-AS1-20180127155637
2018-01-27 15:57:34.489;SQ;AS52-AS1-20180127155734
2018-01-27 15:57:57.337;RU;AS52-AS1-20180127155605
2018-01-27 15:57:59.174;VU;AS52-AS1-20180127155605
2018-01-27 15:58:02.273;RC;AS52-AS1-20180127155637
2018-01-27 15:58:03.136;SS;AS52-AS1-20180127155637
2018-01-27 15:58:31.022;RO;AS52-AS1-20180127155734
2018-01-27 15:58:32.860;SP;AS52-AS1-20180127155734
2018-01-27 15:58:35.241;SQ;AS52-AS1-20180127155835
2018-01-27 15:59:02.187;RC;AS52-AS1-20180127155734
2018-01-27 15:59:03.029;SS;AS52-AS1-20180127155734
2018-01-27 15:59:03.373;RU;AS52-AS1-20180127155637
2018-01-27 15:59:06.105;VU;AS52-AS1-20180127155637
2018-01-27 15:59:56.949;RO;AS52-AS1-20180127155835
2018-01-27 15:59:58.166;SP;AS52-AS1-20180127155835
2018-01-27 15:59:59.836;SQ;AS52-AS1-20180127155959
2018-01-27 16:00:12.121;RU;AS52-AS1-20180127155734
2018-01-27 16:00:13.959;VU;AS52-AS1-20180127155734
2018-01-27 16:00:28.186;RC;AS52-AS1-20180127155835
2018-01-27 16:00:29.032;SS;AS52-AS1-20180127155835
2018-01-27 16:00:57.649;RO;AS52-AS1-20180127155959
2018-01-27 16:00:58.761;SP;AS52-AS1-20180127155959
2018-01-27 16:01:00.412;SQ;AS52-AS1-20180127160100
2018-01-27 16:01:28.138;RC;AS52-AS1-20180127155959
2018-01-27 16:01:28.982;SS;AS52-AS1-20180127155959
2018-01-27 16:01:30.248;RU;AS52-AS1-20180127155835
2018-01-27 16:01:32.088;VU;AS52-AS1-20180127155835
2018-01-27 16:01:54.300;RO;AS52-AS1-20180127160100
2018-01-27 16:01:55.424;SP;AS52-AS1-20180127160100
2018-01-27 16:01:57.110;SQ;AS52-AS1-20180127160157
2018-01-27 16:02:27.545;RC;AS52-AS1-20180127160100
2018-01-27 16:02:28.410;SS;AS52-AS1-20180127160100
2018-01-27 16:02:39.183;RU;AS52-AS1-20180127155959
2018-01-27 16:02:41.876;VU;AS52-AS1-20180127155959
2018-01-27 16:02:51.628;RO;AS52-AS1-20180127160157
2018-01-27 16:02:52.529;SP;AS52-AS1-20180127160157
2018-01-27 16:02:54.280;SQ;AS52-AS1-20180127160254
2018-01-27 16:03:22.245;RC;AS52-AS1-20180127160157
2018-01-27 16:03:23.110;SS;AS52-AS1-20180127160157
2018-01-27 16:03:36.754;RU;AS52-AS1-20180127160100
2018-01-27 16:03:38.611;VU;AS52-AS1-20180127160100
2018-01-27 16:03:52.941;RO;AS52-AS1-20180127160254
2018-01-27 16:03:54.214;SP;AS52-AS1-20180127160254
2018-01-27 16:03:55.896;SQ;AS52-AS1-20180127160355
2018-01-27 16:04:16.593;RU;AS52-AS1-20180127160157
2018-01-27 16:04:18.446;VU;AS52-AS1-20180127160157
2018-01-27 16:04:23.441;RC;AS52-AS1-20180127160254
2018-01-27 16:04:24.293;SS;AS52-AS1-20180127160254
2018-01-27 16:04:52.115;RO;AS52-AS1-20180127160355
2018-01-27 16:04:53.306;SP;AS52-AS1-20180127160355
2018-01-27 16:04:54.980;SQ;AS52-AS1-20180127160454
2018-01-27 16:05:27.348;RU;AS52-AS1-20180127160254
2018-01-27 16:05:28.198;RC;AS52-AS1-20180127160355
2018-01-27 16:05:29.185;VU;AS52-AS1-20180127160254
2018-01-27 16:05:29.765;SS;AS52-AS1-20180127160355
2018-01-27 16:06:00.478;RO;AS52-AS1-20180127160454
2018-01-27 16:06:02.442;SP;AS52-AS1-20180127160454
2018-01-27 16:06:04.167;SQ;AS52-AS1-20180127160604
2018-01-27 16:06:26.884;RU;AS52-AS1-20180127160355
2018-01-27 16:06:28.718;VU;AS52-AS1-20180127160355
2018-01-27 16:06:29.954;RC;AS52-AS1-20180127160454
2018-01-27 16:06:31.412;SS;AS52-AS1-20180127160454
2018-01-27 16:07:09.250;RO;AS52-AS1-20180127160604
2018-01-27 16:07:10.586;SP;AS52-AS1-20180127160604
2018-01-27 16:07:12.271;SQ;AS52-AS1-20180127160712
2018-01-27 16:07:37.705;RC;AS52-AS1-20180127160604
2018-01-27 16:07:38.544;SS;AS52-AS1-20180127160604
2018-01-27 16:07:38.780;RU;AS52-AS1-20180127160454
2018-01-27 16:07:40.637;VU;AS52-AS1-20180127160454
2018-01-27 16:08:13.723;RO;AS52-AS1-20180127160712
2018-01-27 16:08:14.669;SP;AS52-AS1-20180127160712
2018-01-27 16:08:16.333;SQ;AS52-AS1-20180127160816
2018-01-27 16:08:40.277;RU;AS52-AS1-20180127160604
2018-01-27 16:08:42.128;VU;AS52-AS1-20180127160604
2018-01-27 16:08:42.755;RC;AS52-AS1-20180127160712
2018-01-27 16:08:43.623;SS;AS52-AS1-20180127160712
2018-01-27 16:09:15.070;RO;AS52-AS1-20180127160816
2018-01-27 16:09:16.224;SP;AS52-AS1-20180127160816
2018-01-27 16:09:17.955;SQ;AS52-AS1-20180127160917
2018-01-27 16:09:48.625;RC;AS52-AS1-20180127160816
2018-01-27 16:09:49.586;SS;AS52-AS1-20180127160816
2018-01-27 16:09:53.104;RU;AS52-AS1-20180127160712
2018-01-27 16:09:54.948;VU;AS52-AS1-20180127160712
2018-01-27 16:10:16.394;RO;AS52-AS1-20180127160917
2018-01-27 16:10:17.340;SP;AS52-AS1-20180127160917
2018-01-27 16:10:19.014;SQ;AS52-AS1-20180127161019
2018-01-27 16:10:50.046;RC;AS52-AS1-20180127160917
2018-01-27 16:10:50.970;RU;AS52-AS1-20180127160816
2018-01-27 16:10:52.385;SS;AS52-AS1-20180127160917
2018-01-27 16:10:54.111;VU;AS52-AS1-20180127160816
2018-01-27 16:11:28.707;RO;AS52-AS1-20180127161019
2018-01-27 16:11:29.944;SP;AS52-AS1-20180127161019
2018-01-27 16:11:31.658;SQ;AS52-AS1-20180127161131
2018-01-27 16:11:51.494;RU;AS52-AS1-20180127160917
2018-01-27 16:11:54.321;VU;AS52-AS1-20180127160917
2018-01-27 16:11:55.181;RC;AS52-AS1-20180127161019
2018-01-27 16:11:56.008;SS;AS52-AS1-20180127161019
2018-01-27 16:12:33.905;RO;AS52-AS1-20180127161131
2018-01-27 16:12:35.061;SP;AS52-AS1-20180127161131
2018-01-27 16:12:36.729;SQ;AS52-AS1-20180127161236
2018-01-27 16:13:02.995;RU;AS52-AS1-20180127161019
2018-01-27 16:13:04.850;VU;AS52-AS1-20180127161019
2018-01-27 16:13:06.239;RC;AS52-AS1-20180127161131
2018-01-27 16:13:07.077;SS;AS52-AS1-20180127161131
2018-01-27 16:13:31.634;RO;AS52-AS1-20180127161236
2018-01-27 16:13:32.632;SP;AS52-AS1-20180127161236
2018-01-27 16:13:34.321;SQ;AS52-AS1-20180127161334
2018-01-27 16:14:03.005;RC;AS52-AS1-20180127161236
2018-01-27 16:14:03.857;SS;AS52-AS1-20180127161236
2018-01-27 16:14:05.636;RU;AS52-AS1-20180127161131
2018-01-27 16:14:07.484;VU;AS52-AS1-20180127161131
2018-01-27 16:14:31.321;RO;AS52-AS1-20180127161334
2018-01-27 16:14:32.231;SP;AS52-AS1-20180127161334
2018-01-27 16:14:33.953;SQ;AS52-AS1-20180127161433
2018-01-27 16:14:55.007;RU;AS52-AS1-20180127161236
2018-01-27 16:14:56.893;VU;AS52-AS1-20180127161236
2018-01-27 16:15:02.794;RC;AS52-AS1-20180127161334
2018-01-27 16:15:03.663;SS;AS52-AS1-20180127161334
2018-01-27 16:15:36.166;RO;AS52-AS1-20180127161433
2018-01-27 16:15:37.348;SP;AS52-AS1-20180127161433
2018-01-27 16:15:39.051;SQ;AS52-AS1-20180127161539
2018-01-27 16:15:58.393;RU;AS52-AS1-20180127161334
2018-01-27 16:16:00.268;VU;AS52-AS1-20180127161334
2018-01-27 16:16:09.493;RC;AS52-AS1-20180127161433
2018-01-27 16:16:10.322;SS;AS52-AS1-20180127161433
2018-01-27 16:16:39.140;RO;AS52-AS1-20180127161539
2018-01-27 16:16:40.475;SP;AS52-AS1-20180127161539
2018-01-27 16:16:42.179;SQ;AS52-AS1-20180127161642
2018-01-27 16:17:09.615;RC;AS52-AS1-20180127161539
2018-01-27 16:17:10.460;SS;AS52-AS1-20180127161539
2018-01-27 16:17:13.097;RU;AS52-AS1-20180127161433
2018-01-27 16:17:14.953;VU;AS52-AS1-20180127161433
2018-01-27 16:17:45.084;RO;AS52-AS1-20180127161642
2018-01-27 16:17:46.099;SP;AS52-AS1-20180127161642
2018-01-27 16:17:47.791;SQ;AS52-AS1-20180127161747
2018-01-27 16:18:13.433;RC;AS52-AS1-20180127161642
2018-01-27 16:18:14.286;SS;AS52-AS1-20180127161642
2018-01-27 16:18:19.807;RU;AS52-AS1-20180127161539
2018-01-27 16:18:21.652;VU;AS52-AS1-20180127161539
2018-01-27 16:18:51.857;RO;AS52-AS1-20180127161747
2018-01-27 16:18:52.711;SP;AS52-AS1-20180127161747
2018-01-27 16:18:56.064;SQ;AS52-AS1-20180127161856
2018-01-27 16:19:05.208;RU;AS52-AS1-20180127161642
2018-01-27 16:19:07.066;VU;AS52-AS1-20180127161642
2018-01-27 16:19:20.793;RC;AS52-AS1-20180127161747
2018-01-27 16:19:21.632;SS;AS52-AS1-20180127161747
2018-01-27 16:19:51.289;RO;AS52-AS1-20180127161856
2018-01-27 16:19:52.454;SP;AS52-AS1-20180127161856
2018-01-27 16:19:54.146;SQ;AS52-AS1-20180127161954
2018-01-27 16:20:23.203;RC;AS52-AS1-20180127161856
2018-01-27 16:20:24.033;SS;AS52-AS1-20180127161856
2018-01-27 16:20:26.477;RU;AS52-AS1-20180127161747
2018-01-27 16:20:29.297;VU;AS52-AS1-20180127161747
2018-01-27 16:20:51.325;RO;AS52-AS1-20180127161954
2018-01-27 16:20:52.567;SP;AS52-AS1-20180127161954
2018-01-27 16:20:54.274;SQ;AS52-AS1-20180127162054
2018-01-27 16:21:23.636;RC;AS52-AS1-20180127161954
2018-01-27 16:21:24.486;SS;AS52-AS1-20180127161954
2018-01-27 16:21:25.489;RU;AS52-AS1-20180127161856
2018-01-27 16:21:27.339;VU;AS52-AS1-20180127161856
2018-01-27 16:21:54.765;RO;AS52-AS1-20180127162054
2018-01-27 16:21:55.698;SP;AS52-AS1-20180127162054
2018-01-27 16:21:57.392;SQ;AS52-AS1-20180127162157
2018-01-27 16:22:26.765;RU;AS52-AS1-20180127161954
2018-01-27 16:22:27.113;RC;AS52-AS1-20180127162054
2018-01-27 16:22:28.457;SS;AS52-AS1-20180127162054
2018-01-27 16:22:29.014;VU;AS52-AS1-20180127161954
2018-01-27 16:22:59.055;RO;AS52-AS1-20180127162157
2018-01-27 16:23:00.297;SP;AS52-AS1-20180127162157
2018-01-27 16:23:01.980;SQ;AS52-AS1-20180127162301
2018-01-27 16:23:29.125;RU;AS52-AS1-20180127162054
2018-01-27 16:23:30.361;RC;AS52-AS1-20180127162157
2018-01-27 16:23:30.979;VU;AS52-AS1-20180127162054
2018-01-27 16:23:31.201;SS;AS52-AS1-20180127162157
2018-01-27 16:23:59.836;RO;AS52-AS1-20180127162301
2018-01-27 16:24:00.889;SP;AS52-AS1-20180127162301
2018-01-27 16:24:02.578;SQ;AS52-AS1-20180127162402
2018-01-27 16:24:27.774;RC;AS52-AS1-20180127162301
2018-01-27 16:24:28.622;SS;AS52-AS1-20180127162301
2018-01-27 16:24:34.568;RU;AS52-AS1-20180127162157
2018-01-27 16:24:36.405;VU;AS52-AS1-20180127162157
2018-01-27 16:25:04.661;RO;AS52-AS1-20180127162402
2018-01-27 16:25:06.012;SP;AS52-AS1-20180127162402
2018-01-27 16:25:09.096;SQ;AS52-AS1-20180127162509
2018-01-27 16:25:31.469;RU;AS52-AS1-20180127162301
2018-01-27 16:25:33.302;VU;AS52-AS1-20180127162301
2018-01-27 16:25:36.528;RC;AS52-AS1-20180127162402
2018-01-27 16:25:37.377;SS;AS52-AS1-20180127162402
2018-01-27 16:26:01.752;RO;AS52-AS1-20180127162509
2018-01-27 16:26:03.031;SP;AS52-AS1-20180127162509
2018-01-27 16:26:32.645;RC;AS52-AS1-20180127162509
2018-01-27 16:26:33.495;SS;AS52-AS1-20180127162509
2018-01-27 16:26:33.965;RU;AS52-AS1-20180127162402
2018-01-27 16:26:35.826;VU;AS52-AS1-20180127162402
2018-01-27 16:27:24.109;RU;AS52-AS1-20180127162509
2018-01-27 16:27:25.962;VU;AS52-AS1-20180127162509
