2018-01-27 15:55:59.245;SQ;AS57-AS1-20180127155559
2018-01-27 15:56:20.110;RO;AS57-AS1-20180127155559
2018-01-27 15:56:21.070;SP;AS57-AS1-20180127155559
2018-01-27 15:56:22.700;SQ;AS57-AS1-20180127155622
2018-01-27 15:56:40.033;RC;AS57-AS1-20180127155559
2018-01-27 15:56:40.834;SS;AS57-AS1-20180127155559
2018-01-27 15:56:58.625;RO;AS57-AS1-20180127155622
2018-01-27 15:56:59.863;SP;AS57-AS1-20180127155622
2018-01-27 15:57:01.449;SQ;AS57-AS1-20180127155701
2018-01-27 15:57:24.291;RC;AS57-AS1-20180127155622
2018-01-27 15:57:25.111;SS;AS57-AS1-20180127155622
2018-01-27 15:57:43.121;RU;AS57-AS1-20180127155559
2018-01-27 15:57:44.910;VU;AS57-AS1-20180127155559
2018-01-27 15:57:56.427;RO;AS57-AS1-20180127155701
2018-01-27 15:57:57.296;SP;AS57-AS1-20180127155701
2018-01-27 15:57:58.919;SQ;AS57-AS1-20180127155758
2018-01-27 15:58:24.572;RU;AS57-AS1-20180127155622
2018-01-27 15:58:26.365;VU;AS57-AS1-20180127155622
2018-01-27 15:58:27.957;RC;AS57-AS1-20180127155701
2018-01-27 15:58:28.762;SS;AS57-AS1-20180127155701
2018-01-27 15:59:28.650;RO;AS57-AS1-20180127155758
2018-01-27 15:59:29.839;SP;AS57-AS1-20180127155758
2018-01-27 15:59:31.459;SQ;AS57-AS1-20180127155931
2018-01-27 15:59:57.220;RC;AS57-AS1-20180127155758
2018-01-27 15:59:58.030;SS;AS57-AS1-20180127155758
2018-01-27 15:59:59.845;RU;AS57-AS1-20180127155701
2018-01-27 16:00:36.210;RO;AS57-AS1-20180127155931
2018-01-27 16:00:38.781;SP;AS57-AS1-20180127155931
2018-01-27 16:00:41.408;SQ;AS57-AS1-20180127160041
2018-01-27 16:00:57.033;RU;AS57-AS1-20180127155758
2018-01-27 16:00:58.820;VU;AS57-AS1-20180127155758
2018-01-27 16:01:09.645;RC;AS57-AS1-20180127155931
2018-01-27 16:01:11.265;SS;AS57-AS1-20180127155931
2018-01-27 16:01:35.287;RO;AS57-AS1-20180127160041
2018-01-27 16:01:36.544;SP;AS57-AS1-20180127160041
2018-01-27 16:01:40.999;SQ;AS57-AS1-20180127160140
2018-01-27 16:02:08.983;RU;AS57-AS1-20180127155931
2018-01-27 16:02:08.991;RC;AS57-AS1-20180127160041
2018-01-27 16:02:12.070;SS;AS57-AS1-20180127160041
2018-01-27 16:02:13.066;VU;AS57-AS1-20180127155931
2018-01-27 16:02:45.030;RO;AS57-AS1-20180127160140
2018-01-27 16:02:46.254;SP;AS57-AS1-20180127160140
2018-01-27 16:02:48.687;SQ;AS57-AS1-20180127160248
2018-01-27 16:03:12.294;RU;AS57-AS1-20180127160041
2018-01-27 16:03:22.236;RC;AS57-AS1-20180127160140
2018-01-27 16:03:23.519;SS;AS57-AS1-20180127160140
2018-01-27 16:04:23.113;RO;AS57-AS1-20180127160248
2018-01-27 16:04:25.267;SP;AS57-AS1-20180127160248
2018-01-27 16:04:25.692;RU;AS57-AS1-20180127160140
2018-01-27 16:04:30.812;VU;AS57-AS1-20180127160140
2018-01-27 16:04:32.040;SQ;AS57-AS1-20180127160432
2018-01-27 16:04:52.487;RC;AS57-AS1-20180127160248
2018-01-27 16:04:54.303;SS;AS57-AS1-20180127160248
2018-01-27 16:05:15.997;RO;AS57-AS1-20180127160432
2018-01-27 16:05:17.600;SP;AS57-AS1-20180127160432
2018-01-27 16:05:21.451;SQ;AS57-AS1-20180127160521
2018-01-27 16:06:00.195;RU;AS57-AS1-20180127160248
2018-01-27 16:06:05.193;VU;AS57-AS1-20180127160248
2018-01-27 16:06:20.151;RC;AS57-AS1-20180127160432
2018-01-27 16:06:22.250;SS;AS57-AS1-20180127160432
2018-01-27 16:06:26.554;RO;AS57-AS1-20180127160521
2018-01-27 16:06:29.140;SP;AS57-AS1-20180127160521
2018-01-27 16:06:34.161;SQ;AS57-AS1-20180127160634
2018-01-27 16:06:58.009;RC;AS57-AS1-20180127160521
2018-01-27 16:06:59.807;SS;AS57-AS1-20180127160521
2018-01-27 16:07:13.903;RU;AS57-AS1-20180127160432
2018-01-27 16:07:16.547;VU;AS57-AS1-20180127160432
2018-01-27 16:07:31.454;RO;AS57-AS1-20180127160634
2018-01-27 16:07:34.981;SP;AS57-AS1-20180127160634
2018-01-27 16:07:38.628;SQ;AS57-AS1-20180127160738
2018-01-27 16:07:56.688;RU;AS57-AS1-20180127160521
2018-01-27 16:07:59.319;VU;AS57-AS1-20180127160521
2018-01-27 16:08:04.807;RC;AS57-AS1-20180127160634
2018-01-27 16:08:06.468;SS;AS57-AS1-20180127160634
2018-01-27 16:08:41.169;RO;AS57-AS1-20180127160738
2018-01-27 16:08:42.877;SP;AS57-AS1-20180127160738
2018-01-27 16:08:46.696;SQ;AS57-AS1-20180127160846
2018-01-27 16:09:02.678;RU;AS57-AS1-20180127160634
2018-01-27 16:09:06.023;RC;AS57-AS1-20180127160738
2018-01-27 16:09:06.462;VU;AS57-AS1-20180127160634
2018-01-27 16:09:08.616;SS;AS57-AS1-20180127160738
2018-01-27 16:10:12.632;RU;AS57-AS1-20180127160738
2018-01-27 16:10:15.384;VU;AS57-AS1-20180127160738
2018-01-27 16:10:16.971;RO;AS57-AS1-20180127160846
2018-01-27 16:10:18.614;SP;AS57-AS1-20180127160846
2018-01-27 16:10:24.832;SQ;AS57-AS1-20180127161024
2018-01-27 16:10:51.435;RC;AS57-AS1-20180127160846
2018-01-27 16:10:54.032;SS;AS57-AS1-20180127160846
2018-01-27 16:11:23.264;RO;AS57-AS1-20180127161024
2018-01-27 16:11:25.319;SP;AS57-AS1-20180127161024
2018-01-27 16:11:29.011;SQ;AS57-AS1-20180127161129
2018-01-27 16:11:58.268;RC;AS57-AS1-20180127161024
2018-01-27 16:11:59.890;SS;AS57-AS1-20180127161024
2018-01-27 16:12:01.936;RU;AS57-AS1-20180127160846
2018-01-27 16:12:04.921;VU;AS57-AS1-20180127160846
2018-01-27 16:12:30.242;RO;AS57-AS1-20180127161129
2018-01-27 16:12:32.461;SP;AS57-AS1-20180127161129
2018-01-27 16:12:36.104;SQ;AS57-AS1-20180127161236
2018-01-27 16:13:02.099;RC;AS57-AS1-20180127161129
2018-01-27 16:13:03.806;RU;AS57-AS1-20180127161024
2018-01-27 16:13:03.987;SS;AS57-AS1-20180127161129
2018-01-27 16:13:06.763;VU;AS57-AS1-20180127161024
2018-01-27 16:13:35.187;RO;AS57-AS1-20180127161236
2018-01-27 16:13:37.176;SP;AS57-AS1-20180127161236
2018-01-27 16:13:42.804;SQ;AS57-AS1-20180127161342
2018-01-27 16:14:05.026;RC;AS57-AS1-20180127161236
2018-01-27 16:14:06.343;SS;AS57-AS1-20180127161236
2018-01-27 16:14:10.134;RU;AS57-AS1-20180127161129
2018-01-27 16:14:14.230;VU;AS57-AS1-20180127161129
2018-01-27 16:14:25.294;RO;AS57-AS1-20180127161342
2018-01-27 16:14:29.053;SP;AS57-AS1-20180127161342
2018-01-27 16:14:32.823;SQ;AS57-AS1-20180127161432
2018-01-27 16:15:02.158;RC;AS57-AS1-20180127161342
2018-01-27 16:15:04.016;SS;AS57-AS1-20180127161342
2018-01-27 16:15:08.882;RU;AS57-AS1-20180127161236
2018-01-27 16:15:11.125;VU;AS57-AS1-20180127161236
2018-01-27 16:15:36.261;RO;AS57-AS1-20180127161432
2018-01-27 16:15:38.355;SP;AS57-AS1-20180127161432
2018-01-27 16:15:41.999;SQ;AS57-AS1-20180127161541
2018-01-27 16:16:00.793;RU;AS57-AS1-20180127161342
2018-01-27 16:16:03.705;VU;AS57-AS1-20180127161342
2018-01-27 16:16:11.257;RC;AS57-AS1-20180127161432
2018-01-27 16:16:13.212;SS;AS57-AS1-20180127161432
2018-01-27 16:16:41.602;RO;AS57-AS1-20180127161541
2018-01-27 16:16:43.431;SP;AS57-AS1-20180127161541
2018-01-27 16:16:49.083;SQ;AS57-AS1-20180127161649
2018-01-27 16:17:13.143;RC;AS57-AS1-20180127161541
2018-01-27 16:17:13.612;RU;AS57-AS1-20180127161432
2018-01-27 16:17:15.471;SS;AS57-AS1-20180127161541
2018-01-27 16:17:17.234;VU;AS57-AS1-20180127161432
2018-01-27 16:17:46.100;RO;AS57-AS1-20180127161649
2018-01-27 16:17:47.962;SP;AS57-AS1-20180127161649
2018-01-27 16:17:53.801;SQ;AS57-AS1-20180127161753
2018-01-27 16:18:14.024;RC;AS57-AS1-20180127161649
2018-01-27 16:18:15.769;SS;AS57-AS1-20180127161649
2018-01-27 16:18:17.266;RU;AS57-AS1-20180127161541
2018-01-27 16:18:20.328;VU;AS57-AS1-20180127161541
2018-01-27 16:18:45.947;RO;AS57-AS1-20180127161753
2018-01-27 16:18:48.256;SP;AS57-AS1-20180127161753
2018-01-27 16:18:51.840;SQ;AS57-AS1-20180127161851
2018-01-27 16:19:16.204;RC;AS57-AS1-20180127161753
2018-01-27 16:19:17.601;RU;AS57-AS1-20180127161649
2018-01-27 16:19:17.913;SS;AS57-AS1-20180127161753
2018-01-27 16:19:20.699;VU;AS57-AS1-20180127161649
2018-01-27 16:20:10.994;RO;AS57-AS1-20180127161851
2018-01-27 16:20:15.376;SP;AS57-AS1-20180127161851
2018-01-27 16:20:18.741;SQ;AS57-AS1-20180127162018
2018-01-27 16:20:44.168;RC;AS57-AS1-20180127161851
2018-01-27 16:20:47.003;SS;AS57-AS1-20180127161851
2018-01-27 16:20:52.196;RU;AS57-AS1-20180127161753
2018-01-27 16:20:55.200;VU;AS57-AS1-20180127161753
2018-01-27 16:21:23.454;RO;AS57-AS1-20180127162018
2018-01-27 16:21:25.675;SP;AS57-AS1-20180127162018
2018-01-27 16:21:30.204;SQ;AS57-AS1-20180127162130
2018-01-27 16:21:57.430;RC;AS57-AS1-20180127162018
2018-01-27 16:21:59.037;SS;AS57-AS1-20180127162018
2018-01-27 16:22:10.114;RU;AS57-AS1-20180127161851
2018-01-27 16:22:12.857;VU;AS57-AS1-20180127161851
2018-01-27 16:22:27.000;RO;AS57-AS1-20180127162130
2018-01-27 16:22:29.048;SP;AS57-AS1-20180127162130
2018-01-27 16:22:34.948;SQ;AS57-AS1-20180127162234
2018-01-27 16:22:58.411;RU;AS57-AS1-20180127162018
2018-01-27 16:23:00.019;RC;AS57-AS1-20180127162130
2018-01-27 16:23:01.011;VU;AS57-AS1-20180127162018
2018-01-27 16:23:02.060;SS;AS57-AS1-20180127162130
2018-01-27 16:23:27.186;RO;AS57-AS1-20180127162234
2018-01-27 16:23:29.099;SP;AS57-AS1-20180127162234
2018-01-27 16:23:32.899;SQ;AS57-AS1-20180127162332
2018-01-27 16:23:59.946;RC;AS57-AS1-20180127162234
2018-01-27 16:24:02.015;SS;AS57-AS1-20180127162234
2018-01-27 16:24:02.245;RU;AS57-AS1-20180127162130
2018-01-27 16:24:04.741;VU;AS57-AS1-20180127162130
2018-01-27 16:24:29.459;RO;AS57-AS1-20180127162332
2018-01-27 16:24:31.429;SP;AS57-AS1-20180127162332
2018-01-27 16:24:35.140;SQ;AS57-AS1-20180127162435
2018-01-27 16:24:55.941;RC;AS57-AS1-20180127162332
2018-01-27 16:24:57.652;SS;AS57-AS1-20180127162332
2018-01-27 16:25:00.766;RU;AS57-AS1-20180127162234
2018-01-27 16:25:03.089;VU;AS57-AS1-20180127162234
2018-01-27 16:25:31.442;RO;AS57-AS1-20180127162435
2018-01-27 16:25:33.243;SP;AS57-AS1-20180127162435
2018-01-27 16:25:37.029;SQ;AS57-AS1-20180127162537
2018-01-27 16:25:57.238;RU;AS57-AS1-20180127162332
2018-01-27 16:25:59.773;VU;AS57-AS1-20180127162332
2018-01-27 16:26:01.751;RC;AS57-AS1-20180127162435
2018-01-27 16:26:03.346;SS;AS57-AS1-20180127162435
2018-01-27 16:26:33.988;RO;AS57-AS1-20180127162537
2018-01-27 16:26:35.662;SP;AS57-AS1-20180127162537
2018-01-27 16:26:39.508;SQ;AS57-AS1-20180127162639
2018-01-27 16:26:55.765;RC;AS57-AS1-20180127162537
2018-01-27 16:26:58.575;SS;AS57-AS1-20180127162537
2018-01-27 16:27:07.326;RU;AS57-AS1-20180127162435
2018-01-27 16:27:09.769;VU;AS57-AS1-20180127162435
2018-01-27 16:27:33.494;RU;AS57-AS1-20180127162537
2018-01-27 16:27:41.593;RO;AS57-AS1-20180127162639
2018-01-27 16:27:45.247;SP;AS57-AS1-20180127162639
2018-01-27 16:27:52.303;SQ;AS57-AS1-20180127162752
2018-01-27 16:27:58.257;RC;AS57-AS1-20180127162639
2018-01-27 16:27:59.323;RO;AS57-AS1-20180127162752
2018-01-27 16:28:03.636;SS;AS57-AS1-20180127162639
2018-01-27 16:28:04.381;SP;AS57-AS1-20180127162752
2018-01-27 16:28:08.254;RC;AS57-AS1-20180127162752
2018-01-27 16:28:12.863;RU;AS57-AS1-20180127162639
2018-01-27 16:28:13.653;SS;AS57-AS1-20180127162752
2018-01-27 16:28:18.005;RU;AS57-AS1-20180127162752
2018-01-27 16:28:28.385;VU;AS57-AS1-20180127162752
2018-01-27 16:28:29.896;VU;AS57-AS1-20180127162639
