2018-01-27 15:56:02.359;SQ;AS58-AS1-20180127155602
2018-01-27 15:56:30.376;RO;AS58-AS1-20180127155602
2018-01-27 15:56:31.120;SP;AS58-AS1-20180127155602
2018-01-27 15:56:32.586;SQ;AS58-AS1-20180127155632
2018-01-27 15:56:52.660;RC;AS58-AS1-20180127155602
2018-01-27 15:56:53.412;SS;AS58-AS1-20180127155602
2018-01-27 15:57:25.833;RO;AS58-AS1-20180127155632
2018-01-27 15:57:26.898;SP;AS58-AS1-20180127155632
2018-01-27 15:57:28.405;SQ;AS58-AS1-20180127155728
2018-01-27 15:57:49.622;RU;AS58-AS1-20180127155602
2018-01-27 15:57:51.389;VU;AS58-AS1-20180127155602
2018-01-27 15:57:58.872;RC;AS58-AS1-20180127155632
2018-01-27 15:57:59.603;SS;AS58-AS1-20180127155632
2018-01-27 15:58:19.634;RO;AS58-AS1-20180127155728
2018-01-27 15:58:20.743;SP;AS58-AS1-20180127155728
2018-01-27 15:58:22.262;SQ;AS58-AS1-20180127155822
2018-01-27 15:58:44.232;RC;AS58-AS1-20180127155728
2018-01-27 15:58:44.968;SS;AS58-AS1-20180127155728
2018-01-27 15:59:13.328;RO;AS58-AS1-20180127155822
2018-01-27 15:59:14.580;SP;AS58-AS1-20180127155822
2018-01-27 15:59:16.148;SQ;AS58-AS1-20180127155916
2018-01-27 15:59:31.885;RU;AS58-AS1-20180127155632
2018-01-27 15:59:33.664;VU;AS58-AS1-20180127155632
2018-01-27 15:59:47.767;RC;AS58-AS1-20180127155822
2018-01-27 15:59:48.005;RU;AS58-AS1-20180127155728
2018-01-27 15:59:49.011;SS;AS58-AS1-20180127155822
2018-01-27 15:59:50.312;VU;AS58-AS1-20180127155728
2018-01-27 16:00:13.209;RO;AS58-AS1-20180127155916
2018-01-27 16:00:13.970;SP;AS58-AS1-20180127155916
2018-01-27 16:00:15.535;SQ;AS58-AS1-20180127160015
2018-01-27 16:00:45.426;RC;AS58-AS1-20180127155916
2018-01-27 16:00:46.215;SS;AS58-AS1-20180127155916
2018-01-27 16:00:54.020;RU;AS58-AS1-20180127155822
2018-01-27 16:00:55.766;VU;AS58-AS1-20180127155822
2018-01-27 16:01:09.936;RO;AS58-AS1-20180127160015
2018-01-27 16:01:10.850;SP;AS58-AS1-20180127160015
2018-01-27 16:01:12.340;SQ;AS58-AS1-20180127160112
2018-01-27 16:01:45.656;RU;AS58-AS1-20180127155916
2018-01-27 16:01:45.666;RC;AS58-AS1-20180127160015
2018-01-27 16:01:47.167;SS;AS58-AS1-20180127160015
2018-01-27 16:01:48.135;VU;AS58-AS1-20180127155916
2018-01-27 16:02:08.330;RO;AS58-AS1-20180127160112
2018-01-27 16:02:10.030;SP;AS58-AS1-20180127160112
2018-01-27 16:02:11.930;SQ;AS58-AS1-20180127160211
2018-01-27 16:02:36.358;RC;AS58-AS1-20180127160112
2018-01-27 16:02:37.097;SS;AS58-AS1-20180127160112
2018-01-27 16:02:45.173;RU;AS58-AS1-20180127160015
2018-01-27 16:02:46.953;VU;AS58-AS1-20180127160015
2018-01-27 16:03:11.275;RO;AS58-AS1-20180127160211
2018-01-27 16:03:12.272;SP;AS58-AS1-20180127160211
2018-01-27 16:03:13.839;SQ;AS58-AS1-20180127160313
2018-01-27 16:03:37.137;RU;AS58-AS1-20180127160112
2018-01-27 16:03:38.876;VU;AS58-AS1-20180127160112
2018-01-27 16:03:40.407;RC;AS58-AS1-20180127160211
2018-01-27 16:03:41.523;SS;AS58-AS1-20180127160211
2018-01-27 16:04:14.783;RO;AS58-AS1-20180127160313
2018-01-27 16:04:15.655;SP;AS58-AS1-20180127160313
2018-01-27 16:04:17.156;SQ;AS58-AS1-20180127160417
2018-01-27 16:04:43.717;RU;AS58-AS1-20180127160211
2018-01-27 16:04:45.639;VU;AS58-AS1-20180127160211
2018-01-27 16:04:51.188;RC;AS58-AS1-20180127160313
2018-01-27 16:04:51.953;SS;AS58-AS1-20180127160313
2018-01-27 16:05:16.958;RO;AS58-AS1-20180127160417
2018-01-27 16:05:17.978;SP;AS58-AS1-20180127160417
2018-01-27 16:05:19.493;SQ;AS58-AS1-20180127160519
2018-01-27 16:05:45.539;RC;AS58-AS1-20180127160417
2018-01-27 16:05:46.649;SS;AS58-AS1-20180127160417
2018-01-27 16:05:48.650;RU;AS58-AS1-20180127160313
2018-01-27 16:05:50.393;VU;AS58-AS1-20180127160313
2018-01-27 16:06:14.607;RO;AS58-AS1-20180127160519
2018-01-27 16:06:16.494;SP;AS58-AS1-20180127160519
2018-01-27 16:06:18.011;SQ;AS58-AS1-20180127160618
2018-01-27 16:06:42.789;RC;AS58-AS1-20180127160519
2018-01-27 16:06:43.551;SS;AS58-AS1-20180127160519
2018-01-27 16:06:46.628;RU;AS58-AS1-20180127160417
2018-01-27 16:06:49.102;VU;AS58-AS1-20180127160417
2018-01-27 16:07:23.420;RO;AS58-AS1-20180127160618
2018-01-27 16:07:24.347;SP;AS58-AS1-20180127160618
2018-01-27 16:07:25.864;SQ;AS58-AS1-20180127160725
2018-01-27 16:07:44.832;RU;AS58-AS1-20180127160519
2018-01-27 16:07:46.606;VU;AS58-AS1-20180127160519
2018-01-27 16:07:54.094;RC;AS58-AS1-20180127160618
2018-01-27 16:07:54.821;SS;AS58-AS1-20180127160618
2018-01-27 16:08:15.621;RO;AS58-AS1-20180127160725
2018-01-27 16:08:16.670;SP;AS58-AS1-20180127160725
2018-01-27 16:08:19.423;SQ;AS58-AS1-20180127160819
2018-01-27 16:08:42.560;RC;AS58-AS1-20180127160725
2018-01-27 16:08:43.299;SS;AS58-AS1-20180127160725
2018-01-27 16:08:51.123;RU;AS58-AS1-20180127160618
2018-01-27 16:08:52.881;VU;AS58-AS1-20180127160618
2018-01-27 16:09:14.318;RO;AS58-AS1-20180127160819
2018-01-27 16:09:15.248;SP;AS58-AS1-20180127160819
2018-01-27 16:09:16.720;SQ;AS58-AS1-20180127160916
2018-01-27 16:09:41.485;RU;AS58-AS1-20180127160725
2018-01-27 16:09:43.248;VU;AS58-AS1-20180127160725
2018-01-27 16:09:43.382;RC;AS58-AS1-20180127160819
2018-01-27 16:09:44.139;SS;AS58-AS1-20180127160819
2018-01-27 16:10:15.520;RO;AS58-AS1-20180127160916
2018-01-27 16:10:16.578;SP;AS58-AS1-20180127160916
2018-01-27 16:10:18.126;SQ;AS58-AS1-20180127161018
2018-01-27 16:10:46.308;RC;AS58-AS1-20180127160916
2018-01-27 16:10:47.071;SS;AS58-AS1-20180127160916
2018-01-27 16:10:53.441;RU;AS58-AS1-20180127160819
2018-01-27 16:10:55.217;VU;AS58-AS1-20180127160819
2018-01-27 16:11:20.428;RO;AS58-AS1-20180127161018
2018-01-27 16:11:22.291;SP;AS58-AS1-20180127161018
2018-01-27 16:11:24.143;SQ;AS58-AS1-20180127161124
2018-01-27 16:11:47.079;RU;AS58-AS1-20180127160916
2018-01-27 16:11:48.846;VU;AS58-AS1-20180127160916
2018-01-27 16:11:52.137;RC;AS58-AS1-20180127161018
2018-01-27 16:11:53.415;SS;AS58-AS1-20180127161018
2018-01-27 16:12:23.961;RO;AS58-AS1-20180127161124
2018-01-27 16:12:24.966;SP;AS58-AS1-20180127161124
2018-01-27 16:12:26.461;SQ;AS58-AS1-20180127161226
2018-01-27 16:12:54.376;RU;AS58-AS1-20180127161018
2018-01-27 16:12:56.354;VU;AS58-AS1-20180127161018
2018-01-27 16:13:00.617;RC;AS58-AS1-20180127161124
2018-01-27 16:13:01.419;SS;AS58-AS1-20180127161124
2018-01-27 16:13:53.166;RO;AS58-AS1-20180127161226
2018-01-27 16:13:54.339;SP;AS58-AS1-20180127161226
2018-01-27 16:13:56.554;SQ;AS58-AS1-20180127161356
2018-01-27 16:14:04.985;RU;AS58-AS1-20180127161124
2018-01-27 16:14:06.744;VU;AS58-AS1-20180127161124
2018-01-27 16:14:22.565;RC;AS58-AS1-20180127161226
2018-01-27 16:14:23.324;SS;AS58-AS1-20180127161226
2018-01-27 16:14:56.597;RO;AS58-AS1-20180127161356
2018-01-27 16:14:57.885;SP;AS58-AS1-20180127161356
2018-01-27 16:14:59.397;SQ;AS58-AS1-20180127161459
2018-01-27 16:15:25.582;RU;AS58-AS1-20180127161226
2018-01-27 16:15:27.107;RC;AS58-AS1-20180127161356
2018-01-27 16:15:27.369;VU;AS58-AS1-20180127161226
2018-01-27 16:15:28.670;SS;AS58-AS1-20180127161356
2018-01-27 16:15:58.428;RO;AS58-AS1-20180127161459
2018-01-27 16:15:59.230;SP;AS58-AS1-20180127161459
2018-01-27 16:16:00.732;SQ;AS58-AS1-20180127161600
2018-01-27 16:16:29.274;RC;AS58-AS1-20180127161459
2018-01-27 16:16:30.229;RU;AS58-AS1-20180127161356
2018-01-27 16:16:31.499;SS;AS58-AS1-20180127161459
2018-01-27 16:16:32.922;VU;AS58-AS1-20180127161356
2018-01-27 16:16:57.245;RO;AS58-AS1-20180127161600
2018-01-27 16:16:58.050;SP;AS58-AS1-20180127161600
2018-01-27 16:16:59.537;SQ;AS58-AS1-20180127161659
2018-01-27 16:17:14.349;RC;AS58-AS1-20180127161600
2018-01-27 16:17:15.095;SS;AS58-AS1-20180127161600
2018-01-27 16:17:36.108;RU;AS58-AS1-20180127161459
2018-01-27 16:17:37.889;VU;AS58-AS1-20180127161459
2018-01-27 16:18:00.983;RO;AS58-AS1-20180127161659
2018-01-27 16:18:01.912;SP;AS58-AS1-20180127161659
2018-01-27 16:18:03.422;SQ;AS58-AS1-20180127161803
2018-01-27 16:18:21.044;RU;AS58-AS1-20180127161600
2018-01-27 16:18:22.995;VU;AS58-AS1-20180127161600
2018-01-27 16:18:30.451;RC;AS58-AS1-20180127161659
2018-01-27 16:18:31.214;SS;AS58-AS1-20180127161659
2018-01-27 16:19:01.924;RO;AS58-AS1-20180127161803
2018-01-27 16:19:02.766;SP;AS58-AS1-20180127161803
2018-01-27 16:19:04.316;SQ;AS58-AS1-20180127161904
2018-01-27 16:19:29.191;RC;AS58-AS1-20180127161803
2018-01-27 16:19:29.921;SS;AS58-AS1-20180127161803
2018-01-27 16:19:33.585;RU;AS58-AS1-20180127161659
2018-01-27 16:19:35.319;VU;AS58-AS1-20180127161659
2018-01-27 16:20:03.409;RO;AS58-AS1-20180127161904
2018-01-27 16:20:04.646;SP;AS58-AS1-20180127161904
2018-01-27 16:20:06.180;SQ;AS58-AS1-20180127162006
2018-01-27 16:20:35.266;RU;AS58-AS1-20180127161803
2018-01-27 16:20:36.389;RC;AS58-AS1-20180127161904
2018-01-27 16:20:37.021;VU;AS58-AS1-20180127161803
2018-01-27 16:20:37.133;SS;AS58-AS1-20180127161904
2018-01-27 16:21:03.905;RO;AS58-AS1-20180127162006
2018-01-27 16:21:05.023;SP;AS58-AS1-20180127162006
2018-01-27 16:21:06.530;SQ;AS58-AS1-20180127162106
2018-01-27 16:21:30.639;RC;AS58-AS1-20180127162006
2018-01-27 16:21:31.413;SS;AS58-AS1-20180127162006
2018-01-27 16:21:42.964;RU;AS58-AS1-20180127161904
2018-01-27 16:21:44.687;VU;AS58-AS1-20180127161904
2018-01-27 16:21:59.386;RO;AS58-AS1-20180127162106
2018-01-27 16:22:00.342;SP;AS58-AS1-20180127162106
2018-01-27 16:22:03.180;SQ;AS58-AS1-20180127162203
2018-01-27 16:22:26.609;RC;AS58-AS1-20180127162106
2018-01-27 16:22:27.398;SS;AS58-AS1-20180127162106
2018-01-27 16:22:39.279;RU;AS58-AS1-20180127162006
2018-01-27 16:22:41.017;VU;AS58-AS1-20180127162006
2018-01-27 16:22:57.141;RO;AS58-AS1-20180127162203
2018-01-27 16:22:57.981;SP;AS58-AS1-20180127162203
2018-01-27 16:22:59.506;SQ;AS58-AS1-20180127162259
2018-01-27 16:23:28.853;RC;AS58-AS1-20180127162203
2018-01-27 16:23:29.615;SS;AS58-AS1-20180127162203
2018-01-27 16:23:29.786;RU;AS58-AS1-20180127162106
2018-01-27 16:23:31.550;VU;AS58-AS1-20180127162106
2018-01-27 16:23:59.886;RO;AS58-AS1-20180127162259
2018-01-27 16:24:00.851;SP;AS58-AS1-20180127162259
2018-01-27 16:24:02.413;SQ;AS58-AS1-20180127162402
2018-01-27 16:24:32.266;RC;AS58-AS1-20180127162259
2018-01-27 16:24:32.266;RU;AS58-AS1-20180127162203
2018-01-27 16:24:33.749;SS;AS58-AS1-20180127162259
2018-01-27 16:24:34.751;VU;AS58-AS1-20180127162203
2018-01-27 16:25:00.451;RO;AS58-AS1-20180127162402
2018-01-27 16:25:01.269;SP;AS58-AS1-20180127162402
2018-01-27 16:25:02.824;SQ;AS58-AS1-20180127162502
2018-01-27 16:25:32.947;RC;AS58-AS1-20180127162402
2018-01-27 16:25:33.713;SS;AS58-AS1-20180127162402
2018-01-27 16:25:35.135;RU;AS58-AS1-20180127162259
2018-01-27 16:25:36.881;VU;AS58-AS1-20180127162259
2018-01-27 16:26:02.601;RO;AS58-AS1-20180127162502
2018-01-27 16:26:03.648;SP;AS58-AS1-20180127162502
2018-01-27 16:26:27.170;RC;AS58-AS1-20180127162502
2018-01-27 16:26:27.938;SS;AS58-AS1-20180127162502
2018-01-27 16:26:33.952;RU;AS58-AS1-20180127162402
2018-01-27 16:26:35.700;VU;AS58-AS1-20180127162402
2018-01-27 16:27:23.922;RU;AS58-AS1-20180127162502
2018-01-27 16:27:25.699;VU;AS58-AS1-20180127162502
