2018-01-27 15:56:01.733;SQ;AS59-AS1-20180127155601
2018-01-27 15:56:30.861;RO;AS59-AS1-20180127155601
2018-01-27 15:56:32.077;SP;AS59-AS1-20180127155601
2018-01-27 15:56:33.761;SQ;AS59-AS1-20180127155633
2018-01-27 15:56:53.745;RC;AS59-AS1-20180127155601
2018-01-27 15:56:54.574;SS;AS59-AS1-20180127155601
2018-01-27 15:57:27.680;RO;AS59-AS1-20180127155633
2018-01-27 15:57:28.658;SP;AS59-AS1-20180127155633
2018-01-27 15:57:31.177;SQ;AS59-AS1-20180127155731
2018-01-27 15:57:50.802;RU;AS59-AS1-20180127155601
2018-01-27 15:57:52.649;VU;AS59-AS1-20180127155601
2018-01-27 15:58:25.486;RC;AS59-AS1-20180127155633
2018-01-27 15:58:26.199;RO;AS59-AS1-20180127155731
2018-01-27 15:58:26.383;SS;AS59-AS1-20180127155633
2018-01-27 15:58:27.151;SP;AS59-AS1-20180127155731
2018-01-27 15:58:28.789;SQ;AS59-AS1-20180127155828
2018-01-27 15:58:59.051;RC;AS59-AS1-20180127155731
2018-01-27 15:58:59.859;SS;AS59-AS1-20180127155731
2018-01-27 15:59:27.201;RU;AS59-AS1-20180127155633
2018-01-27 15:59:29.017;VU;AS59-AS1-20180127155633
2018-01-27 15:59:57.012;RO;AS59-AS1-20180127155828
2018-01-27 15:59:58.205;SP;AS59-AS1-20180127155828
2018-01-27 15:59:59.833;SQ;AS59-AS1-20180127155959
2018-01-27 16:00:00.861;RU;AS59-AS1-20180127155731
2018-01-27 16:00:02.715;VU;AS59-AS1-20180127155731
2018-01-27 16:00:28.253;RC;AS59-AS1-20180127155828
2018-01-27 16:00:29.079;SS;AS59-AS1-20180127155828
2018-01-27 16:01:23.490;RO;AS59-AS1-20180127155959
2018-01-27 16:01:24.743;SP;AS59-AS1-20180127155959
2018-01-27 16:01:26.362;SQ;AS59-AS1-20180127160126
2018-01-27 16:01:29.834;RU;AS59-AS1-20180127155828
2018-01-27 16:01:31.665;VU;AS59-AS1-20180127155828
2018-01-27 16:01:56.287;RC;AS59-AS1-20180127155959
2018-01-27 16:01:57.100;SS;AS59-AS1-20180127155959
2018-01-27 16:02:25.761;RO;AS59-AS1-20180127160126
2018-01-27 16:02:26.742;SP;AS59-AS1-20180127160126
2018-01-27 16:02:28.380;SQ;AS59-AS1-20180127160228
2018-01-27 16:02:52.472;RU;AS59-AS1-20180127155959
2018-01-27 16:02:54.321;VU;AS59-AS1-20180127155959
2018-01-27 16:03:02.201;RC;AS59-AS1-20180127160126
2018-01-27 16:03:03.004;SS;AS59-AS1-20180127160126
2018-01-27 16:03:29.404;RO;AS59-AS1-20180127160228
2018-01-27 16:03:30.278;SP;AS59-AS1-20180127160228
2018-01-27 16:03:31.961;SQ;AS59-AS1-20180127160331
2018-01-27 16:03:56.848;RC;AS59-AS1-20180127160228
2018-01-27 16:03:58.589;SS;AS59-AS1-20180127160228
2018-01-27 16:04:03.186;RU;AS59-AS1-20180127160126
2018-01-27 16:04:04.995;VU;AS59-AS1-20180127160126
2018-01-27 16:04:35.994;RO;AS59-AS1-20180127160331
2018-01-27 16:04:36.875;SP;AS59-AS1-20180127160331
2018-01-27 16:04:38.537;SQ;AS59-AS1-20180127160438
2018-01-27 16:04:57.307;RU;AS59-AS1-20180127160228
2018-01-27 16:05:00.069;VU;AS59-AS1-20180127160228
2018-01-27 16:05:04.200;RC;AS59-AS1-20180127160331
2018-01-27 16:05:05.019;SS;AS59-AS1-20180127160331
2018-01-27 16:05:40.426;RO;AS59-AS1-20180127160438
2018-01-27 16:05:41.429;SP;AS59-AS1-20180127160438
2018-01-27 16:05:43.091;SQ;AS59-AS1-20180127160543
2018-01-27 16:06:10.181;RC;AS59-AS1-20180127160438
2018-01-27 16:06:11.004;SS;AS59-AS1-20180127160438
2018-01-27 16:06:41.222;RO;AS59-AS1-20180127160543
2018-01-27 16:06:42.472;SP;AS59-AS1-20180127160543
2018-01-27 16:06:44.112;SQ;AS59-AS1-20180127160644
2018-01-27 16:06:47.991;RU;AS59-AS1-20180127160331
2018-01-27 16:06:49.810;VU;AS59-AS1-20180127160331
2018-01-27 16:07:14.845;RC;AS59-AS1-20180127160543
2018-01-27 16:07:15.657;SS;AS59-AS1-20180127160543
2018-01-27 16:07:15.824;RU;AS59-AS1-20180127160438
2018-01-27 16:07:18.147;VU;AS59-AS1-20180127160438
2018-01-27 16:08:09.998;RU;AS59-AS1-20180127160543
2018-01-27 16:08:10.014;RO;AS59-AS1-20180127160644
2018-01-27 16:08:11.680;SP;AS59-AS1-20180127160644
2018-01-27 16:08:12.422;VU;AS59-AS1-20180127160543
2018-01-27 16:08:13.355;SQ;AS59-AS1-20180127160813
2018-01-27 16:08:42.416;RC;AS59-AS1-20180127160644
2018-01-27 16:08:43.249;SS;AS59-AS1-20180127160644
2018-01-27 16:09:13.475;RO;AS59-AS1-20180127160813
2018-01-27 16:09:14.734;SP;AS59-AS1-20180127160813
2018-01-27 16:09:16.413;SQ;AS59-AS1-20180127160916
2018-01-27 16:09:44.671;RC;AS59-AS1-20180127160813
2018-01-27 16:09:45.499;SS;AS59-AS1-20180127160813
2018-01-27 16:09:46.299;RU;AS59-AS1-20180127160644
2018-01-27 16:09:48.134;VU;AS59-AS1-20180127160644
2018-01-27 16:10:12.849;RO;AS59-AS1-20180127160916
2018-01-27 16:10:13.794;SP;AS59-AS1-20180127160916
2018-01-27 16:10:15.444;SQ;AS59-AS1-20180127161015
2018-01-27 16:10:44.117;RC;AS59-AS1-20180127160916
2018-01-27 16:10:44.925;SS;AS59-AS1-20180127160916
2018-01-27 16:10:49.523;RU;AS59-AS1-20180127160813
2018-01-27 16:10:51.701;VU;AS59-AS1-20180127160813
2018-01-27 16:11:13.113;RO;AS59-AS1-20180127161015
2018-01-27 16:11:14.364;SP;AS59-AS1-20180127161015
2018-01-27 16:11:16.030;SQ;AS59-AS1-20180127161116
2018-01-27 16:11:46.015;RU;AS59-AS1-20180127160916
2018-01-27 16:11:46.017;RC;AS59-AS1-20180127161015
2018-01-27 16:11:47.665;SS;AS59-AS1-20180127161015
2018-01-27 16:11:48.667;VU;AS59-AS1-20180127160916
2018-01-27 16:12:31.723;RO;AS59-AS1-20180127161116
2018-01-27 16:12:32.943;SP;AS59-AS1-20180127161116
2018-01-27 16:12:34.593;SQ;AS59-AS1-20180127161234
2018-01-27 16:12:54.067;RU;AS59-AS1-20180127161015
2018-01-27 16:12:56.471;VU;AS59-AS1-20180127161015
2018-01-27 16:13:00.959;RC;AS59-AS1-20180127161116
2018-01-27 16:13:01.863;SS;AS59-AS1-20180127161116
2018-01-27 16:13:21.010;RO;AS59-AS1-20180127161234
2018-01-27 16:13:21.955;SP;AS59-AS1-20180127161234
2018-01-27 16:13:23.576;SQ;AS59-AS1-20180127161323
2018-01-27 16:13:52.072;RC;AS59-AS1-20180127161234
2018-01-27 16:13:52.882;SS;AS59-AS1-20180127161234
2018-01-27 16:14:03.005;RU;AS59-AS1-20180127161116
2018-01-27 16:14:04.813;VU;AS59-AS1-20180127161116
2018-01-27 16:14:23.434;RO;AS59-AS1-20180127161323
2018-01-27 16:14:24.462;SP;AS59-AS1-20180127161323
2018-01-27 16:14:26.771;SQ;AS59-AS1-20180127161426
2018-01-27 16:14:56.041;RC;AS59-AS1-20180127161323
2018-01-27 16:14:57.728;SS;AS59-AS1-20180127161323
2018-01-27 16:14:58.387;RU;AS59-AS1-20180127161234
2018-01-27 16:15:00.188;VU;AS59-AS1-20180127161234
2018-01-27 16:15:31.022;RO;AS59-AS1-20180127161426
2018-01-27 16:15:32.173;SP;AS59-AS1-20180127161426
2018-01-27 16:15:33.822;SQ;AS59-AS1-20180127161533
2018-01-27 16:16:01.789;RC;AS59-AS1-20180127161426
2018-01-27 16:16:02.630;SS;AS59-AS1-20180127161426
2018-01-27 16:16:04.722;RU;AS59-AS1-20180127161323
2018-01-27 16:16:06.563;VU;AS59-AS1-20180127161323
2018-01-27 16:16:23.816;RO;AS59-AS1-20180127161533
2018-01-27 16:16:24.684;SP;AS59-AS1-20180127161533
2018-01-27 16:16:26.347;SQ;AS59-AS1-20180127161626
2018-01-27 16:16:55.015;RC;AS59-AS1-20180127161533
2018-01-27 16:16:55.840;SS;AS59-AS1-20180127161533
2018-01-27 16:17:08.498;RU;AS59-AS1-20180127161426
2018-01-27 16:17:10.338;VU;AS59-AS1-20180127161426
2018-01-27 16:17:17.424;RO;AS59-AS1-20180127161626
2018-01-27 16:17:18.729;SP;AS59-AS1-20180127161626
2018-01-27 16:17:22.020;SQ;AS59-AS1-20180127161722
2018-01-27 16:17:47.468;RC;AS59-AS1-20180127161626
2018-01-27 16:17:48.317;SS;AS59-AS1-20180127161626
2018-01-27 16:17:49.631;RU;AS59-AS1-20180127161533
2018-01-27 16:17:51.777;VU;AS59-AS1-20180127161533
2018-01-27 16:18:21.248;RO;AS59-AS1-20180127161722
2018-01-27 16:18:23.275;SP;AS59-AS1-20180127161722
2018-01-27 16:18:25.552;SQ;AS59-AS1-20180127161825
2018-01-27 16:18:43.134;RU;AS59-AS1-20180127161626
2018-01-27 16:18:52.511;RC;AS59-AS1-20180127161722
2018-01-27 16:18:54.937;SS;AS59-AS1-20180127161722
2018-01-27 16:19:24.708;RO;AS59-AS1-20180127161825
2018-01-27 16:19:26.874;SP;AS59-AS1-20180127161825
2018-01-27 16:19:29.341;SQ;AS59-AS1-20180127161929
2018-01-27 16:19:54.808;RU;AS59-AS1-20180127161722
2018-01-27 16:19:57.064;RC;AS59-AS1-20180127161825
2018-01-27 16:19:58.010;VU;AS59-AS1-20180127161722
2018-01-27 16:19:58.793;SS;AS59-AS1-20180127161825
2018-01-27 16:20:34.599;RO;AS59-AS1-20180127161929
2018-01-27 16:20:35.949;SP;AS59-AS1-20180127161929
2018-01-27 16:20:38.338;SQ;AS59-AS1-20180127162038
2018-01-27 16:20:53.853;RU;AS59-AS1-20180127161825
2018-01-27 16:20:56.495;VU;AS59-AS1-20180127161825
2018-01-27 16:21:03.933;RC;AS59-AS1-20180127161929
2018-01-27 16:21:05.092;SS;AS59-AS1-20180127161929
2018-01-27 16:21:38.476;RO;AS59-AS1-20180127162038
2018-01-27 16:21:40.305;SP;AS59-AS1-20180127162038
2018-01-27 16:21:42.595;SQ;AS59-AS1-20180127162142
2018-01-27 16:22:08.729;RU;AS59-AS1-20180127161929
2018-01-27 16:22:10.778;VU;AS59-AS1-20180127161929
2018-01-27 16:22:39.246;RC;AS59-AS1-20180127162038
2018-01-27 16:22:40.051;SS;AS59-AS1-20180127162038
2018-01-27 16:22:44.562;RO;AS59-AS1-20180127162142
2018-01-27 16:22:45.502;SP;AS59-AS1-20180127162142
2018-01-27 16:22:49.513;SQ;AS59-AS1-20180127162249
2018-01-27 16:23:17.181;RC;AS59-AS1-20180127162142
2018-01-27 16:23:18.752;SS;AS59-AS1-20180127162142
2018-01-27 16:23:46.639;RU;AS59-AS1-20180127162038
2018-01-27 16:23:48.724;VU;AS59-AS1-20180127162038
2018-01-27 16:23:58.556;RO;AS59-AS1-20180127162249
2018-01-27 16:23:59.561;SP;AS59-AS1-20180127162249
2018-01-27 16:24:01.881;SQ;AS59-AS1-20180127162401
2018-01-27 16:24:23.177;RU;AS59-AS1-20180127162142
2018-01-27 16:24:25.262;VU;AS59-AS1-20180127162142
2018-01-27 16:24:31.323;RC;AS59-AS1-20180127162249
2018-01-27 16:24:32.927;SS;AS59-AS1-20180127162249
2018-01-27 16:25:02.483;RO;AS59-AS1-20180127162401
2018-01-27 16:25:03.970;SP;AS59-AS1-20180127162401
2018-01-27 16:25:06.246;SQ;AS59-AS1-20180127162506
2018-01-27 16:25:31.279;RC;AS59-AS1-20180127162401
2018-01-27 16:25:32.802;RU;AS59-AS1-20180127162249
2018-01-27 16:25:33.028;SS;AS59-AS1-20180127162401
2018-01-27 16:26:02.469;RO;AS59-AS1-20180127162506
2018-01-27 16:26:04.638;SP;AS59-AS1-20180127162506
2018-01-27 16:26:08.928;SQ;AS59-AS1-20180127162608
2018-01-27 16:26:34.134;RU;AS59-AS1-20180127162401
2018-01-27 16:26:34.324;RC;AS59-AS1-20180127162506
2018-01-27 16:26:37.092;SS;AS59-AS1-20180127162506
2018-01-27 16:26:37.912;VU;AS59-AS1-20180127162401
2018-01-27 16:26:55.548;RO;AS59-AS1-20180127162608
2018-01-27 16:26:59.089;SP;AS59-AS1-20180127162608
2018-01-27 16:27:03.127;SQ;AS59-AS1-20180127162703
2018-01-27 16:27:24.027;RU;AS59-AS1-20180127162506
2018-01-27 16:27:24.073;RC;AS59-AS1-20180127162608
2018-01-27 16:27:26.628;SS;AS59-AS1-20180127162608
2018-01-27 16:27:27.628;VU;AS59-AS1-20180127162506
2018-01-27 16:27:43.569;RO;AS59-AS1-20180127162703
2018-01-27 16:27:48.351;SP;AS59-AS1-20180127162703
2018-01-27 16:27:58.323;RU;AS59-AS1-20180127162608
2018-01-27 16:27:58.428;RC;AS59-AS1-20180127162703
2018-01-27 16:28:03.328;SS;AS59-AS1-20180127162703
2018-01-27 16:28:04.113;VU;AS59-AS1-20180127162608
2018-01-27 16:28:12.846;RU;AS59-AS1-20180127162703
2018-01-27 16:28:15.266;VU;AS59-AS1-20180127162703
