2018-01-27 15:56:01.166;SQ;AS6-AS1-20180127155601
2018-01-27 15:56:25.843;RO;AS6-AS1-20180127155601
2018-01-27 15:56:27.416;SP;AS6-AS1-20180127155601
2018-01-27 15:56:29.115;SQ;AS6-AS1-20180127155629
2018-01-27 15:56:49.827;RC;AS6-AS1-20180127155601
2018-01-27 15:56:50.641;SS;AS6-AS1-20180127155601
2018-01-27 15:57:22.795;RO;AS6-AS1-20180127155629
2018-01-27 15:57:24.022;SP;AS6-AS1-20180127155629
2018-01-27 15:57:25.693;SQ;AS6-AS1-20180127155725
2018-01-27 15:57:47.631;RU;AS6-AS1-20180127155601
2018-01-27 15:57:49.449;VU;AS6-AS1-20180127155601
2018-01-27 15:57:49.701;RC;AS6-AS1-20180127155629
2018-01-27 15:57:50.523;SS;AS6-AS1-20180127155629
2018-01-27 15:58:28.285;RO;AS6-AS1-20180127155725
2018-01-27 15:58:29.578;SP;AS6-AS1-20180127155725
2018-01-27 15:58:31.852;SQ;AS6-AS1-20180127155831
2018-01-27 15:59:01.094;RU;AS6-AS1-20180127155629
2018-01-27 15:59:02.957;VU;AS6-AS1-20180127155629
2018-01-27 15:59:04.338;RC;AS6-AS1-20180127155725
2018-01-27 15:59:05.376;SS;AS6-AS1-20180127155725
2018-01-27 15:59:38.059;RO;AS6-AS1-20180127155831
2018-01-27 15:59:39.269;SP;AS6-AS1-20180127155831
2018-01-27 15:59:40.903;SQ;AS6-AS1-20180127155940
2018-01-27 16:00:02.161;RU;AS6-AS1-20180127155725
2018-01-27 16:00:03.980;VU;AS6-AS1-20180127155725
2018-01-27 16:00:11.775;RC;AS6-AS1-20180127155831
2018-01-27 16:00:12.630;SS;AS6-AS1-20180127155831
2018-01-27 16:00:30.225;RO;AS6-AS1-20180127155940
2018-01-27 16:00:31.268;SP;AS6-AS1-20180127155940
2018-01-27 16:00:32.938;SQ;AS6-AS1-20180127160032
2018-01-27 16:00:47.593;RC;AS6-AS1-20180127155940
2018-01-27 16:00:48.451;SS;AS6-AS1-20180127155940
2018-01-27 16:01:10.697;RU;AS6-AS1-20180127155831
2018-01-27 16:01:12.514;VU;AS6-AS1-20180127155831
2018-01-27 16:01:29.496;RO;AS6-AS1-20180127160032
2018-01-27 16:01:30.310;SP;AS6-AS1-20180127160032
2018-01-27 16:01:31.962;SQ;AS6-AS1-20180127160131
2018-01-27 16:01:52.263;RU;AS6-AS1-20180127155940
2018-01-27 16:01:54.591;VU;AS6-AS1-20180127155940
2018-01-27 16:02:08.760;RC;AS6-AS1-20180127160032
2018-01-27 16:02:10.519;SS;AS6-AS1-20180127160032
2018-01-27 16:02:36.054;RO;AS6-AS1-20180127160131
2018-01-27 16:02:37.381;SP;AS6-AS1-20180127160131
2018-01-27 16:02:39.346;SQ;AS6-AS1-20180127160239
2018-01-27 16:03:07.447;RC;AS6-AS1-20180127160131
2018-01-27 16:03:08.290;SS;AS6-AS1-20180127160131
2018-01-27 16:03:09.290;RU;AS6-AS1-20180127160032
2018-01-27 16:03:11.427;VU;AS6-AS1-20180127160032
2018-01-27 16:03:39.453;RO;AS6-AS1-20180127160239
2018-01-27 16:03:40.754;SP;AS6-AS1-20180127160239
2018-01-27 16:03:43.747;SQ;AS6-AS1-20180127160343
2018-01-27 16:04:13.517;RU;AS6-AS1-20180127160131
2018-01-27 16:04:15.346;VU;AS6-AS1-20180127160131
2018-01-27 16:04:36.399;RC;AS6-AS1-20180127160239
2018-01-27 16:04:37.236;SS;AS6-AS1-20180127160239
2018-01-27 16:04:45.616;RO;AS6-AS1-20180127160343
2018-01-27 16:04:46.638;SP;AS6-AS1-20180127160343
2018-01-27 16:04:48.291;SQ;AS6-AS1-20180127160448
2018-01-27 16:05:18.561;RC;AS6-AS1-20180127160343
2018-01-27 16:05:19.367;SS;AS6-AS1-20180127160343
2018-01-27 16:05:40.751;RU;AS6-AS1-20180127160239
2018-01-27 16:05:42.591;VU;AS6-AS1-20180127160239
2018-01-27 16:05:53.952;RO;AS6-AS1-20180127160448
2018-01-27 16:05:55.194;SP;AS6-AS1-20180127160448
2018-01-27 16:05:56.833;SQ;AS6-AS1-20180127160556
2018-01-27 16:06:14.774;RU;AS6-AS1-20180127160343
2018-01-27 16:06:17.445;VU;AS6-AS1-20180127160343
2018-01-27 16:06:23.576;RC;AS6-AS1-20180127160448
2018-01-27 16:06:24.391;SS;AS6-AS1-20180127160448
2018-01-27 16:07:24.203;RU;AS6-AS1-20180127160448
2018-01-27 16:07:26.020;VU;AS6-AS1-20180127160448
2018-01-27 16:07:30.527;RO;AS6-AS1-20180127160556
2018-01-27 16:07:31.904;SP;AS6-AS1-20180127160556
2018-01-27 16:07:34.600;SQ;AS6-AS1-20180127160734
2018-01-27 16:08:03.120;RC;AS6-AS1-20180127160556
2018-01-27 16:08:04.514;SS;AS6-AS1-20180127160556
2018-01-27 16:08:40.425;RO;AS6-AS1-20180127160734
2018-01-27 16:08:41.492;SP;AS6-AS1-20180127160734
2018-01-27 16:08:43.154;SQ;AS6-AS1-20180127160843
2018-01-27 16:09:02.788;RU;AS6-AS1-20180127160556
2018-01-27 16:09:04.618;VU;AS6-AS1-20180127160556
2018-01-27 16:09:14.205;RC;AS6-AS1-20180127160734
2018-01-27 16:09:15.047;SS;AS6-AS1-20180127160734
2018-01-27 16:09:46.062;RO;AS6-AS1-20180127160843
2018-01-27 16:09:47.052;SP;AS6-AS1-20180127160843
2018-01-27 16:09:48.721;SQ;AS6-AS1-20180127160948
2018-01-27 16:10:15.034;RC;AS6-AS1-20180127160843
2018-01-27 16:10:15.874;SS;AS6-AS1-20180127160843
2018-01-27 16:10:17.626;RU;AS6-AS1-20180127160734
2018-01-27 16:10:19.459;VU;AS6-AS1-20180127160734
2018-01-27 16:10:44.768;RO;AS6-AS1-20180127160948
2018-01-27 16:10:45.609;SP;AS6-AS1-20180127160948
2018-01-27 16:10:47.279;SQ;AS6-AS1-20180127161047
2018-01-27 16:11:13.479;RC;AS6-AS1-20180127160948
2018-01-27 16:11:14.308;SS;AS6-AS1-20180127160948
2018-01-27 16:11:16.970;RU;AS6-AS1-20180127160843
2018-01-27 16:11:18.820;VU;AS6-AS1-20180127160843
2018-01-27 16:11:46.100;RO;AS6-AS1-20180127161047
2018-01-27 16:11:47.158;SP;AS6-AS1-20180127161047
2018-01-27 16:11:48.850;SQ;AS6-AS1-20180127161148
2018-01-27 16:12:16.227;RU;AS6-AS1-20180127160948
2018-01-27 16:12:18.087;VU;AS6-AS1-20180127160948
2018-01-27 16:12:19.869;RC;AS6-AS1-20180127161047
2018-01-27 16:12:20.706;SS;AS6-AS1-20180127161047
2018-01-27 16:13:17.112;RO;AS6-AS1-20180127161148
2018-01-27 16:13:18.288;SP;AS6-AS1-20180127161148
2018-01-27 16:13:19.921;SQ;AS6-AS1-20180127161319
2018-01-27 16:13:43.812;RU;AS6-AS1-20180127161047
2018-01-27 16:13:45.659;VU;AS6-AS1-20180127161047
2018-01-27 16:13:49.114;RC;AS6-AS1-20180127161148
2018-01-27 16:13:49.953;SS;AS6-AS1-20180127161148
2018-01-27 16:14:19.731;RO;AS6-AS1-20180127161319
2018-01-27 16:14:20.807;SP;AS6-AS1-20180127161319
2018-01-27 16:14:22.454;SQ;AS6-AS1-20180127161422
2018-01-27 16:14:50.937;RC;AS6-AS1-20180127161319
2018-01-27 16:14:51.753;SS;AS6-AS1-20180127161319
2018-01-27 16:14:53.120;RU;AS6-AS1-20180127161148
2018-01-27 16:14:54.922;VU;AS6-AS1-20180127161148
2018-01-27 16:15:25.663;RO;AS6-AS1-20180127161422
2018-01-27 16:15:26.861;SP;AS6-AS1-20180127161422
2018-01-27 16:15:30.164;SQ;AS6-AS1-20180127161530
2018-01-27 16:15:51.714;RU;AS6-AS1-20180127161319
2018-01-27 16:15:53.106;RC;AS6-AS1-20180127161422
2018-01-27 16:15:53.524;VU;AS6-AS1-20180127161319
2018-01-27 16:15:53.930;SS;AS6-AS1-20180127161422
2018-01-27 16:16:31.090;RO;AS6-AS1-20180127161530
2018-01-27 16:16:32.044;SP;AS6-AS1-20180127161530
2018-01-27 16:16:33.690;SQ;AS6-AS1-20180127161633
2018-01-27 16:16:58.277;RU;AS6-AS1-20180127161422
2018-01-27 16:17:00.114;VU;AS6-AS1-20180127161422
2018-01-27 16:17:01.388;RC;AS6-AS1-20180127161530
2018-01-27 16:17:02.245;SS;AS6-AS1-20180127161530
2018-01-27 16:17:33.324;RO;AS6-AS1-20180127161633
2018-01-27 16:17:34.846;SP;AS6-AS1-20180127161633
2018-01-27 16:17:38.111;SQ;AS6-AS1-20180127161738
2018-01-27 16:18:01.783;RC;AS6-AS1-20180127161633
2018-01-27 16:18:02.609;SS;AS6-AS1-20180127161633
2018-01-27 16:18:03.575;RU;AS6-AS1-20180127161530
2018-01-27 16:18:05.392;VU;AS6-AS1-20180127161530
2018-01-27 16:18:36.647;RO;AS6-AS1-20180127161738
2018-01-27 16:18:37.505;SP;AS6-AS1-20180127161738
2018-01-27 16:18:40.702;SQ;AS6-AS1-20180127161840
2018-01-27 16:19:05.379;RC;AS6-AS1-20180127161738
2018-01-27 16:19:06.220;SS;AS6-AS1-20180127161738
2018-01-27 16:19:09.284;RU;AS6-AS1-20180127161633
2018-01-27 16:19:11.170;VU;AS6-AS1-20180127161633
2018-01-27 16:19:41.366;RO;AS6-AS1-20180127161840
2018-01-27 16:19:42.603;SP;AS6-AS1-20180127161840
2018-01-27 16:19:44.221;SQ;AS6-AS1-20180127161944
2018-01-27 16:20:06.377;RU;AS6-AS1-20180127161738
2018-01-27 16:20:08.220;VU;AS6-AS1-20180127161738
2018-01-27 16:20:10.600;RC;AS6-AS1-20180127161840
2018-01-27 16:20:11.914;SS;AS6-AS1-20180127161840
2018-01-27 16:20:35.085;RO;AS6-AS1-20180127161944
2018-01-27 16:20:36.091;SP;AS6-AS1-20180127161944
2018-01-27 16:20:37.738;SQ;AS6-AS1-20180127162037
2018-01-27 16:21:05.492;RC;AS6-AS1-20180127161944
2018-01-27 16:21:06.332;SS;AS6-AS1-20180127161944
2018-01-27 16:21:11.852;RU;AS6-AS1-20180127161840
2018-01-27 16:21:13.654;VU;AS6-AS1-20180127161840
2018-01-27 16:21:36.582;RO;AS6-AS1-20180127162037
2018-01-27 16:21:37.656;SP;AS6-AS1-20180127162037
2018-01-27 16:21:39.285;SQ;AS6-AS1-20180127162139
2018-01-27 16:22:02.950;RC;AS6-AS1-20180127162037
2018-01-27 16:22:03.787;SS;AS6-AS1-20180127162037
2018-01-27 16:22:09.671;RU;AS6-AS1-20180127161944
2018-01-27 16:22:11.525;VU;AS6-AS1-20180127161944
2018-01-27 16:22:39.740;RO;AS6-AS1-20180127162139
2018-01-27 16:22:40.668;SP;AS6-AS1-20180127162139
2018-01-27 16:22:42.330;SQ;AS6-AS1-20180127162242
2018-01-27 16:23:12.127;RC;AS6-AS1-20180127162139
2018-01-27 16:23:12.944;SS;AS6-AS1-20180127162139
2018-01-27 16:23:35.053;RU;AS6-AS1-20180127162037
2018-01-27 16:23:36.904;VU;AS6-AS1-20180127162037
2018-01-27 16:23:41.768;RO;AS6-AS1-20180127162242
2018-01-27 16:23:42.730;SP;AS6-AS1-20180127162242
2018-01-27 16:23:44.406;SQ;AS6-AS1-20180127162344
2018-01-27 16:24:06.795;RC;AS6-AS1-20180127162242
2018-01-27 16:24:07.633;SS;AS6-AS1-20180127162242
2018-01-27 16:24:41.413;RU;AS6-AS1-20180127162139
2018-01-27 16:24:41.493;RO;AS6-AS1-20180127162344
2018-01-27 16:24:43.063;SP;AS6-AS1-20180127162344
2018-01-27 16:24:43.485;VU;AS6-AS1-20180127162139
2018-01-27 16:24:44.725;SQ;AS6-AS1-20180127162444
2018-01-27 16:25:09.499;RU;AS6-AS1-20180127162242
2018-01-27 16:25:11.323;VU;AS6-AS1-20180127162242
2018-01-27 16:25:14.252;RC;AS6-AS1-20180127162344
2018-01-27 16:25:15.089;SS;AS6-AS1-20180127162344
2018-01-27 16:25:38.633;RO;AS6-AS1-20180127162444
2018-01-27 16:25:40.190;SP;AS6-AS1-20180127162444
2018-01-27 16:25:41.862;SQ;AS6-AS1-20180127162541
2018-01-27 16:26:04.365;RC;AS6-AS1-20180127162444
2018-01-27 16:26:05.193;SS;AS6-AS1-20180127162444
2018-01-27 16:26:18.380;RU;AS6-AS1-20180127162344
2018-01-27 16:26:20.205;VU;AS6-AS1-20180127162344
2018-01-27 16:26:50.261;RO;AS6-AS1-20180127162541
2018-01-27 16:26:51.252;SP;AS6-AS1-20180127162541
2018-01-27 16:26:52.951;SQ;AS6-AS1-20180127162652
2018-01-27 16:26:59.315;RU;AS6-AS1-20180127162444
2018-01-27 16:27:08.546;RC;AS6-AS1-20180127162541
2018-01-27 16:27:10.182;SS;AS6-AS1-20180127162541
2018-01-27 16:27:42.990;RU;AS6-AS1-20180127162541
2018-01-27 16:27:44.228;RO;AS6-AS1-20180127162652
2018-01-27 16:27:48.462;SP;AS6-AS1-20180127162652
2018-01-27 16:27:50.270;VU;AS6-AS1-20180127162541
2018-01-27 16:27:58.401;RC;AS6-AS1-20180127162652
2018-01-27 16:28:01.070;SS;AS6-AS1-20180127162652
2018-01-27 16:28:08.424;RU;AS6-AS1-20180127162652
2018-01-27 16:28:15.598;VU;AS6-AS1-20180127162652
