2018-01-27 15:56:02.723;SQ;AS60-AS1-20180127155602
2018-01-27 15:56:29.403;RO;AS60-AS1-20180127155602
2018-01-27 15:56:30.612;SP;AS60-AS1-20180127155602
2018-01-27 15:56:32.292;SQ;AS60-AS1-20180127155632
2018-01-27 15:56:50.783;RC;AS60-AS1-20180127155602
2018-01-27 15:56:51.649;SS;AS60-AS1-20180127155602
2018-01-27 15:57:18.464;RO;AS60-AS1-20180127155632
2018-01-27 15:57:19.685;SP;AS60-AS1-20180127155632
2018-01-27 15:57:21.374;SQ;AS60-AS1-20180127155721
2018-01-27 15:57:44.814;RC;AS60-AS1-20180127155632
2018-01-27 15:57:46.506;SS;AS60-AS1-20180127155632
2018-01-27 15:57:50.856;RU;AS60-AS1-20180127155602
2018-01-27 15:57:52.696;VU;AS60-AS1-20180127155602
2018-01-27 15:58:24.579;RO;AS60-AS1-20180127155721
2018-01-27 15:58:25.830;SP;AS60-AS1-20180127155721
2018-01-27 15:58:27.541;SQ;AS60-AS1-20180127155827
2018-01-27 15:58:45.613;RU;AS60-AS1-20180127155632
2018-01-27 15:58:47.874;VU;AS60-AS1-20180127155632
2018-01-27 15:58:55.219;RC;AS60-AS1-20180127155721
2018-01-27 15:58:56.088;SS;AS60-AS1-20180127155721
2018-01-27 15:59:33.066;RO;AS60-AS1-20180127155827
2018-01-27 15:59:33.975;SP;AS60-AS1-20180127155827
2018-01-27 15:59:37.074;SQ;AS60-AS1-20180127155937
2018-01-27 15:59:57.194;RU;AS60-AS1-20180127155721
2018-01-27 15:59:59.026;VU;AS60-AS1-20180127155721
2018-01-27 16:00:06.542;RC;AS60-AS1-20180127155827
2018-01-27 16:00:07.558;SS;AS60-AS1-20180127155827
2018-01-27 16:00:36.044;RO;AS60-AS1-20180127155937
2018-01-27 16:00:37.950;SP;AS60-AS1-20180127155937
2018-01-27 16:00:40.205;SQ;AS60-AS1-20180127160040
2018-01-27 16:01:06.761;RC;AS60-AS1-20180127155937
2018-01-27 16:01:07.664;RU;AS60-AS1-20180127155827
2018-01-27 16:01:09.268;SS;AS60-AS1-20180127155937
2018-01-27 16:01:10.998;VU;AS60-AS1-20180127155827
2018-01-27 16:01:45.655;RO;AS60-AS1-20180127160040
2018-01-27 16:01:46.619;SP;AS60-AS1-20180127160040
2018-01-27 16:01:48.296;SQ;AS60-AS1-20180127160148
2018-01-27 16:02:10.811;RU;AS60-AS1-20180127155937
2018-01-27 16:02:12.680;VU;AS60-AS1-20180127155937
2018-01-27 16:02:16.831;RC;AS60-AS1-20180127160040
2018-01-27 16:02:17.681;SS;AS60-AS1-20180127160040
2018-01-27 16:02:46.661;RO;AS60-AS1-20180127160148
2018-01-27 16:02:47.709;SP;AS60-AS1-20180127160148
2018-01-27 16:02:49.426;SQ;AS60-AS1-20180127160249
2018-01-27 16:03:12.746;RC;AS60-AS1-20180127160148
2018-01-27 16:03:13.614;SS;AS60-AS1-20180127160148
2018-01-27 16:03:22.624;RU;AS60-AS1-20180127160040
2018-01-27 16:03:24.465;VU;AS60-AS1-20180127160040
2018-01-27 16:03:54.194;RO;AS60-AS1-20180127160249
2018-01-27 16:03:55.318;SP;AS60-AS1-20180127160249
2018-01-27 16:03:58.198;SQ;AS60-AS1-20180127160358
2018-01-27 16:04:13.907;RU;AS60-AS1-20180127160148
2018-01-27 16:04:15.750;VU;AS60-AS1-20180127160148
2018-01-27 16:04:22.908;RC;AS60-AS1-20180127160249
2018-01-27 16:04:23.757;SS;AS60-AS1-20180127160249
2018-01-27 16:05:00.678;RO;AS60-AS1-20180127160358
2018-01-27 16:05:01.635;SP;AS60-AS1-20180127160358
2018-01-27 16:05:03.327;SQ;AS60-AS1-20180127160503
2018-01-27 16:05:33.488;RC;AS60-AS1-20180127160358
2018-01-27 16:05:34.309;SS;AS60-AS1-20180127160358
2018-01-27 16:05:53.827;RU;AS60-AS1-20180127160249
2018-01-27 16:05:55.656;VU;AS60-AS1-20180127160249
2018-01-27 16:05:55.809;RO;AS60-AS1-20180127160503
2018-01-27 16:05:56.724;SP;AS60-AS1-20180127160503
2018-01-27 16:05:58.428;SQ;AS60-AS1-20180127160558
2018-01-27 16:06:29.349;RC;AS60-AS1-20180127160503
2018-01-27 16:06:30.195;SS;AS60-AS1-20180127160503
2018-01-27 16:06:32.005;RU;AS60-AS1-20180127160358
2018-01-27 16:06:33.840;VU;AS60-AS1-20180127160358
2018-01-27 16:06:57.572;RO;AS60-AS1-20180127160558
2018-01-27 16:06:58.843;SP;AS60-AS1-20180127160558
2018-01-27 16:07:00.504;SQ;AS60-AS1-20180127160700
2018-01-27 16:07:34.265;RU;AS60-AS1-20180127160503
2018-01-27 16:07:36.115;VU;AS60-AS1-20180127160503
2018-01-27 16:07:56.691;RC;AS60-AS1-20180127160558
2018-01-27 16:07:57.543;SS;AS60-AS1-20180127160558
2018-01-27 16:08:10.120;RO;AS60-AS1-20180127160700
2018-01-27 16:08:11.436;SP;AS60-AS1-20180127160700
2018-01-27 16:08:13.141;SQ;AS60-AS1-20180127160813
2018-01-27 16:08:45.366;RC;AS60-AS1-20180127160700
2018-01-27 16:08:46.217;SS;AS60-AS1-20180127160700
2018-01-27 16:08:58.424;RU;AS60-AS1-20180127160558
2018-01-27 16:09:00.275;VU;AS60-AS1-20180127160558
2018-01-27 16:09:13.575;RO;AS60-AS1-20180127160813
2018-01-27 16:09:14.541;SP;AS60-AS1-20180127160813
2018-01-27 16:09:16.216;SQ;AS60-AS1-20180127160916
2018-01-27 16:09:45.035;RC;AS60-AS1-20180127160813
2018-01-27 16:09:45.902;SS;AS60-AS1-20180127160813
2018-01-27 16:09:47.291;RU;AS60-AS1-20180127160700
2018-01-27 16:09:49.158;VU;AS60-AS1-20180127160700
2018-01-27 16:10:19.732;RO;AS60-AS1-20180127160916
2018-01-27 16:10:21.590;SP;AS60-AS1-20180127160916
2018-01-27 16:10:24.294;SQ;AS60-AS1-20180127161024
2018-01-27 16:10:51.989;RC;AS60-AS1-20180127160916
2018-01-27 16:10:52.459;RU;AS60-AS1-20180127160813
2018-01-27 16:10:53.153;SS;AS60-AS1-20180127160916
2018-01-27 16:10:54.676;VU;AS60-AS1-20180127160813
2018-01-27 16:11:48.429;RO;AS60-AS1-20180127161024
2018-01-27 16:11:49.757;SP;AS60-AS1-20180127161024
2018-01-27 16:11:51.575;SQ;AS60-AS1-20180127161151
2018-01-27 16:11:54.522;RU;AS60-AS1-20180127160916
2018-01-27 16:11:56.338;VU;AS60-AS1-20180127160916
2018-01-27 16:12:23.119;RC;AS60-AS1-20180127161024
2018-01-27 16:12:24.236;SS;AS60-AS1-20180127161024
2018-01-27 16:12:52.983;RO;AS60-AS1-20180127161151
2018-01-27 16:12:54.922;SP;AS60-AS1-20180127161151
2018-01-27 16:12:57.252;SQ;AS60-AS1-20180127161257
2018-01-27 16:13:23.006;RC;AS60-AS1-20180127161151
2018-01-27 16:13:24.179;SS;AS60-AS1-20180127161151
2018-01-27 16:13:24.573;RU;AS60-AS1-20180127161024
2018-01-27 16:13:27.397;VU;AS60-AS1-20180127161024
2018-01-27 16:13:53.214;RO;AS60-AS1-20180127161257
2018-01-27 16:13:54.136;SP;AS60-AS1-20180127161257
2018-01-27 16:13:56.526;SQ;AS60-AS1-20180127161356
2018-01-27 16:14:23.515;RC;AS60-AS1-20180127161257
2018-01-27 16:14:24.358;SS;AS60-AS1-20180127161257
2018-01-27 16:14:30.953;RU;AS60-AS1-20180127161151
2018-01-27 16:14:32.804;VU;AS60-AS1-20180127161151
2018-01-27 16:14:58.105;RO;AS60-AS1-20180127161356
2018-01-27 16:14:59.455;SP;AS60-AS1-20180127161356
2018-01-27 16:15:01.160;SQ;AS60-AS1-20180127161501
2018-01-27 16:15:22.930;RC;AS60-AS1-20180127161356
2018-01-27 16:15:23.780;SS;AS60-AS1-20180127161356
2018-01-27 16:15:26.960;RU;AS60-AS1-20180127161257
2018-01-27 16:15:29.541;VU;AS60-AS1-20180127161257
2018-01-27 16:15:58.861;RO;AS60-AS1-20180127161501
2018-01-27 16:16:00.074;SP;AS60-AS1-20180127161501
2018-01-27 16:16:01.810;SQ;AS60-AS1-20180127161601
2018-01-27 16:16:26.286;RU;AS60-AS1-20180127161356
2018-01-27 16:16:27.791;RC;AS60-AS1-20180127161501
2018-01-27 16:16:28.148;VU;AS60-AS1-20180127161356
2018-01-27 16:16:28.629;SS;AS60-AS1-20180127161501
2018-01-27 16:16:55.035;RO;AS60-AS1-20180127161601
2018-01-27 16:16:56.201;SP;AS60-AS1-20180127161601
2018-01-27 16:16:57.921;SQ;AS60-AS1-20180127161657
2018-01-27 16:17:18.300;RC;AS60-AS1-20180127161601
2018-01-27 16:17:19.603;SS;AS60-AS1-20180127161601
2018-01-27 16:18:01.050;RO;AS60-AS1-20180127161657
2018-01-27 16:18:01.785;RU;AS60-AS1-20180127161501
2018-01-27 16:18:02.879;SP;AS60-AS1-20180127161657
2018-01-27 16:18:04.532;VU;AS60-AS1-20180127161501
2018-01-27 16:18:04.911;SQ;AS60-AS1-20180127161804
2018-01-27 16:18:19.095;RU;AS60-AS1-20180127161601
2018-01-27 16:18:20.923;VU;AS60-AS1-20180127161601
2018-01-27 16:18:34.345;RC;AS60-AS1-20180127161657
2018-01-27 16:18:35.177;SS;AS60-AS1-20180127161657
2018-01-27 16:19:02.157;RO;AS60-AS1-20180127161804
2018-01-27 16:19:03.324;SP;AS60-AS1-20180127161804
2018-01-27 16:19:05.032;SQ;AS60-AS1-20180127161905
2018-01-27 16:19:23.724;RC;AS60-AS1-20180127161804
2018-01-27 16:19:25.474;SS;AS60-AS1-20180127161804
2018-01-27 16:19:37.697;RU;AS60-AS1-20180127161657
2018-01-27 16:19:39.512;VU;AS60-AS1-20180127161657
2018-01-27 16:20:05.868;RO;AS60-AS1-20180127161905
2018-01-27 16:20:06.942;SP;AS60-AS1-20180127161905
2018-01-27 16:20:08.655;SQ;AS60-AS1-20180127162008
2018-01-27 16:20:37.454;RU;AS60-AS1-20180127161804
2018-01-27 16:20:39.315;VU;AS60-AS1-20180127161804
2018-01-27 16:20:39.384;RC;AS60-AS1-20180127161905
2018-01-27 16:20:40.236;SS;AS60-AS1-20180127161905
2018-01-27 16:21:10.040;RO;AS60-AS1-20180127162008
2018-01-27 16:21:11.085;SP;AS60-AS1-20180127162008
2018-01-27 16:21:12.785;SQ;AS60-AS1-20180127162112
2018-01-27 16:21:36.890;RC;AS60-AS1-20180127162008
2018-01-27 16:21:37.730;SS;AS60-AS1-20180127162008
2018-01-27 16:21:38.472;RU;AS60-AS1-20180127161905
2018-01-27 16:21:40.324;VU;AS60-AS1-20180127161905
2018-01-27 16:22:13.631;RO;AS60-AS1-20180127162112
2018-01-27 16:22:14.709;SP;AS60-AS1-20180127162112
2018-01-27 16:22:17.067;SQ;AS60-AS1-20180127162217
2018-01-27 16:22:39.788;RU;AS60-AS1-20180127162008
2018-01-27 16:22:41.625;VU;AS60-AS1-20180127162008
2018-01-27 16:22:47.133;RC;AS60-AS1-20180127162112
2018-01-27 16:22:48.978;SS;AS60-AS1-20180127162112
2018-01-27 16:23:15.325;RO;AS60-AS1-20180127162217
2018-01-27 16:23:16.481;SP;AS60-AS1-20180127162217
2018-01-27 16:23:18.507;SQ;AS60-AS1-20180127162318
2018-01-27 16:23:50.071;RU;AS60-AS1-20180127162112
2018-01-27 16:23:52.693;VU;AS60-AS1-20180127162112
2018-01-27 16:23:53.719;RC;AS60-AS1-20180127162217
2018-01-27 16:23:54.583;SS;AS60-AS1-20180127162217
2018-01-27 16:24:18.081;RO;AS60-AS1-20180127162318
2018-01-27 16:24:19.423;SP;AS60-AS1-20180127162318
2018-01-27 16:24:21.535;SQ;AS60-AS1-20180127162421
2018-01-27 16:24:49.731;RC;AS60-AS1-20180127162318
2018-01-27 16:24:50.552;SS;AS60-AS1-20180127162318
2018-01-27 16:24:51.433;RU;AS60-AS1-20180127162217
2018-01-27 16:24:54.164;VU;AS60-AS1-20180127162217
2018-01-27 16:25:18.183;RO;AS60-AS1-20180127162421
2018-01-27 16:25:19.442;SP;AS60-AS1-20180127162421
2018-01-27 16:25:21.118;SQ;AS60-AS1-20180127162521
2018-01-27 16:25:47.744;RC;AS60-AS1-20180127162421
2018-01-27 16:25:48.597;SS;AS60-AS1-20180127162421
2018-01-27 16:25:53.087;RU;AS60-AS1-20180127162318
2018-01-27 16:25:55.719;VU;AS60-AS1-20180127162318
2018-01-27 16:26:23.261;RO;AS60-AS1-20180127162521
2018-01-27 16:26:24.522;SP;AS60-AS1-20180127162521
2018-01-27 16:26:27.799;SQ;AS60-AS1-20180127162627
2018-01-27 16:26:48.371;RU;AS60-AS1-20180127162421
2018-01-27 16:26:50.236;VU;AS60-AS1-20180127162421
2018-01-27 16:26:50.736;RC;AS60-AS1-20180127162521
2018-01-27 16:26:51.575;SS;AS60-AS1-20180127162521
2018-01-27 16:27:12.591;RO;AS60-AS1-20180127162627
2018-01-27 16:27:14.663;SP;AS60-AS1-20180127162627
2018-01-27 16:27:31.763;RC;AS60-AS1-20180127162627
2018-01-27 16:27:32.639;SS;AS60-AS1-20180127162627
2018-01-27 16:27:34.397;RU;AS60-AS1-20180127162521
2018-01-27 16:27:36.250;VU;AS60-AS1-20180127162521
2018-01-27 16:27:57.906;RU;AS60-AS1-20180127162627
2018-01-27 16:28:02.519;VU;AS60-AS1-20180127162627
