2018-01-27 15:56:12.570;SQ;AS63-AS1-20180127155612
2018-01-27 15:56:44.529;RO;AS63-AS1-20180127155612
2018-01-27 15:56:45.432;SP;AS63-AS1-20180127155612
2018-01-27 15:56:47.126;SQ;AS63-AS1-20180127155647
2018-01-27 15:57:35.032;RC;AS63-AS1-20180127155612
2018-01-27 15:57:35.892;SS;AS63-AS1-20180127155612
2018-01-27 15:57:43.274;RO;AS63-AS1-20180127155647
2018-01-27 15:57:44.565;SP;AS63-AS1-20180127155647
2018-01-27 15:57:47.461;SQ;AS63-AS1-20180127155747
2018-01-27 15:58:39.210;RU;AS63-AS1-20180127155612
2018-01-27 15:58:41.058;VU;AS63-AS1-20180127155612
2018-01-27 15:58:41.737;RO;AS63-AS1-20180127155747
2018-01-27 15:58:41.737;RC;AS63-AS1-20180127155647
2018-01-27 15:58:43.100;SS;AS63-AS1-20180127155647
2018-01-27 15:58:43.467;SP;AS63-AS1-20180127155747
2018-01-27 15:58:45.169;SQ;AS63-AS1-20180127155845
2018-01-27 15:59:12.621;RC;AS63-AS1-20180127155747
2018-01-27 15:59:13.460;SS;AS63-AS1-20180127155747
2018-01-27 15:59:44.162;RU;AS63-AS1-20180127155647
2018-01-27 15:59:44.616;RO;AS63-AS1-20180127155845
2018-01-27 15:59:45.844;SP;AS63-AS1-20180127155845
2018-01-27 15:59:46.235;VU;AS63-AS1-20180127155647
2018-01-27 15:59:47.540;SQ;AS63-AS1-20180127155947
2018-01-27 16:00:16.299;RC;AS63-AS1-20180127155845
2018-01-27 16:00:17.158;SS;AS63-AS1-20180127155845
2018-01-27 16:00:18.865;RU;AS63-AS1-20180127155747
2018-01-27 16:00:20.731;VU;AS63-AS1-20180127155747
2018-01-27 16:01:14.420;RO;AS63-AS1-20180127155947
2018-01-27 16:01:15.493;SP;AS63-AS1-20180127155947
2018-01-27 16:01:17.201;SQ;AS63-AS1-20180127160117
2018-01-27 16:01:28.154;RU;AS63-AS1-20180127155845
2018-01-27 16:01:30.006;VU;AS63-AS1-20180127155845
2018-01-27 16:01:50.005;RC;AS63-AS1-20180127155947
2018-01-27 16:01:50.844;SS;AS63-AS1-20180127155947
2018-01-27 16:02:16.704;RO;AS63-AS1-20180127160117
2018-01-27 16:02:17.644;SP;AS63-AS1-20180127160117
2018-01-27 16:02:19.411;SQ;AS63-AS1-20180127160219
2018-01-27 16:02:48.117;RC;AS63-AS1-20180127160117
2018-01-27 16:02:48.968;SS;AS63-AS1-20180127160117
2018-01-27 16:02:55.834;RU;AS63-AS1-20180127155947
2018-01-27 16:02:57.708;VU;AS63-AS1-20180127155947
2018-01-27 16:03:22.971;RO;AS63-AS1-20180127160219
2018-01-27 16:03:23.835;SP;AS63-AS1-20180127160219
2018-01-27 16:03:25.549;SQ;AS63-AS1-20180127160325
2018-01-27 16:03:49.193;RU;AS63-AS1-20180127160117
2018-01-27 16:03:51.047;VU;AS63-AS1-20180127160117
2018-01-27 16:03:51.797;RC;AS63-AS1-20180127160219
2018-01-27 16:03:52.663;SS;AS63-AS1-20180127160219
2018-01-27 16:04:29.013;RO;AS63-AS1-20180127160325
2018-01-27 16:04:30.338;SP;AS63-AS1-20180127160325
2018-01-27 16:04:32.074;SQ;AS63-AS1-20180127160432
2018-01-27 16:04:53.395;RU;AS63-AS1-20180127160219
2018-01-27 16:04:55.261;VU;AS63-AS1-20180127160219
2018-01-27 16:05:03.111;RC;AS63-AS1-20180127160325
2018-01-27 16:05:03.978;SS;AS63-AS1-20180127160325
2018-01-27 16:05:40.646;RO;AS63-AS1-20180127160432
2018-01-27 16:05:41.507;SP;AS63-AS1-20180127160432
2018-01-27 16:05:43.236;SQ;AS63-AS1-20180127160543
2018-01-27 16:06:01.610;RU;AS63-AS1-20180127160325
2018-01-27 16:06:03.508;VU;AS63-AS1-20180127160325
2018-01-27 16:06:12.676;RC;AS63-AS1-20180127160432
2018-01-27 16:06:13.509;SS;AS63-AS1-20180127160432
2018-01-27 16:06:41.715;RO;AS63-AS1-20180127160543
2018-01-27 16:06:42.645;SP;AS63-AS1-20180127160543
2018-01-27 16:06:44.332;SQ;AS63-AS1-20180127160644
2018-01-27 16:07:14.095;RU;AS63-AS1-20180127160432
2018-01-27 16:07:15.946;VU;AS63-AS1-20180127160432
2018-01-27 16:08:04.499;RO;AS63-AS1-20180127160644
2018-01-27 16:08:05.766;SP;AS63-AS1-20180127160644
2018-01-27 16:08:07.473;SQ;AS63-AS1-20180127160807
2018-01-27 16:08:11.531;RC;AS63-AS1-20180127160543
2018-01-27 16:08:12.411;SS;AS63-AS1-20180127160543
2018-01-27 16:08:40.280;RC;AS63-AS1-20180127160644
2018-01-27 16:08:41.127;SS;AS63-AS1-20180127160644
2018-01-27 16:09:00.338;RO;AS63-AS1-20180127160807
2018-01-27 16:09:01.404;SP;AS63-AS1-20180127160807
2018-01-27 16:09:03.142;SQ;AS63-AS1-20180127160903
2018-01-27 16:09:17.889;RU;AS63-AS1-20180127160543
2018-01-27 16:09:19.733;VU;AS63-AS1-20180127160543
2018-01-27 16:09:30.440;RC;AS63-AS1-20180127160807
2018-01-27 16:09:31.284;SS;AS63-AS1-20180127160807
2018-01-27 16:09:49.470;RU;AS63-AS1-20180127160644
2018-01-27 16:09:52.338;VU;AS63-AS1-20180127160644
2018-01-27 16:09:58.921;RO;AS63-AS1-20180127160903
2018-01-27 16:10:00.046;SP;AS63-AS1-20180127160903
2018-01-27 16:10:01.743;SQ;AS63-AS1-20180127161001
2018-01-27 16:10:25.213;RC;AS63-AS1-20180127160903
2018-01-27 16:10:25.252;RU;AS63-AS1-20180127160807
2018-01-27 16:10:26.875;SS;AS63-AS1-20180127160903
2018-01-27 16:10:27.878;VU;AS63-AS1-20180127160807
2018-01-27 16:11:02.116;RO;AS63-AS1-20180127161001
2018-01-27 16:11:03.166;SP;AS63-AS1-20180127161001
2018-01-27 16:11:04.854;SQ;AS63-AS1-20180127161104
2018-01-27 16:11:31.695;RC;AS63-AS1-20180127161001
2018-01-27 16:11:32.534;SS;AS63-AS1-20180127161001
2018-01-27 16:11:33.583;RU;AS63-AS1-20180127160903
2018-01-27 16:11:35.410;VU;AS63-AS1-20180127160903
2018-01-27 16:12:02.325;RO;AS63-AS1-20180127161104
2018-01-27 16:12:03.250;SP;AS63-AS1-20180127161104
2018-01-27 16:12:04.944;SQ;AS63-AS1-20180127161204
2018-01-27 16:12:34.345;RU;AS63-AS1-20180127161001
2018-01-27 16:12:34.639;RC;AS63-AS1-20180127161104
2018-01-27 16:12:36.049;SS;AS63-AS1-20180127161104
2018-01-27 16:12:36.732;VU;AS63-AS1-20180127161001
2018-01-27 16:13:05.203;RO;AS63-AS1-20180127161204
2018-01-27 16:13:06.356;SP;AS63-AS1-20180127161204
2018-01-27 16:13:08.038;SQ;AS63-AS1-20180127161308
2018-01-27 16:13:38.283;RU;AS63-AS1-20180127161104
2018-01-27 16:13:40.453;VU;AS63-AS1-20180127161104
2018-01-27 16:13:42.019;RC;AS63-AS1-20180127161204
2018-01-27 16:13:42.880;SS;AS63-AS1-20180127161204
2018-01-27 16:14:10.326;RO;AS63-AS1-20180127161308
2018-01-27 16:14:12.350;SP;AS63-AS1-20180127161308
2018-01-27 16:14:14.279;SQ;AS63-AS1-20180127161414
2018-01-27 16:14:34.953;RC;AS63-AS1-20180127161308
2018-01-27 16:14:35.827;SS;AS63-AS1-20180127161308
2018-01-27 16:14:54.678;RU;AS63-AS1-20180127161204
2018-01-27 16:14:56.515;VU;AS63-AS1-20180127161204
2018-01-27 16:15:15.158;RO;AS63-AS1-20180127161414
2018-01-27 16:15:16.191;SP;AS63-AS1-20180127161414
2018-01-27 16:15:17.901;SQ;AS63-AS1-20180127161517
2018-01-27 16:15:38.488;RC;AS63-AS1-20180127161414
2018-01-27 16:15:39.315;SS;AS63-AS1-20180127161414
2018-01-27 16:15:39.480;RU;AS63-AS1-20180127161308
2018-01-27 16:15:41.323;VU;AS63-AS1-20180127161308
2018-01-27 16:16:23.022;RO;AS63-AS1-20180127161517
2018-01-27 16:16:24.293;SP;AS63-AS1-20180127161517
2018-01-27 16:16:25.995;SQ;AS63-AS1-20180127161625
2018-01-27 16:16:39.187;RU;AS63-AS1-20180127161414
2018-01-27 16:16:41.032;VU;AS63-AS1-20180127161414
2018-01-27 16:16:53.091;RC;AS63-AS1-20180127161517
2018-01-27 16:16:53.933;SS;AS63-AS1-20180127161517
2018-01-27 16:17:22.955;RO;AS63-AS1-20180127161625
2018-01-27 16:17:23.892;SP;AS63-AS1-20180127161625
2018-01-27 16:17:25.650;SQ;AS63-AS1-20180127161725
2018-01-27 16:17:50.993;RC;AS63-AS1-20180127161625
2018-01-27 16:17:52.664;SS;AS63-AS1-20180127161625
2018-01-27 16:18:00.720;RU;AS63-AS1-20180127161517
2018-01-27 16:18:02.595;VU;AS63-AS1-20180127161517
2018-01-27 16:18:31.692;RO;AS63-AS1-20180127161725
2018-01-27 16:18:32.584;SP;AS63-AS1-20180127161725
2018-01-27 16:18:34.312;SQ;AS63-AS1-20180127161834
2018-01-27 16:18:50.505;RU;AS63-AS1-20180127161625
2018-01-27 16:18:52.379;VU;AS63-AS1-20180127161625
2018-01-27 16:19:02.163;RC;AS63-AS1-20180127161725
2018-01-27 16:19:03.007;SS;AS63-AS1-20180127161725
2018-01-27 16:19:36.339;RO;AS63-AS1-20180127161834
2018-01-27 16:19:37.240;SP;AS63-AS1-20180127161834
2018-01-27 16:19:38.946;SQ;AS63-AS1-20180127161938
2018-01-27 16:20:04.500;RU;AS63-AS1-20180127161725
2018-01-27 16:20:06.368;VU;AS63-AS1-20180127161725
2018-01-27 16:20:06.888;RC;AS63-AS1-20180127161834
2018-01-27 16:20:07.760;SS;AS63-AS1-20180127161834
2018-01-27 16:20:36.621;RO;AS63-AS1-20180127161938
2018-01-27 16:20:37.878;SP;AS63-AS1-20180127161938
2018-01-27 16:20:39.601;SQ;AS63-AS1-20180127162039
2018-01-27 16:21:09.526;RU;AS63-AS1-20180127161834
2018-01-27 16:21:09.711;RC;AS63-AS1-20180127161938
2018-01-27 16:21:11.242;SS;AS63-AS1-20180127161938
2018-01-27 16:21:11.975;VU;AS63-AS1-20180127161834
2018-01-27 16:21:35.933;RO;AS63-AS1-20180127162039
2018-01-27 16:21:37.028;SP;AS63-AS1-20180127162039
2018-01-27 16:21:38.751;SQ;AS63-AS1-20180127162138
2018-01-27 16:22:07.530;RC;AS63-AS1-20180127162039
2018-01-27 16:22:08.386;SS;AS63-AS1-20180127162039
2018-01-27 16:22:10.544;RU;AS63-AS1-20180127161938
2018-01-27 16:22:12.397;VU;AS63-AS1-20180127161938
2018-01-27 16:22:39.042;RO;AS63-AS1-20180127162138
2018-01-27 16:22:40.190;SP;AS63-AS1-20180127162138
2018-01-27 16:22:41.938;SQ;AS63-AS1-20180127162241
2018-01-27 16:23:02.868;RU;AS63-AS1-20180127162039
2018-01-27 16:23:05.705;VU;AS63-AS1-20180127162039
2018-01-27 16:23:12.167;RC;AS63-AS1-20180127162138
2018-01-27 16:23:13.044;SS;AS63-AS1-20180127162138
2018-01-27 16:23:42.432;RO;AS63-AS1-20180127162241
2018-01-27 16:23:43.372;SP;AS63-AS1-20180127162241
2018-01-27 16:23:45.091;SQ;AS63-AS1-20180127162345
2018-01-27 16:24:05.919;RU;AS63-AS1-20180127162138
2018-01-27 16:24:08.561;VU;AS63-AS1-20180127162138
2018-01-27 16:24:14.314;RC;AS63-AS1-20180127162241
2018-01-27 16:24:15.178;SS;AS63-AS1-20180127162241
2018-01-27 16:24:44.086;RO;AS63-AS1-20180127162345
2018-01-27 16:24:45.006;SP;AS63-AS1-20180127162345
2018-01-27 16:24:46.677;SQ;AS63-AS1-20180127162446
2018-01-27 16:25:16.314;RU;AS63-AS1-20180127162241
2018-01-27 16:25:18.165;VU;AS63-AS1-20180127162241
2018-01-27 16:25:38.641;RC;AS63-AS1-20180127162345
2018-01-27 16:25:40.265;SS;AS63-AS1-20180127162345
2018-01-27 16:25:45.966;RO;AS63-AS1-20180127162446
2018-01-27 16:25:47.109;SP;AS63-AS1-20180127162446
2018-01-27 16:25:48.814;SQ;AS63-AS1-20180127162548
2018-01-27 16:26:18.164;RC;AS63-AS1-20180127162446
2018-01-27 16:26:19.006;SS;AS63-AS1-20180127162446
2018-01-27 16:26:34.667;RU;AS63-AS1-20180127162345
2018-01-27 16:26:36.528;VU;AS63-AS1-20180127162345
2018-01-27 16:27:07.211;RO;AS63-AS1-20180127162548
2018-01-27 16:27:08.257;SP;AS63-AS1-20180127162548
2018-01-27 16:27:09.981;SQ;AS63-AS1-20180127162709
2018-01-27 16:27:15.278;RU;AS63-AS1-20180127162446
2018-01-27 16:27:17.136;VU;AS63-AS1-20180127162446
2018-01-27 16:27:30.845;RC;AS63-AS1-20180127162548
2018-01-27 16:27:31.687;SS;AS63-AS1-20180127162548
2018-01-27 16:27:46.375;RO;AS63-AS1-20180127162709
2018-01-27 16:27:47.377;SP;AS63-AS1-20180127162709
2018-01-27 16:27:58.402;RU;AS63-AS1-20180127162548
2018-01-27 16:27:58.412;RC;AS63-AS1-20180127162709
2018-01-27 16:28:01.852;SS;AS63-AS1-20180127162709
2018-01-27 16:28:02.855;VU;AS63-AS1-20180127162548
2018-01-27 16:28:10.276;RU;AS63-AS1-20180127162709
2018-01-27 16:28:14.852;VU;AS63-AS1-20180127162709
