2018-01-27 15:55:58.978;SQ;AS68-AS1-20180127155558
2018-01-27 15:56:19.072;RO;AS68-AS1-20180127155558
2018-01-27 15:56:20.342;SP;AS68-AS1-20180127155558
2018-01-27 15:56:22.007;SQ;AS68-AS1-20180127155622
2018-01-27 15:56:36.890;RC;AS68-AS1-20180127155558
2018-01-27 15:56:37.713;SS;AS68-AS1-20180127155558
2018-01-27 15:57:07.984;RO;AS68-AS1-20180127155622
2018-01-27 15:57:08.900;SP;AS68-AS1-20180127155622
2018-01-27 15:57:10.574;SQ;AS68-AS1-20180127155710
2018-01-27 15:57:30.528;RU;AS68-AS1-20180127155558
2018-01-27 15:57:33.328;VU;AS68-AS1-20180127155558
2018-01-27 15:57:36.944;RC;AS68-AS1-20180127155622
2018-01-27 15:57:37.787;SS;AS68-AS1-20180127155622
2018-01-27 15:58:07.183;RO;AS68-AS1-20180127155710
2018-01-27 15:58:08.456;SP;AS68-AS1-20180127155710
2018-01-27 15:58:10.078;SQ;AS68-AS1-20180127155810
2018-01-27 15:58:39.415;RC;AS68-AS1-20180127155710
2018-01-27 15:58:39.424;RU;AS68-AS1-20180127155622
2018-01-27 15:58:41.101;SS;AS68-AS1-20180127155710
2018-01-27 15:58:42.106;VU;AS68-AS1-20180127155622
2018-01-27 15:59:09.952;RO;AS68-AS1-20180127155810
2018-01-27 15:59:11.000;SP;AS68-AS1-20180127155810
2018-01-27 15:59:12.645;SQ;AS68-AS1-20180127155912
2018-01-27 15:59:35.789;RC;AS68-AS1-20180127155810
2018-01-27 15:59:36.751;SS;AS68-AS1-20180127155810
2018-01-27 15:59:42.696;RU;AS68-AS1-20180127155710
2018-01-27 15:59:44.522;VU;AS68-AS1-20180127155710
2018-01-27 16:00:13.361;RO;AS68-AS1-20180127155912
2018-01-27 16:00:14.538;SP;AS68-AS1-20180127155912
2018-01-27 16:00:16.230;SQ;AS68-AS1-20180127160016
2018-01-27 16:00:32.634;RU;AS68-AS1-20180127155810
2018-01-27 16:00:34.484;VU;AS68-AS1-20180127155810
2018-01-27 16:00:43.926;RC;AS68-AS1-20180127155912
2018-01-27 16:00:44.740;SS;AS68-AS1-20180127155912
2018-01-27 16:01:24.810;RO;AS68-AS1-20180127160016
2018-01-27 16:01:26.152;SP;AS68-AS1-20180127160016
2018-01-27 16:01:27.817;SQ;AS68-AS1-20180127160127
2018-01-27 16:01:34.537;RU;AS68-AS1-20180127155912
2018-01-27 16:01:36.364;VU;AS68-AS1-20180127155912
2018-01-27 16:01:51.816;RC;AS68-AS1-20180127160016
2018-01-27 16:01:52.643;SS;AS68-AS1-20180127160016
2018-01-27 16:02:37.131;RO;AS68-AS1-20180127160127
2018-01-27 16:02:38.245;SP;AS68-AS1-20180127160127
2018-01-27 16:02:41.167;SQ;AS68-AS1-20180127160241
2018-01-27 16:02:45.036;RU;AS68-AS1-20180127160016
2018-01-27 16:02:46.868;VU;AS68-AS1-20180127160016
2018-01-27 16:03:07.599;RC;AS68-AS1-20180127160127
2018-01-27 16:03:08.418;SS;AS68-AS1-20180127160127
2018-01-27 16:03:41.331;RO;AS68-AS1-20180127160241
2018-01-27 16:03:42.977;SP;AS68-AS1-20180127160241
2018-01-27 16:03:44.643;SQ;AS68-AS1-20180127160344
2018-01-27 16:04:13.473;RU;AS68-AS1-20180127160127
2018-01-27 16:04:15.305;VU;AS68-AS1-20180127160127
2018-01-27 16:04:15.645;RC;AS68-AS1-20180127160241
2018-01-27 16:04:16.476;SS;AS68-AS1-20180127160241
2018-01-27 16:04:45.823;RO;AS68-AS1-20180127160344
2018-01-27 16:04:47.021;SP;AS68-AS1-20180127160344
2018-01-27 16:04:48.702;SQ;AS68-AS1-20180127160448
2018-01-27 16:05:12.671;RC;AS68-AS1-20180127160344
2018-01-27 16:05:13.661;SS;AS68-AS1-20180127160344
2018-01-27 16:05:22.726;RU;AS68-AS1-20180127160241
2018-01-27 16:05:24.543;VU;AS68-AS1-20180127160241
2018-01-27 16:06:15.594;RU;AS68-AS1-20180127160344
2018-01-27 16:06:17.552;VU;AS68-AS1-20180127160344
2018-01-27 16:06:20.937;RO;AS68-AS1-20180127160448
2018-01-27 16:06:22.149;SP;AS68-AS1-20180127160448
2018-01-27 16:06:23.788;SQ;AS68-AS1-20180127160623
2018-01-27 16:06:51.027;RC;AS68-AS1-20180127160448
2018-01-27 16:06:51.877;SS;AS68-AS1-20180127160448
2018-01-27 16:07:19.918;RO;AS68-AS1-20180127160623
2018-01-27 16:07:21.184;SP;AS68-AS1-20180127160623
2018-01-27 16:07:22.827;SQ;AS68-AS1-20180127160722
2018-01-27 16:07:46.743;RC;AS68-AS1-20180127160623
2018-01-27 16:07:48.434;SS;AS68-AS1-20180127160623
2018-01-27 16:07:57.674;RU;AS68-AS1-20180127160448
2018-01-27 16:07:59.498;VU;AS68-AS1-20180127160448
2018-01-27 16:08:16.682;RO;AS68-AS1-20180127160722
2018-01-27 16:08:18.368;SP;AS68-AS1-20180127160722
2018-01-27 16:08:20.959;SQ;AS68-AS1-20180127160820
2018-01-27 16:08:46.499;RC;AS68-AS1-20180127160722
2018-01-27 16:08:47.336;SS;AS68-AS1-20180127160722
2018-01-27 16:08:59.542;RU;AS68-AS1-20180127160623
2018-01-27 16:09:01.368;VU;AS68-AS1-20180127160623
2018-01-27 16:09:14.231;RO;AS68-AS1-20180127160820
2018-01-27 16:09:15.384;SP;AS68-AS1-20180127160820
2018-01-27 16:09:17.054;SQ;AS68-AS1-20180127160917
2018-01-27 16:09:46.066;RU;AS68-AS1-20180127160722
2018-01-27 16:09:47.891;VU;AS68-AS1-20180127160722
2018-01-27 16:09:48.646;RC;AS68-AS1-20180127160820
2018-01-27 16:09:49.626;SS;AS68-AS1-20180127160820
2018-01-27 16:10:14.887;RO;AS68-AS1-20180127160917
2018-01-27 16:10:15.942;SP;AS68-AS1-20180127160917
2018-01-27 16:10:17.601;SQ;AS68-AS1-20180127161017
2018-01-27 16:10:50.419;RC;AS68-AS1-20180127160917
2018-01-27 16:10:51.086;RU;AS68-AS1-20180127160820
2018-01-27 16:10:52.662;SS;AS68-AS1-20180127160917
2018-01-27 16:11:20.243;RO;AS68-AS1-20180127161017
2018-01-27 16:11:23.658;SP;AS68-AS1-20180127161017
2018-01-27 16:11:25.956;SQ;AS68-AS1-20180127161125
2018-01-27 16:11:55.049;RC;AS68-AS1-20180127161017
2018-01-27 16:11:56.162;SS;AS68-AS1-20180127161017
2018-01-27 16:12:02.622;RU;AS68-AS1-20180127160917
2018-01-27 16:12:04.744;VU;AS68-AS1-20180127160917
2018-01-27 16:12:24.543;RO;AS68-AS1-20180127161125
2018-01-27 16:12:26.186;SP;AS68-AS1-20180127161125
2018-01-27 16:12:28.555;SQ;AS68-AS1-20180127161228
2018-01-27 16:12:54.076;RC;AS68-AS1-20180127161125
2018-01-27 16:12:56.040;SS;AS68-AS1-20180127161125
2018-01-27 16:13:01.087;RU;AS68-AS1-20180127161017
2018-01-27 16:13:03.228;VU;AS68-AS1-20180127161017
2018-01-27 16:13:31.608;RO;AS68-AS1-20180127161228
2018-01-27 16:13:32.517;SP;AS68-AS1-20180127161228
2018-01-27 16:13:35.036;SQ;AS68-AS1-20180127161335
2018-01-27 16:13:58.419;RU;AS68-AS1-20180127161125
2018-01-27 16:14:00.533;VU;AS68-AS1-20180127161125
2018-01-27 16:14:05.857;RC;AS68-AS1-20180127161228
2018-01-27 16:14:06.770;SS;AS68-AS1-20180127161228
2018-01-27 16:14:38.336;RO;AS68-AS1-20180127161335
2018-01-27 16:14:39.551;SP;AS68-AS1-20180127161335
2018-01-27 16:14:43.314;SQ;AS68-AS1-20180127161443
2018-01-27 16:15:09.544;RC;AS68-AS1-20180127161335
2018-01-27 16:15:10.607;SS;AS68-AS1-20180127161335
2018-01-27 16:15:13.366;RU;AS68-AS1-20180127161228
2018-01-27 16:15:16.178;VU;AS68-AS1-20180127161228
2018-01-27 16:15:38.840;RO;AS68-AS1-20180127161443
2018-01-27 16:15:40.064;SP;AS68-AS1-20180127161443
2018-01-27 16:15:42.950;SQ;AS68-AS1-20180127161542
2018-01-27 16:16:12.497;RC;AS68-AS1-20180127161443
2018-01-27 16:16:14.570;SS;AS68-AS1-20180127161443
2018-01-27 16:16:14.777;RU;AS68-AS1-20180127161335
2018-01-27 16:16:18.039;VU;AS68-AS1-20180127161335
2018-01-27 16:16:44.214;RO;AS68-AS1-20180127161542
2018-01-27 16:16:47.532;SP;AS68-AS1-20180127161542
2018-01-27 16:16:50.053;SQ;AS68-AS1-20180127161650
2018-01-27 16:17:15.934;RU;AS68-AS1-20180127161443
2018-01-27 16:17:18.011;RC;AS68-AS1-20180127161542
2018-01-27 16:17:18.467;VU;AS68-AS1-20180127161443
2018-01-27 16:17:20.151;SS;AS68-AS1-20180127161542
2018-01-27 16:17:53.776;RO;AS68-AS1-20180127161650
2018-01-27 16:17:55.065;SP;AS68-AS1-20180127161650
2018-01-27 16:17:57.496;SQ;AS68-AS1-20180127161757
2018-01-27 16:18:21.246;RU;AS68-AS1-20180127161542
2018-01-27 16:18:23.966;VU;AS68-AS1-20180127161542
2018-01-27 16:18:28.831;RC;AS68-AS1-20180127161650
2018-01-27 16:18:30.491;SS;AS68-AS1-20180127161650
2018-01-27 16:19:01.909;RO;AS68-AS1-20180127161757
2018-01-27 16:19:03.456;SP;AS68-AS1-20180127161757
2018-01-27 16:19:05.850;SQ;AS68-AS1-20180127161905
2018-01-27 16:19:32.685;RC;AS68-AS1-20180127161757
2018-01-27 16:19:34.287;SS;AS68-AS1-20180127161757
2018-01-27 16:19:39.064;RU;AS68-AS1-20180127161650
2018-01-27 16:19:42.979;VU;AS68-AS1-20180127161650
2018-01-27 16:19:53.129;RO;AS68-AS1-20180127161905
2018-01-27 16:19:55.338;SP;AS68-AS1-20180127161905
2018-01-27 16:19:59.240;SQ;AS68-AS1-20180127161959
2018-01-27 16:20:24.652;RC;AS68-AS1-20180127161905
2018-01-27 16:20:25.961;SS;AS68-AS1-20180127161905
2018-01-27 16:20:33.252;RU;AS68-AS1-20180127161757
2018-01-27 16:20:35.670;VU;AS68-AS1-20180127161757
2018-01-27 16:20:56.051;RO;AS68-AS1-20180127161959
2018-01-27 16:20:58.339;SP;AS68-AS1-20180127161959
2018-01-27 16:21:01.928;SQ;AS68-AS1-20180127162101
2018-01-27 16:21:25.751;RU;AS68-AS1-20180127161905
2018-01-27 16:21:27.857;RC;AS68-AS1-20180127161959
2018-01-27 16:21:28.158;VU;AS68-AS1-20180127161905
2018-01-27 16:21:30.349;SS;AS68-AS1-20180127161959
2018-01-27 16:21:59.385;RO;AS68-AS1-20180127162101
2018-01-27 16:22:01.546;SP;AS68-AS1-20180127162101
2018-01-27 16:22:05.074;SQ;AS68-AS1-20180127162205
2018-01-27 16:22:31.825;RC;AS68-AS1-20180127162101
2018-01-27 16:22:32.536;RU;AS68-AS1-20180127161959
2018-01-27 16:22:34.753;SS;AS68-AS1-20180127162101
2018-01-27 16:22:36.486;VU;AS68-AS1-20180127161959
2018-01-27 16:23:10.683;RO;AS68-AS1-20180127162205
2018-01-27 16:23:12.803;SP;AS68-AS1-20180127162205
2018-01-27 16:23:15.263;SQ;AS68-AS1-20180127162315
2018-01-27 16:23:27.215;RU;AS68-AS1-20180127162101
2018-01-27 16:23:29.051;VU;AS68-AS1-20180127162101
2018-01-27 16:23:40.922;RC;AS68-AS1-20180127162205
2018-01-27 16:23:41.774;SS;AS68-AS1-20180127162205
2018-01-27 16:24:14.310;RO;AS68-AS1-20180127162315
2018-01-27 16:24:15.354;SP;AS68-AS1-20180127162315
2018-01-27 16:24:17.705;SQ;AS68-AS1-20180127162417
2018-01-27 16:24:43.845;RC;AS68-AS1-20180127162315
2018-01-27 16:24:44.680;SS;AS68-AS1-20180127162315
2018-01-27 16:24:48.276;RU;AS68-AS1-20180127162205
2018-01-27 16:24:50.785;VU;AS68-AS1-20180127162205
2018-01-27 16:25:14.208;RO;AS68-AS1-20180127162417
2018-01-27 16:25:15.275;SP;AS68-AS1-20180127162417
2018-01-27 16:25:17.651;SQ;AS68-AS1-20180127162517
2018-01-27 16:25:46.252;RC;AS68-AS1-20180127162417
2018-01-27 16:25:47.358;SS;AS68-AS1-20180127162417
2018-01-27 16:25:47.477;RU;AS68-AS1-20180127162315
2018-01-27 16:25:49.764;VU;AS68-AS1-20180127162315
2018-01-27 16:26:09.234;RO;AS68-AS1-20180127162517
2018-01-27 16:26:11.966;SP;AS68-AS1-20180127162517
2018-01-27 16:26:14.819;SQ;AS68-AS1-20180127162614
2018-01-27 16:26:34.503;RC;AS68-AS1-20180127162517
2018-01-27 16:26:35.591;SS;AS68-AS1-20180127162517
2018-01-27 16:26:49.533;RU;AS68-AS1-20180127162417
2018-01-27 16:26:52.133;VU;AS68-AS1-20180127162417
2018-01-27 16:27:07.152;RO;AS68-AS1-20180127162614
2018-01-27 16:27:08.790;SP;AS68-AS1-20180127162614
2018-01-27 16:27:23.994;RU;AS68-AS1-20180127162517
2018-01-27 16:27:26.603;VU;AS68-AS1-20180127162517
2018-01-27 16:27:29.520;RC;AS68-AS1-20180127162614
2018-01-27 16:27:31.474;SS;AS68-AS1-20180127162614
2018-01-27 16:27:58.419;RU;AS68-AS1-20180127162614
2018-01-27 16:28:03.747;VU;AS68-AS1-20180127162614
