2018-01-27 15:56:00.094;SQ;AS7-AS1-20180127155600
2018-01-27 15:56:27.187;RO;AS7-AS1-20180127155600
2018-01-27 15:56:28.434;SP;AS7-AS1-20180127155600
2018-01-27 15:56:30.015;SQ;AS7-AS1-20180127155630
2018-01-27 15:57:15.050;RC;AS7-AS1-20180127155600
2018-01-27 15:57:16.694;SS;AS7-AS1-20180127155600
2018-01-27 15:57:18.261;RO;AS7-AS1-20180127155630
2018-01-27 15:57:19.380;SP;AS7-AS1-20180127155630
2018-01-27 15:57:20.990;SQ;AS7-AS1-20180127155720
2018-01-27 15:57:51.172;RC;AS7-AS1-20180127155630
2018-01-27 15:57:51.984;SS;AS7-AS1-20180127155630
2018-01-27 15:58:24.527;RU;AS7-AS1-20180127155600
2018-01-27 15:58:24.723;RO;AS7-AS1-20180127155720
2018-01-27 15:58:26.147;SP;AS7-AS1-20180127155720
2018-01-27 15:58:26.601;VU;AS7-AS1-20180127155600
2018-01-27 15:58:27.705;SQ;AS7-AS1-20180127155827
2018-01-27 15:58:39.895;RU;AS7-AS1-20180127155630
2018-01-27 15:58:41.682;VU;AS7-AS1-20180127155630
2018-01-27 15:58:57.128;RC;AS7-AS1-20180127155720
2018-01-27 15:58:57.914;SS;AS7-AS1-20180127155720
2018-01-27 15:59:27.202;RO;AS7-AS1-20180127155827
2018-01-27 15:59:28.058;SP;AS7-AS1-20180127155827
2018-01-27 15:59:29.675;SQ;AS7-AS1-20180127155929
2018-01-27 15:59:49.096;RC;AS7-AS1-20180127155827
2018-01-27 15:59:50.303;SS;AS7-AS1-20180127155827
2018-01-27 16:00:01.460;RU;AS7-AS1-20180127155720
2018-01-27 16:00:03.293;VU;AS7-AS1-20180127155720
2018-01-27 16:00:28.218;RO;AS7-AS1-20180127155929
2018-01-27 16:00:29.025;SP;AS7-AS1-20180127155929
2018-01-27 16:00:30.607;SQ;AS7-AS1-20180127160030
2018-01-27 16:00:57.502;RU;AS7-AS1-20180127155827
2018-01-27 16:00:59.328;VU;AS7-AS1-20180127155827
2018-01-27 16:00:59.685;RC;AS7-AS1-20180127155929
2018-01-27 16:01:00.486;SS;AS7-AS1-20180127155929
2018-01-27 16:01:31.803;RO;AS7-AS1-20180127160030
2018-01-27 16:01:32.980;SP;AS7-AS1-20180127160030
2018-01-27 16:01:34.590;SQ;AS7-AS1-20180127160134
2018-01-27 16:02:07.755;RC;AS7-AS1-20180127160030
2018-01-27 16:02:08.706;RU;AS7-AS1-20180127155929
2018-01-27 16:02:08.767;SS;AS7-AS1-20180127160030
2018-01-27 16:02:11.431;VU;AS7-AS1-20180127155929
2018-01-27 16:02:38.413;RO;AS7-AS1-20180127160134
2018-01-27 16:02:40.267;SP;AS7-AS1-20180127160134
2018-01-27 16:02:42.297;SQ;AS7-AS1-20180127160242
2018-01-27 16:03:10.939;RC;AS7-AS1-20180127160134
2018-01-27 16:03:12.247;SS;AS7-AS1-20180127160134
2018-01-27 16:03:14.526;RU;AS7-AS1-20180127160030
2018-01-27 16:03:16.313;VU;AS7-AS1-20180127160030
2018-01-27 16:03:45.231;RO;AS7-AS1-20180127160242
2018-01-27 16:03:46.154;SP;AS7-AS1-20180127160242
2018-01-27 16:03:47.797;SQ;AS7-AS1-20180127160347
2018-01-27 16:04:14.259;RU;AS7-AS1-20180127160134
2018-01-27 16:04:16.083;VU;AS7-AS1-20180127160134
2018-01-27 16:04:19.877;RC;AS7-AS1-20180127160242
2018-01-27 16:04:20.663;SS;AS7-AS1-20180127160242
2018-01-27 16:04:51.471;RO;AS7-AS1-20180127160347
2018-01-27 16:04:52.662;SP;AS7-AS1-20180127160347
2018-01-27 16:04:54.284;SQ;AS7-AS1-20180127160454
2018-01-27 16:05:29.647;RU;AS7-AS1-20180127160242
2018-01-27 16:05:31.907;VU;AS7-AS1-20180127160242
2018-01-27 16:05:48.147;RO;AS7-AS1-20180127160454
2018-01-27 16:05:48.699;RC;AS7-AS1-20180127160347
2018-01-27 16:05:49.483;SP;AS7-AS1-20180127160454
2018-01-27 16:05:50.350;SS;AS7-AS1-20180127160347
2018-01-27 16:05:51.582;SQ;AS7-AS1-20180127160551
2018-01-27 16:06:17.448;RC;AS7-AS1-20180127160454
2018-01-27 16:06:18.240;SS;AS7-AS1-20180127160454
2018-01-27 16:06:55.080;RU;AS7-AS1-20180127160347
2018-01-27 16:06:55.201;RO;AS7-AS1-20180127160551
2018-01-27 16:06:56.675;SP;AS7-AS1-20180127160551
2018-01-27 16:06:57.066;VU;AS7-AS1-20180127160347
2018-01-27 16:06:58.283;SQ;AS7-AS1-20180127160658
2018-01-27 16:07:23.395;RU;AS7-AS1-20180127160454
2018-01-27 16:07:25.202;VU;AS7-AS1-20180127160454
2018-01-27 16:07:25.386;RC;AS7-AS1-20180127160551
2018-01-27 16:07:26.186;SS;AS7-AS1-20180127160551
2018-01-27 16:08:04.188;RO;AS7-AS1-20180127160658
2018-01-27 16:08:05.170;SP;AS7-AS1-20180127160658
2018-01-27 16:08:06.807;SQ;AS7-AS1-20180127160806
2018-01-27 16:08:26.152;RU;AS7-AS1-20180127160551
2018-01-27 16:08:27.939;VU;AS7-AS1-20180127160551
2018-01-27 16:08:40.408;RC;AS7-AS1-20180127160658
2018-01-27 16:08:41.224;SS;AS7-AS1-20180127160658
2018-01-27 16:09:07.070;RO;AS7-AS1-20180127160806
2018-01-27 16:09:08.189;SP;AS7-AS1-20180127160806
2018-01-27 16:09:09.802;SQ;AS7-AS1-20180127160909
2018-01-27 16:09:38.739;RC;AS7-AS1-20180127160806
2018-01-27 16:09:39.526;SS;AS7-AS1-20180127160806
2018-01-27 16:09:48.171;RU;AS7-AS1-20180127160658
2018-01-27 16:09:49.974;VU;AS7-AS1-20180127160658
2018-01-27 16:10:12.714;RO;AS7-AS1-20180127160909
2018-01-27 16:10:13.693;SP;AS7-AS1-20180127160909
2018-01-27 16:10:15.324;SQ;AS7-AS1-20180127161015
2018-01-27 16:10:43.009;RC;AS7-AS1-20180127160909
2018-01-27 16:10:43.805;SS;AS7-AS1-20180127160909
2018-01-27 16:10:44.812;RU;AS7-AS1-20180127160806
2018-01-27 16:10:46.628;VU;AS7-AS1-20180127160806
2018-01-27 16:11:17.421;RO;AS7-AS1-20180127161015
2018-01-27 16:11:18.685;SP;AS7-AS1-20180127161015
2018-01-27 16:11:20.309;SQ;AS7-AS1-20180127161120
2018-01-27 16:11:46.817;RU;AS7-AS1-20180127160909
2018-01-27 16:11:47.395;RC;AS7-AS1-20180127161015
2018-01-27 16:11:48.402;SS;AS7-AS1-20180127161015
2018-01-27 16:11:48.785;VU;AS7-AS1-20180127160909
2018-01-27 16:12:18.290;RO;AS7-AS1-20180127161120
2018-01-27 16:12:19.153;SP;AS7-AS1-20180127161120
2018-01-27 16:12:20.753;SQ;AS7-AS1-20180127161220
2018-01-27 16:12:51.108;RC;AS7-AS1-20180127161120
2018-01-27 16:12:51.898;SS;AS7-AS1-20180127161120
2018-01-27 16:13:07.457;RU;AS7-AS1-20180127161015
2018-01-27 16:13:09.265;VU;AS7-AS1-20180127161015
2018-01-27 16:13:22.287;RO;AS7-AS1-20180127161220
2018-01-27 16:13:23.119;SP;AS7-AS1-20180127161220
2018-01-27 16:13:26.052;SQ;AS7-AS1-20180127161326
2018-01-27 16:13:52.507;RC;AS7-AS1-20180127161220
2018-01-27 16:13:53.298;SS;AS7-AS1-20180127161220
2018-01-27 16:14:02.924;RU;AS7-AS1-20180127161120
2018-01-27 16:14:04.718;VU;AS7-AS1-20180127161120
2018-01-27 16:14:21.061;RO;AS7-AS1-20180127161326
2018-01-27 16:14:21.895;SP;AS7-AS1-20180127161326
2018-01-27 16:14:23.447;SQ;AS7-AS1-20180127161423
2018-01-27 16:14:53.771;RC;AS7-AS1-20180127161326
2018-01-27 16:14:54.562;SS;AS7-AS1-20180127161326
2018-01-27 16:14:56.254;RU;AS7-AS1-20180127161220
2018-01-27 16:14:59.022;VU;AS7-AS1-20180127161220
2018-01-27 16:15:22.080;RO;AS7-AS1-20180127161423
2018-01-27 16:15:23.286;SP;AS7-AS1-20180127161423
2018-01-27 16:15:24.875;SQ;AS7-AS1-20180127161524
2018-01-27 16:15:49.770;RC;AS7-AS1-20180127161423
2018-01-27 16:15:50.570;SS;AS7-AS1-20180127161423
2018-01-27 16:16:02.236;RU;AS7-AS1-20180127161326
2018-01-27 16:16:04.044;VU;AS7-AS1-20180127161326
2018-01-27 16:16:23.373;RO;AS7-AS1-20180127161524
2018-01-27 16:16:24.241;SP;AS7-AS1-20180127161524
2018-01-27 16:16:25.809;SQ;AS7-AS1-20180127161625
2018-01-27 16:16:47.203;RU;AS7-AS1-20180127161423
2018-01-27 16:16:48.984;VU;AS7-AS1-20180127161423
2018-01-27 16:16:52.342;RC;AS7-AS1-20180127161524
2018-01-27 16:16:53.129;SS;AS7-AS1-20180127161524
2018-01-27 16:17:20.397;RO;AS7-AS1-20180127161625
2018-01-27 16:17:21.663;SP;AS7-AS1-20180127161625
2018-01-27 16:17:23.273;SQ;AS7-AS1-20180127161723
2018-01-27 16:17:46.007;RC;AS7-AS1-20180127161625
2018-01-27 16:17:46.820;SS;AS7-AS1-20180127161625
2018-01-27 16:18:01.791;RU;AS7-AS1-20180127161524
2018-01-27 16:18:03.593;VU;AS7-AS1-20180127161524
2018-01-27 16:18:17.277;RO;AS7-AS1-20180127161723
2018-01-27 16:18:18.116;SP;AS7-AS1-20180127161723
2018-01-27 16:18:19.703;SQ;AS7-AS1-20180127161819
2018-01-27 16:18:37.570;RU;AS7-AS1-20180127161625
2018-01-27 16:18:40.297;VU;AS7-AS1-20180127161625
2018-01-27 16:18:53.946;RC;AS7-AS1-20180127161723
2018-01-27 16:18:55.484;SS;AS7-AS1-20180127161723
2018-01-27 16:19:17.402;RO;AS7-AS1-20180127161819
2018-01-27 16:19:18.594;SP;AS7-AS1-20180127161819
2018-01-27 16:19:20.201;SQ;AS7-AS1-20180127161920
2018-01-27 16:19:48.301;RC;AS7-AS1-20180127161819
2018-01-27 16:19:49.095;SS;AS7-AS1-20180127161819
2018-01-27 16:19:49.758;RU;AS7-AS1-20180127161723
2018-01-27 16:19:51.557;VU;AS7-AS1-20180127161723
2018-01-27 16:20:11.965;RO;AS7-AS1-20180127161920
2018-01-27 16:20:13.690;SP;AS7-AS1-20180127161920
2018-01-27 16:20:15.325;SQ;AS7-AS1-20180127162015
2018-01-27 16:20:38.771;RC;AS7-AS1-20180127161920
2018-01-27 16:20:39.567;SS;AS7-AS1-20180127161920
2018-01-27 16:20:44.459;RU;AS7-AS1-20180127161819
2018-01-27 16:20:46.264;VU;AS7-AS1-20180127161819
2018-01-27 16:21:17.863;RO;AS7-AS1-20180127162015
2018-01-27 16:21:18.665;SP;AS7-AS1-20180127162015
2018-01-27 16:21:20.234;SQ;AS7-AS1-20180127162120
2018-01-27 16:21:41.720;RU;AS7-AS1-20180127161920
2018-01-27 16:21:43.498;VU;AS7-AS1-20180127161920
2018-01-27 16:21:48.246;RC;AS7-AS1-20180127162015
2018-01-27 16:21:49.049;SS;AS7-AS1-20180127162015
2018-01-27 16:22:07.275;RO;AS7-AS1-20180127162120
2018-01-27 16:22:08.072;SP;AS7-AS1-20180127162120
2018-01-27 16:22:09.655;SQ;AS7-AS1-20180127162209
2018-01-27 16:22:39.383;RC;AS7-AS1-20180127162120
2018-01-27 16:22:40.197;SS;AS7-AS1-20180127162120
2018-01-27 16:22:50.201;RU;AS7-AS1-20180127162015
2018-01-27 16:22:51.995;VU;AS7-AS1-20180127162015
2018-01-27 16:23:04.113;RO;AS7-AS1-20180127162209
2018-01-27 16:23:05.015;SP;AS7-AS1-20180127162209
2018-01-27 16:23:06.617;SQ;AS7-AS1-20180127162306
2018-01-27 16:23:36.477;RC;AS7-AS1-20180127162209
2018-01-27 16:23:37.254;SS;AS7-AS1-20180127162209
2018-01-27 16:23:48.106;RU;AS7-AS1-20180127162120
2018-01-27 16:23:49.902;VU;AS7-AS1-20180127162120
2018-01-27 16:23:59.798;RO;AS7-AS1-20180127162306
2018-01-27 16:24:00.987;SP;AS7-AS1-20180127162306
2018-01-27 16:24:02.578;SQ;AS7-AS1-20180127162402
2018-01-27 16:24:27.606;RC;AS7-AS1-20180127162306
2018-01-27 16:24:28.420;SS;AS7-AS1-20180127162306
2018-01-27 16:24:41.442;RU;AS7-AS1-20180127162209
2018-01-27 16:24:43.224;VU;AS7-AS1-20180127162209
2018-01-27 16:25:01.588;RO;AS7-AS1-20180127162402
2018-01-27 16:25:02.453;SP;AS7-AS1-20180127162402
2018-01-27 16:25:04.084;SQ;AS7-AS1-20180127162504
2018-01-27 16:25:31.631;RC;AS7-AS1-20180127162402
2018-01-27 16:25:32.433;SS;AS7-AS1-20180127162402
2018-01-27 16:25:35.780;RU;AS7-AS1-20180127162306
2018-01-27 16:25:37.612;VU;AS7-AS1-20180127162306
2018-01-27 16:26:02.295;RO;AS7-AS1-20180127162504
2018-01-27 16:26:03.449;SP;AS7-AS1-20180127162504
2018-01-27 16:26:28.383;RU;AS7-AS1-20180127162402
2018-01-27 16:26:30.164;VU;AS7-AS1-20180127162402
2018-01-27 16:26:33.692;RC;AS7-AS1-20180127162504
2018-01-27 16:26:34.498;SS;AS7-AS1-20180127162504
2018-01-27 16:27:18.109;RU;AS7-AS1-20180127162504
2018-01-27 16:27:19.917;VU;AS7-AS1-20180127162504
