2018-01-27 15:55:58.000;SQ;AS79-AS1-20180127155558
2018-01-27 15:56:12.896;RO;AS79-AS1-20180127155558
2018-01-27 15:56:13.860;SP;AS79-AS1-20180127155558
2018-01-27 15:56:15.535;SQ;AS79-AS1-20180127155615
2018-01-27 15:56:30.373;RC;AS79-AS1-20180127155558
2018-01-27 15:56:31.235;SS;AS79-AS1-20180127155558
2018-01-27 15:56:55.555;RO;AS79-AS1-20180127155615
2018-01-27 15:56:56.418;SP;AS79-AS1-20180127155615
2018-01-27 15:56:58.116;SQ;AS79-AS1-20180127155658
2018-01-27 15:57:23.804;RC;AS79-AS1-20180127155615
2018-01-27 15:57:24.294;RU;AS79-AS1-20180127155558
2018-01-27 15:57:24.925;SS;AS79-AS1-20180127155615
2018-01-27 15:57:26.504;VU;AS79-AS1-20180127155558
2018-01-27 15:57:56.826;RO;AS79-AS1-20180127155658
2018-01-27 15:57:58.045;SP;AS79-AS1-20180127155658
2018-01-27 15:57:59.771;SQ;AS79-AS1-20180127155759
2018-01-27 15:58:24.659;RC;AS79-AS1-20180127155658
2018-01-27 15:58:24.711;RU;AS79-AS1-20180127155615
2018-01-27 15:58:26.299;SS;AS79-AS1-20180127155658
2018-01-27 15:58:27.385;VU;AS79-AS1-20180127155615
2018-01-27 15:59:02.730;RO;AS79-AS1-20180127155759
2018-01-27 15:59:04.159;SP;AS79-AS1-20180127155759
2018-01-27 15:59:06.716;SQ;AS79-AS1-20180127155906
2018-01-27 15:59:33.064;RU;AS79-AS1-20180127155658
2018-01-27 15:59:34.773;RC;AS79-AS1-20180127155759
2018-01-27 15:59:34.915;VU;AS79-AS1-20180127155658
2018-01-27 15:59:36.508;SS;AS79-AS1-20180127155759
2018-01-27 16:00:05.831;RO;AS79-AS1-20180127155906
2018-01-27 16:00:07.541;SP;AS79-AS1-20180127155906
2018-01-27 16:00:09.236;SQ;AS79-AS1-20180127160009
2018-01-27 16:00:43.780;RU;AS79-AS1-20180127155759
2018-01-27 16:00:45.629;VU;AS79-AS1-20180127155759
2018-01-27 16:01:01.922;RO;AS79-AS1-20180127160009
2018-01-27 16:01:03.150;SP;AS79-AS1-20180127160009
2018-01-27 16:01:04.835;RC;AS79-AS1-20180127155906
2018-01-27 16:01:04.839;SQ;AS79-AS1-20180127160104
2018-01-27 16:01:05.673;SS;AS79-AS1-20180127155906
2018-01-27 16:01:34.957;RC;AS79-AS1-20180127160009
2018-01-27 16:01:35.807;SS;AS79-AS1-20180127160009
2018-01-27 16:01:57.786;RO;AS79-AS1-20180127160104
2018-01-27 16:01:58.760;SP;AS79-AS1-20180127160104
2018-01-27 16:02:00.490;SQ;AS79-AS1-20180127160200
2018-01-27 16:02:10.118;RU;AS79-AS1-20180127155906
2018-01-27 16:02:11.958;VU;AS79-AS1-20180127155906
2018-01-27 16:02:27.877;RC;AS79-AS1-20180127160104
2018-01-27 16:02:28.710;SS;AS79-AS1-20180127160104
2018-01-27 16:02:35.900;RU;AS79-AS1-20180127160009
2018-01-27 16:02:37.767;VU;AS79-AS1-20180127160009
2018-01-27 16:02:54.262;RO;AS79-AS1-20180127160200
2018-01-27 16:02:56.378;SP;AS79-AS1-20180127160200
2018-01-27 16:02:58.397;SQ;AS79-AS1-20180127160258
2018-01-27 16:03:23.941;RC;AS79-AS1-20180127160200
2018-01-27 16:03:24.820;SS;AS79-AS1-20180127160200
2018-01-27 16:03:36.646;RU;AS79-AS1-20180127160104
2018-01-27 16:03:38.496;VU;AS79-AS1-20180127160104
2018-01-27 16:03:58.116;RO;AS79-AS1-20180127160258
2018-01-27 16:03:59.316;SP;AS79-AS1-20180127160258
2018-01-27 16:04:01.020;SQ;AS79-AS1-20180127160401
2018-01-27 16:04:24.781;RU;AS79-AS1-20180127160200
2018-01-27 16:04:26.619;VU;AS79-AS1-20180127160200
2018-01-27 16:04:29.362;RC;AS79-AS1-20180127160258
2018-01-27 16:04:30.373;SS;AS79-AS1-20180127160258
2018-01-27 16:04:59.574;RO;AS79-AS1-20180127160401
2018-01-27 16:05:00.454;SP;AS79-AS1-20180127160401
2018-01-27 16:05:02.161;SQ;AS79-AS1-20180127160502
2018-01-27 16:05:19.387;RU;AS79-AS1-20180127160258
2018-01-27 16:05:21.230;VU;AS79-AS1-20180127160258
2018-01-27 16:05:25.950;RC;AS79-AS1-20180127160401
2018-01-27 16:05:26.786;SS;AS79-AS1-20180127160401
2018-01-27 16:06:10.206;RO;AS79-AS1-20180127160502
2018-01-27 16:06:11.114;SP;AS79-AS1-20180127160502
2018-01-27 16:06:12.791;SQ;AS79-AS1-20180127160612
2018-01-27 16:06:16.786;RU;AS79-AS1-20180127160401
2018-01-27 16:06:18.642;VU;AS79-AS1-20180127160401
2018-01-27 16:06:44.066;RC;AS79-AS1-20180127160502
2018-01-27 16:06:44.930;SS;AS79-AS1-20180127160502
2018-01-27 16:07:12.234;RO;AS79-AS1-20180127160612
2018-01-27 16:07:13.216;SP;AS79-AS1-20180127160612
2018-01-27 16:07:14.934;SQ;AS79-AS1-20180127160714
2018-01-27 16:07:39.768;RC;AS79-AS1-20180127160612
2018-01-27 16:07:40.617;SS;AS79-AS1-20180127160612
2018-01-27 16:07:40.955;RU;AS79-AS1-20180127160502
2018-01-27 16:07:42.794;VU;AS79-AS1-20180127160502
2018-01-27 16:08:10.166;RO;AS79-AS1-20180127160714
2018-01-27 16:08:11.337;SP;AS79-AS1-20180127160714
2018-01-27 16:08:13.005;SQ;AS79-AS1-20180127160813
2018-01-27 16:08:40.547;RU;AS79-AS1-20180127160612
2018-01-27 16:08:42.403;VU;AS79-AS1-20180127160612
2018-01-27 16:08:43.008;RC;AS79-AS1-20180127160714
2018-01-27 16:08:43.882;SS;AS79-AS1-20180127160714
2018-01-27 16:09:02.291;RO;AS79-AS1-20180127160813
2018-01-27 16:09:03.416;SP;AS79-AS1-20180127160813
2018-01-27 16:09:06.566;SQ;AS79-AS1-20180127160906
2018-01-27 16:09:38.800;RC;AS79-AS1-20180127160813
2018-01-27 16:09:39.637;SS;AS79-AS1-20180127160813
2018-01-27 16:09:49.714;RU;AS79-AS1-20180127160714
2018-01-27 16:09:52.441;VU;AS79-AS1-20180127160714
2018-01-27 16:10:12.677;RO;AS79-AS1-20180127160906
2018-01-27 16:10:13.971;SP;AS79-AS1-20180127160906
2018-01-27 16:10:15.664;SQ;AS79-AS1-20180127161015
2018-01-27 16:10:44.552;RC;AS79-AS1-20180127160906
2018-01-27 16:10:45.383;SS;AS79-AS1-20180127160906
2018-01-27 16:10:50.575;RU;AS79-AS1-20180127160813
2018-01-27 16:10:53.211;VU;AS79-AS1-20180127160813
2018-01-27 16:11:12.806;RO;AS79-AS1-20180127161015
2018-01-27 16:11:14.073;SP;AS79-AS1-20180127161015
2018-01-27 16:11:15.760;SQ;AS79-AS1-20180127161115
2018-01-27 16:11:46.012;RC;AS79-AS1-20180127161015
2018-01-27 16:11:46.048;RU;AS79-AS1-20180127160906
2018-01-27 16:11:47.753;SS;AS79-AS1-20180127161015
2018-01-27 16:11:48.757;VU;AS79-AS1-20180127160906
2018-01-27 16:12:15.760;RO;AS79-AS1-20180127161115
2018-01-27 16:12:16.666;SP;AS79-AS1-20180127161115
2018-01-27 16:12:18.333;SQ;AS79-AS1-20180127161218
2018-01-27 16:12:39.594;RU;AS79-AS1-20180127161015
2018-01-27 16:12:46.297;RC;AS79-AS1-20180127161115
2018-01-27 16:12:47.374;SS;AS79-AS1-20180127161115
2018-01-27 16:13:19.741;RO;AS79-AS1-20180127161218
2018-01-27 16:13:21.515;SP;AS79-AS1-20180127161218
2018-01-27 16:13:24.521;SQ;AS79-AS1-20180127161324
2018-01-27 16:13:52.305;RU;AS79-AS1-20180127161115
2018-01-27 16:13:53.406;RC;AS79-AS1-20180127161218
2018-01-27 16:13:54.743;VU;AS79-AS1-20180127161115
2018-01-27 16:13:54.917;SS;AS79-AS1-20180127161218
2018-01-27 16:14:24.327;RO;AS79-AS1-20180127161324
2018-01-27 16:14:27.023;SP;AS79-AS1-20180127161324
2018-01-27 16:14:30.889;SQ;AS79-AS1-20180127161430
2018-01-27 16:15:02.408;RC;AS79-AS1-20180127161324
2018-01-27 16:15:02.559;RU;AS79-AS1-20180127161218
2018-01-27 16:15:04.463;SS;AS79-AS1-20180127161324
2018-01-27 16:15:05.931;VU;AS79-AS1-20180127161218
2018-01-27 16:15:22.060;RO;AS79-AS1-20180127161430
2018-01-27 16:15:23.499;SP;AS79-AS1-20180127161430
2018-01-27 16:15:26.063;SQ;AS79-AS1-20180127161526
2018-01-27 16:15:49.782;RC;AS79-AS1-20180127161430
2018-01-27 16:15:51.150;SS;AS79-AS1-20180127161430
2018-01-27 16:15:57.244;RU;AS79-AS1-20180127161324
2018-01-27 16:16:32.154;RO;AS79-AS1-20180127161526
2018-01-27 16:16:34.352;SP;AS79-AS1-20180127161526
2018-01-27 16:16:38.307;SQ;AS79-AS1-20180127161638
2018-01-27 16:16:56.536;RU;AS79-AS1-20180127161430
2018-01-27 16:16:59.262;VU;AS79-AS1-20180127161430
2018-01-27 16:17:01.742;RC;AS79-AS1-20180127161526
2018-01-27 16:17:05.024;SS;AS79-AS1-20180127161526
2018-01-27 16:17:34.845;RO;AS79-AS1-20180127161638
2018-01-27 16:17:38.799;SP;AS79-AS1-20180127161638
2018-01-27 16:17:42.846;SQ;AS79-AS1-20180127161742
2018-01-27 16:18:01.926;RU;AS79-AS1-20180127161526
2018-01-27 16:18:05.183;VU;AS79-AS1-20180127161526
2018-01-27 16:18:05.853;RC;AS79-AS1-20180127161638
2018-01-27 16:18:09.654;SS;AS79-AS1-20180127161638
2018-01-27 16:18:39.877;RO;AS79-AS1-20180127161742
2018-01-27 16:18:42.265;SP;AS79-AS1-20180127161742
2018-01-27 16:18:46.448;SQ;AS79-AS1-20180127161846
2018-01-27 16:19:09.529;RU;AS79-AS1-20180127161638
2018-01-27 16:19:13.471;VU;AS79-AS1-20180127161638
2018-01-27 16:19:15.762;RC;AS79-AS1-20180127161742
2018-01-27 16:19:17.929;SS;AS79-AS1-20180127161742
2018-01-27 16:20:06.281;RO;AS79-AS1-20180127161846
2018-01-27 16:20:08.621;SP;AS79-AS1-20180127161846
2018-01-27 16:20:10.216;RU;AS79-AS1-20180127161742
2018-01-27 16:20:15.742;SQ;AS79-AS1-20180127162015
2018-01-27 16:20:38.428;RC;AS79-AS1-20180127161846
2018-01-27 16:20:41.165;SS;AS79-AS1-20180127161846
2018-01-27 16:21:28.575;RO;AS79-AS1-20180127162015
2018-01-27 16:21:33.230;SP;AS79-AS1-20180127162015
2018-01-27 16:21:38.460;SQ;AS79-AS1-20180127162138
2018-01-27 16:21:38.854;RU;AS79-AS1-20180127161846
2018-01-27 16:21:42.853;VU;AS79-AS1-20180127161846
2018-01-27 16:21:55.857;RC;AS79-AS1-20180127162015
2018-01-27 16:21:58.383;SS;AS79-AS1-20180127162015
2018-01-27 16:22:32.788;RO;AS79-AS1-20180127162138
2018-01-27 16:22:36.883;SP;AS79-AS1-20180127162138
2018-01-27 16:22:42.358;SQ;AS79-AS1-20180127162242
2018-01-27 16:22:59.060;RU;AS79-AS1-20180127162015
2018-01-27 16:23:02.905;VU;AS79-AS1-20180127162015
2018-01-27 16:23:03.877;RC;AS79-AS1-20180127162138
2018-01-27 16:23:08.009;SS;AS79-AS1-20180127162138
2018-01-27 16:23:41.622;RO;AS79-AS1-20180127162242
2018-01-27 16:23:44.590;SP;AS79-AS1-20180127162242
2018-01-27 16:23:50.962;SQ;AS79-AS1-20180127162350
2018-01-27 16:23:59.880;RU;AS79-AS1-20180127162138
2018-01-27 16:24:03.543;VU;AS79-AS1-20180127162138
2018-01-27 16:24:13.868;RC;AS79-AS1-20180127162242
2018-01-27 16:24:16.669;SS;AS79-AS1-20180127162242
2018-01-27 16:24:49.731;RO;AS79-AS1-20180127162350
2018-01-27 16:24:54.327;SP;AS79-AS1-20180127162350
2018-01-27 16:25:00.463;SQ;AS79-AS1-20180127162500
2018-01-27 16:25:19.974;RU;AS79-AS1-20180127162242
2018-01-27 16:25:23.594;VU;AS79-AS1-20180127162242
2018-01-27 16:25:25.558;RC;AS79-AS1-20180127162350
2018-01-27 16:25:29.027;SS;AS79-AS1-20180127162350
2018-01-27 16:26:02.183;RO;AS79-AS1-20180127162500
2018-01-27 16:26:05.457;SP;AS79-AS1-20180127162500
2018-01-27 16:26:13.237;SQ;AS79-AS1-20180127162613
2018-01-27 16:26:26.213;RC;AS79-AS1-20180127162500
2018-01-27 16:26:29.875;SS;AS79-AS1-20180127162500
2018-01-27 16:26:33.952;RU;AS79-AS1-20180127162350
2018-01-27 16:26:37.730;VU;AS79-AS1-20180127162350
2018-01-27 16:27:06.999;RO;AS79-AS1-20180127162613
2018-01-27 16:27:10.002;SP;AS79-AS1-20180127162613
2018-01-27 16:27:23.896;RU;AS79-AS1-20180127162500
2018-01-27 16:27:27.701;VU;AS79-AS1-20180127162500
2018-01-27 16:27:30.558;RC;AS79-AS1-20180127162613
2018-01-27 16:27:34.345;SS;AS79-AS1-20180127162613
2018-01-27 16:27:58.420;RU;AS79-AS1-20180127162613
2018-01-27 16:28:04.334;VU;AS79-AS1-20180127162613
