2018-01-27 15:55:57.087;SQ;AS8-AS1-20180127155557
2018-01-27 15:56:05.543;RO;AS8-AS1-20180127155557
2018-01-27 15:56:06.454;SP;AS8-AS1-20180127155557
2018-01-27 15:56:08.177;SQ;AS8-AS1-20180127155608
2018-01-27 15:56:18.086;RC;AS8-AS1-20180127155557
2018-01-27 15:56:18.921;SS;AS8-AS1-20180127155557
2018-01-27 15:56:43.169;RO;AS8-AS1-20180127155608
2018-01-27 15:56:44.054;SP;AS8-AS1-20180127155608
2018-01-27 15:56:45.720;SQ;AS8-AS1-20180127155645
2018-01-27 15:57:04.347;RU;AS8-AS1-20180127155557
2018-01-27 15:57:06.187;VU;AS8-AS1-20180127155557
2018-01-27 15:57:12.562;RC;AS8-AS1-20180127155608
2018-01-27 15:57:13.410;SS;AS8-AS1-20180127155608
2018-01-27 15:57:43.121;RO;AS8-AS1-20180127155645
2018-01-27 15:57:44.161;SP;AS8-AS1-20180127155645
2018-01-27 15:57:46.838;SQ;AS8-AS1-20180127155746
2018-01-27 15:58:07.817;RU;AS8-AS1-20180127155608
2018-01-27 15:58:09.665;VU;AS8-AS1-20180127155608
2018-01-27 15:58:15.603;RC;AS8-AS1-20180127155645
2018-01-27 15:58:17.357;SS;AS8-AS1-20180127155645
2018-01-27 15:58:46.886;RO;AS8-AS1-20180127155746
2018-01-27 15:58:48.330;SP;AS8-AS1-20180127155746
2018-01-27 15:58:49.999;SQ;AS8-AS1-20180127155849
2018-01-27 15:59:15.004;RC;AS8-AS1-20180127155746
2018-01-27 15:59:15.474;RU;AS8-AS1-20180127155645
2018-01-27 15:59:16.184;SS;AS8-AS1-20180127155746
2018-01-27 15:59:17.714;VU;AS8-AS1-20180127155645
2018-01-27 15:59:50.320;RO;AS8-AS1-20180127155849
2018-01-27 15:59:52.259;SP;AS8-AS1-20180127155849
2018-01-27 15:59:53.962;SQ;AS8-AS1-20180127155953
2018-01-27 16:00:18.573;RC;AS8-AS1-20180127155849
2018-01-27 16:00:19.406;SS;AS8-AS1-20180127155849
2018-01-27 16:00:22.890;RU;AS8-AS1-20180127155746
2018-01-27 16:00:24.758;VU;AS8-AS1-20180127155746
2018-01-27 16:00:50.870;RO;AS8-AS1-20180127155953
2018-01-27 16:00:52.712;SP;AS8-AS1-20180127155953
2018-01-27 16:00:54.962;SQ;AS8-AS1-20180127160054
2018-01-27 16:01:18.374;RC;AS8-AS1-20180127155953
2018-01-27 16:01:19.240;SS;AS8-AS1-20180127155953
2018-01-27 16:01:23.811;RU;AS8-AS1-20180127155849
2018-01-27 16:01:25.671;VU;AS8-AS1-20180127155849
2018-01-27 16:02:17.331;RU;AS8-AS1-20180127155953
2018-01-27 16:02:17.622;RO;AS8-AS1-20180127160054
2018-01-27 16:02:19.054;SP;AS8-AS1-20180127160054
2018-01-27 16:02:19.308;VU;AS8-AS1-20180127155953
2018-01-27 16:02:20.746;SQ;AS8-AS1-20180127160220
2018-01-27 16:02:50.076;RC;AS8-AS1-20180127160054
2018-01-27 16:02:50.907;SS;AS8-AS1-20180127160054
2018-01-27 16:03:26.537;RO;AS8-AS1-20180127160220
2018-01-27 16:03:28.247;SP;AS8-AS1-20180127160220
2018-01-27 16:03:29.971;SQ;AS8-AS1-20180127160329
2018-01-27 16:03:54.229;RU;AS8-AS1-20180127160054
2018-01-27 16:03:56.099;VU;AS8-AS1-20180127160054
2018-01-27 16:03:57.392;RC;AS8-AS1-20180127160220
2018-01-27 16:03:58.915;SS;AS8-AS1-20180127160220
2018-01-27 16:04:27.362;RO;AS8-AS1-20180127160329
2018-01-27 16:04:29.322;SP;AS8-AS1-20180127160329
2018-01-27 16:04:32.050;SQ;AS8-AS1-20180127160432
2018-01-27 16:05:01.754;RC;AS8-AS1-20180127160329
2018-01-27 16:05:02.621;SS;AS8-AS1-20180127160329
2018-01-27 16:05:05.241;RU;AS8-AS1-20180127160220
2018-01-27 16:05:07.117;VU;AS8-AS1-20180127160220
2018-01-27 16:05:34.404;RO;AS8-AS1-20180127160432
2018-01-27 16:05:35.467;SP;AS8-AS1-20180127160432
2018-01-27 16:05:37.133;SQ;AS8-AS1-20180127160537
2018-01-27 16:06:10.075;RC;AS8-AS1-20180127160432
2018-01-27 16:06:10.190;RU;AS8-AS1-20180127160329
2018-01-27 16:06:11.720;SS;AS8-AS1-20180127160432
2018-01-27 16:06:12.828;VU;AS8-AS1-20180127160329
2018-01-27 16:06:42.605;RO;AS8-AS1-20180127160537
2018-01-27 16:06:43.584;SP;AS8-AS1-20180127160537
2018-01-27 16:06:45.297;SQ;AS8-AS1-20180127160645
2018-01-27 16:07:13.422;RU;AS8-AS1-20180127160432
2018-01-27 16:07:15.253;VU;AS8-AS1-20180127160432
2018-01-27 16:07:54.194;RO;AS8-AS1-20180127160645
2018-01-27 16:07:55.208;SP;AS8-AS1-20180127160645
2018-01-27 16:07:56.916;SQ;AS8-AS1-20180127160756
2018-01-27 16:08:10.025;RC;AS8-AS1-20180127160537
2018-01-27 16:08:10.868;SS;AS8-AS1-20180127160537
2018-01-27 16:08:23.923;RC;AS8-AS1-20180127160645
2018-01-27 16:08:24.742;SS;AS8-AS1-20180127160645
2018-01-27 16:08:58.172;RO;AS8-AS1-20180127160756
2018-01-27 16:08:59.318;SP;AS8-AS1-20180127160756
2018-01-27 16:09:00.330;RU;AS8-AS1-20180127160537
2018-01-27 16:09:01.686;SQ;AS8-AS1-20180127160901
2018-01-27 16:09:02.893;VU;AS8-AS1-20180127160537
2018-01-27 16:09:30.491;RU;AS8-AS1-20180127160645
2018-01-27 16:09:30.675;RC;AS8-AS1-20180127160756
2018-01-27 16:09:32.233;SS;AS8-AS1-20180127160756
2018-01-27 16:09:32.990;VU;AS8-AS1-20180127160645
2018-01-27 16:09:58.904;RO;AS8-AS1-20180127160901
2018-01-27 16:10:00.100;SP;AS8-AS1-20180127160901
2018-01-27 16:10:01.791;SQ;AS8-AS1-20180127161001
2018-01-27 16:10:31.705;RC;AS8-AS1-20180127160901
2018-01-27 16:10:32.549;SS;AS8-AS1-20180127160901
2018-01-27 16:11:01.500;RO;AS8-AS1-20180127161001
2018-01-27 16:11:02.703;SP;AS8-AS1-20180127161001
2018-01-27 16:11:04.413;SQ;AS8-AS1-20180127161104
2018-01-27 16:11:04.795;RU;AS8-AS1-20180127160756
2018-01-27 16:11:07.133;VU;AS8-AS1-20180127160756
2018-01-27 16:11:29.861;RC;AS8-AS1-20180127161001
2018-01-27 16:11:30.688;SS;AS8-AS1-20180127161001
2018-01-27 16:11:53.658;RU;AS8-AS1-20180127160901
2018-01-27 16:12:07.236;RO;AS8-AS1-20180127161104
2018-01-27 16:12:09.804;SP;AS8-AS1-20180127161104
2018-01-27 16:12:12.727;SQ;AS8-AS1-20180127161212
2018-01-27 16:12:34.337;RU;AS8-AS1-20180127161001
2018-01-27 16:12:35.807;RC;AS8-AS1-20180127161104
2018-01-27 16:12:36.723;SS;AS8-AS1-20180127161104
2018-01-27 16:12:36.962;VU;AS8-AS1-20180127161001
2018-01-27 16:13:02.772;RO;AS8-AS1-20180127161212
2018-01-27 16:13:03.756;SP;AS8-AS1-20180127161212
2018-01-27 16:13:06.337;SQ;AS8-AS1-20180127161306
2018-01-27 16:13:29.058;RC;AS8-AS1-20180127161212
2018-01-27 16:13:30.684;SS;AS8-AS1-20180127161212
2018-01-27 16:13:40.568;RU;AS8-AS1-20180127161104
2018-01-27 16:13:43.514;VU;AS8-AS1-20180127161104
2018-01-27 16:14:02.994;RO;AS8-AS1-20180127161306
2018-01-27 16:14:05.025;SP;AS8-AS1-20180127161306
2018-01-27 16:14:07.384;SQ;AS8-AS1-20180127161407
2018-01-27 16:14:28.816;RU;AS8-AS1-20180127161212
2018-01-27 16:14:31.357;VU;AS8-AS1-20180127161212
2018-01-27 16:14:34.501;RC;AS8-AS1-20180127161306
2018-01-27 16:14:35.510;SS;AS8-AS1-20180127161306
2018-01-27 16:15:02.867;RO;AS8-AS1-20180127161407
2018-01-27 16:15:04.426;SP;AS8-AS1-20180127161407
2018-01-27 16:15:06.963;SQ;AS8-AS1-20180127161506
2018-01-27 16:15:36.158;RC;AS8-AS1-20180127161407
2018-01-27 16:15:37.265;SS;AS8-AS1-20180127161407
2018-01-27 16:15:41.415;RU;AS8-AS1-20180127161306
2018-01-27 16:15:44.747;VU;AS8-AS1-20180127161306
2018-01-27 16:16:07.375;RO;AS8-AS1-20180127161506
2018-01-27 16:16:09.088;SP;AS8-AS1-20180127161506
2018-01-27 16:16:11.414;SQ;AS8-AS1-20180127161611
2018-01-27 16:16:38.953;RU;AS8-AS1-20180127161407
2018-01-27 16:16:39.179;RC;AS8-AS1-20180127161506
2018-01-27 16:16:41.134;SS;AS8-AS1-20180127161506
2018-01-27 16:16:41.853;VU;AS8-AS1-20180127161407
2018-01-27 16:17:08.565;RO;AS8-AS1-20180127161611
2018-01-27 16:17:10.072;SP;AS8-AS1-20180127161611
2018-01-27 16:17:12.657;SQ;AS8-AS1-20180127161712
2018-01-27 16:17:44.745;RC;AS8-AS1-20180127161611
2018-01-27 16:17:46.256;SS;AS8-AS1-20180127161611
2018-01-27 16:17:49.748;RU;AS8-AS1-20180127161506
2018-01-27 16:17:52.553;VU;AS8-AS1-20180127161506
2018-01-27 16:18:15.261;RO;AS8-AS1-20180127161712
2018-01-27 16:18:16.636;SP;AS8-AS1-20180127161712
2018-01-27 16:18:19.216;SQ;AS8-AS1-20180127161819
2018-01-27 16:18:40.052;RC;AS8-AS1-20180127161712
2018-01-27 16:18:40.926;SS;AS8-AS1-20180127161712
2018-01-27 16:18:52.970;RU;AS8-AS1-20180127161611
2018-01-27 16:18:56.274;VU;AS8-AS1-20180127161611
2018-01-27 16:19:20.782;RO;AS8-AS1-20180127161819
2018-01-27 16:19:22.163;SP;AS8-AS1-20180127161819
2018-01-27 16:19:25.772;SQ;AS8-AS1-20180127161925
2018-01-27 16:19:48.566;RU;AS8-AS1-20180127161712
2018-01-27 16:19:50.474;VU;AS8-AS1-20180127161712
2018-01-27 16:19:54.988;RC;AS8-AS1-20180127161819
2018-01-27 16:19:58.069;SS;AS8-AS1-20180127161819
2018-01-27 16:20:22.912;RO;AS8-AS1-20180127161925
2018-01-27 16:20:24.316;SP;AS8-AS1-20180127161925
2018-01-27 16:20:27.642;SQ;AS8-AS1-20180127162027
2018-01-27 16:20:58.851;RC;AS8-AS1-20180127161925
2018-01-27 16:21:00.606;SS;AS8-AS1-20180127161925
2018-01-27 16:21:03.542;RU;AS8-AS1-20180127161819
2018-01-27 16:21:05.984;VU;AS8-AS1-20180127161819
2018-01-27 16:21:26.857;RO;AS8-AS1-20180127162027
2018-01-27 16:21:28.459;SP;AS8-AS1-20180127162027
2018-01-27 16:21:32.525;SQ;AS8-AS1-20180127162132
2018-01-27 16:21:55.655;RC;AS8-AS1-20180127162027
2018-01-27 16:21:57.145;SS;AS8-AS1-20180127162027
2018-01-27 16:22:02.938;RU;AS8-AS1-20180127161925
2018-01-27 16:22:05.026;VU;AS8-AS1-20180127161925
2018-01-27 16:22:27.897;RO;AS8-AS1-20180127162132
2018-01-27 16:22:28.966;SP;AS8-AS1-20180127162132
2018-01-27 16:22:32.036;SQ;AS8-AS1-20180127162232
2018-01-27 16:22:52.483;RC;AS8-AS1-20180127162132
2018-01-27 16:22:53.572;SS;AS8-AS1-20180127162132
2018-01-27 16:22:56.817;RU;AS8-AS1-20180127162027
2018-01-27 16:22:58.737;VU;AS8-AS1-20180127162027
2018-01-27 16:23:27.161;RO;AS8-AS1-20180127162232
2018-01-27 16:23:28.726;SP;AS8-AS1-20180127162232
2018-01-27 16:23:31.224;SQ;AS8-AS1-20180127162331
2018-01-27 16:23:47.748;RU;AS8-AS1-20180127162132
2018-01-27 16:24:01.202;RC;AS8-AS1-20180127162232
2018-01-27 16:24:03.152;SS;AS8-AS1-20180127162232
2018-01-27 16:24:27.977;RO;AS8-AS1-20180127162331
2018-01-27 16:24:30.199;SP;AS8-AS1-20180127162331
2018-01-27 16:24:34.044;SQ;AS8-AS1-20180127162434
2018-01-27 16:25:00.781;RC;AS8-AS1-20180127162331
2018-01-27 16:25:02.365;SS;AS8-AS1-20180127162331
2018-01-27 16:25:09.368;RU;AS8-AS1-20180127162232
2018-01-27 16:25:11.931;VU;AS8-AS1-20180127162232
2018-01-27 16:25:30.873;RO;AS8-AS1-20180127162434
2018-01-27 16:25:32.280;SP;AS8-AS1-20180127162434
2018-01-27 16:25:35.973;SQ;AS8-AS1-20180127162535
2018-01-27 16:26:04.185;RC;AS8-AS1-20180127162434
2018-01-27 16:26:04.728;RU;AS8-AS1-20180127162331
2018-01-27 16:26:06.550;SS;AS8-AS1-20180127162434
2018-01-27 16:26:08.720;VU;AS8-AS1-20180127162331
2018-01-27 16:26:35.948;RO;AS8-AS1-20180127162535
2018-01-27 16:26:37.951;SP;AS8-AS1-20180127162535
2018-01-27 16:26:58.852;RU;AS8-AS1-20180127162434
2018-01-27 16:27:02.770;VU;AS8-AS1-20180127162434
2018-01-27 16:27:07.229;RC;AS8-AS1-20180127162535
2018-01-27 16:27:09.058;SS;AS8-AS1-20180127162535
2018-01-27 16:27:45.552;RU;AS8-AS1-20180127162535
2018-01-27 16:27:49.666;VU;AS8-AS1-20180127162535
