2018-01-27 15:56:06.282;SQ;AS84-AS1-20180127155606
2018-01-27 15:56:38.792;RO;AS84-AS1-20180127155606
2018-01-27 15:56:39.700;SP;AS84-AS1-20180127155606
2018-01-27 15:56:41.466;SQ;AS84-AS1-20180127155641
2018-01-27 15:57:02.955;RC;AS84-AS1-20180127155606
2018-01-27 15:57:03.808;SS;AS84-AS1-20180127155606
2018-01-27 15:57:30.876;RO;AS84-AS1-20180127155641
2018-01-27 15:57:32.719;SP;AS84-AS1-20180127155641
2018-01-27 15:57:34.457;SQ;AS84-AS1-20180127155734
2018-01-27 15:58:01.351;RU;AS84-AS1-20180127155606
2018-01-27 15:58:03.235;VU;AS84-AS1-20180127155606
2018-01-27 15:58:23.971;RO;AS84-AS1-20180127155734
2018-01-27 15:58:24.887;SP;AS84-AS1-20180127155734
2018-01-27 15:58:25.061;RC;AS84-AS1-20180127155641
2018-01-27 15:58:26.834;SS;AS84-AS1-20180127155641
2018-01-27 15:58:27.543;SQ;AS84-AS1-20180127155827
2018-01-27 15:58:50.951;RC;AS84-AS1-20180127155734
2018-01-27 15:58:51.818;SS;AS84-AS1-20180127155734
2018-01-27 15:59:31.653;RO;AS84-AS1-20180127155827
2018-01-27 15:59:32.956;SP;AS84-AS1-20180127155827
2018-01-27 15:59:34.981;SQ;AS84-AS1-20180127155934
2018-01-27 15:59:35.823;RU;AS84-AS1-20180127155641
2018-01-27 15:59:38.033;VU;AS84-AS1-20180127155641
2018-01-27 15:59:56.789;RU;AS84-AS1-20180127155734
2018-01-27 15:59:58.638;VU;AS84-AS1-20180127155734
2018-01-27 16:00:00.622;RC;AS84-AS1-20180127155827
2018-01-27 16:00:01.498;SS;AS84-AS1-20180127155827
2018-01-27 16:00:30.743;RO;AS84-AS1-20180127155934
2018-01-27 16:00:31.903;SP;AS84-AS1-20180127155934
2018-01-27 16:00:33.639;SQ;AS84-AS1-20180127160033
2018-01-27 16:01:01.269;RC;AS84-AS1-20180127155934
2018-01-27 16:01:02.171;SS;AS84-AS1-20180127155934
2018-01-27 16:01:28.455;RU;AS84-AS1-20180127155827
2018-01-27 16:01:29.221;RO;AS84-AS1-20180127160033
2018-01-27 16:01:30.771;SP;AS84-AS1-20180127160033
2018-01-27 16:01:33.274;SQ;AS84-AS1-20180127160133
2018-01-27 16:01:59.499;RU;AS84-AS1-20180127155934
2018-01-27 16:02:01.654;VU;AS84-AS1-20180127155934
2018-01-27 16:02:07.751;RC;AS84-AS1-20180127160033
2018-01-27 16:02:09.113;SS;AS84-AS1-20180127160033
2018-01-27 16:02:38.790;RO;AS84-AS1-20180127160133
2018-01-27 16:02:41.500;SP;AS84-AS1-20180127160133
2018-01-27 16:02:44.152;SQ;AS84-AS1-20180127160244
2018-01-27 16:03:10.286;RU;AS84-AS1-20180127160033
2018-01-27 16:03:12.923;RC;AS84-AS1-20180127160133
2018-01-27 16:03:14.251;SS;AS84-AS1-20180127160133
2018-01-27 16:03:14.567;VU;AS84-AS1-20180127160033
2018-01-27 16:03:51.778;RO;AS84-AS1-20180127160244
2018-01-27 16:03:53.209;SP;AS84-AS1-20180127160244
2018-01-27 16:03:55.821;SQ;AS84-AS1-20180127160355
2018-01-27 16:04:20.715;RU;AS84-AS1-20180127160133
2018-01-27 16:04:22.686;VU;AS84-AS1-20180127160133
2018-01-27 16:04:24.643;RC;AS84-AS1-20180127160244
2018-01-27 16:04:25.707;SS;AS84-AS1-20180127160244
2018-01-27 16:04:55.121;RO;AS84-AS1-20180127160355
2018-01-27 16:04:56.793;SP;AS84-AS1-20180127160355
2018-01-27 16:05:01.805;SQ;AS84-AS1-20180127160501
2018-01-27 16:05:24.656;RC;AS84-AS1-20180127160355
2018-01-27 16:05:25.800;SS;AS84-AS1-20180127160355
2018-01-27 16:05:30.843;RU;AS84-AS1-20180127160244
2018-01-27 16:05:32.828;VU;AS84-AS1-20180127160244
2018-01-27 16:06:11.709;RO;AS84-AS1-20180127160501
2018-01-27 16:06:13.501;SP;AS84-AS1-20180127160501
2018-01-27 16:06:17.166;SQ;AS84-AS1-20180127160617
2018-01-27 16:06:26.874;RU;AS84-AS1-20180127160355
2018-01-27 16:06:29.153;VU;AS84-AS1-20180127160355
2018-01-27 16:06:40.641;RC;AS84-AS1-20180127160501
2018-01-27 16:06:41.752;SS;AS84-AS1-20180127160501
2018-01-27 16:07:16.793;RO;AS84-AS1-20180127160617
2018-01-27 16:07:19.607;SP;AS84-AS1-20180127160617
2018-01-27 16:07:22.090;SQ;AS84-AS1-20180127160722
2018-01-27 16:07:42.962;RU;AS84-AS1-20180127160501
2018-01-27 16:07:44.694;RC;AS84-AS1-20180127160617
2018-01-27 16:07:45.057;VU;AS84-AS1-20180127160501
2018-01-27 16:07:46.192;SS;AS84-AS1-20180127160617
2018-01-27 16:08:20.201;RO;AS84-AS1-20180127160722
2018-01-27 16:08:22.062;SP;AS84-AS1-20180127160722
2018-01-27 16:08:24.546;SQ;AS84-AS1-20180127160824
2018-01-27 16:08:58.483;RU;AS84-AS1-20180127160617
2018-01-27 16:09:00.573;VU;AS84-AS1-20180127160617
2018-01-27 16:09:20.249;RO;AS84-AS1-20180127160824
2018-01-27 16:09:23.282;SP;AS84-AS1-20180127160824
2018-01-27 16:09:25.818;SQ;AS84-AS1-20180127160925
2018-01-27 16:09:28.944;RC;AS84-AS1-20180127160722
2018-01-27 16:09:30.411;SS;AS84-AS1-20180127160722
2018-01-27 16:09:53.457;RC;AS84-AS1-20180127160824
2018-01-27 16:09:54.506;SS;AS84-AS1-20180127160824
2018-01-27 16:10:23.588;RO;AS84-AS1-20180127160925
2018-01-27 16:10:25.072;SP;AS84-AS1-20180127160925
2018-01-27 16:10:27.532;SQ;AS84-AS1-20180127161027
2018-01-27 16:10:28.514;RU;AS84-AS1-20180127160722
2018-01-27 16:10:30.544;VU;AS84-AS1-20180127160722
2018-01-27 16:10:56.144;RC;AS84-AS1-20180127160925
2018-01-27 16:10:57.126;SS;AS84-AS1-20180127160925
2018-01-27 16:10:57.704;RU;AS84-AS1-20180127160824
2018-01-27 16:10:59.760;VU;AS84-AS1-20180127160824
2018-01-27 16:11:22.045;RO;AS84-AS1-20180127161027
2018-01-27 16:11:23.910;SP;AS84-AS1-20180127161027
2018-01-27 16:11:26.453;SQ;AS84-AS1-20180127161126
2018-01-27 16:11:49.562;RC;AS84-AS1-20180127161027
2018-01-27 16:11:51.182;SS;AS84-AS1-20180127161027
2018-01-27 16:12:00.870;RU;AS84-AS1-20180127160925
2018-01-27 16:12:02.776;VU;AS84-AS1-20180127160925
2018-01-27 16:12:30.085;RO;AS84-AS1-20180127161126
2018-01-27 16:12:31.673;SP;AS84-AS1-20180127161126
2018-01-27 16:12:34.265;SQ;AS84-AS1-20180127161234
2018-01-27 16:12:54.435;RU;AS84-AS1-20180127161027
2018-01-27 16:12:57.397;VU;AS84-AS1-20180127161027
2018-01-27 16:13:01.827;RC;AS84-AS1-20180127161126
2018-01-27 16:13:03.098;SS;AS84-AS1-20180127161126
2018-01-27 16:14:02.398;RO;AS84-AS1-20180127161234
2018-01-27 16:14:02.996;RU;AS84-AS1-20180127161126
2018-01-27 16:14:05.194;SP;AS84-AS1-20180127161234
2018-01-27 16:14:06.195;VU;AS84-AS1-20180127161126
2018-01-27 16:14:07.665;SQ;AS84-AS1-20180127161407
2018-01-27 16:14:33.560;RC;AS84-AS1-20180127161234
2018-01-27 16:14:34.775;SS;AS84-AS1-20180127161234
2018-01-27 16:15:02.486;RO;AS84-AS1-20180127161407
2018-01-27 16:15:04.549;SP;AS84-AS1-20180127161407
2018-01-27 16:15:07.020;SQ;AS84-AS1-20180127161507
2018-01-27 16:15:35.553;RU;AS84-AS1-20180127161234
2018-01-27 16:15:35.944;RC;AS84-AS1-20180127161407
2018-01-27 16:15:37.995;SS;AS84-AS1-20180127161407
2018-01-27 16:15:37.998;VU;AS84-AS1-20180127161234
2018-01-27 16:15:56.419;RO;AS84-AS1-20180127161507
2018-01-27 16:15:58.536;SP;AS84-AS1-20180127161507
2018-01-27 16:16:01.659;SQ;AS84-AS1-20180127161601
2018-01-27 16:16:41.919;RU;AS84-AS1-20180127161407
2018-01-27 16:16:44.651;VU;AS84-AS1-20180127161407
2018-01-27 16:16:51.578;RC;AS84-AS1-20180127161507
2018-01-27 16:16:52.900;SS;AS84-AS1-20180127161507
2018-01-27 16:17:27.057;RO;AS84-AS1-20180127161601
2018-01-27 16:17:28.278;SP;AS84-AS1-20180127161601
2018-01-27 16:17:30.904;SQ;AS84-AS1-20180127161730
2018-01-27 16:17:50.975;RU;AS84-AS1-20180127161507
2018-01-27 16:17:54.917;VU;AS84-AS1-20180127161507
2018-01-27 16:18:00.494;RC;AS84-AS1-20180127161601
2018-01-27 16:18:02.322;SS;AS84-AS1-20180127161601
2018-01-27 16:18:32.525;RO;AS84-AS1-20180127161730
2018-01-27 16:18:34.244;SP;AS84-AS1-20180127161730
2018-01-27 16:18:36.873;SQ;AS84-AS1-20180127161836
2018-01-27 16:19:04.165;RU;AS84-AS1-20180127161601
2018-01-27 16:19:06.039;VU;AS84-AS1-20180127161601
2018-01-27 16:19:06.638;RC;AS84-AS1-20180127161730
2018-01-27 16:19:07.972;SS;AS84-AS1-20180127161730
2018-01-27 16:19:35.902;RO;AS84-AS1-20180127161836
2018-01-27 16:19:36.894;SP;AS84-AS1-20180127161836
2018-01-27 16:19:40.250;SQ;AS84-AS1-20180127161940
2018-01-27 16:20:06.586;RC;AS84-AS1-20180127161836
2018-01-27 16:20:07.510;SS;AS84-AS1-20180127161836
2018-01-27 16:20:07.694;RU;AS84-AS1-20180127161730
2018-01-27 16:20:10.486;VU;AS84-AS1-20180127161730
2018-01-27 16:20:33.233;RO;AS84-AS1-20180127161940
2018-01-27 16:20:34.516;SP;AS84-AS1-20180127161940
2018-01-27 16:20:37.162;SQ;AS84-AS1-20180127162037
2018-01-27 16:21:03.568;RC;AS84-AS1-20180127161940
2018-01-27 16:21:05.302;SS;AS84-AS1-20180127161940
2018-01-27 16:21:10.043;RU;AS84-AS1-20180127161836
2018-01-27 16:21:12.810;VU;AS84-AS1-20180127161836
2018-01-27 16:21:38.793;RO;AS84-AS1-20180127162037
2018-01-27 16:21:40.381;SP;AS84-AS1-20180127162037
2018-01-27 16:21:42.997;SQ;AS84-AS1-20180127162142
2018-01-27 16:21:58.928;RC;AS84-AS1-20180127162037
2018-01-27 16:22:00.093;SS;AS84-AS1-20180127162037
2018-01-27 16:22:01.546;RU;AS84-AS1-20180127161940
2018-01-27 16:22:04.773;VU;AS84-AS1-20180127161940
2018-01-27 16:22:48.038;RO;AS84-AS1-20180127162142
2018-01-27 16:22:49.963;SP;AS84-AS1-20180127162142
2018-01-27 16:22:52.595;SQ;AS84-AS1-20180127162252
2018-01-27 16:23:01.702;RU;AS84-AS1-20180127162037
2018-01-27 16:23:04.039;VU;AS84-AS1-20180127162037
2018-01-27 16:23:15.745;RC;AS84-AS1-20180127162142
2018-01-27 16:23:16.884;SS;AS84-AS1-20180127162142
2018-01-27 16:23:46.509;RO;AS84-AS1-20180127162252
2018-01-27 16:23:48.171;SP;AS84-AS1-20180127162252
2018-01-27 16:23:52.033;SQ;AS84-AS1-20180127162352
2018-01-27 16:24:17.450;RC;AS84-AS1-20180127162252
2018-01-27 16:24:18.475;SS;AS84-AS1-20180127162252
2018-01-27 16:24:19.096;RU;AS84-AS1-20180127162142
2018-01-27 16:24:20.982;VU;AS84-AS1-20180127162142
2018-01-27 16:25:14.100;RU;AS84-AS1-20180127162252
2018-01-27 16:25:16.310;VU;AS84-AS1-20180127162252
2018-01-27 16:25:21.166;RO;AS84-AS1-20180127162352
2018-01-27 16:25:23.275;SP;AS84-AS1-20180127162352
2018-01-27 16:25:27.292;SQ;AS84-AS1-20180127162527
2018-01-27 16:25:53.737;RC;AS84-AS1-20180127162352
2018-01-27 16:25:56.801;SS;AS84-AS1-20180127162352
2018-01-27 16:26:25.097;RO;AS84-AS1-20180127162527
2018-01-27 16:26:27.830;SP;AS84-AS1-20180127162527
2018-01-27 16:26:30.435;SQ;AS84-AS1-20180127162630
2018-01-27 16:26:55.538;RU;AS84-AS1-20180127162352
2018-01-27 16:26:55.977;RC;AS84-AS1-20180127162527
2018-01-27 16:26:58.610;VU;AS84-AS1-20180127162352
2018-01-27 16:26:59.766;SS;AS84-AS1-20180127162527
2018-01-27 16:27:14.402;RO;AS84-AS1-20180127162630
2018-01-27 16:27:16.706;SP;AS84-AS1-20180127162630
2018-01-27 16:27:19.315;SQ;AS84-AS1-20180127162719
2018-01-27 16:27:32.434;RC;AS84-AS1-20180127162630
2018-01-27 16:27:34.212;SS;AS84-AS1-20180127162630
2018-01-27 16:27:41.730;RU;AS84-AS1-20180127162527
2018-01-27 16:27:43.610;VU;AS84-AS1-20180127162527
2018-01-27 16:27:50.370;RO;AS84-AS1-20180127162719
2018-01-27 16:27:51.878;SP;AS84-AS1-20180127162719
2018-01-27 16:27:58.465;RC;AS84-AS1-20180127162719
2018-01-27 16:27:58.482;RU;AS84-AS1-20180127162630
2018-01-27 16:28:02.608;SS;AS84-AS1-20180127162719
2018-01-27 16:28:03.609;VU;AS84-AS1-20180127162630
2018-01-27 16:28:12.107;RU;AS84-AS1-20180127162719
2018-01-27 16:28:15.143;VU;AS84-AS1-20180127162719
