2018-01-27 15:55:59.093;SQ;AS88-AS1-20180127155559
2018-01-27 15:56:19.360;RO;AS88-AS1-20180127155559
2018-01-27 15:56:20.431;SP;AS88-AS1-20180127155559
2018-01-27 15:56:22.020;SQ;AS88-AS1-20180127155622
2018-01-27 15:56:38.958;RC;AS88-AS1-20180127155559
2018-01-27 15:56:39.750;SS;AS88-AS1-20180127155559
2018-01-27 15:57:23.684;RO;AS88-AS1-20180127155622
2018-01-27 15:57:24.902;SP;AS88-AS1-20180127155622
2018-01-27 15:57:26.512;SQ;AS88-AS1-20180127155726
2018-01-27 15:57:35.935;RU;AS88-AS1-20180127155559
2018-01-27 15:57:37.775;VU;AS88-AS1-20180127155559
2018-01-27 15:57:50.688;RC;AS88-AS1-20180127155622
2018-01-27 15:57:51.504;SS;AS88-AS1-20180127155622
2018-01-27 15:58:17.376;RO;AS88-AS1-20180127155726
2018-01-27 15:58:18.371;SP;AS88-AS1-20180127155726
2018-01-27 15:58:19.990;SQ;AS88-AS1-20180127155819
2018-01-27 15:58:49.011;RC;AS88-AS1-20180127155726
2018-01-27 15:58:49.822;SS;AS88-AS1-20180127155726
2018-01-27 15:58:57.054;RU;AS88-AS1-20180127155622
2018-01-27 15:58:58.866;VU;AS88-AS1-20180127155622
2018-01-27 15:59:14.624;RO;AS88-AS1-20180127155819
2018-01-27 15:59:15.853;SP;AS88-AS1-20180127155819
2018-01-27 15:59:17.455;SQ;AS88-AS1-20180127155917
2018-01-27 15:59:47.770;RC;AS88-AS1-20180127155819
2018-01-27 15:59:48.572;SS;AS88-AS1-20180127155819
2018-01-27 15:59:58.312;RU;AS88-AS1-20180127155726
2018-01-27 16:00:00.110;VU;AS88-AS1-20180127155726
2018-01-27 16:00:43.773;RO;AS88-AS1-20180127155917
2018-01-27 16:00:44.874;SP;AS88-AS1-20180127155917
2018-01-27 16:00:46.538;SQ;AS88-AS1-20180127160046
2018-01-27 16:00:50.870;RU;AS88-AS1-20180127155819
2018-01-27 16:00:53.218;VU;AS88-AS1-20180127155819
2018-01-27 16:01:14.736;RC;AS88-AS1-20180127155917
2018-01-27 16:01:15.558;SS;AS88-AS1-20180127155917
2018-01-27 16:01:48.405;RO;AS88-AS1-20180127160046
2018-01-27 16:01:49.432;SP;AS88-AS1-20180127160046
2018-01-27 16:01:51.021;SQ;AS88-AS1-20180127160151
2018-01-27 16:02:20.481;RU;AS88-AS1-20180127155917
2018-01-27 16:02:22.290;VU;AS88-AS1-20180127155917
2018-01-27 16:02:23.979;RC;AS88-AS1-20180127160046
2018-01-27 16:02:25.710;SS;AS88-AS1-20180127160046
2018-01-27 16:02:48.310;RO;AS88-AS1-20180127160151
2018-01-27 16:02:49.387;SP;AS88-AS1-20180127160151
2018-01-27 16:02:51.004;SQ;AS88-AS1-20180127160251
2018-01-27 16:03:10.285;RC;AS88-AS1-20180127160151
2018-01-27 16:03:12.031;SS;AS88-AS1-20180127160151
2018-01-27 16:03:30.240;RU;AS88-AS1-20180127160046
2018-01-27 16:03:32.048;VU;AS88-AS1-20180127160046
2018-01-27 16:03:39.718;RO;AS88-AS1-20180127160251
2018-01-27 16:03:40.954;SP;AS88-AS1-20180127160251
2018-01-27 16:03:43.835;SQ;AS88-AS1-20180127160343
2018-01-27 16:04:14.285;RC;AS88-AS1-20180127160251
2018-01-27 16:04:15.087;SS;AS88-AS1-20180127160251
2018-01-27 16:04:19.869;RU;AS88-AS1-20180127160151
2018-01-27 16:04:21.676;VU;AS88-AS1-20180127160151
2018-01-27 16:04:43.504;RO;AS88-AS1-20180127160343
2018-01-27 16:04:44.714;SP;AS88-AS1-20180127160343
2018-01-27 16:04:46.385;SQ;AS88-AS1-20180127160446
2018-01-27 16:05:19.408;RC;AS88-AS1-20180127160343
2018-01-27 16:05:20.227;SS;AS88-AS1-20180127160343
2018-01-27 16:05:23.620;RU;AS88-AS1-20180127160251
2018-01-27 16:05:25.421;VU;AS88-AS1-20180127160251
2018-01-27 16:05:48.968;RO;AS88-AS1-20180127160446
2018-01-27 16:05:50.258;SP;AS88-AS1-20180127160446
2018-01-27 16:05:51.887;SQ;AS88-AS1-20180127160551
2018-01-27 16:06:16.779;RU;AS88-AS1-20180127160343
2018-01-27 16:06:18.576;VU;AS88-AS1-20180127160343
2018-01-27 16:06:20.334;RC;AS88-AS1-20180127160446
2018-01-27 16:06:21.134;SS;AS88-AS1-20180127160446
2018-01-27 16:06:54.924;RO;AS88-AS1-20180127160551
2018-01-27 16:06:55.748;SP;AS88-AS1-20180127160551
2018-01-27 16:06:57.388;SQ;AS88-AS1-20180127160657
2018-01-27 16:07:23.376;RC;AS88-AS1-20180127160551
2018-01-27 16:07:24.198;SS;AS88-AS1-20180127160551
2018-01-27 16:07:25.473;RU;AS88-AS1-20180127160446
2018-01-27 16:07:27.302;VU;AS88-AS1-20180127160446
2018-01-27 16:07:59.978;RO;AS88-AS1-20180127160657
2018-01-27 16:08:01.257;SP;AS88-AS1-20180127160657
2018-01-27 16:08:03.955;SQ;AS88-AS1-20180127160803
2018-01-27 16:08:35.357;RC;AS88-AS1-20180127160657
2018-01-27 16:08:36.159;SS;AS88-AS1-20180127160657
2018-01-27 16:08:58.465;RU;AS88-AS1-20180127160551
2018-01-27 16:09:00.253;VU;AS88-AS1-20180127160551
2018-01-27 16:09:01.004;RO;AS88-AS1-20180127160803
2018-01-27 16:09:01.847;SP;AS88-AS1-20180127160803
2018-01-27 16:09:03.467;SQ;AS88-AS1-20180127160903
2018-01-27 16:09:39.377;RU;AS88-AS1-20180127160657
2018-01-27 16:09:41.197;VU;AS88-AS1-20180127160657
2018-01-27 16:09:52.873;RC;AS88-AS1-20180127160803
2018-01-27 16:09:53.688;SS;AS88-AS1-20180127160803
2018-01-27 16:10:01.119;RO;AS88-AS1-20180127160903
2018-01-27 16:10:02.365;SP;AS88-AS1-20180127160903
2018-01-27 16:10:03.967;SQ;AS88-AS1-20180127161003
2018-01-27 16:10:36.803;RC;AS88-AS1-20180127160903
2018-01-27 16:10:37.609;SS;AS88-AS1-20180127160903
2018-01-27 16:10:52.461;RU;AS88-AS1-20180127160803
2018-01-27 16:10:54.257;VU;AS88-AS1-20180127160803
2018-01-27 16:11:03.729;RO;AS88-AS1-20180127161003
2018-01-27 16:11:04.861;SP;AS88-AS1-20180127161003
2018-01-27 16:11:07.910;SQ;AS88-AS1-20180127161107
2018-01-27 16:11:33.211;RU;AS88-AS1-20180127160903
2018-01-27 16:11:34.260;RC;AS88-AS1-20180127161003
2018-01-27 16:11:35.006;VU;AS88-AS1-20180127160903
2018-01-27 16:11:35.087;SS;AS88-AS1-20180127161003
2018-01-27 16:12:02.320;RO;AS88-AS1-20180127161107
2018-01-27 16:12:03.300;SP;AS88-AS1-20180127161107
2018-01-27 16:12:04.909;SQ;AS88-AS1-20180127161204
2018-01-27 16:12:32.688;RC;AS88-AS1-20180127161107
2018-01-27 16:12:33.494;SS;AS88-AS1-20180127161107
2018-01-27 16:12:40.970;RU;AS88-AS1-20180127161003
2018-01-27 16:12:42.784;VU;AS88-AS1-20180127161003
2018-01-27 16:13:07.693;RO;AS88-AS1-20180127161204
2018-01-27 16:13:09.350;SP;AS88-AS1-20180127161204
2018-01-27 16:13:11.854;SQ;AS88-AS1-20180127161311
2018-01-27 16:13:35.255;RU;AS88-AS1-20180127161107
2018-01-27 16:13:37.094;VU;AS88-AS1-20180127161107
2018-01-27 16:13:40.150;RC;AS88-AS1-20180127161204
2018-01-27 16:13:41.425;SS;AS88-AS1-20180127161204
2018-01-27 16:14:08.661;RO;AS88-AS1-20180127161311
2018-01-27 16:14:09.721;SP;AS88-AS1-20180127161311
2018-01-27 16:14:12.426;SQ;AS88-AS1-20180127161412
2018-01-27 16:14:33.030;RC;AS88-AS1-20180127161311
2018-01-27 16:14:33.827;SS;AS88-AS1-20180127161311
2018-01-27 16:14:51.629;RU;AS88-AS1-20180127161204
2018-01-27 16:14:53.450;VU;AS88-AS1-20180127161204
2018-01-27 16:15:10.525;RO;AS88-AS1-20180127161412
2018-01-27 16:15:12.293;SP;AS88-AS1-20180127161412
2018-01-27 16:15:15.497;SQ;AS88-AS1-20180127161515
2018-01-27 16:15:35.893;RU;AS88-AS1-20180127161311
2018-01-27 16:15:37.718;VU;AS88-AS1-20180127161311
2018-01-27 16:15:43.647;RC;AS88-AS1-20180127161412
2018-01-27 16:15:44.946;SS;AS88-AS1-20180127161412
2018-01-27 16:16:07.653;RO;AS88-AS1-20180127161515
2018-01-27 16:16:08.863;SP;AS88-AS1-20180127161515
2018-01-27 16:16:10.486;SQ;AS88-AS1-20180127161610
2018-01-27 16:16:38.915;RC;AS88-AS1-20180127161515
2018-01-27 16:16:39.736;SS;AS88-AS1-20180127161515
2018-01-27 16:16:43.781;RU;AS88-AS1-20180127161412
2018-01-27 16:16:46.158;VU;AS88-AS1-20180127161412
2018-01-27 16:17:12.248;RO;AS88-AS1-20180127161610
2018-01-27 16:17:13.381;SP;AS88-AS1-20180127161610
2018-01-27 16:17:15.024;SQ;AS88-AS1-20180127161715
2018-01-27 16:17:37.524;RC;AS88-AS1-20180127161610
2018-01-27 16:17:38.314;SS;AS88-AS1-20180127161610
2018-01-27 16:17:46.475;RU;AS88-AS1-20180127161515
2018-01-27 16:17:48.271;VU;AS88-AS1-20180127161515
2018-01-27 16:18:13.231;RO;AS88-AS1-20180127161715
2018-01-27 16:18:14.397;SP;AS88-AS1-20180127161715
2018-01-27 16:18:16.029;SQ;AS88-AS1-20180127161816
2018-01-27 16:18:35.354;RU;AS88-AS1-20180127161610
2018-01-27 16:18:37.182;VU;AS88-AS1-20180127161610
2018-01-27 16:18:45.946;RC;AS88-AS1-20180127161715
2018-01-27 16:18:46.758;SS;AS88-AS1-20180127161715
2018-01-27 16:19:38.640;RO;AS88-AS1-20180127161816
2018-01-27 16:19:40.809;SP;AS88-AS1-20180127161816
2018-01-27 16:19:43.339;SQ;AS88-AS1-20180127161943
2018-01-27 16:19:48.262;RU;AS88-AS1-20180127161715
2018-01-27 16:19:50.060;VU;AS88-AS1-20180127161715
2018-01-27 16:19:52.209;RC;AS88-AS1-20180127161816
2018-01-27 16:19:53.003;SS;AS88-AS1-20180127161816
2018-01-27 16:20:38.056;RO;AS88-AS1-20180127161943
2018-01-27 16:20:39.208;SP;AS88-AS1-20180127161943
2018-01-27 16:20:40.835;SQ;AS88-AS1-20180127162040
2018-01-27 16:20:51.226;RU;AS88-AS1-20180127161816
2018-01-27 16:21:11.426;RC;AS88-AS1-20180127161943
2018-01-27 16:21:12.905;SS;AS88-AS1-20180127161943
2018-01-27 16:21:36.220;RO;AS88-AS1-20180127162040
2018-01-27 16:21:37.212;SP;AS88-AS1-20180127162040
2018-01-27 16:21:39.663;SQ;AS88-AS1-20180127162139
2018-01-27 16:22:11.102;RC;AS88-AS1-20180127162040
2018-01-27 16:22:12.363;SS;AS88-AS1-20180127162040
2018-01-27 16:22:15.058;RU;AS88-AS1-20180127161943
2018-01-27 16:22:17.869;VU;AS88-AS1-20180127161943
2018-01-27 16:22:40.821;RO;AS88-AS1-20180127162139
2018-01-27 16:22:42.057;SP;AS88-AS1-20180127162139
2018-01-27 16:22:44.518;SQ;AS88-AS1-20180127162244
2018-01-27 16:23:10.755;RC;AS88-AS1-20180127162139
2018-01-27 16:23:11.700;SS;AS88-AS1-20180127162139
2018-01-27 16:23:13.910;RU;AS88-AS1-20180127162040
2018-01-27 16:23:16.005;VU;AS88-AS1-20180127162040
2018-01-27 16:24:05.953;RO;AS88-AS1-20180127162244
2018-01-27 16:24:08.525;SP;AS88-AS1-20180127162244
2018-01-27 16:24:10.797;SQ;AS88-AS1-20180127162410
2018-01-27 16:24:14.302;RU;AS88-AS1-20180127162139
2018-01-27 16:24:16.840;VU;AS88-AS1-20180127162139
2018-01-27 16:24:41.492;RC;AS88-AS1-20180127162244
2018-01-27 16:24:42.670;SS;AS88-AS1-20180127162244
2018-01-27 16:25:13.610;RO;AS88-AS1-20180127162410
2018-01-27 16:25:14.735;SP;AS88-AS1-20180127162410
2018-01-27 16:25:17.189;SQ;AS88-AS1-20180127162517
2018-01-27 16:25:40.667;RC;AS88-AS1-20180127162410
2018-01-27 16:25:41.742;SS;AS88-AS1-20180127162410
2018-01-27 16:25:44.942;RU;AS88-AS1-20180127162244
2018-01-27 16:25:47.286;VU;AS88-AS1-20180127162244
2018-01-27 16:26:14.229;RO;AS88-AS1-20180127162517
2018-01-27 16:26:15.282;SP;AS88-AS1-20180127162517
2018-01-27 16:26:17.651;SQ;AS88-AS1-20180127162617
2018-01-27 16:26:38.583;RU;AS88-AS1-20180127162410
2018-01-27 16:26:40.675;RC;AS88-AS1-20180127162517
2018-01-27 16:26:41.317;VU;AS88-AS1-20180127162410
2018-01-27 16:26:43.104;SS;AS88-AS1-20180127162517
2018-01-27 16:27:08.019;RO;AS88-AS1-20180127162617
2018-01-27 16:27:09.370;SP;AS88-AS1-20180127162617
2018-01-27 16:27:29.674;RU;AS88-AS1-20180127162517
2018-01-27 16:27:32.602;VU;AS88-AS1-20180127162517
2018-01-27 16:27:44.047;RC;AS88-AS1-20180127162617
2018-01-27 16:27:47.213;SS;AS88-AS1-20180127162617
2018-01-27 16:28:04.820;RU;AS88-AS1-20180127162617
2018-01-27 16:28:15.603;VU;AS88-AS1-20180127162617
