2018-01-27 15:56:13.868;SQ;AS9-AS1-20180127155613
2018-01-27 15:56:57.588;RO;AS9-AS1-20180127155613
2018-01-27 15:56:59.094;SP;AS9-AS1-20180127155613
2018-01-27 15:57:01.019;SQ;AS9-AS1-20180127155701
2018-01-27 15:57:26.204;RC;AS9-AS1-20180127155613
2018-01-27 15:57:27.024;SS;AS9-AS1-20180127155613
2018-01-27 15:57:54.360;RO;AS9-AS1-20180127155701
2018-01-27 15:57:55.409;SP;AS9-AS1-20180127155701
2018-01-27 15:57:57.056;SQ;AS9-AS1-20180127155757
2018-01-27 15:58:25.482;RC;AS9-AS1-20180127155701
2018-01-27 15:58:26.325;SS;AS9-AS1-20180127155701
2018-01-27 15:58:29.611;RU;AS9-AS1-20180127155613
2018-01-27 15:58:31.455;VU;AS9-AS1-20180127155613
2018-01-27 15:58:56.033;RO;AS9-AS1-20180127155757
2018-01-27 15:58:56.961;SP;AS9-AS1-20180127155757
2018-01-27 15:58:58.650;SQ;AS9-AS1-20180127155858
2018-01-27 15:59:27.157;RU;AS9-AS1-20180127155701
2018-01-27 15:59:28.773;RC;AS9-AS1-20180127155757
2018-01-27 15:59:28.986;VU;AS9-AS1-20180127155701
2018-01-27 15:59:29.580;SS;AS9-AS1-20180127155757
2018-01-27 16:00:30.753;RO;AS9-AS1-20180127155858
2018-01-27 16:00:32.091;SP;AS9-AS1-20180127155858
2018-01-27 16:00:33.794;SQ;AS9-AS1-20180127160033
2018-01-27 16:00:37.819;RU;AS9-AS1-20180127155757
2018-01-27 16:00:39.677;VU;AS9-AS1-20180127155757
2018-01-27 16:00:59.481;RC;AS9-AS1-20180127155858
2018-01-27 16:01:00.311;SS;AS9-AS1-20180127155858
2018-01-27 16:01:35.464;RO;AS9-AS1-20180127160033
2018-01-27 16:01:36.688;SP;AS9-AS1-20180127160033
2018-01-27 16:01:39.596;SQ;AS9-AS1-20180127160139
2018-01-27 16:02:08.968;RU;AS9-AS1-20180127155858
2018-01-27 16:02:08.984;RC;AS9-AS1-20180127160033
2018-01-27 16:02:11.348;SS;AS9-AS1-20180127160033
2018-01-27 16:02:12.345;VU;AS9-AS1-20180127155858
2018-01-27 16:02:38.229;RO;AS9-AS1-20180127160139
2018-01-27 16:02:40.381;SP;AS9-AS1-20180127160139
2018-01-27 16:02:42.404;SQ;AS9-AS1-20180127160242
2018-01-27 16:03:11.466;RU;AS9-AS1-20180127160033
2018-01-27 16:03:12.706;RC;AS9-AS1-20180127160139
2018-01-27 16:03:13.306;VU;AS9-AS1-20180127160033
2018-01-27 16:03:13.539;SS;AS9-AS1-20180127160139
2018-01-27 16:03:42.210;RO;AS9-AS1-20180127160242
2018-01-27 16:03:43.308;SP;AS9-AS1-20180127160242
2018-01-27 16:03:44.966;SQ;AS9-AS1-20180127160344
2018-01-27 16:04:14.223;RU;AS9-AS1-20180127160139
2018-01-27 16:04:15.989;RC;AS9-AS1-20180127160242
2018-01-27 16:04:16.076;VU;AS9-AS1-20180127160139
2018-01-27 16:04:16.811;SS;AS9-AS1-20180127160242
2018-01-27 16:04:45.615;RO;AS9-AS1-20180127160344
2018-01-27 16:04:46.894;SP;AS9-AS1-20180127160344
2018-01-27 16:04:48.584;SQ;AS9-AS1-20180127160448
2018-01-27 16:05:19.550;RC;AS9-AS1-20180127160344
2018-01-27 16:05:20.389;SS;AS9-AS1-20180127160344
2018-01-27 16:05:27.344;RU;AS9-AS1-20180127160242
2018-01-27 16:05:29.209;VU;AS9-AS1-20180127160242
2018-01-27 16:05:56.574;RO;AS9-AS1-20180127160448
2018-01-27 16:05:57.512;SP;AS9-AS1-20180127160448
2018-01-27 16:05:59.173;SQ;AS9-AS1-20180127160559
2018-01-27 16:06:24.705;RU;AS9-AS1-20180127160344
2018-01-27 16:06:26.518;VU;AS9-AS1-20180127160344
2018-01-27 16:06:30.107;RC;AS9-AS1-20180127160448
2018-01-27 16:06:31.696;SS;AS9-AS1-20180127160448
2018-01-27 16:06:54.982;RO;AS9-AS1-20180127160559
2018-01-27 16:06:56.070;SP;AS9-AS1-20180127160559
2018-01-27 16:06:57.757;SQ;AS9-AS1-20180127160657
2018-01-27 16:07:28.832;RC;AS9-AS1-20180127160559
2018-01-27 16:07:29.658;SS;AS9-AS1-20180127160559
2018-01-27 16:07:34.780;RU;AS9-AS1-20180127160448
2018-01-27 16:07:36.633;VU;AS9-AS1-20180127160448
2018-01-27 16:07:57.255;RO;AS9-AS1-20180127160657
2018-01-27 16:07:58.177;SP;AS9-AS1-20180127160657
2018-01-27 16:07:59.871;SQ;AS9-AS1-20180127160759
2018-01-27 16:08:24.141;RC;AS9-AS1-20180127160657
2018-01-27 16:08:24.957;SS;AS9-AS1-20180127160657
2018-01-27 16:08:33.964;RU;AS9-AS1-20180127160559
2018-01-27 16:08:35.787;VU;AS9-AS1-20180127160559
2018-01-27 16:09:17.973;RU;AS9-AS1-20180127160657
2018-01-27 16:09:19.820;VU;AS9-AS1-20180127160657
2018-01-27 16:09:22.375;RO;AS9-AS1-20180127160759
2018-01-27 16:09:23.307;SP;AS9-AS1-20180127160759
2018-01-27 16:09:24.998;SQ;AS9-AS1-20180127160924
2018-01-27 16:09:53.097;RC;AS9-AS1-20180127160759
2018-01-27 16:09:53.912;SS;AS9-AS1-20180127160759
2018-01-27 16:10:29.696;RO;AS9-AS1-20180127160924
2018-01-27 16:10:30.892;SP;AS9-AS1-20180127160924
2018-01-27 16:10:32.568;SQ;AS9-AS1-20180127161032
2018-01-27 16:10:56.023;RC;AS9-AS1-20180127160924
2018-01-27 16:10:56.815;RU;AS9-AS1-20180127160759
2018-01-27 16:10:56.905;SS;AS9-AS1-20180127160924
2018-01-27 16:10:58.704;VU;AS9-AS1-20180127160759
2018-01-27 16:11:27.901;RO;AS9-AS1-20180127161032
2018-01-27 16:11:28.978;SP;AS9-AS1-20180127161032
2018-01-27 16:11:30.646;SQ;AS9-AS1-20180127161130
2018-01-27 16:11:58.410;RU;AS9-AS1-20180127160924
2018-01-27 16:12:00.233;VU;AS9-AS1-20180127160924
2018-01-27 16:12:00.871;RC;AS9-AS1-20180127161032
2018-01-27 16:12:01.697;SS;AS9-AS1-20180127161032
2018-01-27 16:12:31.957;RO;AS9-AS1-20180127161130
2018-01-27 16:12:33.027;SP;AS9-AS1-20180127161130
2018-01-27 16:12:34.680;SQ;AS9-AS1-20180127161234
2018-01-27 16:13:01.044;RC;AS9-AS1-20180127161130
2018-01-27 16:13:01.902;SS;AS9-AS1-20180127161130
2018-01-27 16:13:06.572;RU;AS9-AS1-20180127161032
2018-01-27 16:13:08.390;VU;AS9-AS1-20180127161032
2018-01-27 16:13:37.599;RO;AS9-AS1-20180127161234
2018-01-27 16:13:38.597;SP;AS9-AS1-20180127161234
2018-01-27 16:13:41.790;SQ;AS9-AS1-20180127161341
2018-01-27 16:14:05.347;RU;AS9-AS1-20180127161130
2018-01-27 16:14:07.207;VU;AS9-AS1-20180127161130
2018-01-27 16:14:09.551;RC;AS9-AS1-20180127161234
2018-01-27 16:14:10.516;SS;AS9-AS1-20180127161234
2018-01-27 16:14:36.065;RO;AS9-AS1-20180127161341
2018-01-27 16:14:37.163;SP;AS9-AS1-20180127161341
2018-01-27 16:14:38.813;SQ;AS9-AS1-20180127161438
2018-01-27 16:15:03.821;RC;AS9-AS1-20180127161341
2018-01-27 16:15:04.639;SS;AS9-AS1-20180127161341
2018-01-27 16:15:12.185;RU;AS9-AS1-20180127161234
2018-01-27 16:15:14.925;VU;AS9-AS1-20180127161234
2018-01-27 16:15:37.813;RO;AS9-AS1-20180127161438
2018-01-27 16:15:38.735;SP;AS9-AS1-20180127161438
2018-01-27 16:15:40.407;SQ;AS9-AS1-20180127161540
2018-01-27 16:16:03.301;RU;AS9-AS1-20180127161341
2018-01-27 16:16:05.142;VU;AS9-AS1-20180127161341
2018-01-27 16:16:08.444;RC;AS9-AS1-20180127161438
2018-01-27 16:16:09.292;SS;AS9-AS1-20180127161438
2018-01-27 16:16:39.362;RO;AS9-AS1-20180127161540
2018-01-27 16:16:40.296;SP;AS9-AS1-20180127161540
2018-01-27 16:16:41.952;SQ;AS9-AS1-20180127161641
2018-01-27 16:17:11.064;RC;AS9-AS1-20180127161540
2018-01-27 16:17:11.907;SS;AS9-AS1-20180127161540
2018-01-27 16:17:16.033;RU;AS9-AS1-20180127161438
2018-01-27 16:17:17.874;VU;AS9-AS1-20180127161438
2018-01-27 16:17:38.348;RO;AS9-AS1-20180127161641
2018-01-27 16:17:39.329;SP;AS9-AS1-20180127161641
2018-01-27 16:17:40.973;SQ;AS9-AS1-20180127161740
2018-01-27 16:18:10.486;RC;AS9-AS1-20180127161641
2018-01-27 16:18:11.314;SS;AS9-AS1-20180127161641
2018-01-27 16:18:32.102;RO;AS9-AS1-20180127161740
2018-01-27 16:18:33.361;SP;AS9-AS1-20180127161740
2018-01-27 16:18:35.037;SQ;AS9-AS1-20180127161835
2018-01-27 16:18:42.894;RU;AS9-AS1-20180127161540
2018-01-27 16:18:44.723;VU;AS9-AS1-20180127161540
2018-01-27 16:19:04.494;RC;AS9-AS1-20180127161740
2018-01-27 16:19:05.352;SS;AS9-AS1-20180127161740
2018-01-27 16:19:15.677;RU;AS9-AS1-20180127161641
2018-01-27 16:19:17.494;VU;AS9-AS1-20180127161641
2018-01-27 16:19:30.182;RO;AS9-AS1-20180127161835
2018-01-27 16:19:31.436;SP;AS9-AS1-20180127161835
2018-01-27 16:19:33.121;SQ;AS9-AS1-20180127161933
2018-01-27 16:20:03.655;RC;AS9-AS1-20180127161835
2018-01-27 16:20:04.504;SS;AS9-AS1-20180127161835
2018-01-27 16:20:07.981;RU;AS9-AS1-20180127161740
2018-01-27 16:20:09.846;VU;AS9-AS1-20180127161740
2018-01-27 16:20:33.251;RO;AS9-AS1-20180127161933
2018-01-27 16:20:34.525;SP;AS9-AS1-20180127161933
2018-01-27 16:20:36.188;SQ;AS9-AS1-20180127162036
2018-01-27 16:21:04.024;RC;AS9-AS1-20180127161933
2018-01-27 16:21:04.867;SS;AS9-AS1-20180127161933
2018-01-27 16:21:06.732;RU;AS9-AS1-20180127161835
2018-01-27 16:21:08.559;VU;AS9-AS1-20180127161835
2018-01-27 16:21:40.086;RO;AS9-AS1-20180127162036
2018-01-27 16:21:41.078;SP;AS9-AS1-20180127162036
2018-01-27 16:21:42.733;SQ;AS9-AS1-20180127162142
2018-01-27 16:22:09.042;RU;AS9-AS1-20180127161933
2018-01-27 16:22:10.876;VU;AS9-AS1-20180127161933
2018-01-27 16:22:15.761;RC;AS9-AS1-20180127162036
2018-01-27 16:22:17.413;SS;AS9-AS1-20180127162036
2018-01-27 16:22:39.011;RO;AS9-AS1-20180127162142
2018-01-27 16:22:40.113;SP;AS9-AS1-20180127162142
2018-01-27 16:22:41.778;SQ;AS9-AS1-20180127162241
2018-01-27 16:23:05.009;RC;AS9-AS1-20180127162142
2018-01-27 16:23:05.866;SS;AS9-AS1-20180127162142
2018-01-27 16:23:11.795;RU;AS9-AS1-20180127162036
2018-01-27 16:23:13.621;VU;AS9-AS1-20180127162036
2018-01-27 16:23:43.086;RO;AS9-AS1-20180127162241
2018-01-27 16:23:44.186;SP;AS9-AS1-20180127162241
2018-01-27 16:23:45.858;SQ;AS9-AS1-20180127162345
2018-01-27 16:24:06.328;RU;AS9-AS1-20180127162142
2018-01-27 16:24:08.566;VU;AS9-AS1-20180127162142
2018-01-27 16:24:09.145;RC;AS9-AS1-20180127162241
2018-01-27 16:24:09.994;SS;AS9-AS1-20180127162241
2018-01-27 16:24:47.668;RO;AS9-AS1-20180127162345
2018-01-27 16:24:48.771;SP;AS9-AS1-20180127162345
2018-01-27 16:24:50.415;SQ;AS9-AS1-20180127162450
2018-01-27 16:25:14.759;RU;AS9-AS1-20180127162241
2018-01-27 16:25:16.591;VU;AS9-AS1-20180127162241
2018-01-27 16:25:18.178;RC;AS9-AS1-20180127162345
2018-01-27 16:25:19.007;SS;AS9-AS1-20180127162345
2018-01-27 16:25:53.181;RO;AS9-AS1-20180127162450
2018-01-27 16:25:55.265;SP;AS9-AS1-20180127162450
2018-01-27 16:25:57.646;SQ;AS9-AS1-20180127162557
2018-01-27 16:26:19.841;RU;AS9-AS1-20180127162345
2018-01-27 16:26:21.675;VU;AS9-AS1-20180127162345
2018-01-27 16:26:26.206;RC;AS9-AS1-20180127162450
2018-01-27 16:26:27.046;SS;AS9-AS1-20180127162450
2018-01-27 16:26:54.429;RO;AS9-AS1-20180127162557
2018-01-27 16:26:55.549;SP;AS9-AS1-20180127162557
2018-01-27 16:26:58.373;SQ;AS9-AS1-20180127162658
2018-01-27 16:27:17.076;RU;AS9-AS1-20180127162450
2018-01-27 16:27:18.904;VU;AS9-AS1-20180127162450
2018-01-27 16:27:24.097;RC;AS9-AS1-20180127162557
2018-01-27 16:27:24.924;SS;AS9-AS1-20180127162557
2018-01-27 16:27:42.172;RO;AS9-AS1-20180127162658
2018-01-27 16:27:43.501;SP;AS9-AS1-20180127162658
2018-01-27 16:27:57.949;RU;AS9-AS1-20180127162557
2018-01-27 16:27:58.111;RC;AS9-AS1-20180127162658
2018-01-27 16:28:01.159;SS;AS9-AS1-20180127162658
2018-01-27 16:28:01.922;VU;AS9-AS1-20180127162557
2018-01-27 16:28:08.530;RU;AS9-AS1-20180127162658
2018-01-27 16:28:13.935;VU;AS9-AS1-20180127162658
