2018-01-27 15:55:57.676;SQ;AS91-AS1-20180127155557
2018-01-27 15:56:07.910;RO;AS91-AS1-20180127155557
2018-01-27 15:56:08.956;SP;AS91-AS1-20180127155557
2018-01-27 15:56:10.458;SQ;AS91-AS1-20180127155610
2018-01-27 15:56:19.887;RC;AS91-AS1-20180127155557
2018-01-27 15:56:20.660;SS;AS91-AS1-20180127155557
2018-01-27 15:56:43.639;RO;AS91-AS1-20180127155610
2018-01-27 15:56:44.768;SP;AS91-AS1-20180127155610
2018-01-27 15:56:46.328;SQ;AS91-AS1-20180127155646
2018-01-27 15:57:05.562;RU;AS91-AS1-20180127155557
2018-01-27 15:57:06.812;RC;AS91-AS1-20180127155610
2018-01-27 15:57:07.311;VU;AS91-AS1-20180127155557
2018-01-27 15:57:07.578;SS;AS91-AS1-20180127155610
2018-01-27 15:57:43.568;RO;AS91-AS1-20180127155646
2018-01-27 15:57:44.658;SP;AS91-AS1-20180127155646
2018-01-27 15:57:47.313;SQ;AS91-AS1-20180127155747
2018-01-27 15:58:06.717;RU;AS91-AS1-20180127155610
2018-01-27 15:58:08.499;VU;AS91-AS1-20180127155610
2018-01-27 15:58:15.922;RC;AS91-AS1-20180127155646
2018-01-27 15:58:17.489;SS;AS91-AS1-20180127155646
2018-01-27 15:58:42.419;RO;AS91-AS1-20180127155747
2018-01-27 15:58:43.664;SP;AS91-AS1-20180127155747
2018-01-27 15:58:45.170;SQ;AS91-AS1-20180127155845
2018-01-27 15:59:11.561;RC;AS91-AS1-20180127155747
2018-01-27 15:59:12.346;SS;AS91-AS1-20180127155747
2018-01-27 15:59:13.186;RU;AS91-AS1-20180127155646
2018-01-27 15:59:44.128;RO;AS91-AS1-20180127155845
2018-01-27 15:59:45.349;SP;AS91-AS1-20180127155845
2018-01-27 15:59:47.505;SQ;AS91-AS1-20180127155947
2018-01-27 16:00:13.872;RU;AS91-AS1-20180127155747
2018-01-27 16:00:16.414;VU;AS91-AS1-20180127155747
2018-01-27 16:00:19.479;RC;AS91-AS1-20180127155845
2018-01-27 16:00:20.606;SS;AS91-AS1-20180127155845
2018-01-27 16:00:47.348;RO;AS91-AS1-20180127155947
2018-01-27 16:00:48.539;SP;AS91-AS1-20180127155947
2018-01-27 16:00:50.688;SQ;AS91-AS1-20180127160050
2018-01-27 16:01:15.113;RC;AS91-AS1-20180127155947
2018-01-27 16:01:16.637;SS;AS91-AS1-20180127155947
2018-01-27 16:01:25.034;RU;AS91-AS1-20180127155845
2018-01-27 16:01:27.552;VU;AS91-AS1-20180127155845
2018-01-27 16:01:51.812;RO;AS91-AS1-20180127160050
2018-01-27 16:01:53.716;SP;AS91-AS1-20180127160050
2018-01-27 16:01:57.522;SQ;AS91-AS1-20180127160157
2018-01-27 16:02:22.296;RU;AS91-AS1-20180127155947
2018-01-27 16:02:24.375;VU;AS91-AS1-20180127155947
2018-01-27 16:02:25.378;RC;AS91-AS1-20180127160050
2018-01-27 16:02:27.423;SS;AS91-AS1-20180127160050
2018-01-27 16:02:54.690;RO;AS91-AS1-20180127160157
2018-01-27 16:02:56.948;SP;AS91-AS1-20180127160157
2018-01-27 16:02:59.359;SQ;AS91-AS1-20180127160259
2018-01-27 16:03:25.112;RC;AS91-AS1-20180127160157
2018-01-27 16:03:25.798;RU;AS91-AS1-20180127160050
2018-01-27 16:03:27.999;SS;AS91-AS1-20180127160157
2018-01-27 16:03:30.288;VU;AS91-AS1-20180127160050
2018-01-27 16:03:58.109;RO;AS91-AS1-20180127160259
2018-01-27 16:03:59.581;SP;AS91-AS1-20180127160259
2018-01-27 16:04:01.854;SQ;AS91-AS1-20180127160401
2018-01-27 16:04:27.099;RC;AS91-AS1-20180127160259
2018-01-27 16:04:29.129;SS;AS91-AS1-20180127160259
2018-01-27 16:04:30.339;RU;AS91-AS1-20180127160157
2018-01-27 16:04:32.907;VU;AS91-AS1-20180127160157
2018-01-27 16:04:51.880;RO;AS91-AS1-20180127160401
2018-01-27 16:04:52.690;SP;AS91-AS1-20180127160401
2018-01-27 16:04:55.015;SQ;AS91-AS1-20180127160455
2018-01-27 16:05:21.250;RC;AS91-AS1-20180127160401
2018-01-27 16:05:22.248;SS;AS91-AS1-20180127160401
2018-01-27 16:05:40.646;RU;AS91-AS1-20180127160259
2018-01-27 16:05:43.205;VU;AS91-AS1-20180127160259
2018-01-27 16:05:53.994;RO;AS91-AS1-20180127160455
2018-01-27 16:05:54.908;SP;AS91-AS1-20180127160455
2018-01-27 16:05:57.146;SQ;AS91-AS1-20180127160557
2018-01-27 16:06:20.602;RC;AS91-AS1-20180127160455
2018-01-27 16:06:21.723;SS;AS91-AS1-20180127160455
2018-01-27 16:06:31.272;RU;AS91-AS1-20180127160401
2018-01-27 16:06:34.019;VU;AS91-AS1-20180127160401
2018-01-27 16:06:57.387;RO;AS91-AS1-20180127160557
2018-01-27 16:06:58.990;SP;AS91-AS1-20180127160557
2018-01-27 16:07:01.041;SQ;AS91-AS1-20180127160701
2018-01-27 16:07:25.364;RU;AS91-AS1-20180127160455
2018-01-27 16:07:27.723;VU;AS91-AS1-20180127160455
2018-01-27 16:07:32.451;RC;AS91-AS1-20180127160557
2018-01-27 16:07:34.130;SS;AS91-AS1-20180127160557
2018-01-27 16:07:56.685;RO;AS91-AS1-20180127160701
2018-01-27 16:07:58.471;SP;AS91-AS1-20180127160701
2018-01-27 16:08:00.458;SQ;AS91-AS1-20180127160800
2018-01-27 16:08:30.833;RC;AS91-AS1-20180127160701
2018-01-27 16:08:32.133;SS;AS91-AS1-20180127160701
2018-01-27 16:08:32.335;RU;AS91-AS1-20180127160557
2018-01-27 16:08:35.569;VU;AS91-AS1-20180127160557
2018-01-27 16:08:58.548;RO;AS91-AS1-20180127160800
2018-01-27 16:08:59.907;SP;AS91-AS1-20180127160800
2018-01-27 16:09:02.315;SQ;AS91-AS1-20180127160902
2018-01-27 16:09:32.216;RC;AS91-AS1-20180127160800
2018-01-27 16:09:32.987;SS;AS91-AS1-20180127160800
2018-01-27 16:09:38.857;RU;AS91-AS1-20180127160701
2018-01-27 16:09:41.244;VU;AS91-AS1-20180127160701
2018-01-27 16:10:06.752;RO;AS91-AS1-20180127160902
2018-01-27 16:10:07.890;SP;AS91-AS1-20180127160902
2018-01-27 16:10:10.227;SQ;AS91-AS1-20180127161010
2018-01-27 16:10:32.123;RU;AS91-AS1-20180127160800
2018-01-27 16:10:34.465;VU;AS91-AS1-20180127160800
2018-01-27 16:10:36.804;RC;AS91-AS1-20180127160902
2018-01-27 16:10:38.366;SS;AS91-AS1-20180127160902
2018-01-27 16:11:12.789;RO;AS91-AS1-20180127161010
2018-01-27 16:11:13.770;SP;AS91-AS1-20180127161010
2018-01-27 16:11:15.940;SQ;AS91-AS1-20180127161115
2018-01-27 16:11:31.627;RU;AS91-AS1-20180127160902
2018-01-27 16:11:33.388;VU;AS91-AS1-20180127160902
2018-01-27 16:11:46.052;RC;AS91-AS1-20180127161010
2018-01-27 16:11:47.226;SS;AS91-AS1-20180127161010
2018-01-27 16:12:16.211;RO;AS91-AS1-20180127161115
2018-01-27 16:12:17.466;SP;AS91-AS1-20180127161115
2018-01-27 16:12:19.852;SQ;AS91-AS1-20180127161219
2018-01-27 16:12:46.256;RU;AS91-AS1-20180127161010
2018-01-27 16:12:46.309;RC;AS91-AS1-20180127161115
2018-01-27 16:12:48.396;SS;AS91-AS1-20180127161115
2018-01-27 16:13:49.416;RO;AS91-AS1-20180127161219
2018-01-27 16:13:51.250;SP;AS91-AS1-20180127161219
2018-01-27 16:13:54.542;RU;AS91-AS1-20180127161115
2018-01-27 16:13:54.817;SQ;AS91-AS1-20180127161354
2018-01-27 16:13:58.808;VU;AS91-AS1-20180127161115
2018-01-27 16:14:17.942;RC;AS91-AS1-20180127161219
2018-01-27 16:14:19.821;SS;AS91-AS1-20180127161219
2018-01-27 16:14:53.119;RO;AS91-AS1-20180127161354
2018-01-27 16:14:54.758;SP;AS91-AS1-20180127161354
2018-01-27 16:15:00.192;SQ;AS91-AS1-20180127161500
2018-01-27 16:15:22.327;RU;AS91-AS1-20180127161219
2018-01-27 16:15:24.803;VU;AS91-AS1-20180127161219
2018-01-27 16:15:26.009;RC;AS91-AS1-20180127161354
2018-01-27 16:15:28.861;SS;AS91-AS1-20180127161354
2018-01-27 16:16:01.304;RO;AS91-AS1-20180127161500
2018-01-27 16:16:03.062;SP;AS91-AS1-20180127161500
2018-01-27 16:16:06.624;SQ;AS91-AS1-20180127161606
2018-01-27 16:16:29.565;RU;AS91-AS1-20180127161354
2018-01-27 16:16:33.864;VU;AS91-AS1-20180127161354
2018-01-27 16:16:39.325;RC;AS91-AS1-20180127161500
2018-01-27 16:16:40.708;SS;AS91-AS1-20180127161500
2018-01-27 16:16:53.191;RO;AS91-AS1-20180127161606
2018-01-27 16:16:54.584;SP;AS91-AS1-20180127161606
2018-01-27 16:16:57.979;SQ;AS91-AS1-20180127161657
2018-01-27 16:17:27.961;RC;AS91-AS1-20180127161606
2018-01-27 16:17:29.650;SS;AS91-AS1-20180127161606
2018-01-27 16:17:37.192;RU;AS91-AS1-20180127161500
2018-01-27 16:17:39.873;VU;AS91-AS1-20180127161500
2018-01-27 16:18:11.626;RO;AS91-AS1-20180127161657
2018-01-27 16:18:13.348;SP;AS91-AS1-20180127161657
2018-01-27 16:18:16.757;SQ;AS91-AS1-20180127161816
2018-01-27 16:18:29.021;RU;AS91-AS1-20180127161606
2018-01-27 16:18:31.039;VU;AS91-AS1-20180127161606
2018-01-27 16:18:42.940;RC;AS91-AS1-20180127161657
2018-01-27 16:18:44.194;SS;AS91-AS1-20180127161657
2018-01-27 16:19:15.340;RO;AS91-AS1-20180127161816
2018-01-27 16:19:16.691;SP;AS91-AS1-20180127161816
2018-01-27 16:19:20.274;SQ;AS91-AS1-20180127161920
2018-01-27 16:19:48.432;RU;AS91-AS1-20180127161657
2018-01-27 16:19:48.833;RC;AS91-AS1-20180127161816
2018-01-27 16:19:51.391;SS;AS91-AS1-20180127161816
2018-01-27 16:19:51.906;VU;AS91-AS1-20180127161657
2018-01-27 16:20:19.705;RO;AS91-AS1-20180127161920
2018-01-27 16:20:21.734;SP;AS91-AS1-20180127161920
2018-01-27 16:20:25.097;SQ;AS91-AS1-20180127162025
2018-01-27 16:20:44.356;RU;AS91-AS1-20180127161816
2018-01-27 16:20:48.123;VU;AS91-AS1-20180127161816
2018-01-27 16:20:51.894;RC;AS91-AS1-20180127161920
2018-01-27 16:20:53.280;SS;AS91-AS1-20180127161920
2018-01-27 16:21:24.442;RO;AS91-AS1-20180127162025
2018-01-27 16:21:26.338;SP;AS91-AS1-20180127162025
2018-01-27 16:21:31.540;SQ;AS91-AS1-20180127162131
2018-01-27 16:21:53.356;RU;AS91-AS1-20180127161920
2018-01-27 16:21:53.360;RC;AS91-AS1-20180127162025
2018-01-27 16:21:56.053;SS;AS91-AS1-20180127162025
2018-01-27 16:21:57.054;VU;AS91-AS1-20180127161920
2018-01-27 16:22:26.357;RO;AS91-AS1-20180127162131
2018-01-27 16:22:28.715;SP;AS91-AS1-20180127162131
2018-01-27 16:22:32.601;SQ;AS91-AS1-20180127162232
2018-01-27 16:22:56.721;RC;AS91-AS1-20180127162131
2018-01-27 16:22:58.158;SS;AS91-AS1-20180127162131
2018-01-27 16:22:59.452;RU;AS91-AS1-20180127162025
2018-01-27 16:23:01.852;VU;AS91-AS1-20180127162025
2018-01-27 16:23:27.101;RO;AS91-AS1-20180127162232
2018-01-27 16:23:29.041;SP;AS91-AS1-20180127162232
2018-01-27 16:23:32.508;SQ;AS91-AS1-20180127162332
2018-01-27 16:23:58.748;RU;AS91-AS1-20180127162131
2018-01-27 16:23:59.788;RC;AS91-AS1-20180127162232
2018-01-27 16:24:01.562;VU;AS91-AS1-20180127162131
2018-01-27 16:24:02.061;SS;AS91-AS1-20180127162232
2018-01-27 16:24:28.376;RO;AS91-AS1-20180127162332
2018-01-27 16:24:30.495;SP;AS91-AS1-20180127162332
2018-01-27 16:24:34.283;SQ;AS91-AS1-20180127162434
2018-01-27 16:25:00.741;RU;AS91-AS1-20180127162232
2018-01-27 16:25:01.588;RC;AS91-AS1-20180127162332
2018-01-27 16:25:03.987;SS;AS91-AS1-20180127162332
2018-01-27 16:25:04.058;VU;AS91-AS1-20180127162232
2018-01-27 16:25:32.038;RO;AS91-AS1-20180127162434
2018-01-27 16:25:33.876;SP;AS91-AS1-20180127162434
2018-01-27 16:25:37.726;SQ;AS91-AS1-20180127162537
2018-01-27 16:26:05.430;RC;AS91-AS1-20180127162434
2018-01-27 16:26:06.464;RU;AS91-AS1-20180127162332
2018-01-27 16:26:07.788;SS;AS91-AS1-20180127162434
2018-01-27 16:26:09.552;VU;AS91-AS1-20180127162332
2018-01-27 16:26:35.000;RO;AS91-AS1-20180127162537
2018-01-27 16:26:37.041;SP;AS91-AS1-20180127162537
2018-01-27 16:27:06.966;RC;AS91-AS1-20180127162537
2018-01-27 16:27:07.292;RU;AS91-AS1-20180127162434
2018-01-27 16:27:08.699;SS;AS91-AS1-20180127162537
2018-01-27 16:27:10.828;VU;AS91-AS1-20180127162434
2018-01-27 16:27:44.780;RU;AS91-AS1-20180127162537
2018-01-27 16:27:48.912;VU;AS91-AS1-20180127162537
