2018-01-27 15:55:58.020;SQ;AS93-AS1-20180127155558
2018-01-27 15:56:08.682;RO;AS93-AS1-20180127155558
2018-01-27 15:56:09.869;SP;AS93-AS1-20180127155558
2018-01-27 15:56:11.532;SQ;AS93-AS1-20180127155611
2018-01-27 15:56:21.940;RC;AS93-AS1-20180127155558
2018-01-27 15:56:22.782;SS;AS93-AS1-20180127155558
2018-01-27 15:56:48.272;RO;AS93-AS1-20180127155611
2018-01-27 15:56:49.393;SP;AS93-AS1-20180127155611
2018-01-27 15:56:51.074;SQ;AS93-AS1-20180127155651
2018-01-27 15:57:10.756;RU;AS93-AS1-20180127155558
2018-01-27 15:57:12.616;VU;AS93-AS1-20180127155558
2018-01-27 15:57:13.486;RC;AS93-AS1-20180127155611
2018-01-27 15:57:14.305;SS;AS93-AS1-20180127155611
2018-01-27 15:57:55.852;RO;AS93-AS1-20180127155651
2018-01-27 15:57:56.974;SP;AS93-AS1-20180127155651
2018-01-27 15:57:58.651;SQ;AS93-AS1-20180127155758
2018-01-27 15:58:17.074;RU;AS93-AS1-20180127155611
2018-01-27 15:58:18.909;VU;AS93-AS1-20180127155611
2018-01-27 15:58:24.168;RC;AS93-AS1-20180127155651
2018-01-27 15:58:24.991;SS;AS93-AS1-20180127155651
2018-01-27 15:59:01.780;RO;AS93-AS1-20180127155758
2018-01-27 15:59:03.054;SP;AS93-AS1-20180127155758
2018-01-27 15:59:05.982;SQ;AS93-AS1-20180127155905
2018-01-27 15:59:27.042;RU;AS93-AS1-20180127155651
2018-01-27 15:59:28.895;VU;AS93-AS1-20180127155651
2018-01-27 15:59:31.598;RC;AS93-AS1-20180127155758
2018-01-27 15:59:32.447;SS;AS93-AS1-20180127155758
2018-01-27 16:00:33.428;RU;AS93-AS1-20180127155758
2018-01-27 16:00:35.131;RO;AS93-AS1-20180127155905
2018-01-27 16:00:35.273;VU;AS93-AS1-20180127155758
2018-01-27 16:00:36.850;SP;AS93-AS1-20180127155905
2018-01-27 16:00:39.703;SQ;AS93-AS1-20180127160039
2018-01-27 16:01:06.653;RC;AS93-AS1-20180127155905
2018-01-27 16:01:08.457;SS;AS93-AS1-20180127155905
2018-01-27 16:01:36.703;RO;AS93-AS1-20180127160039
2018-01-27 16:01:37.860;SP;AS93-AS1-20180127160039
2018-01-27 16:01:41.053;SQ;AS93-AS1-20180127160141
2018-01-27 16:02:09.402;RC;AS93-AS1-20180127160039
2018-01-27 16:02:10.506;SS;AS93-AS1-20180127160039
2018-01-27 16:02:15.527;RU;AS93-AS1-20180127155905
2018-01-27 16:02:17.350;VU;AS93-AS1-20180127155905
2018-01-27 16:02:38.084;RO;AS93-AS1-20180127160141
2018-01-27 16:02:39.112;SP;AS93-AS1-20180127160141
2018-01-27 16:02:41.806;SQ;AS93-AS1-20180127160241
2018-01-27 16:03:06.933;RU;AS93-AS1-20180127160039
2018-01-27 16:03:08.772;VU;AS93-AS1-20180127160039
2018-01-27 16:03:37.109;RC;AS93-AS1-20180127160141
2018-01-27 16:03:37.941;SS;AS93-AS1-20180127160141
2018-01-27 16:03:49.180;RO;AS93-AS1-20180127160241
2018-01-27 16:03:50.228;SP;AS93-AS1-20180127160241
2018-01-27 16:03:51.908;SQ;AS93-AS1-20180127160351
2018-01-27 16:04:50.993;RU;AS93-AS1-20180127160141
2018-01-27 16:04:51.450;RC;AS93-AS1-20180127160241
2018-01-27 16:04:51.582;RO;AS93-AS1-20180127160351
2018-01-27 16:04:53.159;VU;AS93-AS1-20180127160141
2018-01-27 16:04:53.254;SS;AS93-AS1-20180127160241
2018-01-27 16:04:53.537;SP;AS93-AS1-20180127160351
2018-01-27 16:04:55.217;SQ;AS93-AS1-20180127160455
2018-01-27 16:05:26.477;RC;AS93-AS1-20180127160351
2018-01-27 16:05:27.322;SS;AS93-AS1-20180127160351
2018-01-27 16:05:57.382;RU;AS93-AS1-20180127160241
2018-01-27 16:05:59.137;RO;AS93-AS1-20180127160455
2018-01-27 16:05:59.221;VU;AS93-AS1-20180127160241
2018-01-27 16:06:00.824;SP;AS93-AS1-20180127160455
2018-01-27 16:06:03.929;SQ;AS93-AS1-20180127160603
2018-01-27 16:06:26.494;RU;AS93-AS1-20180127160351
2018-01-27 16:06:28.343;VU;AS93-AS1-20180127160351
2018-01-27 16:06:29.224;RC;AS93-AS1-20180127160455
2018-01-27 16:06:30.069;SS;AS93-AS1-20180127160455
2018-01-27 16:07:09.187;RO;AS93-AS1-20180127160603
2018-01-27 16:07:10.336;SP;AS93-AS1-20180127160603
2018-01-27 16:07:12.026;SQ;AS93-AS1-20180127160712
2018-01-27 16:07:26.935;RU;AS93-AS1-20180127160455
2018-01-27 16:07:28.779;VU;AS93-AS1-20180127160455
2018-01-27 16:07:41.290;RC;AS93-AS1-20180127160603
2018-01-27 16:07:42.126;SS;AS93-AS1-20180127160603
2018-01-27 16:08:09.988;RO;AS93-AS1-20180127160712
2018-01-27 16:08:10.942;SP;AS93-AS1-20180127160712
2018-01-27 16:08:12.656;SQ;AS93-AS1-20180127160812
2018-01-27 16:08:34.504;RU;AS93-AS1-20180127160603
2018-01-27 16:08:36.357;VU;AS93-AS1-20180127160603
2018-01-27 16:08:39.709;RC;AS93-AS1-20180127160712
2018-01-27 16:08:40.528;SS;AS93-AS1-20180127160712
2018-01-27 16:09:14.040;RO;AS93-AS1-20180127160812
2018-01-27 16:09:15.045;SP;AS93-AS1-20180127160812
2018-01-27 16:09:16.696;SQ;AS93-AS1-20180127160916
2018-01-27 16:09:44.239;RC;AS93-AS1-20180127160812
2018-01-27 16:09:45.062;SS;AS93-AS1-20180127160812
2018-01-27 16:10:12.939;RO;AS93-AS1-20180127160916
2018-01-27 16:10:13.331;RU;AS93-AS1-20180127160712
2018-01-27 16:10:14.865;SP;AS93-AS1-20180127160916
2018-01-27 16:10:16.076;VU;AS93-AS1-20180127160712
2018-01-27 16:10:16.659;SQ;AS93-AS1-20180127161016
2018-01-27 16:10:45.804;RU;AS93-AS1-20180127160812
2018-01-27 16:10:47.650;VU;AS93-AS1-20180127160812
2018-01-27 16:10:48.184;RC;AS93-AS1-20180127160916
2018-01-27 16:10:49.028;SS;AS93-AS1-20180127160916
2018-01-27 16:11:14.867;RO;AS93-AS1-20180127161016
2018-01-27 16:11:16.048;SP;AS93-AS1-20180127161016
2018-01-27 16:11:17.691;SQ;AS93-AS1-20180127161117
2018-01-27 16:11:46.244;RC;AS93-AS1-20180127161016
2018-01-27 16:11:46.436;RU;AS93-AS1-20180127160916
2018-01-27 16:11:47.751;SS;AS93-AS1-20180127161016
2018-01-27 16:11:48.965;VU;AS93-AS1-20180127160916
2018-01-27 16:12:22.062;RO;AS93-AS1-20180127161117
2018-01-27 16:12:24.005;SP;AS93-AS1-20180127161117
2018-01-27 16:12:25.933;SQ;AS93-AS1-20180127161225
2018-01-27 16:12:52.268;RC;AS93-AS1-20180127161117
2018-01-27 16:12:53.116;SS;AS93-AS1-20180127161117
2018-01-27 16:12:53.719;RU;AS93-AS1-20180127161016
2018-01-27 16:12:56.523;VU;AS93-AS1-20180127161016
2018-01-27 16:13:49.115;RU;AS93-AS1-20180127161117
2018-01-27 16:13:50.656;RO;AS93-AS1-20180127161225
2018-01-27 16:13:50.963;VU;AS93-AS1-20180127161117
2018-01-27 16:13:51.879;SP;AS93-AS1-20180127161225
2018-01-27 16:13:53.560;SQ;AS93-AS1-20180127161353
2018-01-27 16:14:25.164;RC;AS93-AS1-20180127161225
2018-01-27 16:14:26.497;SS;AS93-AS1-20180127161225
2018-01-27 16:14:53.710;RO;AS93-AS1-20180127161353
2018-01-27 16:14:54.974;SP;AS93-AS1-20180127161353
2018-01-27 16:14:57.557;SQ;AS93-AS1-20180127161457
2018-01-27 16:15:24.112;RC;AS93-AS1-20180127161353
2018-01-27 16:15:24.948;SS;AS93-AS1-20180127161353
2018-01-27 16:15:49.747;RO;AS93-AS1-20180127161457
2018-01-27 16:15:50.328;RU;AS93-AS1-20180127161225
2018-01-27 16:15:51.528;SP;AS93-AS1-20180127161457
2018-01-27 16:15:53.010;VU;AS93-AS1-20180127161225
2018-01-27 16:15:53.442;SQ;AS93-AS1-20180127161553
2018-01-27 16:16:23.374;RC;AS93-AS1-20180127161457
2018-01-27 16:16:24.239;SS;AS93-AS1-20180127161457
2018-01-27 16:16:25.715;RU;AS93-AS1-20180127161353
2018-01-27 16:16:27.556;VU;AS93-AS1-20180127161353
2018-01-27 16:16:47.195;RO;AS93-AS1-20180127161553
2018-01-27 16:16:48.334;SP;AS93-AS1-20180127161553
2018-01-27 16:16:49.972;SQ;AS93-AS1-20180127161649
2018-01-27 16:17:16.351;RC;AS93-AS1-20180127161553
2018-01-27 16:17:17.204;SS;AS93-AS1-20180127161553
2018-01-27 16:17:28.693;RU;AS93-AS1-20180127161457
2018-01-27 16:17:30.509;VU;AS93-AS1-20180127161457
2018-01-27 16:17:55.211;RO;AS93-AS1-20180127161649
2018-01-27 16:17:56.374;SP;AS93-AS1-20180127161649
2018-01-27 16:17:58.038;SQ;AS93-AS1-20180127161758
2018-01-27 16:18:19.090;RU;AS93-AS1-20180127161553
2018-01-27 16:18:20.932;VU;AS93-AS1-20180127161553
2018-01-27 16:18:23.640;RC;AS93-AS1-20180127161649
2018-01-27 16:18:24.466;SS;AS93-AS1-20180127161649
2018-01-27 16:19:01.189;RO;AS93-AS1-20180127161758
2018-01-27 16:19:02.436;SP;AS93-AS1-20180127161758
2018-01-27 16:19:04.066;SQ;AS93-AS1-20180127161904
2018-01-27 16:19:16.013;RU;AS93-AS1-20180127161649
2018-01-27 16:19:17.833;VU;AS93-AS1-20180127161649
2018-01-27 16:19:33.808;RC;AS93-AS1-20180127161758
2018-01-27 16:19:34.627;SS;AS93-AS1-20180127161758
2018-01-27 16:20:03.404;RO;AS93-AS1-20180127161904
2018-01-27 16:20:04.448;SP;AS93-AS1-20180127161904
2018-01-27 16:20:06.143;SQ;AS93-AS1-20180127162006
2018-01-27 16:20:34.994;RC;AS93-AS1-20180127161904
2018-01-27 16:20:35.826;SS;AS93-AS1-20180127161904
2018-01-27 16:20:40.411;RU;AS93-AS1-20180127161758
2018-01-27 16:20:42.238;VU;AS93-AS1-20180127161758
2018-01-27 16:21:08.458;RO;AS93-AS1-20180127162006
2018-01-27 16:21:09.536;SP;AS93-AS1-20180127162006
2018-01-27 16:21:11.199;SQ;AS93-AS1-20180127162111
2018-01-27 16:21:36.466;RC;AS93-AS1-20180127162006
2018-01-27 16:21:37.290;SS;AS93-AS1-20180127162006
2018-01-27 16:21:41.004;RU;AS93-AS1-20180127161904
2018-01-27 16:21:42.824;VU;AS93-AS1-20180127161904
2018-01-27 16:22:14.204;RO;AS93-AS1-20180127162111
2018-01-27 16:22:15.099;SP;AS93-AS1-20180127162111
2018-01-27 16:22:17.732;SQ;AS93-AS1-20180127162217
2018-01-27 16:22:31.363;RU;AS93-AS1-20180127162006
2018-01-27 16:22:34.125;VU;AS93-AS1-20180127162006
2018-01-27 16:22:44.910;RC;AS93-AS1-20180127162111
2018-01-27 16:22:45.756;SS;AS93-AS1-20180127162111
2018-01-27 16:23:17.174;RO;AS93-AS1-20180127162217
2018-01-27 16:23:18.397;SP;AS93-AS1-20180127162217
2018-01-27 16:23:21.654;SQ;AS93-AS1-20180127162321
2018-01-27 16:23:50.064;RU;AS93-AS1-20180127162111
2018-01-27 16:23:50.064;RC;AS93-AS1-20180127162217
2018-01-27 16:23:52.608;SS;AS93-AS1-20180127162217
2018-01-27 16:23:53.610;VU;AS93-AS1-20180127162111
2018-01-27 16:24:27.756;RO;AS93-AS1-20180127162321
2018-01-27 16:24:29.081;SP;AS93-AS1-20180127162321
2018-01-27 16:24:30.735;SQ;AS93-AS1-20180127162430
2018-01-27 16:24:55.279;RC;AS93-AS1-20180127162321
2018-01-27 16:24:56.114;SS;AS93-AS1-20180127162321
2018-01-27 16:25:01.073;RU;AS93-AS1-20180127162217
2018-01-27 16:25:02.924;VU;AS93-AS1-20180127162217
2018-01-27 16:25:31.642;RO;AS93-AS1-20180127162430
2018-01-27 16:25:32.626;SP;AS93-AS1-20180127162430
2018-01-27 16:25:34.312;SQ;AS93-AS1-20180127162534
2018-01-27 16:25:44.821;RU;AS93-AS1-20180127162321
2018-01-27 16:25:46.683;VU;AS93-AS1-20180127162321
2018-01-27 16:26:25.311;RC;AS93-AS1-20180127162430
2018-01-27 16:26:26.207;RO;AS93-AS1-20180127162534
2018-01-27 16:26:27.220;SS;AS93-AS1-20180127162430
2018-01-27 16:26:27.789;SP;AS93-AS1-20180127162534
2018-01-27 16:26:29.426;SQ;AS93-AS1-20180127162629
2018-01-27 16:26:54.700;RC;AS93-AS1-20180127162534
2018-01-27 16:26:55.538;SS;AS93-AS1-20180127162534
2018-01-27 16:27:16.633;RU;AS93-AS1-20180127162430
2018-01-27 16:27:16.714;RO;AS93-AS1-20180127162629
2018-01-27 16:27:18.308;SP;AS93-AS1-20180127162629
2018-01-27 16:27:18.885;VU;AS93-AS1-20180127162430
2018-01-27 16:27:31.109;RC;AS93-AS1-20180127162629
2018-01-27 16:27:31.951;SS;AS93-AS1-20180127162629
2018-01-27 16:27:41.770;RU;AS93-AS1-20180127162534
2018-01-27 16:27:43.605;VU;AS93-AS1-20180127162534
2018-01-27 16:27:58.377;RU;AS93-AS1-20180127162629
2018-01-27 16:28:02.962;VU;AS93-AS1-20180127162629
