2018-01-27 15:55:59.069;SQ;AS98-AS1-20180127155559
2018-01-27 15:56:16.892;RO;AS98-AS1-20180127155559
2018-01-27 15:56:17.900;SP;AS98-AS1-20180127155559
2018-01-27 15:56:19.517;SQ;AS98-AS1-20180127155619
2018-01-27 15:56:33.916;RC;AS98-AS1-20180127155559
2018-01-27 15:56:34.723;SS;AS98-AS1-20180127155559
2018-01-27 15:57:02.381;RO;AS98-AS1-20180127155619
2018-01-27 15:57:03.421;SP;AS98-AS1-20180127155619
2018-01-27 15:57:05.106;SQ;AS98-AS1-20180127155705
2018-01-27 15:57:30.880;RC;AS98-AS1-20180127155619
2018-01-27 15:57:31.159;RU;AS98-AS1-20180127155559
2018-01-27 15:57:33.412;SS;AS98-AS1-20180127155619
2018-01-27 15:57:34.597;VU;AS98-AS1-20180127155559
2018-01-27 15:57:52.432;RO;AS98-AS1-20180127155705
2018-01-27 15:57:53.535;SP;AS98-AS1-20180127155705
2018-01-27 15:57:55.261;SQ;AS98-AS1-20180127155755
2018-01-27 15:58:24.681;RC;AS98-AS1-20180127155705
2018-01-27 15:58:25.510;SS;AS98-AS1-20180127155705
2018-01-27 15:58:43.098;RU;AS98-AS1-20180127155619
2018-01-27 15:58:44.920;VU;AS98-AS1-20180127155619
2018-01-27 15:58:57.830;RO;AS98-AS1-20180127155755
2018-01-27 15:58:59.152;SP;AS98-AS1-20180127155755
2018-01-27 15:59:00.853;SQ;AS98-AS1-20180127155900
2018-01-27 15:59:29.056;RU;AS98-AS1-20180127155705
2018-01-27 15:59:29.523;RC;AS98-AS1-20180127155755
2018-01-27 15:59:30.719;SS;AS98-AS1-20180127155755
2018-01-27 15:59:31.179;VU;AS98-AS1-20180127155705
2018-01-27 16:00:02.726;RO;AS98-AS1-20180127155900
2018-01-27 16:00:03.808;SP;AS98-AS1-20180127155900
2018-01-27 16:00:05.703;SQ;AS98-AS1-20180127160005
2018-01-27 16:00:28.101;RC;AS98-AS1-20180127155900
2018-01-27 16:00:28.930;SS;AS98-AS1-20180127155900
2018-01-27 16:00:48.712;RU;AS98-AS1-20180127155755
2018-01-27 16:00:50.529;VU;AS98-AS1-20180127155755
2018-01-27 16:01:06.377;RO;AS98-AS1-20180127160005
2018-01-27 16:01:08.529;SP;AS98-AS1-20180127160005
2018-01-27 16:01:10.725;SQ;AS98-AS1-20180127160110
2018-01-27 16:01:33.855;RU;AS98-AS1-20180127155900
2018-01-27 16:01:35.692;VU;AS98-AS1-20180127155900
2018-01-27 16:01:45.673;RC;AS98-AS1-20180127160005
2018-01-27 16:01:46.497;SS;AS98-AS1-20180127160005
2018-01-27 16:02:09.855;RO;AS98-AS1-20180127160110
2018-01-27 16:02:11.116;SP;AS98-AS1-20180127160110
2018-01-27 16:02:12.811;SQ;AS98-AS1-20180127160212
2018-01-27 16:02:40.754;RC;AS98-AS1-20180127160110
2018-01-27 16:02:41.596;SS;AS98-AS1-20180127160110
2018-01-27 16:03:10.737;RU;AS98-AS1-20180127160005
2018-01-27 16:03:13.246;VU;AS98-AS1-20180127160005
2018-01-27 16:03:42.730;RU;AS98-AS1-20180127160110
2018-01-27 16:03:43.193;RO;AS98-AS1-20180127160212
2018-01-27 16:03:44.398;SP;AS98-AS1-20180127160212
2018-01-27 16:03:44.725;VU;AS98-AS1-20180127160110
2018-01-27 16:03:46.006;SQ;AS98-AS1-20180127160346
2018-01-27 16:04:14.114;RC;AS98-AS1-20180127160212
2018-01-27 16:04:14.938;SS;AS98-AS1-20180127160212
2018-01-27 16:05:10.103;RO;AS98-AS1-20180127160346
2018-01-27 16:05:11.438;SP;AS98-AS1-20180127160346
2018-01-27 16:05:13.879;SQ;AS98-AS1-20180127160513
2018-01-27 16:05:18.720;RU;AS98-AS1-20180127160212
2018-01-27 16:05:20.606;VU;AS98-AS1-20180127160212
2018-01-27 16:05:40.687;RC;AS98-AS1-20180127160346
2018-01-27 16:05:41.506;SS;AS98-AS1-20180127160346
2018-01-27 16:06:09.915;RO;AS98-AS1-20180127160513
2018-01-27 16:06:10.788;SP;AS98-AS1-20180127160513
2018-01-27 16:06:12.460;SQ;AS98-AS1-20180127160612
2018-01-27 16:06:42.298;RU;AS98-AS1-20180127160346
2018-01-27 16:06:42.613;RC;AS98-AS1-20180127160513
2018-01-27 16:06:43.925;SS;AS98-AS1-20180127160513
2018-01-27 16:06:44.526;VU;AS98-AS1-20180127160346
2018-01-27 16:07:14.417;RO;AS98-AS1-20180127160612
2018-01-27 16:07:15.375;SP;AS98-AS1-20180127160612
2018-01-27 16:07:18.015;SQ;AS98-AS1-20180127160718
2018-01-27 16:07:41.447;RC;AS98-AS1-20180127160612
2018-01-27 16:07:42.291;SS;AS98-AS1-20180127160612
2018-01-27 16:07:47.485;RU;AS98-AS1-20180127160513
2018-01-27 16:07:50.122;VU;AS98-AS1-20180127160513
2018-01-27 16:08:11.399;RO;AS98-AS1-20180127160718
2018-01-27 16:08:12.395;SP;AS98-AS1-20180127160718
2018-01-27 16:08:14.028;SQ;AS98-AS1-20180127160814
2018-01-27 16:08:40.360;RC;AS98-AS1-20180127160718
2018-01-27 16:08:41.186;SS;AS98-AS1-20180127160718
2018-01-27 16:08:44.635;RU;AS98-AS1-20180127160612
2018-01-27 16:08:46.453;VU;AS98-AS1-20180127160612
2018-01-27 16:09:14.219;RO;AS98-AS1-20180127160814
2018-01-27 16:09:15.383;SP;AS98-AS1-20180127160814
2018-01-27 16:09:17.018;SQ;AS98-AS1-20180127160917
2018-01-27 16:09:42.304;RC;AS98-AS1-20180127160814
2018-01-27 16:09:43.124;SS;AS98-AS1-20180127160814
2018-01-27 16:09:44.375;RU;AS98-AS1-20180127160718
2018-01-27 16:09:46.238;VU;AS98-AS1-20180127160718
2018-01-27 16:10:25.227;RO;AS98-AS1-20180127160917
2018-01-27 16:10:26.421;SP;AS98-AS1-20180127160917
2018-01-27 16:10:28.053;SQ;AS98-AS1-20180127161028
2018-01-27 16:10:42.032;RU;AS98-AS1-20180127160814
2018-01-27 16:10:43.867;VU;AS98-AS1-20180127160814
2018-01-27 16:10:57.920;RC;AS98-AS1-20180127160917
2018-01-27 16:10:58.759;SS;AS98-AS1-20180127160917
2018-01-27 16:11:33.253;RO;AS98-AS1-20180127161028
2018-01-27 16:11:34.462;SP;AS98-AS1-20180127161028
2018-01-27 16:11:36.655;SQ;AS98-AS1-20180127161136
2018-01-27 16:12:02.070;RU;AS98-AS1-20180127160917
2018-01-27 16:12:03.888;VU;AS98-AS1-20180127160917
2018-01-27 16:12:03.946;RC;AS98-AS1-20180127161028
2018-01-27 16:12:04.800;SS;AS98-AS1-20180127161028
2018-01-27 16:12:34.974;RO;AS98-AS1-20180127161136
2018-01-27 16:12:36.026;SP;AS98-AS1-20180127161136
2018-01-27 16:12:37.726;SQ;AS98-AS1-20180127161237
2018-01-27 16:13:01.123;RC;AS98-AS1-20180127161136
2018-01-27 16:13:01.738;RU;AS98-AS1-20180127161028
2018-01-27 16:13:02.198;SS;AS98-AS1-20180127161136
2018-01-27 16:13:03.862;VU;AS98-AS1-20180127161028
2018-01-27 16:13:33.555;RO;AS98-AS1-20180127161237
2018-01-27 16:13:34.606;SP;AS98-AS1-20180127161237
2018-01-27 16:13:36.247;SQ;AS98-AS1-20180127161336
2018-01-27 16:14:02.936;RC;AS98-AS1-20180127161237
2018-01-27 16:14:03.762;SS;AS98-AS1-20180127161237
2018-01-27 16:14:08.570;RU;AS98-AS1-20180127161136
2018-01-27 16:14:10.387;VU;AS98-AS1-20180127161136
2018-01-27 16:14:40.733;RO;AS98-AS1-20180127161336
2018-01-27 16:14:42.607;SP;AS98-AS1-20180127161336
2018-01-27 16:14:44.640;SQ;AS98-AS1-20180127161444
2018-01-27 16:15:03.183;RU;AS98-AS1-20180127161237
2018-01-27 16:15:05.035;VU;AS98-AS1-20180127161237
2018-01-27 16:15:12.341;RC;AS98-AS1-20180127161336
2018-01-27 16:15:14.134;SS;AS98-AS1-20180127161336
2018-01-27 16:15:41.937;RO;AS98-AS1-20180127161444
2018-01-27 16:15:43.838;SP;AS98-AS1-20180127161444
2018-01-27 16:15:46.381;SQ;AS98-AS1-20180127161546
2018-01-27 16:16:13.161;RU;AS98-AS1-20180127161336
2018-01-27 16:16:15.921;VU;AS98-AS1-20180127161336
2018-01-27 16:16:16.288;RC;AS98-AS1-20180127161444
2018-01-27 16:16:17.114;SS;AS98-AS1-20180127161444
2018-01-27 16:16:39.245;RO;AS98-AS1-20180127161546
2018-01-27 16:16:40.272;SP;AS98-AS1-20180127161546
2018-01-27 16:16:41.909;SQ;AS98-AS1-20180127161641
2018-01-27 16:17:08.136;RC;AS98-AS1-20180127161546
2018-01-27 16:17:08.953;SS;AS98-AS1-20180127161546
2018-01-27 16:17:22.069;RU;AS98-AS1-20180127161444
2018-01-27 16:17:23.903;VU;AS98-AS1-20180127161444
2018-01-27 16:17:47.240;RO;AS98-AS1-20180127161641
2018-01-27 16:17:48.313;SP;AS98-AS1-20180127161641
2018-01-27 16:17:49.945;SQ;AS98-AS1-20180127161749
2018-01-27 16:18:05.475;RU;AS98-AS1-20180127161546
2018-01-27 16:18:06.485;RC;AS98-AS1-20180127161641
2018-01-27 16:18:07.604;VU;AS98-AS1-20180127161546
2018-01-27 16:18:08.215;SS;AS98-AS1-20180127161641
2018-01-27 16:18:47.645;RO;AS98-AS1-20180127161749
2018-01-27 16:18:48.837;SP;AS98-AS1-20180127161749
2018-01-27 16:18:50.469;SQ;AS98-AS1-20180127161850
2018-01-27 16:19:06.326;RU;AS98-AS1-20180127161641
2018-01-27 16:19:08.147;VU;AS98-AS1-20180127161641
2018-01-27 16:19:42.757;RC;AS98-AS1-20180127161749
2018-01-27 16:19:43.605;SS;AS98-AS1-20180127161749
2018-01-27 16:19:52.417;RO;AS98-AS1-20180127161850
2018-01-27 16:19:53.366;SP;AS98-AS1-20180127161850
2018-01-27 16:19:55.075;SQ;AS98-AS1-20180127161955
2018-01-27 16:20:17.557;RC;AS98-AS1-20180127161850
2018-01-27 16:20:18.398;SS;AS98-AS1-20180127161850
2018-01-27 16:20:51.069;RU;AS98-AS1-20180127161749
2018-01-27 16:20:51.641;RO;AS98-AS1-20180127161955
2018-01-27 16:20:52.907;VU;AS98-AS1-20180127161749
2018-01-27 16:20:52.948;SP;AS98-AS1-20180127161955
2018-01-27 16:20:54.626;SQ;AS98-AS1-20180127162054
2018-01-27 16:21:12.997;RC;AS98-AS1-20180127161955
2018-01-27 16:21:14.809;SS;AS98-AS1-20180127161955
2018-01-27 16:21:17.975;RU;AS98-AS1-20180127161850
2018-01-27 16:21:19.803;VU;AS98-AS1-20180127161850
2018-01-27 16:21:53.157;RO;AS98-AS1-20180127162054
2018-01-27 16:21:54.029;SP;AS98-AS1-20180127162054
2018-01-27 16:21:55.650;SQ;AS98-AS1-20180127162155
2018-01-27 16:22:15.878;RU;AS98-AS1-20180127161955
2018-01-27 16:22:18.634;VU;AS98-AS1-20180127161955
2018-01-27 16:22:26.466;RC;AS98-AS1-20180127162054
2018-01-27 16:22:27.269;SS;AS98-AS1-20180127162054
2018-01-27 16:22:56.755;RO;AS98-AS1-20180127162155
2018-01-27 16:22:58.046;SP;AS98-AS1-20180127162155
2018-01-27 16:22:59.666;SQ;AS98-AS1-20180127162259
2018-01-27 16:23:27.540;RC;AS98-AS1-20180127162155
2018-01-27 16:23:28.402;SS;AS98-AS1-20180127162155
2018-01-27 16:23:30.352;RU;AS98-AS1-20180127162054
2018-01-27 16:23:32.174;VU;AS98-AS1-20180127162054
2018-01-27 16:23:59.577;RO;AS98-AS1-20180127162259
2018-01-27 16:24:00.583;SP;AS98-AS1-20180127162259
2018-01-27 16:24:02.269;SQ;AS98-AS1-20180127162402
2018-01-27 16:24:30.547;RC;AS98-AS1-20180127162259
2018-01-27 16:24:31.369;SS;AS98-AS1-20180127162259
2018-01-27 16:24:35.565;RU;AS98-AS1-20180127162155
2018-01-27 16:24:37.815;VU;AS98-AS1-20180127162155
2018-01-27 16:25:00.749;RO;AS98-AS1-20180127162402
2018-01-27 16:25:01.707;SP;AS98-AS1-20180127162402
2018-01-27 16:25:03.476;SQ;AS98-AS1-20180127162503
2018-01-27 16:25:30.859;RC;AS98-AS1-20180127162402
2018-01-27 16:25:31.431;RU;AS98-AS1-20180127162259
2018-01-27 16:25:31.968;SS;AS98-AS1-20180127162402
2018-01-27 16:25:33.556;VU;AS98-AS1-20180127162259
2018-01-27 16:26:02.450;RO;AS98-AS1-20180127162503
2018-01-27 16:26:03.383;SP;AS98-AS1-20180127162503
2018-01-27 16:26:05.070;SQ;AS98-AS1-20180127162605
2018-01-27 16:26:25.121;RU;AS98-AS1-20180127162402
2018-01-27 16:26:27.843;VU;AS98-AS1-20180127162402
2018-01-27 16:26:32.540;RC;AS98-AS1-20180127162503
2018-01-27 16:26:33.387;SS;AS98-AS1-20180127162503
2018-01-27 16:26:57.980;RO;AS98-AS1-20180127162605
2018-01-27 16:26:58.962;SP;AS98-AS1-20180127162605
2018-01-27 16:27:23.924;RC;AS98-AS1-20180127162605
2018-01-27 16:27:24.129;RU;AS98-AS1-20180127162503
2018-01-27 16:27:25.364;SS;AS98-AS1-20180127162605
2018-01-27 16:27:26.646;VU;AS98-AS1-20180127162503
2018-01-27 16:27:58.398;RU;AS98-AS1-20180127162605
2018-01-27 16:28:03.072;VU;AS98-AS1-20180127162605
