2018-01-25 16:58:35.789;SQ;AS114-AS1-20180125165835
2018-01-25 16:59:04.870;RO;AS114-AS1-20180125165835
2018-01-25 16:59:06.181;SP;AS114-AS1-20180125165835
2018-01-25 16:59:07.906;SQ;AS114-AS1-20180125165907
2018-01-25 16:59:31.932;RC;AS114-AS1-20180125165835
2018-01-25 16:59:32.804;SS;AS114-AS1-20180125165835
2018-01-25 16:59:58.458;RO;AS114-AS1-20180125165907
2018-01-25 16:59:59.304;SP;AS114-AS1-20180125165907
2018-01-25 17:00:01.033;SQ;AS114-AS1-20180125170001
2018-01-25 17:00:39.984;RC;AS114-AS1-20180125165907
2018-01-25 17:00:41.764;SS;AS114-AS1-20180125165907
2018-01-25 17:00:50.100;RU;AS114-AS1-20180125165835
2018-01-25 17:00:51.990;VU;AS114-AS1-20180125165835
2018-01-25 17:01:11.698;RO;AS114-AS1-20180125170001
2018-01-25 17:01:12.982;SP;AS114-AS1-20180125170001
2018-01-25 17:01:14.714;SQ;AS114-AS1-20180125170114
2018-01-25 17:02:02.698;RU;AS114-AS1-20180125165907
2018-01-25 17:02:04.018;RC;AS114-AS1-20180125170001
2018-01-25 17:02:04.565;VU;AS114-AS1-20180125165907
2018-01-25 17:02:04.895;SS;AS114-AS1-20180125170001
2018-01-25 17:02:36.691;RO;AS114-AS1-20180125170114
2018-01-25 17:02:37.665;SP;AS114-AS1-20180125170114
2018-01-25 17:02:41.248;SQ;AS114-AS1-20180125170241
2018-01-25 17:03:11.539;RU;AS114-AS1-20180125170001
2018-01-25 17:03:13.405;VU;AS114-AS1-20180125170001
2018-01-25 17:03:23.858;RC;AS114-AS1-20180125170114
2018-01-25 17:03:24.720;SS;AS114-AS1-20180125170114
2018-01-25 17:04:10.409;RO;AS114-AS1-20180125170241
2018-01-25 17:04:11.720;SP;AS114-AS1-20180125170241
2018-01-25 17:04:13.463;SQ;AS114-AS1-20180125170413
2018-01-25 17:04:47.787;RC;AS114-AS1-20180125170241
2018-01-25 17:04:48.639;SS;AS114-AS1-20180125170241
2018-01-25 17:04:57.194;RU;AS114-AS1-20180125170114
2018-01-25 17:04:59.055;VU;AS114-AS1-20180125170114
2018-01-25 17:05:37.063;RO;AS114-AS1-20180125170413
2018-01-25 17:05:38.411;SP;AS114-AS1-20180125170413
2018-01-25 17:05:40.132;SQ;AS114-AS1-20180125170540
2018-01-25 17:06:18.083;RC;AS114-AS1-20180125170413
2018-01-25 17:06:18.750;RU;AS114-AS1-20180125170241
2018-01-25 17:06:19.162;SS;AS114-AS1-20180125170413
2018-01-25 17:06:20.837;VU;AS114-AS1-20180125170241
2018-01-25 17:06:48.130;RO;AS114-AS1-20180125170540
2018-01-25 17:06:50.085;SP;AS114-AS1-20180125170540
2018-01-25 17:06:51.781;SQ;AS114-AS1-20180125170651
2018-01-25 17:07:22.662;RC;AS114-AS1-20180125170540
2018-01-25 17:07:23.526;SS;AS114-AS1-20180125170540
2018-01-25 17:07:31.414;RU;AS114-AS1-20180125170413
2018-01-25 17:07:54.614;VU;AS114-AS1-20180125170413
2018-01-25 17:08:17.961;RO;AS114-AS1-20180125170651
2018-01-25 17:08:19.254;SP;AS114-AS1-20180125170651
2018-01-25 17:08:21.032;SQ;AS114-AS1-20180125170821
2018-01-25 17:08:31.177;RU;AS114-AS1-20180125170540
2018-01-25 17:08:52.760;RC;AS114-AS1-20180125170651
2018-01-25 17:08:56.248;SS;AS114-AS1-20180125170651
2018-01-25 17:10:08.535;RO;AS114-AS1-20180125170821
2018-01-25 17:10:09.553;SP;AS114-AS1-20180125170821
2018-01-25 17:10:12.181;SQ;AS114-AS1-20180125171012
2018-01-25 17:10:21.818;RU;AS114-AS1-20180125170651
2018-01-25 17:10:24.530;VU;AS114-AS1-20180125170651
2018-01-25 17:10:41.532;RC;AS114-AS1-20180125170821
2018-01-25 17:10:43.052;SS;AS114-AS1-20180125170821
2018-01-25 17:11:24.913;RO;AS114-AS1-20180125171012
2018-01-25 17:11:26.585;SP;AS114-AS1-20180125171012
2018-01-25 17:11:29.047;SQ;AS114-AS1-20180125171129
2018-01-25 17:12:01.650;RU;AS114-AS1-20180125170821
2018-01-25 17:12:08.828;VU;AS114-AS1-20180125170821
2018-01-25 17:12:14.912;RC;AS114-AS1-20180125171012
2018-01-25 17:12:16.535;SS;AS114-AS1-20180125171012
2018-01-25 17:12:42.598;RO;AS114-AS1-20180125171129
2018-01-25 17:12:43.744;SP;AS114-AS1-20180125171129
2018-01-25 17:12:46.251;SQ;AS114-AS1-20180125171246
2018-01-25 17:13:31.974;RC;AS114-AS1-20180125171129
2018-01-25 17:13:31.974;RU;AS114-AS1-20180125171012
2018-01-25 17:13:34.552;SS;AS114-AS1-20180125171129
2018-01-25 17:13:35.557;VU;AS114-AS1-20180125171012
2018-01-25 17:14:12.189;RO;AS114-AS1-20180125171246
2018-01-25 17:14:14.126;SP;AS114-AS1-20180125171246
2018-01-25 17:14:16.525;SQ;AS114-AS1-20180125171416
2018-01-25 17:14:56.024;RC;AS114-AS1-20180125171246
2018-01-25 17:14:57.016;SS;AS114-AS1-20180125171246
2018-01-25 17:15:06.785;RU;AS114-AS1-20180125171129
2018-01-25 17:15:18.537;VU;AS114-AS1-20180125171129
2018-01-25 17:15:43.391;RO;AS114-AS1-20180125171416
2018-01-25 17:15:44.666;SP;AS114-AS1-20180125171416
2018-01-25 17:15:47.252;SQ;AS114-AS1-20180125171547
2018-01-25 17:16:39.127;RU;AS114-AS1-20180125171246
2018-01-25 17:16:41.681;VU;AS114-AS1-20180125171246
2018-01-25 17:16:51.224;RC;AS114-AS1-20180125171416
2018-01-25 17:16:52.945;SS;AS114-AS1-20180125171416
