2018-01-25 16:58:32.201;SQ;AS126-AS1-20180125165832
2018-01-25 16:58:56.493;RO;AS126-AS1-20180125165832
2018-01-25 16:58:57.554;SP;AS126-AS1-20180125165832
2018-01-25 16:58:59.214;SQ;AS126-AS1-20180125165859
2018-01-25 16:59:18.297;RC;AS126-AS1-20180125165832
2018-01-25 16:59:19.155;SS;AS126-AS1-20180125165832
2018-01-25 16:59:43.723;RO;AS126-AS1-20180125165859
2018-01-25 16:59:44.607;SP;AS126-AS1-20180125165859
2018-01-25 16:59:46.256;SQ;AS126-AS1-20180125165946
2018-01-25 17:00:14.776;RC;AS126-AS1-20180125165859
2018-01-25 17:00:15.629;SS;AS126-AS1-20180125165859
2018-01-25 17:00:55.957;RO;AS126-AS1-20180125165946
2018-01-25 17:00:57.198;SP;AS126-AS1-20180125165946
2018-01-25 17:00:58.873;SQ;AS126-AS1-20180125170058
2018-01-25 17:01:00.052;RU;AS126-AS1-20180125165832
2018-01-25 17:01:01.904;VU;AS126-AS1-20180125165832
2018-01-25 17:01:28.230;RU;AS126-AS1-20180125165859
2018-01-25 17:01:30.540;RC;AS126-AS1-20180125165946
2018-01-25 17:01:31.769;SS;AS126-AS1-20180125165946
2018-01-25 17:01:46.514;VU;AS126-AS1-20180125165859
2018-01-25 17:02:09.164;RO;AS126-AS1-20180125170058
2018-01-25 17:02:10.324;SP;AS126-AS1-20180125170058
2018-01-25 17:02:11.999;SQ;AS126-AS1-20180125170211
2018-01-25 17:02:48.848;RU;AS126-AS1-20180125165946
2018-01-25 17:02:50.663;VU;AS126-AS1-20180125165946
2018-01-25 17:03:24.459;RC;AS126-AS1-20180125170058
2018-01-25 17:03:25.317;SS;AS126-AS1-20180125170058
2018-01-25 17:04:10.781;RO;AS126-AS1-20180125170211
2018-01-25 17:04:11.959;SP;AS126-AS1-20180125170211
2018-01-25 17:04:13.661;SQ;AS126-AS1-20180125170413
2018-01-25 17:04:46.450;RU;AS126-AS1-20180125170058
2018-01-25 17:04:48.305;VU;AS126-AS1-20180125170058
2018-01-25 17:04:55.314;RC;AS126-AS1-20180125170211
2018-01-25 17:04:56.164;SS;AS126-AS1-20180125170211
2018-01-25 17:05:34.800;RO;AS126-AS1-20180125170413
2018-01-25 17:05:36.083;SP;AS126-AS1-20180125170413
2018-01-25 17:05:37.765;SQ;AS126-AS1-20180125170537
2018-01-25 17:06:17.363;RC;AS126-AS1-20180125170413
2018-01-25 17:06:18.083;RU;AS126-AS1-20180125170211
2018-01-25 17:06:18.288;SS;AS126-AS1-20180125170413
2018-01-25 17:06:20.026;VU;AS126-AS1-20180125170211
2018-01-25 17:06:49.460;RO;AS126-AS1-20180125170537
2018-01-25 17:06:50.692;SP;AS126-AS1-20180125170537
2018-01-25 17:06:52.357;SQ;AS126-AS1-20180125170652
2018-01-25 17:07:21.264;RC;AS126-AS1-20180125170537
2018-01-25 17:07:22.089;SS;AS126-AS1-20180125170537
2018-01-25 17:07:27.279;RU;AS126-AS1-20180125170413
2018-01-25 17:07:54.587;VU;AS126-AS1-20180125170413
2018-01-25 17:08:01.603;RO;AS126-AS1-20180125170652
2018-01-25 17:08:02.773;SP;AS126-AS1-20180125170652
2018-01-25 17:08:04.393;SQ;AS126-AS1-20180125170804
2018-01-25 17:08:33.023;RC;AS126-AS1-20180125170652
2018-01-25 17:08:33.855;SS;AS126-AS1-20180125170652
2018-01-25 17:08:37.592;RU;AS126-AS1-20180125170537
2018-01-25 17:08:55.559;VU;AS126-AS1-20180125170537
2018-01-25 17:09:44.572;RO;AS126-AS1-20180125170804
2018-01-25 17:09:45.851;SP;AS126-AS1-20180125170804
2018-01-25 17:09:47.558;SQ;AS126-AS1-20180125170947
2018-01-25 17:09:57.966;RU;AS126-AS1-20180125170652
2018-01-25 17:09:59.816;VU;AS126-AS1-20180125170652
2018-01-25 17:10:22.501;RC;AS126-AS1-20180125170804
2018-01-25 17:10:23.328;SS;AS126-AS1-20180125170804
2018-01-25 17:10:49.224;RO;AS126-AS1-20180125170947
2018-01-25 17:10:50.772;SP;AS126-AS1-20180125170947
2018-01-25 17:10:54.296;SQ;AS126-AS1-20180125171054
2018-01-25 17:11:19.095;RC;AS126-AS1-20180125170947
2018-01-25 17:11:19.919;SS;AS126-AS1-20180125170947
2018-01-25 17:11:25.661;RU;AS126-AS1-20180125170804
2018-01-25 17:12:06.563;RO;AS126-AS1-20180125171054
2018-01-25 17:12:06.630;VU;AS126-AS1-20180125170804
2018-01-25 17:12:07.716;SP;AS126-AS1-20180125171054
2018-01-25 17:12:09.426;SQ;AS126-AS1-20180125171209
2018-01-25 17:12:40.228;RC;AS126-AS1-20180125171054
2018-01-25 17:12:41.085;SS;AS126-AS1-20180125171054
2018-01-25 17:12:45.547;RU;AS126-AS1-20180125170947
2018-01-25 17:13:07.583;VU;AS126-AS1-20180125170947
2018-01-25 17:13:10.906;RO;AS126-AS1-20180125171209
2018-01-25 17:13:11.847;SP;AS126-AS1-20180125171209
2018-01-25 17:13:13.487;SQ;AS126-AS1-20180125171313
2018-01-25 17:13:49.516;RC;AS126-AS1-20180125171209
2018-01-25 17:13:50.354;SS;AS126-AS1-20180125171209
2018-01-25 17:14:03.406;RU;AS126-AS1-20180125171054
2018-01-25 17:14:07.960;VU;AS126-AS1-20180125171054
2018-01-25 17:14:29.181;RO;AS126-AS1-20180125171313
2018-01-25 17:14:30.419;SP;AS126-AS1-20180125171313
2018-01-25 17:14:32.094;SQ;AS126-AS1-20180125171432
2018-01-25 17:15:12.247;RC;AS126-AS1-20180125171313
2018-01-25 17:15:13.100;SS;AS126-AS1-20180125171313
2018-01-25 17:15:18.076;RU;AS126-AS1-20180125171209
2018-01-25 17:15:19.927;VU;AS126-AS1-20180125171209
2018-01-25 17:15:46.225;RO;AS126-AS1-20180125171432
2018-01-25 17:15:47.500;SP;AS126-AS1-20180125171432
2018-01-25 17:15:56.171;SQ;AS126-AS1-20180125171556
2018-01-25 17:16:37.135;RU;AS126-AS1-20180125171313
2018-01-25 17:16:38.955;VU;AS126-AS1-20180125171313
2018-01-25 17:16:45.140;RC;AS126-AS1-20180125171432
2018-01-25 17:16:45.981;SS;AS126-AS1-20180125171432
