2018-01-25 16:58:31.364;SQ;AS145-AS1-20180125165831
2018-01-25 16:58:48.701;RO;AS145-AS1-20180125165831
2018-01-25 16:58:49.732;SP;AS145-AS1-20180125165831
2018-01-25 16:58:51.436;SQ;AS145-AS1-20180125165851
2018-01-25 16:59:08.862;RC;AS145-AS1-20180125165831
2018-01-25 16:59:09.720;SS;AS145-AS1-20180125165831
2018-01-25 16:59:38.882;RO;AS145-AS1-20180125165851
2018-01-25 16:59:39.839;SP;AS145-AS1-20180125165851
2018-01-25 16:59:41.514;SQ;AS145-AS1-20180125165941
2018-01-25 17:00:10.993;RU;AS145-AS1-20180125165831
2018-01-25 17:00:16.084;RC;AS145-AS1-20180125165851
2018-01-25 17:00:17.298;SS;AS145-AS1-20180125165851
2018-01-25 17:00:46.163;VU;AS145-AS1-20180125165831
2018-01-25 17:00:50.211;RO;AS145-AS1-20180125165941
2018-01-25 17:00:51.425;SP;AS145-AS1-20180125165941
2018-01-25 17:00:53.078;SQ;AS145-AS1-20180125170053
2018-01-25 17:01:28.688;RC;AS145-AS1-20180125165941
2018-01-25 17:01:29.547;SS;AS145-AS1-20180125165941
2018-01-25 17:01:31.943;RU;AS145-AS1-20180125165851
2018-01-25 17:01:47.620;VU;AS145-AS1-20180125165851
2018-01-25 17:02:29.238;RO;AS145-AS1-20180125170053
2018-01-25 17:02:30.528;SP;AS145-AS1-20180125170053
2018-01-25 17:02:32.190;SQ;AS145-AS1-20180125170232
2018-01-25 17:02:42.273;RU;AS145-AS1-20180125165941
2018-01-25 17:02:44.898;VU;AS145-AS1-20180125165941
2018-01-25 17:03:13.019;RC;AS145-AS1-20180125170053
2018-01-25 17:03:13.836;SS;AS145-AS1-20180125170053
2018-01-25 17:03:50.340;RO;AS145-AS1-20180125170232
2018-01-25 17:03:51.626;SP;AS145-AS1-20180125170232
2018-01-25 17:03:53.304;SQ;AS145-AS1-20180125170353
2018-01-25 17:04:28.876;RC;AS145-AS1-20180125170232
2018-01-25 17:04:28.986;RU;AS145-AS1-20180125170053
2018-01-25 17:04:30.455;SS;AS145-AS1-20180125170232
2018-01-25 17:04:49.528;VU;AS145-AS1-20180125170053
2018-01-25 17:05:08.091;RO;AS145-AS1-20180125170353
2018-01-25 17:05:09.245;SP;AS145-AS1-20180125170353
2018-01-25 17:05:10.924;SQ;AS145-AS1-20180125170510
2018-01-25 17:05:40.848;RC;AS145-AS1-20180125170353
2018-01-25 17:05:41.692;SS;AS145-AS1-20180125170353
2018-01-25 17:05:56.656;RU;AS145-AS1-20180125170232
2018-01-25 17:05:58.472;VU;AS145-AS1-20180125170232
2018-01-25 17:06:27.803;RO;AS145-AS1-20180125170510
2018-01-25 17:06:28.858;SP;AS145-AS1-20180125170510
2018-01-25 17:06:30.510;SQ;AS145-AS1-20180125170630
2018-01-25 17:06:54.490;RU;AS145-AS1-20180125170353
2018-01-25 17:06:56.317;VU;AS145-AS1-20180125170353
2018-01-25 17:07:18.771;RC;AS145-AS1-20180125170510
2018-01-25 17:07:19.604;SS;AS145-AS1-20180125170510
2018-01-25 17:07:58.403;RO;AS145-AS1-20180125170630
2018-01-25 17:07:59.443;SP;AS145-AS1-20180125170630
2018-01-25 17:08:01.115;SQ;AS145-AS1-20180125170801
2018-01-25 17:08:24.619;RC;AS145-AS1-20180125170630
2018-01-25 17:08:25.462;SS;AS145-AS1-20180125170630
2018-01-25 17:09:17.886;RU;AS145-AS1-20180125170510
2018-01-25 17:09:19.714;VU;AS145-AS1-20180125170510
2018-01-25 17:09:43.860;RO;AS145-AS1-20180125170801
2018-01-25 17:09:45.078;SP;AS145-AS1-20180125170801
2018-01-25 17:09:46.745;SQ;AS145-AS1-20180125170946
2018-01-25 17:09:56.250;RU;AS145-AS1-20180125170630
2018-01-25 17:09:58.056;VU;AS145-AS1-20180125170630
2018-01-25 17:10:20.482;RC;AS145-AS1-20180125170801
2018-01-25 17:10:21.318;SS;AS145-AS1-20180125170801
2018-01-25 17:10:55.700;RO;AS145-AS1-20180125170946
2018-01-25 17:10:56.877;SP;AS145-AS1-20180125170946
2018-01-25 17:10:58.544;SQ;AS145-AS1-20180125171058
2018-01-25 17:11:31.030;RC;AS145-AS1-20180125170946
2018-01-25 17:11:31.880;SS;AS145-AS1-20180125170946
2018-01-25 17:11:39.428;RU;AS145-AS1-20180125170801
2018-01-25 17:12:07.005;VU;AS145-AS1-20180125170801
2018-01-25 17:12:09.923;RO;AS145-AS1-20180125171058
2018-01-25 17:12:10.961;SP;AS145-AS1-20180125171058
2018-01-25 17:12:12.627;SQ;AS145-AS1-20180125171212
2018-01-25 17:12:37.237;RC;AS145-AS1-20180125171058
2018-01-25 17:12:38.049;SS;AS145-AS1-20180125171058
2018-01-25 17:12:42.931;RU;AS145-AS1-20180125170946
2018-01-25 17:13:07.707;VU;AS145-AS1-20180125170946
2018-01-25 17:13:30.683;RO;AS145-AS1-20180125171212
2018-01-25 17:13:31.544;SP;AS145-AS1-20180125171212
2018-01-25 17:13:33.215;SQ;AS145-AS1-20180125171333
2018-01-25 17:14:06.061;RU;AS145-AS1-20180125171058
2018-01-25 17:14:07.892;VU;AS145-AS1-20180125171058
2018-01-25 17:14:09.572;RC;AS145-AS1-20180125171212
2018-01-25 17:14:10.408;SS;AS145-AS1-20180125171212
2018-01-25 17:15:01.443;RO;AS145-AS1-20180125171333
2018-01-25 17:15:02.626;SP;AS145-AS1-20180125171333
2018-01-25 17:15:04.459;SQ;AS145-AS1-20180125171504
2018-01-25 17:15:22.103;RU;AS145-AS1-20180125171212
2018-01-25 17:15:23.941;VU;AS145-AS1-20180125171212
2018-01-25 17:15:41.962;RC;AS145-AS1-20180125171333
2018-01-25 17:15:42.787;SS;AS145-AS1-20180125171333
2018-01-25 17:16:13.717;RO;AS145-AS1-20180125171504
2018-01-25 17:16:14.855;SP;AS145-AS1-20180125171504
2018-01-25 17:16:16.544;SQ;AS145-AS1-20180125171616
2018-01-25 17:16:42.452;RU;AS145-AS1-20180125171333
2018-01-25 17:16:51.255;RC;AS145-AS1-20180125171504
2018-01-25 17:16:52.451;SS;AS145-AS1-20180125171504
