2018-01-25 16:58:47.556;SQ;AS175-AS1-20180125165847
2018-01-25 16:59:25.735;RO;AS175-AS1-20180125165847
2018-01-25 16:59:26.881;SP;AS175-AS1-20180125165847
2018-01-25 16:59:28.434;SQ;AS175-AS1-20180125165928
2018-01-25 17:00:02.393;RC;AS175-AS1-20180125165847
2018-01-25 17:00:03.217;SS;AS175-AS1-20180125165847
2018-01-25 17:00:40.217;RO;AS175-AS1-20180125165928
2018-01-25 17:00:42.510;SP;AS175-AS1-20180125165928
2018-01-25 17:00:44.093;SQ;AS175-AS1-20180125170044
2018-01-25 17:01:13.638;RU;AS175-AS1-20180125165847
2018-01-25 17:01:21.795;RC;AS175-AS1-20180125165928
2018-01-25 17:01:22.586;SS;AS175-AS1-20180125165928
2018-01-25 17:01:47.263;VU;AS175-AS1-20180125165847
2018-01-25 17:02:00.901;RO;AS175-AS1-20180125170044
2018-01-25 17:02:02.034;SP;AS175-AS1-20180125170044
2018-01-25 17:02:03.609;SQ;AS175-AS1-20180125170203
2018-01-25 17:02:28.449;RC;AS175-AS1-20180125170044
2018-01-25 17:02:29.253;SS;AS175-AS1-20180125170044
2018-01-25 17:02:42.232;RU;AS175-AS1-20180125165928
2018-01-25 17:02:44.598;VU;AS175-AS1-20180125165928
2018-01-25 17:03:13.485;RO;AS175-AS1-20180125170203
2018-01-25 17:03:14.487;SP;AS175-AS1-20180125170203
2018-01-25 17:03:16.088;SQ;AS175-AS1-20180125170316
2018-01-25 17:03:44.383;RU;AS175-AS1-20180125170044
2018-01-25 17:03:46.577;VU;AS175-AS1-20180125170044
2018-01-25 17:04:10.801;RC;AS175-AS1-20180125170203
2018-01-25 17:04:11.601;SS;AS175-AS1-20180125170203
2018-01-25 17:04:25.938;RO;AS175-AS1-20180125170316
2018-01-25 17:04:26.979;SP;AS175-AS1-20180125170316
2018-01-25 17:04:28.595;SQ;AS175-AS1-20180125170428
2018-01-25 17:05:12.825;RC;AS175-AS1-20180125170316
2018-01-25 17:05:13.632;SS;AS175-AS1-20180125170316
2018-01-25 17:05:25.348;RU;AS175-AS1-20180125170203
2018-01-25 17:05:52.075;VU;AS175-AS1-20180125170203
2018-01-25 17:06:17.270;RO;AS175-AS1-20180125170428
2018-01-25 17:06:18.566;SP;AS175-AS1-20180125170428
2018-01-25 17:06:20.141;SQ;AS175-AS1-20180125170620
2018-01-25 17:06:27.754;RU;AS175-AS1-20180125170316
2018-01-25 17:06:49.142;RC;AS175-AS1-20180125170428
2018-01-25 17:06:51.915;SS;AS175-AS1-20180125170428
2018-01-25 17:06:52.916;VU;AS175-AS1-20180125170316
2018-01-25 17:07:42.181;RO;AS175-AS1-20180125170620
2018-01-25 17:07:43.037;SP;AS175-AS1-20180125170620
2018-01-25 17:07:45.465;SQ;AS175-AS1-20180125170745
2018-01-25 17:08:17.651;RU;AS175-AS1-20180125170428
2018-01-25 17:08:18.181;RC;AS175-AS1-20180125170620
2018-01-25 17:08:19.226;SS;AS175-AS1-20180125170620
2018-01-25 17:08:19.650;VU;AS175-AS1-20180125170428
2018-01-25 17:08:54.072;RO;AS175-AS1-20180125170745
2018-01-25 17:08:55.330;SP;AS175-AS1-20180125170745
2018-01-25 17:08:56.974;SQ;AS175-AS1-20180125170856
2018-01-25 17:09:17.993;RC;AS175-AS1-20180125170745
2018-01-25 17:09:18.791;SS;AS175-AS1-20180125170745
2018-01-25 17:09:25.108;RU;AS175-AS1-20180125170620
2018-01-25 17:09:58.753;VU;AS175-AS1-20180125170620
2018-01-25 17:10:21.805;RU;AS175-AS1-20180125170745
2018-01-25 17:10:21.902;RO;AS175-AS1-20180125170856
2018-01-25 17:10:23.477;SP;AS175-AS1-20180125170856
2018-01-25 17:10:24.141;VU;AS175-AS1-20180125170745
2018-01-25 17:10:25.120;SQ;AS175-AS1-20180125171025
2018-01-25 17:11:02.985;RC;AS175-AS1-20180125170856
2018-01-25 17:11:03.756;SS;AS175-AS1-20180125170856
2018-01-25 17:11:41.041;RO;AS175-AS1-20180125171025
2018-01-25 17:11:42.039;SP;AS175-AS1-20180125171025
2018-01-25 17:11:43.641;SQ;AS175-AS1-20180125171143
2018-01-25 17:12:35.168;RU;AS175-AS1-20180125170856
2018-01-25 17:12:35.252;RC;AS175-AS1-20180125171025
2018-01-25 17:12:36.801;SS;AS175-AS1-20180125171025
2018-01-25 17:12:37.709;VU;AS175-AS1-20180125170856
2018-01-25 17:13:44.638;RO;AS175-AS1-20180125171143
2018-01-25 17:13:45.104;RU;AS175-AS1-20180125171025
2018-01-25 17:13:46.035;SP;AS175-AS1-20180125171143
2018-01-25 17:13:48.269;SQ;AS175-AS1-20180125171348
2018-01-25 17:14:08.415;VU;AS175-AS1-20180125171025
2018-01-25 17:14:25.095;RC;AS175-AS1-20180125171143
2018-01-25 17:14:25.880;SS;AS175-AS1-20180125171143
2018-01-25 17:15:00.076;RO;AS175-AS1-20180125171348
2018-01-25 17:15:01.172;SP;AS175-AS1-20180125171348
2018-01-25 17:15:02.832;SQ;AS175-AS1-20180125171502
2018-01-25 17:15:40.065;RC;AS175-AS1-20180125171348
2018-01-25 17:15:40.883;SS;AS175-AS1-20180125171348
2018-01-25 17:15:41.438;RU;AS175-AS1-20180125171143
2018-01-25 17:16:15.704;VU;AS175-AS1-20180125171143
2018-01-25 17:16:38.887;RO;AS175-AS1-20180125171502
2018-01-25 17:16:39.750;SP;AS175-AS1-20180125171502
2018-01-25 17:16:41.301;SQ;AS175-AS1-20180125171641
2018-01-25 17:16:42.288;RU;AS175-AS1-20180125171348
2018-01-25 17:16:44.062;VU;AS175-AS1-20180125171348
2018-01-25 17:17:07.440;RC;AS175-AS1-20180125171502
2018-01-25 17:17:09.170;SS;AS175-AS1-20180125171502
