2018-01-25 16:58:33.331;SQ;AS184-AS1-20180125165833
2018-01-25 16:59:07.968;RO;AS184-AS1-20180125165833
2018-01-25 16:59:09.166;SP;AS184-AS1-20180125165833
2018-01-25 16:59:10.828;SQ;AS184-AS1-20180125165910
2018-01-25 16:59:36.413;RC;AS184-AS1-20180125165833
2018-01-25 16:59:37.271;SS;AS184-AS1-20180125165833
2018-01-25 17:00:15.694;RO;AS184-AS1-20180125165910
2018-01-25 17:00:16.734;SP;AS184-AS1-20180125165910
2018-01-25 17:00:18.405;SQ;AS184-AS1-20180125170018
2018-01-25 17:00:52.199;RC;AS184-AS1-20180125165910
2018-01-25 17:00:52.316;RU;AS184-AS1-20180125165833
2018-01-25 17:00:53.701;SS;AS184-AS1-20180125165910
2018-01-25 17:00:54.849;VU;AS184-AS1-20180125165833
2018-01-25 17:01:32.083;RO;AS184-AS1-20180125170018
2018-01-25 17:01:33.324;SP;AS184-AS1-20180125170018
2018-01-25 17:01:34.946;SQ;AS184-AS1-20180125170134
2018-01-25 17:02:04.025;RU;AS184-AS1-20180125165910
2018-01-25 17:02:05.831;VU;AS184-AS1-20180125165910
2018-01-25 17:02:13.056;RC;AS184-AS1-20180125170018
2018-01-25 17:02:13.898;SS;AS184-AS1-20180125170018
2018-01-25 17:02:40.822;RO;AS184-AS1-20180125170134
2018-01-25 17:02:42.768;SP;AS184-AS1-20180125170134
2018-01-25 17:02:45.246;SQ;AS184-AS1-20180125170245
2018-01-25 17:03:18.651;RC;AS184-AS1-20180125170134
2018-01-25 17:03:19.484;SS;AS184-AS1-20180125170134
2018-01-25 17:03:28.551;RU;AS184-AS1-20180125170018
2018-01-25 17:03:50.556;VU;AS184-AS1-20180125170018
2018-01-25 17:04:10.047;RO;AS184-AS1-20180125170245
2018-01-25 17:04:11.174;SP;AS184-AS1-20180125170245
2018-01-25 17:04:12.840;SQ;AS184-AS1-20180125170412
2018-01-25 17:04:45.689;RC;AS184-AS1-20180125170245
2018-01-25 17:04:46.930;RU;AS184-AS1-20180125170134
2018-01-25 17:04:47.147;SS;AS184-AS1-20180125170245
2018-01-25 17:04:48.893;VU;AS184-AS1-20180125170134
2018-01-25 17:05:40.796;RO;AS184-AS1-20180125170412
2018-01-25 17:05:41.872;SP;AS184-AS1-20180125170412
2018-01-25 17:05:45.364;SQ;AS184-AS1-20180125170545
2018-01-25 17:05:54.705;RU;AS184-AS1-20180125170245
2018-01-25 17:05:56.529;VU;AS184-AS1-20180125170245
2018-01-25 17:06:17.928;RC;AS184-AS1-20180125170412
2018-01-25 17:06:18.740;SS;AS184-AS1-20180125170412
2018-01-25 17:06:40.371;RO;AS184-AS1-20180125170545
2018-01-25 17:06:41.230;SP;AS184-AS1-20180125170545
2018-01-25 17:06:42.863;SQ;AS184-AS1-20180125170642
2018-01-25 17:07:19.504;RC;AS184-AS1-20180125170545
2018-01-25 17:07:20.320;SS;AS184-AS1-20180125170545
2018-01-25 17:07:41.426;RU;AS184-AS1-20180125170412
2018-01-25 17:07:51.746;RO;AS184-AS1-20180125170642
2018-01-25 17:07:54.916;SP;AS184-AS1-20180125170642
2018-01-25 17:07:56.551;VU;AS184-AS1-20180125170412
2018-01-25 17:07:56.945;SQ;AS184-AS1-20180125170756
2018-01-25 17:08:29.398;RC;AS184-AS1-20180125170642
2018-01-25 17:08:30.232;SS;AS184-AS1-20180125170642
2018-01-25 17:08:32.223;RU;AS184-AS1-20180125170545
2018-01-25 17:08:55.445;VU;AS184-AS1-20180125170545
2018-01-25 17:09:16.689;RO;AS184-AS1-20180125170756
2018-01-25 17:09:17.882;SP;AS184-AS1-20180125170756
2018-01-25 17:09:19.527;SQ;AS184-AS1-20180125170919
2018-01-25 17:09:50.389;RU;AS184-AS1-20180125170642
2018-01-25 17:09:54.506;RC;AS184-AS1-20180125170756
2018-01-25 17:09:56.676;SS;AS184-AS1-20180125170756
2018-01-25 17:10:30.554;RO;AS184-AS1-20180125170919
2018-01-25 17:10:31.741;SP;AS184-AS1-20180125170919
2018-01-25 17:10:34.276;SQ;AS184-AS1-20180125171034
2018-01-25 17:11:16.968;RU;AS184-AS1-20180125170756
2018-01-25 17:11:17.655;RC;AS184-AS1-20180125170919
2018-01-25 17:11:18.936;VU;AS184-AS1-20180125170756
2018-01-25 17:11:19.429;SS;AS184-AS1-20180125170919
2018-01-25 17:11:52.318;RO;AS184-AS1-20180125171034
2018-01-25 17:11:53.214;SP;AS184-AS1-20180125171034
2018-01-25 17:11:55.748;SQ;AS184-AS1-20180125171155
2018-01-25 17:12:35.542;RC;AS184-AS1-20180125171034
2018-01-25 17:12:36.349;SS;AS184-AS1-20180125171034
2018-01-25 17:12:36.532;RU;AS184-AS1-20180125170919
2018-01-25 17:12:59.563;RO;AS184-AS1-20180125171155
2018-01-25 17:13:04.724;SP;AS184-AS1-20180125171155
2018-01-25 17:13:11.343;SQ;AS184-AS1-20180125171311
2018-01-25 17:13:11.376;VU;AS184-AS1-20180125170919
2018-01-25 17:13:43.342;RC;AS184-AS1-20180125171155
2018-01-25 17:13:44.190;RU;AS184-AS1-20180125171034
2018-01-25 17:13:44.503;SS;AS184-AS1-20180125171155
2018-01-25 17:14:11.898;VU;AS184-AS1-20180125171034
2018-01-25 17:14:25.757;RO;AS184-AS1-20180125171311
2018-01-25 17:14:27.056;SP;AS184-AS1-20180125171311
2018-01-25 17:14:29.428;SQ;AS184-AS1-20180125171429
2018-01-25 17:15:07.387;RC;AS184-AS1-20180125171311
2018-01-25 17:15:09.679;SS;AS184-AS1-20180125171311
2018-01-25 17:15:12.251;RU;AS184-AS1-20180125171155
2018-01-25 17:15:17.147;VU;AS184-AS1-20180125171155
2018-01-25 17:15:43.839;RO;AS184-AS1-20180125171429
2018-01-25 17:15:45.135;SP;AS184-AS1-20180125171429
2018-01-25 17:15:47.496;SQ;AS184-AS1-20180125171547
2018-01-25 17:16:21.028;RC;AS184-AS1-20180125171429
2018-01-25 17:16:22.179;SS;AS184-AS1-20180125171429
2018-01-25 17:16:59.414;RU;AS184-AS1-20180125171311
