2018-01-25 16:58:35.441;SQ;AS181-AS1-20180125165835
2018-01-25 16:59:04.019;RO;AS181-AS1-20180125165835
2018-01-25 16:59:05.274;SP;AS181-AS1-20180125165835
2018-01-25 16:59:06.885;SQ;AS181-AS1-20180125165906
2018-01-25 16:59:29.639;RC;AS181-AS1-20180125165835
2018-01-25 16:59:30.470;SS;AS181-AS1-20180125165835
2018-01-25 17:00:02.959;RO;AS181-AS1-20180125165906
2018-01-25 17:00:04.261;SP;AS181-AS1-20180125165906
2018-01-25 17:00:05.925;SQ;AS181-AS1-20180125170005
2018-01-25 17:00:40.746;RU;AS181-AS1-20180125165835
2018-01-25 17:00:40.746;RC;AS181-AS1-20180125165906
2018-01-25 17:00:44.163;SS;AS181-AS1-20180125165906
2018-01-25 17:00:45.160;VU;AS181-AS1-20180125165835
2018-01-25 17:01:11.908;RO;AS181-AS1-20180125170005
2018-01-25 17:01:12.859;SP;AS181-AS1-20180125170005
2018-01-25 17:01:14.515;SQ;AS181-AS1-20180125170114
2018-01-25 17:02:04.060;RC;AS181-AS1-20180125170005
2018-01-25 17:02:04.061;RU;AS181-AS1-20180125165906
2018-01-25 17:02:05.687;SS;AS181-AS1-20180125170005
2018-01-25 17:02:06.686;VU;AS181-AS1-20180125165906
2018-01-25 17:02:28.485;RO;AS181-AS1-20180125170114
2018-01-25 17:02:29.395;SP;AS181-AS1-20180125170114
2018-01-25 17:02:31.044;SQ;AS181-AS1-20180125170231
2018-01-25 17:03:09.521;RC;AS181-AS1-20180125170114
2018-01-25 17:03:10.361;SS;AS181-AS1-20180125170114
2018-01-25 17:03:15.062;RU;AS181-AS1-20180125170005
2018-01-25 17:03:16.901;VU;AS181-AS1-20180125170005
2018-01-25 17:04:11.701;RO;AS181-AS1-20180125170231
2018-01-25 17:04:13.005;SP;AS181-AS1-20180125170231
2018-01-25 17:04:14.706;SQ;AS181-AS1-20180125170414
2018-01-25 17:04:46.481;RU;AS181-AS1-20180125170114
2018-01-25 17:04:48.296;VU;AS181-AS1-20180125170114
2018-01-25 17:04:55.503;RC;AS181-AS1-20180125170231
2018-01-25 17:04:56.322;SS;AS181-AS1-20180125170231
2018-01-25 17:05:46.987;RO;AS181-AS1-20180125170414
2018-01-25 17:05:49.183;SP;AS181-AS1-20180125170414
2018-01-25 17:05:50.794;SQ;AS181-AS1-20180125170550
2018-01-25 17:06:18.081;RU;AS181-AS1-20180125170231
2018-01-25 17:06:18.745;RC;AS181-AS1-20180125170414
2018-01-25 17:06:19.711;SS;AS181-AS1-20180125170414
2018-01-25 17:06:20.016;VU;AS181-AS1-20180125170231
2018-01-25 17:06:57.447;RO;AS181-AS1-20180125170550
2018-01-25 17:06:58.675;SP;AS181-AS1-20180125170550
2018-01-25 17:07:00.301;SQ;AS181-AS1-20180125170700
2018-01-25 17:07:32.896;RU;AS181-AS1-20180125170414
2018-01-25 17:07:36.562;RC;AS181-AS1-20180125170550
2018-01-25 17:07:38.166;SS;AS181-AS1-20180125170550
2018-01-25 17:07:55.179;VU;AS181-AS1-20180125170414
2018-01-25 17:08:19.651;RO;AS181-AS1-20180125170700
2018-01-25 17:08:20.709;SP;AS181-AS1-20180125170700
2018-01-25 17:08:22.358;SQ;AS181-AS1-20180125170822
2018-01-25 17:08:56.447;RC;AS181-AS1-20180125170700
2018-01-25 17:08:57.171;RU;AS181-AS1-20180125170550
2018-01-25 17:08:57.317;SS;AS181-AS1-20180125170700
2018-01-25 17:08:59.087;VU;AS181-AS1-20180125170550
2018-01-25 17:09:48.545;RO;AS181-AS1-20180125170822
2018-01-25 17:09:50.491;SP;AS181-AS1-20180125170822
2018-01-25 17:09:54.011;SQ;AS181-AS1-20180125170954
2018-01-25 17:10:21.843;RU;AS181-AS1-20180125170700
2018-01-25 17:10:23.655;VU;AS181-AS1-20180125170700
2018-01-25 17:10:26.509;RC;AS181-AS1-20180125170822
2018-01-25 17:10:27.331;SS;AS181-AS1-20180125170822
2018-01-25 17:10:59.548;RO;AS181-AS1-20180125170954
2018-01-25 17:11:00.411;SP;AS181-AS1-20180125170954
2018-01-25 17:11:02.085;SQ;AS181-AS1-20180125171102
2018-01-25 17:11:34.672;RC;AS181-AS1-20180125170954
2018-01-25 17:11:35.479;SS;AS181-AS1-20180125170954
2018-01-25 17:11:38.862;RU;AS181-AS1-20180125170822
2018-01-25 17:12:05.372;RO;AS181-AS1-20180125171102
2018-01-25 17:12:07.269;SP;AS181-AS1-20180125171102
2018-01-25 17:12:09.778;SQ;AS181-AS1-20180125171209
2018-01-25 17:12:40.796;RC;AS181-AS1-20180125171102
2018-01-25 17:12:41.616;SS;AS181-AS1-20180125171102
2018-01-25 17:13:05.381;RU;AS181-AS1-20180125170954
2018-01-25 17:13:08.306;VU;AS181-AS1-20180125170954
2018-01-25 17:13:10.246;RO;AS181-AS1-20180125171209
2018-01-25 17:13:11.265;SP;AS181-AS1-20180125171209
2018-01-25 17:13:13.810;SQ;AS181-AS1-20180125171313
2018-01-25 17:13:43.833;RC;AS181-AS1-20180125171209
2018-01-25 17:13:45.109;SS;AS181-AS1-20180125171209
2018-01-25 17:14:07.682;RU;AS181-AS1-20180125171102
2018-01-25 17:14:09.786;VU;AS181-AS1-20180125171102
2018-01-25 17:14:29.630;RO;AS181-AS1-20180125171313
2018-01-25 17:14:31.043;SP;AS181-AS1-20180125171313
2018-01-25 17:14:33.589;SQ;AS181-AS1-20180125171433
2018-01-25 17:15:03.778;RU;AS181-AS1-20180125171209
2018-01-25 17:15:16.233;RC;AS181-AS1-20180125171313
2018-01-25 17:15:19.531;SS;AS181-AS1-20180125171313
2018-01-25 17:15:21.013;VU;AS181-AS1-20180125171209
2018-01-25 17:15:48.833;RO;AS181-AS1-20180125171433
2018-01-25 17:15:50.191;SP;AS181-AS1-20180125171433
2018-01-25 17:15:53.650;SQ;AS181-AS1-20180125171553
2018-01-25 17:16:17.821;RU;AS181-AS1-20180125171313
