2018-01-25 16:58:30.145;SQ;AS182-AS1-20180125165830
2018-01-25 16:58:36.785;RO;AS182-AS1-20180125165830
2018-01-25 16:58:37.968;SP;AS182-AS1-20180125165830
2018-01-25 16:58:39.629;SQ;AS182-AS1-20180125165839
2018-01-25 16:58:50.685;RC;AS182-AS1-20180125165830
2018-01-25 16:58:51.497;SS;AS182-AS1-20180125165830
2018-01-25 16:59:14.425;RO;AS182-AS1-20180125165839
2018-01-25 16:59:15.490;SP;AS182-AS1-20180125165839
2018-01-25 16:59:17.152;SQ;AS182-AS1-20180125165917
2018-01-25 16:59:43.195;RU;AS182-AS1-20180125165830
2018-01-25 16:59:45.016;VU;AS182-AS1-20180125165830
2018-01-25 16:59:46.433;RC;AS182-AS1-20180125165839
2018-01-25 16:59:47.229;SS;AS182-AS1-20180125165839
2018-01-25 17:00:16.677;RO;AS182-AS1-20180125165917
2018-01-25 17:00:17.561;SP;AS182-AS1-20180125165917
2018-01-25 17:00:19.186;SQ;AS182-AS1-20180125170019
2018-01-25 17:00:53.902;RC;AS182-AS1-20180125165917
2018-01-25 17:00:54.733;SS;AS182-AS1-20180125165917
2018-01-25 17:01:11.720;RU;AS182-AS1-20180125165839
2018-01-25 17:01:13.567;VU;AS182-AS1-20180125165839
2018-01-25 17:01:24.696;RO;AS182-AS1-20180125170019
2018-01-25 17:01:25.588;SP;AS182-AS1-20180125170019
2018-01-25 17:01:27.260;SQ;AS182-AS1-20180125170127
2018-01-25 17:02:04.661;RU;AS182-AS1-20180125165917
2018-01-25 17:02:06.471;VU;AS182-AS1-20180125165917
2018-01-25 17:02:07.404;RC;AS182-AS1-20180125170019
2018-01-25 17:02:08.217;SS;AS182-AS1-20180125170019
2018-01-25 17:02:34.506;RO;AS182-AS1-20180125170127
2018-01-25 17:02:35.675;SP;AS182-AS1-20180125170127
2018-01-25 17:02:37.358;SQ;AS182-AS1-20180125170237
2018-01-25 17:03:15.760;RC;AS182-AS1-20180125170127
2018-01-25 17:03:16.578;SS;AS182-AS1-20180125170127
2018-01-25 17:03:26.818;RU;AS182-AS1-20180125170019
2018-01-25 17:03:50.650;VU;AS182-AS1-20180125170019
2018-01-25 17:03:55.116;RO;AS182-AS1-20180125170237
2018-01-25 17:03:56.294;SP;AS182-AS1-20180125170237
2018-01-25 17:03:57.933;SQ;AS182-AS1-20180125170357
2018-01-25 17:04:32.342;RC;AS182-AS1-20180125170237
2018-01-25 17:04:33.149;SS;AS182-AS1-20180125170237
2018-01-25 17:04:44.695;RU;AS182-AS1-20180125170127
2018-01-25 17:04:47.742;VU;AS182-AS1-20180125170127
2018-01-25 17:04:49.908;RO;AS182-AS1-20180125170357
2018-01-25 17:04:50.812;SP;AS182-AS1-20180125170357
2018-01-25 17:04:52.430;SQ;AS182-AS1-20180125170452
2018-01-25 17:05:26.824;RC;AS182-AS1-20180125170357
2018-01-25 17:05:27.635;SS;AS182-AS1-20180125170357
2018-01-25 17:05:54.223;RU;AS182-AS1-20180125170237
2018-01-25 17:05:56.016;VU;AS182-AS1-20180125170237
2018-01-25 17:06:42.803;RO;AS182-AS1-20180125170452
2018-01-25 17:06:43.850;RU;AS182-AS1-20180125170357
2018-01-25 17:06:45.630;SP;AS182-AS1-20180125170452
2018-01-25 17:06:51.566;SQ;AS182-AS1-20180125170651
2018-01-25 17:06:55.463;VU;AS182-AS1-20180125170357
2018-01-25 17:07:20.226;RC;AS182-AS1-20180125170452
2018-01-25 17:07:21.035;SS;AS182-AS1-20180125170452
2018-01-25 17:08:00.009;RO;AS182-AS1-20180125170651
2018-01-25 17:08:00.985;SP;AS182-AS1-20180125170651
2018-01-25 17:08:02.625;SQ;AS182-AS1-20180125170802
2018-01-25 17:08:37.128;RC;AS182-AS1-20180125170651
2018-01-25 17:08:37.951;SS;AS182-AS1-20180125170651
2018-01-25 17:08:58.757;RO;AS182-AS1-20180125170802
2018-01-25 17:09:00.002;SP;AS182-AS1-20180125170802
2018-01-25 17:09:01.664;SQ;AS182-AS1-20180125170901
2018-01-25 17:09:17.168;RU;AS182-AS1-20180125170452
2018-01-25 17:09:18.974;VU;AS182-AS1-20180125170452
2018-01-25 17:09:41.934;RC;AS182-AS1-20180125170802
2018-01-25 17:09:42.737;SS;AS182-AS1-20180125170802
2018-01-25 17:09:47.713;RU;AS182-AS1-20180125170651
2018-01-25 17:10:21.852;RO;AS182-AS1-20180125170901
2018-01-25 17:10:23.762;SP;AS182-AS1-20180125170901
2018-01-25 17:10:26.236;SQ;AS182-AS1-20180125171026
2018-01-25 17:10:59.810;RU;AS182-AS1-20180125170802
2018-01-25 17:11:01.595;RC;AS182-AS1-20180125170901
2018-01-25 17:11:02.341;VU;AS182-AS1-20180125170802
2018-01-25 17:11:02.703;SS;AS182-AS1-20180125170901
2018-01-25 17:11:40.690;RO;AS182-AS1-20180125171026
2018-01-25 17:11:42.350;SP;AS182-AS1-20180125171026
2018-01-25 17:11:44.790;SQ;AS182-AS1-20180125171144
2018-01-25 17:12:34.887;RC;AS182-AS1-20180125171026
2018-01-25 17:12:35.798;RU;AS182-AS1-20180125170901
2018-01-25 17:12:36.551;SS;AS182-AS1-20180125171026
2018-01-25 17:12:38.259;VU;AS182-AS1-20180125170901
2018-01-25 17:13:05.377;RO;AS182-AS1-20180125171144
2018-01-25 17:13:07.651;SP;AS182-AS1-20180125171144
2018-01-25 17:13:09.995;SQ;AS182-AS1-20180125171309
2018-01-25 17:13:36.989;RU;AS182-AS1-20180125171026
2018-01-25 17:13:41.050;RC;AS182-AS1-20180125171144
2018-01-25 17:13:43.191;SS;AS182-AS1-20180125171144
2018-01-25 17:14:11.360;VU;AS182-AS1-20180125171026
2018-01-25 17:14:24.864;RO;AS182-AS1-20180125171309
2018-01-25 17:14:26.167;SP;AS182-AS1-20180125171309
2018-01-25 17:14:28.463;SQ;AS182-AS1-20180125171428
2018-01-25 17:15:04.670;RC;AS182-AS1-20180125171309
2018-01-25 17:15:07.895;SS;AS182-AS1-20180125171309
2018-01-25 17:15:12.055;RU;AS182-AS1-20180125171144
2018-01-25 17:15:16.408;VU;AS182-AS1-20180125171144
2018-01-25 17:15:43.429;RO;AS182-AS1-20180125171428
2018-01-25 17:15:45.039;SP;AS182-AS1-20180125171428
2018-01-25 17:15:47.452;SQ;AS182-AS1-20180125171547
2018-01-25 17:16:38.183;RC;AS182-AS1-20180125171428
2018-01-25 17:16:39.198;RU;AS182-AS1-20180125171309
2018-01-25 17:16:39.238;SS;AS182-AS1-20180125171428
2018-01-25 17:16:41.731;VU;AS182-AS1-20180125171309
