2018-01-25 16:58:29.795;SQ;AS190-AS1-20180125165829
2018-01-25 16:58:34.575;RO;AS190-AS1-20180125165829
2018-01-25 16:58:35.657;SP;AS190-AS1-20180125165829
2018-01-25 16:58:37.355;SQ;AS190-AS1-20180125165837
2018-01-25 16:58:47.989;RC;AS190-AS1-20180125165829
2018-01-25 16:58:48.849;SS;AS190-AS1-20180125165829
2018-01-25 16:59:09.724;RO;AS190-AS1-20180125165837
2018-01-25 16:59:10.736;SP;AS190-AS1-20180125165837
2018-01-25 16:59:12.469;SQ;AS190-AS1-20180125165912
2018-01-25 16:59:35.759;RU;AS190-AS1-20180125165829
2018-01-25 16:59:37.596;VU;AS190-AS1-20180125165829
2018-01-25 16:59:39.793;RC;AS190-AS1-20180125165837
2018-01-25 16:59:40.642;SS;AS190-AS1-20180125165837
2018-01-25 17:00:14.077;RO;AS190-AS1-20180125165912
2018-01-25 17:00:15.382;SP;AS190-AS1-20180125165912
2018-01-25 17:00:17.072;SQ;AS190-AS1-20180125170017
2018-01-25 17:00:35.955;RU;AS190-AS1-20180125165837
2018-01-25 17:00:47.164;RC;AS190-AS1-20180125165912
2018-01-25 17:00:48.643;SS;AS190-AS1-20180125165912
2018-01-25 17:01:28.990;RO;AS190-AS1-20180125170017
2018-01-25 17:01:30.011;SP;AS190-AS1-20180125170017
2018-01-25 17:01:32.566;SQ;AS190-AS1-20180125170132
2018-01-25 17:02:04.147;RU;AS190-AS1-20180125165912
2018-01-25 17:02:06.342;VU;AS190-AS1-20180125165912
2018-01-25 17:02:10.889;RC;AS190-AS1-20180125170017
2018-01-25 17:02:12.047;SS;AS190-AS1-20180125170017
2018-01-25 17:02:42.958;RO;AS190-AS1-20180125170132
2018-01-25 17:02:45.965;SP;AS190-AS1-20180125170132
2018-01-25 17:02:48.520;SQ;AS190-AS1-20180125170248
2018-01-25 17:03:25.070;RC;AS190-AS1-20180125170132
2018-01-25 17:03:26.553;SS;AS190-AS1-20180125170132
2018-01-25 17:03:34.100;RU;AS190-AS1-20180125170017
2018-01-25 17:03:54.427;VU;AS190-AS1-20180125170017
2018-01-25 17:04:10.800;RO;AS190-AS1-20180125170248
2018-01-25 17:04:12.439;SP;AS190-AS1-20180125170248
2018-01-25 17:04:14.950;SQ;AS190-AS1-20180125170414
2018-01-25 17:04:50.267;RU;AS190-AS1-20180125170132
2018-01-25 17:04:51.218;RC;AS190-AS1-20180125170248
2018-01-25 17:04:52.297;VU;AS190-AS1-20180125170132
2018-01-25 17:04:52.700;SS;AS190-AS1-20180125170248
2018-01-25 17:05:49.310;RO;AS190-AS1-20180125170414
2018-01-25 17:05:51.986;SP;AS190-AS1-20180125170414
2018-01-25 17:05:54.486;SQ;AS190-AS1-20180125170554
2018-01-25 17:06:16.982;RU;AS190-AS1-20180125170248
2018-01-25 17:06:19.388;VU;AS190-AS1-20180125170248
2018-01-25 17:06:56.162;RO;AS190-AS1-20180125170554
2018-01-25 17:06:57.463;SP;AS190-AS1-20180125170554
2018-01-25 17:07:00.031;SQ;AS190-AS1-20180125170700
2018-01-25 17:07:03.340;RC;AS190-AS1-20180125170414
2018-01-25 17:07:04.484;SS;AS190-AS1-20180125170414
2018-01-25 17:07:39.443;RC;AS190-AS1-20180125170554
2018-01-25 17:07:41.171;SS;AS190-AS1-20180125170554
2018-01-25 17:08:18.878;RO;AS190-AS1-20180125170700
2018-01-25 17:08:20.546;SP;AS190-AS1-20180125170700
2018-01-25 17:08:23.125;SQ;AS190-AS1-20180125170823
2018-01-25 17:08:23.914;RU;AS190-AS1-20180125170414
2018-01-25 17:08:59.486;VU;AS190-AS1-20180125170414
2018-01-25 17:09:16.452;RC;AS190-AS1-20180125170700
2018-01-25 17:09:17.673;SS;AS190-AS1-20180125170700
2018-01-25 17:09:17.880;RU;AS190-AS1-20180125170554
2018-01-25 17:09:20.333;VU;AS190-AS1-20180125170554
2018-01-25 17:09:52.269;RO;AS190-AS1-20180125170823
2018-01-25 17:09:55.894;SP;AS190-AS1-20180125170823
2018-01-25 17:10:01.074;SQ;AS190-AS1-20180125171001
2018-01-25 17:10:26.527;RU;AS190-AS1-20180125170700
2018-01-25 17:11:04.453;VU;AS190-AS1-20180125170700
2018-01-25 17:11:17.367;RO;AS190-AS1-20180125171001
2018-01-25 17:11:18.543;SP;AS190-AS1-20180125171001
2018-01-25 17:11:21.113;SQ;AS190-AS1-20180125171121
2018-01-25 17:11:32.791;RC;AS190-AS1-20180125170823
2018-01-25 17:11:34.233;SS;AS190-AS1-20180125170823
2018-01-25 17:11:53.517;RC;AS190-AS1-20180125171001
2018-01-25 17:11:55.236;SS;AS190-AS1-20180125171001
2018-01-25 17:12:37.447;RO;AS190-AS1-20180125171121
2018-01-25 17:12:38.748;SP;AS190-AS1-20180125171121
2018-01-25 17:12:41.331;SQ;AS190-AS1-20180125171241
2018-01-25 17:13:03.650;RU;AS190-AS1-20180125170823
2018-01-25 17:13:09.578;VU;AS190-AS1-20180125170823
2018-01-25 17:13:13.729;RU;AS190-AS1-20180125171001
2018-01-25 17:13:16.000;VU;AS190-AS1-20180125171001
2018-01-25 17:13:32.040;RC;AS190-AS1-20180125171121
2018-01-25 17:13:33.558;SS;AS190-AS1-20180125171121
2018-01-25 17:14:06.570;RO;AS190-AS1-20180125171241
2018-01-25 17:14:08.545;SP;AS190-AS1-20180125171241
2018-01-25 17:14:11.149;SQ;AS190-AS1-20180125171411
2018-01-25 17:14:45.302;RC;AS190-AS1-20180125171241
2018-01-25 17:14:46.311;RU;AS190-AS1-20180125171121
2018-01-25 17:14:46.982;SS;AS190-AS1-20180125171241
2018-01-25 17:15:21.064;VU;AS190-AS1-20180125171121
2018-01-25 17:15:42.725;RO;AS190-AS1-20180125171411
2018-01-25 17:15:43.847;SP;AS190-AS1-20180125171411
2018-01-25 17:15:46.303;SQ;AS190-AS1-20180125171546
2018-01-25 17:16:14.526;RC;AS190-AS1-20180125171411
2018-01-25 17:16:16.470;SS;AS190-AS1-20180125171411
2018-01-25 17:16:39.670;RU;AS190-AS1-20180125171241
2018-01-25 17:16:42.385;VU;AS190-AS1-20180125171241
