2018-01-25 16:58:35.544;SQ;AS196-AS1-20180125165835
2018-01-25 16:59:05.017;RO;AS196-AS1-20180125165835
2018-01-25 16:59:05.937;SP;AS196-AS1-20180125165835
2018-01-25 16:59:07.683;SQ;AS196-AS1-20180125165907
2018-01-25 16:59:29.622;RC;AS196-AS1-20180125165835
2018-01-25 16:59:30.473;SS;AS196-AS1-20180125165835
2018-01-25 17:00:09.277;RO;AS196-AS1-20180125165907
2018-01-25 17:00:10.636;SP;AS196-AS1-20180125165907
2018-01-25 17:00:12.376;SQ;AS196-AS1-20180125170012
2018-01-25 17:00:44.763;RC;AS196-AS1-20180125165907
2018-01-25 17:00:45.628;SS;AS196-AS1-20180125165907
2018-01-25 17:00:45.891;RU;AS196-AS1-20180125165835
2018-01-25 17:00:47.751;VU;AS196-AS1-20180125165835
2018-01-25 17:01:20.573;RO;AS196-AS1-20180125170012
2018-01-25 17:01:21.806;SP;AS196-AS1-20180125170012
2018-01-25 17:01:23.535;SQ;AS196-AS1-20180125170123
2018-01-25 17:02:04.183;RC;AS196-AS1-20180125170012
2018-01-25 17:02:05.066;SS;AS196-AS1-20180125170012
2018-01-25 17:02:31.343;RU;AS196-AS1-20180125165907
2018-01-25 17:02:33.224;VU;AS196-AS1-20180125165907
2018-01-25 17:02:34.578;RO;AS196-AS1-20180125170123
2018-01-25 17:02:35.482;SP;AS196-AS1-20180125170123
2018-01-25 17:02:37.230;SQ;AS196-AS1-20180125170237
2018-01-25 17:03:07.156;RU;AS196-AS1-20180125170012
2018-01-25 17:03:12.441;RC;AS196-AS1-20180125170123
2018-01-25 17:03:13.809;SS;AS196-AS1-20180125170123
2018-01-25 17:03:39.027;RO;AS196-AS1-20180125170237
2018-01-25 17:03:42.720;SP;AS196-AS1-20180125170237
2018-01-25 17:03:47.728;SQ;AS196-AS1-20180125170347
2018-01-25 17:03:53.273;VU;AS196-AS1-20180125170012
2018-01-25 17:04:18.195;RC;AS196-AS1-20180125170237
2018-01-25 17:04:19.063;SS;AS196-AS1-20180125170237
2018-01-25 17:04:28.044;RU;AS196-AS1-20180125170123
2018-01-25 17:04:49.857;VU;AS196-AS1-20180125170123
2018-01-25 17:04:56.152;RO;AS196-AS1-20180125170347
2018-01-25 17:04:57.226;SP;AS196-AS1-20180125170347
2018-01-25 17:04:58.958;SQ;AS196-AS1-20180125170458
2018-01-25 17:05:37.887;RC;AS196-AS1-20180125170347
2018-01-25 17:05:38.767;SS;AS196-AS1-20180125170347
2018-01-25 17:05:47.831;RU;AS196-AS1-20180125170237
2018-01-25 17:05:50.213;VU;AS196-AS1-20180125170237
2018-01-25 17:06:18.026;RO;AS196-AS1-20180125170458
2018-01-25 17:06:18.910;SP;AS196-AS1-20180125170458
2018-01-25 17:06:20.632;SQ;AS196-AS1-20180125170620
2018-01-25 17:06:51.205;RC;AS196-AS1-20180125170458
2018-01-25 17:06:52.073;SS;AS196-AS1-20180125170458
2018-01-25 17:06:52.362;RU;AS196-AS1-20180125170347
2018-01-25 17:06:54.229;VU;AS196-AS1-20180125170347
2018-01-25 17:07:41.060;RO;AS196-AS1-20180125170620
2018-01-25 17:07:42.099;SP;AS196-AS1-20180125170620
2018-01-25 17:07:43.968;SQ;AS196-AS1-20180125170743
2018-01-25 17:08:17.855;RU;AS196-AS1-20180125170458
2018-01-25 17:08:19.737;VU;AS196-AS1-20180125170458
2018-01-25 17:08:20.676;RC;AS196-AS1-20180125170620
2018-01-25 17:08:21.530;SS;AS196-AS1-20180125170620
2018-01-25 17:08:53.551;RO;AS196-AS1-20180125170743
2018-01-25 17:08:54.926;SP;AS196-AS1-20180125170743
2018-01-25 17:08:56.654;SQ;AS196-AS1-20180125170856
2018-01-25 17:09:36.629;RC;AS196-AS1-20180125170743
2018-01-25 17:09:37.490;SS;AS196-AS1-20180125170743
2018-01-25 17:10:06.735;RO;AS196-AS1-20180125170856
2018-01-25 17:10:06.736;RU;AS196-AS1-20180125170620
2018-01-25 17:10:08.483;SP;AS196-AS1-20180125170856
2018-01-25 17:10:08.925;VU;AS196-AS1-20180125170620
2018-01-25 17:10:10.211;SQ;AS196-AS1-20180125171010
2018-01-25 17:10:50.282;RC;AS196-AS1-20180125170856
2018-01-25 17:10:52.011;SS;AS196-AS1-20180125170856
2018-01-25 17:11:00.403;RU;AS196-AS1-20180125170743
2018-01-25 17:11:02.271;VU;AS196-AS1-20180125170743
2018-01-25 17:11:17.662;RO;AS196-AS1-20180125171010
2018-01-25 17:11:18.670;SP;AS196-AS1-20180125171010
2018-01-25 17:11:20.415;SQ;AS196-AS1-20180125171120
2018-01-25 17:11:50.880;RC;AS196-AS1-20180125171010
2018-01-25 17:11:51.754;SS;AS196-AS1-20180125171010
2018-01-25 17:12:07.976;RU;AS196-AS1-20180125170856
2018-01-25 17:12:09.828;VU;AS196-AS1-20180125170856
2018-01-25 17:12:36.613;RO;AS196-AS1-20180125171120
2018-01-25 17:12:37.874;SP;AS196-AS1-20180125171120
2018-01-25 17:12:39.634;SQ;AS196-AS1-20180125171239
2018-01-25 17:13:12.212;RU;AS196-AS1-20180125171010
2018-01-25 17:13:14.055;VU;AS196-AS1-20180125171010
2018-01-25 17:13:32.113;RC;AS196-AS1-20180125171120
2018-01-25 17:13:32.978;SS;AS196-AS1-20180125171120
2018-01-25 17:14:04.908;RO;AS196-AS1-20180125171239
2018-01-25 17:14:06.129;SP;AS196-AS1-20180125171239
2018-01-25 17:14:07.865;SQ;AS196-AS1-20180125171407
2018-01-25 17:14:40.379;RU;AS196-AS1-20180125171120
2018-01-25 17:14:41.652;RC;AS196-AS1-20180125171239
2018-01-25 17:14:42.789;SS;AS196-AS1-20180125171239
2018-01-25 17:15:16.093;VU;AS196-AS1-20180125171120
2018-01-25 17:15:20.609;RO;AS196-AS1-20180125171407
2018-01-25 17:15:21.844;SP;AS196-AS1-20180125171407
2018-01-25 17:15:23.604;SQ;AS196-AS1-20180125171523
2018-01-25 17:15:52.393;RC;AS196-AS1-20180125171407
2018-01-25 17:15:53.259;SS;AS196-AS1-20180125171407
2018-01-25 17:16:21.309;RU;AS196-AS1-20180125171239
2018-01-25 17:16:23.200;VU;AS196-AS1-20180125171239
2018-01-25 17:16:40.194;RO;AS196-AS1-20180125171523
2018-01-25 17:16:41.568;SP;AS196-AS1-20180125171523
2018-01-25 17:16:43.303;SQ;AS196-AS1-20180125171643
