2018-01-25 16:58:34.724;SQ;AS195-AS1-20180125165834
2018-01-25 16:59:00.980;RO;AS195-AS1-20180125165834
2018-01-25 16:59:02.093;SP;AS195-AS1-20180125165834
2018-01-25 16:59:03.782;SQ;AS195-AS1-20180125165903
2018-01-25 16:59:20.300;RC;AS195-AS1-20180125165834
2018-01-25 16:59:21.154;SS;AS195-AS1-20180125165834
2018-01-25 16:59:58.936;RO;AS195-AS1-20180125165903
2018-01-25 17:00:00.154;SP;AS195-AS1-20180125165903
2018-01-25 17:00:01.873;SQ;AS195-AS1-20180125170001
2018-01-25 17:00:32.162;RU;AS195-AS1-20180125165834
2018-01-25 17:00:35.547;RC;AS195-AS1-20180125165903
2018-01-25 17:00:38.334;SS;AS195-AS1-20180125165903
2018-01-25 17:00:47.315;VU;AS195-AS1-20180125165834
2018-01-25 17:01:43.343;RO;AS195-AS1-20180125170001
2018-01-25 17:01:44.336;SP;AS195-AS1-20180125170001
2018-01-25 17:01:46.014;SQ;AS195-AS1-20180125170146
2018-01-25 17:02:04.021;RU;AS195-AS1-20180125165903
2018-01-25 17:02:05.851;VU;AS195-AS1-20180125165903
2018-01-25 17:02:15.918;RC;AS195-AS1-20180125170001
2018-01-25 17:02:16.763;SS;AS195-AS1-20180125170001
2018-01-25 17:03:02.530;RO;AS195-AS1-20180125170146
2018-01-25 17:03:03.416;SP;AS195-AS1-20180125170146
2018-01-25 17:03:05.065;SQ;AS195-AS1-20180125170305
2018-01-25 17:03:43.759;RU;AS195-AS1-20180125170001
2018-01-25 17:03:45.974;RC;AS195-AS1-20180125170146
2018-01-25 17:03:48.465;SS;AS195-AS1-20180125170146
2018-01-25 17:03:49.784;VU;AS195-AS1-20180125170001
2018-01-25 17:04:22.316;RO;AS195-AS1-20180125170305
2018-01-25 17:04:23.509;SP;AS195-AS1-20180125170305
2018-01-25 17:04:25.174;SQ;AS195-AS1-20180125170425
2018-01-25 17:05:08.479;RU;AS195-AS1-20180125170146
2018-01-25 17:05:08.580;RC;AS195-AS1-20180125170305
2018-01-25 17:05:10.180;SS;AS195-AS1-20180125170305
2018-01-25 17:05:11.026;VU;AS195-AS1-20180125170146
2018-01-25 17:05:41.676;RO;AS195-AS1-20180125170425
2018-01-25 17:05:43.574;SP;AS195-AS1-20180125170425
2018-01-25 17:05:47.117;SQ;AS195-AS1-20180125170547
2018-01-25 17:06:21.671;RU;AS195-AS1-20180125170305
2018-01-25 17:06:22.362;RC;AS195-AS1-20180125170425
2018-01-25 17:06:23.306;SS;AS195-AS1-20180125170425
2018-01-25 17:06:50.690;RO;AS195-AS1-20180125170547
2018-01-25 17:06:52.689;SP;AS195-AS1-20180125170547
2018-01-25 17:06:53.422;VU;AS195-AS1-20180125170305
2018-01-25 17:06:54.369;SQ;AS195-AS1-20180125170654
2018-01-25 17:07:34.742;RC;AS195-AS1-20180125170547
2018-01-25 17:07:35.563;SS;AS195-AS1-20180125170547
2018-01-25 17:07:45.884;RU;AS195-AS1-20180125170425
2018-01-25 17:07:54.084;VU;AS195-AS1-20180125170425
2018-01-25 17:08:18.424;RO;AS195-AS1-20180125170654
2018-01-25 17:08:19.299;SP;AS195-AS1-20180125170654
2018-01-25 17:08:20.980;SQ;AS195-AS1-20180125170820
2018-01-25 17:08:51.613;RC;AS195-AS1-20180125170654
2018-01-25 17:08:52.786;SS;AS195-AS1-20180125170654
2018-01-25 17:09:35.320;RU;AS195-AS1-20180125170547
2018-01-25 17:09:37.156;VU;AS195-AS1-20180125170547
2018-01-25 17:10:00.585;RO;AS195-AS1-20180125170820
2018-01-25 17:10:01.455;SP;AS195-AS1-20180125170820
2018-01-25 17:10:03.087;SQ;AS195-AS1-20180125171003
2018-01-25 17:10:08.014;RU;AS195-AS1-20180125170654
2018-01-25 17:10:09.849;VU;AS195-AS1-20180125170654
2018-01-25 17:10:36.592;RC;AS195-AS1-20180125170820
2018-01-25 17:10:37.449;SS;AS195-AS1-20180125170820
2018-01-25 17:11:18.998;RO;AS195-AS1-20180125171003
2018-01-25 17:11:19.995;SP;AS195-AS1-20180125171003
2018-01-25 17:11:21.708;SQ;AS195-AS1-20180125171121
2018-01-25 17:11:56.579;RU;AS195-AS1-20180125170820
2018-01-25 17:11:57.720;RC;AS195-AS1-20180125171003
2018-01-25 17:11:59.854;SS;AS195-AS1-20180125171003
2018-01-25 17:12:07.743;VU;AS195-AS1-20180125170820
2018-01-25 17:12:40.517;RO;AS195-AS1-20180125171121
2018-01-25 17:12:41.634;SP;AS195-AS1-20180125171121
2018-01-25 17:12:43.273;SQ;AS195-AS1-20180125171243
2018-01-25 17:13:30.303;RU;AS195-AS1-20180125171003
2018-01-25 17:13:32.136;VU;AS195-AS1-20180125171003
2018-01-25 17:13:32.193;RC;AS195-AS1-20180125171121
2018-01-25 17:13:33.025;SS;AS195-AS1-20180125171121
2018-01-25 17:14:09.511;RO;AS195-AS1-20180125171243
2018-01-25 17:14:10.683;SP;AS195-AS1-20180125171243
2018-01-25 17:14:12.363;SQ;AS195-AS1-20180125171412
2018-01-25 17:14:47.326;RU;AS195-AS1-20180125171121
2018-01-25 17:14:51.722;RC;AS195-AS1-20180125171243
2018-01-25 17:14:52.630;SS;AS195-AS1-20180125171243
2018-01-25 17:15:16.207;VU;AS195-AS1-20180125171121
2018-01-25 17:15:40.052;RO;AS195-AS1-20180125171412
2018-01-25 17:15:41.301;SP;AS195-AS1-20180125171412
2018-01-25 17:15:42.963;SQ;AS195-AS1-20180125171542
2018-01-25 17:16:07.072;RC;AS195-AS1-20180125171412
2018-01-25 17:16:08.870;SS;AS195-AS1-20180125171412
2018-01-25 17:16:14.882;RU;AS195-AS1-20180125171243
2018-01-25 17:16:16.704;VU;AS195-AS1-20180125171243
