2018-01-25 16:59:10.280;SQ;AS194-AS1-20180125165910
2018-01-25 17:00:42.787;RO;AS194-AS1-20180125165910
2018-01-25 17:00:43.699;SP;AS194-AS1-20180125165910
2018-01-25 17:00:45.348;SQ;AS194-AS1-20180125170045
2018-01-25 17:01:19.155;RC;AS194-AS1-20180125165910
2018-01-25 17:01:19.983;SS;AS194-AS1-20180125165910
2018-01-25 17:02:04.181;RO;AS194-AS1-20180125170045
2018-01-25 17:02:05.280;SP;AS194-AS1-20180125170045
2018-01-25 17:02:06.965;SQ;AS194-AS1-20180125170206
2018-01-25 17:02:39.918;RU;AS194-AS1-20180125165910
2018-01-25 17:02:42.675;RC;AS194-AS1-20180125170045
2018-01-25 17:02:45.380;SS;AS194-AS1-20180125170045
2018-01-25 17:02:46.384;VU;AS194-AS1-20180125165910
2018-01-25 17:03:23.569;RO;AS194-AS1-20180125170206
2018-01-25 17:03:24.897;SP;AS194-AS1-20180125170206
2018-01-25 17:03:26.570;SQ;AS194-AS1-20180125170326
2018-01-25 17:04:10.612;RC;AS194-AS1-20180125170206
2018-01-25 17:04:11.011;RU;AS194-AS1-20180125170045
2018-01-25 17:04:11.837;SS;AS194-AS1-20180125170206
2018-01-25 17:04:13.316;VU;AS194-AS1-20180125170045
2018-01-25 17:04:41.656;RO;AS194-AS1-20180125170326
2018-01-25 17:04:43.940;SP;AS194-AS1-20180125170326
2018-01-25 17:04:47.457;SQ;AS194-AS1-20180125170447
2018-01-25 17:05:12.370;RC;AS194-AS1-20180125170326
2018-01-25 17:05:13.214;SS;AS194-AS1-20180125170326
2018-01-25 17:05:25.837;RU;AS194-AS1-20180125170206
2018-01-25 17:05:52.698;VU;AS194-AS1-20180125170206
2018-01-25 17:05:58.768;RO;AS194-AS1-20180125170447
2018-01-25 17:05:59.890;SP;AS194-AS1-20180125170447
2018-01-25 17:06:01.576;SQ;AS194-AS1-20180125170601
2018-01-25 17:06:27.009;RU;AS194-AS1-20180125170326
2018-01-25 17:06:35.229;RC;AS194-AS1-20180125170447
2018-01-25 17:06:36.075;SS;AS194-AS1-20180125170447
2018-01-25 17:06:54.151;VU;AS194-AS1-20180125170326
2018-01-25 17:07:19.342;RO;AS194-AS1-20180125170601
2018-01-25 17:07:20.498;SP;AS194-AS1-20180125170601
2018-01-25 17:07:22.197;SQ;AS194-AS1-20180125170722
2018-01-25 17:07:58.913;RU;AS194-AS1-20180125170447
2018-01-25 17:08:00.735;VU;AS194-AS1-20180125170447
2018-01-25 17:08:02.559;RC;AS194-AS1-20180125170601
2018-01-25 17:08:03.387;SS;AS194-AS1-20180125170601
2018-01-25 17:08:35.808;RO;AS194-AS1-20180125170722
2018-01-25 17:08:37.116;SP;AS194-AS1-20180125170722
2018-01-25 17:08:38.803;SQ;AS194-AS1-20180125170838
2018-01-25 17:09:16.674;RC;AS194-AS1-20180125170722
2018-01-25 17:09:17.499;SS;AS194-AS1-20180125170722
2018-01-25 17:09:17.823;RU;AS194-AS1-20180125170601
2018-01-25 17:09:19.679;VU;AS194-AS1-20180125170601
2018-01-25 17:09:54.188;RO;AS194-AS1-20180125170838
2018-01-25 17:09:56.605;SP;AS194-AS1-20180125170838
2018-01-25 17:09:58.250;SQ;AS194-AS1-20180125170958
2018-01-25 17:10:29.101;RC;AS194-AS1-20180125170838
2018-01-25 17:10:29.926;SS;AS194-AS1-20180125170838
2018-01-25 17:11:17.694;RU;AS194-AS1-20180125170722
2018-01-25 17:11:19.045;RO;AS194-AS1-20180125170958
2018-01-25 17:11:19.522;VU;AS194-AS1-20180125170722
2018-01-25 17:11:20.159;SP;AS194-AS1-20180125170958
2018-01-25 17:11:21.819;SQ;AS194-AS1-20180125171121
2018-01-25 17:12:01.584;RU;AS194-AS1-20180125170838
2018-01-25 17:12:02.568;RC;AS194-AS1-20180125170958
2018-01-25 17:12:04.557;SS;AS194-AS1-20180125170958
2018-01-25 17:12:05.079;VU;AS194-AS1-20180125170838
2018-01-25 17:12:36.499;RO;AS194-AS1-20180125171121
2018-01-25 17:12:37.773;SP;AS194-AS1-20180125171121
2018-01-25 17:12:39.459;SQ;AS194-AS1-20180125171239
2018-01-25 17:13:30.048;RC;AS194-AS1-20180125171121
2018-01-25 17:13:30.873;SS;AS194-AS1-20180125171121
2018-01-25 17:13:32.302;RU;AS194-AS1-20180125170958
2018-01-25 17:13:34.126;VU;AS194-AS1-20180125170958
2018-01-25 17:14:09.981;RO;AS194-AS1-20180125171239
2018-01-25 17:14:10.897;SP;AS194-AS1-20180125171239
2018-01-25 17:14:12.562;SQ;AS194-AS1-20180125171412
2018-01-25 17:14:47.566;RU;AS194-AS1-20180125171121
2018-01-25 17:14:48.828;RC;AS194-AS1-20180125171239
2018-01-25 17:14:49.892;SS;AS194-AS1-20180125171239
2018-01-25 17:15:15.497;VU;AS194-AS1-20180125171121
2018-01-25 17:15:42.182;RO;AS194-AS1-20180125171412
2018-01-25 17:15:43.499;SP;AS194-AS1-20180125171412
2018-01-25 17:15:45.164;SQ;AS194-AS1-20180125171545
2018-01-25 17:16:07.948;RC;AS194-AS1-20180125171412
2018-01-25 17:16:09.678;SS;AS194-AS1-20180125171412
2018-01-25 17:16:52.444;RU;AS194-AS1-20180125171239
2018-01-25 17:16:52.444;RO;AS194-AS1-20180125171545
2018-01-25 17:16:54.129;SP;AS194-AS1-20180125171545
2018-01-25 17:16:54.753;VU;AS194-AS1-20180125171239
2018-01-25 17:16:55.783;SQ;AS194-AS1-20180125171655
2018-01-25 17:17:32.619;RC;AS194-AS1-20180125171545
2018-01-25 17:17:32.922;RU;AS194-AS1-20180125171412
2018-01-25 17:17:33.953;SS;AS194-AS1-20180125171545
2018-01-25 17:17:35.317;VU;AS194-AS1-20180125171412
2018-01-25 17:17:36.600;RO;AS194-AS1-20180125171655
2018-01-25 17:17:37.651;SP;AS194-AS1-20180125171655
