2018-01-25 16:58:35.079;SQ;AS19-AS1-20180125165835
2018-01-25 16:59:01.970;RO;AS19-AS1-20180125165835
2018-01-25 16:59:02.915;SP;AS19-AS1-20180125165835
2018-01-25 16:59:04.570;SQ;AS19-AS1-20180125165904
2018-01-25 16:59:24.971;RC;AS19-AS1-20180125165835
2018-01-25 16:59:25.806;SS;AS19-AS1-20180125165835
2018-01-25 16:59:52.580;RO;AS19-AS1-20180125165904
2018-01-25 16:59:53.458;SP;AS19-AS1-20180125165904
2018-01-25 16:59:55.095;SQ;AS19-AS1-20180125165955
2018-01-25 17:00:24.309;RC;AS19-AS1-20180125165904
2018-01-25 17:00:25.128;SS;AS19-AS1-20180125165904
2018-01-25 17:00:41.557;RU;AS19-AS1-20180125165835
2018-01-25 17:00:44.573;VU;AS19-AS1-20180125165835
2018-01-25 17:01:11.761;RO;AS19-AS1-20180125165955
2018-01-25 17:01:12.988;SP;AS19-AS1-20180125165955
2018-01-25 17:01:14.632;SQ;AS19-AS1-20180125170114
2018-01-25 17:02:04.038;RC;AS19-AS1-20180125165955
2018-01-25 17:02:04.039;RU;AS19-AS1-20180125165904
2018-01-25 17:02:05.659;SS;AS19-AS1-20180125165955
2018-01-25 17:02:06.659;VU;AS19-AS1-20180125165904
2018-01-25 17:02:36.045;RO;AS19-AS1-20180125170114
2018-01-25 17:02:37.032;SP;AS19-AS1-20180125170114
2018-01-25 17:02:39.588;SQ;AS19-AS1-20180125170239
2018-01-25 17:03:08.813;RC;AS19-AS1-20180125170114
2018-01-25 17:03:09.620;SS;AS19-AS1-20180125170114
2018-01-25 17:03:25.083;RU;AS19-AS1-20180125165955
2018-01-25 17:03:50.348;VU;AS19-AS1-20180125165955
2018-01-25 17:04:14.075;RU;AS19-AS1-20180125170114
2018-01-25 17:04:18.254;RO;AS19-AS1-20180125170239
2018-01-25 17:04:19.522;SP;AS19-AS1-20180125170239
2018-01-25 17:04:21.972;SQ;AS19-AS1-20180125170421
2018-01-25 17:04:50.251;VU;AS19-AS1-20180125170114
2018-01-25 17:05:08.305;RC;AS19-AS1-20180125170239
2018-01-25 17:05:09.110;SS;AS19-AS1-20180125170239
2018-01-25 17:05:51.429;RO;AS19-AS1-20180125170421
2018-01-25 17:05:52.383;SP;AS19-AS1-20180125170421
2018-01-25 17:05:54.042;SQ;AS19-AS1-20180125170554
2018-01-25 17:06:28.411;RC;AS19-AS1-20180125170421
2018-01-25 17:06:29.211;SS;AS19-AS1-20180125170421
2018-01-25 17:06:40.608;RU;AS19-AS1-20180125170239
2018-01-25 17:06:53.027;VU;AS19-AS1-20180125170239
2018-01-25 17:06:57.356;RO;AS19-AS1-20180125170554
2018-01-25 17:06:58.460;SP;AS19-AS1-20180125170554
2018-01-25 17:07:00.095;SQ;AS19-AS1-20180125170700
2018-01-25 17:07:40.125;RC;AS19-AS1-20180125170554
2018-01-25 17:07:40.945;SS;AS19-AS1-20180125170554
2018-01-25 17:08:02.721;RU;AS19-AS1-20180125170421
2018-01-25 17:08:04.524;VU;AS19-AS1-20180125170421
2018-01-25 17:08:49.664;RO;AS19-AS1-20180125170700
2018-01-25 17:08:51.443;SP;AS19-AS1-20180125170700
2018-01-25 17:08:53.926;SQ;AS19-AS1-20180125170853
2018-01-25 17:09:16.721;RU;AS19-AS1-20180125170554
2018-01-25 17:09:18.521;VU;AS19-AS1-20180125170554
2018-01-25 17:09:27.767;RC;AS19-AS1-20180125170700
2018-01-25 17:09:28.592;SS;AS19-AS1-20180125170700
2018-01-25 17:10:21.835;RO;AS19-AS1-20180125170853
2018-01-25 17:10:22.833;SP;AS19-AS1-20180125170853
2018-01-25 17:10:24.495;SQ;AS19-AS1-20180125171024
2018-01-25 17:10:37.157;RU;AS19-AS1-20180125170700
2018-01-25 17:10:59.523;RC;AS19-AS1-20180125170853
2018-01-25 17:10:59.878;VU;AS19-AS1-20180125170700
2018-01-25 17:11:00.333;SS;AS19-AS1-20180125170853
2018-01-25 17:11:46.983;RO;AS19-AS1-20180125171024
2018-01-25 17:11:47.934;SP;AS19-AS1-20180125171024
2018-01-25 17:11:49.542;SQ;AS19-AS1-20180125171149
2018-01-25 17:12:35.335;RC;AS19-AS1-20180125171024
2018-01-25 17:12:36.136;SS;AS19-AS1-20180125171024
2018-01-25 17:13:07.810;RO;AS19-AS1-20180125171149
2018-01-25 17:13:08.930;SP;AS19-AS1-20180125171149
2018-01-25 17:13:10.564;SQ;AS19-AS1-20180125171310
2018-01-25 17:13:12.791;RU;AS19-AS1-20180125170853
2018-01-25 17:13:14.595;VU;AS19-AS1-20180125170853
2018-01-25 17:13:32.053;RU;AS19-AS1-20180125171024
2018-01-25 17:13:43.410;RC;AS19-AS1-20180125171149
2018-01-25 17:13:44.633;SS;AS19-AS1-20180125171149
2018-01-25 17:14:09.269;VU;AS19-AS1-20180125171024
2018-01-25 17:15:02.139;RO;AS19-AS1-20180125171310
2018-01-25 17:15:02.990;SP;AS19-AS1-20180125171310
2018-01-25 17:15:05.116;SQ;AS19-AS1-20180125171505
2018-01-25 17:15:14.385;RU;AS19-AS1-20180125171149
2018-01-25 17:15:16.208;VU;AS19-AS1-20180125171149
2018-01-25 17:15:43.176;RC;AS19-AS1-20180125171310
2018-01-25 17:15:43.984;SS;AS19-AS1-20180125171310
2018-01-25 17:16:07.085;RO;AS19-AS1-20180125171505
2018-01-25 17:16:08.923;SP;AS19-AS1-20180125171505
2018-01-25 17:16:12.492;SQ;AS19-AS1-20180125171612
2018-01-25 17:16:49.221;RC;AS19-AS1-20180125171505
2018-01-25 17:16:50.031;SS;AS19-AS1-20180125171505
2018-01-25 17:16:51.233;RU;AS19-AS1-20180125171310
