2018-01-25 16:58:30.736;SQ;AS2-AS1-20180125165830
2018-01-25 16:58:39.666;RO;AS2-AS1-20180125165830
2018-01-25 16:58:40.574;SP;AS2-AS1-20180125165830
2018-01-25 16:58:42.245;SQ;AS2-AS1-20180125165842
2018-01-25 16:58:57.133;RC;AS2-AS1-20180125165830
2018-01-25 16:58:57.943;SS;AS2-AS1-20180125165830
2018-01-25 16:59:16.995;RO;AS2-AS1-20180125165842
2018-01-25 16:59:18.131;SP;AS2-AS1-20180125165842
2018-01-25 16:59:19.782;SQ;AS2-AS1-20180125165919
2018-01-25 16:59:43.975;RC;AS2-AS1-20180125165842
2018-01-25 16:59:44.804;SS;AS2-AS1-20180125165842
2018-01-25 16:59:53.722;RU;AS2-AS1-20180125165830
2018-01-25 16:59:55.570;VU;AS2-AS1-20180125165830
2018-01-25 17:00:25.161;RO;AS2-AS1-20180125165919
2018-01-25 17:00:26.214;SP;AS2-AS1-20180125165919
2018-01-25 17:00:27.867;SQ;AS2-AS1-20180125170027
2018-01-25 17:00:59.010;RC;AS2-AS1-20180125165919
2018-01-25 17:00:59.841;SS;AS2-AS1-20180125165919
2018-01-25 17:01:11.717;RU;AS2-AS1-20180125165842
2018-01-25 17:01:13.539;VU;AS2-AS1-20180125165842
2018-01-25 17:01:46.261;RO;AS2-AS1-20180125170027
2018-01-25 17:01:47.296;SP;AS2-AS1-20180125170027
2018-01-25 17:01:48.963;SQ;AS2-AS1-20180125170148
2018-01-25 17:02:07.371;RU;AS2-AS1-20180125165919
2018-01-25 17:02:19.138;RC;AS2-AS1-20180125170027
2018-01-25 17:02:20.063;SS;AS2-AS1-20180125170027
2018-01-25 17:02:46.063;VU;AS2-AS1-20180125165919
2018-01-25 17:02:52.230;RO;AS2-AS1-20180125170148
2018-01-25 17:02:53.380;SP;AS2-AS1-20180125170148
2018-01-25 17:02:55.049;SQ;AS2-AS1-20180125170255
2018-01-25 17:03:35.766;RC;AS2-AS1-20180125170148
2018-01-25 17:03:36.591;SS;AS2-AS1-20180125170148
2018-01-25 17:03:43.325;RU;AS2-AS1-20180125170027
2018-01-25 17:03:49.032;VU;AS2-AS1-20180125170027
2018-01-25 17:04:10.650;RO;AS2-AS1-20180125170255
2018-01-25 17:04:11.970;SP;AS2-AS1-20180125170255
2018-01-25 17:04:13.670;SQ;AS2-AS1-20180125170413
2018-01-25 17:04:45.150;RU;AS2-AS1-20180125170148
2018-01-25 17:04:47.983;VU;AS2-AS1-20180125170148
2018-01-25 17:04:52.078;RC;AS2-AS1-20180125170255
2018-01-25 17:04:52.896;SS;AS2-AS1-20180125170255
2018-01-25 17:05:46.118;RO;AS2-AS1-20180125170413
2018-01-25 17:05:48.696;SP;AS2-AS1-20180125170413
2018-01-25 17:05:50.349;SQ;AS2-AS1-20180125170550
2018-01-25 17:06:00.787;RU;AS2-AS1-20180125170255
2018-01-25 17:06:02.651;VU;AS2-AS1-20180125170255
2018-01-25 17:06:22.901;RC;AS2-AS1-20180125170413
2018-01-25 17:06:23.716;SS;AS2-AS1-20180125170413
2018-01-25 17:06:55.437;RO;AS2-AS1-20180125170550
2018-01-25 17:06:56.757;SP;AS2-AS1-20180125170550
2018-01-25 17:06:58.381;SQ;AS2-AS1-20180125170658
2018-01-25 17:07:35.993;RC;AS2-AS1-20180125170550
2018-01-25 17:07:36.813;SS;AS2-AS1-20180125170550
2018-01-25 17:08:18.990;RO;AS2-AS1-20180125170658
2018-01-25 17:08:20.283;SP;AS2-AS1-20180125170658
2018-01-25 17:08:21.949;SQ;AS2-AS1-20180125170821
2018-01-25 17:08:36.095;RU;AS2-AS1-20180125170413
2018-01-25 17:08:37.933;VU;AS2-AS1-20180125170413
2018-01-25 17:08:58.179;RU;AS2-AS1-20180125170550
2018-01-25 17:08:59.991;VU;AS2-AS1-20180125170550
2018-01-25 17:09:01.851;RC;AS2-AS1-20180125170658
2018-01-25 17:09:02.680;SS;AS2-AS1-20180125170658
2018-01-25 17:09:44.942;RO;AS2-AS1-20180125170821
2018-01-25 17:09:45.861;SP;AS2-AS1-20180125170821
2018-01-25 17:09:47.556;SQ;AS2-AS1-20180125170947
2018-01-25 17:10:21.868;RC;AS2-AS1-20180125170821
2018-01-25 17:10:21.931;RU;AS2-AS1-20180125170658
2018-01-25 17:10:23.532;SS;AS2-AS1-20180125170821
2018-01-25 17:10:24.554;VU;AS2-AS1-20180125170658
2018-01-25 17:10:52.690;RO;AS2-AS1-20180125170947
2018-01-25 17:10:54.891;SP;AS2-AS1-20180125170947
2018-01-25 17:10:58.501;SQ;AS2-AS1-20180125171058
2018-01-25 17:11:31.006;RC;AS2-AS1-20180125170947
2018-01-25 17:11:31.815;SS;AS2-AS1-20180125170947
2018-01-25 17:11:31.861;RU;AS2-AS1-20180125170821
2018-01-25 17:12:07.091;VU;AS2-AS1-20180125170821
2018-01-25 17:12:08.949;RO;AS2-AS1-20180125171058
2018-01-25 17:12:09.928;SP;AS2-AS1-20180125171058
2018-01-25 17:12:11.590;SQ;AS2-AS1-20180125171211
2018-01-25 17:12:45.353;RC;AS2-AS1-20180125171058
2018-01-25 17:12:46.168;SS;AS2-AS1-20180125171058
2018-01-25 17:12:51.027;RU;AS2-AS1-20180125170947
2018-01-25 17:13:07.310;VU;AS2-AS1-20180125170947
2018-01-25 17:13:47.303;RO;AS2-AS1-20180125171211
2018-01-25 17:13:48.557;SP;AS2-AS1-20180125171211
2018-01-25 17:13:50.241;SQ;AS2-AS1-20180125171350
2018-01-25 17:14:07.670;RU;AS2-AS1-20180125171058
2018-01-25 17:14:09.519;VU;AS2-AS1-20180125171058
2018-01-25 17:14:24.958;RC;AS2-AS1-20180125171211
2018-01-25 17:14:25.799;SS;AS2-AS1-20180125171211
2018-01-25 17:14:59.719;RO;AS2-AS1-20180125171350
2018-01-25 17:15:00.648;SP;AS2-AS1-20180125171350
2018-01-25 17:15:02.298;SQ;AS2-AS1-20180125171502
2018-01-25 17:15:40.885;RC;AS2-AS1-20180125171350
2018-01-25 17:15:41.179;RU;AS2-AS1-20180125171211
2018-01-25 17:15:42.212;SS;AS2-AS1-20180125171350
2018-01-25 17:15:43.591;VU;AS2-AS1-20180125171211
2018-01-25 17:16:10.726;RO;AS2-AS1-20180125171502
2018-01-25 17:16:12.891;SP;AS2-AS1-20180125171502
2018-01-25 17:16:14.555;SQ;AS2-AS1-20180125171614
2018-01-25 17:16:46.242;RU;AS2-AS1-20180125171350
2018-01-25 17:16:51.985;RC;AS2-AS1-20180125171502
2018-01-25 17:16:53.381;SS;AS2-AS1-20180125171502
