2018-01-25 16:58:38.074;SQ;AS20-AS1-20180125165838
2018-01-25 16:59:10.839;RO;AS20-AS1-20180125165838
2018-01-25 16:59:11.926;SP;AS20-AS1-20180125165838
2018-01-25 16:59:13.461;SQ;AS20-AS1-20180125165913
2018-01-25 16:59:43.321;RC;AS20-AS1-20180125165838
2018-01-25 16:59:44.086;SS;AS20-AS1-20180125165838
2018-01-25 17:00:10.886;RO;AS20-AS1-20180125165913
2018-01-25 17:00:11.811;SP;AS20-AS1-20180125165913
2018-01-25 17:00:13.354;SQ;AS20-AS1-20180125170013
2018-01-25 17:00:53.420;RC;AS20-AS1-20180125165913
2018-01-25 17:00:54.177;SS;AS20-AS1-20180125165913
2018-01-25 17:00:57.272;RU;AS20-AS1-20180125165838
2018-01-25 17:00:59.031;VU;AS20-AS1-20180125165838
2018-01-25 17:01:26.387;RO;AS20-AS1-20180125170013
2018-01-25 17:01:27.231;SP;AS20-AS1-20180125170013
2018-01-25 17:01:28.774;SQ;AS20-AS1-20180125170128
2018-01-25 17:02:04.021;RU;AS20-AS1-20180125165913
2018-01-25 17:02:05.818;VU;AS20-AS1-20180125165913
2018-01-25 17:02:06.756;RC;AS20-AS1-20180125170013
2018-01-25 17:02:07.524;SS;AS20-AS1-20180125170013
2018-01-25 17:02:34.468;RO;AS20-AS1-20180125170128
2018-01-25 17:02:35.614;SP;AS20-AS1-20180125170128
2018-01-25 17:02:37.154;SQ;AS20-AS1-20180125170237
2018-01-25 17:03:39.520;RO;AS20-AS1-20180125170237
2018-01-25 17:03:41.358;SP;AS20-AS1-20180125170237
2018-01-25 17:03:42.242;RU;AS20-AS1-20180125170013
2018-01-25 17:03:45.888;RC;AS20-AS1-20180125170128
2018-01-25 17:03:46.437;SQ;AS20-AS1-20180125170346
2018-01-25 17:03:48.936;SS;AS20-AS1-20180125170128
2018-01-25 17:03:52.102;VU;AS20-AS1-20180125170013
2018-01-25 17:04:16.440;RC;AS20-AS1-20180125170237
2018-01-25 17:04:17.199;SS;AS20-AS1-20180125170237
2018-01-25 17:04:53.176;RO;AS20-AS1-20180125170346
2018-01-25 17:04:54.277;SP;AS20-AS1-20180125170346
2018-01-25 17:04:55.859;SQ;AS20-AS1-20180125170455
2018-01-25 17:05:08.486;RU;AS20-AS1-20180125170128
2018-01-25 17:05:10.269;VU;AS20-AS1-20180125170128
2018-01-25 17:05:29.730;RC;AS20-AS1-20180125170346
2018-01-25 17:05:30.498;SS;AS20-AS1-20180125170346
2018-01-25 17:05:53.396;RU;AS20-AS1-20180125170237
2018-01-25 17:05:55.169;VU;AS20-AS1-20180125170237
2018-01-25 17:06:16.982;RO;AS20-AS1-20180125170455
2018-01-25 17:06:18.211;SP;AS20-AS1-20180125170455
2018-01-25 17:06:19.776;SQ;AS20-AS1-20180125170619
2018-01-25 17:06:45.160;RC;AS20-AS1-20180125170455
2018-01-25 17:06:46.846;SS;AS20-AS1-20180125170455
2018-01-25 17:06:55.426;RU;AS20-AS1-20180125170346
2018-01-25 17:06:57.201;VU;AS20-AS1-20180125170346
2018-01-25 17:07:36.942;RO;AS20-AS1-20180125170619
2018-01-25 17:07:38.145;SP;AS20-AS1-20180125170619
2018-01-25 17:07:39.648;SQ;AS20-AS1-20180125170739
2018-01-25 17:08:02.661;RU;AS20-AS1-20180125170455
2018-01-25 17:08:04.429;VU;AS20-AS1-20180125170455
2018-01-25 17:08:17.190;RC;AS20-AS1-20180125170619
2018-01-25 17:08:17.964;SS;AS20-AS1-20180125170619
2018-01-25 17:08:53.189;RO;AS20-AS1-20180125170739
2018-01-25 17:08:53.985;SP;AS20-AS1-20180125170739
2018-01-25 17:08:55.521;SQ;AS20-AS1-20180125170855
2018-01-25 17:09:27.661;RU;AS20-AS1-20180125170619
2018-01-25 17:09:30.153;RC;AS20-AS1-20180125170739
2018-01-25 17:09:31.018;SS;AS20-AS1-20180125170739
2018-01-25 17:09:59.453;VU;AS20-AS1-20180125170619
2018-01-25 17:10:42.784;RU;AS20-AS1-20180125170739
2018-01-25 17:10:59.348;VU;AS20-AS1-20180125170739
2018-01-25 17:11:17.410;RO;AS20-AS1-20180125170855
2018-01-25 17:11:18.473;SP;AS20-AS1-20180125170855
2018-01-25 17:11:20.082;SQ;AS20-AS1-20180125171120
2018-01-25 17:11:54.720;RC;AS20-AS1-20180125170855
2018-01-25 17:11:55.505;SS;AS20-AS1-20180125170855
2018-01-25 17:13:05.890;RO;AS20-AS1-20180125171120
2018-01-25 17:13:06.999;SP;AS20-AS1-20180125171120
2018-01-25 17:13:08.579;SQ;AS20-AS1-20180125171308
2018-01-25 17:13:15.063;RU;AS20-AS1-20180125170855
2018-01-25 17:13:16.852;VU;AS20-AS1-20180125170855
2018-01-25 17:13:40.349;RC;AS20-AS1-20180125171120
2018-01-25 17:13:41.131;SS;AS20-AS1-20180125171120
2018-01-25 17:14:12.192;RO;AS20-AS1-20180125171308
2018-01-25 17:14:13.416;SP;AS20-AS1-20180125171308
2018-01-25 17:14:14.984;SQ;AS20-AS1-20180125171414
2018-01-25 17:14:56.764;RC;AS20-AS1-20180125171308
2018-01-25 17:14:57.535;SS;AS20-AS1-20180125171308
2018-01-25 17:15:08.415;RU;AS20-AS1-20180125171120
2018-01-25 17:15:13.442;VU;AS20-AS1-20180125171120
2018-01-25 17:15:40.052;RO;AS20-AS1-20180125171414
2018-01-25 17:15:40.855;SP;AS20-AS1-20180125171414
2018-01-25 17:15:42.378;SQ;AS20-AS1-20180125171542
2018-01-25 17:15:58.359;RC;AS20-AS1-20180125171414
2018-01-25 17:15:59.136;SS;AS20-AS1-20180125171414
2018-01-25 17:16:15.441;RU;AS20-AS1-20180125171308
2018-01-25 17:16:17.209;VU;AS20-AS1-20180125171308
2018-01-25 17:16:40.624;RO;AS20-AS1-20180125171542
2018-01-25 17:16:41.713;SP;AS20-AS1-20180125171542
2018-01-25 17:16:43.268;SQ;AS20-AS1-20180125171643
