2018-01-25 16:58:43.605;SQ;AS25-AS1-20180125165843
2018-01-25 16:59:17.856;RO;AS25-AS1-20180125165843
2018-01-25 16:59:18.980;SP;AS25-AS1-20180125165843
2018-01-25 16:59:20.721;SQ;AS25-AS1-20180125165920
2018-01-25 16:59:49.983;RC;AS25-AS1-20180125165843
2018-01-25 16:59:50.838;SS;AS25-AS1-20180125165843
2018-01-25 17:00:21.544;RO;AS25-AS1-20180125165920
2018-01-25 17:00:22.631;SP;AS25-AS1-20180125165920
2018-01-25 17:00:24.347;SQ;AS25-AS1-20180125170024
2018-01-25 17:00:58.773;RC;AS25-AS1-20180125165920
2018-01-25 17:00:59.635;SS;AS25-AS1-20180125165920
2018-01-25 17:01:11.838;RU;AS25-AS1-20180125165843
2018-01-25 17:01:13.700;VU;AS25-AS1-20180125165843
2018-01-25 17:01:44.720;RO;AS25-AS1-20180125170024
2018-01-25 17:01:45.806;SP;AS25-AS1-20180125170024
2018-01-25 17:01:47.489;SQ;AS25-AS1-20180125170147
2018-01-25 17:02:10.443;RU;AS25-AS1-20180125165920
2018-01-25 17:02:12.276;VU;AS25-AS1-20180125165920
2018-01-25 17:02:21.608;RC;AS25-AS1-20180125170024
2018-01-25 17:02:22.443;SS;AS25-AS1-20180125170024
2018-01-25 17:03:40.222;RO;AS25-AS1-20180125170147
2018-01-25 17:03:40.289;RU;AS25-AS1-20180125170024
2018-01-25 17:03:43.695;SP;AS25-AS1-20180125170147
2018-01-25 17:03:48.536;SQ;AS25-AS1-20180125170348
2018-01-25 17:03:51.624;VU;AS25-AS1-20180125170024
2018-01-25 17:04:19.173;RC;AS25-AS1-20180125170147
2018-01-25 17:04:19.998;SS;AS25-AS1-20180125170147
2018-01-25 17:05:08.146;RO;AS25-AS1-20180125170348
2018-01-25 17:05:09.482;SP;AS25-AS1-20180125170348
2018-01-25 17:05:11.154;SQ;AS25-AS1-20180125170511
2018-01-25 17:05:43.804;RU;AS25-AS1-20180125170147
2018-01-25 17:05:49.289;RC;AS25-AS1-20180125170348
2018-01-25 17:05:51.550;SS;AS25-AS1-20180125170348
2018-01-25 17:05:52.553;VU;AS25-AS1-20180125170147
2018-01-25 17:06:23.739;RO;AS25-AS1-20180125170511
2018-01-25 17:06:24.589;SP;AS25-AS1-20180125170511
2018-01-25 17:06:26.293;SQ;AS25-AS1-20180125170626
2018-01-25 17:07:02.679;RU;AS25-AS1-20180125170348
2018-01-25 17:07:04.512;VU;AS25-AS1-20180125170348
2018-01-25 17:07:18.825;RC;AS25-AS1-20180125170511
2018-01-25 17:07:19.660;SS;AS25-AS1-20180125170511
2018-01-25 17:07:58.087;RO;AS25-AS1-20180125170626
2018-01-25 17:07:59.220;SP;AS25-AS1-20180125170626
2018-01-25 17:08:00.937;SQ;AS25-AS1-20180125170800
2018-01-25 17:08:28.781;RU;AS25-AS1-20180125170511
2018-01-25 17:08:31.678;RC;AS25-AS1-20180125170626
2018-01-25 17:08:32.517;SS;AS25-AS1-20180125170626
2018-01-25 17:08:56.109;VU;AS25-AS1-20180125170511
2018-01-25 17:09:17.797;RO;AS25-AS1-20180125170800
2018-01-25 17:09:18.902;SP;AS25-AS1-20180125170800
2018-01-25 17:09:20.619;SQ;AS25-AS1-20180125170920
2018-01-25 17:09:56.732;RU;AS25-AS1-20180125170626
2018-01-25 17:09:58.581;VU;AS25-AS1-20180125170626
2018-01-25 17:10:01.664;RC;AS25-AS1-20180125170800
2018-01-25 17:10:02.503;SS;AS25-AS1-20180125170800
2018-01-25 17:10:38.296;RO;AS25-AS1-20180125170920
2018-01-25 17:10:39.564;SP;AS25-AS1-20180125170920
2018-01-25 17:10:41.265;SQ;AS25-AS1-20180125171041
2018-01-25 17:11:18.209;RC;AS25-AS1-20180125170920
2018-01-25 17:11:19.043;SS;AS25-AS1-20180125170920
2018-01-25 17:11:22.914;RU;AS25-AS1-20180125170800
2018-01-25 17:11:24.763;VU;AS25-AS1-20180125170800
2018-01-25 17:11:49.688;RO;AS25-AS1-20180125171041
2018-01-25 17:11:50.694;SP;AS25-AS1-20180125171041
2018-01-25 17:11:52.384;SQ;AS25-AS1-20180125171152
2018-01-25 17:12:35.307;RC;AS25-AS1-20180125171041
2018-01-25 17:12:36.178;SS;AS25-AS1-20180125171041
2018-01-25 17:13:01.677;RU;AS25-AS1-20180125170920
2018-01-25 17:13:06.278;VU;AS25-AS1-20180125170920
2018-01-25 17:13:07.398;RO;AS25-AS1-20180125171152
2018-01-25 17:13:08.305;SP;AS25-AS1-20180125171152
2018-01-25 17:13:10.042;SQ;AS25-AS1-20180125171310
2018-01-25 17:13:43.022;RC;AS25-AS1-20180125171152
2018-01-25 17:13:43.879;SS;AS25-AS1-20180125171152
2018-01-25 17:13:48.759;RU;AS25-AS1-20180125171041
2018-01-25 17:14:08.650;VU;AS25-AS1-20180125171041
2018-01-25 17:14:42.162;RO;AS25-AS1-20180125171310
2018-01-25 17:14:43.495;SP;AS25-AS1-20180125171310
2018-01-25 17:14:45.195;SQ;AS25-AS1-20180125171445
2018-01-25 17:15:10.126;RU;AS25-AS1-20180125171152
2018-01-25 17:15:12.985;VU;AS25-AS1-20180125171152
2018-01-25 17:15:42.196;RC;AS25-AS1-20180125171310
2018-01-25 17:15:43.047;SS;AS25-AS1-20180125171310
2018-01-25 17:16:19.096;RO;AS25-AS1-20180125171445
2018-01-25 17:16:20.144;SP;AS25-AS1-20180125171445
2018-01-25 17:16:21.839;SQ;AS25-AS1-20180125171621
2018-01-25 17:16:45.373;RU;AS25-AS1-20180125171310
2018-01-25 17:16:53.509;RC;AS25-AS1-20180125171445
2018-01-25 17:16:54.485;SS;AS25-AS1-20180125171445
