2018-01-25 16:58:34.495;SQ;AS3-AS1-20180125165834
2018-01-25 16:59:02.830;RO;AS3-AS1-20180125165834
2018-01-25 16:59:03.826;SP;AS3-AS1-20180125165834
2018-01-25 16:59:05.432;SQ;AS3-AS1-20180125165905
2018-01-25 16:59:26.182;RC;AS3-AS1-20180125165834
2018-01-25 16:59:26.971;SS;AS3-AS1-20180125165834
2018-01-25 17:00:26.709;RO;AS3-AS1-20180125165905
2018-01-25 17:00:27.823;SP;AS3-AS1-20180125165905
2018-01-25 17:00:29.420;SQ;AS3-AS1-20180125170029
2018-01-25 17:00:40.737;RU;AS3-AS1-20180125165834
2018-01-25 17:00:44.091;VU;AS3-AS1-20180125165834
2018-01-25 17:01:10.231;RC;AS3-AS1-20180125165905
2018-01-25 17:01:11.031;SS;AS3-AS1-20180125165905
2018-01-25 17:01:49.841;RO;AS3-AS1-20180125170029
2018-01-25 17:01:50.814;SP;AS3-AS1-20180125170029
2018-01-25 17:01:52.402;SQ;AS3-AS1-20180125170152
2018-01-25 17:02:13.101;RC;AS3-AS1-20180125170029
2018-01-25 17:02:13.895;SS;AS3-AS1-20180125170029
2018-01-25 17:02:23.746;RU;AS3-AS1-20180125165905
2018-01-25 17:02:45.952;VU;AS3-AS1-20180125165905
2018-01-25 17:03:02.622;RO;AS3-AS1-20180125170152
2018-01-25 17:03:03.811;SP;AS3-AS1-20180125170152
2018-01-25 17:03:05.460;SQ;AS3-AS1-20180125170305
2018-01-25 17:03:43.299;RC;AS3-AS1-20180125170152
2018-01-25 17:03:45.093;SS;AS3-AS1-20180125170152
2018-01-25 17:03:49.239;RU;AS3-AS1-20180125170029
2018-01-25 17:03:51.025;VU;AS3-AS1-20180125170029
2018-01-25 17:04:29.633;RO;AS3-AS1-20180125170305
2018-01-25 17:04:30.883;SP;AS3-AS1-20180125170305
2018-01-25 17:04:32.482;SQ;AS3-AS1-20180125170432
2018-01-25 17:05:08.572;RU;AS3-AS1-20180125170152
2018-01-25 17:05:10.402;VU;AS3-AS1-20180125170152
2018-01-25 17:05:12.854;RC;AS3-AS1-20180125170305
2018-01-25 17:05:13.659;SS;AS3-AS1-20180125170305
2018-01-25 17:06:18.112;RO;AS3-AS1-20180125170432
2018-01-25 17:06:19.413;SP;AS3-AS1-20180125170432
2018-01-25 17:06:21.009;SQ;AS3-AS1-20180125170621
2018-01-25 17:06:40.394;RU;AS3-AS1-20180125170305
2018-01-25 17:06:52.710;VU;AS3-AS1-20180125170305
2018-01-25 17:06:58.723;RC;AS3-AS1-20180125170432
2018-01-25 17:06:59.522;SS;AS3-AS1-20180125170432
2018-01-25 17:07:33.412;RO;AS3-AS1-20180125170621
2018-01-25 17:07:34.441;SP;AS3-AS1-20180125170621
2018-01-25 17:07:36.054;SQ;AS3-AS1-20180125170736
2018-01-25 17:08:02.927;RU;AS3-AS1-20180125170432
2018-01-25 17:08:04.725;VU;AS3-AS1-20180125170432
2018-01-25 17:08:18.959;RC;AS3-AS1-20180125170621
2018-01-25 17:08:19.747;SS;AS3-AS1-20180125170621
2018-01-25 17:08:41.200;RO;AS3-AS1-20180125170736
2018-01-25 17:08:42.441;SP;AS3-AS1-20180125170736
2018-01-25 17:08:44.055;SQ;AS3-AS1-20180125170844
2018-01-25 17:09:20.125;RC;AS3-AS1-20180125170736
2018-01-25 17:09:20.931;SS;AS3-AS1-20180125170736
2018-01-25 17:09:25.763;RU;AS3-AS1-20180125170621
2018-01-25 17:09:57.711;RO;AS3-AS1-20180125170844
2018-01-25 17:09:59.807;SP;AS3-AS1-20180125170844
2018-01-25 17:10:00.332;VU;AS3-AS1-20180125170621
2018-01-25 17:10:01.431;SQ;AS3-AS1-20180125171001
2018-01-25 17:10:37.724;RU;AS3-AS1-20180125170736
2018-01-25 17:10:38.337;RC;AS3-AS1-20180125170844
2018-01-25 17:10:39.334;SS;AS3-AS1-20180125170844
2018-01-25 17:11:21.666;RO;AS3-AS1-20180125171001
2018-01-25 17:11:22.954;SP;AS3-AS1-20180125171001
2018-01-25 17:11:25.259;SQ;AS3-AS1-20180125171125
2018-01-25 17:12:03.788;RU;AS3-AS1-20180125170844
2018-01-25 17:12:07.658;VU;AS3-AS1-20180125170844
2018-01-25 17:12:37.656;RC;AS3-AS1-20180125171001
2018-01-25 17:12:38.545;SS;AS3-AS1-20180125171001
2018-01-25 17:12:46.527;RO;AS3-AS1-20180125171125
2018-01-25 17:12:47.657;SP;AS3-AS1-20180125171125
2018-01-25 17:12:50.067;SQ;AS3-AS1-20180125171250
2018-01-25 17:13:32.074;RC;AS3-AS1-20180125171125
2018-01-25 17:13:33.554;SS;AS3-AS1-20180125171125
2018-01-25 17:14:06.008;RU;AS3-AS1-20180125171001
2018-01-25 17:14:09.336;VU;AS3-AS1-20180125171001
2018-01-25 17:14:10.021;RO;AS3-AS1-20180125171250
2018-01-25 17:14:11.485;SP;AS3-AS1-20180125171250
2018-01-25 17:14:13.968;SQ;AS3-AS1-20180125171413
2018-01-25 17:15:42.103;RU;AS3-AS1-20180125171125
2018-01-25 17:15:43.404;RC;AS3-AS1-20180125171250
2018-01-25 17:15:43.413;RO;AS3-AS1-20180125171413
2018-01-25 17:15:44.045;VU;AS3-AS1-20180125171125
2018-01-25 17:15:45.377;SS;AS3-AS1-20180125171250
2018-01-25 17:15:45.578;SP;AS3-AS1-20180125171413
2018-01-25 17:15:47.878;SQ;AS3-AS1-20180125171547
2018-01-25 17:16:39.827;RC;AS3-AS1-20180125171413
2018-01-25 17:16:41.087;SS;AS3-AS1-20180125171413
