2018-01-25 16:58:32.369;SQ;AS46-AS1-20180125165832
2018-01-25 16:58:48.321;RO;AS46-AS1-20180125165832
2018-01-25 16:58:49.200;SP;AS46-AS1-20180125165832
2018-01-25 16:58:50.838;SQ;AS46-AS1-20180125165850
2018-01-25 16:59:04.870;RC;AS46-AS1-20180125165832
2018-01-25 16:59:05.686;SS;AS46-AS1-20180125165832
2018-01-25 16:59:28.375;RO;AS46-AS1-20180125165850
2018-01-25 16:59:29.192;SP;AS46-AS1-20180125165850
2018-01-25 16:59:30.832;SQ;AS46-AS1-20180125165930
2018-01-25 17:00:02.024;RU;AS46-AS1-20180125165832
2018-01-25 17:00:03.864;VU;AS46-AS1-20180125165832
2018-01-25 17:00:04.097;RC;AS46-AS1-20180125165850
2018-01-25 17:00:04.919;SS;AS46-AS1-20180125165850
2018-01-25 17:00:35.211;RO;AS46-AS1-20180125165930
2018-01-25 17:00:36.853;SP;AS46-AS1-20180125165930
2018-01-25 17:00:40.302;SQ;AS46-AS1-20180125170040
2018-01-25 17:01:13.160;RC;AS46-AS1-20180125165930
2018-01-25 17:01:13.998;SS;AS46-AS1-20180125165930
2018-01-25 17:01:23.362;RU;AS46-AS1-20180125165850
2018-01-25 17:01:46.652;VU;AS46-AS1-20180125165850
2018-01-25 17:02:03.606;RO;AS46-AS1-20180125170040
2018-01-25 17:02:04.794;SP;AS46-AS1-20180125170040
2018-01-25 17:02:06.456;SQ;AS46-AS1-20180125170206
2018-01-25 17:02:19.118;RU;AS46-AS1-20180125165930
2018-01-25 17:02:37.610;RC;AS46-AS1-20180125170040
2018-01-25 17:02:40.216;SS;AS46-AS1-20180125170040
2018-01-25 17:03:23.858;RO;AS46-AS1-20180125170206
2018-01-25 17:03:25.217;SP;AS46-AS1-20180125170206
2018-01-25 17:03:27.764;SQ;AS46-AS1-20180125170327
2018-01-25 17:04:09.624;RU;AS46-AS1-20180125170040
2018-01-25 17:04:10.053;RC;AS46-AS1-20180125170206
2018-01-25 17:04:11.961;VU;AS46-AS1-20180125170040
2018-01-25 17:04:11.980;SS;AS46-AS1-20180125170206
2018-01-25 17:04:41.450;RO;AS46-AS1-20180125170327
2018-01-25 17:04:43.942;SP;AS46-AS1-20180125170327
2018-01-25 17:04:49.546;SQ;AS46-AS1-20180125170449
2018-01-25 17:05:20.127;RU;AS46-AS1-20180125170206
2018-01-25 17:05:21.382;RC;AS46-AS1-20180125170327
2018-01-25 17:05:23.005;SS;AS46-AS1-20180125170327
2018-01-25 17:05:57.727;VU;AS46-AS1-20180125170206
2018-01-25 17:06:17.315;RO;AS46-AS1-20180125170449
2018-01-25 17:06:19.033;SP;AS46-AS1-20180125170449
2018-01-25 17:06:21.586;SQ;AS46-AS1-20180125170621
2018-01-25 17:06:51.189;RC;AS46-AS1-20180125170449
2018-01-25 17:06:52.873;SS;AS46-AS1-20180125170449
2018-01-25 17:06:53.272;RU;AS46-AS1-20180125170327
2018-01-25 17:06:55.470;VU;AS46-AS1-20180125170327
2018-01-25 17:08:03.894;RO;AS46-AS1-20180125170621
2018-01-25 17:08:05.055;SP;AS46-AS1-20180125170621
2018-01-25 17:08:07.576;SQ;AS46-AS1-20180125170807
2018-01-25 17:08:17.836;RU;AS46-AS1-20180125170449
2018-01-25 17:08:19.657;VU;AS46-AS1-20180125170449
2018-01-25 17:08:32.645;RC;AS46-AS1-20180125170621
2018-01-25 17:08:33.541;SS;AS46-AS1-20180125170621
2018-01-25 17:09:18.023;RO;AS46-AS1-20180125170807
2018-01-25 17:09:19.697;SP;AS46-AS1-20180125170807
2018-01-25 17:09:21.978;SQ;AS46-AS1-20180125170921
2018-01-25 17:09:59.502;RC;AS46-AS1-20180125170807
2018-01-25 17:10:01.162;SS;AS46-AS1-20180125170807
2018-01-25 17:10:03.712;RU;AS46-AS1-20180125170621
2018-01-25 17:10:06.021;VU;AS46-AS1-20180125170621
2018-01-25 17:10:38.493;RO;AS46-AS1-20180125170921
2018-01-25 17:10:39.522;SP;AS46-AS1-20180125170921
2018-01-25 17:10:41.913;SQ;AS46-AS1-20180125171041
2018-01-25 17:11:17.378;RU;AS46-AS1-20180125170807
2018-01-25 17:11:18.244;RC;AS46-AS1-20180125170921
2018-01-25 17:11:19.476;VU;AS46-AS1-20180125170807
2018-01-25 17:11:19.895;SS;AS46-AS1-20180125170921
2018-01-25 17:11:50.198;RO;AS46-AS1-20180125171041
2018-01-25 17:11:51.704;SP;AS46-AS1-20180125171041
2018-01-25 17:11:54.168;SQ;AS46-AS1-20180125171154
2018-01-25 17:12:36.467;RC;AS46-AS1-20180125171041
2018-01-25 17:12:38.053;SS;AS46-AS1-20180125171041
2018-01-25 17:12:39.000;RU;AS46-AS1-20180125170921
2018-01-25 17:13:09.440;VU;AS46-AS1-20180125170921
2018-01-25 17:13:11.528;RO;AS46-AS1-20180125171154
2018-01-25 17:13:12.941;SP;AS46-AS1-20180125171154
2018-01-25 17:13:15.495;SQ;AS46-AS1-20180125171315
2018-01-25 17:13:55.691;RC;AS46-AS1-20180125171154
2018-01-25 17:13:56.718;SS;AS46-AS1-20180125171154
2018-01-25 17:14:04.081;RU;AS46-AS1-20180125171041
2018-01-25 17:14:10.539;VU;AS46-AS1-20180125171041
2018-01-25 17:14:25.137;RO;AS46-AS1-20180125171315
2018-01-25 17:14:26.568;SP;AS46-AS1-20180125171315
2018-01-25 17:14:29.040;SQ;AS46-AS1-20180125171429
2018-01-25 17:15:05.613;RC;AS46-AS1-20180125171315
2018-01-25 17:15:07.860;SS;AS46-AS1-20180125171315
2018-01-25 17:15:13.624;RU;AS46-AS1-20180125171154
2018-01-25 17:15:17.402;VU;AS46-AS1-20180125171154
2018-01-25 17:15:44.116;RO;AS46-AS1-20180125171429
2018-01-25 17:15:44.993;SP;AS46-AS1-20180125171429
2018-01-25 17:15:47.477;SQ;AS46-AS1-20180125171547
2018-01-25 17:16:14.954;RC;AS46-AS1-20180125171429
2018-01-25 17:16:16.580;SS;AS46-AS1-20180125171429
2018-01-25 17:16:39.260;RU;AS46-AS1-20180125171315
2018-01-25 17:16:41.874;VU;AS46-AS1-20180125171315
