2018-01-25 16:58:32.640;SQ;AS47-AS1-20180125165832
2018-01-25 16:58:53.368;RO;AS47-AS1-20180125165832
2018-01-25 16:58:54.440;SP;AS47-AS1-20180125165832
2018-01-25 16:58:55.996;SQ;AS47-AS1-20180125165855
2018-01-25 16:59:11.117;RC;AS47-AS1-20180125165832
2018-01-25 16:59:11.882;SS;AS47-AS1-20180125165832
2018-01-25 16:59:38.183;RO;AS47-AS1-20180125165855
2018-01-25 16:59:39.344;SP;AS47-AS1-20180125165855
2018-01-25 16:59:40.976;SQ;AS47-AS1-20180125165940
2018-01-25 17:00:07.622;RC;AS47-AS1-20180125165855
2018-01-25 17:00:08.403;SS;AS47-AS1-20180125165855
2018-01-25 17:00:19.137;RU;AS47-AS1-20180125165832
2018-01-25 17:00:46.556;VU;AS47-AS1-20180125165832
2018-01-25 17:00:53.534;RO;AS47-AS1-20180125165940
2018-01-25 17:00:54.334;SP;AS47-AS1-20180125165940
2018-01-25 17:00:55.880;SQ;AS47-AS1-20180125170055
2018-01-25 17:01:26.978;RU;AS47-AS1-20180125165855
2018-01-25 17:01:29.455;RC;AS47-AS1-20180125165940
2018-01-25 17:01:30.262;SS;AS47-AS1-20180125165940
2018-01-25 17:01:47.135;VU;AS47-AS1-20180125165855
2018-01-25 17:02:04.144;RO;AS47-AS1-20180125170055
2018-01-25 17:02:05.238;SP;AS47-AS1-20180125170055
2018-01-25 17:02:06.756;SQ;AS47-AS1-20180125170206
2018-01-25 17:02:42.250;RU;AS47-AS1-20180125165940
2018-01-25 17:02:44.102;VU;AS47-AS1-20180125165940
2018-01-25 17:02:46.060;RC;AS47-AS1-20180125170055
2018-01-25 17:02:46.862;SS;AS47-AS1-20180125170055
2018-01-25 17:03:42.392;RO;AS47-AS1-20180125170206
2018-01-25 17:03:44.453;SP;AS47-AS1-20180125170206
2018-01-25 17:03:47.340;SQ;AS47-AS1-20180125170347
2018-01-25 17:04:13.714;RU;AS47-AS1-20180125170055
2018-01-25 17:04:15.490;VU;AS47-AS1-20180125170055
2018-01-25 17:04:19.195;RC;AS47-AS1-20180125170206
2018-01-25 17:04:19.972;SS;AS47-AS1-20180125170206
2018-01-25 17:05:08.568;RO;AS47-AS1-20180125170347
2018-01-25 17:05:09.714;SP;AS47-AS1-20180125170347
2018-01-25 17:05:11.288;SQ;AS47-AS1-20180125170511
2018-01-25 17:05:48.230;RC;AS47-AS1-20180125170347
2018-01-25 17:05:48.987;SS;AS47-AS1-20180125170347
2018-01-25 17:05:55.299;RU;AS47-AS1-20180125170206
2018-01-25 17:05:57.085;VU;AS47-AS1-20180125170206
2018-01-25 17:06:23.233;RO;AS47-AS1-20180125170511
2018-01-25 17:06:24.143;SP;AS47-AS1-20180125170511
2018-01-25 17:06:25.646;SQ;AS47-AS1-20180125170625
2018-01-25 17:06:58.533;RU;AS47-AS1-20180125170347
2018-01-25 17:07:00.310;VU;AS47-AS1-20180125170347
2018-01-25 17:07:18.943;RC;AS47-AS1-20180125170511
2018-01-25 17:07:19.730;SS;AS47-AS1-20180125170511
2018-01-25 17:07:59.837;RO;AS47-AS1-20180125170625
2018-01-25 17:08:01.044;SP;AS47-AS1-20180125170625
2018-01-25 17:08:02.619;SQ;AS47-AS1-20180125170802
2018-01-25 17:08:30.187;RU;AS47-AS1-20180125170511
2018-01-25 17:08:31.966;RC;AS47-AS1-20180125170625
2018-01-25 17:08:33.532;SS;AS47-AS1-20180125170625
2018-01-25 17:08:54.754;VU;AS47-AS1-20180125170511
2018-01-25 17:09:18.019;RO;AS47-AS1-20180125170802
2018-01-25 17:09:18.980;SP;AS47-AS1-20180125170802
2018-01-25 17:09:20.511;SQ;AS47-AS1-20180125170920
2018-01-25 17:09:57.893;RC;AS47-AS1-20180125170802
2018-01-25 17:09:58.697;SS;AS47-AS1-20180125170802
2018-01-25 17:10:06.742;RU;AS47-AS1-20180125170625
2018-01-25 17:10:08.517;VU;AS47-AS1-20180125170625
2018-01-25 17:10:32.883;RO;AS47-AS1-20180125170920
2018-01-25 17:10:33.859;SP;AS47-AS1-20180125170920
2018-01-25 17:10:35.488;SQ;AS47-AS1-20180125171035
2018-01-25 17:11:17.763;RU;AS47-AS1-20180125170802
2018-01-25 17:11:17.812;RC;AS47-AS1-20180125170920
2018-01-25 17:11:19.336;SS;AS47-AS1-20180125170920
2018-01-25 17:11:20.334;VU;AS47-AS1-20180125170802
2018-01-25 17:11:54.535;RO;AS47-AS1-20180125171035
2018-01-25 17:11:55.320;SP;AS47-AS1-20180125171035
2018-01-25 17:11:58.086;SQ;AS47-AS1-20180125171158
2018-01-25 17:12:35.606;RC;AS47-AS1-20180125171035
2018-01-25 17:12:36.381;SS;AS47-AS1-20180125171035
2018-01-25 17:12:36.516;RU;AS47-AS1-20180125170920
2018-01-25 17:13:06.497;VU;AS47-AS1-20180125170920
2018-01-25 17:13:10.250;RO;AS47-AS1-20180125171158
2018-01-25 17:13:11.435;SP;AS47-AS1-20180125171158
2018-01-25 17:13:12.954;SQ;AS47-AS1-20180125171312
2018-01-25 17:13:33.019;RU;AS47-AS1-20180125171035
2018-01-25 17:13:51.189;RC;AS47-AS1-20180125171158
2018-01-25 17:13:52.337;SS;AS47-AS1-20180125171158
2018-01-25 17:14:08.174;VU;AS47-AS1-20180125171035
2018-01-25 17:14:27.312;RO;AS47-AS1-20180125171312
2018-01-25 17:14:28.297;SP;AS47-AS1-20180125171312
2018-01-25 17:14:29.811;SQ;AS47-AS1-20180125171429
2018-01-25 17:15:08.770;RU;AS47-AS1-20180125171158
2018-01-25 17:15:11.979;RC;AS47-AS1-20180125171312
2018-01-25 17:15:12.828;SS;AS47-AS1-20180125171312
2018-01-25 17:15:13.171;VU;AS47-AS1-20180125171158
2018-01-25 17:15:42.864;RO;AS47-AS1-20180125171429
2018-01-25 17:15:43.663;SP;AS47-AS1-20180125171429
2018-01-25 17:15:45.186;SQ;AS47-AS1-20180125171545
2018-01-25 17:16:13.776;RC;AS47-AS1-20180125171429
2018-01-25 17:16:14.547;SS;AS47-AS1-20180125171429
2018-01-25 17:16:40.640;RU;AS47-AS1-20180125171312
2018-01-25 17:16:42.403;VU;AS47-AS1-20180125171312
2018-01-25 17:16:53.269;RO;AS47-AS1-20180125171545
2018-01-25 17:16:54.513;SP;AS47-AS1-20180125171545
2018-01-25 17:16:56.026;SQ;AS47-AS1-20180125171656
