2018-01-25 16:58:28.096;SQ;AS48-AS1-20180125165828
2018-01-25 16:58:29.378;RO;AS48-AS1-20180125165828
2018-01-25 16:58:30.416;SP;AS48-AS1-20180125165828
2018-01-25 16:58:32.025;SQ;AS48-AS1-20180125165832
2018-01-25 16:58:32.839;RC;AS48-AS1-20180125165828
2018-01-25 16:58:34.161;SS;AS48-AS1-20180125165828
2018-01-25 16:58:49.615;RO;AS48-AS1-20180125165832
2018-01-25 16:58:50.881;SP;AS48-AS1-20180125165832
2018-01-25 16:58:52.540;SQ;AS48-AS1-20180125165852
2018-01-25 16:59:03.609;RU;AS48-AS1-20180125165828
2018-01-25 16:59:08.404;RC;AS48-AS1-20180125165832
2018-01-25 16:59:09.337;SS;AS48-AS1-20180125165832
2018-01-25 16:59:26.646;RO;AS48-AS1-20180125165852
2018-01-25 16:59:28.419;SP;AS48-AS1-20180125165852
2018-01-25 16:59:30.718;SQ;AS48-AS1-20180125165930
2018-01-25 16:59:38.555;VU;AS48-AS1-20180125165828
2018-01-25 16:59:59.553;RC;AS48-AS1-20180125165852
2018-01-25 17:00:00.356;SS;AS48-AS1-20180125165852
2018-01-25 17:00:14.876;RU;AS48-AS1-20180125165832
2018-01-25 17:00:44.144;RO;AS48-AS1-20180125165930
2018-01-25 17:00:46.424;SP;AS48-AS1-20180125165930
2018-01-25 17:00:47.939;VU;AS48-AS1-20180125165832
2018-01-25 17:00:48.331;SQ;AS48-AS1-20180125170048
2018-01-25 17:01:11.818;RU;AS48-AS1-20180125165852
2018-01-25 17:01:22.713;RC;AS48-AS1-20180125165930
2018-01-25 17:01:24.338;SS;AS48-AS1-20180125165930
2018-01-25 17:01:48.031;VU;AS48-AS1-20180125165852
2018-01-25 17:02:02.362;RO;AS48-AS1-20180125170048
2018-01-25 17:02:03.247;SP;AS48-AS1-20180125170048
2018-01-25 17:02:04.869;SQ;AS48-AS1-20180125170204
2018-01-25 17:02:29.747;RC;AS48-AS1-20180125170048
2018-01-25 17:02:30.551;SS;AS48-AS1-20180125170048
2018-01-25 17:02:32.469;RU;AS48-AS1-20180125165930
2018-01-25 17:02:46.211;VU;AS48-AS1-20180125165930
2018-01-25 17:03:14.329;RO;AS48-AS1-20180125170204
2018-01-25 17:03:15.262;SP;AS48-AS1-20180125170204
2018-01-25 17:03:16.889;SQ;AS48-AS1-20180125170316
2018-01-25 17:03:50.861;RC;AS48-AS1-20180125170204
2018-01-25 17:03:51.660;SS;AS48-AS1-20180125170204
2018-01-25 17:03:52.091;RU;AS48-AS1-20180125170048
2018-01-25 17:03:53.890;VU;AS48-AS1-20180125170048
2018-01-25 17:04:41.613;RO;AS48-AS1-20180125170316
2018-01-25 17:04:43.661;SP;AS48-AS1-20180125170316
2018-01-25 17:04:47.178;SQ;AS48-AS1-20180125170447
2018-01-25 17:04:53.218;RU;AS48-AS1-20180125170204
2018-01-25 17:04:55.033;VU;AS48-AS1-20180125170204
2018-01-25 17:05:18.899;RC;AS48-AS1-20180125170316
2018-01-25 17:05:19.719;SS;AS48-AS1-20180125170316
2018-01-25 17:05:54.475;RO;AS48-AS1-20180125170447
2018-01-25 17:05:55.558;SP;AS48-AS1-20180125170447
2018-01-25 17:05:57.200;SQ;AS48-AS1-20180125170557
2018-01-25 17:06:28.739;RC;AS48-AS1-20180125170447
2018-01-25 17:06:29.570;SS;AS48-AS1-20180125170447
2018-01-25 17:06:57.066;RU;AS48-AS1-20180125170316
2018-01-25 17:06:58.875;VU;AS48-AS1-20180125170316
2018-01-25 17:07:02.017;RO;AS48-AS1-20180125170557
2018-01-25 17:07:03.096;SP;AS48-AS1-20180125170557
2018-01-25 17:07:04.726;SQ;AS48-AS1-20180125170704
2018-01-25 17:07:40.152;RC;AS48-AS1-20180125170557
2018-01-25 17:07:40.959;SS;AS48-AS1-20180125170557
2018-01-25 17:07:56.592;RU;AS48-AS1-20180125170447
2018-01-25 17:07:58.408;VU;AS48-AS1-20180125170447
2018-01-25 17:08:18.448;RO;AS48-AS1-20180125170704
2018-01-25 17:08:19.607;SP;AS48-AS1-20180125170704
2018-01-25 17:08:21.221;SQ;AS48-AS1-20180125170821
2018-01-25 17:08:56.462;RC;AS48-AS1-20180125170704
2018-01-25 17:08:57.294;SS;AS48-AS1-20180125170704
2018-01-25 17:09:17.738;RU;AS48-AS1-20180125170557
2018-01-25 17:09:19.537;VU;AS48-AS1-20180125170557
2018-01-25 17:09:31.265;RO;AS48-AS1-20180125170821
2018-01-25 17:09:32.102;SP;AS48-AS1-20180125170821
2018-01-25 17:09:33.742;SQ;AS48-AS1-20180125170933
2018-01-25 17:10:09.228;RC;AS48-AS1-20180125170821
2018-01-25 17:10:10.037;SS;AS48-AS1-20180125170821
2018-01-25 17:10:21.828;RU;AS48-AS1-20180125170704
2018-01-25 17:10:23.649;VU;AS48-AS1-20180125170704
2018-01-25 17:11:00.372;RO;AS48-AS1-20180125170933
2018-01-25 17:11:01.652;SP;AS48-AS1-20180125170933
2018-01-25 17:11:03.240;SQ;AS48-AS1-20180125171103
2018-01-25 17:11:27.557;RU;AS48-AS1-20180125170821
2018-01-25 17:11:29.347;VU;AS48-AS1-20180125170821
2018-01-25 17:11:34.175;RC;AS48-AS1-20180125170933
2018-01-25 17:11:35.006;SS;AS48-AS1-20180125170933
2018-01-25 17:12:14.281;RO;AS48-AS1-20180125171103
2018-01-25 17:12:15.137;SP;AS48-AS1-20180125171103
2018-01-25 17:12:16.768;SQ;AS48-AS1-20180125171216
2018-01-25 17:12:36.690;RC;AS48-AS1-20180125171103
2018-01-25 17:12:37.521;SS;AS48-AS1-20180125171103
2018-01-25 17:12:45.579;RU;AS48-AS1-20180125170933
2018-01-25 17:13:07.431;VU;AS48-AS1-20180125170933
2018-01-25 17:13:31.962;RO;AS48-AS1-20180125171216
2018-01-25 17:13:33.170;SP;AS48-AS1-20180125171216
2018-01-25 17:13:34.788;SQ;AS48-AS1-20180125171334
2018-01-25 17:13:47.729;RU;AS48-AS1-20180125171103
2018-01-25 17:14:08.661;VU;AS48-AS1-20180125171103
2018-01-25 17:14:10.819;RC;AS48-AS1-20180125171216
2018-01-25 17:14:11.633;SS;AS48-AS1-20180125171216
2018-01-25 17:14:44.512;RO;AS48-AS1-20180125171334
2018-01-25 17:14:45.702;SP;AS48-AS1-20180125171334
2018-01-25 17:14:47.311;SQ;AS48-AS1-20180125171447
2018-01-25 17:15:23.949;RC;AS48-AS1-20180125171334
2018-01-25 17:15:24.768;SS;AS48-AS1-20180125171334
2018-01-25 17:15:43.377;RU;AS48-AS1-20180125171216
2018-01-25 17:15:45.187;VU;AS48-AS1-20180125171216
2018-01-25 17:16:12.266;RO;AS48-AS1-20180125171447
2018-01-25 17:16:13.210;SP;AS48-AS1-20180125171447
2018-01-25 17:16:14.829;SQ;AS48-AS1-20180125171614
2018-01-25 17:16:40.400;RU;AS48-AS1-20180125171334
2018-01-25 17:16:42.225;VU;AS48-AS1-20180125171334
2018-01-25 17:16:45.995;RC;AS48-AS1-20180125171447
2018-01-25 17:16:46.830;SS;AS48-AS1-20180125171447
