2018-01-25 16:58:35.417;SQ;AS68-AS1-20180125165835
2018-01-25 16:59:57.579;RO;AS68-AS1-20180125165835
2018-01-25 16:59:58.767;SP;AS68-AS1-20180125165835
2018-01-25 17:00:00.344;SQ;AS68-AS1-20180125170000
2018-01-25 17:00:32.588;RC;AS68-AS1-20180125165835
2018-01-25 17:00:33.356;SS;AS68-AS1-20180125165835
2018-01-25 17:01:11.768;RO;AS68-AS1-20180125170000
2018-01-25 17:01:12.702;SP;AS68-AS1-20180125170000
2018-01-25 17:01:14.287;SQ;AS68-AS1-20180125170114
2018-01-25 17:02:04.095;RU;AS68-AS1-20180125165835
2018-01-25 17:02:05.905;VU;AS68-AS1-20180125165835
2018-01-25 17:02:19.455;RC;AS68-AS1-20180125170000
2018-01-25 17:02:20.240;SS;AS68-AS1-20180125170000
2018-01-25 17:02:23.348;RO;AS68-AS1-20180125170114
2018-01-25 17:02:24.174;SP;AS68-AS1-20180125170114
2018-01-25 17:02:25.759;SQ;AS68-AS1-20180125170225
2018-01-25 17:03:07.217;RC;AS68-AS1-20180125170114
2018-01-25 17:03:08.015;SS;AS68-AS1-20180125170114
2018-01-25 17:03:39.533;RO;AS68-AS1-20180125170225
2018-01-25 17:03:40.773;RU;AS68-AS1-20180125170000
2018-01-25 17:03:42.241;SP;AS68-AS1-20180125170225
2018-01-25 17:03:48.149;SQ;AS68-AS1-20180125170348
2018-01-25 17:03:51.505;VU;AS68-AS1-20180125170000
2018-01-25 17:04:18.197;RC;AS68-AS1-20180125170225
2018-01-25 17:04:18.980;SS;AS68-AS1-20180125170225
2018-01-25 17:04:19.988;RU;AS68-AS1-20180125170114
2018-01-25 17:04:49.667;VU;AS68-AS1-20180125170114
2018-01-25 17:04:52.864;RO;AS68-AS1-20180125170348
2018-01-25 17:04:54.016;SP;AS68-AS1-20180125170348
2018-01-25 17:04:55.584;SQ;AS68-AS1-20180125170455
2018-01-25 17:05:35.473;RC;AS68-AS1-20180125170348
2018-01-25 17:05:36.266;SS;AS68-AS1-20180125170348
2018-01-25 17:05:56.558;RU;AS68-AS1-20180125170225
2018-01-25 17:05:58.364;VU;AS68-AS1-20180125170225
2018-01-25 17:06:46.313;RO;AS68-AS1-20180125170455
2018-01-25 17:06:48.340;SP;AS68-AS1-20180125170455
2018-01-25 17:06:48.745;RU;AS68-AS1-20180125170348
2018-01-25 17:06:52.302;SQ;AS68-AS1-20180125170652
2018-01-25 17:06:52.683;VU;AS68-AS1-20180125170348
2018-01-25 17:07:25.944;RC;AS68-AS1-20180125170455
2018-01-25 17:07:26.744;SS;AS68-AS1-20180125170455
2018-01-25 17:08:02.523;RO;AS68-AS1-20180125170652
2018-01-25 17:08:03.675;SP;AS68-AS1-20180125170652
2018-01-25 17:08:05.244;SQ;AS68-AS1-20180125170805
2018-01-25 17:08:35.782;RC;AS68-AS1-20180125170652
2018-01-25 17:08:36.591;SS;AS68-AS1-20180125170652
2018-01-25 17:08:58.445;RU;AS68-AS1-20180125170455
2018-01-25 17:09:00.244;VU;AS68-AS1-20180125170455
2018-01-25 17:09:40.363;RO;AS68-AS1-20180125170805
2018-01-25 17:09:41.622;SP;AS68-AS1-20180125170805
2018-01-25 17:09:43.181;SQ;AS68-AS1-20180125170943
2018-01-25 17:10:02.298;RU;AS68-AS1-20180125170652
2018-01-25 17:10:04.088;VU;AS68-AS1-20180125170652
2018-01-25 17:10:21.799;RC;AS68-AS1-20180125170805
2018-01-25 17:10:22.566;SS;AS68-AS1-20180125170805
2018-01-25 17:10:57.215;RO;AS68-AS1-20180125170943
2018-01-25 17:10:58.026;SP;AS68-AS1-20180125170943
2018-01-25 17:10:59.601;SQ;AS68-AS1-20180125171059
2018-01-25 17:11:25.711;RC;AS68-AS1-20180125170943
2018-01-25 17:11:26.488;SS;AS68-AS1-20180125170943
2018-01-25 17:11:33.989;RU;AS68-AS1-20180125170805
2018-01-25 17:12:07.595;VU;AS68-AS1-20180125170805
2018-01-25 17:12:37.896;RO;AS68-AS1-20180125171059
2018-01-25 17:12:38.990;SP;AS68-AS1-20180125171059
2018-01-25 17:12:40.518;SQ;AS68-AS1-20180125171240
2018-01-25 17:12:45.101;RU;AS68-AS1-20180125170943
2018-01-25 17:13:06.608;VU;AS68-AS1-20180125170943
2018-01-25 17:13:30.071;RC;AS68-AS1-20180125171059
2018-01-25 17:13:30.846;SS;AS68-AS1-20180125171059
2018-01-25 17:14:29.133;RO;AS68-AS1-20180125171240
2018-01-25 17:14:29.945;SP;AS68-AS1-20180125171240
2018-01-25 17:14:31.538;SQ;AS68-AS1-20180125171431
2018-01-25 17:14:40.948;RU;AS68-AS1-20180125171059
2018-01-25 17:15:11.612;RC;AS68-AS1-20180125171240
2018-01-25 17:15:14.079;SS;AS68-AS1-20180125171240
2018-01-25 17:15:16.409;VU;AS68-AS1-20180125171059
2018-01-25 17:15:48.291;RO;AS68-AS1-20180125171431
2018-01-25 17:15:49.450;SP;AS68-AS1-20180125171431
2018-01-25 17:15:58.032;SQ;AS68-AS1-20180125171558
2018-01-25 17:16:39.823;RU;AS68-AS1-20180125171240
2018-01-25 17:16:41.605;VU;AS68-AS1-20180125171240
2018-01-25 17:16:44.831;RC;AS68-AS1-20180125171431
2018-01-25 17:16:45.611;SS;AS68-AS1-20180125171431
