2018-01-25 16:58:27.878;SQ;AS91-AS1-20180125165827
2018-01-25 16:58:29.110;RO;AS91-AS1-20180125165827
2018-01-25 16:58:30.141;SP;AS91-AS1-20180125165827
2018-01-25 16:58:31.655;SQ;AS91-AS1-20180125165831
2018-01-25 16:58:32.116;RC;AS91-AS1-20180125165827
2018-01-25 16:58:32.873;SS;AS91-AS1-20180125165827
2018-01-25 16:58:47.111;RO;AS91-AS1-20180125165831
2018-01-25 16:58:47.986;SP;AS91-AS1-20180125165831
2018-01-25 16:58:49.560;SQ;AS91-AS1-20180125165849
2018-01-25 16:58:58.060;RU;AS91-AS1-20180125165827
2018-01-25 16:59:05.779;RC;AS91-AS1-20180125165831
2018-01-25 16:59:06.723;SS;AS91-AS1-20180125165831
2018-01-25 16:59:31.546;RO;AS91-AS1-20180125165849
2018-01-25 16:59:32.714;SP;AS91-AS1-20180125165849
2018-01-25 16:59:36.314;SQ;AS91-AS1-20180125165936
2018-01-25 16:59:39.706;VU;AS91-AS1-20180125165827
2018-01-25 16:59:59.278;RC;AS91-AS1-20180125165849
2018-01-25 17:00:00.101;SS;AS91-AS1-20180125165849
2018-01-25 17:00:05.259;RU;AS91-AS1-20180125165831
2018-01-25 17:00:07.091;VU;AS91-AS1-20180125165831
2018-01-25 17:01:13.319;RU;AS91-AS1-20180125165849
2018-01-25 17:01:14.352;RO;AS91-AS1-20180125165936
2018-01-25 17:01:15.118;VU;AS91-AS1-20180125165849
2018-01-25 17:01:15.189;SP;AS91-AS1-20180125165936
2018-01-25 17:01:16.710;SQ;AS91-AS1-20180125170116
2018-01-25 17:02:03.865;RC;AS91-AS1-20180125165936
2018-01-25 17:02:04.671;SS;AS91-AS1-20180125165936
2018-01-25 17:02:33.680;RO;AS91-AS1-20180125170116
2018-01-25 17:02:34.579;SP;AS91-AS1-20180125170116
2018-01-25 17:02:36.147;SQ;AS91-AS1-20180125170236
2018-01-25 17:03:14.668;RC;AS91-AS1-20180125170116
2018-01-25 17:03:15.426;SS;AS91-AS1-20180125170116
2018-01-25 17:03:15.725;RU;AS91-AS1-20180125165936
2018-01-25 17:03:17.505;VU;AS91-AS1-20180125165936
2018-01-25 17:03:46.847;RO;AS91-AS1-20180125170236
2018-01-25 17:03:47.991;SP;AS91-AS1-20180125170236
2018-01-25 17:03:49.574;SQ;AS91-AS1-20180125170349
2018-01-25 17:04:14.986;RC;AS91-AS1-20180125170236
2018-01-25 17:04:15.753;SS;AS91-AS1-20180125170236
2018-01-25 17:04:27.603;RU;AS91-AS1-20180125170116
2018-01-25 17:04:49.282;VU;AS91-AS1-20180125170116
2018-01-25 17:05:31.893;RO;AS91-AS1-20180125170349
2018-01-25 17:05:32.955;SP;AS91-AS1-20180125170349
2018-01-25 17:05:34.497;SQ;AS91-AS1-20180125170534
2018-01-25 17:05:53.385;RU;AS91-AS1-20180125170236
2018-01-25 17:05:55.178;VU;AS91-AS1-20180125170236
2018-01-25 17:06:16.658;RC;AS91-AS1-20180125170349
2018-01-25 17:06:17.423;SS;AS91-AS1-20180125170349
2018-01-25 17:06:47.749;RO;AS91-AS1-20180125170534
2018-01-25 17:06:49.552;SP;AS91-AS1-20180125170534
2018-01-25 17:06:51.087;SQ;AS91-AS1-20180125170651
2018-01-25 17:07:22.659;RU;AS91-AS1-20180125170349
2018-01-25 17:07:25.024;RC;AS91-AS1-20180125170534
2018-01-25 17:07:25.990;SS;AS91-AS1-20180125170534
2018-01-25 17:07:54.187;VU;AS91-AS1-20180125170349
2018-01-25 17:07:57.349;RO;AS91-AS1-20180125170651
2018-01-25 17:07:58.467;SP;AS91-AS1-20180125170651
2018-01-25 17:08:00.103;SQ;AS91-AS1-20180125170800
2018-01-25 17:08:19.774;RC;AS91-AS1-20180125170651
2018-01-25 17:08:20.558;SS;AS91-AS1-20180125170651
2018-01-25 17:08:57.732;RU;AS91-AS1-20180125170534
2018-01-25 17:08:59.514;VU;AS91-AS1-20180125170534
2018-01-25 17:09:17.779;RO;AS91-AS1-20180125170800
2018-01-25 17:09:18.967;SP;AS91-AS1-20180125170800
2018-01-25 17:09:20.481;SQ;AS91-AS1-20180125170920
2018-01-25 17:09:38.169;RU;AS91-AS1-20180125170651
2018-01-25 17:09:56.203;RC;AS91-AS1-20180125170800
2018-01-25 17:09:58.925;SS;AS91-AS1-20180125170800
2018-01-25 17:10:00.150;VU;AS91-AS1-20180125170651
2018-01-25 17:10:40.362;RO;AS91-AS1-20180125170920
2018-01-25 17:10:41.379;SP;AS91-AS1-20180125170920
2018-01-25 17:10:42.881;SQ;AS91-AS1-20180125171042
2018-01-25 17:11:02.971;RU;AS91-AS1-20180125170800
2018-01-25 17:11:04.761;VU;AS91-AS1-20180125170800
2018-01-25 17:11:17.659;RC;AS91-AS1-20180125170920
2018-01-25 17:11:18.400;SS;AS91-AS1-20180125170920
2018-01-25 17:11:48.685;RO;AS91-AS1-20180125171042
2018-01-25 17:11:49.724;SP;AS91-AS1-20180125171042
2018-01-25 17:11:51.236;SQ;AS91-AS1-20180125171151
2018-01-25 17:12:35.314;RC;AS91-AS1-20180125171042
2018-01-25 17:12:35.973;RU;AS91-AS1-20180125170920
2018-01-25 17:12:36.194;SS;AS91-AS1-20180125171042
2018-01-25 17:12:37.874;VU;AS91-AS1-20180125170920
2018-01-25 17:13:06.185;RO;AS91-AS1-20180125171151
2018-01-25 17:13:07.066;SP;AS91-AS1-20180125171151
2018-01-25 17:13:08.584;SQ;AS91-AS1-20180125171308
2018-01-25 17:13:46.179;RU;AS91-AS1-20180125171042
2018-01-25 17:14:08.500;VU;AS91-AS1-20180125171042
2018-01-25 17:14:12.753;RC;AS91-AS1-20180125171151
2018-01-25 17:14:13.565;SS;AS91-AS1-20180125171151
2018-01-25 17:14:25.163;RO;AS91-AS1-20180125171308
2018-01-25 17:14:25.946;SP;AS91-AS1-20180125171308
2018-01-25 17:14:27.462;SQ;AS91-AS1-20180125171427
2018-01-25 17:15:03.122;RC;AS91-AS1-20180125171308
2018-01-25 17:15:03.901;SS;AS91-AS1-20180125171308
2018-01-25 17:15:43.363;RU;AS91-AS1-20180125171151
2018-01-25 17:15:43.950;RO;AS91-AS1-20180125171427
2018-01-25 17:15:44.970;SP;AS91-AS1-20180125171427
2018-01-25 17:15:45.284;VU;AS91-AS1-20180125171151
2018-01-25 17:15:46.539;SQ;AS91-AS1-20180125171546
2018-01-25 17:16:18.850;RC;AS91-AS1-20180125171427
2018-01-25 17:16:19.603;SS;AS91-AS1-20180125171427
2018-01-25 17:16:22.205;RU;AS91-AS1-20180125171308
2018-01-25 17:16:23.996;VU;AS91-AS1-20180125171308
