2018-01-25 16:58:30.073;SQ;AS92-AS1-20180125165830
2018-01-25 16:58:36.193;RO;AS92-AS1-20180125165830
2018-01-25 16:58:37.408;SP;AS92-AS1-20180125165830
2018-01-25 16:58:39.110;SQ;AS92-AS1-20180125165839
2018-01-25 16:58:50.262;RC;AS92-AS1-20180125165830
2018-01-25 16:58:51.100;SS;AS92-AS1-20180125165830
2018-01-25 16:59:09.711;RO;AS92-AS1-20180125165839
2018-01-25 16:59:10.999;SP;AS92-AS1-20180125165839
2018-01-25 16:59:12.689;SQ;AS92-AS1-20180125165912
2018-01-25 16:59:38.419;RC;AS92-AS1-20180125165839
2018-01-25 16:59:39.249;SS;AS92-AS1-20180125165839
2018-01-25 16:59:43.354;RU;AS92-AS1-20180125165830
2018-01-25 16:59:45.211;VU;AS92-AS1-20180125165830
2018-01-25 17:00:16.235;RO;AS92-AS1-20180125165912
2018-01-25 17:00:17.123;SP;AS92-AS1-20180125165912
2018-01-25 17:00:18.789;SQ;AS92-AS1-20180125170018
2018-01-25 17:00:49.307;RU;AS92-AS1-20180125165839
2018-01-25 17:00:51.145;VU;AS92-AS1-20180125165839
2018-01-25 17:00:54.904;RC;AS92-AS1-20180125165912
2018-01-25 17:00:55.761;SS;AS92-AS1-20180125165912
2018-01-25 17:01:49.321;RO;AS92-AS1-20180125170018
2018-01-25 17:01:50.245;SP;AS92-AS1-20180125170018
2018-01-25 17:01:51.907;SQ;AS92-AS1-20180125170151
2018-01-25 17:02:04.027;RU;AS92-AS1-20180125165912
2018-01-25 17:02:05.873;VU;AS92-AS1-20180125165912
2018-01-25 17:02:21.603;RC;AS92-AS1-20180125170018
2018-01-25 17:02:22.435;SS;AS92-AS1-20180125170018
2018-01-25 17:03:32.772;RO;AS92-AS1-20180125170151
2018-01-25 17:03:33.855;SP;AS92-AS1-20180125170151
2018-01-25 17:03:35.534;SQ;AS92-AS1-20180125170335
2018-01-25 17:03:46.193;RU;AS92-AS1-20180125170018
2018-01-25 17:03:48.050;VU;AS92-AS1-20180125170018
2018-01-25 17:04:11.668;RC;AS92-AS1-20180125170151
2018-01-25 17:04:12.518;SS;AS92-AS1-20180125170151
2018-01-25 17:04:47.947;RO;AS92-AS1-20180125170335
2018-01-25 17:04:48.961;SP;AS92-AS1-20180125170335
2018-01-25 17:04:50.635;SQ;AS92-AS1-20180125170450
2018-01-25 17:05:22.540;RC;AS92-AS1-20180125170335
2018-01-25 17:05:23.369;SS;AS92-AS1-20180125170335
2018-01-25 17:05:34.754;RU;AS92-AS1-20180125170151
2018-01-25 17:05:52.853;VU;AS92-AS1-20180125170151
2018-01-25 17:06:17.389;RO;AS92-AS1-20180125170450
2018-01-25 17:06:18.596;SP;AS92-AS1-20180125170450
2018-01-25 17:06:20.277;SQ;AS92-AS1-20180125170620
2018-01-25 17:06:46.539;RU;AS92-AS1-20180125170335
2018-01-25 17:06:50.770;RC;AS92-AS1-20180125170450
2018-01-25 17:06:51.832;SS;AS92-AS1-20180125170450
2018-01-25 17:06:52.186;VU;AS92-AS1-20180125170335
2018-01-25 17:07:39.662;RO;AS92-AS1-20180125170620
2018-01-25 17:07:40.715;SP;AS92-AS1-20180125170620
2018-01-25 17:07:42.391;SQ;AS92-AS1-20180125170742
2018-01-25 17:08:17.996;RU;AS92-AS1-20180125170450
2018-01-25 17:08:19.615;RC;AS92-AS1-20180125170620
2018-01-25 17:08:19.848;VU;AS92-AS1-20180125170450
2018-01-25 17:08:20.484;SS;AS92-AS1-20180125170620
2018-01-25 17:08:50.886;RO;AS92-AS1-20180125170742
2018-01-25 17:08:52.349;SP;AS92-AS1-20180125170742
2018-01-25 17:08:54.016;SQ;AS92-AS1-20180125170854
2018-01-25 17:09:26.034;RC;AS92-AS1-20180125170742
2018-01-25 17:09:26.877;SS;AS92-AS1-20180125170742
2018-01-25 17:09:28.740;RU;AS92-AS1-20180125170620
2018-01-25 17:09:59.931;VU;AS92-AS1-20180125170620
2018-01-25 17:10:06.723;RO;AS92-AS1-20180125170854
2018-01-25 17:10:07.944;SP;AS92-AS1-20180125170854
2018-01-25 17:10:09.601;SQ;AS92-AS1-20180125171009
2018-01-25 17:10:41.245;RU;AS92-AS1-20180125170742
2018-01-25 17:10:47.120;RC;AS92-AS1-20180125170854
2018-01-25 17:10:48.473;SS;AS92-AS1-20180125170854
2018-01-25 17:10:59.413;VU;AS92-AS1-20180125170742
2018-01-25 17:11:24.409;RO;AS92-AS1-20180125171009
2018-01-25 17:11:25.525;SP;AS92-AS1-20180125171009
2018-01-25 17:11:27.196;SQ;AS92-AS1-20180125171127
2018-01-25 17:12:02.080;RU;AS92-AS1-20180125170854
2018-01-25 17:12:04.764;VU;AS92-AS1-20180125170854
2018-01-25 17:12:11.340;RC;AS92-AS1-20180125171009
2018-01-25 17:12:12.186;SS;AS92-AS1-20180125171009
2018-01-25 17:13:28.648;RO;AS92-AS1-20180125171127
2018-01-25 17:13:29.681;SP;AS92-AS1-20180125171127
2018-01-25 17:13:31.384;SQ;AS92-AS1-20180125171331
2018-01-25 17:13:32.063;RU;AS92-AS1-20180125171009
2018-01-25 17:13:33.918;VU;AS92-AS1-20180125171009
2018-01-25 17:14:04.079;RC;AS92-AS1-20180125171127
2018-01-25 17:14:05.934;SS;AS92-AS1-20180125171127
2018-01-25 17:15:18.480;RO;AS92-AS1-20180125171331
2018-01-25 17:15:18.731;RU;AS92-AS1-20180125171127
2018-01-25 17:15:19.856;SP;AS92-AS1-20180125171331
2018-01-25 17:15:21.439;VU;AS92-AS1-20180125171127
2018-01-25 17:15:21.861;SQ;AS92-AS1-20180125171521
2018-01-25 17:15:43.841;RC;AS92-AS1-20180125171331
2018-01-25 17:15:44.692;SS;AS92-AS1-20180125171331
2018-01-25 17:16:16.117;RO;AS92-AS1-20180125171521
2018-01-25 17:16:17.238;SP;AS92-AS1-20180125171521
2018-01-25 17:16:18.946;SQ;AS92-AS1-20180125171618
2018-01-25 17:16:53.885;RC;AS92-AS1-20180125171521
2018-01-25 17:16:54.705;SS;AS92-AS1-20180125171521
