2018-01-27 15:55:58.197;SQ;AS11-AS1-20180127155558
2018-01-27 15:56:15.623;RO;AS11-AS1-20180127155558
2018-01-27 15:56:16.528;SP;AS11-AS1-20180127155558
2018-01-27 15:56:18.125;SQ;AS11-AS1-20180127155618
2018-01-27 15:56:31.945;RC;AS11-AS1-20180127155558
2018-01-27 15:56:32.753;SS;AS11-AS1-20180127155558
2018-01-27 15:56:55.392;RO;AS11-AS1-20180127155618
2018-01-27 15:56:56.443;SP;AS11-AS1-20180127155618
2018-01-27 15:56:58.017;SQ;AS11-AS1-20180127155658
2018-01-27 15:57:23.731;RC;AS11-AS1-20180127155618
2018-01-27 15:57:24.516;SS;AS11-AS1-20180127155618
2018-01-27 15:57:26.789;RU;AS11-AS1-20180127155558
2018-01-27 15:57:28.603;VU;AS11-AS1-20180127155558
2018-01-27 15:57:49.619;RO;AS11-AS1-20180127155658
2018-01-27 15:57:50.871;SP;AS11-AS1-20180127155658
2018-01-27 15:57:52.483;SQ;AS11-AS1-20180127155752
2018-01-27 15:58:17.597;RC;AS11-AS1-20180127155658
2018-01-27 15:58:18.386;SS;AS11-AS1-20180127155658
2018-01-27 15:58:27.949;RU;AS11-AS1-20180127155618
2018-01-27 15:58:29.732;VU;AS11-AS1-20180127155618
2018-01-27 15:59:13.630;RO;AS11-AS1-20180127155752
2018-01-27 15:59:14.863;SP;AS11-AS1-20180127155752
2018-01-27 15:59:16.460;SQ;AS11-AS1-20180127155916
2018-01-27 15:59:21.080;RU;AS11-AS1-20180127155658
2018-01-27 15:59:22.879;VU;AS11-AS1-20180127155658
2018-01-27 15:59:48.617;RC;AS11-AS1-20180127155752
2018-01-27 15:59:49.406;SS;AS11-AS1-20180127155752
2018-01-27 16:00:20.653;RO;AS11-AS1-20180127155916
2018-01-27 16:00:22.795;SP;AS11-AS1-20180127155916
2018-01-27 16:00:24.811;SQ;AS11-AS1-20180127160024
2018-01-27 16:00:45.633;RC;AS11-AS1-20180127155916
2018-01-27 16:00:45.655;RU;AS11-AS1-20180127155752
2018-01-27 16:00:47.258;SS;AS11-AS1-20180127155916
2018-01-27 16:00:48.257;VU;AS11-AS1-20180127155752
2018-01-27 16:01:32.905;RO;AS11-AS1-20180127160024
2018-01-27 16:01:34.166;SP;AS11-AS1-20180127160024
2018-01-27 16:01:35.788;SQ;AS11-AS1-20180127160135
2018-01-27 16:01:48.293;RU;AS11-AS1-20180127155916
2018-01-27 16:01:53.778;RC;AS11-AS1-20180127160024
2018-01-27 16:01:56.224;SS;AS11-AS1-20180127160024
2018-01-27 16:02:35.872;RO;AS11-AS1-20180127160135
2018-01-27 16:02:37.795;SP;AS11-AS1-20180127160135
2018-01-27 16:02:41.438;SQ;AS11-AS1-20180127160241
2018-01-27 16:03:06.708;RC;AS11-AS1-20180127160135
2018-01-27 16:03:08.205;SS;AS11-AS1-20180127160135
2018-01-27 16:03:27.146;RU;AS11-AS1-20180127160024
2018-01-27 16:03:30.183;VU;AS11-AS1-20180127160024
2018-01-27 16:03:36.523;RO;AS11-AS1-20180127160241
2018-01-27 16:03:37.920;SP;AS11-AS1-20180127160241
2018-01-27 16:03:40.300;SQ;AS11-AS1-20180127160340
2018-01-27 16:04:13.452;RC;AS11-AS1-20180127160241
2018-01-27 16:04:14.126;RU;AS11-AS1-20180127160135
2018-01-27 16:04:14.655;SS;AS11-AS1-20180127160241
2018-01-27 16:04:16.881;VU;AS11-AS1-20180127160135
2018-01-27 16:04:31.873;RO;AS11-AS1-20180127160340
2018-01-27 16:04:33.172;SP;AS11-AS1-20180127160340
2018-01-27 16:04:35.367;SQ;AS11-AS1-20180127160435
2018-01-27 16:05:05.249;RC;AS11-AS1-20180127160340
2018-01-27 16:05:06.370;SS;AS11-AS1-20180127160340
2018-01-27 16:05:25.729;RU;AS11-AS1-20180127160241
2018-01-27 16:05:27.796;VU;AS11-AS1-20180127160241
2018-01-27 16:05:40.683;RO;AS11-AS1-20180127160435
2018-01-27 16:05:41.795;SP;AS11-AS1-20180127160435
2018-01-27 16:05:44.172;SQ;AS11-AS1-20180127160544
2018-01-27 16:06:10.241;RC;AS11-AS1-20180127160435
2018-01-27 16:06:11.059;SS;AS11-AS1-20180127160435
2018-01-27 16:06:12.397;RU;AS11-AS1-20180127160340
2018-01-27 16:06:14.283;VU;AS11-AS1-20180127160340
2018-01-27 16:06:40.353;RO;AS11-AS1-20180127160544
2018-01-27 16:06:41.728;SP;AS11-AS1-20180127160544
2018-01-27 16:06:44.165;SQ;AS11-AS1-20180127160644
2018-01-27 16:07:13.661;RC;AS11-AS1-20180127160544
2018-01-27 16:07:15.016;RU;AS11-AS1-20180127160435
2018-01-27 16:07:15.351;SS;AS11-AS1-20180127160544
2018-01-27 16:07:17.011;VU;AS11-AS1-20180127160435
2018-01-27 16:07:42.972;RO;AS11-AS1-20180127160644
2018-01-27 16:07:44.182;SP;AS11-AS1-20180127160644
2018-01-27 16:07:46.584;SQ;AS11-AS1-20180127160746
2018-01-27 16:08:15.662;RC;AS11-AS1-20180127160644
2018-01-27 16:08:16.956;SS;AS11-AS1-20180127160644
2018-01-27 16:08:17.263;RU;AS11-AS1-20180127160544
2018-01-27 16:08:20.451;VU;AS11-AS1-20180127160544
2018-01-27 16:08:45.607;RO;AS11-AS1-20180127160746
2018-01-27 16:08:46.880;SP;AS11-AS1-20180127160746
2018-01-27 16:08:50.034;SQ;AS11-AS1-20180127160850
2018-01-27 16:09:14.541;RC;AS11-AS1-20180127160746
2018-01-27 16:09:15.622;SS;AS11-AS1-20180127160746
2018-01-27 16:09:24.379;RU;AS11-AS1-20180127160644
2018-01-27 16:09:26.255;VU;AS11-AS1-20180127160644
2018-01-27 16:09:45.428;RO;AS11-AS1-20180127160850
2018-01-27 16:09:46.774;SP;AS11-AS1-20180127160850
2018-01-27 16:09:49.061;SQ;AS11-AS1-20180127160949
2018-01-27 16:10:15.074;RU;AS11-AS1-20180127160746
2018-01-27 16:10:17.460;VU;AS11-AS1-20180127160746
2018-01-27 16:10:17.637;RC;AS11-AS1-20180127160850
2018-01-27 16:10:19.229;SS;AS11-AS1-20180127160850
2018-01-27 16:10:49.688;RO;AS11-AS1-20180127160949
2018-01-27 16:10:52.594;SP;AS11-AS1-20180127160949
2018-01-27 16:10:54.816;SQ;AS11-AS1-20180127161054
2018-01-27 16:11:27.839;RC;AS11-AS1-20180127160949
2018-01-27 16:11:28.084;RU;AS11-AS1-20180127160850
2018-01-27 16:11:29.294;SS;AS11-AS1-20180127160949
2018-01-27 16:11:30.900;VU;AS11-AS1-20180127160850
2018-01-27 16:11:48.557;RO;AS11-AS1-20180127161054
2018-01-27 16:11:49.960;SP;AS11-AS1-20180127161054
2018-01-27 16:11:53.400;SQ;AS11-AS1-20180127161153
2018-01-27 16:12:17.088;RC;AS11-AS1-20180127161054
2018-01-27 16:12:17.963;SS;AS11-AS1-20180127161054
2018-01-27 16:12:31.509;RU;AS11-AS1-20180127160949
2018-01-27 16:12:33.595;VU;AS11-AS1-20180127160949
2018-01-27 16:12:54.676;RO;AS11-AS1-20180127161153
2018-01-27 16:12:56.332;SP;AS11-AS1-20180127161153
2018-01-27 16:12:58.766;SQ;AS11-AS1-20180127161258
2018-01-27 16:13:20.491;RU;AS11-AS1-20180127161054
2018-01-27 16:13:22.682;VU;AS11-AS1-20180127161054
2018-01-27 16:13:25.300;RC;AS11-AS1-20180127161153
2018-01-27 16:13:26.911;SS;AS11-AS1-20180127161153
2018-01-27 16:13:52.785;RO;AS11-AS1-20180127161258
2018-01-27 16:13:54.359;SP;AS11-AS1-20180127161258
2018-01-27 16:13:58.355;SQ;AS11-AS1-20180127161358
2018-01-27 16:14:27.407;RU;AS11-AS1-20180127161153
2018-01-27 16:14:27.646;RC;AS11-AS1-20180127161258
2018-01-27 16:14:30.366;SS;AS11-AS1-20180127161258
2018-01-27 16:14:31.071;VU;AS11-AS1-20180127161153
2018-01-27 16:15:03.133;RO;AS11-AS1-20180127161358
2018-01-27 16:15:04.266;SP;AS11-AS1-20180127161358
2018-01-27 16:15:06.715;SQ;AS11-AS1-20180127161506
2018-01-27 16:15:35.675;RC;AS11-AS1-20180127161358
2018-01-27 16:15:36.891;SS;AS11-AS1-20180127161358
2018-01-27 16:15:39.688;RU;AS11-AS1-20180127161258
2018-01-27 16:15:41.827;VU;AS11-AS1-20180127161258
2018-01-27 16:16:09.463;RO;AS11-AS1-20180127161506
2018-01-27 16:16:10.582;SP;AS11-AS1-20180127161506
2018-01-27 16:16:13.411;SQ;AS11-AS1-20180127161613
2018-01-27 16:16:39.125;RC;AS11-AS1-20180127161506
2018-01-27 16:16:39.978;SS;AS11-AS1-20180127161506
2018-01-27 16:16:41.046;RU;AS11-AS1-20180127161358
2018-01-27 16:16:42.880;VU;AS11-AS1-20180127161358
2018-01-27 16:17:13.097;RO;AS11-AS1-20180127161613
2018-01-27 16:17:14.666;SP;AS11-AS1-20180127161613
2018-01-27 16:17:16.891;SQ;AS11-AS1-20180127161716
2018-01-27 16:17:45.106;RC;AS11-AS1-20180127161613
2018-01-27 16:17:46.720;SS;AS11-AS1-20180127161613
2018-01-27 16:17:46.760;RU;AS11-AS1-20180127161506
2018-01-27 16:17:48.574;VU;AS11-AS1-20180127161506
2018-01-27 16:18:15.845;RO;AS11-AS1-20180127161716
2018-01-27 16:18:17.006;SP;AS11-AS1-20180127161716
2018-01-27 16:18:19.318;SQ;AS11-AS1-20180127161819
2018-01-27 16:18:45.293;RC;AS11-AS1-20180127161716
2018-01-27 16:18:46.458;SS;AS11-AS1-20180127161716
2018-01-27 16:18:46.615;RU;AS11-AS1-20180127161613
2018-01-27 16:18:48.669;VU;AS11-AS1-20180127161613
2018-01-27 16:19:22.604;RO;AS11-AS1-20180127161819
2018-01-27 16:19:24.007;SP;AS11-AS1-20180127161819
2018-01-27 16:19:27.705;SQ;AS11-AS1-20180127161927
2018-01-27 16:19:48.452;RU;AS11-AS1-20180127161716
2018-01-27 16:19:50.878;VU;AS11-AS1-20180127161716
2018-01-27 16:19:53.131;RC;AS11-AS1-20180127161819
2018-01-27 16:19:53.944;SS;AS11-AS1-20180127161819
2018-01-27 16:20:19.296;RO;AS11-AS1-20180127161927
2018-01-27 16:20:20.544;SP;AS11-AS1-20180127161927
2018-01-27 16:20:22.898;SQ;AS11-AS1-20180127162022
2018-01-27 16:20:51.238;RC;AS11-AS1-20180127161927
2018-01-27 16:20:52.181;SS;AS11-AS1-20180127161927
2018-01-27 16:20:54.395;RU;AS11-AS1-20180127161819
2018-01-27 16:20:56.362;VU;AS11-AS1-20180127161819
2018-01-27 16:21:23.587;RO;AS11-AS1-20180127162022
2018-01-27 16:21:25.369;SP;AS11-AS1-20180127162022
2018-01-27 16:21:27.566;SQ;AS11-AS1-20180127162127
2018-01-27 16:21:44.901;RU;AS11-AS1-20180127161927
2018-01-27 16:21:47.842;VU;AS11-AS1-20180127161927
2018-01-27 16:21:54.765;RC;AS11-AS1-20180127162022
2018-01-27 16:21:56.343;SS;AS11-AS1-20180127162022
2018-01-27 16:22:18.352;RO;AS11-AS1-20180127162127
2018-01-27 16:22:19.926;SP;AS11-AS1-20180127162127
2018-01-27 16:22:22.102;SQ;AS11-AS1-20180127162222
2018-01-27 16:22:53.038;RU;AS11-AS1-20180127162022
2018-01-27 16:22:55.060;VU;AS11-AS1-20180127162022
2018-01-27 16:23:17.193;RC;AS11-AS1-20180127162127
2018-01-27 16:23:18.314;SS;AS11-AS1-20180127162127
2018-01-27 16:23:19.501;RO;AS11-AS1-20180127162222
2018-01-27 16:23:21.659;SP;AS11-AS1-20180127162222
2018-01-27 16:23:23.954;SQ;AS11-AS1-20180127162323
2018-01-27 16:23:52.349;RC;AS11-AS1-20180127162222
2018-01-27 16:23:53.863;SS;AS11-AS1-20180127162222
2018-01-27 16:24:06.378;RO;AS11-AS1-20180127162323
2018-01-27 16:24:08.256;SP;AS11-AS1-20180127162323
2018-01-27 16:24:10.686;SQ;AS11-AS1-20180127162410
2018-01-27 16:24:14.233;RU;AS11-AS1-20180127162127
2018-01-27 16:24:16.033;VU;AS11-AS1-20180127162127
2018-01-27 16:24:37.670;RC;AS11-AS1-20180127162323
2018-01-27 16:24:39.163;SS;AS11-AS1-20180127162323
2018-01-27 16:25:02.239;RU;AS11-AS1-20180127162222
2018-01-27 16:25:04.636;VU;AS11-AS1-20180127162222
2018-01-27 16:25:14.068;RO;AS11-AS1-20180127162410
2018-01-27 16:25:15.346;SP;AS11-AS1-20180127162410
2018-01-27 16:25:17.663;SQ;AS11-AS1-20180127162517
2018-01-27 16:25:40.685;RU;AS11-AS1-20180127162323
2018-01-27 16:25:43.023;VU;AS11-AS1-20180127162323
2018-01-27 16:25:46.633;RC;AS11-AS1-20180127162410
2018-01-27 16:25:47.884;SS;AS11-AS1-20180127162410
2018-01-27 16:26:08.745;RO;AS11-AS1-20180127162517
2018-01-27 16:26:11.563;SP;AS11-AS1-20180127162517
2018-01-27 16:26:38.185;RC;AS11-AS1-20180127162517
2018-01-27 16:26:38.973;SS;AS11-AS1-20180127162517
2018-01-27 16:27:10.540;RU;AS11-AS1-20180127162410
2018-01-27 16:27:12.362;VU;AS11-AS1-20180127162410
2018-01-27 16:27:29.154;RU;AS11-AS1-20180127162517
2018-01-27 16:27:32.492;VU;AS11-AS1-20180127162517
