2018-01-27 15:56:02.605;SQ;AS117-AS1-20180127155602
2018-01-27 15:56:29.220;RO;AS117-AS1-20180127155602
2018-01-27 15:56:30.497;SP;AS117-AS1-20180127155602
2018-01-27 15:56:32.186;SQ;AS117-AS1-20180127155632
2018-01-27 15:56:51.348;RC;AS117-AS1-20180127155602
2018-01-27 15:56:52.203;SS;AS117-AS1-20180127155602
2018-01-27 15:57:23.665;RO;AS117-AS1-20180127155632
2018-01-27 15:57:24.574;SP;AS117-AS1-20180127155632
2018-01-27 15:57:26.237;SQ;AS117-AS1-20180127155726
2018-01-27 15:57:55.422;RC;AS117-AS1-20180127155632
2018-01-27 15:57:56.262;SS;AS117-AS1-20180127155632
2018-01-27 15:57:57.411;RU;AS117-AS1-20180127155602
2018-01-27 15:57:59.247;VU;AS117-AS1-20180127155602
2018-01-27 15:58:24.257;RO;AS117-AS1-20180127155726
2018-01-27 15:58:25.186;SP;AS117-AS1-20180127155726
2018-01-27 15:58:26.921;SQ;AS117-AS1-20180127155826
2018-01-27 15:58:50.952;RC;AS117-AS1-20180127155726
2018-01-27 15:58:51.781;SS;AS117-AS1-20180127155726
2018-01-27 15:58:58.785;RU;AS117-AS1-20180127155632
2018-01-27 15:59:00.652;VU;AS117-AS1-20180127155632
2018-01-27 15:59:29.597;RO;AS117-AS1-20180127155826
2018-01-27 15:59:30.840;SP;AS117-AS1-20180127155826
2018-01-27 15:59:32.533;SQ;AS117-AS1-20180127155932
2018-01-27 15:59:56.895;RU;AS117-AS1-20180127155726
2018-01-27 15:59:58.750;VU;AS117-AS1-20180127155726
2018-01-27 16:00:00.623;RC;AS117-AS1-20180127155826
2018-01-27 16:00:01.485;SS;AS117-AS1-20180127155826
2018-01-27 16:00:33.129;RO;AS117-AS1-20180127155932
2018-01-27 16:00:34.461;SP;AS117-AS1-20180127155932
2018-01-27 16:00:36.340;SQ;AS117-AS1-20180127160036
2018-01-27 16:01:03.312;RU;AS117-AS1-20180127155826
2018-01-27 16:01:05.140;VU;AS117-AS1-20180127155826
2018-01-27 16:01:07.027;RC;AS117-AS1-20180127155932
2018-01-27 16:01:08.749;SS;AS117-AS1-20180127155932
2018-01-27 16:01:33.204;RO;AS117-AS1-20180127160036
2018-01-27 16:01:34.234;SP;AS117-AS1-20180127160036
2018-01-27 16:01:35.890;SQ;AS117-AS1-20180127160135
2018-01-27 16:02:07.895;RC;AS117-AS1-20180127160036
2018-01-27 16:02:09.055;SS;AS117-AS1-20180127160036
2018-01-27 16:02:20.150;RU;AS117-AS1-20180127155932
2018-01-27 16:02:21.968;VU;AS117-AS1-20180127155932
2018-01-27 16:02:39.465;RO;AS117-AS1-20180127160135
2018-01-27 16:02:40.783;SP;AS117-AS1-20180127160135
2018-01-27 16:02:42.435;SQ;AS117-AS1-20180127160242
2018-01-27 16:03:08.434;RU;AS117-AS1-20180127160036
2018-01-27 16:03:10.252;VU;AS117-AS1-20180127160036
2018-01-27 16:03:12.299;RC;AS117-AS1-20180127160135
2018-01-27 16:03:13.141;SS;AS117-AS1-20180127160135
2018-01-27 16:03:36.732;RO;AS117-AS1-20180127160242
2018-01-27 16:03:37.812;SP;AS117-AS1-20180127160242
2018-01-27 16:03:39.469;SQ;AS117-AS1-20180127160339
2018-01-27 16:04:14.255;RC;AS117-AS1-20180127160242
2018-01-27 16:04:15.079;SS;AS117-AS1-20180127160242
2018-01-27 16:04:19.869;RU;AS117-AS1-20180127160135
2018-01-27 16:04:21.720;VU;AS117-AS1-20180127160135
2018-01-27 16:04:27.756;RO;AS117-AS1-20180127160339
2018-01-27 16:04:29.789;SP;AS117-AS1-20180127160339
2018-01-27 16:04:32.054;SQ;AS117-AS1-20180127160432
2018-01-27 16:04:59.987;RC;AS117-AS1-20180127160339
2018-01-27 16:05:00.828;SS;AS117-AS1-20180127160339
2018-01-27 16:05:15.504;RU;AS117-AS1-20180127160242
2018-01-27 16:05:17.341;VU;AS117-AS1-20180127160242
2018-01-27 16:05:35.446;RO;AS117-AS1-20180127160432
2018-01-27 16:05:36.473;SP;AS117-AS1-20180127160432
2018-01-27 16:05:38.111;SQ;AS117-AS1-20180127160538
2018-01-27 16:05:54.567;RU;AS117-AS1-20180127160339
2018-01-27 16:05:56.411;VU;AS117-AS1-20180127160339
2018-01-27 16:06:04.071;RC;AS117-AS1-20180127160432
2018-01-27 16:06:04.910;SS;AS117-AS1-20180127160432
2018-01-27 16:06:38.163;RO;AS117-AS1-20180127160538
2018-01-27 16:06:39.025;SP;AS117-AS1-20180127160538
2018-01-27 16:06:40.711;SQ;AS117-AS1-20180127160640
2018-01-27 16:07:09.134;RU;AS117-AS1-20180127160432
2018-01-27 16:07:10.255;RC;AS117-AS1-20180127160538
2018-01-27 16:07:10.977;VU;AS117-AS1-20180127160432
2018-01-27 16:07:11.108;SS;AS117-AS1-20180127160538
2018-01-27 16:07:49.085;RO;AS117-AS1-20180127160640
2018-01-27 16:07:50.125;SP;AS117-AS1-20180127160640
2018-01-27 16:07:51.804;SQ;AS117-AS1-20180127160751
2018-01-27 16:08:15.005;RU;AS117-AS1-20180127160538
2018-01-27 16:08:16.860;VU;AS117-AS1-20180127160538
2018-01-27 16:08:19.037;RC;AS117-AS1-20180127160640
2018-01-27 16:08:19.888;SS;AS117-AS1-20180127160640
2018-01-27 16:08:58.468;RO;AS117-AS1-20180127160751
2018-01-27 16:08:59.708;SP;AS117-AS1-20180127160751
2018-01-27 16:09:01.385;SQ;AS117-AS1-20180127160901
2018-01-27 16:09:23.134;RU;AS117-AS1-20180127160640
2018-01-27 16:09:24.997;VU;AS117-AS1-20180127160640
2018-01-27 16:09:30.547;RC;AS117-AS1-20180127160751
2018-01-27 16:09:31.373;SS;AS117-AS1-20180127160751
2018-01-27 16:09:59.205;RO;AS117-AS1-20180127160901
2018-01-27 16:10:00.282;SP;AS117-AS1-20180127160901
2018-01-27 16:10:01.973;SQ;AS117-AS1-20180127161001
2018-01-27 16:10:25.303;RC;AS117-AS1-20180127160901
2018-01-27 16:10:26.147;SS;AS117-AS1-20180127160901
2018-01-27 16:10:33.798;RU;AS117-AS1-20180127160751
2018-01-27 16:10:35.613;VU;AS117-AS1-20180127160751
2018-01-27 16:11:02.069;RO;AS117-AS1-20180127161001
2018-01-27 16:11:03.391;SP;AS117-AS1-20180127161001
2018-01-27 16:11:05.064;SQ;AS117-AS1-20180127161105
2018-01-27 16:11:22.585;RU;AS117-AS1-20180127160901
2018-01-27 16:11:24.454;VU;AS117-AS1-20180127160901
2018-01-27 16:11:33.520;RC;AS117-AS1-20180127161001
2018-01-27 16:11:34.337;SS;AS117-AS1-20180127161001
2018-01-27 16:12:02.514;RO;AS117-AS1-20180127161105
2018-01-27 16:12:03.445;SP;AS117-AS1-20180127161105
2018-01-27 16:12:05.090;SQ;AS117-AS1-20180127161205
2018-01-27 16:12:32.880;RC;AS117-AS1-20180127161105
2018-01-27 16:12:33.716;SS;AS117-AS1-20180127161105
2018-01-27 16:12:38.974;RU;AS117-AS1-20180127161001
2018-01-27 16:12:41.220;VU;AS117-AS1-20180127161001
2018-01-27 16:13:03.951;RO;AS117-AS1-20180127161205
2018-01-27 16:13:04.989;SP;AS117-AS1-20180127161205
2018-01-27 16:13:06.700;SQ;AS117-AS1-20180127161306
2018-01-27 16:13:34.291;RU;AS117-AS1-20180127161105
2018-01-27 16:13:36.129;VU;AS117-AS1-20180127161105
2018-01-27 16:13:36.424;RC;AS117-AS1-20180127161205
2018-01-27 16:13:37.227;SS;AS117-AS1-20180127161205
2018-01-27 16:14:03.655;RO;AS117-AS1-20180127161306
2018-01-27 16:14:04.592;SP;AS117-AS1-20180127161306
2018-01-27 16:14:06.290;SQ;AS117-AS1-20180127161406
2018-01-27 16:14:32.230;RC;AS117-AS1-20180127161306
2018-01-27 16:14:33.058;SS;AS117-AS1-20180127161306
2018-01-27 16:14:40.729;RU;AS117-AS1-20180127161205
2018-01-27 16:14:43.457;VU;AS117-AS1-20180127161205
2018-01-27 16:15:02.599;RO;AS117-AS1-20180127161406
2018-01-27 16:15:03.706;SP;AS117-AS1-20180127161406
2018-01-27 16:15:05.394;SQ;AS117-AS1-20180127161505
2018-01-27 16:15:25.532;RU;AS117-AS1-20180127161306
2018-01-27 16:15:27.372;VU;AS117-AS1-20180127161306
2018-01-27 16:15:36.163;RC;AS117-AS1-20180127161406
2018-01-27 16:15:37.011;SS;AS117-AS1-20180127161406
2018-01-27 16:15:54.351;RO;AS117-AS1-20180127161505
2018-01-27 16:15:55.279;SP;AS117-AS1-20180127161505
2018-01-27 16:15:56.934;SQ;AS117-AS1-20180127161556
2018-01-27 16:16:23.813;RC;AS117-AS1-20180127161505
2018-01-27 16:16:24.627;SS;AS117-AS1-20180127161505
2018-01-27 16:16:39.219;RU;AS117-AS1-20180127161406
2018-01-27 16:16:41.074;VU;AS117-AS1-20180127161406
2018-01-27 16:16:59.009;RO;AS117-AS1-20180127161556
2018-01-27 16:17:00.330;SP;AS117-AS1-20180127161556
2018-01-27 16:17:02.030;SQ;AS117-AS1-20180127161702
2018-01-27 16:17:31.422;RC;AS117-AS1-20180127161556
2018-01-27 16:17:32.253;SS;AS117-AS1-20180127161556
2018-01-27 16:17:53.928;RU;AS117-AS1-20180127161505
2018-01-27 16:17:55.753;VU;AS117-AS1-20180127161505
2018-01-27 16:18:29.495;RO;AS117-AS1-20180127161702
2018-01-27 16:18:30.454;SP;AS117-AS1-20180127161702
2018-01-27 16:18:32.165;SQ;AS117-AS1-20180127161832
2018-01-27 16:18:34.220;RU;AS117-AS1-20180127161556
2018-01-27 16:18:36.098;VU;AS117-AS1-20180127161556
2018-01-27 16:18:56.954;RC;AS117-AS1-20180127161702
2018-01-27 16:18:57.807;SS;AS117-AS1-20180127161702
2018-01-27 16:19:54.086;RU;AS117-AS1-20180127161702
2018-01-27 16:19:55.913;VU;AS117-AS1-20180127161702
2018-01-27 16:20:03.346;RO;AS117-AS1-20180127161832
2018-01-27 16:20:04.598;SP;AS117-AS1-20180127161832
2018-01-27 16:20:06.275;SQ;AS117-AS1-20180127162006
2018-01-27 16:20:33.675;RC;AS117-AS1-20180127161832
2018-01-27 16:20:34.487;SS;AS117-AS1-20180127161832
2018-01-27 16:21:05.139;RO;AS117-AS1-20180127162006
2018-01-27 16:21:06.169;SP;AS117-AS1-20180127162006
2018-01-27 16:21:07.843;SQ;AS117-AS1-20180127162107
2018-01-27 16:21:35.982;RU;AS117-AS1-20180127161832
2018-01-27 16:21:36.890;RC;AS117-AS1-20180127162006
2018-01-27 16:21:37.730;SS;AS117-AS1-20180127162006
2018-01-27 16:21:37.821;VU;AS117-AS1-20180127161832
2018-01-27 16:22:07.031;RO;AS117-AS1-20180127162107
2018-01-27 16:22:08.253;SP;AS117-AS1-20180127162107
2018-01-27 16:22:09.935;SQ;AS117-AS1-20180127162209
2018-01-27 16:22:31.137;RC;AS117-AS1-20180127162107
2018-01-27 16:22:32.846;SS;AS117-AS1-20180127162107
2018-01-27 16:22:42.089;RU;AS117-AS1-20180127162006
2018-01-27 16:22:43.910;VU;AS117-AS1-20180127162006
2018-01-27 16:23:10.652;RO;AS117-AS1-20180127162209
2018-01-27 16:23:11.839;SP;AS117-AS1-20180127162209
2018-01-27 16:23:13.529;SQ;AS117-AS1-20180127162313
2018-01-27 16:23:33.264;RU;AS117-AS1-20180127162107
2018-01-27 16:23:35.827;VU;AS117-AS1-20180127162107
2018-01-27 16:23:42.113;RC;AS117-AS1-20180127162209
2018-01-27 16:23:42.925;SS;AS117-AS1-20180127162209
2018-01-27 16:24:14.221;RO;AS117-AS1-20180127162313
2018-01-27 16:24:15.440;SP;AS117-AS1-20180127162313
2018-01-27 16:24:17.104;SQ;AS117-AS1-20180127162417
2018-01-27 16:24:46.526;RC;AS117-AS1-20180127162313
2018-01-27 16:24:47.339;SS;AS117-AS1-20180127162313
2018-01-27 16:24:47.675;RU;AS117-AS1-20180127162209
2018-01-27 16:24:49.517;VU;AS117-AS1-20180127162209
2018-01-27 16:25:18.249;RO;AS117-AS1-20180127162417
2018-01-27 16:25:19.527;SP;AS117-AS1-20180127162417
2018-01-27 16:25:21.175;SQ;AS117-AS1-20180127162521
2018-01-27 16:25:44.128;RU;AS117-AS1-20180127162313
2018-01-27 16:25:45.973;VU;AS117-AS1-20180127162313
2018-01-27 16:25:51.759;RC;AS117-AS1-20180127162417
2018-01-27 16:25:52.600;SS;AS117-AS1-20180127162417
2018-01-27 16:26:20.565;RO;AS117-AS1-20180127162521
2018-01-27 16:26:21.543;SP;AS117-AS1-20180127162521
2018-01-27 16:26:23.197;SQ;AS117-AS1-20180127162623
2018-01-27 16:26:47.181;RC;AS117-AS1-20180127162521
2018-01-27 16:26:48.008;SS;AS117-AS1-20180127162521
2018-01-27 16:26:53.605;RU;AS117-AS1-20180127162417
2018-01-27 16:26:55.422;VU;AS117-AS1-20180127162417
2018-01-27 16:27:15.551;RO;AS117-AS1-20180127162623
2018-01-27 16:27:16.569;SP;AS117-AS1-20180127162623
2018-01-27 16:27:30.470;RU;AS117-AS1-20180127162521
2018-01-27 16:27:32.304;VU;AS117-AS1-20180127162521
2018-01-27 16:27:40.501;RC;AS117-AS1-20180127162623
2018-01-27 16:27:41.355;SS;AS117-AS1-20180127162623
2018-01-27 16:28:06.103;RU;AS117-AS1-20180127162623
2018-01-27 16:28:14.490;VU;AS117-AS1-20180127162623
