2018-01-27 15:56:06.305;SQ;AS118-AS1-20180127155606
2018-01-27 15:56:38.871;RO;AS118-AS1-20180127155606
2018-01-27 15:56:40.143;SP;AS118-AS1-20180127155606
2018-01-27 15:56:41.761;SQ;AS118-AS1-20180127155641
2018-01-27 15:57:07.042;RC;AS118-AS1-20180127155606
2018-01-27 15:57:07.866;SS;AS118-AS1-20180127155606
2018-01-27 15:57:31.456;RO;AS118-AS1-20180127155641
2018-01-27 15:57:32.682;SP;AS118-AS1-20180127155641
2018-01-27 15:57:34.327;SQ;AS118-AS1-20180127155734
2018-01-27 15:58:05.287;RC;AS118-AS1-20180127155641
2018-01-27 15:58:06.132;SS;AS118-AS1-20180127155641
2018-01-27 15:58:10.356;RU;AS118-AS1-20180127155606
2018-01-27 15:58:12.173;VU;AS118-AS1-20180127155606
2018-01-27 15:58:33.407;RO;AS118-AS1-20180127155734
2018-01-27 15:58:34.702;SP;AS118-AS1-20180127155734
2018-01-27 15:58:36.300;SQ;AS118-AS1-20180127155836
2018-01-27 15:59:07.499;RU;AS118-AS1-20180127155641
2018-01-27 15:59:09.315;VU;AS118-AS1-20180127155641
2018-01-27 15:59:31.010;RC;AS118-AS1-20180127155734
2018-01-27 15:59:31.829;SS;AS118-AS1-20180127155734
2018-01-27 16:00:07.930;RO;AS118-AS1-20180127155836
2018-01-27 16:00:09.230;SP;AS118-AS1-20180127155836
2018-01-27 16:00:10.900;SQ;AS118-AS1-20180127160010
2018-01-27 16:00:28.978;RU;AS118-AS1-20180127155734
2018-01-27 16:00:30.807;VU;AS118-AS1-20180127155734
2018-01-27 16:00:37.691;RC;AS118-AS1-20180127155836
2018-01-27 16:00:38.530;SS;AS118-AS1-20180127155836
2018-01-27 16:01:14.385;RO;AS118-AS1-20180127160010
2018-01-27 16:01:15.292;SP;AS118-AS1-20180127160010
2018-01-27 16:01:16.937;SQ;AS118-AS1-20180127160116
2018-01-27 16:01:39.129;RU;AS118-AS1-20180127155836
2018-01-27 16:01:40.950;VU;AS118-AS1-20180127155836
2018-01-27 16:01:45.438;RC;AS118-AS1-20180127160010
2018-01-27 16:01:46.260;SS;AS118-AS1-20180127160010
2018-01-27 16:02:15.573;RO;AS118-AS1-20180127160116
2018-01-27 16:02:16.821;SP;AS118-AS1-20180127160116
2018-01-27 16:02:18.468;SQ;AS118-AS1-20180127160218
2018-01-27 16:02:45.019;RC;AS118-AS1-20180127160116
2018-01-27 16:02:45.846;SS;AS118-AS1-20180127160116
2018-01-27 16:02:47.742;RU;AS118-AS1-20180127160010
2018-01-27 16:02:49.572;VU;AS118-AS1-20180127160010
2018-01-27 16:03:10.746;RO;AS118-AS1-20180127160218
2018-01-27 16:03:12.333;SP;AS118-AS1-20180127160218
2018-01-27 16:03:14.001;SQ;AS118-AS1-20180127160314
2018-01-27 16:03:42.579;RU;AS118-AS1-20180127160116
2018-01-27 16:03:43.517;RC;AS118-AS1-20180127160218
2018-01-27 16:03:44.332;SS;AS118-AS1-20180127160218
2018-01-27 16:03:44.392;VU;AS118-AS1-20180127160116
2018-01-27 16:04:19.871;RO;AS118-AS1-20180127160314
2018-01-27 16:04:20.877;SP;AS118-AS1-20180127160314
2018-01-27 16:04:22.535;SQ;AS118-AS1-20180127160422
2018-01-27 16:04:45.078;RU;AS118-AS1-20180127160218
2018-01-27 16:04:46.906;VU;AS118-AS1-20180127160218
2018-01-27 16:04:51.468;RC;AS118-AS1-20180127160314
2018-01-27 16:04:52.298;SS;AS118-AS1-20180127160314
2018-01-27 16:05:26.428;RO;AS118-AS1-20180127160422
2018-01-27 16:05:27.407;SP;AS118-AS1-20180127160422
2018-01-27 16:05:29.709;SQ;AS118-AS1-20180127160529
2018-01-27 16:05:56.854;RC;AS118-AS1-20180127160422
2018-01-27 16:05:57.421;RU;AS118-AS1-20180127160314
2018-01-27 16:05:57.889;SS;AS118-AS1-20180127160422
2018-01-27 16:05:59.507;VU;AS118-AS1-20180127160314
2018-01-27 16:06:29.945;RO;AS118-AS1-20180127160529
2018-01-27 16:06:32.009;SP;AS118-AS1-20180127160529
2018-01-27 16:06:34.022;SQ;AS118-AS1-20180127160634
2018-01-27 16:06:59.581;RC;AS118-AS1-20180127160529
2018-01-27 16:07:00.387;SS;AS118-AS1-20180127160529
2018-01-27 16:07:01.810;RU;AS118-AS1-20180127160422
2018-01-27 16:07:04.511;VU;AS118-AS1-20180127160422
2018-01-27 16:07:35.058;RO;AS118-AS1-20180127160634
2018-01-27 16:07:35.910;SP;AS118-AS1-20180127160634
2018-01-27 16:07:37.576;SQ;AS118-AS1-20180127160737
2018-01-27 16:08:09.938;RC;AS118-AS1-20180127160634
2018-01-27 16:08:10.770;SS;AS118-AS1-20180127160634
2018-01-27 16:08:15.013;RU;AS118-AS1-20180127160529
2018-01-27 16:08:16.834;VU;AS118-AS1-20180127160529
2018-01-27 16:08:29.446;RO;AS118-AS1-20180127160737
2018-01-27 16:08:30.479;SP;AS118-AS1-20180127160737
2018-01-27 16:08:32.130;SQ;AS118-AS1-20180127160832
2018-01-27 16:09:01.009;RC;AS118-AS1-20180127160737
2018-01-27 16:09:01.825;SS;AS118-AS1-20180127160737
2018-01-27 16:09:15.495;RU;AS118-AS1-20180127160634
2018-01-27 16:09:17.333;VU;AS118-AS1-20180127160634
2018-01-27 16:09:28.990;RO;AS118-AS1-20180127160832
2018-01-27 16:09:30.001;SP;AS118-AS1-20180127160832
2018-01-27 16:09:31.651;SQ;AS118-AS1-20180127160931
2018-01-27 16:09:58.868;RC;AS118-AS1-20180127160832
2018-01-27 16:09:59.703;SS;AS118-AS1-20180127160832
2018-01-27 16:10:02.135;RU;AS118-AS1-20180127160737
2018-01-27 16:10:03.975;VU;AS118-AS1-20180127160737
2018-01-27 16:10:30.219;RO;AS118-AS1-20180127160931
2018-01-27 16:10:31.560;SP;AS118-AS1-20180127160931
2018-01-27 16:10:33.212;SQ;AS118-AS1-20180127161033
2018-01-27 16:10:56.870;RC;AS118-AS1-20180127160931
2018-01-27 16:10:57.721;SS;AS118-AS1-20180127160931
2018-01-27 16:11:02.453;RU;AS118-AS1-20180127160832
2018-01-27 16:11:04.261;VU;AS118-AS1-20180127160832
2018-01-27 16:11:34.290;RO;AS118-AS1-20180127161033
2018-01-27 16:11:35.639;SP;AS118-AS1-20180127161033
2018-01-27 16:11:39.218;SQ;AS118-AS1-20180127161139
2018-01-27 16:11:58.280;RU;AS118-AS1-20180127160931
2018-01-27 16:12:00.103;VU;AS118-AS1-20180127160931
2018-01-27 16:12:06.224;RC;AS118-AS1-20180127161033
2018-01-27 16:12:07.516;SS;AS118-AS1-20180127161033
2018-01-27 16:12:46.298;RO;AS118-AS1-20180127161139
2018-01-27 16:12:47.619;SP;AS118-AS1-20180127161139
2018-01-27 16:12:49.263;SQ;AS118-AS1-20180127161249
2018-01-27 16:13:07.097;RU;AS118-AS1-20180127161033
2018-01-27 16:13:08.943;VU;AS118-AS1-20180127161033
2018-01-27 16:13:20.147;RC;AS118-AS1-20180127161139
2018-01-27 16:13:20.952;SS;AS118-AS1-20180127161139
2018-01-27 16:14:18.238;RO;AS118-AS1-20180127161249
2018-01-27 16:14:19.159;SP;AS118-AS1-20180127161249
2018-01-27 16:14:20.818;SQ;AS118-AS1-20180127161420
2018-01-27 16:14:27.094;RU;AS118-AS1-20180127161139
2018-01-27 16:14:42.821;RC;AS118-AS1-20180127161249
2018-01-27 16:14:44.072;SS;AS118-AS1-20180127161249
2018-01-27 16:15:22.258;RO;AS118-AS1-20180127161420
2018-01-27 16:15:23.649;SP;AS118-AS1-20180127161420
2018-01-27 16:15:25.997;SQ;AS118-AS1-20180127161525
2018-01-27 16:15:42.247;RU;AS118-AS1-20180127161249
2018-01-27 16:15:45.647;VU;AS118-AS1-20180127161249
2018-01-27 16:15:55.279;RC;AS118-AS1-20180127161420
2018-01-27 16:15:56.653;SS;AS118-AS1-20180127161420
2018-01-27 16:16:23.099;RO;AS118-AS1-20180127161525
2018-01-27 16:16:24.635;SP;AS118-AS1-20180127161525
2018-01-27 16:16:27.088;SQ;AS118-AS1-20180127161627
2018-01-27 16:16:55.833;RC;AS118-AS1-20180127161525
2018-01-27 16:16:56.640;SS;AS118-AS1-20180127161525
2018-01-27 16:16:59.012;RU;AS118-AS1-20180127161420
2018-01-27 16:17:01.154;VU;AS118-AS1-20180127161420
2018-01-27 16:17:19.897;RO;AS118-AS1-20180127161627
2018-01-27 16:17:21.988;SP;AS118-AS1-20180127161627
2018-01-27 16:17:24.460;SQ;AS118-AS1-20180127161724
2018-01-27 16:17:53.665;RC;AS118-AS1-20180127161627
2018-01-27 16:17:54.583;SS;AS118-AS1-20180127161627
2018-01-27 16:18:00.771;RU;AS118-AS1-20180127161525
2018-01-27 16:18:03.039;VU;AS118-AS1-20180127161525
2018-01-27 16:18:29.021;RO;AS118-AS1-20180127161724
2018-01-27 16:18:30.043;SP;AS118-AS1-20180127161724
2018-01-27 16:18:32.359;SQ;AS118-AS1-20180127161832
2018-01-27 16:18:51.285;RU;AS118-AS1-20180127161627
2018-01-27 16:18:53.740;VU;AS118-AS1-20180127161627
2018-01-27 16:18:56.096;RC;AS118-AS1-20180127161724
2018-01-27 16:18:57.115;SS;AS118-AS1-20180127161724
2018-01-27 16:19:55.869;RU;AS118-AS1-20180127161724
2018-01-27 16:19:59.085;VU;AS118-AS1-20180127161724
2018-01-27 16:20:03.549;RO;AS118-AS1-20180127161832
2018-01-27 16:20:05.253;SP;AS118-AS1-20180127161832
2018-01-27 16:20:07.603;SQ;AS118-AS1-20180127162007
2018-01-27 16:20:34.992;RC;AS118-AS1-20180127161832
2018-01-27 16:20:36.421;SS;AS118-AS1-20180127161832
2018-01-27 16:21:10.160;RO;AS118-AS1-20180127162007
2018-01-27 16:21:11.611;SP;AS118-AS1-20180127162007
2018-01-27 16:21:15.310;SQ;AS118-AS1-20180127162115
2018-01-27 16:21:39.896;RU;AS118-AS1-20180127161832
2018-01-27 16:21:41.808;VU;AS118-AS1-20180127161832
2018-01-27 16:21:42.190;RC;AS118-AS1-20180127162007
2018-01-27 16:21:43.370;SS;AS118-AS1-20180127162007
2018-01-27 16:22:08.138;RO;AS118-AS1-20180127162115
2018-01-27 16:22:09.590;SP;AS118-AS1-20180127162115
2018-01-27 16:22:11.971;SQ;AS118-AS1-20180127162211
2018-01-27 16:22:42.860;RC;AS118-AS1-20180127162115
2018-01-27 16:22:43.699;SS;AS118-AS1-20180127162115
2018-01-27 16:22:49.967;RU;AS118-AS1-20180127162007
2018-01-27 16:22:52.637;VU;AS118-AS1-20180127162007
2018-01-27 16:23:10.454;RO;AS118-AS1-20180127162211
2018-01-27 16:23:11.378;SP;AS118-AS1-20180127162211
2018-01-27 16:23:13.879;SQ;AS118-AS1-20180127162313
2018-01-27 16:23:42.432;RU;AS118-AS1-20180127162115
2018-01-27 16:23:43.398;RC;AS118-AS1-20180127162211
2018-01-27 16:23:44.517;VU;AS118-AS1-20180127162115
2018-01-27 16:23:44.898;SS;AS118-AS1-20180127162211
2018-01-27 16:24:41.486;RO;AS118-AS1-20180127162313
2018-01-27 16:24:42.904;SP;AS118-AS1-20180127162313
2018-01-27 16:24:45.396;SQ;AS118-AS1-20180127162445
2018-01-27 16:24:46.521;RU;AS118-AS1-20180127162211
2018-01-27 16:24:48.466;VU;AS118-AS1-20180127162211
2018-01-27 16:25:09.145;RC;AS118-AS1-20180127162313
2018-01-27 16:25:10.095;SS;AS118-AS1-20180127162313
2018-01-27 16:25:44.128;RO;AS118-AS1-20180127162445
2018-01-27 16:25:46.095;SP;AS118-AS1-20180127162445
2018-01-27 16:25:48.356;SQ;AS118-AS1-20180127162548
2018-01-27 16:26:12.449;RC;AS118-AS1-20180127162445
2018-01-27 16:26:12.768;RU;AS118-AS1-20180127162313
2018-01-27 16:26:13.807;SS;AS118-AS1-20180127162445
2018-01-27 16:26:15.532;VU;AS118-AS1-20180127162313
2018-01-27 16:26:47.470;RO;AS118-AS1-20180127162548
2018-01-27 16:26:48.779;SP;AS118-AS1-20180127162548
2018-01-27 16:26:51.295;SQ;AS118-AS1-20180127162651
2018-01-27 16:27:07.157;RU;AS118-AS1-20180127162445
2018-01-27 16:27:09.484;VU;AS118-AS1-20180127162445
2018-01-27 16:27:13.823;RC;AS118-AS1-20180127162548
2018-01-27 16:27:16.476;SS;AS118-AS1-20180127162548
2018-01-27 16:27:34.739;RO;AS118-AS1-20180127162651
2018-01-27 16:27:35.748;SP;AS118-AS1-20180127162651
2018-01-27 16:27:38.181;SQ;AS118-AS1-20180127162738
2018-01-27 16:27:48.191;RU;AS118-AS1-20180127162548
2018-01-27 16:27:49.259;RC;AS118-AS1-20180127162651
2018-01-27 16:27:50.625;VU;AS118-AS1-20180127162548
2018-01-27 16:27:50.725;SS;AS118-AS1-20180127162651
2018-01-27 16:27:58.264;RO;AS118-AS1-20180127162738
2018-01-27 16:28:02.176;SP;AS118-AS1-20180127162738
2018-01-27 16:28:05.454;RU;AS118-AS1-20180127162651
2018-01-27 16:28:07.108;RC;AS118-AS1-20180127162738
2018-01-27 16:28:09.679;SS;AS118-AS1-20180127162738
2018-01-27 16:28:14.361;RU;AS118-AS1-20180127162738
2018-01-27 16:28:17.718;VU;AS118-AS1-20180127162651
2018-01-27 16:28:27.711;VU;AS118-AS1-20180127162738
