2018-01-27 15:56:03.273;SQ;AS122-AS1-20180127155603
2018-01-27 15:56:29.550;RO;AS122-AS1-20180127155603
2018-01-27 15:56:30.640;SP;AS122-AS1-20180127155603
2018-01-27 15:56:32.288;SQ;AS122-AS1-20180127155632
2018-01-27 15:56:53.226;RC;AS122-AS1-20180127155603
2018-01-27 15:56:54.036;SS;AS122-AS1-20180127155603
2018-01-27 15:57:23.700;RO;AS122-AS1-20180127155632
2018-01-27 15:57:24.668;SP;AS122-AS1-20180127155632
2018-01-27 15:57:26.313;SQ;AS122-AS1-20180127155726
2018-01-27 15:57:51.670;RC;AS122-AS1-20180127155632
2018-01-27 15:57:52.479;SS;AS122-AS1-20180127155632
2018-01-27 15:57:59.932;RU;AS122-AS1-20180127155603
2018-01-27 15:58:02.514;VU;AS122-AS1-20180127155603
2018-01-27 15:58:27.380;RO;AS122-AS1-20180127155726
2018-01-27 15:58:28.199;SP;AS122-AS1-20180127155726
2018-01-27 15:58:29.815;SQ;AS122-AS1-20180127155829
2018-01-27 15:59:01.802;RU;AS122-AS1-20180127155632
2018-01-27 15:59:03.444;RC;AS122-AS1-20180127155726
2018-01-27 15:59:03.602;VU;AS122-AS1-20180127155632
2018-01-27 15:59:05.120;SS;AS122-AS1-20180127155726
2018-01-27 15:59:27.378;RO;AS122-AS1-20180127155829
2018-01-27 15:59:28.204;SP;AS122-AS1-20180127155829
2018-01-27 15:59:29.882;SQ;AS122-AS1-20180127155929
2018-01-27 16:00:00.624;RC;AS122-AS1-20180127155829
2018-01-27 16:00:00.624;RU;AS122-AS1-20180127155726
2018-01-27 16:00:02.321;SS;AS122-AS1-20180127155829
2018-01-27 16:00:03.322;VU;AS122-AS1-20180127155726
2018-01-27 16:00:33.913;RO;AS122-AS1-20180127155929
2018-01-27 16:00:34.795;SP;AS122-AS1-20180127155929
2018-01-27 16:00:37.055;SQ;AS122-AS1-20180127160037
2018-01-27 16:01:04.894;RC;AS122-AS1-20180127155929
2018-01-27 16:01:05.744;SS;AS122-AS1-20180127155929
2018-01-27 16:01:06.362;RU;AS122-AS1-20180127155829
2018-01-27 16:01:08.934;VU;AS122-AS1-20180127155829
2018-01-27 16:01:31.114;RO;AS122-AS1-20180127160037
2018-01-27 16:01:31.923;SP;AS122-AS1-20180127160037
2018-01-27 16:01:33.563;SQ;AS122-AS1-20180127160133
2018-01-27 16:02:07.734;RC;AS122-AS1-20180127160037
2018-01-27 16:02:08.742;SS;AS122-AS1-20180127160037
2018-01-27 16:02:10.035;RU;AS122-AS1-20180127155929
2018-01-27 16:02:11.846;VU;AS122-AS1-20180127155929
2018-01-27 16:02:35.935;RO;AS122-AS1-20180127160133
2018-01-27 16:02:36.953;SP;AS122-AS1-20180127160133
2018-01-27 16:02:38.600;SQ;AS122-AS1-20180127160238
2018-01-27 16:03:05.022;RC;AS122-AS1-20180127160133
2018-01-27 16:03:05.860;SS;AS122-AS1-20180127160133
2018-01-27 16:03:12.313;RU;AS122-AS1-20180127160037
2018-01-27 16:03:14.176;VU;AS122-AS1-20180127160037
2018-01-27 16:03:41.330;RO;AS122-AS1-20180127160238
2018-01-27 16:03:42.916;SP;AS122-AS1-20180127160238
2018-01-27 16:03:44.552;SQ;AS122-AS1-20180127160344
2018-01-27 16:04:00.360;RU;AS122-AS1-20180127160133
2018-01-27 16:04:02.178;VU;AS122-AS1-20180127160133
2018-01-27 16:04:14.479;RC;AS122-AS1-20180127160238
2018-01-27 16:04:15.288;SS;AS122-AS1-20180127160238
2018-01-27 16:04:37.199;RO;AS122-AS1-20180127160344
2018-01-27 16:04:38.420;SP;AS122-AS1-20180127160344
2018-01-27 16:04:40.014;SQ;AS122-AS1-20180127160440
2018-01-27 16:05:10.267;RC;AS122-AS1-20180127160344
2018-01-27 16:05:11.053;SS;AS122-AS1-20180127160344
2018-01-27 16:05:21.544;RU;AS122-AS1-20180127160238
2018-01-27 16:05:23.341;VU;AS122-AS1-20180127160238
2018-01-27 16:05:40.602;RO;AS122-AS1-20180127160440
2018-01-27 16:05:41.915;SP;AS122-AS1-20180127160440
2018-01-27 16:05:43.537;SQ;AS122-AS1-20180127160543
2018-01-27 16:06:11.725;RC;AS122-AS1-20180127160440
2018-01-27 16:06:12.536;SS;AS122-AS1-20180127160440
2018-01-27 16:06:19.778;RU;AS122-AS1-20180127160344
2018-01-27 16:06:21.570;VU;AS122-AS1-20180127160344
2018-01-27 16:06:46.743;RO;AS122-AS1-20180127160543
2018-01-27 16:06:48.096;SP;AS122-AS1-20180127160543
2018-01-27 16:06:49.706;SQ;AS122-AS1-20180127160649
2018-01-27 16:07:13.596;RC;AS122-AS1-20180127160543
2018-01-27 16:07:14.412;SS;AS122-AS1-20180127160543
2018-01-27 16:07:34.680;RU;AS122-AS1-20180127160440
2018-01-27 16:07:36.491;VU;AS122-AS1-20180127160440
2018-01-27 16:07:45.238;RO;AS122-AS1-20180127160649
2018-01-27 16:07:46.054;SP;AS122-AS1-20180127160649
2018-01-27 16:07:48.604;SQ;AS122-AS1-20180127160748
2018-01-27 16:08:10.025;RU;AS122-AS1-20180127160543
2018-01-27 16:08:11.846;VU;AS122-AS1-20180127160543
2018-01-27 16:08:15.011;RC;AS122-AS1-20180127160649
2018-01-27 16:08:15.858;SS;AS122-AS1-20180127160649
2018-01-27 16:08:44.006;RO;AS122-AS1-20180127160748
2018-01-27 16:08:45.016;SP;AS122-AS1-20180127160748
2018-01-27 16:08:46.695;SQ;AS122-AS1-20180127160846
2018-01-27 16:09:14.058;RC;AS122-AS1-20180127160748
2018-01-27 16:09:14.895;SS;AS122-AS1-20180127160748
2018-01-27 16:09:21.350;RU;AS122-AS1-20180127160649
2018-01-27 16:09:23.198;VU;AS122-AS1-20180127160649
2018-01-27 16:09:46.422;RO;AS122-AS1-20180127160846
2018-01-27 16:09:47.609;SP;AS122-AS1-20180127160846
2018-01-27 16:09:49.209;SQ;AS122-AS1-20180127160949
2018-01-27 16:10:17.231;RC;AS122-AS1-20180127160846
2018-01-27 16:10:18.027;SS;AS122-AS1-20180127160846
2018-01-27 16:10:19.135;RU;AS122-AS1-20180127160748
2018-01-27 16:10:21.063;VU;AS122-AS1-20180127160748
2018-01-27 16:11:15.412;RO;AS122-AS1-20180127160949
2018-01-27 16:11:16.666;SP;AS122-AS1-20180127160949
2018-01-27 16:11:18.306;SQ;AS122-AS1-20180127161118
2018-01-27 16:11:27.834;RU;AS122-AS1-20180127160846
2018-01-27 16:11:29.662;VU;AS122-AS1-20180127160846
2018-01-27 16:11:46.275;RC;AS122-AS1-20180127160949
2018-01-27 16:11:47.093;SS;AS122-AS1-20180127160949
2018-01-27 16:12:15.961;RO;AS122-AS1-20180127161118
2018-01-27 16:12:17.176;SP;AS122-AS1-20180127161118
2018-01-27 16:12:18.779;SQ;AS122-AS1-20180127161218
2018-01-27 16:12:46.634;RC;AS122-AS1-20180127161118
2018-01-27 16:12:47.026;RU;AS122-AS1-20180127160949
2018-01-27 16:12:47.829;SS;AS122-AS1-20180127161118
2018-01-27 16:12:49.260;VU;AS122-AS1-20180127160949
2018-01-27 16:13:23.351;RO;AS122-AS1-20180127161218
2018-01-27 16:13:25.543;SP;AS122-AS1-20180127161218
2018-01-27 16:13:27.588;SQ;AS122-AS1-20180127161327
2018-01-27 16:13:50.654;RU;AS122-AS1-20180127161118
2018-01-27 16:13:52.302;RC;AS122-AS1-20180127161218
2018-01-27 16:13:52.445;VU;AS122-AS1-20180127161118
2018-01-27 16:13:53.115;SS;AS122-AS1-20180127161218
2018-01-27 16:14:27.416;RO;AS122-AS1-20180127161327
2018-01-27 16:14:28.499;SP;AS122-AS1-20180127161327
2018-01-27 16:14:30.094;SQ;AS122-AS1-20180127161430
2018-01-27 16:14:57.829;RC;AS122-AS1-20180127161327
2018-01-27 16:14:58.625;SS;AS122-AS1-20180127161327
2018-01-27 16:15:02.509;RU;AS122-AS1-20180127161218
2018-01-27 16:15:04.310;VU;AS122-AS1-20180127161218
2018-01-27 16:15:30.950;RO;AS122-AS1-20180127161430
2018-01-27 16:15:31.948;SP;AS122-AS1-20180127161430
2018-01-27 16:15:33.564;SQ;AS122-AS1-20180127161533
2018-01-27 16:15:55.777;RU;AS122-AS1-20180127161327
2018-01-27 16:15:57.647;VU;AS122-AS1-20180127161327
2018-01-27 16:16:03.951;RC;AS122-AS1-20180127161430
2018-01-27 16:16:04.804;SS;AS122-AS1-20180127161430
2018-01-27 16:16:24.821;RO;AS122-AS1-20180127161533
2018-01-27 16:16:25.941;SP;AS122-AS1-20180127161533
2018-01-27 16:16:27.548;SQ;AS122-AS1-20180127161627
2018-01-27 16:16:56.652;RC;AS122-AS1-20180127161533
2018-01-27 16:16:57.506;SS;AS122-AS1-20180127161533
2018-01-27 16:17:13.446;RU;AS122-AS1-20180127161430
2018-01-27 16:17:15.247;VU;AS122-AS1-20180127161430
2018-01-27 16:17:18.502;RO;AS122-AS1-20180127161627
2018-01-27 16:17:20.118;SP;AS122-AS1-20180127161627
2018-01-27 16:17:22.493;SQ;AS122-AS1-20180127161722
2018-01-27 16:17:45.891;RC;AS122-AS1-20180127161627
2018-01-27 16:17:46.755;SS;AS122-AS1-20180127161627
2018-01-27 16:18:01.358;RU;AS122-AS1-20180127161533
2018-01-27 16:18:03.213;VU;AS122-AS1-20180127161533
2018-01-27 16:18:16.930;RO;AS122-AS1-20180127161722
2018-01-27 16:18:17.876;SP;AS122-AS1-20180127161722
2018-01-27 16:18:19.489;SQ;AS122-AS1-20180127161819
2018-01-27 16:18:44.380;RU;AS122-AS1-20180127161627
2018-01-27 16:18:46.187;VU;AS122-AS1-20180127161627
2018-01-27 16:18:50.735;RC;AS122-AS1-20180127161722
2018-01-27 16:18:51.549;SS;AS122-AS1-20180127161722
2018-01-27 16:19:15.673;RO;AS122-AS1-20180127161819
2018-01-27 16:19:16.890;SP;AS122-AS1-20180127161819
2018-01-27 16:19:18.478;SQ;AS122-AS1-20180127161918
2018-01-27 16:19:48.219;RC;AS122-AS1-20180127161819
2018-01-27 16:19:49.004;SS;AS122-AS1-20180127161819
2018-01-27 16:19:52.212;RU;AS122-AS1-20180127161722
2018-01-27 16:19:54.031;VU;AS122-AS1-20180127161722
2018-01-27 16:20:17.506;RO;AS122-AS1-20180127161918
2018-01-27 16:20:18.346;SP;AS122-AS1-20180127161918
2018-01-27 16:20:19.989;SQ;AS122-AS1-20180127162019
2018-01-27 16:20:45.046;RC;AS122-AS1-20180127161918
2018-01-27 16:20:45.852;SS;AS122-AS1-20180127161918
2018-01-27 16:20:51.116;RU;AS122-AS1-20180127161819
2018-01-27 16:20:52.927;VU;AS122-AS1-20180127161819
2018-01-27 16:21:15.866;RO;AS122-AS1-20180127162019
2018-01-27 16:21:16.873;SP;AS122-AS1-20180127162019
2018-01-27 16:21:18.521;SQ;AS122-AS1-20180127162118
2018-01-27 16:21:43.779;RU;AS122-AS1-20180127161918
2018-01-27 16:21:45.581;VU;AS122-AS1-20180127161918
2018-01-27 16:21:46.046;RC;AS122-AS1-20180127162019
2018-01-27 16:21:47.782;SS;AS122-AS1-20180127162019
2018-01-27 16:22:26.078;RO;AS122-AS1-20180127162118
2018-01-27 16:22:26.911;SP;AS122-AS1-20180127162118
2018-01-27 16:22:28.518;SQ;AS122-AS1-20180127162228
2018-01-27 16:22:45.186;RU;AS122-AS1-20180127162019
2018-01-27 16:22:56.705;RC;AS122-AS1-20180127162118
2018-01-27 16:22:58.032;SS;AS122-AS1-20180127162118
2018-01-27 16:23:32.616;RO;AS122-AS1-20180127162228
2018-01-27 16:23:35.042;SP;AS122-AS1-20180127162228
2018-01-27 16:23:38.081;SQ;AS122-AS1-20180127162338
2018-01-27 16:24:01.416;RU;AS122-AS1-20180127162118
2018-01-27 16:24:02.241;RC;AS122-AS1-20180127162228
2018-01-27 16:24:03.314;VU;AS122-AS1-20180127162118
2018-01-27 16:24:03.730;SS;AS122-AS1-20180127162228
2018-01-27 16:24:33.854;RO;AS122-AS1-20180127162338
2018-01-27 16:24:35.257;SP;AS122-AS1-20180127162338
2018-01-27 16:24:39.062;SQ;AS122-AS1-20180127162439
2018-01-27 16:25:03.992;RC;AS122-AS1-20180127162338
2018-01-27 16:25:05.363;SS;AS122-AS1-20180127162338
2018-01-27 16:25:05.726;RU;AS122-AS1-20180127162228
2018-01-27 16:25:08.720;VU;AS122-AS1-20180127162228
2018-01-27 16:25:32.037;RO;AS122-AS1-20180127162439
2018-01-27 16:25:33.181;SP;AS122-AS1-20180127162439
2018-01-27 16:25:35.616;SQ;AS122-AS1-20180127162535
2018-01-27 16:26:05.991;RC;AS122-AS1-20180127162439
2018-01-27 16:26:06.937;SS;AS122-AS1-20180127162439
2018-01-27 16:26:07.558;RU;AS122-AS1-20180127162338
2018-01-27 16:26:10.318;VU;AS122-AS1-20180127162338
2018-01-27 16:26:34.126;RO;AS122-AS1-20180127162535
2018-01-27 16:26:35.113;SP;AS122-AS1-20180127162535
2018-01-27 16:27:07.130;RC;AS122-AS1-20180127162535
2018-01-27 16:27:07.474;RU;AS122-AS1-20180127162439
2018-01-27 16:27:08.590;SS;AS122-AS1-20180127162535
2018-01-27 16:27:10.664;VU;AS122-AS1-20180127162439
2018-01-27 16:27:44.304;RU;AS122-AS1-20180127162535
2018-01-27 16:27:49.599;VU;AS122-AS1-20180127162535
