2018-01-27 15:56:03.197;SQ;AS123-AS1-20180127155603
2018-01-27 15:56:29.743;RO;AS123-AS1-20180127155603
2018-01-27 15:56:31.001;SP;AS123-AS1-20180127155603
2018-01-27 15:56:32.587;SQ;AS123-AS1-20180127155632
2018-01-27 15:56:56.936;RC;AS123-AS1-20180127155603
2018-01-27 15:56:57.743;SS;AS123-AS1-20180127155603
2018-01-27 15:57:23.697;RO;AS123-AS1-20180127155632
2018-01-27 15:57:24.919;SP;AS123-AS1-20180127155632
2018-01-27 15:57:26.525;SQ;AS123-AS1-20180127155726
2018-01-27 15:57:58.734;RU;AS123-AS1-20180127155603
2018-01-27 15:58:00.200;RC;AS123-AS1-20180127155632
2018-01-27 15:58:00.531;VU;AS123-AS1-20180127155603
2018-01-27 15:58:01.828;SS;AS123-AS1-20180127155632
2018-01-27 15:58:30.537;RO;AS123-AS1-20180127155726
2018-01-27 15:58:32.162;SP;AS123-AS1-20180127155726
2018-01-27 15:58:34.953;SQ;AS123-AS1-20180127155834
2018-01-27 15:59:00.190;RU;AS123-AS1-20180127155632
2018-01-27 15:59:01.984;VU;AS123-AS1-20180127155632
2018-01-27 15:59:02.268;RC;AS123-AS1-20180127155726
2018-01-27 15:59:03.070;SS;AS123-AS1-20180127155726
2018-01-27 15:59:33.629;RO;AS123-AS1-20180127155834
2018-01-27 15:59:35.357;SP;AS123-AS1-20180127155834
2018-01-27 15:59:37.958;SQ;AS123-AS1-20180127155937
2018-01-27 16:00:05.911;RU;AS123-AS1-20180127155726
2018-01-27 16:00:08.510;VU;AS123-AS1-20180127155726
2018-01-27 16:00:37.240;RC;AS123-AS1-20180127155834
2018-01-27 16:00:38.406;SS;AS123-AS1-20180127155834
2018-01-27 16:00:43.560;RO;AS123-AS1-20180127155937
2018-01-27 16:00:44.844;SP;AS123-AS1-20180127155937
2018-01-27 16:00:46.426;SQ;AS123-AS1-20180127160046
2018-01-27 16:01:15.010;RC;AS123-AS1-20180127155937
2018-01-27 16:01:15.819;SS;AS123-AS1-20180127155937
2018-01-27 16:01:50.508;RO;AS123-AS1-20180127160046
2018-01-27 16:01:51.791;SP;AS123-AS1-20180127160046
2018-01-27 16:01:54.168;SQ;AS123-AS1-20180127160154
2018-01-27 16:02:00.510;RU;AS123-AS1-20180127155834
2018-01-27 16:02:02.309;VU;AS123-AS1-20180127155834
2018-01-27 16:02:24.231;RC;AS123-AS1-20180127160046
2018-01-27 16:02:24.415;RU;AS123-AS1-20180127155937
2018-01-27 16:02:27.263;SS;AS123-AS1-20180127160046
2018-01-27 16:02:28.379;VU;AS123-AS1-20180127155937
2018-01-27 16:02:54.040;RO;AS123-AS1-20180127160154
2018-01-27 16:02:55.987;SP;AS123-AS1-20180127160154
2018-01-27 16:02:58.229;SQ;AS123-AS1-20180127160258
2018-01-27 16:03:25.814;RC;AS123-AS1-20180127160154
2018-01-27 16:03:27.501;SS;AS123-AS1-20180127160154
2018-01-27 16:03:28.632;RU;AS123-AS1-20180127160046
2018-01-27 16:03:30.420;VU;AS123-AS1-20180127160046
2018-01-27 16:04:01.070;RO;AS123-AS1-20180127160258
2018-01-27 16:04:02.099;SP;AS123-AS1-20180127160258
2018-01-27 16:04:03.690;SQ;AS123-AS1-20180127160403
2018-01-27 16:04:14.335;RU;AS123-AS1-20180127160154
2018-01-27 16:04:16.124;VU;AS123-AS1-20180127160154
2018-01-27 16:04:30.970;RC;AS123-AS1-20180127160258
2018-01-27 16:04:31.763;SS;AS123-AS1-20180127160258
2018-01-27 16:05:00.616;RO;AS123-AS1-20180127160403
2018-01-27 16:05:01.546;SP;AS123-AS1-20180127160403
2018-01-27 16:05:03.125;SQ;AS123-AS1-20180127160503
2018-01-27 16:05:32.754;RC;AS123-AS1-20180127160403
2018-01-27 16:05:33.552;SS;AS123-AS1-20180127160403
2018-01-27 16:05:34.338;RU;AS123-AS1-20180127160258
2018-01-27 16:05:36.129;VU;AS123-AS1-20180127160258
2018-01-27 16:05:59.500;RO;AS123-AS1-20180127160503
2018-01-27 16:06:01.353;SP;AS123-AS1-20180127160503
2018-01-27 16:06:03.931;SQ;AS123-AS1-20180127160603
2018-01-27 16:06:32.852;RC;AS123-AS1-20180127160503
2018-01-27 16:06:33.658;SS;AS123-AS1-20180127160503
2018-01-27 16:06:38.038;RU;AS123-AS1-20180127160403
2018-01-27 16:06:39.832;VU;AS123-AS1-20180127160403
2018-01-27 16:06:49.097;RO;AS123-AS1-20180127160603
2018-01-27 16:06:50.264;SP;AS123-AS1-20180127160603
2018-01-27 16:06:51.836;SQ;AS123-AS1-20180127160651
2018-01-27 16:07:17.159;RC;AS123-AS1-20180127160603
2018-01-27 16:07:18.638;SS;AS123-AS1-20180127160603
2018-01-27 16:07:25.766;RU;AS123-AS1-20180127160503
2018-01-27 16:07:27.590;VU;AS123-AS1-20180127160503
2018-01-27 16:08:15.020;RO;AS123-AS1-20180127160651
2018-01-27 16:08:16.236;SP;AS123-AS1-20180127160651
2018-01-27 16:08:18.561;SQ;AS123-AS1-20180127160818
2018-01-27 16:08:23.726;RU;AS123-AS1-20180127160603
2018-01-27 16:08:25.516;VU;AS123-AS1-20180127160603
2018-01-27 16:08:49.768;RC;AS123-AS1-20180127160651
2018-01-27 16:08:51.035;SS;AS123-AS1-20180127160651
2018-01-27 16:09:13.778;RO;AS123-AS1-20180127160818
2018-01-27 16:09:14.892;SP;AS123-AS1-20180127160818
2018-01-27 16:09:16.481;SQ;AS123-AS1-20180127160916
2018-01-27 16:09:43.556;RC;AS123-AS1-20180127160818
2018-01-27 16:09:44.328;SS;AS123-AS1-20180127160818
2018-01-27 16:09:46.939;RU;AS123-AS1-20180127160651
2018-01-27 16:10:48.174;RO;AS123-AS1-20180127160916
2018-01-27 16:10:49.689;RU;AS123-AS1-20180127160818
2018-01-27 16:10:49.818;SP;AS123-AS1-20180127160916
2018-01-27 16:10:54.082;VU;AS123-AS1-20180127160818
2018-01-27 16:10:54.760;SQ;AS123-AS1-20180127161054
2018-01-27 16:11:21.833;RC;AS123-AS1-20180127160916
2018-01-27 16:11:23.574;SS;AS123-AS1-20180127160916
2018-01-27 16:11:58.284;RO;AS123-AS1-20180127161054
2018-01-27 16:11:59.564;SP;AS123-AS1-20180127161054
2018-01-27 16:12:02.003;SQ;AS123-AS1-20180127161202
2018-01-27 16:12:30.069;RU;AS123-AS1-20180127160916
2018-01-27 16:12:30.099;RC;AS123-AS1-20180127161054
2018-01-27 16:12:32.058;SS;AS123-AS1-20180127161054
2018-01-27 16:12:33.013;VU;AS123-AS1-20180127160916
2018-01-27 16:13:00.878;RO;AS123-AS1-20180127161202
2018-01-27 16:13:02.052;SP;AS123-AS1-20180127161202
2018-01-27 16:13:04.276;SQ;AS123-AS1-20180127161304
2018-01-27 16:13:33.749;RU;AS123-AS1-20180127161054
2018-01-27 16:13:35.225;RC;AS123-AS1-20180127161202
2018-01-27 16:13:35.812;VU;AS123-AS1-20180127161054
2018-01-27 16:13:36.105;SS;AS123-AS1-20180127161202
2018-01-27 16:14:02.923;RO;AS123-AS1-20180127161304
2018-01-27 16:14:04.444;SP;AS123-AS1-20180127161304
2018-01-27 16:14:06.830;SQ;AS123-AS1-20180127161406
2018-01-27 16:14:32.704;RC;AS123-AS1-20180127161304
2018-01-27 16:14:33.778;SS;AS123-AS1-20180127161304
2018-01-27 16:14:45.880;RU;AS123-AS1-20180127161202
2018-01-27 16:14:48.365;VU;AS123-AS1-20180127161202
2018-01-27 16:15:03.281;RO;AS123-AS1-20180127161406
2018-01-27 16:15:04.453;SP;AS123-AS1-20180127161406
2018-01-27 16:15:06.831;SQ;AS123-AS1-20180127161506
2018-01-27 16:15:36.165;RC;AS123-AS1-20180127161406
2018-01-27 16:15:37.520;SS;AS123-AS1-20180127161406
2018-01-27 16:15:42.075;RU;AS123-AS1-20180127161304
2018-01-27 16:15:45.490;VU;AS123-AS1-20180127161304
2018-01-27 16:16:33.068;RO;AS123-AS1-20180127161506
2018-01-27 16:16:34.435;SP;AS123-AS1-20180127161506
2018-01-27 16:16:36.642;SQ;AS123-AS1-20180127161636
2018-01-27 16:16:39.233;RU;AS123-AS1-20180127161406
2018-01-27 16:16:41.033;VU;AS123-AS1-20180127161406
2018-01-27 16:16:59.010;RC;AS123-AS1-20180127161506
2018-01-27 16:17:00.321;SS;AS123-AS1-20180127161506
2018-01-27 16:18:01.289;RU;AS123-AS1-20180127161506
2018-01-27 16:18:02.917;RO;AS123-AS1-20180127161636
2018-01-27 16:18:03.545;VU;AS123-AS1-20180127161506
2018-01-27 16:18:04.174;SP;AS123-AS1-20180127161636
2018-01-27 16:18:07.110;SQ;AS123-AS1-20180127161807
2018-01-27 16:18:39.198;RC;AS123-AS1-20180127161636
2018-01-27 16:18:41.057;SS;AS123-AS1-20180127161636
2018-01-27 16:19:03.340;RO;AS123-AS1-20180127161807
2018-01-27 16:19:04.622;SP;AS123-AS1-20180127161807
2018-01-27 16:19:06.877;SQ;AS123-AS1-20180127161906
2018-01-27 16:19:34.432;RC;AS123-AS1-20180127161807
2018-01-27 16:19:35.219;SS;AS123-AS1-20180127161807
2018-01-27 16:19:36.690;RU;AS123-AS1-20180127161636
2018-01-27 16:19:38.831;VU;AS123-AS1-20180127161636
2018-01-27 16:20:02.585;RO;AS123-AS1-20180127161906
2018-01-27 16:20:03.747;SP;AS123-AS1-20180127161906
2018-01-27 16:20:06.188;SQ;AS123-AS1-20180127162006
2018-01-27 16:20:33.158;RC;AS123-AS1-20180127161906
2018-01-27 16:20:33.841;RU;AS123-AS1-20180127161807
2018-01-27 16:20:35.006;SS;AS123-AS1-20180127161906
2018-01-27 16:20:36.416;VU;AS123-AS1-20180127161807
2018-01-27 16:21:10.064;RO;AS123-AS1-20180127162006
2018-01-27 16:21:11.195;SP;AS123-AS1-20180127162006
2018-01-27 16:21:14.207;SQ;AS123-AS1-20180127162114
2018-01-27 16:21:36.890;RU;AS123-AS1-20180127161906
2018-01-27 16:21:39.061;VU;AS123-AS1-20180127161906
2018-01-27 16:21:41.803;RC;AS123-AS1-20180127162006
2018-01-27 16:21:42.830;SS;AS123-AS1-20180127162006
2018-01-27 16:22:08.411;RO;AS123-AS1-20180127162114
2018-01-27 16:22:09.815;SP;AS123-AS1-20180127162114
2018-01-27 16:22:12.195;SQ;AS123-AS1-20180127162212
2018-01-27 16:22:29.899;RC;AS123-AS1-20180127162114
2018-01-27 16:22:31.484;SS;AS123-AS1-20180127162114
2018-01-27 16:22:43.883;RU;AS123-AS1-20180127162006
2018-01-27 16:22:46.289;VU;AS123-AS1-20180127162006
2018-01-27 16:23:10.451;RO;AS123-AS1-20180127162212
2018-01-27 16:23:12.320;SP;AS123-AS1-20180127162212
2018-01-27 16:23:14.443;SQ;AS123-AS1-20180127162314
2018-01-27 16:23:31.342;RU;AS123-AS1-20180127162114
2018-01-27 16:23:33.309;VU;AS123-AS1-20180127162114
2018-01-27 16:23:46.644;RC;AS123-AS1-20180127162212
2018-01-27 16:23:47.433;SS;AS123-AS1-20180127162212
2018-01-27 16:24:14.280;RO;AS123-AS1-20180127162314
2018-01-27 16:24:15.871;SP;AS123-AS1-20180127162314
2018-01-27 16:24:18.253;SQ;AS123-AS1-20180127162418
2018-01-27 16:24:44.241;RU;AS123-AS1-20180127162212
2018-01-27 16:24:44.375;RC;AS123-AS1-20180127162314
2018-01-27 16:24:46.536;SS;AS123-AS1-20180127162314
2018-01-27 16:24:47.486;VU;AS123-AS1-20180127162212
2018-01-27 16:25:14.248;RO;AS123-AS1-20180127162418
2018-01-27 16:25:15.178;SP;AS123-AS1-20180127162418
2018-01-27 16:25:17.548;SQ;AS123-AS1-20180127162517
2018-01-27 16:25:45.250;RC;AS123-AS1-20180127162418
2018-01-27 16:25:46.358;SS;AS123-AS1-20180127162418
2018-01-27 16:25:46.808;RU;AS123-AS1-20180127162314
2018-01-27 16:25:49.396;VU;AS123-AS1-20180127162314
2018-01-27 16:26:13.197;RO;AS123-AS1-20180127162517
2018-01-27 16:26:14.424;SP;AS123-AS1-20180127162517
2018-01-27 16:26:16.840;SQ;AS123-AS1-20180127162616
2018-01-27 16:26:39.524;RC;AS123-AS1-20180127162517
2018-01-27 16:26:40.569;RU;AS123-AS1-20180127162418
2018-01-27 16:26:42.692;SS;AS123-AS1-20180127162517
2018-01-27 16:26:44.657;VU;AS123-AS1-20180127162418
2018-01-27 16:27:07.314;RO;AS123-AS1-20180127162616
2018-01-27 16:27:08.854;SP;AS123-AS1-20180127162616
2018-01-27 16:27:10.897;SQ;AS123-AS1-20180127162710
2018-01-27 16:27:25.361;RC;AS123-AS1-20180127162616
2018-01-27 16:27:26.337;SS;AS123-AS1-20180127162616
2018-01-27 16:27:30.131;RU;AS123-AS1-20180127162517
2018-01-27 16:27:32.816;VU;AS123-AS1-20180127162517
2018-01-27 16:27:42.551;RO;AS123-AS1-20180127162710
2018-01-27 16:27:44.936;SP;AS123-AS1-20180127162710
2018-01-27 16:27:57.977;RC;AS123-AS1-20180127162710
2018-01-27 16:27:58.335;RU;AS123-AS1-20180127162616
2018-01-27 16:28:02.208;SS;AS123-AS1-20180127162710
2018-01-27 16:28:03.351;VU;AS123-AS1-20180127162616
2018-01-27 16:28:10.676;RU;AS123-AS1-20180127162710
2018-01-27 16:28:14.566;VU;AS123-AS1-20180127162710
