2018-01-27 15:56:00.410;SQ;AS150-AS1-20180127155600
2018-01-27 15:56:21.334;RO;AS150-AS1-20180127155600
2018-01-27 15:56:22.254;SP;AS150-AS1-20180127155600
2018-01-27 15:56:23.892;SQ;AS150-AS1-20180127155623
2018-01-27 15:56:36.101;RC;AS150-AS1-20180127155600
2018-01-27 15:56:36.945;SS;AS150-AS1-20180127155600
2018-01-27 15:57:08.734;RO;AS150-AS1-20180127155623
2018-01-27 15:57:09.754;SP;AS150-AS1-20180127155623
2018-01-27 15:57:11.393;SQ;AS150-AS1-20180127155711
2018-01-27 15:57:27.255;RU;AS150-AS1-20180127155600
2018-01-27 15:57:29.073;VU;AS150-AS1-20180127155600
2018-01-27 15:57:36.797;RC;AS150-AS1-20180127155623
2018-01-27 15:57:37.601;SS;AS150-AS1-20180127155623
2018-01-27 15:58:12.857;RO;AS150-AS1-20180127155711
2018-01-27 15:58:13.773;SP;AS150-AS1-20180127155711
2018-01-27 15:58:15.658;SQ;AS150-AS1-20180127155815
2018-01-27 15:58:42.255;RC;AS150-AS1-20180127155711
2018-01-27 15:58:42.269;RU;AS150-AS1-20180127155623
2018-01-27 15:58:43.890;SS;AS150-AS1-20180127155711
2018-01-27 15:58:44.891;VU;AS150-AS1-20180127155623
2018-01-27 15:59:13.296;RO;AS150-AS1-20180127155815
2018-01-27 15:59:14.548;SP;AS150-AS1-20180127155815
2018-01-27 15:59:16.191;SQ;AS150-AS1-20180127155916
2018-01-27 15:59:45.686;RU;AS150-AS1-20180127155711
2018-01-27 15:59:46.198;RC;AS150-AS1-20180127155815
2018-01-27 15:59:47.332;SS;AS150-AS1-20180127155815
2018-01-27 15:59:47.769;VU;AS150-AS1-20180127155711
2018-01-27 16:00:18.213;RO;AS150-AS1-20180127155916
2018-01-27 16:00:19.088;SP;AS150-AS1-20180127155916
2018-01-27 16:00:20.837;SQ;AS150-AS1-20180127160020
2018-01-27 16:00:47.971;RU;AS150-AS1-20180127155815
2018-01-27 16:00:48.673;RC;AS150-AS1-20180127155916
2018-01-27 16:00:49.621;SS;AS150-AS1-20180127155916
2018-01-27 16:00:49.891;VU;AS150-AS1-20180127155815
2018-01-27 16:01:20.161;RO;AS150-AS1-20180127160020
2018-01-27 16:01:21.199;SP;AS150-AS1-20180127160020
2018-01-27 16:01:23.736;SQ;AS150-AS1-20180127160123
2018-01-27 16:01:51.064;RC;AS150-AS1-20180127160020
2018-01-27 16:01:51.894;SS;AS150-AS1-20180127160020
2018-01-27 16:01:53.701;RU;AS150-AS1-20180127155916
2018-01-27 16:01:56.413;VU;AS150-AS1-20180127155916
2018-01-27 16:02:22.778;RO;AS150-AS1-20180127160123
2018-01-27 16:02:23.650;SP;AS150-AS1-20180127160123
2018-01-27 16:02:27.102;SQ;AS150-AS1-20180127160227
2018-01-27 16:02:51.063;RU;AS150-AS1-20180127160020
2018-01-27 16:02:52.738;RC;AS150-AS1-20180127160123
2018-01-27 16:02:52.867;VU;AS150-AS1-20180127160020
2018-01-27 16:02:53.541;SS;AS150-AS1-20180127160123
2018-01-27 16:03:24.839;RO;AS150-AS1-20180127160227
2018-01-27 16:03:26.297;SP;AS150-AS1-20180127160227
2018-01-27 16:03:29.408;SQ;AS150-AS1-20180127160329
2018-01-27 16:03:52.686;RC;AS150-AS1-20180127160227
2018-01-27 16:03:53.493;SS;AS150-AS1-20180127160227
2018-01-27 16:03:53.743;RU;AS150-AS1-20180127160123
2018-01-27 16:03:55.561;VU;AS150-AS1-20180127160123
2018-01-27 16:04:28.287;RO;AS150-AS1-20180127160329
2018-01-27 16:04:30.234;SP;AS150-AS1-20180127160329
2018-01-27 16:04:31.852;SQ;AS150-AS1-20180127160431
2018-01-27 16:04:57.490;RU;AS150-AS1-20180127160227
2018-01-27 16:04:58.596;RC;AS150-AS1-20180127160329
2018-01-27 16:05:00.718;SS;AS150-AS1-20180127160329
2018-01-27 16:05:00.818;VU;AS150-AS1-20180127160227
2018-01-27 16:05:26.224;RO;AS150-AS1-20180127160431
2018-01-27 16:05:27.227;SP;AS150-AS1-20180127160431
2018-01-27 16:05:29.428;SQ;AS150-AS1-20180127160529
2018-01-27 16:05:56.883;RC;AS150-AS1-20180127160431
2018-01-27 16:05:57.698;SS;AS150-AS1-20180127160431
2018-01-27 16:06:10.056;RU;AS150-AS1-20180127160329
2018-01-27 16:06:11.873;VU;AS150-AS1-20180127160329
2018-01-27 16:06:27.477;RO;AS150-AS1-20180127160529
2018-01-27 16:06:28.317;SP;AS150-AS1-20180127160529
2018-01-27 16:06:29.935;SQ;AS150-AS1-20180127160629
2018-01-27 16:06:56.881;RC;AS150-AS1-20180127160529
2018-01-27 16:06:57.711;SS;AS150-AS1-20180127160529
2018-01-27 16:07:05.120;RU;AS150-AS1-20180127160431
2018-01-27 16:07:06.948;VU;AS150-AS1-20180127160431
2018-01-27 16:07:23.400;RO;AS150-AS1-20180127160629
2018-01-27 16:07:24.331;SP;AS150-AS1-20180127160629
2018-01-27 16:07:26.023;SQ;AS150-AS1-20180127160726
2018-01-27 16:07:55.919;RU;AS150-AS1-20180127160529
2018-01-27 16:07:56.703;RC;AS150-AS1-20180127160629
2018-01-27 16:07:57.531;SS;AS150-AS1-20180127160629
2018-01-27 16:07:57.746;VU;AS150-AS1-20180127160529
2018-01-27 16:08:30.469;RO;AS150-AS1-20180127160726
2018-01-27 16:08:31.431;SP;AS150-AS1-20180127160726
2018-01-27 16:08:33.726;SQ;AS150-AS1-20180127160833
2018-01-27 16:08:58.813;RC;AS150-AS1-20180127160726
2018-01-27 16:08:59.633;SS;AS150-AS1-20180127160726
2018-01-27 16:09:00.088;RU;AS150-AS1-20180127160629
2018-01-27 16:09:01.902;VU;AS150-AS1-20180127160629
2018-01-27 16:09:30.525;RO;AS150-AS1-20180127160833
2018-01-27 16:09:31.632;SP;AS150-AS1-20180127160833
2018-01-27 16:09:33.247;SQ;AS150-AS1-20180127160933
2018-01-27 16:09:58.907;RU;AS150-AS1-20180127160726
2018-01-27 16:10:00.708;VU;AS150-AS1-20180127160726
2018-01-27 16:10:00.722;RC;AS150-AS1-20180127160833
2018-01-27 16:10:01.541;SS;AS150-AS1-20180127160833
2018-01-27 16:10:41.373;RO;AS150-AS1-20180127160933
2018-01-27 16:10:42.637;SP;AS150-AS1-20180127160933
2018-01-27 16:10:44.278;SQ;AS150-AS1-20180127161044
2018-01-27 16:11:07.997;RU;AS150-AS1-20180127160833
2018-01-27 16:11:09.812;VU;AS150-AS1-20180127160833
2018-01-27 16:11:15.455;RC;AS150-AS1-20180127160933
2018-01-27 16:11:16.261;SS;AS150-AS1-20180127160933
2018-01-27 16:11:36.118;RO;AS150-AS1-20180127161044
2018-01-27 16:11:38.018;SP;AS150-AS1-20180127161044
2018-01-27 16:11:39.991;SQ;AS150-AS1-20180127161139
2018-01-27 16:12:09.718;RC;AS150-AS1-20180127161044
2018-01-27 16:12:10.549;SS;AS150-AS1-20180127161044
2018-01-27 16:12:16.753;RU;AS150-AS1-20180127160933
2018-01-27 16:12:18.554;VU;AS150-AS1-20180127160933
2018-01-27 16:12:36.957;RO;AS150-AS1-20180127161139
2018-01-27 16:12:38.065;SP;AS150-AS1-20180127161139
2018-01-27 16:12:41.191;SQ;AS150-AS1-20180127161241
2018-01-27 16:13:05.845;RU;AS150-AS1-20180127161044
2018-01-27 16:13:07.663;VU;AS150-AS1-20180127161044
2018-01-27 16:13:07.982;RC;AS150-AS1-20180127161139
2018-01-27 16:13:09.314;SS;AS150-AS1-20180127161139
2018-01-27 16:13:49.113;RO;AS150-AS1-20180127161241
2018-01-27 16:13:50.062;SP;AS150-AS1-20180127161241
2018-01-27 16:13:51.710;SQ;AS150-AS1-20180127161351
2018-01-27 16:14:08.460;RU;AS150-AS1-20180127161139
2018-01-27 16:14:10.276;VU;AS150-AS1-20180127161139
2018-01-27 16:14:20.293;RC;AS150-AS1-20180127161241
2018-01-27 16:14:21.122;SS;AS150-AS1-20180127161241
2018-01-27 16:14:51.629;RO;AS150-AS1-20180127161351
2018-01-27 16:14:52.572;SP;AS150-AS1-20180127161351
2018-01-27 16:14:54.200;SQ;AS150-AS1-20180127161454
2018-01-27 16:15:23.534;RC;AS150-AS1-20180127161351
2018-01-27 16:15:24.331;SS;AS150-AS1-20180127161351
2018-01-27 16:15:24.442;RU;AS150-AS1-20180127161241
2018-01-27 16:15:26.274;VU;AS150-AS1-20180127161241
2018-01-27 16:15:53.261;RO;AS150-AS1-20180127161454
2018-01-27 16:15:54.099;SP;AS150-AS1-20180127161454
2018-01-27 16:15:55.757;SQ;AS150-AS1-20180127161555
2018-01-27 16:16:23.364;RC;AS150-AS1-20180127161454
2018-01-27 16:16:24.190;SS;AS150-AS1-20180127161454
2018-01-27 16:16:29.562;RU;AS150-AS1-20180127161351
2018-01-27 16:16:32.180;VU;AS150-AS1-20180127161351
2018-01-27 16:16:55.824;RO;AS150-AS1-20180127161555
2018-01-27 16:16:56.650;SP;AS150-AS1-20180127161555
2018-01-27 16:16:58.269;SQ;AS150-AS1-20180127161658
2018-01-27 16:17:21.593;RU;AS150-AS1-20180127161454
2018-01-27 16:17:23.401;VU;AS150-AS1-20180127161454
2018-01-27 16:17:29.013;RC;AS150-AS1-20180127161555
2018-01-27 16:17:29.817;SS;AS150-AS1-20180127161555
2018-01-27 16:17:54.072;RO;AS150-AS1-20180127161658
2018-01-27 16:17:55.139;SP;AS150-AS1-20180127161658
2018-01-27 16:17:56.752;SQ;AS150-AS1-20180127161756
2018-01-27 16:18:23.937;RC;AS150-AS1-20180127161658
2018-01-27 16:18:24.735;SS;AS150-AS1-20180127161658
2018-01-27 16:18:36.558;RU;AS150-AS1-20180127161555
2018-01-27 16:18:38.389;VU;AS150-AS1-20180127161555
2018-01-27 16:19:01.641;RO;AS150-AS1-20180127161756
2018-01-27 16:19:02.642;SP;AS150-AS1-20180127161756
2018-01-27 16:19:04.243;SQ;AS150-AS1-20180127161904
2018-01-27 16:19:26.222;RU;AS150-AS1-20180127161658
2018-01-27 16:19:28.055;VU;AS150-AS1-20180127161658
2018-01-27 16:19:32.678;RC;AS150-AS1-20180127161756
2018-01-27 16:19:33.464;SS;AS150-AS1-20180127161756
2018-01-27 16:20:04.491;RO;AS150-AS1-20180127161904
2018-01-27 16:20:05.648;SP;AS150-AS1-20180127161904
2018-01-27 16:20:07.324;SQ;AS150-AS1-20180127162007
2018-01-27 16:20:33.377;RC;AS150-AS1-20180127161904
2018-01-27 16:20:33.669;RU;AS150-AS1-20180127161756
2018-01-27 16:20:34.710;SS;AS150-AS1-20180127161904
2018-01-27 16:20:36.046;VU;AS150-AS1-20180127161756
2018-01-27 16:21:10.100;RO;AS150-AS1-20180127162007
2018-01-27 16:21:11.222;SP;AS150-AS1-20180127162007
2018-01-27 16:21:12.829;SQ;AS150-AS1-20180127162112
2018-01-27 16:21:37.489;RU;AS150-AS1-20180127161904
2018-01-27 16:21:38.341;RC;AS150-AS1-20180127162007
2018-01-27 16:21:39.160;SS;AS150-AS1-20180127162007
2018-01-27 16:21:39.307;VU;AS150-AS1-20180127161904
2018-01-27 16:22:39.286;RO;AS150-AS1-20180127162112
2018-01-27 16:22:40.240;SP;AS150-AS1-20180127162112
2018-01-27 16:22:41.817;SQ;AS150-AS1-20180127162241
2018-01-27 16:23:05.167;RU;AS150-AS1-20180127162007
2018-01-27 16:23:06.995;VU;AS150-AS1-20180127162007
2018-01-27 16:23:11.008;RC;AS150-AS1-20180127162112
2018-01-27 16:23:11.830;SS;AS150-AS1-20180127162112
2018-01-27 16:23:44.490;RO;AS150-AS1-20180127162241
2018-01-27 16:23:45.705;SP;AS150-AS1-20180127162241
2018-01-27 16:23:47.319;SQ;AS150-AS1-20180127162347
2018-01-27 16:24:14.305;RU;AS150-AS1-20180127162112
2018-01-27 16:24:14.778;RC;AS150-AS1-20180127162241
2018-01-27 16:24:15.925;SS;AS150-AS1-20180127162241
2018-01-27 16:24:16.367;VU;AS150-AS1-20180127162112
2018-01-27 16:24:45.448;RO;AS150-AS1-20180127162347
2018-01-27 16:24:46.700;SP;AS150-AS1-20180127162347
2018-01-27 16:24:48.286;SQ;AS150-AS1-20180127162448
2018-01-27 16:25:16.293;RU;AS150-AS1-20180127162241
2018-01-27 16:25:18.105;VU;AS150-AS1-20180127162241
2018-01-27 16:25:20.908;RC;AS150-AS1-20180127162347
2018-01-27 16:25:21.719;SS;AS150-AS1-20180127162347
2018-01-27 16:25:44.773;RO;AS150-AS1-20180127162448
2018-01-27 16:25:45.669;SP;AS150-AS1-20180127162448
2018-01-27 16:25:47.303;SQ;AS150-AS1-20180127162547
2018-01-27 16:26:19.072;RC;AS150-AS1-20180127162448
2018-01-27 16:26:19.881;SS;AS150-AS1-20180127162448
2018-01-27 16:26:21.697;RU;AS150-AS1-20180127162347
2018-01-27 16:26:23.495;VU;AS150-AS1-20180127162347
2018-01-27 16:26:39.108;RO;AS150-AS1-20180127162547
2018-01-27 16:26:40.533;SP;AS150-AS1-20180127162547
2018-01-27 16:27:07.249;RC;AS150-AS1-20180127162547
2018-01-27 16:27:07.996;RU;AS150-AS1-20180127162448
2018-01-27 16:27:08.149;SS;AS150-AS1-20180127162547
2018-01-27 16:27:09.896;VU;AS150-AS1-20180127162448
2018-01-27 16:27:47.620;RU;AS150-AS1-20180127162547
2018-01-27 16:27:49.428;VU;AS150-AS1-20180127162547
