2018-01-27 15:56:03.089;SQ;AS19-AS1-20180127155603
2018-01-27 15:56:26.244;RO;AS19-AS1-20180127155603
2018-01-27 15:56:27.950;SP;AS19-AS1-20180127155603
2018-01-27 15:56:29.687;SQ;AS19-AS1-20180127155629
2018-01-27 15:56:50.431;RC;AS19-AS1-20180127155603
2018-01-27 15:56:51.281;SS;AS19-AS1-20180127155603
2018-01-27 15:57:12.416;RO;AS19-AS1-20180127155629
2018-01-27 15:57:13.577;SP;AS19-AS1-20180127155629
2018-01-27 15:57:16.319;SQ;AS19-AS1-20180127155716
2018-01-27 15:57:43.499;RC;AS19-AS1-20180127155629
2018-01-27 15:57:44.365;SS;AS19-AS1-20180127155629
2018-01-27 15:57:46.399;RU;AS19-AS1-20180127155603
2018-01-27 15:57:48.262;VU;AS19-AS1-20180127155603
2018-01-27 15:58:11.716;RO;AS19-AS1-20180127155716
2018-01-27 15:58:12.751;SP;AS19-AS1-20180127155716
2018-01-27 15:58:14.453;SQ;AS19-AS1-20180127155814
2018-01-27 15:58:40.316;RU;AS19-AS1-20180127155629
2018-01-27 15:58:41.539;RC;AS19-AS1-20180127155716
2018-01-27 15:58:42.169;VU;AS19-AS1-20180127155629
2018-01-27 15:58:42.410;SS;AS19-AS1-20180127155716
2018-01-27 15:59:07.608;RO;AS19-AS1-20180127155814
2018-01-27 15:59:08.851;SP;AS19-AS1-20180127155814
2018-01-27 15:59:10.549;SQ;AS19-AS1-20180127155910
2018-01-27 15:59:42.492;RC;AS19-AS1-20180127155814
2018-01-27 15:59:43.340;SS;AS19-AS1-20180127155814
2018-01-27 15:59:50.752;RU;AS19-AS1-20180127155716
2018-01-27 15:59:53.279;VU;AS19-AS1-20180127155716
2018-01-27 16:00:13.360;RO;AS19-AS1-20180127155910
2018-01-27 16:00:14.456;SP;AS19-AS1-20180127155910
2018-01-27 16:00:16.195;SQ;AS19-AS1-20180127160016
2018-01-27 16:00:43.808;RC;AS19-AS1-20180127155910
2018-01-27 16:00:44.689;SS;AS19-AS1-20180127155910
2018-01-27 16:00:50.368;RU;AS19-AS1-20180127155814
2018-01-27 16:00:52.303;VU;AS19-AS1-20180127155814
2018-01-27 16:01:19.500;RO;AS19-AS1-20180127160016
2018-01-27 16:01:20.615;SP;AS19-AS1-20180127160016
2018-01-27 16:01:22.679;SQ;AS19-AS1-20180127160122
2018-01-27 16:01:48.341;RC;AS19-AS1-20180127160016
2018-01-27 16:01:49.177;SS;AS19-AS1-20180127160016
2018-01-27 16:01:49.972;RU;AS19-AS1-20180127155910
2018-01-27 16:01:51.827;VU;AS19-AS1-20180127155910
2018-01-27 16:02:27.108;RO;AS19-AS1-20180127160122
2018-01-27 16:02:28.116;SP;AS19-AS1-20180127160122
2018-01-27 16:02:29.776;SQ;AS19-AS1-20180127160229
2018-01-27 16:02:53.651;RU;AS19-AS1-20180127160016
2018-01-27 16:02:55.907;VU;AS19-AS1-20180127160016
2018-01-27 16:03:40.654;RC;AS19-AS1-20180127160122
2018-01-27 16:03:42.243;SS;AS19-AS1-20180127160122
2018-01-27 16:03:59.865;RO;AS19-AS1-20180127160229
2018-01-27 16:04:00.727;SP;AS19-AS1-20180127160229
2018-01-27 16:04:02.411;SQ;AS19-AS1-20180127160402
2018-01-27 16:04:28.287;RC;AS19-AS1-20180127160229
2018-01-27 16:04:30.032;SS;AS19-AS1-20180127160229
2018-01-27 16:04:51.466;RU;AS19-AS1-20180127160122
2018-01-27 16:04:53.309;VU;AS19-AS1-20180127160122
2018-01-27 16:05:03.109;RO;AS19-AS1-20180127160402
2018-01-27 16:05:04.348;SP;AS19-AS1-20180127160402
2018-01-27 16:05:06.044;SQ;AS19-AS1-20180127160506
2018-01-27 16:05:40.449;RC;AS19-AS1-20180127160402
2018-01-27 16:05:40.494;RU;AS19-AS1-20180127160229
2018-01-27 16:05:42.106;SS;AS19-AS1-20180127160402
2018-01-27 16:05:43.191;VU;AS19-AS1-20180127160229
2018-01-27 16:06:05.034;RO;AS19-AS1-20180127160506
2018-01-27 16:06:05.944;SP;AS19-AS1-20180127160506
2018-01-27 16:06:07.648;SQ;AS19-AS1-20180127160607
2018-01-27 16:06:31.617;RC;AS19-AS1-20180127160506
2018-01-27 16:06:32.473;SS;AS19-AS1-20180127160506
2018-01-27 16:06:43.689;RU;AS19-AS1-20180127160402
2018-01-27 16:06:45.541;VU;AS19-AS1-20180127160402
2018-01-27 16:07:32.264;RO;AS19-AS1-20180127160607
2018-01-27 16:07:33.685;SP;AS19-AS1-20180127160607
2018-01-27 16:07:35.387;SQ;AS19-AS1-20180127160735
2018-01-27 16:07:39.731;RU;AS19-AS1-20180127160506
2018-01-27 16:07:41.561;VU;AS19-AS1-20180127160506
2018-01-27 16:08:00.191;RC;AS19-AS1-20180127160607
2018-01-27 16:08:01.025;SS;AS19-AS1-20180127160607
2018-01-27 16:08:24.002;RO;AS19-AS1-20180127160735
2018-01-27 16:08:25.281;SP;AS19-AS1-20180127160735
2018-01-27 16:08:26.964;SQ;AS19-AS1-20180127160826
2018-01-27 16:08:48.685;RC;AS19-AS1-20180127160735
2018-01-27 16:08:50.535;SS;AS19-AS1-20180127160735
2018-01-27 16:09:05.963;RU;AS19-AS1-20180127160607
2018-01-27 16:09:07.804;VU;AS19-AS1-20180127160607
2018-01-27 16:09:29.982;RO;AS19-AS1-20180127160826
2018-01-27 16:09:30.865;SP;AS19-AS1-20180127160826
2018-01-27 16:09:32.582;SQ;AS19-AS1-20180127160932
2018-01-27 16:09:48.166;RU;AS19-AS1-20180127160735
2018-01-27 16:09:50.004;VU;AS19-AS1-20180127160735
2018-01-27 16:09:58.912;RC;AS19-AS1-20180127160826
2018-01-27 16:09:59.746;SS;AS19-AS1-20180127160826
2018-01-27 16:10:32.186;RO;AS19-AS1-20180127160932
2018-01-27 16:10:33.492;SP;AS19-AS1-20180127160932
2018-01-27 16:10:35.524;SQ;AS19-AS1-20180127161035
2018-01-27 16:10:59.035;RU;AS19-AS1-20180127160826
2018-01-27 16:11:00.875;VU;AS19-AS1-20180127160826
2018-01-27 16:11:05.612;RC;AS19-AS1-20180127160932
2018-01-27 16:11:07.415;SS;AS19-AS1-20180127160932
2018-01-27 16:11:46.040;RO;AS19-AS1-20180127161035
2018-01-27 16:11:46.983;SP;AS19-AS1-20180127161035
2018-01-27 16:11:48.662;SQ;AS19-AS1-20180127161148
2018-01-27 16:12:06.606;RU;AS19-AS1-20180127160932
2018-01-27 16:12:09.324;VU;AS19-AS1-20180127160932
2018-01-27 16:12:17.486;RC;AS19-AS1-20180127161035
2018-01-27 16:12:18.361;SS;AS19-AS1-20180127161035
2018-01-27 16:13:21.739;RO;AS19-AS1-20180127161148
2018-01-27 16:13:22.605;SP;AS19-AS1-20180127161148
2018-01-27 16:13:23.356;RU;AS19-AS1-20180127161035
2018-01-27 16:13:26.667;SQ;AS19-AS1-20180127161326
2018-01-27 16:13:27.593;VU;AS19-AS1-20180127161035
2018-01-27 16:13:54.988;RC;AS19-AS1-20180127161148
2018-01-27 16:13:56.539;SS;AS19-AS1-20180127161148
2018-01-27 16:14:24.815;RO;AS19-AS1-20180127161326
2018-01-27 16:14:26.676;SP;AS19-AS1-20180127161326
2018-01-27 16:14:29.727;SQ;AS19-AS1-20180127161429
2018-01-27 16:14:56.836;RC;AS19-AS1-20180127161326
2018-01-27 16:14:58.065;SS;AS19-AS1-20180127161326
2018-01-27 16:15:02.790;RU;AS19-AS1-20180127161148
2018-01-27 16:15:04.636;VU;AS19-AS1-20180127161148
2018-01-27 16:15:25.117;RO;AS19-AS1-20180127161429
2018-01-27 16:15:26.128;SP;AS19-AS1-20180127161429
2018-01-27 16:15:28.575;SQ;AS19-AS1-20180127161528
2018-01-27 16:15:51.822;RC;AS19-AS1-20180127161429
2018-01-27 16:15:52.650;SS;AS19-AS1-20180127161429
2018-01-27 16:15:58.864;RU;AS19-AS1-20180127161326
2018-01-27 16:16:00.699;VU;AS19-AS1-20180127161326
2018-01-27 16:16:28.014;RO;AS19-AS1-20180127161528
2018-01-27 16:16:29.303;SP;AS19-AS1-20180127161528
2018-01-27 16:16:32.384;SQ;AS19-AS1-20180127161632
2018-01-27 16:16:57.385;RU;AS19-AS1-20180127161429
2018-01-27 16:16:59.226;VU;AS19-AS1-20180127161429
2018-01-27 16:16:59.269;RC;AS19-AS1-20180127161528
2018-01-27 16:17:00.126;SS;AS19-AS1-20180127161528
2018-01-27 16:17:27.937;RO;AS19-AS1-20180127161632
2018-01-27 16:17:28.805;SP;AS19-AS1-20180127161632
2018-01-27 16:17:30.490;SQ;AS19-AS1-20180127161730
2018-01-27 16:18:00.490;RC;AS19-AS1-20180127161632
2018-01-27 16:18:01.353;SS;AS19-AS1-20180127161632
2018-01-27 16:18:01.787;RU;AS19-AS1-20180127161528
2018-01-27 16:18:03.654;VU;AS19-AS1-20180127161528
2018-01-27 16:18:29.017;RO;AS19-AS1-20180127161730
2018-01-27 16:18:29.889;SP;AS19-AS1-20180127161730
2018-01-27 16:18:31.604;SQ;AS19-AS1-20180127161831
2018-01-27 16:19:01.925;RC;AS19-AS1-20180127161730
2018-01-27 16:19:02.752;SS;AS19-AS1-20180127161730
2018-01-27 16:19:05.528;RU;AS19-AS1-20180127161632
2018-01-27 16:19:07.389;VU;AS19-AS1-20180127161632
2018-01-27 16:19:24.887;RO;AS19-AS1-20180127161831
2018-01-27 16:19:26.038;SP;AS19-AS1-20180127161831
2018-01-27 16:19:27.713;SQ;AS19-AS1-20180127161927
2018-01-27 16:19:52.442;RC;AS19-AS1-20180127161831
2018-01-27 16:19:53.289;SS;AS19-AS1-20180127161831
2018-01-27 16:20:04.109;RU;AS19-AS1-20180127161730
2018-01-27 16:20:05.967;VU;AS19-AS1-20180127161730
2018-01-27 16:20:34.800;RO;AS19-AS1-20180127161927
2018-01-27 16:20:36.150;SP;AS19-AS1-20180127161927
2018-01-27 16:20:37.846;SQ;AS19-AS1-20180127162037
2018-01-27 16:20:53.098;RU;AS19-AS1-20180127161831
2018-01-27 16:21:05.339;RC;AS19-AS1-20180127161927
2018-01-27 16:21:06.181;SS;AS19-AS1-20180127161927
2018-01-27 16:21:39.961;RO;AS19-AS1-20180127162037
2018-01-27 16:21:41.424;SP;AS19-AS1-20180127162037
2018-01-27 16:21:43.844;SQ;AS19-AS1-20180127162143
2018-01-27 16:22:08.167;RU;AS19-AS1-20180127161927
2018-01-27 16:22:10.241;VU;AS19-AS1-20180127161927
2018-01-27 16:22:16.819;RC;AS19-AS1-20180127162037
2018-01-27 16:22:19.189;SS;AS19-AS1-20180127162037
2018-01-27 16:22:33.674;RO;AS19-AS1-20180127162143
2018-01-27 16:22:35.236;SP;AS19-AS1-20180127162143
2018-01-27 16:22:37.668;SQ;AS19-AS1-20180127162237
2018-01-27 16:23:10.655;RC;AS19-AS1-20180127162143
2018-01-27 16:23:12.001;SS;AS19-AS1-20180127162143
2018-01-27 16:23:21.808;RU;AS19-AS1-20180127162037
2018-01-27 16:23:23.682;VU;AS19-AS1-20180127162037
2018-01-27 16:23:42.892;RO;AS19-AS1-20180127162237
2018-01-27 16:23:44.321;SP;AS19-AS1-20180127162237
2018-01-27 16:23:46.785;SQ;AS19-AS1-20180127162346
2018-01-27 16:24:06.497;RU;AS19-AS1-20180127162143
2018-01-27 16:24:43.845;RC;AS19-AS1-20180127162237
2018-01-27 16:24:45.090;RO;AS19-AS1-20180127162346
2018-01-27 16:24:45.659;SS;AS19-AS1-20180127162237
2018-01-27 16:24:47.499;SP;AS19-AS1-20180127162346
2018-01-27 16:24:51.865;SQ;AS19-AS1-20180127162451
2018-01-27 16:25:19.836;RC;AS19-AS1-20180127162346
2018-01-27 16:25:22.080;SS;AS19-AS1-20180127162346
2018-01-27 16:25:45.657;RU;AS19-AS1-20180127162237
2018-01-27 16:25:48.753;VU;AS19-AS1-20180127162237
2018-01-27 16:25:52.029;RO;AS19-AS1-20180127162451
2018-01-27 16:25:54.866;SP;AS19-AS1-20180127162451
2018-01-27 16:25:59.556;SQ;AS19-AS1-20180127162559
2018-01-27 16:26:20.567;RU;AS19-AS1-20180127162346
2018-01-27 16:26:20.667;RC;AS19-AS1-20180127162451
2018-01-27 16:26:23.622;SS;AS19-AS1-20180127162451
2018-01-27 16:26:24.312;VU;AS19-AS1-20180127162346
2018-01-27 16:26:48.071;RO;AS19-AS1-20180127162559
2018-01-27 16:26:49.391;SP;AS19-AS1-20180127162559
2018-01-27 16:26:52.982;SQ;AS19-AS1-20180127162652
2018-01-27 16:27:12.388;RC;AS19-AS1-20180127162559
2018-01-27 16:27:17.217;SS;AS19-AS1-20180127162559
2018-01-27 16:27:19.185;RU;AS19-AS1-20180127162451
2018-01-27 16:27:21.856;VU;AS19-AS1-20180127162451
2018-01-27 16:27:45.043;RO;AS19-AS1-20180127162652
2018-01-27 16:27:49.011;SP;AS19-AS1-20180127162652
2018-01-27 16:27:49.353;RU;AS19-AS1-20180127162559
2018-01-27 16:27:51.958;VU;AS19-AS1-20180127162559
2018-01-27 16:27:58.495;RC;AS19-AS1-20180127162652
2018-01-27 16:28:02.471;SS;AS19-AS1-20180127162652
2018-01-27 16:28:11.682;RU;AS19-AS1-20180127162652
2018-01-27 16:28:16.544;VU;AS19-AS1-20180127162652
