2018-01-27 15:55:59.090;SQ;AS31-AS1-20180127155559
2018-01-27 15:56:18.013;RO;AS31-AS1-20180127155559
2018-01-27 15:56:18.970;SP;AS31-AS1-20180127155559
2018-01-27 15:56:20.677;SQ;AS31-AS1-20180127155620
2018-01-27 15:56:34.494;RC;AS31-AS1-20180127155559
2018-01-27 15:56:35.393;SS;AS31-AS1-20180127155559
2018-01-27 15:56:56.577;RO;AS31-AS1-20180127155620
2018-01-27 15:56:57.577;SP;AS31-AS1-20180127155620
2018-01-27 15:56:59.907;SQ;AS31-AS1-20180127155659
2018-01-27 15:57:14.889;RU;AS31-AS1-20180127155559
2018-01-27 15:57:17.743;VU;AS31-AS1-20180127155559
2018-01-27 15:57:23.050;RC;AS31-AS1-20180127155620
2018-01-27 15:57:23.911;SS;AS31-AS1-20180127155620
2018-01-27 15:58:01.148;RO;AS31-AS1-20180127155659
2018-01-27 15:58:02.345;SP;AS31-AS1-20180127155659
2018-01-27 15:58:04.111;SQ;AS31-AS1-20180127155804
2018-01-27 15:58:19.728;RU;AS31-AS1-20180127155620
2018-01-27 15:58:21.577;VU;AS31-AS1-20180127155620
2018-01-27 15:58:32.463;RC;AS31-AS1-20180127155659
2018-01-27 15:58:33.536;SS;AS31-AS1-20180127155659
2018-01-27 15:59:05.038;RO;AS31-AS1-20180127155804
2018-01-27 15:59:06.053;SP;AS31-AS1-20180127155804
2018-01-27 15:59:07.795;SQ;AS31-AS1-20180127155907
2018-01-27 15:59:37.016;RC;AS31-AS1-20180127155804
2018-01-27 15:59:37.894;SS;AS31-AS1-20180127155804
2018-01-27 15:59:42.633;RU;AS31-AS1-20180127155659
2018-01-27 15:59:44.487;VU;AS31-AS1-20180127155659
2018-01-27 16:00:07.107;RO;AS31-AS1-20180127155907
2018-01-27 16:00:08.265;SP;AS31-AS1-20180127155907
2018-01-27 16:00:10.029;SQ;AS31-AS1-20180127160010
2018-01-27 16:00:32.064;RC;AS31-AS1-20180127155907
2018-01-27 16:00:32.921;SS;AS31-AS1-20180127155907
2018-01-27 16:00:44.975;RU;AS31-AS1-20180127155804
2018-01-27 16:00:46.835;VU;AS31-AS1-20180127155804
2018-01-27 16:01:03.431;RO;AS31-AS1-20180127160010
2018-01-27 16:01:04.451;SP;AS31-AS1-20180127160010
2018-01-27 16:01:06.215;SQ;AS31-AS1-20180127160106
2018-01-27 16:01:33.013;RC;AS31-AS1-20180127160010
2018-01-27 16:01:33.866;SS;AS31-AS1-20180127160010
2018-01-27 16:01:39.218;RU;AS31-AS1-20180127155907
2018-01-27 16:01:41.102;VU;AS31-AS1-20180127155907
2018-01-27 16:02:00.677;RO;AS31-AS1-20180127160106
2018-01-27 16:02:01.637;SP;AS31-AS1-20180127160106
2018-01-27 16:02:03.360;SQ;AS31-AS1-20180127160203
2018-01-27 16:02:25.627;RU;AS31-AS1-20180127160010
2018-01-27 16:02:27.623;VU;AS31-AS1-20180127160010
2018-01-27 16:02:35.158;RC;AS31-AS1-20180127160106
2018-01-27 16:02:36.034;SS;AS31-AS1-20180127160106
2018-01-27 16:03:02.100;RO;AS31-AS1-20180127160203
2018-01-27 16:03:03.305;SP;AS31-AS1-20180127160203
2018-01-27 16:03:05.059;SQ;AS31-AS1-20180127160305
2018-01-27 16:03:25.704;RC;AS31-AS1-20180127160203
2018-01-27 16:03:27.506;SS;AS31-AS1-20180127160203
2018-01-27 16:03:31.262;RU;AS31-AS1-20180127160106
2018-01-27 16:03:33.145;VU;AS31-AS1-20180127160106
2018-01-27 16:03:51.785;RO;AS31-AS1-20180127160305
2018-01-27 16:03:52.979;SP;AS31-AS1-20180127160305
2018-01-27 16:03:54.735;SQ;AS31-AS1-20180127160354
2018-01-27 16:04:14.298;RC;AS31-AS1-20180127160305
2018-01-27 16:04:15.160;SS;AS31-AS1-20180127160305
2018-01-27 16:04:28.482;RU;AS31-AS1-20180127160203
2018-01-27 16:04:31.350;VU;AS31-AS1-20180127160203
2018-01-27 16:04:51.469;RO;AS31-AS1-20180127160354
2018-01-27 16:04:52.682;SP;AS31-AS1-20180127160354
2018-01-27 16:04:54.385;SQ;AS31-AS1-20180127160454
2018-01-27 16:05:22.072;RU;AS31-AS1-20180127160305
2018-01-27 16:05:23.942;VU;AS31-AS1-20180127160305
2018-01-27 16:05:54.130;RC;AS31-AS1-20180127160354
2018-01-27 16:05:54.343;RO;AS31-AS1-20180127160454
2018-01-27 16:05:55.508;SS;AS31-AS1-20180127160354
2018-01-27 16:05:55.892;SP;AS31-AS1-20180127160454
2018-01-27 16:05:57.631;SQ;AS31-AS1-20180127160557
2018-01-27 16:06:24.530;RC;AS31-AS1-20180127160454
2018-01-27 16:06:25.382;SS;AS31-AS1-20180127160454
2018-01-27 16:06:55.077;RU;AS31-AS1-20180127160354
2018-01-27 16:07:23.433;RU;AS31-AS1-20180127160454
2018-01-27 16:07:25.782;VU;AS31-AS1-20180127160454
2018-01-27 16:07:39.261;RO;AS31-AS1-20180127160557
2018-01-27 16:07:40.719;SP;AS31-AS1-20180127160557
2018-01-27 16:07:43.266;SQ;AS31-AS1-20180127160743
2018-01-27 16:08:10.150;RC;AS31-AS1-20180127160557
2018-01-27 16:08:11.280;SS;AS31-AS1-20180127160557
2018-01-27 16:08:43.920;RO;AS31-AS1-20180127160743
2018-01-27 16:08:45.271;SP;AS31-AS1-20180127160743
2018-01-27 16:08:47.850;SQ;AS31-AS1-20180127160847
2018-01-27 16:09:13.643;RU;AS31-AS1-20180127160557
2018-01-27 16:09:14.792;RC;AS31-AS1-20180127160743
2018-01-27 16:09:16.304;SS;AS31-AS1-20180127160743
2018-01-27 16:09:16.673;VU;AS31-AS1-20180127160557
2018-01-27 16:09:48.732;RO;AS31-AS1-20180127160847
2018-01-27 16:09:50.895;SP;AS31-AS1-20180127160847
2018-01-27 16:09:54.380;SQ;AS31-AS1-20180127160954
2018-01-27 16:10:20.663;RC;AS31-AS1-20180127160847
2018-01-27 16:10:22.802;SS;AS31-AS1-20180127160847
2018-01-27 16:10:22.862;RU;AS31-AS1-20180127160743
2018-01-27 16:10:26.037;VU;AS31-AS1-20180127160743
2018-01-27 16:11:27.648;RU;AS31-AS1-20180127160847
2018-01-27 16:11:29.687;VU;AS31-AS1-20180127160847
2018-01-27 16:11:46.141;RO;AS31-AS1-20180127160954
2018-01-27 16:11:47.924;SP;AS31-AS1-20180127160954
2018-01-27 16:11:50.544;SQ;AS31-AS1-20180127161150
2018-01-27 16:12:18.712;RC;AS31-AS1-20180127160954
2018-01-27 16:12:20.019;SS;AS31-AS1-20180127160954
2018-01-27 16:12:49.790;RO;AS31-AS1-20180127161150
2018-01-27 16:12:51.175;SP;AS31-AS1-20180127161150
2018-01-27 16:12:54.692;SQ;AS31-AS1-20180127161254
2018-01-27 16:13:18.384;RC;AS31-AS1-20180127161150
2018-01-27 16:13:19.556;SS;AS31-AS1-20180127161150
2018-01-27 16:13:25.554;RU;AS31-AS1-20180127160954
2018-01-27 16:13:28.451;VU;AS31-AS1-20180127160954
2018-01-27 16:13:36.787;RO;AS31-AS1-20180127161254
2018-01-27 16:13:38.191;SP;AS31-AS1-20180127161254
2018-01-27 16:13:42.482;SQ;AS31-AS1-20180127161342
2018-01-27 16:14:10.326;RC;AS31-AS1-20180127161254
2018-01-27 16:14:12.566;SS;AS31-AS1-20180127161254
2018-01-27 16:14:23.746;RU;AS31-AS1-20180127161150
2018-01-27 16:14:26.288;VU;AS31-AS1-20180127161150
2018-01-27 16:14:47.381;RO;AS31-AS1-20180127161342
2018-01-27 16:14:48.441;SP;AS31-AS1-20180127161342
2018-01-27 16:14:51.072;SQ;AS31-AS1-20180127161451
2018-01-27 16:15:22.115;RU;AS31-AS1-20180127161254
2018-01-27 16:15:22.234;RC;AS31-AS1-20180127161342
2018-01-27 16:15:24.440;SS;AS31-AS1-20180127161342
2018-01-27 16:15:25.019;VU;AS31-AS1-20180127161254
2018-01-27 16:15:40.448;RO;AS31-AS1-20180127161451
2018-01-27 16:15:41.518;SP;AS31-AS1-20180127161451
2018-01-27 16:15:46.270;SQ;AS31-AS1-20180127161546
2018-01-27 16:16:06.668;RC;AS31-AS1-20180127161451
2018-01-27 16:16:07.903;SS;AS31-AS1-20180127161451
2018-01-27 16:16:31.532;RU;AS31-AS1-20180127161342
2018-01-27 16:16:33.787;VU;AS31-AS1-20180127161342
2018-01-27 16:16:39.885;RO;AS31-AS1-20180127161546
2018-01-27 16:16:41.637;SP;AS31-AS1-20180127161546
2018-01-27 16:16:44.478;SQ;AS31-AS1-20180127161644
2018-01-27 16:17:12.753;RU;AS31-AS1-20180127161451
2018-01-27 16:17:15.335;VU;AS31-AS1-20180127161451
2018-01-27 16:17:15.562;RC;AS31-AS1-20180127161546
2018-01-27 16:17:17.284;SS;AS31-AS1-20180127161546
2018-01-27 16:17:49.112;RO;AS31-AS1-20180127161644
2018-01-27 16:17:52.315;SP;AS31-AS1-20180127161644
2018-01-27 16:17:55.979;SQ;AS31-AS1-20180127161755
2018-01-27 16:18:05.770;RU;AS31-AS1-20180127161546
2018-01-27 16:18:09.696;VU;AS31-AS1-20180127161546
2018-01-27 16:18:14.943;RC;AS31-AS1-20180127161644
2018-01-27 16:18:16.195;SS;AS31-AS1-20180127161644
2018-01-27 16:18:48.618;RO;AS31-AS1-20180127161755
2018-01-27 16:18:50.494;SP;AS31-AS1-20180127161755
2018-01-27 16:18:53.482;SQ;AS31-AS1-20180127161853
2018-01-27 16:19:17.419;RU;AS31-AS1-20180127161644
2018-01-27 16:19:19.748;VU;AS31-AS1-20180127161644
2018-01-27 16:19:21.047;RC;AS31-AS1-20180127161755
2018-01-27 16:19:21.917;SS;AS31-AS1-20180127161755
2018-01-27 16:19:48.662;RO;AS31-AS1-20180127161853
2018-01-27 16:19:49.932;SP;AS31-AS1-20180127161853
2018-01-27 16:19:52.559;SQ;AS31-AS1-20180127161952
2018-01-27 16:20:20.005;RC;AS31-AS1-20180127161853
2018-01-27 16:20:20.136;RU;AS31-AS1-20180127161755
2018-01-27 16:20:22.027;SS;AS31-AS1-20180127161853
2018-01-27 16:20:23.531;VU;AS31-AS1-20180127161755
2018-01-27 16:20:56.735;RO;AS31-AS1-20180127161952
2018-01-27 16:20:59.783;SP;AS31-AS1-20180127161952
2018-01-27 16:21:02.742;SQ;AS31-AS1-20180127162102
2018-01-27 16:21:23.756;RU;AS31-AS1-20180127161853
2018-01-27 16:21:25.630;VU;AS31-AS1-20180127161853
2018-01-27 16:21:27.858;RC;AS31-AS1-20180127161952
2018-01-27 16:21:29.522;SS;AS31-AS1-20180127161952
2018-01-27 16:22:05.602;RO;AS31-AS1-20180127162102
2018-01-27 16:22:07.045;SP;AS31-AS1-20180127162102
2018-01-27 16:22:09.722;SQ;AS31-AS1-20180127162209
2018-01-27 16:22:26.519;RU;AS31-AS1-20180127161952
2018-01-27 16:22:28.965;VU;AS31-AS1-20180127161952
2018-01-27 16:22:33.523;RC;AS31-AS1-20180127162102
2018-01-27 16:22:34.740;SS;AS31-AS1-20180127162102
2018-01-27 16:23:11.059;RO;AS31-AS1-20180127162209
2018-01-27 16:23:12.167;SP;AS31-AS1-20180127162209
2018-01-27 16:23:14.793;SQ;AS31-AS1-20180127162314
2018-01-27 16:23:29.450;RU;AS31-AS1-20180127162102
2018-01-27 16:23:31.804;VU;AS31-AS1-20180127162102
2018-01-27 16:23:41.014;RC;AS31-AS1-20180127162209
2018-01-27 16:23:42.371;SS;AS31-AS1-20180127162209
2018-01-27 16:24:19.491;RO;AS31-AS1-20180127162314
2018-01-27 16:24:21.619;SP;AS31-AS1-20180127162314
2018-01-27 16:24:25.498;SQ;AS31-AS1-20180127162425
2018-01-27 16:24:27.763;RU;AS31-AS1-20180127162209
2018-01-27 16:24:30.264;VU;AS31-AS1-20180127162209
2018-01-27 16:24:49.735;RC;AS31-AS1-20180127162314
2018-01-27 16:24:50.597;SS;AS31-AS1-20180127162314
2018-01-27 16:25:24.805;RO;AS31-AS1-20180127162425
2018-01-27 16:25:26.663;SP;AS31-AS1-20180127162425
2018-01-27 16:25:29.119;SQ;AS31-AS1-20180127162529
2018-01-27 16:25:52.812;RU;AS31-AS1-20180127162314
2018-01-27 16:25:52.819;RC;AS31-AS1-20180127162425
2018-01-27 16:25:57.446;SS;AS31-AS1-20180127162425
2018-01-27 16:25:58.447;VU;AS31-AS1-20180127162314
2018-01-27 16:26:33.261;RO;AS31-AS1-20180127162529
2018-01-27 16:26:35.432;SP;AS31-AS1-20180127162529
2018-01-27 16:26:37.831;SQ;AS31-AS1-20180127162637
2018-01-27 16:26:55.546;RU;AS31-AS1-20180127162425
2018-01-27 16:26:57.620;VU;AS31-AS1-20180127162425
2018-01-27 16:26:59.332;RC;AS31-AS1-20180127162529
2018-01-27 16:27:01.097;SS;AS31-AS1-20180127162529
2018-01-27 16:27:23.904;RO;AS31-AS1-20180127162637
2018-01-27 16:27:25.271;SP;AS31-AS1-20180127162637
2018-01-27 16:27:43.899;RU;AS31-AS1-20180127162529
2018-01-27 16:27:43.903;RC;AS31-AS1-20180127162637
2018-01-27 16:27:48.365;SS;AS31-AS1-20180127162637
2018-01-27 16:27:49.366;VU;AS31-AS1-20180127162529
2018-01-27 16:28:05.335;RU;AS31-AS1-20180127162637
2018-01-27 16:28:16.132;VU;AS31-AS1-20180127162637
