2018-01-27 15:55:59.572;SQ;AS39-AS1-20180127155559
2018-01-27 15:56:21.670;RO;AS39-AS1-20180127155559
2018-01-27 15:56:22.899;SP;AS39-AS1-20180127155559
2018-01-27 15:56:24.479;SQ;AS39-AS1-20180127155624
2018-01-27 15:56:45.620;RC;AS39-AS1-20180127155559
2018-01-27 15:56:46.434;SS;AS39-AS1-20180127155559
2018-01-27 15:57:09.354;RO;AS39-AS1-20180127155624
2018-01-27 15:57:10.342;SP;AS39-AS1-20180127155624
2018-01-27 15:57:11.953;SQ;AS39-AS1-20180127155711
2018-01-27 15:57:37.311;RC;AS39-AS1-20180127155624
2018-01-27 15:57:38.098;SS;AS39-AS1-20180127155624
2018-01-27 15:57:44.341;RU;AS39-AS1-20180127155559
2018-01-27 15:57:46.523;VU;AS39-AS1-20180127155559
2018-01-27 15:58:11.113;RO;AS39-AS1-20180127155711
2018-01-27 15:58:12.334;SP;AS39-AS1-20180127155711
2018-01-27 15:58:13.902;SQ;AS39-AS1-20180127155813
2018-01-27 15:58:39.426;RC;AS39-AS1-20180127155711
2018-01-27 15:58:39.563;RU;AS39-AS1-20180127155624
2018-01-27 15:58:40.937;SS;AS39-AS1-20180127155711
2018-01-27 15:58:42.070;VU;AS39-AS1-20180127155624
2018-01-27 15:59:10.621;RO;AS39-AS1-20180127155813
2018-01-27 15:59:11.767;SP;AS39-AS1-20180127155813
2018-01-27 15:59:13.381;SQ;AS39-AS1-20180127155913
2018-01-27 15:59:43.659;RC;AS39-AS1-20180127155813
2018-01-27 15:59:44.462;SS;AS39-AS1-20180127155813
2018-01-27 16:00:07.729;RO;AS39-AS1-20180127155913
2018-01-27 16:00:08.751;SP;AS39-AS1-20180127155913
2018-01-27 16:00:10.350;SQ;AS39-AS1-20180127160010
2018-01-27 16:00:16.163;RU;AS39-AS1-20180127155711
2018-01-27 16:00:17.980;VU;AS39-AS1-20180127155711
2018-01-27 16:00:35.464;RC;AS39-AS1-20180127155913
2018-01-27 16:00:36.586;SS;AS39-AS1-20180127155913
2018-01-27 16:00:47.591;RU;AS39-AS1-20180127155813
2018-01-27 16:00:49.400;VU;AS39-AS1-20180127155813
2018-01-27 16:01:05.954;RO;AS39-AS1-20180127160010
2018-01-27 16:01:08.022;SP;AS39-AS1-20180127160010
2018-01-27 16:01:10.563;SQ;AS39-AS1-20180127160110
2018-01-27 16:01:36.046;RU;AS39-AS1-20180127155913
2018-01-27 16:01:37.076;RC;AS39-AS1-20180127160010
2018-01-27 16:01:37.832;VU;AS39-AS1-20180127155913
2018-01-27 16:01:38.430;SS;AS39-AS1-20180127160010
2018-01-27 16:02:08.654;RO;AS39-AS1-20180127160110
2018-01-27 16:02:10.474;SP;AS39-AS1-20180127160110
2018-01-27 16:02:12.094;SQ;AS39-AS1-20180127160212
2018-01-27 16:02:41.394;RU;AS39-AS1-20180127160010
2018-01-27 16:02:43.182;VU;AS39-AS1-20180127160010
2018-01-27 16:02:45.061;RC;AS39-AS1-20180127160110
2018-01-27 16:02:45.842;SS;AS39-AS1-20180127160110
2018-01-27 16:03:09.290;RO;AS39-AS1-20180127160212
2018-01-27 16:03:11.166;SP;AS39-AS1-20180127160212
2018-01-27 16:03:13.733;SQ;AS39-AS1-20180127160313
2018-01-27 16:03:42.811;RC;AS39-AS1-20180127160212
2018-01-27 16:03:43.616;SS;AS39-AS1-20180127160212
2018-01-27 16:03:56.561;RU;AS39-AS1-20180127160110
2018-01-27 16:03:59.265;VU;AS39-AS1-20180127160110
2018-01-27 16:04:30.524;RO;AS39-AS1-20180127160313
2018-01-27 16:04:31.606;SP;AS39-AS1-20180127160313
2018-01-27 16:04:33.192;SQ;AS39-AS1-20180127160433
2018-01-27 16:04:49.584;RU;AS39-AS1-20180127160212
2018-01-27 16:04:51.391;VU;AS39-AS1-20180127160212
2018-01-27 16:04:58.736;RC;AS39-AS1-20180127160313
2018-01-27 16:05:00.335;SS;AS39-AS1-20180127160313
2018-01-27 16:05:29.611;RO;AS39-AS1-20180127160433
2018-01-27 16:05:30.872;SP;AS39-AS1-20180127160433
2018-01-27 16:05:32.461;SQ;AS39-AS1-20180127160532
2018-01-27 16:06:02.302;RC;AS39-AS1-20180127160433
2018-01-27 16:06:03.097;SS;AS39-AS1-20180127160433
2018-01-27 16:06:14.601;RU;AS39-AS1-20180127160313
2018-01-27 16:06:17.169;VU;AS39-AS1-20180127160313
2018-01-27 16:06:31.392;RO;AS39-AS1-20180127160532
2018-01-27 16:06:32.328;SP;AS39-AS1-20180127160532
2018-01-27 16:06:33.921;SQ;AS39-AS1-20180127160633
2018-01-27 16:07:02.354;RC;AS39-AS1-20180127160532
2018-01-27 16:07:03.779;SS;AS39-AS1-20180127160532
2018-01-27 16:07:08.888;RU;AS39-AS1-20180127160433
2018-01-27 16:07:10.685;VU;AS39-AS1-20180127160433
2018-01-27 16:07:40.794;RO;AS39-AS1-20180127160633
2018-01-27 16:07:41.805;SP;AS39-AS1-20180127160633
2018-01-27 16:07:43.381;SQ;AS39-AS1-20180127160743
2018-01-27 16:08:10.510;RU;AS39-AS1-20180127160532
2018-01-27 16:08:12.331;VU;AS39-AS1-20180127160532
2018-01-27 16:08:13.017;RC;AS39-AS1-20180127160633
2018-01-27 16:08:13.819;SS;AS39-AS1-20180127160633
2018-01-27 16:09:14.874;RO;AS39-AS1-20180127160743
2018-01-27 16:09:15.766;SP;AS39-AS1-20180127160743
2018-01-27 16:09:17.405;SQ;AS39-AS1-20180127160917
2018-01-27 16:09:20.413;RU;AS39-AS1-20180127160633
2018-01-27 16:09:22.951;VU;AS39-AS1-20180127160633
2018-01-27 16:09:46.062;RC;AS39-AS1-20180127160743
2018-01-27 16:09:46.858;SS;AS39-AS1-20180127160743
2018-01-27 16:10:12.920;RO;AS39-AS1-20180127160917
2018-01-27 16:10:13.778;SP;AS39-AS1-20180127160917
2018-01-27 16:10:15.354;SQ;AS39-AS1-20180127161015
2018-01-27 16:10:46.623;RC;AS39-AS1-20180127160917
2018-01-27 16:10:47.435;SS;AS39-AS1-20180127160917
2018-01-27 16:10:52.050;RU;AS39-AS1-20180127160743
2018-01-27 16:10:53.852;VU;AS39-AS1-20180127160743
2018-01-27 16:11:13.057;RO;AS39-AS1-20180127161015
2018-01-27 16:11:14.210;SP;AS39-AS1-20180127161015
2018-01-27 16:11:15.786;SQ;AS39-AS1-20180127161115
2018-01-27 16:11:39.899;RC;AS39-AS1-20180127161015
2018-01-27 16:11:40.682;SS;AS39-AS1-20180127161015
2018-01-27 16:11:50.538;RU;AS39-AS1-20180127160917
2018-01-27 16:11:52.362;VU;AS39-AS1-20180127160917
2018-01-27 16:12:38.970;RU;AS39-AS1-20180127161015
2018-01-27 16:12:39.634;RO;AS39-AS1-20180127161115
2018-01-27 16:12:41.006;SP;AS39-AS1-20180127161115
2018-01-27 16:12:41.478;VU;AS39-AS1-20180127161015
2018-01-27 16:12:42.573;SQ;AS39-AS1-20180127161242
2018-01-27 16:13:13.999;RC;AS39-AS1-20180127161115
2018-01-27 16:13:14.822;SS;AS39-AS1-20180127161115
2018-01-27 16:13:33.740;RO;AS39-AS1-20180127161242
2018-01-27 16:13:34.925;SP;AS39-AS1-20180127161242
2018-01-27 16:13:36.517;SQ;AS39-AS1-20180127161336
2018-01-27 16:14:02.997;RC;AS39-AS1-20180127161242
2018-01-27 16:14:03.784;SS;AS39-AS1-20180127161242
2018-01-27 16:14:36.812;RO;AS39-AS1-20180127161336
2018-01-27 16:14:37.877;SP;AS39-AS1-20180127161336
2018-01-27 16:14:39.443;SQ;AS39-AS1-20180127161439
2018-01-27 16:14:39.610;RU;AS39-AS1-20180127161115
2018-01-27 16:14:41.396;VU;AS39-AS1-20180127161115
2018-01-27 16:15:08.995;RU;AS39-AS1-20180127161242
2018-01-27 16:15:09.421;RC;AS39-AS1-20180127161336
2018-01-27 16:15:10.619;SS;AS39-AS1-20180127161336
2018-01-27 16:15:11.107;VU;AS39-AS1-20180127161242
2018-01-27 16:15:41.466;RO;AS39-AS1-20180127161439
2018-01-27 16:15:42.296;SP;AS39-AS1-20180127161439
2018-01-27 16:15:45.670;SQ;AS39-AS1-20180127161545
2018-01-27 16:16:12.383;RC;AS39-AS1-20180127161439
2018-01-27 16:16:12.850;RU;AS39-AS1-20180127161336
2018-01-27 16:16:14.600;SS;AS39-AS1-20180127161439
2018-01-27 16:16:16.437;VU;AS39-AS1-20180127161336
2018-01-27 16:16:42.576;RO;AS39-AS1-20180127161545
2018-01-27 16:16:43.526;SP;AS39-AS1-20180127161545
2018-01-27 16:16:46.260;SQ;AS39-AS1-20180127161646
2018-01-27 16:17:11.347;RU;AS39-AS1-20180127161439
2018-01-27 16:17:13.140;VU;AS39-AS1-20180127161439
2018-01-27 16:17:17.065;RC;AS39-AS1-20180127161545
2018-01-27 16:17:17.879;SS;AS39-AS1-20180127161545
2018-01-27 16:17:34.876;RO;AS39-AS1-20180127161646
2018-01-27 16:17:36.953;SP;AS39-AS1-20180127161646
2018-01-27 16:17:38.544;SQ;AS39-AS1-20180127161738
2018-01-27 16:18:02.394;RC;AS39-AS1-20180127161646
2018-01-27 16:18:03.205;SS;AS39-AS1-20180127161646
2018-01-27 16:18:15.163;RU;AS39-AS1-20180127161545
2018-01-27 16:18:16.976;VU;AS39-AS1-20180127161545
2018-01-27 16:18:29.349;RO;AS39-AS1-20180127161738
2018-01-27 16:18:30.403;SP;AS39-AS1-20180127161738
2018-01-27 16:18:32.008;SQ;AS39-AS1-20180127161832
2018-01-27 16:18:57.031;RC;AS39-AS1-20180127161738
2018-01-27 16:18:57.832;SS;AS39-AS1-20180127161738
2018-01-27 16:19:04.329;RU;AS39-AS1-20180127161646
2018-01-27 16:19:06.139;VU;AS39-AS1-20180127161646
2018-01-27 16:19:28.950;RO;AS39-AS1-20180127161832
2018-01-27 16:19:29.882;SP;AS39-AS1-20180127161832
2018-01-27 16:19:31.476;SQ;AS39-AS1-20180127161931
2018-01-27 16:19:56.641;RU;AS39-AS1-20180127161738
2018-01-27 16:19:58.466;VU;AS39-AS1-20180127161738
2018-01-27 16:20:02.815;RC;AS39-AS1-20180127161832
2018-01-27 16:20:03.622;SS;AS39-AS1-20180127161832
2018-01-27 16:20:33.317;RO;AS39-AS1-20180127161931
2018-01-27 16:20:34.334;SP;AS39-AS1-20180127161931
2018-01-27 16:20:35.961;SQ;AS39-AS1-20180127162035
2018-01-27 16:21:03.738;RC;AS39-AS1-20180127161931
2018-01-27 16:21:04.542;SS;AS39-AS1-20180127161931
2018-01-27 16:21:09.674;RU;AS39-AS1-20180127161832
2018-01-27 16:21:11.486;VU;AS39-AS1-20180127161832
2018-01-27 16:21:27.440;RO;AS39-AS1-20180127162035
2018-01-27 16:21:28.333;SP;AS39-AS1-20180127162035
2018-01-27 16:21:31.439;SQ;AS39-AS1-20180127162131
2018-01-27 16:21:52.643;RC;AS39-AS1-20180127162035
2018-01-27 16:21:53.434;SS;AS39-AS1-20180127162035
2018-01-27 16:22:08.404;RU;AS39-AS1-20180127161931
2018-01-27 16:22:10.183;VU;AS39-AS1-20180127161931
2018-01-27 16:22:30.326;RO;AS39-AS1-20180127162131
2018-01-27 16:22:31.521;SP;AS39-AS1-20180127162131
2018-01-27 16:22:34.623;SQ;AS39-AS1-20180127162234
2018-01-27 16:22:56.685;RC;AS39-AS1-20180127162131
2018-01-27 16:22:57.469;SS;AS39-AS1-20180127162131
2018-01-27 16:23:00.885;RU;AS39-AS1-20180127162035
2018-01-27 16:23:02.703;VU;AS39-AS1-20180127162035
2018-01-27 16:23:30.351;RO;AS39-AS1-20180127162234
2018-01-27 16:23:31.490;SP;AS39-AS1-20180127162234
2018-01-27 16:23:33.084;SQ;AS39-AS1-20180127162333
2018-01-27 16:23:59.665;RU;AS39-AS1-20180127162131
2018-01-27 16:24:00.094;RC;AS39-AS1-20180127162234
2018-01-27 16:24:01.267;SS;AS39-AS1-20180127162234
2018-01-27 16:24:01.785;VU;AS39-AS1-20180127162131
2018-01-27 16:24:27.562;RO;AS39-AS1-20180127162333
2018-01-27 16:24:28.423;SP;AS39-AS1-20180127162333
2018-01-27 16:24:29.993;SQ;AS39-AS1-20180127162429
2018-01-27 16:25:00.696;RC;AS39-AS1-20180127162333
2018-01-27 16:25:00.740;RU;AS39-AS1-20180127162234
2018-01-27 16:25:02.244;SS;AS39-AS1-20180127162333
2018-01-27 16:25:03.336;VU;AS39-AS1-20180127162234
2018-01-27 16:25:23.331;RO;AS39-AS1-20180127162429
2018-01-27 16:25:25.295;SP;AS39-AS1-20180127162429
2018-01-27 16:25:26.950;SQ;AS39-AS1-20180127162526
2018-01-27 16:25:52.938;RC;AS39-AS1-20180127162429
2018-01-27 16:25:54.361;SS;AS39-AS1-20180127162429
2018-01-27 16:26:03.150;RU;AS39-AS1-20180127162333
2018-01-27 16:26:04.951;VU;AS39-AS1-20180127162333
2018-01-27 16:26:19.823;RO;AS39-AS1-20180127162526
2018-01-27 16:26:20.809;SP;AS39-AS1-20180127162526
2018-01-27 16:26:47.081;RC;AS39-AS1-20180127162526
2018-01-27 16:26:47.869;SS;AS39-AS1-20180127162526
2018-01-27 16:26:53.464;RU;AS39-AS1-20180127162429
2018-01-27 16:26:55.254;VU;AS39-AS1-20180127162429
2018-01-27 16:27:41.605;RU;AS39-AS1-20180127162526
2018-01-27 16:27:43.412;VU;AS39-AS1-20180127162526
