2018-01-27 15:56:02.388;SQ;AS49-AS1-20180127155602
2018-01-27 15:56:29.819;RO;AS49-AS1-20180127155602
2018-01-27 15:56:30.747;SP;AS49-AS1-20180127155602
2018-01-27 15:56:32.401;SQ;AS49-AS1-20180127155632
2018-01-27 15:56:51.118;RC;AS49-AS1-20180127155602
2018-01-27 15:56:51.951;SS;AS49-AS1-20180127155602
2018-01-27 15:57:24.026;RO;AS49-AS1-20180127155632
2018-01-27 15:57:25.285;SP;AS49-AS1-20180127155632
2018-01-27 15:57:26.919;SQ;AS49-AS1-20180127155726
2018-01-27 15:57:43.913;RU;AS49-AS1-20180127155602
2018-01-27 15:57:45.740;VU;AS49-AS1-20180127155602
2018-01-27 15:58:00.566;RC;AS49-AS1-20180127155632
2018-01-27 15:58:02.025;SS;AS49-AS1-20180127155632
2018-01-27 15:58:24.772;RO;AS49-AS1-20180127155726
2018-01-27 15:58:25.843;SP;AS49-AS1-20180127155726
2018-01-27 15:58:27.484;SQ;AS49-AS1-20180127155827
2018-01-27 15:58:54.328;RC;AS49-AS1-20180127155726
2018-01-27 15:58:55.159;SS;AS49-AS1-20180127155726
2018-01-27 15:59:03.178;RU;AS49-AS1-20180127155632
2018-01-27 15:59:05.815;VU;AS49-AS1-20180127155632
2018-01-27 15:59:29.056;RO;AS49-AS1-20180127155827
2018-01-27 15:59:29.885;SP;AS49-AS1-20180127155827
2018-01-27 15:59:31.534;SQ;AS49-AS1-20180127155931
2018-01-27 16:00:02.365;RU;AS49-AS1-20180127155726
2018-01-27 16:00:02.863;RC;AS49-AS1-20180127155827
2018-01-27 16:00:04.017;SS;AS49-AS1-20180127155827
2018-01-27 16:00:04.456;VU;AS49-AS1-20180127155726
2018-01-27 16:00:23.544;RO;AS49-AS1-20180127155931
2018-01-27 16:00:24.398;SP;AS49-AS1-20180127155931
2018-01-27 16:00:26.031;SQ;AS49-AS1-20180127160026
2018-01-27 16:00:52.911;RC;AS49-AS1-20180127155931
2018-01-27 16:00:53.743;SS;AS49-AS1-20180127155931
2018-01-27 16:01:05.966;RU;AS49-AS1-20180127155827
2018-01-27 16:01:08.091;VU;AS49-AS1-20180127155827
2018-01-27 16:01:31.845;RO;AS49-AS1-20180127160026
2018-01-27 16:01:32.933;SP;AS49-AS1-20180127160026
2018-01-27 16:01:34.605;SQ;AS49-AS1-20180127160134
2018-01-27 16:01:51.809;RU;AS49-AS1-20180127155931
2018-01-27 16:01:53.622;VU;AS49-AS1-20180127155931
2018-01-27 16:01:59.511;RC;AS49-AS1-20180127160026
2018-01-27 16:02:00.323;SS;AS49-AS1-20180127160026
2018-01-27 16:02:26.181;RO;AS49-AS1-20180127160134
2018-01-27 16:02:27.484;SP;AS49-AS1-20180127160134
2018-01-27 16:02:29.105;SQ;AS49-AS1-20180127160229
2018-01-27 16:02:52.270;RU;AS49-AS1-20180127160026
2018-01-27 16:02:54.112;VU;AS49-AS1-20180127160026
2018-01-27 16:02:58.634;RC;AS49-AS1-20180127160134
2018-01-27 16:02:59.474;SS;AS49-AS1-20180127160134
2018-01-27 16:03:22.073;RO;AS49-AS1-20180127160229
2018-01-27 16:03:22.988;SP;AS49-AS1-20180127160229
2018-01-27 16:03:24.660;SQ;AS49-AS1-20180127160324
2018-01-27 16:03:49.164;RC;AS49-AS1-20180127160229
2018-01-27 16:03:49.982;SS;AS49-AS1-20180127160229
2018-01-27 16:04:04.865;RU;AS49-AS1-20180127160134
2018-01-27 16:04:06.700;VU;AS49-AS1-20180127160134
2018-01-27 16:04:19.875;RO;AS49-AS1-20180127160324
2018-01-27 16:04:21.081;SP;AS49-AS1-20180127160324
2018-01-27 16:04:22.721;SQ;AS49-AS1-20180127160422
2018-01-27 16:04:50.229;RU;AS49-AS1-20180127160229
2018-01-27 16:04:52.078;VU;AS49-AS1-20180127160229
2018-01-27 16:04:53.425;RC;AS49-AS1-20180127160324
2018-01-27 16:04:54.277;SS;AS49-AS1-20180127160324
2018-01-27 16:05:27.578;RO;AS49-AS1-20180127160422
2018-01-27 16:05:28.960;SP;AS49-AS1-20180127160422
2018-01-27 16:05:32.044;SQ;AS49-AS1-20180127160532
2018-01-27 16:05:46.471;RU;AS49-AS1-20180127160324
2018-01-27 16:05:48.292;VU;AS49-AS1-20180127160324
2018-01-27 16:06:00.158;RC;AS49-AS1-20180127160422
2018-01-27 16:06:02.229;SS;AS49-AS1-20180127160422
2018-01-27 16:06:30.667;RO;AS49-AS1-20180127160532
2018-01-27 16:06:32.366;SP;AS49-AS1-20180127160532
2018-01-27 16:06:34.062;SQ;AS49-AS1-20180127160634
2018-01-27 16:07:09.238;RU;AS49-AS1-20180127160422
2018-01-27 16:07:09.239;RC;AS49-AS1-20180127160532
2018-01-27 16:07:10.910;SS;AS49-AS1-20180127160532
2018-01-27 16:07:11.911;VU;AS49-AS1-20180127160422
2018-01-27 16:07:39.993;RO;AS49-AS1-20180127160634
2018-01-27 16:07:40.968;SP;AS49-AS1-20180127160634
2018-01-27 16:07:42.648;SQ;AS49-AS1-20180127160742
2018-01-27 16:08:02.914;RC;AS49-AS1-20180127160634
2018-01-27 16:08:04.639;SS;AS49-AS1-20180127160634
2018-01-27 16:08:09.962;RU;AS49-AS1-20180127160532
2018-01-27 16:08:11.810;VU;AS49-AS1-20180127160532
2018-01-27 16:08:41.712;RO;AS49-AS1-20180127160742
2018-01-27 16:08:42.536;SP;AS49-AS1-20180127160742
2018-01-27 16:08:44.190;SQ;AS49-AS1-20180127160844
2018-01-27 16:09:02.161;RC;AS49-AS1-20180127160742
2018-01-27 16:09:03.014;SS;AS49-AS1-20180127160742
2018-01-27 16:09:13.693;RU;AS49-AS1-20180127160634
2018-01-27 16:09:15.516;VU;AS49-AS1-20180127160634
2018-01-27 16:09:38.574;RO;AS49-AS1-20180127160844
2018-01-27 16:09:39.571;SP;AS49-AS1-20180127160844
2018-01-27 16:09:41.216;SQ;AS49-AS1-20180127160941
2018-01-27 16:10:06.757;RU;AS49-AS1-20180127160742
2018-01-27 16:10:08.612;VU;AS49-AS1-20180127160742
2018-01-27 16:10:12.479;RC;AS49-AS1-20180127160844
2018-01-27 16:10:13.300;SS;AS49-AS1-20180127160844
2018-01-27 16:10:35.647;RO;AS49-AS1-20180127160941
2018-01-27 16:10:37.367;SP;AS49-AS1-20180127160941
2018-01-27 16:10:39.030;SQ;AS49-AS1-20180127161039
2018-01-27 16:11:06.047;RC;AS49-AS1-20180127160941
2018-01-27 16:11:07.855;SS;AS49-AS1-20180127160941
2018-01-27 16:11:17.439;RU;AS49-AS1-20180127160844
2018-01-27 16:11:19.307;VU;AS49-AS1-20180127160844
2018-01-27 16:11:46.261;RO;AS49-AS1-20180127161039
2018-01-27 16:11:47.419;SP;AS49-AS1-20180127161039
2018-01-27 16:11:49.078;SQ;AS49-AS1-20180127161149
2018-01-27 16:12:08.996;RU;AS49-AS1-20180127160941
2018-01-27 16:12:10.845;VU;AS49-AS1-20180127160941
2018-01-27 16:12:18.287;RC;AS49-AS1-20180127161039
2018-01-27 16:12:19.097;SS;AS49-AS1-20180127161039
2018-01-27 16:12:50.714;RO;AS49-AS1-20180127161149
2018-01-27 16:12:51.977;SP;AS49-AS1-20180127161149
2018-01-27 16:12:54.216;SQ;AS49-AS1-20180127161254
2018-01-27 16:13:18.383;RC;AS49-AS1-20180127161149
2018-01-27 16:13:19.194;SS;AS49-AS1-20180127161149
2018-01-27 16:13:22.275;RU;AS49-AS1-20180127161039
2018-01-27 16:13:24.124;VU;AS49-AS1-20180127161039
2018-01-27 16:13:51.193;RO;AS49-AS1-20180127161254
2018-01-27 16:13:52.103;SP;AS49-AS1-20180127161254
2018-01-27 16:13:53.743;SQ;AS49-AS1-20180127161353
2018-01-27 16:14:19.131;RU;AS49-AS1-20180127161149
2018-01-27 16:14:20.942;VU;AS49-AS1-20180127161149
2018-01-27 16:14:27.107;RC;AS49-AS1-20180127161254
2018-01-27 16:14:28.323;SS;AS49-AS1-20180127161254
2018-01-27 16:14:51.636;RO;AS49-AS1-20180127161353
2018-01-27 16:14:52.627;SP;AS49-AS1-20180127161353
2018-01-27 16:14:54.299;SQ;AS49-AS1-20180127161454
2018-01-27 16:15:25.105;RC;AS49-AS1-20180127161353
2018-01-27 16:15:25.936;SS;AS49-AS1-20180127161353
2018-01-27 16:15:35.719;RU;AS49-AS1-20180127161254
2018-01-27 16:15:37.572;VU;AS49-AS1-20180127161254
2018-01-27 16:15:49.781;RO;AS49-AS1-20180127161454
2018-01-27 16:15:50.700;SP;AS49-AS1-20180127161454
2018-01-27 16:15:52.378;SQ;AS49-AS1-20180127161552
2018-01-27 16:16:23.358;RC;AS49-AS1-20180127161454
2018-01-27 16:16:24.201;SS;AS49-AS1-20180127161454
2018-01-27 16:16:28.546;RU;AS49-AS1-20180127161353
2018-01-27 16:16:31.147;VU;AS49-AS1-20180127161353
2018-01-27 16:16:56.327;RO;AS49-AS1-20180127161552
2018-01-27 16:16:57.258;SP;AS49-AS1-20180127161552
2018-01-27 16:16:58.916;SQ;AS49-AS1-20180127161658
2018-01-27 16:17:29.260;RC;AS49-AS1-20180127161552
2018-01-27 16:17:29.889;RU;AS49-AS1-20180127161454
2018-01-27 16:17:30.244;SS;AS49-AS1-20180127161552
2018-01-27 16:17:31.944;VU;AS49-AS1-20180127161454
2018-01-27 16:18:00.981;RO;AS49-AS1-20180127161658
2018-01-27 16:18:01.850;SP;AS49-AS1-20180127161658
2018-01-27 16:18:03.502;SQ;AS49-AS1-20180127161803
2018-01-27 16:18:31.071;RC;AS49-AS1-20180127161658
2018-01-27 16:18:31.905;SS;AS49-AS1-20180127161658
2018-01-27 16:18:34.581;RU;AS49-AS1-20180127161552
2018-01-27 16:18:36.386;VU;AS49-AS1-20180127161552
2018-01-27 16:19:02.952;RO;AS49-AS1-20180127161803
2018-01-27 16:19:03.881;SP;AS49-AS1-20180127161803
2018-01-27 16:19:05.506;SQ;AS49-AS1-20180127161905
2018-01-27 16:19:26.228;RC;AS49-AS1-20180127161803
2018-01-27 16:19:27.045;SS;AS49-AS1-20180127161803
2018-01-27 16:19:39.047;RU;AS49-AS1-20180127161658
2018-01-27 16:19:41.725;VU;AS49-AS1-20180127161658
2018-01-27 16:20:04.311;RO;AS49-AS1-20180127161905
2018-01-27 16:20:05.417;SP;AS49-AS1-20180127161905
2018-01-27 16:20:07.129;SQ;AS49-AS1-20180127162007
2018-01-27 16:20:27.381;RU;AS49-AS1-20180127161803
2018-01-27 16:20:29.833;VU;AS49-AS1-20180127161803
2018-01-27 16:20:33.252;RC;AS49-AS1-20180127161905
2018-01-27 16:20:34.087;SS;AS49-AS1-20180127161905
2018-01-27 16:20:57.132;RO;AS49-AS1-20180127162007
2018-01-27 16:20:58.600;SP;AS49-AS1-20180127162007
2018-01-27 16:21:01.090;SQ;AS49-AS1-20180127162101
2018-01-27 16:21:23.493;RC;AS49-AS1-20180127162007
2018-01-27 16:21:24.311;SS;AS49-AS1-20180127162007
2018-01-27 16:21:52.959;RO;AS49-AS1-20180127162101
2018-01-27 16:21:53.963;SP;AS49-AS1-20180127162101
2018-01-27 16:21:55.632;SQ;AS49-AS1-20180127162155
2018-01-27 16:22:05.643;RU;AS49-AS1-20180127161905
2018-01-27 16:22:07.470;VU;AS49-AS1-20180127161905
2018-01-27 16:22:13.749;RU;AS49-AS1-20180127162007
2018-01-27 16:22:15.577;VU;AS49-AS1-20180127162007
2018-01-27 16:22:26.363;RC;AS49-AS1-20180127162101
2018-01-27 16:22:27.206;SS;AS49-AS1-20180127162101
2018-01-27 16:22:53.316;RO;AS49-AS1-20180127162155
2018-01-27 16:22:54.511;SP;AS49-AS1-20180127162155
2018-01-27 16:22:56.158;SQ;AS49-AS1-20180127162256
2018-01-27 16:23:27.193;RC;AS49-AS1-20180127162155
2018-01-27 16:23:28.022;SS;AS49-AS1-20180127162155
2018-01-27 16:23:29.786;RU;AS49-AS1-20180127162101
2018-01-27 16:23:31.627;VU;AS49-AS1-20180127162101
2018-01-27 16:23:59.700;RO;AS49-AS1-20180127162256
2018-01-27 16:24:00.573;SP;AS49-AS1-20180127162256
2018-01-27 16:24:02.232;SQ;AS49-AS1-20180127162402
2018-01-27 16:24:27.794;RC;AS49-AS1-20180127162256
2018-01-27 16:24:28.624;SS;AS49-AS1-20180127162256
2018-01-27 16:24:29.713;RU;AS49-AS1-20180127162155
2018-01-27 16:24:31.544;VU;AS49-AS1-20180127162155
2018-01-27 16:25:04.256;RO;AS49-AS1-20180127162402
2018-01-27 16:25:05.131;SP;AS49-AS1-20180127162402
2018-01-27 16:25:07.412;SQ;AS49-AS1-20180127162507
2018-01-27 16:25:31.439;RU;AS49-AS1-20180127162256
2018-01-27 16:25:33.277;VU;AS49-AS1-20180127162256
2018-01-27 16:25:36.729;RC;AS49-AS1-20180127162402
2018-01-27 16:25:37.543;SS;AS49-AS1-20180127162402
2018-01-27 16:26:02.494;RO;AS49-AS1-20180127162507
2018-01-27 16:26:03.800;SP;AS49-AS1-20180127162507
2018-01-27 16:26:33.999;RC;AS49-AS1-20180127162507
2018-01-27 16:26:34.179;RU;AS49-AS1-20180127162402
2018-01-27 16:26:35.497;SS;AS49-AS1-20180127162507
2018-01-27 16:26:36.736;VU;AS49-AS1-20180127162402
2018-01-27 16:27:24.146;RU;AS49-AS1-20180127162507
2018-01-27 16:27:25.976;VU;AS49-AS1-20180127162507
