2018-01-27 15:55:59.012;SQ;AS67-AS1-20180127155559
2018-01-27 15:56:15.044;RO;AS67-AS1-20180127155559
2018-01-27 15:56:16.363;SP;AS67-AS1-20180127155559
2018-01-27 15:56:17.989;SQ;AS67-AS1-20180127155617
2018-01-27 15:56:29.385;RC;AS67-AS1-20180127155559
2018-01-27 15:56:30.216;SS;AS67-AS1-20180127155559
2018-01-27 15:57:01.191;RO;AS67-AS1-20180127155617
2018-01-27 15:57:02.384;SP;AS67-AS1-20180127155617
2018-01-27 15:57:04.032;SQ;AS67-AS1-20180127155704
2018-01-27 15:57:24.037;RU;AS67-AS1-20180127155559
2018-01-27 15:57:25.845;VU;AS67-AS1-20180127155559
2018-01-27 15:57:30.664;RC;AS67-AS1-20180127155617
2018-01-27 15:57:32.368;SS;AS67-AS1-20180127155617
2018-01-27 15:58:24.534;RO;AS67-AS1-20180127155704
2018-01-27 15:58:25.453;SP;AS67-AS1-20180127155704
2018-01-27 15:58:27.093;SQ;AS67-AS1-20180127155827
2018-01-27 15:58:33.651;RU;AS67-AS1-20180127155617
2018-01-27 15:58:35.451;VU;AS67-AS1-20180127155617
2018-01-27 15:58:53.786;RC;AS67-AS1-20180127155704
2018-01-27 15:58:54.606;SS;AS67-AS1-20180127155704
2018-01-27 15:59:27.139;RO;AS67-AS1-20180127155827
2018-01-27 15:59:27.988;SP;AS67-AS1-20180127155827
2018-01-27 15:59:29.620;SQ;AS67-AS1-20180127155929
2018-01-27 16:00:02.051;RC;AS67-AS1-20180127155827
2018-01-27 16:00:02.909;SS;AS67-AS1-20180127155827
2018-01-27 16:00:03.291;RU;AS67-AS1-20180127155704
2018-01-27 16:00:05.135;VU;AS67-AS1-20180127155704
2018-01-27 16:00:28.239;RO;AS67-AS1-20180127155929
2018-01-27 16:00:29.506;SP;AS67-AS1-20180127155929
2018-01-27 16:00:31.176;SQ;AS67-AS1-20180127160031
2018-01-27 16:00:57.102;RC;AS67-AS1-20180127155929
2018-01-27 16:00:57.916;SS;AS67-AS1-20180127155929
2018-01-27 16:01:02.831;RU;AS67-AS1-20180127155827
2018-01-27 16:01:04.658;VU;AS67-AS1-20180127155827
2018-01-27 16:01:28.026;RO;AS67-AS1-20180127160031
2018-01-27 16:01:29.071;SP;AS67-AS1-20180127160031
2018-01-27 16:01:30.701;SQ;AS67-AS1-20180127160130
2018-01-27 16:01:56.591;RC;AS67-AS1-20180127160031
2018-01-27 16:01:57.409;SS;AS67-AS1-20180127160031
2018-01-27 16:02:08.662;RU;AS67-AS1-20180127155929
2018-01-27 16:02:11.361;VU;AS67-AS1-20180127155929
2018-01-27 16:02:35.765;RO;AS67-AS1-20180127160130
2018-01-27 16:02:36.628;SP;AS67-AS1-20180127160130
2018-01-27 16:02:38.301;SQ;AS67-AS1-20180127160238
2018-01-27 16:02:46.007;RU;AS67-AS1-20180127160031
2018-01-27 16:02:47.815;VU;AS67-AS1-20180127160031
2018-01-27 16:03:02.223;RC;AS67-AS1-20180127160130
2018-01-27 16:03:03.067;SS;AS67-AS1-20180127160130
2018-01-27 16:03:36.663;RO;AS67-AS1-20180127160238
2018-01-27 16:03:37.720;SP;AS67-AS1-20180127160238
2018-01-27 16:03:39.383;SQ;AS67-AS1-20180127160339
2018-01-27 16:04:13.483;RC;AS67-AS1-20180127160238
2018-01-27 16:04:14.222;RU;AS67-AS1-20180127160130
2018-01-27 16:04:14.385;SS;AS67-AS1-20180127160238
2018-01-27 16:04:16.105;VU;AS67-AS1-20180127160130
2018-01-27 16:04:42.721;RO;AS67-AS1-20180127160339
2018-01-27 16:04:44.568;SP;AS67-AS1-20180127160339
2018-01-27 16:04:46.388;SQ;AS67-AS1-20180127160446
2018-01-27 16:05:11.520;RC;AS67-AS1-20180127160339
2018-01-27 16:05:12.753;SS;AS67-AS1-20180127160339
2018-01-27 16:05:16.960;RU;AS67-AS1-20180127160238
2018-01-27 16:05:18.761;VU;AS67-AS1-20180127160238
2018-01-27 16:05:46.319;RO;AS67-AS1-20180127160446
2018-01-27 16:05:47.260;SP;AS67-AS1-20180127160446
2018-01-27 16:05:48.918;SQ;AS67-AS1-20180127160548
2018-01-27 16:06:15.272;RU;AS67-AS1-20180127160339
2018-01-27 16:06:15.348;RC;AS67-AS1-20180127160446
2018-01-27 16:06:17.312;SS;AS67-AS1-20180127160446
2018-01-27 16:06:18.312;VU;AS67-AS1-20180127160339
2018-01-27 16:06:54.785;RO;AS67-AS1-20180127160548
2018-01-27 16:06:55.819;SP;AS67-AS1-20180127160548
2018-01-27 16:06:57.466;SQ;AS67-AS1-20180127160657
2018-01-27 16:07:09.208;RU;AS67-AS1-20180127160446
2018-01-27 16:07:11.043;VU;AS67-AS1-20180127160446
2018-01-27 16:07:23.420;RC;AS67-AS1-20180127160548
2018-01-27 16:07:24.284;SS;AS67-AS1-20180127160548
2018-01-27 16:08:04.638;RO;AS67-AS1-20180127160657
2018-01-27 16:08:05.879;SP;AS67-AS1-20180127160657
2018-01-27 16:08:07.511;SQ;AS67-AS1-20180127160807
2018-01-27 16:08:27.031;RU;AS67-AS1-20180127160548
2018-01-27 16:08:28.846;VU;AS67-AS1-20180127160548
2018-01-27 16:08:40.266;RC;AS67-AS1-20180127160657
2018-01-27 16:08:41.088;SS;AS67-AS1-20180127160657
2018-01-27 16:09:01.872;RO;AS67-AS1-20180127160807
2018-01-27 16:09:02.888;SP;AS67-AS1-20180127160807
2018-01-27 16:09:05.255;SQ;AS67-AS1-20180127160905
2018-01-27 16:09:34.340;RC;AS67-AS1-20180127160807
2018-01-27 16:09:36.074;SS;AS67-AS1-20180127160807
2018-01-27 16:09:49.569;RU;AS67-AS1-20180127160657
2018-01-27 16:09:52.219;VU;AS67-AS1-20180127160657
2018-01-27 16:10:05.526;RO;AS67-AS1-20180127160905
2018-01-27 16:10:07.065;SP;AS67-AS1-20180127160905
2018-01-27 16:10:08.743;SQ;AS67-AS1-20180127161008
2018-01-27 16:10:31.449;RC;AS67-AS1-20180127160905
2018-01-27 16:10:32.288;SS;AS67-AS1-20180127160905
2018-01-27 16:10:41.387;RU;AS67-AS1-20180127160807
2018-01-27 16:10:43.184;VU;AS67-AS1-20180127160807
2018-01-27 16:11:08.602;RO;AS67-AS1-20180127161008
2018-01-27 16:11:09.632;SP;AS67-AS1-20180127161008
2018-01-27 16:11:11.296;SQ;AS67-AS1-20180127161111
2018-01-27 16:11:27.690;RU;AS67-AS1-20180127160905
2018-01-27 16:11:29.506;VU;AS67-AS1-20180127160905
2018-01-27 16:11:35.856;RC;AS67-AS1-20180127161008
2018-01-27 16:11:37.697;SS;AS67-AS1-20180127161008
2018-01-27 16:12:02.699;RO;AS67-AS1-20180127161111
2018-01-27 16:12:03.668;SP;AS67-AS1-20180127161111
2018-01-27 16:12:05.337;SQ;AS67-AS1-20180127161205
2018-01-27 16:12:35.936;RU;AS67-AS1-20180127161008
2018-01-27 16:12:37.754;VU;AS67-AS1-20180127161008
2018-01-27 16:12:38.581;RC;AS67-AS1-20180127161111
2018-01-27 16:12:40.124;SS;AS67-AS1-20180127161111
2018-01-27 16:13:04.513;RO;AS67-AS1-20180127161205
2018-01-27 16:13:05.718;SP;AS67-AS1-20180127161205
2018-01-27 16:13:07.339;SQ;AS67-AS1-20180127161307
2018-01-27 16:13:32.303;RC;AS67-AS1-20180127161205
2018-01-27 16:13:33.104;SS;AS67-AS1-20180127161205
2018-01-27 16:13:43.002;RU;AS67-AS1-20180127161111
2018-01-27 16:13:44.817;VU;AS67-AS1-20180127161111
2018-01-27 16:14:05.895;RO;AS67-AS1-20180127161307
2018-01-27 16:14:06.741;SP;AS67-AS1-20180127161307
2018-01-27 16:14:08.450;SQ;AS67-AS1-20180127161408
2018-01-27 16:14:34.900;RU;AS67-AS1-20180127161205
2018-01-27 16:14:36.741;VU;AS67-AS1-20180127161205
2018-01-27 16:14:39.907;RC;AS67-AS1-20180127161307
2018-01-27 16:14:40.829;SS;AS67-AS1-20180127161307
2018-01-27 16:15:22.172;RO;AS67-AS1-20180127161408
2018-01-27 16:15:23.357;SP;AS67-AS1-20180127161408
2018-01-27 16:15:25.040;SQ;AS67-AS1-20180127161525
2018-01-27 16:15:49.601;RU;AS67-AS1-20180127161307
2018-01-27 16:15:51.423;VU;AS67-AS1-20180127161307
2018-01-27 16:15:53.273;RC;AS67-AS1-20180127161408
2018-01-27 16:15:54.096;SS;AS67-AS1-20180127161408
2018-01-27 16:16:25.530;RO;AS67-AS1-20180127161525
2018-01-27 16:16:26.431;SP;AS67-AS1-20180127161525
2018-01-27 16:16:28.131;SQ;AS67-AS1-20180127161628
2018-01-27 16:16:57.385;RC;AS67-AS1-20180127161525
2018-01-27 16:16:58.196;SS;AS67-AS1-20180127161525
2018-01-27 16:17:21.456;RU;AS67-AS1-20180127161408
2018-01-27 16:17:23.254;VU;AS67-AS1-20180127161408
2018-01-27 16:17:45.014;RO;AS67-AS1-20180127161628
2018-01-27 16:17:46.063;SP;AS67-AS1-20180127161628
2018-01-27 16:17:47.682;SQ;AS67-AS1-20180127161747
2018-01-27 16:18:01.786;RU;AS67-AS1-20180127161525
2018-01-27 16:18:03.628;VU;AS67-AS1-20180127161525
2018-01-27 16:18:11.027;RC;AS67-AS1-20180127161628
2018-01-27 16:18:11.890;SS;AS67-AS1-20180127161628
2018-01-27 16:18:43.578;RO;AS67-AS1-20180127161747
2018-01-27 16:18:44.547;SP;AS67-AS1-20180127161747
2018-01-27 16:18:46.195;SQ;AS67-AS1-20180127161846
2018-01-27 16:19:09.977;RC;AS67-AS1-20180127161747
2018-01-27 16:19:10.834;SS;AS67-AS1-20180127161747
2018-01-27 16:19:15.189;RU;AS67-AS1-20180127161628
2018-01-27 16:19:17.028;VU;AS67-AS1-20180127161628
2018-01-27 16:19:38.189;RO;AS67-AS1-20180127161846
2018-01-27 16:19:39.050;SP;AS67-AS1-20180127161846
2018-01-27 16:19:42.375;SQ;AS67-AS1-20180127161942
2018-01-27 16:20:03.929;RC;AS67-AS1-20180127161846
2018-01-27 16:20:04.779;SS;AS67-AS1-20180127161846
2018-01-27 16:20:06.591;RU;AS67-AS1-20180127161747
2018-01-27 16:20:08.437;VU;AS67-AS1-20180127161747
2018-01-27 16:20:36.744;RO;AS67-AS1-20180127161942
2018-01-27 16:20:37.743;SP;AS67-AS1-20180127161942
2018-01-27 16:20:39.406;SQ;AS67-AS1-20180127162039
2018-01-27 16:20:55.551;RU;AS67-AS1-20180127161846
2018-01-27 16:20:57.362;VU;AS67-AS1-20180127161846
2018-01-27 16:21:08.131;RC;AS67-AS1-20180127161942
2018-01-27 16:21:08.975;SS;AS67-AS1-20180127161942
2018-01-27 16:21:37.997;RO;AS67-AS1-20180127162039
2018-01-27 16:21:39.302;SP;AS67-AS1-20180127162039
2018-01-27 16:21:40.987;SQ;AS67-AS1-20180127162140
2018-01-27 16:22:10.728;RC;AS67-AS1-20180127162039
2018-01-27 16:22:11.572;SS;AS67-AS1-20180127162039
2018-01-27 16:22:14.519;RU;AS67-AS1-20180127161942
2018-01-27 16:22:16.340;VU;AS67-AS1-20180127161942
2018-01-27 16:22:42.707;RO;AS67-AS1-20180127162140
2018-01-27 16:22:43.931;SP;AS67-AS1-20180127162140
2018-01-27 16:22:45.640;SQ;AS67-AS1-20180127162245
2018-01-27 16:23:13.082;RU;AS67-AS1-20180127162039
2018-01-27 16:23:13.729;RC;AS67-AS1-20180127162140
2018-01-27 16:23:14.700;SS;AS67-AS1-20180127162140
2018-01-27 16:23:15.056;VU;AS67-AS1-20180127162039
2018-01-27 16:23:41.714;RO;AS67-AS1-20180127162245
2018-01-27 16:23:43.006;SP;AS67-AS1-20180127162245
2018-01-27 16:23:44.634;SQ;AS67-AS1-20180127162344
2018-01-27 16:24:07.496;RU;AS67-AS1-20180127162140
2018-01-27 16:24:09.334;VU;AS67-AS1-20180127162140
2018-01-27 16:24:14.781;RC;AS67-AS1-20180127162245
2018-01-27 16:24:15.590;SS;AS67-AS1-20180127162245
2018-01-27 16:24:43.657;RO;AS67-AS1-20180127162344
2018-01-27 16:24:44.524;SP;AS67-AS1-20180127162344
2018-01-27 16:24:46.171;SQ;AS67-AS1-20180127162446
2018-01-27 16:25:14.491;RC;AS67-AS1-20180127162344
2018-01-27 16:25:15.305;SS;AS67-AS1-20180127162344
2018-01-27 16:25:18.608;RU;AS67-AS1-20180127162245
2018-01-27 16:25:20.457;VU;AS67-AS1-20180127162245
2018-01-27 16:25:46.839;RO;AS67-AS1-20180127162446
2018-01-27 16:25:48.045;SP;AS67-AS1-20180127162446
2018-01-27 16:25:49.703;SQ;AS67-AS1-20180127162549
2018-01-27 16:26:09.186;RU;AS67-AS1-20180127162344
2018-01-27 16:26:11.838;VU;AS67-AS1-20180127162344
2018-01-27 16:26:19.081;RC;AS67-AS1-20180127162446
2018-01-27 16:26:19.892;SS;AS67-AS1-20180127162446
2018-01-27 16:26:47.149;RO;AS67-AS1-20180127162549
2018-01-27 16:26:48.098;SP;AS67-AS1-20180127162549
2018-01-27 16:27:14.404;RC;AS67-AS1-20180127162549
2018-01-27 16:27:15.233;SS;AS67-AS1-20180127162549
2018-01-27 16:27:17.444;RU;AS67-AS1-20180127162446
2018-01-27 16:27:19.254;VU;AS67-AS1-20180127162446
2018-01-27 16:27:46.340;RU;AS67-AS1-20180127162549
2018-01-27 16:27:48.181;VU;AS67-AS1-20180127162549
