2018-01-27 15:56:01.034;SQ;AS76-AS1-20180127155601
2018-01-27 15:56:23.803;RO;AS76-AS1-20180127155601
2018-01-27 15:56:24.925;SP;AS76-AS1-20180127155601
2018-01-27 15:56:26.543;SQ;AS76-AS1-20180127155626
2018-01-27 15:56:46.043;RC;AS76-AS1-20180127155601
2018-01-27 15:56:46.854;SS;AS76-AS1-20180127155601
2018-01-27 15:57:14.016;RO;AS76-AS1-20180127155626
2018-01-27 15:57:15.662;SP;AS76-AS1-20180127155626
2018-01-27 15:57:18.537;SQ;AS76-AS1-20180127155718
2018-01-27 15:57:43.690;RU;AS76-AS1-20180127155601
2018-01-27 15:57:44.976;RC;AS76-AS1-20180127155626
2018-01-27 15:57:45.495;VU;AS76-AS1-20180127155601
2018-01-27 15:57:46.739;SS;AS76-AS1-20180127155626
2018-01-27 15:58:12.951;RO;AS76-AS1-20180127155718
2018-01-27 15:58:13.957;SP;AS76-AS1-20180127155718
2018-01-27 15:58:16.172;SQ;AS76-AS1-20180127155816
2018-01-27 15:58:45.176;RC;AS76-AS1-20180127155718
2018-01-27 15:58:45.992;SS;AS76-AS1-20180127155718
2018-01-27 15:59:09.857;RO;AS76-AS1-20180127155816
2018-01-27 15:59:11.080;SP;AS76-AS1-20180127155816
2018-01-27 15:59:12.760;SQ;AS76-AS1-20180127155912
2018-01-27 15:59:16.265;RU;AS76-AS1-20180127155626
2018-01-27 15:59:18.117;VU;AS76-AS1-20180127155626
2018-01-27 15:59:42.338;RC;AS76-AS1-20180127155816
2018-01-27 15:59:43.152;SS;AS76-AS1-20180127155816
2018-01-27 15:59:46.958;RU;AS76-AS1-20180127155718
2018-01-27 15:59:48.794;VU;AS76-AS1-20180127155718
2018-01-27 16:00:06.161;RO;AS76-AS1-20180127155912
2018-01-27 16:00:07.516;SP;AS76-AS1-20180127155912
2018-01-27 16:00:09.168;SQ;AS76-AS1-20180127160009
2018-01-27 16:00:32.283;RC;AS76-AS1-20180127155912
2018-01-27 16:00:33.124;SS;AS76-AS1-20180127155912
2018-01-27 16:00:43.751;RU;AS76-AS1-20180127155816
2018-01-27 16:00:45.588;VU;AS76-AS1-20180127155816
2018-01-27 16:01:08.350;RO;AS76-AS1-20180127160009
2018-01-27 16:01:09.562;SP;AS76-AS1-20180127160009
2018-01-27 16:01:11.240;SQ;AS76-AS1-20180127160111
2018-01-27 16:01:33.675;RU;AS76-AS1-20180127155912
2018-01-27 16:01:35.519;VU;AS76-AS1-20180127155912
2018-01-27 16:01:36.112;RC;AS76-AS1-20180127160009
2018-01-27 16:01:36.962;SS;AS76-AS1-20180127160009
2018-01-27 16:02:07.909;RO;AS76-AS1-20180127160111
2018-01-27 16:02:09.819;SP;AS76-AS1-20180127160111
2018-01-27 16:02:11.964;SQ;AS76-AS1-20180127160211
2018-01-27 16:02:36.644;RU;AS76-AS1-20180127160009
2018-01-27 16:02:38.493;VU;AS76-AS1-20180127160009
2018-01-27 16:02:39.703;RC;AS76-AS1-20180127160111
2018-01-27 16:02:40.861;SS;AS76-AS1-20180127160111
2018-01-27 16:03:22.490;RO;AS76-AS1-20180127160211
2018-01-27 16:03:23.405;SP;AS76-AS1-20180127160211
2018-01-27 16:03:25.045;SQ;AS76-AS1-20180127160325
2018-01-27 16:03:42.259;RC;AS76-AS1-20180127160211
2018-01-27 16:03:43.098;SS;AS76-AS1-20180127160211
2018-01-27 16:03:44.122;RU;AS76-AS1-20180127160111
2018-01-27 16:03:45.940;VU;AS76-AS1-20180127160111
2018-01-27 16:04:24.982;RO;AS76-AS1-20180127160325
2018-01-27 16:04:25.959;SP;AS76-AS1-20180127160325
2018-01-27 16:04:27.606;SQ;AS76-AS1-20180127160427
2018-01-27 16:04:46.322;RU;AS76-AS1-20180127160211
2018-01-27 16:04:48.139;VU;AS76-AS1-20180127160211
2018-01-27 16:04:56.112;RC;AS76-AS1-20180127160325
2018-01-27 16:04:57.187;SS;AS76-AS1-20180127160325
2018-01-27 16:05:25.450;RO;AS76-AS1-20180127160427
2018-01-27 16:05:26.487;SP;AS76-AS1-20180127160427
2018-01-27 16:05:28.135;SQ;AS76-AS1-20180127160528
2018-01-27 16:05:54.138;RC;AS76-AS1-20180127160427
2018-01-27 16:05:54.975;SS;AS76-AS1-20180127160427
2018-01-27 16:05:59.707;RU;AS76-AS1-20180127160325
2018-01-27 16:06:02.508;VU;AS76-AS1-20180127160325
2018-01-27 16:06:28.902;RO;AS76-AS1-20180127160528
2018-01-27 16:06:30.010;SP;AS76-AS1-20180127160528
2018-01-27 16:06:32.962;SQ;AS76-AS1-20180127160632
2018-01-27 16:06:55.086;RU;AS76-AS1-20180127160427
2018-01-27 16:06:56.926;VU;AS76-AS1-20180127160427
2018-01-27 16:07:14.552;RC;AS76-AS1-20180127160528
2018-01-27 16:07:15.403;SS;AS76-AS1-20180127160528
2018-01-27 16:07:23.420;RO;AS76-AS1-20180127160632
2018-01-27 16:07:24.359;SP;AS76-AS1-20180127160632
2018-01-27 16:07:26.048;SQ;AS76-AS1-20180127160726
2018-01-27 16:07:54.208;RC;AS76-AS1-20180127160632
2018-01-27 16:07:55.050;SS;AS76-AS1-20180127160632
2018-01-27 16:08:11.865;RU;AS76-AS1-20180127160528
2018-01-27 16:08:13.692;VU;AS76-AS1-20180127160528
2018-01-27 16:08:18.610;RO;AS76-AS1-20180127160726
2018-01-27 16:08:19.933;SP;AS76-AS1-20180127160726
2018-01-27 16:08:21.623;SQ;AS76-AS1-20180127160821
2018-01-27 16:08:41.966;RC;AS76-AS1-20180127160726
2018-01-27 16:08:42.813;SS;AS76-AS1-20180127160726
2018-01-27 16:08:58.601;RU;AS76-AS1-20180127160632
2018-01-27 16:09:00.447;VU;AS76-AS1-20180127160632
2018-01-27 16:09:14.542;RO;AS76-AS1-20180127160821
2018-01-27 16:09:15.515;SP;AS76-AS1-20180127160821
2018-01-27 16:09:17.144;SQ;AS76-AS1-20180127160917
2018-01-27 16:09:47.300;RC;AS76-AS1-20180127160821
2018-01-27 16:09:48.107;SS;AS76-AS1-20180127160821
2018-01-27 16:09:50.900;RU;AS76-AS1-20180127160726
2018-01-27 16:09:52.747;VU;AS76-AS1-20180127160726
2018-01-27 16:10:21.190;RO;AS76-AS1-20180127160917
2018-01-27 16:10:22.449;SP;AS76-AS1-20180127160917
2018-01-27 16:10:24.087;SQ;AS76-AS1-20180127161024
2018-01-27 16:10:56.032;RC;AS76-AS1-20180127160917
2018-01-27 16:10:56.861;SS;AS76-AS1-20180127160917
2018-01-27 16:10:57.297;RU;AS76-AS1-20180127160821
2018-01-27 16:10:59.130;VU;AS76-AS1-20180127160821
2018-01-27 16:11:22.440;RO;AS76-AS1-20180127161024
2018-01-27 16:11:23.493;SP;AS76-AS1-20180127161024
2018-01-27 16:11:25.155;SQ;AS76-AS1-20180127161125
2018-01-27 16:11:55.181;RC;AS76-AS1-20180127161024
2018-01-27 16:11:56.020;SS;AS76-AS1-20180127161024
2018-01-27 16:11:58.206;RU;AS76-AS1-20180127160917
2018-01-27 16:12:00.039;VU;AS76-AS1-20180127160917
2018-01-27 16:12:30.213;RO;AS76-AS1-20180127161125
2018-01-27 16:12:31.053;SP;AS76-AS1-20180127161125
2018-01-27 16:12:32.686;SQ;AS76-AS1-20180127161232
2018-01-27 16:13:01.025;RU;AS76-AS1-20180127161024
2018-01-27 16:13:01.038;RC;AS76-AS1-20180127161125
2018-01-27 16:13:02.801;SS;AS76-AS1-20180127161125
2018-01-27 16:13:03.800;VU;AS76-AS1-20180127161024
2018-01-27 16:13:32.090;RO;AS76-AS1-20180127161232
2018-01-27 16:13:33.077;SP;AS76-AS1-20180127161232
2018-01-27 16:13:34.704;SQ;AS76-AS1-20180127161334
2018-01-27 16:14:03.189;RC;AS76-AS1-20180127161232
2018-01-27 16:14:04.015;SS;AS76-AS1-20180127161232
2018-01-27 16:14:06.303;RU;AS76-AS1-20180127161125
2018-01-27 16:14:08.162;VU;AS76-AS1-20180127161125
2018-01-27 16:14:28.608;RO;AS76-AS1-20180127161334
2018-01-27 16:14:29.619;SP;AS76-AS1-20180127161334
2018-01-27 16:14:31.296;SQ;AS76-AS1-20180127161431
2018-01-27 16:15:02.794;RU;AS76-AS1-20180127161232
2018-01-27 16:15:02.796;RC;AS76-AS1-20180127161334
2018-01-27 16:15:04.496;SS;AS76-AS1-20180127161334
2018-01-27 16:15:05.498;VU;AS76-AS1-20180127161232
2018-01-27 16:15:36.345;RO;AS76-AS1-20180127161431
2018-01-27 16:15:37.210;SP;AS76-AS1-20180127161431
2018-01-27 16:15:38.869;SQ;AS76-AS1-20180127161538
2018-01-27 16:16:13.002;RU;AS76-AS1-20180127161334
2018-01-27 16:16:15.797;VU;AS76-AS1-20180127161334
2018-01-27 16:16:25.059;RO;AS76-AS1-20180127161538
2018-01-27 16:16:26.237;SP;AS76-AS1-20180127161538
2018-01-27 16:16:27.908;SQ;AS76-AS1-20180127161627
2018-01-27 16:16:38.924;RC;AS76-AS1-20180127161431
2018-01-27 16:16:39.736;SS;AS76-AS1-20180127161431
2018-01-27 16:16:52.670;RC;AS76-AS1-20180127161538
2018-01-27 16:16:53.486;SS;AS76-AS1-20180127161538
2018-01-27 16:17:27.946;RO;AS76-AS1-20180127161627
2018-01-27 16:17:28.816;SP;AS76-AS1-20180127161627
2018-01-27 16:17:30.448;SQ;AS76-AS1-20180127161730
2018-01-27 16:17:45.707;RU;AS76-AS1-20180127161431
2018-01-27 16:17:47.522;VU;AS76-AS1-20180127161431
2018-01-27 16:17:49.150;RU;AS76-AS1-20180127161538
2018-01-27 16:17:50.989;VU;AS76-AS1-20180127161538
2018-01-27 16:18:00.983;RC;AS76-AS1-20180127161627
2018-01-27 16:18:01.833;SS;AS76-AS1-20180127161627
2018-01-27 16:18:32.736;RO;AS76-AS1-20180127161730
2018-01-27 16:18:33.837;SP;AS76-AS1-20180127161730
2018-01-27 16:18:35.516;SQ;AS76-AS1-20180127161835
2018-01-27 16:19:01.551;RU;AS76-AS1-20180127161627
2018-01-27 16:19:03.395;VU;AS76-AS1-20180127161627
2018-01-27 16:19:06.079;RC;AS76-AS1-20180127161730
2018-01-27 16:19:06.899;SS;AS76-AS1-20180127161730
2018-01-27 16:19:37.165;RO;AS76-AS1-20180127161835
2018-01-27 16:19:38.407;SP;AS76-AS1-20180127161835
2018-01-27 16:19:41.215;SQ;AS76-AS1-20180127161941
2018-01-27 16:20:06.088;RU;AS76-AS1-20180127161730
2018-01-27 16:20:07.929;VU;AS76-AS1-20180127161730
2018-01-27 16:20:08.239;RC;AS76-AS1-20180127161835
2018-01-27 16:20:09.076;SS;AS76-AS1-20180127161835
2018-01-27 16:20:40.250;RO;AS76-AS1-20180127161941
2018-01-27 16:20:41.080;SP;AS76-AS1-20180127161941
2018-01-27 16:20:43.051;SQ;AS76-AS1-20180127162043
2018-01-27 16:21:08.480;RC;AS76-AS1-20180127161941
2018-01-27 16:21:09.329;SS;AS76-AS1-20180127161941
2018-01-27 16:21:13.432;RU;AS76-AS1-20180127161835
2018-01-27 16:21:16.205;VU;AS76-AS1-20180127161835
2018-01-27 16:21:36.382;RO;AS76-AS1-20180127162043
2018-01-27 16:21:37.433;SP;AS76-AS1-20180127162043
2018-01-27 16:21:39.083;SQ;AS76-AS1-20180127162139
2018-01-27 16:22:10.542;RC;AS76-AS1-20180127162043
2018-01-27 16:22:11.384;SS;AS76-AS1-20180127162043
2018-01-27 16:22:11.763;RU;AS76-AS1-20180127161941
2018-01-27 16:22:13.589;VU;AS76-AS1-20180127161941
2018-01-27 16:22:39.144;RO;AS76-AS1-20180127162139
2018-01-27 16:22:39.999;SP;AS76-AS1-20180127162139
2018-01-27 16:22:41.664;SQ;AS76-AS1-20180127162241
2018-01-27 16:23:10.655;RC;AS76-AS1-20180127162139
2018-01-27 16:23:11.477;SS;AS76-AS1-20180127162139
2018-01-27 16:23:18.838;RU;AS76-AS1-20180127162043
2018-01-27 16:23:21.535;VU;AS76-AS1-20180127162043
2018-01-27 16:23:37.413;RO;AS76-AS1-20180127162241
2018-01-27 16:23:38.579;SP;AS76-AS1-20180127162241
2018-01-27 16:23:40.210;SQ;AS76-AS1-20180127162340
2018-01-27 16:24:07.129;RC;AS76-AS1-20180127162241
2018-01-27 16:24:07.949;SS;AS76-AS1-20180127162241
2018-01-27 16:24:16.347;RU;AS76-AS1-20180127162139
2018-01-27 16:24:18.175;VU;AS76-AS1-20180127162139
2018-01-27 16:24:41.473;RO;AS76-AS1-20180127162340
2018-01-27 16:24:42.615;SP;AS76-AS1-20180127162340
2018-01-27 16:24:44.307;SQ;AS76-AS1-20180127162444
2018-01-27 16:25:03.784;RU;AS76-AS1-20180127162241
2018-01-27 16:25:05.618;VU;AS76-AS1-20180127162241
2018-01-27 16:25:09.074;RC;AS76-AS1-20180127162340
2018-01-27 16:25:09.923;SS;AS76-AS1-20180127162340
2018-01-27 16:25:37.613;RO;AS76-AS1-20180127162444
2018-01-27 16:25:39.478;SP;AS76-AS1-20180127162444
2018-01-27 16:26:02.473;RU;AS76-AS1-20180127162340
2018-01-27 16:26:04.308;VU;AS76-AS1-20180127162340
2018-01-27 16:26:08.339;RC;AS76-AS1-20180127162444
2018-01-27 16:26:09.821;SS;AS76-AS1-20180127162444
2018-01-27 16:27:07.385;RU;AS76-AS1-20180127162444
2018-01-27 16:27:09.218;VU;AS76-AS1-20180127162444
