2018-01-27 15:55:59.724;SQ;AS78-AS1-20180127155559
2018-01-27 15:56:22.105;RO;AS78-AS1-20180127155559
2018-01-27 15:56:23.005;SP;AS78-AS1-20180127155559
2018-01-27 15:56:24.511;SQ;AS78-AS1-20180127155624
2018-01-27 15:56:42.159;RC;AS78-AS1-20180127155559
2018-01-27 15:56:43.405;SS;AS78-AS1-20180127155559
2018-01-27 15:57:01.485;RO;AS78-AS1-20180127155624
2018-01-27 15:57:02.370;SP;AS78-AS1-20180127155624
2018-01-27 15:57:03.910;SQ;AS78-AS1-20180127155703
2018-01-27 15:57:29.888;RC;AS78-AS1-20180127155624
2018-01-27 15:57:31.491;SS;AS78-AS1-20180127155624
2018-01-27 15:57:43.335;RU;AS78-AS1-20180127155559
2018-01-27 15:57:45.126;VU;AS78-AS1-20180127155559
2018-01-27 15:57:58.294;RO;AS78-AS1-20180127155703
2018-01-27 15:57:59.225;SP;AS78-AS1-20180127155703
2018-01-27 15:58:01.549;SQ;AS78-AS1-20180127155801
2018-01-27 15:58:28.267;RC;AS78-AS1-20180127155703
2018-01-27 15:58:28.292;RU;AS78-AS1-20180127155624
2018-01-27 15:58:29.750;SS;AS78-AS1-20180127155703
2018-01-27 15:58:30.817;VU;AS78-AS1-20180127155624
2018-01-27 15:58:58.102;RO;AS78-AS1-20180127155801
2018-01-27 15:58:58.873;SP;AS78-AS1-20180127155801
2018-01-27 15:59:00.391;SQ;AS78-AS1-20180127155900
2018-01-27 15:59:27.975;RU;AS78-AS1-20180127155703
2018-01-27 15:59:29.871;RC;AS78-AS1-20180127155801
2018-01-27 15:59:31.325;SS;AS78-AS1-20180127155801
2018-01-27 16:00:01.009;RO;AS78-AS1-20180127155900
2018-01-27 16:00:02.622;SP;AS78-AS1-20180127155900
2018-01-27 16:00:04.872;SQ;AS78-AS1-20180127160004
2018-01-27 16:00:23.788;RC;AS78-AS1-20180127155900
2018-01-27 16:00:25.265;SS;AS78-AS1-20180127155900
2018-01-27 16:00:28.283;RU;AS78-AS1-20180127155801
2018-01-27 16:00:30.485;VU;AS78-AS1-20180127155801
2018-01-27 16:01:04.395;RO;AS78-AS1-20180127160004
2018-01-27 16:01:05.546;SP;AS78-AS1-20180127160004
2018-01-27 16:01:09.898;SQ;AS78-AS1-20180127160109
2018-01-27 16:01:33.262;RU;AS78-AS1-20180127155900
2018-01-27 16:01:35.470;VU;AS78-AS1-20180127155900
2018-01-27 16:01:36.147;RC;AS78-AS1-20180127160004
2018-01-27 16:01:36.974;SS;AS78-AS1-20180127160004
2018-01-27 16:02:08.434;RO;AS78-AS1-20180127160109
2018-01-27 16:02:11.134;SP;AS78-AS1-20180127160109
2018-01-27 16:02:13.143;SQ;AS78-AS1-20180127160213
2018-01-27 16:02:44.619;RU;AS78-AS1-20180127160004
2018-01-27 16:02:44.915;RC;AS78-AS1-20180127160109
2018-01-27 16:02:46.971;SS;AS78-AS1-20180127160109
2018-01-27 16:02:47.625;VU;AS78-AS1-20180127160004
2018-01-27 16:03:09.985;RO;AS78-AS1-20180127160213
2018-01-27 16:03:12.976;SP;AS78-AS1-20180127160213
2018-01-27 16:03:15.261;SQ;AS78-AS1-20180127160315
2018-01-27 16:03:36.533;RC;AS78-AS1-20180127160213
2018-01-27 16:03:38.032;SS;AS78-AS1-20180127160213
2018-01-27 16:03:57.401;RU;AS78-AS1-20180127160109
2018-01-27 16:04:00.677;VU;AS78-AS1-20180127160109
2018-01-27 16:04:15.768;RO;AS78-AS1-20180127160315
2018-01-27 16:04:17.198;SP;AS78-AS1-20180127160315
2018-01-27 16:04:19.556;SQ;AS78-AS1-20180127160419
2018-01-27 16:04:38.339;RU;AS78-AS1-20180127160213
2018-01-27 16:04:40.088;VU;AS78-AS1-20180127160213
2018-01-27 16:04:51.471;RC;AS78-AS1-20180127160315
2018-01-27 16:04:52.208;SS;AS78-AS1-20180127160315
2018-01-27 16:05:17.906;RO;AS78-AS1-20180127160419
2018-01-27 16:05:19.631;SP;AS78-AS1-20180127160419
2018-01-27 16:05:21.673;SQ;AS78-AS1-20180127160521
2018-01-27 16:05:47.735;RU;AS78-AS1-20180127160315
2018-01-27 16:05:48.018;RC;AS78-AS1-20180127160419
2018-01-27 16:05:49.803;SS;AS78-AS1-20180127160419
2018-01-27 16:05:50.653;VU;AS78-AS1-20180127160315
2018-01-27 16:06:23.715;RO;AS78-AS1-20180127160521
2018-01-27 16:06:24.565;SP;AS78-AS1-20180127160521
2018-01-27 16:06:26.876;SQ;AS78-AS1-20180127160626
2018-01-27 16:06:55.231;RC;AS78-AS1-20180127160521
2018-01-27 16:06:56.389;RU;AS78-AS1-20180127160419
2018-01-27 16:06:56.402;SS;AS78-AS1-20180127160521
2018-01-27 16:06:58.526;VU;AS78-AS1-20180127160419
2018-01-27 16:07:16.318;RO;AS78-AS1-20180127160626
2018-01-27 16:07:19.182;SP;AS78-AS1-20180127160626
2018-01-27 16:07:21.232;SQ;AS78-AS1-20180127160721
2018-01-27 16:07:50.810;RC;AS78-AS1-20180127160626
2018-01-27 16:07:52.111;SS;AS78-AS1-20180127160626
2018-01-27 16:08:00.372;RU;AS78-AS1-20180127160521
2018-01-27 16:08:02.475;VU;AS78-AS1-20180127160521
2018-01-27 16:08:26.229;RO;AS78-AS1-20180127160721
2018-01-27 16:08:27.683;SP;AS78-AS1-20180127160721
2018-01-27 16:08:29.617;SQ;AS78-AS1-20180127160829
2018-01-27 16:08:50.167;RU;AS78-AS1-20180127160626
2018-01-27 16:08:52.756;VU;AS78-AS1-20180127160626
2018-01-27 16:08:57.690;RC;AS78-AS1-20180127160721
2018-01-27 16:08:59.151;SS;AS78-AS1-20180127160721
2018-01-27 16:09:30.682;RO;AS78-AS1-20180127160829
2018-01-27 16:09:31.853;SP;AS78-AS1-20180127160829
2018-01-27 16:09:34.209;SQ;AS78-AS1-20180127160934
2018-01-27 16:10:01.957;RC;AS78-AS1-20180127160829
2018-01-27 16:10:02.731;SS;AS78-AS1-20180127160829
2018-01-27 16:10:03.021;RU;AS78-AS1-20180127160721
2018-01-27 16:10:05.361;VU;AS78-AS1-20180127160721
2018-01-27 16:10:32.191;RO;AS78-AS1-20180127160934
2018-01-27 16:10:33.368;SP;AS78-AS1-20180127160934
2018-01-27 16:10:36.505;SQ;AS78-AS1-20180127161036
2018-01-27 16:11:03.109;RC;AS78-AS1-20180127160934
2018-01-27 16:11:03.905;SS;AS78-AS1-20180127160934
2018-01-27 16:11:07.426;RU;AS78-AS1-20180127160829
2018-01-27 16:11:09.611;VU;AS78-AS1-20180127160829
2018-01-27 16:11:51.461;RO;AS78-AS1-20180127161036
2018-01-27 16:11:53.960;SP;AS78-AS1-20180127161036
2018-01-27 16:11:56.254;SQ;AS78-AS1-20180127161156
2018-01-27 16:12:19.632;RC;AS78-AS1-20180127161036
2018-01-27 16:12:20.552;SS;AS78-AS1-20180127161036
2018-01-27 16:12:36.723;RU;AS78-AS1-20180127160934
2018-01-27 16:12:38.490;VU;AS78-AS1-20180127160934
2018-01-27 16:13:01.028;RO;AS78-AS1-20180127161156
2018-01-27 16:13:02.649;SP;AS78-AS1-20180127161156
2018-01-27 16:13:04.724;SQ;AS78-AS1-20180127161304
2018-01-27 16:13:31.635;RC;AS78-AS1-20180127161156
2018-01-27 16:13:32.458;SS;AS78-AS1-20180127161156
2018-01-27 16:13:51.713;RU;AS78-AS1-20180127161036
2018-01-27 16:13:53.472;VU;AS78-AS1-20180127161036
2018-01-27 16:14:04.988;RO;AS78-AS1-20180127161304
2018-01-27 16:14:06.505;SP;AS78-AS1-20180127161304
2018-01-27 16:14:08.639;SQ;AS78-AS1-20180127161408
2018-01-27 16:14:37.477;RC;AS78-AS1-20180127161304
2018-01-27 16:14:38.306;SS;AS78-AS1-20180127161304
2018-01-27 16:14:42.189;RU;AS78-AS1-20180127161156
2018-01-27 16:14:44.712;VU;AS78-AS1-20180127161156
2018-01-27 16:15:10.211;RO;AS78-AS1-20180127161408
2018-01-27 16:15:11.393;SP;AS78-AS1-20180127161408
2018-01-27 16:15:15.809;SQ;AS78-AS1-20180127161515
2018-01-27 16:15:36.157;RU;AS78-AS1-20180127161304
2018-01-27 16:15:38.488;VU;AS78-AS1-20180127161304
2018-01-27 16:15:43.341;RC;AS78-AS1-20180127161408
2018-01-27 16:15:45.548;SS;AS78-AS1-20180127161408
2018-01-27 16:16:23.373;RO;AS78-AS1-20180127161515
2018-01-27 16:16:24.414;SP;AS78-AS1-20180127161515
2018-01-27 16:16:26.670;SQ;AS78-AS1-20180127161626
2018-01-27 16:16:45.462;RU;AS78-AS1-20180127161408
2018-01-27 16:16:48.202;VU;AS78-AS1-20180127161408
2018-01-27 16:16:51.697;RC;AS78-AS1-20180127161515
2018-01-27 16:16:52.997;SS;AS78-AS1-20180127161515
2018-01-27 16:17:27.987;RO;AS78-AS1-20180127161626
2018-01-27 16:17:29.020;SP;AS78-AS1-20180127161626
2018-01-27 16:17:31.356;SQ;AS78-AS1-20180127161731
2018-01-27 16:18:01.791;RC;AS78-AS1-20180127161626
2018-01-27 16:18:02.919;RU;AS78-AS1-20180127161515
2018-01-27 16:18:03.390;SS;AS78-AS1-20180127161626
2018-01-27 16:18:04.943;VU;AS78-AS1-20180127161515
2018-01-27 16:18:29.317;RO;AS78-AS1-20180127161731
2018-01-27 16:18:30.278;SP;AS78-AS1-20180127161731
2018-01-27 16:18:32.533;SQ;AS78-AS1-20180127161832
2018-01-27 16:19:02.815;RC;AS78-AS1-20180127161731
2018-01-27 16:19:04.281;SS;AS78-AS1-20180127161731
2018-01-27 16:19:08.464;RU;AS78-AS1-20180127161626
2018-01-27 16:19:11.856;VU;AS78-AS1-20180127161626
2018-01-27 16:19:32.358;RO;AS78-AS1-20180127161832
2018-01-27 16:19:33.747;SP;AS78-AS1-20180127161832
2018-01-27 16:19:36.096;SQ;AS78-AS1-20180127161936
2018-01-27 16:20:03.389;RU;AS78-AS1-20180127161731
2018-01-27 16:20:05.111;RC;AS78-AS1-20180127161832
2018-01-27 16:20:05.932;VU;AS78-AS1-20180127161731
2018-01-27 16:20:05.965;SS;AS78-AS1-20180127161832
2018-01-27 16:20:35.995;RO;AS78-AS1-20180127161936
2018-01-27 16:20:37.730;SP;AS78-AS1-20180127161936
2018-01-27 16:20:39.911;SQ;AS78-AS1-20180127162039
2018-01-27 16:21:06.161;RU;AS78-AS1-20180127161832
2018-01-27 16:21:08.413;VU;AS78-AS1-20180127161832
2018-01-27 16:21:14.192;RC;AS78-AS1-20180127161936
2018-01-27 16:21:16.271;SS;AS78-AS1-20180127161936
2018-01-27 16:22:01.337;RO;AS78-AS1-20180127162039
2018-01-27 16:22:03.584;SP;AS78-AS1-20180127162039
2018-01-27 16:22:05.887;SQ;AS78-AS1-20180127162205
2018-01-27 16:22:16.497;RU;AS78-AS1-20180127161936
2018-01-27 16:22:19.461;VU;AS78-AS1-20180127161936
2018-01-27 16:22:33.944;RC;AS78-AS1-20180127162039
2018-01-27 16:22:35.257;SS;AS78-AS1-20180127162039
2018-01-27 16:23:04.926;RO;AS78-AS1-20180127162205
2018-01-27 16:23:05.748;SP;AS78-AS1-20180127162205
2018-01-27 16:23:08.121;SQ;AS78-AS1-20180127162308
2018-01-27 16:23:28.551;RC;AS78-AS1-20180127162205
2018-01-27 16:23:30.129;SS;AS78-AS1-20180127162205
2018-01-27 16:23:41.072;RU;AS78-AS1-20180127162039
2018-01-27 16:23:43.031;VU;AS78-AS1-20180127162039
2018-01-27 16:24:00.157;RO;AS78-AS1-20180127162308
2018-01-27 16:24:00.963;SP;AS78-AS1-20180127162308
2018-01-27 16:24:03.359;SQ;AS78-AS1-20180127162403
2018-01-27 16:24:28.221;RC;AS78-AS1-20180127162308
2018-01-27 16:24:28.349;RU;AS78-AS1-20180127162205
2018-01-27 16:24:30.374;SS;AS78-AS1-20180127162308
2018-01-27 16:24:31.644;VU;AS78-AS1-20180127162205
2018-01-27 16:25:03.011;RO;AS78-AS1-20180127162403
2018-01-27 16:25:04.749;SP;AS78-AS1-20180127162403
2018-01-27 16:25:08.022;SQ;AS78-AS1-20180127162508
2018-01-27 16:25:32.047;RU;AS78-AS1-20180127162308
2018-01-27 16:25:33.812;VU;AS78-AS1-20180127162308
2018-01-27 16:25:34.075;RC;AS78-AS1-20180127162403
2018-01-27 16:25:35.040;SS;AS78-AS1-20180127162403
2018-01-27 16:26:03.538;RO;AS78-AS1-20180127162508
2018-01-27 16:26:04.796;SP;AS78-AS1-20180127162508
2018-01-27 16:26:07.086;SQ;AS78-AS1-20180127162607
2018-01-27 16:26:33.286;RU;AS78-AS1-20180127162403
2018-01-27 16:26:33.993;RC;AS78-AS1-20180127162508
2018-01-27 16:26:35.381;SS;AS78-AS1-20180127162508
2018-01-27 16:26:35.671;VU;AS78-AS1-20180127162403
2018-01-27 16:26:57.742;RO;AS78-AS1-20180127162607
2018-01-27 16:26:59.640;SP;AS78-AS1-20180127162607
2018-01-27 16:27:24.154;RU;AS78-AS1-20180127162508
2018-01-27 16:27:26.676;VU;AS78-AS1-20180127162508
2018-01-27 16:27:41.721;RC;AS78-AS1-20180127162607
2018-01-27 16:27:43.165;SS;AS78-AS1-20180127162607
2018-01-27 16:28:04.365;RU;AS78-AS1-20180127162607
2018-01-27 16:28:15.810;VU;AS78-AS1-20180127162607
