2018-01-27 15:56:05.142;SQ;AS81-AS1-20180127155605
2018-01-27 15:56:37.203;RO;AS81-AS1-20180127155605
2018-01-27 15:56:38.514;SP;AS81-AS1-20180127155605
2018-01-27 15:56:40.186;SQ;AS81-AS1-20180127155640
2018-01-27 15:57:02.038;RC;AS81-AS1-20180127155605
2018-01-27 15:57:02.890;SS;AS81-AS1-20180127155605
2018-01-27 15:57:35.963;RO;AS81-AS1-20180127155640
2018-01-27 15:57:37.077;SP;AS81-AS1-20180127155640
2018-01-27 15:57:38.721;SQ;AS81-AS1-20180127155738
2018-01-27 15:57:53.342;RU;AS81-AS1-20180127155605
2018-01-27 15:57:55.185;VU;AS81-AS1-20180127155605
2018-01-27 15:58:07.066;RC;AS81-AS1-20180127155640
2018-01-27 15:58:07.922;SS;AS81-AS1-20180127155640
2018-01-27 15:58:31.995;RO;AS81-AS1-20180127155738
2018-01-27 15:58:33.492;SP;AS81-AS1-20180127155738
2018-01-27 15:58:35.177;SQ;AS81-AS1-20180127155835
2018-01-27 15:59:06.812;RC;AS81-AS1-20180127155738
2018-01-27 15:59:07.636;SS;AS81-AS1-20180127155738
2018-01-27 15:59:42.464;RO;AS81-AS1-20180127155835
2018-01-27 15:59:42.734;RU;AS81-AS1-20180127155640
2018-01-27 15:59:44.403;SP;AS81-AS1-20180127155835
2018-01-27 15:59:45.403;VU;AS81-AS1-20180127155640
2018-01-27 15:59:46.066;SQ;AS81-AS1-20180127155946
2018-01-27 16:00:11.778;RU;AS81-AS1-20180127155738
2018-01-27 16:00:11.972;RC;AS81-AS1-20180127155835
2018-01-27 16:00:13.510;SS;AS81-AS1-20180127155835
2018-01-27 16:00:14.206;VU;AS81-AS1-20180127155738
2018-01-27 16:00:49.832;RO;AS81-AS1-20180127155946
2018-01-27 16:00:50.942;SP;AS81-AS1-20180127155946
2018-01-27 16:00:53.973;SQ;AS81-AS1-20180127160053
2018-01-27 16:01:05.738;RU;AS81-AS1-20180127155835
2018-01-27 16:01:07.568;VU;AS81-AS1-20180127155835
2018-01-27 16:01:20.104;RC;AS81-AS1-20180127155946
2018-01-27 16:01:20.948;SS;AS81-AS1-20180127155946
2018-01-27 16:02:10.818;RO;AS81-AS1-20180127160053
2018-01-27 16:02:11.918;SP;AS81-AS1-20180127160053
2018-01-27 16:02:13.610;SQ;AS81-AS1-20180127160213
2018-01-27 16:02:17.781;RU;AS81-AS1-20180127155946
2018-01-27 16:02:19.610;VU;AS81-AS1-20180127155946
2018-01-27 16:02:35.998;RC;AS81-AS1-20180127160053
2018-01-27 16:02:36.858;SS;AS81-AS1-20180127160053
2018-01-27 16:03:13.126;RO;AS81-AS1-20180127160213
2018-01-27 16:03:14.035;SP;AS81-AS1-20180127160213
2018-01-27 16:03:15.731;SQ;AS81-AS1-20180127160315
2018-01-27 16:03:43.098;RU;AS81-AS1-20180127160053
2018-01-27 16:03:44.928;VU;AS81-AS1-20180127160053
2018-01-27 16:04:14.291;RC;AS81-AS1-20180127160213
2018-01-27 16:04:15.129;SS;AS81-AS1-20180127160213
2018-01-27 16:04:22.251;RO;AS81-AS1-20180127160315
2018-01-27 16:04:23.125;SP;AS81-AS1-20180127160315
2018-01-27 16:04:24.800;SQ;AS81-AS1-20180127160424
2018-01-27 16:04:53.976;RC;AS81-AS1-20180127160315
2018-01-27 16:04:54.784;SS;AS81-AS1-20180127160315
2018-01-27 16:05:15.938;RU;AS81-AS1-20180127160213
2018-01-27 16:05:17.801;VU;AS81-AS1-20180127160213
2018-01-27 16:05:20.409;RO;AS81-AS1-20180127160424
2018-01-27 16:05:21.687;SP;AS81-AS1-20180127160424
2018-01-27 16:05:23.343;SQ;AS81-AS1-20180127160523
2018-01-27 16:05:48.877;RU;AS81-AS1-20180127160315
2018-01-27 16:05:50.717;VU;AS81-AS1-20180127160315
2018-01-27 16:06:19.764;RC;AS81-AS1-20180127160424
2018-01-27 16:06:20.608;SS;AS81-AS1-20180127160424
2018-01-27 16:06:21.371;RO;AS81-AS1-20180127160523
2018-01-27 16:06:22.257;SP;AS81-AS1-20180127160523
2018-01-27 16:06:23.901;SQ;AS81-AS1-20180127160623
2018-01-27 16:06:47.658;RC;AS81-AS1-20180127160523
2018-01-27 16:06:48.486;SS;AS81-AS1-20180127160523
2018-01-27 16:07:31.459;RU;AS81-AS1-20180127160424
2018-01-27 16:07:33.973;VU;AS81-AS1-20180127160424
2018-01-27 16:07:54.105;RU;AS81-AS1-20180127160523
2018-01-27 16:07:55.928;VU;AS81-AS1-20180127160523
2018-01-27 16:08:48.335;RO;AS81-AS1-20180127160623
2018-01-27 16:08:50.297;SP;AS81-AS1-20180127160623
2018-01-27 16:08:52.760;SQ;AS81-AS1-20180127160852
2018-01-27 16:09:21.366;RC;AS81-AS1-20180127160623
2018-01-27 16:09:22.200;SS;AS81-AS1-20180127160623
2018-01-27 16:09:51.847;RO;AS81-AS1-20180127160852
2018-01-27 16:09:53.147;SP;AS81-AS1-20180127160852
2018-01-27 16:09:54.821;SQ;AS81-AS1-20180127160954
2018-01-27 16:10:24.005;RC;AS81-AS1-20180127160852
2018-01-27 16:10:24.102;RU;AS81-AS1-20180127160623
2018-01-27 16:10:25.621;SS;AS81-AS1-20180127160852
2018-01-27 16:10:26.718;VU;AS81-AS1-20180127160623
2018-01-27 16:11:01.319;RO;AS81-AS1-20180127160954
2018-01-27 16:11:02.246;SP;AS81-AS1-20180127160954
2018-01-27 16:11:03.932;SQ;AS81-AS1-20180127161103
2018-01-27 16:11:18.956;RU;AS81-AS1-20180127160852
2018-01-27 16:11:20.804;VU;AS81-AS1-20180127160852
2018-01-27 16:11:27.697;RC;AS81-AS1-20180127160954
2018-01-27 16:11:28.519;SS;AS81-AS1-20180127160954
2018-01-27 16:12:10.740;RO;AS81-AS1-20180127161103
2018-01-27 16:12:11.866;SP;AS81-AS1-20180127161103
2018-01-27 16:12:13.530;SQ;AS81-AS1-20180127161213
2018-01-27 16:12:29.764;RU;AS81-AS1-20180127160954
2018-01-27 16:12:31.604;VU;AS81-AS1-20180127160954
2018-01-27 16:12:41.573;RC;AS81-AS1-20180127161103
2018-01-27 16:12:42.412;SS;AS81-AS1-20180127161103
2018-01-27 16:13:16.171;RO;AS81-AS1-20180127161213
2018-01-27 16:13:17.440;SP;AS81-AS1-20180127161213
2018-01-27 16:13:19.135;SQ;AS81-AS1-20180127161319
2018-01-27 16:13:38.113;RC;AS81-AS1-20180127161213
2018-01-27 16:13:39.083;SS;AS81-AS1-20180127161213
2018-01-27 16:13:49.425;RU;AS81-AS1-20180127161103
2018-01-27 16:13:51.299;VU;AS81-AS1-20180127161103
2018-01-27 16:14:17.806;RO;AS81-AS1-20180127161319
2018-01-27 16:14:19.037;SP;AS81-AS1-20180127161319
2018-01-27 16:14:20.693;SQ;AS81-AS1-20180127161420
2018-01-27 16:14:43.075;RU;AS81-AS1-20180127161213
2018-01-27 16:14:44.911;VU;AS81-AS1-20180127161213
2018-01-27 16:14:46.892;RC;AS81-AS1-20180127161319
2018-01-27 16:14:47.751;SS;AS81-AS1-20180127161319
2018-01-27 16:15:22.220;RO;AS81-AS1-20180127161420
2018-01-27 16:15:23.080;SP;AS81-AS1-20180127161420
2018-01-27 16:15:24.732;SQ;AS81-AS1-20180127161524
2018-01-27 16:15:54.395;RC;AS81-AS1-20180127161420
2018-01-27 16:15:55.225;SS;AS81-AS1-20180127161420
2018-01-27 16:15:55.265;RU;AS81-AS1-20180127161319
2018-01-27 16:15:57.115;VU;AS81-AS1-20180127161319
2018-01-27 16:16:23.881;RO;AS81-AS1-20180127161524
2018-01-27 16:16:25.123;SP;AS81-AS1-20180127161524
2018-01-27 16:16:26.789;SQ;AS81-AS1-20180127161626
2018-01-27 16:16:48.038;RC;AS81-AS1-20180127161524
2018-01-27 16:16:48.851;SS;AS81-AS1-20180127161524
2018-01-27 16:17:01.859;RU;AS81-AS1-20180127161420
2018-01-27 16:17:04.338;VU;AS81-AS1-20180127161420
2018-01-27 16:17:28.037;RO;AS81-AS1-20180127161626
2018-01-27 16:17:29.213;SP;AS81-AS1-20180127161626
2018-01-27 16:17:30.905;SQ;AS81-AS1-20180127161730
2018-01-27 16:18:00.718;RU;AS81-AS1-20180127161524
2018-01-27 16:18:00.980;RC;AS81-AS1-20180127161626
2018-01-27 16:18:02.499;SS;AS81-AS1-20180127161626
2018-01-27 16:18:03.133;VU;AS81-AS1-20180127161524
2018-01-27 16:18:36.880;RO;AS81-AS1-20180127161730
2018-01-27 16:18:38.109;SP;AS81-AS1-20180127161730
2018-01-27 16:18:41.074;SQ;AS81-AS1-20180127161841
2018-01-27 16:19:04.390;RC;AS81-AS1-20180127161730
2018-01-27 16:19:05.226;SS;AS81-AS1-20180127161730
2018-01-27 16:19:08.737;RU;AS81-AS1-20180127161626
2018-01-27 16:19:11.194;VU;AS81-AS1-20180127161626
2018-01-27 16:19:30.647;RO;AS81-AS1-20180127161841
2018-01-27 16:19:31.962;SP;AS81-AS1-20180127161841
2018-01-27 16:19:33.657;SQ;AS81-AS1-20180127161933
2018-01-27 16:20:03.365;RC;AS81-AS1-20180127161841
2018-01-27 16:20:04.192;SS;AS81-AS1-20180127161841
2018-01-27 16:20:07.634;RU;AS81-AS1-20180127161730
2018-01-27 16:20:09.509;VU;AS81-AS1-20180127161730
2018-01-27 16:20:29.676;RO;AS81-AS1-20180127161933
2018-01-27 16:20:30.550;SP;AS81-AS1-20180127161933
2018-01-27 16:20:32.188;SQ;AS81-AS1-20180127162032
2018-01-27 16:20:59.350;RC;AS81-AS1-20180127161933
2018-01-27 16:21:00.183;SS;AS81-AS1-20180127161933
2018-01-27 16:21:06.009;RU;AS81-AS1-20180127161841
2018-01-27 16:21:07.822;VU;AS81-AS1-20180127161841
2018-01-27 16:21:47.142;RO;AS81-AS1-20180127162032
2018-01-27 16:21:48.121;SP;AS81-AS1-20180127162032
2018-01-27 16:21:49.802;SQ;AS81-AS1-20180127162149
2018-01-27 16:22:09.693;RU;AS81-AS1-20180127161933
2018-01-27 16:22:11.546;VU;AS81-AS1-20180127161933
2018-01-27 16:22:17.642;RC;AS81-AS1-20180127162032
2018-01-27 16:22:18.478;SS;AS81-AS1-20180127162032
2018-01-27 16:22:50.384;RO;AS81-AS1-20180127162149
2018-01-27 16:22:51.715;SP;AS81-AS1-20180127162149
2018-01-27 16:22:53.395;SQ;AS81-AS1-20180127162253
2018-01-27 16:23:17.328;RC;AS81-AS1-20180127162149
2018-01-27 16:23:18.450;SS;AS81-AS1-20180127162149
2018-01-27 16:23:27.192;RU;AS81-AS1-20180127162032
2018-01-27 16:23:29.026;VU;AS81-AS1-20180127162032
2018-01-27 16:23:59.370;RO;AS81-AS1-20180127162253
2018-01-27 16:24:00.300;SP;AS81-AS1-20180127162253
2018-01-27 16:24:02.019;SQ;AS81-AS1-20180127162402
2018-01-27 16:24:28.397;RC;AS81-AS1-20180127162253
2018-01-27 16:24:29.242;SS;AS81-AS1-20180127162253
2018-01-27 16:24:44.375;RU;AS81-AS1-20180127162149
2018-01-27 16:24:46.209;VU;AS81-AS1-20180127162149
2018-01-27 16:24:49.358;RO;AS81-AS1-20180127162402
2018-01-27 16:24:50.428;SP;AS81-AS1-20180127162402
2018-01-27 16:24:53.305;SQ;AS81-AS1-20180127162453
2018-01-27 16:25:22.279;RU;AS81-AS1-20180127162253
2018-01-27 16:25:22.325;RC;AS81-AS1-20180127162402
2018-01-27 16:25:25.053;SS;AS81-AS1-20180127162402
2018-01-27 16:25:26.050;VU;AS81-AS1-20180127162253
2018-01-27 16:25:50.596;RO;AS81-AS1-20180127162453
2018-01-27 16:25:51.704;SP;AS81-AS1-20180127162453
2018-01-27 16:25:53.691;SQ;AS81-AS1-20180127162553
2018-01-27 16:26:20.778;RC;AS81-AS1-20180127162453
2018-01-27 16:26:21.606;SS;AS81-AS1-20180127162453
2018-01-27 16:26:25.951;RU;AS81-AS1-20180127162402
2018-01-27 16:26:27.922;VU;AS81-AS1-20180127162402
2018-01-27 16:26:47.209;RO;AS81-AS1-20180127162553
2018-01-27 16:26:48.092;SP;AS81-AS1-20180127162553
2018-01-27 16:26:49.765;SQ;AS81-AS1-20180127162649
2018-01-27 16:27:11.850;RC;AS81-AS1-20180127162553
2018-01-27 16:27:12.958;SS;AS81-AS1-20180127162553
2018-01-27 16:27:13.402;RU;AS81-AS1-20180127162453
2018-01-27 16:27:16.186;VU;AS81-AS1-20180127162453
2018-01-27 16:27:30.988;RO;AS81-AS1-20180127162649
2018-01-27 16:27:32.164;SP;AS81-AS1-20180127162649
2018-01-27 16:27:33.842;SQ;AS81-AS1-20180127162733
2018-01-27 16:27:46.919;RU;AS81-AS1-20180127162553
2018-01-27 16:27:47.047;RC;AS81-AS1-20180127162649
2018-01-27 16:27:48.592;SS;AS81-AS1-20180127162649
2018-01-27 16:27:49.416;VU;AS81-AS1-20180127162553
2018-01-27 16:27:58.301;RO;AS81-AS1-20180127162733
2018-01-27 16:28:00.146;SP;AS81-AS1-20180127162733
2018-01-27 16:28:00.881;RC;AS81-AS1-20180127162733
2018-01-27 16:28:01.759;SS;AS81-AS1-20180127162733
2018-01-27 16:28:05.935;RU;AS81-AS1-20180127162649
2018-01-27 16:28:10.529;RU;AS81-AS1-20180127162733
2018-01-27 16:28:14.236;VU;AS81-AS1-20180127162733
2018-01-27 16:28:15.050;VU;AS81-AS1-20180127162649
