2018-01-27 15:56:03.004;SQ;AS85-AS1-20180127155603
2018-01-27 15:56:30.801;RO;AS85-AS1-20180127155603
2018-01-27 15:56:31.844;SP;AS85-AS1-20180127155603
2018-01-27 15:56:33.481;SQ;AS85-AS1-20180127155633
2018-01-27 15:56:54.412;RC;AS85-AS1-20180127155603
2018-01-27 15:56:55.217;SS;AS85-AS1-20180127155603
2018-01-27 15:57:16.361;RO;AS85-AS1-20180127155633
2018-01-27 15:57:17.351;SP;AS85-AS1-20180127155633
2018-01-27 15:57:18.973;SQ;AS85-AS1-20180127155718
2018-01-27 15:57:43.353;RU;AS85-AS1-20180127155603
2018-01-27 15:57:45.156;VU;AS85-AS1-20180127155603
2018-01-27 15:58:12.201;RO;AS85-AS1-20180127155718
2018-01-27 15:58:13.335;SP;AS85-AS1-20180127155718
2018-01-27 15:58:14.941;SQ;AS85-AS1-20180127155814
2018-01-27 15:58:17.757;RC;AS85-AS1-20180127155633
2018-01-27 15:58:18.561;SS;AS85-AS1-20180127155633
2018-01-27 15:58:39.306;RC;AS85-AS1-20180127155718
2018-01-27 15:58:40.099;SS;AS85-AS1-20180127155718
2018-01-27 15:59:21.356;RU;AS85-AS1-20180127155633
2018-01-27 15:59:23.166;VU;AS85-AS1-20180127155633
2018-01-27 15:59:32.436;RO;AS85-AS1-20180127155814
2018-01-27 15:59:33.332;SP;AS85-AS1-20180127155814
2018-01-27 15:59:35.577;SQ;AS85-AS1-20180127155935
2018-01-27 15:59:42.705;RU;AS85-AS1-20180127155718
2018-01-27 15:59:44.518;VU;AS85-AS1-20180127155718
2018-01-27 16:00:05.531;RC;AS85-AS1-20180127155814
2018-01-27 16:00:07.223;SS;AS85-AS1-20180127155814
2018-01-27 16:00:43.722;RO;AS85-AS1-20180127155935
2018-01-27 16:00:44.978;SP;AS85-AS1-20180127155935
2018-01-27 16:00:46.564;SQ;AS85-AS1-20180127160046
2018-01-27 16:01:10.005;RU;AS85-AS1-20180127155814
2018-01-27 16:01:11.808;VU;AS85-AS1-20180127155814
2018-01-27 16:01:16.342;RC;AS85-AS1-20180127155935
2018-01-27 16:01:17.157;SS;AS85-AS1-20180127155935
2018-01-27 16:01:45.652;RO;AS85-AS1-20180127160046
2018-01-27 16:01:46.918;SP;AS85-AS1-20180127160046
2018-01-27 16:01:48.528;SQ;AS85-AS1-20180127160148
2018-01-27 16:02:09.454;RU;AS85-AS1-20180127155935
2018-01-27 16:02:11.436;VU;AS85-AS1-20180127155935
2018-01-27 16:02:17.614;RC;AS85-AS1-20180127160046
2018-01-27 16:02:18.429;SS;AS85-AS1-20180127160046
2018-01-27 16:02:44.974;RO;AS85-AS1-20180127160148
2018-01-27 16:02:45.905;SP;AS85-AS1-20180127160148
2018-01-27 16:02:47.477;SQ;AS85-AS1-20180127160247
2018-01-27 16:03:22.211;RU;AS85-AS1-20180127160046
2018-01-27 16:03:22.984;RC;AS85-AS1-20180127160148
2018-01-27 16:03:23.777;SS;AS85-AS1-20180127160148
2018-01-27 16:03:23.986;VU;AS85-AS1-20180127160046
2018-01-27 16:03:53.229;RO;AS85-AS1-20180127160247
2018-01-27 16:03:54.348;SP;AS85-AS1-20180127160247
2018-01-27 16:03:55.977;SQ;AS85-AS1-20180127160355
2018-01-27 16:04:24.780;RU;AS85-AS1-20180127160148
2018-01-27 16:04:26.576;VU;AS85-AS1-20180127160148
2018-01-27 16:04:29.314;RC;AS85-AS1-20180127160247
2018-01-27 16:04:30.304;SS;AS85-AS1-20180127160247
2018-01-27 16:04:53.335;RO;AS85-AS1-20180127160355
2018-01-27 16:04:54.357;SP;AS85-AS1-20180127160355
2018-01-27 16:04:55.962;SQ;AS85-AS1-20180127160455
2018-01-27 16:05:19.302;RC;AS85-AS1-20180127160355
2018-01-27 16:05:20.100;SS;AS85-AS1-20180127160355
2018-01-27 16:05:32.228;RU;AS85-AS1-20180127160247
2018-01-27 16:05:34.037;VU;AS85-AS1-20180127160247
2018-01-27 16:05:54.104;RO;AS85-AS1-20180127160455
2018-01-27 16:05:55.322;SP;AS85-AS1-20180127160455
2018-01-27 16:05:56.951;SQ;AS85-AS1-20180127160556
2018-01-27 16:06:25.307;RC;AS85-AS1-20180127160455
2018-01-27 16:06:26.132;SS;AS85-AS1-20180127160455
2018-01-27 16:06:30.555;RU;AS85-AS1-20180127160355
2018-01-27 16:06:33.246;VU;AS85-AS1-20180127160355
2018-01-27 16:06:49.162;RO;AS85-AS1-20180127160556
2018-01-27 16:06:50.316;SP;AS85-AS1-20180127160556
2018-01-27 16:06:51.917;SQ;AS85-AS1-20180127160651
2018-01-27 16:07:23.430;RC;AS85-AS1-20180127160556
2018-01-27 16:07:24.235;SS;AS85-AS1-20180127160556
2018-01-27 16:07:25.115;RU;AS85-AS1-20180127160455
2018-01-27 16:07:26.929;VU;AS85-AS1-20180127160455
2018-01-27 16:08:13.542;RO;AS85-AS1-20180127160651
2018-01-27 16:08:14.792;SP;AS85-AS1-20180127160651
2018-01-27 16:08:16.385;SQ;AS85-AS1-20180127160816
2018-01-27 16:08:25.616;RU;AS85-AS1-20180127160556
2018-01-27 16:08:27.439;VU;AS85-AS1-20180127160556
2018-01-27 16:08:51.244;RC;AS85-AS1-20180127160651
2018-01-27 16:08:52.053;SS;AS85-AS1-20180127160651
2018-01-27 16:09:15.464;RO;AS85-AS1-20180127160816
2018-01-27 16:09:16.736;SP;AS85-AS1-20180127160816
2018-01-27 16:09:18.343;SQ;AS85-AS1-20180127160918
2018-01-27 16:09:49.331;RC;AS85-AS1-20180127160816
2018-01-27 16:09:50.972;SS;AS85-AS1-20180127160816
2018-01-27 16:09:53.104;RU;AS85-AS1-20180127160651
2018-01-27 16:09:54.912;VU;AS85-AS1-20180127160651
2018-01-27 16:10:17.360;RO;AS85-AS1-20180127160918
2018-01-27 16:10:18.209;SP;AS85-AS1-20180127160918
2018-01-27 16:10:19.883;SQ;AS85-AS1-20180127161019
2018-01-27 16:10:49.249;RC;AS85-AS1-20180127160918
2018-01-27 16:10:50.030;SS;AS85-AS1-20180127160918
2018-01-27 16:10:53.365;RU;AS85-AS1-20180127160816
2018-01-27 16:10:55.150;VU;AS85-AS1-20180127160816
2018-01-27 16:11:21.293;RO;AS85-AS1-20180127161019
2018-01-27 16:11:22.774;SP;AS85-AS1-20180127161019
2018-01-27 16:11:24.388;SQ;AS85-AS1-20180127161124
2018-01-27 16:11:54.798;RC;AS85-AS1-20180127161019
2018-01-27 16:11:55.583;SS;AS85-AS1-20180127161019
2018-01-27 16:12:00.891;RU;AS85-AS1-20180127160918
2018-01-27 16:12:02.706;VU;AS85-AS1-20180127160918
2018-01-27 16:12:30.231;RO;AS85-AS1-20180127161124
2018-01-27 16:12:31.266;SP;AS85-AS1-20180127161124
2018-01-27 16:12:32.860;SQ;AS85-AS1-20180127161232
2018-01-27 16:13:01.038;RU;AS85-AS1-20180127161019
2018-01-27 16:13:01.862;RC;AS85-AS1-20180127161124
2018-01-27 16:13:02.753;SS;AS85-AS1-20180127161124
2018-01-27 16:13:02.952;VU;AS85-AS1-20180127161019
2018-01-27 16:13:57.546;RO;AS85-AS1-20180127161232
2018-01-27 16:13:58.742;SP;AS85-AS1-20180127161232
2018-01-27 16:14:00.329;SQ;AS85-AS1-20180127161400
2018-01-27 16:14:06.270;RU;AS85-AS1-20180127161124
2018-01-27 16:14:08.095;VU;AS85-AS1-20180127161124
2018-01-27 16:14:28.280;RC;AS85-AS1-20180127161232
2018-01-27 16:14:29.068;SS;AS85-AS1-20180127161232
2018-01-27 16:15:04.146;RO;AS85-AS1-20180127161400
2018-01-27 16:15:05.223;SP;AS85-AS1-20180127161400
2018-01-27 16:15:06.891;SQ;AS85-AS1-20180127161506
2018-01-27 16:15:30.787;RC;AS85-AS1-20180127161400
2018-01-27 16:15:31.613;SS;AS85-AS1-20180127161400
2018-01-27 16:15:36.327;RU;AS85-AS1-20180127161232
2018-01-27 16:15:38.124;VU;AS85-AS1-20180127161232
2018-01-27 16:16:29.612;RU;AS85-AS1-20180127161400
2018-01-27 16:16:32.225;VU;AS85-AS1-20180127161400
2018-01-27 16:16:38.877;RO;AS85-AS1-20180127161506
2018-01-27 16:16:39.822;SP;AS85-AS1-20180127161506
2018-01-27 16:16:41.441;SQ;AS85-AS1-20180127161641
2018-01-27 16:16:58.773;RC;AS85-AS1-20180127161506
2018-01-27 16:16:59.566;SS;AS85-AS1-20180127161506
2018-01-27 16:17:44.094;RO;AS85-AS1-20180127161641
2018-01-27 16:17:45.339;SP;AS85-AS1-20180127161641
2018-01-27 16:17:46.986;SQ;AS85-AS1-20180127161746
2018-01-27 16:18:01.788;RU;AS85-AS1-20180127161506
2018-01-27 16:18:03.593;VU;AS85-AS1-20180127161506
2018-01-27 16:18:10.620;RC;AS85-AS1-20180127161641
2018-01-27 16:18:11.457;SS;AS85-AS1-20180127161641
2018-01-27 16:18:42.801;RO;AS85-AS1-20180127161746
2018-01-27 16:18:43.877;SP;AS85-AS1-20180127161746
2018-01-27 16:18:45.491;SQ;AS85-AS1-20180127161845
2018-01-27 16:19:15.635;RU;AS85-AS1-20180127161641
2018-01-27 16:19:15.819;RC;AS85-AS1-20180127161746
2018-01-27 16:19:17.257;SS;AS85-AS1-20180127161746
2018-01-27 16:19:18.014;VU;AS85-AS1-20180127161641
2018-01-27 16:19:48.553;RO;AS85-AS1-20180127161845
2018-01-27 16:19:49.361;SP;AS85-AS1-20180127161845
2018-01-27 16:19:50.945;SQ;AS85-AS1-20180127161950
2018-01-27 16:20:11.100;RC;AS85-AS1-20180127161845
2018-01-27 16:20:12.890;SS;AS85-AS1-20180127161845
2018-01-27 16:20:45.823;RU;AS85-AS1-20180127161746
2018-01-27 16:20:47.626;VU;AS85-AS1-20180127161746
2018-01-27 16:20:51.080;RO;AS85-AS1-20180127161950
2018-01-27 16:20:52.299;SP;AS85-AS1-20180127161950
2018-01-27 16:20:53.875;SQ;AS85-AS1-20180127162053
2018-01-27 16:21:14.137;RU;AS85-AS1-20180127161845
2018-01-27 16:21:16.451;VU;AS85-AS1-20180127161845
2018-01-27 16:21:24.880;RC;AS85-AS1-20180127161950
2018-01-27 16:21:25.662;SS;AS85-AS1-20180127161950
2018-01-27 16:21:58.078;RO;AS85-AS1-20180127162053
2018-01-27 16:21:59.237;SP;AS85-AS1-20180127162053
2018-01-27 16:22:00.982;SQ;AS85-AS1-20180127162200
2018-01-27 16:22:26.479;RC;AS85-AS1-20180127162053
2018-01-27 16:22:27.260;SS;AS85-AS1-20180127162053
2018-01-27 16:22:28.211;RU;AS85-AS1-20180127161950
2018-01-27 16:22:30.010;VU;AS85-AS1-20180127161950
2018-01-27 16:22:56.685;RO;AS85-AS1-20180127162200
2018-01-27 16:22:57.828;SP;AS85-AS1-20180127162200
2018-01-27 16:22:59.416;SQ;AS85-AS1-20180127162259
2018-01-27 16:23:27.197;RU;AS85-AS1-20180127162053
2018-01-27 16:23:28.144;RC;AS85-AS1-20180127162200
2018-01-27 16:23:28.940;SS;AS85-AS1-20180127162200
2018-01-27 16:23:28.996;VU;AS85-AS1-20180127162053
2018-01-27 16:23:59.527;RO;AS85-AS1-20180127162259
2018-01-27 16:24:00.773;SP;AS85-AS1-20180127162259
2018-01-27 16:24:02.390;SQ;AS85-AS1-20180127162402
2018-01-27 16:24:27.585;RU;AS85-AS1-20180127162200
2018-01-27 16:24:29.382;VU;AS85-AS1-20180127162200
2018-01-27 16:24:29.717;RC;AS85-AS1-20180127162259
2018-01-27 16:24:30.509;SS;AS85-AS1-20180127162259
2018-01-27 16:25:00.816;RO;AS85-AS1-20180127162402
2018-01-27 16:25:01.766;SP;AS85-AS1-20180127162402
2018-01-27 16:25:03.353;SQ;AS85-AS1-20180127162503
2018-01-27 16:25:33.461;RC;AS85-AS1-20180127162402
2018-01-27 16:25:34.252;SS;AS85-AS1-20180127162402
2018-01-27 16:25:38.872;RU;AS85-AS1-20180127162259
2018-01-27 16:25:41.100;VU;AS85-AS1-20180127162259
2018-01-27 16:26:02.294;RO;AS85-AS1-20180127162503
2018-01-27 16:26:03.233;SP;AS85-AS1-20180127162503
2018-01-27 16:26:04.837;SQ;AS85-AS1-20180127162604
2018-01-27 16:26:33.966;RC;AS85-AS1-20180127162503
2018-01-27 16:26:34.295;RU;AS85-AS1-20180127162402
2018-01-27 16:26:35.198;SS;AS85-AS1-20180127162503
2018-01-27 16:26:36.612;VU;AS85-AS1-20180127162402
2018-01-27 16:26:58.912;RO;AS85-AS1-20180127162604
2018-01-27 16:27:00.195;SP;AS85-AS1-20180127162604
2018-01-27 16:27:01.803;SQ;AS85-AS1-20180127162701
2018-01-27 16:27:24.131;RC;AS85-AS1-20180127162604
2018-01-27 16:27:24.934;SS;AS85-AS1-20180127162604
2018-01-27 16:27:29.679;RU;AS85-AS1-20180127162503
2018-01-27 16:27:31.471;VU;AS85-AS1-20180127162503
2018-01-27 16:27:41.748;RO;AS85-AS1-20180127162701
2018-01-27 16:27:42.651;SP;AS85-AS1-20180127162701
2018-01-27 16:27:57.973;RU;AS85-AS1-20180127162604
2018-01-27 16:27:58.493;RC;AS85-AS1-20180127162701
2018-01-27 16:28:01.034;SS;AS85-AS1-20180127162701
2018-01-27 16:28:03.419;VU;AS85-AS1-20180127162604
2018-01-27 16:28:08.532;RU;AS85-AS1-20180127162701
2018-01-27 16:28:13.956;VU;AS85-AS1-20180127162701
