2018-01-27 15:55:56.215;SQ;AS90-AS1-20180127155556
2018-01-27 15:55:59.569;RO;AS90-AS1-20180127155556
2018-01-27 15:56:00.530;SP;AS90-AS1-20180127155556
2018-01-27 15:56:02.240;SQ;AS90-AS1-20180127155602
2018-01-27 15:56:09.181;RC;AS90-AS1-20180127155556
2018-01-27 15:56:09.999;SS;AS90-AS1-20180127155556
2018-01-27 15:56:26.247;RO;AS90-AS1-20180127155602
2018-01-27 15:56:27.480;SP;AS90-AS1-20180127155602
2018-01-27 15:56:29.214;SQ;AS90-AS1-20180127155629
2018-01-27 15:56:47.587;RU;AS90-AS1-20180127155556
2018-01-27 15:56:48.834;RC;AS90-AS1-20180127155602
2018-01-27 15:56:49.430;VU;AS90-AS1-20180127155556
2018-01-27 15:56:49.644;SS;AS90-AS1-20180127155602
2018-01-27 15:57:14.551;RO;AS90-AS1-20180127155629
2018-01-27 15:57:16.520;SP;AS90-AS1-20180127155629
2018-01-27 15:57:18.764;SQ;AS90-AS1-20180127155718
2018-01-27 15:57:46.274;RC;AS90-AS1-20180127155629
2018-01-27 15:57:46.988;RU;AS90-AS1-20180127155602
2018-01-27 15:57:47.217;SS;AS90-AS1-20180127155629
2018-01-27 15:57:48.943;VU;AS90-AS1-20180127155602
2018-01-27 15:58:14.408;RO;AS90-AS1-20180127155718
2018-01-27 15:58:16.160;SP;AS90-AS1-20180127155718
2018-01-27 15:58:18.958;SQ;AS90-AS1-20180127155818
2018-01-27 15:58:46.208;RC;AS90-AS1-20180127155718
2018-01-27 15:58:47.985;SS;AS90-AS1-20180127155718
2018-01-27 15:58:48.789;RU;AS90-AS1-20180127155629
2018-01-27 15:58:50.624;VU;AS90-AS1-20180127155629
2018-01-27 15:59:16.192;RO;AS90-AS1-20180127155818
2018-01-27 15:59:17.337;SP;AS90-AS1-20180127155818
2018-01-27 15:59:18.965;SQ;AS90-AS1-20180127155918
2018-01-27 15:59:47.549;RU;AS90-AS1-20180127155718
2018-01-27 15:59:49.355;VU;AS90-AS1-20180127155718
2018-01-27 15:59:50.647;RC;AS90-AS1-20180127155818
2018-01-27 15:59:52.250;SS;AS90-AS1-20180127155818
2018-01-27 16:00:13.742;RO;AS90-AS1-20180127155918
2018-01-27 16:00:14.870;SP;AS90-AS1-20180127155918
2018-01-27 16:00:16.518;SQ;AS90-AS1-20180127160016
2018-01-27 16:00:46.040;RC;AS90-AS1-20180127155918
2018-01-27 16:00:46.285;RU;AS90-AS1-20180127155818
2018-01-27 16:00:47.400;SS;AS90-AS1-20180127155918
2018-01-27 16:00:48.717;VU;AS90-AS1-20180127155818
2018-01-27 16:01:06.201;RO;AS90-AS1-20180127160016
2018-01-27 16:01:08.369;SP;AS90-AS1-20180127160016
2018-01-27 16:01:10.756;SQ;AS90-AS1-20180127160110
2018-01-27 16:01:40.551;RC;AS90-AS1-20180127160016
2018-01-27 16:01:41.389;SS;AS90-AS1-20180127160016
2018-01-27 16:01:47.752;RU;AS90-AS1-20180127155918
2018-01-27 16:01:49.565;VU;AS90-AS1-20180127155918
2018-01-27 16:02:12.266;RO;AS90-AS1-20180127160110
2018-01-27 16:02:13.140;SP;AS90-AS1-20180127160110
2018-01-27 16:02:14.805;SQ;AS90-AS1-20180127160214
2018-01-27 16:02:44.959;RC;AS90-AS1-20180127160110
2018-01-27 16:02:45.777;SS;AS90-AS1-20180127160110
2018-01-27 16:02:47.840;RU;AS90-AS1-20180127160016
2018-01-27 16:02:49.665;VU;AS90-AS1-20180127160016
2018-01-27 16:03:22.939;RO;AS90-AS1-20180127160214
2018-01-27 16:03:24.205;SP;AS90-AS1-20180127160214
2018-01-27 16:03:26.048;SQ;AS90-AS1-20180127160326
2018-01-27 16:03:36.651;RU;AS90-AS1-20180127160110
2018-01-27 16:03:38.467;VU;AS90-AS1-20180127160110
2018-01-27 16:03:55.121;RC;AS90-AS1-20180127160214
2018-01-27 16:03:55.920;SS;AS90-AS1-20180127160214
2018-01-27 16:04:27.661;RO;AS90-AS1-20180127160326
2018-01-27 16:04:29.839;SP;AS90-AS1-20180127160326
2018-01-27 16:04:32.039;SQ;AS90-AS1-20180127160432
2018-01-27 16:04:51.540;RU;AS90-AS1-20180127160214
2018-01-27 16:04:53.365;VU;AS90-AS1-20180127160214
2018-01-27 16:05:00.471;RC;AS90-AS1-20180127160326
2018-01-27 16:05:01.300;SS;AS90-AS1-20180127160326
2018-01-27 16:05:33.092;RO;AS90-AS1-20180127160432
2018-01-27 16:05:33.944;SP;AS90-AS1-20180127160432
2018-01-27 16:05:35.631;SQ;AS90-AS1-20180127160535
2018-01-27 16:05:59.184;RC;AS90-AS1-20180127160432
2018-01-27 16:06:00.591;SS;AS90-AS1-20180127160432
2018-01-27 16:06:10.212;RU;AS90-AS1-20180127160326
2018-01-27 16:06:12.043;VU;AS90-AS1-20180127160326
2018-01-27 16:06:30.862;RO;AS90-AS1-20180127160535
2018-01-27 16:06:32.354;SP;AS90-AS1-20180127160535
2018-01-27 16:06:33.998;SQ;AS90-AS1-20180127160633
2018-01-27 16:07:05.288;RC;AS90-AS1-20180127160535
2018-01-27 16:07:06.087;SS;AS90-AS1-20180127160535
2018-01-27 16:07:09.307;RU;AS90-AS1-20180127160432
2018-01-27 16:07:11.132;VU;AS90-AS1-20180127160432
2018-01-27 16:07:56.419;RO;AS90-AS1-20180127160633
2018-01-27 16:07:57.396;SP;AS90-AS1-20180127160633
2018-01-27 16:07:58.892;RU;AS90-AS1-20180127160535
2018-01-27 16:07:59.192;SQ;AS90-AS1-20180127160759
2018-01-27 16:08:24.054;RC;AS90-AS1-20180127160633
2018-01-27 16:08:25.516;SS;AS90-AS1-20180127160633
2018-01-27 16:08:58.123;RO;AS90-AS1-20180127160759
2018-01-27 16:08:59.078;SP;AS90-AS1-20180127160759
2018-01-27 16:09:01.576;SQ;AS90-AS1-20180127160901
2018-01-27 16:09:30.681;RC;AS90-AS1-20180127160759
2018-01-27 16:09:32.087;SS;AS90-AS1-20180127160759
2018-01-27 16:09:33.368;RU;AS90-AS1-20180127160633
2018-01-27 16:09:36.911;VU;AS90-AS1-20180127160633
2018-01-27 16:10:00.602;RO;AS90-AS1-20180127160901
2018-01-27 16:10:01.511;SP;AS90-AS1-20180127160901
2018-01-27 16:10:03.984;SQ;AS90-AS1-20180127161003
2018-01-27 16:10:32.232;RC;AS90-AS1-20180127160901
2018-01-27 16:10:33.049;SS;AS90-AS1-20180127160901
2018-01-27 16:10:41.394;RU;AS90-AS1-20180127160759
2018-01-27 16:10:44.001;VU;AS90-AS1-20180127160759
2018-01-27 16:11:12.904;RO;AS90-AS1-20180127161003
2018-01-27 16:11:14.151;SP;AS90-AS1-20180127161003
2018-01-27 16:11:16.640;SQ;AS90-AS1-20180127161116
2018-01-27 16:11:33.522;RU;AS90-AS1-20180127160901
2018-01-27 16:11:35.333;VU;AS90-AS1-20180127160901
2018-01-27 16:11:46.304;RC;AS90-AS1-20180127161003
2018-01-27 16:11:47.948;SS;AS90-AS1-20180127161003
2018-01-27 16:12:17.490;RO;AS90-AS1-20180127161116
2018-01-27 16:12:18.890;SP;AS90-AS1-20180127161116
2018-01-27 16:12:21.416;SQ;AS90-AS1-20180127161221
2018-01-27 16:12:49.788;RC;AS90-AS1-20180127161116
2018-01-27 16:12:50.507;RU;AS90-AS1-20180127161003
2018-01-27 16:12:51.503;SS;AS90-AS1-20180127161116
2018-01-27 16:12:53.146;VU;AS90-AS1-20180127161003
2018-01-27 16:13:22.799;RO;AS90-AS1-20180127161221
2018-01-27 16:13:24.837;SP;AS90-AS1-20180127161221
2018-01-27 16:13:28.468;SQ;AS90-AS1-20180127161328
2018-01-27 16:13:54.421;RC;AS90-AS1-20180127161221
2018-01-27 16:13:55.244;SS;AS90-AS1-20180127161221
2018-01-27 16:14:18.830;RU;AS90-AS1-20180127161116
2018-01-27 16:14:21.392;VU;AS90-AS1-20180127161116
2018-01-27 16:14:28.825;RO;AS90-AS1-20180127161328
2018-01-27 16:14:30.004;SP;AS90-AS1-20180127161328
2018-01-27 16:14:32.385;SQ;AS90-AS1-20180127161432
2018-01-27 16:15:02.795;RU;AS90-AS1-20180127161221
2018-01-27 16:15:04.970;RC;AS90-AS1-20180127161328
2018-01-27 16:15:05.379;VU;AS90-AS1-20180127161221
2018-01-27 16:15:06.203;SS;AS90-AS1-20180127161328
2018-01-27 16:15:30.944;RO;AS90-AS1-20180127161432
2018-01-27 16:15:32.388;SP;AS90-AS1-20180127161432
2018-01-27 16:15:34.620;SQ;AS90-AS1-20180127161534
2018-01-27 16:16:01.434;RC;AS90-AS1-20180127161432
2018-01-27 16:16:02.549;SS;AS90-AS1-20180127161432
2018-01-27 16:16:08.204;RU;AS90-AS1-20180127161328
2018-01-27 16:16:10.529;VU;AS90-AS1-20180127161328
2018-01-27 16:16:39.090;RO;AS90-AS1-20180127161534
2018-01-27 16:16:40.273;SP;AS90-AS1-20180127161534
2018-01-27 16:16:42.649;SQ;AS90-AS1-20180127161642
2018-01-27 16:17:00.480;RU;AS90-AS1-20180127161432
2018-01-27 16:17:02.387;VU;AS90-AS1-20180127161432
2018-01-27 16:17:10.916;RC;AS90-AS1-20180127161534
2018-01-27 16:17:12.337;SS;AS90-AS1-20180127161534
2018-01-27 16:17:45.329;RO;AS90-AS1-20180127161642
2018-01-27 16:17:46.569;SP;AS90-AS1-20180127161642
2018-01-27 16:17:49.031;SQ;AS90-AS1-20180127161749
2018-01-27 16:18:13.997;RC;AS90-AS1-20180127161642
2018-01-27 16:18:14.829;SS;AS90-AS1-20180127161642
2018-01-27 16:18:18.888;RU;AS90-AS1-20180127161534
2018-01-27 16:18:21.177;VU;AS90-AS1-20180127161534
2018-01-27 16:18:45.525;RO;AS90-AS1-20180127161749
2018-01-27 16:18:46.817;SP;AS90-AS1-20180127161749
2018-01-27 16:18:49.181;SQ;AS90-AS1-20180127161849
2018-01-27 16:19:15.590;RC;AS90-AS1-20180127161749
2018-01-27 16:19:16.449;SS;AS90-AS1-20180127161749
2018-01-27 16:19:17.799;RU;AS90-AS1-20180127161642
2018-01-27 16:19:19.913;VU;AS90-AS1-20180127161642
2018-01-27 16:19:41.270;RO;AS90-AS1-20180127161849
2018-01-27 16:19:42.837;SP;AS90-AS1-20180127161849
2018-01-27 16:19:45.197;SQ;AS90-AS1-20180127161945
2018-01-27 16:20:13.605;RC;AS90-AS1-20180127161849
2018-01-27 16:20:15.168;SS;AS90-AS1-20180127161849
2018-01-27 16:20:24.894;RU;AS90-AS1-20180127161749
2018-01-27 16:20:26.847;VU;AS90-AS1-20180127161749
2018-01-27 16:20:33.970;RO;AS90-AS1-20180127161945
2018-01-27 16:20:35.299;SP;AS90-AS1-20180127161945
2018-01-27 16:20:37.808;SQ;AS90-AS1-20180127162037
2018-01-27 16:21:03.893;RC;AS90-AS1-20180127161945
2018-01-27 16:21:05.384;SS;AS90-AS1-20180127161945
2018-01-27 16:21:08.134;RU;AS90-AS1-20180127161849
2018-01-27 16:21:10.516;VU;AS90-AS1-20180127161849
2018-01-27 16:21:41.415;RO;AS90-AS1-20180127162037
2018-01-27 16:21:42.791;SP;AS90-AS1-20180127162037
2018-01-27 16:21:45.528;SQ;AS90-AS1-20180127162145
2018-01-27 16:22:07.275;RU;AS90-AS1-20180127161945
2018-01-27 16:22:09.664;VU;AS90-AS1-20180127161945
2018-01-27 16:22:18.773;RC;AS90-AS1-20180127162037
2018-01-27 16:22:19.625;SS;AS90-AS1-20180127162037
2018-01-27 16:22:40.178;RO;AS90-AS1-20180127162145
2018-01-27 16:22:42.221;SP;AS90-AS1-20180127162145
2018-01-27 16:22:44.471;SQ;AS90-AS1-20180127162244
2018-01-27 16:23:11.296;RC;AS90-AS1-20180127162145
2018-01-27 16:23:12.741;SS;AS90-AS1-20180127162145
2018-01-27 16:23:22.731;RU;AS90-AS1-20180127162037
2018-01-27 16:23:24.751;VU;AS90-AS1-20180127162037
2018-01-27 16:23:44.490;RO;AS90-AS1-20180127162244
2018-01-27 16:23:45.977;SP;AS90-AS1-20180127162244
2018-01-27 16:23:48.480;SQ;AS90-AS1-20180127162348
2018-01-27 16:24:13.779;RU;AS90-AS1-20180127162145
2018-01-27 16:24:14.292;RC;AS90-AS1-20180127162244
2018-01-27 16:24:15.984;SS;AS90-AS1-20180127162244
2018-01-27 16:24:16.297;VU;AS90-AS1-20180127162145
2018-01-27 16:24:46.818;RO;AS90-AS1-20180127162348
2018-01-27 16:24:48.232;SP;AS90-AS1-20180127162348
2018-01-27 16:24:50.762;SQ;AS90-AS1-20180127162450
2018-01-27 16:25:15.683;RU;AS90-AS1-20180127162244
2018-01-27 16:25:17.965;VU;AS90-AS1-20180127162244
2018-01-27 16:25:19.839;RC;AS90-AS1-20180127162348
2018-01-27 16:25:20.966;SS;AS90-AS1-20180127162348
2018-01-27 16:25:44.695;RO;AS90-AS1-20180127162450
2018-01-27 16:25:46.520;SP;AS90-AS1-20180127162450
2018-01-27 16:26:18.941;RC;AS90-AS1-20180127162450
2018-01-27 16:26:20.240;SS;AS90-AS1-20180127162450
2018-01-27 16:26:20.566;RU;AS90-AS1-20180127162348
2018-01-27 16:26:22.969;VU;AS90-AS1-20180127162348
2018-01-27 16:27:13.483;RU;AS90-AS1-20180127162450
2018-01-27 16:27:17.292;VU;AS90-AS1-20180127162450
