2018-01-27 15:55:59.526;SQ;AS97-AS1-20180127155559
2018-01-27 15:56:22.734;RO;AS97-AS1-20180127155559
2018-01-27 15:56:23.900;SP;AS97-AS1-20180127155559
2018-01-27 15:56:25.575;SQ;AS97-AS1-20180127155625
2018-01-27 15:56:39.843;RC;AS97-AS1-20180127155559
2018-01-27 15:56:40.701;SS;AS97-AS1-20180127155559
2018-01-27 15:57:07.962;RO;AS97-AS1-20180127155625
2018-01-27 15:57:08.981;SP;AS97-AS1-20180127155625
2018-01-27 15:57:10.686;SQ;AS97-AS1-20180127155710
2018-01-27 15:57:37.558;RC;AS97-AS1-20180127155625
2018-01-27 15:57:38.398;SS;AS97-AS1-20180127155625
2018-01-27 15:57:43.124;RU;AS97-AS1-20180127155559
2018-01-27 15:57:44.969;VU;AS97-AS1-20180127155559
2018-01-27 15:58:16.475;RO;AS97-AS1-20180127155710
2018-01-27 15:58:17.648;SP;AS97-AS1-20180127155710
2018-01-27 15:58:19.371;SQ;AS97-AS1-20180127155819
2018-01-27 15:58:40.332;RU;AS97-AS1-20180127155625
2018-01-27 15:58:42.168;VU;AS97-AS1-20180127155625
2018-01-27 15:58:47.431;RC;AS97-AS1-20180127155710
2018-01-27 15:58:48.405;SS;AS97-AS1-20180127155710
2018-01-27 15:59:18.619;RO;AS97-AS1-20180127155819
2018-01-27 15:59:20.460;SP;AS97-AS1-20180127155819
2018-01-27 15:59:23.375;SQ;AS97-AS1-20180127155923
2018-01-27 15:59:50.327;RC;AS97-AS1-20180127155819
2018-01-27 15:59:52.058;SS;AS97-AS1-20180127155819
2018-01-27 15:59:56.901;RU;AS97-AS1-20180127155710
2018-01-27 15:59:58.738;VU;AS97-AS1-20180127155710
2018-01-27 16:00:30.758;RO;AS97-AS1-20180127155923
2018-01-27 16:00:31.808;SP;AS97-AS1-20180127155923
2018-01-27 16:00:33.518;SQ;AS97-AS1-20180127160033
2018-01-27 16:00:52.154;RU;AS97-AS1-20180127155819
2018-01-27 16:00:54.371;VU;AS97-AS1-20180127155819
2018-01-27 16:01:03.683;RC;AS97-AS1-20180127155923
2018-01-27 16:01:04.514;SS;AS97-AS1-20180127155923
2018-01-27 16:01:21.843;RO;AS97-AS1-20180127160033
2018-01-27 16:01:23.888;SP;AS97-AS1-20180127160033
2018-01-27 16:01:25.885;SQ;AS97-AS1-20180127160125
2018-01-27 16:01:55.979;RC;AS97-AS1-20180127160033
2018-01-27 16:01:56.840;SS;AS97-AS1-20180127160033
2018-01-27 16:02:07.900;RU;AS97-AS1-20180127155923
2018-01-27 16:02:10.105;VU;AS97-AS1-20180127155923
2018-01-27 16:02:25.039;RO;AS97-AS1-20180127160125
2018-01-27 16:02:26.611;SP;AS97-AS1-20180127160125
2018-01-27 16:02:28.303;SQ;AS97-AS1-20180127160228
2018-01-27 16:02:54.263;RC;AS97-AS1-20180127160125
2018-01-27 16:02:54.432;RU;AS97-AS1-20180127160033
2018-01-27 16:02:57.462;SS;AS97-AS1-20180127160125
2018-01-27 16:02:58.553;VU;AS97-AS1-20180127160033
2018-01-27 16:03:36.755;RO;AS97-AS1-20180127160228
2018-01-27 16:03:37.751;SP;AS97-AS1-20180127160228
2018-01-27 16:03:39.439;SQ;AS97-AS1-20180127160339
2018-01-27 16:03:53.982;RU;AS97-AS1-20180127160125
2018-01-27 16:03:55.829;VU;AS97-AS1-20180127160125
2018-01-27 16:04:14.229;RC;AS97-AS1-20180127160228
2018-01-27 16:04:15.084;SS;AS97-AS1-20180127160228
2018-01-27 16:04:41.451;RO;AS97-AS1-20180127160339
2018-01-27 16:04:42.346;SP;AS97-AS1-20180127160339
2018-01-27 16:04:45.328;SQ;AS97-AS1-20180127160445
2018-01-27 16:05:12.626;RC;AS97-AS1-20180127160339
2018-01-27 16:05:13.656;SS;AS97-AS1-20180127160339
2018-01-27 16:05:18.953;RU;AS97-AS1-20180127160228
2018-01-27 16:05:20.778;VU;AS97-AS1-20180127160228
2018-01-27 16:05:48.135;RO;AS97-AS1-20180127160445
2018-01-27 16:05:49.233;SP;AS97-AS1-20180127160445
2018-01-27 16:05:50.895;SQ;AS97-AS1-20180127160550
2018-01-27 16:06:17.225;RU;AS97-AS1-20180127160339
2018-01-27 16:06:19.067;VU;AS97-AS1-20180127160339
2018-01-27 16:06:21.192;RC;AS97-AS1-20180127160445
2018-01-27 16:06:22.034;SS;AS97-AS1-20180127160445
2018-01-27 16:06:49.106;RO;AS97-AS1-20180127160550
2018-01-27 16:06:50.297;SP;AS97-AS1-20180127160550
2018-01-27 16:06:51.977;SQ;AS97-AS1-20180127160651
2018-01-27 16:07:23.393;RC;AS97-AS1-20180127160550
2018-01-27 16:07:24.250;SS;AS97-AS1-20180127160550
2018-01-27 16:07:28.673;RU;AS97-AS1-20180127160445
2018-01-27 16:07:30.522;VU;AS97-AS1-20180127160445
2018-01-27 16:07:48.505;RO;AS97-AS1-20180127160651
2018-01-27 16:07:49.374;SP;AS97-AS1-20180127160651
2018-01-27 16:07:51.048;SQ;AS97-AS1-20180127160751
2018-01-27 16:08:09.838;RC;AS97-AS1-20180127160651
2018-01-27 16:08:10.686;SS;AS97-AS1-20180127160651
2018-01-27 16:08:24.421;RU;AS97-AS1-20180127160550
2018-01-27 16:08:26.270;VU;AS97-AS1-20180127160550
2018-01-27 16:08:58.557;RO;AS97-AS1-20180127160751
2018-01-27 16:08:59.467;SP;AS97-AS1-20180127160751
2018-01-27 16:09:01.166;SQ;AS97-AS1-20180127160901
2018-01-27 16:09:14.276;RU;AS97-AS1-20180127160651
2018-01-27 16:09:16.129;VU;AS97-AS1-20180127160651
2018-01-27 16:09:32.327;RC;AS97-AS1-20180127160751
2018-01-27 16:09:33.160;SS;AS97-AS1-20180127160751
2018-01-27 16:09:58.917;RO;AS97-AS1-20180127160901
2018-01-27 16:10:00.069;SP;AS97-AS1-20180127160901
2018-01-27 16:10:01.744;SQ;AS97-AS1-20180127161001
2018-01-27 16:10:30.913;RC;AS97-AS1-20180127160901
2018-01-27 16:10:31.752;SS;AS97-AS1-20180127160901
2018-01-27 16:10:56.102;RU;AS97-AS1-20180127160751
2018-01-27 16:10:57.917;RO;AS97-AS1-20180127161001
2018-01-27 16:10:57.937;VU;AS97-AS1-20180127160751
2018-01-27 16:10:59.120;SP;AS97-AS1-20180127161001
2018-01-27 16:11:00.791;SQ;AS97-AS1-20180127161100
2018-01-27 16:11:30.755;RU;AS97-AS1-20180127160901
2018-01-27 16:11:32.955;RC;AS97-AS1-20180127161001
2018-01-27 16:11:34.297;SS;AS97-AS1-20180127161001
2018-01-27 16:11:59.337;RO;AS97-AS1-20180127161100
2018-01-27 16:12:00.349;SP;AS97-AS1-20180127161100
2018-01-27 16:12:02.793;SQ;AS97-AS1-20180127161202
2018-01-27 16:12:30.105;RC;AS97-AS1-20180127161100
2018-01-27 16:12:31.538;SS;AS97-AS1-20180127161100
2018-01-27 16:12:32.745;RU;AS97-AS1-20180127161001
2018-01-27 16:12:35.443;VU;AS97-AS1-20180127161001
2018-01-27 16:13:03.411;RO;AS97-AS1-20180127161202
2018-01-27 16:13:04.822;SP;AS97-AS1-20180127161202
2018-01-27 16:13:07.310;SQ;AS97-AS1-20180127161307
2018-01-27 16:13:31.634;RC;AS97-AS1-20180127161202
2018-01-27 16:13:32.540;SS;AS97-AS1-20180127161202
2018-01-27 16:13:32.698;RU;AS97-AS1-20180127161100
2018-01-27 16:13:35.296;VU;AS97-AS1-20180127161100
2018-01-27 16:14:17.303;RO;AS97-AS1-20180127161307
2018-01-27 16:14:18.340;SP;AS97-AS1-20180127161307
2018-01-27 16:14:20.821;SQ;AS97-AS1-20180127161420
2018-01-27 16:14:38.494;RU;AS97-AS1-20180127161202
2018-01-27 16:14:41.187;VU;AS97-AS1-20180127161202
2018-01-27 16:14:51.924;RC;AS97-AS1-20180127161307
2018-01-27 16:14:53.095;SS;AS97-AS1-20180127161307
2018-01-27 16:15:14.957;RO;AS97-AS1-20180127161420
2018-01-27 16:15:17.021;SP;AS97-AS1-20180127161420
2018-01-27 16:15:19.408;SQ;AS97-AS1-20180127161519
2018-01-27 16:15:49.794;RC;AS97-AS1-20180127161420
2018-01-27 16:15:51.344;SS;AS97-AS1-20180127161420
2018-01-27 16:15:57.483;RU;AS97-AS1-20180127161307
2018-01-27 16:16:00.802;VU;AS97-AS1-20180127161307
2018-01-27 16:16:23.381;RO;AS97-AS1-20180127161519
2018-01-27 16:16:24.340;SP;AS97-AS1-20180127161519
2018-01-27 16:16:26.903;SQ;AS97-AS1-20180127161626
2018-01-27 16:16:51.745;RC;AS97-AS1-20180127161519
2018-01-27 16:16:52.706;SS;AS97-AS1-20180127161519
2018-01-27 16:16:55.535;RU;AS97-AS1-20180127161420
2018-01-27 16:16:57.458;VU;AS97-AS1-20180127161420
2018-01-27 16:17:19.252;RO;AS97-AS1-20180127161626
2018-01-27 16:17:21.809;SP;AS97-AS1-20180127161626
2018-01-27 16:17:24.190;SQ;AS97-AS1-20180127161724
2018-01-27 16:17:51.092;RC;AS97-AS1-20180127161626
2018-01-27 16:17:52.196;RU;AS97-AS1-20180127161519
2018-01-27 16:17:54.586;SS;AS97-AS1-20180127161626
2018-01-27 16:17:55.898;VU;AS97-AS1-20180127161519
2018-01-27 16:18:20.789;RO;AS97-AS1-20180127161724
2018-01-27 16:18:23.391;SP;AS97-AS1-20180127161724
2018-01-27 16:18:26.534;SQ;AS97-AS1-20180127161826
2018-01-27 16:18:52.511;RC;AS97-AS1-20180127161724
2018-01-27 16:18:55.044;SS;AS97-AS1-20180127161724
2018-01-27 16:19:01.908;RU;AS97-AS1-20180127161626
2018-01-27 16:19:04.286;VU;AS97-AS1-20180127161626
2018-01-27 16:19:29.524;RO;AS97-AS1-20180127161826
2018-01-27 16:19:30.685;SP;AS97-AS1-20180127161826
2018-01-27 16:19:33.144;SQ;AS97-AS1-20180127161933
2018-01-27 16:19:54.810;RC;AS97-AS1-20180127161826
2018-01-27 16:19:56.892;SS;AS97-AS1-20180127161826
2018-01-27 16:20:03.243;RU;AS97-AS1-20180127161724
2018-01-27 16:20:05.652;VU;AS97-AS1-20180127161724
2018-01-27 16:20:33.160;RO;AS97-AS1-20180127161933
2018-01-27 16:20:34.460;SP;AS97-AS1-20180127161933
2018-01-27 16:20:37.011;SQ;AS97-AS1-20180127162037
2018-01-27 16:21:03.553;RU;AS97-AS1-20180127161826
2018-01-27 16:21:05.440;VU;AS97-AS1-20180127161826
2018-01-27 16:21:06.552;RC;AS97-AS1-20180127161933
2018-01-27 16:21:08.172;SS;AS97-AS1-20180127161933
2018-01-27 16:21:39.947;RO;AS97-AS1-20180127162037
2018-01-27 16:21:41.770;SP;AS97-AS1-20180127162037
2018-01-27 16:21:44.146;SQ;AS97-AS1-20180127162144
2018-01-27 16:22:08.614;RU;AS97-AS1-20180127161933
2018-01-27 16:22:10.526;VU;AS97-AS1-20180127161933
2018-01-27 16:22:15.606;RC;AS97-AS1-20180127162037
2018-01-27 16:22:17.720;SS;AS97-AS1-20180127162037
2018-01-27 16:22:39.724;RO;AS97-AS1-20180127162144
2018-01-27 16:22:40.848;SP;AS97-AS1-20180127162144
2018-01-27 16:22:43.430;SQ;AS97-AS1-20180127162243
2018-01-27 16:23:10.421;RC;AS97-AS1-20180127162144
2018-01-27 16:23:11.322;SS;AS97-AS1-20180127162144
2018-01-27 16:23:18.096;RU;AS97-AS1-20180127162037
2018-01-27 16:23:21.839;VU;AS97-AS1-20180127162037
2018-01-27 16:23:41.890;RO;AS97-AS1-20180127162243
2018-01-27 16:23:43.475;SP;AS97-AS1-20180127162243
2018-01-27 16:23:46.005;SQ;AS97-AS1-20180127162346
2018-01-27 16:24:03.618;RC;AS97-AS1-20180127162243
2018-01-27 16:24:04.722;SS;AS97-AS1-20180127162243
2018-01-27 16:24:14.205;RU;AS97-AS1-20180127162144
2018-01-27 16:24:16.437;VU;AS97-AS1-20180127162144
2018-01-27 16:24:41.505;RO;AS97-AS1-20180127162346
2018-01-27 16:24:42.448;SP;AS97-AS1-20180127162346
2018-01-27 16:24:44.990;SQ;AS97-AS1-20180127162444
2018-01-27 16:25:01.087;RU;AS97-AS1-20180127162243
2018-01-27 16:25:03.840;VU;AS97-AS1-20180127162243
2018-01-27 16:25:14.299;RC;AS97-AS1-20180127162346
2018-01-27 16:25:15.437;SS;AS97-AS1-20180127162346
2018-01-27 16:25:44.056;RO;AS97-AS1-20180127162444
2018-01-27 16:25:44.923;SP;AS97-AS1-20180127162444
2018-01-27 16:25:47.422;SQ;AS97-AS1-20180127162547
2018-01-27 16:26:06.000;RC;AS97-AS1-20180127162444
2018-01-27 16:26:06.856;SS;AS97-AS1-20180127162444
2018-01-27 16:26:09.173;RU;AS97-AS1-20180127162346
2018-01-27 16:26:13.391;VU;AS97-AS1-20180127162346
2018-01-27 16:26:47.324;RO;AS97-AS1-20180127162547
2018-01-27 16:26:48.376;SP;AS97-AS1-20180127162547
2018-01-27 16:27:07.142;RU;AS97-AS1-20180127162444
2018-01-27 16:27:08.980;VU;AS97-AS1-20180127162444
2018-01-27 16:27:10.939;RC;AS97-AS1-20180127162547
2018-01-27 16:27:11.885;SS;AS97-AS1-20180127162547
2018-01-27 16:27:46.994;RU;AS97-AS1-20180127162547
2018-01-27 16:27:49.072;VU;AS97-AS1-20180127162547
