2018-01-22 00:50:21.979;SQ;AS17-AS1-20180122005021
2018-01-22 00:50:26.500;RO;AS17-AS1-20180122005021
2018-01-22 00:50:27.767;SP;AS17-AS1-20180122005021
2018-01-22 00:50:30.305;SQ;AS17-AS1-20180122005030
2018-01-22 00:50:31.190;RC;AS17-AS1-20180122005021
2018-01-22 00:50:31.979;SS;AS17-AS1-20180122005021
2018-01-22 00:50:42.447;RO;AS17-AS1-20180122005030
2018-01-22 00:50:44.064;SP;AS17-AS1-20180122005030
2018-01-22 00:50:46.703;SQ;AS17-AS1-20180122005046
2018-01-22 00:50:48.575;RU;AS17-AS1-20180122005021
2018-01-22 00:50:51.170;RC;AS17-AS1-20180122005030
2018-01-22 00:50:51.969;SS;AS17-AS1-20180122005030
2018-01-22 00:51:00.539;RO;AS17-AS1-20180122005046
2018-01-22 00:51:01.508;SP;AS17-AS1-20180122005046
2018-01-22 00:51:04.180;SQ;AS17-AS1-20180122005104
2018-01-22 00:51:08.879;RC;AS17-AS1-20180122005046
2018-01-22 00:51:09.670;SS;AS17-AS1-20180122005046
2018-01-22 00:51:11.957;RU;AS17-AS1-20180122005030
2018-01-22 00:51:21.760;RO;AS17-AS1-20180122005104
2018-01-22 00:51:22.989;SP;AS17-AS1-20180122005104
2018-01-22 00:51:25.654;SQ;AS17-AS1-20180122005125
2018-01-22 00:51:25.852;RU;AS17-AS1-20180122005046
2018-01-22 00:51:30.142;RC;AS17-AS1-20180122005104
2018-01-22 00:51:30.918;SS;AS17-AS1-20180122005104
2018-01-22 00:51:40.365;RO;AS17-AS1-20180122005125
2018-01-22 00:51:41.499;SP;AS17-AS1-20180122005125
2018-01-22 00:51:44.250;SQ;AS17-AS1-20180122005144
2018-01-22 00:51:48.204;RC;AS17-AS1-20180122005125
2018-01-22 00:51:49.071;SS;AS17-AS1-20180122005125
2018-01-22 00:51:50.692;RU;AS17-AS1-20180122005104
2018-01-22 00:52:04.014;RO;AS17-AS1-20180122005144
2018-01-22 00:52:05.050;SP;AS17-AS1-20180122005144
2018-01-22 00:52:05.892;RU;AS17-AS1-20180122005125
2018-01-22 00:52:07.591;SQ;AS17-AS1-20180122005207
2018-01-22 00:52:12.628;RC;AS17-AS1-20180122005144
2018-01-22 00:52:13.393;SS;AS17-AS1-20180122005144
2018-01-22 00:52:23.577;RO;AS17-AS1-20180122005207
2018-01-22 00:52:24.380;SP;AS17-AS1-20180122005207
2018-01-22 00:52:26.976;SQ;AS17-AS1-20180122005226
2018-01-22 00:52:30.769;RU;AS17-AS1-20180122005144
2018-01-22 00:52:32.493;RC;AS17-AS1-20180122005207
2018-01-22 00:52:33.254;SS;AS17-AS1-20180122005207
2018-01-22 00:52:41.644;RO;AS17-AS1-20180122005226
2018-01-22 00:52:42.772;SP;AS17-AS1-20180122005226
2018-01-22 00:52:45.528;SQ;AS17-AS1-20180122005245
2018-01-22 00:52:48.481;RC;AS17-AS1-20180122005226
2018-01-22 00:52:49.250;SS;AS17-AS1-20180122005226
2018-01-22 00:52:52.411;RU;AS17-AS1-20180122005207
2018-01-22 00:53:02.297;RO;AS17-AS1-20180122005245
2018-01-22 00:53:03.503;SP;AS17-AS1-20180122005245
2018-01-22 00:53:06.131;SQ;AS17-AS1-20180122005306
2018-01-22 00:53:07.611;RU;AS17-AS1-20180122005226
2018-01-22 00:53:11.816;RC;AS17-AS1-20180122005245
2018-01-22 00:53:12.653;SS;AS17-AS1-20180122005245
2018-01-22 00:53:22.237;RO;AS17-AS1-20180122005306
2018-01-22 00:53:24.039;SP;AS17-AS1-20180122005306
2018-01-22 00:53:26.724;SQ;AS17-AS1-20180122005326
2018-01-22 00:53:30.987;RU;AS17-AS1-20180122005245
2018-01-22 00:53:31.713;RC;AS17-AS1-20180122005306
2018-01-22 00:53:32.520;SS;AS17-AS1-20180122005306
2018-01-22 00:53:50.396;RO;AS17-AS1-20180122005326
2018-01-22 00:53:50.613;RU;AS17-AS1-20180122005306
2018-01-22 00:53:51.498;SP;AS17-AS1-20180122005326
2018-01-22 00:53:54.021;SQ;AS17-AS1-20180122005354
2018-01-22 00:53:59.571;RC;AS17-AS1-20180122005326
2018-01-22 00:54:00.521;SS;AS17-AS1-20180122005326
2018-01-22 00:54:07.744;RO;AS17-AS1-20180122005354
2018-01-22 00:54:08.866;SP;AS17-AS1-20180122005354
2018-01-22 00:54:11.410;SQ;AS17-AS1-20180122005411
2018-01-22 00:54:15.994;RU;AS17-AS1-20180122005326
2018-01-22 00:54:17.354;RC;AS17-AS1-20180122005354
2018-01-22 00:54:18.152;SS;AS17-AS1-20180122005354
2018-01-22 00:54:22.836;RO;AS17-AS1-20180122005411
2018-01-22 00:54:24.195;SP;AS17-AS1-20180122005411
2018-01-22 00:54:26.808;SQ;AS17-AS1-20180122005426
2018-01-22 00:54:33.643;RC;AS17-AS1-20180122005411
2018-01-22 00:54:34.482;SS;AS17-AS1-20180122005411
2018-01-22 00:54:34.580;RU;AS17-AS1-20180122005354
2018-01-22 00:54:42.405;RO;AS17-AS1-20180122005426
2018-01-22 00:54:43.618;SP;AS17-AS1-20180122005426
2018-01-22 00:54:46.195;SQ;AS17-AS1-20180122005446
2018-01-22 00:54:52.207;RC;AS17-AS1-20180122005426
2018-01-22 00:54:52.638;RU;AS17-AS1-20180122005411
2018-01-22 00:54:52.990;SS;AS17-AS1-20180122005426
2018-01-22 00:55:06.868;RU;AS17-AS1-20180122005426
2018-01-22 00:55:06.904;RO;AS17-AS1-20180122005446
2018-01-22 00:55:07.982;SP;AS17-AS1-20180122005446
2018-01-22 00:55:10.573;SQ;AS17-AS1-20180122005510
2018-01-22 00:55:14.870;RC;AS17-AS1-20180122005446
2018-01-22 00:55:15.731;SS;AS17-AS1-20180122005446
2018-01-22 00:55:24.512;RO;AS17-AS1-20180122005510
2018-01-22 00:55:25.406;SP;AS17-AS1-20180122005510
2018-01-22 00:55:27.991;SQ;AS17-AS1-20180122005527
2018-01-22 00:55:33.521;RC;AS17-AS1-20180122005510
2018-01-22 00:55:33.773;RU;AS17-AS1-20180122005446
2018-01-22 00:55:34.372;SS;AS17-AS1-20180122005510
2018-01-22 00:55:42.326;RO;AS17-AS1-20180122005527
2018-01-22 00:55:43.775;SP;AS17-AS1-20180122005527
2018-01-22 00:55:46.311;SQ;AS17-AS1-20180122005546
2018-01-22 00:55:50.803;RC;AS17-AS1-20180122005527
2018-01-22 00:55:51.606;SS;AS17-AS1-20180122005527
2018-01-22 00:55:51.652;RU;AS17-AS1-20180122005510
2018-01-22 00:56:00.485;RO;AS17-AS1-20180122005546
2018-01-22 00:56:02.140;SP;AS17-AS1-20180122005546
2018-01-22 00:56:04.661;SQ;AS17-AS1-20180122005604
2018-01-22 00:56:07.918;RC;AS17-AS1-20180122005546
2018-01-22 00:56:08.806;SS;AS17-AS1-20180122005546
2018-01-22 00:56:11.940;RU;AS17-AS1-20180122005527
2018-01-22 00:56:21.064;RO;AS17-AS1-20180122005604
2018-01-22 00:56:22.475;SP;AS17-AS1-20180122005604
2018-01-22 00:56:25.016;SQ;AS17-AS1-20180122005625
2018-01-22 00:56:26.646;RU;AS17-AS1-20180122005546
2018-01-22 00:56:30.453;RC;AS17-AS1-20180122005604
2018-01-22 00:56:31.230;SS;AS17-AS1-20180122005604
2018-01-22 00:56:41.053;RO;AS17-AS1-20180122005625
2018-01-22 00:56:42.899;SP;AS17-AS1-20180122005625
2018-01-22 00:56:45.547;SQ;AS17-AS1-20180122005645
2018-01-22 00:56:48.487;RU;AS17-AS1-20180122005604
2018-01-22 00:56:49.386;RC;AS17-AS1-20180122005625
2018-01-22 00:56:50.135;SS;AS17-AS1-20180122005625
2018-01-22 00:56:59.871;RO;AS17-AS1-20180122005645
2018-01-22 00:57:01.328;SP;AS17-AS1-20180122005645
2018-01-22 00:57:03.860;SQ;AS17-AS1-20180122005703
2018-01-22 00:57:06.548;RC;AS17-AS1-20180122005645
2018-01-22 00:57:07.426;SS;AS17-AS1-20180122005645
2018-01-22 00:57:08.219;RU;AS17-AS1-20180122005625
2018-01-22 00:57:21.151;RO;AS17-AS1-20180122005703
2018-01-22 00:57:22.653;SP;AS17-AS1-20180122005703
2018-01-22 00:57:25.351;SQ;AS17-AS1-20180122005725
2018-01-22 00:57:25.600;RU;AS17-AS1-20180122005645
2018-01-22 00:57:31.582;RC;AS17-AS1-20180122005703
2018-01-22 00:57:32.456;SS;AS17-AS1-20180122005703
2018-01-22 00:57:41.461;RO;AS17-AS1-20180122005725
2018-01-22 00:57:43.267;SP;AS17-AS1-20180122005725
2018-01-22 00:57:45.933;SQ;AS17-AS1-20180122005745
2018-01-22 00:57:48.944;RU;AS17-AS1-20180122005703
2018-01-22 00:57:52.458;RC;AS17-AS1-20180122005725
2018-01-22 00:57:53.365;SS;AS17-AS1-20180122005725
2018-01-22 00:57:59.041;RO;AS17-AS1-20180122005745
2018-01-22 00:58:00.743;SP;AS17-AS1-20180122005745
2018-01-22 00:58:03.329;SQ;AS17-AS1-20180122005803
2018-01-22 00:58:08.252;RC;AS17-AS1-20180122005745
2018-01-22 00:58:09.068;SS;AS17-AS1-20180122005745
2018-01-22 00:58:13.362;RU;AS17-AS1-20180122005725
2018-01-22 00:58:17.685;RO;AS17-AS1-20180122005803
2018-01-22 00:58:19.295;SP;AS17-AS1-20180122005803
2018-01-22 00:58:22.028;SQ;AS17-AS1-20180122005822
2018-01-22 00:58:26.253;RC;AS17-AS1-20180122005803
2018-01-22 00:58:27.034;SS;AS17-AS1-20180122005803
2018-01-22 00:58:28.465;RU;AS17-AS1-20180122005745
2018-01-22 00:58:36.544;RO;AS17-AS1-20180122005822
2018-01-22 00:58:37.909;SP;AS17-AS1-20180122005822
2018-01-22 00:58:40.583;SQ;AS17-AS1-20180122005840
2018-01-22 00:58:44.503;RC;AS17-AS1-20180122005822
2018-01-22 00:58:44.613;RU;AS17-AS1-20180122005803
2018-01-22 00:58:45.340;SS;AS17-AS1-20180122005822
2018-01-22 00:58:57.430;RO;AS17-AS1-20180122005840
2018-01-22 00:58:58.390;SP;AS17-AS1-20180122005840
2018-01-22 00:59:00.607;RU;AS17-AS1-20180122005822
2018-01-22 00:59:01.097;SQ;AS17-AS1-20180122005901
2018-01-22 00:59:03.776;RC;AS17-AS1-20180122005840
2018-01-22 00:59:04.543;SS;AS17-AS1-20180122005840
2018-01-22 00:59:16.101;RO;AS17-AS1-20180122005901
2018-01-22 00:59:17.086;SP;AS17-AS1-20180122005901
2018-01-22 00:59:19.708;SQ;AS17-AS1-20180122005919
2018-01-22 00:59:22.673;RU;AS17-AS1-20180122005840
2018-01-22 00:59:23.796;RC;AS17-AS1-20180122005901
2018-01-22 00:59:24.535;SS;AS17-AS1-20180122005901
2018-01-22 00:59:35.268;RO;AS17-AS1-20180122005919
2018-01-22 00:59:36.497;SP;AS17-AS1-20180122005919
2018-01-22 00:59:39.102;SQ;AS17-AS1-20180122005939
2018-01-22 00:59:41.055;RU;AS17-AS1-20180122005901
2018-01-22 00:59:43.025;RC;AS17-AS1-20180122005919
2018-01-22 00:59:43.780;SS;AS17-AS1-20180122005919
2018-01-22 00:59:53.467;RO;AS17-AS1-20180122005939
2018-01-22 00:59:54.878;SP;AS17-AS1-20180122005939
2018-01-22 00:59:57.959;RU;AS17-AS1-20180122005919
2018-01-22 00:59:58.995;RC;AS17-AS1-20180122005939
2018-01-22 00:59:59.901;SS;AS17-AS1-20180122005939
2018-01-22 01:00:07.512;RU;AS17-AS1-20180122005939
