2018-01-22 00:50:21.371;SQ;AS18-AS1-20180122005021
2018-01-22 00:50:24.373;RO;AS18-AS1-20180122005021
2018-01-22 00:50:25.374;SP;AS18-AS1-20180122005021
2018-01-22 00:50:27.688;RC;AS18-AS1-20180122005021
2018-01-22 00:50:28.139;SQ;AS18-AS1-20180122005028
2018-01-22 00:50:28.719;SS;AS18-AS1-20180122005021
2018-01-22 00:50:43.112;RU;AS18-AS1-20180122005021
2018-01-22 00:50:46.450;RO;AS18-AS1-20180122005028
2018-01-22 00:50:48.029;SP;AS18-AS1-20180122005028
2018-01-22 00:50:50.656;SQ;AS18-AS1-20180122005050
2018-01-22 00:50:56.970;RC;AS18-AS1-20180122005028
2018-01-22 00:50:57.792;SS;AS18-AS1-20180122005028
2018-01-22 00:51:07.978;RO;AS18-AS1-20180122005050
2018-01-22 00:51:09.461;SP;AS18-AS1-20180122005050
2018-01-22 00:51:12.018;SQ;AS18-AS1-20180122005112
2018-01-22 00:51:13.308;RU;AS18-AS1-20180122005028
2018-01-22 00:51:17.387;RC;AS18-AS1-20180122005050
2018-01-22 00:51:18.332;SS;AS18-AS1-20180122005050
2018-01-22 00:51:25.804;RO;AS18-AS1-20180122005112
2018-01-22 00:51:26.882;SP;AS18-AS1-20180122005112
2018-01-22 00:51:29.512;SQ;AS18-AS1-20180122005129
2018-01-22 00:51:35.220;RC;AS18-AS1-20180122005112
2018-01-22 00:51:35.981;SS;AS18-AS1-20180122005112
2018-01-22 00:51:36.770;RU;AS18-AS1-20180122005050
2018-01-22 00:51:42.524;RO;AS18-AS1-20180122005129
2018-01-22 00:51:44.444;SP;AS18-AS1-20180122005129
2018-01-22 00:51:47.112;SQ;AS18-AS1-20180122005147
2018-01-22 00:51:52.740;RC;AS18-AS1-20180122005129
2018-01-22 00:51:53.498;RU;AS18-AS1-20180122005112
2018-01-22 00:51:53.550;SS;AS18-AS1-20180122005129
2018-01-22 00:52:01.966;RO;AS18-AS1-20180122005147
2018-01-22 00:52:02.918;SP;AS18-AS1-20180122005147
2018-01-22 00:52:05.711;SQ;AS18-AS1-20180122005205
2018-01-22 00:52:11.106;RC;AS18-AS1-20180122005147
2018-01-22 00:52:11.873;RU;AS18-AS1-20180122005129
2018-01-22 00:52:11.992;SS;AS18-AS1-20180122005147
2018-01-22 00:52:21.584;RO;AS18-AS1-20180122005205
2018-01-22 00:52:22.704;SP;AS18-AS1-20180122005205
2018-01-22 00:52:25.451;SQ;AS18-AS1-20180122005225
2018-01-22 00:52:30.648;RC;AS18-AS1-20180122005205
2018-01-22 00:52:31.522;SS;AS18-AS1-20180122005205
2018-01-22 00:52:32.423;RU;AS18-AS1-20180122005147
2018-01-22 00:52:40.781;RO;AS18-AS1-20180122005225
2018-01-22 00:52:42.426;SP;AS18-AS1-20180122005225
2018-01-22 00:52:45.114;SQ;AS18-AS1-20180122005245
2018-01-22 00:52:50.081;RC;AS18-AS1-20180122005225
2018-01-22 00:52:50.096;RU;AS18-AS1-20180122005205
2018-01-22 00:52:50.852;SS;AS18-AS1-20180122005225
2018-01-22 00:53:07.686;RO;AS18-AS1-20180122005245
2018-01-22 00:53:08.805;RU;AS18-AS1-20180122005225
2018-01-22 00:53:08.933;SP;AS18-AS1-20180122005245
2018-01-22 00:53:11.502;SQ;AS18-AS1-20180122005311
2018-01-22 00:53:17.299;RC;AS18-AS1-20180122005245
2018-01-22 00:53:18.080;SS;AS18-AS1-20180122005245
2018-01-22 00:53:25.937;RO;AS18-AS1-20180122005311
2018-01-22 00:53:27.278;SP;AS18-AS1-20180122005311
2018-01-22 00:53:29.859;SQ;AS18-AS1-20180122005329
2018-01-22 00:53:35.681;RU;AS18-AS1-20180122005245
2018-01-22 00:53:36.263;RC;AS18-AS1-20180122005311
2018-01-22 00:53:37.045;SS;AS18-AS1-20180122005311
2018-01-22 00:53:44.714;RO;AS18-AS1-20180122005329
2018-01-22 00:53:45.663;SP;AS18-AS1-20180122005329
2018-01-22 00:53:48.295;SQ;AS18-AS1-20180122005348
2018-01-22 00:53:52.790;RC;AS18-AS1-20180122005329
2018-01-22 00:53:52.790;RU;AS18-AS1-20180122005311
2018-01-22 00:53:53.578;SS;AS18-AS1-20180122005329
2018-01-22 00:54:01.938;RO;AS18-AS1-20180122005348
2018-01-22 00:54:03.076;SP;AS18-AS1-20180122005348
2018-01-22 00:54:05.767;SQ;AS18-AS1-20180122005405
2018-01-22 00:54:12.274;RC;AS18-AS1-20180122005348
2018-01-22 00:54:12.457;RU;AS18-AS1-20180122005329
2018-01-22 00:54:13.066;SS;AS18-AS1-20180122005348
2018-01-22 00:54:21.366;RO;AS18-AS1-20180122005405
2018-01-22 00:54:22.563;SP;AS18-AS1-20180122005405
2018-01-22 00:54:25.149;SQ;AS18-AS1-20180122005425
2018-01-22 00:54:28.989;RC;AS18-AS1-20180122005405
2018-01-22 00:54:29.778;SS;AS18-AS1-20180122005405
2018-01-22 00:54:33.566;RU;AS18-AS1-20180122005348
2018-01-22 00:54:42.359;RO;AS18-AS1-20180122005425
2018-01-22 00:54:43.440;RU;AS18-AS1-20180122005405
2018-01-22 00:54:44.077;SP;AS18-AS1-20180122005425
2018-01-22 00:54:46.698;SQ;AS18-AS1-20180122005446
2018-01-22 00:54:51.900;RC;AS18-AS1-20180122005425
2018-01-22 00:54:52.666;SS;AS18-AS1-20180122005425
2018-01-22 00:54:58.561;RO;AS18-AS1-20180122005446
2018-01-22 00:54:59.503;SP;AS18-AS1-20180122005446
2018-01-22 00:55:02.263;SQ;AS18-AS1-20180122005502
2018-01-22 00:55:04.192;RC;AS18-AS1-20180122005446
2018-01-22 00:55:04.988;SS;AS18-AS1-20180122005446
2018-01-22 00:55:10.330;RU;AS18-AS1-20180122005425
2018-01-22 00:55:16.207;RO;AS18-AS1-20180122005502
2018-01-22 00:55:17.058;SP;AS18-AS1-20180122005502
2018-01-22 00:55:19.813;SQ;AS18-AS1-20180122005519
2018-01-22 00:55:22.020;RU;AS18-AS1-20180122005446
2018-01-22 00:55:23.766;RC;AS18-AS1-20180122005502
2018-01-22 00:55:24.561;SS;AS18-AS1-20180122005502
2018-01-22 00:55:34.319;RO;AS18-AS1-20180122005519
2018-01-22 00:55:35.600;SP;AS18-AS1-20180122005519
2018-01-22 00:55:38.301;SQ;AS18-AS1-20180122005538
2018-01-22 00:55:42.280;RC;AS18-AS1-20180122005519
2018-01-22 00:55:43.223;SS;AS18-AS1-20180122005519
2018-01-22 00:55:45.096;RU;AS18-AS1-20180122005502
2018-01-22 00:55:52.049;RO;AS18-AS1-20180122005538
2018-01-22 00:55:53.087;SP;AS18-AS1-20180122005538
2018-01-22 00:55:55.584;SQ;AS18-AS1-20180122005555
2018-01-22 00:56:00.404;RU;AS18-AS1-20180122005519
2018-01-22 00:56:00.500;RC;AS18-AS1-20180122005538
2018-01-22 00:56:01.462;SS;AS18-AS1-20180122005538
2018-01-22 00:56:14.072;RO;AS18-AS1-20180122005555
2018-01-22 00:56:15.374;SP;AS18-AS1-20180122005555
2018-01-22 00:56:17.953;SQ;AS18-AS1-20180122005617
2018-01-22 00:56:18.075;RU;AS18-AS1-20180122005538
2018-01-22 00:56:23.675;RC;AS18-AS1-20180122005555
2018-01-22 00:56:24.453;SS;AS18-AS1-20180122005555
2018-01-22 00:56:39.460;RO;AS18-AS1-20180122005617
2018-01-22 00:56:40.897;SP;AS18-AS1-20180122005617
2018-01-22 00:56:42.716;RU;AS18-AS1-20180122005555
2018-01-22 00:56:43.590;SQ;AS18-AS1-20180122005643
2018-01-22 00:56:47.810;RC;AS18-AS1-20180122005617
2018-01-22 00:56:48.609;SS;AS18-AS1-20180122005617
2018-01-22 00:57:00.283;RO;AS18-AS1-20180122005643
2018-01-22 00:57:01.408;SP;AS18-AS1-20180122005643
2018-01-22 00:57:03.985;SQ;AS18-AS1-20180122005703
2018-01-22 00:57:06.703;RU;AS18-AS1-20180122005617
2018-01-22 00:57:09.628;RC;AS18-AS1-20180122005643
2018-01-22 00:57:10.379;SS;AS18-AS1-20180122005643
2018-01-22 00:57:20.413;RO;AS18-AS1-20180122005703
2018-01-22 00:57:21.824;SP;AS18-AS1-20180122005703
2018-01-22 00:57:24.396;SQ;AS18-AS1-20180122005724
2018-01-22 00:57:28.136;RC;AS18-AS1-20180122005703
2018-01-22 00:57:28.296;RU;AS18-AS1-20180122005643
2018-01-22 00:57:29.045;SS;AS18-AS1-20180122005703
2018-01-22 00:57:37.843;RO;AS18-AS1-20180122005724
2018-01-22 00:57:39.293;SP;AS18-AS1-20180122005724
2018-01-22 00:57:42.017;SQ;AS18-AS1-20180122005742
2018-01-22 00:57:45.616;RU;AS18-AS1-20180122005703
2018-01-22 00:57:46.777;RC;AS18-AS1-20180122005724
2018-01-22 00:57:47.548;SS;AS18-AS1-20180122005724
2018-01-22 00:57:56.371;RO;AS18-AS1-20180122005742
2018-01-22 00:57:57.972;SP;AS18-AS1-20180122005742
2018-01-22 00:58:00.722;SQ;AS18-AS1-20180122005800
2018-01-22 00:58:04.587;RC;AS18-AS1-20180122005742
2018-01-22 00:58:05.361;SS;AS18-AS1-20180122005742
2018-01-22 00:58:05.551;RU;AS18-AS1-20180122005724
2018-01-22 00:58:16.537;RO;AS18-AS1-20180122005800
2018-01-22 00:58:17.525;SP;AS18-AS1-20180122005800
2018-01-22 00:58:20.315;SQ;AS18-AS1-20180122005820
2018-01-22 00:58:22.915;RU;AS18-AS1-20180122005742
2018-01-22 00:58:34.863;RC;AS18-AS1-20180122005800
2018-01-22 00:58:35.756;SS;AS18-AS1-20180122005800
2018-01-22 00:58:36.442;RO;AS18-AS1-20180122005820
2018-01-22 00:58:38.126;SP;AS18-AS1-20180122005820
2018-01-22 00:58:40.684;SQ;AS18-AS1-20180122005840
2018-01-22 00:58:45.059;RC;AS18-AS1-20180122005820
2018-01-22 00:58:46.070;SS;AS18-AS1-20180122005820
2018-01-22 00:58:55.828;RU;AS18-AS1-20180122005800
2018-01-22 00:58:57.417;RO;AS18-AS1-20180122005840
2018-01-22 00:58:58.475;SP;AS18-AS1-20180122005840
2018-01-22 00:59:01.164;SQ;AS18-AS1-20180122005901
2018-01-22 00:59:03.128;RU;AS18-AS1-20180122005820
2018-01-22 00:59:05.860;RC;AS18-AS1-20180122005840
2018-01-22 00:59:06.658;SS;AS18-AS1-20180122005840
2018-01-22 00:59:17.119;RO;AS18-AS1-20180122005901
2018-01-22 00:59:17.964;SP;AS18-AS1-20180122005901
2018-01-22 00:59:20.710;SQ;AS18-AS1-20180122005920
2018-01-22 00:59:21.368;RU;AS18-AS1-20180122005840
2018-01-22 00:59:23.783;RC;AS18-AS1-20180122005901
2018-01-22 00:59:24.566;SS;AS18-AS1-20180122005901
2018-01-22 00:59:36.197;RO;AS18-AS1-20180122005920
2018-01-22 00:59:37.502;SP;AS18-AS1-20180122005920
2018-01-22 00:59:40.461;SQ;AS18-AS1-20180122005940
2018-01-22 00:59:40.905;RU;AS18-AS1-20180122005901
2018-01-22 00:59:42.751;RC;AS18-AS1-20180122005920
2018-01-22 00:59:43.612;SS;AS18-AS1-20180122005920
2018-01-22 00:59:51.431;RO;AS18-AS1-20180122005940
2018-01-22 00:59:52.439;SP;AS18-AS1-20180122005940
2018-01-22 00:59:57.105;RC;AS18-AS1-20180122005940
2018-01-22 00:59:57.139;RU;AS18-AS1-20180122005920
2018-01-22 00:59:58.023;SS;AS18-AS1-20180122005940
2018-01-22 01:00:06.531;RU;AS18-AS1-20180122005940
