2018-01-22 00:50:21.987;SQ;AS2-AS1-20180122005021
2018-01-22 00:50:25.986;RO;AS2-AS1-20180122005021
2018-01-22 00:50:26.787;SP;AS2-AS1-20180122005021
2018-01-22 00:50:29.379;SQ;AS2-AS1-20180122005029
2018-01-22 00:50:30.798;RC;AS2-AS1-20180122005021
2018-01-22 00:50:31.613;SS;AS2-AS1-20180122005021
2018-01-22 00:50:41.114;RO;AS2-AS1-20180122005029
2018-01-22 00:50:42.182;SP;AS2-AS1-20180122005029
2018-01-22 00:50:44.795;SQ;AS2-AS1-20180122005044
2018-01-22 00:50:45.972;RU;AS2-AS1-20180122005021
2018-01-22 00:50:49.137;RC;AS2-AS1-20180122005029
2018-01-22 00:50:49.936;SS;AS2-AS1-20180122005029
2018-01-22 00:51:00.605;RO;AS2-AS1-20180122005044
2018-01-22 00:51:01.619;SP;AS2-AS1-20180122005044
2018-01-22 00:51:04.331;SQ;AS2-AS1-20180122005104
2018-01-22 00:51:08.799;RU;AS2-AS1-20180122005029
2018-01-22 00:51:08.827;RC;AS2-AS1-20180122005044
2018-01-22 00:51:09.618;SS;AS2-AS1-20180122005044
2018-01-22 00:51:21.895;RO;AS2-AS1-20180122005104
2018-01-22 00:51:23.178;SP;AS2-AS1-20180122005104
2018-01-22 00:51:25.829;SQ;AS2-AS1-20180122005125
2018-01-22 00:51:27.554;RU;AS2-AS1-20180122005044
2018-01-22 00:51:31.359;RC;AS2-AS1-20180122005104
2018-01-22 00:51:32.161;SS;AS2-AS1-20180122005104
2018-01-22 00:51:46.712;RO;AS2-AS1-20180122005125
2018-01-22 00:51:47.643;SP;AS2-AS1-20180122005125
2018-01-22 00:51:50.300;SQ;AS2-AS1-20180122005150
2018-01-22 00:51:50.739;RU;AS2-AS1-20180122005104
2018-01-22 00:51:55.702;RC;AS2-AS1-20180122005125
2018-01-22 00:51:56.494;SS;AS2-AS1-20180122005125
2018-01-22 00:52:05.506;RO;AS2-AS1-20180122005150
2018-01-22 00:52:07.137;SP;AS2-AS1-20180122005150
2018-01-22 00:52:09.860;SQ;AS2-AS1-20180122005209
2018-01-22 00:52:14.596;RU;AS2-AS1-20180122005125
2018-01-22 00:52:15.854;RC;AS2-AS1-20180122005150
2018-01-22 00:52:16.659;SS;AS2-AS1-20180122005150
2018-01-22 00:52:22.418;RO;AS2-AS1-20180122005209
2018-01-22 00:52:23.700;SP;AS2-AS1-20180122005209
2018-01-22 00:52:26.269;SQ;AS2-AS1-20180122005226
2018-01-22 00:52:31.151;RC;AS2-AS1-20180122005209
2018-01-22 00:52:32.075;SS;AS2-AS1-20180122005209
2018-01-22 00:52:34.989;RU;AS2-AS1-20180122005150
2018-01-22 00:52:42.142;RO;AS2-AS1-20180122005226
2018-01-22 00:52:43.114;SP;AS2-AS1-20180122005226
2018-01-22 00:52:45.713;SQ;AS2-AS1-20180122005245
2018-01-22 00:52:50.739;RC;AS2-AS1-20180122005226
2018-01-22 00:52:51.407;RU;AS2-AS1-20180122005209
2018-01-22 00:52:51.649;SS;AS2-AS1-20180122005226
2018-01-22 00:53:01.050;RO;AS2-AS1-20180122005245
2018-01-22 00:53:02.535;SP;AS2-AS1-20180122005245
2018-01-22 00:53:05.209;SQ;AS2-AS1-20180122005305
2018-01-22 00:53:09.758;RU;AS2-AS1-20180122005226
2018-01-22 00:53:10.411;RC;AS2-AS1-20180122005245
2018-01-22 00:53:11.212;SS;AS2-AS1-20180122005245
2018-01-22 00:53:21.976;RO;AS2-AS1-20180122005305
2018-01-22 00:53:23.023;SP;AS2-AS1-20180122005305
2018-01-22 00:53:25.633;SQ;AS2-AS1-20180122005325
2018-01-22 00:53:30.116;RC;AS2-AS1-20180122005305
2018-01-22 00:53:30.943;SS;AS2-AS1-20180122005305
2018-01-22 00:53:36.691;RU;AS2-AS1-20180122005245
2018-01-22 00:53:42.437;RO;AS2-AS1-20180122005325
2018-01-22 00:53:43.650;SP;AS2-AS1-20180122005325
2018-01-22 00:53:46.346;SQ;AS2-AS1-20180122005346
2018-01-22 00:53:48.351;RU;AS2-AS1-20180122005305
2018-01-22 00:53:50.930;RC;AS2-AS1-20180122005325
2018-01-22 00:53:51.728;SS;AS2-AS1-20180122005325
2018-01-22 00:53:59.880;RO;AS2-AS1-20180122005346
2018-01-22 00:54:01.162;SP;AS2-AS1-20180122005346
2018-01-22 00:54:03.787;SQ;AS2-AS1-20180122005403
2018-01-22 00:54:08.011;RU;AS2-AS1-20180122005325
2018-01-22 00:54:08.470;RC;AS2-AS1-20180122005346
2018-01-22 00:54:09.353;SS;AS2-AS1-20180122005346
2018-01-22 00:54:21.391;RO;AS2-AS1-20180122005403
2018-01-22 00:54:22.616;SP;AS2-AS1-20180122005403
2018-01-22 00:54:24.369;RU;AS2-AS1-20180122005346
2018-01-22 00:54:25.236;SQ;AS2-AS1-20180122005425
2018-01-22 00:54:30.258;RC;AS2-AS1-20180122005403
2018-01-22 00:54:31.069;SS;AS2-AS1-20180122005403
2018-01-22 00:54:40.976;RO;AS2-AS1-20180122005425
2018-01-22 00:54:42.267;SP;AS2-AS1-20180122005425
2018-01-22 00:54:45.040;SQ;AS2-AS1-20180122005445
2018-01-22 00:54:46.962;RC;AS2-AS1-20180122005425
2018-01-22 00:54:47.782;SS;AS2-AS1-20180122005425
2018-01-22 00:54:51.628;RU;AS2-AS1-20180122005403
2018-01-22 00:55:01.521;RO;AS2-AS1-20180122005445
2018-01-22 00:55:02.875;SP;AS2-AS1-20180122005445
2018-01-22 00:55:02.879;RU;AS2-AS1-20180122005425
2018-01-22 00:55:05.487;SQ;AS2-AS1-20180122005505
2018-01-22 00:55:11.729;RC;AS2-AS1-20180122005445
2018-01-22 00:55:12.522;SS;AS2-AS1-20180122005445
2018-01-22 00:55:21.031;RO;AS2-AS1-20180122005505
2018-01-22 00:55:22.317;SP;AS2-AS1-20180122005505
2018-01-22 00:55:24.971;SQ;AS2-AS1-20180122005524
2018-01-22 00:55:29.709;RC;AS2-AS1-20180122005505
2018-01-22 00:55:30.516;SS;AS2-AS1-20180122005505
2018-01-22 00:55:31.916;RU;AS2-AS1-20180122005445
2018-01-22 00:55:40.699;RO;AS2-AS1-20180122005524
2018-01-22 00:55:41.791;SP;AS2-AS1-20180122005524
2018-01-22 00:55:44.430;SQ;AS2-AS1-20180122005544
2018-01-22 00:55:48.908;RU;AS2-AS1-20180122005505
2018-01-22 00:55:50.122;RC;AS2-AS1-20180122005524
2018-01-22 00:55:50.922;SS;AS2-AS1-20180122005524
2018-01-22 00:56:00.351;RO;AS2-AS1-20180122005544
2018-01-22 00:56:01.443;SP;AS2-AS1-20180122005544
2018-01-22 00:56:04.157;SQ;AS2-AS1-20180122005604
2018-01-22 00:56:08.593;RC;AS2-AS1-20180122005544
2018-01-22 00:56:09.377;SS;AS2-AS1-20180122005544
2018-01-22 00:56:09.833;RU;AS2-AS1-20180122005524
2018-01-22 00:56:20.542;RO;AS2-AS1-20180122005604
2018-01-22 00:56:21.990;SP;AS2-AS1-20180122005604
2018-01-22 00:56:24.717;SQ;AS2-AS1-20180122005624
2018-01-22 00:56:27.145;RU;AS2-AS1-20180122005544
2018-01-22 00:56:30.198;RC;AS2-AS1-20180122005604
2018-01-22 00:56:30.997;SS;AS2-AS1-20180122005604
2018-01-22 00:56:49.000;RO;AS2-AS1-20180122005624
2018-01-22 00:56:50.548;SP;AS2-AS1-20180122005624
2018-01-22 00:56:51.313;RU;AS2-AS1-20180122005604
2018-01-22 00:56:53.243;SQ;AS2-AS1-20180122005653
2018-01-22 00:56:58.483;RC;AS2-AS1-20180122005624
2018-01-22 00:56:59.280;SS;AS2-AS1-20180122005624
2018-01-22 00:57:10.778;RO;AS2-AS1-20180122005653
2018-01-22 00:57:12.120;SP;AS2-AS1-20180122005653
2018-01-22 00:57:14.820;SQ;AS2-AS1-20180122005714
2018-01-22 00:57:15.857;RU;AS2-AS1-20180122005624
2018-01-22 00:57:18.641;RC;AS2-AS1-20180122005653
2018-01-22 00:57:19.654;SS;AS2-AS1-20180122005653
2018-01-22 00:57:29.521;RO;AS2-AS1-20180122005714
2018-01-22 00:57:30.651;SP;AS2-AS1-20180122005714
2018-01-22 00:57:33.362;SQ;AS2-AS1-20180122005733
2018-01-22 00:57:35.482;RU;AS2-AS1-20180122005653
2018-01-22 00:57:37.578;RC;AS2-AS1-20180122005714
2018-01-22 00:57:38.458;SS;AS2-AS1-20180122005714
2018-01-22 00:57:46.913;RO;AS2-AS1-20180122005733
2018-01-22 00:57:48.251;SP;AS2-AS1-20180122005733
2018-01-22 00:57:50.866;SQ;AS2-AS1-20180122005750
2018-01-22 00:57:55.298;RC;AS2-AS1-20180122005733
2018-01-22 00:57:56.100;SS;AS2-AS1-20180122005733
2018-01-22 00:58:04.542;RU;AS2-AS1-20180122005714
2018-01-22 00:58:13.341;RO;AS2-AS1-20180122005750
2018-01-22 00:58:13.909;RU;AS2-AS1-20180122005733
2018-01-22 00:58:14.848;SP;AS2-AS1-20180122005750
2018-01-22 00:58:17.525;SQ;AS2-AS1-20180122005817
2018-01-22 00:58:22.898;RC;AS2-AS1-20180122005750
2018-01-22 00:58:23.816;SS;AS2-AS1-20180122005750
2018-01-22 00:58:34.944;RO;AS2-AS1-20180122005817
2018-01-22 00:58:36.339;SP;AS2-AS1-20180122005817
2018-01-22 00:58:38.935;SQ;AS2-AS1-20180122005838
2018-01-22 00:58:41.895;RU;AS2-AS1-20180122005750
2018-01-22 00:58:43.110;RC;AS2-AS1-20180122005817
2018-01-22 00:58:43.902;SS;AS2-AS1-20180122005817
2018-01-22 00:58:57.668;RO;AS2-AS1-20180122005838
2018-01-22 00:58:58.872;SP;AS2-AS1-20180122005838
2018-01-22 00:59:01.648;SQ;AS2-AS1-20180122005901
2018-01-22 00:59:02.271;RU;AS2-AS1-20180122005817
2018-01-22 00:59:06.015;RC;AS2-AS1-20180122005838
2018-01-22 00:59:06.831;SS;AS2-AS1-20180122005838
2018-01-22 00:59:15.462;RO;AS2-AS1-20180122005901
2018-01-22 00:59:16.696;SP;AS2-AS1-20180122005901
2018-01-22 00:59:19.429;SQ;AS2-AS1-20180122005919
2018-01-22 00:59:22.659;RC;AS2-AS1-20180122005901
2018-01-22 00:59:23.455;SS;AS2-AS1-20180122005901
2018-01-22 00:59:26.098;RU;AS2-AS1-20180122005838
2018-01-22 00:59:33.582;RO;AS2-AS1-20180122005919
2018-01-22 00:59:35.293;SP;AS2-AS1-20180122005919
2018-01-22 00:59:38.098;SQ;AS2-AS1-20180122005938
2018-01-22 00:59:42.690;RC;AS2-AS1-20180122005919
2018-01-22 00:59:42.748;RU;AS2-AS1-20180122005901
2018-01-22 00:59:43.595;SS;AS2-AS1-20180122005919
2018-01-22 00:59:51.909;RO;AS2-AS1-20180122005938
2018-01-22 00:59:52.920;SP;AS2-AS1-20180122005938
2018-01-22 00:59:55.938;SQ;AS2-AS1-20180122005955
2018-01-22 00:59:57.918;RU;AS2-AS1-20180122005919
2018-01-22 00:59:57.930;RC;AS2-AS1-20180122005938
2018-01-22 00:59:58.745;SS;AS2-AS1-20180122005938
2018-01-22 01:00:04.403;RO;AS2-AS1-20180122005955
2018-01-22 01:00:05.970;SP;AS2-AS1-20180122005955
2018-01-22 01:00:07.547;RC;AS2-AS1-20180122005955
2018-01-22 01:00:07.589;RU;AS2-AS1-20180122005938
2018-01-22 01:00:08.369;SS;AS2-AS1-20180122005955
2018-01-22 01:00:11.327;RU;AS2-AS1-20180122005955
