2018-01-22 00:50:25.126;SQ;AS20-AS1-20180122005025
2018-01-22 00:50:29.858;RO;AS20-AS1-20180122005025
2018-01-22 00:50:30.907;SP;AS20-AS1-20180122005025
2018-01-22 00:50:33.465;SQ;AS20-AS1-20180122005033
2018-01-22 00:50:37.350;RC;AS20-AS1-20180122005025
2018-01-22 00:50:38.293;SS;AS20-AS1-20180122005025
2018-01-22 00:50:46.117;RO;AS20-AS1-20180122005033
2018-01-22 00:50:47.266;SP;AS20-AS1-20180122005033
2018-01-22 00:50:49.813;SQ;AS20-AS1-20180122005049
2018-01-22 00:50:53.869;RU;AS20-AS1-20180122005025
2018-01-22 00:50:55.874;RC;AS20-AS1-20180122005033
2018-01-22 00:50:56.670;SS;AS20-AS1-20180122005033
2018-01-22 00:51:03.768;RO;AS20-AS1-20180122005049
2018-01-22 00:51:04.636;SP;AS20-AS1-20180122005049
2018-01-22 00:51:07.256;SQ;AS20-AS1-20180122005107
2018-01-22 00:51:12.819;RC;AS20-AS1-20180122005049
2018-01-22 00:51:13.393;RU;AS20-AS1-20180122005033
2018-01-22 00:51:13.597;SS;AS20-AS1-20180122005049
2018-01-22 00:51:23.882;RO;AS20-AS1-20180122005107
2018-01-22 00:51:25.061;SP;AS20-AS1-20180122005107
2018-01-22 00:51:27.701;SQ;AS20-AS1-20180122005127
2018-01-22 00:51:29.708;RU;AS20-AS1-20180122005049
2018-01-22 00:51:41.845;RC;AS20-AS1-20180122005107
2018-01-22 00:51:42.627;SS;AS20-AS1-20180122005107
2018-01-22 00:51:45.555;RO;AS20-AS1-20180122005127
2018-01-22 00:51:46.591;SP;AS20-AS1-20180122005127
2018-01-22 00:51:49.264;SQ;AS20-AS1-20180122005149
2018-01-22 00:51:54.642;RC;AS20-AS1-20180122005127
2018-01-22 00:51:55.423;SS;AS20-AS1-20180122005127
2018-01-22 00:51:58.694;RU;AS20-AS1-20180122005107
2018-01-22 00:52:02.368;RO;AS20-AS1-20180122005149
2018-01-22 00:52:04.087;SP;AS20-AS1-20180122005149
2018-01-22 00:52:06.842;SQ;AS20-AS1-20180122005206
2018-01-22 00:52:09.606;RC;AS20-AS1-20180122005149
2018-01-22 00:52:10.395;SS;AS20-AS1-20180122005149
2018-01-22 00:52:15.137;RU;AS20-AS1-20180122005127
2018-01-22 00:52:22.105;RO;AS20-AS1-20180122005206
2018-01-22 00:52:23.643;SP;AS20-AS1-20180122005206
2018-01-22 00:52:26.190;RU;AS20-AS1-20180122005149
2018-01-22 00:52:26.262;SQ;AS20-AS1-20180122005226
2018-01-22 00:52:31.634;RC;AS20-AS1-20180122005206
2018-01-22 00:52:32.436;SS;AS20-AS1-20180122005206
2018-01-22 00:52:41.476;RO;AS20-AS1-20180122005226
2018-01-22 00:52:43.070;SP;AS20-AS1-20180122005226
2018-01-22 00:52:45.645;SQ;AS20-AS1-20180122005245
2018-01-22 00:52:50.658;RU;AS20-AS1-20180122005206
2018-01-22 00:52:50.982;RC;AS20-AS1-20180122005226
2018-01-22 00:52:51.837;SS;AS20-AS1-20180122005226
2018-01-22 00:53:01.385;RO;AS20-AS1-20180122005245
2018-01-22 00:53:02.453;SP;AS20-AS1-20180122005245
2018-01-22 00:53:05.147;SQ;AS20-AS1-20180122005305
2018-01-22 00:53:10.354;RC;AS20-AS1-20180122005245
2018-01-22 00:53:11.142;SS;AS20-AS1-20180122005245
2018-01-22 00:53:11.955;RU;AS20-AS1-20180122005226
2018-01-22 00:53:21.106;RO;AS20-AS1-20180122005305
2018-01-22 00:53:22.129;SP;AS20-AS1-20180122005305
2018-01-22 00:53:24.826;SQ;AS20-AS1-20180122005324
2018-01-22 00:53:28.875;RU;AS20-AS1-20180122005245
2018-01-22 00:53:29.499;RC;AS20-AS1-20180122005305
2018-01-22 00:53:30.271;SS;AS20-AS1-20180122005305
2018-01-22 00:53:40.642;RO;AS20-AS1-20180122005324
2018-01-22 00:53:41.796;SP;AS20-AS1-20180122005324
2018-01-22 00:53:43.227;RU;AS20-AS1-20180122005305
2018-01-22 00:53:44.491;SQ;AS20-AS1-20180122005344
2018-01-22 00:53:56.018;RC;AS20-AS1-20180122005324
2018-01-22 00:53:56.822;SS;AS20-AS1-20180122005324
2018-01-22 00:54:03.465;RO;AS20-AS1-20180122005344
2018-01-22 00:54:04.426;SP;AS20-AS1-20180122005344
2018-01-22 00:54:07.092;SQ;AS20-AS1-20180122005407
2018-01-22 00:54:13.599;RU;AS20-AS1-20180122005324
2018-01-22 00:54:13.940;RC;AS20-AS1-20180122005344
2018-01-22 00:54:14.730;SS;AS20-AS1-20180122005344
2018-01-22 00:54:21.393;RO;AS20-AS1-20180122005407
2018-01-22 00:54:23.078;SP;AS20-AS1-20180122005407
2018-01-22 00:54:25.697;SQ;AS20-AS1-20180122005425
2018-01-22 00:54:30.161;RC;AS20-AS1-20180122005407
2018-01-22 00:54:30.937;SS;AS20-AS1-20180122005407
2018-01-22 00:54:32.325;RU;AS20-AS1-20180122005344
2018-01-22 00:54:41.421;RO;AS20-AS1-20180122005425
2018-01-22 00:54:42.543;SP;AS20-AS1-20180122005425
2018-01-22 00:54:45.296;SQ;AS20-AS1-20180122005445
2018-01-22 00:54:48.273;RU;AS20-AS1-20180122005407
2018-01-22 00:54:49.335;RC;AS20-AS1-20180122005425
2018-01-22 00:54:50.107;SS;AS20-AS1-20180122005425
2018-01-22 00:55:02.368;RO;AS20-AS1-20180122005445
2018-01-22 00:55:04.236;SP;AS20-AS1-20180122005445
2018-01-22 00:55:05.207;RU;AS20-AS1-20180122005425
2018-01-22 00:55:06.866;SQ;AS20-AS1-20180122005506
2018-01-22 00:55:13.049;RC;AS20-AS1-20180122005445
2018-01-22 00:55:13.842;SS;AS20-AS1-20180122005445
2018-01-22 00:55:23.165;RO;AS20-AS1-20180122005506
2018-01-22 00:55:24.682;SP;AS20-AS1-20180122005506
2018-01-22 00:55:27.257;SQ;AS20-AS1-20180122005527
2018-01-22 00:55:30.811;RC;AS20-AS1-20180122005506
2018-01-22 00:55:31.608;SS;AS20-AS1-20180122005506
2018-01-22 00:55:31.857;RU;AS20-AS1-20180122005445
2018-01-22 00:55:42.275;RO;AS20-AS1-20180122005527
2018-01-22 00:55:44.074;SP;AS20-AS1-20180122005527
2018-01-22 00:55:46.823;SQ;AS20-AS1-20180122005546
2018-01-22 00:55:49.092;RU;AS20-AS1-20180122005506
2018-01-22 00:55:51.382;RC;AS20-AS1-20180122005527
2018-01-22 00:55:52.224;SS;AS20-AS1-20180122005527
2018-01-22 00:56:00.443;RO;AS20-AS1-20180122005546
2018-01-22 00:56:01.696;SP;AS20-AS1-20180122005546
2018-01-22 00:56:04.429;SQ;AS20-AS1-20180122005604
2018-01-22 00:56:10.893;RC;AS20-AS1-20180122005546
2018-01-22 00:56:11.683;RU;AS20-AS1-20180122005527
2018-01-22 00:56:11.778;SS;AS20-AS1-20180122005546
2018-01-22 00:56:21.932;RO;AS20-AS1-20180122005604
2018-01-22 00:56:23.379;SP;AS20-AS1-20180122005604
2018-01-22 00:56:26.070;SQ;AS20-AS1-20180122005626
2018-01-22 00:56:30.279;RU;AS20-AS1-20180122005546
2018-01-22 00:56:31.181;RC;AS20-AS1-20180122005604
2018-01-22 00:56:32.051;SS;AS20-AS1-20180122005604
2018-01-22 00:56:40.905;RO;AS20-AS1-20180122005626
2018-01-22 00:56:41.879;SP;AS20-AS1-20180122005626
2018-01-22 00:56:44.451;SQ;AS20-AS1-20180122005644
2018-01-22 00:56:48.949;RU;AS20-AS1-20180122005604
2018-01-22 00:56:49.836;RC;AS20-AS1-20180122005626
2018-01-22 00:56:50.641;SS;AS20-AS1-20180122005626
2018-01-22 00:56:59.952;RO;AS20-AS1-20180122005644
2018-01-22 00:57:01.277;SP;AS20-AS1-20180122005644
2018-01-22 00:57:03.841;SQ;AS20-AS1-20180122005703
2018-01-22 00:57:08.398;RC;AS20-AS1-20180122005644
2018-01-22 00:57:09.253;SS;AS20-AS1-20180122005644
2018-01-22 00:57:11.496;RU;AS20-AS1-20180122005626
2018-01-22 00:57:21.803;RO;AS20-AS1-20180122005703
2018-01-22 00:57:22.661;SP;AS20-AS1-20180122005703
2018-01-22 00:57:25.418;SQ;AS20-AS1-20180122005725
2018-01-22 00:57:26.898;RU;AS20-AS1-20180122005644
2018-01-22 00:57:30.252;RC;AS20-AS1-20180122005703
2018-01-22 00:57:31.027;SS;AS20-AS1-20180122005703
2018-01-22 00:57:40.090;RO;AS20-AS1-20180122005725
2018-01-22 00:57:41.406;SP;AS20-AS1-20180122005725
2018-01-22 00:57:44.139;SQ;AS20-AS1-20180122005744
2018-01-22 00:57:47.219;RU;AS20-AS1-20180122005703
2018-01-22 00:57:49.794;RC;AS20-AS1-20180122005725
2018-01-22 00:57:50.572;SS;AS20-AS1-20180122005725
2018-01-22 00:57:57.195;RO;AS20-AS1-20180122005744
2018-01-22 00:57:58.928;SP;AS20-AS1-20180122005744
2018-01-22 00:58:01.658;SQ;AS20-AS1-20180122005801
2018-01-22 00:58:06.317;RC;AS20-AS1-20180122005744
2018-01-22 00:58:07.247;SS;AS20-AS1-20180122005744
2018-01-22 00:58:09.866;RU;AS20-AS1-20180122005725
2018-01-22 00:58:18.715;RO;AS20-AS1-20180122005801
2018-01-22 00:58:20.458;SP;AS20-AS1-20180122005801
2018-01-22 00:58:23.158;SQ;AS20-AS1-20180122005823
2018-01-22 00:58:25.919;RU;AS20-AS1-20180122005744
2018-01-22 00:58:27.386;RC;AS20-AS1-20180122005801
2018-01-22 00:58:28.165;SS;AS20-AS1-20180122005801
2018-01-22 00:58:37.302;RO;AS20-AS1-20180122005823
2018-01-22 00:58:38.966;SP;AS20-AS1-20180122005823
2018-01-22 00:58:41.722;SQ;AS20-AS1-20180122005841
2018-01-22 00:58:46.208;RU;AS20-AS1-20180122005801
2018-01-22 00:58:46.532;RC;AS20-AS1-20180122005823
2018-01-22 00:58:47.302;SS;AS20-AS1-20180122005823
2018-01-22 00:59:03.184;RO;AS20-AS1-20180122005841
2018-01-22 00:59:03.847;RU;AS20-AS1-20180122005823
2018-01-22 00:59:04.526;SP;AS20-AS1-20180122005841
2018-01-22 00:59:07.078;SQ;AS20-AS1-20180122005907
2018-01-22 00:59:13.394;RC;AS20-AS1-20180122005841
2018-01-22 00:59:14.194;SS;AS20-AS1-20180122005841
2018-01-22 00:59:21.142;RO;AS20-AS1-20180122005907
2018-01-22 00:59:22.929;SP;AS20-AS1-20180122005907
2018-01-22 00:59:25.595;SQ;AS20-AS1-20180122005925
2018-01-22 00:59:30.744;RC;AS20-AS1-20180122005907
2018-01-22 00:59:31.026;RU;AS20-AS1-20180122005841
2018-01-22 00:59:31.566;SS;AS20-AS1-20180122005907
2018-01-22 00:59:40.662;RO;AS20-AS1-20180122005925
2018-01-22 00:59:42.418;SP;AS20-AS1-20180122005925
2018-01-22 00:59:44.048;RU;AS20-AS1-20180122005907
2018-01-22 00:59:45.011;SQ;AS20-AS1-20180122005945
2018-01-22 00:59:50.180;RC;AS20-AS1-20180122005925
2018-01-22 00:59:50.976;SS;AS20-AS1-20180122005925
2018-01-22 00:59:57.136;RO;AS20-AS1-20180122005945
2018-01-22 00:59:58.802;SP;AS20-AS1-20180122005945
2018-01-22 01:00:01.787;RU;AS20-AS1-20180122005925
2018-01-22 01:00:03.358;RC;AS20-AS1-20180122005945
2018-01-22 01:00:04.352;SS;AS20-AS1-20180122005945
2018-01-22 01:00:08.218;RU;AS20-AS1-20180122005945
