2018-01-22 00:50:22.615;SQ;AS30-AS1-20180122005022
2018-01-22 00:50:26.722;RO;AS30-AS1-20180122005022
2018-01-22 00:50:28.418;SP;AS30-AS1-20180122005022
2018-01-22 00:50:31.028;SQ;AS30-AS1-20180122005031
2018-01-22 00:50:33.299;RC;AS30-AS1-20180122005022
2018-01-22 00:50:34.068;SS;AS30-AS1-20180122005022
2018-01-22 00:50:44.421;RO;AS30-AS1-20180122005031
2018-01-22 00:50:45.937;SP;AS30-AS1-20180122005031
2018-01-22 00:50:47.168;RU;AS30-AS1-20180122005022
2018-01-22 00:50:48.574;SQ;AS30-AS1-20180122005048
2018-01-22 00:50:52.799;RC;AS30-AS1-20180122005031
2018-01-22 00:50:53.563;SS;AS30-AS1-20180122005031
2018-01-22 00:51:01.603;RO;AS30-AS1-20180122005048
2018-01-22 00:51:03.501;SP;AS30-AS1-20180122005048
2018-01-22 00:51:06.256;SQ;AS30-AS1-20180122005106
2018-01-22 00:51:11.694;RC;AS30-AS1-20180122005048
2018-01-22 00:51:11.852;RU;AS30-AS1-20180122005031
2018-01-22 00:51:12.481;SS;AS30-AS1-20180122005048
2018-01-22 00:51:22.337;RO;AS30-AS1-20180122005106
2018-01-22 00:51:24.054;SP;AS30-AS1-20180122005106
2018-01-22 00:51:26.695;SQ;AS30-AS1-20180122005126
2018-01-22 00:51:29.320;RU;AS30-AS1-20180122005048
2018-01-22 00:51:29.718;RC;AS30-AS1-20180122005106
2018-01-22 00:51:30.511;SS;AS30-AS1-20180122005106
2018-01-22 00:51:42.588;RO;AS30-AS1-20180122005126
2018-01-22 00:51:43.464;SP;AS30-AS1-20180122005126
2018-01-22 00:51:46.029;SQ;AS30-AS1-20180122005146
2018-01-22 00:51:48.530;RU;AS30-AS1-20180122005106
2018-01-22 00:51:50.706;RC;AS30-AS1-20180122005126
2018-01-22 00:51:51.489;SS;AS30-AS1-20180122005126
2018-01-22 00:52:01.340;RO;AS30-AS1-20180122005146
2018-01-22 00:52:02.834;SP;AS30-AS1-20180122005146
2018-01-22 00:52:05.580;SQ;AS30-AS1-20180122005205
2018-01-22 00:52:10.992;RU;AS30-AS1-20180122005126
2018-01-22 00:52:11.802;RC;AS30-AS1-20180122005146
2018-01-22 00:52:12.556;SS;AS30-AS1-20180122005146
2018-01-22 00:52:21.639;RO;AS30-AS1-20180122005205
2018-01-22 00:52:23.378;SP;AS30-AS1-20180122005205
2018-01-22 00:52:26.105;SQ;AS30-AS1-20180122005226
2018-01-22 00:52:31.600;RU;AS30-AS1-20180122005146
2018-01-22 00:52:31.901;RC;AS30-AS1-20180122005205
2018-01-22 00:52:32.674;SS;AS30-AS1-20180122005205
2018-01-22 00:52:40.774;RO;AS30-AS1-20180122005226
2018-01-22 00:52:42.075;SP;AS30-AS1-20180122005226
2018-01-22 00:52:44.827;SQ;AS30-AS1-20180122005244
2018-01-22 00:52:49.658;RC;AS30-AS1-20180122005226
2018-01-22 00:52:50.415;SS;AS30-AS1-20180122005226
2018-01-22 00:52:51.597;RU;AS30-AS1-20180122005205
2018-01-22 00:53:01.161;RO;AS30-AS1-20180122005244
2018-01-22 00:53:02.820;SP;AS30-AS1-20180122005244
2018-01-22 00:53:05.444;SQ;AS30-AS1-20180122005305
2018-01-22 00:53:08.625;RU;AS30-AS1-20180122005226
2018-01-22 00:53:17.263;RC;AS30-AS1-20180122005244
2018-01-22 00:53:18.041;SS;AS30-AS1-20180122005244
2018-01-22 00:53:21.921;RO;AS30-AS1-20180122005305
2018-01-22 00:53:23.247;SP;AS30-AS1-20180122005305
2018-01-22 00:53:25.922;SQ;AS30-AS1-20180122005325
2018-01-22 00:53:30.345;RC;AS30-AS1-20180122005305
2018-01-22 00:53:31.105;SS;AS30-AS1-20180122005305
2018-01-22 00:53:34.777;RU;AS30-AS1-20180122005244
2018-01-22 00:53:42.533;RO;AS30-AS1-20180122005325
2018-01-22 00:53:43.719;SP;AS30-AS1-20180122005325
2018-01-22 00:53:46.366;SQ;AS30-AS1-20180122005346
2018-01-22 00:53:47.646;RU;AS30-AS1-20180122005305
2018-01-22 00:53:51.903;RC;AS30-AS1-20180122005325
2018-01-22 00:53:52.660;SS;AS30-AS1-20180122005325
2018-01-22 00:54:07.752;RO;AS30-AS1-20180122005346
2018-01-22 00:54:09.134;RU;AS30-AS1-20180122005325
2018-01-22 00:54:09.235;SP;AS30-AS1-20180122005346
2018-01-22 00:54:11.866;SQ;AS30-AS1-20180122005411
2018-01-22 00:54:17.124;RC;AS30-AS1-20180122005346
2018-01-22 00:54:18.064;SS;AS30-AS1-20180122005346
2018-01-22 00:54:26.400;RO;AS30-AS1-20180122005411
2018-01-22 00:54:27.720;SP;AS30-AS1-20180122005411
2018-01-22 00:54:30.292;SQ;AS30-AS1-20180122005430
2018-01-22 00:54:34.853;RC;AS30-AS1-20180122005411
2018-01-22 00:54:35.641;SS;AS30-AS1-20180122005411
2018-01-22 00:54:36.352;RU;AS30-AS1-20180122005346
2018-01-22 00:54:43.413;RO;AS30-AS1-20180122005430
2018-01-22 00:54:45.096;SP;AS30-AS1-20180122005430
2018-01-22 00:54:47.685;SQ;AS30-AS1-20180122005447
2018-01-22 00:54:52.700;RC;AS30-AS1-20180122005430
2018-01-22 00:54:53.490;SS;AS30-AS1-20180122005430
2018-01-22 00:54:54.338;RU;AS30-AS1-20180122005411
2018-01-22 00:55:01.923;RO;AS30-AS1-20180122005447
2018-01-22 00:55:03.506;SP;AS30-AS1-20180122005447
2018-01-22 00:55:06.087;SQ;AS30-AS1-20180122005506
2018-01-22 00:55:11.095;RU;AS30-AS1-20180122005430
2018-01-22 00:55:12.187;RC;AS30-AS1-20180122005447
2018-01-22 00:55:12.964;SS;AS30-AS1-20180122005447
2018-01-22 00:55:21.699;RO;AS30-AS1-20180122005506
2018-01-22 00:55:23.077;SP;AS30-AS1-20180122005506
2018-01-22 00:55:25.696;SQ;AS30-AS1-20180122005525
2018-01-22 00:55:30.394;RU;AS30-AS1-20180122005447
2018-01-22 00:55:31.363;RC;AS30-AS1-20180122005506
2018-01-22 00:55:32.190;SS;AS30-AS1-20180122005506
2018-01-22 00:55:42.121;RO;AS30-AS1-20180122005525
2018-01-22 00:55:43.501;SP;AS30-AS1-20180122005525
2018-01-22 00:55:46.048;SQ;AS30-AS1-20180122005546
2018-01-22 00:55:49.527;RU;AS30-AS1-20180122005506
2018-01-22 00:55:51.196;RC;AS30-AS1-20180122005525
2018-01-22 00:55:52.010;SS;AS30-AS1-20180122005525
2018-01-22 00:56:01.754;RO;AS30-AS1-20180122005546
2018-01-22 00:56:02.825;SP;AS30-AS1-20180122005546
2018-01-22 00:56:05.363;SQ;AS30-AS1-20180122005605
2018-01-22 00:56:11.681;RC;AS30-AS1-20180122005546
2018-01-22 00:56:12.445;SS;AS30-AS1-20180122005546
2018-01-22 00:56:13.153;RU;AS30-AS1-20180122005525
2018-01-22 00:56:20.693;RO;AS30-AS1-20180122005605
2018-01-22 00:56:22.163;SP;AS30-AS1-20180122005605
2018-01-22 00:56:24.741;SQ;AS30-AS1-20180122005624
2018-01-22 00:56:30.260;RC;AS30-AS1-20180122005605
2018-01-22 00:56:31.034;SS;AS30-AS1-20180122005605
2018-01-22 00:56:32.271;RU;AS30-AS1-20180122005546
2018-01-22 00:56:40.314;RO;AS30-AS1-20180122005624
2018-01-22 00:56:41.525;SP;AS30-AS1-20180122005624
2018-01-22 00:56:44.081;SQ;AS30-AS1-20180122005644
2018-01-22 00:56:49.237;RU;AS30-AS1-20180122005605
2018-01-22 00:56:50.055;RC;AS30-AS1-20180122005624
2018-01-22 00:56:50.845;SS;AS30-AS1-20180122005624
2018-01-22 00:56:59.927;RO;AS30-AS1-20180122005644
2018-01-22 00:57:00.864;SP;AS30-AS1-20180122005644
2018-01-22 00:57:03.431;SQ;AS30-AS1-20180122005703
2018-01-22 00:57:08.260;RC;AS30-AS1-20180122005644
2018-01-22 00:57:09.026;SS;AS30-AS1-20180122005644
2018-01-22 00:57:09.089;RU;AS30-AS1-20180122005624
2018-01-22 00:57:21.170;RO;AS30-AS1-20180122005703
2018-01-22 00:57:22.282;SP;AS30-AS1-20180122005703
2018-01-22 00:57:24.980;SQ;AS30-AS1-20180122005724
2018-01-22 00:57:30.757;RC;AS30-AS1-20180122005703
2018-01-22 00:57:31.548;SS;AS30-AS1-20180122005703
2018-01-22 00:57:35.794;RU;AS30-AS1-20180122005644
2018-01-22 00:57:40.114;RO;AS30-AS1-20180122005724
2018-01-22 00:57:41.793;SP;AS30-AS1-20180122005724
2018-01-22 00:57:44.352;SQ;AS30-AS1-20180122005744
2018-01-22 00:57:49.932;RC;AS30-AS1-20180122005724
2018-01-22 00:57:50.731;SS;AS30-AS1-20180122005724
2018-01-22 00:57:51.099;RU;AS30-AS1-20180122005703
2018-01-22 00:57:57.946;RO;AS30-AS1-20180122005744
2018-01-22 00:57:59.265;SP;AS30-AS1-20180122005744
2018-01-22 00:58:02.003;SQ;AS30-AS1-20180122005802
2018-01-22 00:58:08.120;RU;AS30-AS1-20180122005724
2018-01-22 00:58:08.153;RC;AS30-AS1-20180122005744
2018-01-22 00:58:08.977;SS;AS30-AS1-20180122005744
2018-01-22 00:58:17.461;RO;AS30-AS1-20180122005802
2018-01-22 00:58:18.785;SP;AS30-AS1-20180122005802
2018-01-22 00:58:21.532;SQ;AS30-AS1-20180122005821
2018-01-22 00:58:25.923;RU;AS30-AS1-20180122005744
2018-01-22 00:58:26.580;RC;AS30-AS1-20180122005802
2018-01-22 00:58:27.360;SS;AS30-AS1-20180122005802
2018-01-22 00:58:36.686;RO;AS30-AS1-20180122005821
2018-01-22 00:58:38.322;SP;AS30-AS1-20180122005821
2018-01-22 00:58:40.856;SQ;AS30-AS1-20180122005840
2018-01-22 00:58:48.112;RC;AS30-AS1-20180122005821
2018-01-22 00:58:48.121;RU;AS30-AS1-20180122005802
2018-01-22 00:58:48.873;SS;AS30-AS1-20180122005821
2018-01-22 00:58:57.738;RO;AS30-AS1-20180122005840
2018-01-22 00:58:58.673;SP;AS30-AS1-20180122005840
2018-01-22 00:59:01.375;SQ;AS30-AS1-20180122005901
2018-01-22 00:59:07.065;RC;AS30-AS1-20180122005840
2018-01-22 00:59:07.671;RU;AS30-AS1-20180122005821
2018-01-22 00:59:07.828;SS;AS30-AS1-20180122005840
2018-01-22 00:59:14.688;RO;AS30-AS1-20180122005901
2018-01-22 00:59:16.188;SP;AS30-AS1-20180122005901
2018-01-22 00:59:18.876;SQ;AS30-AS1-20180122005918
2018-01-22 00:59:22.672;RC;AS30-AS1-20180122005901
2018-01-22 00:59:23.443;SS;AS30-AS1-20180122005901
2018-01-22 00:59:26.769;RU;AS30-AS1-20180122005840
2018-01-22 00:59:35.268;RO;AS30-AS1-20180122005918
2018-01-22 00:59:36.835;SP;AS30-AS1-20180122005918
2018-01-22 00:59:39.548;SQ;AS30-AS1-20180122005939
2018-01-22 00:59:42.706;RC;AS30-AS1-20180122005918
2018-01-22 00:59:42.742;RU;AS30-AS1-20180122005901
2018-01-22 00:59:43.528;SS;AS30-AS1-20180122005918
2018-01-22 00:59:53.363;RO;AS30-AS1-20180122005939
2018-01-22 00:59:54.502;SP;AS30-AS1-20180122005939
2018-01-22 00:59:57.120;RU;AS30-AS1-20180122005918
2018-01-22 00:59:58.535;RC;AS30-AS1-20180122005939
2018-01-22 00:59:59.287;SS;AS30-AS1-20180122005939
2018-01-22 01:00:07.096;RU;AS30-AS1-20180122005939
