2018-01-22 00:50:26.605;SQ;AS35-AS1-20180122005026
2018-01-22 00:50:36.313;RO;AS35-AS1-20180122005026
2018-01-22 00:50:37.384;SP;AS35-AS1-20180122005026
2018-01-22 00:50:39.941;SQ;AS35-AS1-20180122005039
2018-01-22 00:50:43.638;RC;AS35-AS1-20180122005026
2018-01-22 00:50:44.427;SS;AS35-AS1-20180122005026
2018-01-22 00:50:54.688;RO;AS35-AS1-20180122005039
2018-01-22 00:50:55.705;SP;AS35-AS1-20180122005039
2018-01-22 00:50:58.401;SQ;AS35-AS1-20180122005058
2018-01-22 00:51:00.407;RU;AS35-AS1-20180122005026
2018-01-22 00:51:01.336;RC;AS35-AS1-20180122005039
2018-01-22 00:51:02.106;SS;AS35-AS1-20180122005039
2018-01-22 00:51:12.769;RO;AS35-AS1-20180122005058
2018-01-22 00:51:14.182;SP;AS35-AS1-20180122005058
2018-01-22 00:51:16.852;SQ;AS35-AS1-20180122005116
2018-01-22 00:51:21.856;RU;AS35-AS1-20180122005039
2018-01-22 00:51:22.446;RC;AS35-AS1-20180122005058
2018-01-22 00:51:23.171;SS;AS35-AS1-20180122005058
2018-01-22 00:51:31.135;RO;AS35-AS1-20180122005116
2018-01-22 00:51:32.733;SP;AS35-AS1-20180122005116
2018-01-22 00:51:35.315;SQ;AS35-AS1-20180122005135
2018-01-22 00:51:38.944;RC;AS35-AS1-20180122005116
2018-01-22 00:51:39.857;SS;AS35-AS1-20180122005116
2018-01-22 00:51:40.113;RU;AS35-AS1-20180122005058
2018-01-22 00:51:49.355;RO;AS35-AS1-20180122005135
2018-01-22 00:51:51.073;SP;AS35-AS1-20180122005135
2018-01-22 00:51:53.567;SQ;AS35-AS1-20180122005153
2018-01-22 00:51:57.163;RU;AS35-AS1-20180122005116
2018-01-22 00:51:59.889;RC;AS35-AS1-20180122005135
2018-01-22 00:52:00.666;SS;AS35-AS1-20180122005135
2018-01-22 00:52:07.322;RO;AS35-AS1-20180122005153
2018-01-22 00:52:08.371;SP;AS35-AS1-20180122005153
2018-01-22 00:52:10.874;SQ;AS35-AS1-20180122005210
2018-01-22 00:52:15.141;RC;AS35-AS1-20180122005153
2018-01-22 00:52:15.904;SS;AS35-AS1-20180122005153
2018-01-22 00:52:20.368;RU;AS35-AS1-20180122005135
2018-01-22 00:52:26.415;RO;AS35-AS1-20180122005210
2018-01-22 00:52:27.661;SP;AS35-AS1-20180122005210
2018-01-22 00:52:30.130;SQ;AS35-AS1-20180122005230
2018-01-22 00:52:34.066;RU;AS35-AS1-20180122005153
2018-01-22 00:52:36.211;RC;AS35-AS1-20180122005210
2018-01-22 00:52:36.971;SS;AS35-AS1-20180122005210
2018-01-22 00:52:45.074;RO;AS35-AS1-20180122005230
2018-01-22 00:52:45.891;SP;AS35-AS1-20180122005230
2018-01-22 00:52:48.422;SQ;AS35-AS1-20180122005248
2018-01-22 00:52:54.116;RC;AS35-AS1-20180122005230
2018-01-22 00:52:54.804;RU;AS35-AS1-20180122005210
2018-01-22 00:52:54.853;SS;AS35-AS1-20180122005230
2018-01-22 00:53:03.192;RO;AS35-AS1-20180122005248
2018-01-22 00:53:04.195;SP;AS35-AS1-20180122005248
2018-01-22 00:53:06.722;SQ;AS35-AS1-20180122005306
2018-01-22 00:53:12.378;RU;AS35-AS1-20180122005230
2018-01-22 00:53:13.197;RC;AS35-AS1-20180122005248
2018-01-22 00:53:13.960;SS;AS35-AS1-20180122005248
2018-01-22 00:53:21.942;RO;AS35-AS1-20180122005306
2018-01-22 00:53:23.592;SP;AS35-AS1-20180122005306
2018-01-22 00:53:26.291;SQ;AS35-AS1-20180122005326
2018-01-22 00:53:31.349;RC;AS35-AS1-20180122005306
2018-01-22 00:53:32.141;SS;AS35-AS1-20180122005306
2018-01-22 00:53:33.516;RU;AS35-AS1-20180122005248
2018-01-22 00:53:42.383;RO;AS35-AS1-20180122005326
2018-01-22 00:53:44.079;SP;AS35-AS1-20180122005326
2018-01-22 00:53:46.638;SQ;AS35-AS1-20180122005346
2018-01-22 00:53:46.884;RU;AS35-AS1-20180122005306
2018-01-22 00:53:50.872;RC;AS35-AS1-20180122005326
2018-01-22 00:53:51.647;SS;AS35-AS1-20180122005326
2018-01-22 00:54:03.432;RO;AS35-AS1-20180122005346
2018-01-22 00:54:04.513;SP;AS35-AS1-20180122005346
2018-01-22 00:54:07.073;SQ;AS35-AS1-20180122005407
2018-01-22 00:54:08.482;RU;AS35-AS1-20180122005326
2018-01-22 00:54:13.295;RC;AS35-AS1-20180122005346
2018-01-22 00:54:14.100;SS;AS35-AS1-20180122005346
2018-01-22 00:54:22.572;RO;AS35-AS1-20180122005407
2018-01-22 00:54:23.811;SP;AS35-AS1-20180122005407
2018-01-22 00:54:26.345;SQ;AS35-AS1-20180122005426
2018-01-22 00:54:30.608;RC;AS35-AS1-20180122005407
2018-01-22 00:54:31.335;SS;AS35-AS1-20180122005407
2018-01-22 00:54:32.548;RU;AS35-AS1-20180122005346
2018-01-22 00:54:41.401;RO;AS35-AS1-20180122005426
2018-01-22 00:54:43.105;SP;AS35-AS1-20180122005426
2018-01-22 00:54:45.604;SQ;AS35-AS1-20180122005445
2018-01-22 00:54:50.132;RU;AS35-AS1-20180122005407
2018-01-22 00:54:51.653;RC;AS35-AS1-20180122005426
2018-01-22 00:54:52.545;SS;AS35-AS1-20180122005426
2018-01-22 00:55:01.656;RO;AS35-AS1-20180122005445
2018-01-22 00:55:03.396;SP;AS35-AS1-20180122005445
2018-01-22 00:55:05.978;SQ;AS35-AS1-20180122005505
2018-01-22 00:55:11.870;RC;AS35-AS1-20180122005445
2018-01-22 00:55:12.611;SS;AS35-AS1-20180122005445
2018-01-22 00:55:12.670;RU;AS35-AS1-20180122005426
2018-01-22 00:55:21.414;RO;AS35-AS1-20180122005505
2018-01-22 00:55:22.924;SP;AS35-AS1-20180122005505
2018-01-22 00:55:25.485;SQ;AS35-AS1-20180122005525
2018-01-22 00:55:29.646;RU;AS35-AS1-20180122005445
2018-01-22 00:55:31.572;RC;AS35-AS1-20180122005505
2018-01-22 00:55:32.379;SS;AS35-AS1-20180122005505
2018-01-22 00:55:42.267;RO;AS35-AS1-20180122005525
2018-01-22 00:55:43.307;SP;AS35-AS1-20180122005525
2018-01-22 00:55:45.785;SQ;AS35-AS1-20180122005545
2018-01-22 00:55:50.227;RU;AS35-AS1-20180122005505
2018-01-22 00:55:51.591;RC;AS35-AS1-20180122005525
2018-01-22 00:55:52.344;SS;AS35-AS1-20180122005525
2018-01-22 00:56:00.314;RO;AS35-AS1-20180122005545
2018-01-22 00:56:01.635;SP;AS35-AS1-20180122005545
2018-01-22 00:56:04.262;SQ;AS35-AS1-20180122005604
2018-01-22 00:56:11.648;RC;AS35-AS1-20180122005545
2018-01-22 00:56:12.439;SS;AS35-AS1-20180122005545
2018-01-22 00:56:13.351;RU;AS35-AS1-20180122005525
2018-01-22 00:56:21.453;RO;AS35-AS1-20180122005604
2018-01-22 00:56:23.236;SP;AS35-AS1-20180122005604
2018-01-22 00:56:25.808;SQ;AS35-AS1-20180122005625
2018-01-22 00:56:30.531;RC;AS35-AS1-20180122005604
2018-01-22 00:56:31.411;SS;AS35-AS1-20180122005604
2018-01-22 00:56:31.971;RU;AS35-AS1-20180122005545
2018-01-22 00:56:42.493;RO;AS35-AS1-20180122005625
2018-01-22 00:56:43.570;SP;AS35-AS1-20180122005625
2018-01-22 00:56:46.158;SQ;AS35-AS1-20180122005646
2018-01-22 00:56:48.801;RU;AS35-AS1-20180122005604
2018-01-22 00:56:52.485;RC;AS35-AS1-20180122005625
2018-01-22 00:56:53.273;SS;AS35-AS1-20180122005625
2018-01-22 00:57:04.453;RO;AS35-AS1-20180122005646
2018-01-22 00:57:05.948;SP;AS35-AS1-20180122005646
2018-01-22 00:57:08.510;SQ;AS35-AS1-20180122005708
2018-01-22 00:57:11.408;RU;AS35-AS1-20180122005625
2018-01-22 00:57:14.292;RC;AS35-AS1-20180122005646
2018-01-22 00:57:15.018;SS;AS35-AS1-20180122005646
2018-01-22 00:57:21.326;RO;AS35-AS1-20180122005708
2018-01-22 00:57:22.340;SP;AS35-AS1-20180122005708
2018-01-22 00:57:24.949;SQ;AS35-AS1-20180122005724
2018-01-22 00:57:31.337;RC;AS35-AS1-20180122005708
2018-01-22 00:57:32.226;SS;AS35-AS1-20180122005708
2018-01-22 00:57:34.268;RU;AS35-AS1-20180122005646
2018-01-22 00:57:41.431;RO;AS35-AS1-20180122005724
2018-01-22 00:57:42.900;SP;AS35-AS1-20180122005724
2018-01-22 00:57:45.570;SQ;AS35-AS1-20180122005745
2018-01-22 00:57:49.057;RC;AS35-AS1-20180122005724
2018-01-22 00:57:49.848;SS;AS35-AS1-20180122005724
2018-01-22 00:57:50.496;RU;AS35-AS1-20180122005708
2018-01-22 00:57:58.890;RO;AS35-AS1-20180122005745
2018-01-22 00:58:00.353;SP;AS35-AS1-20180122005745
2018-01-22 00:58:02.877;SQ;AS35-AS1-20180122005802
2018-01-22 00:58:08.251;RC;AS35-AS1-20180122005745
2018-01-22 00:58:09.026;SS;AS35-AS1-20180122005745
2018-01-22 00:58:09.628;RU;AS35-AS1-20180122005724
2018-01-22 00:58:22.845;RO;AS35-AS1-20180122005802
2018-01-22 00:58:23.734;SP;AS35-AS1-20180122005802
2018-01-22 00:58:26.399;SQ;AS35-AS1-20180122005826
2018-01-22 00:58:28.164;RU;AS35-AS1-20180122005745
2018-01-22 00:58:29.358;RC;AS35-AS1-20180122005802
2018-01-22 00:58:30.169;SS;AS35-AS1-20180122005802
2018-01-22 00:58:41.179;RO;AS35-AS1-20180122005826
2018-01-22 00:58:42.209;SP;AS35-AS1-20180122005826
2018-01-22 00:58:44.685;SQ;AS35-AS1-20180122005844
2018-01-22 00:58:48.088;RU;AS35-AS1-20180122005802
2018-01-22 00:58:50.463;RC;AS35-AS1-20180122005826
2018-01-22 00:58:51.247;SS;AS35-AS1-20180122005826
2018-01-22 00:59:00.887;RO;AS35-AS1-20180122005844
2018-01-22 00:59:02.444;SP;AS35-AS1-20180122005844
2018-01-22 00:59:05.000;SQ;AS35-AS1-20180122005905
2018-01-22 00:59:10.253;RU;AS35-AS1-20180122005826
2018-01-22 00:59:10.938;RC;AS35-AS1-20180122005844
2018-01-22 00:59:11.707;SS;AS35-AS1-20180122005844
2018-01-22 00:59:20.025;RO;AS35-AS1-20180122005905
2018-01-22 00:59:21.768;SP;AS35-AS1-20180122005905
2018-01-22 00:59:24.296;SQ;AS35-AS1-20180122005924
2018-01-22 00:59:28.549;RU;AS35-AS1-20180122005844
2018-01-22 00:59:30.127;RC;AS35-AS1-20180122005905
2018-01-22 00:59:30.937;SS;AS35-AS1-20180122005905
2018-01-22 00:59:39.197;RO;AS35-AS1-20180122005924
2018-01-22 00:59:40.285;SP;AS35-AS1-20180122005924
2018-01-22 00:59:42.905;SQ;AS35-AS1-20180122005942
2018-01-22 00:59:48.106;RC;AS35-AS1-20180122005924
2018-01-22 00:59:48.807;RU;AS35-AS1-20180122005905
2018-01-22 00:59:48.925;SS;AS35-AS1-20180122005924
2018-01-22 00:59:57.144;RO;AS35-AS1-20180122005942
2018-01-22 00:59:58.667;SP;AS35-AS1-20180122005942
2018-01-22 01:00:01.423;RC;AS35-AS1-20180122005942
2018-01-22 01:00:01.488;RU;AS35-AS1-20180122005924
2018-01-22 01:00:02.276;SS;AS35-AS1-20180122005942
2018-01-22 01:00:07.398;RU;AS35-AS1-20180122005942
