2018-01-22 00:50:26.554;SQ;AS37-AS1-20180122005026
2018-01-22 00:50:41.129;RO;AS37-AS1-20180122005026
2018-01-22 00:50:42.423;SP;AS37-AS1-20180122005026
2018-01-22 00:50:44.914;SQ;AS37-AS1-20180122005044
2018-01-22 00:50:48.833;RC;AS37-AS1-20180122005026
2018-01-22 00:50:49.578;SS;AS37-AS1-20180122005026
2018-01-22 00:50:58.330;RO;AS37-AS1-20180122005044
2018-01-22 00:50:59.681;SP;AS37-AS1-20180122005044
2018-01-22 00:51:02.239;SQ;AS37-AS1-20180122005102
2018-01-22 00:51:06.196;RC;AS37-AS1-20180122005044
2018-01-22 00:51:06.933;SS;AS37-AS1-20180122005044
2018-01-22 00:51:07.418;RU;AS37-AS1-20180122005026
2018-01-22 00:51:17.395;RO;AS37-AS1-20180122005102
2018-01-22 00:51:19.020;SP;AS37-AS1-20180122005102
2018-01-22 00:51:21.737;SQ;AS37-AS1-20180122005121
2018-01-22 00:51:25.812;RU;AS37-AS1-20180122005044
2018-01-22 00:51:27.502;RC;AS37-AS1-20180122005102
2018-01-22 00:51:28.250;SS;AS37-AS1-20180122005102
2018-01-22 00:51:38.854;RO;AS37-AS1-20180122005121
2018-01-22 00:51:40.529;SP;AS37-AS1-20180122005121
2018-01-22 00:51:43.041;SQ;AS37-AS1-20180122005143
2018-01-22 00:51:44.009;RU;AS37-AS1-20180122005102
2018-01-22 00:51:48.108;RC;AS37-AS1-20180122005121
2018-01-22 00:51:48.850;SS;AS37-AS1-20180122005121
2018-01-22 00:51:57.214;RO;AS37-AS1-20180122005143
2018-01-22 00:51:58.801;SP;AS37-AS1-20180122005143
2018-01-22 00:52:01.325;SQ;AS37-AS1-20180122005201
2018-01-22 00:52:05.209;RU;AS37-AS1-20180122005121
2018-01-22 00:52:07.148;RC;AS37-AS1-20180122005143
2018-01-22 00:52:07.920;SS;AS37-AS1-20180122005143
2018-01-22 00:52:23.561;RO;AS37-AS1-20180122005201
2018-01-22 00:52:25.292;SP;AS37-AS1-20180122005201
2018-01-22 00:52:26.082;RU;AS37-AS1-20180122005143
2018-01-22 00:52:27.960;SQ;AS37-AS1-20180122005227
2018-01-22 00:52:33.351;RC;AS37-AS1-20180122005201
2018-01-22 00:52:34.126;SS;AS37-AS1-20180122005201
2018-01-22 00:52:44.210;RO;AS37-AS1-20180122005227
2018-01-22 00:52:45.717;SP;AS37-AS1-20180122005227
2018-01-22 00:52:48.217;SQ;AS37-AS1-20180122005248
2018-01-22 00:52:53.127;RU;AS37-AS1-20180122005201
2018-01-22 00:52:53.403;RC;AS37-AS1-20180122005227
2018-01-22 00:52:54.139;SS;AS37-AS1-20180122005227
2018-01-22 00:53:03.840;RO;AS37-AS1-20180122005248
2018-01-22 00:53:05.047;SP;AS37-AS1-20180122005248
2018-01-22 00:53:07.657;SQ;AS37-AS1-20180122005307
2018-01-22 00:53:12.405;RC;AS37-AS1-20180122005248
2018-01-22 00:53:12.619;RU;AS37-AS1-20180122005227
2018-01-22 00:53:13.189;SS;AS37-AS1-20180122005248
2018-01-22 00:53:22.675;RO;AS37-AS1-20180122005307
2018-01-22 00:53:24.427;SP;AS37-AS1-20180122005307
2018-01-22 00:53:27.100;SQ;AS37-AS1-20180122005327
2018-01-22 00:53:29.810;RU;AS37-AS1-20180122005248
2018-01-22 00:53:31.938;RC;AS37-AS1-20180122005307
2018-01-22 00:53:32.747;SS;AS37-AS1-20180122005307
2018-01-22 00:53:41.233;RO;AS37-AS1-20180122005327
2018-01-22 00:53:43.042;SP;AS37-AS1-20180122005327
2018-01-22 00:53:45.615;SQ;AS37-AS1-20180122005345
2018-01-22 00:53:52.003;RC;AS37-AS1-20180122005327
2018-01-22 00:53:52.249;RU;AS37-AS1-20180122005307
2018-01-22 00:53:52.763;SS;AS37-AS1-20180122005327
2018-01-22 00:54:00.788;RO;AS37-AS1-20180122005345
2018-01-22 00:54:02.598;SP;AS37-AS1-20180122005345
2018-01-22 00:54:05.263;SQ;AS37-AS1-20180122005405
2018-01-22 00:54:09.908;RC;AS37-AS1-20180122005345
2018-01-22 00:54:10.662;SS;AS37-AS1-20180122005345
2018-01-22 00:54:19.213;RU;AS37-AS1-20180122005327
2018-01-22 00:54:21.355;RO;AS37-AS1-20180122005405
2018-01-22 00:54:23.228;SP;AS37-AS1-20180122005405
2018-01-22 00:54:25.800;SQ;AS37-AS1-20180122005425
2018-01-22 00:54:27.449;RU;AS37-AS1-20180122005345
2018-01-22 00:54:29.815;RC;AS37-AS1-20180122005405
2018-01-22 00:54:30.584;SS;AS37-AS1-20180122005405
2018-01-22 00:54:39.482;RO;AS37-AS1-20180122005425
2018-01-22 00:54:40.602;SP;AS37-AS1-20180122005425
2018-01-22 00:54:43.340;SQ;AS37-AS1-20180122005443
2018-01-22 00:54:47.321;RC;AS37-AS1-20180122005425
2018-01-22 00:54:48.090;SS;AS37-AS1-20180122005425
2018-01-22 00:54:49.135;RU;AS37-AS1-20180122005405
2018-01-22 00:54:59.795;RO;AS37-AS1-20180122005443
2018-01-22 00:55:01.108;SP;AS37-AS1-20180122005443
2018-01-22 00:55:03.786;SQ;AS37-AS1-20180122005503
2018-01-22 00:55:06.638;RU;AS37-AS1-20180122005425
2018-01-22 00:55:08.052;RC;AS37-AS1-20180122005443
2018-01-22 00:55:08.832;SS;AS37-AS1-20180122005443
2018-01-22 00:55:21.092;RO;AS37-AS1-20180122005503
2018-01-22 00:55:22.546;SP;AS37-AS1-20180122005503
2018-01-22 00:55:25.093;SQ;AS37-AS1-20180122005525
2018-01-22 00:55:25.902;RU;AS37-AS1-20180122005443
2018-01-22 00:55:37.968;RC;AS37-AS1-20180122005503
2018-01-22 00:55:38.746;SS;AS37-AS1-20180122005503
2018-01-22 00:55:42.277;RO;AS37-AS1-20180122005525
2018-01-22 00:55:43.895;SP;AS37-AS1-20180122005525
2018-01-22 00:55:46.439;SQ;AS37-AS1-20180122005546
2018-01-22 00:55:51.146;RC;AS37-AS1-20180122005525
2018-01-22 00:55:51.973;SS;AS37-AS1-20180122005525
2018-01-22 00:55:54.479;RU;AS37-AS1-20180122005503
2018-01-22 00:56:01.196;RO;AS37-AS1-20180122005546
2018-01-22 00:56:02.244;SP;AS37-AS1-20180122005546
2018-01-22 00:56:04.765;SQ;AS37-AS1-20180122005604
2018-01-22 00:56:07.917;RU;AS37-AS1-20180122005525
2018-01-22 00:56:08.768;RC;AS37-AS1-20180122005546
2018-01-22 00:56:09.536;SS;AS37-AS1-20180122005546
2018-01-22 00:56:20.838;RO;AS37-AS1-20180122005604
2018-01-22 00:56:22.569;SP;AS37-AS1-20180122005604
2018-01-22 00:56:25.113;SQ;AS37-AS1-20180122005625
2018-01-22 00:56:28.471;RU;AS37-AS1-20180122005546
2018-01-22 00:56:30.767;RC;AS37-AS1-20180122005604
2018-01-22 00:56:31.620;SS;AS37-AS1-20180122005604
2018-01-22 00:56:41.214;RO;AS37-AS1-20180122005625
2018-01-22 00:56:42.975;SP;AS37-AS1-20180122005625
2018-01-22 00:56:45.605;SQ;AS37-AS1-20180122005645
2018-01-22 00:56:49.005;RU;AS37-AS1-20180122005604
2018-01-22 00:56:51.117;RC;AS37-AS1-20180122005625
2018-01-22 00:56:51.898;SS;AS37-AS1-20180122005625
2018-01-22 00:57:00.968;RO;AS37-AS1-20180122005645
2018-01-22 00:57:02.623;SP;AS37-AS1-20180122005645
2018-01-22 00:57:05.289;SQ;AS37-AS1-20180122005705
2018-01-22 00:57:11.550;RC;AS37-AS1-20180122005645
2018-01-22 00:57:11.952;RU;AS37-AS1-20180122005625
2018-01-22 00:57:12.340;SS;AS37-AS1-20180122005645
2018-01-22 00:57:20.184;RO;AS37-AS1-20180122005705
2018-01-22 00:57:21.050;SP;AS37-AS1-20180122005705
2018-01-22 00:57:23.588;SQ;AS37-AS1-20180122005723
2018-01-22 00:57:27.984;RC;AS37-AS1-20180122005705
2018-01-22 00:57:28.863;SS;AS37-AS1-20180122005705
2018-01-22 00:57:29.812;RU;AS37-AS1-20180122005645
2018-01-22 00:57:40.110;RO;AS37-AS1-20180122005723
2018-01-22 00:57:41.416;SP;AS37-AS1-20180122005723
2018-01-22 00:57:44.097;SQ;AS37-AS1-20180122005744
2018-01-22 00:57:45.395;RU;AS37-AS1-20180122005705
2018-01-22 00:57:48.922;RC;AS37-AS1-20180122005723
2018-01-22 00:57:49.658;SS;AS37-AS1-20180122005723
2018-01-22 00:58:02.235;RO;AS37-AS1-20180122005744
2018-01-22 00:58:03.916;SP;AS37-AS1-20180122005744
2018-01-22 00:58:05.607;RU;AS37-AS1-20180122005723
2018-01-22 00:58:06.444;SQ;AS37-AS1-20180122005806
2018-01-22 00:58:11.764;RC;AS37-AS1-20180122005744
2018-01-22 00:58:12.644;SS;AS37-AS1-20180122005744
2018-01-22 00:58:20.672;RO;AS37-AS1-20180122005806
2018-01-22 00:58:22.232;SP;AS37-AS1-20180122005806
2018-01-22 00:58:24.817;SQ;AS37-AS1-20180122005824
2018-01-22 00:58:30.472;RC;AS37-AS1-20180122005806
2018-01-22 00:58:31.222;SS;AS37-AS1-20180122005806
2018-01-22 00:58:31.751;RU;AS37-AS1-20180122005744
2018-01-22 00:58:40.003;RO;AS37-AS1-20180122005824
2018-01-22 00:58:41.794;SP;AS37-AS1-20180122005824
2018-01-22 00:58:44.309;SQ;AS37-AS1-20180122005844
2018-01-22 00:58:50.032;RU;AS37-AS1-20180122005806
2018-01-22 00:58:50.075;RC;AS37-AS1-20180122005824
2018-01-22 00:58:50.910;SS;AS37-AS1-20180122005824
2018-01-22 00:58:58.236;RO;AS37-AS1-20180122005844
2018-01-22 00:58:59.261;SP;AS37-AS1-20180122005844
2018-01-22 00:59:01.960;SQ;AS37-AS1-20180122005901
2018-01-22 00:59:05.865;RC;AS37-AS1-20180122005844
2018-01-22 00:59:06.646;SS;AS37-AS1-20180122005844
2018-01-22 00:59:07.319;RU;AS37-AS1-20180122005824
2018-01-22 00:59:18.483;RO;AS37-AS1-20180122005901
2018-01-22 00:59:19.744;SP;AS37-AS1-20180122005901
2018-01-22 00:59:22.288;SQ;AS37-AS1-20180122005922
2018-01-22 00:59:22.983;RU;AS37-AS1-20180122005844
2018-01-22 00:59:27.199;RC;AS37-AS1-20180122005901
2018-01-22 00:59:27.955;SS;AS37-AS1-20180122005901
2018-01-22 00:59:35.869;RO;AS37-AS1-20180122005922
2018-01-22 00:59:37.239;SP;AS37-AS1-20180122005922
2018-01-22 00:59:40.138;SQ;AS37-AS1-20180122005940
2018-01-22 00:59:42.715;RC;AS37-AS1-20180122005922
2018-01-22 00:59:43.516;SS;AS37-AS1-20180122005922
2018-01-22 00:59:43.615;RU;AS37-AS1-20180122005901
2018-01-22 00:59:53.322;RO;AS37-AS1-20180122005940
2018-01-22 00:59:54.916;SP;AS37-AS1-20180122005940
2018-01-22 00:59:57.462;RU;AS37-AS1-20180122005922
2018-01-22 00:59:57.560;SQ;AS37-AS1-20180122005957
2018-01-22 00:59:57.932;RC;AS37-AS1-20180122005940
2018-01-22 00:59:58.702;SS;AS37-AS1-20180122005940
2018-01-22 01:00:03.956;RO;AS37-AS1-20180122005957
2018-01-22 01:00:05.515;SP;AS37-AS1-20180122005957
2018-01-22 01:00:06.628;RU;AS37-AS1-20180122005940
2018-01-22 01:00:07.106;RC;AS37-AS1-20180122005957
2018-01-22 01:00:07.883;SS;AS37-AS1-20180122005957
2018-01-22 01:00:11.332;RU;AS37-AS1-20180122005957
