2018-01-22 00:50:26.560;SQ;AS42-AS1-20180122005026
2018-01-22 00:50:34.308;RO;AS42-AS1-20180122005026
2018-01-22 00:50:35.339;SP;AS42-AS1-20180122005026
2018-01-22 00:50:37.850;SQ;AS42-AS1-20180122005037
2018-01-22 00:50:42.938;RC;AS42-AS1-20180122005026
2018-01-22 00:50:43.705;SS;AS42-AS1-20180122005026
2018-01-22 00:51:00.498;RO;AS42-AS1-20180122005037
2018-01-22 00:51:00.514;RU;AS42-AS1-20180122005026
2018-01-22 00:51:01.667;SP;AS42-AS1-20180122005037
2018-01-22 00:51:04.188;SQ;AS42-AS1-20180122005104
2018-01-22 00:51:09.125;RC;AS42-AS1-20180122005037
2018-01-22 00:51:09.895;SS;AS42-AS1-20180122005037
2018-01-22 00:51:19.442;RO;AS42-AS1-20180122005104
2018-01-22 00:51:21.040;SP;AS42-AS1-20180122005104
2018-01-22 00:51:23.770;SQ;AS42-AS1-20180122005123
2018-01-22 00:51:25.785;RU;AS42-AS1-20180122005037
2018-01-22 00:51:27.401;RC;AS42-AS1-20180122005104
2018-01-22 00:51:28.175;SS;AS42-AS1-20180122005104
2018-01-22 00:51:39.061;RO;AS42-AS1-20180122005123
2018-01-22 00:51:40.591;SP;AS42-AS1-20180122005123
2018-01-22 00:51:43.138;SQ;AS42-AS1-20180122005143
2018-01-22 00:51:43.263;RC;AS42-AS1-20180122005123
2018-01-22 00:51:44.232;SS;AS42-AS1-20180122005123
2018-01-22 00:51:47.228;RU;AS42-AS1-20180122005104
2018-01-22 00:51:58.425;RO;AS42-AS1-20180122005143
2018-01-22 00:51:59.938;SP;AS42-AS1-20180122005143
2018-01-22 00:52:02.696;SQ;AS42-AS1-20180122005202
2018-01-22 00:52:08.003;RC;AS42-AS1-20180122005143
2018-01-22 00:52:08.865;SS;AS42-AS1-20180122005143
2018-01-22 00:52:09.667;RU;AS42-AS1-20180122005123
2018-01-22 00:52:19.001;RO;AS42-AS1-20180122005202
2018-01-22 00:52:20.506;SP;AS42-AS1-20180122005202
2018-01-22 00:52:23.212;SQ;AS42-AS1-20180122005223
2018-01-22 00:52:26.694;RC;AS42-AS1-20180122005202
2018-01-22 00:52:27.477;SS;AS42-AS1-20180122005202
2018-01-22 00:52:28.107;RU;AS42-AS1-20180122005143
2018-01-22 00:52:38.490;RO;AS42-AS1-20180122005223
2018-01-22 00:52:40.179;SP;AS42-AS1-20180122005223
2018-01-22 00:52:42.161;RU;AS42-AS1-20180122005202
2018-01-22 00:52:42.889;SQ;AS42-AS1-20180122005242
2018-01-22 00:52:46.131;RC;AS42-AS1-20180122005223
2018-01-22 00:52:46.959;SS;AS42-AS1-20180122005223
2018-01-22 00:52:58.181;RO;AS42-AS1-20180122005242
2018-01-22 00:52:59.813;SP;AS42-AS1-20180122005242
2018-01-22 00:53:01.289;RU;AS42-AS1-20180122005223
2018-01-22 00:53:02.632;SQ;AS42-AS1-20180122005302
2018-01-22 00:53:05.560;RC;AS42-AS1-20180122005242
2018-01-22 00:53:06.325;SS;AS42-AS1-20180122005242
2018-01-22 00:53:17.646;RO;AS42-AS1-20180122005302
2018-01-22 00:53:18.401;SP;AS42-AS1-20180122005302
2018-01-22 00:53:21.104;SQ;AS42-AS1-20180122005321
2018-01-22 00:53:23.478;RU;AS42-AS1-20180122005242
2018-01-22 00:53:25.379;RC;AS42-AS1-20180122005302
2018-01-22 00:53:26.285;SS;AS42-AS1-20180122005302
2018-01-22 00:53:37.512;RO;AS42-AS1-20180122005321
2018-01-22 00:53:38.886;SP;AS42-AS1-20180122005321
2018-01-22 00:53:41.588;SQ;AS42-AS1-20180122005341
2018-01-22 00:53:43.322;RU;AS42-AS1-20180122005302
2018-01-22 00:53:45.500;RC;AS42-AS1-20180122005321
2018-01-22 00:53:46.261;SS;AS42-AS1-20180122005321
2018-01-22 00:53:57.326;RO;AS42-AS1-20180122005341
2018-01-22 00:53:58.388;SP;AS42-AS1-20180122005341
2018-01-22 00:54:01.174;SQ;AS42-AS1-20180122005401
2018-01-22 00:54:03.779;RU;AS42-AS1-20180122005321
2018-01-22 00:54:04.105;RC;AS42-AS1-20180122005341
2018-01-22 00:54:04.909;SS;AS42-AS1-20180122005341
2018-01-22 00:54:17.544;RO;AS42-AS1-20180122005401
2018-01-22 00:54:18.950;SP;AS42-AS1-20180122005401
2018-01-22 00:54:21.427;RU;AS42-AS1-20180122005341
2018-01-22 00:54:21.567;SQ;AS42-AS1-20180122005421
2018-01-22 00:54:26.223;RC;AS42-AS1-20180122005401
2018-01-22 00:54:26.997;SS;AS42-AS1-20180122005401
2018-01-22 00:54:36.478;RO;AS42-AS1-20180122005421
2018-01-22 00:54:37.324;SP;AS42-AS1-20180122005421
2018-01-22 00:54:40.030;SQ;AS42-AS1-20180122005440
2018-01-22 00:54:45.737;RC;AS42-AS1-20180122005421
2018-01-22 00:54:45.847;RU;AS42-AS1-20180122005401
2018-01-22 00:54:46.554;SS;AS42-AS1-20180122005421
2018-01-22 00:54:52.810;RO;AS42-AS1-20180122005440
2018-01-22 00:54:53.794;SP;AS42-AS1-20180122005440
2018-01-22 00:54:56.290;SQ;AS42-AS1-20180122005456
2018-01-22 00:55:00.150;RC;AS42-AS1-20180122005440
2018-01-22 00:55:00.921;SS;AS42-AS1-20180122005440
2018-01-22 00:55:04.094;RU;AS42-AS1-20180122005421
2018-01-22 00:55:12.551;RO;AS42-AS1-20180122005456
2018-01-22 00:55:14.094;SP;AS42-AS1-20180122005456
2018-01-22 00:55:16.641;SQ;AS42-AS1-20180122005516
2018-01-22 00:55:16.930;RU;AS42-AS1-20180122005440
2018-01-22 00:55:21.594;RC;AS42-AS1-20180122005456
2018-01-22 00:55:22.371;SS;AS42-AS1-20180122005456
2018-01-22 00:55:30.485;RO;AS42-AS1-20180122005516
2018-01-22 00:55:31.418;SP;AS42-AS1-20180122005516
2018-01-22 00:55:33.965;SQ;AS42-AS1-20180122005533
2018-01-22 00:55:38.247;RU;AS42-AS1-20180122005456
2018-01-22 00:55:38.642;RC;AS42-AS1-20180122005516
2018-01-22 00:55:39.587;SS;AS42-AS1-20180122005516
2018-01-22 00:55:50.214;RO;AS42-AS1-20180122005533
2018-01-22 00:55:51.769;SP;AS42-AS1-20180122005533
2018-01-22 00:55:54.382;SQ;AS42-AS1-20180122005554
2018-01-22 00:55:57.201;RU;AS42-AS1-20180122005516
2018-01-22 00:56:00.418;RC;AS42-AS1-20180122005533
2018-01-22 00:56:01.402;SS;AS42-AS1-20180122005533
2018-01-22 00:56:08.064;RO;AS42-AS1-20180122005554
2018-01-22 00:56:09.172;SP;AS42-AS1-20180122005554
2018-01-22 00:56:11.780;SQ;AS42-AS1-20180122005611
2018-01-22 00:56:17.417;RC;AS42-AS1-20180122005554
2018-01-22 00:56:18.176;SS;AS42-AS1-20180122005554
2018-01-22 00:56:20.466;RU;AS42-AS1-20180122005533
2018-01-22 00:56:27.707;RO;AS42-AS1-20180122005611
2018-01-22 00:56:28.635;SP;AS42-AS1-20180122005611
2018-01-22 00:56:31.166;SQ;AS42-AS1-20180122005631
2018-01-22 00:56:35.831;RC;AS42-AS1-20180122005611
2018-01-22 00:56:36.154;RU;AS42-AS1-20180122005554
2018-01-22 00:56:36.677;SS;AS42-AS1-20180122005611
2018-01-22 00:56:46.454;RO;AS42-AS1-20180122005631
2018-01-22 00:56:47.959;SP;AS42-AS1-20180122005631
2018-01-22 00:56:50.565;SQ;AS42-AS1-20180122005650
2018-01-22 00:56:51.143;RU;AS42-AS1-20180122005611
2018-01-22 00:56:55.865;RC;AS42-AS1-20180122005631
2018-01-22 00:56:56.634;SS;AS42-AS1-20180122005631
2018-01-22 00:57:04.481;RO;AS42-AS1-20180122005650
2018-01-22 00:57:05.489;SP;AS42-AS1-20180122005650
2018-01-22 00:57:08.102;SQ;AS42-AS1-20180122005708
2018-01-22 00:57:14.158;RU;AS42-AS1-20180122005631
2018-01-22 00:57:14.307;RC;AS42-AS1-20180122005650
2018-01-22 00:57:15.056;SS;AS42-AS1-20180122005650
2018-01-22 00:57:22.272;RO;AS42-AS1-20180122005708
2018-01-22 00:57:23.916;SP;AS42-AS1-20180122005708
2018-01-22 00:57:26.475;SQ;AS42-AS1-20180122005726
2018-01-22 00:57:32.495;RC;AS42-AS1-20180122005708
2018-01-22 00:57:33.255;RU;AS42-AS1-20180122005650
2018-01-22 00:57:33.282;SS;AS42-AS1-20180122005708
2018-01-22 00:57:41.752;RO;AS42-AS1-20180122005726
2018-01-22 00:57:43.393;SP;AS42-AS1-20180122005726
2018-01-22 00:57:46.022;SQ;AS42-AS1-20180122005746
2018-01-22 00:57:48.952;RC;AS42-AS1-20180122005726
2018-01-22 00:57:49.699;SS;AS42-AS1-20180122005726
2018-01-22 00:57:53.539;RU;AS42-AS1-20180122005708
2018-01-22 00:58:02.204;RO;AS42-AS1-20180122005746
2018-01-22 00:58:03.813;SP;AS42-AS1-20180122005746
2018-01-22 00:58:06.345;SQ;AS42-AS1-20180122005806
2018-01-22 00:58:08.243;RU;AS42-AS1-20180122005726
2018-01-22 00:58:10.896;RC;AS42-AS1-20180122005746
2018-01-22 00:58:11.663;SS;AS42-AS1-20180122005746
2018-01-22 00:58:26.554;RO;AS42-AS1-20180122005806
2018-01-22 00:58:28.150;SP;AS42-AS1-20180122005806
2018-01-22 00:58:30.480;RU;AS42-AS1-20180122005746
2018-01-22 00:58:30.664;SQ;AS42-AS1-20180122005830
2018-01-22 00:58:36.411;RC;AS42-AS1-20180122005806
2018-01-22 00:58:37.342;SS;AS42-AS1-20180122005806
2018-01-22 00:58:44.325;RO;AS42-AS1-20180122005830
2018-01-22 00:58:45.605;SP;AS42-AS1-20180122005830
2018-01-22 00:58:48.177;SQ;AS42-AS1-20180122005848
2018-01-22 00:58:54.127;RC;AS42-AS1-20180122005830
2018-01-22 00:58:54.816;RU;AS42-AS1-20180122005806
2018-01-22 00:58:54.908;SS;AS42-AS1-20180122005830
2018-01-22 00:59:02.235;RO;AS42-AS1-20180122005848
2018-01-22 00:59:03.974;SP;AS42-AS1-20180122005848
2018-01-22 00:59:06.513;SQ;AS42-AS1-20180122005906
2018-01-22 00:59:11.892;RU;AS42-AS1-20180122005830
2018-01-22 00:59:12.631;RC;AS42-AS1-20180122005848
2018-01-22 00:59:13.476;SS;AS42-AS1-20180122005848
2018-01-22 00:59:22.651;RO;AS42-AS1-20180122005906
2018-01-22 00:59:24.302;SP;AS42-AS1-20180122005906
2018-01-22 00:59:26.849;SQ;AS42-AS1-20180122005926
2018-01-22 00:59:27.821;RU;AS42-AS1-20180122005848
2018-01-22 00:59:32.452;RC;AS42-AS1-20180122005906
2018-01-22 00:59:33.401;SS;AS42-AS1-20180122005906
2018-01-22 00:59:42.699;RO;AS42-AS1-20180122005926
2018-01-22 00:59:43.632;SP;AS42-AS1-20180122005926
2018-01-22 00:59:46.251;SQ;AS42-AS1-20180122005946
2018-01-22 00:59:48.231;RU;AS42-AS1-20180122005906
2018-01-22 00:59:50.777;RC;AS42-AS1-20180122005926
2018-01-22 00:59:51.539;SS;AS42-AS1-20180122005926
2018-01-22 00:59:57.130;RO;AS42-AS1-20180122005946
2018-01-22 00:59:58.047;SP;AS42-AS1-20180122005946
2018-01-22 01:00:02.993;RC;AS42-AS1-20180122005946
2018-01-22 01:00:03.761;SS;AS42-AS1-20180122005946
2018-01-22 01:00:03.899;RU;AS42-AS1-20180122005926
2018-01-22 01:00:08.704;RU;AS42-AS1-20180122005946
