2018-01-22 00:50:21.925;SQ;AS50-AS1-20180122005021
2018-01-22 00:50:25.881;RO;AS50-AS1-20180122005021
2018-01-22 00:50:26.709;SP;AS50-AS1-20180122005021
2018-01-22 00:50:29.245;SQ;AS50-AS1-20180122005029
2018-01-22 00:50:30.211;RC;AS50-AS1-20180122005021
2018-01-22 00:50:31.008;SS;AS50-AS1-20180122005021
2018-01-22 00:50:39.734;RO;AS50-AS1-20180122005029
2018-01-22 00:50:41.041;SP;AS50-AS1-20180122005029
2018-01-22 00:50:43.702;SQ;AS50-AS1-20180122005043
2018-01-22 00:50:46.454;RU;AS50-AS1-20180122005021
2018-01-22 00:50:48.869;RC;AS50-AS1-20180122005029
2018-01-22 00:50:49.667;SS;AS50-AS1-20180122005029
2018-01-22 00:50:58.266;RO;AS50-AS1-20180122005043
2018-01-22 00:50:59.504;SP;AS50-AS1-20180122005043
2018-01-22 00:51:02.091;SQ;AS50-AS1-20180122005102
2018-01-22 00:51:05.487;RC;AS50-AS1-20180122005043
2018-01-22 00:51:06.272;SS;AS50-AS1-20180122005043
2018-01-22 00:51:08.919;RU;AS50-AS1-20180122005029
2018-01-22 00:51:17.513;RO;AS50-AS1-20180122005102
2018-01-22 00:51:18.917;SP;AS50-AS1-20180122005102
2018-01-22 00:51:21.672;SQ;AS50-AS1-20180122005121
2018-01-22 00:51:24.452;RU;AS50-AS1-20180122005043
2018-01-22 00:51:25.995;RC;AS50-AS1-20180122005102
2018-01-22 00:51:26.886;SS;AS50-AS1-20180122005102
2018-01-22 00:51:36.213;RO;AS50-AS1-20180122005121
2018-01-22 00:51:37.651;SP;AS50-AS1-20180122005121
2018-01-22 00:51:40.428;SQ;AS50-AS1-20180122005140
2018-01-22 00:51:44.111;RU;AS50-AS1-20180122005102
2018-01-22 00:51:52.722;RC;AS50-AS1-20180122005121
2018-01-22 00:51:53.540;SS;AS50-AS1-20180122005121
2018-01-22 00:51:55.710;RO;AS50-AS1-20180122005140
2018-01-22 00:51:57.364;SP;AS50-AS1-20180122005140
2018-01-22 00:52:00.165;SQ;AS50-AS1-20180122005200
2018-01-22 00:52:04.819;RC;AS50-AS1-20180122005140
2018-01-22 00:52:05.802;SS;AS50-AS1-20180122005140
2018-01-22 00:52:08.090;RU;AS50-AS1-20180122005121
2018-01-22 00:52:16.160;RO;AS50-AS1-20180122005200
2018-01-22 00:52:16.962;SP;AS50-AS1-20180122005200
2018-01-22 00:52:19.800;SQ;AS50-AS1-20180122005219
2018-01-22 00:52:22.001;RU;AS50-AS1-20180122005140
2018-01-22 00:52:23.523;RC;AS50-AS1-20180122005200
2018-01-22 00:52:24.309;SS;AS50-AS1-20180122005200
2018-01-22 00:52:35.098;RO;AS50-AS1-20180122005219
2018-01-22 00:52:36.602;SP;AS50-AS1-20180122005219
2018-01-22 00:52:39.332;SQ;AS50-AS1-20180122005239
2018-01-22 00:52:43.252;RC;AS50-AS1-20180122005219
2018-01-22 00:52:43.526;RU;AS50-AS1-20180122005200
2018-01-22 00:52:44.230;SS;AS50-AS1-20180122005219
2018-01-22 00:52:56.549;RO;AS50-AS1-20180122005239
2018-01-22 00:52:58.133;SP;AS50-AS1-20180122005239
2018-01-22 00:53:00.807;SQ;AS50-AS1-20180122005300
2018-01-22 00:53:00.866;RU;AS50-AS1-20180122005219
2018-01-22 00:53:03.933;RC;AS50-AS1-20180122005239
2018-01-22 00:53:04.817;SS;AS50-AS1-20180122005239
2018-01-22 00:53:16.056;RO;AS50-AS1-20180122005300
2018-01-22 00:53:17.629;SP;AS50-AS1-20180122005300
2018-01-22 00:53:20.249;SQ;AS50-AS1-20180122005320
2018-01-22 00:53:22.167;RU;AS50-AS1-20180122005239
2018-01-22 00:53:24.912;RC;AS50-AS1-20180122005300
2018-01-22 00:53:25.744;SS;AS50-AS1-20180122005300
2018-01-22 00:53:33.988;RO;AS50-AS1-20180122005320
2018-01-22 00:53:35.045;SP;AS50-AS1-20180122005320
2018-01-22 00:53:37.745;SQ;AS50-AS1-20180122005337
2018-01-22 00:53:42.472;RC;AS50-AS1-20180122005320
2018-01-22 00:53:42.614;RU;AS50-AS1-20180122005300
2018-01-22 00:53:43.488;SS;AS50-AS1-20180122005320
2018-01-22 00:53:53.476;RO;AS50-AS1-20180122005337
2018-01-22 00:53:54.629;SP;AS50-AS1-20180122005337
2018-01-22 00:53:57.356;SQ;AS50-AS1-20180122005357
2018-01-22 00:54:01.647;RC;AS50-AS1-20180122005337
2018-01-22 00:54:02.279;RU;AS50-AS1-20180122005320
2018-01-22 00:54:02.666;SS;AS50-AS1-20180122005337
2018-01-22 00:54:12.761;RO;AS50-AS1-20180122005357
2018-01-22 00:54:14.238;SP;AS50-AS1-20180122005357
2018-01-22 00:54:16.835;SQ;AS50-AS1-20180122005416
2018-01-22 00:54:21.344;RU;AS50-AS1-20180122005337
2018-01-22 00:54:21.364;RC;AS50-AS1-20180122005357
2018-01-22 00:54:22.237;SS;AS50-AS1-20180122005357
2018-01-22 00:54:33.731;RO;AS50-AS1-20180122005416
2018-01-22 00:54:34.703;SP;AS50-AS1-20180122005416
2018-01-22 00:54:37.303;SQ;AS50-AS1-20180122005437
2018-01-22 00:54:39.327;RU;AS50-AS1-20180122005357
2018-01-22 00:54:42.335;RC;AS50-AS1-20180122005416
2018-01-22 00:54:43.140;SS;AS50-AS1-20180122005416
2018-01-22 00:54:50.516;RO;AS50-AS1-20180122005437
2018-01-22 00:54:52.203;SP;AS50-AS1-20180122005437
2018-01-22 00:54:54.867;SQ;AS50-AS1-20180122005454
2018-01-22 00:54:59.387;RC;AS50-AS1-20180122005437
2018-01-22 00:55:00.375;SS;AS50-AS1-20180122005437
2018-01-22 00:55:01.733;RU;AS50-AS1-20180122005416
2018-01-22 00:55:11.066;RO;AS50-AS1-20180122005454
2018-01-22 00:55:12.690;SP;AS50-AS1-20180122005454
2018-01-22 00:55:15.394;SQ;AS50-AS1-20180122005515
2018-01-22 00:55:17.049;RU;AS50-AS1-20180122005437
2018-01-22 00:55:18.663;RC;AS50-AS1-20180122005454
2018-01-22 00:55:19.656;SS;AS50-AS1-20180122005454
2018-01-22 00:55:28.763;RO;AS50-AS1-20180122005515
2018-01-22 00:55:30.179;SP;AS50-AS1-20180122005515
2018-01-22 00:55:32.795;SQ;AS50-AS1-20180122005532
2018-01-22 00:55:36.841;RU;AS50-AS1-20180122005454
2018-01-22 00:55:38.558;RC;AS50-AS1-20180122005515
2018-01-22 00:55:39.556;SS;AS50-AS1-20180122005515
2018-01-22 00:55:48.526;RO;AS50-AS1-20180122005532
2018-01-22 00:55:49.601;SP;AS50-AS1-20180122005532
2018-01-22 00:55:52.213;SQ;AS50-AS1-20180122005552
2018-01-22 00:55:54.508;RU;AS50-AS1-20180122005515
2018-01-22 00:55:57.487;RC;AS50-AS1-20180122005532
2018-01-22 00:55:58.268;SS;AS50-AS1-20180122005532
2018-01-22 00:56:07.912;RO;AS50-AS1-20180122005552
2018-01-22 00:56:09.115;SP;AS50-AS1-20180122005552
2018-01-22 00:56:11.815;SQ;AS50-AS1-20180122005611
2018-01-22 00:56:16.304;RU;AS50-AS1-20180122005532
2018-01-22 00:56:17.424;RC;AS50-AS1-20180122005552
2018-01-22 00:56:18.213;SS;AS50-AS1-20180122005552
2018-01-22 00:56:26.560;RO;AS50-AS1-20180122005611
2018-01-22 00:56:27.637;SP;AS50-AS1-20180122005611
2018-01-22 00:56:30.240;SQ;AS50-AS1-20180122005630
2018-01-22 00:56:34.659;RU;AS50-AS1-20180122005552
2018-01-22 00:56:36.902;RC;AS50-AS1-20180122005611
2018-01-22 00:56:37.690;SS;AS50-AS1-20180122005611
2018-01-22 00:56:46.435;RO;AS50-AS1-20180122005630
2018-01-22 00:56:48.042;SP;AS50-AS1-20180122005630
2018-01-22 00:56:50.756;SQ;AS50-AS1-20180122005650
2018-01-22 00:56:55.021;RU;AS50-AS1-20180122005611
2018-01-22 00:56:55.050;RC;AS50-AS1-20180122005630
2018-01-22 00:56:55.840;SS;AS50-AS1-20180122005630
2018-01-22 00:57:06.981;RO;AS50-AS1-20180122005650
2018-01-22 00:57:08.585;SP;AS50-AS1-20180122005650
2018-01-22 00:57:10.209;RU;AS50-AS1-20180122005630
2018-01-22 00:57:11.191;SQ;AS50-AS1-20180122005711
2018-01-22 00:57:15.763;RC;AS50-AS1-20180122005650
2018-01-22 00:57:16.725;SS;AS50-AS1-20180122005650
2018-01-22 00:57:26.762;RO;AS50-AS1-20180122005711
2018-01-22 00:57:28.021;SP;AS50-AS1-20180122005711
2018-01-22 00:57:30.613;SQ;AS50-AS1-20180122005730
2018-01-22 00:57:35.117;RU;AS50-AS1-20180122005650
2018-01-22 00:57:36.447;RC;AS50-AS1-20180122005711
2018-01-22 00:57:37.248;SS;AS50-AS1-20180122005711
2018-01-22 00:57:43.447;RO;AS50-AS1-20180122005730
2018-01-22 00:57:44.420;SP;AS50-AS1-20180122005730
2018-01-22 00:57:47.027;SQ;AS50-AS1-20180122005747
2018-01-22 00:57:52.767;RU;AS50-AS1-20180122005711
2018-01-22 00:57:53.857;RC;AS50-AS1-20180122005730
2018-01-22 00:57:54.650;SS;AS50-AS1-20180122005730
2018-01-22 00:58:04.480;RO;AS50-AS1-20180122005747
2018-01-22 00:58:05.856;SP;AS50-AS1-20180122005747
2018-01-22 00:58:08.476;SQ;AS50-AS1-20180122005808
2018-01-22 00:58:13.346;RU;AS50-AS1-20180122005730
2018-01-22 00:58:16.082;RC;AS50-AS1-20180122005747
2018-01-22 00:58:16.944;SS;AS50-AS1-20180122005747
2018-01-22 00:58:22.887;RO;AS50-AS1-20180122005808
2018-01-22 00:58:24.279;SP;AS50-AS1-20180122005808
2018-01-22 00:58:26.889;SQ;AS50-AS1-20180122005826
2018-01-22 00:58:32.392;RC;AS50-AS1-20180122005808
2018-01-22 00:58:33.355;SS;AS50-AS1-20180122005808
2018-01-22 00:58:34.929;RU;AS50-AS1-20180122005747
2018-01-22 00:58:40.929;RO;AS50-AS1-20180122005826
2018-01-22 00:58:42.686;SP;AS50-AS1-20180122005826
2018-01-22 00:58:45.293;SQ;AS50-AS1-20180122005845
2018-01-22 00:58:49.629;RU;AS50-AS1-20180122005808
2018-01-22 00:58:49.772;RC;AS50-AS1-20180122005826
2018-01-22 00:58:50.674;SS;AS50-AS1-20180122005826
2018-01-22 00:59:00.845;RO;AS50-AS1-20180122005845
2018-01-22 00:59:02.105;SP;AS50-AS1-20180122005845
2018-01-22 00:59:04.708;SQ;AS50-AS1-20180122005904
2018-01-22 00:59:08.517;RC;AS50-AS1-20180122005845
2018-01-22 00:59:08.609;RU;AS50-AS1-20180122005826
2018-01-22 00:59:09.322;SS;AS50-AS1-20180122005845
2018-01-22 00:59:22.644;RO;AS50-AS1-20180122005904
2018-01-22 00:59:23.519;SP;AS50-AS1-20180122005904
2018-01-22 00:59:25.825;RU;AS50-AS1-20180122005845
2018-01-22 00:59:26.172;SQ;AS50-AS1-20180122005926
2018-01-22 00:59:32.382;RC;AS50-AS1-20180122005904
2018-01-22 00:59:33.372;SS;AS50-AS1-20180122005904
2018-01-22 00:59:42.695;RO;AS50-AS1-20180122005926
2018-01-22 00:59:43.986;SP;AS50-AS1-20180122005926
2018-01-22 00:59:46.711;RU;AS50-AS1-20180122005904
2018-01-22 00:59:52.074;RC;AS50-AS1-20180122005926
2018-01-22 00:59:52.849;SS;AS50-AS1-20180122005926
2018-01-22 01:00:03.909;RU;AS50-AS1-20180122005926
