2018-01-22 00:50:21.906;SQ;AS6-AS1-20180122005021
2018-01-22 00:50:25.207;RO;AS6-AS1-20180122005021
2018-01-22 00:50:26.722;SP;AS6-AS1-20180122005021
2018-01-22 00:50:29.345;SQ;AS6-AS1-20180122005029
2018-01-22 00:50:30.782;RC;AS6-AS1-20180122005021
2018-01-22 00:50:31.588;SS;AS6-AS1-20180122005021
2018-01-22 00:50:39.822;RO;AS6-AS1-20180122005029
2018-01-22 00:50:41.144;SP;AS6-AS1-20180122005029
2018-01-22 00:50:43.861;SQ;AS6-AS1-20180122005043
2018-01-22 00:50:45.980;RU;AS6-AS1-20180122005021
2018-01-22 00:50:48.340;RC;AS6-AS1-20180122005029
2018-01-22 00:50:49.142;SS;AS6-AS1-20180122005029
2018-01-22 00:51:00.472;RO;AS6-AS1-20180122005043
2018-01-22 00:51:01.689;SP;AS6-AS1-20180122005043
2018-01-22 00:51:04.305;SQ;AS6-AS1-20180122005104
2018-01-22 00:51:07.880;RU;AS6-AS1-20180122005029
2018-01-22 00:51:08.223;RC;AS6-AS1-20180122005043
2018-01-22 00:51:09.021;SS;AS6-AS1-20180122005043
2018-01-22 00:51:19.389;RO;AS6-AS1-20180122005104
2018-01-22 00:51:21.106;SP;AS6-AS1-20180122005104
2018-01-22 00:51:23.769;SQ;AS6-AS1-20180122005123
2018-01-22 00:51:26.684;RU;AS6-AS1-20180122005043
2018-01-22 00:51:28.988;RC;AS6-AS1-20180122005104
2018-01-22 00:51:29.781;SS;AS6-AS1-20180122005104
2018-01-22 00:51:39.382;RO;AS6-AS1-20180122005123
2018-01-22 00:51:40.571;SP;AS6-AS1-20180122005123
2018-01-22 00:51:43.173;SQ;AS6-AS1-20180122005143
2018-01-22 00:51:47.456;RC;AS6-AS1-20180122005123
2018-01-22 00:51:48.238;SS;AS6-AS1-20180122005123
2018-01-22 00:51:48.959;RU;AS6-AS1-20180122005104
2018-01-22 00:52:00.148;RO;AS6-AS1-20180122005143
2018-01-22 00:52:00.969;SP;AS6-AS1-20180122005143
2018-01-22 00:52:03.530;SQ;AS6-AS1-20180122005203
2018-01-22 00:52:07.596;RU;AS6-AS1-20180122005123
2018-01-22 00:52:08.276;RC;AS6-AS1-20180122005143
2018-01-22 00:52:09.048;SS;AS6-AS1-20180122005143
2018-01-22 00:52:20.311;RO;AS6-AS1-20180122005203
2018-01-22 00:52:21.406;SP;AS6-AS1-20180122005203
2018-01-22 00:52:24.076;SQ;AS6-AS1-20180122005224
2018-01-22 00:52:27.464;RU;AS6-AS1-20180122005143
2018-01-22 00:52:29.982;RC;AS6-AS1-20180122005203
2018-01-22 00:52:30.768;SS;AS6-AS1-20180122005203
2018-01-22 00:52:39.280;RO;AS6-AS1-20180122005224
2018-01-22 00:52:40.852;SP;AS6-AS1-20180122005224
2018-01-22 00:52:43.093;RC;AS6-AS1-20180122005224
2018-01-22 00:52:43.882;SQ;AS6-AS1-20180122005243
2018-01-22 00:52:44.467;SS;AS6-AS1-20180122005224
2018-01-22 00:52:56.783;RU;AS6-AS1-20180122005203
2018-01-22 00:52:59.711;RO;AS6-AS1-20180122005243
2018-01-22 00:53:00.701;SP;AS6-AS1-20180122005243
2018-01-22 00:53:03.455;SQ;AS6-AS1-20180122005303
2018-01-22 00:53:07.387;RC;AS6-AS1-20180122005243
2018-01-22 00:53:08.180;SS;AS6-AS1-20180122005243
2018-01-22 00:53:12.062;RU;AS6-AS1-20180122005224
2018-01-22 00:53:20.630;RO;AS6-AS1-20180122005303
2018-01-22 00:53:22.256;SP;AS6-AS1-20180122005303
2018-01-22 00:53:24.942;SQ;AS6-AS1-20180122005324
2018-01-22 00:53:26.065;RU;AS6-AS1-20180122005243
2018-01-22 00:53:29.566;RC;AS6-AS1-20180122005303
2018-01-22 00:53:30.370;SS;AS6-AS1-20180122005303
2018-01-22 00:53:39.661;RO;AS6-AS1-20180122005324
2018-01-22 00:53:40.740;SP;AS6-AS1-20180122005324
2018-01-22 00:53:43.515;SQ;AS6-AS1-20180122005343
2018-01-22 00:53:47.335;RC;AS6-AS1-20180122005324
2018-01-22 00:53:47.842;RU;AS6-AS1-20180122005303
2018-01-22 00:53:48.121;SS;AS6-AS1-20180122005324
2018-01-22 00:53:59.179;RO;AS6-AS1-20180122005343
2018-01-22 00:54:00.514;SP;AS6-AS1-20180122005343
2018-01-22 00:54:03.270;SQ;AS6-AS1-20180122005403
2018-01-22 00:54:04.577;RU;AS6-AS1-20180122005324
2018-01-22 00:54:07.065;RC;AS6-AS1-20180122005343
2018-01-22 00:54:07.834;SS;AS6-AS1-20180122005343
2018-01-22 00:54:18.986;RO;AS6-AS1-20180122005403
2018-01-22 00:54:20.164;SP;AS6-AS1-20180122005403
2018-01-22 00:54:22.941;SQ;AS6-AS1-20180122005422
2018-01-22 00:54:25.655;RU;AS6-AS1-20180122005343
2018-01-22 00:54:26.041;RC;AS6-AS1-20180122005403
2018-01-22 00:54:26.823;SS;AS6-AS1-20180122005403
2018-01-22 00:54:39.304;RO;AS6-AS1-20180122005422
2018-01-22 00:54:40.721;SP;AS6-AS1-20180122005422
2018-01-22 00:54:43.305;SQ;AS6-AS1-20180122005443
2018-01-22 00:54:43.443;RU;AS6-AS1-20180122005403
2018-01-22 00:54:46.966;RC;AS6-AS1-20180122005422
2018-01-22 00:54:47.781;SS;AS6-AS1-20180122005422
2018-01-22 00:55:00.326;RO;AS6-AS1-20180122005443
2018-01-22 00:55:02.241;SP;AS6-AS1-20180122005443
2018-01-22 00:55:04.949;SQ;AS6-AS1-20180122005504
2018-01-22 00:55:07.174;RU;AS6-AS1-20180122005422
2018-01-22 00:55:10.538;RC;AS6-AS1-20180122005443
2018-01-22 00:55:11.380;SS;AS6-AS1-20180122005443
2018-01-22 00:55:21.077;RO;AS6-AS1-20180122005504
2018-01-22 00:55:22.937;SP;AS6-AS1-20180122005504
2018-01-22 00:55:25.539;SQ;AS6-AS1-20180122005525
2018-01-22 00:55:28.634;RU;AS6-AS1-20180122005443
2018-01-22 00:55:30.138;RC;AS6-AS1-20180122005504
2018-01-22 00:55:30.923;SS;AS6-AS1-20180122005504
2018-01-22 00:55:42.298;RO;AS6-AS1-20180122005525
2018-01-22 00:55:43.412;SP;AS6-AS1-20180122005525
2018-01-22 00:55:45.981;SQ;AS6-AS1-20180122005545
2018-01-22 00:55:49.177;RU;AS6-AS1-20180122005504
2018-01-22 00:55:58.567;RC;AS6-AS1-20180122005525
2018-01-22 00:55:59.509;SS;AS6-AS1-20180122005525
2018-01-22 00:56:01.946;RO;AS6-AS1-20180122005545
2018-01-22 00:56:02.764;SP;AS6-AS1-20180122005545
2018-01-22 00:56:05.380;SQ;AS6-AS1-20180122005605
2018-01-22 00:56:10.261;RC;AS6-AS1-20180122005545
2018-01-22 00:56:11.059;SS;AS6-AS1-20180122005545
2018-01-22 00:56:15.267;RU;AS6-AS1-20180122005525
2018-01-22 00:56:20.475;RO;AS6-AS1-20180122005605
2018-01-22 00:56:22.160;SP;AS6-AS1-20180122005605
2018-01-22 00:56:24.721;SQ;AS6-AS1-20180122005624
2018-01-22 00:56:28.046;RU;AS6-AS1-20180122005545
2018-01-22 00:56:30.379;RC;AS6-AS1-20180122005605
2018-01-22 00:56:31.149;SS;AS6-AS1-20180122005605
2018-01-22 00:56:40.178;RO;AS6-AS1-20180122005624
2018-01-22 00:56:41.510;SP;AS6-AS1-20180122005624
2018-01-22 00:56:44.048;SQ;AS6-AS1-20180122005644
2018-01-22 00:56:48.294;RC;AS6-AS1-20180122005624
2018-01-22 00:56:49.115;SS;AS6-AS1-20180122005624
2018-01-22 00:56:51.889;RU;AS6-AS1-20180122005605
2018-01-22 00:56:57.578;RO;AS6-AS1-20180122005644
2018-01-22 00:56:58.837;SP;AS6-AS1-20180122005644
2018-01-22 00:57:01.543;SQ;AS6-AS1-20180122005701
2018-01-22 00:57:06.200;RC;AS6-AS1-20180122005644
2018-01-22 00:57:07.034;SS;AS6-AS1-20180122005644
2018-01-22 00:57:09.302;RU;AS6-AS1-20180122005624
2018-01-22 00:57:18.868;RO;AS6-AS1-20180122005701
2018-01-22 00:57:20.365;SP;AS6-AS1-20180122005701
2018-01-22 00:57:23.027;SQ;AS6-AS1-20180122005723
2018-01-22 00:57:24.360;RU;AS6-AS1-20180122005644
2018-01-22 00:57:29.505;RC;AS6-AS1-20180122005701
2018-01-22 00:57:30.306;SS;AS6-AS1-20180122005701
2018-01-22 00:57:38.218;RO;AS6-AS1-20180122005723
2018-01-22 00:57:39.823;SP;AS6-AS1-20180122005723
2018-01-22 00:57:42.405;SQ;AS6-AS1-20180122005742
2018-01-22 00:57:45.388;RU;AS6-AS1-20180122005701
2018-01-22 00:57:46.937;RC;AS6-AS1-20180122005723
2018-01-22 00:57:47.708;SS;AS6-AS1-20180122005723
2018-01-22 00:57:57.226;RO;AS6-AS1-20180122005742
2018-01-22 00:57:58.179;SP;AS6-AS1-20180122005742
2018-01-22 00:58:00.782;SQ;AS6-AS1-20180122005800
2018-01-22 00:58:04.558;RC;AS6-AS1-20180122005742
2018-01-22 00:58:05.350;SS;AS6-AS1-20180122005742
2018-01-22 00:58:05.931;RU;AS6-AS1-20180122005723
2018-01-22 00:58:16.102;RO;AS6-AS1-20180122005800
2018-01-22 00:58:17.604;SP;AS6-AS1-20180122005800
2018-01-22 00:58:20.376;SQ;AS6-AS1-20180122005820
2018-01-22 00:58:29.013;RU;AS6-AS1-20180122005742
2018-01-22 00:58:33.195;RC;AS6-AS1-20180122005800
2018-01-22 00:58:34.019;SS;AS6-AS1-20180122005800
2018-01-22 00:58:36.531;RO;AS6-AS1-20180122005820
2018-01-22 00:58:38.190;SP;AS6-AS1-20180122005820
2018-01-22 00:58:40.781;SQ;AS6-AS1-20180122005840
2018-01-22 00:58:47.974;RC;AS6-AS1-20180122005820
2018-01-22 00:58:48.787;SS;AS6-AS1-20180122005820
2018-01-22 00:58:50.398;RU;AS6-AS1-20180122005800
2018-01-22 00:58:57.824;RO;AS6-AS1-20180122005840
2018-01-22 00:58:59.609;SP;AS6-AS1-20180122005840
2018-01-22 00:59:02.339;SQ;AS6-AS1-20180122005902
2018-01-22 00:59:06.497;RU;AS6-AS1-20180122005820
2018-01-22 00:59:07.294;RC;AS6-AS1-20180122005840
2018-01-22 00:59:08.063;SS;AS6-AS1-20180122005840
2018-01-22 00:59:19.615;RO;AS6-AS1-20180122005902
2018-01-22 00:59:21.121;SP;AS6-AS1-20180122005902
2018-01-22 00:59:23.712;SQ;AS6-AS1-20180122005923
2018-01-22 00:59:25.894;RU;AS6-AS1-20180122005840
2018-01-22 00:59:28.416;RC;AS6-AS1-20180122005902
2018-01-22 00:59:29.208;SS;AS6-AS1-20180122005902
2018-01-22 00:59:38.490;RO;AS6-AS1-20180122005923
2018-01-22 00:59:39.927;SP;AS6-AS1-20180122005923
2018-01-22 00:59:42.500;SQ;AS6-AS1-20180122005942
2018-01-22 00:59:46.243;RC;AS6-AS1-20180122005923
2018-01-22 00:59:47.027;SS;AS6-AS1-20180122005923
2018-01-22 00:59:48.292;RU;AS6-AS1-20180122005902
2018-01-22 00:59:55.778;RO;AS6-AS1-20180122005942
2018-01-22 00:59:57.476;SP;AS6-AS1-20180122005942
2018-01-22 01:00:00.766;RU;AS6-AS1-20180122005923
2018-01-22 01:00:02.246;RC;AS6-AS1-20180122005942
2018-01-22 01:00:03.055;SS;AS6-AS1-20180122005942
2018-01-22 01:00:08.136;RU;AS6-AS1-20180122005942
