2018-01-22 00:50:21.801;SQ;AS9-AS1-20180122005021
2018-01-22 00:50:24.767;RO;AS9-AS1-20180122005021
2018-01-22 00:50:25.802;SP;AS9-AS1-20180122005021
2018-01-22 00:50:28.296;RC;AS9-AS1-20180122005021
2018-01-22 00:50:28.391;SQ;AS9-AS1-20180122005028
2018-01-22 00:50:29.142;SS;AS9-AS1-20180122005021
2018-01-22 00:50:39.734;RO;AS9-AS1-20180122005028
2018-01-22 00:50:41.147;SP;AS9-AS1-20180122005028
2018-01-22 00:50:42.951;RU;AS9-AS1-20180122005021
2018-01-22 00:50:43.741;SQ;AS9-AS1-20180122005043
2018-01-22 00:50:49.339;RC;AS9-AS1-20180122005028
2018-01-22 00:50:50.099;SS;AS9-AS1-20180122005028
2018-01-22 00:50:58.159;RO;AS9-AS1-20180122005043
2018-01-22 00:50:59.499;SP;AS9-AS1-20180122005043
2018-01-22 00:51:02.057;SQ;AS9-AS1-20180122005102
2018-01-22 00:51:05.879;RC;AS9-AS1-20180122005043
2018-01-22 00:51:06.660;SS;AS9-AS1-20180122005043
2018-01-22 00:51:07.546;RU;AS9-AS1-20180122005028
2018-01-22 00:51:17.623;RO;AS9-AS1-20180122005102
2018-01-22 00:51:18.824;SP;AS9-AS1-20180122005102
2018-01-22 00:51:21.577;SQ;AS9-AS1-20180122005121
2018-01-22 00:51:22.825;RU;AS9-AS1-20180122005043
2018-01-22 00:51:27.353;RC;AS9-AS1-20180122005102
2018-01-22 00:51:28.097;SS;AS9-AS1-20180122005102
2018-01-22 00:51:38.107;RO;AS9-AS1-20180122005121
2018-01-22 00:51:39.518;SP;AS9-AS1-20180122005121
2018-01-22 00:51:42.206;SQ;AS9-AS1-20180122005142
2018-01-22 00:51:43.421;RU;AS9-AS1-20180122005102
2018-01-22 00:51:46.774;RC;AS9-AS1-20180122005121
2018-01-22 00:51:47.523;SS;AS9-AS1-20180122005121
2018-01-22 00:51:58.461;RO;AS9-AS1-20180122005142
2018-01-22 00:51:59.959;SP;AS9-AS1-20180122005142
2018-01-22 00:52:02.688;SQ;AS9-AS1-20180122005202
2018-01-22 00:52:05.386;RU;AS9-AS1-20180122005121
2018-01-22 00:52:08.792;RC;AS9-AS1-20180122005142
2018-01-22 00:52:09.554;SS;AS9-AS1-20180122005142
2018-01-22 00:52:18.414;RO;AS9-AS1-20180122005202
2018-01-22 00:52:19.455;SP;AS9-AS1-20180122005202
2018-01-22 00:52:21.991;SQ;AS9-AS1-20180122005221
2018-01-22 00:52:26.094;RU;AS9-AS1-20180122005142
2018-01-22 00:52:26.315;RC;AS9-AS1-20180122005202
2018-01-22 00:52:27.122;SS;AS9-AS1-20180122005202
2018-01-22 00:52:36.580;RO;AS9-AS1-20180122005221
2018-01-22 00:52:37.804;SP;AS9-AS1-20180122005221
2018-01-22 00:52:40.477;SQ;AS9-AS1-20180122005240
2018-01-22 00:52:43.448;RU;AS9-AS1-20180122005202
2018-01-22 00:52:44.944;RC;AS9-AS1-20180122005221
2018-01-22 00:52:45.678;SS;AS9-AS1-20180122005221
2018-01-22 00:52:55.975;RO;AS9-AS1-20180122005240
2018-01-22 00:52:57.288;SP;AS9-AS1-20180122005240
2018-01-22 00:52:59.996;SQ;AS9-AS1-20180122005259
2018-01-22 00:53:02.403;RU;AS9-AS1-20180122005221
2018-01-22 00:53:03.707;RC;AS9-AS1-20180122005240
2018-01-22 00:53:04.455;SS;AS9-AS1-20180122005240
2018-01-22 00:53:14.791;RO;AS9-AS1-20180122005259
2018-01-22 00:53:15.736;SP;AS9-AS1-20180122005259
2018-01-22 00:53:18.241;SQ;AS9-AS1-20180122005318
2018-01-22 00:53:22.495;RU;AS9-AS1-20180122005240
2018-01-22 00:53:23.509;RC;AS9-AS1-20180122005259
2018-01-22 00:53:24.247;SS;AS9-AS1-20180122005259
2018-01-22 00:53:32.225;RO;AS9-AS1-20180122005318
2018-01-22 00:53:32.978;SP;AS9-AS1-20180122005318
2018-01-22 00:53:35.485;SQ;AS9-AS1-20180122005335
2018-01-22 00:53:40.869;RC;AS9-AS1-20180122005318
2018-01-22 00:53:41.769;SS;AS9-AS1-20180122005318
2018-01-22 00:53:43.209;RU;AS9-AS1-20180122005259
2018-01-22 00:53:51.594;RO;AS9-AS1-20180122005335
2018-01-22 00:53:53.283;SP;AS9-AS1-20180122005335
2018-01-22 00:53:55.774;SQ;AS9-AS1-20180122005355
2018-01-22 00:53:59.130;RU;AS9-AS1-20180122005318
2018-01-22 00:54:00.800;RC;AS9-AS1-20180122005335
2018-01-22 00:54:01.594;SS;AS9-AS1-20180122005335
2018-01-22 00:54:11.015;RO;AS9-AS1-20180122005355
2018-01-22 00:54:12.533;SP;AS9-AS1-20180122005355
2018-01-22 00:54:15.097;SQ;AS9-AS1-20180122005415
2018-01-22 00:54:18.755;RU;AS9-AS1-20180122005335
2018-01-22 00:54:21.415;RC;AS9-AS1-20180122005355
2018-01-22 00:54:22.210;SS;AS9-AS1-20180122005355
2018-01-22 00:54:29.394;RO;AS9-AS1-20180122005415
2018-01-22 00:54:30.872;SP;AS9-AS1-20180122005415
2018-01-22 00:54:33.421;SQ;AS9-AS1-20180122005433
2018-01-22 00:54:41.086;RC;AS9-AS1-20180122005415
2018-01-22 00:54:41.088;RU;AS9-AS1-20180122005355
2018-01-22 00:54:42.035;SS;AS9-AS1-20180122005415
2018-01-22 00:54:47.393;RO;AS9-AS1-20180122005433
2018-01-22 00:54:48.179;SP;AS9-AS1-20180122005433
2018-01-22 00:54:50.714;SQ;AS9-AS1-20180122005450
2018-01-22 00:54:55.778;RC;AS9-AS1-20180122005433
2018-01-22 00:54:56.696;SS;AS9-AS1-20180122005433
2018-01-22 00:55:00.270;RU;AS9-AS1-20180122005415
2018-01-22 00:55:06.673;RO;AS9-AS1-20180122005450
2018-01-22 00:55:07.494;SP;AS9-AS1-20180122005450
2018-01-22 00:55:09.996;SQ;AS9-AS1-20180122005509
2018-01-22 00:55:14.275;RC;AS9-AS1-20180122005450
2018-01-22 00:55:14.609;RU;AS9-AS1-20180122005433
2018-01-22 00:55:15.139;SS;AS9-AS1-20180122005450
2018-01-22 00:55:23.885;RO;AS9-AS1-20180122005509
2018-01-22 00:55:24.820;SP;AS9-AS1-20180122005509
2018-01-22 00:55:27.350;SQ;AS9-AS1-20180122005527
2018-01-22 00:55:32.925;RC;AS9-AS1-20180122005509
2018-01-22 00:55:32.957;RU;AS9-AS1-20180122005450
2018-01-22 00:55:33.707;SS;AS9-AS1-20180122005509
2018-01-22 00:55:42.536;RO;AS9-AS1-20180122005527
2018-01-22 00:55:44.145;SP;AS9-AS1-20180122005527
2018-01-22 00:55:46.737;SQ;AS9-AS1-20180122005546
2018-01-22 00:55:51.209;RU;AS9-AS1-20180122005509
2018-01-22 00:55:52.462;RC;AS9-AS1-20180122005527
2018-01-22 00:55:53.204;SS;AS9-AS1-20180122005527
2018-01-22 00:56:01.613;RO;AS9-AS1-20180122005546
2018-01-22 00:56:02.516;SP;AS9-AS1-20180122005546
2018-01-22 00:56:04.955;SQ;AS9-AS1-20180122005604
2018-01-22 00:56:11.432;RC;AS9-AS1-20180122005546
2018-01-22 00:56:12.175;SS;AS9-AS1-20180122005546
2018-01-22 00:56:13.711;RU;AS9-AS1-20180122005527
2018-01-22 00:56:28.293;RO;AS9-AS1-20180122005604
2018-01-22 00:56:29.712;SP;AS9-AS1-20180122005604
2018-01-22 00:56:30.578;RU;AS9-AS1-20180122005546
2018-01-22 00:56:32.270;SQ;AS9-AS1-20180122005632
2018-01-22 00:56:37.832;RC;AS9-AS1-20180122005604
2018-01-22 00:56:38.753;SS;AS9-AS1-20180122005604
2018-01-22 00:56:47.504;RO;AS9-AS1-20180122005632
2018-01-22 00:56:49.117;SP;AS9-AS1-20180122005632
2018-01-22 00:56:51.619;SQ;AS9-AS1-20180122005651
2018-01-22 00:56:56.266;RU;AS9-AS1-20180122005604
2018-01-22 00:56:57.359;RC;AS9-AS1-20180122005632
2018-01-22 00:56:58.093;SS;AS9-AS1-20180122005632
2018-01-22 00:57:08.550;RO;AS9-AS1-20180122005651
2018-01-22 00:57:09.458;SP;AS9-AS1-20180122005651
2018-01-22 00:57:12.020;SQ;AS9-AS1-20180122005712
2018-01-22 00:57:14.125;RU;AS9-AS1-20180122005632
2018-01-22 00:57:18.736;RC;AS9-AS1-20180122005651
2018-01-22 00:57:19.635;SS;AS9-AS1-20180122005651
2018-01-22 00:57:26.704;RO;AS9-AS1-20180122005712
2018-01-22 00:57:27.755;SP;AS9-AS1-20180122005712
2018-01-22 00:57:30.259;SQ;AS9-AS1-20180122005730
2018-01-22 00:57:34.109;RC;AS9-AS1-20180122005712
2018-01-22 00:57:34.827;SS;AS9-AS1-20180122005712
2018-01-22 00:57:37.811;RU;AS9-AS1-20180122005651
2018-01-22 00:57:44.192;RO;AS9-AS1-20180122005730
2018-01-22 00:57:45.006;SP;AS9-AS1-20180122005730
2018-01-22 00:57:47.467;SQ;AS9-AS1-20180122005747
2018-01-22 00:57:53.527;RC;AS9-AS1-20180122005730
2018-01-22 00:57:53.794;RU;AS9-AS1-20180122005712
2018-01-22 00:57:54.288;SS;AS9-AS1-20180122005730
2018-01-22 00:58:02.947;RO;AS9-AS1-20180122005747
2018-01-22 00:58:04.206;SP;AS9-AS1-20180122005747
2018-01-22 00:58:06.756;SQ;AS9-AS1-20180122005806
2018-01-22 00:58:11.259;RC;AS9-AS1-20180122005747
2018-01-22 00:58:11.603;RU;AS9-AS1-20180122005730
2018-01-22 00:58:12.012;SS;AS9-AS1-20180122005747
2018-01-22 00:58:24.473;RO;AS9-AS1-20180122005806
2018-01-22 00:58:25.624;SP;AS9-AS1-20180122005806
2018-01-22 00:58:28.071;SQ;AS9-AS1-20180122005828
2018-01-22 00:58:28.368;RU;AS9-AS1-20180122005747
2018-01-22 00:58:34.908;RC;AS9-AS1-20180122005806
2018-01-22 00:58:35.757;SS;AS9-AS1-20180122005806
2018-01-22 00:58:43.183;RO;AS9-AS1-20180122005828
2018-01-22 00:58:44.818;SP;AS9-AS1-20180122005828
2018-01-22 00:58:47.267;SQ;AS9-AS1-20180122005847
2018-01-22 00:58:53.309;RC;AS9-AS1-20180122005828
2018-01-22 00:58:54.073;SS;AS9-AS1-20180122005828
2018-01-22 00:58:55.963;RU;AS9-AS1-20180122005806
2018-01-22 00:59:00.879;RO;AS9-AS1-20180122005847
2018-01-22 00:59:02.047;SP;AS9-AS1-20180122005847
2018-01-22 00:59:04.574;SQ;AS9-AS1-20180122005904
2018-01-22 00:59:11.167;RC;AS9-AS1-20180122005847
2018-01-22 00:59:11.936;SS;AS9-AS1-20180122005847
2018-01-22 00:59:12.001;RU;AS9-AS1-20180122005828
2018-01-22 00:59:20.534;RO;AS9-AS1-20180122005904
2018-01-22 00:59:21.352;SP;AS9-AS1-20180122005904
2018-01-22 00:59:23.911;SQ;AS9-AS1-20180122005923
2018-01-22 00:59:28.282;RC;AS9-AS1-20180122005904
2018-01-22 00:59:29.040;SS;AS9-AS1-20180122005904
2018-01-22 00:59:31.014;RU;AS9-AS1-20180122005847
2018-01-22 00:59:38.466;RO;AS9-AS1-20180122005923
2018-01-22 00:59:39.982;SP;AS9-AS1-20180122005923
2018-01-22 00:59:46.889;RU;AS9-AS1-20180122005904
2018-01-22 00:59:48.175;RC;AS9-AS1-20180122005923
2018-01-22 00:59:49.004;SS;AS9-AS1-20180122005923
2018-01-22 01:00:02.418;RU;AS9-AS1-20180122005923
