2018-01-25 18:17:39.447;SQ;AS102-AS1-20180125181739
2018-01-25 18:18:12.202;RO;AS102-AS1-20180125181739
2018-01-25 18:18:13.306;SP;AS102-AS1-20180125181739
2018-01-25 18:18:15.952;SQ;AS102-AS1-20180125181815
2018-01-25 18:18:42.083;RC;AS102-AS1-20180125181739
2018-01-25 18:18:42.900;SS;AS102-AS1-20180125181739
2018-01-25 18:19:24.014;RO;AS102-AS1-20180125181815
2018-01-25 18:19:24.879;SP;AS102-AS1-20180125181815
2018-01-25 18:19:27.540;SQ;AS102-AS1-20180125181927
2018-01-25 18:19:56.347;RU;AS102-AS1-20180125181739
2018-01-25 18:19:58.157;VU;AS102-AS1-20180125181739
2018-01-25 18:20:19.491;RC;AS102-AS1-20180125181815
2018-01-25 18:20:20.316;SS;AS102-AS1-20180125181815
2018-01-25 18:20:45.962;RO;AS102-AS1-20180125181927
2018-01-25 18:20:47.866;SP;AS102-AS1-20180125181927
2018-01-25 18:20:52.235;SQ;AS102-AS1-20180125182052
2018-01-25 18:21:22.222;RC;AS102-AS1-20180125181927
2018-01-25 18:21:23.018;SS;AS102-AS1-20180125181927
2018-01-25 18:21:23.837;RU;AS102-AS1-20180125181815
2018-01-25 18:21:54.467;RO;AS102-AS1-20180125182052
2018-01-25 18:21:56.619;SP;AS102-AS1-20180125182052
2018-01-25 18:22:00.194;SQ;AS102-AS1-20180125182200
2018-01-25 18:22:37.295;RC;AS102-AS1-20180125182052
2018-01-25 18:22:38.898;SS;AS102-AS1-20180125182052
2018-01-25 18:22:41.030;RU;AS102-AS1-20180125181927
2018-01-25 18:23:03.764;VU;AS102-AS1-20180125181927
2018-01-25 18:23:47.955;RO;AS102-AS1-20180125182200
2018-01-25 18:23:49.298;SP;AS102-AS1-20180125182200
2018-01-25 18:23:52.781;RU;AS102-AS1-20180125182052
2018-01-25 18:23:57.423;SQ;AS102-AS1-20180125182357
2018-01-25 18:24:05.756;VU;AS102-AS1-20180125182052
2018-01-25 18:24:28.194;RC;AS102-AS1-20180125182200
2018-01-25 18:24:29.589;SS;AS102-AS1-20180125182200
2018-01-25 18:25:10.177;RO;AS102-AS1-20180125182357
2018-01-25 18:25:12.197;SP;AS102-AS1-20180125182357
2018-01-25 18:25:15.634;SQ;AS102-AS1-20180125182515
2018-01-25 18:25:54.084;RC;AS102-AS1-20180125182357
2018-01-25 18:25:56.542;SS;AS102-AS1-20180125182357
2018-01-25 18:26:01.517;RU;AS102-AS1-20180125182200
2018-01-25 18:26:04.219;VU;AS102-AS1-20180125182200
2018-01-25 18:26:34.386;RO;AS102-AS1-20180125182515
2018-01-25 18:26:35.692;SP;AS102-AS1-20180125182515
2018-01-25 18:26:39.181;SQ;AS102-AS1-20180125182639
2018-01-25 18:27:18.796;RU;AS102-AS1-20180125182357
2018-01-25 18:27:20.948;RC;AS102-AS1-20180125182515
2018-01-25 18:27:21.351;VU;AS102-AS1-20180125182357
2018-01-25 18:27:22.049;SS;AS102-AS1-20180125182515
2018-01-25 18:27:45.463;RO;AS102-AS1-20180125182639
2018-01-25 18:27:48.649;SP;AS102-AS1-20180125182639
2018-01-25 18:27:55.817;SQ;AS102-AS1-20180125182755
2018-01-25 18:28:25.311;RC;AS102-AS1-20180125182639
2018-01-25 18:28:26.130;SS;AS102-AS1-20180125182639
2018-01-25 18:28:26.195;RU;AS102-AS1-20180125182515
2018-01-25 18:28:58.718;VU;AS102-AS1-20180125182515
2018-01-25 18:29:46.286;RO;AS102-AS1-20180125182755
2018-01-25 18:29:47.685;SP;AS102-AS1-20180125182755
2018-01-25 18:29:51.032;RU;AS102-AS1-20180125182639
2018-01-25 18:29:55.181;SQ;AS102-AS1-20180125182955
2018-01-25 18:30:05.527;VU;AS102-AS1-20180125182639
2018-01-25 18:30:28.579;RC;AS102-AS1-20180125182755
2018-01-25 18:30:29.935;SS;AS102-AS1-20180125182755
2018-01-25 18:31:11.710;RO;AS102-AS1-20180125182955
2018-01-25 18:31:12.714;SP;AS102-AS1-20180125182955
2018-01-25 18:31:16.219;SQ;AS102-AS1-20180125183116
2018-01-25 18:31:42.187;RU;AS102-AS1-20180125182755
2018-01-25 18:31:50.264;RC;AS102-AS1-20180125182955
2018-01-25 18:31:53.385;SS;AS102-AS1-20180125182955
2018-01-25 18:31:54.705;VU;AS102-AS1-20180125182755
2018-01-25 18:32:42.091;RO;AS102-AS1-20180125183116
2018-01-25 18:32:43.171;SP;AS102-AS1-20180125183116
2018-01-25 18:32:48.492;SQ;AS102-AS1-20180125183248
2018-01-25 18:33:04.504;RU;AS102-AS1-20180125182955
2018-01-25 18:33:06.415;VU;AS102-AS1-20180125182955
2018-01-25 18:33:18.157;RC;AS102-AS1-20180125183116
2018-01-25 18:33:19.342;SS;AS102-AS1-20180125183116
2018-01-25 18:34:18.746;RO;AS102-AS1-20180125183248
2018-01-25 18:34:19.986;SP;AS102-AS1-20180125183248
2018-01-25 18:34:23.225;SQ;AS102-AS1-20180125183423
2018-01-25 18:34:34.410;RU;AS102-AS1-20180125183116
2018-01-25 18:34:54.553;RC;AS102-AS1-20180125183248
2018-01-25 18:34:58.923;SS;AS102-AS1-20180125183248
2018-01-25 18:35:00.655;VU;AS102-AS1-20180125183116
2018-01-25 18:35:30.460;RO;AS102-AS1-20180125183423
2018-01-25 18:35:31.883;SP;AS102-AS1-20180125183423
2018-01-25 18:35:35.330;SQ;AS102-AS1-20180125183535
