2018-01-25 18:17:35.134;SQ;AS107-AS1-20180125181735
2018-01-25 18:17:55.110;RO;AS107-AS1-20180125181735
2018-01-25 18:17:56.037;SP;AS107-AS1-20180125181735
2018-01-25 18:17:58.823;SQ;AS107-AS1-20180125181758
2018-01-25 18:18:13.895;RC;AS107-AS1-20180125181735
2018-01-25 18:18:14.805;SS;AS107-AS1-20180125181735
2018-01-25 18:18:44.185;RO;AS107-AS1-20180125181758
2018-01-25 18:18:45.258;SP;AS107-AS1-20180125181758
2018-01-25 18:18:48.027;SQ;AS107-AS1-20180125181848
2018-01-25 18:19:16.057;RC;AS107-AS1-20180125181758
2018-01-25 18:19:16.910;SS;AS107-AS1-20180125181758
2018-01-25 18:19:18.861;RU;AS107-AS1-20180125181735
2018-01-25 18:19:20.753;VU;AS107-AS1-20180125181735
2018-01-25 18:20:29.207;RU;AS107-AS1-20180125181758
2018-01-25 18:20:31.665;RO;AS107-AS1-20180125181848
2018-01-25 18:20:33.018;SP;AS107-AS1-20180125181848
2018-01-25 18:20:36.674;SQ;AS107-AS1-20180125182036
2018-01-25 18:20:55.461;VU;AS107-AS1-20180125181758
2018-01-25 18:21:19.358;RC;AS107-AS1-20180125181848
2018-01-25 18:21:20.238;SS;AS107-AS1-20180125181848
2018-01-25 18:21:56.510;RO;AS107-AS1-20180125182036
2018-01-25 18:21:57.665;SP;AS107-AS1-20180125182036
2018-01-25 18:22:00.416;SQ;AS107-AS1-20180125182200
2018-01-25 18:22:38.534;RU;AS107-AS1-20180125181848
2018-01-25 18:22:40.316;RC;AS107-AS1-20180125182036
2018-01-25 18:22:41.992;SS;AS107-AS1-20180125182036
2018-01-25 18:23:00.057;VU;AS107-AS1-20180125181848
2018-01-25 18:23:21.465;RO;AS107-AS1-20180125182200
2018-01-25 18:23:22.414;SP;AS107-AS1-20180125182200
2018-01-25 18:23:25.139;SQ;AS107-AS1-20180125182325
2018-01-25 18:23:59.608;RU;AS107-AS1-20180125182036
2018-01-25 18:24:01.467;VU;AS107-AS1-20180125182036
2018-01-25 18:24:23.825;RC;AS107-AS1-20180125182200
2018-01-25 18:24:24.703;SS;AS107-AS1-20180125182200
2018-01-25 18:24:33.366;RO;AS107-AS1-20180125182325
2018-01-25 18:24:34.585;SP;AS107-AS1-20180125182325
2018-01-25 18:24:37.296;SQ;AS107-AS1-20180125182437
2018-01-25 18:25:22.778;RC;AS107-AS1-20180125182325
2018-01-25 18:25:23.649;SS;AS107-AS1-20180125182325
2018-01-25 18:25:26.725;RU;AS107-AS1-20180125182200
2018-01-25 18:25:58.654;RO;AS107-AS1-20180125182437
2018-01-25 18:26:01.252;SP;AS107-AS1-20180125182437
2018-01-25 18:26:02.119;VU;AS107-AS1-20180125182200
2018-01-25 18:26:04.000;SQ;AS107-AS1-20180125182604
2018-01-25 18:26:34.971;RU;AS107-AS1-20180125182325
2018-01-25 18:26:37.386;RC;AS107-AS1-20180125182437
2018-01-25 18:26:38.605;SS;AS107-AS1-20180125182437
2018-01-25 18:26:53.812;VU;AS107-AS1-20180125182325
2018-01-25 18:27:20.847;RO;AS107-AS1-20180125182604
2018-01-25 18:27:21.955;SP;AS107-AS1-20180125182604
2018-01-25 18:27:24.721;SQ;AS107-AS1-20180125182724
2018-01-25 18:27:52.060;RU;AS107-AS1-20180125182437
2018-01-25 18:27:53.917;VU;AS107-AS1-20180125182437
2018-01-25 18:27:59.216;RC;AS107-AS1-20180125182604
2018-01-25 18:28:00.097;SS;AS107-AS1-20180125182604
2018-01-25 18:28:40.997;RO;AS107-AS1-20180125182724
2018-01-25 18:28:42.173;SP;AS107-AS1-20180125182724
2018-01-25 18:28:44.882;SQ;AS107-AS1-20180125182844
2018-01-25 18:29:18.652;RC;AS107-AS1-20180125182724
2018-01-25 18:29:19.497;SS;AS107-AS1-20180125182724
2018-01-25 18:29:25.999;RU;AS107-AS1-20180125182604
2018-01-25 18:29:27.845;VU;AS107-AS1-20180125182604
2018-01-25 18:29:51.871;RO;AS107-AS1-20180125182844
2018-01-25 18:29:53.773;SP;AS107-AS1-20180125182844
2018-01-25 18:29:58.959;SQ;AS107-AS1-20180125182958
2018-01-25 18:30:25.975;RU;AS107-AS1-20180125182724
2018-01-25 18:30:31.518;RC;AS107-AS1-20180125182844
2018-01-25 18:30:33.169;SS;AS107-AS1-20180125182844
2018-01-25 18:30:54.598;VU;AS107-AS1-20180125182724
2018-01-25 18:31:40.065;RO;AS107-AS1-20180125182958
2018-01-25 18:31:40.943;SP;AS107-AS1-20180125182958
2018-01-25 18:31:43.689;SQ;AS107-AS1-20180125183143
2018-01-25 18:31:53.979;RU;AS107-AS1-20180125182844
2018-01-25 18:31:55.866;VU;AS107-AS1-20180125182844
2018-01-25 18:32:16.024;RC;AS107-AS1-20180125182958
2018-01-25 18:32:16.881;SS;AS107-AS1-20180125182958
2018-01-25 18:32:43.862;RO;AS107-AS1-20180125183143
2018-01-25 18:32:45.562;SP;AS107-AS1-20180125183143
2018-01-25 18:32:50.177;SQ;AS107-AS1-20180125183250
2018-01-25 18:33:30.767;RC;AS107-AS1-20180125183143
2018-01-25 18:33:31.649;SS;AS107-AS1-20180125183143
2018-01-25 18:33:39.397;RU;AS107-AS1-20180125182958
2018-01-25 18:33:56.282;VU;AS107-AS1-20180125182958
2018-01-25 18:34:55.394;RO;AS107-AS1-20180125183250
2018-01-25 18:34:56.685;SP;AS107-AS1-20180125183250
2018-01-25 18:34:59.409;SQ;AS107-AS1-20180125183459
2018-01-25 18:35:15.716;RU;AS107-AS1-20180125183143
2018-01-25 18:35:17.593;VU;AS107-AS1-20180125183143
2018-01-25 18:35:34.080;RC;AS107-AS1-20180125183250
2018-01-25 18:35:34.942;SS;AS107-AS1-20180125183250
