2018-01-25 18:17:37.349;SQ;AS108-AS1-20180125181737
2018-01-25 18:18:07.245;RO;AS108-AS1-20180125181737
2018-01-25 18:18:08.203;SP;AS108-AS1-20180125181737
2018-01-25 18:18:10.874;SQ;AS108-AS1-20180125181810
2018-01-25 18:18:31.831;RC;AS108-AS1-20180125181737
2018-01-25 18:18:32.675;SS;AS108-AS1-20180125181737
2018-01-25 18:19:04.923;RO;AS108-AS1-20180125181810
2018-01-25 18:19:05.765;SP;AS108-AS1-20180125181810
2018-01-25 18:19:08.467;SQ;AS108-AS1-20180125181908
2018-01-25 18:19:36.219;RC;AS108-AS1-20180125181810
2018-01-25 18:19:37.043;SS;AS108-AS1-20180125181810
2018-01-25 18:19:44.919;RU;AS108-AS1-20180125181737
2018-01-25 18:19:53.332;VU;AS108-AS1-20180125181737
2018-01-25 18:20:22.655;RO;AS108-AS1-20180125181908
2018-01-25 18:20:23.915;SP;AS108-AS1-20180125181908
2018-01-25 18:20:26.557;SQ;AS108-AS1-20180125182026
2018-01-25 18:20:52.721;RU;AS108-AS1-20180125181810
2018-01-25 18:20:54.557;VU;AS108-AS1-20180125181810
2018-01-25 18:21:45.310;RC;AS108-AS1-20180125181908
2018-01-25 18:21:46.143;SS;AS108-AS1-20180125181908
2018-01-25 18:21:48.745;RO;AS108-AS1-20180125182026
2018-01-25 18:21:50.903;SP;AS108-AS1-20180125182026
2018-01-25 18:21:55.407;SQ;AS108-AS1-20180125182155
2018-01-25 18:22:29.565;RC;AS108-AS1-20180125182026
2018-01-25 18:22:30.421;SS;AS108-AS1-20180125182026
2018-01-25 18:22:58.237;RU;AS108-AS1-20180125181908
2018-01-25 18:23:00.047;VU;AS108-AS1-20180125181908
2018-01-25 18:23:07.323;RO;AS108-AS1-20180125182155
2018-01-25 18:23:08.294;SP;AS108-AS1-20180125182155
2018-01-25 18:23:10.977;SQ;AS108-AS1-20180125182310
2018-01-25 18:23:37.030;RC;AS108-AS1-20180125182155
2018-01-25 18:23:37.848;SS;AS108-AS1-20180125182155
2018-01-25 18:23:48.589;RU;AS108-AS1-20180125182026
2018-01-25 18:24:01.892;VU;AS108-AS1-20180125182026
2018-01-25 18:24:24.394;RO;AS108-AS1-20180125182310
2018-01-25 18:24:25.426;SP;AS108-AS1-20180125182310
2018-01-25 18:24:28.098;SQ;AS108-AS1-20180125182428
2018-01-25 18:25:01.827;RU;AS108-AS1-20180125182155
2018-01-25 18:25:03.085;RC;AS108-AS1-20180125182310
2018-01-25 18:25:03.696;VU;AS108-AS1-20180125182155
2018-01-25 18:25:03.937;SS;AS108-AS1-20180125182310
2018-01-25 18:25:36.494;RO;AS108-AS1-20180125182428
2018-01-25 18:25:37.520;SP;AS108-AS1-20180125182428
2018-01-25 18:25:40.219;SQ;AS108-AS1-20180125182540
2018-01-25 18:26:19.066;RC;AS108-AS1-20180125182428
2018-01-25 18:26:19.907;SS;AS108-AS1-20180125182428
2018-01-25 18:26:25.085;RU;AS108-AS1-20180125182310
2018-01-25 18:26:53.181;RO;AS108-AS1-20180125182540
2018-01-25 18:26:53.183;VU;AS108-AS1-20180125182310
2018-01-25 18:26:54.166;SP;AS108-AS1-20180125182540
2018-01-25 18:26:56.826;SQ;AS108-AS1-20180125182656
2018-01-25 18:27:20.568;RC;AS108-AS1-20180125182540
2018-01-25 18:27:21.395;SS;AS108-AS1-20180125182540
2018-01-25 18:27:50.171;RO;AS108-AS1-20180125182656
2018-01-25 18:27:51.677;SP;AS108-AS1-20180125182656
2018-01-25 18:27:52.902;RU;AS108-AS1-20180125182428
2018-01-25 18:27:55.226;SQ;AS108-AS1-20180125182755
2018-01-25 18:27:55.662;VU;AS108-AS1-20180125182428
2018-01-25 18:28:26.566;RC;AS108-AS1-20180125182656
2018-01-25 18:28:27.387;SS;AS108-AS1-20180125182656
2018-01-25 18:28:32.892;RU;AS108-AS1-20180125182540
2018-01-25 18:28:57.822;VU;AS108-AS1-20180125182540
2018-01-25 18:29:18.768;RO;AS108-AS1-20180125182755
2018-01-25 18:29:19.640;SP;AS108-AS1-20180125182755
2018-01-25 18:29:22.301;SQ;AS108-AS1-20180125182922
2018-01-25 18:29:36.480;RU;AS108-AS1-20180125182656
2018-01-25 18:29:50.906;RC;AS108-AS1-20180125182755
2018-01-25 18:29:53.176;SS;AS108-AS1-20180125182755
2018-01-25 18:30:01.478;VU;AS108-AS1-20180125182656
2018-01-25 18:30:28.036;RO;AS108-AS1-20180125182922
2018-01-25 18:30:29.239;SP;AS108-AS1-20180125182922
2018-01-25 18:30:31.908;SQ;AS108-AS1-20180125183031
2018-01-25 18:31:08.856;RC;AS108-AS1-20180125182922
2018-01-25 18:31:09.684;SS;AS108-AS1-20180125182922
2018-01-25 18:31:15.740;RU;AS108-AS1-20180125182755
2018-01-25 18:31:17.602;VU;AS108-AS1-20180125182755
2018-01-25 18:31:43.700;RO;AS108-AS1-20180125183031
2018-01-25 18:31:45.768;SP;AS108-AS1-20180125183031
2018-01-25 18:31:50.263;SQ;AS108-AS1-20180125183150
2018-01-25 18:32:20.417;RU;AS108-AS1-20180125182922
2018-01-25 18:32:24.534;RC;AS108-AS1-20180125183031
2018-01-25 18:32:25.764;SS;AS108-AS1-20180125183031
2018-01-25 18:32:55.075;VU;AS108-AS1-20180125182922
2018-01-25 18:33:01.012;RO;AS108-AS1-20180125183150
2018-01-25 18:33:02.195;SP;AS108-AS1-20180125183150
2018-01-25 18:33:04.845;SQ;AS108-AS1-20180125183304
2018-01-25 18:33:33.818;RU;AS108-AS1-20180125183031
2018-01-25 18:33:39.870;RC;AS108-AS1-20180125183150
2018-01-25 18:33:41.016;SS;AS108-AS1-20180125183150
2018-01-25 18:33:56.017;VU;AS108-AS1-20180125183031
2018-01-25 18:34:18.866;RO;AS108-AS1-20180125183304
2018-01-25 18:34:19.809;SP;AS108-AS1-20180125183304
2018-01-25 18:34:22.500;SQ;AS108-AS1-20180125183422
2018-01-25 18:34:55.223;RC;AS108-AS1-20180125183304
2018-01-25 18:34:56.036;SS;AS108-AS1-20180125183304
2018-01-25 18:34:57.880;RU;AS108-AS1-20180125183150
2018-01-25 18:34:59.744;VU;AS108-AS1-20180125183150
2018-01-25 18:35:53.116;RO;AS108-AS1-20180125183422
2018-01-25 18:35:55.046;SP;AS108-AS1-20180125183422
2018-01-25 18:35:57.717;SQ;AS108-AS1-20180125183557
