2018-01-25 18:17:38.250;SQ;AS104-AS1-20180125181738
2018-01-25 18:18:09.548;RO;AS104-AS1-20180125181738
2018-01-25 18:18:10.630;SP;AS104-AS1-20180125181738
2018-01-25 18:18:13.352;SQ;AS104-AS1-20180125181813
2018-01-25 18:18:38.110;RC;AS104-AS1-20180125181738
2018-01-25 18:18:38.966;SS;AS104-AS1-20180125181738
2018-01-25 18:19:13.823;RO;AS104-AS1-20180125181813
2018-01-25 18:19:14.808;SP;AS104-AS1-20180125181813
2018-01-25 18:19:17.483;SQ;AS104-AS1-20180125181917
2018-01-25 18:19:51.462;RC;AS104-AS1-20180125181813
2018-01-25 18:19:52.298;SS;AS104-AS1-20180125181813
2018-01-25 18:19:55.594;RU;AS104-AS1-20180125181738
2018-01-25 18:19:57.445;VU;AS104-AS1-20180125181738
2018-01-25 18:20:26.739;RO;AS104-AS1-20180125181917
2018-01-25 18:20:27.886;SP;AS104-AS1-20180125181917
2018-01-25 18:20:30.634;SQ;AS104-AS1-20180125182030
2018-01-25 18:20:51.118;RU;AS104-AS1-20180125181813
2018-01-25 18:20:52.982;VU;AS104-AS1-20180125181813
2018-01-25 18:21:14.409;RC;AS104-AS1-20180125181917
2018-01-25 18:21:15.247;SS;AS104-AS1-20180125181917
2018-01-25 18:21:50.032;RO;AS104-AS1-20180125182030
2018-01-25 18:21:52.024;SP;AS104-AS1-20180125182030
2018-01-25 18:21:55.337;SQ;AS104-AS1-20180125182155
2018-01-25 18:22:21.967;RC;AS104-AS1-20180125182030
2018-01-25 18:22:22.844;SS;AS104-AS1-20180125182030
2018-01-25 18:22:32.380;RU;AS104-AS1-20180125181917
2018-01-25 18:23:00.060;VU;AS104-AS1-20180125181917
2018-01-25 18:23:41.816;RO;AS104-AS1-20180125182155
2018-01-25 18:23:42.849;SP;AS104-AS1-20180125182155
2018-01-25 18:23:45.561;SQ;AS104-AS1-20180125182345
2018-01-25 18:23:52.028;RU;AS104-AS1-20180125182030
2018-01-25 18:24:00.946;VU;AS104-AS1-20180125182030
2018-01-25 18:24:25.284;RC;AS104-AS1-20180125182155
2018-01-25 18:24:26.155;SS;AS104-AS1-20180125182155
2018-01-25 18:25:01.690;RO;AS104-AS1-20180125182345
2018-01-25 18:25:03.043;SP;AS104-AS1-20180125182345
2018-01-25 18:25:05.745;SQ;AS104-AS1-20180125182505
2018-01-25 18:25:43.463;RU;AS104-AS1-20180125182155
2018-01-25 18:25:46.656;RC;AS104-AS1-20180125182345
2018-01-25 18:25:47.823;SS;AS104-AS1-20180125182345
2018-01-25 18:26:01.150;VU;AS104-AS1-20180125182155
2018-01-25 18:26:18.262;RO;AS104-AS1-20180125182505
2018-01-25 18:26:19.215;SP;AS104-AS1-20180125182505
2018-01-25 18:26:21.919;SQ;AS104-AS1-20180125182621
2018-01-25 18:26:59.808;RC;AS104-AS1-20180125182505
2018-01-25 18:27:00.328;RU;AS104-AS1-20180125182345
2018-01-25 18:27:00.895;SS;AS104-AS1-20180125182505
2018-01-25 18:27:02.498;VU;AS104-AS1-20180125182345
2018-01-25 18:27:49.031;RO;AS104-AS1-20180125182621
2018-01-25 18:27:51.553;SP;AS104-AS1-20180125182621
2018-01-25 18:27:54.221;SQ;AS104-AS1-20180125182754
2018-01-25 18:28:00.158;RU;AS104-AS1-20180125182505
2018-01-25 18:28:01.994;VU;AS104-AS1-20180125182505
2018-01-25 18:28:29.370;RC;AS104-AS1-20180125182621
2018-01-25 18:28:30.209;SS;AS104-AS1-20180125182621
2018-01-25 18:29:48.878;RO;AS104-AS1-20180125182754
2018-01-25 18:29:49.145;RU;AS104-AS1-20180125182621
2018-01-25 18:29:52.523;SP;AS104-AS1-20180125182754
2018-01-25 18:29:59.335;SQ;AS104-AS1-20180125182959
2018-01-25 18:30:03.281;VU;AS104-AS1-20180125182621
2018-01-25 18:30:28.855;RC;AS104-AS1-20180125182754
2018-01-25 18:30:29.729;SS;AS104-AS1-20180125182754
2018-01-25 18:31:10.276;RO;AS104-AS1-20180125182959
2018-01-25 18:31:11.268;SP;AS104-AS1-20180125182959
2018-01-25 18:31:13.969;SQ;AS104-AS1-20180125183113
2018-01-25 18:31:43.241;RU;AS104-AS1-20180125182754
2018-01-25 18:31:52.967;VU;AS104-AS1-20180125182754
2018-01-25 18:31:53.853;RC;AS104-AS1-20180125182959
2018-01-25 18:31:54.693;SS;AS104-AS1-20180125182959
2018-01-25 18:32:40.687;RO;AS104-AS1-20180125183113
2018-01-25 18:32:41.916;SP;AS104-AS1-20180125183113
2018-01-25 18:32:44.595;SQ;AS104-AS1-20180125183244
2018-01-25 18:32:55.940;RU;AS104-AS1-20180125182959
2018-01-25 18:32:57.797;VU;AS104-AS1-20180125182959
2018-01-25 18:33:26.188;RC;AS104-AS1-20180125183113
2018-01-25 18:33:27.043;SS;AS104-AS1-20180125183113
2018-01-25 18:34:18.871;RO;AS104-AS1-20180125183244
2018-01-25 18:34:20.050;SP;AS104-AS1-20180125183244
2018-01-25 18:34:22.720;SQ;AS104-AS1-20180125183422
2018-01-25 18:34:59.032;RC;AS104-AS1-20180125183244
2018-01-25 18:34:59.882;SS;AS104-AS1-20180125183244
2018-01-25 18:35:21.982;RU;AS104-AS1-20180125183113
2018-01-25 18:35:23.845;VU;AS104-AS1-20180125183113
2018-01-25 18:35:48.557;RO;AS104-AS1-20180125183422
2018-01-25 18:35:50.586;SP;AS104-AS1-20180125183422
2018-01-25 18:35:55.141;SQ;AS104-AS1-20180125183555
