2018-01-25 18:17:40.653;SQ;AS113-AS1-20180125181740
2018-01-25 18:18:10.624;RO;AS113-AS1-20180125181740
2018-01-25 18:18:11.532;SP;AS113-AS1-20180125181740
2018-01-25 18:18:14.215;SQ;AS113-AS1-20180125181814
2018-01-25 18:18:36.037;RC;AS113-AS1-20180125181740
2018-01-25 18:18:36.876;SS;AS113-AS1-20180125181740
2018-01-25 18:19:16.582;RO;AS113-AS1-20180125181814
2018-01-25 18:19:17.613;SP;AS113-AS1-20180125181814
2018-01-25 18:19:20.310;SQ;AS113-AS1-20180125181920
2018-01-25 18:19:43.631;RU;AS113-AS1-20180125181740
2018-01-25 18:19:55.077;VU;AS113-AS1-20180125181740
2018-01-25 18:20:02.000;RC;AS113-AS1-20180125181814
2018-01-25 18:20:02.850;SS;AS113-AS1-20180125181814
2018-01-25 18:20:22.381;RO;AS113-AS1-20180125181920
2018-01-25 18:20:23.254;SP;AS113-AS1-20180125181920
2018-01-25 18:20:25.948;SQ;AS113-AS1-20180125182025
2018-01-25 18:21:14.318;RU;AS113-AS1-20180125181814
2018-01-25 18:21:14.697;RC;AS113-AS1-20180125181920
2018-01-25 18:21:16.019;SS;AS113-AS1-20180125181920
2018-01-25 18:21:16.539;VU;AS113-AS1-20180125181814
2018-01-25 18:22:15.186;RO;AS113-AS1-20180125182025
2018-01-25 18:22:16.403;SP;AS113-AS1-20180125182025
2018-01-25 18:22:19.122;SQ;AS113-AS1-20180125182219
2018-01-25 18:22:36.414;RU;AS113-AS1-20180125181920
2018-01-25 18:23:00.069;VU;AS113-AS1-20180125181920
2018-01-25 18:23:03.206;RC;AS113-AS1-20180125182025
2018-01-25 18:23:04.039;SS;AS113-AS1-20180125182025
2018-01-25 18:23:38.022;RO;AS113-AS1-20180125182219
2018-01-25 18:23:39.065;SP;AS113-AS1-20180125182219
2018-01-25 18:23:41.716;SQ;AS113-AS1-20180125182341
2018-01-25 18:24:24.438;RU;AS113-AS1-20180125182025
2018-01-25 18:24:24.463;RC;AS113-AS1-20180125182219
2018-01-25 18:24:26.132;SS;AS113-AS1-20180125182219
2018-01-25 18:24:27.130;VU;AS113-AS1-20180125182025
2018-01-25 18:24:55.802;RO;AS113-AS1-20180125182341
2018-01-25 18:24:57.363;SP;AS113-AS1-20180125182341
2018-01-25 18:25:00.028;SQ;AS113-AS1-20180125182500
2018-01-25 18:25:37.257;RC;AS113-AS1-20180125182341
2018-01-25 18:25:38.115;SS;AS113-AS1-20180125182341
2018-01-25 18:25:46.530;RU;AS113-AS1-20180125182219
2018-01-25 18:26:00.920;VU;AS113-AS1-20180125182219
2018-01-25 18:26:51.664;RO;AS113-AS1-20180125182500
2018-01-25 18:26:53.002;SP;AS113-AS1-20180125182500
2018-01-25 18:26:55.714;SQ;AS113-AS1-20180125182655
2018-01-25 18:27:01.187;RU;AS113-AS1-20180125182341
2018-01-25 18:27:03.042;VU;AS113-AS1-20180125182341
2018-01-25 18:27:23.165;RC;AS113-AS1-20180125182500
2018-01-25 18:27:24.011;SS;AS113-AS1-20180125182500
2018-01-25 18:27:50.163;RO;AS113-AS1-20180125182655
2018-01-25 18:27:51.690;SP;AS113-AS1-20180125182655
2018-01-25 18:27:54.398;SQ;AS113-AS1-20180125182754
2018-01-25 18:28:27.528;RC;AS113-AS1-20180125182655
2018-01-25 18:28:28.372;SS;AS113-AS1-20180125182655
2018-01-25 18:28:39.329;RU;AS113-AS1-20180125182500
2018-01-25 18:28:57.480;VU;AS113-AS1-20180125182500
2018-01-25 18:29:18.570;RO;AS113-AS1-20180125182754
2018-01-25 18:29:19.830;SP;AS113-AS1-20180125182754
2018-01-25 18:29:22.484;SQ;AS113-AS1-20180125182922
2018-01-25 18:29:50.329;RU;AS113-AS1-20180125182655
2018-01-25 18:29:52.724;RC;AS113-AS1-20180125182754
2018-01-25 18:29:55.878;SS;AS113-AS1-20180125182754
2018-01-25 18:30:00.639;VU;AS113-AS1-20180125182655
2018-01-25 18:30:35.274;RO;AS113-AS1-20180125182922
2018-01-25 18:30:36.412;SP;AS113-AS1-20180125182922
2018-01-25 18:30:39.104;SQ;AS113-AS1-20180125183039
2018-01-25 18:31:14.730;RU;AS113-AS1-20180125182754
2018-01-25 18:31:16.555;VU;AS113-AS1-20180125182754
2018-01-25 18:31:18.643;RC;AS113-AS1-20180125182922
2018-01-25 18:31:19.469;SS;AS113-AS1-20180125182922
2018-01-25 18:32:08.047;RO;AS113-AS1-20180125183039
2018-01-25 18:32:09.041;SP;AS113-AS1-20180125183039
2018-01-25 18:32:11.710;SQ;AS113-AS1-20180125183211
2018-01-25 18:32:42.618;RC;AS113-AS1-20180125183039
2018-01-25 18:32:43.474;SS;AS113-AS1-20180125183039
2018-01-25 18:32:44.985;RU;AS113-AS1-20180125182922
2018-01-25 18:32:55.400;VU;AS113-AS1-20180125182922
2018-01-25 18:34:00.173;RO;AS113-AS1-20180125183211
2018-01-25 18:34:01.216;SP;AS113-AS1-20180125183211
2018-01-25 18:34:03.906;SQ;AS113-AS1-20180125183403
2018-01-25 18:34:18.277;RU;AS113-AS1-20180125183039
2018-01-25 18:34:20.128;VU;AS113-AS1-20180125183039
2018-01-25 18:34:31.972;RC;AS113-AS1-20180125183211
2018-01-25 18:34:32.829;SS;AS113-AS1-20180125183211
2018-01-25 18:35:35.370;RO;AS113-AS1-20180125183403
2018-01-25 18:35:36.339;SP;AS113-AS1-20180125183403
2018-01-25 18:35:39.036;SQ;AS113-AS1-20180125183539
2018-01-25 18:35:51.661;RU;AS113-AS1-20180125183211
2018-01-25 18:35:57.020;VU;AS113-AS1-20180125183211
