2018-01-25 18:17:34.714;SQ;AS116-AS1-20180125181734
2018-01-25 18:17:46.294;RO;AS116-AS1-20180125181734
2018-01-25 18:17:47.531;SP;AS116-AS1-20180125181734
2018-01-25 18:17:50.216;SQ;AS116-AS1-20180125181750
2018-01-25 18:18:04.707;RC;AS116-AS1-20180125181734
2018-01-25 18:18:05.539;SS;AS116-AS1-20180125181734
2018-01-25 18:18:29.167;RO;AS116-AS1-20180125181750
2018-01-25 18:18:30.109;SP;AS116-AS1-20180125181750
2018-01-25 18:18:32.744;SQ;AS116-AS1-20180125181832
2018-01-25 18:18:59.313;RC;AS116-AS1-20180125181750
2018-01-25 18:19:00.131;SS;AS116-AS1-20180125181750
2018-01-25 18:19:03.791;RU;AS116-AS1-20180125181734
2018-01-25 18:19:05.594;VU;AS116-AS1-20180125181734
2018-01-25 18:19:42.823;RO;AS116-AS1-20180125181832
2018-01-25 18:19:45.076;SP;AS116-AS1-20180125181832
2018-01-25 18:19:49.656;SQ;AS116-AS1-20180125181949
2018-01-25 18:20:19.097;RU;AS116-AS1-20180125181750
2018-01-25 18:20:20.140;RC;AS116-AS1-20180125181832
2018-01-25 18:20:20.911;VU;AS116-AS1-20180125181750
2018-01-25 18:20:20.965;SS;AS116-AS1-20180125181832
2018-01-25 18:20:50.323;RO;AS116-AS1-20180125181949
2018-01-25 18:20:52.155;SP;AS116-AS1-20180125181949
2018-01-25 18:20:54.789;SQ;AS116-AS1-20180125182054
2018-01-25 18:21:29.605;RC;AS116-AS1-20180125181949
2018-01-25 18:21:30.426;SS;AS116-AS1-20180125181949
2018-01-25 18:21:36.206;RU;AS116-AS1-20180125181832
2018-01-25 18:21:56.879;VU;AS116-AS1-20180125181832
2018-01-25 18:22:10.857;RO;AS116-AS1-20180125182054
2018-01-25 18:22:11.688;SP;AS116-AS1-20180125182054
2018-01-25 18:22:14.370;SQ;AS116-AS1-20180125182214
2018-01-25 18:22:52.407;RU;AS116-AS1-20180125181949
2018-01-25 18:22:58.235;VU;AS116-AS1-20180125181949
2018-01-25 18:23:22.421;RC;AS116-AS1-20180125182054
2018-01-25 18:23:23.243;SS;AS116-AS1-20180125182054
2018-01-25 18:23:28.507;RO;AS116-AS1-20180125182214
2018-01-25 18:23:29.805;SP;AS116-AS1-20180125182214
2018-01-25 18:23:32.443;SQ;AS116-AS1-20180125182332
2018-01-25 18:24:06.742;RC;AS116-AS1-20180125182214
2018-01-25 18:24:07.564;SS;AS116-AS1-20180125182214
2018-01-25 18:24:54.179;RO;AS116-AS1-20180125182332
2018-01-25 18:24:55.372;RU;AS116-AS1-20180125182054
2018-01-25 18:24:57.054;SP;AS116-AS1-20180125182332
2018-01-25 18:24:59.804;VU;AS116-AS1-20180125182054
2018-01-25 18:25:00.067;SQ;AS116-AS1-20180125182500
2018-01-25 18:25:22.731;RU;AS116-AS1-20180125182214
2018-01-25 18:25:24.583;VU;AS116-AS1-20180125182214
2018-01-25 18:25:28.692;RC;AS116-AS1-20180125182332
2018-01-25 18:25:29.504;SS;AS116-AS1-20180125182332
2018-01-25 18:26:16.959;RO;AS116-AS1-20180125182500
2018-01-25 18:26:17.972;SP;AS116-AS1-20180125182500
2018-01-25 18:26:20.609;SQ;AS116-AS1-20180125182620
2018-01-25 18:26:51.675;RU;AS116-AS1-20180125182332
2018-01-25 18:26:53.492;VU;AS116-AS1-20180125182332
2018-01-25 18:26:55.915;RC;AS116-AS1-20180125182500
2018-01-25 18:26:56.738;SS;AS116-AS1-20180125182500
2018-01-25 18:27:48.824;RO;AS116-AS1-20180125182620
2018-01-25 18:27:51.485;SP;AS116-AS1-20180125182620
2018-01-25 18:27:53.876;RU;AS116-AS1-20180125182500
2018-01-25 18:27:54.296;SQ;AS116-AS1-20180125182754
2018-01-25 18:27:55.909;VU;AS116-AS1-20180125182500
2018-01-25 18:28:22.610;RC;AS116-AS1-20180125182620
2018-01-25 18:28:23.440;SS;AS116-AS1-20180125182620
2018-01-25 18:29:18.502;RO;AS116-AS1-20180125182754
2018-01-25 18:29:19.714;SP;AS116-AS1-20180125182754
2018-01-25 18:29:22.365;SQ;AS116-AS1-20180125182922
2018-01-25 18:29:33.611;RU;AS116-AS1-20180125182620
2018-01-25 18:30:00.600;VU;AS116-AS1-20180125182620
2018-01-25 18:30:26.870;RC;AS116-AS1-20180125182754
2018-01-25 18:30:27.685;SS;AS116-AS1-20180125182754
2018-01-25 18:30:38.070;RO;AS116-AS1-20180125182922
2018-01-25 18:30:39.268;SP;AS116-AS1-20180125182922
2018-01-25 18:30:41.898;SQ;AS116-AS1-20180125183041
2018-01-25 18:31:21.153;RC;AS116-AS1-20180125182922
2018-01-25 18:31:21.987;SS;AS116-AS1-20180125182922
2018-01-25 18:31:42.183;RU;AS116-AS1-20180125182754
2018-01-25 18:32:08.435;RO;AS116-AS1-20180125183041
2018-01-25 18:32:09.899;SP;AS116-AS1-20180125183041
2018-01-25 18:32:13.398;SQ;AS116-AS1-20180125183213
2018-01-25 18:32:47.716;RC;AS116-AS1-20180125183041
2018-01-25 18:32:50.969;SS;AS116-AS1-20180125183041
2018-01-25 18:33:18.377;RU;AS116-AS1-20180125182922
2018-01-25 18:33:20.577;VU;AS116-AS1-20180125182922
2018-01-25 18:33:33.693;RO;AS116-AS1-20180125183213
2018-01-25 18:33:35.433;SP;AS116-AS1-20180125183213
2018-01-25 18:33:38.789;SQ;AS116-AS1-20180125183338
2018-01-25 18:34:18.389;RU;AS116-AS1-20180125183041
2018-01-25 18:34:18.551;RC;AS116-AS1-20180125183213
2018-01-25 18:34:20.754;SS;AS116-AS1-20180125183213
2018-01-25 18:34:21.674;VU;AS116-AS1-20180125183041
2018-01-25 18:34:50.008;RO;AS116-AS1-20180125183338
2018-01-25 18:34:52.611;SP;AS116-AS1-20180125183338
2018-01-25 18:34:58.146;SQ;AS116-AS1-20180125183458
2018-01-25 18:35:29.523;RC;AS116-AS1-20180125183338
2018-01-25 18:35:30.772;SS;AS116-AS1-20180125183338
2018-01-25 18:35:54.720;RU;AS116-AS1-20180125183213
2018-01-25 18:35:59.602;VU;AS116-AS1-20180125183213
