2018-01-25 18:17:37.723;SQ;AS114-AS1-20180125181737
2018-01-25 18:18:08.111;RO;AS114-AS1-20180125181737
2018-01-25 18:18:09.138;SP;AS114-AS1-20180125181737
2018-01-25 18:18:11.817;SQ;AS114-AS1-20180125181811
2018-01-25 18:18:33.727;RC;AS114-AS1-20180125181737
2018-01-25 18:18:34.580;SS;AS114-AS1-20180125181737
2018-01-25 18:19:10.218;RO;AS114-AS1-20180125181811
2018-01-25 18:19:11.226;SP;AS114-AS1-20180125181811
2018-01-25 18:19:13.921;SQ;AS114-AS1-20180125181913
2018-01-25 18:19:44.244;RU;AS114-AS1-20180125181737
2018-01-25 18:19:46.781;RC;AS114-AS1-20180125181811
2018-01-25 18:19:50.158;SS;AS114-AS1-20180125181811
2018-01-25 18:19:54.324;VU;AS114-AS1-20180125181737
2018-01-25 18:20:21.891;RO;AS114-AS1-20180125181913
2018-01-25 18:20:22.861;SP;AS114-AS1-20180125181913
2018-01-25 18:20:25.551;SQ;AS114-AS1-20180125182025
2018-01-25 18:21:14.414;RC;AS114-AS1-20180125181913
2018-01-25 18:21:14.665;RU;AS114-AS1-20180125181811
2018-01-25 18:21:15.837;SS;AS114-AS1-20180125181913
2018-01-25 18:21:17.123;VU;AS114-AS1-20180125181811
2018-01-25 18:21:46.584;RO;AS114-AS1-20180125182025
2018-01-25 18:21:47.492;SP;AS114-AS1-20180125182025
2018-01-25 18:21:52.027;SQ;AS114-AS1-20180125182152
2018-01-25 18:22:21.958;RC;AS114-AS1-20180125182025
2018-01-25 18:22:22.828;SS;AS114-AS1-20180125182025
2018-01-25 18:23:15.528;RO;AS114-AS1-20180125182152
2018-01-25 18:23:16.464;SP;AS114-AS1-20180125182152
2018-01-25 18:23:16.766;RU;AS114-AS1-20180125181913
2018-01-25 18:23:18.700;VU;AS114-AS1-20180125181913
2018-01-25 18:23:19.308;SQ;AS114-AS1-20180125182319
2018-01-25 18:23:43.364;RU;AS114-AS1-20180125182025
2018-01-25 18:23:51.143;RC;AS114-AS1-20180125182152
2018-01-25 18:23:54.160;SS;AS114-AS1-20180125182152
2018-01-25 18:24:03.108;VU;AS114-AS1-20180125182025
2018-01-25 18:24:30.321;RO;AS114-AS1-20180125182319
2018-01-25 18:24:31.256;SP;AS114-AS1-20180125182319
2018-01-25 18:24:33.927;SQ;AS114-AS1-20180125182433
2018-01-25 18:24:57.007;RU;AS114-AS1-20180125182152
2018-01-25 18:24:58.860;VU;AS114-AS1-20180125182152
2018-01-25 18:25:22.722;RC;AS114-AS1-20180125182319
2018-01-25 18:25:23.576;SS;AS114-AS1-20180125182319
2018-01-25 18:25:56.478;RO;AS114-AS1-20180125182433
2018-01-25 18:25:58.239;SP;AS114-AS1-20180125182433
2018-01-25 18:26:00.934;SQ;AS114-AS1-20180125182600
2018-01-25 18:26:27.171;RC;AS114-AS1-20180125182433
2018-01-25 18:26:28.002;SS;AS114-AS1-20180125182433
2018-01-25 18:26:40.889;RU;AS114-AS1-20180125182319
2018-01-25 18:26:53.602;VU;AS114-AS1-20180125182319
2018-01-25 18:27:02.402;RO;AS114-AS1-20180125182600
2018-01-25 18:27:03.378;SP;AS114-AS1-20180125182600
2018-01-25 18:27:06.072;SQ;AS114-AS1-20180125182706
2018-01-25 18:27:20.926;RC;AS114-AS1-20180125182600
2018-01-25 18:27:21.780;SS;AS114-AS1-20180125182600
2018-01-25 18:27:52.898;RU;AS114-AS1-20180125182433
2018-01-25 18:27:54.729;VU;AS114-AS1-20180125182433
2018-01-25 18:27:55.303;RO;AS114-AS1-20180125182706
2018-01-25 18:27:56.469;SP;AS114-AS1-20180125182706
2018-01-25 18:27:59.127;SQ;AS114-AS1-20180125182759
2018-01-25 18:28:35.000;RU;AS114-AS1-20180125182600
2018-01-25 18:28:40.293;RC;AS114-AS1-20180125182706
2018-01-25 18:28:41.732;SS;AS114-AS1-20180125182706
2018-01-25 18:28:58.769;VU;AS114-AS1-20180125182600
2018-01-25 18:29:18.660;RO;AS114-AS1-20180125182759
2018-01-25 18:29:19.579;SP;AS114-AS1-20180125182759
2018-01-25 18:29:22.271;SQ;AS114-AS1-20180125182922
2018-01-25 18:29:48.536;RC;AS114-AS1-20180125182759
2018-01-25 18:29:49.804;SS;AS114-AS1-20180125182759
2018-01-25 18:30:25.977;RU;AS114-AS1-20180125182706
2018-01-25 18:30:27.813;VU;AS114-AS1-20180125182706
2018-01-25 18:30:35.719;RO;AS114-AS1-20180125182922
2018-01-25 18:30:36.714;SP;AS114-AS1-20180125182922
2018-01-25 18:30:39.432;SQ;AS114-AS1-20180125183039
2018-01-25 18:31:14.773;RC;AS114-AS1-20180125182922
2018-01-25 18:31:15.087;RU;AS114-AS1-20180125182759
2018-01-25 18:31:16.103;SS;AS114-AS1-20180125182922
2018-01-25 18:31:17.513;VU;AS114-AS1-20180125182759
2018-01-25 18:32:07.846;RO;AS114-AS1-20180125183039
2018-01-25 18:32:08.868;SP;AS114-AS1-20180125183039
2018-01-25 18:32:11.529;SQ;AS114-AS1-20180125183211
2018-01-25 18:32:41.107;RC;AS114-AS1-20180125183039
2018-01-25 18:32:41.945;SS;AS114-AS1-20180125183039
2018-01-25 18:32:46.469;RU;AS114-AS1-20180125182922
2018-01-25 18:32:54.483;VU;AS114-AS1-20180125182922
2018-01-25 18:33:28.941;RO;AS114-AS1-20180125183211
2018-01-25 18:33:29.990;SP;AS114-AS1-20180125183211
2018-01-25 18:33:32.654;SQ;AS114-AS1-20180125183332
2018-01-25 18:33:46.327;RU;AS114-AS1-20180125183039
2018-01-25 18:33:55.409;VU;AS114-AS1-20180125183039
2018-01-25 18:34:37.922;RC;AS114-AS1-20180125183211
2018-01-25 18:34:38.753;SS;AS114-AS1-20180125183211
2018-01-25 18:34:49.341;RO;AS114-AS1-20180125183332
2018-01-25 18:34:51.500;SP;AS114-AS1-20180125183332
2018-01-25 18:34:55.182;SQ;AS114-AS1-20180125183455
2018-01-25 18:35:21.012;RC;AS114-AS1-20180125183332
2018-01-25 18:35:21.871;SS;AS114-AS1-20180125183332
2018-01-25 18:36:02.768;RU;AS114-AS1-20180125183211
2018-01-25 18:36:04.611;VU;AS114-AS1-20180125183211
