2018-01-25 18:17:35.642;SQ;AS11-AS1-20180125181735
2018-01-25 18:17:57.152;RO;AS11-AS1-20180125181735
2018-01-25 18:17:58.021;SP;AS11-AS1-20180125181735
2018-01-25 18:18:00.711;SQ;AS11-AS1-20180125181800
2018-01-25 18:18:17.337;RC;AS11-AS1-20180125181735
2018-01-25 18:18:18.189;SS;AS11-AS1-20180125181735
2018-01-25 18:18:50.551;RO;AS11-AS1-20180125181800
2018-01-25 18:18:52.257;SP;AS11-AS1-20180125181800
2018-01-25 18:18:54.960;SQ;AS11-AS1-20180125181854
2018-01-25 18:19:24.010;RU;AS11-AS1-20180125181735
2018-01-25 18:19:25.848;VU;AS11-AS1-20180125181735
2018-01-25 18:19:28.068;RC;AS11-AS1-20180125181800
2018-01-25 18:19:28.905;SS;AS11-AS1-20180125181800
2018-01-25 18:20:19.457;RO;AS11-AS1-20180125181854
2018-01-25 18:20:20.384;SP;AS11-AS1-20180125181854
2018-01-25 18:20:23.086;SQ;AS11-AS1-20180125182023
2018-01-25 18:20:55.430;RC;AS11-AS1-20180125181854
2018-01-25 18:20:56.176;RU;AS11-AS1-20180125181800
2018-01-25 18:20:56.372;SS;AS11-AS1-20180125181854
2018-01-25 18:20:58.105;VU;AS11-AS1-20180125181800
2018-01-25 18:21:50.257;RO;AS11-AS1-20180125182023
2018-01-25 18:21:52.396;SP;AS11-AS1-20180125182023
2018-01-25 18:21:55.420;SQ;AS11-AS1-20180125182155
2018-01-25 18:22:16.575;RU;AS11-AS1-20180125181854
2018-01-25 18:22:18.414;VU;AS11-AS1-20180125181854
2018-01-25 18:22:32.001;RC;AS11-AS1-20180125182023
2018-01-25 18:22:32.844;SS;AS11-AS1-20180125182023
2018-01-25 18:23:16.538;RO;AS11-AS1-20180125182155
2018-01-25 18:23:17.847;SP;AS11-AS1-20180125182155
2018-01-25 18:23:20.505;SQ;AS11-AS1-20180125182320
2018-01-25 18:23:54.908;RU;AS11-AS1-20180125182023
2018-01-25 18:23:57.126;RC;AS11-AS1-20180125182155
2018-01-25 18:23:59.543;SS;AS11-AS1-20180125182155
2018-01-25 18:24:00.847;VU;AS11-AS1-20180125182023
2018-01-25 18:24:36.446;RO;AS11-AS1-20180125182320
2018-01-25 18:24:37.452;SP;AS11-AS1-20180125182320
2018-01-25 18:24:40.114;SQ;AS11-AS1-20180125182440
2018-01-25 18:25:22.667;RU;AS11-AS1-20180125182155
2018-01-25 18:25:24.507;VU;AS11-AS1-20180125182155
2018-01-25 18:25:25.985;RC;AS11-AS1-20180125182320
2018-01-25 18:25:26.846;SS;AS11-AS1-20180125182320
2018-01-25 18:26:16.818;RO;AS11-AS1-20180125182440
2018-01-25 18:26:18.049;SP;AS11-AS1-20180125182440
2018-01-25 18:26:20.739;SQ;AS11-AS1-20180125182620
2018-01-25 18:26:56.876;RC;AS11-AS1-20180125182440
2018-01-25 18:26:57.714;SS;AS11-AS1-20180125182440
2018-01-25 18:26:59.398;RU;AS11-AS1-20180125182320
2018-01-25 18:27:01.242;VU;AS11-AS1-20180125182320
2018-01-25 18:27:57.699;RO;AS11-AS1-20180125182620
2018-01-25 18:27:58.687;SP;AS11-AS1-20180125182620
2018-01-25 18:28:00.391;RU;AS11-AS1-20180125182440
2018-01-25 18:28:02.418;SQ;AS11-AS1-20180125182802
2018-01-25 18:28:03.189;VU;AS11-AS1-20180125182440
2018-01-25 18:28:47.339;RC;AS11-AS1-20180125182620
2018-01-25 18:28:48.186;SS;AS11-AS1-20180125182620
2018-01-25 18:29:18.658;RO;AS11-AS1-20180125182802
2018-01-25 18:29:19.847;SP;AS11-AS1-20180125182802
2018-01-25 18:29:22.528;SQ;AS11-AS1-20180125182922
2018-01-25 18:29:51.296;RC;AS11-AS1-20180125182802
2018-01-25 18:29:53.057;SS;AS11-AS1-20180125182802
2018-01-25 18:29:54.909;RU;AS11-AS1-20180125182620
2018-01-25 18:29:59.726;VU;AS11-AS1-20180125182620
2018-01-25 18:30:26.837;RO;AS11-AS1-20180125182922
2018-01-25 18:30:27.920;SP;AS11-AS1-20180125182922
2018-01-25 18:30:30.601;SQ;AS11-AS1-20180125183030
2018-01-25 18:31:08.367;RC;AS11-AS1-20180125182922
2018-01-25 18:31:09.192;SS;AS11-AS1-20180125182922
2018-01-25 18:31:15.620;RU;AS11-AS1-20180125182802
2018-01-25 18:31:17.453;VU;AS11-AS1-20180125182802
2018-01-25 18:31:53.150;RO;AS11-AS1-20180125183030
2018-01-25 18:31:54.011;SP;AS11-AS1-20180125183030
2018-01-25 18:31:56.690;SQ;AS11-AS1-20180125183156
2018-01-25 18:32:21.800;RU;AS11-AS1-20180125182922
2018-01-25 18:32:27.798;RC;AS11-AS1-20180125183030
2018-01-25 18:32:29.004;SS;AS11-AS1-20180125183030
2018-01-25 18:32:53.812;RO;AS11-AS1-20180125183156
2018-01-25 18:32:54.829;VU;AS11-AS1-20180125182922
2018-01-25 18:32:55.128;SP;AS11-AS1-20180125183156
2018-01-25 18:32:57.820;SQ;AS11-AS1-20180125183257
2018-01-25 18:33:33.684;RC;AS11-AS1-20180125183156
2018-01-25 18:33:34.517;SS;AS11-AS1-20180125183156
2018-01-25 18:33:58.520;RU;AS11-AS1-20180125183030
2018-01-25 18:34:00.351;VU;AS11-AS1-20180125183030
2018-01-25 18:34:18.833;RO;AS11-AS1-20180125183257
2018-01-25 18:34:19.726;SP;AS11-AS1-20180125183257
2018-01-25 18:34:22.391;SQ;AS11-AS1-20180125183422
2018-01-25 18:34:49.993;RU;AS11-AS1-20180125183156
2018-01-25 18:34:53.058;RC;AS11-AS1-20180125183257
2018-01-25 18:34:55.195;SS;AS11-AS1-20180125183257
2018-01-25 18:34:56.046;VU;AS11-AS1-20180125183156
