2018-01-25 18:17:37.150;SQ;AS128-AS1-20180125181737
2018-01-25 18:18:06.513;RO;AS128-AS1-20180125181737
2018-01-25 18:18:07.513;SP;AS128-AS1-20180125181737
2018-01-25 18:18:10.170;SQ;AS128-AS1-20180125181810
2018-01-25 18:18:31.376;RC;AS128-AS1-20180125181737
2018-01-25 18:18:32.224;SS;AS128-AS1-20180125181737
2018-01-25 18:19:05.960;RO;AS128-AS1-20180125181810
2018-01-25 18:19:07.068;SP;AS128-AS1-20180125181810
2018-01-25 18:19:09.727;SQ;AS128-AS1-20180125181909
2018-01-25 18:19:45.435;RU;AS128-AS1-20180125181737
2018-01-25 18:19:49.291;RC;AS128-AS1-20180125181810
2018-01-25 18:19:52.814;SS;AS128-AS1-20180125181810
2018-01-25 18:19:54.077;VU;AS128-AS1-20180125181737
2018-01-25 18:20:19.626;RO;AS128-AS1-20180125181909
2018-01-25 18:20:20.629;SP;AS128-AS1-20180125181909
2018-01-25 18:20:23.265;SQ;AS128-AS1-20180125182023
2018-01-25 18:20:54.647;RC;AS128-AS1-20180125181909
2018-01-25 18:20:55.475;SS;AS128-AS1-20180125181909
2018-01-25 18:21:14.532;RU;AS128-AS1-20180125181810
2018-01-25 18:21:16.376;VU;AS128-AS1-20180125181810
2018-01-25 18:21:48.176;RO;AS128-AS1-20180125182023
2018-01-25 18:21:50.100;SP;AS128-AS1-20180125182023
2018-01-25 18:21:54.545;SQ;AS128-AS1-20180125182154
2018-01-25 18:22:09.419;RU;AS128-AS1-20180125181909
2018-01-25 18:22:11.261;VU;AS128-AS1-20180125181909
2018-01-25 18:22:24.573;RC;AS128-AS1-20180125182023
2018-01-25 18:22:25.405;SS;AS128-AS1-20180125182023
2018-01-25 18:23:30.469;RO;AS128-AS1-20180125182154
2018-01-25 18:23:31.469;SP;AS128-AS1-20180125182154
2018-01-25 18:23:34.110;SQ;AS128-AS1-20180125182334
2018-01-25 18:23:54.243;RU;AS128-AS1-20180125182023
2018-01-25 18:23:59.999;VU;AS128-AS1-20180125182023
2018-01-25 18:24:24.426;RC;AS128-AS1-20180125182154
2018-01-25 18:24:25.259;SS;AS128-AS1-20180125182154
2018-01-25 18:24:52.785;RO;AS128-AS1-20180125182334
2018-01-25 18:24:54.941;SP;AS128-AS1-20180125182334
2018-01-25 18:24:58.775;SQ;AS128-AS1-20180125182458
2018-01-25 18:25:29.780;RC;AS128-AS1-20180125182334
2018-01-25 18:25:30.620;SS;AS128-AS1-20180125182334
2018-01-25 18:25:39.640;RU;AS128-AS1-20180125182154
2018-01-25 18:26:00.840;VU;AS128-AS1-20180125182154
2018-01-25 18:26:53.945;RO;AS128-AS1-20180125182458
2018-01-25 18:26:55.226;SP;AS128-AS1-20180125182458
2018-01-25 18:26:57.855;SQ;AS128-AS1-20180125182657
2018-01-25 18:26:59.393;RU;AS128-AS1-20180125182334
2018-01-25 18:27:01.208;VU;AS128-AS1-20180125182334
2018-01-25 18:27:23.438;RC;AS128-AS1-20180125182458
2018-01-25 18:27:24.262;SS;AS128-AS1-20180125182458
2018-01-25 18:27:51.976;RO;AS128-AS1-20180125182657
2018-01-25 18:27:53.236;SP;AS128-AS1-20180125182657
2018-01-25 18:27:55.923;SQ;AS128-AS1-20180125182755
2018-01-25 18:28:33.531;RC;AS128-AS1-20180125182657
2018-01-25 18:28:34.352;SS;AS128-AS1-20180125182657
2018-01-25 18:28:58.553;RU;AS128-AS1-20180125182458
2018-01-25 18:29:00.367;VU;AS128-AS1-20180125182458
2018-01-25 18:29:18.397;RO;AS128-AS1-20180125182755
2018-01-25 18:29:19.334;SP;AS128-AS1-20180125182755
2018-01-25 18:29:22.005;SQ;AS128-AS1-20180125182922
2018-01-25 18:29:45.160;RU;AS128-AS1-20180125182657
2018-01-25 18:29:49.991;RC;AS128-AS1-20180125182755
2018-01-25 18:29:52.339;SS;AS128-AS1-20180125182755
2018-01-25 18:30:01.954;VU;AS128-AS1-20180125182657
2018-01-25 18:31:11.170;RU;AS128-AS1-20180125182755
2018-01-25 18:31:12.983;VU;AS128-AS1-20180125182755
2018-01-25 18:31:17.794;RO;AS128-AS1-20180125182922
2018-01-25 18:31:18.956;SP;AS128-AS1-20180125182922
2018-01-25 18:31:21.610;SQ;AS128-AS1-20180125183121
2018-01-25 18:32:08.007;RC;AS128-AS1-20180125182922
2018-01-25 18:32:08.851;SS;AS128-AS1-20180125182922
2018-01-25 18:32:25.067;RO;AS128-AS1-20180125183121
2018-01-25 18:32:25.999;SP;AS128-AS1-20180125183121
2018-01-25 18:32:28.671;SQ;AS128-AS1-20180125183228
2018-01-25 18:33:19.746;RC;AS128-AS1-20180125183121
2018-01-25 18:33:20.583;SS;AS128-AS1-20180125183121
2018-01-25 18:33:21.814;RU;AS128-AS1-20180125182922
2018-01-25 18:33:23.633;VU;AS128-AS1-20180125182922
2018-01-25 18:33:53.137;RO;AS128-AS1-20180125183228
2018-01-25 18:33:54.087;SP;AS128-AS1-20180125183228
2018-01-25 18:33:56.760;SQ;AS128-AS1-20180125183356
2018-01-25 18:34:20.134;RC;AS128-AS1-20180125183228
2018-01-25 18:34:20.973;SS;AS128-AS1-20180125183228
2018-01-25 18:34:33.293;RU;AS128-AS1-20180125183121
2018-01-25 18:34:56.056;VU;AS128-AS1-20180125183121
2018-01-25 18:35:13.155;RO;AS128-AS1-20180125183356
2018-01-25 18:35:14.181;SP;AS128-AS1-20180125183356
2018-01-25 18:35:16.831;SQ;AS128-AS1-20180125183516
2018-01-25 18:35:54.706;RU;AS128-AS1-20180125183228
2018-01-25 18:35:54.708;RC;AS128-AS1-20180125183356
2018-01-25 18:35:56.375;SS;AS128-AS1-20180125183356
2018-01-25 18:35:57.372;VU;AS128-AS1-20180125183228
