2018-01-25 18:17:39.579;SQ;AS120-AS1-20180125181739
2018-01-25 18:18:33.081;RO;AS120-AS1-20180125181739
2018-01-25 18:18:33.986;SP;AS120-AS1-20180125181739
2018-01-25 18:18:36.687;SQ;AS120-AS1-20180125181836
2018-01-25 18:19:06.158;RC;AS120-AS1-20180125181739
2018-01-25 18:19:07.022;SS;AS120-AS1-20180125181739
2018-01-25 18:20:20.050;RO;AS120-AS1-20180125181836
2018-01-25 18:20:20.075;RU;AS120-AS1-20180125181739
2018-01-25 18:20:21.770;SP;AS120-AS1-20180125181836
2018-01-25 18:20:25.213;SQ;AS120-AS1-20180125182025
2018-01-25 18:20:54.240;VU;AS120-AS1-20180125181739
2018-01-25 18:21:14.666;RC;AS120-AS1-20180125181836
2018-01-25 18:21:15.505;SS;AS120-AS1-20180125181836
2018-01-25 18:21:31.676;RO;AS120-AS1-20180125182025
2018-01-25 18:21:32.630;SP;AS120-AS1-20180125182025
2018-01-25 18:21:35.304;SQ;AS120-AS1-20180125182135
2018-01-25 18:22:09.109;RC;AS120-AS1-20180125182025
2018-01-25 18:22:09.970;SS;AS120-AS1-20180125182025
2018-01-25 18:22:31.145;RU;AS120-AS1-20180125181836
2018-01-25 18:22:53.835;RO;AS120-AS1-20180125182135
2018-01-25 18:22:56.016;SP;AS120-AS1-20180125182135
2018-01-25 18:23:01.819;SQ;AS120-AS1-20180125182301
2018-01-25 18:23:02.593;VU;AS120-AS1-20180125181836
2018-01-25 18:23:21.970;RU;AS120-AS1-20180125182025
2018-01-25 18:23:23.824;VU;AS120-AS1-20180125182025
2018-01-25 18:23:25.734;RC;AS120-AS1-20180125182135
2018-01-25 18:23:26.589;SS;AS120-AS1-20180125182135
2018-01-25 18:24:05.422;RO;AS120-AS1-20180125182301
2018-01-25 18:24:06.738;SP;AS120-AS1-20180125182301
2018-01-25 18:24:09.425;SQ;AS120-AS1-20180125182409
2018-01-25 18:24:33.638;RC;AS120-AS1-20180125182301
2018-01-25 18:24:34.470;SS;AS120-AS1-20180125182301
2018-01-25 18:24:55.799;RU;AS120-AS1-20180125182135
2018-01-25 18:24:58.159;VU;AS120-AS1-20180125182135
2018-01-25 18:25:05.633;RO;AS120-AS1-20180125182409
2018-01-25 18:25:06.826;SP;AS120-AS1-20180125182409
2018-01-25 18:25:09.497;SQ;AS120-AS1-20180125182509
2018-01-25 18:25:53.928;RC;AS120-AS1-20180125182409
2018-01-25 18:25:55.676;SS;AS120-AS1-20180125182409
2018-01-25 18:26:00.852;RU;AS120-AS1-20180125182301
2018-01-25 18:26:02.732;VU;AS120-AS1-20180125182301
2018-01-25 18:26:27.097;RO;AS120-AS1-20180125182509
2018-01-25 18:26:28.438;SP;AS120-AS1-20180125182509
2018-01-25 18:26:31.107;SQ;AS120-AS1-20180125182631
2018-01-25 18:27:19.249;RU;AS120-AS1-20180125182409
2018-01-25 18:27:20.488;RC;AS120-AS1-20180125182509
2018-01-25 18:27:21.506;SS;AS120-AS1-20180125182509
2018-01-25 18:27:51.503;RO;AS120-AS1-20180125182631
2018-01-25 18:27:54.040;SP;AS120-AS1-20180125182631
2018-01-25 18:27:57.554;SQ;AS120-AS1-20180125182757
2018-01-25 18:28:23.253;RC;AS120-AS1-20180125182631
2018-01-25 18:28:24.669;SS;AS120-AS1-20180125182631
2018-01-25 18:28:25.444;RU;AS120-AS1-20180125182509
2018-01-25 18:29:02.156;VU;AS120-AS1-20180125182509
2018-01-25 18:29:21.566;RO;AS120-AS1-20180125182757
2018-01-25 18:29:23.002;SP;AS120-AS1-20180125182757
2018-01-25 18:29:26.564;SQ;AS120-AS1-20180125182926
2018-01-25 18:29:46.136;RU;AS120-AS1-20180125182631
2018-01-25 18:30:05.214;VU;AS120-AS1-20180125182631
2018-01-25 18:30:06.400;RC;AS120-AS1-20180125182757
2018-01-25 18:30:07.260;SS;AS120-AS1-20180125182757
2018-01-25 18:30:35.028;RO;AS120-AS1-20180125182926
2018-01-25 18:30:36.590;SP;AS120-AS1-20180125182926
2018-01-25 18:30:40.005;SQ;AS120-AS1-20180125183040
2018-01-25 18:31:21.336;RC;AS120-AS1-20180125182926
2018-01-25 18:31:22.055;RU;AS120-AS1-20180125182757
2018-01-25 18:31:22.543;SS;AS120-AS1-20180125182926
2018-01-25 18:31:54.432;VU;AS120-AS1-20180125182757
2018-01-25 18:32:08.085;RO;AS120-AS1-20180125183040
2018-01-25 18:32:09.450;SP;AS120-AS1-20180125183040
2018-01-25 18:32:12.809;SQ;AS120-AS1-20180125183212
2018-01-25 18:32:41.296;RU;AS120-AS1-20180125182926
2018-01-25 18:32:45.320;RC;AS120-AS1-20180125183040
2018-01-25 18:32:49.914;SS;AS120-AS1-20180125183040
2018-01-25 18:32:58.346;VU;AS120-AS1-20180125182926
2018-01-25 18:33:29.975;RO;AS120-AS1-20180125183212
2018-01-25 18:33:31.670;SP;AS120-AS1-20180125183212
2018-01-25 18:33:35.080;SQ;AS120-AS1-20180125183335
2018-01-25 18:34:18.558;RC;AS120-AS1-20180125183212
2018-01-25 18:34:20.245;SS;AS120-AS1-20180125183212
2018-01-25 18:34:30.464;RU;AS120-AS1-20180125183040
2018-01-25 18:34:47.996;RO;AS120-AS1-20180125183335
2018-01-25 18:34:51.250;SP;AS120-AS1-20180125183335
2018-01-25 18:34:59.452;SQ;AS120-AS1-20180125183459
2018-01-25 18:35:25.251;RC;AS120-AS1-20180125183335
2018-01-25 18:35:26.981;SS;AS120-AS1-20180125183335
2018-01-25 18:35:38.343;RU;AS120-AS1-20180125183212
2018-01-25 18:36:02.666;VU;AS120-AS1-20180125183212
