2018-01-25 18:17:32.156;SQ;AS124-AS1-20180125181732
2018-01-25 18:17:33.348;RO;AS124-AS1-20180125181732
2018-01-25 18:17:34.428;SP;AS124-AS1-20180125181732
2018-01-25 18:17:36.353;RC;AS124-AS1-20180125181732
2018-01-25 18:17:37.593;SQ;AS124-AS1-20180125181737
2018-01-25 18:17:37.800;SS;AS124-AS1-20180125181732
2018-01-25 18:18:12.767;RU;AS124-AS1-20180125181732
2018-01-25 18:18:25.485;RO;AS124-AS1-20180125181737
2018-01-25 18:18:26.870;SP;AS124-AS1-20180125181737
2018-01-25 18:18:30.048;SQ;AS124-AS1-20180125181830
2018-01-25 18:18:55.567;VU;AS124-AS1-20180125181732
2018-01-25 18:19:00.622;RC;AS124-AS1-20180125181737
2018-01-25 18:19:01.429;SS;AS124-AS1-20180125181737
2018-01-25 18:19:37.899;RO;AS124-AS1-20180125181830
2018-01-25 18:19:38.902;SP;AS124-AS1-20180125181830
2018-01-25 18:19:41.466;SQ;AS124-AS1-20180125181941
2018-01-25 18:20:19.364;RU;AS124-AS1-20180125181737
2018-01-25 18:20:20.070;RC;AS124-AS1-20180125181830
2018-01-25 18:20:20.942;SS;AS124-AS1-20180125181830
2018-01-25 18:20:21.218;VU;AS124-AS1-20180125181737
2018-01-25 18:20:51.635;RO;AS124-AS1-20180125181941
2018-01-25 18:20:52.800;SP;AS124-AS1-20180125181941
2018-01-25 18:20:55.366;SQ;AS124-AS1-20180125182055
2018-01-25 18:21:29.640;RC;AS124-AS1-20180125181941
2018-01-25 18:21:30.423;SS;AS124-AS1-20180125181941
2018-01-25 18:21:34.925;RU;AS124-AS1-20180125181830
2018-01-25 18:21:57.139;VU;AS124-AS1-20180125181830
2018-01-25 18:22:10.654;RO;AS124-AS1-20180125182055
2018-01-25 18:22:11.731;SP;AS124-AS1-20180125182055
2018-01-25 18:22:14.283;SQ;AS124-AS1-20180125182214
2018-01-25 18:22:44.119;RC;AS124-AS1-20180125182055
2018-01-25 18:22:44.913;SS;AS124-AS1-20180125182055
2018-01-25 18:22:45.368;RU;AS124-AS1-20180125181941
2018-01-25 18:23:29.446;RO;AS124-AS1-20180125182214
2018-01-25 18:23:30.694;SP;AS124-AS1-20180125182214
2018-01-25 18:23:33.688;SQ;AS124-AS1-20180125182333
2018-01-25 18:23:57.829;RU;AS124-AS1-20180125182055
2018-01-25 18:24:02.004;VU;AS124-AS1-20180125182055
2018-01-25 18:24:39.158;RC;AS124-AS1-20180125182214
2018-01-25 18:24:40.211;SS;AS124-AS1-20180125182214
2018-01-25 18:24:53.266;RO;AS124-AS1-20180125182333
2018-01-25 18:24:55.839;SP;AS124-AS1-20180125182333
2018-01-25 18:25:00.385;SQ;AS124-AS1-20180125182500
2018-01-25 18:25:33.671;RC;AS124-AS1-20180125182333
2018-01-25 18:25:34.446;SS;AS124-AS1-20180125182333
2018-01-25 18:26:05.290;RU;AS124-AS1-20180125182214
2018-01-25 18:26:07.353;VU;AS124-AS1-20180125182214
2018-01-25 18:26:18.557;RO;AS124-AS1-20180125182500
2018-01-25 18:26:20.244;SP;AS124-AS1-20180125182500
2018-01-25 18:26:23.495;SQ;AS124-AS1-20180125182623
2018-01-25 18:26:57.774;RU;AS124-AS1-20180125182333
2018-01-25 18:26:59.649;VU;AS124-AS1-20180125182333
2018-01-25 18:26:59.803;RC;AS124-AS1-20180125182500
2018-01-25 18:27:00.823;SS;AS124-AS1-20180125182500
2018-01-25 18:27:47.303;RO;AS124-AS1-20180125182623
2018-01-25 18:27:50.536;SP;AS124-AS1-20180125182623
2018-01-25 18:27:55.144;SQ;AS124-AS1-20180125182755
2018-01-25 18:27:57.467;RU;AS124-AS1-20180125182500
2018-01-25 18:27:59.870;VU;AS124-AS1-20180125182500
2018-01-25 18:28:24.053;RC;AS124-AS1-20180125182623
2018-01-25 18:28:24.977;SS;AS124-AS1-20180125182623
2018-01-25 18:29:18.740;RO;AS124-AS1-20180125182755
2018-01-25 18:29:19.771;SP;AS124-AS1-20180125182755
2018-01-25 18:29:23.117;SQ;AS124-AS1-20180125182923
2018-01-25 18:29:46.030;RU;AS124-AS1-20180125182623
2018-01-25 18:29:54.913;RC;AS124-AS1-20180125182755
2018-01-25 18:29:58.177;SS;AS124-AS1-20180125182755
2018-01-25 18:30:04.069;VU;AS124-AS1-20180125182623
2018-01-25 18:30:37.402;RO;AS124-AS1-20180125182923
2018-01-25 18:30:39.188;SP;AS124-AS1-20180125182923
2018-01-25 18:30:42.502;SQ;AS124-AS1-20180125183042
2018-01-25 18:31:11.102;RU;AS124-AS1-20180125182755
2018-01-25 18:31:13.161;VU;AS124-AS1-20180125182755
2018-01-25 18:31:27.242;RC;AS124-AS1-20180125182923
2018-01-25 18:31:28.009;SS;AS124-AS1-20180125182923
2018-01-25 18:32:07.705;RO;AS124-AS1-20180125183042
2018-01-25 18:32:09.547;SP;AS124-AS1-20180125183042
2018-01-25 18:32:12.993;SQ;AS124-AS1-20180125183212
2018-01-25 18:32:47.337;RC;AS124-AS1-20180125183042
2018-01-25 18:32:48.555;RU;AS124-AS1-20180125182923
2018-01-25 18:32:50.468;SS;AS124-AS1-20180125183042
2018-01-25 18:32:56.919;VU;AS124-AS1-20180125182923
2018-01-25 18:33:29.632;RO;AS124-AS1-20180125183212
2018-01-25 18:33:31.092;SP;AS124-AS1-20180125183212
2018-01-25 18:33:34.251;SQ;AS124-AS1-20180125183334
2018-01-25 18:34:01.712;RU;AS124-AS1-20180125183042
2018-01-25 18:34:18.277;RC;AS124-AS1-20180125183212
2018-01-25 18:34:20.058;SS;AS124-AS1-20180125183212
2018-01-25 18:34:50.520;RO;AS124-AS1-20180125183334
2018-01-25 18:34:54.916;SP;AS124-AS1-20180125183334
2018-01-25 18:35:00.837;SQ;AS124-AS1-20180125183500
2018-01-25 18:35:28.271;RU;AS124-AS1-20180125183212
2018-01-25 18:35:31.126;RC;AS124-AS1-20180125183334
2018-01-25 18:35:33.486;SS;AS124-AS1-20180125183334
