2018-01-25 18:17:36.692;SQ;AS133-AS1-20180125181736
2018-01-25 18:18:04.411;RO;AS133-AS1-20180125181736
2018-01-25 18:18:05.487;SP;AS133-AS1-20180125181736
2018-01-25 18:18:08.007;SQ;AS133-AS1-20180125181808
2018-01-25 18:18:29.933;RC;AS133-AS1-20180125181736
2018-01-25 18:18:30.677;SS;AS133-AS1-20180125181736
2018-01-25 18:19:00.992;RO;AS133-AS1-20180125181808
2018-01-25 18:19:01.846;SP;AS133-AS1-20180125181808
2018-01-25 18:19:04.398;SQ;AS133-AS1-20180125181904
2018-01-25 18:19:38.952;RC;AS133-AS1-20180125181808
2018-01-25 18:19:39.731;SS;AS133-AS1-20180125181808
2018-01-25 18:19:40.733;RU;AS133-AS1-20180125181736
2018-01-25 18:19:54.200;VU;AS133-AS1-20180125181736
2018-01-25 18:20:20.101;RO;AS133-AS1-20180125181904
2018-01-25 18:20:21.249;SP;AS133-AS1-20180125181904
2018-01-25 18:20:23.764;SQ;AS133-AS1-20180125182023
2018-01-25 18:20:48.308;RU;AS133-AS1-20180125181808
2018-01-25 18:20:53.023;VU;AS133-AS1-20180125181808
2018-01-25 18:21:01.913;RC;AS133-AS1-20180125181904
2018-01-25 18:21:02.671;SS;AS133-AS1-20180125181904
2018-01-25 18:22:11.047;RO;AS133-AS1-20180125182023
2018-01-25 18:22:12.155;SP;AS133-AS1-20180125182023
2018-01-25 18:22:14.668;SQ;AS133-AS1-20180125182214
2018-01-25 18:22:26.512;RU;AS133-AS1-20180125181904
2018-01-25 18:22:28.266;VU;AS133-AS1-20180125181904
2018-01-25 18:22:52.404;RC;AS133-AS1-20180125182023
2018-01-25 18:22:53.989;SS;AS133-AS1-20180125182023
2018-01-25 18:23:35.904;RO;AS133-AS1-20180125182214
2018-01-25 18:23:37.031;SP;AS133-AS1-20180125182214
2018-01-25 18:23:39.499;SQ;AS133-AS1-20180125182339
2018-01-25 18:24:22.704;RC;AS133-AS1-20180125182214
2018-01-25 18:24:23.480;SS;AS133-AS1-20180125182214
2018-01-25 18:24:23.511;RU;AS133-AS1-20180125182023
2018-01-25 18:24:25.268;VU;AS133-AS1-20180125182023
2018-01-25 18:24:54.379;RO;AS133-AS1-20180125182339
2018-01-25 18:24:56.083;SP;AS133-AS1-20180125182339
2018-01-25 18:24:58.597;SQ;AS133-AS1-20180125182458
2018-01-25 18:25:28.690;RC;AS133-AS1-20180125182339
2018-01-25 18:25:28.691;RU;AS133-AS1-20180125182214
2018-01-25 18:25:30.235;SS;AS133-AS1-20180125182339
2018-01-25 18:26:16.889;RO;AS133-AS1-20180125182458
2018-01-25 18:26:17.961;SP;AS133-AS1-20180125182458
2018-01-25 18:26:21.132;SQ;AS133-AS1-20180125182621
2018-01-25 18:26:56.081;RU;AS133-AS1-20180125182339
2018-01-25 18:26:58.371;VU;AS133-AS1-20180125182339
2018-01-25 18:26:59.994;RC;AS133-AS1-20180125182458
2018-01-25 18:27:01.380;SS;AS133-AS1-20180125182458
2018-01-25 18:27:40.913;RO;AS133-AS1-20180125182621
2018-01-25 18:27:42.160;SP;AS133-AS1-20180125182621
2018-01-25 18:27:45.131;SQ;AS133-AS1-20180125182745
2018-01-25 18:27:58.770;RU;AS133-AS1-20180125182458
2018-01-25 18:28:00.607;VU;AS133-AS1-20180125182458
2018-01-25 18:28:19.154;RC;AS133-AS1-20180125182621
2018-01-25 18:28:20.443;SS;AS133-AS1-20180125182621
2018-01-25 18:28:56.111;RO;AS133-AS1-20180125182745
2018-01-25 18:28:57.169;SP;AS133-AS1-20180125182745
2018-01-25 18:29:00.143;SQ;AS133-AS1-20180125182900
2018-01-25 18:29:24.009;RC;AS133-AS1-20180125182745
2018-01-25 18:29:25.011;SS;AS133-AS1-20180125182745
2018-01-25 18:29:35.877;RU;AS133-AS1-20180125182621
2018-01-25 18:30:04.135;RO;AS133-AS1-20180125182900
2018-01-25 18:30:04.532;VU;AS133-AS1-20180125182621
2018-01-25 18:30:05.532;SP;AS133-AS1-20180125182900
2018-01-25 18:30:08.717;SQ;AS133-AS1-20180125183008
2018-01-25 18:30:43.666;RC;AS133-AS1-20180125182900
2018-01-25 18:30:46.719;SS;AS133-AS1-20180125182900
2018-01-25 18:31:06.007;RU;AS133-AS1-20180125182745
2018-01-25 18:31:07.881;VU;AS133-AS1-20180125182745
2018-01-25 18:31:13.494;RO;AS133-AS1-20180125183008
2018-01-25 18:31:14.759;SP;AS133-AS1-20180125183008
2018-01-25 18:31:18.055;SQ;AS133-AS1-20180125183118
2018-01-25 18:32:08.018;RC;AS133-AS1-20180125183008
2018-01-25 18:32:08.095;RU;AS133-AS1-20180125182900
2018-01-25 18:32:09.818;SS;AS133-AS1-20180125183008
2018-01-25 18:32:10.928;VU;AS133-AS1-20180125182900
2018-01-25 18:32:37.892;RO;AS133-AS1-20180125183118
2018-01-25 18:32:39.469;SP;AS133-AS1-20180125183118
2018-01-25 18:32:42.547;SQ;AS133-AS1-20180125183242
2018-01-25 18:33:20.141;RC;AS133-AS1-20180125183118
2018-01-25 18:33:21.037;SS;AS133-AS1-20180125183118
2018-01-25 18:33:26.985;RU;AS133-AS1-20180125183008
2018-01-25 18:33:54.206;RO;AS133-AS1-20180125183242
2018-01-25 18:33:58.179;SP;AS133-AS1-20180125183242
2018-01-25 18:33:59.739;VU;AS133-AS1-20180125183008
2018-01-25 18:34:01.542;SQ;AS133-AS1-20180125183401
2018-01-25 18:34:32.986;RC;AS133-AS1-20180125183242
2018-01-25 18:34:33.772;SS;AS133-AS1-20180125183242
2018-01-25 18:35:13.416;RO;AS133-AS1-20180125183401
2018-01-25 18:35:14.856;SP;AS133-AS1-20180125183401
2018-01-25 18:35:15.310;RU;AS133-AS1-20180125183118
2018-01-25 18:35:17.945;VU;AS133-AS1-20180125183118
2018-01-25 18:35:18.344;SQ;AS133-AS1-20180125183518
2018-01-25 18:35:58.282;RC;AS133-AS1-20180125183401
2018-01-25 18:35:59.542;SS;AS133-AS1-20180125183401
2018-01-25 18:35:59.830;RU;AS133-AS1-20180125183242
2018-01-25 18:36:01.614;VU;AS133-AS1-20180125183242
