2018-01-25 18:17:35.182;SQ;AS131-AS1-20180125181735
2018-01-25 18:17:55.101;RO;AS131-AS1-20180125181735
2018-01-25 18:17:56.029;SP;AS131-AS1-20180125181735
2018-01-25 18:17:58.645;SQ;AS131-AS1-20180125181758
2018-01-25 18:18:14.064;RC;AS131-AS1-20180125181735
2018-01-25 18:18:14.844;SS;AS131-AS1-20180125181735
2018-01-25 18:18:47.129;RO;AS131-AS1-20180125181758
2018-01-25 18:18:48.020;SP;AS131-AS1-20180125181758
2018-01-25 18:18:50.647;SQ;AS131-AS1-20180125181850
2018-01-25 18:19:20.343;RU;AS131-AS1-20180125181735
2018-01-25 18:19:22.168;VU;AS131-AS1-20180125181735
2018-01-25 18:19:28.066;RC;AS131-AS1-20180125181758
2018-01-25 18:19:28.908;SS;AS131-AS1-20180125181758
2018-01-25 18:19:59.698;RO;AS131-AS1-20180125181850
2018-01-25 18:20:00.517;SP;AS131-AS1-20180125181850
2018-01-25 18:20:03.172;SQ;AS131-AS1-20180125182003
2018-01-25 18:20:29.641;RC;AS131-AS1-20180125181850
2018-01-25 18:20:30.447;SS;AS131-AS1-20180125181850
2018-01-25 18:20:54.453;RU;AS131-AS1-20180125181758
2018-01-25 18:20:56.253;VU;AS131-AS1-20180125181758
2018-01-25 18:21:14.546;RO;AS131-AS1-20180125182003
2018-01-25 18:21:15.601;SP;AS131-AS1-20180125182003
2018-01-25 18:21:18.201;SQ;AS131-AS1-20180125182118
2018-01-25 18:21:51.503;RU;AS131-AS1-20180125181850
2018-01-25 18:21:52.779;RC;AS131-AS1-20180125182003
2018-01-25 18:21:54.265;SS;AS131-AS1-20180125182003
2018-01-25 18:21:54.798;VU;AS131-AS1-20180125181850
2018-01-25 18:22:36.419;RO;AS131-AS1-20180125182118
2018-01-25 18:22:37.599;SP;AS131-AS1-20180125182118
2018-01-25 18:22:40.216;SQ;AS131-AS1-20180125182240
2018-01-25 18:23:16.153;RC;AS131-AS1-20180125182118
2018-01-25 18:23:16.774;RU;AS131-AS1-20180125182003
2018-01-25 18:23:17.118;SS;AS131-AS1-20180125182118
2018-01-25 18:23:18.764;VU;AS131-AS1-20180125182003
2018-01-25 18:23:47.328;RO;AS131-AS1-20180125182240
2018-01-25 18:23:48.596;SP;AS131-AS1-20180125182240
2018-01-25 18:23:51.902;SQ;AS131-AS1-20180125182351
2018-01-25 18:24:24.819;RU;AS131-AS1-20180125182118
2018-01-25 18:24:30.001;RC;AS131-AS1-20180125182240
2018-01-25 18:24:31.318;SS;AS131-AS1-20180125182240
2018-01-25 18:25:00.085;VU;AS131-AS1-20180125182118
2018-01-25 18:25:01.360;RO;AS131-AS1-20180125182351
2018-01-25 18:25:02.314;SP;AS131-AS1-20180125182351
2018-01-25 18:25:04.937;SQ;AS131-AS1-20180125182504
2018-01-25 18:25:48.267;RC;AS131-AS1-20180125182351
2018-01-25 18:25:49.083;SS;AS131-AS1-20180125182351
2018-01-25 18:26:02.092;RU;AS131-AS1-20180125182240
2018-01-25 18:26:03.888;VU;AS131-AS1-20180125182240
2018-01-25 18:26:26.198;RO;AS131-AS1-20180125182504
2018-01-25 18:26:27.356;SP;AS131-AS1-20180125182504
2018-01-25 18:26:29.982;SQ;AS131-AS1-20180125182629
2018-01-25 18:27:18.993;RU;AS131-AS1-20180125182351
2018-01-25 18:27:20.150;RC;AS131-AS1-20180125182504
2018-01-25 18:27:20.783;VU;AS131-AS1-20180125182351
2018-01-25 18:27:20.933;SS;AS131-AS1-20180125182504
2018-01-25 18:27:51.363;RO;AS131-AS1-20180125182629
2018-01-25 18:27:52.363;SP;AS131-AS1-20180125182629
2018-01-25 18:27:54.947;SQ;AS131-AS1-20180125182754
2018-01-25 18:28:27.730;RC;AS131-AS1-20180125182629
2018-01-25 18:28:28.517;SS;AS131-AS1-20180125182629
2018-01-25 18:28:30.151;RU;AS131-AS1-20180125182504
2018-01-25 18:28:58.154;VU;AS131-AS1-20180125182504
2018-01-25 18:29:18.656;RO;AS131-AS1-20180125182754
2018-01-25 18:29:19.886;SP;AS131-AS1-20180125182754
2018-01-25 18:29:22.500;SQ;AS131-AS1-20180125182922
2018-01-25 18:29:50.714;RU;AS131-AS1-20180125182629
2018-01-25 18:29:55.965;RC;AS131-AS1-20180125182754
2018-01-25 18:29:58.987;SS;AS131-AS1-20180125182754
2018-01-25 18:29:59.989;VU;AS131-AS1-20180125182629
2018-01-25 18:30:35.536;RO;AS131-AS1-20180125182922
2018-01-25 18:30:36.413;SP;AS131-AS1-20180125182922
2018-01-25 18:30:39.008;SQ;AS131-AS1-20180125183039
2018-01-25 18:31:16.502;RC;AS131-AS1-20180125182922
2018-01-25 18:31:17.321;SS;AS131-AS1-20180125182922
2018-01-25 18:31:18.925;RU;AS131-AS1-20180125182754
2018-01-25 18:31:20.710;VU;AS131-AS1-20180125182754
2018-01-25 18:32:07.701;RO;AS131-AS1-20180125183039
2018-01-25 18:32:08.922;SP;AS131-AS1-20180125183039
2018-01-25 18:32:11.570;SQ;AS131-AS1-20180125183211
2018-01-25 18:32:30.135;RU;AS131-AS1-20180125182922
2018-01-25 18:32:41.575;RC;AS131-AS1-20180125183039
2018-01-25 18:32:42.536;SS;AS131-AS1-20180125183039
2018-01-25 18:32:54.803;VU;AS131-AS1-20180125182922
2018-01-25 18:33:53.560;RO;AS131-AS1-20180125183211
2018-01-25 18:33:54.522;SP;AS131-AS1-20180125183211
2018-01-25 18:33:57.122;SQ;AS131-AS1-20180125183357
2018-01-25 18:33:59.783;RU;AS131-AS1-20180125183039
2018-01-25 18:34:25.222;RC;AS131-AS1-20180125183211
2018-01-25 18:34:26.832;SS;AS131-AS1-20180125183211
2018-01-25 18:35:11.683;RO;AS131-AS1-20180125183357
2018-01-25 18:35:12.564;SP;AS131-AS1-20180125183357
2018-01-25 18:35:15.725;SQ;AS131-AS1-20180125183515
2018-01-25 18:35:43.051;RC;AS131-AS1-20180125183357
2018-01-25 18:35:44.040;SS;AS131-AS1-20180125183357
