2018-01-25 18:17:37.248;SQ;AS139-AS1-20180125181737
2018-01-25 18:18:05.417;RO;AS139-AS1-20180125181737
2018-01-25 18:18:06.614;SP;AS139-AS1-20180125181737
2018-01-25 18:18:09.306;SQ;AS139-AS1-20180125181809
2018-01-25 18:18:27.391;RC;AS139-AS1-20180125181737
2018-01-25 18:18:28.225;SS;AS139-AS1-20180125181737
2018-01-25 18:19:02.113;RO;AS139-AS1-20180125181809
2018-01-25 18:19:03.192;SP;AS139-AS1-20180125181809
2018-01-25 18:19:05.852;SQ;AS139-AS1-20180125181905
2018-01-25 18:19:37.231;RU;AS139-AS1-20180125181737
2018-01-25 18:19:41.976;RC;AS139-AS1-20180125181809
2018-01-25 18:19:42.920;SS;AS139-AS1-20180125181809
2018-01-25 18:19:55.317;VU;AS139-AS1-20180125181737
2018-01-25 18:20:53.234;RO;AS139-AS1-20180125181905
2018-01-25 18:20:54.340;SP;AS139-AS1-20180125181905
2018-01-25 18:20:56.886;RU;AS139-AS1-20180125181809
2018-01-25 18:20:57.121;SQ;AS139-AS1-20180125182057
2018-01-25 18:20:58.857;VU;AS139-AS1-20180125181809
2018-01-25 18:21:32.331;RC;AS139-AS1-20180125181905
2018-01-25 18:21:33.148;SS;AS139-AS1-20180125181905
2018-01-25 18:22:48.865;RO;AS139-AS1-20180125182057
2018-01-25 18:22:50.961;SP;AS139-AS1-20180125182057
2018-01-25 18:22:51.921;RU;AS139-AS1-20180125181905
2018-01-25 18:22:57.777;SQ;AS139-AS1-20180125182257
2018-01-25 18:23:01.512;VU;AS139-AS1-20180125181905
2018-01-25 18:23:25.675;RC;AS139-AS1-20180125182057
2018-01-25 18:23:26.487;SS;AS139-AS1-20180125182057
2018-01-25 18:24:06.671;RO;AS139-AS1-20180125182257
2018-01-25 18:24:07.662;SP;AS139-AS1-20180125182257
2018-01-25 18:24:10.351;SQ;AS139-AS1-20180125182410
2018-01-25 18:24:36.954;RC;AS139-AS1-20180125182257
2018-01-25 18:24:37.775;SS;AS139-AS1-20180125182257
2018-01-25 18:24:57.284;RU;AS139-AS1-20180125182057
2018-01-25 18:24:59.109;VU;AS139-AS1-20180125182057
2018-01-25 18:25:22.390;RO;AS139-AS1-20180125182410
2018-01-25 18:25:23.272;SP;AS139-AS1-20180125182410
2018-01-25 18:25:25.940;SQ;AS139-AS1-20180125182525
2018-01-25 18:25:57.715;RU;AS139-AS1-20180125182257
2018-01-25 18:25:59.556;VU;AS139-AS1-20180125182257
2018-01-25 18:26:00.955;RC;AS139-AS1-20180125182410
2018-01-25 18:26:01.828;SS;AS139-AS1-20180125182410
2018-01-25 18:26:33.357;RO;AS139-AS1-20180125182525
2018-01-25 18:26:34.316;SP;AS139-AS1-20180125182525
2018-01-25 18:26:36.991;SQ;AS139-AS1-20180125182636
2018-01-25 18:27:21.149;RU;AS139-AS1-20180125182410
2018-01-25 18:27:21.152;RC;AS139-AS1-20180125182525
2018-01-25 18:27:22.814;SS;AS139-AS1-20180125182525
2018-01-25 18:27:23.813;VU;AS139-AS1-20180125182410
2018-01-25 18:27:50.876;RO;AS139-AS1-20180125182636
2018-01-25 18:27:51.880;SP;AS139-AS1-20180125182636
2018-01-25 18:27:54.530;SQ;AS139-AS1-20180125182754
2018-01-25 18:28:30.159;RC;AS139-AS1-20180125182636
2018-01-25 18:28:30.996;SS;AS139-AS1-20180125182636
2018-01-25 18:28:41.005;RU;AS139-AS1-20180125182525
2018-01-25 18:28:58.519;VU;AS139-AS1-20180125182525
2018-01-25 18:29:18.769;RO;AS139-AS1-20180125182754
2018-01-25 18:29:19.978;SP;AS139-AS1-20180125182754
2018-01-25 18:29:22.647;SQ;AS139-AS1-20180125182922
2018-01-25 18:29:49.645;RU;AS139-AS1-20180125182636
2018-01-25 18:29:51.900;RC;AS139-AS1-20180125182754
2018-01-25 18:29:54.801;SS;AS139-AS1-20180125182754
2018-01-25 18:30:01.476;VU;AS139-AS1-20180125182636
2018-01-25 18:30:34.660;RO;AS139-AS1-20180125182922
2018-01-25 18:30:35.594;SP;AS139-AS1-20180125182922
2018-01-25 18:30:38.258;SQ;AS139-AS1-20180125183038
2018-01-25 18:31:07.040;RU;AS139-AS1-20180125182754
2018-01-25 18:31:08.875;VU;AS139-AS1-20180125182754
2018-01-25 18:31:16.630;RC;AS139-AS1-20180125182922
2018-01-25 18:31:17.472;SS;AS139-AS1-20180125182922
2018-01-25 18:32:07.377;RO;AS139-AS1-20180125183038
2018-01-25 18:32:08.669;SP;AS139-AS1-20180125183038
2018-01-25 18:32:11.322;SQ;AS139-AS1-20180125183211
2018-01-25 18:32:40.157;RC;AS139-AS1-20180125183038
2018-01-25 18:32:41.011;SS;AS139-AS1-20180125183038
2018-01-25 18:32:41.844;RU;AS139-AS1-20180125182922
2018-01-25 18:32:54.473;VU;AS139-AS1-20180125182922
2018-01-25 18:33:30.001;RO;AS139-AS1-20180125183211
2018-01-25 18:33:31.265;SP;AS139-AS1-20180125183211
2018-01-25 18:33:33.900;SQ;AS139-AS1-20180125183333
2018-01-25 18:33:55.807;RU;AS139-AS1-20180125183038
2018-01-25 18:33:57.641;VU;AS139-AS1-20180125183038
2018-01-25 18:34:18.280;RC;AS139-AS1-20180125183211
2018-01-25 18:34:19.102;SS;AS139-AS1-20180125183211
2018-01-25 18:34:52.544;RO;AS139-AS1-20180125183333
2018-01-25 18:34:53.816;SP;AS139-AS1-20180125183333
2018-01-25 18:34:56.442;SQ;AS139-AS1-20180125183456
2018-01-25 18:35:23.474;RU;AS139-AS1-20180125183211
2018-01-25 18:35:27.388;RC;AS139-AS1-20180125183333
2018-01-25 18:35:28.776;SS;AS139-AS1-20180125183333
2018-01-25 18:35:58.797;VU;AS139-AS1-20180125183211
