2018-01-25 18:17:45.306;SQ;AS145-AS1-20180125181745
2018-01-25 18:18:22.706;RO;AS145-AS1-20180125181745
2018-01-25 18:18:23.693;SP;AS145-AS1-20180125181745
2018-01-25 18:18:26.382;SQ;AS145-AS1-20180125181826
2018-01-25 18:18:58.349;RC;AS145-AS1-20180125181745
2018-01-25 18:18:59.204;SS;AS145-AS1-20180125181745
2018-01-25 18:19:36.705;RO;AS145-AS1-20180125181826
2018-01-25 18:19:37.791;SP;AS145-AS1-20180125181826
2018-01-25 18:19:40.515;SQ;AS145-AS1-20180125181940
2018-01-25 18:20:19.945;RU;AS145-AS1-20180125181745
2018-01-25 18:20:20.808;RC;AS145-AS1-20180125181826
2018-01-25 18:20:21.678;SS;AS145-AS1-20180125181826
2018-01-25 18:20:21.810;VU;AS145-AS1-20180125181745
2018-01-25 18:20:49.134;RO;AS145-AS1-20180125181940
2018-01-25 18:20:51.588;SP;AS145-AS1-20180125181940
2018-01-25 18:20:54.277;SQ;AS145-AS1-20180125182054
2018-01-25 18:21:29.678;RC;AS145-AS1-20180125181940
2018-01-25 18:21:30.533;SS;AS145-AS1-20180125181940
2018-01-25 18:21:52.230;RU;AS145-AS1-20180125181826
2018-01-25 18:21:54.784;VU;AS145-AS1-20180125181826
2018-01-25 18:22:46.721;RO;AS145-AS1-20180125182054
2018-01-25 18:22:47.777;SP;AS145-AS1-20180125182054
2018-01-25 18:22:52.144;SQ;AS145-AS1-20180125182252
2018-01-25 18:23:22.918;RU;AS145-AS1-20180125181940
2018-01-25 18:23:24.797;VU;AS145-AS1-20180125181940
2018-01-25 18:23:25.612;RC;AS145-AS1-20180125182054
2018-01-25 18:23:26.462;SS;AS145-AS1-20180125182054
2018-01-25 18:24:00.601;RO;AS145-AS1-20180125182252
2018-01-25 18:24:01.568;SP;AS145-AS1-20180125182252
2018-01-25 18:24:04.290;SQ;AS145-AS1-20180125182404
2018-01-25 18:24:38.941;RC;AS145-AS1-20180125182252
2018-01-25 18:24:39.784;SS;AS145-AS1-20180125182252
2018-01-25 18:24:55.164;RU;AS145-AS1-20180125182054
2018-01-25 18:24:57.853;RO;AS145-AS1-20180125182404
2018-01-25 18:24:58.046;VU;AS145-AS1-20180125182054
2018-01-25 18:24:59.184;SP;AS145-AS1-20180125182404
2018-01-25 18:25:01.897;SQ;AS145-AS1-20180125182501
2018-01-25 18:25:42.796;RC;AS145-AS1-20180125182404
2018-01-25 18:25:43.637;SS;AS145-AS1-20180125182404
2018-01-25 18:26:04.946;RU;AS145-AS1-20180125182252
2018-01-25 18:26:06.837;VU;AS145-AS1-20180125182252
2018-01-25 18:26:43.642;RU;AS145-AS1-20180125182404
2018-01-25 18:26:51.939;VU;AS145-AS1-20180125182404
2018-01-25 18:26:57.192;RO;AS145-AS1-20180125182501
2018-01-25 18:26:58.413;SP;AS145-AS1-20180125182501
2018-01-25 18:27:01.148;SQ;AS145-AS1-20180125182701
2018-01-25 18:27:21.218;RC;AS145-AS1-20180125182501
2018-01-25 18:27:22.063;SS;AS145-AS1-20180125182501
2018-01-25 18:28:19.103;RO;AS145-AS1-20180125182701
2018-01-25 18:28:20.093;SP;AS145-AS1-20180125182701
2018-01-25 18:28:22.820;SQ;AS145-AS1-20180125182822
2018-01-25 18:28:36.266;RU;AS145-AS1-20180125182501
2018-01-25 18:28:57.778;VU;AS145-AS1-20180125182501
2018-01-25 18:28:58.298;RC;AS145-AS1-20180125182701
2018-01-25 18:28:59.139;SS;AS145-AS1-20180125182701
2018-01-25 18:29:32.358;RO;AS145-AS1-20180125182822
2018-01-25 18:29:33.285;SP;AS145-AS1-20180125182822
2018-01-25 18:29:36.015;SQ;AS145-AS1-20180125182936
2018-01-25 18:29:59.925;RU;AS145-AS1-20180125182701
2018-01-25 18:30:01.764;VU;AS145-AS1-20180125182701
2018-01-25 18:30:25.451;RC;AS145-AS1-20180125182822
2018-01-25 18:30:26.318;SS;AS145-AS1-20180125182822
2018-01-25 18:31:26.234;RO;AS145-AS1-20180125182936
2018-01-25 18:31:27.488;SP;AS145-AS1-20180125182936
2018-01-25 18:31:30.155;SQ;AS145-AS1-20180125183130
2018-01-25 18:31:38.182;RU;AS145-AS1-20180125182822
2018-01-25 18:31:52.388;VU;AS145-AS1-20180125182822
2018-01-25 18:32:08.038;RC;AS145-AS1-20180125182936
2018-01-25 18:32:08.897;SS;AS145-AS1-20180125182936
2018-01-25 18:32:43.855;RO;AS145-AS1-20180125183130
2018-01-25 18:32:45.855;SP;AS145-AS1-20180125183130
2018-01-25 18:32:50.530;SQ;AS145-AS1-20180125183250
2018-01-25 18:33:18.265;RC;AS145-AS1-20180125183130
2018-01-25 18:33:19.144;SS;AS145-AS1-20180125183130
2018-01-25 18:33:20.384;RU;AS145-AS1-20180125182936
2018-01-25 18:33:22.229;VU;AS145-AS1-20180125182936
2018-01-25 18:33:58.162;RO;AS145-AS1-20180125183250
2018-01-25 18:33:59.475;SP;AS145-AS1-20180125183250
2018-01-25 18:34:02.162;SQ;AS145-AS1-20180125183402
2018-01-25 18:34:34.715;RU;AS145-AS1-20180125183130
2018-01-25 18:34:35.882;RC;AS145-AS1-20180125183250
2018-01-25 18:34:36.842;SS;AS145-AS1-20180125183250
2018-01-25 18:34:56.078;VU;AS145-AS1-20180125183130
2018-01-25 18:35:13.418;RO;AS145-AS1-20180125183402
2018-01-25 18:35:14.623;SP;AS145-AS1-20180125183402
2018-01-25 18:35:17.349;SQ;AS145-AS1-20180125183517
2018-01-25 18:35:52.237;RC;AS145-AS1-20180125183402
2018-01-25 18:35:53.967;SS;AS145-AS1-20180125183402
2018-01-25 18:36:01.334;RU;AS145-AS1-20180125183250
2018-01-25 18:36:03.185;VU;AS145-AS1-20180125183250
