2018-01-25 18:17:37.056;SQ;AS149-AS1-20180125181737
2018-01-25 18:18:27.224;RO;AS149-AS1-20180125181737
2018-01-25 18:18:28.456;SP;AS149-AS1-20180125181737
2018-01-25 18:18:31.159;SQ;AS149-AS1-20180125181831
2018-01-25 18:19:00.587;RC;AS149-AS1-20180125181737
2018-01-25 18:19:01.417;SS;AS149-AS1-20180125181737
2018-01-25 18:19:37.432;RO;AS149-AS1-20180125181831
2018-01-25 18:19:38.564;SP;AS149-AS1-20180125181831
2018-01-25 18:19:41.244;SQ;AS149-AS1-20180125181941
2018-01-25 18:20:19.472;RC;AS149-AS1-20180125181831
2018-01-25 18:20:20.124;RU;AS149-AS1-20180125181737
2018-01-25 18:20:20.471;SS;AS149-AS1-20180125181831
2018-01-25 18:20:22.175;VU;AS149-AS1-20180125181737
2018-01-25 18:20:53.837;RO;AS149-AS1-20180125181941
2018-01-25 18:20:55.166;SP;AS149-AS1-20180125181941
2018-01-25 18:20:57.850;SQ;AS149-AS1-20180125182057
2018-01-25 18:21:29.185;RC;AS149-AS1-20180125181941
2018-01-25 18:21:30.009;SS;AS149-AS1-20180125181941
2018-01-25 18:21:31.012;RU;AS149-AS1-20180125181831
2018-01-25 18:21:57.676;VU;AS149-AS1-20180125181831
2018-01-25 18:22:09.399;RO;AS149-AS1-20180125182057
2018-01-25 18:22:10.301;SP;AS149-AS1-20180125182057
2018-01-25 18:22:12.981;SQ;AS149-AS1-20180125182212
2018-01-25 18:22:46.416;RU;AS149-AS1-20180125181941
2018-01-25 18:22:48.519;RC;AS149-AS1-20180125182057
2018-01-25 18:22:51.703;SS;AS149-AS1-20180125182057
2018-01-25 18:22:59.918;VU;AS149-AS1-20180125181941
2018-01-25 18:23:24.347;RO;AS149-AS1-20180125182212
2018-01-25 18:23:25.431;SP;AS149-AS1-20180125182212
2018-01-25 18:23:28.101;SQ;AS149-AS1-20180125182328
2018-01-25 18:23:33.513;RU;AS149-AS1-20180125182057
2018-01-25 18:24:24.423;RC;AS149-AS1-20180125182212
2018-01-25 18:24:25.505;SS;AS149-AS1-20180125182212
2018-01-25 18:24:51.241;RO;AS149-AS1-20180125182328
2018-01-25 18:24:55.095;SP;AS149-AS1-20180125182328
2018-01-25 18:25:00.513;SQ;AS149-AS1-20180125182500
2018-01-25 18:25:35.932;RC;AS149-AS1-20180125182328
2018-01-25 18:25:37.404;SS;AS149-AS1-20180125182328
2018-01-25 18:25:44.179;RU;AS149-AS1-20180125182212
2018-01-25 18:26:04.259;VU;AS149-AS1-20180125182212
2018-01-25 18:26:23.333;RO;AS149-AS1-20180125182500
2018-01-25 18:26:24.897;SP;AS149-AS1-20180125182500
2018-01-25 18:26:28.274;SQ;AS149-AS1-20180125182628
2018-01-25 18:26:54.483;RU;AS149-AS1-20180125182328
2018-01-25 18:26:56.353;VU;AS149-AS1-20180125182328
2018-01-25 18:27:21.145;RC;AS149-AS1-20180125182500
2018-01-25 18:27:22.859;SS;AS149-AS1-20180125182500
2018-01-25 18:27:47.629;RO;AS149-AS1-20180125182628
2018-01-25 18:27:50.378;SP;AS149-AS1-20180125182628
2018-01-25 18:27:56.160;SQ;AS149-AS1-20180125182756
2018-01-25 18:28:22.601;RC;AS149-AS1-20180125182628
2018-01-25 18:28:24.082;SS;AS149-AS1-20180125182628
2018-01-25 18:28:43.644;RU;AS149-AS1-20180125182500
2018-01-25 18:29:00.511;VU;AS149-AS1-20180125182500
2018-01-25 18:29:18.609;RO;AS149-AS1-20180125182756
2018-01-25 18:29:20.183;SP;AS149-AS1-20180125182756
2018-01-25 18:29:23.746;SQ;AS149-AS1-20180125182923
2018-01-25 18:29:38.112;RU;AS149-AS1-20180125182628
2018-01-25 18:29:57.640;RC;AS149-AS1-20180125182756
2018-01-25 18:30:01.797;SS;AS149-AS1-20180125182756
2018-01-25 18:30:04.909;VU;AS149-AS1-20180125182628
2018-01-25 18:30:38.095;RO;AS149-AS1-20180125182923
2018-01-25 18:30:40.008;SP;AS149-AS1-20180125182923
2018-01-25 18:30:44.824;SQ;AS149-AS1-20180125183044
2018-01-25 18:31:26.805;RU;AS149-AS1-20180125182756
2018-01-25 18:31:26.806;RC;AS149-AS1-20180125182923
2018-01-25 18:31:29.335;SS;AS149-AS1-20180125182923
2018-01-25 18:31:55.356;VU;AS149-AS1-20180125182756
2018-01-25 18:32:07.811;RO;AS149-AS1-20180125183044
2018-01-25 18:32:09.271;SP;AS149-AS1-20180125183044
2018-01-25 18:32:12.854;SQ;AS149-AS1-20180125183212
2018-01-25 18:32:43.681;RC;AS149-AS1-20180125183044
2018-01-25 18:32:44.563;SS;AS149-AS1-20180125183044
2018-01-25 18:32:46.479;RU;AS149-AS1-20180125182923
2018-01-25 18:32:58.094;VU;AS149-AS1-20180125182923
2018-01-25 18:33:28.563;RO;AS149-AS1-20180125183212
2018-01-25 18:33:30.122;SP;AS149-AS1-20180125183212
2018-01-25 18:33:33.634;SQ;AS149-AS1-20180125183333
2018-01-25 18:34:17.991;RU;AS149-AS1-20180125183044
2018-01-25 18:34:20.016;VU;AS149-AS1-20180125183044
2018-01-25 18:34:32.235;RC;AS149-AS1-20180125183212
2018-01-25 18:34:33.470;SS;AS149-AS1-20180125183212
2018-01-25 18:34:49.041;RO;AS149-AS1-20180125183333
2018-01-25 18:34:52.554;SP;AS149-AS1-20180125183333
2018-01-25 18:34:57.785;SQ;AS149-AS1-20180125183457
2018-01-25 18:35:17.288;RC;AS149-AS1-20180125183333
2018-01-25 18:35:18.113;SS;AS149-AS1-20180125183333
2018-01-25 18:35:59.830;RU;AS149-AS1-20180125183212
2018-01-25 18:36:01.680;VU;AS149-AS1-20180125183212
2018-01-25 18:36:04.511;RO;AS149-AS1-20180125183457
