2018-01-25 18:17:38.603;SQ;AS147-AS1-20180125181738
2018-01-25 18:18:11.672;RO;AS147-AS1-20180125181738
2018-01-25 18:18:13.014;SP;AS147-AS1-20180125181738
2018-01-25 18:18:15.712;SQ;AS147-AS1-20180125181815
2018-01-25 18:18:39.608;RC;AS147-AS1-20180125181738
2018-01-25 18:18:40.414;SS;AS147-AS1-20180125181738
2018-01-25 18:19:14.435;RO;AS147-AS1-20180125181815
2018-01-25 18:19:15.604;SP;AS147-AS1-20180125181815
2018-01-25 18:19:18.277;SQ;AS147-AS1-20180125181918
2018-01-25 18:19:53.545;RU;AS147-AS1-20180125181738
2018-01-25 18:19:55.373;VU;AS147-AS1-20180125181738
2018-01-25 18:19:55.845;RC;AS147-AS1-20180125181815
2018-01-25 18:19:56.659;SS;AS147-AS1-20180125181815
2018-01-25 18:20:25.989;RO;AS147-AS1-20180125181918
2018-01-25 18:20:27.153;SP;AS147-AS1-20180125181918
2018-01-25 18:20:29.734;SQ;AS147-AS1-20180125182029
2018-01-25 18:21:14.522;RU;AS147-AS1-20180125181815
2018-01-25 18:21:16.079;RC;AS147-AS1-20180125181918
2018-01-25 18:21:16.347;VU;AS147-AS1-20180125181815
2018-01-25 18:21:16.875;SS;AS147-AS1-20180125181918
2018-01-25 18:21:51.431;RO;AS147-AS1-20180125182029
2018-01-25 18:21:53.216;SP;AS147-AS1-20180125182029
2018-01-25 18:21:55.798;SQ;AS147-AS1-20180125182155
2018-01-25 18:22:28.444;RC;AS147-AS1-20180125182029
2018-01-25 18:22:29.258;SS;AS147-AS1-20180125182029
2018-01-25 18:22:36.413;RU;AS147-AS1-20180125181918
2018-01-25 18:22:59.716;VU;AS147-AS1-20180125181918
2018-01-25 18:23:16.369;RO;AS147-AS1-20180125182155
2018-01-25 18:23:17.196;SP;AS147-AS1-20180125182155
2018-01-25 18:23:19.816;SQ;AS147-AS1-20180125182319
2018-01-25 18:23:49.612;RC;AS147-AS1-20180125182155
2018-01-25 18:23:50.291;RU;AS147-AS1-20180125182029
2018-01-25 18:23:51.209;SS;AS147-AS1-20180125182155
2018-01-25 18:24:01.648;VU;AS147-AS1-20180125182029
2018-01-25 18:24:28.949;RO;AS147-AS1-20180125182319
2018-01-25 18:24:30.231;SP;AS147-AS1-20180125182319
2018-01-25 18:24:32.856;SQ;AS147-AS1-20180125182432
2018-01-25 18:25:07.003;RU;AS147-AS1-20180125182155
2018-01-25 18:25:08.846;VU;AS147-AS1-20180125182155
2018-01-25 18:25:22.718;RC;AS147-AS1-20180125182319
2018-01-25 18:25:23.536;SS;AS147-AS1-20180125182319
2018-01-25 18:25:59.114;RO;AS147-AS1-20180125182432
2018-01-25 18:26:00.265;SP;AS147-AS1-20180125182432
2018-01-25 18:26:02.926;SQ;AS147-AS1-20180125182602
2018-01-25 18:26:16.947;RU;AS147-AS1-20180125182319
2018-01-25 18:26:34.367;RC;AS147-AS1-20180125182432
2018-01-25 18:26:35.197;SS;AS147-AS1-20180125182432
2018-01-25 18:26:52.690;VU;AS147-AS1-20180125182319
2018-01-25 18:27:18.992;RO;AS147-AS1-20180125182602
2018-01-25 18:27:19.846;SP;AS147-AS1-20180125182602
2018-01-25 18:27:22.412;SQ;AS147-AS1-20180125182722
2018-01-25 18:27:42.503;RC;AS147-AS1-20180125182602
2018-01-25 18:27:43.309;SS;AS147-AS1-20180125182602
2018-01-25 18:27:55.008;RU;AS147-AS1-20180125182432
2018-01-25 18:27:56.814;VU;AS147-AS1-20180125182432
2018-01-25 18:29:02.103;RO;AS147-AS1-20180125182722
2018-01-25 18:29:03.327;SP;AS147-AS1-20180125182722
2018-01-25 18:29:03.660;RU;AS147-AS1-20180125182602
2018-01-25 18:29:05.642;VU;AS147-AS1-20180125182602
2018-01-25 18:29:06.098;SQ;AS147-AS1-20180125182906
2018-01-25 18:29:34.958;RC;AS147-AS1-20180125182722
2018-01-25 18:29:35.792;SS;AS147-AS1-20180125182722
2018-01-25 18:30:26.833;RO;AS147-AS1-20180125182906
2018-01-25 18:30:28.008;SP;AS147-AS1-20180125182906
2018-01-25 18:30:30.608;SQ;AS147-AS1-20180125183030
2018-01-25 18:31:01.925;RU;AS147-AS1-20180125182722
2018-01-25 18:31:03.760;VU;AS147-AS1-20180125182722
2018-01-25 18:31:09.502;RC;AS147-AS1-20180125182906
2018-01-25 18:31:10.329;SS;AS147-AS1-20180125182906
2018-01-25 18:31:43.344;RO;AS147-AS1-20180125183030
2018-01-25 18:31:45.408;SP;AS147-AS1-20180125183030
2018-01-25 18:31:49.933;SQ;AS147-AS1-20180125183149
2018-01-25 18:32:20.895;RU;AS147-AS1-20180125182906
2018-01-25 18:32:22.972;RC;AS147-AS1-20180125183030
2018-01-25 18:32:24.354;SS;AS147-AS1-20180125183030
2018-01-25 18:32:52.664;RO;AS147-AS1-20180125183149
2018-01-25 18:32:54.533;SP;AS147-AS1-20180125183149
2018-01-25 18:32:55.740;VU;AS147-AS1-20180125182906
2018-01-25 18:32:57.158;SQ;AS147-AS1-20180125183257
2018-01-25 18:33:39.585;RC;AS147-AS1-20180125183149
2018-01-25 18:33:40.427;SS;AS147-AS1-20180125183149
2018-01-25 18:33:54.168;RU;AS147-AS1-20180125183030
2018-01-25 18:33:55.973;VU;AS147-AS1-20180125183030
2018-01-25 18:34:18.808;RO;AS147-AS1-20180125183257
2018-01-25 18:34:20.055;SP;AS147-AS1-20180125183257
2018-01-25 18:34:22.654;SQ;AS147-AS1-20180125183422
2018-01-25 18:34:52.217;RC;AS147-AS1-20180125183257
2018-01-25 18:34:53.015;SS;AS147-AS1-20180125183257
2018-01-25 18:34:55.877;RU;AS147-AS1-20180125183149
2018-01-25 18:34:57.669;VU;AS147-AS1-20180125183149
