2018-01-25 18:17:36.256;SQ;AS155-AS1-20180125181736
2018-01-25 18:18:02.318;RO;AS155-AS1-20180125181736
2018-01-25 18:18:03.581;SP;AS155-AS1-20180125181736
2018-01-25 18:18:06.155;SQ;AS155-AS1-20180125181806
2018-01-25 18:18:24.800;RC;AS155-AS1-20180125181736
2018-01-25 18:18:25.620;SS;AS155-AS1-20180125181736
2018-01-25 18:19:33.181;RO;AS155-AS1-20180125181806
2018-01-25 18:19:34.002;SP;AS155-AS1-20180125181806
2018-01-25 18:19:36.508;SQ;AS155-AS1-20180125181936
2018-01-25 18:19:37.615;RU;AS155-AS1-20180125181736
2018-01-25 18:19:54.936;VU;AS155-AS1-20180125181736
2018-01-25 18:20:19.969;RC;AS155-AS1-20180125181806
2018-01-25 18:20:20.738;SS;AS155-AS1-20180125181806
2018-01-25 18:20:52.440;RO;AS155-AS1-20180125181936
2018-01-25 18:20:53.382;SP;AS155-AS1-20180125181936
2018-01-25 18:20:55.902;SQ;AS155-AS1-20180125182055
2018-01-25 18:21:29.685;RC;AS155-AS1-20180125181936
2018-01-25 18:21:30.458;SS;AS155-AS1-20180125181936
2018-01-25 18:21:34.087;RU;AS155-AS1-20180125181806
2018-01-25 18:21:55.536;VU;AS155-AS1-20180125181806
2018-01-25 18:22:09.411;RO;AS155-AS1-20180125182055
2018-01-25 18:22:10.251;SP;AS155-AS1-20180125182055
2018-01-25 18:22:12.751;SQ;AS155-AS1-20180125182212
2018-01-25 18:22:50.565;RU;AS155-AS1-20180125181936
2018-01-25 18:22:50.567;RC;AS155-AS1-20180125182055
2018-01-25 18:22:53.646;SS;AS155-AS1-20180125182055
2018-01-25 18:22:59.225;VU;AS155-AS1-20180125181936
2018-01-25 18:23:27.093;RO;AS155-AS1-20180125182212
2018-01-25 18:23:28.107;SP;AS155-AS1-20180125182212
2018-01-25 18:23:30.606;SQ;AS155-AS1-20180125182330
2018-01-25 18:24:07.287;RU;AS155-AS1-20180125182055
2018-01-25 18:24:09.065;VU;AS155-AS1-20180125182055
2018-01-25 18:24:24.492;RC;AS155-AS1-20180125182212
2018-01-25 18:24:25.276;SS;AS155-AS1-20180125182212
2018-01-25 18:24:55.157;RO;AS155-AS1-20180125182330
2018-01-25 18:24:56.728;SP;AS155-AS1-20180125182330
2018-01-25 18:24:59.243;SQ;AS155-AS1-20180125182459
2018-01-25 18:25:27.343;RU;AS155-AS1-20180125182212
2018-01-25 18:25:30.377;RC;AS155-AS1-20180125182330
2018-01-25 18:25:31.353;SS;AS155-AS1-20180125182330
2018-01-25 18:26:16.929;RO;AS155-AS1-20180125182459
2018-01-25 18:26:18.451;SP;AS155-AS1-20180125182459
2018-01-25 18:26:21.735;SQ;AS155-AS1-20180125182621
2018-01-25 18:26:57.191;RC;AS155-AS1-20180125182459
2018-01-25 18:26:58.580;SS;AS155-AS1-20180125182459
2018-01-25 18:26:58.630;RU;AS155-AS1-20180125182330
2018-01-25 18:27:00.440;VU;AS155-AS1-20180125182330
2018-01-25 18:27:44.981;RO;AS155-AS1-20180125182621
2018-01-25 18:27:48.157;SP;AS155-AS1-20180125182621
2018-01-25 18:27:53.754;SQ;AS155-AS1-20180125182753
2018-01-25 18:27:58.651;RU;AS155-AS1-20180125182459
2018-01-25 18:28:00.772;VU;AS155-AS1-20180125182459
2018-01-25 18:28:19.182;RC;AS155-AS1-20180125182621
2018-01-25 18:28:20.133;SS;AS155-AS1-20180125182621
2018-01-25 18:29:03.256;RO;AS155-AS1-20180125182753
2018-01-25 18:29:04.323;SP;AS155-AS1-20180125182753
2018-01-25 18:29:07.281;SQ;AS155-AS1-20180125182907
2018-01-25 18:29:32.998;RU;AS155-AS1-20180125182621
2018-01-25 18:29:36.901;RC;AS155-AS1-20180125182753
2018-01-25 18:29:38.777;SS;AS155-AS1-20180125182753
2018-01-25 18:30:03.772;VU;AS155-AS1-20180125182621
2018-01-25 18:30:11.033;RO;AS155-AS1-20180125182907
2018-01-25 18:30:12.218;SP;AS155-AS1-20180125182907
2018-01-25 18:30:15.288;SQ;AS155-AS1-20180125183015
2018-01-25 18:30:54.302;RC;AS155-AS1-20180125182907
2018-01-25 18:30:55.806;SS;AS155-AS1-20180125182907
2018-01-25 18:31:10.064;RU;AS155-AS1-20180125182753
2018-01-25 18:31:11.920;VU;AS155-AS1-20180125182753
2018-01-25 18:31:29.046;RO;AS155-AS1-20180125183015
2018-01-25 18:31:30.389;SP;AS155-AS1-20180125183015
2018-01-25 18:31:33.402;SQ;AS155-AS1-20180125183133
2018-01-25 18:32:13.579;RC;AS155-AS1-20180125183015
2018-01-25 18:32:13.808;RU;AS155-AS1-20180125182907
2018-01-25 18:32:15.300;SS;AS155-AS1-20180125183015
2018-01-25 18:32:16.634;VU;AS155-AS1-20180125182907
2018-01-25 18:32:46.744;RO;AS155-AS1-20180125183133
2018-01-25 18:32:49.085;SP;AS155-AS1-20180125183133
2018-01-25 18:32:54.721;SQ;AS155-AS1-20180125183254
2018-01-25 18:33:32.589;RC;AS155-AS1-20180125183133
2018-01-25 18:33:33.923;SS;AS155-AS1-20180125183133
2018-01-25 18:33:38.634;RU;AS155-AS1-20180125183015
2018-01-25 18:33:56.787;VU;AS155-AS1-20180125183015
2018-01-25 18:34:18.781;RO;AS155-AS1-20180125183254
2018-01-25 18:34:19.584;SP;AS155-AS1-20180125183254
2018-01-25 18:34:22.732;SQ;AS155-AS1-20180125183422
2018-01-25 18:34:53.011;RU;AS155-AS1-20180125183133
2018-01-25 18:34:53.353;RC;AS155-AS1-20180125183254
2018-01-25 18:34:56.331;SS;AS155-AS1-20180125183254
2018-01-25 18:34:56.875;VU;AS155-AS1-20180125183133
2018-01-25 18:35:54.419;RO;AS155-AS1-20180125183422
2018-01-25 18:35:57.746;SP;AS155-AS1-20180125183422
2018-01-25 18:36:00.999;SQ;AS155-AS1-20180125183600
