2018-01-25 18:17:37.553;SQ;AS152-AS1-20180125181737
2018-01-25 18:18:05.033;RO;AS152-AS1-20180125181737
2018-01-25 18:18:05.918;SP;AS152-AS1-20180125181737
2018-01-25 18:18:08.565;SQ;AS152-AS1-20180125181808
2018-01-25 18:18:29.872;RC;AS152-AS1-20180125181737
2018-01-25 18:18:30.695;SS;AS152-AS1-20180125181737
2018-01-25 18:19:02.109;RO;AS152-AS1-20180125181808
2018-01-25 18:19:02.939;SP;AS152-AS1-20180125181808
2018-01-25 18:19:05.628;SQ;AS152-AS1-20180125181905
2018-01-25 18:19:39.047;RU;AS152-AS1-20180125181737
2018-01-25 18:19:39.266;RC;AS152-AS1-20180125181808
2018-01-25 18:19:40.735;SS;AS152-AS1-20180125181808
2018-01-25 18:19:55.928;VU;AS152-AS1-20180125181737
2018-01-25 18:20:19.996;RO;AS152-AS1-20180125181905
2018-01-25 18:20:21.074;SP;AS152-AS1-20180125181905
2018-01-25 18:20:23.725;SQ;AS152-AS1-20180125182023
2018-01-25 18:20:57.746;RC;AS152-AS1-20180125181905
2018-01-25 18:20:58.569;SS;AS152-AS1-20180125181905
2018-01-25 18:21:00.177;RU;AS152-AS1-20180125181808
2018-01-25 18:21:02.008;VU;AS152-AS1-20180125181808
2018-01-25 18:21:50.038;RO;AS152-AS1-20180125182023
2018-01-25 18:21:52.084;SP;AS152-AS1-20180125182023
2018-01-25 18:21:55.211;SQ;AS152-AS1-20180125182155
2018-01-25 18:22:23.309;RU;AS152-AS1-20180125181905
2018-01-25 18:22:25.122;VU;AS152-AS1-20180125181905
2018-01-25 18:22:25.246;RC;AS152-AS1-20180125182023
2018-01-25 18:22:26.067;SS;AS152-AS1-20180125182023
2018-01-25 18:23:16.765;RO;AS152-AS1-20180125182155
2018-01-25 18:23:17.629;SP;AS152-AS1-20180125182155
2018-01-25 18:23:20.270;SQ;AS152-AS1-20180125182320
2018-01-25 18:23:53.949;RC;AS152-AS1-20180125182155
2018-01-25 18:23:54.460;RU;AS152-AS1-20180125182023
2018-01-25 18:23:56.858;SS;AS152-AS1-20180125182155
2018-01-25 18:24:01.285;VU;AS152-AS1-20180125182023
2018-01-25 18:24:37.919;RO;AS152-AS1-20180125182320
2018-01-25 18:24:39.181;SP;AS152-AS1-20180125182320
2018-01-25 18:24:41.847;SQ;AS152-AS1-20180125182441
2018-01-25 18:25:22.732;RC;AS152-AS1-20180125182320
2018-01-25 18:25:22.781;RU;AS152-AS1-20180125182155
2018-01-25 18:25:24.316;SS;AS152-AS1-20180125182320
2018-01-25 18:25:25.407;VU;AS152-AS1-20180125182155
2018-01-25 18:26:33.854;RO;AS152-AS1-20180125182441
2018-01-25 18:26:34.805;SP;AS152-AS1-20180125182441
2018-01-25 18:26:37.454;SQ;AS152-AS1-20180125182637
2018-01-25 18:26:40.836;RU;AS152-AS1-20180125182320
2018-01-25 18:27:21.132;RC;AS152-AS1-20180125182441
2018-01-25 18:27:22.442;SS;AS152-AS1-20180125182441
2018-01-25 18:27:48.813;RO;AS152-AS1-20180125182637
2018-01-25 18:27:51.600;SP;AS152-AS1-20180125182637
2018-01-25 18:27:56.487;SQ;AS152-AS1-20180125182756
2018-01-25 18:28:22.856;RC;AS152-AS1-20180125182637
2018-01-25 18:28:24.232;SS;AS152-AS1-20180125182637
2018-01-25 18:28:40.306;RU;AS152-AS1-20180125182441
2018-01-25 18:29:02.205;VU;AS152-AS1-20180125182441
2018-01-25 18:29:17.963;RO;AS152-AS1-20180125182756
2018-01-25 18:29:19.776;SP;AS152-AS1-20180125182756
2018-01-25 18:29:23.246;SQ;AS152-AS1-20180125182923
2018-01-25 18:29:33.601;RU;AS152-AS1-20180125182637
2018-01-25 18:29:51.876;RC;AS152-AS1-20180125182756
2018-01-25 18:29:55.949;SS;AS152-AS1-20180125182756
2018-01-25 18:30:05.197;VU;AS152-AS1-20180125182637
2018-01-25 18:30:39.176;RO;AS152-AS1-20180125182923
2018-01-25 18:30:40.700;SP;AS152-AS1-20180125182923
2018-01-25 18:30:45.412;SQ;AS152-AS1-20180125183045
2018-01-25 18:31:01.937;RU;AS152-AS1-20180125182756
2018-01-25 18:31:04.171;VU;AS152-AS1-20180125182756
2018-01-25 18:32:07.836;RC;AS152-AS1-20180125182923
2018-01-25 18:32:08.087;RO;AS152-AS1-20180125183045
2018-01-25 18:32:08.892;SS;AS152-AS1-20180125182923
2018-01-25 18:32:10.354;SP;AS152-AS1-20180125183045
2018-01-25 18:32:13.861;SQ;AS152-AS1-20180125183213
2018-01-25 18:32:46.424;RC;AS152-AS1-20180125183045
2018-01-25 18:32:48.539;SS;AS152-AS1-20180125183045
2018-01-25 18:33:18.257;RU;AS152-AS1-20180125182923
2018-01-25 18:33:20.696;VU;AS152-AS1-20180125182923
2018-01-25 18:33:34.816;RO;AS152-AS1-20180125183213
2018-01-25 18:33:36.571;SP;AS152-AS1-20180125183213
2018-01-25 18:33:40.111;SQ;AS152-AS1-20180125183340
2018-01-25 18:34:02.685;RU;AS152-AS1-20180125183045
2018-01-25 18:34:04.523;VU;AS152-AS1-20180125183045
2018-01-25 18:34:18.864;RC;AS152-AS1-20180125183213
2018-01-25 18:34:19.907;SS;AS152-AS1-20180125183213
2018-01-25 18:34:55.364;RO;AS152-AS1-20180125183340
2018-01-25 18:34:56.817;SP;AS152-AS1-20180125183340
2018-01-25 18:35:00.374;SQ;AS152-AS1-20180125183500
2018-01-25 18:35:31.835;RC;AS152-AS1-20180125183340
2018-01-25 18:35:33.099;SS;AS152-AS1-20180125183340
2018-01-25 18:35:36.246;RU;AS152-AS1-20180125183213
2018-01-25 18:36:01.451;VU;AS152-AS1-20180125183213
