2018-01-25 18:17:39.777;SQ;AS15-AS1-20180125181739
2018-01-25 18:18:33.999;RO;AS15-AS1-20180125181739
2018-01-25 18:18:35.223;SP;AS15-AS1-20180125181739
2018-01-25 18:18:37.950;SQ;AS15-AS1-20180125181837
2018-01-25 18:19:11.456;RC;AS15-AS1-20180125181739
2018-01-25 18:19:12.311;SS;AS15-AS1-20180125181739
2018-01-25 18:19:37.608;RO;AS15-AS1-20180125181837
2018-01-25 18:19:38.920;SP;AS15-AS1-20180125181837
2018-01-25 18:19:41.657;SQ;AS15-AS1-20180125181941
2018-01-25 18:20:20.173;RC;AS15-AS1-20180125181837
2018-01-25 18:20:21.045;SS;AS15-AS1-20180125181837
2018-01-25 18:20:25.223;RU;AS15-AS1-20180125181739
2018-01-25 18:20:45.947;RO;AS15-AS1-20180125181941
2018-01-25 18:20:49.646;SP;AS15-AS1-20180125181941
2018-01-25 18:20:55.519;SQ;AS15-AS1-20180125182055
2018-01-25 18:20:55.649;VU;AS15-AS1-20180125181739
2018-01-25 18:21:26.626;RC;AS15-AS1-20180125181941
2018-01-25 18:21:27.486;SS;AS15-AS1-20180125181941
2018-01-25 18:21:29.334;RU;AS15-AS1-20180125181837
2018-01-25 18:21:56.520;VU;AS15-AS1-20180125181837
2018-01-25 18:22:10.374;RO;AS15-AS1-20180125182055
2018-01-25 18:22:11.486;SP;AS15-AS1-20180125182055
2018-01-25 18:22:14.252;SQ;AS15-AS1-20180125182214
2018-01-25 18:22:51.009;RC;AS15-AS1-20180125182055
2018-01-25 18:22:52.818;SS;AS15-AS1-20180125182055
2018-01-25 18:22:53.400;RU;AS15-AS1-20180125181941
2018-01-25 18:22:59.418;VU;AS15-AS1-20180125181941
2018-01-25 18:23:55.121;RU;AS15-AS1-20180125182055
2018-01-25 18:23:59.992;VU;AS15-AS1-20180125182055
2018-01-25 18:24:00.670;RO;AS15-AS1-20180125182214
2018-01-25 18:24:01.780;SP;AS15-AS1-20180125182214
2018-01-25 18:24:04.526;SQ;AS15-AS1-20180125182404
2018-01-25 18:24:37.896;RC;AS15-AS1-20180125182214
2018-01-25 18:24:38.751;SS;AS15-AS1-20180125182214
2018-01-25 18:25:10.176;RO;AS15-AS1-20180125182404
2018-01-25 18:25:11.473;SP;AS15-AS1-20180125182404
2018-01-25 18:25:14.214;SQ;AS15-AS1-20180125182514
2018-01-25 18:25:55.407;RC;AS15-AS1-20180125182404
2018-01-25 18:25:57.234;SS;AS15-AS1-20180125182404
2018-01-25 18:26:15.906;RU;AS15-AS1-20180125182214
2018-01-25 18:26:17.767;VU;AS15-AS1-20180125182214
2018-01-25 18:26:27.347;RO;AS15-AS1-20180125182514
2018-01-25 18:26:28.682;SP;AS15-AS1-20180125182514
2018-01-25 18:26:31.390;SQ;AS15-AS1-20180125182631
2018-01-25 18:26:56.880;RU;AS15-AS1-20180125182404
2018-01-25 18:26:58.751;VU;AS15-AS1-20180125182404
2018-01-25 18:27:20.156;RC;AS15-AS1-20180125182514
2018-01-25 18:27:21.016;SS;AS15-AS1-20180125182514
2018-01-25 18:27:51.788;RO;AS15-AS1-20180125182631
2018-01-25 18:27:52.822;SP;AS15-AS1-20180125182631
2018-01-25 18:27:55.555;SQ;AS15-AS1-20180125182755
2018-01-25 18:28:27.266;RC;AS15-AS1-20180125182631
2018-01-25 18:28:28.139;SS;AS15-AS1-20180125182631
2018-01-25 18:28:32.174;RU;AS15-AS1-20180125182514
2018-01-25 18:28:57.839;VU;AS15-AS1-20180125182514
2018-01-25 18:29:18.748;RO;AS15-AS1-20180125182755
2018-01-25 18:29:20.021;SP;AS15-AS1-20180125182755
2018-01-25 18:29:22.803;SQ;AS15-AS1-20180125182922
2018-01-25 18:29:50.906;RU;AS15-AS1-20180125182631
2018-01-25 18:29:55.486;RC;AS15-AS1-20180125182755
2018-01-25 18:29:57.967;SS;AS15-AS1-20180125182755
2018-01-25 18:30:01.655;VU;AS15-AS1-20180125182631
2018-01-25 18:30:40.607;RO;AS15-AS1-20180125182922
2018-01-25 18:30:41.781;SP;AS15-AS1-20180125182922
2018-01-25 18:30:46.262;SQ;AS15-AS1-20180125183046
2018-01-25 18:31:16.797;RU;AS15-AS1-20180125182755
2018-01-25 18:31:18.688;VU;AS15-AS1-20180125182755
2018-01-25 18:31:26.260;RC;AS15-AS1-20180125182922
2018-01-25 18:31:27.139;SS;AS15-AS1-20180125182922
2018-01-25 18:32:07.604;RO;AS15-AS1-20180125183046
2018-01-25 18:32:08.720;SP;AS15-AS1-20180125183046
2018-01-25 18:32:11.487;SQ;AS15-AS1-20180125183211
2018-01-25 18:32:46.740;RU;AS15-AS1-20180125182922
2018-01-25 18:32:54.632;VU;AS15-AS1-20180125182922
2018-01-25 18:33:17.973;RC;AS15-AS1-20180125183046
2018-01-25 18:33:18.848;SS;AS15-AS1-20180125183046
2018-01-25 18:33:27.893;RO;AS15-AS1-20180125183211
2018-01-25 18:33:28.940;SP;AS15-AS1-20180125183211
2018-01-25 18:33:31.678;SQ;AS15-AS1-20180125183331
2018-01-25 18:34:18.424;RC;AS15-AS1-20180125183211
2018-01-25 18:34:19.308;SS;AS15-AS1-20180125183211
2018-01-25 18:34:28.760;RU;AS15-AS1-20180125183046
2018-01-25 18:34:51.298;RO;AS15-AS1-20180125183331
2018-01-25 18:34:53.911;SP;AS15-AS1-20180125183331
2018-01-25 18:34:58.949;SQ;AS15-AS1-20180125183458
2018-01-25 18:34:59.520;VU;AS15-AS1-20180125183046
2018-01-25 18:35:26.244;RC;AS15-AS1-20180125183331
2018-01-25 18:35:27.097;SS;AS15-AS1-20180125183331
2018-01-25 18:35:30.402;RU;AS15-AS1-20180125183211
2018-01-25 18:35:59.164;VU;AS15-AS1-20180125183211
