2018-01-25 18:17:35.434;SQ;AS154-AS1-20180125181735
2018-01-25 18:17:56.823;RO;AS154-AS1-20180125181735
2018-01-25 18:17:57.822;SP;AS154-AS1-20180125181735
2018-01-25 18:18:00.541;SQ;AS154-AS1-20180125181800
2018-01-25 18:18:17.175;RC;AS154-AS1-20180125181735
2018-01-25 18:18:18.017;SS;AS154-AS1-20180125181735
2018-01-25 18:18:48.882;RO;AS154-AS1-20180125181800
2018-01-25 18:18:49.976;SP;AS154-AS1-20180125181800
2018-01-25 18:18:53.960;SQ;AS154-AS1-20180125181853
2018-01-25 18:19:24.349;RC;AS154-AS1-20180125181800
2018-01-25 18:19:25.204;SS;AS154-AS1-20180125181800
2018-01-25 18:19:28.063;RU;AS154-AS1-20180125181735
2018-01-25 18:19:53.988;VU;AS154-AS1-20180125181735
2018-01-25 18:20:04.549;RO;AS154-AS1-20180125181853
2018-01-25 18:20:05.434;SP;AS154-AS1-20180125181853
2018-01-25 18:20:08.159;SQ;AS154-AS1-20180125182008
2018-01-25 18:20:35.758;RC;AS154-AS1-20180125181853
2018-01-25 18:20:36.619;SS;AS154-AS1-20180125181853
2018-01-25 18:20:58.054;RU;AS154-AS1-20180125181800
2018-01-25 18:20:59.910;VU;AS154-AS1-20180125181800
2018-01-25 18:21:14.675;RO;AS154-AS1-20180125182008
2018-01-25 18:21:15.601;SP;AS154-AS1-20180125182008
2018-01-25 18:21:18.318;SQ;AS154-AS1-20180125182118
2018-01-25 18:21:54.764;RC;AS154-AS1-20180125182008
2018-01-25 18:21:55.616;SS;AS154-AS1-20180125182008
2018-01-25 18:21:58.974;RU;AS154-AS1-20180125181853
2018-01-25 18:22:00.824;VU;AS154-AS1-20180125181853
2018-01-25 18:22:30.605;RO;AS154-AS1-20180125182118
2018-01-25 18:22:31.743;SP;AS154-AS1-20180125182118
2018-01-25 18:22:34.481;SQ;AS154-AS1-20180125182234
2018-01-25 18:23:16.117;RC;AS154-AS1-20180125182118
2018-01-25 18:23:16.537;RU;AS154-AS1-20180125182008
2018-01-25 18:23:17.376;SS;AS154-AS1-20180125182118
2018-01-25 18:23:18.882;VU;AS154-AS1-20180125182008
2018-01-25 18:23:51.694;RO;AS154-AS1-20180125182234
2018-01-25 18:23:53.845;SP;AS154-AS1-20180125182234
2018-01-25 18:23:58.368;SQ;AS154-AS1-20180125182358
2018-01-25 18:24:27.468;RC;AS154-AS1-20180125182234
2018-01-25 18:24:28.335;SS;AS154-AS1-20180125182234
2018-01-25 18:24:31.111;RU;AS154-AS1-20180125182118
2018-01-25 18:24:59.878;VU;AS154-AS1-20180125182118
2018-01-25 18:25:03.488;RO;AS154-AS1-20180125182358
2018-01-25 18:25:04.813;SP;AS154-AS1-20180125182358
2018-01-25 18:25:07.584;SQ;AS154-AS1-20180125182507
2018-01-25 18:25:46.529;RC;AS154-AS1-20180125182358
2018-01-25 18:25:47.388;SS;AS154-AS1-20180125182358
2018-01-25 18:26:02.884;RU;AS154-AS1-20180125182234
2018-01-25 18:26:04.753;VU;AS154-AS1-20180125182234
2018-01-25 18:26:26.493;RO;AS154-AS1-20180125182507
2018-01-25 18:26:27.549;SP;AS154-AS1-20180125182507
2018-01-25 18:26:30.284;SQ;AS154-AS1-20180125182630
2018-01-25 18:27:00.630;RU;AS154-AS1-20180125182358
2018-01-25 18:27:02.483;VU;AS154-AS1-20180125182358
2018-01-25 18:27:21.130;RC;AS154-AS1-20180125182507
2018-01-25 18:27:21.978;SS;AS154-AS1-20180125182507
2018-01-25 18:27:53.395;RO;AS154-AS1-20180125182630
2018-01-25 18:27:54.734;SP;AS154-AS1-20180125182630
2018-01-25 18:27:57.454;SQ;AS154-AS1-20180125182757
2018-01-25 18:28:33.851;RC;AS154-AS1-20180125182630
2018-01-25 18:28:34.685;SS;AS154-AS1-20180125182630
2018-01-25 18:28:36.365;RU;AS154-AS1-20180125182507
2018-01-25 18:28:57.780;VU;AS154-AS1-20180125182507
2018-01-25 18:29:19.044;RO;AS154-AS1-20180125182757
2018-01-25 18:29:19.888;SP;AS154-AS1-20180125182757
2018-01-25 18:29:22.628;SQ;AS154-AS1-20180125182922
2018-01-25 18:29:44.240;RU;AS154-AS1-20180125182630
2018-01-25 18:29:53.276;RC;AS154-AS1-20180125182757
2018-01-25 18:29:55.964;SS;AS154-AS1-20180125182757
2018-01-25 18:30:01.434;VU;AS154-AS1-20180125182630
2018-01-25 18:31:12.223;RO;AS154-AS1-20180125182922
2018-01-25 18:31:13.101;SP;AS154-AS1-20180125182922
2018-01-25 18:31:14.352;RU;AS154-AS1-20180125182757
2018-01-25 18:31:16.715;SQ;AS154-AS1-20180125183116
2018-01-25 18:31:17.134;VU;AS154-AS1-20180125182757
2018-01-25 18:31:51.521;RC;AS154-AS1-20180125182922
2018-01-25 18:31:52.377;SS;AS154-AS1-20180125182922
2018-01-25 18:32:39.406;RO;AS154-AS1-20180125183116
2018-01-25 18:32:40.661;SP;AS154-AS1-20180125183116
2018-01-25 18:32:43.385;SQ;AS154-AS1-20180125183243
2018-01-25 18:32:47.330;RU;AS154-AS1-20180125182922
2018-01-25 18:32:53.458;VU;AS154-AS1-20180125182922
2018-01-25 18:33:20.733;RC;AS154-AS1-20180125183116
2018-01-25 18:33:21.578;SS;AS154-AS1-20180125183116
2018-01-25 18:33:59.173;RO;AS154-AS1-20180125183243
2018-01-25 18:34:00.347;SP;AS154-AS1-20180125183243
2018-01-25 18:34:03.028;SQ;AS154-AS1-20180125183403
2018-01-25 18:34:30.813;RC;AS154-AS1-20180125183243
2018-01-25 18:34:31.675;SS;AS154-AS1-20180125183243
2018-01-25 18:34:37.453;RU;AS154-AS1-20180125183116
2018-01-25 18:34:56.657;VU;AS154-AS1-20180125183116
2018-01-25 18:35:13.680;RO;AS154-AS1-20180125183403
2018-01-25 18:35:14.979;SP;AS154-AS1-20180125183403
2018-01-25 18:35:17.724;SQ;AS154-AS1-20180125183517
2018-01-25 18:35:57.678;RU;AS154-AS1-20180125183243
2018-01-25 18:35:59.530;VU;AS154-AS1-20180125183243
2018-01-25 18:36:00.118;RC;AS154-AS1-20180125183403
2018-01-25 18:36:00.964;SS;AS154-AS1-20180125183403
