2018-01-25 18:17:40.367;SQ;AS151-AS1-20180125181740
2018-01-25 18:18:12.171;RO;AS151-AS1-20180125181740
2018-01-25 18:18:13.212;SP;AS151-AS1-20180125181740
2018-01-25 18:18:15.741;SQ;AS151-AS1-20180125181815
2018-01-25 18:19:07.062;RC;AS151-AS1-20180125181740
2018-01-25 18:19:07.827;SS;AS151-AS1-20180125181740
2018-01-25 18:19:27.190;RO;AS151-AS1-20180125181815
2018-01-25 18:19:28.070;SP;AS151-AS1-20180125181815
2018-01-25 18:19:30.579;SQ;AS151-AS1-20180125181930
2018-01-25 18:20:19.418;RC;AS151-AS1-20180125181815
2018-01-25 18:20:20.187;SS;AS151-AS1-20180125181815
2018-01-25 18:20:21.897;RU;AS151-AS1-20180125181740
2018-01-25 18:20:49.126;RO;AS151-AS1-20180125181930
2018-01-25 18:20:51.316;SP;AS151-AS1-20180125181930
2018-01-25 18:20:56.053;SQ;AS151-AS1-20180125182056
2018-01-25 18:20:56.412;VU;AS151-AS1-20180125181740
2018-01-25 18:21:27.154;RC;AS151-AS1-20180125181930
2018-01-25 18:21:27.419;RU;AS151-AS1-20180125181815
2018-01-25 18:21:28.334;SS;AS151-AS1-20180125181930
2018-01-25 18:21:56.981;VU;AS151-AS1-20180125181815
2018-01-25 18:22:09.404;RO;AS151-AS1-20180125182056
2018-01-25 18:22:10.446;SP;AS151-AS1-20180125182056
2018-01-25 18:22:13.027;SQ;AS151-AS1-20180125182213
2018-01-25 18:22:49.047;RC;AS151-AS1-20180125182056
2018-01-25 18:22:50.664;SS;AS151-AS1-20180125182056
2018-01-25 18:22:51.226;RU;AS151-AS1-20180125181930
2018-01-25 18:22:59.343;VU;AS151-AS1-20180125181930
2018-01-25 18:24:03.212;RU;AS151-AS1-20180125182056
2018-01-25 18:24:04.990;VU;AS151-AS1-20180125182056
2018-01-25 18:24:22.056;RO;AS151-AS1-20180125182213
2018-01-25 18:24:22.955;SP;AS151-AS1-20180125182213
2018-01-25 18:24:25.482;SQ;AS151-AS1-20180125182425
2018-01-25 18:24:46.422;RC;AS151-AS1-20180125182213
2018-01-25 18:24:47.165;SS;AS151-AS1-20180125182213
2018-01-25 18:25:41.063;RO;AS151-AS1-20180125182425
2018-01-25 18:25:41.848;SP;AS151-AS1-20180125182425
2018-01-25 18:25:44.398;SQ;AS151-AS1-20180125182544
2018-01-25 18:26:16.677;RU;AS151-AS1-20180125182213
2018-01-25 18:26:17.703;RC;AS151-AS1-20180125182425
2018-01-25 18:26:18.455;SS;AS151-AS1-20180125182425
2018-01-25 18:26:18.474;VU;AS151-AS1-20180125182213
2018-01-25 18:26:51.396;RO;AS151-AS1-20180125182544
2018-01-25 18:26:52.205;SP;AS151-AS1-20180125182544
2018-01-25 18:26:54.714;SQ;AS151-AS1-20180125182654
2018-01-25 18:27:21.086;RC;AS151-AS1-20180125182544
2018-01-25 18:27:21.850;SS;AS151-AS1-20180125182544
2018-01-25 18:27:28.371;RU;AS151-AS1-20180125182425
2018-01-25 18:27:44.536;RO;AS151-AS1-20180125182654
2018-01-25 18:27:46.607;SP;AS151-AS1-20180125182654
2018-01-25 18:27:52.947;SQ;AS151-AS1-20180125182752
2018-01-25 18:27:56.331;VU;AS151-AS1-20180125182425
2018-01-25 18:28:19.426;RC;AS151-AS1-20180125182654
2018-01-25 18:28:20.178;SS;AS151-AS1-20180125182654
2018-01-25 18:28:33.347;RU;AS151-AS1-20180125182544
2018-01-25 18:28:57.171;VU;AS151-AS1-20180125182544
2018-01-25 18:29:05.930;RO;AS151-AS1-20180125182752
2018-01-25 18:29:06.839;SP;AS151-AS1-20180125182752
2018-01-25 18:29:09.406;SQ;AS151-AS1-20180125182909
2018-01-25 18:29:30.922;RU;AS151-AS1-20180125182654
2018-01-25 18:29:32.541;RC;AS151-AS1-20180125182752
2018-01-25 18:29:33.910;SS;AS151-AS1-20180125182752
2018-01-25 18:29:59.911;VU;AS151-AS1-20180125182654
2018-01-25 18:30:09.119;RO;AS151-AS1-20180125182909
2018-01-25 18:30:10.243;SP;AS151-AS1-20180125182909
2018-01-25 18:30:12.811;SQ;AS151-AS1-20180125183012
2018-01-25 18:30:46.894;RC;AS151-AS1-20180125182909
2018-01-25 18:30:48.543;SS;AS151-AS1-20180125182909
2018-01-25 18:31:09.510;RU;AS151-AS1-20180125182752
2018-01-25 18:31:11.317;VU;AS151-AS1-20180125182752
2018-01-25 18:32:08.071;RO;AS151-AS1-20180125183012
2018-01-25 18:32:09.038;RU;AS151-AS1-20180125182909
2018-01-25 18:32:09.361;SP;AS151-AS1-20180125183012
2018-01-25 18:32:10.986;VU;AS151-AS1-20180125182909
2018-01-25 18:32:11.901;SQ;AS151-AS1-20180125183211
2018-01-25 18:32:46.737;RC;AS151-AS1-20180125183012
2018-01-25 18:32:48.376;SS;AS151-AS1-20180125183012
2018-01-25 18:34:00.503;RO;AS151-AS1-20180125183211
2018-01-25 18:34:01.322;SP;AS151-AS1-20180125183211
2018-01-25 18:34:03.897;SQ;AS151-AS1-20180125183403
2018-01-25 18:34:18.279;RU;AS151-AS1-20180125183012
2018-01-25 18:34:20.050;VU;AS151-AS1-20180125183012
2018-01-25 18:34:33.792;RC;AS151-AS1-20180125183211
2018-01-25 18:34:34.543;SS;AS151-AS1-20180125183211
2018-01-25 18:35:16.923;RO;AS151-AS1-20180125183403
2018-01-25 18:35:17.740;SP;AS151-AS1-20180125183403
2018-01-25 18:35:20.302;SQ;AS151-AS1-20180125183520
2018-01-25 18:35:57.094;RU;AS151-AS1-20180125183211
2018-01-25 18:35:58.867;VU;AS151-AS1-20180125183211
