2018-01-25 18:17:36.917;SQ;AS161-AS1-20180125181736
2018-01-25 18:18:05.059;RO;AS161-AS1-20180125181736
2018-01-25 18:18:06.269;SP;AS161-AS1-20180125181736
2018-01-25 18:18:08.936;SQ;AS161-AS1-20180125181808
2018-01-25 18:18:29.382;RC;AS161-AS1-20180125181736
2018-01-25 18:18:30.233;SS;AS161-AS1-20180125181736
2018-01-25 18:19:04.104;RO;AS161-AS1-20180125181808
2018-01-25 18:19:05.342;SP;AS161-AS1-20180125181808
2018-01-25 18:19:08.038;SQ;AS161-AS1-20180125181908
2018-01-25 18:19:39.731;RU;AS161-AS1-20180125181736
2018-01-25 18:19:45.019;RC;AS161-AS1-20180125181808
2018-01-25 18:19:47.290;SS;AS161-AS1-20180125181808
2018-01-25 18:19:56.715;VU;AS161-AS1-20180125181736
2018-01-25 18:20:22.659;RO;AS161-AS1-20180125181908
2018-01-25 18:20:23.964;SP;AS161-AS1-20180125181908
2018-01-25 18:20:26.604;SQ;AS161-AS1-20180125182026
2018-01-25 18:20:57.278;RU;AS161-AS1-20180125181808
2018-01-25 18:20:59.106;VU;AS161-AS1-20180125181808
2018-01-25 18:21:14.690;RC;AS161-AS1-20180125181908
2018-01-25 18:21:15.520;SS;AS161-AS1-20180125181908
2018-01-25 18:21:49.641;RO;AS161-AS1-20180125182026
2018-01-25 18:21:51.462;SP;AS161-AS1-20180125182026
2018-01-25 18:21:55.271;SQ;AS161-AS1-20180125182155
2018-01-25 18:22:13.732;RC;AS161-AS1-20180125182026
2018-01-25 18:22:14.575;SS;AS161-AS1-20180125182026
2018-01-25 18:22:29.872;RU;AS161-AS1-20180125181908
2018-01-25 18:23:00.062;VU;AS161-AS1-20180125181908
2018-01-25 18:23:16.204;RO;AS161-AS1-20180125182155
2018-01-25 18:23:17.230;SP;AS161-AS1-20180125182155
2018-01-25 18:23:19.920;SQ;AS161-AS1-20180125182319
2018-01-25 18:23:35.896;RU;AS161-AS1-20180125182026
2018-01-25 18:23:52.053;RC;AS161-AS1-20180125182155
2018-01-25 18:23:54.230;SS;AS161-AS1-20180125182155
2018-01-25 18:24:02.564;VU;AS161-AS1-20180125182026
2018-01-25 18:24:30.325;RO;AS161-AS1-20180125182319
2018-01-25 18:24:31.375;SP;AS161-AS1-20180125182319
2018-01-25 18:24:34.012;SQ;AS161-AS1-20180125182434
2018-01-25 18:24:52.833;RU;AS161-AS1-20180125182155
2018-01-25 18:25:22.553;RC;AS161-AS1-20180125182319
2018-01-25 18:25:24.029;SS;AS161-AS1-20180125182319
2018-01-25 18:25:56.074;RO;AS161-AS1-20180125182434
2018-01-25 18:25:58.574;SP;AS161-AS1-20180125182434
2018-01-25 18:26:02.881;SQ;AS161-AS1-20180125182602
2018-01-25 18:26:34.551;RC;AS161-AS1-20180125182434
2018-01-25 18:26:35.902;SS;AS161-AS1-20180125182434
2018-01-25 18:26:37.153;RU;AS161-AS1-20180125182319
2018-01-25 18:26:59.036;VU;AS161-AS1-20180125182319
2018-01-25 18:27:21.116;RO;AS161-AS1-20180125182602
2018-01-25 18:27:22.325;SP;AS161-AS1-20180125182602
2018-01-25 18:27:25.786;SQ;AS161-AS1-20180125182725
2018-01-25 18:27:58.762;RC;AS161-AS1-20180125182602
2018-01-25 18:28:00.295;SS;AS161-AS1-20180125182602
2018-01-25 18:28:24.037;RU;AS161-AS1-20180125182434
2018-01-25 18:28:26.176;VU;AS161-AS1-20180125182434
2018-01-25 18:29:18.793;RO;AS161-AS1-20180125182725
2018-01-25 18:29:19.796;SP;AS161-AS1-20180125182725
2018-01-25 18:29:23.309;SQ;AS161-AS1-20180125182923
2018-01-25 18:29:23.497;RU;AS161-AS1-20180125182602
2018-01-25 18:29:25.314;VU;AS161-AS1-20180125182602
2018-01-25 18:29:53.622;RC;AS161-AS1-20180125182725
2018-01-25 18:29:56.213;SS;AS161-AS1-20180125182725
2018-01-25 18:30:33.203;RO;AS161-AS1-20180125182923
2018-01-25 18:30:34.669;SP;AS161-AS1-20180125182923
2018-01-25 18:30:38.046;SQ;AS161-AS1-20180125183038
2018-01-25 18:31:11.919;RU;AS161-AS1-20180125182725
2018-01-25 18:31:13.264;RC;AS161-AS1-20180125182923
2018-01-25 18:31:13.817;VU;AS161-AS1-20180125182725
2018-01-25 18:31:14.674;SS;AS161-AS1-20180125182923
2018-01-25 18:31:49.402;RO;AS161-AS1-20180125183038
2018-01-25 18:31:51.894;SP;AS161-AS1-20180125183038
2018-01-25 18:31:55.370;SQ;AS161-AS1-20180125183155
2018-01-25 18:32:44.195;RU;AS161-AS1-20180125182923
2018-01-25 18:32:53.922;RC;AS161-AS1-20180125183038
2018-01-25 18:32:57.919;SS;AS161-AS1-20180125183038
2018-01-25 18:32:59.102;VU;AS161-AS1-20180125182923
2018-01-25 18:32:59.831;RO;AS161-AS1-20180125183155
2018-01-25 18:33:01.259;SP;AS161-AS1-20180125183155
2018-01-25 18:33:04.805;SQ;AS161-AS1-20180125183304
2018-01-25 18:33:38.136;RC;AS161-AS1-20180125183155
2018-01-25 18:33:39.519;SS;AS161-AS1-20180125183155
2018-01-25 18:34:18.861;RO;AS161-AS1-20180125183304
2018-01-25 18:34:20.130;SP;AS161-AS1-20180125183304
2018-01-25 18:34:20.507;RU;AS161-AS1-20180125183038
2018-01-25 18:34:23.408;VU;AS161-AS1-20180125183038
2018-01-25 18:34:24.045;SQ;AS161-AS1-20180125183424
2018-01-25 18:35:00.334;RC;AS161-AS1-20180125183304
2018-01-25 18:35:01.078;RU;AS161-AS1-20180125183155
2018-01-25 18:35:01.794;SS;AS161-AS1-20180125183304
2018-01-25 18:35:03.762;VU;AS161-AS1-20180125183155
2018-01-25 18:35:49.998;RO;AS161-AS1-20180125183424
2018-01-25 18:35:52.374;SP;AS161-AS1-20180125183424
2018-01-25 18:35:58.362;SQ;AS161-AS1-20180125183558
