2018-01-25 18:17:42.162;SQ;AS160-AS1-20180125181742
2018-01-25 18:18:14.292;RO;AS160-AS1-20180125181742
2018-01-25 18:18:15.499;SP;AS160-AS1-20180125181742
2018-01-25 18:18:18.106;SQ;AS160-AS1-20180125181818
2018-01-25 18:18:42.065;RC;AS160-AS1-20180125181742
2018-01-25 18:18:42.852;SS;AS160-AS1-20180125181742
2018-01-25 18:19:27.619;RO;AS160-AS1-20180125181818
2018-01-25 18:19:28.490;SP;AS160-AS1-20180125181818
2018-01-25 18:19:31.116;SQ;AS160-AS1-20180125181931
2018-01-25 18:19:52.493;RU;AS160-AS1-20180125181742
2018-01-25 18:19:54.306;VU;AS160-AS1-20180125181742
2018-01-25 18:20:19.399;RC;AS160-AS1-20180125181818
2018-01-25 18:20:20.193;SS;AS160-AS1-20180125181818
2018-01-25 18:21:14.403;RO;AS160-AS1-20180125181931
2018-01-25 18:21:15.555;SP;AS160-AS1-20180125181931
2018-01-25 18:21:18.180;SQ;AS160-AS1-20180125182118
2018-01-25 18:21:29.600;RU;AS160-AS1-20180125181818
2018-01-25 18:21:51.407;RC;AS160-AS1-20180125181931
2018-01-25 18:21:53.707;SS;AS160-AS1-20180125181931
2018-01-25 18:21:56.741;VU;AS160-AS1-20180125181818
2018-01-25 18:22:39.126;RO;AS160-AS1-20180125182118
2018-01-25 18:22:40.096;SP;AS160-AS1-20180125182118
2018-01-25 18:22:42.700;SQ;AS160-AS1-20180125182242
2018-01-25 18:23:16.447;RU;AS160-AS1-20180125181931
2018-01-25 18:23:18.249;VU;AS160-AS1-20180125181931
2018-01-25 18:23:19.159;RC;AS160-AS1-20180125182118
2018-01-25 18:23:19.964;SS;AS160-AS1-20180125182118
2018-01-25 18:23:53.123;RO;AS160-AS1-20180125182242
2018-01-25 18:23:54.965;SP;AS160-AS1-20180125182242
2018-01-25 18:23:59.396;SQ;AS160-AS1-20180125182359
2018-01-25 18:24:28.699;RC;AS160-AS1-20180125182242
2018-01-25 18:24:29.531;SS;AS160-AS1-20180125182242
2018-01-25 18:24:32.966;RU;AS160-AS1-20180125182118
2018-01-25 18:24:59.515;VU;AS160-AS1-20180125182118
2018-01-25 18:25:02.128;RO;AS160-AS1-20180125182359
2018-01-25 18:25:03.308;SP;AS160-AS1-20180125182359
2018-01-25 18:25:05.945;SQ;AS160-AS1-20180125182505
2018-01-25 18:25:50.950;RC;AS160-AS1-20180125182359
2018-01-25 18:25:51.748;SS;AS160-AS1-20180125182359
2018-01-25 18:25:58.712;RU;AS160-AS1-20180125182242
2018-01-25 18:26:00.529;VU;AS160-AS1-20180125182242
2018-01-25 18:26:16.791;RO;AS160-AS1-20180125182505
2018-01-25 18:26:17.820;SP;AS160-AS1-20180125182505
2018-01-25 18:26:20.452;SQ;AS160-AS1-20180125182620
2018-01-25 18:26:54.819;RC;AS160-AS1-20180125182505
2018-01-25 18:26:55.645;SS;AS160-AS1-20180125182505
2018-01-25 18:27:01.341;RU;AS160-AS1-20180125182359
2018-01-25 18:27:26.607;RO;AS160-AS1-20180125182620
2018-01-25 18:27:28.375;SP;AS160-AS1-20180125182620
2018-01-25 18:27:31.717;SQ;AS160-AS1-20180125182731
2018-01-25 18:27:51.658;RU;AS160-AS1-20180125182505
2018-01-25 18:27:54.785;VU;AS160-AS1-20180125182505
2018-01-25 18:28:19.122;RC;AS160-AS1-20180125182620
2018-01-25 18:28:19.928;SS;AS160-AS1-20180125182620
2018-01-25 18:28:54.498;RO;AS160-AS1-20180125182731
2018-01-25 18:28:57.082;SP;AS160-AS1-20180125182731
2018-01-25 18:29:00.497;SQ;AS160-AS1-20180125182900
2018-01-25 18:29:30.203;RU;AS160-AS1-20180125182620
2018-01-25 18:29:52.739;RC;AS160-AS1-20180125182731
2018-01-25 18:29:56.732;SS;AS160-AS1-20180125182731
2018-01-25 18:29:59.067;RO;AS160-AS1-20180125182900
2018-01-25 18:30:04.455;SP;AS160-AS1-20180125182900
2018-01-25 18:30:05.457;VU;AS160-AS1-20180125182620
2018-01-25 18:30:07.962;SQ;AS160-AS1-20180125183007
2018-01-25 18:30:42.431;RC;AS160-AS1-20180125182900
2018-01-25 18:30:44.416;SS;AS160-AS1-20180125182900
2018-01-25 18:31:11.600;RU;AS160-AS1-20180125182731
2018-01-25 18:31:13.624;VU;AS160-AS1-20180125182731
2018-01-25 18:31:23.272;RO;AS160-AS1-20180125183007
2018-01-25 18:31:24.727;SP;AS160-AS1-20180125183007
2018-01-25 18:31:28.160;SQ;AS160-AS1-20180125183128
2018-01-25 18:32:07.856;RC;AS160-AS1-20180125183007
2018-01-25 18:32:08.384;RU;AS160-AS1-20180125182900
2018-01-25 18:32:09.598;SS;AS160-AS1-20180125183007
2018-01-25 18:32:11.376;VU;AS160-AS1-20180125182900
2018-01-25 18:32:33.238;RO;AS160-AS1-20180125183128
2018-01-25 18:32:34.566;SP;AS160-AS1-20180125183128
2018-01-25 18:32:37.891;SQ;AS160-AS1-20180125183237
2018-01-25 18:33:18.414;RC;AS160-AS1-20180125183128
2018-01-25 18:33:19.767;SS;AS160-AS1-20180125183128
2018-01-25 18:33:29.280;RU;AS160-AS1-20180125183007
2018-01-25 18:33:54.171;RO;AS160-AS1-20180125183237
2018-01-25 18:33:58.440;SP;AS160-AS1-20180125183237
2018-01-25 18:33:59.823;VU;AS160-AS1-20180125183007
2018-01-25 18:34:01.944;SQ;AS160-AS1-20180125183401
2018-01-25 18:34:27.606;RU;AS160-AS1-20180125183128
2018-01-25 18:34:33.381;RC;AS160-AS1-20180125183237
2018-01-25 18:34:34.916;SS;AS160-AS1-20180125183237
2018-01-25 18:34:58.368;VU;AS160-AS1-20180125183128
2018-01-25 18:35:13.333;RO;AS160-AS1-20180125183401
2018-01-25 18:35:15.101;SP;AS160-AS1-20180125183401
2018-01-25 18:35:18.488;SQ;AS160-AS1-20180125183518
2018-01-25 18:35:53.715;RU;AS160-AS1-20180125183237
2018-01-25 18:35:58.529;RC;AS160-AS1-20180125183401
2018-01-25 18:36:00.572;SS;AS160-AS1-20180125183401
2018-01-25 18:36:01.182;VU;AS160-AS1-20180125183237
