2018-01-25 18:17:37.979;SQ;AS169-AS1-20180125181737
2018-01-25 18:18:08.356;RO;AS169-AS1-20180125181737
2018-01-25 18:18:09.343;SP;AS169-AS1-20180125181737
2018-01-25 18:18:12.010;SQ;AS169-AS1-20180125181812
2018-01-25 18:18:33.693;RC;AS169-AS1-20180125181737
2018-01-25 18:18:34.527;SS;AS169-AS1-20180125181737
2018-01-25 18:19:11.255;RO;AS169-AS1-20180125181812
2018-01-25 18:19:12.388;SP;AS169-AS1-20180125181812
2018-01-25 18:19:15.030;SQ;AS169-AS1-20180125181915
2018-01-25 18:19:45.350;RU;AS169-AS1-20180125181737
2018-01-25 18:19:53.745;VU;AS169-AS1-20180125181737
2018-01-25 18:19:55.437;RC;AS169-AS1-20180125181812
2018-01-25 18:19:56.283;SS;AS169-AS1-20180125181812
2018-01-25 18:20:19.432;RO;AS169-AS1-20180125181915
2018-01-25 18:20:20.456;SP;AS169-AS1-20180125181915
2018-01-25 18:20:23.076;SQ;AS169-AS1-20180125182023
2018-01-25 18:20:56.058;RC;AS169-AS1-20180125181915
2018-01-25 18:20:56.868;SS;AS169-AS1-20180125181915
2018-01-25 18:21:14.404;RU;AS169-AS1-20180125181812
2018-01-25 18:21:16.242;VU;AS169-AS1-20180125181812
2018-01-25 18:21:50.258;RO;AS169-AS1-20180125182023
2018-01-25 18:21:52.370;SP;AS169-AS1-20180125182023
2018-01-25 18:21:55.367;SQ;AS169-AS1-20180125182155
2018-01-25 18:22:09.404;RU;AS169-AS1-20180125181915
2018-01-25 18:22:11.241;VU;AS169-AS1-20180125181915
2018-01-25 18:22:27.926;RC;AS169-AS1-20180125182023
2018-01-25 18:22:28.768;SS;AS169-AS1-20180125182023
2018-01-25 18:23:02.506;RO;AS169-AS1-20180125182155
2018-01-25 18:23:03.780;SP;AS169-AS1-20180125182155
2018-01-25 18:23:06.488;SQ;AS169-AS1-20180125182306
2018-01-25 18:23:35.661;RC;AS169-AS1-20180125182155
2018-01-25 18:23:36.472;SS;AS169-AS1-20180125182155
2018-01-25 18:23:36.484;RU;AS169-AS1-20180125182023
2018-01-25 18:24:24.201;RO;AS169-AS1-20180125182306
2018-01-25 18:24:25.782;SP;AS169-AS1-20180125182306
2018-01-25 18:24:29.132;SQ;AS169-AS1-20180125182429
2018-01-25 18:24:56.620;RU;AS169-AS1-20180125182155
2018-01-25 18:25:00.299;VU;AS169-AS1-20180125182155
2018-01-25 18:25:05.997;RC;AS169-AS1-20180125182306
2018-01-25 18:25:07.522;SS;AS169-AS1-20180125182306
2018-01-25 18:25:45.963;RO;AS169-AS1-20180125182429
2018-01-25 18:25:47.232;SP;AS169-AS1-20180125182429
2018-01-25 18:25:50.767;SQ;AS169-AS1-20180125182550
2018-01-25 18:26:20.624;RU;AS169-AS1-20180125182306
2018-01-25 18:26:26.881;RC;AS169-AS1-20180125182429
2018-01-25 18:26:28.547;SS;AS169-AS1-20180125182429
2018-01-25 18:26:51.871;RO;AS169-AS1-20180125182550
2018-01-25 18:26:56.774;SP;AS169-AS1-20180125182550
2018-01-25 18:26:58.046;VU;AS169-AS1-20180125182306
2018-01-25 18:27:00.248;SQ;AS169-AS1-20180125182700
2018-01-25 18:27:27.372;RC;AS169-AS1-20180125182550
2018-01-25 18:27:28.489;SS;AS169-AS1-20180125182550
2018-01-25 18:27:54.526;RU;AS169-AS1-20180125182429
2018-01-25 18:27:57.178;VU;AS169-AS1-20180125182429
2018-01-25 18:28:04.965;RO;AS169-AS1-20180125182700
2018-01-25 18:28:06.212;SP;AS169-AS1-20180125182700
2018-01-25 18:28:09.536;SQ;AS169-AS1-20180125182809
2018-01-25 18:28:49.642;RC;AS169-AS1-20180125182700
2018-01-25 18:28:52.642;SS;AS169-AS1-20180125182700
2018-01-25 18:28:55.476;RU;AS169-AS1-20180125182550
2018-01-25 18:28:59.084;VU;AS169-AS1-20180125182550
2018-01-25 18:29:20.364;RO;AS169-AS1-20180125182809
2018-01-25 18:29:21.480;SP;AS169-AS1-20180125182809
2018-01-25 18:29:24.990;SQ;AS169-AS1-20180125182924
2018-01-25 18:29:54.303;RU;AS169-AS1-20180125182700
2018-01-25 18:30:00.692;RC;AS169-AS1-20180125182809
2018-01-25 18:30:01.999;SS;AS169-AS1-20180125182809
2018-01-25 18:30:02.054;VU;AS169-AS1-20180125182700
2018-01-25 18:31:07.849;RO;AS169-AS1-20180125182924
2018-01-25 18:31:09.741;SP;AS169-AS1-20180125182924
2018-01-25 18:31:13.114;SQ;AS169-AS1-20180125183113
2018-01-25 18:31:15.624;RU;AS169-AS1-20180125182809
2018-01-25 18:31:17.720;VU;AS169-AS1-20180125182809
2018-01-25 18:32:18.161;RC;AS169-AS1-20180125182924
2018-01-25 18:32:19.604;SS;AS169-AS1-20180125182924
2018-01-25 18:32:20.959;RO;AS169-AS1-20180125183113
2018-01-25 18:32:22.016;SP;AS169-AS1-20180125183113
2018-01-25 18:32:25.342;SQ;AS169-AS1-20180125183225
2018-01-25 18:33:17.741;RC;AS169-AS1-20180125183113
2018-01-25 18:33:19.236;SS;AS169-AS1-20180125183113
2018-01-25 18:33:50.775;RO;AS169-AS1-20180125183225
2018-01-25 18:33:52.448;RU;AS169-AS1-20180125182924
2018-01-25 18:33:56.163;SP;AS169-AS1-20180125183225
2018-01-25 18:33:57.167;VU;AS169-AS1-20180125182924
2018-01-25 18:33:59.673;SQ;AS169-AS1-20180125183359
2018-01-25 18:34:27.855;RC;AS169-AS1-20180125183225
2018-01-25 18:34:29.054;SS;AS169-AS1-20180125183225
2018-01-25 18:34:31.701;RU;AS169-AS1-20180125183113
2018-01-25 18:34:59.832;VU;AS169-AS1-20180125183113
2018-01-25 18:35:15.861;RO;AS169-AS1-20180125183359
2018-01-25 18:35:17.427;SP;AS169-AS1-20180125183359
2018-01-25 18:35:20.987;SQ;AS169-AS1-20180125183520
2018-01-25 18:35:49.289;RU;AS169-AS1-20180125183225
2018-01-25 18:36:02.480;VU;AS169-AS1-20180125183225
2018-01-25 18:36:02.778;RC;AS169-AS1-20180125183359
2018-01-25 18:36:03.909;SS;AS169-AS1-20180125183359
