2018-01-25 18:17:35.184;SQ;AS170-AS1-20180125181735
2018-01-25 18:17:56.263;RO;AS170-AS1-20180125181735
2018-01-25 18:17:57.568;SP;AS170-AS1-20180125181735
2018-01-25 18:18:00.260;SQ;AS170-AS1-20180125181800
2018-01-25 18:18:15.960;RC;AS170-AS1-20180125181735
2018-01-25 18:18:16.794;SS;AS170-AS1-20180125181735
2018-01-25 18:18:47.140;RO;AS170-AS1-20180125181800
2018-01-25 18:18:48.100;SP;AS170-AS1-20180125181800
2018-01-25 18:18:50.733;SQ;AS170-AS1-20180125181850
2018-01-25 18:19:19.941;RC;AS170-AS1-20180125181800
2018-01-25 18:19:20.776;SS;AS170-AS1-20180125181800
2018-01-25 18:19:29.720;RU;AS170-AS1-20180125181735
2018-01-25 18:19:54.934;VU;AS170-AS1-20180125181735
2018-01-25 18:20:04.256;RO;AS170-AS1-20180125181850
2018-01-25 18:20:05.156;SP;AS170-AS1-20180125181850
2018-01-25 18:20:07.816;SQ;AS170-AS1-20180125182007
2018-01-25 18:20:26.738;RC;AS170-AS1-20180125181850
2018-01-25 18:20:27.546;SS;AS170-AS1-20180125181850
2018-01-25 18:20:38.204;RU;AS170-AS1-20180125181800
2018-01-25 18:20:54.255;VU;AS170-AS1-20180125181800
2018-01-25 18:21:02.183;RO;AS170-AS1-20180125182007
2018-01-25 18:21:03.212;SP;AS170-AS1-20180125182007
2018-01-25 18:21:05.883;SQ;AS170-AS1-20180125182105
2018-01-25 18:21:41.326;RC;AS170-AS1-20180125182007
2018-01-25 18:21:42.162;SS;AS170-AS1-20180125182007
2018-01-25 18:22:19.577;RO;AS170-AS1-20180125182105
2018-01-25 18:22:20.810;SP;AS170-AS1-20180125182105
2018-01-25 18:22:23.418;SQ;AS170-AS1-20180125182223
2018-01-25 18:22:24.579;RU;AS170-AS1-20180125181850
2018-01-25 18:22:26.409;VU;AS170-AS1-20180125181850
2018-01-25 18:22:58.143;RU;AS170-AS1-20180125182007
2018-01-25 18:22:59.988;VU;AS170-AS1-20180125182007
2018-01-25 18:23:04.933;RC;AS170-AS1-20180125182105
2018-01-25 18:23:05.774;SS;AS170-AS1-20180125182105
2018-01-25 18:23:31.694;RO;AS170-AS1-20180125182223
2018-01-25 18:23:32.816;SP;AS170-AS1-20180125182223
2018-01-25 18:23:35.413;SQ;AS170-AS1-20180125182335
2018-01-25 18:24:23.539;RC;AS170-AS1-20180125182223
2018-01-25 18:24:24.350;SS;AS170-AS1-20180125182223
2018-01-25 18:24:24.422;RU;AS170-AS1-20180125182105
2018-01-25 18:24:26.248;VU;AS170-AS1-20180125182105
2018-01-25 18:24:53.464;RO;AS170-AS1-20180125182335
2018-01-25 18:24:55.249;SP;AS170-AS1-20180125182335
2018-01-25 18:24:58.607;SQ;AS170-AS1-20180125182458
2018-01-25 18:25:29.213;RU;AS170-AS1-20180125182223
2018-01-25 18:25:34.805;RC;AS170-AS1-20180125182335
2018-01-25 18:25:36.365;SS;AS170-AS1-20180125182335
2018-01-25 18:26:01.788;VU;AS170-AS1-20180125182223
2018-01-25 18:26:16.989;RO;AS170-AS1-20180125182458
2018-01-25 18:26:18.049;SP;AS170-AS1-20180125182458
2018-01-25 18:26:20.675;SQ;AS170-AS1-20180125182620
2018-01-25 18:26:57.785;RC;AS170-AS1-20180125182458
2018-01-25 18:26:58.294;RU;AS170-AS1-20180125182335
2018-01-25 18:26:58.902;SS;AS170-AS1-20180125182458
2018-01-25 18:27:00.476;VU;AS170-AS1-20180125182335
2018-01-25 18:27:49.684;RO;AS170-AS1-20180125182620
2018-01-25 18:27:51.681;SP;AS170-AS1-20180125182620
2018-01-25 18:27:54.307;SQ;AS170-AS1-20180125182754
2018-01-25 18:27:56.942;RU;AS170-AS1-20180125182458
2018-01-25 18:27:58.774;VU;AS170-AS1-20180125182458
2018-01-25 18:28:28.134;RC;AS170-AS1-20180125182620
2018-01-25 18:28:28.931;SS;AS170-AS1-20180125182620
2018-01-25 18:29:18.437;RO;AS170-AS1-20180125182754
2018-01-25 18:29:19.750;SP;AS170-AS1-20180125182754
2018-01-25 18:29:22.395;SQ;AS170-AS1-20180125182922
2018-01-25 18:29:49.996;RU;AS170-AS1-20180125182620
2018-01-25 18:29:52.729;RC;AS170-AS1-20180125182754
2018-01-25 18:29:56.038;SS;AS170-AS1-20180125182754
2018-01-25 18:30:00.345;VU;AS170-AS1-20180125182620
2018-01-25 18:30:42.434;RO;AS170-AS1-20180125182922
2018-01-25 18:30:43.737;SP;AS170-AS1-20180125182922
2018-01-25 18:30:48.271;SQ;AS170-AS1-20180125183048
2018-01-25 18:31:11.924;RU;AS170-AS1-20180125182754
2018-01-25 18:31:13.767;VU;AS170-AS1-20180125182754
2018-01-25 18:31:29.858;RC;AS170-AS1-20180125182922
2018-01-25 18:31:30.679;SS;AS170-AS1-20180125182922
2018-01-25 18:32:08.064;RO;AS170-AS1-20180125183048
2018-01-25 18:32:09.176;SP;AS170-AS1-20180125183048
2018-01-25 18:32:11.825;SQ;AS170-AS1-20180125183211
2018-01-25 18:32:40.153;RC;AS170-AS1-20180125183048
2018-01-25 18:32:40.952;SS;AS170-AS1-20180125183048
2018-01-25 18:32:51.182;RU;AS170-AS1-20180125182922
2018-01-25 18:32:53.016;VU;AS170-AS1-20180125182922
2018-01-25 18:33:54.174;RO;AS170-AS1-20180125183211
2018-01-25 18:33:55.260;SP;AS170-AS1-20180125183211
2018-01-25 18:33:57.880;SQ;AS170-AS1-20180125183357
2018-01-25 18:33:59.418;RU;AS170-AS1-20180125183048
2018-01-25 18:34:01.267;VU;AS170-AS1-20180125183048
2018-01-25 18:34:26.313;RC;AS170-AS1-20180125183211
2018-01-25 18:34:27.134;SS;AS170-AS1-20180125183211
2018-01-25 18:34:54.803;RO;AS170-AS1-20180125183357
2018-01-25 18:34:55.738;SP;AS170-AS1-20180125183357
2018-01-25 18:34:58.365;SQ;AS170-AS1-20180125183458
2018-01-25 18:35:32.188;RC;AS170-AS1-20180125183357
2018-01-25 18:35:32.987;SS;AS170-AS1-20180125183357
2018-01-25 18:35:56.038;RU;AS170-AS1-20180125183211
2018-01-25 18:35:57.876;VU;AS170-AS1-20180125183211
