2018-01-25 18:17:44.125;SQ;AS178-AS1-20180125181744
2018-01-25 18:18:21.661;RO;AS178-AS1-20180125181744
2018-01-25 18:18:22.473;SP;AS178-AS1-20180125181744
2018-01-25 18:18:25.063;SQ;AS178-AS1-20180125181825
2018-01-25 18:18:58.348;RC;AS178-AS1-20180125181744
2018-01-25 18:18:59.152;SS;AS178-AS1-20180125181744
2018-01-25 18:19:33.522;RO;AS178-AS1-20180125181825
2018-01-25 18:19:34.448;SP;AS178-AS1-20180125181825
2018-01-25 18:19:37.045;SQ;AS178-AS1-20180125181937
2018-01-25 18:20:19.608;RC;AS178-AS1-20180125181825
2018-01-25 18:20:19.990;RU;AS178-AS1-20180125181744
2018-01-25 18:20:20.731;SS;AS178-AS1-20180125181825
2018-01-25 18:20:22.186;VU;AS178-AS1-20180125181744
2018-01-25 18:20:57.491;RO;AS178-AS1-20180125181937
2018-01-25 18:20:58.430;SP;AS178-AS1-20180125181937
2018-01-25 18:21:01.050;SQ;AS178-AS1-20180125182101
2018-01-25 18:21:33.566;RU;AS178-AS1-20180125181825
2018-01-25 18:21:35.775;RC;AS178-AS1-20180125181937
2018-01-25 18:21:36.959;SS;AS178-AS1-20180125181937
2018-01-25 18:21:56.188;VU;AS178-AS1-20180125181825
2018-01-25 18:22:20.461;RO;AS178-AS1-20180125182101
2018-01-25 18:22:21.480;SP;AS178-AS1-20180125182101
2018-01-25 18:22:24.090;SQ;AS178-AS1-20180125182224
2018-01-25 18:23:06.255;RC;AS178-AS1-20180125182101
2018-01-25 18:23:07.067;SS;AS178-AS1-20180125182101
2018-01-25 18:23:30.409;RU;AS178-AS1-20180125181937
2018-01-25 18:23:32.189;VU;AS178-AS1-20180125181937
2018-01-25 18:23:37.252;RO;AS178-AS1-20180125182224
2018-01-25 18:23:38.479;SP;AS178-AS1-20180125182224
2018-01-25 18:23:41.062;SQ;AS178-AS1-20180125182341
2018-01-25 18:24:21.694;RU;AS178-AS1-20180125182101
2018-01-25 18:24:23.482;VU;AS178-AS1-20180125182101
2018-01-25 18:24:24.428;RC;AS178-AS1-20180125182224
2018-01-25 18:24:25.246;SS;AS178-AS1-20180125182224
2018-01-25 18:24:52.228;RO;AS178-AS1-20180125182341
2018-01-25 18:24:54.360;SP;AS178-AS1-20180125182341
2018-01-25 18:24:58.692;SQ;AS178-AS1-20180125182458
2018-01-25 18:25:30.040;RC;AS178-AS1-20180125182341
2018-01-25 18:25:30.832;SS;AS178-AS1-20180125182341
2018-01-25 18:25:33.234;RU;AS178-AS1-20180125182224
2018-01-25 18:26:16.845;RO;AS178-AS1-20180125182458
2018-01-25 18:26:18.740;SP;AS178-AS1-20180125182458
2018-01-25 18:26:22.192;SQ;AS178-AS1-20180125182622
2018-01-25 18:26:56.869;RC;AS178-AS1-20180125182458
2018-01-25 18:26:57.778;RU;AS178-AS1-20180125182341
2018-01-25 18:26:58.509;SS;AS178-AS1-20180125182458
2018-01-25 18:27:00.234;VU;AS178-AS1-20180125182341
2018-01-25 18:27:51.063;RO;AS178-AS1-20180125182622
2018-01-25 18:27:51.502;RU;AS178-AS1-20180125182458
2018-01-25 18:27:54.888;SP;AS178-AS1-20180125182622
2018-01-25 18:27:56.067;VU;AS178-AS1-20180125182458
2018-01-25 18:27:58.350;SQ;AS178-AS1-20180125182758
2018-01-25 18:29:18.776;RC;AS178-AS1-20180125182622
2018-01-25 18:29:19.797;SS;AS178-AS1-20180125182622
2018-01-25 18:29:27.891;RO;AS178-AS1-20180125182758
2018-01-25 18:29:28.931;SP;AS178-AS1-20180125182758
2018-01-25 18:29:32.320;SQ;AS178-AS1-20180125182932
2018-01-25 18:30:07.195;RC;AS178-AS1-20180125182758
2018-01-25 18:30:08.254;SS;AS178-AS1-20180125182758
2018-01-25 18:30:25.725;RU;AS178-AS1-20180125182622
2018-01-25 18:30:59.425;VU;AS178-AS1-20180125182622
2018-01-25 18:31:02.202;RO;AS178-AS1-20180125182932
2018-01-25 18:31:03.309;SP;AS178-AS1-20180125182932
2018-01-25 18:31:06.478;SQ;AS178-AS1-20180125183106
2018-01-25 18:31:18.922;RU;AS178-AS1-20180125182758
2018-01-25 18:31:41.787;RC;AS178-AS1-20180125182932
2018-01-25 18:31:43.417;SS;AS178-AS1-20180125182932
2018-01-25 18:32:07.965;RO;AS178-AS1-20180125183106
2018-01-25 18:32:09.392;SP;AS178-AS1-20180125183106
2018-01-25 18:32:13.801;SQ;AS178-AS1-20180125183213
2018-01-25 18:32:44.827;RC;AS178-AS1-20180125183106
2018-01-25 18:32:49.017;SS;AS178-AS1-20180125183106
2018-01-25 18:33:02.299;RU;AS178-AS1-20180125182932
2018-01-25 18:33:05.139;VU;AS178-AS1-20180125182932
2018-01-25 18:33:30.534;RO;AS178-AS1-20180125183213
2018-01-25 18:33:32.328;SP;AS178-AS1-20180125183213
2018-01-25 18:33:36.636;SQ;AS178-AS1-20180125183336
2018-01-25 18:34:18.585;RU;AS178-AS1-20180125183106
2018-01-25 18:34:18.869;RC;AS178-AS1-20180125183213
2018-01-25 18:34:21.694;SS;AS178-AS1-20180125183213
2018-01-25 18:34:22.212;VU;AS178-AS1-20180125183106
2018-01-25 18:34:53.340;RO;AS178-AS1-20180125183336
2018-01-25 18:34:58.650;SP;AS178-AS1-20180125183336
2018-01-25 18:35:02.967;SQ;AS178-AS1-20180125183502
2018-01-25 18:35:33.086;RC;AS178-AS1-20180125183336
2018-01-25 18:35:34.737;SS;AS178-AS1-20180125183336
2018-01-25 18:35:52.136;RU;AS178-AS1-20180125183213
2018-01-25 18:36:03.526;VU;AS178-AS1-20180125183213
