2018-01-25 18:17:38.805;SQ;AS17-AS1-20180125181738
2018-01-25 18:18:10.860;RO;AS17-AS1-20180125181738
2018-01-25 18:18:12.155;SP;AS17-AS1-20180125181738
2018-01-25 18:18:14.744;SQ;AS17-AS1-20180125181814
2018-01-25 18:18:35.730;RC;AS17-AS1-20180125181738
2018-01-25 18:18:36.529;SS;AS17-AS1-20180125181738
2018-01-25 18:19:22.655;RO;AS17-AS1-20180125181814
2018-01-25 18:19:23.622;SP;AS17-AS1-20180125181814
2018-01-25 18:19:26.233;SQ;AS17-AS1-20180125181926
2018-01-25 18:19:46.786;RU;AS17-AS1-20180125181738
2018-01-25 18:19:53.985;VU;AS17-AS1-20180125181738
2018-01-25 18:20:01.096;RC;AS17-AS1-20180125181814
2018-01-25 18:20:01.913;SS;AS17-AS1-20180125181814
2018-01-25 18:21:17.359;RO;AS17-AS1-20180125181926
2018-01-25 18:21:18.675;SP;AS17-AS1-20180125181926
2018-01-25 18:21:21.313;SQ;AS17-AS1-20180125182121
2018-01-25 18:21:34.307;RU;AS17-AS1-20180125181814
2018-01-25 18:21:36.104;VU;AS17-AS1-20180125181814
2018-01-25 18:22:00.326;RC;AS17-AS1-20180125181926
2018-01-25 18:22:01.147;SS;AS17-AS1-20180125181926
2018-01-25 18:22:49.665;RO;AS17-AS1-20180125182121
2018-01-25 18:22:51.591;SP;AS17-AS1-20180125182121
2018-01-25 18:22:55.986;SQ;AS17-AS1-20180125182255
2018-01-25 18:23:16.023;RU;AS17-AS1-20180125181926
2018-01-25 18:23:17.843;VU;AS17-AS1-20180125181926
2018-01-25 18:23:26.505;RC;AS17-AS1-20180125182121
2018-01-25 18:23:27.322;SS;AS17-AS1-20180125182121
2018-01-25 18:23:56.577;RO;AS17-AS1-20180125182255
2018-01-25 18:23:58.278;SP;AS17-AS1-20180125182255
2018-01-25 18:24:00.877;SQ;AS17-AS1-20180125182400
2018-01-25 18:24:30.343;RC;AS17-AS1-20180125182255
2018-01-25 18:24:31.173;SS;AS17-AS1-20180125182255
2018-01-25 18:24:55.368;RU;AS17-AS1-20180125182121
2018-01-25 18:24:58.258;VU;AS17-AS1-20180125182121
2018-01-25 18:25:07.998;RO;AS17-AS1-20180125182400
2018-01-25 18:25:09.274;SP;AS17-AS1-20180125182400
2018-01-25 18:25:11.921;SQ;AS17-AS1-20180125182511
2018-01-25 18:25:54.936;RC;AS17-AS1-20180125182400
2018-01-25 18:25:56.625;SS;AS17-AS1-20180125182400
2018-01-25 18:26:02.894;RU;AS17-AS1-20180125182255
2018-01-25 18:26:04.718;VU;AS17-AS1-20180125182255
2018-01-25 18:26:28.362;RO;AS17-AS1-20180125182511
2018-01-25 18:26:29.314;SP;AS17-AS1-20180125182511
2018-01-25 18:26:31.943;SQ;AS17-AS1-20180125182631
2018-01-25 18:27:20.665;RC;AS17-AS1-20180125182511
2018-01-25 18:27:21.150;RU;AS17-AS1-20180125182400
2018-01-25 18:27:21.710;SS;AS17-AS1-20180125182511
2018-01-25 18:27:23.274;VU;AS17-AS1-20180125182400
2018-01-25 18:27:45.464;RO;AS17-AS1-20180125182631
2018-01-25 18:27:47.257;SP;AS17-AS1-20180125182631
2018-01-25 18:27:51.649;SQ;AS17-AS1-20180125182751
2018-01-25 18:28:26.570;RC;AS17-AS1-20180125182631
2018-01-25 18:28:27.405;SS;AS17-AS1-20180125182631
2018-01-25 18:28:29.369;RU;AS17-AS1-20180125182511
2018-01-25 18:28:57.763;VU;AS17-AS1-20180125182511
2018-01-25 18:29:05.598;RO;AS17-AS1-20180125182751
2018-01-25 18:29:06.544;SP;AS17-AS1-20180125182751
2018-01-25 18:29:09.154;SQ;AS17-AS1-20180125182909
2018-01-25 18:29:34.299;RU;AS17-AS1-20180125182631
2018-01-25 18:29:39.026;RC;AS17-AS1-20180125182751
2018-01-25 18:29:39.953;SS;AS17-AS1-20180125182751
2018-01-25 18:30:00.166;VU;AS17-AS1-20180125182631
2018-01-25 18:30:10.748;RO;AS17-AS1-20180125182909
2018-01-25 18:30:12.054;SP;AS17-AS1-20180125182909
2018-01-25 18:30:14.653;SQ;AS17-AS1-20180125183014
2018-01-25 18:30:48.555;RC;AS17-AS1-20180125182909
2018-01-25 18:30:50.972;SS;AS17-AS1-20180125182909
2018-01-25 18:31:11.082;RU;AS17-AS1-20180125182751
2018-01-25 18:31:12.899;VU;AS17-AS1-20180125182751
2018-01-25 18:31:39.966;RO;AS17-AS1-20180125183014
2018-01-25 18:31:41.051;SP;AS17-AS1-20180125183014
2018-01-25 18:31:43.640;SQ;AS17-AS1-20180125183143
2018-01-25 18:32:09.942;RU;AS17-AS1-20180125182909
2018-01-25 18:32:11.760;VU;AS17-AS1-20180125182909
2018-01-25 18:32:22.321;RC;AS17-AS1-20180125183014
2018-01-25 18:32:23.137;SS;AS17-AS1-20180125183014
2018-01-25 18:32:46.773;RO;AS17-AS1-20180125183143
2018-01-25 18:32:48.932;SP;AS17-AS1-20180125183143
2018-01-25 18:32:53.631;SQ;AS17-AS1-20180125183253
2018-01-25 18:33:31.698;RC;AS17-AS1-20180125183143
2018-01-25 18:33:32.517;SS;AS17-AS1-20180125183143
2018-01-25 18:33:58.001;RU;AS17-AS1-20180125183014
2018-01-25 18:33:59.803;VU;AS17-AS1-20180125183014
2018-01-25 18:34:01.531;RO;AS17-AS1-20180125183253
2018-01-25 18:34:02.518;SP;AS17-AS1-20180125183253
2018-01-25 18:34:05.173;SQ;AS17-AS1-20180125183405
2018-01-25 18:34:30.583;RC;AS17-AS1-20180125183253
2018-01-25 18:34:31.406;SS;AS17-AS1-20180125183253
2018-01-25 18:34:51.588;RU;AS17-AS1-20180125183143
2018-01-25 18:34:54.518;VU;AS17-AS1-20180125183143
2018-01-25 18:35:12.780;RO;AS17-AS1-20180125183405
2018-01-25 18:35:14.062;SP;AS17-AS1-20180125183405
2018-01-25 18:35:16.700;SQ;AS17-AS1-20180125183516
2018-01-25 18:35:52.145;RU;AS17-AS1-20180125183253
2018-01-25 18:35:53.116;RC;AS17-AS1-20180125183405
2018-01-25 18:35:56.406;SS;AS17-AS1-20180125183405
