2018-01-25 18:17:34.437;SQ;AS172-AS1-20180125181734
2018-01-25 18:17:45.441;RO;AS172-AS1-20180125181734
2018-01-25 18:17:46.230;SP;AS172-AS1-20180125181734
2018-01-25 18:17:48.805;SQ;AS172-AS1-20180125181748
2018-01-25 18:18:03.983;RC;AS172-AS1-20180125181734
2018-01-25 18:18:04.763;SS;AS172-AS1-20180125181734
2018-01-25 18:18:29.239;RO;AS172-AS1-20180125181748
2018-01-25 18:18:30.165;SP;AS172-AS1-20180125181748
2018-01-25 18:18:32.750;SQ;AS172-AS1-20180125181832
2018-01-25 18:19:01.057;RU;AS172-AS1-20180125181734
2018-01-25 18:19:02.845;VU;AS172-AS1-20180125181734
2018-01-25 18:19:03.710;RC;AS172-AS1-20180125181748
2018-01-25 18:19:04.515;SS;AS172-AS1-20180125181748
2018-01-25 18:19:39.258;RO;AS172-AS1-20180125181832
2018-01-25 18:19:40.126;SP;AS172-AS1-20180125181832
2018-01-25 18:19:42.706;SQ;AS172-AS1-20180125181942
2018-01-25 18:20:19.980;RU;AS172-AS1-20180125181748
2018-01-25 18:20:21.767;VU;AS172-AS1-20180125181748
2018-01-25 18:20:22.486;RC;AS172-AS1-20180125181832
2018-01-25 18:20:23.266;SS;AS172-AS1-20180125181832
2018-01-25 18:20:55.505;RO;AS172-AS1-20180125181942
2018-01-25 18:20:56.560;SP;AS172-AS1-20180125181942
2018-01-25 18:20:59.143;SQ;AS172-AS1-20180125182059
2018-01-25 18:21:35.741;RC;AS172-AS1-20180125181942
2018-01-25 18:21:36.542;SS;AS172-AS1-20180125181942
2018-01-25 18:21:53.914;RU;AS172-AS1-20180125181832
2018-01-25 18:21:55.705;VU;AS172-AS1-20180125181832
2018-01-25 18:22:19.547;RO;AS172-AS1-20180125182059
2018-01-25 18:22:20.533;SP;AS172-AS1-20180125182059
2018-01-25 18:22:23.146;SQ;AS172-AS1-20180125182223
2018-01-25 18:22:52.402;RU;AS172-AS1-20180125181942
2018-01-25 18:22:58.233;VU;AS172-AS1-20180125181942
2018-01-25 18:23:04.158;RC;AS172-AS1-20180125182059
2018-01-25 18:23:04.949;SS;AS172-AS1-20180125182059
2018-01-25 18:23:29.968;RO;AS172-AS1-20180125182223
2018-01-25 18:23:31.025;SP;AS172-AS1-20180125182223
2018-01-25 18:23:33.601;SQ;AS172-AS1-20180125182333
2018-01-25 18:24:23.959;RC;AS172-AS1-20180125182223
2018-01-25 18:24:24.401;RU;AS172-AS1-20180125182059
2018-01-25 18:24:25.011;SS;AS172-AS1-20180125182223
2018-01-25 18:24:26.554;VU;AS172-AS1-20180125182059
2018-01-25 18:24:53.119;RO;AS172-AS1-20180125182333
2018-01-25 18:24:54.951;SP;AS172-AS1-20180125182333
2018-01-25 18:24:58.861;SQ;AS172-AS1-20180125182458
2018-01-25 18:25:22.760;RU;AS172-AS1-20180125182223
2018-01-25 18:26:01.113;VU;AS172-AS1-20180125182223
2018-01-25 18:26:02.893;RC;AS172-AS1-20180125182333
2018-01-25 18:26:03.704;SS;AS172-AS1-20180125182333
2018-01-25 18:26:17.130;RO;AS172-AS1-20180125182458
2018-01-25 18:26:18.255;SP;AS172-AS1-20180125182458
2018-01-25 18:26:20.846;SQ;AS172-AS1-20180125182620
2018-01-25 18:26:59.804;RC;AS172-AS1-20180125182458
2018-01-25 18:27:00.602;SS;AS172-AS1-20180125182458
2018-01-25 18:27:20.856;RU;AS172-AS1-20180125182333
2018-01-25 18:27:48.026;RO;AS172-AS1-20180125182620
2018-01-25 18:27:51.650;SP;AS172-AS1-20180125182620
2018-01-25 18:27:55.692;RU;AS172-AS1-20180125182458
2018-01-25 18:27:56.239;SQ;AS172-AS1-20180125182756
2018-01-25 18:27:56.300;VU;AS172-AS1-20180125182333
2018-01-25 18:27:57.808;VU;AS172-AS1-20180125182458
2018-01-25 18:28:24.529;RC;AS172-AS1-20180125182620
2018-01-25 18:28:25.302;SS;AS172-AS1-20180125182620
2018-01-25 18:29:21.155;RO;AS172-AS1-20180125182756
2018-01-25 18:29:22.129;SP;AS172-AS1-20180125182756
2018-01-25 18:29:24.735;SQ;AS172-AS1-20180125182924
2018-01-25 18:29:35.869;RU;AS172-AS1-20180125182620
2018-01-25 18:30:00.455;VU;AS172-AS1-20180125182620
2018-01-25 18:30:33.644;RC;AS172-AS1-20180125182756
2018-01-25 18:30:34.428;SS;AS172-AS1-20180125182756
2018-01-25 18:31:21.759;RO;AS172-AS1-20180125182924
2018-01-25 18:31:22.667;SP;AS172-AS1-20180125182924
2018-01-25 18:31:25.253;SQ;AS172-AS1-20180125183125
2018-01-25 18:32:08.092;RU;AS172-AS1-20180125182756
2018-01-25 18:32:08.302;RC;AS172-AS1-20180125182924
2018-01-25 18:32:09.697;SS;AS172-AS1-20180125182924
2018-01-25 18:32:10.404;VU;AS172-AS1-20180125182756
2018-01-25 18:32:42.360;RO;AS172-AS1-20180125183125
2018-01-25 18:32:43.643;SP;AS172-AS1-20180125183125
2018-01-25 18:32:48.069;SQ;AS172-AS1-20180125183248
2018-01-25 18:33:22.756;RC;AS172-AS1-20180125183125
2018-01-25 18:33:23.542;SS;AS172-AS1-20180125183125
2018-01-25 18:33:29.634;RU;AS172-AS1-20180125182924
2018-01-25 18:33:56.157;VU;AS172-AS1-20180125182924
2018-01-25 18:34:01.715;RO;AS172-AS1-20180125183248
2018-01-25 18:34:02.955;SP;AS172-AS1-20180125183248
2018-01-25 18:34:05.592;SQ;AS172-AS1-20180125183405
2018-01-25 18:34:37.087;RC;AS172-AS1-20180125183248
2018-01-25 18:34:37.874;SS;AS172-AS1-20180125183248
2018-01-25 18:34:49.181;RU;AS172-AS1-20180125183125
2018-01-25 18:34:56.424;VU;AS172-AS1-20180125183125
2018-01-25 18:35:12.778;RO;AS172-AS1-20180125183405
2018-01-25 18:35:13.965;SP;AS172-AS1-20180125183405
2018-01-25 18:35:16.590;SQ;AS172-AS1-20180125183516
2018-01-25 18:35:50.730;RC;AS172-AS1-20180125183405
2018-01-25 18:35:52.448;SS;AS172-AS1-20180125183405
2018-01-25 18:36:00.979;RU;AS172-AS1-20180125183248
2018-01-25 18:36:02.797;VU;AS172-AS1-20180125183248
