2018-01-25 18:17:35.346;SQ;AS176-AS1-20180125181735
2018-01-25 18:17:56.770;RO;AS176-AS1-20180125181735
2018-01-25 18:17:57.676;SP;AS176-AS1-20180125181735
2018-01-25 18:18:00.316;SQ;AS176-AS1-20180125181800
2018-01-25 18:18:17.932;RC;AS176-AS1-20180125181735
2018-01-25 18:18:18.740;SS;AS176-AS1-20180125181735
2018-01-25 18:18:51.242;RO;AS176-AS1-20180125181800
2018-01-25 18:18:53.010;SP;AS176-AS1-20180125181800
2018-01-25 18:18:55.637;SQ;AS176-AS1-20180125181855
2018-01-25 18:19:29.156;RU;AS176-AS1-20180125181735
2018-01-25 18:19:29.452;RC;AS176-AS1-20180125181800
2018-01-25 18:19:30.777;SS;AS176-AS1-20180125181800
2018-01-25 18:19:54.678;VU;AS176-AS1-20180125181735
2018-01-25 18:20:03.368;RO;AS176-AS1-20180125181855
2018-01-25 18:20:04.553;SP;AS176-AS1-20180125181855
2018-01-25 18:20:07.178;SQ;AS176-AS1-20180125182007
2018-01-25 18:20:32.035;RC;AS176-AS1-20180125181855
2018-01-25 18:20:32.832;SS;AS176-AS1-20180125181855
2018-01-25 18:20:55.783;RU;AS176-AS1-20180125181800
2018-01-25 18:20:57.578;VU;AS176-AS1-20180125181800
2018-01-25 18:21:14.405;RO;AS176-AS1-20180125182007
2018-01-25 18:21:15.560;SP;AS176-AS1-20180125182007
2018-01-25 18:21:18.200;SQ;AS176-AS1-20180125182118
2018-01-25 18:21:49.928;RC;AS176-AS1-20180125182007
2018-01-25 18:21:51.164;RU;AS176-AS1-20180125181855
2018-01-25 18:21:52.169;SS;AS176-AS1-20180125182007
2018-01-25 18:21:56.082;VU;AS176-AS1-20180125181855
2018-01-25 18:22:37.370;RO;AS176-AS1-20180125182118
2018-01-25 18:22:38.605;SP;AS176-AS1-20180125182118
2018-01-25 18:22:41.229;SQ;AS176-AS1-20180125182241
2018-01-25 18:23:07.654;RU;AS176-AS1-20180125182007
2018-01-25 18:23:09.472;VU;AS176-AS1-20180125182007
2018-01-25 18:23:16.543;RC;AS176-AS1-20180125182118
2018-01-25 18:23:17.352;SS;AS176-AS1-20180125182118
2018-01-25 18:24:22.839;RO;AS176-AS1-20180125182241
2018-01-25 18:24:24.138;SP;AS176-AS1-20180125182241
2018-01-25 18:24:26.795;SQ;AS176-AS1-20180125182426
2018-01-25 18:24:27.101;RU;AS176-AS1-20180125182118
2018-01-25 18:24:55.952;RC;AS176-AS1-20180125182241
2018-01-25 18:24:59.189;SS;AS176-AS1-20180125182241
2018-01-25 18:25:00.186;VU;AS176-AS1-20180125182118
2018-01-25 18:25:39.651;RO;AS176-AS1-20180125182426
2018-01-25 18:25:40.686;SP;AS176-AS1-20180125182426
2018-01-25 18:25:43.306;SQ;AS176-AS1-20180125182543
2018-01-25 18:26:18.258;RU;AS176-AS1-20180125182241
2018-01-25 18:26:18.874;RC;AS176-AS1-20180125182426
2018-01-25 18:26:19.918;SS;AS176-AS1-20180125182426
2018-01-25 18:26:20.255;VU;AS176-AS1-20180125182241
2018-01-25 18:26:59.803;RO;AS176-AS1-20180125182543
2018-01-25 18:27:00.713;SP;AS176-AS1-20180125182543
2018-01-25 18:27:03.352;SQ;AS176-AS1-20180125182703
2018-01-25 18:27:20.967;RC;AS176-AS1-20180125182543
2018-01-25 18:27:21.764;SS;AS176-AS1-20180125182543
2018-01-25 18:27:29.128;RU;AS176-AS1-20180125182426
2018-01-25 18:27:55.447;VU;AS176-AS1-20180125182426
2018-01-25 18:27:56.604;RO;AS176-AS1-20180125182703
2018-01-25 18:27:57.750;SP;AS176-AS1-20180125182703
2018-01-25 18:28:00.367;SQ;AS176-AS1-20180125182800
2018-01-25 18:28:18.887;RU;AS176-AS1-20180125182543
2018-01-25 18:28:35.301;RC;AS176-AS1-20180125182703
2018-01-25 18:28:36.902;SS;AS176-AS1-20180125182703
2018-01-25 18:29:20.318;RO;AS176-AS1-20180125182800
2018-01-25 18:29:22.022;SP;AS176-AS1-20180125182800
2018-01-25 18:29:25.503;SQ;AS176-AS1-20180125182925
2018-01-25 18:29:47.297;RU;AS176-AS1-20180125182703
2018-01-25 18:29:59.363;RC;AS176-AS1-20180125182800
2018-01-25 18:30:01.957;SS;AS176-AS1-20180125182800
2018-01-25 18:30:02.390;VU;AS176-AS1-20180125182703
2018-01-25 18:31:02.213;RO;AS176-AS1-20180125182925
2018-01-25 18:31:03.772;SP;AS176-AS1-20180125182925
2018-01-25 18:31:07.014;SQ;AS176-AS1-20180125183107
2018-01-25 18:31:17.059;RU;AS176-AS1-20180125182800
2018-01-25 18:31:19.092;VU;AS176-AS1-20180125182800
2018-01-25 18:31:40.743;RC;AS176-AS1-20180125182925
2018-01-25 18:31:41.664;SS;AS176-AS1-20180125182925
2018-01-25 18:32:13.576;RO;AS176-AS1-20180125183107
2018-01-25 18:32:15.204;SP;AS176-AS1-20180125183107
2018-01-25 18:32:18.665;SQ;AS176-AS1-20180125183218
2018-01-25 18:32:56.499;RU;AS176-AS1-20180125182925
2018-01-25 18:32:58.802;VU;AS176-AS1-20180125182925
2018-01-25 18:33:00.412;RC;AS176-AS1-20180125183107
2018-01-25 18:33:01.445;SS;AS176-AS1-20180125183107
2018-01-25 18:33:34.319;RO;AS176-AS1-20180125183218
2018-01-25 18:33:35.602;SP;AS176-AS1-20180125183218
2018-01-25 18:33:38.973;SQ;AS176-AS1-20180125183338
2018-01-25 18:34:18.876;RU;AS176-AS1-20180125183107
2018-01-25 18:34:18.877;RC;AS176-AS1-20180125183218
2018-01-25 18:34:20.960;SS;AS176-AS1-20180125183218
2018-01-25 18:34:21.961;VU;AS176-AS1-20180125183107
2018-01-25 18:34:52.235;RO;AS176-AS1-20180125183338
2018-01-25 18:34:56.112;SP;AS176-AS1-20180125183338
2018-01-25 18:34:59.546;SQ;AS176-AS1-20180125183459
2018-01-25 18:35:28.799;RC;AS176-AS1-20180125183338
2018-01-25 18:35:30.215;SS;AS176-AS1-20180125183338
2018-01-25 18:35:50.730;RU;AS176-AS1-20180125183218
2018-01-25 18:35:59.756;VU;AS176-AS1-20180125183218
