2018-01-25 18:17:39.098;SQ;AS173-AS1-20180125181739
2018-01-25 18:18:11.883;RO;AS173-AS1-20180125181739
2018-01-25 18:18:13.001;SP;AS173-AS1-20180125181739
2018-01-25 18:18:15.699;SQ;AS173-AS1-20180125181815
2018-01-25 18:18:39.560;RC;AS173-AS1-20180125181739
2018-01-25 18:18:40.399;SS;AS173-AS1-20180125181739
2018-01-25 18:19:05.826;RO;AS173-AS1-20180125181815
2018-01-25 18:19:07.081;SP;AS173-AS1-20180125181815
2018-01-25 18:19:09.738;SQ;AS173-AS1-20180125181909
2018-01-25 18:19:46.782;RC;AS173-AS1-20180125181815
2018-01-25 18:19:48.235;RU;AS173-AS1-20180125181739
2018-01-25 18:19:48.883;SS;AS173-AS1-20180125181815
2018-01-25 18:19:54.080;VU;AS173-AS1-20180125181739
2018-01-25 18:20:22.387;RO;AS173-AS1-20180125181909
2018-01-25 18:20:23.674;SP;AS173-AS1-20180125181909
2018-01-25 18:20:26.360;SQ;AS173-AS1-20180125182026
2018-01-25 18:21:00.875;RU;AS173-AS1-20180125181815
2018-01-25 18:21:02.726;VU;AS173-AS1-20180125181815
2018-01-25 18:21:14.667;RC;AS173-AS1-20180125181909
2018-01-25 18:21:15.494;SS;AS173-AS1-20180125181909
2018-01-25 18:22:09.405;RO;AS173-AS1-20180125182026
2018-01-25 18:22:10.342;SP;AS173-AS1-20180125182026
2018-01-25 18:22:13.029;SQ;AS173-AS1-20180125182213
2018-01-25 18:22:31.152;RU;AS173-AS1-20180125181909
2018-01-25 18:22:50.996;RC;AS173-AS1-20180125182026
2018-01-25 18:22:53.216;SS;AS173-AS1-20180125182026
2018-01-25 18:23:00.862;VU;AS173-AS1-20180125181909
2018-01-25 18:23:31.379;RO;AS173-AS1-20180125182213
2018-01-25 18:23:32.446;SP;AS173-AS1-20180125182213
2018-01-25 18:23:35.133;SQ;AS173-AS1-20180125182335
2018-01-25 18:24:03.403;RU;AS173-AS1-20180125182026
2018-01-25 18:24:05.231;VU;AS173-AS1-20180125182026
2018-01-25 18:24:24.424;RC;AS173-AS1-20180125182213
2018-01-25 18:24:25.239;SS;AS173-AS1-20180125182213
2018-01-25 18:25:22.556;RO;AS173-AS1-20180125182335
2018-01-25 18:25:23.557;SP;AS173-AS1-20180125182335
2018-01-25 18:25:26.214;SQ;AS173-AS1-20180125182526
2018-01-25 18:25:39.392;RU;AS173-AS1-20180125182213
2018-01-25 18:26:02.325;VU;AS173-AS1-20180125182213
2018-01-25 18:26:04.982;RC;AS173-AS1-20180125182335
2018-01-25 18:26:05.827;SS;AS173-AS1-20180125182335
2018-01-25 18:26:32.793;RO;AS173-AS1-20180125182526
2018-01-25 18:26:33.649;SP;AS173-AS1-20180125182526
2018-01-25 18:26:36.306;SQ;AS173-AS1-20180125182636
2018-01-25 18:27:20.537;RU;AS173-AS1-20180125182335
2018-01-25 18:27:20.840;RC;AS173-AS1-20180125182526
2018-01-25 18:27:22.215;SS;AS173-AS1-20180125182526
2018-01-25 18:27:54.957;VU;AS173-AS1-20180125182335
2018-01-25 18:28:23.902;RO;AS173-AS1-20180125182636
2018-01-25 18:28:24.767;SP;AS173-AS1-20180125182636
2018-01-25 18:28:27.453;SQ;AS173-AS1-20180125182827
2018-01-25 18:28:33.858;RU;AS173-AS1-20180125182526
2018-01-25 18:28:58.472;VU;AS173-AS1-20180125182526
2018-01-25 18:29:02.849;RC;AS173-AS1-20180125182636
2018-01-25 18:29:03.713;SS;AS173-AS1-20180125182636
2018-01-25 18:29:47.860;RO;AS173-AS1-20180125182827
2018-01-25 18:29:48.905;SP;AS173-AS1-20180125182827
2018-01-25 18:29:53.454;SQ;AS173-AS1-20180125182953
2018-01-25 18:30:25.594;RU;AS173-AS1-20180125182636
2018-01-25 18:30:27.427;VU;AS173-AS1-20180125182636
2018-01-25 18:30:27.953;RC;AS173-AS1-20180125182827
2018-01-25 18:30:28.797;SS;AS173-AS1-20180125182827
2018-01-25 18:31:03.138;RO;AS173-AS1-20180125182953
2018-01-25 18:31:04.360;SP;AS173-AS1-20180125182953
2018-01-25 18:31:07.052;SQ;AS173-AS1-20180125183107
2018-01-25 18:31:29.243;RU;AS173-AS1-20180125182827
2018-01-25 18:31:36.626;RC;AS173-AS1-20180125182953
2018-01-25 18:31:38.267;SS;AS173-AS1-20180125182953
2018-01-25 18:31:52.277;VU;AS173-AS1-20180125182827
2018-01-25 18:32:10.525;RO;AS173-AS1-20180125183107
2018-01-25 18:32:11.449;SP;AS173-AS1-20180125183107
2018-01-25 18:32:14.117;SQ;AS173-AS1-20180125183214
2018-01-25 18:32:48.566;RC;AS173-AS1-20180125183107
2018-01-25 18:32:50.343;SS;AS173-AS1-20180125183107
2018-01-25 18:32:52.672;RU;AS173-AS1-20180125182953
2018-01-25 18:32:54.524;VU;AS173-AS1-20180125182953
2018-01-25 18:33:23.604;RO;AS173-AS1-20180125183214
2018-01-25 18:33:24.532;SP;AS173-AS1-20180125183214
2018-01-25 18:33:27.185;SQ;AS173-AS1-20180125183327
2018-01-25 18:34:18.275;RU;AS173-AS1-20180125183107
2018-01-25 18:34:18.275;RC;AS173-AS1-20180125183214
2018-01-25 18:34:19.943;SS;AS173-AS1-20180125183214
2018-01-25 18:34:20.945;VU;AS173-AS1-20180125183107
2018-01-25 18:34:47.731;RO;AS173-AS1-20180125183327
2018-01-25 18:34:49.532;SP;AS173-AS1-20180125183327
2018-01-25 18:34:54.067;SQ;AS173-AS1-20180125183454
2018-01-25 18:35:20.863;RC;AS173-AS1-20180125183327
2018-01-25 18:35:21.711;SS;AS173-AS1-20180125183327
2018-01-25 18:35:56.061;RU;AS173-AS1-20180125183214
2018-01-25 18:35:57.910;VU;AS173-AS1-20180125183214
2018-01-25 18:36:00.352;RO;AS173-AS1-20180125183454
2018-01-25 18:36:01.484;SP;AS173-AS1-20180125183454
2018-01-25 18:36:04.160;SQ;AS173-AS1-20180125183604
