2018-01-25 18:17:41.343;SQ;AS180-AS1-20180125181741
2018-01-25 18:18:10.436;RO;AS180-AS1-20180125181741
2018-01-25 18:18:11.673;SP;AS180-AS1-20180125181741
2018-01-25 18:18:14.266;SQ;AS180-AS1-20180125181814
2018-01-25 18:18:37.274;RC;AS180-AS1-20180125181741
2018-01-25 18:18:38.068;SS;AS180-AS1-20180125181741
2018-01-25 18:19:11.904;RO;AS180-AS1-20180125181814
2018-01-25 18:19:13.137;SP;AS180-AS1-20180125181814
2018-01-25 18:19:15.782;SQ;AS180-AS1-20180125181915
2018-01-25 18:19:45.360;RU;AS180-AS1-20180125181741
2018-01-25 18:19:53.307;VU;AS180-AS1-20180125181741
2018-01-25 18:20:20.145;RC;AS180-AS1-20180125181814
2018-01-25 18:20:20.979;SS;AS180-AS1-20180125181814
2018-01-25 18:20:21.245;RO;AS180-AS1-20180125181915
2018-01-25 18:20:22.179;SP;AS180-AS1-20180125181915
2018-01-25 18:20:24.765;SQ;AS180-AS1-20180125182024
2018-01-25 18:21:14.480;RC;AS180-AS1-20180125181915
2018-01-25 18:21:15.293;SS;AS180-AS1-20180125181915
2018-01-25 18:21:30.490;RU;AS180-AS1-20180125181814
2018-01-25 18:22:09.414;RO;AS180-AS1-20180125182024
2018-01-25 18:22:10.882;SP;AS180-AS1-20180125182024
2018-01-25 18:22:14.368;SQ;AS180-AS1-20180125182214
2018-01-25 18:22:25.259;RU;AS180-AS1-20180125181915
2018-01-25 18:22:50.839;RC;AS180-AS1-20180125182024
2018-01-25 18:22:54.651;SS;AS180-AS1-20180125182024
2018-01-25 18:23:03.678;VU;AS180-AS1-20180125181915
2018-01-25 18:23:29.978;RO;AS180-AS1-20180125182214
2018-01-25 18:23:31.091;SP;AS180-AS1-20180125182214
2018-01-25 18:23:34.359;SQ;AS180-AS1-20180125182334
2018-01-25 18:24:24.461;RC;AS180-AS1-20180125182214
2018-01-25 18:24:24.485;RU;AS180-AS1-20180125182024
2018-01-25 18:24:26.703;SS;AS180-AS1-20180125182214
2018-01-25 18:24:27.705;VU;AS180-AS1-20180125182024
2018-01-25 18:24:53.598;RO;AS180-AS1-20180125182334
2018-01-25 18:24:57.145;SP;AS180-AS1-20180125182334
2018-01-25 18:25:01.297;SQ;AS180-AS1-20180125182501
2018-01-25 18:25:37.562;RC;AS180-AS1-20180125182334
2018-01-25 18:25:38.877;SS;AS180-AS1-20180125182334
2018-01-25 18:25:49.265;RU;AS180-AS1-20180125182214
2018-01-25 18:26:02.758;VU;AS180-AS1-20180125182214
2018-01-25 18:26:24.674;RO;AS180-AS1-20180125182501
2018-01-25 18:26:26.265;SP;AS180-AS1-20180125182501
2018-01-25 18:26:29.579;SQ;AS180-AS1-20180125182629
2018-01-25 18:26:50.758;RU;AS180-AS1-20180125182334
2018-01-25 18:26:53.662;VU;AS180-AS1-20180125182334
2018-01-25 18:27:29.286;RC;AS180-AS1-20180125182501
2018-01-25 18:27:30.462;SS;AS180-AS1-20180125182501
2018-01-25 18:27:50.176;RO;AS180-AS1-20180125182629
2018-01-25 18:27:52.340;SP;AS180-AS1-20180125182629
2018-01-25 18:27:56.061;SQ;AS180-AS1-20180125182756
2018-01-25 18:28:56.246;RU;AS180-AS1-20180125182501
2018-01-25 18:28:58.114;VU;AS180-AS1-20180125182501
2018-01-25 18:29:04.602;RC;AS180-AS1-20180125182629
2018-01-25 18:29:05.884;SS;AS180-AS1-20180125182629
2018-01-25 18:29:18.669;RO;AS180-AS1-20180125182756
2018-01-25 18:29:19.670;SP;AS180-AS1-20180125182756
2018-01-25 18:29:23.081;SQ;AS180-AS1-20180125182923
2018-01-25 18:29:54.923;RC;AS180-AS1-20180125182756
2018-01-25 18:29:57.981;SS;AS180-AS1-20180125182756
2018-01-25 18:30:09.451;RU;AS180-AS1-20180125182629
2018-01-25 18:30:11.283;VU;AS180-AS1-20180125182629
2018-01-25 18:30:42.435;RO;AS180-AS1-20180125182923
2018-01-25 18:30:45.060;SP;AS180-AS1-20180125182923
2018-01-25 18:30:51.024;SQ;AS180-AS1-20180125183051
2018-01-25 18:31:26.818;RC;AS180-AS1-20180125182923
2018-01-25 18:31:27.772;SS;AS180-AS1-20180125182923
2018-01-25 18:31:54.502;RU;AS180-AS1-20180125182756
2018-01-25 18:31:56.502;VU;AS180-AS1-20180125182756
2018-01-25 18:32:07.386;RO;AS180-AS1-20180125183051
2018-01-25 18:32:08.448;SP;AS180-AS1-20180125183051
2018-01-25 18:32:11.880;SQ;AS180-AS1-20180125183211
2018-01-25 18:32:31.340;RU;AS180-AS1-20180125182923
2018-01-25 18:32:39.422;RC;AS180-AS1-20180125183051
2018-01-25 18:32:41.083;SS;AS180-AS1-20180125183051
2018-01-25 18:32:56.856;VU;AS180-AS1-20180125182923
2018-01-25 18:33:21.830;RO;AS180-AS1-20180125183211
2018-01-25 18:33:23.224;SP;AS180-AS1-20180125183211
2018-01-25 18:33:26.696;SQ;AS180-AS1-20180125183326
2018-01-25 18:33:58.555;RU;AS180-AS1-20180125183051
2018-01-25 18:34:00.354;VU;AS180-AS1-20180125183051
2018-01-25 18:34:18.287;RC;AS180-AS1-20180125183211
2018-01-25 18:34:19.418;SS;AS180-AS1-20180125183211
2018-01-25 18:34:51.410;RO;AS180-AS1-20180125183326
2018-01-25 18:34:54.262;SP;AS180-AS1-20180125183326
2018-01-25 18:34:57.441;SQ;AS180-AS1-20180125183457
2018-01-25 18:35:32.200;RC;AS180-AS1-20180125183326
2018-01-25 18:35:32.493;RU;AS180-AS1-20180125183211
2018-01-25 18:35:33.605;SS;AS180-AS1-20180125183326
2018-01-25 18:36:01.869;VU;AS180-AS1-20180125183211
