2018-01-25 18:17:40.876;SQ;AS183-AS1-20180125181740
2018-01-25 18:18:14.291;RO;AS183-AS1-20180125181740
2018-01-25 18:18:15.249;SP;AS183-AS1-20180125181740
2018-01-25 18:18:17.946;SQ;AS183-AS1-20180125181817
2018-01-25 18:18:46.564;RC;AS183-AS1-20180125181740
2018-01-25 18:18:47.435;SS;AS183-AS1-20180125181740
2018-01-25 18:19:22.724;RO;AS183-AS1-20180125181817
2018-01-25 18:19:23.875;SP;AS183-AS1-20180125181817
2018-01-25 18:19:26.581;SQ;AS183-AS1-20180125181926
2018-01-25 18:20:02.059;RC;AS183-AS1-20180125181817
2018-01-25 18:20:02.936;SS;AS183-AS1-20180125181817
2018-01-25 18:20:04.016;RU;AS183-AS1-20180125181740
2018-01-25 18:20:05.895;VU;AS183-AS1-20180125181740
2018-01-25 18:20:47.366;RO;AS183-AS1-20180125181926
2018-01-25 18:20:49.483;SP;AS183-AS1-20180125181926
2018-01-25 18:20:53.898;SQ;AS183-AS1-20180125182053
2018-01-25 18:21:14.696;RU;AS183-AS1-20180125181817
2018-01-25 18:21:16.545;VU;AS183-AS1-20180125181817
2018-01-25 18:21:24.126;RC;AS183-AS1-20180125181926
2018-01-25 18:21:24.976;SS;AS183-AS1-20180125181926
2018-01-25 18:22:09.426;RO;AS183-AS1-20180125182053
2018-01-25 18:22:10.329;SP;AS183-AS1-20180125182053
2018-01-25 18:22:13.027;SQ;AS183-AS1-20180125182213
2018-01-25 18:22:38.879;RU;AS183-AS1-20180125181926
2018-01-25 18:22:48.155;RC;AS183-AS1-20180125182053
2018-01-25 18:22:50.839;SS;AS183-AS1-20180125182053
2018-01-25 18:23:00.355;VU;AS183-AS1-20180125181926
2018-01-25 18:23:30.693;RO;AS183-AS1-20180125182213
2018-01-25 18:23:31.972;SP;AS183-AS1-20180125182213
2018-01-25 18:23:34.675;SQ;AS183-AS1-20180125182334
2018-01-25 18:23:58.641;RU;AS183-AS1-20180125182053
2018-01-25 18:24:00.475;VU;AS183-AS1-20180125182053
2018-01-25 18:24:23.828;RC;AS183-AS1-20180125182213
2018-01-25 18:24:24.682;SS;AS183-AS1-20180125182213
2018-01-25 18:24:54.614;RO;AS183-AS1-20180125182334
2018-01-25 18:24:56.461;SP;AS183-AS1-20180125182334
2018-01-25 18:24:59.179;SQ;AS183-AS1-20180125182459
2018-01-25 18:25:33.150;RU;AS183-AS1-20180125182213
2018-01-25 18:25:34.894;RC;AS183-AS1-20180125182334
2018-01-25 18:25:36.479;SS;AS183-AS1-20180125182334
2018-01-25 18:26:00.996;VU;AS183-AS1-20180125182213
2018-01-25 18:26:33.688;RO;AS183-AS1-20180125182459
2018-01-25 18:26:34.638;SP;AS183-AS1-20180125182459
2018-01-25 18:26:37.345;SQ;AS183-AS1-20180125182637
2018-01-25 18:26:53.180;RU;AS183-AS1-20180125182334
2018-01-25 18:26:55.025;VU;AS183-AS1-20180125182334
2018-01-25 18:27:21.123;RC;AS183-AS1-20180125182459
2018-01-25 18:27:21.975;SS;AS183-AS1-20180125182459
2018-01-25 18:27:46.331;RO;AS183-AS1-20180125182637
2018-01-25 18:27:48.235;SP;AS183-AS1-20180125182637
2018-01-25 18:27:52.754;SQ;AS183-AS1-20180125182752
2018-01-25 18:28:19.142;RC;AS183-AS1-20180125182637
2018-01-25 18:28:19.993;SS;AS183-AS1-20180125182637
2018-01-25 18:28:58.300;RU;AS183-AS1-20180125182459
2018-01-25 18:29:00.157;VU;AS183-AS1-20180125182459
2018-01-25 18:29:18.450;RO;AS183-AS1-20180125182752
2018-01-25 18:29:19.678;SP;AS183-AS1-20180125182752
2018-01-25 18:29:22.375;SQ;AS183-AS1-20180125182922
2018-01-25 18:29:35.589;RU;AS183-AS1-20180125182637
2018-01-25 18:29:53.131;RC;AS183-AS1-20180125182752
2018-01-25 18:29:56.483;SS;AS183-AS1-20180125182752
2018-01-25 18:30:00.786;VU;AS183-AS1-20180125182637
2018-01-25 18:30:40.291;RO;AS183-AS1-20180125182922
2018-01-25 18:30:41.338;SP;AS183-AS1-20180125182922
2018-01-25 18:30:45.557;SQ;AS183-AS1-20180125183045
2018-01-25 18:31:14.084;RU;AS183-AS1-20180125182752
2018-01-25 18:31:15.936;VU;AS183-AS1-20180125182752
2018-01-25 18:31:25.224;RC;AS183-AS1-20180125182922
2018-01-25 18:31:26.091;SS;AS183-AS1-20180125182922
2018-01-25 18:32:08.377;RO;AS183-AS1-20180125183045
2018-01-25 18:32:09.530;SP;AS183-AS1-20180125183045
2018-01-25 18:32:12.223;SQ;AS183-AS1-20180125183212
2018-01-25 18:32:36.346;RU;AS183-AS1-20180125182922
2018-01-25 18:32:44.835;RC;AS183-AS1-20180125183045
2018-01-25 18:32:47.631;SS;AS183-AS1-20180125183045
2018-01-25 18:33:59.807;RO;AS183-AS1-20180125183212
2018-01-25 18:34:01.423;SP;AS183-AS1-20180125183212
2018-01-25 18:34:04.987;SQ;AS183-AS1-20180125183404
2018-01-25 18:34:18.876;RU;AS183-AS1-20180125183045
2018-01-25 18:34:21.109;VU;AS183-AS1-20180125183045
2018-01-25 18:34:36.444;RC;AS183-AS1-20180125183212
2018-01-25 18:34:37.452;SS;AS183-AS1-20180125183212
2018-01-25 18:35:14.985;RO;AS183-AS1-20180125183404
2018-01-25 18:35:16.791;SP;AS183-AS1-20180125183404
2018-01-25 18:35:20.359;SQ;AS183-AS1-20180125183520
2018-01-25 18:35:56.651;RC;AS183-AS1-20180125183404
2018-01-25 18:35:58.846;SS;AS183-AS1-20180125183404
2018-01-25 18:36:04.514;RU;AS183-AS1-20180125183212
2018-01-25 18:36:06.373;VU;AS183-AS1-20180125183212
