2018-01-25 18:17:36.936;SQ;AS187-AS1-20180125181736
2018-01-25 18:18:04.038;RO;AS187-AS1-20180125181736
2018-01-25 18:18:05.334;SP;AS187-AS1-20180125181736
2018-01-25 18:18:08.090;SQ;AS187-AS1-20180125181808
2018-01-25 18:18:29.892;RC;AS187-AS1-20180125181736
2018-01-25 18:18:30.793;SS;AS187-AS1-20180125181736
2018-01-25 18:19:00.350;RO;AS187-AS1-20180125181808
2018-01-25 18:19:01.533;SP;AS187-AS1-20180125181808
2018-01-25 18:19:04.279;SQ;AS187-AS1-20180125181904
2018-01-25 18:19:36.121;RC;AS187-AS1-20180125181808
2018-01-25 18:19:36.978;SS;AS187-AS1-20180125181808
2018-01-25 18:19:46.177;RU;AS187-AS1-20180125181736
2018-01-25 18:19:53.716;VU;AS187-AS1-20180125181736
2018-01-25 18:20:20.056;RO;AS187-AS1-20180125181904
2018-01-25 18:20:21.228;SP;AS187-AS1-20180125181904
2018-01-25 18:20:23.931;SQ;AS187-AS1-20180125182023
2018-01-25 18:20:50.787;RU;AS187-AS1-20180125181808
2018-01-25 18:20:52.651;VU;AS187-AS1-20180125181808
2018-01-25 18:21:28.360;RC;AS187-AS1-20180125181904
2018-01-25 18:21:29.227;SS;AS187-AS1-20180125181904
2018-01-25 18:21:45.213;RO;AS187-AS1-20180125182023
2018-01-25 18:21:46.383;SP;AS187-AS1-20180125182023
2018-01-25 18:21:50.751;SQ;AS187-AS1-20180125182150
2018-01-25 18:22:16.192;RC;AS187-AS1-20180125182023
2018-01-25 18:22:17.075;SS;AS187-AS1-20180125182023
2018-01-25 18:22:30.619;RU;AS187-AS1-20180125181904
2018-01-25 18:23:27.579;RO;AS187-AS1-20180125182150
2018-01-25 18:23:28.727;SP;AS187-AS1-20180125182150
2018-01-25 18:23:32.229;SQ;AS187-AS1-20180125182332
2018-01-25 18:23:39.452;RU;AS187-AS1-20180125182023
2018-01-25 18:24:07.173;VU;AS187-AS1-20180125182023
2018-01-25 18:24:23.962;RC;AS187-AS1-20180125182150
2018-01-25 18:24:25.428;SS;AS187-AS1-20180125182150
2018-01-25 18:24:53.695;RO;AS187-AS1-20180125182332
2018-01-25 18:24:56.045;SP;AS187-AS1-20180125182332
2018-01-25 18:25:02.210;SQ;AS187-AS1-20180125182502
2018-01-25 18:25:41.517;RU;AS187-AS1-20180125182150
2018-01-25 18:26:03.902;VU;AS187-AS1-20180125182150
2018-01-25 18:26:16.976;RC;AS187-AS1-20180125182332
2018-01-25 18:26:18.754;SS;AS187-AS1-20180125182332
2018-01-25 18:26:29.335;RO;AS187-AS1-20180125182502
2018-01-25 18:26:30.866;SP;AS187-AS1-20180125182502
2018-01-25 18:26:34.454;SQ;AS187-AS1-20180125182634
2018-01-25 18:27:21.152;RC;AS187-AS1-20180125182502
2018-01-25 18:27:22.933;SS;AS187-AS1-20180125182502
2018-01-25 18:27:27.478;RU;AS187-AS1-20180125182332
2018-01-25 18:27:48.479;RO;AS187-AS1-20180125182634
2018-01-25 18:27:51.964;SP;AS187-AS1-20180125182634
2018-01-25 18:27:59.481;SQ;AS187-AS1-20180125182759
2018-01-25 18:27:59.735;VU;AS187-AS1-20180125182332
2018-01-25 18:28:26.513;RC;AS187-AS1-20180125182634
2018-01-25 18:28:28.027;SS;AS187-AS1-20180125182634
2018-01-25 18:28:44.721;RU;AS187-AS1-20180125182502
2018-01-25 18:29:00.583;VU;AS187-AS1-20180125182502
2018-01-25 18:29:21.061;RO;AS187-AS1-20180125182759
2018-01-25 18:29:22.705;SP;AS187-AS1-20180125182759
2018-01-25 18:29:26.205;SQ;AS187-AS1-20180125182926
2018-01-25 18:30:04.054;RC;AS187-AS1-20180125182759
2018-01-25 18:30:04.937;SS;AS187-AS1-20180125182759
2018-01-25 18:30:25.460;RU;AS187-AS1-20180125182634
2018-01-25 18:30:27.974;VU;AS187-AS1-20180125182634
2018-01-25 18:30:41.277;RO;AS187-AS1-20180125182926
2018-01-25 18:30:43.191;SP;AS187-AS1-20180125182926
2018-01-25 18:30:50.336;SQ;AS187-AS1-20180125183050
2018-01-25 18:31:15.724;RU;AS187-AS1-20180125182759
2018-01-25 18:31:18.332;VU;AS187-AS1-20180125182759
2018-01-25 18:31:28.648;RC;AS187-AS1-20180125182926
2018-01-25 18:31:29.686;SS;AS187-AS1-20180125182926
2018-01-25 18:32:08.057;RO;AS187-AS1-20180125183050
2018-01-25 18:32:09.566;SP;AS187-AS1-20180125183050
2018-01-25 18:32:13.205;SQ;AS187-AS1-20180125183213
2018-01-25 18:32:47.517;RU;AS187-AS1-20180125182926
2018-01-25 18:32:49.813;RC;AS187-AS1-20180125183050
2018-01-25 18:32:53.994;SS;AS187-AS1-20180125183050
2018-01-25 18:32:59.098;VU;AS187-AS1-20180125182926
2018-01-25 18:33:28.770;RO;AS187-AS1-20180125183213
2018-01-25 18:33:29.814;SP;AS187-AS1-20180125183213
2018-01-25 18:33:33.427;SQ;AS187-AS1-20180125183333
2018-01-25 18:34:18.275;RC;AS187-AS1-20180125183213
2018-01-25 18:34:19.141;SS;AS187-AS1-20180125183213
2018-01-25 18:34:19.532;RU;AS187-AS1-20180125183050
2018-01-25 18:34:22.027;VU;AS187-AS1-20180125183050
2018-01-25 18:34:49.999;RO;AS187-AS1-20180125183333
2018-01-25 18:34:52.852;SP;AS187-AS1-20180125183333
2018-01-25 18:34:58.048;SQ;AS187-AS1-20180125183458
2018-01-25 18:35:22.657;RU;AS187-AS1-20180125183213
2018-01-25 18:35:23.727;RC;AS187-AS1-20180125183333
2018-01-25 18:35:25.352;SS;AS187-AS1-20180125183333
2018-01-25 18:36:00.992;VU;AS187-AS1-20180125183213
