2018-01-25 18:17:36.055;SQ;AS198-AS1-20180125181736
2018-01-25 18:18:01.713;RO;AS198-AS1-20180125181736
2018-01-25 18:18:02.954;SP;AS198-AS1-20180125181736
2018-01-25 18:18:05.708;SQ;AS198-AS1-20180125181805
2018-01-25 18:18:23.560;RC;AS198-AS1-20180125181736
2018-01-25 18:18:24.453;SS;AS198-AS1-20180125181736
2018-01-25 18:19:00.593;RO;AS198-AS1-20180125181805
2018-01-25 18:19:01.654;SP;AS198-AS1-20180125181805
2018-01-25 18:19:04.418;SQ;AS198-AS1-20180125181904
2018-01-25 18:19:28.431;RU;AS198-AS1-20180125181736
2018-01-25 18:19:35.034;RC;AS198-AS1-20180125181805
2018-01-25 18:19:35.937;SS;AS198-AS1-20180125181805
2018-01-25 18:19:54.559;VU;AS198-AS1-20180125181736
2018-01-25 18:20:19.620;RO;AS198-AS1-20180125181904
2018-01-25 18:20:20.893;SP;AS198-AS1-20180125181904
2018-01-25 18:20:23.641;SQ;AS198-AS1-20180125182023
2018-01-25 18:20:54.458;RC;AS198-AS1-20180125181904
2018-01-25 18:20:55.328;SS;AS198-AS1-20180125181904
2018-01-25 18:20:56.903;RU;AS198-AS1-20180125181805
2018-01-25 18:20:58.778;VU;AS198-AS1-20180125181805
2018-01-25 18:21:30.928;RO;AS198-AS1-20180125182023
2018-01-25 18:21:32.066;SP;AS198-AS1-20180125182023
2018-01-25 18:21:34.813;SQ;AS198-AS1-20180125182134
2018-01-25 18:22:11.291;RC;AS198-AS1-20180125182023
2018-01-25 18:22:12.160;SS;AS198-AS1-20180125182023
2018-01-25 18:22:12.713;RU;AS198-AS1-20180125181904
2018-01-25 18:22:14.584;VU;AS198-AS1-20180125181904
2018-01-25 18:22:46.420;RO;AS198-AS1-20180125182134
2018-01-25 18:22:47.749;SP;AS198-AS1-20180125182134
2018-01-25 18:22:52.101;SQ;AS198-AS1-20180125182252
2018-01-25 18:23:25.949;RC;AS198-AS1-20180125182134
2018-01-25 18:23:26.810;SS;AS198-AS1-20180125182134
2018-01-25 18:23:27.989;RU;AS198-AS1-20180125182023
2018-01-25 18:24:01.845;VU;AS198-AS1-20180125182023
2018-01-25 18:24:02.934;RO;AS198-AS1-20180125182252
2018-01-25 18:24:04.063;SP;AS198-AS1-20180125182252
2018-01-25 18:24:06.838;SQ;AS198-AS1-20180125182406
2018-01-25 18:24:24.065;RC;AS198-AS1-20180125182252
2018-01-25 18:24:24.951;SS;AS198-AS1-20180125182252
2018-01-25 18:24:55.168;RU;AS198-AS1-20180125182134
2018-01-25 18:24:56.446;RO;AS198-AS1-20180125182406
2018-01-25 18:24:58.168;SP;AS198-AS1-20180125182406
2018-01-25 18:24:58.621;VU;AS198-AS1-20180125182134
2018-01-25 18:25:00.946;SQ;AS198-AS1-20180125182500
2018-01-25 18:25:35.682;RC;AS198-AS1-20180125182406
2018-01-25 18:25:36.106;RU;AS198-AS1-20180125182252
2018-01-25 18:25:36.964;SS;AS198-AS1-20180125182406
2018-01-25 18:26:01.674;VU;AS198-AS1-20180125182252
2018-01-25 18:26:36.951;RO;AS198-AS1-20180125182500
2018-01-25 18:26:37.920;SP;AS198-AS1-20180125182500
2018-01-25 18:26:40.668;SQ;AS198-AS1-20180125182640
2018-01-25 18:26:59.991;RU;AS198-AS1-20180125182406
2018-01-25 18:27:01.882;VU;AS198-AS1-20180125182406
2018-01-25 18:27:18.877;RC;AS198-AS1-20180125182500
2018-01-25 18:27:19.744;SS;AS198-AS1-20180125182500
2018-01-25 18:27:48.818;RO;AS198-AS1-20180125182640
2018-01-25 18:27:50.962;SP;AS198-AS1-20180125182640
2018-01-25 18:27:53.717;SQ;AS198-AS1-20180125182753
2018-01-25 18:28:21.963;RU;AS198-AS1-20180125182500
2018-01-25 18:28:30.950;RC;AS198-AS1-20180125182640
2018-01-25 18:28:32.223;SS;AS198-AS1-20180125182640
2018-01-25 18:28:58.744;VU;AS198-AS1-20180125182500
2018-01-25 18:29:29.332;RO;AS198-AS1-20180125182753
2018-01-25 18:29:30.233;SP;AS198-AS1-20180125182753
2018-01-25 18:29:32.962;SQ;AS198-AS1-20180125182932
2018-01-25 18:29:40.250;RU;AS198-AS1-20180125182640
2018-01-25 18:30:00.842;VU;AS198-AS1-20180125182640
2018-01-25 18:30:25.454;RC;AS198-AS1-20180125182753
2018-01-25 18:30:26.299;SS;AS198-AS1-20180125182753
2018-01-25 18:31:04.648;RO;AS198-AS1-20180125182932
2018-01-25 18:31:05.962;SP;AS198-AS1-20180125182932
2018-01-25 18:31:08.723;SQ;AS198-AS1-20180125183108
2018-01-25 18:31:43.188;RC;AS198-AS1-20180125182932
2018-01-25 18:31:44.448;SS;AS198-AS1-20180125182932
2018-01-25 18:31:46.020;RU;AS198-AS1-20180125182753
2018-01-25 18:31:51.878;VU;AS198-AS1-20180125182753
2018-01-25 18:32:23.215;RO;AS198-AS1-20180125183108
2018-01-25 18:32:24.160;SP;AS198-AS1-20180125183108
2018-01-25 18:32:26.876;SQ;AS198-AS1-20180125183226
2018-01-25 18:33:04.682;RU;AS198-AS1-20180125182932
2018-01-25 18:33:06.548;VU;AS198-AS1-20180125182932
2018-01-25 18:33:18.131;RC;AS198-AS1-20180125183108
2018-01-25 18:33:18.990;SS;AS198-AS1-20180125183108
2018-01-25 18:33:52.940;RO;AS198-AS1-20180125183226
2018-01-25 18:33:53.814;SP;AS198-AS1-20180125183226
2018-01-25 18:33:56.548;SQ;AS198-AS1-20180125183356
2018-01-25 18:34:25.455;RU;AS198-AS1-20180125183108
2018-01-25 18:34:26.880;RC;AS198-AS1-20180125183226
2018-01-25 18:34:28.136;SS;AS198-AS1-20180125183226
2018-01-25 18:34:56.512;VU;AS198-AS1-20180125183108
2018-01-25 18:35:12.710;RO;AS198-AS1-20180125183356
2018-01-25 18:35:14.003;SP;AS198-AS1-20180125183356
2018-01-25 18:35:16.749;SQ;AS198-AS1-20180125183516
2018-01-25 18:35:52.889;RC;AS198-AS1-20180125183356
2018-01-25 18:35:55.381;SS;AS198-AS1-20180125183356
2018-01-25 18:35:55.535;RU;AS198-AS1-20180125183226
2018-01-25 18:35:57.403;VU;AS198-AS1-20180125183226
