2018-01-25 18:17:34.296;SQ;AS20-AS1-20180125181734
2018-01-25 18:17:44.746;RO;AS20-AS1-20180125181734
2018-01-25 18:17:45.558;SP;AS20-AS1-20180125181734
2018-01-25 18:17:48.093;SQ;AS20-AS1-20180125181748
2018-01-25 18:18:02.510;RC;AS20-AS1-20180125181734
2018-01-25 18:18:03.248;SS;AS20-AS1-20180125181734
2018-01-25 18:18:30.246;RO;AS20-AS1-20180125181748
2018-01-25 18:18:31.371;SP;AS20-AS1-20180125181748
2018-01-25 18:18:33.905;SQ;AS20-AS1-20180125181833
2018-01-25 18:18:58.788;RU;AS20-AS1-20180125181734
2018-01-25 18:19:00.540;VU;AS20-AS1-20180125181734
2018-01-25 18:19:06.249;RC;AS20-AS1-20180125181748
2018-01-25 18:19:06.988;SS;AS20-AS1-20180125181748
2018-01-25 18:19:44.238;RO;AS20-AS1-20180125181833
2018-01-25 18:19:46.047;SP;AS20-AS1-20180125181833
2018-01-25 18:19:50.232;SQ;AS20-AS1-20180125181950
2018-01-25 18:20:20.037;RU;AS20-AS1-20180125181748
2018-01-25 18:20:20.132;RC;AS20-AS1-20180125181833
2018-01-25 18:20:21.551;SS;AS20-AS1-20180125181833
2018-01-25 18:20:54.674;VU;AS20-AS1-20180125181748
2018-01-25 18:20:56.878;RO;AS20-AS1-20180125181950
2018-01-25 18:20:58.063;SP;AS20-AS1-20180125181950
2018-01-25 18:21:00.562;SQ;AS20-AS1-20180125182100
2018-01-25 18:21:22.711;RU;AS20-AS1-20180125181833
2018-01-25 18:21:39.020;RC;AS20-AS1-20180125181950
2018-01-25 18:21:39.923;SS;AS20-AS1-20180125181950
2018-01-25 18:22:18.955;RO;AS20-AS1-20180125182100
2018-01-25 18:22:20.257;SP;AS20-AS1-20180125182100
2018-01-25 18:22:23.546;SQ;AS20-AS1-20180125182223
2018-01-25 18:23:06.794;RC;AS20-AS1-20180125182100
2018-01-25 18:23:07.854;SS;AS20-AS1-20180125182100
2018-01-25 18:23:29.212;RU;AS20-AS1-20180125181950
2018-01-25 18:23:31.245;VU;AS20-AS1-20180125181950
2018-01-25 18:23:34.026;RO;AS20-AS1-20180125182223
2018-01-25 18:23:35.565;SP;AS20-AS1-20180125182223
2018-01-25 18:23:38.827;SQ;AS20-AS1-20180125182338
2018-01-25 18:24:23.493;RC;AS20-AS1-20180125182223
2018-01-25 18:24:23.953;RU;AS20-AS1-20180125182100
2018-01-25 18:24:24.582;SS;AS20-AS1-20180125182223
2018-01-25 18:24:26.633;VU;AS20-AS1-20180125182100
2018-01-25 18:24:55.164;RO;AS20-AS1-20180125182338
2018-01-25 18:24:57.642;SP;AS20-AS1-20180125182338
2018-01-25 18:25:01.040;SQ;AS20-AS1-20180125182501
2018-01-25 18:25:31.698;RC;AS20-AS1-20180125182338
2018-01-25 18:25:32.431;SS;AS20-AS1-20180125182338
2018-01-25 18:25:33.084;RU;AS20-AS1-20180125182223
2018-01-25 18:26:04.141;VU;AS20-AS1-20180125182223
2018-01-25 18:26:22.759;RO;AS20-AS1-20180125182501
2018-01-25 18:26:23.906;SP;AS20-AS1-20180125182501
2018-01-25 18:26:27.054;SQ;AS20-AS1-20180125182627
2018-01-25 18:27:00.130;RU;AS20-AS1-20180125182338
2018-01-25 18:27:01.898;VU;AS20-AS1-20180125182338
2018-01-25 18:27:18.948;RC;AS20-AS1-20180125182501
2018-01-25 18:27:20.236;SS;AS20-AS1-20180125182501
2018-01-25 18:27:47.016;RO;AS20-AS1-20180125182627
2018-01-25 18:27:49.492;SP;AS20-AS1-20180125182627
2018-01-25 18:27:55.546;SQ;AS20-AS1-20180125182755
2018-01-25 18:28:24.864;RC;AS20-AS1-20180125182627
2018-01-25 18:28:25.700;SS;AS20-AS1-20180125182627
2018-01-25 18:28:30.739;RU;AS20-AS1-20180125182501
2018-01-25 18:29:01.212;VU;AS20-AS1-20180125182501
2018-01-25 18:29:18.777;RO;AS20-AS1-20180125182755
2018-01-25 18:29:19.904;SP;AS20-AS1-20180125182755
2018-01-25 18:29:22.839;SQ;AS20-AS1-20180125182922
2018-01-25 18:29:37.186;RU;AS20-AS1-20180125182627
2018-01-25 18:29:53.273;RC;AS20-AS1-20180125182755
2018-01-25 18:29:57.178;SS;AS20-AS1-20180125182755
2018-01-25 18:30:03.722;VU;AS20-AS1-20180125182627
2018-01-25 18:30:34.639;RO;AS20-AS1-20180125182922
2018-01-25 18:30:35.738;SP;AS20-AS1-20180125182922
2018-01-25 18:30:38.974;SQ;AS20-AS1-20180125183038
2018-01-25 18:31:16.620;RU;AS20-AS1-20180125182755
2018-01-25 18:31:19.067;VU;AS20-AS1-20180125182755
2018-01-25 18:31:19.242;RC;AS20-AS1-20180125182922
2018-01-25 18:31:20.707;SS;AS20-AS1-20180125182922
2018-01-25 18:32:08.060;RO;AS20-AS1-20180125183038
2018-01-25 18:32:09.043;SP;AS20-AS1-20180125183038
2018-01-25 18:32:12.083;SQ;AS20-AS1-20180125183212
2018-01-25 18:32:43.075;RU;AS20-AS1-20180125182922
2018-01-25 18:32:44.290;RC;AS20-AS1-20180125183038
2018-01-25 18:32:47.248;SS;AS20-AS1-20180125183038
2018-01-25 18:32:57.079;VU;AS20-AS1-20180125182922
2018-01-25 18:33:30.471;RO;AS20-AS1-20180125183212
2018-01-25 18:33:32.985;SP;AS20-AS1-20180125183212
2018-01-25 18:33:36.054;SQ;AS20-AS1-20180125183336
2018-01-25 18:34:18.755;RC;AS20-AS1-20180125183212
2018-01-25 18:34:18.755;RU;AS20-AS1-20180125183038
2018-01-25 18:34:20.960;SS;AS20-AS1-20180125183212
2018-01-25 18:34:21.962;VU;AS20-AS1-20180125183038
2018-01-25 18:35:23.215;RO;AS20-AS1-20180125183336
2018-01-25 18:35:24.466;SP;AS20-AS1-20180125183336
2018-01-25 18:35:27.603;SQ;AS20-AS1-20180125183527
2018-01-25 18:35:46.639;RU;AS20-AS1-20180125183212
2018-01-25 18:35:59.556;VU;AS20-AS1-20180125183212
