2018-01-25 18:17:35.123;SQ;AS22-AS1-20180125181735
2018-01-25 18:17:53.147;RO;AS22-AS1-20180125181735
2018-01-25 18:17:54.453;SP;AS22-AS1-20180125181735
2018-01-25 18:17:57.107;SQ;AS22-AS1-20180125181757
2018-01-25 18:18:10.819;RC;AS22-AS1-20180125181735
2018-01-25 18:18:11.633;SS;AS22-AS1-20180125181735
2018-01-25 18:18:41.961;RO;AS22-AS1-20180125181757
2018-01-25 18:18:42.980;SP;AS22-AS1-20180125181757
2018-01-25 18:18:45.626;SQ;AS22-AS1-20180125181845
2018-01-25 18:19:12.016;RU;AS22-AS1-20180125181735
2018-01-25 18:19:16.580;RC;AS22-AS1-20180125181757
2018-01-25 18:19:17.405;SS;AS22-AS1-20180125181757
2018-01-25 18:20:02.072;RO;AS22-AS1-20180125181845
2018-01-25 18:20:03.359;SP;AS22-AS1-20180125181845
2018-01-25 18:20:06.869;SQ;AS22-AS1-20180125182006
2018-01-25 18:20:26.236;RU;AS22-AS1-20180125181757
2018-01-25 18:20:33.811;RC;AS22-AS1-20180125181845
2018-01-25 18:20:35.010;SS;AS22-AS1-20180125181845
2018-01-25 18:20:59.181;VU;AS22-AS1-20180125181757
2018-01-25 18:21:14.673;RO;AS22-AS1-20180125182006
2018-01-25 18:21:16.279;SP;AS22-AS1-20180125182006
2018-01-25 18:21:19.789;SQ;AS22-AS1-20180125182119
2018-01-25 18:21:52.781;RU;AS22-AS1-20180125181845
2018-01-25 18:21:57.230;VU;AS22-AS1-20180125181845
2018-01-25 18:21:57.774;RC;AS22-AS1-20180125182006
2018-01-25 18:21:58.935;SS;AS22-AS1-20180125182006
2018-01-25 18:22:40.308;RO;AS22-AS1-20180125182119
2018-01-25 18:22:41.245;SP;AS22-AS1-20180125182119
2018-01-25 18:22:44.729;SQ;AS22-AS1-20180125182244
2018-01-25 18:23:16.134;RU;AS22-AS1-20180125182006
2018-01-25 18:23:17.386;RC;AS22-AS1-20180125182119
2018-01-25 18:23:18.203;VU;AS22-AS1-20180125182006
2018-01-25 18:23:18.620;SS;AS22-AS1-20180125182119
2018-01-25 18:23:51.138;RO;AS22-AS1-20180125182244
2018-01-25 18:23:53.788;SP;AS22-AS1-20180125182244
2018-01-25 18:23:59.721;SQ;AS22-AS1-20180125182359
2018-01-25 18:24:29.779;RC;AS22-AS1-20180125182244
2018-01-25 18:24:30.808;SS;AS22-AS1-20180125182244
2018-01-25 18:24:31.118;RU;AS22-AS1-20180125182119
2018-01-25 18:24:58.484;RO;AS22-AS1-20180125182359
2018-01-25 18:25:02.661;SP;AS22-AS1-20180125182359
2018-01-25 18:25:03.910;VU;AS22-AS1-20180125182119
2018-01-25 18:25:06.229;SQ;AS22-AS1-20180125182506
2018-01-25 18:25:49.702;RC;AS22-AS1-20180125182359
2018-01-25 18:25:50.559;SS;AS22-AS1-20180125182359
2018-01-25 18:26:03.623;RU;AS22-AS1-20180125182244
2018-01-25 18:26:05.435;VU;AS22-AS1-20180125182244
2018-01-25 18:26:28.361;RO;AS22-AS1-20180125182506
2018-01-25 18:26:29.989;SP;AS22-AS1-20180125182506
2018-01-25 18:26:33.279;SQ;AS22-AS1-20180125182633
2018-01-25 18:27:19.032;RC;AS22-AS1-20180125182506
2018-01-25 18:27:20.007;SS;AS22-AS1-20180125182506
2018-01-25 18:27:21.077;RU;AS22-AS1-20180125182359
2018-01-25 18:27:23.002;VU;AS22-AS1-20180125182359
2018-01-25 18:27:45.548;RO;AS22-AS1-20180125182633
2018-01-25 18:27:49.129;SP;AS22-AS1-20180125182633
2018-01-25 18:27:54.684;SQ;AS22-AS1-20180125182754
2018-01-25 18:28:29.060;RU;AS22-AS1-20180125182506
2018-01-25 18:28:29.503;RC;AS22-AS1-20180125182633
2018-01-25 18:28:31.570;SS;AS22-AS1-20180125182633
2018-01-25 18:29:01.472;VU;AS22-AS1-20180125182506
2018-01-25 18:29:18.741;RO;AS22-AS1-20180125182754
2018-01-25 18:29:19.983;SP;AS22-AS1-20180125182754
2018-01-25 18:29:23.190;SQ;AS22-AS1-20180125182923
2018-01-25 18:29:50.761;RU;AS22-AS1-20180125182633
2018-01-25 18:29:56.443;RC;AS22-AS1-20180125182754
2018-01-25 18:29:59.962;SS;AS22-AS1-20180125182754
2018-01-25 18:30:03.323;VU;AS22-AS1-20180125182633
2018-01-25 18:30:42.446;RO;AS22-AS1-20180125182923
2018-01-25 18:30:45.286;SP;AS22-AS1-20180125182923
2018-01-25 18:30:51.375;SQ;AS22-AS1-20180125183051
2018-01-25 18:31:18.651;RU;AS22-AS1-20180125182754
2018-01-25 18:31:20.700;VU;AS22-AS1-20180125182754
2018-01-25 18:31:28.065;RC;AS22-AS1-20180125182923
2018-01-25 18:31:29.129;SS;AS22-AS1-20180125182923
2018-01-25 18:32:11.585;RO;AS22-AS1-20180125183051
2018-01-25 18:32:12.828;SP;AS22-AS1-20180125183051
2018-01-25 18:32:16.279;SQ;AS22-AS1-20180125183216
2018-01-25 18:32:38.782;RU;AS22-AS1-20180125182923
2018-01-25 18:32:44.068;RC;AS22-AS1-20180125183051
2018-01-25 18:32:47.773;SS;AS22-AS1-20180125183051
2018-01-25 18:33:36.150;RO;AS22-AS1-20180125183216
2018-01-25 18:33:38.298;SP;AS22-AS1-20180125183216
2018-01-25 18:33:42.653;SQ;AS22-AS1-20180125183342
2018-01-25 18:34:18.832;RC;AS22-AS1-20180125183216
2018-01-25 18:34:20.453;SS;AS22-AS1-20180125183216
2018-01-25 18:34:33.519;RU;AS22-AS1-20180125183051
2018-01-25 18:34:35.917;VU;AS22-AS1-20180125183051
2018-01-25 18:34:49.998;RO;AS22-AS1-20180125183342
2018-01-25 18:34:54.138;SP;AS22-AS1-20180125183342
2018-01-25 18:35:00.220;SQ;AS22-AS1-20180125183500
2018-01-25 18:35:29.520;RU;AS22-AS1-20180125183216
2018-01-25 18:35:32.928;RC;AS22-AS1-20180125183342
2018-01-25 18:35:35.811;SS;AS22-AS1-20180125183342
