2018-01-25 18:17:36.715;SQ;AS25-AS1-20180125181736
2018-01-25 18:18:04.006;RO;AS25-AS1-20180125181736
2018-01-25 18:18:05.088;SP;AS25-AS1-20180125181736
2018-01-25 18:18:07.794;SQ;AS25-AS1-20180125181807
2018-01-25 18:18:27.416;RC;AS25-AS1-20180125181736
2018-01-25 18:18:28.275;SS;AS25-AS1-20180125181736
2018-01-25 18:19:00.983;RO;AS25-AS1-20180125181807
2018-01-25 18:19:02.197;SP;AS25-AS1-20180125181807
2018-01-25 18:19:04.864;SQ;AS25-AS1-20180125181904
2018-01-25 18:19:28.071;RU;AS25-AS1-20180125181736
2018-01-25 18:19:35.217;RC;AS25-AS1-20180125181807
2018-01-25 18:19:36.611;SS;AS25-AS1-20180125181807
2018-01-25 18:19:55.088;VU;AS25-AS1-20180125181736
2018-01-25 18:20:20.092;RO;AS25-AS1-20180125181904
2018-01-25 18:20:21.297;SP;AS25-AS1-20180125181904
2018-01-25 18:20:23.972;SQ;AS25-AS1-20180125182023
2018-01-25 18:20:53.848;RU;AS25-AS1-20180125181807
2018-01-25 18:20:55.699;VU;AS25-AS1-20180125181807
2018-01-25 18:20:56.093;RC;AS25-AS1-20180125181904
2018-01-25 18:20:56.919;SS;AS25-AS1-20180125181904
2018-01-25 18:21:47.179;RO;AS25-AS1-20180125182023
2018-01-25 18:21:49.298;SP;AS25-AS1-20180125182023
2018-01-25 18:21:53.843;SQ;AS25-AS1-20180125182153
2018-01-25 18:22:15.476;RU;AS25-AS1-20180125181904
2018-01-25 18:22:17.338;VU;AS25-AS1-20180125181904
2018-01-25 18:22:28.160;RC;AS25-AS1-20180125182023
2018-01-25 18:22:28.981;SS;AS25-AS1-20180125182023
2018-01-25 18:23:15.677;RO;AS25-AS1-20180125182153
2018-01-25 18:23:16.773;SP;AS25-AS1-20180125182153
2018-01-25 18:23:19.442;SQ;AS25-AS1-20180125182319
2018-01-25 18:23:48.579;RC;AS25-AS1-20180125182153
2018-01-25 18:23:49.409;SS;AS25-AS1-20180125182153
2018-01-25 18:23:53.155;RU;AS25-AS1-20180125182023
2018-01-25 18:24:01.245;VU;AS25-AS1-20180125182023
2018-01-25 18:24:28.067;RO;AS25-AS1-20180125182319
2018-01-25 18:24:29.377;SP;AS25-AS1-20180125182319
2018-01-25 18:24:32.019;SQ;AS25-AS1-20180125182432
2018-01-25 18:24:59.611;RU;AS25-AS1-20180125182153
2018-01-25 18:25:01.430;VU;AS25-AS1-20180125182153
2018-01-25 18:25:46.367;RC;AS25-AS1-20180125182319
2018-01-25 18:25:47.217;SS;AS25-AS1-20180125182319
2018-01-25 18:25:58.742;RO;AS25-AS1-20180125182432
2018-01-25 18:25:59.944;SP;AS25-AS1-20180125182432
2018-01-25 18:26:02.691;SQ;AS25-AS1-20180125182602
2018-01-25 18:26:30.686;RC;AS25-AS1-20180125182432
2018-01-25 18:26:31.501;SS;AS25-AS1-20180125182432
2018-01-25 18:26:57.408;RU;AS25-AS1-20180125182319
2018-01-25 18:26:59.247;VU;AS25-AS1-20180125182319
2018-01-25 18:27:18.792;RO;AS25-AS1-20180125182602
2018-01-25 18:27:20.122;SP;AS25-AS1-20180125182602
2018-01-25 18:27:22.782;SQ;AS25-AS1-20180125182722
2018-01-25 18:27:45.269;RC;AS25-AS1-20180125182602
2018-01-25 18:27:46.991;SS;AS25-AS1-20180125182602
2018-01-25 18:27:51.774;RU;AS25-AS1-20180125182432
2018-01-25 18:27:53.630;VU;AS25-AS1-20180125182432
2018-01-25 18:28:41.078;RO;AS25-AS1-20180125182722
2018-01-25 18:28:42.214;SP;AS25-AS1-20180125182722
2018-01-25 18:28:44.850;SQ;AS25-AS1-20180125182844
2018-01-25 18:28:59.728;RU;AS25-AS1-20180125182602
2018-01-25 18:29:01.568;VU;AS25-AS1-20180125182602
2018-01-25 18:29:20.302;RC;AS25-AS1-20180125182722
2018-01-25 18:29:21.142;SS;AS25-AS1-20180125182722
2018-01-25 18:29:47.964;RO;AS25-AS1-20180125182844
2018-01-25 18:29:49.610;SP;AS25-AS1-20180125182844
2018-01-25 18:29:54.215;SQ;AS25-AS1-20180125182954
2018-01-25 18:30:26.831;RC;AS25-AS1-20180125182844
2018-01-25 18:30:27.680;SS;AS25-AS1-20180125182844
2018-01-25 18:30:30.289;RU;AS25-AS1-20180125182722
2018-01-25 18:31:09.194;RO;AS25-AS1-20180125182954
2018-01-25 18:31:10.883;SP;AS25-AS1-20180125182954
2018-01-25 18:31:14.426;SQ;AS25-AS1-20180125183114
2018-01-25 18:31:36.752;RU;AS25-AS1-20180125182844
2018-01-25 18:31:49.398;RC;AS25-AS1-20180125182954
2018-01-25 18:31:53.177;SS;AS25-AS1-20180125182954
2018-01-25 18:31:54.182;VU;AS25-AS1-20180125182844
2018-01-25 18:32:23.522;RO;AS25-AS1-20180125183114
2018-01-25 18:32:25.116;SP;AS25-AS1-20180125183114
2018-01-25 18:32:28.612;SQ;AS25-AS1-20180125183228
2018-01-25 18:32:50.486;RU;AS25-AS1-20180125182954
2018-01-25 18:32:55.353;VU;AS25-AS1-20180125182954
2018-01-25 18:33:17.970;RC;AS25-AS1-20180125183114
2018-01-25 18:33:19.107;SS;AS25-AS1-20180125183114
2018-01-25 18:33:53.264;RO;AS25-AS1-20180125183228
2018-01-25 18:33:55.926;SP;AS25-AS1-20180125183228
2018-01-25 18:33:59.244;SQ;AS25-AS1-20180125183359
2018-01-25 18:34:26.561;RC;AS25-AS1-20180125183228
2018-01-25 18:34:28.216;SS;AS25-AS1-20180125183228
2018-01-25 18:34:33.022;RU;AS25-AS1-20180125183114
2018-01-25 18:34:58.936;VU;AS25-AS1-20180125183114
2018-01-25 18:34:59.748;RO;AS25-AS1-20180125183359
2018-01-25 18:35:00.843;SP;AS25-AS1-20180125183359
2018-01-25 18:35:04.352;SQ;AS25-AS1-20180125183504
2018-01-25 18:35:47.006;RC;AS25-AS1-20180125183359
2018-01-25 18:35:50.068;SS;AS25-AS1-20180125183359
