2018-01-25 18:17:38.234;SQ;AS26-AS1-20180125181738
2018-01-25 18:18:08.495;RO;AS26-AS1-20180125181738
2018-01-25 18:18:09.571;SP;AS26-AS1-20180125181738
2018-01-25 18:18:12.113;SQ;AS26-AS1-20180125181812
2018-01-25 18:18:33.705;RC;AS26-AS1-20180125181738
2018-01-25 18:18:34.458;SS;AS26-AS1-20180125181738
2018-01-25 18:19:12.019;RO;AS26-AS1-20180125181812
2018-01-25 18:19:12.939;SP;AS26-AS1-20180125181812
2018-01-25 18:19:15.474;SQ;AS26-AS1-20180125181915
2018-01-25 18:19:42.525;RU;AS26-AS1-20180125181738
2018-01-25 18:19:50.692;RC;AS26-AS1-20180125181812
2018-01-25 18:19:52.806;SS;AS26-AS1-20180125181812
2018-01-25 18:19:55.476;VU;AS26-AS1-20180125181738
2018-01-25 18:20:20.136;RO;AS26-AS1-20180125181915
2018-01-25 18:20:21.340;SP;AS26-AS1-20180125181915
2018-01-25 18:20:23.871;SQ;AS26-AS1-20180125182023
2018-01-25 18:20:56.905;RC;AS26-AS1-20180125181915
2018-01-25 18:20:57.675;SS;AS26-AS1-20180125181915
2018-01-25 18:21:14.581;RU;AS26-AS1-20180125181812
2018-01-25 18:21:16.352;VU;AS26-AS1-20180125181812
2018-01-25 18:21:46.600;RO;AS26-AS1-20180125182023
2018-01-25 18:21:47.893;SP;AS26-AS1-20180125182023
2018-01-25 18:21:52.243;SQ;AS26-AS1-20180125182152
2018-01-25 18:22:11.430;RU;AS26-AS1-20180125181915
2018-01-25 18:22:13.200;VU;AS26-AS1-20180125181915
2018-01-25 18:22:21.626;RC;AS26-AS1-20180125182023
2018-01-25 18:22:22.394;SS;AS26-AS1-20180125182023
2018-01-25 18:22:59.869;RO;AS26-AS1-20180125182152
2018-01-25 18:23:01.096;SP;AS26-AS1-20180125182152
2018-01-25 18:23:03.623;SQ;AS26-AS1-20180125182303
2018-01-25 18:23:33.522;RC;AS26-AS1-20180125182152
2018-01-25 18:23:34.292;SS;AS26-AS1-20180125182152
2018-01-25 18:23:35.665;RU;AS26-AS1-20180125182023
2018-01-25 18:24:01.742;VU;AS26-AS1-20180125182023
2018-01-25 18:24:23.505;RO;AS26-AS1-20180125182303
2018-01-25 18:24:24.480;SP;AS26-AS1-20180125182303
2018-01-25 18:24:27.019;SQ;AS26-AS1-20180125182427
2018-01-25 18:24:48.829;RU;AS26-AS1-20180125182152
2018-01-25 18:24:55.369;RC;AS26-AS1-20180125182303
2018-01-25 18:24:58.807;SS;AS26-AS1-20180125182303
2018-01-25 18:24:59.809;VU;AS26-AS1-20180125182152
2018-01-25 18:25:34.010;RO;AS26-AS1-20180125182427
2018-01-25 18:25:34.854;SP;AS26-AS1-20180125182427
2018-01-25 18:25:37.338;SQ;AS26-AS1-20180125182537
2018-01-25 18:26:16.800;RC;AS26-AS1-20180125182427
2018-01-25 18:26:17.563;SS;AS26-AS1-20180125182427
2018-01-25 18:26:18.551;RU;AS26-AS1-20180125182303
2018-01-25 18:26:20.306;VU;AS26-AS1-20180125182303
2018-01-25 18:26:51.668;RO;AS26-AS1-20180125182537
2018-01-25 18:26:52.676;SP;AS26-AS1-20180125182537
2018-01-25 18:26:55.183;SQ;AS26-AS1-20180125182655
2018-01-25 18:27:21.077;RU;AS26-AS1-20180125182427
2018-01-25 18:27:22.643;RC;AS26-AS1-20180125182537
2018-01-25 18:27:23.925;SS;AS26-AS1-20180125182537
2018-01-25 18:27:54.102;VU;AS26-AS1-20180125182427
2018-01-25 18:28:22.259;RO;AS26-AS1-20180125182655
2018-01-25 18:28:23.057;SP;AS26-AS1-20180125182655
2018-01-25 18:28:25.606;SQ;AS26-AS1-20180125182825
2018-01-25 18:28:59.422;RU;AS26-AS1-20180125182537
2018-01-25 18:29:00.304;RC;AS26-AS1-20180125182655
2018-01-25 18:29:01.091;SS;AS26-AS1-20180125182655
2018-01-25 18:29:01.184;VU;AS26-AS1-20180125182537
2018-01-25 18:30:01.025;RU;AS26-AS1-20180125182655
2018-01-25 18:30:02.815;VU;AS26-AS1-20180125182655
2018-01-25 18:30:07.686;RO;AS26-AS1-20180125182825
2018-01-25 18:30:08.510;SP;AS26-AS1-20180125182825
2018-01-25 18:30:11.074;SQ;AS26-AS1-20180125183011
2018-01-25 18:30:46.583;RC;AS26-AS1-20180125182825
2018-01-25 18:30:48.292;SS;AS26-AS1-20180125182825
2018-01-25 18:31:29.260;RO;AS26-AS1-20180125183011
2018-01-25 18:31:30.402;SP;AS26-AS1-20180125183011
2018-01-25 18:31:32.900;SQ;AS26-AS1-20180125183132
2018-01-25 18:32:10.528;RU;AS26-AS1-20180125182825
2018-01-25 18:32:12.319;VU;AS26-AS1-20180125182825
2018-01-25 18:32:14.908;RC;AS26-AS1-20180125183011
2018-01-25 18:32:15.670;SS;AS26-AS1-20180125183011
2018-01-25 18:32:46.995;RO;AS26-AS1-20180125183132
2018-01-25 18:32:49.220;SP;AS26-AS1-20180125183132
2018-01-25 18:32:53.169;SQ;AS26-AS1-20180125183253
2018-01-25 18:33:32.656;RC;AS26-AS1-20180125183132
2018-01-25 18:33:33.440;SS;AS26-AS1-20180125183132
2018-01-25 18:33:35.487;RU;AS26-AS1-20180125183011
2018-01-25 18:33:55.743;VU;AS26-AS1-20180125183011
2018-01-25 18:34:18.275;RO;AS26-AS1-20180125183253
2018-01-25 18:34:19.035;SP;AS26-AS1-20180125183253
2018-01-25 18:34:21.567;SQ;AS26-AS1-20180125183421
2018-01-25 18:34:46.735;RU;AS26-AS1-20180125183132
2018-01-25 18:34:51.294;RC;AS26-AS1-20180125183253
2018-01-25 18:34:54.041;SS;AS26-AS1-20180125183253
2018-01-25 18:34:57.165;VU;AS26-AS1-20180125183132
2018-01-25 18:35:49.323;RO;AS26-AS1-20180125183421
2018-01-25 18:35:51.285;SP;AS26-AS1-20180125183421
2018-01-25 18:35:55.476;SQ;AS26-AS1-20180125183555
