2018-01-25 18:17:39.880;SQ;AS3-AS1-20180125181739
2018-01-25 18:18:11.728;RO;AS3-AS1-20180125181739
2018-01-25 18:18:12.780;SP;AS3-AS1-20180125181739
2018-01-25 18:18:15.454;SQ;AS3-AS1-20180125181815
2018-01-25 18:18:40.000;RC;AS3-AS1-20180125181739
2018-01-25 18:18:40.856;SS;AS3-AS1-20180125181739
2018-01-25 18:19:13.470;RO;AS3-AS1-20180125181815
2018-01-25 18:19:14.378;SP;AS3-AS1-20180125181815
2018-01-25 18:19:17.122;SQ;AS3-AS1-20180125181917
2018-01-25 18:19:53.140;RU;AS3-AS1-20180125181739
2018-01-25 18:19:54.236;RC;AS3-AS1-20180125181815
2018-01-25 18:19:54.979;VU;AS3-AS1-20180125181739
2018-01-25 18:19:55.096;SS;AS3-AS1-20180125181815
2018-01-25 18:20:30.803;RO;AS3-AS1-20180125181917
2018-01-25 18:20:32.062;SP;AS3-AS1-20180125181917
2018-01-25 18:20:34.777;SQ;AS3-AS1-20180125182034
2018-01-25 18:21:18.478;RC;AS3-AS1-20180125181917
2018-01-25 18:21:19.322;SS;AS3-AS1-20180125181917
2018-01-25 18:21:23.405;RU;AS3-AS1-20180125181815
2018-01-25 18:21:25.265;VU;AS3-AS1-20180125181815
2018-01-25 18:21:52.227;RO;AS3-AS1-20180125182034
2018-01-25 18:21:53.777;SP;AS3-AS1-20180125182034
2018-01-25 18:21:56.465;SQ;AS3-AS1-20180125182156
2018-01-25 18:22:27.931;RC;AS3-AS1-20180125182034
2018-01-25 18:22:28.811;SS;AS3-AS1-20180125182034
2018-01-25 18:22:40.239;RU;AS3-AS1-20180125181917
2018-01-25 18:22:58.753;VU;AS3-AS1-20180125181917
2018-01-25 18:23:16.781;RO;AS3-AS1-20180125182156
2018-01-25 18:23:17.917;SP;AS3-AS1-20180125182156
2018-01-25 18:23:20.615;SQ;AS3-AS1-20180125182320
2018-01-25 18:23:55.449;RC;AS3-AS1-20180125182156
2018-01-25 18:23:57.210;SS;AS3-AS1-20180125182156
2018-01-25 18:23:57.332;RU;AS3-AS1-20180125182034
2018-01-25 18:23:59.933;VU;AS3-AS1-20180125182034
2018-01-25 18:24:32.438;RO;AS3-AS1-20180125182320
2018-01-25 18:24:33.540;SP;AS3-AS1-20180125182320
2018-01-25 18:24:36.263;SQ;AS3-AS1-20180125182436
2018-01-25 18:25:02.803;RU;AS3-AS1-20180125182156
2018-01-25 18:25:04.689;VU;AS3-AS1-20180125182156
2018-01-25 18:25:22.562;RC;AS3-AS1-20180125182320
2018-01-25 18:25:23.392;SS;AS3-AS1-20180125182320
2018-01-25 18:26:00.861;RO;AS3-AS1-20180125182436
2018-01-25 18:26:02.231;SP;AS3-AS1-20180125182436
2018-01-25 18:26:04.970;SQ;AS3-AS1-20180125182604
2018-01-25 18:26:37.090;RU;AS3-AS1-20180125182320
2018-01-25 18:26:39.664;RC;AS3-AS1-20180125182436
2018-01-25 18:26:40.621;SS;AS3-AS1-20180125182436
2018-01-25 18:26:52.740;VU;AS3-AS1-20180125182320
2018-01-25 18:27:21.087;RO;AS3-AS1-20180125182604
2018-01-25 18:27:22.434;SP;AS3-AS1-20180125182604
2018-01-25 18:27:25.106;SQ;AS3-AS1-20180125182725
2018-01-25 18:27:54.510;RU;AS3-AS1-20180125182436
2018-01-25 18:27:56.343;VU;AS3-AS1-20180125182436
2018-01-25 18:28:00.956;RC;AS3-AS1-20180125182604
2018-01-25 18:28:01.811;SS;AS3-AS1-20180125182604
2018-01-25 18:28:56.454;RO;AS3-AS1-20180125182725
2018-01-25 18:28:57.545;SP;AS3-AS1-20180125182725
2018-01-25 18:29:00.228;SQ;AS3-AS1-20180125182900
2018-01-25 18:29:25.843;RU;AS3-AS1-20180125182604
2018-01-25 18:29:33.766;RC;AS3-AS1-20180125182725
2018-01-25 18:29:34.953;SS;AS3-AS1-20180125182725
2018-01-25 18:30:00.667;VU;AS3-AS1-20180125182604
2018-01-25 18:30:04.850;RO;AS3-AS1-20180125182900
2018-01-25 18:30:06.174;SP;AS3-AS1-20180125182900
2018-01-25 18:30:08.869;SQ;AS3-AS1-20180125183008
2018-01-25 18:30:44.294;RC;AS3-AS1-20180125182900
2018-01-25 18:30:46.053;SS;AS3-AS1-20180125182900
2018-01-25 18:31:04.305;RU;AS3-AS1-20180125182725
2018-01-25 18:31:06.151;VU;AS3-AS1-20180125182725
2018-01-25 18:31:23.323;RO;AS3-AS1-20180125183008
2018-01-25 18:31:24.298;SP;AS3-AS1-20180125183008
2018-01-25 18:31:26.978;SQ;AS3-AS1-20180125183126
2018-01-25 18:32:07.532;RC;AS3-AS1-20180125183008
2018-01-25 18:32:08.389;SS;AS3-AS1-20180125183008
2018-01-25 18:32:08.396;RU;AS3-AS1-20180125182900
2018-01-25 18:32:10.233;VU;AS3-AS1-20180125182900
2018-01-25 18:32:41.585;RO;AS3-AS1-20180125183126
2018-01-25 18:32:42.904;SP;AS3-AS1-20180125183126
2018-01-25 18:32:46.700;SQ;AS3-AS1-20180125183246
2018-01-25 18:33:19.937;RU;AS3-AS1-20180125183008
2018-01-25 18:33:21.790;VU;AS3-AS1-20180125183008
2018-01-25 18:33:24.110;RC;AS3-AS1-20180125183126
2018-01-25 18:33:24.963;SS;AS3-AS1-20180125183126
2018-01-25 18:34:29.248;RU;AS3-AS1-20180125183126
2018-01-25 18:34:34.536;RO;AS3-AS1-20180125183246
2018-01-25 18:34:36.561;SP;AS3-AS1-20180125183246
2018-01-25 18:34:40.127;SQ;AS3-AS1-20180125183440
2018-01-25 18:35:56.935;RO;AS3-AS1-20180125183440
2018-01-25 18:35:58.797;SP;AS3-AS1-20180125183440
2018-01-25 18:36:02.263;SQ;AS3-AS1-20180125183602
