2018-01-25 18:17:35.090;SQ;AS30-AS1-20180125181735
2018-01-25 18:17:54.414;RO;AS30-AS1-20180125181735
2018-01-25 18:17:55.449;SP;AS30-AS1-20180125181735
2018-01-25 18:17:58.091;SQ;AS30-AS1-20180125181758
2018-01-25 18:18:13.887;RC;AS30-AS1-20180125181735
2018-01-25 18:18:14.741;SS;AS30-AS1-20180125181735
2018-01-25 18:18:44.581;RO;AS30-AS1-20180125181758
2018-01-25 18:18:45.464;SP;AS30-AS1-20180125181758
2018-01-25 18:18:48.141;SQ;AS30-AS1-20180125181848
2018-01-25 18:19:18.429;RC;AS30-AS1-20180125181758
2018-01-25 18:19:19.245;SS;AS30-AS1-20180125181758
2018-01-25 18:19:25.591;RU;AS30-AS1-20180125181735
2018-01-25 18:19:27.411;VU;AS30-AS1-20180125181735
2018-01-25 18:20:04.221;RO;AS30-AS1-20180125181848
2018-01-25 18:20:05.084;SP;AS30-AS1-20180125181848
2018-01-25 18:20:07.775;SQ;AS30-AS1-20180125182007
2018-01-25 18:20:36.049;RC;AS30-AS1-20180125181848
2018-01-25 18:20:36.859;SS;AS30-AS1-20180125181848
2018-01-25 18:21:14.598;RO;AS30-AS1-20180125182007
2018-01-25 18:21:15.672;SP;AS30-AS1-20180125182007
2018-01-25 18:21:18.354;SQ;AS30-AS1-20180125182118
2018-01-25 18:21:30.733;RU;AS30-AS1-20180125181758
2018-01-25 18:21:32.594;VU;AS30-AS1-20180125181758
2018-01-25 18:21:55.567;RC;AS30-AS1-20180125182007
2018-01-25 18:21:55.798;RU;AS30-AS1-20180125181848
2018-01-25 18:21:56.979;SS;AS30-AS1-20180125182007
2018-01-25 18:21:58.259;VU;AS30-AS1-20180125181848
2018-01-25 18:22:38.534;RO;AS30-AS1-20180125182118
2018-01-25 18:22:39.798;SP;AS30-AS1-20180125182118
2018-01-25 18:22:42.477;SQ;AS30-AS1-20180125182242
2018-01-25 18:23:16.043;RC;AS30-AS1-20180125182118
2018-01-25 18:23:16.387;RU;AS30-AS1-20180125182007
2018-01-25 18:23:17.320;SS;AS30-AS1-20180125182118
2018-01-25 18:23:18.733;VU;AS30-AS1-20180125182007
2018-01-25 18:23:53.122;RO;AS30-AS1-20180125182242
2018-01-25 18:23:55.269;SP;AS30-AS1-20180125182242
2018-01-25 18:24:00.134;SQ;AS30-AS1-20180125182400
2018-01-25 18:24:24.431;RU;AS30-AS1-20180125182118
2018-01-25 18:24:29.040;RC;AS30-AS1-20180125182242
2018-01-25 18:24:29.886;SS;AS30-AS1-20180125182242
2018-01-25 18:25:09.221;RO;AS30-AS1-20180125182400
2018-01-25 18:25:10.652;SP;AS30-AS1-20180125182400
2018-01-25 18:25:14.028;SQ;AS30-AS1-20180125182514
2018-01-25 18:25:55.821;RC;AS30-AS1-20180125182400
2018-01-25 18:25:58.340;SS;AS30-AS1-20180125182400
2018-01-25 18:26:00.410;RU;AS30-AS1-20180125182242
2018-01-25 18:26:03.696;VU;AS30-AS1-20180125182242
2018-01-25 18:26:20.657;RO;AS30-AS1-20180125182514
2018-01-25 18:26:22.377;SP;AS30-AS1-20180125182514
2018-01-25 18:26:25.811;SQ;AS30-AS1-20180125182625
2018-01-25 18:27:21.083;RU;AS30-AS1-20180125182400
2018-01-25 18:27:21.188;RC;AS30-AS1-20180125182514
2018-01-25 18:27:23.251;SS;AS30-AS1-20180125182514
2018-01-25 18:27:24.055;VU;AS30-AS1-20180125182400
2018-01-25 18:27:48.475;RO;AS30-AS1-20180125182625
2018-01-25 18:27:51.067;SP;AS30-AS1-20180125182625
2018-01-25 18:27:56.649;SQ;AS30-AS1-20180125182756
2018-01-25 18:28:23.899;RC;AS30-AS1-20180125182625
2018-01-25 18:28:24.768;SS;AS30-AS1-20180125182625
2018-01-25 18:28:39.697;RU;AS30-AS1-20180125182514
2018-01-25 18:28:59.667;VU;AS30-AS1-20180125182514
2018-01-25 18:29:19.046;RO;AS30-AS1-20180125182756
2018-01-25 18:29:20.364;SP;AS30-AS1-20180125182756
2018-01-25 18:29:23.836;SQ;AS30-AS1-20180125182923
2018-01-25 18:29:34.896;RU;AS30-AS1-20180125182625
2018-01-25 18:29:54.007;RC;AS30-AS1-20180125182756
2018-01-25 18:29:58.491;SS;AS30-AS1-20180125182756
2018-01-25 18:30:05.401;VU;AS30-AS1-20180125182625
2018-01-25 18:30:42.841;RO;AS30-AS1-20180125182923
2018-01-25 18:30:45.864;SP;AS30-AS1-20180125182923
2018-01-25 18:30:52.150;SQ;AS30-AS1-20180125183052
2018-01-25 18:31:14.362;RU;AS30-AS1-20180125182756
2018-01-25 18:31:16.521;VU;AS30-AS1-20180125182756
2018-01-25 18:31:27.088;RC;AS30-AS1-20180125182923
2018-01-25 18:31:28.662;SS;AS30-AS1-20180125182923
2018-01-25 18:32:11.690;RO;AS30-AS1-20180125183052
2018-01-25 18:32:12.932;SP;AS30-AS1-20180125183052
2018-01-25 18:32:16.506;SQ;AS30-AS1-20180125183216
2018-01-25 18:32:47.463;RU;AS30-AS1-20180125182923
2018-01-25 18:32:55.964;RC;AS30-AS1-20180125183052
2018-01-25 18:32:56.290;VU;AS30-AS1-20180125182923
2018-01-25 18:32:57.268;SS;AS30-AS1-20180125183052
2018-01-25 18:33:31.897;RO;AS30-AS1-20180125183216
2018-01-25 18:33:33.356;SP;AS30-AS1-20180125183216
2018-01-25 18:33:36.695;SQ;AS30-AS1-20180125183336
2018-01-25 18:34:18.271;RC;AS30-AS1-20180125183216
2018-01-25 18:34:18.381;RU;AS30-AS1-20180125183052
2018-01-25 18:34:20.740;SS;AS30-AS1-20180125183216
2018-01-25 18:34:21.743;VU;AS30-AS1-20180125183052
2018-01-25 18:34:57.775;RO;AS30-AS1-20180125183336
2018-01-25 18:34:58.766;SP;AS30-AS1-20180125183336
2018-01-25 18:35:02.083;SQ;AS30-AS1-20180125183502
2018-01-25 18:35:37.895;RC;AS30-AS1-20180125183336
2018-01-25 18:35:39.142;SS;AS30-AS1-20180125183336
2018-01-25 18:35:41.181;RU;AS30-AS1-20180125183216
