2018-01-25 18:17:37.931;SQ;AS31-AS1-20180125181737
2018-01-25 18:18:07.245;RO;AS31-AS1-20180125181737
2018-01-25 18:18:08.275;SP;AS31-AS1-20180125181737
2018-01-25 18:18:10.906;SQ;AS31-AS1-20180125181810
2018-01-25 18:19:03.684;RC;AS31-AS1-20180125181737
2018-01-25 18:19:04.515;SS;AS31-AS1-20180125181737
2018-01-25 18:19:09.151;RO;AS31-AS1-20180125181810
2018-01-25 18:19:10.272;SP;AS31-AS1-20180125181810
2018-01-25 18:19:12.851;SQ;AS31-AS1-20180125181912
2018-01-25 18:19:47.178;RC;AS31-AS1-20180125181810
2018-01-25 18:19:48.886;SS;AS31-AS1-20180125181810
2018-01-25 18:20:19.292;RU;AS31-AS1-20180125181737
2018-01-25 18:20:20.129;RO;AS31-AS1-20180125181912
2018-01-25 18:20:21.091;VU;AS31-AS1-20180125181737
2018-01-25 18:20:21.229;SP;AS31-AS1-20180125181912
2018-01-25 18:20:23.873;SQ;AS31-AS1-20180125182023
2018-01-25 18:21:02.178;RC;AS31-AS1-20180125181912
2018-01-25 18:21:02.963;SS;AS31-AS1-20180125181912
2018-01-25 18:21:14.632;RU;AS31-AS1-20180125181810
2018-01-25 18:21:16.455;VU;AS31-AS1-20180125181810
2018-01-25 18:21:42.092;RO;AS31-AS1-20180125182023
2018-01-25 18:21:43.278;SP;AS31-AS1-20180125182023
2018-01-25 18:21:45.907;SQ;AS31-AS1-20180125182145
2018-01-25 18:22:15.563;RC;AS31-AS1-20180125182023
2018-01-25 18:22:16.388;SS;AS31-AS1-20180125182023
2018-01-25 18:22:28.725;RU;AS31-AS1-20180125181912
2018-01-25 18:22:58.798;VU;AS31-AS1-20180125181912
2018-01-25 18:23:30.443;RO;AS31-AS1-20180125182145
2018-01-25 18:23:30.481;RU;AS31-AS1-20180125182023
2018-01-25 18:23:32.104;SP;AS31-AS1-20180125182145
2018-01-25 18:23:35.394;SQ;AS31-AS1-20180125182335
2018-01-25 18:24:02.084;VU;AS31-AS1-20180125182023
2018-01-25 18:24:21.834;RC;AS31-AS1-20180125182145
2018-01-25 18:24:22.640;SS;AS31-AS1-20180125182145
2018-01-25 18:24:53.108;RO;AS31-AS1-20180125182335
2018-01-25 18:24:55.209;SP;AS31-AS1-20180125182335
2018-01-25 18:24:59.087;SQ;AS31-AS1-20180125182459
2018-01-25 18:25:32.742;RU;AS31-AS1-20180125182145
2018-01-25 18:25:35.486;RC;AS31-AS1-20180125182335
2018-01-25 18:25:36.266;SS;AS31-AS1-20180125182335
2018-01-25 18:26:00.607;VU;AS31-AS1-20180125182145
2018-01-25 18:26:18.092;RO;AS31-AS1-20180125182459
2018-01-25 18:26:19.002;SP;AS31-AS1-20180125182459
2018-01-25 18:26:21.597;SQ;AS31-AS1-20180125182621
2018-01-25 18:26:53.663;RU;AS31-AS1-20180125182335
2018-01-25 18:26:55.447;VU;AS31-AS1-20180125182335
2018-01-25 18:26:57.779;RC;AS31-AS1-20180125182459
2018-01-25 18:26:58.559;SS;AS31-AS1-20180125182459
2018-01-25 18:27:45.541;RO;AS31-AS1-20180125182621
2018-01-25 18:27:47.340;SP;AS31-AS1-20180125182621
2018-01-25 18:27:51.717;SQ;AS31-AS1-20180125182751
2018-01-25 18:27:55.794;RU;AS31-AS1-20180125182459
2018-01-25 18:27:57.586;VU;AS31-AS1-20180125182459
2018-01-25 18:28:19.110;RC;AS31-AS1-20180125182621
2018-01-25 18:28:19.905;SS;AS31-AS1-20180125182621
2018-01-25 18:29:03.242;RO;AS31-AS1-20180125182751
2018-01-25 18:29:04.088;SP;AS31-AS1-20180125182751
2018-01-25 18:29:06.730;SQ;AS31-AS1-20180125182906
2018-01-25 18:29:32.786;RU;AS31-AS1-20180125182621
2018-01-25 18:29:38.963;RC;AS31-AS1-20180125182751
2018-01-25 18:29:39.726;SS;AS31-AS1-20180125182751
2018-01-25 18:29:59.986;VU;AS31-AS1-20180125182621
2018-01-25 18:30:07.494;RO;AS31-AS1-20180125182906
2018-01-25 18:30:08.615;SP;AS31-AS1-20180125182906
2018-01-25 18:30:11.228;SQ;AS31-AS1-20180125183011
2018-01-25 18:30:46.223;RC;AS31-AS1-20180125182906
2018-01-25 18:30:47.915;SS;AS31-AS1-20180125182906
2018-01-25 18:31:06.483;RU;AS31-AS1-20180125182751
2018-01-25 18:31:08.297;VU;AS31-AS1-20180125182751
2018-01-25 18:31:22.052;RO;AS31-AS1-20180125183011
2018-01-25 18:31:23.099;SP;AS31-AS1-20180125183011
2018-01-25 18:31:25.714;SQ;AS31-AS1-20180125183125
2018-01-25 18:32:08.060;RC;AS31-AS1-20180125183011
2018-01-25 18:32:08.867;SS;AS31-AS1-20180125183011
2018-01-25 18:32:09.430;RU;AS31-AS1-20180125182906
2018-01-25 18:32:11.240;VU;AS31-AS1-20180125182906
2018-01-25 18:32:41.240;RO;AS31-AS1-20180125183125
2018-01-25 18:32:42.118;SP;AS31-AS1-20180125183125
2018-01-25 18:32:44.725;SQ;AS31-AS1-20180125183244
2018-01-25 18:33:17.924;RU;AS31-AS1-20180125183011
2018-01-25 18:33:19.710;VU;AS31-AS1-20180125183011
2018-01-25 18:33:20.654;RC;AS31-AS1-20180125183125
2018-01-25 18:33:21.433;SS;AS31-AS1-20180125183125
2018-01-25 18:34:18.857;RO;AS31-AS1-20180125183244
2018-01-25 18:34:20.146;SP;AS31-AS1-20180125183244
2018-01-25 18:34:22.791;SQ;AS31-AS1-20180125183422
2018-01-25 18:34:37.245;RU;AS31-AS1-20180125183125
2018-01-25 18:34:55.942;VU;AS31-AS1-20180125183125
2018-01-25 18:35:00.059;RC;AS31-AS1-20180125183244
2018-01-25 18:35:00.849;SS;AS31-AS1-20180125183244
