2018-01-25 18:17:33.765;SQ;AS33-AS1-20180125181733
2018-01-25 18:17:37.276;RO;AS33-AS1-20180125181733
2018-01-25 18:17:38.551;SP;AS33-AS1-20180125181733
2018-01-25 18:17:41.102;SQ;AS33-AS1-20180125181741
2018-01-25 18:17:52.450;RC;AS33-AS1-20180125181733
2018-01-25 18:17:53.231;SS;AS33-AS1-20180125181733
2018-01-25 18:18:16.043;RO;AS33-AS1-20180125181741
2018-01-25 18:18:16.946;SP;AS33-AS1-20180125181741
2018-01-25 18:18:19.520;SQ;AS33-AS1-20180125181819
2018-01-25 18:18:41.880;RU;AS33-AS1-20180125181733
2018-01-25 18:18:46.600;RC;AS33-AS1-20180125181741
2018-01-25 18:18:47.526;SS;AS33-AS1-20180125181741
2018-01-25 18:18:55.462;VU;AS33-AS1-20180125181733
2018-01-25 18:19:57.194;RU;AS33-AS1-20180125181741
2018-01-25 18:19:58.985;VU;AS33-AS1-20180125181741
2018-01-25 18:20:01.926;RO;AS33-AS1-20180125181819
2018-01-25 18:20:02.936;SP;AS33-AS1-20180125181819
2018-01-25 18:20:05.528;SQ;AS33-AS1-20180125182005
2018-01-25 18:20:27.428;RC;AS33-AS1-20180125181819
2018-01-25 18:20:28.211;SS;AS33-AS1-20180125181819
2018-01-25 18:21:14.404;RO;AS33-AS1-20180125182005
2018-01-25 18:21:15.383;SP;AS33-AS1-20180125182005
2018-01-25 18:21:17.952;SQ;AS33-AS1-20180125182117
2018-01-25 18:21:50.117;RC;AS33-AS1-20180125182005
2018-01-25 18:21:51.811;SS;AS33-AS1-20180125182005
2018-01-25 18:21:57.111;RU;AS33-AS1-20180125181819
2018-01-25 18:21:58.914;VU;AS33-AS1-20180125181819
2018-01-25 18:22:26.708;RO;AS33-AS1-20180125182117
2018-01-25 18:22:27.817;SP;AS33-AS1-20180125182117
2018-01-25 18:22:30.402;SQ;AS33-AS1-20180125182230
2018-01-25 18:23:07.108;RU;AS33-AS1-20180125182005
2018-01-25 18:23:07.200;RC;AS33-AS1-20180125182117
2018-01-25 18:23:08.715;SS;AS33-AS1-20180125182117
2018-01-25 18:23:09.584;VU;AS33-AS1-20180125182005
2018-01-25 18:23:46.896;RO;AS33-AS1-20180125182230
2018-01-25 18:23:47.763;SP;AS33-AS1-20180125182230
2018-01-25 18:23:50.479;SQ;AS33-AS1-20180125182350
2018-01-25 18:24:23.405;RC;AS33-AS1-20180125182230
2018-01-25 18:24:23.911;RU;AS33-AS1-20180125182117
2018-01-25 18:24:24.423;SS;AS33-AS1-20180125182230
2018-01-25 18:24:26.014;VU;AS33-AS1-20180125182117
2018-01-25 18:25:29.837;RU;AS33-AS1-20180125182230
2018-01-25 18:25:31.975;RO;AS33-AS1-20180125182350
2018-01-25 18:25:33.241;SP;AS33-AS1-20180125182350
2018-01-25 18:25:36.384;SQ;AS33-AS1-20180125182536
2018-01-25 18:26:02.096;VU;AS33-AS1-20180125182230
2018-01-25 18:26:16.760;RC;AS33-AS1-20180125182350
2018-01-25 18:26:17.538;SS;AS33-AS1-20180125182350
2018-01-25 18:26:51.393;RO;AS33-AS1-20180125182536
2018-01-25 18:26:52.253;SP;AS33-AS1-20180125182536
2018-01-25 18:26:54.817;SQ;AS33-AS1-20180125182654
2018-01-25 18:27:23.871;RC;AS33-AS1-20180125182536
2018-01-25 18:27:24.103;RU;AS33-AS1-20180125182350
2018-01-25 18:27:25.212;SS;AS33-AS1-20180125182536
2018-01-25 18:27:48.474;RO;AS33-AS1-20180125182654
2018-01-25 18:27:52.292;SP;AS33-AS1-20180125182654
2018-01-25 18:27:55.692;SQ;AS33-AS1-20180125182755
2018-01-25 18:27:55.909;VU;AS33-AS1-20180125182350
2018-01-25 18:28:27.278;RC;AS33-AS1-20180125182654
2018-01-25 18:28:28.069;SS;AS33-AS1-20180125182654
2018-01-25 18:28:54.698;RU;AS33-AS1-20180125182536
2018-01-25 18:28:56.474;VU;AS33-AS1-20180125182536
2018-01-25 18:29:19.568;RO;AS33-AS1-20180125182755
2018-01-25 18:29:20.555;SP;AS33-AS1-20180125182755
2018-01-25 18:29:23.114;SQ;AS33-AS1-20180125182923
2018-01-25 18:29:50.717;RU;AS33-AS1-20180125182654
2018-01-25 18:29:57.546;RC;AS33-AS1-20180125182755
2018-01-25 18:29:59.428;SS;AS33-AS1-20180125182755
2018-01-25 18:30:00.363;VU;AS33-AS1-20180125182654
2018-01-25 18:30:35.295;RO;AS33-AS1-20180125182923
2018-01-25 18:30:36.484;SP;AS33-AS1-20180125182923
2018-01-25 18:30:39.041;SQ;AS33-AS1-20180125183039
2018-01-25 18:31:22.230;RU;AS33-AS1-20180125182755
2018-01-25 18:31:52.201;VU;AS33-AS1-20180125182755
2018-01-25 18:31:53.847;RC;AS33-AS1-20180125182923
2018-01-25 18:31:54.628;SS;AS33-AS1-20180125182923
2018-01-25 18:32:08.369;RO;AS33-AS1-20180125183039
2018-01-25 18:32:09.425;SP;AS33-AS1-20180125183039
2018-01-25 18:32:12.018;SQ;AS33-AS1-20180125183212
2018-01-25 18:32:46.079;RC;AS33-AS1-20180125183039
2018-01-25 18:32:47.793;SS;AS33-AS1-20180125183039
2018-01-25 18:33:03.324;RU;AS33-AS1-20180125182923
2018-01-25 18:33:05.134;VU;AS33-AS1-20180125182923
2018-01-25 18:33:25.144;RO;AS33-AS1-20180125183212
2018-01-25 18:33:26.387;SP;AS33-AS1-20180125183212
2018-01-25 18:33:28.949;SQ;AS33-AS1-20180125183328
2018-01-25 18:34:18.081;RC;AS33-AS1-20180125183212
2018-01-25 18:34:18.419;RU;AS33-AS1-20180125183039
2018-01-25 18:34:19.247;SS;AS33-AS1-20180125183212
2018-01-25 18:34:20.689;VU;AS33-AS1-20180125183039
2018-01-25 18:34:51.581;RO;AS33-AS1-20180125183328
2018-01-25 18:34:53.122;SP;AS33-AS1-20180125183328
2018-01-25 18:34:55.670;SQ;AS33-AS1-20180125183455
2018-01-25 18:35:21.425;RC;AS33-AS1-20180125183328
2018-01-25 18:35:22.197;SS;AS33-AS1-20180125183328
2018-01-25 18:35:29.887;RU;AS33-AS1-20180125183212
2018-01-25 18:35:58.919;VU;AS33-AS1-20180125183212
