2018-01-25 18:18:04.903;SQ;AS35-AS1-20180125181804
2018-01-25 18:18:55.130;RO;AS35-AS1-20180125181804
2018-01-25 18:18:56.285;SP;AS35-AS1-20180125181804
2018-01-25 18:18:58.945;SQ;AS35-AS1-20180125181858
2018-01-25 18:19:30.069;RC;AS35-AS1-20180125181804
2018-01-25 18:19:30.899;SS;AS35-AS1-20180125181804
2018-01-25 18:20:19.445;RO;AS35-AS1-20180125181858
2018-01-25 18:20:20.361;SP;AS35-AS1-20180125181858
2018-01-25 18:20:23.012;SQ;AS35-AS1-20180125182023
2018-01-25 18:20:54.325;RC;AS35-AS1-20180125181858
2018-01-25 18:20:55.171;SS;AS35-AS1-20180125181858
2018-01-25 18:20:55.278;RU;AS35-AS1-20180125181804
2018-01-25 18:20:57.119;VU;AS35-AS1-20180125181804
2018-01-25 18:21:32.674;RO;AS35-AS1-20180125182023
2018-01-25 18:21:33.915;SP;AS35-AS1-20180125182023
2018-01-25 18:21:36.593;SQ;AS35-AS1-20180125182136
2018-01-25 18:22:13.734;RU;AS35-AS1-20180125181858
2018-01-25 18:22:15.582;VU;AS35-AS1-20180125181858
2018-01-25 18:22:15.910;RC;AS35-AS1-20180125182023
2018-01-25 18:22:16.749;SS;AS35-AS1-20180125182023
2018-01-25 18:22:42.770;RO;AS35-AS1-20180125182136
2018-01-25 18:22:44.024;SP;AS35-AS1-20180125182136
2018-01-25 18:22:46.676;SQ;AS35-AS1-20180125182246
2018-01-25 18:23:17.588;RC;AS35-AS1-20180125182136
2018-01-25 18:23:18.441;SS;AS35-AS1-20180125182136
2018-01-25 18:23:35.150;RU;AS35-AS1-20180125182023
2018-01-25 18:23:59.353;RO;AS35-AS1-20180125182246
2018-01-25 18:24:01.603;SP;AS35-AS1-20180125182246
2018-01-25 18:24:03.031;VU;AS35-AS1-20180125182023
2018-01-25 18:24:04.263;SQ;AS35-AS1-20180125182404
2018-01-25 18:24:27.092;RU;AS35-AS1-20180125182136
2018-01-25 18:24:38.783;RC;AS35-AS1-20180125182246
2018-01-25 18:24:39.769;SS;AS35-AS1-20180125182246
2018-01-25 18:24:59.791;VU;AS35-AS1-20180125182136
2018-01-25 18:25:04.441;RO;AS35-AS1-20180125182404
2018-01-25 18:25:05.660;SP;AS35-AS1-20180125182404
2018-01-25 18:25:08.373;SQ;AS35-AS1-20180125182508
2018-01-25 18:25:51.130;RC;AS35-AS1-20180125182404
2018-01-25 18:25:51.942;SS;AS35-AS1-20180125182404
2018-01-25 18:26:16.923;RU;AS35-AS1-20180125182246
2018-01-25 18:26:18.739;VU;AS35-AS1-20180125182246
2018-01-25 18:26:24.667;RO;AS35-AS1-20180125182508
2018-01-25 18:26:25.781;SP;AS35-AS1-20180125182508
2018-01-25 18:26:28.449;SQ;AS35-AS1-20180125182628
2018-01-25 18:27:20.446;RU;AS35-AS1-20180125182404
2018-01-25 18:27:21.143;RC;AS35-AS1-20180125182508
2018-01-25 18:27:22.144;SS;AS35-AS1-20180125182508
2018-01-25 18:27:22.427;VU;AS35-AS1-20180125182404
2018-01-25 18:27:51.545;RO;AS35-AS1-20180125182628
2018-01-25 18:27:52.853;SP;AS35-AS1-20180125182628
2018-01-25 18:27:55.497;SQ;AS35-AS1-20180125182755
2018-01-25 18:28:32.690;RC;AS35-AS1-20180125182628
2018-01-25 18:28:33.531;SS;AS35-AS1-20180125182628
2018-01-25 18:28:34.471;RU;AS35-AS1-20180125182508
2018-01-25 18:28:55.659;RO;AS35-AS1-20180125182755
2018-01-25 18:28:57.388;SP;AS35-AS1-20180125182755
2018-01-25 18:28:57.782;VU;AS35-AS1-20180125182508
2018-01-25 18:29:00.044;SQ;AS35-AS1-20180125182900
2018-01-25 18:29:29.892;RC;AS35-AS1-20180125182755
2018-01-25 18:29:30.755;SS;AS35-AS1-20180125182755
2018-01-25 18:29:40.683;RU;AS35-AS1-20180125182628
2018-01-25 18:30:00.425;VU;AS35-AS1-20180125182628
2018-01-25 18:30:07.871;RO;AS35-AS1-20180125182900
2018-01-25 18:30:08.981;SP;AS35-AS1-20180125182900
2018-01-25 18:30:11.662;SQ;AS35-AS1-20180125183011
2018-01-25 18:30:45.607;RC;AS35-AS1-20180125182900
2018-01-25 18:30:47.351;SS;AS35-AS1-20180125182900
2018-01-25 18:31:02.554;RU;AS35-AS1-20180125182755
2018-01-25 18:31:04.396;VU;AS35-AS1-20180125182755
2018-01-25 18:31:21.139;RO;AS35-AS1-20180125183011
2018-01-25 18:31:22.063;SP;AS35-AS1-20180125183011
2018-01-25 18:31:24.739;SQ;AS35-AS1-20180125183124
2018-01-25 18:32:08.096;RC;AS35-AS1-20180125183011
2018-01-25 18:32:08.928;SS;AS35-AS1-20180125183011
2018-01-25 18:32:10.031;RU;AS35-AS1-20180125182900
2018-01-25 18:32:11.852;VU;AS35-AS1-20180125182900
2018-01-25 18:32:38.140;RO;AS35-AS1-20180125183124
2018-01-25 18:32:39.144;SP;AS35-AS1-20180125183124
2018-01-25 18:32:41.811;SQ;AS35-AS1-20180125183241
2018-01-25 18:33:23.409;RC;AS35-AS1-20180125183124
2018-01-25 18:33:24.245;SS;AS35-AS1-20180125183124
2018-01-25 18:33:28.415;RU;AS35-AS1-20180125183011
2018-01-25 18:33:55.961;VU;AS35-AS1-20180125183011
2018-01-25 18:33:58.151;RO;AS35-AS1-20180125183241
2018-01-25 18:33:59.238;SP;AS35-AS1-20180125183241
2018-01-25 18:34:01.914;SQ;AS35-AS1-20180125183401
2018-01-25 18:34:36.492;RC;AS35-AS1-20180125183241
2018-01-25 18:34:37.331;SS;AS35-AS1-20180125183241
2018-01-25 18:34:53.849;RU;AS35-AS1-20180125183124
2018-01-25 18:34:56.101;VU;AS35-AS1-20180125183124
2018-01-25 18:35:13.216;RO;AS35-AS1-20180125183401
2018-01-25 18:35:14.335;SP;AS35-AS1-20180125183401
2018-01-25 18:35:17.005;SQ;AS35-AS1-20180125183517
2018-01-25 18:35:50.721;RC;AS35-AS1-20180125183401
2018-01-25 18:35:52.522;SS;AS35-AS1-20180125183401
2018-01-25 18:35:59.819;RU;AS35-AS1-20180125183241
2018-01-25 18:36:01.652;VU;AS35-AS1-20180125183241
2018-01-25 18:36:24.764;RO;AS35-AS1-20180125183517
2018-01-25 18:36:25.902;SP;AS35-AS1-20180125183517
2018-01-25 18:36:28.545;SQ;AS35-AS1-20180125183628
