2018-01-25 18:17:44.928;SQ;AS42-AS1-20180125181744
2018-01-25 18:18:19.968;RO;AS42-AS1-20180125181744
2018-01-25 18:18:21.313;SP;AS42-AS1-20180125181744
2018-01-25 18:18:23.990;SQ;AS42-AS1-20180125181823
2018-01-25 18:18:53.984;RC;AS42-AS1-20180125181744
2018-01-25 18:18:54.839;SS;AS42-AS1-20180125181744
2018-01-25 18:19:32.311;RO;AS42-AS1-20180125181823
2018-01-25 18:19:33.396;SP;AS42-AS1-20180125181823
2018-01-25 18:19:36.078;SQ;AS42-AS1-20180125181936
2018-01-25 18:20:19.489;RU;AS42-AS1-20180125181744
2018-01-25 18:20:19.558;RC;AS42-AS1-20180125181823
2018-01-25 18:20:21.167;SS;AS42-AS1-20180125181823
2018-01-25 18:20:22.164;VU;AS42-AS1-20180125181744
2018-01-25 18:20:48.973;RO;AS42-AS1-20180125181936
2018-01-25 18:20:50.893;SP;AS42-AS1-20180125181936
2018-01-25 18:20:53.586;SQ;AS42-AS1-20180125182053
2018-01-25 18:21:21.818;RC;AS42-AS1-20180125181936
2018-01-25 18:21:22.634;SS;AS42-AS1-20180125181936
2018-01-25 18:21:36.056;RU;AS42-AS1-20180125181823
2018-01-25 18:21:56.953;VU;AS42-AS1-20180125181823
2018-01-25 18:22:08.920;RO;AS42-AS1-20180125182053
2018-01-25 18:22:10.031;SP;AS42-AS1-20180125182053
2018-01-25 18:22:12.757;SQ;AS42-AS1-20180125182212
2018-01-25 18:22:40.544;RU;AS42-AS1-20180125181936
2018-01-25 18:22:50.078;RC;AS42-AS1-20180125182053
2018-01-25 18:22:53.030;SS;AS42-AS1-20180125182053
2018-01-25 18:23:00.009;VU;AS42-AS1-20180125181936
2018-01-25 18:23:27.215;RO;AS42-AS1-20180125182212
2018-01-25 18:23:28.213;SP;AS42-AS1-20180125182212
2018-01-25 18:23:30.911;SQ;AS42-AS1-20180125182330
2018-01-25 18:24:05.924;RU;AS42-AS1-20180125182053
2018-01-25 18:24:07.779;VU;AS42-AS1-20180125182053
2018-01-25 18:24:24.495;RC;AS42-AS1-20180125182212
2018-01-25 18:24:25.330;SS;AS42-AS1-20180125182212
2018-01-25 18:24:32.971;RO;AS42-AS1-20180125182330
2018-01-25 18:24:33.808;SP;AS42-AS1-20180125182330
2018-01-25 18:24:36.486;SQ;AS42-AS1-20180125182436
2018-01-25 18:25:22.728;RC;AS42-AS1-20180125182330
2018-01-25 18:25:23.554;SS;AS42-AS1-20180125182330
2018-01-25 18:25:37.121;RU;AS42-AS1-20180125182212
2018-01-25 18:26:00.282;RO;AS42-AS1-20180125182436
2018-01-25 18:26:01.723;SP;AS42-AS1-20180125182436
2018-01-25 18:26:02.102;VU;AS42-AS1-20180125182212
2018-01-25 18:26:04.418;SQ;AS42-AS1-20180125182604
2018-01-25 18:26:37.570;RC;AS42-AS1-20180125182436
2018-01-25 18:26:38.407;SS;AS42-AS1-20180125182436
2018-01-25 18:26:53.674;RU;AS42-AS1-20180125182330
2018-01-25 18:26:55.506;VU;AS42-AS1-20180125182330
2018-01-25 18:27:20.079;RO;AS42-AS1-20180125182604
2018-01-25 18:27:21.332;SP;AS42-AS1-20180125182604
2018-01-25 18:27:24.006;SQ;AS42-AS1-20180125182724
2018-01-25 18:27:57.945;RU;AS42-AS1-20180125182436
2018-01-25 18:27:59.784;VU;AS42-AS1-20180125182436
2018-01-25 18:28:33.421;RC;AS42-AS1-20180125182604
2018-01-25 18:28:34.240;SS;AS42-AS1-20180125182604
2018-01-25 18:28:39.341;RO;AS42-AS1-20180125182724
2018-01-25 18:28:40.445;SP;AS42-AS1-20180125182724
2018-01-25 18:28:43.127;SQ;AS42-AS1-20180125182843
2018-01-25 18:29:18.695;RC;AS42-AS1-20180125182724
2018-01-25 18:29:19.515;SS;AS42-AS1-20180125182724
2018-01-25 18:29:46.033;RO;AS42-AS1-20180125182843
2018-01-25 18:29:47.030;SP;AS42-AS1-20180125182843
2018-01-25 18:29:50.002;RU;AS42-AS1-20180125182604
2018-01-25 18:29:51.037;SQ;AS42-AS1-20180125182951
2018-01-25 18:30:01.234;VU;AS42-AS1-20180125182604
2018-01-25 18:30:25.700;RC;AS42-AS1-20180125182843
2018-01-25 18:30:26.536;SS;AS42-AS1-20180125182843
2018-01-25 18:30:26.936;RU;AS42-AS1-20180125182724
2018-01-25 18:30:54.840;VU;AS42-AS1-20180125182724
2018-01-25 18:31:04.769;RO;AS42-AS1-20180125182951
2018-01-25 18:31:05.977;SP;AS42-AS1-20180125182951
2018-01-25 18:31:08.687;SQ;AS42-AS1-20180125183108
2018-01-25 18:31:35.819;RU;AS42-AS1-20180125182843
2018-01-25 18:31:40.850;RC;AS42-AS1-20180125182951
2018-01-25 18:31:41.961;SS;AS42-AS1-20180125182951
2018-01-25 18:32:16.428;RO;AS42-AS1-20180125183108
2018-01-25 18:32:17.761;SP;AS42-AS1-20180125183108
2018-01-25 18:32:21.076;SQ;AS42-AS1-20180125183221
2018-01-25 18:32:57.285;RU;AS42-AS1-20180125182951
2018-01-25 18:32:59.709;VU;AS42-AS1-20180125182951
2018-01-25 18:33:04.240;RC;AS42-AS1-20180125183108
2018-01-25 18:33:05.267;SS;AS42-AS1-20180125183108
2018-01-25 18:33:37.099;RO;AS42-AS1-20180125183221
2018-01-25 18:33:38.108;SP;AS42-AS1-20180125183221
2018-01-25 18:33:41.388;SQ;AS42-AS1-20180125183341
2018-01-25 18:34:18.888;RC;AS42-AS1-20180125183221
2018-01-25 18:34:20.183;SS;AS42-AS1-20180125183221
2018-01-25 18:34:23.121;RU;AS42-AS1-20180125183108
2018-01-25 18:35:00.457;VU;AS42-AS1-20180125183108
2018-01-25 18:35:17.625;RO;AS42-AS1-20180125183341
2018-01-25 18:35:19.091;SP;AS42-AS1-20180125183341
2018-01-25 18:35:22.622;SQ;AS42-AS1-20180125183522
2018-01-25 18:35:34.090;RU;AS42-AS1-20180125183221
2018-01-25 18:36:02.303;VU;AS42-AS1-20180125183221
2018-01-25 18:36:09.110;RC;AS42-AS1-20180125183341
2018-01-25 18:36:10.182;SS;AS42-AS1-20180125183341
