2018-01-25 18:17:37.642;SQ;AS43-AS1-20180125181737
2018-01-25 18:18:06.261;RO;AS43-AS1-20180125181737
2018-01-25 18:18:07.475;SP;AS43-AS1-20180125181737
2018-01-25 18:18:10.069;SQ;AS43-AS1-20180125181810
2018-01-25 18:18:30.939;RC;AS43-AS1-20180125181737
2018-01-25 18:18:31.769;SS;AS43-AS1-20180125181737
2018-01-25 18:19:01.831;RO;AS43-AS1-20180125181810
2018-01-25 18:19:02.920;SP;AS43-AS1-20180125181810
2018-01-25 18:19:05.540;SQ;AS43-AS1-20180125181905
2018-01-25 18:19:43.588;RC;AS43-AS1-20180125181810
2018-01-25 18:19:44.244;RU;AS43-AS1-20180125181737
2018-01-25 18:19:46.277;SS;AS43-AS1-20180125181810
2018-01-25 18:19:55.112;VU;AS43-AS1-20180125181737
2018-01-25 18:20:22.686;RO;AS43-AS1-20180125181905
2018-01-25 18:20:23.941;SP;AS43-AS1-20180125181905
2018-01-25 18:20:26.551;SQ;AS43-AS1-20180125182026
2018-01-25 18:20:57.271;RU;AS43-AS1-20180125181810
2018-01-25 18:20:59.104;VU;AS43-AS1-20180125181810
2018-01-25 18:21:14.367;RC;AS43-AS1-20180125181905
2018-01-25 18:21:15.194;SS;AS43-AS1-20180125181905
2018-01-25 18:21:50.184;RO;AS43-AS1-20180125182026
2018-01-25 18:21:52.395;SP;AS43-AS1-20180125182026
2018-01-25 18:21:55.356;SQ;AS43-AS1-20180125182155
2018-01-25 18:22:32.108;RC;AS43-AS1-20180125182026
2018-01-25 18:22:32.904;SS;AS43-AS1-20180125182026
2018-01-25 18:23:06.098;RU;AS43-AS1-20180125181905
2018-01-25 18:23:07.895;VU;AS43-AS1-20180125181905
2018-01-25 18:23:18.030;RO;AS43-AS1-20180125182155
2018-01-25 18:23:19.268;SP;AS43-AS1-20180125182155
2018-01-25 18:23:21.890;SQ;AS43-AS1-20180125182321
2018-01-25 18:23:57.833;RC;AS43-AS1-20180125182155
2018-01-25 18:23:58.634;SS;AS43-AS1-20180125182155
2018-01-25 18:24:00.320;RU;AS43-AS1-20180125182026
2018-01-25 18:24:02.145;VU;AS43-AS1-20180125182026
2018-01-25 18:24:35.457;RO;AS43-AS1-20180125182321
2018-01-25 18:24:36.274;SP;AS43-AS1-20180125182321
2018-01-25 18:24:38.883;SQ;AS43-AS1-20180125182438
2018-01-25 18:25:22.007;RU;AS43-AS1-20180125182155
2018-01-25 18:25:22.590;RC;AS43-AS1-20180125182321
2018-01-25 18:25:23.647;SS;AS43-AS1-20180125182321
2018-01-25 18:25:24.023;VU;AS43-AS1-20180125182155
2018-01-25 18:26:01.915;RO;AS43-AS1-20180125182438
2018-01-25 18:26:02.822;SP;AS43-AS1-20180125182438
2018-01-25 18:26:05.409;SQ;AS43-AS1-20180125182605
2018-01-25 18:26:27.159;RC;AS43-AS1-20180125182438
2018-01-25 18:26:27.989;SS;AS43-AS1-20180125182438
2018-01-25 18:26:43.822;RU;AS43-AS1-20180125182321
2018-01-25 18:26:52.082;VU;AS43-AS1-20180125182321
2018-01-25 18:27:21.133;RO;AS43-AS1-20180125182605
2018-01-25 18:27:22.304;SP;AS43-AS1-20180125182605
2018-01-25 18:27:24.902;SQ;AS43-AS1-20180125182724
2018-01-25 18:27:54.131;RU;AS43-AS1-20180125182438
2018-01-25 18:27:55.959;VU;AS43-AS1-20180125182438
2018-01-25 18:28:02.895;RC;AS43-AS1-20180125182605
2018-01-25 18:28:03.713;SS;AS43-AS1-20180125182605
2018-01-25 18:28:54.587;RO;AS43-AS1-20180125182724
2018-01-25 18:28:55.811;SP;AS43-AS1-20180125182724
2018-01-25 18:28:58.403;SQ;AS43-AS1-20180125182858
2018-01-25 18:29:23.948;RU;AS43-AS1-20180125182605
2018-01-25 18:29:26.504;RC;AS43-AS1-20180125182724
2018-01-25 18:29:27.407;SS;AS43-AS1-20180125182724
2018-01-25 18:29:54.944;RO;AS43-AS1-20180125182858
2018-01-25 18:29:58.264;SP;AS43-AS1-20180125182858
2018-01-25 18:30:02.029;SQ;AS43-AS1-20180125183002
2018-01-25 18:30:02.217;VU;AS43-AS1-20180125182605
2018-01-25 18:30:35.514;RC;AS43-AS1-20180125182858
2018-01-25 18:30:36.335;SS;AS43-AS1-20180125182858
2018-01-25 18:31:04.949;RU;AS43-AS1-20180125182724
2018-01-25 18:31:06.775;VU;AS43-AS1-20180125182724
2018-01-25 18:31:19.702;RO;AS43-AS1-20180125183002
2018-01-25 18:31:20.936;SP;AS43-AS1-20180125183002
2018-01-25 18:31:23.552;SQ;AS43-AS1-20180125183123
2018-01-25 18:32:07.907;RC;AS43-AS1-20180125183002
2018-01-25 18:32:08.050;RU;AS43-AS1-20180125182858
2018-01-25 18:32:09.371;SS;AS43-AS1-20180125183002
2018-01-25 18:32:36.067;RO;AS43-AS1-20180125183123
2018-01-25 18:32:37.554;SP;AS43-AS1-20180125183123
2018-01-25 18:32:40.901;SQ;AS43-AS1-20180125183240
2018-01-25 18:33:20.968;RC;AS43-AS1-20180125183123
2018-01-25 18:33:22.093;SS;AS43-AS1-20180125183123
2018-01-25 18:33:28.426;RU;AS43-AS1-20180125183002
2018-01-25 18:33:53.064;RO;AS43-AS1-20180125183240
2018-01-25 18:33:58.139;SP;AS43-AS1-20180125183240
2018-01-25 18:33:59.140;VU;AS43-AS1-20180125183002
2018-01-25 18:34:01.594;SQ;AS43-AS1-20180125183401
2018-01-25 18:34:33.487;RC;AS43-AS1-20180125183240
2018-01-25 18:34:34.676;SS;AS43-AS1-20180125183240
2018-01-25 18:34:52.230;RU;AS43-AS1-20180125183123
2018-01-25 18:34:57.936;VU;AS43-AS1-20180125183123
2018-01-25 18:35:12.491;RO;AS43-AS1-20180125183401
2018-01-25 18:35:13.773;SP;AS43-AS1-20180125183401
2018-01-25 18:35:17.035;SQ;AS43-AS1-20180125183517
2018-01-25 18:35:53.096;RC;AS43-AS1-20180125183401
2018-01-25 18:35:53.716;RU;AS43-AS1-20180125183240
2018-01-25 18:35:58.442;SS;AS43-AS1-20180125183401
2018-01-25 18:35:59.437;VU;AS43-AS1-20180125183240
