2018-01-25 18:17:43.555;SQ;AS44-AS1-20180125181743
2018-01-25 18:18:18.968;RO;AS44-AS1-20180125181743
2018-01-25 18:18:19.957;SP;AS44-AS1-20180125181743
2018-01-25 18:18:22.659;SQ;AS44-AS1-20180125181822
2018-01-25 18:18:51.421;RC;AS44-AS1-20180125181743
2018-01-25 18:18:53.152;SS;AS44-AS1-20180125181743
2018-01-25 18:19:27.655;RO;AS44-AS1-20180125181822
2018-01-25 18:19:28.602;SP;AS44-AS1-20180125181822
2018-01-25 18:19:31.310;SQ;AS44-AS1-20180125181931
2018-01-25 18:19:59.777;RU;AS44-AS1-20180125181743
2018-01-25 18:20:20.033;RC;AS44-AS1-20180125181822
2018-01-25 18:20:21.354;SS;AS44-AS1-20180125181822
2018-01-25 18:20:34.237;RO;AS44-AS1-20180125181931
2018-01-25 18:20:35.733;SP;AS44-AS1-20180125181931
2018-01-25 18:20:39.189;SQ;AS44-AS1-20180125182039
2018-01-25 18:21:21.807;RC;AS44-AS1-20180125181931
2018-01-25 18:21:22.986;SS;AS44-AS1-20180125181931
2018-01-25 18:21:37.237;RU;AS44-AS1-20180125181822
2018-01-25 18:21:59.675;VU;AS44-AS1-20180125181822
2018-01-25 18:22:28.800;RO;AS44-AS1-20180125182039
2018-01-25 18:22:30.643;SP;AS44-AS1-20180125182039
2018-01-25 18:22:34.264;SQ;AS44-AS1-20180125182234
2018-01-25 18:22:49.036;RU;AS44-AS1-20180125181931
2018-01-25 18:23:01.880;VU;AS44-AS1-20180125181931
2018-01-25 18:23:16.287;RC;AS44-AS1-20180125182039
2018-01-25 18:23:17.414;SS;AS44-AS1-20180125182039
2018-01-25 18:23:49.613;RO;AS44-AS1-20180125182234
2018-01-25 18:23:51.256;SP;AS44-AS1-20180125182234
2018-01-25 18:23:57.096;SQ;AS44-AS1-20180125182357
2018-01-25 18:24:26.142;RC;AS44-AS1-20180125182234
2018-01-25 18:24:27.618;SS;AS44-AS1-20180125182234
2018-01-25 18:24:31.547;RU;AS44-AS1-20180125182039
2018-01-25 18:25:03.896;VU;AS44-AS1-20180125182039
2018-01-25 18:25:04.786;RO;AS44-AS1-20180125182357
2018-01-25 18:25:06.836;SP;AS44-AS1-20180125182357
2018-01-25 18:25:10.481;SQ;AS44-AS1-20180125182510
2018-01-25 18:25:39.842;RU;AS44-AS1-20180125182234
2018-01-25 18:25:48.262;RC;AS44-AS1-20180125182357
2018-01-25 18:25:50.219;SS;AS44-AS1-20180125182357
2018-01-25 18:26:05.369;VU;AS44-AS1-20180125182234
2018-01-25 18:26:22.642;RO;AS44-AS1-20180125182510
2018-01-25 18:26:24.242;SP;AS44-AS1-20180125182510
2018-01-25 18:26:27.860;SQ;AS44-AS1-20180125182627
2018-01-25 18:27:20.014;RC;AS44-AS1-20180125182510
2018-01-25 18:27:20.858;RU;AS44-AS1-20180125182357
2018-01-25 18:27:21.109;SS;AS44-AS1-20180125182510
2018-01-25 18:27:23.402;VU;AS44-AS1-20180125182357
2018-01-25 18:27:46.967;RO;AS44-AS1-20180125182627
2018-01-25 18:27:49.632;SP;AS44-AS1-20180125182627
2018-01-25 18:27:55.985;SQ;AS44-AS1-20180125182755
2018-01-25 18:28:26.192;RC;AS44-AS1-20180125182627
2018-01-25 18:28:27.154;RU;AS44-AS1-20180125182510
2018-01-25 18:28:27.348;SS;AS44-AS1-20180125182627
2018-01-25 18:29:02.888;VU;AS44-AS1-20180125182510
2018-01-25 18:29:21.389;RO;AS44-AS1-20180125182755
2018-01-25 18:29:22.609;SP;AS44-AS1-20180125182755
2018-01-25 18:29:25.968;SQ;AS44-AS1-20180125182925
2018-01-25 18:29:35.869;RU;AS44-AS1-20180125182627
2018-01-25 18:30:04.305;RC;AS44-AS1-20180125182755
2018-01-25 18:30:05.523;VU;AS44-AS1-20180125182627
2018-01-25 18:30:05.528;SS;AS44-AS1-20180125182755
2018-01-25 18:31:02.204;RO;AS44-AS1-20180125182925
2018-01-25 18:31:04.114;SP;AS44-AS1-20180125182925
2018-01-25 18:31:07.749;SQ;AS44-AS1-20180125183107
2018-01-25 18:31:15.885;RU;AS44-AS1-20180125182755
2018-01-25 18:31:18.341;VU;AS44-AS1-20180125182755
2018-01-25 18:31:35.817;RC;AS44-AS1-20180125182925
2018-01-25 18:31:36.798;SS;AS44-AS1-20180125182925
2018-01-25 18:32:13.097;RO;AS44-AS1-20180125183107
2018-01-25 18:32:14.619;SP;AS44-AS1-20180125183107
2018-01-25 18:32:18.090;SQ;AS44-AS1-20180125183218
2018-01-25 18:32:45.929;RU;AS44-AS1-20180125182925
2018-01-25 18:32:57.116;VU;AS44-AS1-20180125182925
2018-01-25 18:32:59.296;RC;AS44-AS1-20180125183107
2018-01-25 18:33:00.673;SS;AS44-AS1-20180125183107
2018-01-25 18:33:34.032;RO;AS44-AS1-20180125183218
2018-01-25 18:33:35.346;SP;AS44-AS1-20180125183218
2018-01-25 18:33:38.925;SQ;AS44-AS1-20180125183338
2018-01-25 18:34:18.078;RC;AS44-AS1-20180125183218
2018-01-25 18:34:19.451;SS;AS44-AS1-20180125183218
2018-01-25 18:34:20.672;RU;AS44-AS1-20180125183107
2018-01-25 18:34:23.248;VU;AS44-AS1-20180125183107
2018-01-25 18:34:50.755;RO;AS44-AS1-20180125183338
2018-01-25 18:34:53.680;SP;AS44-AS1-20180125183338
2018-01-25 18:34:57.785;SQ;AS44-AS1-20180125183457
2018-01-25 18:35:24.516;RU;AS44-AS1-20180125183218
2018-01-25 18:35:30.662;RC;AS44-AS1-20180125183338
2018-01-25 18:35:32.597;SS;AS44-AS1-20180125183338
