2018-01-25 18:17:35.360;SQ;AS45-AS1-20180125181735
2018-01-25 18:17:57.386;RO;AS45-AS1-20180125181735
2018-01-25 18:17:58.163;SP;AS45-AS1-20180125181735
2018-01-25 18:18:00.741;SQ;AS45-AS1-20180125181800
2018-01-25 18:18:17.715;RC;AS45-AS1-20180125181735
2018-01-25 18:18:18.533;SS;AS45-AS1-20180125181735
2018-01-25 18:19:17.764;RO;AS45-AS1-20180125181800
2018-01-25 18:19:18.617;SP;AS45-AS1-20180125181800
2018-01-25 18:19:21.185;SQ;AS45-AS1-20180125181921
2018-01-25 18:19:23.080;RU;AS45-AS1-20180125181735
2018-01-25 18:19:56.075;RC;AS45-AS1-20180125181800
2018-01-25 18:19:57.601;SS;AS45-AS1-20180125181800
2018-01-25 18:20:31.226;RO;AS45-AS1-20180125181921
2018-01-25 18:20:32.423;SP;AS45-AS1-20180125181921
2018-01-25 18:20:35.629;SQ;AS45-AS1-20180125182035
2018-01-25 18:21:14.449;RU;AS45-AS1-20180125181800
2018-01-25 18:21:15.701;RC;AS45-AS1-20180125181921
2018-01-25 18:21:16.724;SS;AS45-AS1-20180125181921
2018-01-25 18:21:16.958;VU;AS45-AS1-20180125181800
2018-01-25 18:21:50.624;RO;AS45-AS1-20180125182035
2018-01-25 18:21:52.817;SP;AS45-AS1-20180125182035
2018-01-25 18:21:58.116;SQ;AS45-AS1-20180125182158
2018-01-25 18:22:28.120;RC;AS45-AS1-20180125182035
2018-01-25 18:22:29.342;SS;AS45-AS1-20180125182035
2018-01-25 18:22:44.087;RU;AS45-AS1-20180125181921
2018-01-25 18:23:01.648;VU;AS45-AS1-20180125181921
2018-01-25 18:23:16.509;RO;AS45-AS1-20180125182158
2018-01-25 18:23:17.636;SP;AS45-AS1-20180125182158
2018-01-25 18:23:21.079;SQ;AS45-AS1-20180125182321
2018-01-25 18:23:53.271;RU;AS45-AS1-20180125182035
2018-01-25 18:23:54.453;RC;AS45-AS1-20180125182158
2018-01-25 18:23:58.196;SS;AS45-AS1-20180125182158
2018-01-25 18:24:03.323;VU;AS45-AS1-20180125182035
2018-01-25 18:24:30.324;RO;AS45-AS1-20180125182321
2018-01-25 18:24:31.838;SP;AS45-AS1-20180125182321
2018-01-25 18:24:35.078;SQ;AS45-AS1-20180125182435
2018-01-25 18:25:22.705;RC;AS45-AS1-20180125182321
2018-01-25 18:25:23.561;SS;AS45-AS1-20180125182321
2018-01-25 18:25:29.779;RU;AS45-AS1-20180125182158
2018-01-25 18:25:31.765;VU;AS45-AS1-20180125182158
2018-01-25 18:25:49.782;RO;AS45-AS1-20180125182435
2018-01-25 18:25:51.060;SP;AS45-AS1-20180125182435
2018-01-25 18:25:56.984;SQ;AS45-AS1-20180125182556
2018-01-25 18:26:23.422;RC;AS45-AS1-20180125182435
2018-01-25 18:26:24.500;SS;AS45-AS1-20180125182435
2018-01-25 18:26:34.734;RU;AS45-AS1-20180125182321
2018-01-25 18:27:21.141;RO;AS45-AS1-20180125182556
2018-01-25 18:27:22.572;SP;AS45-AS1-20180125182556
2018-01-25 18:27:27.057;SQ;AS45-AS1-20180125182727
2018-01-25 18:27:52.895;RU;AS45-AS1-20180125182435
2018-01-25 18:27:57.716;VU;AS45-AS1-20180125182435
2018-01-25 18:28:02.237;RC;AS45-AS1-20180125182556
2018-01-25 18:28:04.032;SS;AS45-AS1-20180125182556
2018-01-25 18:28:56.443;RO;AS45-AS1-20180125182727
2018-01-25 18:29:00.749;SP;AS45-AS1-20180125182727
2018-01-25 18:29:04.952;SQ;AS45-AS1-20180125182904
2018-01-25 18:29:25.500;RU;AS45-AS1-20180125182556
2018-01-25 18:29:35.581;RC;AS45-AS1-20180125182727
2018-01-25 18:29:38.132;SS;AS45-AS1-20180125182727
2018-01-25 18:30:05.065;VU;AS45-AS1-20180125182556
2018-01-25 18:30:09.301;RO;AS45-AS1-20180125182904
2018-01-25 18:30:10.729;SP;AS45-AS1-20180125182904
2018-01-25 18:30:14.586;SQ;AS45-AS1-20180125183014
2018-01-25 18:30:53.012;RC;AS45-AS1-20180125182904
2018-01-25 18:30:58.296;SS;AS45-AS1-20180125182904
2018-01-25 18:31:05.998;RU;AS45-AS1-20180125182727
2018-01-25 18:31:09.039;VU;AS45-AS1-20180125182727
2018-01-25 18:31:23.517;RO;AS45-AS1-20180125183014
2018-01-25 18:31:25.587;SP;AS45-AS1-20180125183014
2018-01-25 18:31:30.251;SQ;AS45-AS1-20180125183130
2018-01-25 18:32:08.436;RC;AS45-AS1-20180125183014
2018-01-25 18:32:10.100;SS;AS45-AS1-20180125183014
2018-01-25 18:32:16.425;RU;AS45-AS1-20180125182904
2018-01-25 18:32:19.403;VU;AS45-AS1-20180125182904
2018-01-25 18:32:46.730;RO;AS45-AS1-20180125183130
2018-01-25 18:32:50.853;SP;AS45-AS1-20180125183130
2018-01-25 18:32:58.587;SQ;AS45-AS1-20180125183258
2018-01-25 18:33:20.389;RU;AS45-AS1-20180125183014
2018-01-25 18:33:34.758;RC;AS45-AS1-20180125183130
2018-01-25 18:33:37.104;SS;AS45-AS1-20180125183130
2018-01-25 18:34:00.645;VU;AS45-AS1-20180125183014
2018-01-25 18:34:18.268;RO;AS45-AS1-20180125183258
2018-01-25 18:34:20.564;SP;AS45-AS1-20180125183258
2018-01-25 18:34:24.831;SQ;AS45-AS1-20180125183424
2018-01-25 18:34:50.256;RU;AS45-AS1-20180125183130
2018-01-25 18:35:00.061;VU;AS45-AS1-20180125183130
2018-01-25 18:35:13.208;RC;AS45-AS1-20180125183258
2018-01-25 18:35:15.124;SS;AS45-AS1-20180125183258
2018-01-25 18:35:50.542;RO;AS45-AS1-20180125183424
2018-01-25 18:35:55.376;SP;AS45-AS1-20180125183424
2018-01-25 18:36:02.431;SQ;AS45-AS1-20180125183602
