2018-01-25 18:17:37.729;SQ;AS46-AS1-20180125181737
2018-01-25 18:18:07.648;RO;AS46-AS1-20180125181737
2018-01-25 18:18:08.569;SP;AS46-AS1-20180125181737
2018-01-25 18:18:11.208;SQ;AS46-AS1-20180125181811
2018-01-25 18:18:33.986;RC;AS46-AS1-20180125181737
2018-01-25 18:18:34.805;SS;AS46-AS1-20180125181737
2018-01-25 18:19:06.944;RO;AS46-AS1-20180125181811
2018-01-25 18:19:08.094;SP;AS46-AS1-20180125181811
2018-01-25 18:19:10.734;SQ;AS46-AS1-20180125181910
2018-01-25 18:19:49.932;RC;AS46-AS1-20180125181811
2018-01-25 18:19:50.763;RU;AS46-AS1-20180125181737
2018-01-25 18:19:51.486;SS;AS46-AS1-20180125181811
2018-01-25 18:19:52.978;VU;AS46-AS1-20180125181737
2018-01-25 18:20:22.292;RO;AS46-AS1-20180125181910
2018-01-25 18:20:23.114;SP;AS46-AS1-20180125181910
2018-01-25 18:20:25.766;SQ;AS46-AS1-20180125182025
2018-01-25 18:21:14.321;RC;AS46-AS1-20180125181910
2018-01-25 18:21:14.667;RU;AS46-AS1-20180125181811
2018-01-25 18:21:15.573;SS;AS46-AS1-20180125181910
2018-01-25 18:21:17.010;VU;AS46-AS1-20180125181811
2018-01-25 18:21:50.265;RO;AS46-AS1-20180125182025
2018-01-25 18:21:52.099;SP;AS46-AS1-20180125182025
2018-01-25 18:21:55.228;SQ;AS46-AS1-20180125182155
2018-01-25 18:22:29.799;RU;AS46-AS1-20180125181910
2018-01-25 18:22:29.817;RC;AS46-AS1-20180125182025
2018-01-25 18:22:31.463;SS;AS46-AS1-20180125182025
2018-01-25 18:22:59.641;VU;AS46-AS1-20180125181910
2018-01-25 18:23:06.095;RO;AS46-AS1-20180125182155
2018-01-25 18:23:07.131;SP;AS46-AS1-20180125182155
2018-01-25 18:23:09.763;SQ;AS46-AS1-20180125182309
2018-01-25 18:23:38.715;RU;AS46-AS1-20180125182025
2018-01-25 18:23:39.996;RC;AS46-AS1-20180125182155
2018-01-25 18:23:41.078;SS;AS46-AS1-20180125182155
2018-01-25 18:24:02.159;VU;AS46-AS1-20180125182025
2018-01-25 18:24:24.463;RO;AS46-AS1-20180125182309
2018-01-25 18:24:25.675;SP;AS46-AS1-20180125182309
2018-01-25 18:24:28.329;SQ;AS46-AS1-20180125182428
2018-01-25 18:24:55.560;RU;AS46-AS1-20180125182155
2018-01-25 18:24:58.485;VU;AS46-AS1-20180125182155
2018-01-25 18:25:02.403;RC;AS46-AS1-20180125182309
2018-01-25 18:25:03.215;SS;AS46-AS1-20180125182309
2018-01-25 18:26:16.920;RO;AS46-AS1-20180125182428
2018-01-25 18:26:17.762;SP;AS46-AS1-20180125182428
2018-01-25 18:26:20.397;SQ;AS46-AS1-20180125182620
2018-01-25 18:26:24.031;RU;AS46-AS1-20180125182309
2018-01-25 18:26:25.833;VU;AS46-AS1-20180125182309
2018-01-25 18:26:54.752;RC;AS46-AS1-20180125182428
2018-01-25 18:26:55.579;SS;AS46-AS1-20180125182428
2018-01-25 18:27:53.617;RO;AS46-AS1-20180125182620
2018-01-25 18:27:54.780;SP;AS46-AS1-20180125182620
2018-01-25 18:27:55.403;RU;AS46-AS1-20180125182428
2018-01-25 18:27:57.570;VU;AS46-AS1-20180125182428
2018-01-25 18:27:57.823;SQ;AS46-AS1-20180125182757
2018-01-25 18:28:36.985;RC;AS46-AS1-20180125182620
2018-01-25 18:28:37.774;SS;AS46-AS1-20180125182620
2018-01-25 18:29:18.895;RO;AS46-AS1-20180125182757
2018-01-25 18:29:19.718;SP;AS46-AS1-20180125182757
2018-01-25 18:29:22.330;SQ;AS46-AS1-20180125182922
2018-01-25 18:29:50.227;RU;AS46-AS1-20180125182620
2018-01-25 18:29:53.514;RC;AS46-AS1-20180125182757
2018-01-25 18:29:56.365;SS;AS46-AS1-20180125182757
2018-01-25 18:30:00.391;VU;AS46-AS1-20180125182620
2018-01-25 18:30:37.030;RO;AS46-AS1-20180125182922
2018-01-25 18:30:38.210;SP;AS46-AS1-20180125182922
2018-01-25 18:30:40.847;SQ;AS46-AS1-20180125183040
2018-01-25 18:31:22.129;RC;AS46-AS1-20180125182922
2018-01-25 18:31:22.923;SS;AS46-AS1-20180125182922
2018-01-25 18:31:45.678;RU;AS46-AS1-20180125182757
2018-01-25 18:31:48.426;VU;AS46-AS1-20180125182757
2018-01-25 18:32:07.847;RO;AS46-AS1-20180125183040
2018-01-25 18:32:08.743;SP;AS46-AS1-20180125183040
2018-01-25 18:32:11.363;SQ;AS46-AS1-20180125183211
2018-01-25 18:32:41.845;RC;AS46-AS1-20180125183040
2018-01-25 18:32:42.635;SS;AS46-AS1-20180125183040
2018-01-25 18:32:44.168;RU;AS46-AS1-20180125182922
2018-01-25 18:32:54.742;VU;AS46-AS1-20180125182922
2018-01-25 18:33:27.044;RO;AS46-AS1-20180125183211
2018-01-25 18:33:28.250;SP;AS46-AS1-20180125183211
2018-01-25 18:33:30.879;SQ;AS46-AS1-20180125183330
2018-01-25 18:34:03.065;RC;AS46-AS1-20180125183211
2018-01-25 18:34:03.892;SS;AS46-AS1-20180125183211
2018-01-25 18:34:18.382;RU;AS46-AS1-20180125183040
2018-01-25 18:34:20.216;VU;AS46-AS1-20180125183040
2018-01-25 18:34:52.230;RO;AS46-AS1-20180125183330
2018-01-25 18:34:53.491;SP;AS46-AS1-20180125183330
2018-01-25 18:34:56.093;SQ;AS46-AS1-20180125183456
2018-01-25 18:35:31.531;RC;AS46-AS1-20180125183330
2018-01-25 18:35:32.359;SS;AS46-AS1-20180125183330
2018-01-25 18:35:55.738;RU;AS46-AS1-20180125183211
2018-01-25 18:35:57.534;VU;AS46-AS1-20180125183211
