2018-01-25 18:17:37.136;SQ;AS47-AS1-20180125181737
2018-01-25 18:18:06.715;RO;AS47-AS1-20180125181737
2018-01-25 18:18:07.924;SP;AS47-AS1-20180125181737
2018-01-25 18:18:10.437;SQ;AS47-AS1-20180125181810
2018-01-25 18:18:30.197;RC;AS47-AS1-20180125181737
2018-01-25 18:18:30.954;SS;AS47-AS1-20180125181737
2018-01-25 18:19:07.766;RO;AS47-AS1-20180125181810
2018-01-25 18:19:08.733;SP;AS47-AS1-20180125181810
2018-01-25 18:19:11.256;SQ;AS47-AS1-20180125181911
2018-01-25 18:19:43.592;RC;AS47-AS1-20180125181810
2018-01-25 18:19:45.195;SS;AS47-AS1-20180125181810
2018-01-25 18:19:46.785;RU;AS47-AS1-20180125181737
2018-01-25 18:19:52.445;VU;AS47-AS1-20180125181737
2018-01-25 18:20:27.634;RO;AS47-AS1-20180125181911
2018-01-25 18:20:28.587;SP;AS47-AS1-20180125181911
2018-01-25 18:20:31.060;SQ;AS47-AS1-20180125182031
2018-01-25 18:20:54.354;RU;AS47-AS1-20180125181810
2018-01-25 18:20:56.104;VU;AS47-AS1-20180125181810
2018-01-25 18:21:14.670;RC;AS47-AS1-20180125181911
2018-01-25 18:21:15.408;SS;AS47-AS1-20180125181911
2018-01-25 18:21:56.517;RO;AS47-AS1-20180125182031
2018-01-25 18:21:57.408;SP;AS47-AS1-20180125182031
2018-01-25 18:21:59.850;SQ;AS47-AS1-20180125182159
2018-01-25 18:22:29.154;RU;AS47-AS1-20180125181911
2018-01-25 18:22:41.835;RC;AS47-AS1-20180125182031
2018-01-25 18:22:42.957;SS;AS47-AS1-20180125182031
2018-01-25 18:22:58.537;VU;AS47-AS1-20180125181911
2018-01-25 18:23:40.568;RO;AS47-AS1-20180125182159
2018-01-25 18:23:41.697;SP;AS47-AS1-20180125182159
2018-01-25 18:23:44.133;SQ;AS47-AS1-20180125182344
2018-01-25 18:23:57.663;RU;AS47-AS1-20180125182031
2018-01-25 18:23:59.387;VU;AS47-AS1-20180125182031
2018-01-25 18:24:25.267;RC;AS47-AS1-20180125182159
2018-01-25 18:24:26.009;SS;AS47-AS1-20180125182159
2018-01-25 18:24:55.153;RO;AS47-AS1-20180125182344
2018-01-25 18:24:56.438;SP;AS47-AS1-20180125182344
2018-01-25 18:24:58.909;SQ;AS47-AS1-20180125182458
2018-01-25 18:25:35.097;RC;AS47-AS1-20180125182344
2018-01-25 18:25:35.828;SS;AS47-AS1-20180125182344
2018-01-25 18:25:46.378;RU;AS47-AS1-20180125182159
2018-01-25 18:26:00.628;VU;AS47-AS1-20180125182159
2018-01-25 18:26:20.980;RO;AS47-AS1-20180125182458
2018-01-25 18:26:21.744;SP;AS47-AS1-20180125182458
2018-01-25 18:26:24.227;SQ;AS47-AS1-20180125182624
2018-01-25 18:26:58.098;RU;AS47-AS1-20180125182344
2018-01-25 18:26:59.816;VU;AS47-AS1-20180125182344
2018-01-25 18:27:18.942;RC;AS47-AS1-20180125182458
2018-01-25 18:27:19.695;SS;AS47-AS1-20180125182458
2018-01-25 18:27:48.858;RO;AS47-AS1-20180125182624
2018-01-25 18:27:51.151;SP;AS47-AS1-20180125182624
2018-01-25 18:27:53.624;SQ;AS47-AS1-20180125182753
2018-01-25 18:28:19.171;RU;AS47-AS1-20180125182458
2018-01-25 18:28:26.381;RC;AS47-AS1-20180125182624
2018-01-25 18:28:27.539;SS;AS47-AS1-20180125182624
2018-01-25 18:28:56.613;VU;AS47-AS1-20180125182458
2018-01-25 18:28:59.729;RO;AS47-AS1-20180125182753
2018-01-25 18:29:00.954;SP;AS47-AS1-20180125182753
2018-01-25 18:29:03.446;SQ;AS47-AS1-20180125182903
2018-01-25 18:29:30.364;RU;AS47-AS1-20180125182624
2018-01-25 18:29:39.929;RC;AS47-AS1-20180125182753
2018-01-25 18:29:40.697;SS;AS47-AS1-20180125182753
2018-01-25 18:29:59.712;VU;AS47-AS1-20180125182624
2018-01-25 18:30:10.954;RO;AS47-AS1-20180125182903
2018-01-25 18:30:11.746;SP;AS47-AS1-20180125182903
2018-01-25 18:30:14.173;SQ;AS47-AS1-20180125183014
2018-01-25 18:30:53.903;RC;AS47-AS1-20180125182903
2018-01-25 18:30:54.653;SS;AS47-AS1-20180125182903
2018-01-25 18:31:06.006;RU;AS47-AS1-20180125182753
2018-01-25 18:31:07.728;VU;AS47-AS1-20180125182753
2018-01-25 18:31:30.894;RO;AS47-AS1-20180125183014
2018-01-25 18:31:32.007;SP;AS47-AS1-20180125183014
2018-01-25 18:31:34.496;SQ;AS47-AS1-20180125183134
2018-01-25 18:32:08.609;RU;AS47-AS1-20180125182903
2018-01-25 18:32:10.281;RC;AS47-AS1-20180125183014
2018-01-25 18:32:11.735;SS;AS47-AS1-20180125183014
2018-01-25 18:32:46.841;RO;AS47-AS1-20180125183134
2018-01-25 18:32:48.897;SP;AS47-AS1-20180125183134
2018-01-25 18:32:55.084;SQ;AS47-AS1-20180125183255
2018-01-25 18:33:31.678;RU;AS47-AS1-20180125183014
2018-01-25 18:33:33.210;RC;AS47-AS1-20180125183134
2018-01-25 18:33:35.066;SS;AS47-AS1-20180125183134
2018-01-25 18:33:59.433;VU;AS47-AS1-20180125183014
2018-01-25 18:34:18.829;RO;AS47-AS1-20180125183255
2018-01-25 18:34:20.065;SP;AS47-AS1-20180125183255
2018-01-25 18:34:22.943;SQ;AS47-AS1-20180125183422
2018-01-25 18:34:53.731;RU;AS47-AS1-20180125183134
2018-01-25 18:34:56.460;VU;AS47-AS1-20180125183134
2018-01-25 18:35:01.086;RC;AS47-AS1-20180125183255
2018-01-25 18:35:01.847;SS;AS47-AS1-20180125183255
2018-01-25 18:35:48.297;RO;AS47-AS1-20180125183422
2018-01-25 18:35:50.531;SP;AS47-AS1-20180125183422
2018-01-25 18:35:56.497;SQ;AS47-AS1-20180125183556
