2018-01-25 18:17:35.796;SQ;AS48-AS1-20180125181735
2018-01-25 18:17:59.522;RO;AS48-AS1-20180125181735
2018-01-25 18:18:00.646;SP;AS48-AS1-20180125181735
2018-01-25 18:18:03.288;SQ;AS48-AS1-20180125181803
2018-01-25 18:18:20.701;RC;AS48-AS1-20180125181735
2018-01-25 18:18:21.523;SS;AS48-AS1-20180125181735
2018-01-25 18:18:51.570;RO;AS48-AS1-20180125181803
2018-01-25 18:18:53.099;SP;AS48-AS1-20180125181803
2018-01-25 18:18:55.764;SQ;AS48-AS1-20180125181855
2018-01-25 18:19:26.288;RC;AS48-AS1-20180125181803
2018-01-25 18:19:27.140;SS;AS48-AS1-20180125181803
2018-01-25 18:19:30.093;RU;AS48-AS1-20180125181735
2018-01-25 18:19:55.412;VU;AS48-AS1-20180125181735
2018-01-25 18:20:20.068;RO;AS48-AS1-20180125181855
2018-01-25 18:20:21.211;SP;AS48-AS1-20180125181855
2018-01-25 18:20:23.875;SQ;AS48-AS1-20180125182023
2018-01-25 18:20:37.163;RU;AS48-AS1-20180125181803
2018-01-25 18:20:54.916;VU;AS48-AS1-20180125181803
2018-01-25 18:21:00.323;RC;AS48-AS1-20180125181855
2018-01-25 18:21:01.165;SS;AS48-AS1-20180125181855
2018-01-25 18:21:38.789;RO;AS48-AS1-20180125182023
2018-01-25 18:21:39.812;SP;AS48-AS1-20180125182023
2018-01-25 18:21:42.448;SQ;AS48-AS1-20180125182142
2018-01-25 18:22:11.612;RC;AS48-AS1-20180125182023
2018-01-25 18:22:12.458;SS;AS48-AS1-20180125182023
2018-01-25 18:22:17.143;RU;AS48-AS1-20180125181855
2018-01-25 18:22:18.972;VU;AS48-AS1-20180125181855
2018-01-25 18:22:53.848;RO;AS48-AS1-20180125182142
2018-01-25 18:22:55.644;SP;AS48-AS1-20180125182142
2018-01-25 18:22:58.299;SQ;AS48-AS1-20180125182258
2018-01-25 18:23:26.779;RC;AS48-AS1-20180125182142
2018-01-25 18:23:27.631;SS;AS48-AS1-20180125182142
2018-01-25 18:23:28.148;RU;AS48-AS1-20180125182023
2018-01-25 18:23:57.845;RO;AS48-AS1-20180125182258
2018-01-25 18:24:01.561;SP;AS48-AS1-20180125182258
2018-01-25 18:24:02.563;VU;AS48-AS1-20180125182023
2018-01-25 18:24:04.220;SQ;AS48-AS1-20180125182404
2018-01-25 18:24:26.769;RC;AS48-AS1-20180125182258
2018-01-25 18:24:27.609;SS;AS48-AS1-20180125182258
2018-01-25 18:24:56.263;RU;AS48-AS1-20180125182142
2018-01-25 18:24:58.139;VU;AS48-AS1-20180125182142
2018-01-25 18:25:06.012;RO;AS48-AS1-20180125182404
2018-01-25 18:25:07.130;SP;AS48-AS1-20180125182404
2018-01-25 18:25:09.782;SQ;AS48-AS1-20180125182509
2018-01-25 18:25:45.272;RU;AS48-AS1-20180125182258
2018-01-25 18:25:47.493;RC;AS48-AS1-20180125182404
2018-01-25 18:25:48.766;SS;AS48-AS1-20180125182404
2018-01-25 18:26:01.294;VU;AS48-AS1-20180125182258
2018-01-25 18:26:22.666;RO;AS48-AS1-20180125182509
2018-01-25 18:26:23.714;SP;AS48-AS1-20180125182509
2018-01-25 18:26:26.377;SQ;AS48-AS1-20180125182626
2018-01-25 18:27:18.367;RU;AS48-AS1-20180125182404
2018-01-25 18:27:20.187;VU;AS48-AS1-20180125182404
2018-01-25 18:27:20.586;RC;AS48-AS1-20180125182509
2018-01-25 18:27:21.407;SS;AS48-AS1-20180125182509
2018-01-25 18:27:25.092;RO;AS48-AS1-20180125182626
2018-01-25 18:27:26.292;SP;AS48-AS1-20180125182626
2018-01-25 18:27:28.970;SQ;AS48-AS1-20180125182728
2018-01-25 18:28:19.169;RC;AS48-AS1-20180125182626
2018-01-25 18:28:20.003;SS;AS48-AS1-20180125182626
2018-01-25 18:28:30.173;RU;AS48-AS1-20180125182509
2018-01-25 18:28:53.794;RO;AS48-AS1-20180125182728
2018-01-25 18:28:57.683;SP;AS48-AS1-20180125182728
2018-01-25 18:28:58.682;VU;AS48-AS1-20180125182509
2018-01-25 18:29:00.339;SQ;AS48-AS1-20180125182900
2018-01-25 18:29:28.412;RU;AS48-AS1-20180125182626
2018-01-25 18:29:32.109;RC;AS48-AS1-20180125182728
2018-01-25 18:29:33.769;SS;AS48-AS1-20180125182728
2018-01-25 18:30:00.634;VU;AS48-AS1-20180125182626
2018-01-25 18:30:06.099;RO;AS48-AS1-20180125182900
2018-01-25 18:30:07.250;SP;AS48-AS1-20180125182900
2018-01-25 18:30:09.906;SQ;AS48-AS1-20180125183009
2018-01-25 18:30:38.822;RC;AS48-AS1-20180125182900
2018-01-25 18:30:39.649;SS;AS48-AS1-20180125182900
2018-01-25 18:31:16.809;RO;AS48-AS1-20180125183009
2018-01-25 18:31:17.817;SP;AS48-AS1-20180125183009
2018-01-25 18:31:20.458;SQ;AS48-AS1-20180125183120
2018-01-25 18:31:40.677;RU;AS48-AS1-20180125182728
2018-01-25 18:31:42.516;VU;AS48-AS1-20180125182728
2018-01-25 18:31:52.757;RU;AS48-AS1-20180125182900
2018-01-25 18:31:54.570;VU;AS48-AS1-20180125182900
2018-01-25 18:32:08.099;RC;AS48-AS1-20180125183009
2018-01-25 18:32:08.910;SS;AS48-AS1-20180125183009
2018-01-25 18:33:17.964;RO;AS48-AS1-20180125183120
2018-01-25 18:33:18.805;RU;AS48-AS1-20180125183009
2018-01-25 18:33:19.003;SP;AS48-AS1-20180125183120
2018-01-25 18:33:20.733;VU;AS48-AS1-20180125183009
2018-01-25 18:33:21.672;SQ;AS48-AS1-20180125183321
2018-01-25 18:33:56.661;RC;AS48-AS1-20180125183120
2018-01-25 18:33:57.477;SS;AS48-AS1-20180125183120
2018-01-25 18:34:34.430;RO;AS48-AS1-20180125183321
2018-01-25 18:34:35.569;SP;AS48-AS1-20180125183321
2018-01-25 18:34:38.269;SQ;AS48-AS1-20180125183438
2018-01-25 18:35:13.434;RU;AS48-AS1-20180125183120
2018-01-25 18:35:15.258;VU;AS48-AS1-20180125183120
2018-01-25 18:35:22.057;RC;AS48-AS1-20180125183321
2018-01-25 18:35:22.897;SS;AS48-AS1-20180125183321
