2018-01-25 18:17:38.919;SQ;AS5-AS1-20180125181738
2018-01-25 18:18:10.854;RO;AS5-AS1-20180125181738
2018-01-25 18:18:11.816;SP;AS5-AS1-20180125181738
2018-01-25 18:18:14.493;SQ;AS5-AS1-20180125181814
2018-01-25 18:18:37.025;RC;AS5-AS1-20180125181738
2018-01-25 18:18:37.871;SS;AS5-AS1-20180125181738
2018-01-25 18:19:20.342;RO;AS5-AS1-20180125181814
2018-01-25 18:19:21.383;SP;AS5-AS1-20180125181814
2018-01-25 18:19:24.085;SQ;AS5-AS1-20180125181924
2018-01-25 18:19:54.228;RU;AS5-AS1-20180125181738
2018-01-25 18:19:56.044;VU;AS5-AS1-20180125181738
2018-01-25 18:20:01.925;RC;AS5-AS1-20180125181814
2018-01-25 18:20:02.773;SS;AS5-AS1-20180125181814
2018-01-25 18:20:23.218;RO;AS5-AS1-20180125181924
2018-01-25 18:20:24.473;SP;AS5-AS1-20180125181924
2018-01-25 18:20:27.126;SQ;AS5-AS1-20180125182027
2018-01-25 18:21:14.488;RU;AS5-AS1-20180125181814
2018-01-25 18:21:14.488;RC;AS5-AS1-20180125181924
2018-01-25 18:21:16.137;SS;AS5-AS1-20180125181924
2018-01-25 18:21:17.134;VU;AS5-AS1-20180125181814
2018-01-25 18:21:50.231;RO;AS5-AS1-20180125182027
2018-01-25 18:21:52.530;SP;AS5-AS1-20180125182027
2018-01-25 18:21:55.298;SQ;AS5-AS1-20180125182155
2018-01-25 18:22:36.247;RU;AS5-AS1-20180125181924
2018-01-25 18:22:59.273;VU;AS5-AS1-20180125181924
2018-01-25 18:23:05.843;RC;AS5-AS1-20180125182027
2018-01-25 18:23:06.674;SS;AS5-AS1-20180125182027
2018-01-25 18:23:07.031;RO;AS5-AS1-20180125182155
2018-01-25 18:23:08.258;SP;AS5-AS1-20180125182155
2018-01-25 18:23:10.961;SQ;AS5-AS1-20180125182310
2018-01-25 18:23:39.143;RC;AS5-AS1-20180125182155
2018-01-25 18:23:39.992;SS;AS5-AS1-20180125182155
2018-01-25 18:24:23.391;RU;AS5-AS1-20180125182027
2018-01-25 18:24:24.473;RO;AS5-AS1-20180125182310
2018-01-25 18:24:25.221;VU;AS5-AS1-20180125182027
2018-01-25 18:24:25.388;SP;AS5-AS1-20180125182310
2018-01-25 18:24:28.063;SQ;AS5-AS1-20180125182428
2018-01-25 18:24:58.942;RU;AS5-AS1-20180125182155
2018-01-25 18:25:00.759;VU;AS5-AS1-20180125182155
2018-01-25 18:25:00.831;RC;AS5-AS1-20180125182310
2018-01-25 18:25:01.670;SS;AS5-AS1-20180125182310
2018-01-25 18:26:16.695;RO;AS5-AS1-20180125182428
2018-01-25 18:26:16.747;RU;AS5-AS1-20180125182310
2018-01-25 18:26:18.445;SP;AS5-AS1-20180125182428
2018-01-25 18:26:18.927;VU;AS5-AS1-20180125182310
2018-01-25 18:26:21.123;SQ;AS5-AS1-20180125182621
2018-01-25 18:26:57.368;RC;AS5-AS1-20180125182428
2018-01-25 18:26:58.181;SS;AS5-AS1-20180125182428
2018-01-25 18:27:51.979;RO;AS5-AS1-20180125182621
2018-01-25 18:27:53.033;SP;AS5-AS1-20180125182621
2018-01-25 18:27:55.663;SQ;AS5-AS1-20180125182755
2018-01-25 18:27:58.636;RU;AS5-AS1-20180125182428
2018-01-25 18:28:00.455;VU;AS5-AS1-20180125182428
2018-01-25 18:28:34.007;RC;AS5-AS1-20180125182621
2018-01-25 18:28:34.831;SS;AS5-AS1-20180125182621
2018-01-25 18:29:04.349;RO;AS5-AS1-20180125182755
2018-01-25 18:29:05.569;SP;AS5-AS1-20180125182755
2018-01-25 18:29:08.245;SQ;AS5-AS1-20180125182908
2018-01-25 18:29:30.918;RC;AS5-AS1-20180125182755
2018-01-25 18:29:31.728;SS;AS5-AS1-20180125182755
2018-01-25 18:29:52.204;RU;AS5-AS1-20180125182621
2018-01-25 18:29:59.515;VU;AS5-AS1-20180125182621
2018-01-25 18:30:25.979;RO;AS5-AS1-20180125182908
2018-01-25 18:30:27.177;SP;AS5-AS1-20180125182908
2018-01-25 18:30:29.886;SQ;AS5-AS1-20180125183029
2018-01-25 18:31:02.206;RU;AS5-AS1-20180125182755
2018-01-25 18:31:04.039;VU;AS5-AS1-20180125182755
2018-01-25 18:31:05.999;RC;AS5-AS1-20180125182908
2018-01-25 18:31:06.847;SS;AS5-AS1-20180125182908
2018-01-25 18:31:43.182;RO;AS5-AS1-20180125183029
2018-01-25 18:31:45.233;SP;AS5-AS1-20180125183029
2018-01-25 18:31:49.846;SQ;AS5-AS1-20180125183149
2018-01-25 18:32:21.162;RU;AS5-AS1-20180125182908
2018-01-25 18:32:22.990;VU;AS5-AS1-20180125182908
2018-01-25 18:32:23.144;RC;AS5-AS1-20180125183029
2018-01-25 18:32:23.967;SS;AS5-AS1-20180125183029
2018-01-25 18:32:47.701;RO;AS5-AS1-20180125183149
2018-01-25 18:32:49.729;SP;AS5-AS1-20180125183149
2018-01-25 18:32:53.516;SQ;AS5-AS1-20180125183253
2018-01-25 18:33:27.874;RC;AS5-AS1-20180125183149
2018-01-25 18:33:28.708;SS;AS5-AS1-20180125183149
2018-01-25 18:33:55.017;RU;AS5-AS1-20180125183029
2018-01-25 18:33:56.845;VU;AS5-AS1-20180125183029
2018-01-25 18:34:18.862;RO;AS5-AS1-20180125183253
2018-01-25 18:34:19.942;SP;AS5-AS1-20180125183253
2018-01-25 18:34:22.624;SQ;AS5-AS1-20180125183422
2018-01-25 18:34:52.012;RU;AS5-AS1-20180125183149
2018-01-25 18:34:54.136;VU;AS5-AS1-20180125183149
2018-01-25 18:34:56.164;RC;AS5-AS1-20180125183253
2018-01-25 18:34:56.990;SS;AS5-AS1-20180125183253
2018-01-25 18:35:49.848;RO;AS5-AS1-20180125183422
2018-01-25 18:35:51.989;SP;AS5-AS1-20180125183422
2018-01-25 18:35:57.149;SQ;AS5-AS1-20180125183557
