2018-01-25 18:17:41.094;SQ;AS53-AS1-20180125181741
2018-01-25 18:18:33.820;RO;AS53-AS1-20180125181741
2018-01-25 18:18:35.021;SP;AS53-AS1-20180125181741
2018-01-25 18:18:37.706;SQ;AS53-AS1-20180125181837
2018-01-25 18:19:37.501;RC;AS53-AS1-20180125181741
2018-01-25 18:19:38.376;SS;AS53-AS1-20180125181741
2018-01-25 18:19:44.870;RO;AS53-AS1-20180125181837
2018-01-25 18:19:47.114;SP;AS53-AS1-20180125181837
2018-01-25 18:19:52.384;SQ;AS53-AS1-20180125181952
2018-01-25 18:20:23.215;RC;AS53-AS1-20180125181837
2018-01-25 18:20:24.084;SS;AS53-AS1-20180125181837
2018-01-25 18:20:50.322;RO;AS53-AS1-20180125181952
2018-01-25 18:20:51.950;SP;AS53-AS1-20180125181952
2018-01-25 18:20:54.666;SQ;AS53-AS1-20180125182054
2018-01-25 18:20:56.889;RU;AS53-AS1-20180125181741
2018-01-25 18:20:58.763;VU;AS53-AS1-20180125181741
2018-01-25 18:21:25.994;RC;AS53-AS1-20180125181952
2018-01-25 18:21:26.844;SS;AS53-AS1-20180125181952
2018-01-25 18:21:47.527;RU;AS53-AS1-20180125181837
2018-01-25 18:21:56.316;VU;AS53-AS1-20180125181837
2018-01-25 18:22:09.405;RO;AS53-AS1-20180125182054
2018-01-25 18:22:10.636;SP;AS53-AS1-20180125182054
2018-01-25 18:22:13.372;SQ;AS53-AS1-20180125182213
2018-01-25 18:22:39.105;RU;AS53-AS1-20180125181952
2018-01-25 18:22:49.636;RC;AS53-AS1-20180125182054
2018-01-25 18:22:52.096;SS;AS53-AS1-20180125182054
2018-01-25 18:23:01.309;VU;AS53-AS1-20180125181952
2018-01-25 18:23:32.124;RO;AS53-AS1-20180125182213
2018-01-25 18:23:33.318;SP;AS53-AS1-20180125182213
2018-01-25 18:23:36.040;SQ;AS53-AS1-20180125182336
2018-01-25 18:24:06.346;RU;AS53-AS1-20180125182054
2018-01-25 18:24:08.215;VU;AS53-AS1-20180125182054
2018-01-25 18:24:24.204;RC;AS53-AS1-20180125182213
2018-01-25 18:24:25.066;SS;AS53-AS1-20180125182213
2018-01-25 18:24:55.590;RO;AS53-AS1-20180125182336
2018-01-25 18:24:56.855;SP;AS53-AS1-20180125182336
2018-01-25 18:24:59.609;SQ;AS53-AS1-20180125182459
2018-01-25 18:25:30.165;RC;AS53-AS1-20180125182336
2018-01-25 18:25:31.022;SS;AS53-AS1-20180125182336
2018-01-25 18:25:34.008;RU;AS53-AS1-20180125182213
2018-01-25 18:26:16.765;RO;AS53-AS1-20180125182459
2018-01-25 18:26:18.093;SP;AS53-AS1-20180125182459
2018-01-25 18:26:21.729;SQ;AS53-AS1-20180125182621
2018-01-25 18:26:51.852;RC;AS53-AS1-20180125182459
2018-01-25 18:26:53.125;SS;AS53-AS1-20180125182459
2018-01-25 18:27:24.688;RU;AS53-AS1-20180125182336
2018-01-25 18:27:26.758;VU;AS53-AS1-20180125182336
2018-01-25 18:27:44.539;RO;AS53-AS1-20180125182621
2018-01-25 18:27:47.025;SP;AS53-AS1-20180125182621
2018-01-25 18:27:53.028;SQ;AS53-AS1-20180125182753
2018-01-25 18:27:54.137;RU;AS53-AS1-20180125182459
2018-01-25 18:27:57.994;VU;AS53-AS1-20180125182459
2018-01-25 18:28:22.604;RC;AS53-AS1-20180125182621
2018-01-25 18:28:23.889;SS;AS53-AS1-20180125182621
2018-01-25 18:29:18.743;RO;AS53-AS1-20180125182753
2018-01-25 18:29:20.515;SP;AS53-AS1-20180125182753
2018-01-25 18:29:24.164;SQ;AS53-AS1-20180125182924
2018-01-25 18:29:34.968;RU;AS53-AS1-20180125182621
2018-01-25 18:29:59.071;RC;AS53-AS1-20180125182753
2018-01-25 18:30:03.331;SS;AS53-AS1-20180125182753
2018-01-25 18:30:05.216;VU;AS53-AS1-20180125182621
2018-01-25 18:30:37.035;RO;AS53-AS1-20180125182924
2018-01-25 18:30:38.437;SP;AS53-AS1-20180125182924
2018-01-25 18:30:41.895;SQ;AS53-AS1-20180125183041
2018-01-25 18:31:18.652;RU;AS53-AS1-20180125182753
2018-01-25 18:31:19.460;RC;AS53-AS1-20180125182924
2018-01-25 18:31:21.258;SS;AS53-AS1-20180125182924
2018-01-25 18:31:21.281;VU;AS53-AS1-20180125182753
2018-01-25 18:32:08.561;RO;AS53-AS1-20180125183041
2018-01-25 18:32:10.675;SP;AS53-AS1-20180125183041
2018-01-25 18:32:14.267;SQ;AS53-AS1-20180125183214
2018-01-25 18:32:39.415;RU;AS53-AS1-20180125182924
2018-01-25 18:32:49.812;RC;AS53-AS1-20180125183041
2018-01-25 18:32:53.952;SS;AS53-AS1-20180125183041
2018-01-25 18:32:59.912;VU;AS53-AS1-20180125182924
2018-01-25 18:33:28.556;RO;AS53-AS1-20180125183214
2018-01-25 18:33:30.045;SP;AS53-AS1-20180125183214
2018-01-25 18:33:33.632;SQ;AS53-AS1-20180125183333
2018-01-25 18:34:18.088;RC;AS53-AS1-20180125183214
2018-01-25 18:34:18.871;RU;AS53-AS1-20180125183041
2018-01-25 18:34:19.324;SS;AS53-AS1-20180125183214
2018-01-25 18:34:21.736;VU;AS53-AS1-20180125183041
2018-01-25 18:34:46.976;RO;AS53-AS1-20180125183333
2018-01-25 18:34:50.248;SP;AS53-AS1-20180125183333
2018-01-25 18:34:56.423;SQ;AS53-AS1-20180125183456
2018-01-25 18:35:14.477;RC;AS53-AS1-20180125183333
2018-01-25 18:35:14.995;RU;AS53-AS1-20180125183214
2018-01-25 18:35:16.012;SS;AS53-AS1-20180125183333
2018-01-25 18:35:17.877;VU;AS53-AS1-20180125183214
