2018-01-25 18:17:36.604;SQ;AS54-AS1-20180125181736
2018-01-25 18:18:04.436;RO;AS54-AS1-20180125181736
2018-01-25 18:18:05.473;SP;AS54-AS1-20180125181736
2018-01-25 18:18:08.186;SQ;AS54-AS1-20180125181808
2018-01-25 18:18:29.280;RC;AS54-AS1-20180125181736
2018-01-25 18:18:30.134;SS;AS54-AS1-20180125181736
2018-01-25 18:18:59.675;RO;AS54-AS1-20180125181808
2018-01-25 18:19:00.600;SP;AS54-AS1-20180125181808
2018-01-25 18:19:03.286;SQ;AS54-AS1-20180125181903
2018-01-25 18:19:36.491;RC;AS54-AS1-20180125181808
2018-01-25 18:19:37.362;SS;AS54-AS1-20180125181808
2018-01-25 18:19:42.085;RU;AS54-AS1-20180125181736
2018-01-25 18:19:54.759;VU;AS54-AS1-20180125181736
2018-01-25 18:20:19.474;RO;AS54-AS1-20180125181903
2018-01-25 18:20:20.743;SP;AS54-AS1-20180125181903
2018-01-25 18:20:23.473;SQ;AS54-AS1-20180125182023
2018-01-25 18:20:55.023;RU;AS54-AS1-20180125181808
2018-01-25 18:20:56.060;RC;AS54-AS1-20180125181903
2018-01-25 18:20:56.894;VU;AS54-AS1-20180125181808
2018-01-25 18:20:56.903;SS;AS54-AS1-20180125181903
2018-01-25 18:22:09.047;RU;AS54-AS1-20180125181903
2018-01-25 18:22:10.896;VU;AS54-AS1-20180125181903
2018-01-25 18:22:24.583;RO;AS54-AS1-20180125182023
2018-01-25 18:22:25.443;SP;AS54-AS1-20180125182023
2018-01-25 18:22:28.159;SQ;AS54-AS1-20180125182228
2018-01-25 18:23:16.391;RC;AS54-AS1-20180125182023
2018-01-25 18:23:17.266;SS;AS54-AS1-20180125182023
2018-01-25 18:23:53.674;RO;AS54-AS1-20180125182228
2018-01-25 18:23:55.550;SP;AS54-AS1-20180125182228
2018-01-25 18:24:00.238;SQ;AS54-AS1-20180125182400
2018-01-25 18:24:24.947;RU;AS54-AS1-20180125182023
2018-01-25 18:24:54.617;RO;AS54-AS1-20180125182400
2018-01-25 18:24:57.046;SP;AS54-AS1-20180125182400
2018-01-25 18:25:02.351;SQ;AS54-AS1-20180125182502
2018-01-25 18:25:03.243;VU;AS54-AS1-20180125182023
2018-01-25 18:25:06.750;RC;AS54-AS1-20180125182228
2018-01-25 18:25:07.645;SS;AS54-AS1-20180125182228
2018-01-25 18:25:22.770;RC;AS54-AS1-20180125182400
2018-01-25 18:25:23.630;SS;AS54-AS1-20180125182400
2018-01-25 18:26:18.559;RO;AS54-AS1-20180125182502
2018-01-25 18:26:19.795;SP;AS54-AS1-20180125182502
2018-01-25 18:26:22.498;SQ;AS54-AS1-20180125182622
2018-01-25 18:26:30.312;RU;AS54-AS1-20180125182228
2018-01-25 18:26:32.164;VU;AS54-AS1-20180125182228
2018-01-25 18:26:37.307;RU;AS54-AS1-20180125182400
2018-01-25 18:26:53.801;VU;AS54-AS1-20180125182400
2018-01-25 18:27:18.945;RC;AS54-AS1-20180125182502
2018-01-25 18:27:19.789;SS;AS54-AS1-20180125182502
2018-01-25 18:28:19.407;RO;AS54-AS1-20180125182622
2018-01-25 18:28:20.490;SP;AS54-AS1-20180125182622
2018-01-25 18:28:23.195;SQ;AS54-AS1-20180125182823
2018-01-25 18:28:29.425;RU;AS54-AS1-20180125182502
2018-01-25 18:28:52.646;RC;AS54-AS1-20180125182622
2018-01-25 18:28:55.323;SS;AS54-AS1-20180125182622
2018-01-25 18:28:58.992;VU;AS54-AS1-20180125182502
2018-01-25 18:29:29.595;RO;AS54-AS1-20180125182823
2018-01-25 18:29:30.668;SP;AS54-AS1-20180125182823
2018-01-25 18:29:33.331;SQ;AS54-AS1-20180125182933
2018-01-25 18:29:54.915;RU;AS54-AS1-20180125182622
2018-01-25 18:29:57.818;VU;AS54-AS1-20180125182622
2018-01-25 18:30:25.986;RC;AS54-AS1-20180125182823
2018-01-25 18:30:26.827;SS;AS54-AS1-20180125182823
2018-01-25 18:31:06.494;RO;AS54-AS1-20180125182933
2018-01-25 18:31:07.813;SP;AS54-AS1-20180125182933
2018-01-25 18:31:10.551;SQ;AS54-AS1-20180125183110
2018-01-25 18:31:45.183;RC;AS54-AS1-20180125182933
2018-01-25 18:31:47.017;SS;AS54-AS1-20180125182933
2018-01-25 18:31:48.994;RU;AS54-AS1-20180125182823
2018-01-25 18:31:51.622;VU;AS54-AS1-20180125182823
2018-01-25 18:32:19.657;RO;AS54-AS1-20180125183110
2018-01-25 18:32:20.973;SP;AS54-AS1-20180125183110
2018-01-25 18:32:23.660;SQ;AS54-AS1-20180125183223
2018-01-25 18:33:01.372;RU;AS54-AS1-20180125182933
2018-01-25 18:33:01.602;RC;AS54-AS1-20180125183110
2018-01-25 18:33:03.107;SS;AS54-AS1-20180125183110
2018-01-25 18:33:03.809;VU;AS54-AS1-20180125182933
2018-01-25 18:33:49.975;RO;AS54-AS1-20180125183223
2018-01-25 18:33:52.739;SP;AS54-AS1-20180125183223
2018-01-25 18:33:55.435;SQ;AS54-AS1-20180125183355
2018-01-25 18:34:18.778;RU;AS54-AS1-20180125183110
2018-01-25 18:34:19.532;RC;AS54-AS1-20180125183223
2018-01-25 18:34:20.503;SS;AS54-AS1-20180125183223
2018-01-25 18:34:20.731;VU;AS54-AS1-20180125183110
2018-01-25 18:34:50.707;RO;AS54-AS1-20180125183355
2018-01-25 18:34:52.721;SP;AS54-AS1-20180125183355
2018-01-25 18:34:55.416;SQ;AS54-AS1-20180125183455
2018-01-25 18:35:13.377;RC;AS54-AS1-20180125183355
2018-01-25 18:35:14.234;SS;AS54-AS1-20180125183355
2018-01-25 18:35:35.813;RU;AS54-AS1-20180125183223
2018-01-25 18:35:58.868;VU;AS54-AS1-20180125183223
