2018-01-25 18:17:45.072;SQ;AS57-AS1-20180125181745
2018-01-25 18:18:23.758;RO;AS57-AS1-20180125181745
2018-01-25 18:18:24.937;SP;AS57-AS1-20180125181745
2018-01-25 18:18:27.587;SQ;AS57-AS1-20180125181827
2018-01-25 18:18:59.390;RC;AS57-AS1-20180125181745
2018-01-25 18:19:00.200;SS;AS57-AS1-20180125181745
2018-01-25 18:19:34.725;RO;AS57-AS1-20180125181827
2018-01-25 18:19:35.986;SP;AS57-AS1-20180125181827
2018-01-25 18:19:38.608;SQ;AS57-AS1-20180125181938
2018-01-25 18:20:19.953;RC;AS57-AS1-20180125181827
2018-01-25 18:20:19.971;RU;AS57-AS1-20180125181745
2018-01-25 18:20:21.615;SS;AS57-AS1-20180125181827
2018-01-25 18:20:22.615;VU;AS57-AS1-20180125181745
2018-01-25 18:20:53.229;RO;AS57-AS1-20180125181938
2018-01-25 18:20:54.506;SP;AS57-AS1-20180125181938
2018-01-25 18:20:57.170;SQ;AS57-AS1-20180125182057
2018-01-25 18:21:28.182;RC;AS57-AS1-20180125181938
2018-01-25 18:21:29.007;SS;AS57-AS1-20180125181938
2018-01-25 18:22:01.337;RO;AS57-AS1-20180125182057
2018-01-25 18:22:02.555;SP;AS57-AS1-20180125182057
2018-01-25 18:22:05.206;SQ;AS57-AS1-20180125182205
2018-01-25 18:22:09.071;RU;AS57-AS1-20180125181827
2018-01-25 18:22:10.879;VU;AS57-AS1-20180125181827
2018-01-25 18:22:46.643;RC;AS57-AS1-20180125182057
2018-01-25 18:22:47.474;SS;AS57-AS1-20180125182057
2018-01-25 18:22:48.822;RU;AS57-AS1-20180125181938
2018-01-25 18:22:59.293;VU;AS57-AS1-20180125181938
2018-01-25 18:23:20.230;RO;AS57-AS1-20180125182205
2018-01-25 18:23:21.129;SP;AS57-AS1-20180125182205
2018-01-25 18:23:23.773;SQ;AS57-AS1-20180125182323
2018-01-25 18:23:59.354;RU;AS57-AS1-20180125182057
2018-01-25 18:24:01.191;VU;AS57-AS1-20180125182057
2018-01-25 18:24:06.565;RC;AS57-AS1-20180125182205
2018-01-25 18:24:07.378;SS;AS57-AS1-20180125182205
2018-01-25 18:24:56.997;RO;AS57-AS1-20180125182323
2018-01-25 18:24:58.200;SP;AS57-AS1-20180125182323
2018-01-25 18:25:00.853;SQ;AS57-AS1-20180125182500
2018-01-25 18:25:10.535;RU;AS57-AS1-20180125182205
2018-01-25 18:25:12.375;VU;AS57-AS1-20180125182205
2018-01-25 18:25:39.033;RC;AS57-AS1-20180125182323
2018-01-25 18:25:39.855;SS;AS57-AS1-20180125182323
2018-01-25 18:26:16.743;RO;AS57-AS1-20180125182500
2018-01-25 18:26:17.768;SP;AS57-AS1-20180125182500
2018-01-25 18:26:20.426;SQ;AS57-AS1-20180125182620
2018-01-25 18:26:56.376;RC;AS57-AS1-20180125182500
2018-01-25 18:26:57.222;SS;AS57-AS1-20180125182500
2018-01-25 18:27:00.700;RU;AS57-AS1-20180125182323
2018-01-25 18:27:02.535;VU;AS57-AS1-20180125182323
2018-01-25 18:27:22.643;RO;AS57-AS1-20180125182620
2018-01-25 18:27:23.811;SP;AS57-AS1-20180125182620
2018-01-25 18:27:26.439;SQ;AS57-AS1-20180125182726
2018-01-25 18:28:01.612;RU;AS57-AS1-20180125182500
2018-01-25 18:28:03.477;VU;AS57-AS1-20180125182500
2018-01-25 18:28:07.611;RC;AS57-AS1-20180125182620
2018-01-25 18:28:08.453;SS;AS57-AS1-20180125182620
2018-01-25 18:29:19.561;RU;AS57-AS1-20180125182620
2018-01-25 18:29:24.725;RO;AS57-AS1-20180125182726
2018-01-25 18:29:26.647;SP;AS57-AS1-20180125182726
2018-01-25 18:29:30.075;SQ;AS57-AS1-20180125182930
2018-01-25 18:30:00.655;VU;AS57-AS1-20180125182620
2018-01-25 18:30:09.378;RC;AS57-AS1-20180125182726
2018-01-25 18:30:10.205;SS;AS57-AS1-20180125182726
2018-01-25 18:31:02.201;RO;AS57-AS1-20180125182930
2018-01-25 18:31:03.515;SP;AS57-AS1-20180125182930
2018-01-25 18:31:06.140;SQ;AS57-AS1-20180125183106
2018-01-25 18:31:21.750;RU;AS57-AS1-20180125182726
2018-01-25 18:31:23.579;VU;AS57-AS1-20180125182726
2018-01-25 18:31:37.067;RC;AS57-AS1-20180125182930
2018-01-25 18:31:37.878;SS;AS57-AS1-20180125182930
2018-01-25 18:32:13.085;RO;AS57-AS1-20180125183106
2018-01-25 18:32:14.040;SP;AS57-AS1-20180125183106
2018-01-25 18:32:16.688;SQ;AS57-AS1-20180125183216
2018-01-25 18:32:52.291;RU;AS57-AS1-20180125182930
2018-01-25 18:32:54.120;VU;AS57-AS1-20180125182930
2018-01-25 18:32:55.052;RC;AS57-AS1-20180125183106
2018-01-25 18:32:55.886;SS;AS57-AS1-20180125183106
2018-01-25 18:33:33.004;RO;AS57-AS1-20180125183216
2018-01-25 18:33:34.085;SP;AS57-AS1-20180125183216
2018-01-25 18:33:36.723;SQ;AS57-AS1-20180125183336
2018-01-25 18:34:18.877;RC;AS57-AS1-20180125183216
2018-01-25 18:34:19.391;RU;AS57-AS1-20180125183106
2018-01-25 18:34:20.004;SS;AS57-AS1-20180125183216
2018-01-25 18:34:21.568;VU;AS57-AS1-20180125183106
2018-01-25 18:34:53.055;RO;AS57-AS1-20180125183336
2018-01-25 18:34:54.122;SP;AS57-AS1-20180125183336
2018-01-25 18:34:56.734;SQ;AS57-AS1-20180125183456
2018-01-25 18:35:32.475;RU;AS57-AS1-20180125183216
2018-01-25 18:35:32.486;RC;AS57-AS1-20180125183336
2018-01-25 18:35:34.149;SS;AS57-AS1-20180125183336
2018-01-25 18:35:58.699;VU;AS57-AS1-20180125183216
2018-01-25 18:36:09.427;RO;AS57-AS1-20180125183456
2018-01-25 18:36:10.639;SP;AS57-AS1-20180125183456
2018-01-25 18:36:13.264;SQ;AS57-AS1-20180125183613
