2018-01-25 18:17:39.968;SQ;AS58-AS1-20180125181739
2018-01-25 18:18:13.577;RO;AS58-AS1-20180125181739
2018-01-25 18:18:14.830;SP;AS58-AS1-20180125181739
2018-01-25 18:18:17.462;SQ;AS58-AS1-20180125181817
2018-01-25 18:18:43.558;RC;AS58-AS1-20180125181739
2018-01-25 18:18:44.378;SS;AS58-AS1-20180125181739
2018-01-25 18:19:54.593;RO;AS58-AS1-20180125181817
2018-01-25 18:19:55.848;SP;AS58-AS1-20180125181817
2018-01-25 18:19:58.430;SQ;AS58-AS1-20180125181958
2018-01-25 18:19:59.902;RU;AS58-AS1-20180125181739
2018-01-25 18:20:01.699;VU;AS58-AS1-20180125181739
2018-01-25 18:20:25.350;RC;AS58-AS1-20180125181817
2018-01-25 18:20:26.142;SS;AS58-AS1-20180125181817
2018-01-25 18:20:56.889;RO;AS58-AS1-20180125181958
2018-01-25 18:20:57.792;SP;AS58-AS1-20180125181958
2018-01-25 18:21:00.426;SQ;AS58-AS1-20180125182100
2018-01-25 18:21:30.956;RC;AS58-AS1-20180125181958
2018-01-25 18:21:31.771;SS;AS58-AS1-20180125181958
2018-01-25 18:21:49.363;RU;AS58-AS1-20180125181817
2018-01-25 18:21:55.278;VU;AS58-AS1-20180125181817
2018-01-25 18:22:11.594;RO;AS58-AS1-20180125182100
2018-01-25 18:22:12.800;SP;AS58-AS1-20180125182100
2018-01-25 18:22:15.364;SQ;AS58-AS1-20180125182215
2018-01-25 18:22:49.636;RU;AS58-AS1-20180125181958
2018-01-25 18:22:55.358;RC;AS58-AS1-20180125182100
2018-01-25 18:22:59.088;SS;AS58-AS1-20180125182100
2018-01-25 18:23:00.786;VU;AS58-AS1-20180125181958
2018-01-25 18:23:35.664;RO;AS58-AS1-20180125182215
2018-01-25 18:23:36.781;SP;AS58-AS1-20180125182215
2018-01-25 18:23:39.398;SQ;AS58-AS1-20180125182339
2018-01-25 18:24:07.366;RU;AS58-AS1-20180125182100
2018-01-25 18:24:09.186;VU;AS58-AS1-20180125182100
2018-01-25 18:24:24.488;RC;AS58-AS1-20180125182215
2018-01-25 18:24:25.271;SS;AS58-AS1-20180125182215
2018-01-25 18:24:53.637;RO;AS58-AS1-20180125182339
2018-01-25 18:24:55.707;SP;AS58-AS1-20180125182339
2018-01-25 18:24:58.521;SQ;AS58-AS1-20180125182458
2018-01-25 18:25:30.050;RC;AS58-AS1-20180125182339
2018-01-25 18:25:30.832;SS;AS58-AS1-20180125182339
2018-01-25 18:25:43.527;RU;AS58-AS1-20180125182215
2018-01-25 18:26:01.040;VU;AS58-AS1-20180125182215
2018-01-25 18:26:16.773;RO;AS58-AS1-20180125182458
2018-01-25 18:26:17.905;SP;AS58-AS1-20180125182458
2018-01-25 18:26:20.499;SQ;AS58-AS1-20180125182620
2018-01-25 18:26:57.790;RC;AS58-AS1-20180125182458
2018-01-25 18:26:58.298;RU;AS58-AS1-20180125182339
2018-01-25 18:26:58.828;SS;AS58-AS1-20180125182458
2018-01-25 18:27:00.385;VU;AS58-AS1-20180125182339
2018-01-25 18:27:27.155;RO;AS58-AS1-20180125182620
2018-01-25 18:27:28.357;SP;AS58-AS1-20180125182620
2018-01-25 18:27:30.946;SQ;AS58-AS1-20180125182730
2018-01-25 18:27:53.708;RU;AS58-AS1-20180125182458
2018-01-25 18:27:55.518;VU;AS58-AS1-20180125182458
2018-01-25 18:28:19.119;RC;AS58-AS1-20180125182620
2018-01-25 18:28:19.931;SS;AS58-AS1-20180125182620
2018-01-25 18:28:55.327;RO;AS58-AS1-20180125182730
2018-01-25 18:28:56.323;SP;AS58-AS1-20180125182730
2018-01-25 18:28:58.907;SQ;AS58-AS1-20180125182858
2018-01-25 18:29:31.457;RC;AS58-AS1-20180125182730
2018-01-25 18:29:32.275;SS;AS58-AS1-20180125182730
2018-01-25 18:29:36.114;RU;AS58-AS1-20180125182620
2018-01-25 18:30:00.856;VU;AS58-AS1-20180125182620
2018-01-25 18:30:02.500;RO;AS58-AS1-20180125182858
2018-01-25 18:30:03.779;SP;AS58-AS1-20180125182858
2018-01-25 18:30:06.408;SQ;AS58-AS1-20180125183006
2018-01-25 18:30:33.930;RC;AS58-AS1-20180125182858
2018-01-25 18:30:34.721;SS;AS58-AS1-20180125182858
2018-01-25 18:31:07.563;RU;AS58-AS1-20180125182730
2018-01-25 18:31:09.393;VU;AS58-AS1-20180125182730
2018-01-25 18:31:26.275;RO;AS58-AS1-20180125183006
2018-01-25 18:31:27.291;SP;AS58-AS1-20180125183006
2018-01-25 18:31:29.891;SQ;AS58-AS1-20180125183129
2018-01-25 18:32:07.789;RU;AS58-AS1-20180125182858
2018-01-25 18:32:08.592;RC;AS58-AS1-20180125183006
2018-01-25 18:32:09.394;SS;AS58-AS1-20180125183006
2018-01-25 18:32:09.591;VU;AS58-AS1-20180125182858
2018-01-25 18:32:37.623;RO;AS58-AS1-20180125183129
2018-01-25 18:32:38.772;SP;AS58-AS1-20180125183129
2018-01-25 18:32:41.406;SQ;AS58-AS1-20180125183241
2018-01-25 18:33:19.021;RC;AS58-AS1-20180125183129
2018-01-25 18:33:19.039;RU;AS58-AS1-20180125183006
2018-01-25 18:33:20.622;SS;AS58-AS1-20180125183129
2018-01-25 18:33:56.283;RO;AS58-AS1-20180125183241
2018-01-25 18:33:57.548;SP;AS58-AS1-20180125183241
2018-01-25 18:34:00.761;SQ;AS58-AS1-20180125183400
2018-01-25 18:34:29.464;RC;AS58-AS1-20180125183241
2018-01-25 18:34:30.912;SS;AS58-AS1-20180125183241
2018-01-25 18:34:34.440;RU;AS58-AS1-20180125183129
2018-01-25 18:34:58.591;VU;AS58-AS1-20180125183129
2018-01-25 18:35:13.355;RO;AS58-AS1-20180125183400
2018-01-25 18:35:14.637;SP;AS58-AS1-20180125183400
2018-01-25 18:35:17.913;SQ;AS58-AS1-20180125183517
2018-01-25 18:35:55.543;RC;AS58-AS1-20180125183400
2018-01-25 18:35:58.112;SS;AS58-AS1-20180125183400
2018-01-25 18:35:58.303;RU;AS58-AS1-20180125183241
2018-01-25 18:36:00.106;VU;AS58-AS1-20180125183241
