2018-01-25 18:17:48.591;SQ;AS63-AS1-20180125181748
2018-01-25 18:18:58.024;RO;AS63-AS1-20180125181748
2018-01-25 18:18:59.005;SP;AS63-AS1-20180125181748
2018-01-25 18:19:01.644;SQ;AS63-AS1-20180125181901
2018-01-25 18:19:34.656;RC;AS63-AS1-20180125181748
2018-01-25 18:19:35.499;SS;AS63-AS1-20180125181748
2018-01-25 18:20:19.427;RO;AS63-AS1-20180125181901
2018-01-25 18:20:20.564;SP;AS63-AS1-20180125181901
2018-01-25 18:20:23.244;SQ;AS63-AS1-20180125182023
2018-01-25 18:20:54.128;RC;AS63-AS1-20180125181901
2018-01-25 18:20:54.200;RU;AS63-AS1-20180125181748
2018-01-25 18:20:55.738;SS;AS63-AS1-20180125181901
2018-01-25 18:20:56.806;VU;AS63-AS1-20180125181748
2018-01-25 18:21:47.241;RO;AS63-AS1-20180125182023
2018-01-25 18:21:49.065;SP;AS63-AS1-20180125182023
2018-01-25 18:21:53.639;SQ;AS63-AS1-20180125182153
2018-01-25 18:22:09.371;RU;AS63-AS1-20180125181901
2018-01-25 18:22:11.222;VU;AS63-AS1-20180125181901
2018-01-25 18:22:25.349;RC;AS63-AS1-20180125182023
2018-01-25 18:22:26.191;SS;AS63-AS1-20180125182023
2018-01-25 18:23:07.261;RO;AS63-AS1-20180125182153
2018-01-25 18:23:08.544;SP;AS63-AS1-20180125182153
2018-01-25 18:23:11.221;SQ;AS63-AS1-20180125182311
2018-01-25 18:23:36.468;RC;AS63-AS1-20180125182153
2018-01-25 18:23:37.269;SS;AS63-AS1-20180125182153
2018-01-25 18:23:52.011;RU;AS63-AS1-20180125182023
2018-01-25 18:24:02.126;VU;AS63-AS1-20180125182023
2018-01-25 18:24:23.488;RO;AS63-AS1-20180125182311
2018-01-25 18:24:24.652;SP;AS63-AS1-20180125182311
2018-01-25 18:24:27.321;SQ;AS63-AS1-20180125182427
2018-01-25 18:24:57.319;RU;AS63-AS1-20180125182153
2018-01-25 18:24:58.203;RC;AS63-AS1-20180125182311
2018-01-25 18:24:59.038;SS;AS63-AS1-20180125182311
2018-01-25 18:24:59.170;VU;AS63-AS1-20180125182153
2018-01-25 18:25:44.534;RO;AS63-AS1-20180125182427
2018-01-25 18:25:45.727;SP;AS63-AS1-20180125182427
2018-01-25 18:25:48.389;SQ;AS63-AS1-20180125182548
2018-01-25 18:26:16.940;RU;AS63-AS1-20180125182311
2018-01-25 18:26:17.000;RC;AS63-AS1-20180125182427
2018-01-25 18:26:18.655;SS;AS63-AS1-20180125182427
2018-01-25 18:26:19.655;VU;AS63-AS1-20180125182311
2018-01-25 18:26:57.764;RO;AS63-AS1-20180125182548
2018-01-25 18:26:58.786;SP;AS63-AS1-20180125182548
2018-01-25 18:27:01.439;SQ;AS63-AS1-20180125182701
2018-01-25 18:27:21.395;RC;AS63-AS1-20180125182548
2018-01-25 18:27:22.211;SS;AS63-AS1-20180125182548
2018-01-25 18:27:23.792;RU;AS63-AS1-20180125182427
2018-01-25 18:27:54.157;VU;AS63-AS1-20180125182427
2018-01-25 18:28:01.844;RO;AS63-AS1-20180125182701
2018-01-25 18:28:02.860;SP;AS63-AS1-20180125182701
2018-01-25 18:28:05.512;SQ;AS63-AS1-20180125182805
2018-01-25 18:28:23.078;RU;AS63-AS1-20180125182548
2018-01-25 18:28:50.064;RC;AS63-AS1-20180125182701
2018-01-25 18:28:52.179;SS;AS63-AS1-20180125182701
2018-01-25 18:28:59.558;VU;AS63-AS1-20180125182548
2018-01-25 18:29:27.023;RO;AS63-AS1-20180125182805
2018-01-25 18:29:27.934;SP;AS63-AS1-20180125182805
2018-01-25 18:29:30.568;SQ;AS63-AS1-20180125182930
2018-01-25 18:29:59.357;RU;AS63-AS1-20180125182701
2018-01-25 18:30:01.183;VU;AS63-AS1-20180125182701
2018-01-25 18:30:44.663;RC;AS63-AS1-20180125182805
2018-01-25 18:30:46.385;SS;AS63-AS1-20180125182805
2018-01-25 18:31:04.707;RO;AS63-AS1-20180125182930
2018-01-25 18:31:06.017;SP;AS63-AS1-20180125182930
2018-01-25 18:31:08.664;SQ;AS63-AS1-20180125183108
2018-01-25 18:31:41.952;RC;AS63-AS1-20180125182930
2018-01-25 18:31:42.767;SS;AS63-AS1-20180125182930
2018-01-25 18:32:07.695;RU;AS63-AS1-20180125182805
2018-01-25 18:32:09.555;VU;AS63-AS1-20180125182805
2018-01-25 18:32:20.073;RO;AS63-AS1-20180125183108
2018-01-25 18:32:21.060;SP;AS63-AS1-20180125183108
2018-01-25 18:32:23.735;SQ;AS63-AS1-20180125183223
2018-01-25 18:32:57.463;RU;AS63-AS1-20180125182930
2018-01-25 18:32:59.302;VU;AS63-AS1-20180125182930
2018-01-25 18:33:05.422;RC;AS63-AS1-20180125183108
2018-01-25 18:33:06.258;SS;AS63-AS1-20180125183108
2018-01-25 18:33:53.687;RO;AS63-AS1-20180125183223
2018-01-25 18:33:54.665;SP;AS63-AS1-20180125183223
2018-01-25 18:33:57.302;SQ;AS63-AS1-20180125183357
2018-01-25 18:34:20.963;RU;AS63-AS1-20180125183108
2018-01-25 18:34:26.441;RC;AS63-AS1-20180125183223
2018-01-25 18:34:28.121;SS;AS63-AS1-20180125183223
2018-01-25 18:34:56.220;VU;AS63-AS1-20180125183108
2018-01-25 18:35:13.203;RO;AS63-AS1-20180125183357
2018-01-25 18:35:14.227;SP;AS63-AS1-20180125183357
2018-01-25 18:35:16.869;SQ;AS63-AS1-20180125183516
2018-01-25 18:35:54.134;RU;AS63-AS1-20180125183223
2018-01-25 18:35:55.957;VU;AS63-AS1-20180125183223
