2018-01-25 18:17:39.270;SQ;AS67-AS1-20180125181739
2018-01-25 18:18:09.875;RO;AS67-AS1-20180125181739
2018-01-25 18:18:11.120;SP;AS67-AS1-20180125181739
2018-01-25 18:18:13.766;SQ;AS67-AS1-20180125181813
2018-01-25 18:18:32.953;RC;AS67-AS1-20180125181739
2018-01-25 18:18:33.791;SS;AS67-AS1-20180125181739
2018-01-25 18:19:41.969;RU;AS67-AS1-20180125181739
2018-01-25 18:19:50.812;RO;AS67-AS1-20180125181813
2018-01-25 18:19:52.909;SP;AS67-AS1-20180125181813
2018-01-25 18:19:56.404;VU;AS67-AS1-20180125181739
2018-01-25 18:19:56.553;SQ;AS67-AS1-20180125181956
2018-01-25 18:20:26.735;RC;AS67-AS1-20180125181813
2018-01-25 18:20:27.560;SS;AS67-AS1-20180125181813
2018-01-25 18:21:13.231;RO;AS67-AS1-20180125181956
2018-01-25 18:21:14.463;SP;AS67-AS1-20180125181956
2018-01-25 18:21:17.128;SQ;AS67-AS1-20180125182117
2018-01-25 18:21:51.293;RU;AS67-AS1-20180125181813
2018-01-25 18:21:51.703;RC;AS67-AS1-20180125181956
2018-01-25 18:21:54.343;SS;AS67-AS1-20180125181956
2018-01-25 18:21:55.077;VU;AS67-AS1-20180125181813
2018-01-25 18:22:34.900;RO;AS67-AS1-20180125182117
2018-01-25 18:22:36.063;SP;AS67-AS1-20180125182117
2018-01-25 18:22:38.715;SQ;AS67-AS1-20180125182238
2018-01-25 18:23:06.866;RU;AS67-AS1-20180125181956
2018-01-25 18:23:16.758;RC;AS67-AS1-20180125182117
2018-01-25 18:23:17.748;SS;AS67-AS1-20180125182117
2018-01-25 18:23:50.293;RO;AS67-AS1-20180125182238
2018-01-25 18:23:52.420;SP;AS67-AS1-20180125182238
2018-01-25 18:23:58.415;SQ;AS67-AS1-20180125182358
2018-01-25 18:24:30.071;RC;AS67-AS1-20180125182238
2018-01-25 18:24:31.624;SS;AS67-AS1-20180125182238
2018-01-25 18:24:35.678;RU;AS67-AS1-20180125182117
2018-01-25 18:25:04.878;VU;AS67-AS1-20180125182117
2018-01-25 18:25:36.238;RO;AS67-AS1-20180125182358
2018-01-25 18:25:37.464;SP;AS67-AS1-20180125182358
2018-01-25 18:25:40.996;SQ;AS67-AS1-20180125182540
2018-01-25 18:26:02.567;RU;AS67-AS1-20180125182238
2018-01-25 18:26:04.690;VU;AS67-AS1-20180125182238
2018-01-25 18:26:16.784;RC;AS67-AS1-20180125182358
2018-01-25 18:26:17.936;SS;AS67-AS1-20180125182358
2018-01-25 18:26:54.750;RO;AS67-AS1-20180125182540
2018-01-25 18:26:56.714;SP;AS67-AS1-20180125182540
2018-01-25 18:27:00.076;SQ;AS67-AS1-20180125182700
2018-01-25 18:27:21.115;RC;AS67-AS1-20180125182540
2018-01-25 18:27:21.122;RU;AS67-AS1-20180125182358
2018-01-25 18:27:23.279;SS;AS67-AS1-20180125182540
2018-01-25 18:27:52.896;RO;AS67-AS1-20180125182700
2018-01-25 18:27:57.500;SP;AS67-AS1-20180125182700
2018-01-25 18:27:59.434;VU;AS67-AS1-20180125182358
2018-01-25 18:28:01.075;SQ;AS67-AS1-20180125182801
2018-01-25 18:28:45.106;RC;AS67-AS1-20180125182700
2018-01-25 18:28:45.550;RU;AS67-AS1-20180125182540
2018-01-25 18:28:46.431;SS;AS67-AS1-20180125182700
2018-01-25 18:29:00.264;VU;AS67-AS1-20180125182540
2018-01-25 18:29:24.262;RO;AS67-AS1-20180125182801
2018-01-25 18:29:25.842;SP;AS67-AS1-20180125182801
2018-01-25 18:29:29.108;SQ;AS67-AS1-20180125182929
2018-01-25 18:29:49.992;RU;AS67-AS1-20180125182700
2018-01-25 18:30:05.843;VU;AS67-AS1-20180125182700
2018-01-25 18:30:08.357;RC;AS67-AS1-20180125182801
2018-01-25 18:30:09.336;SS;AS67-AS1-20180125182801
2018-01-25 18:31:01.924;RO;AS67-AS1-20180125182929
2018-01-25 18:31:03.910;SP;AS67-AS1-20180125182929
2018-01-25 18:31:07.381;SQ;AS67-AS1-20180125183107
2018-01-25 18:31:37.067;RC;AS67-AS1-20180125182929
2018-01-25 18:31:38.482;SS;AS67-AS1-20180125182929
2018-01-25 18:31:45.635;RU;AS67-AS1-20180125182801
2018-01-25 18:32:18.860;RO;AS67-AS1-20180125183107
2018-01-25 18:32:20.952;SP;AS67-AS1-20180125183107
2018-01-25 18:32:25.340;SQ;AS67-AS1-20180125183225
2018-01-25 18:32:46.751;RU;AS67-AS1-20180125182929
2018-01-25 18:32:59.869;VU;AS67-AS1-20180125182929
2018-01-25 18:33:17.958;RC;AS67-AS1-20180125183107
2018-01-25 18:33:19.896;SS;AS67-AS1-20180125183107
2018-01-25 18:33:51.235;RO;AS67-AS1-20180125183225
2018-01-25 18:33:55.363;SP;AS67-AS1-20180125183225
2018-01-25 18:34:01.384;SQ;AS67-AS1-20180125183401
2018-01-25 18:34:24.898;RC;AS67-AS1-20180125183225
2018-01-25 18:34:26.814;SS;AS67-AS1-20180125183225
2018-01-25 18:34:32.203;RU;AS67-AS1-20180125183107
2018-01-25 18:35:01.665;VU;AS67-AS1-20180125183107
2018-01-25 18:35:13.250;RO;AS67-AS1-20180125183401
2018-01-25 18:35:15.147;SP;AS67-AS1-20180125183401
2018-01-25 18:35:19.599;SQ;AS67-AS1-20180125183519
2018-01-25 18:35:53.104;RC;AS67-AS1-20180125183401
2018-01-25 18:35:53.836;RU;AS67-AS1-20180125183225
2018-01-25 18:35:58.615;SS;AS67-AS1-20180125183401
2018-01-25 18:36:05.744;VU;AS67-AS1-20180125183225
