2018-01-25 18:17:39.182;SQ;AS70-AS1-20180125181739
2018-01-25 18:18:11.502;RO;AS70-AS1-20180125181739
2018-01-25 18:18:12.571;SP;AS70-AS1-20180125181739
2018-01-25 18:18:15.214;SQ;AS70-AS1-20180125181815
2018-01-25 18:18:40.715;RC;AS70-AS1-20180125181739
2018-01-25 18:18:41.561;SS;AS70-AS1-20180125181739
2018-01-25 18:19:20.599;RO;AS70-AS1-20180125181815
2018-01-25 18:19:21.627;SP;AS70-AS1-20180125181815
2018-01-25 18:19:24.285;SQ;AS70-AS1-20180125181924
2018-01-25 18:19:54.403;RC;AS70-AS1-20180125181815
2018-01-25 18:19:55.245;SS;AS70-AS1-20180125181815
2018-01-25 18:19:58.574;RU;AS70-AS1-20180125181739
2018-01-25 18:20:00.399;VU;AS70-AS1-20180125181739
2018-01-25 18:20:35.342;RO;AS70-AS1-20180125181924
2018-01-25 18:20:36.222;SP;AS70-AS1-20180125181924
2018-01-25 18:20:38.863;SQ;AS70-AS1-20180125182038
2018-01-25 18:20:48.307;RU;AS70-AS1-20180125181815
2018-01-25 18:20:52.911;VU;AS70-AS1-20180125181815
2018-01-25 18:21:23.407;RC;AS70-AS1-20180125181924
2018-01-25 18:21:24.230;SS;AS70-AS1-20180125181924
2018-01-25 18:21:59.488;RO;AS70-AS1-20180125182038
2018-01-25 18:22:00.774;SP;AS70-AS1-20180125182038
2018-01-25 18:22:03.451;SQ;AS70-AS1-20180125182203
2018-01-25 18:22:43.526;RC;AS70-AS1-20180125182038
2018-01-25 18:22:44.368;SS;AS70-AS1-20180125182038
2018-01-25 18:22:50.994;RU;AS70-AS1-20180125181924
2018-01-25 18:22:58.229;VU;AS70-AS1-20180125181924
2018-01-25 18:23:21.946;RO;AS70-AS1-20180125182203
2018-01-25 18:23:22.891;SP;AS70-AS1-20180125182203
2018-01-25 18:23:25.568;SQ;AS70-AS1-20180125182325
2018-01-25 18:23:59.601;RU;AS70-AS1-20180125182038
2018-01-25 18:24:01.452;VU;AS70-AS1-20180125182038
2018-01-25 18:24:06.254;RC;AS70-AS1-20180125182203
2018-01-25 18:24:07.096;SS;AS70-AS1-20180125182203
2018-01-25 18:24:52.236;RO;AS70-AS1-20180125182325
2018-01-25 18:24:54.417;SP;AS70-AS1-20180125182325
2018-01-25 18:24:58.974;SQ;AS70-AS1-20180125182458
2018-01-25 18:25:02.066;RU;AS70-AS1-20180125182203
2018-01-25 18:25:03.901;VU;AS70-AS1-20180125182203
2018-01-25 18:25:32.000;RC;AS70-AS1-20180125182325
2018-01-25 18:25:32.840;SS;AS70-AS1-20180125182325
2018-01-25 18:26:21.094;RO;AS70-AS1-20180125182458
2018-01-25 18:26:22.400;SP;AS70-AS1-20180125182458
2018-01-25 18:26:25.078;SQ;AS70-AS1-20180125182625
2018-01-25 18:26:51.393;RU;AS70-AS1-20180125182325
2018-01-25 18:26:53.219;VU;AS70-AS1-20180125182325
2018-01-25 18:27:21.081;RC;AS70-AS1-20180125182458
2018-01-25 18:27:21.924;SS;AS70-AS1-20180125182458
2018-01-25 18:27:48.104;RO;AS70-AS1-20180125182625
2018-01-25 18:27:49.949;SP;AS70-AS1-20180125182625
2018-01-25 18:27:53.423;SQ;AS70-AS1-20180125182753
2018-01-25 18:28:21.012;RC;AS70-AS1-20180125182625
2018-01-25 18:28:21.861;SS;AS70-AS1-20180125182625
2018-01-25 18:28:34.424;RU;AS70-AS1-20180125182458
2018-01-25 18:28:57.556;VU;AS70-AS1-20180125182458
2018-01-25 18:29:18.741;RO;AS70-AS1-20180125182753
2018-01-25 18:29:19.889;SP;AS70-AS1-20180125182753
2018-01-25 18:29:22.570;SQ;AS70-AS1-20180125182922
2018-01-25 18:29:33.774;RU;AS70-AS1-20180125182625
2018-01-25 18:29:53.517;RC;AS70-AS1-20180125182753
2018-01-25 18:29:56.909;SS;AS70-AS1-20180125182753
2018-01-25 18:30:01.065;VU;AS70-AS1-20180125182625
2018-01-25 18:31:11.925;RO;AS70-AS1-20180125182922
2018-01-25 18:31:13.035;SP;AS70-AS1-20180125182922
2018-01-25 18:31:15.751;SQ;AS70-AS1-20180125183115
2018-01-25 18:31:18.427;RU;AS70-AS1-20180125182753
2018-01-25 18:31:20.277;VU;AS70-AS1-20180125182753
2018-01-25 18:31:51.270;RC;AS70-AS1-20180125182922
2018-01-25 18:31:52.113;SS;AS70-AS1-20180125182922
2018-01-25 18:32:39.791;RO;AS70-AS1-20180125183115
2018-01-25 18:32:40.672;SP;AS70-AS1-20180125183115
2018-01-25 18:32:43.350;SQ;AS70-AS1-20180125183243
2018-01-25 18:33:02.880;RU;AS70-AS1-20180125182922
2018-01-25 18:33:04.703;VU;AS70-AS1-20180125182922
2018-01-25 18:33:22.065;RC;AS70-AS1-20180125183115
2018-01-25 18:33:22.916;SS;AS70-AS1-20180125183115
2018-01-25 18:33:54.175;RO;AS70-AS1-20180125183243
2018-01-25 18:33:55.262;SP;AS70-AS1-20180125183243
2018-01-25 18:33:57.927;SQ;AS70-AS1-20180125183357
2018-01-25 18:34:28.453;RC;AS70-AS1-20180125183243
2018-01-25 18:34:29.315;SS;AS70-AS1-20180125183243
2018-01-25 18:34:54.550;RU;AS70-AS1-20180125183115
2018-01-25 18:34:56.402;VU;AS70-AS1-20180125183115
2018-01-25 18:35:01.894;RO;AS70-AS1-20180125183357
2018-01-25 18:35:02.855;SP;AS70-AS1-20180125183357
2018-01-25 18:35:05.566;SQ;AS70-AS1-20180125183505
2018-01-25 18:35:45.548;RC;AS70-AS1-20180125183357
2018-01-25 18:35:46.404;SS;AS70-AS1-20180125183357
2018-01-25 18:35:55.535;RU;AS70-AS1-20180125183243
2018-01-25 18:35:57.385;VU;AS70-AS1-20180125183243
