2018-01-25 18:17:42.682;SQ;AS76-AS1-20180125181742
2018-01-25 18:18:17.116;RO;AS76-AS1-20180125181742
2018-01-25 18:18:18.008;SP;AS76-AS1-20180125181742
2018-01-25 18:18:20.555;SQ;AS76-AS1-20180125181820
2018-01-25 18:18:48.031;RC;AS76-AS1-20180125181742
2018-01-25 18:18:48.790;SS;AS76-AS1-20180125181742
2018-01-25 18:19:23.747;RO;AS76-AS1-20180125181820
2018-01-25 18:19:24.902;SP;AS76-AS1-20180125181820
2018-01-25 18:19:27.512;SQ;AS76-AS1-20180125181927
2018-01-25 18:20:18.373;RC;AS76-AS1-20180125181820
2018-01-25 18:20:18.942;RU;AS76-AS1-20180125181742
2018-01-25 18:20:19.284;SS;AS76-AS1-20180125181820
2018-01-25 18:20:20.938;VU;AS76-AS1-20180125181742
2018-01-25 18:20:52.423;RO;AS76-AS1-20180125181927
2018-01-25 18:20:53.405;SP;AS76-AS1-20180125181927
2018-01-25 18:20:56.012;SQ;AS76-AS1-20180125182056
2018-01-25 18:21:31.371;RU;AS76-AS1-20180125181820
2018-01-25 18:21:34.089;RC;AS76-AS1-20180125181927
2018-01-25 18:21:34.872;SS;AS76-AS1-20180125181927
2018-01-25 18:21:55.519;VU;AS76-AS1-20180125181820
2018-01-25 18:22:09.406;RO;AS76-AS1-20180125182056
2018-01-25 18:22:10.375;SP;AS76-AS1-20180125182056
2018-01-25 18:22:12.905;SQ;AS76-AS1-20180125182212
2018-01-25 18:22:47.667;RC;AS76-AS1-20180125182056
2018-01-25 18:22:48.813;SS;AS76-AS1-20180125182056
2018-01-25 18:22:49.745;RU;AS76-AS1-20180125181927
2018-01-25 18:22:58.406;VU;AS76-AS1-20180125181927
2018-01-25 18:23:23.976;RO;AS76-AS1-20180125182212
2018-01-25 18:23:24.749;SP;AS76-AS1-20180125182212
2018-01-25 18:23:27.331;SQ;AS76-AS1-20180125182327
2018-01-25 18:24:03.995;RU;AS76-AS1-20180125182056
2018-01-25 18:24:05.743;VU;AS76-AS1-20180125182056
2018-01-25 18:24:23.731;RC;AS76-AS1-20180125182212
2018-01-25 18:24:24.492;SS;AS76-AS1-20180125182212
2018-01-25 18:24:33.614;RO;AS76-AS1-20180125182327
2018-01-25 18:24:34.665;SP;AS76-AS1-20180125182327
2018-01-25 18:24:37.184;SQ;AS76-AS1-20180125182437
2018-01-25 18:25:22.560;RU;AS76-AS1-20180125182212
2018-01-25 18:25:22.596;RC;AS76-AS1-20180125182327
2018-01-25 18:25:24.098;SS;AS76-AS1-20180125182327
2018-01-25 18:26:00.859;RO;AS76-AS1-20180125182437
2018-01-25 18:26:01.218;VU;AS76-AS1-20180125182212
2018-01-25 18:26:02.130;SP;AS76-AS1-20180125182437
2018-01-25 18:26:04.758;SQ;AS76-AS1-20180125182604
2018-01-25 18:26:34.813;RC;AS76-AS1-20180125182437
2018-01-25 18:26:35.592;SS;AS76-AS1-20180125182437
2018-01-25 18:26:50.746;RU;AS76-AS1-20180125182327
2018-01-25 18:26:52.511;VU;AS76-AS1-20180125182327
2018-01-25 18:27:48.124;RO;AS76-AS1-20180125182604
2018-01-25 18:27:49.963;SP;AS76-AS1-20180125182604
2018-01-25 18:27:52.919;SQ;AS76-AS1-20180125182752
2018-01-25 18:27:53.105;RU;AS76-AS1-20180125182437
2018-01-25 18:27:54.893;VU;AS76-AS1-20180125182437
2018-01-25 18:28:27.335;RC;AS76-AS1-20180125182604
2018-01-25 18:28:28.129;SS;AS76-AS1-20180125182604
2018-01-25 18:29:05.594;RO;AS76-AS1-20180125182752
2018-01-25 18:29:06.810;SP;AS76-AS1-20180125182752
2018-01-25 18:29:09.372;SQ;AS76-AS1-20180125182909
2018-01-25 18:29:37.126;RC;AS76-AS1-20180125182752
2018-01-25 18:29:37.897;SS;AS76-AS1-20180125182752
2018-01-25 18:29:53.629;RU;AS76-AS1-20180125182604
2018-01-25 18:29:58.051;VU;AS76-AS1-20180125182604
2018-01-25 18:30:25.987;RO;AS76-AS1-20180125182909
2018-01-25 18:30:27.265;SP;AS76-AS1-20180125182909
2018-01-25 18:30:29.773;SQ;AS76-AS1-20180125183029
2018-01-25 18:31:04.714;RU;AS76-AS1-20180125182752
2018-01-25 18:31:04.962;RC;AS76-AS1-20180125182909
2018-01-25 18:31:06.335;SS;AS76-AS1-20180125182909
2018-01-25 18:31:07.033;VU;AS76-AS1-20180125182752
2018-01-25 18:31:31.169;RO;AS76-AS1-20180125183029
2018-01-25 18:31:32.125;SP;AS76-AS1-20180125183029
2018-01-25 18:31:34.655;SQ;AS76-AS1-20180125183134
2018-01-25 18:32:14.728;RC;AS76-AS1-20180125183029
2018-01-25 18:32:15.493;SS;AS76-AS1-20180125183029
2018-01-25 18:32:16.557;RU;AS76-AS1-20180125182909
2018-01-25 18:32:43.077;RO;AS76-AS1-20180125183134
2018-01-25 18:32:44.748;SP;AS76-AS1-20180125183134
2018-01-25 18:32:50.897;SQ;AS76-AS1-20180125183250
2018-01-25 18:32:55.660;VU;AS76-AS1-20180125182909
2018-01-25 18:33:26.862;RC;AS76-AS1-20180125183134
2018-01-25 18:33:27.683;SS;AS76-AS1-20180125183134
2018-01-25 18:33:34.041;RU;AS76-AS1-20180125183029
2018-01-25 18:33:54.923;VU;AS76-AS1-20180125183029
2018-01-25 18:34:17.975;RO;AS76-AS1-20180125183250
2018-01-25 18:34:18.773;SP;AS76-AS1-20180125183250
2018-01-25 18:34:21.319;SQ;AS76-AS1-20180125183421
2018-01-25 18:34:49.623;RC;AS76-AS1-20180125183250
2018-01-25 18:34:51.341;SS;AS76-AS1-20180125183250
2018-01-25 18:34:53.008;RU;AS76-AS1-20180125183134
2018-01-25 18:34:54.797;VU;AS76-AS1-20180125183134
2018-01-25 18:35:44.770;RO;AS76-AS1-20180125183421
2018-01-25 18:35:45.706;SP;AS76-AS1-20180125183421
2018-01-25 18:35:49.435;SQ;AS76-AS1-20180125183549
2018-01-25 18:36:01.094;RU;AS76-AS1-20180125183250
2018-01-25 18:36:02.907;VU;AS76-AS1-20180125183250
