2018-01-25 18:17:44.664;SQ;AS8-AS1-20180125181744
2018-01-25 18:18:22.354;RO;AS8-AS1-20180125181744
2018-01-25 18:18:23.527;SP;AS8-AS1-20180125181744
2018-01-25 18:18:26.100;SQ;AS8-AS1-20180125181826
2018-01-25 18:18:54.798;RC;AS8-AS1-20180125181744
2018-01-25 18:18:55.605;SS;AS8-AS1-20180125181744
2018-01-25 18:19:22.360;RO;AS8-AS1-20180125181826
2018-01-25 18:19:23.473;SP;AS8-AS1-20180125181826
2018-01-25 18:19:26.083;SQ;AS8-AS1-20180125181926
2018-01-25 18:19:56.230;RU;AS8-AS1-20180125181744
2018-01-25 18:19:58.037;VU;AS8-AS1-20180125181744
2018-01-25 18:20:02.217;RC;AS8-AS1-20180125181826
2018-01-25 18:20:03.025;SS;AS8-AS1-20180125181826
2018-01-25 18:20:52.263;RO;AS8-AS1-20180125181926
2018-01-25 18:20:53.471;SP;AS8-AS1-20180125181926
2018-01-25 18:20:56.054;SQ;AS8-AS1-20180125182056
2018-01-25 18:21:14.461;RU;AS8-AS1-20180125181826
2018-01-25 18:21:16.276;VU;AS8-AS1-20180125181826
2018-01-25 18:21:31.092;RC;AS8-AS1-20180125181926
2018-01-25 18:21:31.875;SS;AS8-AS1-20180125181926
2018-01-25 18:22:09.401;RO;AS8-AS1-20180125182056
2018-01-25 18:22:10.427;SP;AS8-AS1-20180125182056
2018-01-25 18:22:13.050;SQ;AS8-AS1-20180125182213
2018-01-25 18:22:46.648;RC;AS8-AS1-20180125182056
2018-01-25 18:22:47.447;SS;AS8-AS1-20180125182056
2018-01-25 18:22:54.213;RU;AS8-AS1-20180125181926
2018-01-25 18:22:56.498;VU;AS8-AS1-20180125181926
2018-01-25 18:23:30.413;RO;AS8-AS1-20180125182213
2018-01-25 18:23:31.446;SP;AS8-AS1-20180125182213
2018-01-25 18:23:34.043;SQ;AS8-AS1-20180125182334
2018-01-25 18:23:59.358;RU;AS8-AS1-20180125182056
2018-01-25 18:24:01.174;VU;AS8-AS1-20180125182056
2018-01-25 18:24:23.953;RC;AS8-AS1-20180125182213
2018-01-25 18:24:24.766;SS;AS8-AS1-20180125182213
2018-01-25 18:24:52.694;RO;AS8-AS1-20180125182334
2018-01-25 18:24:54.850;SP;AS8-AS1-20180125182334
2018-01-25 18:24:58.830;SQ;AS8-AS1-20180125182458
2018-01-25 18:25:31.258;RC;AS8-AS1-20180125182334
2018-01-25 18:25:32.066;SS;AS8-AS1-20180125182334
2018-01-25 18:25:32.992;RU;AS8-AS1-20180125182213
2018-01-25 18:26:00.972;VU;AS8-AS1-20180125182213
2018-01-25 18:26:16.924;RO;AS8-AS1-20180125182458
2018-01-25 18:26:17.751;SP;AS8-AS1-20180125182458
2018-01-25 18:26:20.381;SQ;AS8-AS1-20180125182620
2018-01-25 18:26:53.044;RC;AS8-AS1-20180125182458
2018-01-25 18:26:53.832;SS;AS8-AS1-20180125182458
2018-01-25 18:26:56.874;RU;AS8-AS1-20180125182334
2018-01-25 18:26:58.662;VU;AS8-AS1-20180125182334
2018-01-25 18:27:25.751;RO;AS8-AS1-20180125182620
2018-01-25 18:27:26.755;SP;AS8-AS1-20180125182620
2018-01-25 18:27:30.358;SQ;AS8-AS1-20180125182730
2018-01-25 18:27:55.823;RU;AS8-AS1-20180125182458
2018-01-25 18:27:57.624;VU;AS8-AS1-20180125182458
2018-01-25 18:28:18.674;RC;AS8-AS1-20180125182620
2018-01-25 18:28:19.485;SS;AS8-AS1-20180125182620
2018-01-25 18:28:53.782;RO;AS8-AS1-20180125182730
2018-01-25 18:28:55.086;SP;AS8-AS1-20180125182730
2018-01-25 18:28:57.691;SQ;AS8-AS1-20180125182857
2018-01-25 18:29:19.564;RC;AS8-AS1-20180125182730
2018-01-25 18:29:20.352;SS;AS8-AS1-20180125182730
2018-01-25 18:29:22.099;RU;AS8-AS1-20180125182620
2018-01-25 18:29:55.164;RO;AS8-AS1-20180125182857
2018-01-25 18:29:57.902;SP;AS8-AS1-20180125182857
2018-01-25 18:30:02.026;VU;AS8-AS1-20180125182620
2018-01-25 18:30:02.177;SQ;AS8-AS1-20180125183002
2018-01-25 18:30:28.846;RU;AS8-AS1-20180125182730
2018-01-25 18:30:35.274;RC;AS8-AS1-20180125182857
2018-01-25 18:30:36.170;SS;AS8-AS1-20180125182857
2018-01-25 18:30:54.580;VU;AS8-AS1-20180125182730
2018-01-25 18:31:21.134;RO;AS8-AS1-20180125183002
2018-01-25 18:31:22.075;SP;AS8-AS1-20180125183002
2018-01-25 18:31:24.700;SQ;AS8-AS1-20180125183124
2018-01-25 18:32:07.715;RU;AS8-AS1-20180125182857
2018-01-25 18:32:08.434;RC;AS8-AS1-20180125183002
2018-01-25 18:32:09.322;SS;AS8-AS1-20180125183002
2018-01-25 18:32:09.588;VU;AS8-AS1-20180125182857
2018-01-25 18:32:38.514;RO;AS8-AS1-20180125183124
2018-01-25 18:32:39.567;SP;AS8-AS1-20180125183124
2018-01-25 18:32:42.138;SQ;AS8-AS1-20180125183242
2018-01-25 18:33:17.655;RU;AS8-AS1-20180125183002
2018-01-25 18:33:18.485;RC;AS8-AS1-20180125183124
2018-01-25 18:33:19.266;SS;AS8-AS1-20180125183124
2018-01-25 18:33:19.439;VU;AS8-AS1-20180125183002
2018-01-25 18:33:57.990;RO;AS8-AS1-20180125183242
2018-01-25 18:33:59.006;SP;AS8-AS1-20180125183242
2018-01-25 18:34:01.632;SQ;AS8-AS1-20180125183401
2018-01-25 18:34:31.024;RU;AS8-AS1-20180125183124
2018-01-25 18:34:37.104;RC;AS8-AS1-20180125183242
2018-01-25 18:34:38.005;SS;AS8-AS1-20180125183242
2018-01-25 18:34:55.933;VU;AS8-AS1-20180125183124
2018-01-25 18:35:12.703;RO;AS8-AS1-20180125183401
2018-01-25 18:35:13.510;SP;AS8-AS1-20180125183401
2018-01-25 18:35:16.151;SQ;AS8-AS1-20180125183516
2018-01-25 18:35:52.431;RC;AS8-AS1-20180125183401
2018-01-25 18:35:54.152;SS;AS8-AS1-20180125183401
2018-01-25 18:35:55.528;RU;AS8-AS1-20180125183242
2018-01-25 18:35:57.338;VU;AS8-AS1-20180125183242
