2018-01-25 18:17:33.666;SQ;AS82-AS1-20180125181733
2018-01-25 18:17:37.149;RO;AS82-AS1-20180125181733
2018-01-25 18:17:38.013;SP;AS82-AS1-20180125181733
2018-01-25 18:17:40.673;SQ;AS82-AS1-20180125181740
2018-01-25 18:17:51.668;RC;AS82-AS1-20180125181733
2018-01-25 18:17:52.530;SS;AS82-AS1-20180125181733
2018-01-25 18:18:15.197;RO;AS82-AS1-20180125181740
2018-01-25 18:18:16.039;SP;AS82-AS1-20180125181740
2018-01-25 18:18:18.680;SQ;AS82-AS1-20180125181818
2018-01-25 18:18:40.201;RU;AS82-AS1-20180125181733
2018-01-25 18:18:47.722;RC;AS82-AS1-20180125181740
2018-01-25 18:18:49.127;SS;AS82-AS1-20180125181740
2018-01-25 18:18:54.018;VU;AS82-AS1-20180125181733
2018-01-25 18:19:27.545;RO;AS82-AS1-20180125181818
2018-01-25 18:19:28.577;SP;AS82-AS1-20180125181818
2018-01-25 18:19:31.233;SQ;AS82-AS1-20180125181931
2018-01-25 18:20:03.459;RU;AS82-AS1-20180125181740
2018-01-25 18:20:19.145;RC;AS82-AS1-20180125181818
2018-01-25 18:20:19.956;SS;AS82-AS1-20180125181818
2018-01-25 18:20:55.288;RO;AS82-AS1-20180125181931
2018-01-25 18:20:56.737;SP;AS82-AS1-20180125181931
2018-01-25 18:21:00.289;SQ;AS82-AS1-20180125182100
2018-01-25 18:21:22.223;RU;AS82-AS1-20180125181818
2018-01-25 18:21:35.955;RC;AS82-AS1-20180125181931
2018-01-25 18:21:37.360;SS;AS82-AS1-20180125181931
2018-01-25 18:21:58.544;VU;AS82-AS1-20180125181818
2018-01-25 18:22:11.948;RO;AS82-AS1-20180125182100
2018-01-25 18:22:13.247;SP;AS82-AS1-20180125182100
2018-01-25 18:22:16.769;SQ;AS82-AS1-20180125182216
2018-01-25 18:22:54.458;RU;AS82-AS1-20180125181931
2018-01-25 18:22:59.169;VU;AS82-AS1-20180125181931
2018-01-25 18:22:59.700;RC;AS82-AS1-20180125182100
2018-01-25 18:23:00.807;SS;AS82-AS1-20180125182100
2018-01-25 18:23:35.091;RO;AS82-AS1-20180125182216
2018-01-25 18:23:36.455;SP;AS82-AS1-20180125182216
2018-01-25 18:23:39.906;SQ;AS82-AS1-20180125182339
2018-01-25 18:24:24.209;RU;AS82-AS1-20180125182100
2018-01-25 18:24:24.474;RC;AS82-AS1-20180125182216
2018-01-25 18:24:26.596;SS;AS82-AS1-20180125182216
2018-01-25 18:24:27.463;VU;AS82-AS1-20180125182100
2018-01-25 18:25:01.370;RO;AS82-AS1-20180125182339
2018-01-25 18:25:02.682;SP;AS82-AS1-20180125182339
2018-01-25 18:25:06.240;SQ;AS82-AS1-20180125182506
2018-01-25 18:25:43.465;RC;AS82-AS1-20180125182339
2018-01-25 18:25:45.045;SS;AS82-AS1-20180125182339
2018-01-25 18:25:46.182;RU;AS82-AS1-20180125182216
2018-01-25 18:26:02.522;VU;AS82-AS1-20180125182216
2018-01-25 18:26:17.602;RO;AS82-AS1-20180125182506
2018-01-25 18:26:18.744;SP;AS82-AS1-20180125182506
2018-01-25 18:26:21.938;SQ;AS82-AS1-20180125182621
2018-01-25 18:26:59.406;RC;AS82-AS1-20180125182506
2018-01-25 18:26:59.406;RU;AS82-AS1-20180125182339
2018-01-25 18:27:01.486;SS;AS82-AS1-20180125182506
2018-01-25 18:27:02.487;VU;AS82-AS1-20180125182339
2018-01-25 18:27:50.549;RO;AS82-AS1-20180125182621
2018-01-25 18:27:52.971;SP;AS82-AS1-20180125182621
2018-01-25 18:27:56.395;SQ;AS82-AS1-20180125182756
2018-01-25 18:27:59.762;RU;AS82-AS1-20180125182506
2018-01-25 18:28:02.326;VU;AS82-AS1-20180125182506
2018-01-25 18:28:35.303;RC;AS82-AS1-20180125182621
2018-01-25 18:28:36.771;SS;AS82-AS1-20180125182621
2018-01-25 18:29:18.748;RO;AS82-AS1-20180125182756
2018-01-25 18:29:19.982;SP;AS82-AS1-20180125182756
2018-01-25 18:29:23.302;SQ;AS82-AS1-20180125182923
2018-01-25 18:29:50.005;RU;AS82-AS1-20180125182621
2018-01-25 18:29:54.918;RC;AS82-AS1-20180125182756
2018-01-25 18:29:59.239;SS;AS82-AS1-20180125182756
2018-01-25 18:30:03.164;VU;AS82-AS1-20180125182621
2018-01-25 18:30:38.488;RO;AS82-AS1-20180125182923
2018-01-25 18:30:39.857;SP;AS82-AS1-20180125182923
2018-01-25 18:30:43.869;SQ;AS82-AS1-20180125183043
2018-01-25 18:31:15.232;RU;AS82-AS1-20180125182756
2018-01-25 18:31:17.566;VU;AS82-AS1-20180125182756
2018-01-25 18:31:17.938;RC;AS82-AS1-20180125182923
2018-01-25 18:31:18.859;SS;AS82-AS1-20180125182923
2018-01-25 18:32:32.307;RO;AS82-AS1-20180125183043
2018-01-25 18:32:33.824;SP;AS82-AS1-20180125183043
2018-01-25 18:32:37.143;SQ;AS82-AS1-20180125183237
2018-01-25 18:32:42.109;RU;AS82-AS1-20180125182923
2018-01-25 18:32:58.120;VU;AS82-AS1-20180125182923
2018-01-25 18:33:17.985;RC;AS82-AS1-20180125183043
2018-01-25 18:33:18.951;SS;AS82-AS1-20180125183043
2018-01-25 18:33:56.141;RO;AS82-AS1-20180125183237
2018-01-25 18:33:57.770;SP;AS82-AS1-20180125183237
2018-01-25 18:34:01.331;SQ;AS82-AS1-20180125183401
2018-01-25 18:34:31.745;RC;AS82-AS1-20180125183237
2018-01-25 18:34:32.553;SS;AS82-AS1-20180125183237
2018-01-25 18:34:33.846;RU;AS82-AS1-20180125183043
2018-01-25 18:34:58.600;VU;AS82-AS1-20180125183043
2018-01-25 18:35:13.208;RO;AS82-AS1-20180125183401
2018-01-25 18:35:15.093;SP;AS82-AS1-20180125183401
2018-01-25 18:35:18.547;SQ;AS82-AS1-20180125183518
2018-01-25 18:35:55.575;RU;AS82-AS1-20180125183237
2018-01-25 18:35:57.266;RC;AS82-AS1-20180125183401
2018-01-25 18:35:59.534;VU;AS82-AS1-20180125183237
2018-01-25 18:35:59.556;SS;AS82-AS1-20180125183401
