2018-01-25 18:17:36.609;SQ;AS85-AS1-20180125181736
2018-01-25 18:18:04.316;RO;AS85-AS1-20180125181736
2018-01-25 18:18:05.444;SP;AS85-AS1-20180125181736
2018-01-25 18:18:08.080;SQ;AS85-AS1-20180125181808
2018-01-25 18:18:29.410;RC;AS85-AS1-20180125181736
2018-01-25 18:18:30.203;SS;AS85-AS1-20180125181736
2018-01-25 18:19:06.428;RO;AS85-AS1-20180125181808
2018-01-25 18:19:07.458;SP;AS85-AS1-20180125181808
2018-01-25 18:19:10.050;SQ;AS85-AS1-20180125181910
2018-01-25 18:19:39.345;RU;AS85-AS1-20180125181736
2018-01-25 18:19:47.003;RC;AS85-AS1-20180125181808
2018-01-25 18:19:49.097;SS;AS85-AS1-20180125181808
2018-01-25 18:19:54.984;VU;AS85-AS1-20180125181736
2018-01-25 18:20:23.806;RO;AS85-AS1-20180125181910
2018-01-25 18:20:24.968;SP;AS85-AS1-20180125181910
2018-01-25 18:20:27.589;SQ;AS85-AS1-20180125182027
2018-01-25 18:20:50.447;RU;AS85-AS1-20180125181808
2018-01-25 18:20:52.314;VU;AS85-AS1-20180125181808
2018-01-25 18:21:14.519;RC;AS85-AS1-20180125181910
2018-01-25 18:21:15.345;SS;AS85-AS1-20180125181910
2018-01-25 18:21:49.546;RO;AS85-AS1-20180125182027
2018-01-25 18:21:51.407;SP;AS85-AS1-20180125182027
2018-01-25 18:21:55.376;SQ;AS85-AS1-20180125182155
2018-01-25 18:22:23.096;RC;AS85-AS1-20180125182027
2018-01-25 18:22:23.894;SS;AS85-AS1-20180125182027
2018-01-25 18:22:33.960;RU;AS85-AS1-20180125181910
2018-01-25 18:22:59.076;VU;AS85-AS1-20180125181910
2018-01-25 18:23:06.842;RO;AS85-AS1-20180125182155
2018-01-25 18:23:07.768;SP;AS85-AS1-20180125182155
2018-01-25 18:23:10.386;SQ;AS85-AS1-20180125182310
2018-01-25 18:23:38.757;RU;AS85-AS1-20180125182027
2018-01-25 18:23:38.911;RC;AS85-AS1-20180125182155
2018-01-25 18:23:40.385;SS;AS85-AS1-20180125182155
2018-01-25 18:24:02.491;VU;AS85-AS1-20180125182027
2018-01-25 18:24:23.950;RO;AS85-AS1-20180125182310
2018-01-25 18:24:24.800;SP;AS85-AS1-20180125182310
2018-01-25 18:24:27.409;SQ;AS85-AS1-20180125182427
2018-01-25 18:24:57.835;RC;AS85-AS1-20180125182310
2018-01-25 18:24:58.471;RU;AS85-AS1-20180125182155
2018-01-25 18:24:58.833;SS;AS85-AS1-20180125182310
2018-01-25 18:25:00.463;VU;AS85-AS1-20180125182155
2018-01-25 18:26:16.811;RU;AS85-AS1-20180125182310
2018-01-25 18:26:18.635;VU;AS85-AS1-20180125182310
2018-01-25 18:26:53.527;RO;AS85-AS1-20180125182427
2018-01-25 18:26:54.391;SP;AS85-AS1-20180125182427
2018-01-25 18:26:57.017;SQ;AS85-AS1-20180125182657
2018-01-25 18:27:25.747;RC;AS85-AS1-20180125182427
2018-01-25 18:27:26.572;SS;AS85-AS1-20180125182427
2018-01-25 18:27:48.017;RO;AS85-AS1-20180125182657
2018-01-25 18:27:49.816;SP;AS85-AS1-20180125182657
2018-01-25 18:27:53.280;SQ;AS85-AS1-20180125182753
2018-01-25 18:28:23.252;RC;AS85-AS1-20180125182657
2018-01-25 18:28:24.082;SS;AS85-AS1-20180125182657
2018-01-25 18:28:54.348;RU;AS85-AS1-20180125182427
2018-01-25 18:28:56.164;VU;AS85-AS1-20180125182427
2018-01-25 18:29:04.357;RO;AS85-AS1-20180125182753
2018-01-25 18:29:05.658;SP;AS85-AS1-20180125182753
2018-01-25 18:29:08.282;SQ;AS85-AS1-20180125182908
2018-01-25 18:29:38.331;RU;AS85-AS1-20180125182657
2018-01-25 18:29:40.244;RC;AS85-AS1-20180125182753
2018-01-25 18:29:41.744;SS;AS85-AS1-20180125182753
2018-01-25 18:30:00.458;VU;AS85-AS1-20180125182657
2018-01-25 18:30:09.507;RO;AS85-AS1-20180125182908
2018-01-25 18:30:10.683;SP;AS85-AS1-20180125182908
2018-01-25 18:30:13.287;SQ;AS85-AS1-20180125183013
2018-01-25 18:30:49.735;RC;AS85-AS1-20180125182908
2018-01-25 18:30:50.892;SS;AS85-AS1-20180125182908
2018-01-25 18:31:07.339;RU;AS85-AS1-20180125182753
2018-01-25 18:31:09.135;VU;AS85-AS1-20180125182753
2018-01-25 18:31:31.669;RO;AS85-AS1-20180125183013
2018-01-25 18:31:32.682;SP;AS85-AS1-20180125183013
2018-01-25 18:31:35.290;SQ;AS85-AS1-20180125183135
2018-01-25 18:32:11.302;RC;AS85-AS1-20180125183013
2018-01-25 18:32:12.120;SS;AS85-AS1-20180125183013
2018-01-25 18:32:12.722;RU;AS85-AS1-20180125182908
2018-01-25 18:32:14.544;VU;AS85-AS1-20180125182908
2018-01-25 18:32:50.254;RO;AS85-AS1-20180125183135
2018-01-25 18:32:51.427;SP;AS85-AS1-20180125183135
2018-01-25 18:32:54.019;SQ;AS85-AS1-20180125183254
2018-01-25 18:33:30.536;RU;AS85-AS1-20180125183013
2018-01-25 18:33:33.267;RC;AS85-AS1-20180125183135
2018-01-25 18:33:34.093;SS;AS85-AS1-20180125183135
2018-01-25 18:33:55.672;VU;AS85-AS1-20180125183013
2018-01-25 18:34:18.881;RO;AS85-AS1-20180125183254
2018-01-25 18:34:19.941;SP;AS85-AS1-20180125183254
2018-01-25 18:34:22.556;SQ;AS85-AS1-20180125183422
2018-01-25 18:34:46.304;RU;AS85-AS1-20180125183135
2018-01-25 18:34:55.365;RC;AS85-AS1-20180125183254
2018-01-25 18:34:56.159;VU;AS85-AS1-20180125183135
2018-01-25 18:34:56.160;SS;AS85-AS1-20180125183254
2018-01-25 18:35:52.137;RO;AS85-AS1-20180125183422
2018-01-25 18:35:53.909;SP;AS85-AS1-20180125183422
2018-01-25 18:35:56.964;SQ;AS85-AS1-20180125183556
