2018-01-25 18:17:39.359;SQ;AS86-AS1-20180125181739
2018-01-25 18:18:12.869;RO;AS86-AS1-20180125181739
2018-01-25 18:18:13.722;SP;AS86-AS1-20180125181739
2018-01-25 18:18:16.404;SQ;AS86-AS1-20180125181816
2018-01-25 18:18:41.597;RC;AS86-AS1-20180125181739
2018-01-25 18:18:42.443;SS;AS86-AS1-20180125181739
2018-01-25 18:19:20.596;RO;AS86-AS1-20180125181816
2018-01-25 18:19:21.822;SP;AS86-AS1-20180125181816
2018-01-25 18:19:24.490;SQ;AS86-AS1-20180125181924
2018-01-25 18:19:58.347;RU;AS86-AS1-20180125181739
2018-01-25 18:20:00.188;VU;AS86-AS1-20180125181739
2018-01-25 18:20:18.389;RC;AS86-AS1-20180125181816
2018-01-25 18:20:19.247;SS;AS86-AS1-20180125181816
2018-01-25 18:20:33.149;RO;AS86-AS1-20180125181924
2018-01-25 18:20:34.383;SP;AS86-AS1-20180125181924
2018-01-25 18:20:37.055;SQ;AS86-AS1-20180125182037
2018-01-25 18:21:14.496;RC;AS86-AS1-20180125181924
2018-01-25 18:21:15.314;SS;AS86-AS1-20180125181924
2018-01-25 18:21:20.566;RU;AS86-AS1-20180125181816
2018-01-25 18:21:53.066;RO;AS86-AS1-20180125182037
2018-01-25 18:21:55.918;SP;AS86-AS1-20180125182037
2018-01-25 18:21:57.227;VU;AS86-AS1-20180125181816
2018-01-25 18:21:58.619;SQ;AS86-AS1-20180125182158
2018-01-25 18:22:21.529;RU;AS86-AS1-20180125181924
2018-01-25 18:22:38.876;RC;AS86-AS1-20180125182037
2018-01-25 18:22:39.806;SS;AS86-AS1-20180125182037
2018-01-25 18:23:00.264;VU;AS86-AS1-20180125181924
2018-01-25 18:23:16.449;RO;AS86-AS1-20180125182158
2018-01-25 18:23:17.580;SP;AS86-AS1-20180125182158
2018-01-25 18:23:20.265;SQ;AS86-AS1-20180125182320
2018-01-25 18:23:55.587;RC;AS86-AS1-20180125182158
2018-01-25 18:23:56.022;RU;AS86-AS1-20180125182037
2018-01-25 18:23:59.403;SS;AS86-AS1-20180125182158
2018-01-25 18:24:00.400;VU;AS86-AS1-20180125182037
2018-01-25 18:24:36.444;RO;AS86-AS1-20180125182320
2018-01-25 18:24:37.679;SP;AS86-AS1-20180125182320
2018-01-25 18:24:40.322;SQ;AS86-AS1-20180125182440
2018-01-25 18:25:02.399;RU;AS86-AS1-20180125182158
2018-01-25 18:25:04.244;VU;AS86-AS1-20180125182158
2018-01-25 18:25:30.044;RC;AS86-AS1-20180125182320
2018-01-25 18:25:30.872;SS;AS86-AS1-20180125182320
2018-01-25 18:26:04.406;RO;AS86-AS1-20180125182440
2018-01-25 18:26:05.231;SP;AS86-AS1-20180125182440
2018-01-25 18:26:07.895;SQ;AS86-AS1-20180125182607
2018-01-25 18:26:42.944;RC;AS86-AS1-20180125182440
2018-01-25 18:26:44.681;SS;AS86-AS1-20180125182440
2018-01-25 18:26:57.475;RU;AS86-AS1-20180125182320
2018-01-25 18:26:59.327;VU;AS86-AS1-20180125182320
2018-01-25 18:27:21.146;RO;AS86-AS1-20180125182607
2018-01-25 18:27:22.300;SP;AS86-AS1-20180125182607
2018-01-25 18:27:24.985;SQ;AS86-AS1-20180125182724
2018-01-25 18:27:54.529;RU;AS86-AS1-20180125182440
2018-01-25 18:27:56.344;VU;AS86-AS1-20180125182440
2018-01-25 18:27:59.745;RC;AS86-AS1-20180125182607
2018-01-25 18:28:00.569;SS;AS86-AS1-20180125182607
2018-01-25 18:28:56.451;RO;AS86-AS1-20180125182724
2018-01-25 18:28:57.411;SP;AS86-AS1-20180125182724
2018-01-25 18:29:00.101;SQ;AS86-AS1-20180125182900
2018-01-25 18:29:28.189;RC;AS86-AS1-20180125182724
2018-01-25 18:29:29.032;SS;AS86-AS1-20180125182724
2018-01-25 18:29:51.878;RU;AS86-AS1-20180125182607
2018-01-25 18:29:59.762;VU;AS86-AS1-20180125182607
2018-01-25 18:30:04.033;RO;AS86-AS1-20180125182900
2018-01-25 18:30:05.001;SP;AS86-AS1-20180125182900
2018-01-25 18:30:07.692;SQ;AS86-AS1-20180125183007
2018-01-25 18:30:39.181;RC;AS86-AS1-20180125182900
2018-01-25 18:30:40.041;SS;AS86-AS1-20180125182900
2018-01-25 18:31:01.692;RU;AS86-AS1-20180125182724
2018-01-25 18:31:03.514;VU;AS86-AS1-20180125182724
2018-01-25 18:31:24.945;RO;AS86-AS1-20180125183007
2018-01-25 18:31:26.090;SP;AS86-AS1-20180125183007
2018-01-25 18:31:28.765;SQ;AS86-AS1-20180125183128
2018-01-25 18:32:07.841;RU;AS86-AS1-20180125182900
2018-01-25 18:32:09.429;RC;AS86-AS1-20180125183007
2018-01-25 18:32:09.664;VU;AS86-AS1-20180125182900
2018-01-25 18:32:10.273;SS;AS86-AS1-20180125183007
2018-01-25 18:32:36.950;RO;AS86-AS1-20180125183128
2018-01-25 18:32:38.156;SP;AS86-AS1-20180125183128
2018-01-25 18:32:40.793;SQ;AS86-AS1-20180125183240
2018-01-25 18:33:20.381;RC;AS86-AS1-20180125183128
2018-01-25 18:33:21.219;SS;AS86-AS1-20180125183128
2018-01-25 18:33:27.925;RU;AS86-AS1-20180125183007
2018-01-25 18:33:55.806;RO;AS86-AS1-20180125183240
2018-01-25 18:33:56.447;VU;AS86-AS1-20180125183007
2018-01-25 18:33:56.716;SP;AS86-AS1-20180125183240
2018-01-25 18:33:59.376;SQ;AS86-AS1-20180125183359
2018-01-25 18:34:33.306;RC;AS86-AS1-20180125183240
2018-01-25 18:34:33.553;RU;AS86-AS1-20180125183128
2018-01-25 18:34:34.688;SS;AS86-AS1-20180125183240
2018-01-25 18:34:57.056;VU;AS86-AS1-20180125183128
2018-01-25 18:35:13.401;RO;AS86-AS1-20180125183359
2018-01-25 18:35:14.311;SP;AS86-AS1-20180125183359
2018-01-25 18:35:16.943;SQ;AS86-AS1-20180125183516
2018-01-25 18:35:50.436;RC;AS86-AS1-20180125183359
2018-01-25 18:35:52.252;SS;AS86-AS1-20180125183359
2018-01-25 18:35:55.880;RU;AS86-AS1-20180125183240
2018-01-25 18:35:57.714;VU;AS86-AS1-20180125183240
