2018-01-25 18:17:38.995;SQ;AS89-AS1-20180125181738
2018-01-25 18:18:10.906;RO;AS89-AS1-20180125181738
2018-01-25 18:18:11.849;SP;AS89-AS1-20180125181738
2018-01-25 18:18:14.484;SQ;AS89-AS1-20180125181814
2018-01-25 18:18:37.423;RC;AS89-AS1-20180125181738
2018-01-25 18:18:38.258;SS;AS89-AS1-20180125181738
2018-01-25 18:19:15.756;RO;AS89-AS1-20180125181814
2018-01-25 18:19:16.865;SP;AS89-AS1-20180125181814
2018-01-25 18:19:19.497;SQ;AS89-AS1-20180125181919
2018-01-25 18:19:40.441;RU;AS89-AS1-20180125181738
2018-01-25 18:19:54.961;VU;AS89-AS1-20180125181738
2018-01-25 18:19:55.589;RC;AS89-AS1-20180125181814
2018-01-25 18:19:56.416;SS;AS89-AS1-20180125181814
2018-01-25 18:20:24.449;RO;AS89-AS1-20180125181919
2018-01-25 18:20:25.392;SP;AS89-AS1-20180125181919
2018-01-25 18:20:28.051;SQ;AS89-AS1-20180125182028
2018-01-25 18:21:14.324;RU;AS89-AS1-20180125181814
2018-01-25 18:21:14.426;RC;AS89-AS1-20180125181919
2018-01-25 18:21:15.974;SS;AS89-AS1-20180125181919
2018-01-25 18:21:16.841;VU;AS89-AS1-20180125181814
2018-01-25 18:21:49.467;RO;AS89-AS1-20180125182028
2018-01-25 18:21:51.462;SP;AS89-AS1-20180125182028
2018-01-25 18:21:55.201;SQ;AS89-AS1-20180125182155
2018-01-25 18:22:19.903;RU;AS89-AS1-20180125181919
2018-01-25 18:22:29.278;RC;AS89-AS1-20180125182028
2018-01-25 18:22:30.747;SS;AS89-AS1-20180125182028
2018-01-25 18:22:59.234;VU;AS89-AS1-20180125181919
2018-01-25 18:23:16.227;RO;AS89-AS1-20180125182155
2018-01-25 18:23:17.150;SP;AS89-AS1-20180125182155
2018-01-25 18:23:19.810;SQ;AS89-AS1-20180125182319
2018-01-25 18:23:47.625;RC;AS89-AS1-20180125182155
2018-01-25 18:23:48.247;RU;AS89-AS1-20180125182028
2018-01-25 18:23:48.665;SS;AS89-AS1-20180125182155
2018-01-25 18:24:01.874;VU;AS89-AS1-20180125182028
2018-01-25 18:24:28.725;RO;AS89-AS1-20180125182319
2018-01-25 18:24:30.249;SP;AS89-AS1-20180125182319
2018-01-25 18:24:32.906;SQ;AS89-AS1-20180125182432
2018-01-25 18:24:59.231;RU;AS89-AS1-20180125182155
2018-01-25 18:25:01.079;VU;AS89-AS1-20180125182155
2018-01-25 18:25:22.757;RC;AS89-AS1-20180125182319
2018-01-25 18:25:23.568;SS;AS89-AS1-20180125182319
2018-01-25 18:25:55.402;RO;AS89-AS1-20180125182432
2018-01-25 18:25:57.210;SP;AS89-AS1-20180125182432
2018-01-25 18:26:00.108;SQ;AS89-AS1-20180125182600
2018-01-25 18:26:24.658;RC;AS89-AS1-20180125182432
2018-01-25 18:26:25.468;SS;AS89-AS1-20180125182432
2018-01-25 18:26:40.948;RU;AS89-AS1-20180125182319
2018-01-25 18:26:53.569;VU;AS89-AS1-20180125182319
2018-01-25 18:27:26.768;RO;AS89-AS1-20180125182600
2018-01-25 18:27:28.034;SP;AS89-AS1-20180125182600
2018-01-25 18:27:30.699;SQ;AS89-AS1-20180125182730
2018-01-25 18:27:53.617;RU;AS89-AS1-20180125182432
2018-01-25 18:27:55.446;VU;AS89-AS1-20180125182432
2018-01-25 18:28:19.014;RC;AS89-AS1-20180125182600
2018-01-25 18:28:19.864;SS;AS89-AS1-20180125182600
2018-01-25 18:28:52.430;RO;AS89-AS1-20180125182730
2018-01-25 18:28:54.930;SP;AS89-AS1-20180125182730
2018-01-25 18:28:57.589;SQ;AS89-AS1-20180125182857
2018-01-25 18:29:29.588;RU;AS89-AS1-20180125182600
2018-01-25 18:29:31.169;RC;AS89-AS1-20180125182730
2018-01-25 18:29:32.509;SS;AS89-AS1-20180125182730
2018-01-25 18:29:57.006;RO;AS89-AS1-20180125182857
2018-01-25 18:30:00.260;SP;AS89-AS1-20180125182857
2018-01-25 18:30:01.731;VU;AS89-AS1-20180125182600
2018-01-25 18:30:02.912;SQ;AS89-AS1-20180125183002
2018-01-25 18:30:41.271;RC;AS89-AS1-20180125182857
2018-01-25 18:30:42.082;SS;AS89-AS1-20180125182857
2018-01-25 18:31:01.965;RU;AS89-AS1-20180125182730
2018-01-25 18:31:03.800;VU;AS89-AS1-20180125182730
2018-01-25 18:31:09.515;RO;AS89-AS1-20180125183002
2018-01-25 18:31:10.836;SP;AS89-AS1-20180125183002
2018-01-25 18:31:13.477;SQ;AS89-AS1-20180125183113
2018-01-25 18:31:51.775;RC;AS89-AS1-20180125183002
2018-01-25 18:31:52.589;SS;AS89-AS1-20180125183002
2018-01-25 18:32:08.063;RU;AS89-AS1-20180125182857
2018-01-25 18:32:09.886;VU;AS89-AS1-20180125182857
2018-01-25 18:32:20.877;RO;AS89-AS1-20180125183113
2018-01-25 18:32:21.869;SP;AS89-AS1-20180125183113
2018-01-25 18:32:24.530;SQ;AS89-AS1-20180125183224
2018-01-25 18:33:04.234;RC;AS89-AS1-20180125183113
2018-01-25 18:33:05.060;SS;AS89-AS1-20180125183113
2018-01-25 18:33:17.006;RU;AS89-AS1-20180125183002
2018-01-25 18:33:18.845;VU;AS89-AS1-20180125183002
2018-01-25 18:33:53.231;RO;AS89-AS1-20180125183224
2018-01-25 18:33:54.435;SP;AS89-AS1-20180125183224
2018-01-25 18:33:57.114;SQ;AS89-AS1-20180125183357
2018-01-25 18:34:18.925;RU;AS89-AS1-20180125183113
2018-01-25 18:34:20.732;VU;AS89-AS1-20180125183113
2018-01-25 18:34:28.452;RC;AS89-AS1-20180125183224
2018-01-25 18:34:29.261;SS;AS89-AS1-20180125183224
2018-01-25 18:34:59.873;RO;AS89-AS1-20180125183357
2018-01-25 18:35:00.998;SP;AS89-AS1-20180125183357
2018-01-25 18:35:03.679;SQ;AS89-AS1-20180125183503
2018-01-25 18:35:45.124;RC;AS89-AS1-20180125183357
2018-01-25 18:35:45.946;SS;AS89-AS1-20180125183357
2018-01-25 18:35:57.251;RU;AS89-AS1-20180125183224
2018-01-25 18:35:59.072;VU;AS89-AS1-20180125183224
