2018-01-25 18:17:37.416;SQ;AS9-AS1-20180125181737
2018-01-25 18:18:04.465;RO;AS9-AS1-20180125181737
2018-01-25 18:18:05.768;SP;AS9-AS1-20180125181737
2018-01-25 18:18:08.403;SQ;AS9-AS1-20180125181808
2018-01-25 18:18:27.935;RC;AS9-AS1-20180125181737
2018-01-25 18:18:28.750;SS;AS9-AS1-20180125181737
2018-01-25 18:19:04.026;RO;AS9-AS1-20180125181808
2018-01-25 18:19:05.274;SP;AS9-AS1-20180125181808
2018-01-25 18:19:07.901;SQ;AS9-AS1-20180125181907
2018-01-25 18:19:44.533;RU;AS9-AS1-20180125181737
2018-01-25 18:19:46.118;RC;AS9-AS1-20180125181808
2018-01-25 18:19:48.278;SS;AS9-AS1-20180125181808
2018-01-25 18:19:55.000;VU;AS9-AS1-20180125181737
2018-01-25 18:20:21.948;RO;AS9-AS1-20180125181907
2018-01-25 18:20:22.784;SP;AS9-AS1-20180125181907
2018-01-25 18:20:25.365;SQ;AS9-AS1-20180125182025
2018-01-25 18:21:13.142;RU;AS9-AS1-20180125181808
2018-01-25 18:21:14.553;RC;AS9-AS1-20180125181907
2018-01-25 18:21:14.936;VU;AS9-AS1-20180125181808
2018-01-25 18:21:15.356;SS;AS9-AS1-20180125181907
2018-01-25 18:21:50.976;RO;AS9-AS1-20180125182025
2018-01-25 18:21:53.429;SP;AS9-AS1-20180125182025
2018-01-25 18:21:56.039;SQ;AS9-AS1-20180125182156
2018-01-25 18:22:22.726;RU;AS9-AS1-20180125181907
2018-01-25 18:22:26.514;RC;AS9-AS1-20180125182025
2018-01-25 18:22:27.947;SS;AS9-AS1-20180125182025
2018-01-25 18:22:59.647;VU;AS9-AS1-20180125181907
2018-01-25 18:23:45.348;RO;AS9-AS1-20180125182156
2018-01-25 18:23:46.470;SP;AS9-AS1-20180125182156
2018-01-25 18:23:49.057;SQ;AS9-AS1-20180125182349
2018-01-25 18:23:59.395;RU;AS9-AS1-20180125182025
2018-01-25 18:24:01.178;VU;AS9-AS1-20180125182025
2018-01-25 18:24:24.455;RC;AS9-AS1-20180125182156
2018-01-25 18:24:25.253;SS;AS9-AS1-20180125182156
2018-01-25 18:24:53.270;RO;AS9-AS1-20180125182349
2018-01-25 18:24:55.304;SP;AS9-AS1-20180125182349
2018-01-25 18:24:59.111;SQ;AS9-AS1-20180125182459
2018-01-25 18:25:34.496;RC;AS9-AS1-20180125182349
2018-01-25 18:25:35.272;SS;AS9-AS1-20180125182349
2018-01-25 18:25:37.368;RU;AS9-AS1-20180125182156
2018-01-25 18:26:01.594;VU;AS9-AS1-20180125182156
2018-01-25 18:26:16.893;RO;AS9-AS1-20180125182459
2018-01-25 18:26:18.029;SP;AS9-AS1-20180125182459
2018-01-25 18:26:20.612;SQ;AS9-AS1-20180125182620
2018-01-25 18:26:53.052;RC;AS9-AS1-20180125182459
2018-01-25 18:26:53.862;SS;AS9-AS1-20180125182459
2018-01-25 18:26:55.295;RU;AS9-AS1-20180125182349
2018-01-25 18:26:57.093;VU;AS9-AS1-20180125182349
2018-01-25 18:27:46.683;RO;AS9-AS1-20180125182620
2018-01-25 18:27:48.407;SP;AS9-AS1-20180125182620
2018-01-25 18:27:52.906;RU;AS9-AS1-20180125182459
2018-01-25 18:27:53.546;SQ;AS9-AS1-20180125182753
2018-01-25 18:27:55.062;VU;AS9-AS1-20180125182459
2018-01-25 18:28:22.608;RC;AS9-AS1-20180125182620
2018-01-25 18:28:23.415;SS;AS9-AS1-20180125182620
2018-01-25 18:29:18.407;RO;AS9-AS1-20180125182753
2018-01-25 18:29:19.420;SP;AS9-AS1-20180125182753
2018-01-25 18:29:22.007;SQ;AS9-AS1-20180125182922
2018-01-25 18:29:32.133;RU;AS9-AS1-20180125182620
2018-01-25 18:29:50.231;RC;AS9-AS1-20180125182753
2018-01-25 18:29:53.424;SS;AS9-AS1-20180125182753
2018-01-25 18:30:01.491;VU;AS9-AS1-20180125182620
2018-01-25 18:30:35.555;RO;AS9-AS1-20180125182922
2018-01-25 18:30:36.421;SP;AS9-AS1-20180125182922
2018-01-25 18:30:39.052;SQ;AS9-AS1-20180125183039
2018-01-25 18:31:07.094;RU;AS9-AS1-20180125182753
2018-01-25 18:31:08.902;VU;AS9-AS1-20180125182753
2018-01-25 18:31:17.426;RC;AS9-AS1-20180125182922
2018-01-25 18:31:18.234;SS;AS9-AS1-20180125182922
2018-01-25 18:31:54.330;RO;AS9-AS1-20180125183039
2018-01-25 18:31:55.416;SP;AS9-AS1-20180125183039
2018-01-25 18:31:58.030;SQ;AS9-AS1-20180125183158
2018-01-25 18:32:17.641;RU;AS9-AS1-20180125182922
2018-01-25 18:32:23.462;RC;AS9-AS1-20180125183039
2018-01-25 18:32:24.648;SS;AS9-AS1-20180125183039
2018-01-25 18:33:18.078;RO;AS9-AS1-20180125183158
2018-01-25 18:33:19.393;SP;AS9-AS1-20180125183158
2018-01-25 18:33:22.828;SQ;AS9-AS1-20180125183322
2018-01-25 18:33:55.814;RU;AS9-AS1-20180125183039
2018-01-25 18:33:58.266;VU;AS9-AS1-20180125183039
2018-01-25 18:33:58.526;RC;AS9-AS1-20180125183158
2018-01-25 18:33:59.693;SS;AS9-AS1-20180125183158
2018-01-25 18:34:50.266;RO;AS9-AS1-20180125183322
2018-01-25 18:34:52.800;SP;AS9-AS1-20180125183322
2018-01-25 18:34:58.121;SQ;AS9-AS1-20180125183458
2018-01-25 18:35:12.581;RU;AS9-AS1-20180125183158
2018-01-25 18:35:14.852;VU;AS9-AS1-20180125183158
2018-01-25 18:35:28.653;RC;AS9-AS1-20180125183322
2018-01-25 18:35:29.462;SS;AS9-AS1-20180125183322
