2018-01-25 18:17:35.640;SQ;AS90-AS1-20180125181735
2018-01-25 18:17:59.538;RO;AS90-AS1-20180125181735
2018-01-25 18:18:00.458;SP;AS90-AS1-20180125181735
2018-01-25 18:18:03.061;SQ;AS90-AS1-20180125181803
2018-01-25 18:18:19.478;RC;AS90-AS1-20180125181735
2018-01-25 18:18:20.252;SS;AS90-AS1-20180125181735
2018-01-25 18:18:51.518;RO;AS90-AS1-20180125181803
2018-01-25 18:18:53.128;SP;AS90-AS1-20180125181803
2018-01-25 18:18:55.660;SQ;AS90-AS1-20180125181855
2018-01-25 18:19:27.532;RC;AS90-AS1-20180125181803
2018-01-25 18:19:28.290;SS;AS90-AS1-20180125181803
2018-01-25 18:19:32.561;RU;AS90-AS1-20180125181735
2018-01-25 18:19:54.445;VU;AS90-AS1-20180125181735
2018-01-25 18:20:19.502;RO;AS90-AS1-20180125181855
2018-01-25 18:20:20.527;SP;AS90-AS1-20180125181855
2018-01-25 18:20:23.057;SQ;AS90-AS1-20180125182023
2018-01-25 18:20:51.605;RC;AS90-AS1-20180125181855
2018-01-25 18:20:52.369;SS;AS90-AS1-20180125181855
2018-01-25 18:20:55.011;RU;AS90-AS1-20180125181803
2018-01-25 18:20:56.776;VU;AS90-AS1-20180125181803
2018-01-25 18:21:36.697;RO;AS90-AS1-20180125182023
2018-01-25 18:21:37.911;SP;AS90-AS1-20180125182023
2018-01-25 18:21:40.416;SQ;AS90-AS1-20180125182140
2018-01-25 18:22:09.412;RC;AS90-AS1-20180125182023
2018-01-25 18:22:10.205;SS;AS90-AS1-20180125182023
2018-01-25 18:22:11.378;RU;AS90-AS1-20180125181855
2018-01-25 18:22:13.164;VU;AS90-AS1-20180125181855
2018-01-25 18:22:46.640;RO;AS90-AS1-20180125182140
2018-01-25 18:22:47.758;SP;AS90-AS1-20180125182140
2018-01-25 18:22:52.025;SQ;AS90-AS1-20180125182252
2018-01-25 18:23:20.850;RU;AS90-AS1-20180125182023
2018-01-25 18:23:21.882;RC;AS90-AS1-20180125182140
2018-01-25 18:23:22.609;VU;AS90-AS1-20180125182023
2018-01-25 18:23:22.643;SS;AS90-AS1-20180125182140
2018-01-25 18:23:55.960;RO;AS90-AS1-20180125182252
2018-01-25 18:23:57.807;SP;AS90-AS1-20180125182252
2018-01-25 18:24:00.311;SQ;AS90-AS1-20180125182400
2018-01-25 18:24:26.267;RC;AS90-AS1-20180125182252
2018-01-25 18:24:27.052;SS;AS90-AS1-20180125182252
2018-01-25 18:24:38.781;RU;AS90-AS1-20180125182140
2018-01-25 18:25:06.155;RO;AS90-AS1-20180125182400
2018-01-25 18:25:07.542;SP;AS90-AS1-20180125182400
2018-01-25 18:25:10.622;SQ;AS90-AS1-20180125182510
2018-01-25 18:25:44.519;RU;AS90-AS1-20180125182252
2018-01-25 18:25:49.931;RC;AS90-AS1-20180125182400
2018-01-25 18:25:51.744;SS;AS90-AS1-20180125182400
2018-01-25 18:26:04.200;VU;AS90-AS1-20180125182252
2018-01-25 18:26:55.588;RO;AS90-AS1-20180125182510
2018-01-25 18:26:56.742;SP;AS90-AS1-20180125182510
2018-01-25 18:27:00.043;SQ;AS90-AS1-20180125182700
2018-01-25 18:27:18.225;RU;AS90-AS1-20180125182400
2018-01-25 18:27:20.373;VU;AS90-AS1-20180125182400
2018-01-25 18:27:26.513;RC;AS90-AS1-20180125182510
2018-01-25 18:27:27.684;SS;AS90-AS1-20180125182510
2018-01-25 18:27:59.212;RO;AS90-AS1-20180125182700
2018-01-25 18:28:00.939;SP;AS90-AS1-20180125182700
2018-01-25 18:28:04.128;SQ;AS90-AS1-20180125182804
2018-01-25 18:28:47.770;RC;AS90-AS1-20180125182700
2018-01-25 18:28:49.284;SS;AS90-AS1-20180125182700
2018-01-25 18:28:54.212;RU;AS90-AS1-20180125182510
2018-01-25 18:28:58.568;VU;AS90-AS1-20180125182510
2018-01-25 18:29:26.883;RO;AS90-AS1-20180125182804
2018-01-25 18:29:28.387;SP;AS90-AS1-20180125182804
2018-01-25 18:29:31.492;SQ;AS90-AS1-20180125182931
2018-01-25 18:29:53.621;RU;AS90-AS1-20180125182700
2018-01-25 18:30:01.755;VU;AS90-AS1-20180125182700
2018-01-25 18:30:07.877;RC;AS90-AS1-20180125182804
2018-01-25 18:30:08.648;SS;AS90-AS1-20180125182804
2018-01-25 18:31:04.758;RO;AS90-AS1-20180125182931
2018-01-25 18:31:06.616;SP;AS90-AS1-20180125182931
2018-01-25 18:31:10.002;SQ;AS90-AS1-20180125183110
2018-01-25 18:31:31.160;RU;AS90-AS1-20180125182804
2018-01-25 18:31:42.182;RC;AS90-AS1-20180125182931
2018-01-25 18:31:44.060;SS;AS90-AS1-20180125182931
2018-01-25 18:31:55.036;VU;AS90-AS1-20180125182804
2018-01-25 18:32:13.834;RO;AS90-AS1-20180125183110
2018-01-25 18:32:15.609;SP;AS90-AS1-20180125183110
2018-01-25 18:32:18.911;SQ;AS90-AS1-20180125183218
2018-01-25 18:32:55.960;RU;AS90-AS1-20180125182931
2018-01-25 18:32:58.220;VU;AS90-AS1-20180125182931
2018-01-25 18:33:00.996;RC;AS90-AS1-20180125183110
2018-01-25 18:33:01.834;SS;AS90-AS1-20180125183110
2018-01-25 18:33:37.090;RO;AS90-AS1-20180125183218
2018-01-25 18:33:39.033;SP;AS90-AS1-20180125183218
2018-01-25 18:33:42.372;SQ;AS90-AS1-20180125183342
2018-01-25 18:34:18.698;RC;AS90-AS1-20180125183218
2018-01-25 18:34:19.538;RU;AS90-AS1-20180125183110
2018-01-25 18:34:19.658;SS;AS90-AS1-20180125183218
2018-01-25 18:34:22.039;VU;AS90-AS1-20180125183110
2018-01-25 18:34:52.393;RO;AS90-AS1-20180125183342
2018-01-25 18:34:55.230;SP;AS90-AS1-20180125183342
2018-01-25 18:34:58.539;SQ;AS90-AS1-20180125183458
2018-01-25 18:35:32.660;RC;AS90-AS1-20180125183342
2018-01-25 18:35:34.070;SS;AS90-AS1-20180125183342
2018-01-25 18:36:03.223;RU;AS90-AS1-20180125183218
