2018-01-25 18:17:34.713;SQ;AS94-AS1-20180125181734
2018-01-25 18:17:49.843;RO;AS94-AS1-20180125181734
2018-01-25 18:17:51.055;SP;AS94-AS1-20180125181734
2018-01-25 18:17:53.668;SQ;AS94-AS1-20180125181753
2018-01-25 18:18:09.235;RC;AS94-AS1-20180125181734
2018-01-25 18:18:10.035;SS;AS94-AS1-20180125181734
2018-01-25 18:18:36.965;RO;AS94-AS1-20180125181753
2018-01-25 18:18:38.021;SP;AS94-AS1-20180125181753
2018-01-25 18:18:40.600;SQ;AS94-AS1-20180125181840
2018-01-25 18:19:06.187;RU;AS94-AS1-20180125181734
2018-01-25 18:19:08.279;RC;AS94-AS1-20180125181753
2018-01-25 18:19:09.659;SS;AS94-AS1-20180125181753
2018-01-25 18:19:49.173;RO;AS94-AS1-20180125181840
2018-01-25 18:19:51.465;SP;AS94-AS1-20180125181840
2018-01-25 18:19:56.854;SQ;AS94-AS1-20180125181956
2018-01-25 18:20:20.066;RU;AS94-AS1-20180125181753
2018-01-25 18:20:23.233;RC;AS94-AS1-20180125181840
2018-01-25 18:20:24.885;SS;AS94-AS1-20180125181840
2018-01-25 18:20:58.636;VU;AS94-AS1-20180125181753
2018-01-25 18:21:13.193;RO;AS94-AS1-20180125181956
2018-01-25 18:21:14.645;SP;AS94-AS1-20180125181956
2018-01-25 18:21:17.871;SQ;AS94-AS1-20180125182117
2018-01-25 18:21:49.928;RC;AS94-AS1-20180125181956
2018-01-25 18:21:50.040;RU;AS94-AS1-20180125181840
2018-01-25 18:21:54.170;SS;AS94-AS1-20180125181956
2018-01-25 18:21:58.646;VU;AS94-AS1-20180125181840
2018-01-25 18:22:31.748;RO;AS94-AS1-20180125182117
2018-01-25 18:22:33.215;SP;AS94-AS1-20180125182117
2018-01-25 18:22:36.477;SQ;AS94-AS1-20180125182236
2018-01-25 18:23:06.327;RU;AS94-AS1-20180125181956
2018-01-25 18:23:08.131;VU;AS94-AS1-20180125181956
2018-01-25 18:23:16.778;RC;AS94-AS1-20180125182117
2018-01-25 18:23:17.803;SS;AS94-AS1-20180125182117
2018-01-25 18:23:51.279;RO;AS94-AS1-20180125182236
2018-01-25 18:23:53.977;SP;AS94-AS1-20180125182236
2018-01-25 18:24:00.855;SQ;AS94-AS1-20180125182400
2018-01-25 18:24:24.200;RC;AS94-AS1-20180125182236
2018-01-25 18:24:25.636;SS;AS94-AS1-20180125182236
2018-01-25 18:24:27.273;RU;AS94-AS1-20180125182117
2018-01-25 18:24:56.442;RO;AS94-AS1-20180125182400
2018-01-25 18:25:01.937;SP;AS94-AS1-20180125182400
2018-01-25 18:25:03.677;VU;AS94-AS1-20180125182117
2018-01-25 18:25:05.375;SQ;AS94-AS1-20180125182505
2018-01-25 18:25:40.123;RU;AS94-AS1-20180125182236
2018-01-25 18:25:44.122;RC;AS94-AS1-20180125182400
2018-01-25 18:25:45.188;SS;AS94-AS1-20180125182400
2018-01-25 18:26:04.732;VU;AS94-AS1-20180125182236
2018-01-25 18:26:26.162;RO;AS94-AS1-20180125182505
2018-01-25 18:26:28.042;SP;AS94-AS1-20180125182505
2018-01-25 18:26:31.507;SQ;AS94-AS1-20180125182631
2018-01-25 18:27:01.591;RU;AS94-AS1-20180125182400
2018-01-25 18:27:03.628;VU;AS94-AS1-20180125182400
2018-01-25 18:27:20.974;RC;AS94-AS1-20180125182505
2018-01-25 18:27:22.263;SS;AS94-AS1-20180125182505
2018-01-25 18:27:52.903;RO;AS94-AS1-20180125182631
2018-01-25 18:27:54.274;SP;AS94-AS1-20180125182631
2018-01-25 18:27:57.509;SQ;AS94-AS1-20180125182757
2018-01-25 18:28:32.851;RU;AS94-AS1-20180125182505
2018-01-25 18:28:39.336;RC;AS94-AS1-20180125182631
2018-01-25 18:28:41.294;SS;AS94-AS1-20180125182631
2018-01-25 18:29:01.816;VU;AS94-AS1-20180125182505
2018-01-25 18:29:18.658;RO;AS94-AS1-20180125182757
2018-01-25 18:29:20.434;SP;AS94-AS1-20180125182757
2018-01-25 18:29:23.887;SQ;AS94-AS1-20180125182923
2018-01-25 18:29:54.522;RU;AS94-AS1-20180125182631
2018-01-25 18:29:59.067;RC;AS94-AS1-20180125182757
2018-01-25 18:30:01.967;SS;AS94-AS1-20180125182757
2018-01-25 18:30:02.215;VU;AS94-AS1-20180125182631
2018-01-25 18:30:45.612;RO;AS94-AS1-20180125182923
2018-01-25 18:30:48.557;SP;AS94-AS1-20180125182923
2018-01-25 18:30:55.954;SQ;AS94-AS1-20180125183055
2018-01-25 18:31:16.059;RU;AS94-AS1-20180125182757
2018-01-25 18:31:17.866;VU;AS94-AS1-20180125182757
2018-01-25 18:31:26.416;RC;AS94-AS1-20180125182923
2018-01-25 18:31:27.554;SS;AS94-AS1-20180125182923
2018-01-25 18:32:09.572;RO;AS94-AS1-20180125183055
2018-01-25 18:32:11.132;SP;AS94-AS1-20180125183055
2018-01-25 18:32:14.575;SQ;AS94-AS1-20180125183214
2018-01-25 18:32:41.829;RU;AS94-AS1-20180125182923
2018-01-25 18:32:51.656;RC;AS94-AS1-20180125183055
2018-01-25 18:32:55.982;SS;AS94-AS1-20180125183055
2018-01-25 18:32:59.588;VU;AS94-AS1-20180125182923
2018-01-25 18:33:37.292;RO;AS94-AS1-20180125183214
2018-01-25 18:33:39.051;SP;AS94-AS1-20180125183214
2018-01-25 18:33:42.326;SQ;AS94-AS1-20180125183342
2018-01-25 18:34:18.270;RU;AS94-AS1-20180125183055
2018-01-25 18:34:20.831;VU;AS94-AS1-20180125183055
2018-01-25 18:34:23.700;RC;AS94-AS1-20180125183214
2018-01-25 18:34:24.678;SS;AS94-AS1-20180125183214
2018-01-25 18:34:54.021;RO;AS94-AS1-20180125183342
2018-01-25 18:34:56.071;SP;AS94-AS1-20180125183342
2018-01-25 18:34:59.389;SQ;AS94-AS1-20180125183459
2018-01-25 18:35:31.919;RC;AS94-AS1-20180125183342
2018-01-25 18:35:33.412;SS;AS94-AS1-20180125183342
2018-01-25 18:35:51.669;RU;AS94-AS1-20180125183214
2018-01-25 18:36:00.487;VU;AS94-AS1-20180125183214
