2018-01-22 00:50:22.608;SQ;AS10-AS1-20180122005022
2018-01-22 00:50:26.592;RO;AS10-AS1-20180122005022
2018-01-22 00:50:27.398;SP;AS10-AS1-20180122005022
2018-01-22 00:50:29.981;SQ;AS10-AS1-20180122005029
2018-01-22 00:50:32.069;RC;AS10-AS1-20180122005022
2018-01-22 00:50:32.872;SS;AS10-AS1-20180122005022
2018-01-22 00:50:40.218;RO;AS10-AS1-20180122005029
2018-01-22 00:50:41.798;SP;AS10-AS1-20180122005029
2018-01-22 00:50:44.384;SQ;AS10-AS1-20180122005044
2018-01-22 00:50:46.749;RU;AS10-AS1-20180122005022
2018-01-22 00:50:49.375;RC;AS10-AS1-20180122005029
2018-01-22 00:50:50.179;SS;AS10-AS1-20180122005029
2018-01-22 00:51:00.592;RO;AS10-AS1-20180122005044
2018-01-22 00:51:02.190;SP;AS10-AS1-20180122005044
2018-01-22 00:51:04.794;SQ;AS10-AS1-20180122005104
2018-01-22 00:51:06.596;RU;AS10-AS1-20180122005029
2018-01-22 00:51:11.551;RC;AS10-AS1-20180122005044
2018-01-22 00:51:12.371;SS;AS10-AS1-20180122005044
2018-01-22 00:51:19.806;RO;AS10-AS1-20180122005104
2018-01-22 00:51:20.802;SP;AS10-AS1-20180122005104
2018-01-22 00:51:23.546;SQ;AS10-AS1-20180122005123
2018-01-22 00:51:27.926;RC;AS10-AS1-20180122005104
2018-01-22 00:51:28.784;SS;AS10-AS1-20180122005104
2018-01-22 00:51:30.083;RU;AS10-AS1-20180122005044
2018-01-22 00:51:38.760;RO;AS10-AS1-20180122005123
2018-01-22 00:51:40.329;SP;AS10-AS1-20180122005123
2018-01-22 00:51:42.974;SQ;AS10-AS1-20180122005142
2018-01-22 00:51:46.722;RU;AS10-AS1-20180122005104
2018-01-22 00:51:47.184;RC;AS10-AS1-20180122005123
2018-01-22 00:51:47.957;SS;AS10-AS1-20180122005123
2018-01-22 00:51:58.478;RO;AS10-AS1-20180122005142
2018-01-22 00:51:59.967;SP;AS10-AS1-20180122005142
2018-01-22 00:52:02.767;SQ;AS10-AS1-20180122005202
2018-01-22 00:52:05.631;RU;AS10-AS1-20180122005123
2018-01-22 00:52:05.789;RC;AS10-AS1-20180122005142
2018-01-22 00:52:06.577;SS;AS10-AS1-20180122005142
2018-01-22 00:52:18.576;RO;AS10-AS1-20180122005202
2018-01-22 00:52:19.579;SP;AS10-AS1-20180122005202
2018-01-22 00:52:22.068;RU;AS10-AS1-20180122005142
2018-01-22 00:52:22.151;SQ;AS10-AS1-20180122005222
2018-01-22 00:52:26.364;RC;AS10-AS1-20180122005202
2018-01-22 00:52:27.227;SS;AS10-AS1-20180122005202
2018-01-22 00:52:45.343;RO;AS10-AS1-20180122005222
2018-01-22 00:52:47.062;SP;AS10-AS1-20180122005222
2018-01-22 00:52:49.632;SQ;AS10-AS1-20180122005249
2018-01-22 00:52:54.069;RU;AS10-AS1-20180122005202
2018-01-22 00:52:55.945;RC;AS10-AS1-20180122005222
2018-01-22 00:52:56.763;SS;AS10-AS1-20180122005222
2018-01-22 00:53:03.316;RO;AS10-AS1-20180122005249
2018-01-22 00:53:04.461;SP;AS10-AS1-20180122005249
2018-01-22 00:53:07.039;SQ;AS10-AS1-20180122005307
2018-01-22 00:53:13.007;RC;AS10-AS1-20180122005249
2018-01-22 00:53:13.445;RU;AS10-AS1-20180122005222
2018-01-22 00:53:13.802;SS;AS10-AS1-20180122005249
2018-01-22 00:53:23.440;RO;AS10-AS1-20180122005307
2018-01-22 00:53:24.853;SP;AS10-AS1-20180122005307
2018-01-22 00:53:27.481;SQ;AS10-AS1-20180122005327
2018-01-22 00:53:32.988;RU;AS10-AS1-20180122005249
2018-01-22 00:53:33.552;RC;AS10-AS1-20180122005307
2018-01-22 00:53:34.326;SS;AS10-AS1-20180122005307
2018-01-22 00:53:42.979;RO;AS10-AS1-20180122005327
2018-01-22 00:53:44.299;SP;AS10-AS1-20180122005327
2018-01-22 00:53:46.962;SQ;AS10-AS1-20180122005346
2018-01-22 00:53:53.150;RU;AS10-AS1-20180122005307
2018-01-22 00:54:00.767;RC;AS10-AS1-20180122005327
2018-01-22 00:54:01.591;SS;AS10-AS1-20180122005327
2018-01-22 00:54:01.683;RO;AS10-AS1-20180122005346
2018-01-22 00:54:02.894;SP;AS10-AS1-20180122005346
2018-01-22 00:54:05.575;SQ;AS10-AS1-20180122005405
2018-01-22 00:54:11.590;RC;AS10-AS1-20180122005346
2018-01-22 00:54:12.462;SS;AS10-AS1-20180122005346
2018-01-22 00:54:21.391;RU;AS10-AS1-20180122005327
2018-01-22 00:54:21.422;RO;AS10-AS1-20180122005405
2018-01-22 00:54:22.379;SP;AS10-AS1-20180122005405
2018-01-22 00:54:24.967;SQ;AS10-AS1-20180122005424
2018-01-22 00:54:29.154;RU;AS10-AS1-20180122005346
2018-01-22 00:54:30.806;RC;AS10-AS1-20180122005405
2018-01-22 00:54:31.608;SS;AS10-AS1-20180122005405
2018-01-22 00:54:40.990;RO;AS10-AS1-20180122005424
2018-01-22 00:54:42.772;SP;AS10-AS1-20180122005424
2018-01-22 00:54:45.386;SQ;AS10-AS1-20180122005445
2018-01-22 00:54:48.960;RU;AS10-AS1-20180122005405
2018-01-22 00:54:51.324;RC;AS10-AS1-20180122005424
2018-01-22 00:54:52.218;SS;AS10-AS1-20180122005424
2018-01-22 00:55:01.226;RO;AS10-AS1-20180122005445
2018-01-22 00:55:02.241;SP;AS10-AS1-20180122005445
2018-01-22 00:55:04.977;SQ;AS10-AS1-20180122005504
2018-01-22 00:55:09.107;RU;AS10-AS1-20180122005424
2018-01-22 00:55:10.043;RC;AS10-AS1-20180122005445
2018-01-22 00:55:10.829;SS;AS10-AS1-20180122005445
2018-01-22 00:55:17.604;RO;AS10-AS1-20180122005504
2018-01-22 00:55:18.800;SP;AS10-AS1-20180122005504
2018-01-22 00:55:21.547;SQ;AS10-AS1-20180122005521
2018-01-22 00:55:23.523;RC;AS10-AS1-20180122005504
2018-01-22 00:55:24.315;SS;AS10-AS1-20180122005504
2018-01-22 00:55:27.951;RU;AS10-AS1-20180122005445
2018-01-22 00:55:35.242;RO;AS10-AS1-20180122005521
2018-01-22 00:55:36.373;SP;AS10-AS1-20180122005521
2018-01-22 00:55:38.977;SQ;AS10-AS1-20180122005538
2018-01-22 00:55:42.125;RU;AS10-AS1-20180122005504
2018-01-22 00:55:44.663;RC;AS10-AS1-20180122005521
2018-01-22 00:55:45.464;SS;AS10-AS1-20180122005521
2018-01-22 00:55:52.304;RO;AS10-AS1-20180122005538
2018-01-22 00:55:53.868;SP;AS10-AS1-20180122005538
2018-01-22 00:55:56.541;SQ;AS10-AS1-20180122005556
2018-01-22 00:56:01.485;RC;AS10-AS1-20180122005538
2018-01-22 00:56:02.280;SS;AS10-AS1-20180122005538
2018-01-22 00:56:04.012;RU;AS10-AS1-20180122005521
2018-01-22 00:56:10.373;RO;AS10-AS1-20180122005556
2018-01-22 00:56:11.442;SP;AS10-AS1-20180122005556
2018-01-22 00:56:14.084;SQ;AS10-AS1-20180122005614
2018-01-22 00:56:19.142;RU;AS10-AS1-20180122005538
2018-01-22 00:56:20.550;RC;AS10-AS1-20180122005556
2018-01-22 00:56:21.518;SS;AS10-AS1-20180122005556
2018-01-22 00:56:28.804;RO;AS10-AS1-20180122005614
2018-01-22 00:56:29.908;SP;AS10-AS1-20180122005614
2018-01-22 00:56:32.602;SQ;AS10-AS1-20180122005632
2018-01-22 00:56:38.920;RC;AS10-AS1-20180122005614
2018-01-22 00:56:39.460;RU;AS10-AS1-20180122005556
2018-01-22 00:56:39.702;SS;AS10-AS1-20180122005614
2018-01-22 00:56:50.074;RO;AS10-AS1-20180122005632
2018-01-22 00:56:51.410;SP;AS10-AS1-20180122005632
2018-01-22 00:56:53.993;SQ;AS10-AS1-20180122005653
2018-01-22 00:56:59.898;RU;AS10-AS1-20180122005614
2018-01-22 00:56:59.923;RC;AS10-AS1-20180122005632
2018-01-22 00:57:00.781;SS;AS10-AS1-20180122005632
2018-01-22 00:57:08.540;RO;AS10-AS1-20180122005653
2018-01-22 00:57:09.880;SP;AS10-AS1-20180122005653
2018-01-22 00:57:12.531;SQ;AS10-AS1-20180122005712
2018-01-22 00:57:15.458;RU;AS10-AS1-20180122005632
2018-01-22 00:57:18.490;RC;AS10-AS1-20180122005653
2018-01-22 00:57:19.491;SS;AS10-AS1-20180122005653
2018-01-22 00:57:28.242;RO;AS10-AS1-20180122005712
2018-01-22 00:57:29.490;SP;AS10-AS1-20180122005712
2018-01-22 00:57:32.153;SQ;AS10-AS1-20180122005732
2018-01-22 00:57:38.309;RU;AS10-AS1-20180122005653
2018-01-22 00:57:38.636;RC;AS10-AS1-20180122005712
2018-01-22 00:57:39.421;SS;AS10-AS1-20180122005712
2018-01-22 00:57:48.902;RO;AS10-AS1-20180122005732
2018-01-22 00:57:49.976;SP;AS10-AS1-20180122005732
2018-01-22 00:57:52.518;SQ;AS10-AS1-20180122005752
2018-01-22 00:57:57.207;RU;AS10-AS1-20180122005712
2018-01-22 00:57:57.501;RC;AS10-AS1-20180122005732
2018-01-22 00:57:58.305;SS;AS10-AS1-20180122005732
2018-01-22 00:58:08.674;RO;AS10-AS1-20180122005752
2018-01-22 00:58:10.318;SP;AS10-AS1-20180122005752
2018-01-22 00:58:12.981;SQ;AS10-AS1-20180122005812
2018-01-22 00:58:16.842;RU;AS10-AS1-20180122005732
2018-01-22 00:58:18.905;RC;AS10-AS1-20180122005752
2018-01-22 00:58:19.808;SS;AS10-AS1-20180122005752
2018-01-22 00:58:27.217;RO;AS10-AS1-20180122005812
2018-01-22 00:58:28.843;SP;AS10-AS1-20180122005812
2018-01-22 00:58:31.436;SQ;AS10-AS1-20180122005831
2018-01-22 00:58:35.040;RU;AS10-AS1-20180122005752
2018-01-22 00:58:36.473;RC;AS10-AS1-20180122005812
2018-01-22 00:58:37.445;SS;AS10-AS1-20180122005812
2018-01-22 00:58:44.694;RO;AS10-AS1-20180122005831
2018-01-22 00:58:46.235;SP;AS10-AS1-20180122005831
2018-01-22 00:58:48.859;SQ;AS10-AS1-20180122005848
2018-01-22 00:58:52.938;RU;AS10-AS1-20180122005812
2018-01-22 00:58:54.638;RC;AS10-AS1-20180122005831
2018-01-22 00:58:55.539;SS;AS10-AS1-20180122005831
2018-01-22 00:59:09.310;RO;AS10-AS1-20180122005848
2018-01-22 00:59:10.675;SP;AS10-AS1-20180122005848
2018-01-22 00:59:12.317;RU;AS10-AS1-20180122005831
2018-01-22 00:59:13.353;SQ;AS10-AS1-20180122005913
2018-01-22 00:59:17.050;RC;AS10-AS1-20180122005848
2018-01-22 00:59:17.841;SS;AS10-AS1-20180122005848
2018-01-22 00:59:26.385;RO;AS10-AS1-20180122005913
2018-01-22 00:59:28.145;SP;AS10-AS1-20180122005913
2018-01-22 00:59:30.756;SQ;AS10-AS1-20180122005930
2018-01-22 00:59:33.223;RU;AS10-AS1-20180122005848
2018-01-22 00:59:35.278;RC;AS10-AS1-20180122005913
2018-01-22 00:59:36.054;SS;AS10-AS1-20180122005913
2018-01-22 00:59:44.390;RO;AS10-AS1-20180122005930
2018-01-22 00:59:45.592;SP;AS10-AS1-20180122005930
2018-01-22 00:59:50.186;RU;AS10-AS1-20180122005913
2018-01-22 00:59:53.360;RC;AS10-AS1-20180122005930
2018-01-22 00:59:54.337;SS;AS10-AS1-20180122005930
2018-01-22 01:00:04.142;RU;AS10-AS1-20180122005930
