2018-01-22 00:50:22.654;SQ;AS16-AS1-20180122005022
2018-01-22 00:50:27.780;RO;AS16-AS1-20180122005022
2018-01-22 00:50:29.458;SP;AS16-AS1-20180122005022
2018-01-22 00:50:32.041;SQ;AS16-AS1-20180122005032
2018-01-22 00:50:34.410;RC;AS16-AS1-20180122005022
2018-01-22 00:50:35.221;SS;AS16-AS1-20180122005022
2018-01-22 00:50:45.125;RO;AS16-AS1-20180122005032
2018-01-22 00:50:46.855;SP;AS16-AS1-20180122005032
2018-01-22 00:50:49.432;SQ;AS16-AS1-20180122005049
2018-01-22 00:50:50.672;RU;AS16-AS1-20180122005022
2018-01-22 00:50:53.807;RC;AS16-AS1-20180122005032
2018-01-22 00:50:54.582;SS;AS16-AS1-20180122005032
2018-01-22 00:51:01.741;RO;AS16-AS1-20180122005049
2018-01-22 00:51:03.387;SP;AS16-AS1-20180122005049
2018-01-22 00:51:06.143;SQ;AS16-AS1-20180122005106
2018-01-22 00:51:12.544;RC;AS16-AS1-20180122005049
2018-01-22 00:51:12.803;RU;AS16-AS1-20180122005032
2018-01-22 00:51:13.392;SS;AS16-AS1-20180122005049
2018-01-22 00:51:21.863;RO;AS16-AS1-20180122005106
2018-01-22 00:51:22.977;SP;AS16-AS1-20180122005106
2018-01-22 00:51:25.630;SQ;AS16-AS1-20180122005125
2018-01-22 00:51:30.358;RC;AS16-AS1-20180122005106
2018-01-22 00:51:31.166;SS;AS16-AS1-20180122005106
2018-01-22 00:51:33.165;RU;AS16-AS1-20180122005049
2018-01-22 00:51:47.237;RO;AS16-AS1-20180122005125
2018-01-22 00:51:48.426;SP;AS16-AS1-20180122005125
2018-01-22 00:51:50.268;RU;AS16-AS1-20180122005106
2018-01-22 00:51:50.981;SQ;AS16-AS1-20180122005150
2018-01-22 00:51:56.447;RC;AS16-AS1-20180122005125
2018-01-22 00:51:57.326;SS;AS16-AS1-20180122005125
2018-01-22 00:52:03.516;RO;AS16-AS1-20180122005150
2018-01-22 00:52:04.787;SP;AS16-AS1-20180122005150
2018-01-22 00:52:07.371;SQ;AS16-AS1-20180122005207
2018-01-22 00:52:13.983;RC;AS16-AS1-20180122005150
2018-01-22 00:52:14.767;SS;AS16-AS1-20180122005150
2018-01-22 00:52:15.804;RU;AS16-AS1-20180122005125
2018-01-22 00:52:23.597;RO;AS16-AS1-20180122005207
2018-01-22 00:52:25.376;SP;AS16-AS1-20180122005207
2018-01-22 00:52:28.048;SQ;AS16-AS1-20180122005228
2018-01-22 00:52:31.851;RC;AS16-AS1-20180122005207
2018-01-22 00:52:32.622;SS;AS16-AS1-20180122005207
2018-01-22 00:52:34.091;RU;AS16-AS1-20180122005150
2018-01-22 00:52:43.586;RO;AS16-AS1-20180122005228
2018-01-22 00:52:44.856;SP;AS16-AS1-20180122005228
2018-01-22 00:52:47.471;SQ;AS16-AS1-20180122005247
2018-01-22 00:52:50.774;RU;AS16-AS1-20180122005207
2018-01-22 00:52:53.390;RC;AS16-AS1-20180122005228
2018-01-22 00:52:54.175;SS;AS16-AS1-20180122005228
2018-01-22 00:53:02.561;RO;AS16-AS1-20180122005247
2018-01-22 00:53:04.278;SP;AS16-AS1-20180122005247
2018-01-22 00:53:06.860;SQ;AS16-AS1-20180122005306
2018-01-22 00:53:10.647;RU;AS16-AS1-20180122005228
2018-01-22 00:53:12.387;RC;AS16-AS1-20180122005247
2018-01-22 00:53:13.165;SS;AS16-AS1-20180122005247
2018-01-22 00:53:22.804;RO;AS16-AS1-20180122005306
2018-01-22 00:53:23.786;SP;AS16-AS1-20180122005306
2018-01-22 00:53:26.470;SQ;AS16-AS1-20180122005326
2018-01-22 00:53:31.049;RU;AS16-AS1-20180122005247
2018-01-22 00:53:31.333;RC;AS16-AS1-20180122005306
2018-01-22 00:53:32.136;SS;AS16-AS1-20180122005306
2018-01-22 00:53:42.629;RO;AS16-AS1-20180122005326
2018-01-22 00:53:44.262;SP;AS16-AS1-20180122005326
2018-01-22 00:53:46.804;SQ;AS16-AS1-20180122005346
2018-01-22 00:53:48.997;RU;AS16-AS1-20180122005306
2018-01-22 00:53:50.266;RC;AS16-AS1-20180122005326
2018-01-22 00:53:51.062;SS;AS16-AS1-20180122005326
2018-01-22 00:54:00.780;RO;AS16-AS1-20180122005346
2018-01-22 00:54:01.629;SP;AS16-AS1-20180122005346
2018-01-22 00:54:04.227;SQ;AS16-AS1-20180122005404
2018-01-22 00:54:07.085;RC;AS16-AS1-20180122005346
2018-01-22 00:54:07.859;SS;AS16-AS1-20180122005346
2018-01-22 00:54:10.020;RU;AS16-AS1-20180122005326
2018-01-22 00:54:21.419;RO;AS16-AS1-20180122005404
2018-01-22 00:54:23.208;SP;AS16-AS1-20180122005404
2018-01-22 00:54:25.820;SQ;AS16-AS1-20180122005425
2018-01-22 00:54:25.936;RU;AS16-AS1-20180122005346
2018-01-22 00:54:31.236;RC;AS16-AS1-20180122005404
2018-01-22 00:54:32.093;SS;AS16-AS1-20180122005404
2018-01-22 00:54:41.147;RO;AS16-AS1-20180122005425
2018-01-22 00:54:42.623;SP;AS16-AS1-20180122005425
2018-01-22 00:54:45.334;SQ;AS16-AS1-20180122005445
2018-01-22 00:54:51.358;RC;AS16-AS1-20180122005425
2018-01-22 00:54:52.230;SS;AS16-AS1-20180122005425
2018-01-22 00:54:52.450;RU;AS16-AS1-20180122005404
2018-01-22 00:55:00.256;RO;AS16-AS1-20180122005445
2018-01-22 00:55:01.124;SP;AS16-AS1-20180122005445
2018-01-22 00:55:03.828;SQ;AS16-AS1-20180122005503
2018-01-22 00:55:05.421;RU;AS16-AS1-20180122005425
2018-01-22 00:55:07.990;RC;AS16-AS1-20180122005445
2018-01-22 00:55:08.749;SS;AS16-AS1-20180122005445
2018-01-22 00:55:18.664;RO;AS16-AS1-20180122005503
2018-01-22 00:55:19.791;SP;AS16-AS1-20180122005503
2018-01-22 00:55:22.504;SQ;AS16-AS1-20180122005522
2018-01-22 00:55:25.901;RU;AS16-AS1-20180122005445
2018-01-22 00:55:27.629;RC;AS16-AS1-20180122005503
2018-01-22 00:55:28.469;SS;AS16-AS1-20180122005503
2018-01-22 00:55:38.437;RO;AS16-AS1-20180122005522
2018-01-22 00:55:39.488;SP;AS16-AS1-20180122005522
2018-01-22 00:55:42.062;SQ;AS16-AS1-20180122005542
2018-01-22 00:55:44.721;RU;AS16-AS1-20180122005503
2018-01-22 00:55:46.629;RC;AS16-AS1-20180122005522
2018-01-22 00:55:47.409;SS;AS16-AS1-20180122005522
2018-01-22 00:55:57.643;RO;AS16-AS1-20180122005542
2018-01-22 00:55:58.896;SP;AS16-AS1-20180122005542
2018-01-22 00:56:01.667;SQ;AS16-AS1-20180122005601
2018-01-22 00:56:04.068;RC;AS16-AS1-20180122005542
2018-01-22 00:56:04.105;RU;AS16-AS1-20180122005522
2018-01-22 00:56:04.859;SS;AS16-AS1-20180122005542
2018-01-22 00:56:21.470;RO;AS16-AS1-20180122005601
2018-01-22 00:56:22.491;SP;AS16-AS1-20180122005601
2018-01-22 00:56:24.810;RU;AS16-AS1-20180122005542
2018-01-22 00:56:25.044;SQ;AS16-AS1-20180122005625
2018-01-22 00:56:30.025;RC;AS16-AS1-20180122005601
2018-01-22 00:56:30.818;SS;AS16-AS1-20180122005601
2018-01-22 00:56:40.670;RO;AS16-AS1-20180122005625
2018-01-22 00:56:41.817;SP;AS16-AS1-20180122005625
2018-01-22 00:56:44.337;SQ;AS16-AS1-20180122005644
2018-01-22 00:56:49.232;RC;AS16-AS1-20180122005625
2018-01-22 00:56:50.005;SS;AS16-AS1-20180122005625
2018-01-22 00:56:50.220;RU;AS16-AS1-20180122005601
2018-01-22 00:56:56.004;RO;AS16-AS1-20180122005644
2018-01-22 00:56:57.125;SP;AS16-AS1-20180122005644
2018-01-22 00:56:59.649;SQ;AS16-AS1-20180122005659
2018-01-22 00:57:04.471;RC;AS16-AS1-20180122005644
2018-01-22 00:57:05.411;SS;AS16-AS1-20180122005644
2018-01-22 00:57:06.113;RU;AS16-AS1-20180122005625
2018-01-22 00:57:15.464;RO;AS16-AS1-20180122005659
2018-01-22 00:57:16.583;SP;AS16-AS1-20180122005659
2018-01-22 00:57:19.190;SQ;AS16-AS1-20180122005719
2018-01-22 00:57:21.672;RU;AS16-AS1-20180122005644
2018-01-22 00:57:23.150;RC;AS16-AS1-20180122005659
2018-01-22 00:57:23.923;SS;AS16-AS1-20180122005659
2018-01-22 00:57:36.075;RO;AS16-AS1-20180122005719
2018-01-22 00:57:37.069;SP;AS16-AS1-20180122005719
2018-01-22 00:57:39.805;SQ;AS16-AS1-20180122005739
2018-01-22 00:57:43.202;RU;AS16-AS1-20180122005659
2018-01-22 00:57:43.326;RC;AS16-AS1-20180122005719
2018-01-22 00:57:44.120;SS;AS16-AS1-20180122005719
2018-01-22 00:57:54.772;RO;AS16-AS1-20180122005739
2018-01-22 00:57:55.595;SP;AS16-AS1-20180122005739
2018-01-22 00:57:58.324;SQ;AS16-AS1-20180122005758
2018-01-22 00:58:02.119;RU;AS16-AS1-20180122005719
2018-01-22 00:58:02.220;RC;AS16-AS1-20180122005739
2018-01-22 00:58:03.024;SS;AS16-AS1-20180122005739
2018-01-22 00:58:15.246;RO;AS16-AS1-20180122005758
2018-01-22 00:58:16.119;SP;AS16-AS1-20180122005758
2018-01-22 00:58:18.720;SQ;AS16-AS1-20180122005818
2018-01-22 00:58:19.876;RU;AS16-AS1-20180122005739
2018-01-22 00:58:22.831;RC;AS16-AS1-20180122005758
2018-01-22 00:58:23.688;SS;AS16-AS1-20180122005758
2018-01-22 00:58:34.894;RO;AS16-AS1-20180122005818
2018-01-22 00:58:36.520;SP;AS16-AS1-20180122005818
2018-01-22 00:58:39.158;SQ;AS16-AS1-20180122005839
2018-01-22 00:58:41.923;RU;AS16-AS1-20180122005758
2018-01-22 00:58:44.439;RC;AS16-AS1-20180122005818
2018-01-22 00:58:45.255;SS;AS16-AS1-20180122005818
2018-01-22 00:58:55.695;RO;AS16-AS1-20180122005839
2018-01-22 00:58:56.943;SP;AS16-AS1-20180122005839
2018-01-22 00:58:59.704;SQ;AS16-AS1-20180122005859
2018-01-22 00:59:02.611;RU;AS16-AS1-20180122005818
2018-01-22 00:59:02.700;RC;AS16-AS1-20180122005839
2018-01-22 00:59:03.527;SS;AS16-AS1-20180122005839
2018-01-22 00:59:14.663;RO;AS16-AS1-20180122005859
2018-01-22 00:59:15.675;SP;AS16-AS1-20180122005859
2018-01-22 00:59:18.207;SQ;AS16-AS1-20180122005918
2018-01-22 00:59:20.438;RC;AS16-AS1-20180122005859
2018-01-22 00:59:21.202;SS;AS16-AS1-20180122005859
2018-01-22 00:59:22.653;RU;AS16-AS1-20180122005839
2018-01-22 00:59:38.484;RU;AS16-AS1-20180122005859
2018-01-22 00:59:40.567;RO;AS16-AS1-20180122005918
2018-01-22 00:59:41.998;SP;AS16-AS1-20180122005918
2018-01-22 00:59:44.606;SQ;AS16-AS1-20180122005944
2018-01-22 00:59:48.941;RC;AS16-AS1-20180122005918
2018-01-22 00:59:49.740;SS;AS16-AS1-20180122005918
2018-01-22 00:59:57.156;RO;AS16-AS1-20180122005944
2018-01-22 00:59:58.425;SP;AS16-AS1-20180122005944
2018-01-22 01:00:03.293;RU;AS16-AS1-20180122005918
2018-01-22 01:00:03.521;RC;AS16-AS1-20180122005944
2018-01-22 01:00:04.539;SS;AS16-AS1-20180122005944
2018-01-22 01:00:09.299;RU;AS16-AS1-20180122005944
