2018-01-22 00:50:25.049;SQ;AS19-AS1-20180122005025
2018-01-22 00:50:30.962;RO;AS19-AS1-20180122005025
2018-01-22 00:50:31.799;SP;AS19-AS1-20180122005025
2018-01-22 00:50:34.344;SQ;AS19-AS1-20180122005034
2018-01-22 00:50:37.694;RC;AS19-AS1-20180122005025
2018-01-22 00:50:38.648;SS;AS19-AS1-20180122005025
2018-01-22 00:50:45.900;RO;AS19-AS1-20180122005034
2018-01-22 00:50:47.146;SP;AS19-AS1-20180122005034
2018-01-22 00:50:49.699;SQ;AS19-AS1-20180122005049
2018-01-22 00:50:54.286;RU;AS19-AS1-20180122005025
2018-01-22 00:50:54.727;RC;AS19-AS1-20180122005034
2018-01-22 00:50:55.609;SS;AS19-AS1-20180122005034
2018-01-22 00:51:04.855;RO;AS19-AS1-20180122005049
2018-01-22 00:51:06.490;SP;AS19-AS1-20180122005049
2018-01-22 00:51:09.087;SQ;AS19-AS1-20180122005109
2018-01-22 00:51:10.919;RU;AS19-AS1-20180122005034
2018-01-22 00:51:14.314;RC;AS19-AS1-20180122005049
2018-01-22 00:51:15.102;SS;AS19-AS1-20180122005049
2018-01-22 00:51:23.476;RO;AS19-AS1-20180122005109
2018-01-22 00:51:24.996;SP;AS19-AS1-20180122005109
2018-01-22 00:51:27.638;SQ;AS19-AS1-20180122005127
2018-01-22 00:51:33.014;RC;AS19-AS1-20180122005109
2018-01-22 00:51:33.788;SS;AS19-AS1-20180122005109
2018-01-22 00:51:33.875;RU;AS19-AS1-20180122005049
2018-01-22 00:51:41.792;RO;AS19-AS1-20180122005127
2018-01-22 00:51:43.439;SP;AS19-AS1-20180122005127
2018-01-22 00:51:45.994;SQ;AS19-AS1-20180122005145
2018-01-22 00:51:50.907;RC;AS19-AS1-20180122005127
2018-01-22 00:51:51.698;SS;AS19-AS1-20180122005127
2018-01-22 00:51:53.167;RU;AS19-AS1-20180122005109
2018-01-22 00:52:01.827;RO;AS19-AS1-20180122005145
2018-01-22 00:52:02.787;SP;AS19-AS1-20180122005145
2018-01-22 00:52:05.432;SQ;AS19-AS1-20180122005205
2018-01-22 00:52:07.186;RU;AS19-AS1-20180122005127
2018-01-22 00:52:10.323;RC;AS19-AS1-20180122005145
2018-01-22 00:52:11.099;SS;AS19-AS1-20180122005145
2018-01-22 00:52:20.411;RO;AS19-AS1-20180122005205
2018-01-22 00:52:21.347;SP;AS19-AS1-20180122005205
2018-01-22 00:52:24.072;SQ;AS19-AS1-20180122005224
2018-01-22 00:52:28.076;RU;AS19-AS1-20180122005145
2018-01-22 00:52:30.505;RC;AS19-AS1-20180122005205
2018-01-22 00:52:31.409;SS;AS19-AS1-20180122005205
2018-01-22 00:52:44.925;RO;AS19-AS1-20180122005224
2018-01-22 00:52:45.875;SP;AS19-AS1-20180122005224
2018-01-22 00:52:48.480;SQ;AS19-AS1-20180122005248
2018-01-22 00:52:48.935;RU;AS19-AS1-20180122005205
2018-01-22 00:52:54.074;RC;AS19-AS1-20180122005224
2018-01-22 00:52:54.878;SS;AS19-AS1-20180122005224
2018-01-22 00:53:03.083;RO;AS19-AS1-20180122005248
2018-01-22 00:53:04.324;SP;AS19-AS1-20180122005248
2018-01-22 00:53:06.915;SQ;AS19-AS1-20180122005306
2018-01-22 00:53:12.340;RU;AS19-AS1-20180122005224
2018-01-22 00:53:13.129;RC;AS19-AS1-20180122005248
2018-01-22 00:53:13.926;SS;AS19-AS1-20180122005248
2018-01-22 00:53:23.506;RO;AS19-AS1-20180122005306
2018-01-22 00:53:24.726;SP;AS19-AS1-20180122005306
2018-01-22 00:53:27.422;SQ;AS19-AS1-20180122005327
2018-01-22 00:53:32.230;RU;AS19-AS1-20180122005248
2018-01-22 00:53:33.455;RC;AS19-AS1-20180122005306
2018-01-22 00:53:34.233;SS;AS19-AS1-20180122005306
2018-01-22 00:53:43.517;RO;AS19-AS1-20180122005327
2018-01-22 00:53:45.327;SP;AS19-AS1-20180122005327
2018-01-22 00:53:48.019;SQ;AS19-AS1-20180122005348
2018-01-22 00:53:52.223;RU;AS19-AS1-20180122005306
2018-01-22 00:53:53.981;RC;AS19-AS1-20180122005327
2018-01-22 00:53:54.845;SS;AS19-AS1-20180122005327
2018-01-22 00:54:02.161;RO;AS19-AS1-20180122005348
2018-01-22 00:54:03.819;SP;AS19-AS1-20180122005348
2018-01-22 00:54:06.519;SQ;AS19-AS1-20180122005406
2018-01-22 00:54:11.653;RC;AS19-AS1-20180122005348
2018-01-22 00:54:12.461;SS;AS19-AS1-20180122005348
2018-01-22 00:54:13.919;RU;AS19-AS1-20180122005327
2018-01-22 00:54:30.636;RU;AS19-AS1-20180122005348
2018-01-22 00:54:36.874;RO;AS19-AS1-20180122005406
2018-01-22 00:54:38.354;SP;AS19-AS1-20180122005406
2018-01-22 00:54:41.132;SQ;AS19-AS1-20180122005441
2018-01-22 00:54:45.841;RC;AS19-AS1-20180122005406
2018-01-22 00:54:46.726;SS;AS19-AS1-20180122005406
2018-01-22 00:54:56.208;RO;AS19-AS1-20180122005441
2018-01-22 00:54:57.924;SP;AS19-AS1-20180122005441
2018-01-22 00:55:00.708;SQ;AS19-AS1-20180122005500
2018-01-22 00:55:02.365;RU;AS19-AS1-20180122005406
2018-01-22 00:55:05.190;RC;AS19-AS1-20180122005441
2018-01-22 00:55:05.989;SS;AS19-AS1-20180122005441
2018-01-22 00:55:13.020;RO;AS19-AS1-20180122005500
2018-01-22 00:55:14.511;SP;AS19-AS1-20180122005500
2018-01-22 00:55:17.177;SQ;AS19-AS1-20180122005517
2018-01-22 00:55:21.015;RC;AS19-AS1-20180122005500
2018-01-22 00:55:22.002;SS;AS19-AS1-20180122005500
2018-01-22 00:55:23.374;RU;AS19-AS1-20180122005441
2018-01-22 00:55:31.851;RO;AS19-AS1-20180122005517
2018-01-22 00:55:32.999;SP;AS19-AS1-20180122005517
2018-01-22 00:55:35.658;SQ;AS19-AS1-20180122005535
2018-01-22 00:55:36.302;RU;AS19-AS1-20180122005500
2018-01-22 00:55:42.177;RC;AS19-AS1-20180122005517
2018-01-22 00:55:43.118;SS;AS19-AS1-20180122005517
2018-01-22 00:55:52.419;RO;AS19-AS1-20180122005535
2018-01-22 00:55:53.499;SP;AS19-AS1-20180122005535
2018-01-22 00:55:56.157;SQ;AS19-AS1-20180122005556
2018-01-22 00:56:00.548;RC;AS19-AS1-20180122005535
2018-01-22 00:56:01.576;SS;AS19-AS1-20180122005535
2018-01-22 00:56:07.885;RU;AS19-AS1-20180122005517
2018-01-22 00:56:09.808;RO;AS19-AS1-20180122005556
2018-01-22 00:56:10.961;SP;AS19-AS1-20180122005556
2018-01-22 00:56:13.562;SQ;AS19-AS1-20180122005613
2018-01-22 00:56:17.421;RC;AS19-AS1-20180122005556
2018-01-22 00:56:18.206;SS;AS19-AS1-20180122005556
2018-01-22 00:56:20.547;RU;AS19-AS1-20180122005535
2018-01-22 00:56:29.048;RO;AS19-AS1-20180122005613
2018-01-22 00:56:30.363;SP;AS19-AS1-20180122005613
2018-01-22 00:56:32.946;SQ;AS19-AS1-20180122005632
2018-01-22 00:56:35.472;RU;AS19-AS1-20180122005556
2018-01-22 00:56:38.906;RC;AS19-AS1-20180122005613
2018-01-22 00:56:39.708;SS;AS19-AS1-20180122005613
2018-01-22 00:56:52.740;RO;AS19-AS1-20180122005632
2018-01-22 00:56:53.735;SP;AS19-AS1-20180122005632
2018-01-22 00:56:56.274;SQ;AS19-AS1-20180122005656
2018-01-22 00:56:58.259;RU;AS19-AS1-20180122005613
2018-01-22 00:57:00.935;RC;AS19-AS1-20180122005632
2018-01-22 00:57:01.858;SS;AS19-AS1-20180122005632
2018-01-22 00:57:14.279;RO;AS19-AS1-20180122005656
2018-01-22 00:57:15.073;SP;AS19-AS1-20180122005656
2018-01-22 00:57:17.816;SQ;AS19-AS1-20180122005717
2018-01-22 00:57:19.792;RU;AS19-AS1-20180122005632
2018-01-22 00:57:22.239;RC;AS19-AS1-20180122005656
2018-01-22 00:57:23.044;SS;AS19-AS1-20180122005656
2018-01-22 00:57:34.059;RO;AS19-AS1-20180122005717
2018-01-22 00:57:35.635;SP;AS19-AS1-20180122005717
2018-01-22 00:57:38.225;SQ;AS19-AS1-20180122005738
2018-01-22 00:57:40.732;RU;AS19-AS1-20180122005656
2018-01-22 00:57:43.534;RC;AS19-AS1-20180122005717
2018-01-22 00:57:44.329;SS;AS19-AS1-20180122005717
2018-01-22 00:57:53.375;RO;AS19-AS1-20180122005738
2018-01-22 00:57:55.087;SP;AS19-AS1-20180122005738
2018-01-22 00:57:57.806;SQ;AS19-AS1-20180122005757
2018-01-22 00:58:02.451;RU;AS19-AS1-20180122005717
2018-01-22 00:58:02.591;RC;AS19-AS1-20180122005738
2018-01-22 00:58:03.383;SS;AS19-AS1-20180122005738
2018-01-22 00:58:13.316;RO;AS19-AS1-20180122005757
2018-01-22 00:58:14.739;SP;AS19-AS1-20180122005757
2018-01-22 00:58:17.410;SQ;AS19-AS1-20180122005817
2018-01-22 00:58:20.713;RU;AS19-AS1-20180122005738
2018-01-22 00:58:22.885;RC;AS19-AS1-20180122005757
2018-01-22 00:58:23.739;SS;AS19-AS1-20180122005757
2018-01-22 00:58:33.060;RO;AS19-AS1-20180122005817
2018-01-22 00:58:34.204;SP;AS19-AS1-20180122005817
2018-01-22 00:58:36.807;SQ;AS19-AS1-20180122005836
2018-01-22 00:58:40.096;RC;AS19-AS1-20180122005817
2018-01-22 00:58:40.398;RU;AS19-AS1-20180122005757
2018-01-22 00:58:40.892;SS;AS19-AS1-20180122005817
2018-01-22 00:58:53.260;RO;AS19-AS1-20180122005836
2018-01-22 00:58:54.592;SP;AS19-AS1-20180122005836
2018-01-22 00:58:57.127;SQ;AS19-AS1-20180122005857
2018-01-22 00:58:58.323;RU;AS19-AS1-20180122005817
2018-01-22 00:59:01.285;RC;AS19-AS1-20180122005836
2018-01-22 00:59:02.085;SS;AS19-AS1-20180122005836
2018-01-22 00:59:09.848;RO;AS19-AS1-20180122005857
2018-01-22 00:59:11.029;SP;AS19-AS1-20180122005857
2018-01-22 00:59:13.701;SQ;AS19-AS1-20180122005913
2018-01-22 00:59:18.472;RU;AS19-AS1-20180122005836
2018-01-22 00:59:18.538;RC;AS19-AS1-20180122005857
2018-01-22 00:59:19.313;SS;AS19-AS1-20180122005857
2018-01-22 00:59:27.691;RO;AS19-AS1-20180122005913
2018-01-22 00:59:28.490;SP;AS19-AS1-20180122005913
2018-01-22 00:59:31.104;SQ;AS19-AS1-20180122005931
2018-01-22 00:59:35.246;RU;AS19-AS1-20180122005857
2018-01-22 00:59:36.683;RC;AS19-AS1-20180122005913
2018-01-22 00:59:37.431;SS;AS19-AS1-20180122005913
2018-01-22 00:59:42.689;RO;AS19-AS1-20180122005931
2018-01-22 00:59:43.867;SP;AS19-AS1-20180122005931
2018-01-22 00:59:46.454;SQ;AS19-AS1-20180122005946
2018-01-22 00:59:50.261;RU;AS19-AS1-20180122005913
2018-01-22 00:59:52.242;RC;AS19-AS1-20180122005931
2018-01-22 00:59:53.026;SS;AS19-AS1-20180122005931
2018-01-22 00:59:57.701;RO;AS19-AS1-20180122005946
2018-01-22 00:59:59.258;SP;AS19-AS1-20180122005946
2018-01-22 01:00:03.947;RU;AS19-AS1-20180122005931
2018-01-22 01:00:04.125;RC;AS19-AS1-20180122005946
2018-01-22 01:00:04.926;SS;AS19-AS1-20180122005946
2018-01-22 01:00:09.286;RU;AS19-AS1-20180122005946
