2018-01-22 00:50:21.429;SQ;AS26-AS1-20180122005021
2018-01-22 00:50:24.938;RO;AS26-AS1-20180122005021
2018-01-22 00:50:26.215;SP;AS26-AS1-20180122005021
2018-01-22 00:50:28.770;SQ;AS26-AS1-20180122005028
2018-01-22 00:50:29.482;RC;AS26-AS1-20180122005021
2018-01-22 00:50:30.255;SS;AS26-AS1-20180122005021
2018-01-22 00:50:38.409;RO;AS26-AS1-20180122005028
2018-01-22 00:50:39.586;SP;AS26-AS1-20180122005028
2018-01-22 00:50:42.217;SQ;AS26-AS1-20180122005042
2018-01-22 00:50:46.268;RU;AS26-AS1-20180122005021
2018-01-22 00:50:47.316;RC;AS26-AS1-20180122005028
2018-01-22 00:50:48.177;SS;AS26-AS1-20180122005028
2018-01-22 00:50:57.802;RO;AS26-AS1-20180122005042
2018-01-22 00:50:59.004;SP;AS26-AS1-20180122005042
2018-01-22 00:51:01.676;SQ;AS26-AS1-20180122005101
2018-01-22 00:51:06.600;RC;AS26-AS1-20180122005042
2018-01-22 00:51:06.869;RU;AS26-AS1-20180122005028
2018-01-22 00:51:07.423;SS;AS26-AS1-20180122005042
2018-01-22 00:51:15.431;RO;AS26-AS1-20180122005101
2018-01-22 00:51:16.693;SP;AS26-AS1-20180122005101
2018-01-22 00:51:19.436;SQ;AS26-AS1-20180122005119
2018-01-22 00:51:25.799;RU;AS26-AS1-20180122005042
2018-01-22 00:51:30.294;RO;AS26-AS1-20180122005119
2018-01-22 00:51:31.226;SP;AS26-AS1-20180122005119
2018-01-22 00:51:31.483;RC;AS26-AS1-20180122005101
2018-01-22 00:51:32.333;SS;AS26-AS1-20180122005101
2018-01-22 00:51:34.031;SQ;AS26-AS1-20180122005134
2018-01-22 00:51:39.075;RC;AS26-AS1-20180122005119
2018-01-22 00:51:40.038;SS;AS26-AS1-20180122005119
2018-01-22 00:51:47.206;RO;AS26-AS1-20180122005134
2018-01-22 00:51:48.813;SP;AS26-AS1-20180122005134
2018-01-22 00:51:50.830;RU;AS26-AS1-20180122005101
2018-01-22 00:51:51.379;SQ;AS26-AS1-20180122005151
2018-01-22 00:51:57.087;RC;AS26-AS1-20180122005134
2018-01-22 00:51:57.951;SS;AS26-AS1-20180122005134
2018-01-22 00:51:58.488;RU;AS26-AS1-20180122005119
2018-01-22 00:52:07.171;RO;AS26-AS1-20180122005151
2018-01-22 00:52:08.221;SP;AS26-AS1-20180122005151
2018-01-22 00:52:10.815;SQ;AS26-AS1-20180122005210
2018-01-22 00:52:15.158;RC;AS26-AS1-20180122005151
2018-01-22 00:52:15.671;RU;AS26-AS1-20180122005134
2018-01-22 00:52:15.966;SS;AS26-AS1-20180122005151
2018-01-22 00:52:25.615;RO;AS26-AS1-20180122005210
2018-01-22 00:52:26.623;SP;AS26-AS1-20180122005210
2018-01-22 00:52:29.187;SQ;AS26-AS1-20180122005229
2018-01-22 00:52:33.560;RC;AS26-AS1-20180122005210
2018-01-22 00:52:34.350;SS;AS26-AS1-20180122005210
2018-01-22 00:52:34.655;RU;AS26-AS1-20180122005151
2018-01-22 00:52:43.807;RO;AS26-AS1-20180122005229
2018-01-22 00:52:44.990;SP;AS26-AS1-20180122005229
2018-01-22 00:52:47.659;SQ;AS26-AS1-20180122005247
2018-01-22 00:52:52.449;RU;AS26-AS1-20180122005210
2018-01-22 00:52:53.867;RC;AS26-AS1-20180122005229
2018-01-22 00:52:54.641;SS;AS26-AS1-20180122005229
2018-01-22 00:53:03.271;RO;AS26-AS1-20180122005247
2018-01-22 00:53:04.468;SP;AS26-AS1-20180122005247
2018-01-22 00:53:07.039;SQ;AS26-AS1-20180122005307
2018-01-22 00:53:10.390;RU;AS26-AS1-20180122005229
2018-01-22 00:53:12.226;RC;AS26-AS1-20180122005247
2018-01-22 00:53:13.010;SS;AS26-AS1-20180122005247
2018-01-22 00:53:22.303;RO;AS26-AS1-20180122005307
2018-01-22 00:53:23.982;SP;AS26-AS1-20180122005307
2018-01-22 00:53:26.716;SQ;AS26-AS1-20180122005326
2018-01-22 00:53:29.375;RU;AS26-AS1-20180122005247
2018-01-22 00:53:32.644;RC;AS26-AS1-20180122005307
2018-01-22 00:53:33.426;SS;AS26-AS1-20180122005307
2018-01-22 00:53:41.171;RO;AS26-AS1-20180122005326
2018-01-22 00:53:42.501;SP;AS26-AS1-20180122005326
2018-01-22 00:53:45.151;SQ;AS26-AS1-20180122005345
2018-01-22 00:53:50.296;RC;AS26-AS1-20180122005326
2018-01-22 00:53:51.100;SS;AS26-AS1-20180122005326
2018-01-22 00:53:52.472;RU;AS26-AS1-20180122005307
2018-01-22 00:54:00.789;RO;AS26-AS1-20180122005345
2018-01-22 00:54:02.131;SP;AS26-AS1-20180122005345
2018-01-22 00:54:04.791;SQ;AS26-AS1-20180122005404
2018-01-22 00:54:07.981;RC;AS26-AS1-20180122005345
2018-01-22 00:54:08.835;SS;AS26-AS1-20180122005345
2018-01-22 00:54:10.291;RU;AS26-AS1-20180122005326
2018-01-22 00:54:26.279;RU;AS26-AS1-20180122005345
2018-01-22 00:54:28.028;RO;AS26-AS1-20180122005404
2018-01-22 00:54:29.614;SP;AS26-AS1-20180122005404
2018-01-22 00:54:32.254;SQ;AS26-AS1-20180122005432
2018-01-22 00:54:37.748;RC;AS26-AS1-20180122005404
2018-01-22 00:54:38.547;SS;AS26-AS1-20180122005404
2018-01-22 00:54:51.875;RO;AS26-AS1-20180122005432
2018-01-22 00:54:53.054;SP;AS26-AS1-20180122005432
2018-01-22 00:54:55.371;RU;AS26-AS1-20180122005404
2018-01-22 00:54:55.637;SQ;AS26-AS1-20180122005455
2018-01-22 00:55:00.935;RC;AS26-AS1-20180122005432
2018-01-22 00:55:01.953;SS;AS26-AS1-20180122005432
2018-01-22 00:55:12.466;RO;AS26-AS1-20180122005455
2018-01-22 00:55:13.442;SP;AS26-AS1-20180122005455
2018-01-22 00:55:16.122;SQ;AS26-AS1-20180122005516
2018-01-22 00:55:19.282;RU;AS26-AS1-20180122005432
2018-01-22 00:55:21.077;RC;AS26-AS1-20180122005455
2018-01-22 00:55:22.079;SS;AS26-AS1-20180122005455
2018-01-22 00:55:31.306;RO;AS26-AS1-20180122005516
2018-01-22 00:55:32.907;SP;AS26-AS1-20180122005516
2018-01-22 00:55:35.558;SQ;AS26-AS1-20180122005535
2018-01-22 00:55:40.048;RU;AS26-AS1-20180122005455
2018-01-22 00:55:42.182;RC;AS26-AS1-20180122005516
2018-01-22 00:55:43.156;SS;AS26-AS1-20180122005516
2018-01-22 00:55:52.571;RO;AS26-AS1-20180122005535
2018-01-22 00:55:53.370;SP;AS26-AS1-20180122005535
2018-01-22 00:55:56.045;SQ;AS26-AS1-20180122005556
2018-01-22 00:56:00.673;RU;AS26-AS1-20180122005516
2018-01-22 00:56:01.488;RC;AS26-AS1-20180122005535
2018-01-22 00:56:02.298;SS;AS26-AS1-20180122005535
2018-01-22 00:56:13.356;RO;AS26-AS1-20180122005556
2018-01-22 00:56:14.870;SP;AS26-AS1-20180122005556
2018-01-22 00:56:17.558;SQ;AS26-AS1-20180122005617
2018-01-22 00:56:21.720;RC;AS26-AS1-20180122005556
2018-01-22 00:56:21.726;RU;AS26-AS1-20180122005535
2018-01-22 00:56:22.516;SS;AS26-AS1-20180122005556
2018-01-22 00:56:34.681;RO;AS26-AS1-20180122005617
2018-01-22 00:56:36.473;SP;AS26-AS1-20180122005617
2018-01-22 00:56:39.249;SQ;AS26-AS1-20180122005639
2018-01-22 00:56:42.478;RU;AS26-AS1-20180122005556
2018-01-22 00:56:44.393;RC;AS26-AS1-20180122005617
2018-01-22 00:56:45.294;SS;AS26-AS1-20180122005617
2018-01-22 00:56:55.289;RO;AS26-AS1-20180122005639
2018-01-22 00:56:57.053;SP;AS26-AS1-20180122005639
2018-01-22 00:56:59.597;SQ;AS26-AS1-20180122005659
2018-01-22 00:57:01.662;RC;AS26-AS1-20180122005639
2018-01-22 00:57:02.609;SS;AS26-AS1-20180122005639
2018-01-22 00:57:04.466;RU;AS26-AS1-20180122005617
2018-01-22 00:57:16.273;RO;AS26-AS1-20180122005659
2018-01-22 00:57:17.423;SP;AS26-AS1-20180122005659
2018-01-22 00:57:18.715;RU;AS26-AS1-20180122005639
2018-01-22 00:57:20.266;SQ;AS26-AS1-20180122005720
2018-01-22 00:57:23.806;RC;AS26-AS1-20180122005659
2018-01-22 00:57:24.751;SS;AS26-AS1-20180122005659
2018-01-22 00:57:37.959;RO;AS26-AS1-20180122005720
2018-01-22 00:57:39.214;SP;AS26-AS1-20180122005720
2018-01-22 00:57:42.025;SQ;AS26-AS1-20180122005742
2018-01-22 00:57:43.134;RU;AS26-AS1-20180122005659
2018-01-22 00:57:46.985;RC;AS26-AS1-20180122005720
2018-01-22 00:57:47.769;SS;AS26-AS1-20180122005720
2018-01-22 00:57:56.698;RO;AS26-AS1-20180122005742
2018-01-22 00:57:57.986;SP;AS26-AS1-20180122005742
2018-01-22 00:58:00.776;SQ;AS26-AS1-20180122005800
2018-01-22 00:58:04.577;RC;AS26-AS1-20180122005742
2018-01-22 00:58:05.374;SS;AS26-AS1-20180122005742
2018-01-22 00:58:06.254;RU;AS26-AS1-20180122005720
2018-01-22 00:58:14.348;RO;AS26-AS1-20180122005800
2018-01-22 00:58:15.594;SP;AS26-AS1-20180122005800
2018-01-22 00:58:18.259;SQ;AS26-AS1-20180122005818
2018-01-22 00:58:22.894;RC;AS26-AS1-20180122005800
2018-01-22 00:58:23.464;RU;AS26-AS1-20180122005742
2018-01-22 00:58:23.803;SS;AS26-AS1-20180122005800
2018-01-22 00:58:34.902;RO;AS26-AS1-20180122005818
2018-01-22 00:58:36.122;SP;AS26-AS1-20180122005818
2018-01-22 00:58:38.707;SQ;AS26-AS1-20180122005838
2018-01-22 00:58:43.129;RU;AS26-AS1-20180122005800
2018-01-22 00:58:43.545;RC;AS26-AS1-20180122005818
2018-01-22 00:58:44.326;SS;AS26-AS1-20180122005818
2018-01-22 00:58:57.405;RO;AS26-AS1-20180122005838
2018-01-22 00:58:58.527;SP;AS26-AS1-20180122005838
2018-01-22 00:59:00.606;RU;AS26-AS1-20180122005818
2018-01-22 00:59:01.233;SQ;AS26-AS1-20180122005901
2018-01-22 00:59:06.520;RC;AS26-AS1-20180122005838
2018-01-22 00:59:07.322;SS;AS26-AS1-20180122005838
2018-01-22 00:59:18.468;RO;AS26-AS1-20180122005901
2018-01-22 00:59:20.049;SP;AS26-AS1-20180122005901
2018-01-22 00:59:22.664;SQ;AS26-AS1-20180122005922
2018-01-22 00:59:26.284;RU;AS26-AS1-20180122005838
2018-01-22 00:59:28.514;RC;AS26-AS1-20180122005901
2018-01-22 00:59:29.303;SS;AS26-AS1-20180122005901
2018-01-22 00:59:38.526;RO;AS26-AS1-20180122005922
2018-01-22 00:59:39.852;SP;AS26-AS1-20180122005922
2018-01-22 00:59:42.431;SQ;AS26-AS1-20180122005942
2018-01-22 00:59:43.610;RU;AS26-AS1-20180122005901
2018-01-22 00:59:46.934;RC;AS26-AS1-20180122005922
2018-01-22 00:59:47.720;SS;AS26-AS1-20180122005922
2018-01-22 00:59:53.571;RO;AS26-AS1-20180122005942
2018-01-22 00:59:55.428;SP;AS26-AS1-20180122005942
2018-01-22 01:00:00.890;RC;AS26-AS1-20180122005942
2018-01-22 01:00:01.698;SS;AS26-AS1-20180122005942
2018-01-22 01:00:02.151;RU;AS26-AS1-20180122005922
2018-01-22 01:00:07.314;RU;AS26-AS1-20180122005942
