2018-01-22 00:50:21.858;SQ;AS29-AS1-20180122005021
2018-01-22 00:50:25.127;RO;AS29-AS1-20180122005021
2018-01-22 00:50:26.662;SP;AS29-AS1-20180122005021
2018-01-22 00:50:29.221;SQ;AS29-AS1-20180122005029
2018-01-22 00:50:30.719;RC;AS29-AS1-20180122005021
2018-01-22 00:50:31.516;SS;AS29-AS1-20180122005021
2018-01-22 00:50:39.806;RO;AS29-AS1-20180122005029
2018-01-22 00:50:41.030;SP;AS29-AS1-20180122005029
2018-01-22 00:50:43.664;SQ;AS29-AS1-20180122005043
2018-01-22 00:50:46.407;RU;AS29-AS1-20180122005021
2018-01-22 00:50:48.529;RC;AS29-AS1-20180122005029
2018-01-22 00:50:49.323;SS;AS29-AS1-20180122005029
2018-01-22 00:51:02.565;RO;AS29-AS1-20180122005043
2018-01-22 00:51:03.469;SP;AS29-AS1-20180122005043
2018-01-22 00:51:06.208;SQ;AS29-AS1-20180122005106
2018-01-22 00:51:08.612;RU;AS29-AS1-20180122005029
2018-01-22 00:51:12.192;RC;AS29-AS1-20180122005043
2018-01-22 00:51:13.022;SS;AS29-AS1-20180122005043
2018-01-22 00:51:23.717;RO;AS29-AS1-20180122005106
2018-01-22 00:51:25.009;SP;AS29-AS1-20180122005106
2018-01-22 00:51:27.605;SQ;AS29-AS1-20180122005127
2018-01-22 00:51:30.837;RU;AS29-AS1-20180122005043
2018-01-22 00:51:33.155;RC;AS29-AS1-20180122005106
2018-01-22 00:51:33.955;SS;AS29-AS1-20180122005106
2018-01-22 00:51:40.287;RO;AS29-AS1-20180122005127
2018-01-22 00:51:41.498;SP;AS29-AS1-20180122005127
2018-01-22 00:51:44.293;SQ;AS29-AS1-20180122005144
2018-01-22 00:51:48.919;RC;AS29-AS1-20180122005127
2018-01-22 00:51:49.708;SS;AS29-AS1-20180122005127
2018-01-22 00:51:53.833;RU;AS29-AS1-20180122005106
2018-01-22 00:51:59.935;RO;AS29-AS1-20180122005144
2018-01-22 00:52:01.088;SP;AS29-AS1-20180122005144
2018-01-22 00:52:03.640;SQ;AS29-AS1-20180122005203
2018-01-22 00:52:07.850;RU;AS29-AS1-20180122005127
2018-01-22 00:52:08.913;RC;AS29-AS1-20180122005144
2018-01-22 00:52:09.701;SS;AS29-AS1-20180122005144
2018-01-22 00:52:19.203;RO;AS29-AS1-20180122005203
2018-01-22 00:52:20.440;SP;AS29-AS1-20180122005203
2018-01-22 00:52:23.171;SQ;AS29-AS1-20180122005223
2018-01-22 00:52:28.337;RC;AS29-AS1-20180122005203
2018-01-22 00:52:29.095;SS;AS29-AS1-20180122005203
2018-01-22 00:52:29.235;RU;AS29-AS1-20180122005144
2018-01-22 00:52:38.487;RO;AS29-AS1-20180122005223
2018-01-22 00:52:40.137;SP;AS29-AS1-20180122005223
2018-01-22 00:52:42.870;SQ;AS29-AS1-20180122005242
2018-01-22 00:52:45.368;RC;AS29-AS1-20180122005223
2018-01-22 00:52:45.860;RU;AS29-AS1-20180122005203
2018-01-22 00:52:46.172;SS;AS29-AS1-20180122005223
2018-01-22 00:53:03.675;RO;AS29-AS1-20180122005242
2018-01-22 00:53:03.931;RU;AS29-AS1-20180122005223
2018-01-22 00:53:04.748;SP;AS29-AS1-20180122005242
2018-01-22 00:53:07.462;SQ;AS29-AS1-20180122005307
2018-01-22 00:53:11.774;RC;AS29-AS1-20180122005242
2018-01-22 00:53:12.618;SS;AS29-AS1-20180122005242
2018-01-22 00:53:22.514;RO;AS29-AS1-20180122005307
2018-01-22 00:53:24.242;SP;AS29-AS1-20180122005307
2018-01-22 00:53:26.966;SQ;AS29-AS1-20180122005326
2018-01-22 00:53:30.407;RU;AS29-AS1-20180122005242
2018-01-22 00:53:32.653;RC;AS29-AS1-20180122005307
2018-01-22 00:53:33.442;SS;AS29-AS1-20180122005307
2018-01-22 00:53:40.858;RO;AS29-AS1-20180122005326
2018-01-22 00:53:41.859;SP;AS29-AS1-20180122005326
2018-01-22 00:53:44.428;SQ;AS29-AS1-20180122005344
2018-01-22 00:53:47.790;RC;AS29-AS1-20180122005326
2018-01-22 00:53:48.544;SS;AS29-AS1-20180122005326
2018-01-22 00:53:48.549;RU;AS29-AS1-20180122005307
2018-01-22 00:53:59.430;RO;AS29-AS1-20180122005344
2018-01-22 00:54:00.496;SP;AS29-AS1-20180122005344
2018-01-22 00:54:03.282;SQ;AS29-AS1-20180122005403
2018-01-22 00:54:05.612;RU;AS29-AS1-20180122005326
2018-01-22 00:54:06.458;RC;AS29-AS1-20180122005344
2018-01-22 00:54:07.245;SS;AS29-AS1-20180122005344
2018-01-22 00:54:18.731;RO;AS29-AS1-20180122005403
2018-01-22 00:54:20.104;SP;AS29-AS1-20180122005403
2018-01-22 00:54:22.870;SQ;AS29-AS1-20180122005422
2018-01-22 00:54:24.766;RU;AS29-AS1-20180122005344
2018-01-22 00:54:27.380;RC;AS29-AS1-20180122005403
2018-01-22 00:54:28.194;SS;AS29-AS1-20180122005403
2018-01-22 00:54:38.691;RO;AS29-AS1-20180122005422
2018-01-22 00:54:39.850;SP;AS29-AS1-20180122005422
2018-01-22 00:54:42.565;SQ;AS29-AS1-20180122005442
2018-01-22 00:54:44.571;RC;AS29-AS1-20180122005422
2018-01-22 00:54:45.356;SS;AS29-AS1-20180122005422
2018-01-22 00:54:45.760;RU;AS29-AS1-20180122005403
2018-01-22 00:54:58.531;RO;AS29-AS1-20180122005442
2018-01-22 00:54:59.575;SP;AS29-AS1-20180122005442
2018-01-22 00:55:01.743;RU;AS29-AS1-20180122005422
2018-01-22 00:55:02.384;SQ;AS29-AS1-20180122005502
2018-01-22 00:55:07.121;RC;AS29-AS1-20180122005442
2018-01-22 00:55:07.919;SS;AS29-AS1-20180122005442
2018-01-22 00:55:16.067;RO;AS29-AS1-20180122005502
2018-01-22 00:55:17.324;SP;AS29-AS1-20180122005502
2018-01-22 00:55:20.045;SQ;AS29-AS1-20180122005520
2018-01-22 00:55:21.049;RU;AS29-AS1-20180122005442
2018-01-22 00:55:23.311;RC;AS29-AS1-20180122005502
2018-01-22 00:55:24.119;SS;AS29-AS1-20180122005502
2018-01-22 00:55:34.485;RO;AS29-AS1-20180122005520
2018-01-22 00:55:35.844;SP;AS29-AS1-20180122005520
2018-01-22 00:55:38.411;SQ;AS29-AS1-20180122005538
2018-01-22 00:55:40.054;RU;AS29-AS1-20180122005502
2018-01-22 00:55:42.107;RC;AS29-AS1-20180122005520
2018-01-22 00:55:43.064;SS;AS29-AS1-20180122005520
2018-01-22 00:55:50.941;RO;AS29-AS1-20180122005538
2018-01-22 00:55:52.269;SP;AS29-AS1-20180122005538
2018-01-22 00:55:54.882;SQ;AS29-AS1-20180122005554
2018-01-22 00:55:59.082;RC;AS29-AS1-20180122005538
2018-01-22 00:55:59.833;SS;AS29-AS1-20180122005538
2018-01-22 00:56:01.419;RU;AS29-AS1-20180122005520
2018-01-22 00:56:10.953;RO;AS29-AS1-20180122005554
2018-01-22 00:56:12.680;SP;AS29-AS1-20180122005554
2018-01-22 00:56:15.289;SQ;AS29-AS1-20180122005615
2018-01-22 00:56:17.233;RU;AS29-AS1-20180122005538
2018-01-22 00:56:20.550;RC;AS29-AS1-20180122005554
2018-01-22 00:56:21.506;SS;AS29-AS1-20180122005554
2018-01-22 00:56:30.381;RO;AS29-AS1-20180122005615
2018-01-22 00:56:32.120;SP;AS29-AS1-20180122005615
2018-01-22 00:56:34.822;SQ;AS29-AS1-20180122005634
2018-01-22 00:56:40.127;RC;AS29-AS1-20180122005615
2018-01-22 00:56:40.160;RU;AS29-AS1-20180122005554
2018-01-22 00:56:41.087;SS;AS29-AS1-20180122005615
2018-01-22 00:56:47.797;RO;AS29-AS1-20180122005634
2018-01-22 00:56:48.631;SP;AS29-AS1-20180122005634
2018-01-22 00:56:51.170;SQ;AS29-AS1-20180122005651
2018-01-22 00:56:55.581;RC;AS29-AS1-20180122005634
2018-01-22 00:56:56.344;SS;AS29-AS1-20180122005634
2018-01-22 00:56:59.868;RU;AS29-AS1-20180122005615
2018-01-22 00:57:06.228;RO;AS29-AS1-20180122005651
2018-01-22 00:57:07.946;SP;AS29-AS1-20180122005651
2018-01-22 00:57:10.581;SQ;AS29-AS1-20180122005710
2018-01-22 00:57:14.592;RU;AS29-AS1-20180122005634
2018-01-22 00:57:15.479;RC;AS29-AS1-20180122005651
2018-01-22 00:57:16.264;SS;AS29-AS1-20180122005651
2018-01-22 00:57:26.945;RO;AS29-AS1-20180122005710
2018-01-22 00:57:28.382;SP;AS29-AS1-20180122005710
2018-01-22 00:57:30.909;SQ;AS29-AS1-20180122005730
2018-01-22 00:57:35.137;RU;AS29-AS1-20180122005651
2018-01-22 00:57:36.191;RC;AS29-AS1-20180122005710
2018-01-22 00:57:36.996;SS;AS29-AS1-20180122005710
2018-01-22 00:57:47.788;RO;AS29-AS1-20180122005730
2018-01-22 00:57:48.734;SP;AS29-AS1-20180122005730
2018-01-22 00:57:51.294;SQ;AS29-AS1-20180122005751
2018-01-22 00:57:56.800;RU;AS29-AS1-20180122005710
2018-01-22 00:57:56.860;RC;AS29-AS1-20180122005730
2018-01-22 00:57:57.778;SS;AS29-AS1-20180122005730
2018-01-22 00:58:04.579;RO;AS29-AS1-20180122005751
2018-01-22 00:58:06.107;SP;AS29-AS1-20180122005751
2018-01-22 00:58:08.636;SQ;AS29-AS1-20180122005808
2018-01-22 00:58:15.202;RC;AS29-AS1-20180122005751
2018-01-22 00:58:15.972;RU;AS29-AS1-20180122005730
2018-01-22 00:58:16.003;SS;AS29-AS1-20180122005751
2018-01-22 00:58:22.877;RO;AS29-AS1-20180122005808
2018-01-22 00:58:24.430;SP;AS29-AS1-20180122005808
2018-01-22 00:58:26.961;SQ;AS29-AS1-20180122005826
2018-01-22 00:58:29.920;RU;AS29-AS1-20180122005751
2018-01-22 00:58:32.565;RC;AS29-AS1-20180122005808
2018-01-22 00:58:33.515;SS;AS29-AS1-20180122005808
2018-01-22 00:58:40.618;RO;AS29-AS1-20180122005826
2018-01-22 00:58:41.926;SP;AS29-AS1-20180122005826
2018-01-22 00:58:44.478;SQ;AS29-AS1-20180122005844
2018-01-22 00:58:48.403;RU;AS29-AS1-20180122005808
2018-01-22 00:58:50.394;RC;AS29-AS1-20180122005826
2018-01-22 00:58:51.269;SS;AS29-AS1-20180122005826
2018-01-22 00:59:02.549;RO;AS29-AS1-20180122005844
2018-01-22 00:59:04.290;SP;AS29-AS1-20180122005844
2018-01-22 00:59:06.847;SQ;AS29-AS1-20180122005906
2018-01-22 00:59:07.593;RU;AS29-AS1-20180122005826
2018-01-22 00:59:12.633;RC;AS29-AS1-20180122005844
2018-01-22 00:59:13.501;SS;AS29-AS1-20180122005844
2018-01-22 00:59:21.277;RO;AS29-AS1-20180122005906
2018-01-22 00:59:22.695;SP;AS29-AS1-20180122005906
2018-01-22 00:59:25.351;SQ;AS29-AS1-20180122005925
2018-01-22 00:59:30.991;RC;AS29-AS1-20180122005906
2018-01-22 00:59:31.481;RU;AS29-AS1-20180122005844
2018-01-22 00:59:31.750;SS;AS29-AS1-20180122005906
2018-01-22 00:59:38.549;RO;AS29-AS1-20180122005925
2018-01-22 00:59:40.335;SP;AS29-AS1-20180122005925
2018-01-22 00:59:46.882;RC;AS29-AS1-20180122005925
2018-01-22 00:59:47.679;SS;AS29-AS1-20180122005925
2018-01-22 00:59:49.676;RU;AS29-AS1-20180122005906
2018-01-22 01:00:01.209;RU;AS29-AS1-20180122005925
