2018-01-22 00:50:22.619;SQ;AS46-AS1-20180122005022
2018-01-22 00:50:26.550;RO;AS46-AS1-20180122005022
2018-01-22 00:50:27.402;SP;AS46-AS1-20180122005022
2018-01-22 00:50:29.968;SQ;AS46-AS1-20180122005029
2018-01-22 00:50:31.166;RC;AS46-AS1-20180122005022
2018-01-22 00:50:31.942;SS;AS46-AS1-20180122005022
2018-01-22 00:50:39.821;RO;AS46-AS1-20180122005029
2018-01-22 00:50:40.855;SP;AS46-AS1-20180122005029
2018-01-22 00:50:43.507;SQ;AS46-AS1-20180122005043
2018-01-22 00:50:46.942;RU;AS46-AS1-20180122005022
2018-01-22 00:50:48.444;RC;AS46-AS1-20180122005029
2018-01-22 00:50:49.243;SS;AS46-AS1-20180122005029
2018-01-22 00:51:00.468;RO;AS46-AS1-20180122005043
2018-01-22 00:51:01.317;SP;AS46-AS1-20180122005043
2018-01-22 00:51:04.063;SQ;AS46-AS1-20180122005104
2018-01-22 00:51:05.910;RU;AS46-AS1-20180122005029
2018-01-22 00:51:10.002;RC;AS46-AS1-20180122005043
2018-01-22 00:51:10.881;SS;AS46-AS1-20180122005043
2018-01-22 00:51:21.879;RO;AS46-AS1-20180122005104
2018-01-22 00:51:22.995;SP;AS46-AS1-20180122005104
2018-01-22 00:51:25.695;SQ;AS46-AS1-20180122005125
2018-01-22 00:51:29.607;RU;AS46-AS1-20180122005043
2018-01-22 00:51:31.139;RC;AS46-AS1-20180122005104
2018-01-22 00:51:31.934;SS;AS46-AS1-20180122005104
2018-01-22 00:51:41.801;RO;AS46-AS1-20180122005125
2018-01-22 00:51:43.487;SP;AS46-AS1-20180122005125
2018-01-22 00:51:46.064;SQ;AS46-AS1-20180122005146
2018-01-22 00:51:48.990;RC;AS46-AS1-20180122005125
2018-01-22 00:51:49.790;SS;AS46-AS1-20180122005125
2018-01-22 00:51:52.299;RU;AS46-AS1-20180122005104
2018-01-22 00:52:02.454;RO;AS46-AS1-20180122005146
2018-01-22 00:52:03.861;SP;AS46-AS1-20180122005146
2018-01-22 00:52:06.624;SQ;AS46-AS1-20180122005206
2018-01-22 00:52:07.799;RU;AS46-AS1-20180122005125
2018-01-22 00:52:11.069;RC;AS46-AS1-20180122005146
2018-01-22 00:52:12.002;SS;AS46-AS1-20180122005146
2018-01-22 00:52:21.609;RO;AS46-AS1-20180122005206
2018-01-22 00:52:22.551;SP;AS46-AS1-20180122005206
2018-01-22 00:52:25.298;SQ;AS46-AS1-20180122005225
2018-01-22 00:52:29.134;RC;AS46-AS1-20180122005206
2018-01-22 00:52:29.908;SS;AS46-AS1-20180122005206
2018-01-22 00:52:31.879;RU;AS46-AS1-20180122005146
2018-01-22 00:52:41.639;RO;AS46-AS1-20180122005225
2018-01-22 00:52:43.092;SP;AS46-AS1-20180122005225
2018-01-22 00:52:45.675;SQ;AS46-AS1-20180122005245
2018-01-22 00:52:46.868;RU;AS46-AS1-20180122005206
2018-01-22 00:52:50.598;RC;AS46-AS1-20180122005225
2018-01-22 00:52:51.472;SS;AS46-AS1-20180122005225
2018-01-22 00:53:01.366;RO;AS46-AS1-20180122005245
2018-01-22 00:53:02.480;SP;AS46-AS1-20180122005245
2018-01-22 00:53:05.143;SQ;AS46-AS1-20180122005305
2018-01-22 00:53:08.492;RC;AS46-AS1-20180122005245
2018-01-22 00:53:08.537;RU;AS46-AS1-20180122005225
2018-01-22 00:53:09.272;SS;AS46-AS1-20180122005245
2018-01-22 00:53:21.934;RO;AS46-AS1-20180122005305
2018-01-22 00:53:22.940;SP;AS46-AS1-20180122005305
2018-01-22 00:53:25.507;SQ;AS46-AS1-20180122005325
2018-01-22 00:53:25.901;RU;AS46-AS1-20180122005245
2018-01-22 00:53:30.329;RC;AS46-AS1-20180122005305
2018-01-22 00:53:31.104;SS;AS46-AS1-20180122005305
2018-01-22 00:53:42.533;RO;AS46-AS1-20180122005325
2018-01-22 00:53:44.316;SP;AS46-AS1-20180122005325
2018-01-22 00:53:46.604;RU;AS46-AS1-20180122005305
2018-01-22 00:53:46.872;SQ;AS46-AS1-20180122005346
2018-01-22 00:53:52.000;RC;AS46-AS1-20180122005325
2018-01-22 00:53:52.789;SS;AS46-AS1-20180122005325
2018-01-22 00:54:02.341;RO;AS46-AS1-20180122005346
2018-01-22 00:54:03.669;SP;AS46-AS1-20180122005346
2018-01-22 00:54:06.318;SQ;AS46-AS1-20180122005406
2018-01-22 00:54:09.768;RU;AS46-AS1-20180122005325
2018-01-22 00:54:12.966;RC;AS46-AS1-20180122005346
2018-01-22 00:54:13.816;SS;AS46-AS1-20180122005346
2018-01-22 00:54:27.308;RO;AS46-AS1-20180122005406
2018-01-22 00:54:28.197;SP;AS46-AS1-20180122005406
2018-01-22 00:54:30.796;SQ;AS46-AS1-20180122005430
2018-01-22 00:54:32.891;RU;AS46-AS1-20180122005346
2018-01-22 00:54:34.157;RC;AS46-AS1-20180122005406
2018-01-22 00:54:34.937;SS;AS46-AS1-20180122005406
2018-01-22 00:54:46.135;RO;AS46-AS1-20180122005430
2018-01-22 00:54:47.594;SP;AS46-AS1-20180122005430
2018-01-22 00:54:50.134;SQ;AS46-AS1-20180122005450
2018-01-22 00:54:54.308;RC;AS46-AS1-20180122005430
2018-01-22 00:54:54.353;RU;AS46-AS1-20180122005406
2018-01-22 00:54:55.097;SS;AS46-AS1-20180122005430
2018-01-22 00:55:06.681;RO;AS46-AS1-20180122005450
2018-01-22 00:55:07.946;SP;AS46-AS1-20180122005450
2018-01-22 00:55:10.564;SQ;AS46-AS1-20180122005510
2018-01-22 00:55:13.681;RU;AS46-AS1-20180122005430
2018-01-22 00:55:15.617;RC;AS46-AS1-20180122005450
2018-01-22 00:55:16.400;SS;AS46-AS1-20180122005450
2018-01-22 00:55:24.001;RO;AS46-AS1-20180122005510
2018-01-22 00:55:25.405;SP;AS46-AS1-20180122005510
2018-01-22 00:55:27.972;SQ;AS46-AS1-20180122005527
2018-01-22 00:55:33.795;RU;AS46-AS1-20180122005450
2018-01-22 00:55:33.850;RC;AS46-AS1-20180122005510
2018-01-22 00:55:34.696;SS;AS46-AS1-20180122005510
2018-01-22 00:55:42.732;RO;AS46-AS1-20180122005527
2018-01-22 00:55:43.778;SP;AS46-AS1-20180122005527
2018-01-22 00:55:46.347;SQ;AS46-AS1-20180122005546
2018-01-22 00:55:50.945;RU;AS46-AS1-20180122005510
2018-01-22 00:55:51.545;RC;AS46-AS1-20180122005527
2018-01-22 00:55:52.333;SS;AS46-AS1-20180122005527
2018-01-22 00:56:01.924;RO;AS46-AS1-20180122005546
2018-01-22 00:56:03.288;SP;AS46-AS1-20180122005546
2018-01-22 00:56:05.862;SQ;AS46-AS1-20180122005605
2018-01-22 00:56:12.675;RC;AS46-AS1-20180122005546
2018-01-22 00:56:13.455;SS;AS46-AS1-20180122005546
2018-01-22 00:56:14.394;RU;AS46-AS1-20180122005527
2018-01-22 00:56:21.854;RO;AS46-AS1-20180122005605
2018-01-22 00:56:22.658;SP;AS46-AS1-20180122005605
2018-01-22 00:56:25.240;SQ;AS46-AS1-20180122005625
2018-01-22 00:56:29.565;RC;AS46-AS1-20180122005605
2018-01-22 00:56:30.362;SS;AS46-AS1-20180122005605
2018-01-22 00:56:32.463;RU;AS46-AS1-20180122005546
2018-01-22 00:56:40.671;RO;AS46-AS1-20180122005625
2018-01-22 00:56:42.036;SP;AS46-AS1-20180122005625
2018-01-22 00:56:44.241;RU;AS46-AS1-20180122005605
2018-01-22 00:56:44.605;SQ;AS46-AS1-20180122005644
2018-01-22 00:56:50.113;RC;AS46-AS1-20180122005625
2018-01-22 00:56:50.887;SS;AS46-AS1-20180122005625
2018-01-22 00:57:00.717;RO;AS46-AS1-20180122005644
2018-01-22 00:57:02.596;SP;AS46-AS1-20180122005644
2018-01-22 00:57:05.316;SQ;AS46-AS1-20180122005705
2018-01-22 00:57:11.304;RC;AS46-AS1-20180122005644
2018-01-22 00:57:11.484;RU;AS46-AS1-20180122005625
2018-01-22 00:57:12.170;SS;AS46-AS1-20180122005644
2018-01-22 00:57:24.611;RU;AS46-AS1-20180122005644
2018-01-22 00:57:26.239;RO;AS46-AS1-20180122005705
2018-01-22 00:57:27.112;SP;AS46-AS1-20180122005705
2018-01-22 00:57:29.834;SQ;AS46-AS1-20180122005729
2018-01-22 00:57:35.118;RC;AS46-AS1-20180122005705
2018-01-22 00:57:35.895;SS;AS46-AS1-20180122005705
2018-01-22 00:57:53.455;RO;AS46-AS1-20180122005729
2018-01-22 00:57:54.636;SP;AS46-AS1-20180122005729
2018-01-22 00:57:54.824;RU;AS46-AS1-20180122005705
2018-01-22 00:57:57.376;SQ;AS46-AS1-20180122005757
2018-01-22 00:58:02.206;RC;AS46-AS1-20180122005729
2018-01-22 00:58:02.976;SS;AS46-AS1-20180122005729
2018-01-22 00:58:13.898;RO;AS46-AS1-20180122005757
2018-01-22 00:58:15.198;SP;AS46-AS1-20180122005757
2018-01-22 00:58:17.860;SQ;AS46-AS1-20180122005817
2018-01-22 00:58:21.472;RU;AS46-AS1-20180122005729
2018-01-22 00:58:22.829;RC;AS46-AS1-20180122005757
2018-01-22 00:58:23.715;SS;AS46-AS1-20180122005757
2018-01-22 00:58:34.893;RO;AS46-AS1-20180122005817
2018-01-22 00:58:36.654;SP;AS46-AS1-20180122005817
2018-01-22 00:58:39.338;SQ;AS46-AS1-20180122005839
2018-01-22 00:58:43.085;RC;AS46-AS1-20180122005817
2018-01-22 00:58:43.139;RU;AS46-AS1-20180122005757
2018-01-22 00:58:43.861;SS;AS46-AS1-20180122005817
2018-01-22 00:58:57.411;RO;AS46-AS1-20180122005839
2018-01-22 00:58:59.343;SP;AS46-AS1-20180122005839
2018-01-22 00:59:02.065;SQ;AS46-AS1-20180122005902
2018-01-22 00:59:02.242;RU;AS46-AS1-20180122005817
2018-01-22 00:59:04.983;RC;AS46-AS1-20180122005839
2018-01-22 00:59:05.769;SS;AS46-AS1-20180122005839
2018-01-22 00:59:18.492;RO;AS46-AS1-20180122005902
2018-01-22 00:59:19.869;SP;AS46-AS1-20180122005902
2018-01-22 00:59:22.478;SQ;AS46-AS1-20180122005922
2018-01-22 00:59:22.615;RU;AS46-AS1-20180122005839
2018-01-22 00:59:28.192;RC;AS46-AS1-20180122005902
2018-01-22 00:59:28.973;SS;AS46-AS1-20180122005902
2018-01-22 00:59:38.487;RO;AS46-AS1-20180122005922
2018-01-22 00:59:39.461;SP;AS46-AS1-20180122005922
2018-01-22 00:59:42.035;SQ;AS46-AS1-20180122005942
2018-01-22 00:59:46.440;RC;AS46-AS1-20180122005922
2018-01-22 00:59:47.182;RU;AS46-AS1-20180122005902
2018-01-22 00:59:47.236;SS;AS46-AS1-20180122005922
2018-01-22 00:59:55.019;RO;AS46-AS1-20180122005942
2018-01-22 00:59:56.005;SP;AS46-AS1-20180122005942
2018-01-22 00:59:58.728;SQ;AS46-AS1-20180122005958
2018-01-22 00:59:59.822;RC;AS46-AS1-20180122005942
2018-01-22 01:00:00.596;SS;AS46-AS1-20180122005942
2018-01-22 01:00:02.197;RU;AS46-AS1-20180122005922
2018-01-22 01:00:05.242;RO;AS46-AS1-20180122005958
2018-01-22 01:00:06.743;SP;AS46-AS1-20180122005958
2018-01-22 01:00:07.512;RU;AS46-AS1-20180122005942
2018-01-22 01:00:07.959;RC;AS46-AS1-20180122005958
2018-01-22 01:00:08.841;SS;AS46-AS1-20180122005958
2018-01-22 01:00:11.316;RU;AS46-AS1-20180122005958
