2018-01-22 00:50:22.633;SQ;AS49-AS1-20180122005022
2018-01-22 00:50:26.777;RO;AS49-AS1-20180122005022
2018-01-22 00:50:28.418;SP;AS49-AS1-20180122005022
2018-01-22 00:50:31.012;SQ;AS49-AS1-20180122005031
2018-01-22 00:50:33.383;RC;AS49-AS1-20180122005022
2018-01-22 00:50:34.182;SS;AS49-AS1-20180122005022
2018-01-22 00:50:42.915;RO;AS49-AS1-20180122005031
2018-01-22 00:50:43.847;SP;AS49-AS1-20180122005031
2018-01-22 00:50:46.524;SQ;AS49-AS1-20180122005046
2018-01-22 00:50:49.920;RU;AS49-AS1-20180122005022
2018-01-22 00:50:50.806;RC;AS49-AS1-20180122005031
2018-01-22 00:50:51.609;SS;AS49-AS1-20180122005031
2018-01-22 00:51:01.263;RO;AS49-AS1-20180122005046
2018-01-22 00:51:02.346;SP;AS49-AS1-20180122005046
2018-01-22 00:51:05.151;SQ;AS49-AS1-20180122005105
2018-01-22 00:51:10.668;RC;AS49-AS1-20180122005046
2018-01-22 00:51:11.483;SS;AS49-AS1-20180122005046
2018-01-22 00:51:12.184;RU;AS49-AS1-20180122005031
2018-01-22 00:51:21.870;RO;AS49-AS1-20180122005105
2018-01-22 00:51:23.020;SP;AS49-AS1-20180122005105
2018-01-22 00:51:25.749;SQ;AS49-AS1-20180122005125
2018-01-22 00:51:29.601;RU;AS49-AS1-20180122005046
2018-01-22 00:51:31.779;RC;AS49-AS1-20180122005105
2018-01-22 00:51:32.674;SS;AS49-AS1-20180122005105
2018-01-22 00:51:42.343;RO;AS49-AS1-20180122005125
2018-01-22 00:51:43.582;SP;AS49-AS1-20180122005125
2018-01-22 00:51:46.252;SQ;AS49-AS1-20180122005146
2018-01-22 00:51:52.482;RC;AS49-AS1-20180122005125
2018-01-22 00:51:53.286;SS;AS49-AS1-20180122005125
2018-01-22 00:51:59.493;RU;AS49-AS1-20180122005105
2018-01-22 00:52:02.354;RO;AS49-AS1-20180122005146
2018-01-22 00:52:04.058;SP;AS49-AS1-20180122005146
2018-01-22 00:52:06.851;SQ;AS49-AS1-20180122005206
2018-01-22 00:52:10.807;RU;AS49-AS1-20180122005125
2018-01-22 00:52:12.936;RC;AS49-AS1-20180122005146
2018-01-22 00:52:13.757;SS;AS49-AS1-20180122005146
2018-01-22 00:52:21.621;RO;AS49-AS1-20180122005206
2018-01-22 00:52:22.841;SP;AS49-AS1-20180122005206
2018-01-22 00:52:25.606;SQ;AS49-AS1-20180122005225
2018-01-22 00:52:29.758;RC;AS49-AS1-20180122005206
2018-01-22 00:52:30.548;SS;AS49-AS1-20180122005206
2018-01-22 00:52:32.404;RU;AS49-AS1-20180122005146
2018-01-22 00:52:41.465;RO;AS49-AS1-20180122005225
2018-01-22 00:52:42.609;SP;AS49-AS1-20180122005225
2018-01-22 00:52:45.390;SQ;AS49-AS1-20180122005245
2018-01-22 00:52:47.822;RU;AS49-AS1-20180122005206
2018-01-22 00:52:49.911;RC;AS49-AS1-20180122005225
2018-01-22 00:52:50.720;SS;AS49-AS1-20180122005225
2018-01-22 00:53:00.932;RO;AS49-AS1-20180122005245
2018-01-22 00:53:02.213;SP;AS49-AS1-20180122005245
2018-01-22 00:53:04.897;SQ;AS49-AS1-20180122005304
2018-01-22 00:53:09.302;RC;AS49-AS1-20180122005245
2018-01-22 00:53:10.140;SS;AS49-AS1-20180122005245
2018-01-22 00:53:17.393;RU;AS49-AS1-20180122005225
2018-01-22 00:53:21.073;RO;AS49-AS1-20180122005304
2018-01-22 00:53:22.700;SP;AS49-AS1-20180122005304
2018-01-22 00:53:25.301;SQ;AS49-AS1-20180122005325
2018-01-22 00:53:26.813;RU;AS49-AS1-20180122005245
2018-01-22 00:53:29.772;RC;AS49-AS1-20180122005304
2018-01-22 00:53:30.585;SS;AS49-AS1-20180122005304
2018-01-22 00:53:45.189;RO;AS49-AS1-20180122005325
2018-01-22 00:53:46.114;SP;AS49-AS1-20180122005325
2018-01-22 00:53:46.371;RU;AS49-AS1-20180122005304
2018-01-22 00:53:48.720;SQ;AS49-AS1-20180122005348
2018-01-22 00:53:53.967;RC;AS49-AS1-20180122005325
2018-01-22 00:53:54.824;SS;AS49-AS1-20180122005325
2018-01-22 00:54:01.900;RO;AS49-AS1-20180122005348
2018-01-22 00:54:03.553;SP;AS49-AS1-20180122005348
2018-01-22 00:54:06.156;SQ;AS49-AS1-20180122005406
2018-01-22 00:54:10.451;RU;AS49-AS1-20180122005325
2018-01-22 00:54:12.250;RC;AS49-AS1-20180122005348
2018-01-22 00:54:13.033;SS;AS49-AS1-20180122005348
2018-01-22 00:54:21.328;RO;AS49-AS1-20180122005406
2018-01-22 00:54:23.156;SP;AS49-AS1-20180122005406
2018-01-22 00:54:25.846;SQ;AS49-AS1-20180122005425
2018-01-22 00:54:29.933;RC;AS49-AS1-20180122005406
2018-01-22 00:54:30.742;SS;AS49-AS1-20180122005406
2018-01-22 00:54:36.097;RU;AS49-AS1-20180122005348
2018-01-22 00:54:40.946;RO;AS49-AS1-20180122005425
2018-01-22 00:54:42.654;SP;AS49-AS1-20180122005425
2018-01-22 00:54:45.400;SQ;AS49-AS1-20180122005445
2018-01-22 00:54:48.596;RU;AS49-AS1-20180122005406
2018-01-22 00:54:50.966;RC;AS49-AS1-20180122005425
2018-01-22 00:54:51.805;SS;AS49-AS1-20180122005425
2018-01-22 00:55:02.462;RO;AS49-AS1-20180122005445
2018-01-22 00:55:04.300;SP;AS49-AS1-20180122005445
2018-01-22 00:55:06.919;SQ;AS49-AS1-20180122005506
2018-01-22 00:55:12.130;RU;AS49-AS1-20180122005425
2018-01-22 00:55:12.610;RC;AS49-AS1-20180122005445
2018-01-22 00:55:13.422;SS;AS49-AS1-20180122005445
2018-01-22 00:55:21.850;RO;AS49-AS1-20180122005506
2018-01-22 00:55:22.944;SP;AS49-AS1-20180122005506
2018-01-22 00:55:25.600;SQ;AS49-AS1-20180122005525
2018-01-22 00:55:29.712;RU;AS49-AS1-20180122005445
2018-01-22 00:55:30.640;RC;AS49-AS1-20180122005506
2018-01-22 00:55:31.439;SS;AS49-AS1-20180122005506
2018-01-22 00:55:42.128;RO;AS49-AS1-20180122005525
2018-01-22 00:55:43.388;SP;AS49-AS1-20180122005525
2018-01-22 00:55:45.934;RU;AS49-AS1-20180122005506
2018-01-22 00:55:45.974;SQ;AS49-AS1-20180122005545
2018-01-22 00:55:49.660;RC;AS49-AS1-20180122005525
2018-01-22 00:55:50.481;SS;AS49-AS1-20180122005525
2018-01-22 00:56:00.535;RO;AS49-AS1-20180122005545
2018-01-22 00:56:01.819;SP;AS49-AS1-20180122005545
2018-01-22 00:56:04.554;SQ;AS49-AS1-20180122005604
2018-01-22 00:56:10.323;RC;AS49-AS1-20180122005545
2018-01-22 00:56:11.218;SS;AS49-AS1-20180122005545
2018-01-22 00:56:11.295;RU;AS49-AS1-20180122005525
2018-01-22 00:56:22.376;RO;AS49-AS1-20180122005604
2018-01-22 00:56:23.530;SP;AS49-AS1-20180122005604
2018-01-22 00:56:26.227;SQ;AS49-AS1-20180122005626
2018-01-22 00:56:29.795;RU;AS49-AS1-20180122005545
2018-01-22 00:56:32.556;RC;AS49-AS1-20180122005604
2018-01-22 00:56:33.344;SS;AS49-AS1-20180122005604
2018-01-22 00:56:42.480;RO;AS49-AS1-20180122005626
2018-01-22 00:56:44.031;SP;AS49-AS1-20180122005626
2018-01-22 00:56:46.612;SQ;AS49-AS1-20180122005646
2018-01-22 00:56:53.890;RU;AS49-AS1-20180122005604
2018-01-22 00:56:53.917;RC;AS49-AS1-20180122005626
2018-01-22 00:56:54.795;SS;AS49-AS1-20180122005626
2018-01-22 00:57:09.502;RO;AS49-AS1-20180122005646
2018-01-22 00:57:10.459;SP;AS49-AS1-20180122005646
2018-01-22 00:57:13.132;SQ;AS49-AS1-20180122005713
2018-01-22 00:57:14.278;RU;AS49-AS1-20180122005626
2018-01-22 00:57:18.580;RC;AS49-AS1-20180122005646
2018-01-22 00:57:19.549;SS;AS49-AS1-20180122005646
2018-01-22 00:57:27.553;RO;AS49-AS1-20180122005713
2018-01-22 00:57:29.094;SP;AS49-AS1-20180122005713
2018-01-22 00:57:31.785;SQ;AS49-AS1-20180122005731
2018-01-22 00:57:37.578;RC;AS49-AS1-20180122005713
2018-01-22 00:57:38.011;RU;AS49-AS1-20180122005646
2018-01-22 00:57:38.445;SS;AS49-AS1-20180122005713
2018-01-22 00:57:46.906;RO;AS49-AS1-20180122005731
2018-01-22 00:57:48.682;SP;AS49-AS1-20180122005731
2018-01-22 00:57:51.278;SQ;AS49-AS1-20180122005751
2018-01-22 00:57:55.054;RU;AS49-AS1-20180122005713
2018-01-22 00:57:56.367;RC;AS49-AS1-20180122005731
2018-01-22 00:57:57.242;SS;AS49-AS1-20180122005731
2018-01-22 00:58:04.562;RO;AS49-AS1-20180122005751
2018-01-22 00:58:06.088;SP;AS49-AS1-20180122005751
2018-01-22 00:58:08.643;SQ;AS49-AS1-20180122005808
2018-01-22 00:58:13.763;RC;AS49-AS1-20180122005751
2018-01-22 00:58:14.705;SS;AS49-AS1-20180122005751
2018-01-22 00:58:16.054;RU;AS49-AS1-20180122005731
2018-01-22 00:58:24.327;RO;AS49-AS1-20180122005808
2018-01-22 00:58:25.544;SP;AS49-AS1-20180122005808
2018-01-22 00:58:28.152;SQ;AS49-AS1-20180122005828
2018-01-22 00:58:31.370;RU;AS49-AS1-20180122005751
2018-01-22 00:58:34.858;RC;AS49-AS1-20180122005808
2018-01-22 00:58:35.787;SS;AS49-AS1-20180122005808
2018-01-22 00:58:40.599;RO;AS49-AS1-20180122005828
2018-01-22 00:58:42.119;SP;AS49-AS1-20180122005828
2018-01-22 00:58:44.747;SQ;AS49-AS1-20180122005844
2018-01-22 00:58:50.875;RC;AS49-AS1-20180122005828
2018-01-22 00:58:51.666;SS;AS49-AS1-20180122005828
2018-01-22 00:58:54.797;RU;AS49-AS1-20180122005808
2018-01-22 00:59:02.235;RO;AS49-AS1-20180122005844
2018-01-22 00:59:03.555;SP;AS49-AS1-20180122005844
2018-01-22 00:59:06.220;SQ;AS49-AS1-20180122005906
2018-01-22 00:59:09.942;RC;AS49-AS1-20180122005844
2018-01-22 00:59:10.723;SS;AS49-AS1-20180122005844
2018-01-22 00:59:12.538;RU;AS49-AS1-20180122005828
2018-01-22 00:59:21.016;RO;AS49-AS1-20180122005906
2018-01-22 00:59:22.039;SP;AS49-AS1-20180122005906
2018-01-22 00:59:24.649;SQ;AS49-AS1-20180122005924
2018-01-22 00:59:27.720;RU;AS49-AS1-20180122005844
2018-01-22 00:59:30.262;RC;AS49-AS1-20180122005906
2018-01-22 00:59:31.097;SS;AS49-AS1-20180122005906
2018-01-22 00:59:38.892;RO;AS49-AS1-20180122005924
2018-01-22 00:59:40.502;SP;AS49-AS1-20180122005924
2018-01-22 00:59:43.142;SQ;AS49-AS1-20180122005943
2018-01-22 00:59:47.678;RU;AS49-AS1-20180122005906
2018-01-22 00:59:48.083;RC;AS49-AS1-20180122005924
2018-01-22 00:59:48.958;SS;AS49-AS1-20180122005924
2018-01-22 00:59:54.928;RO;AS49-AS1-20180122005943
2018-01-22 00:59:56.027;SP;AS49-AS1-20180122005943
2018-01-22 00:59:59.428;RC;AS49-AS1-20180122005943
2018-01-22 01:00:00.309;SS;AS49-AS1-20180122005943
2018-01-22 01:00:03.511;RU;AS49-AS1-20180122005924
2018-01-22 01:00:06.763;RU;AS49-AS1-20180122005943
