2018-01-22 00:50:25.328;SQ;AS7-AS1-20180122005025
2018-01-22 00:50:32.133;RO;AS7-AS1-20180122005025
2018-01-22 00:50:33.137;SP;AS7-AS1-20180122005025
2018-01-22 00:50:35.833;SQ;AS7-AS1-20180122005035
2018-01-22 00:50:39.726;RC;AS7-AS1-20180122005025
2018-01-22 00:50:40.645;SS;AS7-AS1-20180122005025
2018-01-22 00:50:47.735;RO;AS7-AS1-20180122005035
2018-01-22 00:50:48.633;SP;AS7-AS1-20180122005035
2018-01-22 00:50:51.340;SQ;AS7-AS1-20180122005051
2018-01-22 00:50:55.769;RC;AS7-AS1-20180122005035
2018-01-22 00:50:56.582;SS;AS7-AS1-20180122005035
2018-01-22 00:50:58.393;RU;AS7-AS1-20180122005025
2018-01-22 00:51:07.571;RO;AS7-AS1-20180122005051
2018-01-22 00:51:09.145;SP;AS7-AS1-20180122005051
2018-01-22 00:51:11.798;SQ;AS7-AS1-20180122005111
2018-01-22 00:51:12.348;RU;AS7-AS1-20180122005035
2018-01-22 00:51:15.568;RC;AS7-AS1-20180122005051
2018-01-22 00:51:16.570;SS;AS7-AS1-20180122005051
2018-01-22 00:51:28.224;RO;AS7-AS1-20180122005111
2018-01-22 00:51:29.618;SP;AS7-AS1-20180122005111
2018-01-22 00:51:32.227;SQ;AS7-AS1-20180122005132
2018-01-22 00:51:33.361;RU;AS7-AS1-20180122005051
2018-01-22 00:51:37.481;RC;AS7-AS1-20180122005111
2018-01-22 00:51:38.267;SS;AS7-AS1-20180122005111
2018-01-22 00:51:49.274;RO;AS7-AS1-20180122005132
2018-01-22 00:51:51.056;SP;AS7-AS1-20180122005132
2018-01-22 00:51:53.624;SQ;AS7-AS1-20180122005153
2018-01-22 00:51:55.679;RU;AS7-AS1-20180122005111
2018-01-22 00:51:59.810;RC;AS7-AS1-20180122005132
2018-01-22 00:52:00.606;SS;AS7-AS1-20180122005132
2018-01-22 00:52:09.299;RO;AS7-AS1-20180122005153
2018-01-22 00:52:10.428;SP;AS7-AS1-20180122005153
2018-01-22 00:52:13.179;SQ;AS7-AS1-20180122005213
2018-01-22 00:52:18.341;RC;AS7-AS1-20180122005153
2018-01-22 00:52:19.099;RU;AS7-AS1-20180122005132
2018-01-22 00:52:19.335;SS;AS7-AS1-20180122005153
2018-01-22 00:52:29.114;RO;AS7-AS1-20180122005213
2018-01-22 00:52:30.009;SP;AS7-AS1-20180122005213
2018-01-22 00:52:32.737;SQ;AS7-AS1-20180122005232
2018-01-22 00:52:36.206;RU;AS7-AS1-20180122005153
2018-01-22 00:52:38.487;RC;AS7-AS1-20180122005213
2018-01-22 00:52:39.282;SS;AS7-AS1-20180122005213
2018-01-22 00:52:49.001;RO;AS7-AS1-20180122005232
2018-01-22 00:52:50.558;SP;AS7-AS1-20180122005232
2018-01-22 00:52:52.766;RU;AS7-AS1-20180122005213
2018-01-22 00:52:53.152;SQ;AS7-AS1-20180122005253
2018-01-22 00:52:58.715;RC;AS7-AS1-20180122005232
2018-01-22 00:52:59.684;SS;AS7-AS1-20180122005232
2018-01-22 00:53:08.403;RO;AS7-AS1-20180122005253
2018-01-22 00:53:10.007;SP;AS7-AS1-20180122005253
2018-01-22 00:53:12.718;SQ;AS7-AS1-20180122005312
2018-01-22 00:53:16.256;RU;AS7-AS1-20180122005232
2018-01-22 00:53:18.348;RC;AS7-AS1-20180122005253
2018-01-22 00:53:19.254;SS;AS7-AS1-20180122005253
2018-01-22 00:53:26.824;RO;AS7-AS1-20180122005312
2018-01-22 00:53:28.547;SP;AS7-AS1-20180122005312
2018-01-22 00:53:31.146;SQ;AS7-AS1-20180122005331
2018-01-22 00:53:34.408;RU;AS7-AS1-20180122005253
2018-01-22 00:53:37.194;RC;AS7-AS1-20180122005312
2018-01-22 00:53:38.089;SS;AS7-AS1-20180122005312
2018-01-22 00:53:46.389;RO;AS7-AS1-20180122005331
2018-01-22 00:53:47.963;SP;AS7-AS1-20180122005331
2018-01-22 00:53:50.600;SQ;AS7-AS1-20180122005350
2018-01-22 00:53:55.065;RU;AS7-AS1-20180122005312
2018-01-22 00:53:55.804;RC;AS7-AS1-20180122005331
2018-01-22 00:53:56.586;SS;AS7-AS1-20180122005331
2018-01-22 00:54:03.917;RO;AS7-AS1-20180122005350
2018-01-22 00:54:05.431;SP;AS7-AS1-20180122005350
2018-01-22 00:54:08.074;SQ;AS7-AS1-20180122005408
2018-01-22 00:54:15.505;RU;AS7-AS1-20180122005331
2018-01-22 00:54:18.825;RC;AS7-AS1-20180122005350
2018-01-22 00:54:19.825;SS;AS7-AS1-20180122005350
2018-01-22 00:54:22.590;RO;AS7-AS1-20180122005408
2018-01-22 00:54:23.888;SP;AS7-AS1-20180122005408
2018-01-22 00:54:26.567;SQ;AS7-AS1-20180122005426
2018-01-22 00:54:32.377;RC;AS7-AS1-20180122005408
2018-01-22 00:54:33.189;SS;AS7-AS1-20180122005408
2018-01-22 00:54:35.857;RU;AS7-AS1-20180122005350
2018-01-22 00:54:41.098;RO;AS7-AS1-20180122005426
2018-01-22 00:54:42.529;SP;AS7-AS1-20180122005426
2018-01-22 00:54:45.317;SQ;AS7-AS1-20180122005445
2018-01-22 00:54:48.743;RC;AS7-AS1-20180122005426
2018-01-22 00:54:49.550;SS;AS7-AS1-20180122005426
2018-01-22 00:54:54.321;RU;AS7-AS1-20180122005408
2018-01-22 00:55:00.949;RO;AS7-AS1-20180122005445
2018-01-22 00:55:02.243;SP;AS7-AS1-20180122005445
2018-01-22 00:55:04.084;RU;AS7-AS1-20180122005426
2018-01-22 00:55:04.959;SQ;AS7-AS1-20180122005504
2018-01-22 00:55:09.762;RC;AS7-AS1-20180122005445
2018-01-22 00:55:10.593;SS;AS7-AS1-20180122005445
2018-01-22 00:55:21.301;RO;AS7-AS1-20180122005504
2018-01-22 00:55:22.981;SP;AS7-AS1-20180122005504
2018-01-22 00:55:25.620;SQ;AS7-AS1-20180122005525
2018-01-22 00:55:27.655;RU;AS7-AS1-20180122005445
2018-01-22 00:55:32.023;RC;AS7-AS1-20180122005504
2018-01-22 00:55:32.866;SS;AS7-AS1-20180122005504
2018-01-22 00:55:42.267;RO;AS7-AS1-20180122005525
2018-01-22 00:55:43.434;SP;AS7-AS1-20180122005525
2018-01-22 00:55:46.034;SQ;AS7-AS1-20180122005546
2018-01-22 00:55:52.131;RC;AS7-AS1-20180122005525
2018-01-22 00:55:52.283;RU;AS7-AS1-20180122005504
2018-01-22 00:55:52.944;SS;AS7-AS1-20180122005525
2018-01-22 00:56:00.469;RO;AS7-AS1-20180122005546
2018-01-22 00:56:01.916;SP;AS7-AS1-20180122005546
2018-01-22 00:56:04.534;SQ;AS7-AS1-20180122005604
2018-01-22 00:56:05.745;RU;AS7-AS1-20180122005525
2018-01-22 00:56:09.773;RC;AS7-AS1-20180122005546
2018-01-22 00:56:10.588;SS;AS7-AS1-20180122005546
2018-01-22 00:56:20.445;RO;AS7-AS1-20180122005604
2018-01-22 00:56:21.549;SP;AS7-AS1-20180122005604
2018-01-22 00:56:24.350;SQ;AS7-AS1-20180122005624
2018-01-22 00:56:28.613;RC;AS7-AS1-20180122005604
2018-01-22 00:56:28.653;RU;AS7-AS1-20180122005546
2018-01-22 00:56:29.400;SS;AS7-AS1-20180122005604
2018-01-22 00:56:40.213;RO;AS7-AS1-20180122005624
2018-01-22 00:56:41.187;SP;AS7-AS1-20180122005624
2018-01-22 00:56:43.899;SQ;AS7-AS1-20180122005643
2018-01-22 00:56:46.484;RU;AS7-AS1-20180122005604
2018-01-22 00:56:48.884;RC;AS7-AS1-20180122005624
2018-01-22 00:56:49.794;SS;AS7-AS1-20180122005624
2018-01-22 00:57:00.931;RO;AS7-AS1-20180122005643
2018-01-22 00:57:02.740;SP;AS7-AS1-20180122005643
2018-01-22 00:57:05.554;SQ;AS7-AS1-20180122005705
2018-01-22 00:57:07.990;RU;AS7-AS1-20180122005624
2018-01-22 00:57:10.318;RC;AS7-AS1-20180122005643
2018-01-22 00:57:11.123;SS;AS7-AS1-20180122005643
2018-01-22 00:57:19.076;RO;AS7-AS1-20180122005705
2018-01-22 00:57:20.370;SP;AS7-AS1-20180122005705
2018-01-22 00:57:23.068;SQ;AS7-AS1-20180122005723
2018-01-22 00:57:29.505;RU;AS7-AS1-20180122005643
2018-01-22 00:57:29.797;RC;AS7-AS1-20180122005705
2018-01-22 00:57:30.601;SS;AS7-AS1-20180122005705
2018-01-22 00:57:43.086;RO;AS7-AS1-20180122005723
2018-01-22 00:57:43.874;SP;AS7-AS1-20180122005723
2018-01-22 00:57:46.576;SQ;AS7-AS1-20180122005746
2018-01-22 00:57:49.008;RU;AS7-AS1-20180122005705
2018-01-22 00:57:51.001;RC;AS7-AS1-20180122005723
2018-01-22 00:57:51.814;SS;AS7-AS1-20180122005723
2018-01-22 00:58:04.583;RO;AS7-AS1-20180122005746
2018-01-22 00:58:05.413;SP;AS7-AS1-20180122005746
2018-01-22 00:58:08.135;SQ;AS7-AS1-20180122005808
2018-01-22 00:58:13.348;RC;AS7-AS1-20180122005746
2018-01-22 00:58:14.155;SS;AS7-AS1-20180122005746
2018-01-22 00:58:14.251;RU;AS7-AS1-20180122005723
2018-01-22 00:58:23.200;RO;AS7-AS1-20180122005808
2018-01-22 00:58:24.960;SP;AS7-AS1-20180122005808
2018-01-22 00:58:27.565;SQ;AS7-AS1-20180122005827
2018-01-22 00:58:30.509;RU;AS7-AS1-20180122005746
2018-01-22 00:58:32.369;RC;AS7-AS1-20180122005808
2018-01-22 00:58:33.314;SS;AS7-AS1-20180122005808
2018-01-22 00:58:43.076;RO;AS7-AS1-20180122005827
2018-01-22 00:58:44.398;SP;AS7-AS1-20180122005827
2018-01-22 00:58:46.975;SQ;AS7-AS1-20180122005846
2018-01-22 00:58:51.599;RU;AS7-AS1-20180122005808
2018-01-22 00:58:52.831;RC;AS7-AS1-20180122005827
2018-01-22 00:58:53.791;SS;AS7-AS1-20180122005827
2018-01-22 00:59:00.890;RO;AS7-AS1-20180122005846
2018-01-22 00:59:01.819;SP;AS7-AS1-20180122005846
2018-01-22 00:59:04.447;SQ;AS7-AS1-20180122005904
2018-01-22 00:59:07.884;RU;AS7-AS1-20180122005827
2018-01-22 00:59:08.356;RC;AS7-AS1-20180122005846
2018-01-22 00:59:09.171;SS;AS7-AS1-20180122005846
2018-01-22 00:59:20.752;RO;AS7-AS1-20180122005904
2018-01-22 00:59:22.299;SP;AS7-AS1-20180122005904
2018-01-22 00:59:24.966;SQ;AS7-AS1-20180122005924
2018-01-22 00:59:27.950;RU;AS7-AS1-20180122005846
2018-01-22 00:59:30.400;RC;AS7-AS1-20180122005904
2018-01-22 00:59:31.262;SS;AS7-AS1-20180122005904
2018-01-22 00:59:40.592;RO;AS7-AS1-20180122005924
2018-01-22 00:59:41.782;SP;AS7-AS1-20180122005924
2018-01-22 00:59:44.436;SQ;AS7-AS1-20180122005944
2018-01-22 00:59:48.546;RU;AS7-AS1-20180122005904
2018-01-22 00:59:49.368;RC;AS7-AS1-20180122005924
2018-01-22 00:59:50.148;SS;AS7-AS1-20180122005924
2018-01-22 00:59:57.142;RO;AS7-AS1-20180122005944
2018-01-22 00:59:58.261;SP;AS7-AS1-20180122005944
2018-01-22 01:00:02.492;RU;AS7-AS1-20180122005924
2018-01-22 01:00:02.952;RC;AS7-AS1-20180122005944
2018-01-22 01:00:03.761;SS;AS7-AS1-20180122005944
2018-01-22 01:00:08.187;RU;AS7-AS1-20180122005944
