2018-01-27 14:20:21.669;SQ;AS12-AS1-20180127142021
2018-01-27 14:20:28.896;RO;AS12-AS1-20180127142021
2018-01-27 14:20:29.999;SP;AS12-AS1-20180127142021
2018-01-27 14:20:31.696;SQ;AS12-AS1-20180127142031
2018-01-27 14:20:35.848;RC;AS12-AS1-20180127142021
2018-01-27 14:20:36.669;SS;AS12-AS1-20180127142021
2018-01-27 14:20:46.759;RO;AS12-AS1-20180127142031
2018-01-27 14:20:48.056;SP;AS12-AS1-20180127142031
2018-01-27 14:20:49.711;SQ;AS12-AS1-20180127142049
2018-01-27 14:20:54.911;RU;AS12-AS1-20180127142021
2018-01-27 14:20:56.887;RC;AS12-AS1-20180127142031
2018-01-27 14:20:59.774;SS;AS12-AS1-20180127142031
2018-01-27 14:21:00.681;VU;AS12-AS1-20180127142021
2018-01-27 14:21:07.335;RO;AS12-AS1-20180127142049
2018-01-27 14:21:08.577;SP;AS12-AS1-20180127142049
2018-01-27 14:21:10.252;SQ;AS12-AS1-20180127142110
2018-01-27 14:21:17.895;RC;AS12-AS1-20180127142049
2018-01-27 14:21:18.714;SS;AS12-AS1-20180127142049
2018-01-27 14:21:24.530;RO;AS12-AS1-20180127142110
2018-01-27 14:21:24.621;RU;AS12-AS1-20180127142031
2018-01-27 14:21:26.353;SP;AS12-AS1-20180127142110
2018-01-27 14:21:27.184;VU;AS12-AS1-20180127142031
2018-01-27 14:21:28.035;SQ;AS12-AS1-20180127142128
2018-01-27 14:21:34.480;RC;AS12-AS1-20180127142110
2018-01-27 14:21:35.295;SS;AS12-AS1-20180127142110
2018-01-27 14:21:36.192;RU;AS12-AS1-20180127142049
2018-01-27 14:21:38.036;VU;AS12-AS1-20180127142049
2018-01-27 14:21:49.495;RO;AS12-AS1-20180127142128
2018-01-27 14:21:50.383;SP;AS12-AS1-20180127142128
2018-01-27 14:21:51.994;SQ;AS12-AS1-20180127142151
2018-01-27 14:21:52.506;RU;AS12-AS1-20180127142110
2018-01-27 14:21:54.361;VU;AS12-AS1-20180127142110
2018-01-27 14:21:56.665;RC;AS12-AS1-20180127142128
2018-01-27 14:21:57.485;SS;AS12-AS1-20180127142128
2018-01-27 14:22:16.498;RO;AS12-AS1-20180127142151
2018-01-27 14:22:16.676;RU;AS12-AS1-20180127142128
2018-01-27 14:22:18.012;SP;AS12-AS1-20180127142151
2018-01-27 14:22:20.984;SQ;AS12-AS1-20180127142220
2018-01-27 14:22:24.549;VU;AS12-AS1-20180127142128
2018-01-27 14:22:27.303;RC;AS12-AS1-20180127142151
2018-01-27 14:22:28.148;SS;AS12-AS1-20180127142151
2018-01-27 14:22:38.640;RO;AS12-AS1-20180127142220
2018-01-27 14:22:40.673;SP;AS12-AS1-20180127142220
2018-01-27 14:22:42.690;SQ;AS12-AS1-20180127142242
2018-01-27 14:22:48.856;RU;AS12-AS1-20180127142151
2018-01-27 14:22:49.410;RC;AS12-AS1-20180127142220
2018-01-27 14:22:50.549;SS;AS12-AS1-20180127142220
2018-01-27 14:22:50.921;VU;AS12-AS1-20180127142151
2018-01-27 14:22:58.278;RO;AS12-AS1-20180127142242
2018-01-27 14:22:59.530;SP;AS12-AS1-20180127142242
2018-01-27 14:23:01.152;SQ;AS12-AS1-20180127142301
2018-01-27 14:23:07.318;RC;AS12-AS1-20180127142242
2018-01-27 14:23:08.173;SS;AS12-AS1-20180127142242
2018-01-27 14:23:13.254;RU;AS12-AS1-20180127142220
2018-01-27 14:23:15.102;VU;AS12-AS1-20180127142220
2018-01-27 14:23:21.770;RO;AS12-AS1-20180127142301
2018-01-27 14:23:22.996;SP;AS12-AS1-20180127142301
2018-01-27 14:23:24.644;SQ;AS12-AS1-20180127142324
2018-01-27 14:23:28.962;RC;AS12-AS1-20180127142301
2018-01-27 14:23:29.826;SS;AS12-AS1-20180127142301
2018-01-27 14:23:37.850;RU;AS12-AS1-20180127142242
2018-01-27 14:23:39.665;VU;AS12-AS1-20180127142242
2018-01-27 14:23:43.684;RO;AS12-AS1-20180127142324
2018-01-27 14:23:44.985;SP;AS12-AS1-20180127142324
2018-01-27 14:23:46.668;SQ;AS12-AS1-20180127142346
2018-01-27 14:23:50.098;RU;AS12-AS1-20180127142301
2018-01-27 14:23:56.815;VU;AS12-AS1-20180127142301
2018-01-27 14:24:03.215;RC;AS12-AS1-20180127142324
2018-01-27 14:24:03.311;RO;AS12-AS1-20180127142346
2018-01-27 14:24:04.373;SS;AS12-AS1-20180127142324
2018-01-27 14:24:04.921;SP;AS12-AS1-20180127142346
2018-01-27 14:24:06.593;SQ;AS12-AS1-20180127142406
2018-01-27 14:24:15.275;RC;AS12-AS1-20180127142346
2018-01-27 14:24:16.124;SS;AS12-AS1-20180127142346
2018-01-27 14:24:24.161;RU;AS12-AS1-20180127142324
2018-01-27 14:24:24.222;RO;AS12-AS1-20180127142406
2018-01-27 14:24:25.804;SP;AS12-AS1-20180127142406
2018-01-27 14:24:28.305;SQ;AS12-AS1-20180127142428
2018-01-27 14:24:33.657;VU;AS12-AS1-20180127142324
2018-01-27 14:24:37.509;RU;AS12-AS1-20180127142346
2018-01-27 14:24:39.352;VU;AS12-AS1-20180127142346
2018-01-27 14:24:41.411;RC;AS12-AS1-20180127142406
2018-01-27 14:24:42.218;SS;AS12-AS1-20180127142406
2018-01-27 14:24:45.868;RO;AS12-AS1-20180127142428
2018-01-27 14:24:48.082;SP;AS12-AS1-20180127142428
2018-01-27 14:24:49.741;SQ;AS12-AS1-20180127142449
2018-01-27 14:24:59.255;RC;AS12-AS1-20180127142428
2018-01-27 14:24:59.544;RU;AS12-AS1-20180127142406
2018-01-27 14:25:00.612;SS;AS12-AS1-20180127142428
2018-01-27 14:25:04.124;VU;AS12-AS1-20180127142406
2018-01-27 14:25:05.587;RO;AS12-AS1-20180127142449
2018-01-27 14:25:06.611;SP;AS12-AS1-20180127142449
2018-01-27 14:25:08.294;SQ;AS12-AS1-20180127142508
2018-01-27 14:25:12.644;RC;AS12-AS1-20180127142449
2018-01-27 14:25:13.485;SS;AS12-AS1-20180127142449
2018-01-27 14:25:20.264;RU;AS12-AS1-20180127142428
2018-01-27 14:25:22.083;VU;AS12-AS1-20180127142428
2018-01-27 14:25:29.198;RO;AS12-AS1-20180127142508
2018-01-27 14:25:29.625;RU;AS12-AS1-20180127142449
2018-01-27 14:25:30.571;SP;AS12-AS1-20180127142508
2018-01-27 14:25:32.911;SQ;AS12-AS1-20180127142532
2018-01-27 14:25:33.670;RC;AS12-AS1-20180127142508
2018-01-27 14:25:35.803;SS;AS12-AS1-20180127142508
2018-01-27 14:25:39.677;VU;AS12-AS1-20180127142449
2018-01-27 14:25:49.937;RO;AS12-AS1-20180127142532
2018-01-27 14:25:50.766;SP;AS12-AS1-20180127142532
2018-01-27 14:25:53.916;SQ;AS12-AS1-20180127142553
2018-01-27 14:25:55.469;RU;AS12-AS1-20180127142508
2018-01-27 14:25:57.296;VU;AS12-AS1-20180127142508
2018-01-27 14:26:03.949;RC;AS12-AS1-20180127142532
2018-01-27 14:26:04.762;SS;AS12-AS1-20180127142532
2018-01-27 14:26:10.308;RO;AS12-AS1-20180127142553
2018-01-27 14:26:11.269;SP;AS12-AS1-20180127142553
2018-01-27 14:26:12.905;SQ;AS12-AS1-20180127142612
2018-01-27 14:26:19.398;RC;AS12-AS1-20180127142553
2018-01-27 14:26:20.219;SS;AS12-AS1-20180127142553
2018-01-27 14:26:24.249;RU;AS12-AS1-20180127142532
2018-01-27 14:26:30.678;VU;AS12-AS1-20180127142532
2018-01-27 14:26:31.304;RO;AS12-AS1-20180127142612
2018-01-27 14:26:32.238;SP;AS12-AS1-20180127142612
2018-01-27 14:26:33.897;SQ;AS12-AS1-20180127142633
2018-01-27 14:26:39.890;RC;AS12-AS1-20180127142612
2018-01-27 14:26:40.707;SS;AS12-AS1-20180127142612
2018-01-27 14:26:41.098;RU;AS12-AS1-20180127142553
2018-01-27 14:26:45.638;VU;AS12-AS1-20180127142553
2018-01-27 14:26:49.822;RO;AS12-AS1-20180127142633
2018-01-27 14:26:50.743;SP;AS12-AS1-20180127142633
2018-01-27 14:26:52.399;SQ;AS12-AS1-20180127142652
2018-01-27 14:26:52.907;RC;AS12-AS1-20180127142633
2018-01-27 14:26:53.728;SS;AS12-AS1-20180127142633
2018-01-27 14:27:09.052;RU;AS12-AS1-20180127142612
2018-01-27 14:27:10.894;VU;AS12-AS1-20180127142612
2018-01-27 14:27:12.850;RO;AS12-AS1-20180127142652
2018-01-27 14:27:13.769;SP;AS12-AS1-20180127142652
2018-01-27 14:27:15.429;SQ;AS12-AS1-20180127142715
2018-01-27 14:27:24.716;RU;AS12-AS1-20180127142633
2018-01-27 14:27:25.022;RC;AS12-AS1-20180127142652
2018-01-27 14:27:26.379;SS;AS12-AS1-20180127142652
2018-01-27 14:27:27.000;VU;AS12-AS1-20180127142633
2018-01-27 14:27:31.668;RO;AS12-AS1-20180127142715
2018-01-27 14:27:32.779;SP;AS12-AS1-20180127142715
2018-01-27 14:27:34.464;SQ;AS12-AS1-20180127142734
2018-01-27 14:27:42.729;RC;AS12-AS1-20180127142715
2018-01-27 14:27:43.567;SS;AS12-AS1-20180127142715
2018-01-27 14:27:45.027;RU;AS12-AS1-20180127142652
2018-01-27 14:27:51.432;VU;AS12-AS1-20180127142652
2018-01-27 14:27:56.429;RO;AS12-AS1-20180127142734
2018-01-27 14:27:57.300;SP;AS12-AS1-20180127142734
2018-01-27 14:27:58.950;SQ;AS12-AS1-20180127142758
2018-01-27 14:28:03.416;RC;AS12-AS1-20180127142734
2018-01-27 14:28:05.049;SS;AS12-AS1-20180127142734
2018-01-27 14:28:07.127;RU;AS12-AS1-20180127142715
2018-01-27 14:28:08.975;VU;AS12-AS1-20180127142715
2018-01-27 14:28:17.059;RO;AS12-AS1-20180127142758
2018-01-27 14:28:17.622;RU;AS12-AS1-20180127142734
2018-01-27 14:28:19.210;SP;AS12-AS1-20180127142758
2018-01-27 14:28:23.695;SQ;AS12-AS1-20180127142823
2018-01-27 14:28:24.386;VU;AS12-AS1-20180127142734
2018-01-27 14:28:25.937;RC;AS12-AS1-20180127142758
2018-01-27 14:28:26.758;SS;AS12-AS1-20180127142758
2018-01-27 14:28:41.953;RO;AS12-AS1-20180127142823
2018-01-27 14:28:43.053;SP;AS12-AS1-20180127142823
2018-01-27 14:28:44.716;SQ;AS12-AS1-20180127142844
2018-01-27 14:28:45.599;RU;AS12-AS1-20180127142758
2018-01-27 14:28:52.556;RC;AS12-AS1-20180127142823
2018-01-27 14:28:53.678;SS;AS12-AS1-20180127142823
2018-01-27 14:28:54.072;VU;AS12-AS1-20180127142758
2018-01-27 14:29:01.412;RO;AS12-AS1-20180127142844
2018-01-27 14:29:02.549;SP;AS12-AS1-20180127142844
2018-01-27 14:29:04.211;SQ;AS12-AS1-20180127142904
2018-01-27 14:29:07.457;RC;AS12-AS1-20180127142844
2018-01-27 14:29:09.251;SS;AS12-AS1-20180127142844
2018-01-27 14:29:17.746;RU;AS12-AS1-20180127142823
2018-01-27 14:29:19.573;VU;AS12-AS1-20180127142823
2018-01-27 14:29:23.732;RO;AS12-AS1-20180127142904
2018-01-27 14:29:24.570;SP;AS12-AS1-20180127142904
2018-01-27 14:29:27.521;RU;AS12-AS1-20180127142844
2018-01-27 14:29:27.822;SQ;AS12-AS1-20180127142927
2018-01-27 14:29:29.839;VU;AS12-AS1-20180127142844
2018-01-27 14:29:34.064;RC;AS12-AS1-20180127142904
2018-01-27 14:29:34.877;SS;AS12-AS1-20180127142904
2018-01-27 14:29:44.999;RO;AS12-AS1-20180127142927
2018-01-27 14:29:46.169;SP;AS12-AS1-20180127142927
2018-01-27 14:29:47.849;SQ;AS12-AS1-20180127142947
2018-01-27 14:29:53.935;RC;AS12-AS1-20180127142927
2018-01-27 14:29:54.761;SS;AS12-AS1-20180127142927
2018-01-27 14:29:58.868;RU;AS12-AS1-20180127142904
2018-01-27 14:30:00.693;VU;AS12-AS1-20180127142904
2018-01-27 14:30:08.949;RO;AS12-AS1-20180127142947
2018-01-27 14:30:09.150;RU;AS12-AS1-20180127142927
2018-01-27 14:30:10.841;SP;AS12-AS1-20180127142947
2018-01-27 14:30:14.620;SQ;AS12-AS1-20180127143014
2018-01-27 14:30:15.006;RC;AS12-AS1-20180127142947
2018-01-27 14:30:16.767;SS;AS12-AS1-20180127142947
2018-01-27 14:30:18.053;VU;AS12-AS1-20180127142927
2018-01-27 14:30:24.998;RO;AS12-AS1-20180127143014
2018-01-27 14:30:25.962;SP;AS12-AS1-20180127143014
2018-01-27 14:30:27.658;SQ;AS12-AS1-20180127143027
2018-01-27 14:30:29.112;RC;AS12-AS1-20180127143014
2018-01-27 14:30:30.895;SS;AS12-AS1-20180127143014
2018-01-27 14:30:31.395;RU;AS12-AS1-20180127142947
2018-01-27 14:30:32.827;RO;AS12-AS1-20180127143027
2018-01-27 14:30:33.384;VU;AS12-AS1-20180127142947
2018-01-27 14:30:34.002;SP;AS12-AS1-20180127143027
2018-01-27 14:30:34.804;RC;AS12-AS1-20180127143027
2018-01-27 14:30:35.641;SS;AS12-AS1-20180127143027
2018-01-27 14:30:37.036;RU;AS12-AS1-20180127143014
2018-01-27 14:30:40.639;RU;AS12-AS1-20180127143027
2018-01-27 14:30:52.064;VU;AS12-AS1-20180127143027
2018-01-27 14:30:52.065;VU;AS12-AS1-20180127143014
