2018-01-27 14:20:22.627;SQ;AS14-AS1-20180127142022
2018-01-27 14:20:29.464;RO;AS14-AS1-20180127142022
2018-01-27 14:20:30.424;SP;AS14-AS1-20180127142022
2018-01-27 14:20:31.971;SQ;AS14-AS1-20180127142031
2018-01-27 14:20:35.954;RC;AS14-AS1-20180127142022
2018-01-27 14:20:36.754;SS;AS14-AS1-20180127142022
2018-01-27 14:20:47.004;RO;AS14-AS1-20180127142031
2018-01-27 14:20:48.279;SP;AS14-AS1-20180127142031
2018-01-27 14:20:49.856;SQ;AS14-AS1-20180127142049
2018-01-27 14:20:58.503;RU;AS14-AS1-20180127142022
2018-01-27 14:20:58.543;RC;AS14-AS1-20180127142031
2018-01-27 14:21:00.110;SS;AS14-AS1-20180127142031
2018-01-27 14:21:01.052;VU;AS14-AS1-20180127142022
2018-01-27 14:21:06.695;RO;AS14-AS1-20180127142049
2018-01-27 14:21:07.671;SP;AS14-AS1-20180127142049
2018-01-27 14:21:09.219;SQ;AS14-AS1-20180127142109
2018-01-27 14:21:12.771;RC;AS14-AS1-20180127142049
2018-01-27 14:21:13.553;SS;AS14-AS1-20180127142049
2018-01-27 14:21:18.840;RU;AS14-AS1-20180127142031
2018-01-27 14:21:20.638;VU;AS14-AS1-20180127142031
2018-01-27 14:21:27.206;RO;AS14-AS1-20180127142109
2018-01-27 14:21:28.021;SP;AS14-AS1-20180127142109
2018-01-27 14:21:29.595;SQ;AS14-AS1-20180127142129
2018-01-27 14:21:35.519;RU;AS14-AS1-20180127142049
2018-01-27 14:21:37.312;VU;AS14-AS1-20180127142049
2018-01-27 14:21:41.615;RC;AS14-AS1-20180127142109
2018-01-27 14:21:42.410;SS;AS14-AS1-20180127142109
2018-01-27 14:21:49.580;RO;AS14-AS1-20180127142129
2018-01-27 14:21:50.403;SP;AS14-AS1-20180127142129
2018-01-27 14:21:51.980;SQ;AS14-AS1-20180127142151
2018-01-27 14:21:56.867;RC;AS14-AS1-20180127142129
2018-01-27 14:21:57.631;SS;AS14-AS1-20180127142129
2018-01-27 14:22:02.422;RU;AS14-AS1-20180127142109
2018-01-27 14:22:08.694;VU;AS14-AS1-20180127142109
2018-01-27 14:22:08.871;RO;AS14-AS1-20180127142151
2018-01-27 14:22:09.795;SP;AS14-AS1-20180127142151
2018-01-27 14:22:11.366;SQ;AS14-AS1-20180127142211
2018-01-27 14:22:16.683;RC;AS14-AS1-20180127142151
2018-01-27 14:22:16.683;RU;AS14-AS1-20180127142129
2018-01-27 14:22:18.240;SS;AS14-AS1-20180127142151
2018-01-27 14:22:18.618;RO;AS14-AS1-20180127142211
2018-01-27 14:22:20.308;SP;AS14-AS1-20180127142211
2018-01-27 14:22:24.797;SQ;AS14-AS1-20180127142224
2018-01-27 14:22:28.939;RC;AS14-AS1-20180127142211
2018-01-27 14:22:29.878;SS;AS14-AS1-20180127142211
2018-01-27 14:22:38.917;RU;AS14-AS1-20180127142151
2018-01-27 14:22:39.839;RO;AS14-AS1-20180127142224
2018-01-27 14:22:42.643;SP;AS14-AS1-20180127142224
2018-01-27 14:22:43.256;VU;AS14-AS1-20180127142151
2018-01-27 14:22:45.026;SQ;AS14-AS1-20180127142245
2018-01-27 14:22:48.870;RU;AS14-AS1-20180127142211
2018-01-27 14:22:51.128;VU;AS14-AS1-20180127142211
2018-01-27 14:22:51.319;RC;AS14-AS1-20180127142224
2018-01-27 14:22:52.727;SS;AS14-AS1-20180127142224
2018-01-27 14:22:59.196;RO;AS14-AS1-20180127142245
2018-01-27 14:23:00.984;SP;AS14-AS1-20180127142245
2018-01-27 14:23:03.080;SQ;AS14-AS1-20180127142303
2018-01-27 14:23:11.020;RC;AS14-AS1-20180127142245
2018-01-27 14:23:11.548;RU;AS14-AS1-20180127142224
2018-01-27 14:23:14.506;SS;AS14-AS1-20180127142245
2018-01-27 14:23:15.766;VU;AS14-AS1-20180127142224
2018-01-27 14:23:21.539;RO;AS14-AS1-20180127142303
2018-01-27 14:23:23.065;SP;AS14-AS1-20180127142303
2018-01-27 14:23:25.399;SQ;AS14-AS1-20180127142325
2018-01-27 14:23:30.055;RC;AS14-AS1-20180127142303
2018-01-27 14:23:31.001;SS;AS14-AS1-20180127142303
2018-01-27 14:23:37.910;RU;AS14-AS1-20180127142245
2018-01-27 14:23:39.850;VU;AS14-AS1-20180127142245
2018-01-27 14:23:43.447;RO;AS14-AS1-20180127142325
2018-01-27 14:23:45.357;SP;AS14-AS1-20180127142325
2018-01-27 14:23:47.469;SQ;AS14-AS1-20180127142347
2018-01-27 14:23:48.781;RU;AS14-AS1-20180127142303
2018-01-27 14:23:55.333;RC;AS14-AS1-20180127142325
2018-01-27 14:23:57.373;SS;AS14-AS1-20180127142325
2018-01-27 14:23:58.581;VU;AS14-AS1-20180127142303
2018-01-27 14:24:02.384;RO;AS14-AS1-20180127142347
2018-01-27 14:24:03.881;SP;AS14-AS1-20180127142347
2018-01-27 14:24:06.288;SQ;AS14-AS1-20180127142406
2018-01-27 14:24:13.860;RC;AS14-AS1-20180127142347
2018-01-27 14:24:15.333;SS;AS14-AS1-20180127142347
2018-01-27 14:24:17.924;RU;AS14-AS1-20180127142325
2018-01-27 14:24:19.793;VU;AS14-AS1-20180127142325
2018-01-27 14:24:24.225;RO;AS14-AS1-20180127142406
2018-01-27 14:24:25.796;SP;AS14-AS1-20180127142406
2018-01-27 14:24:27.880;SQ;AS14-AS1-20180127142427
2018-01-27 14:24:36.061;RC;AS14-AS1-20180127142406
2018-01-27 14:24:37.119;SS;AS14-AS1-20180127142406
2018-01-27 14:24:38.628;RU;AS14-AS1-20180127142347
2018-01-27 14:24:40.509;VU;AS14-AS1-20180127142347
2018-01-27 14:24:46.930;RO;AS14-AS1-20180127142427
2018-01-27 14:24:48.810;SP;AS14-AS1-20180127142427
2018-01-27 14:24:51.212;SQ;AS14-AS1-20180127142451
2018-01-27 14:24:56.276;RU;AS14-AS1-20180127142406
2018-01-27 14:24:56.922;RC;AS14-AS1-20180127142427
2018-01-27 14:24:58.392;SS;AS14-AS1-20180127142427
2018-01-27 14:25:03.621;VU;AS14-AS1-20180127142406
2018-01-27 14:25:06.705;RO;AS14-AS1-20180127142451
2018-01-27 14:25:07.649;SP;AS14-AS1-20180127142451
2018-01-27 14:25:10.062;SQ;AS14-AS1-20180127142510
2018-01-27 14:25:16.154;RC;AS14-AS1-20180127142451
2018-01-27 14:25:18.819;RU;AS14-AS1-20180127142427
2018-01-27 14:25:19.332;SS;AS14-AS1-20180127142451
2018-01-27 14:25:21.980;VU;AS14-AS1-20180127142427
2018-01-27 14:25:29.493;RO;AS14-AS1-20180127142510
2018-01-27 14:25:31.022;SP;AS14-AS1-20180127142510
2018-01-27 14:25:33.378;SQ;AS14-AS1-20180127142533
2018-01-27 14:25:36.940;RC;AS14-AS1-20180127142510
2018-01-27 14:25:38.288;SS;AS14-AS1-20180127142510
2018-01-27 14:25:41.549;RU;AS14-AS1-20180127142451
2018-01-27 14:25:43.874;VU;AS14-AS1-20180127142451
2018-01-27 14:25:50.721;RO;AS14-AS1-20180127142533
2018-01-27 14:25:53.469;SP;AS14-AS1-20180127142533
2018-01-27 14:25:56.971;SQ;AS14-AS1-20180127142556
2018-01-27 14:25:57.188;RU;AS14-AS1-20180127142510
2018-01-27 14:25:59.365;VU;AS14-AS1-20180127142510
2018-01-27 14:26:03.980;RC;AS14-AS1-20180127142533
2018-01-27 14:26:04.904;SS;AS14-AS1-20180127142533
2018-01-27 14:26:11.173;RO;AS14-AS1-20180127142556
2018-01-27 14:26:12.396;SP;AS14-AS1-20180127142556
2018-01-27 14:26:14.768;SQ;AS14-AS1-20180127142614
2018-01-27 14:26:21.320;RC;AS14-AS1-20180127142556
2018-01-27 14:26:22.272;SS;AS14-AS1-20180127142556
2018-01-27 14:26:25.046;RU;AS14-AS1-20180127142533
2018-01-27 14:26:30.582;VU;AS14-AS1-20180127142533
2018-01-27 14:26:31.108;RO;AS14-AS1-20180127142614
2018-01-27 14:26:32.804;SP;AS14-AS1-20180127142614
2018-01-27 14:26:34.900;SQ;AS14-AS1-20180127142634
2018-01-27 14:26:40.014;RU;AS14-AS1-20180127142556
2018-01-27 14:26:40.389;RC;AS14-AS1-20180127142614
2018-01-27 14:26:43.666;SS;AS14-AS1-20180127142614
2018-01-27 14:26:46.735;VU;AS14-AS1-20180127142556
2018-01-27 14:26:49.986;RO;AS14-AS1-20180127142634
2018-01-27 14:26:51.453;SP;AS14-AS1-20180127142634
2018-01-27 14:26:53.830;SQ;AS14-AS1-20180127142653
2018-01-27 14:26:59.246;RC;AS14-AS1-20180127142634
2018-01-27 14:27:01.070;RU;AS14-AS1-20180127142614
2018-01-27 14:27:01.504;SS;AS14-AS1-20180127142634
2018-01-27 14:27:03.966;VU;AS14-AS1-20180127142614
2018-01-27 14:27:12.462;RO;AS14-AS1-20180127142653
2018-01-27 14:27:14.448;SP;AS14-AS1-20180127142653
2018-01-27 14:27:17.630;SQ;AS14-AS1-20180127142717
2018-01-27 14:27:24.598;RU;AS14-AS1-20180127142634
2018-01-27 14:27:24.959;RC;AS14-AS1-20180127142653
2018-01-27 14:27:26.727;SS;AS14-AS1-20180127142653
2018-01-27 14:27:27.513;VU;AS14-AS1-20180127142634
2018-01-27 14:27:31.515;RO;AS14-AS1-20180127142717
2018-01-27 14:27:32.932;SP;AS14-AS1-20180127142717
2018-01-27 14:27:35.131;SQ;AS14-AS1-20180127142735
2018-01-27 14:27:40.612;RC;AS14-AS1-20180127142717
2018-01-27 14:27:42.007;SS;AS14-AS1-20180127142717
2018-01-27 14:27:46.410;RU;AS14-AS1-20180127142653
2018-01-27 14:27:52.342;VU;AS14-AS1-20180127142653
2018-01-27 14:27:56.420;RO;AS14-AS1-20180127142735
2018-01-27 14:27:57.431;SP;AS14-AS1-20180127142735
2018-01-27 14:27:57.861;RU;AS14-AS1-20180127142717
2018-01-27 14:28:00.620;SQ;AS14-AS1-20180127142800
2018-01-27 14:28:04.957;RC;AS14-AS1-20180127142735
2018-01-27 14:28:07.265;SS;AS14-AS1-20180127142735
2018-01-27 14:28:07.538;VU;AS14-AS1-20180127142717
2018-01-27 14:28:17.494;RO;AS14-AS1-20180127142800
2018-01-27 14:28:19.488;SP;AS14-AS1-20180127142800
2018-01-27 14:28:23.494;SQ;AS14-AS1-20180127142823
2018-01-27 14:28:28.866;RC;AS14-AS1-20180127142800
2018-01-27 14:28:29.845;SS;AS14-AS1-20180127142800
2018-01-27 14:28:30.093;RU;AS14-AS1-20180127142735
2018-01-27 14:28:32.226;VU;AS14-AS1-20180127142735
2018-01-27 14:28:41.414;RO;AS14-AS1-20180127142823
2018-01-27 14:28:42.777;SP;AS14-AS1-20180127142823
2018-01-27 14:28:45.145;SQ;AS14-AS1-20180127142845
2018-01-27 14:28:51.881;RC;AS14-AS1-20180127142823
2018-01-27 14:28:52.815;RU;AS14-AS1-20180127142800
2018-01-27 14:28:53.222;SS;AS14-AS1-20180127142823
2018-01-27 14:28:55.250;VU;AS14-AS1-20180127142800
2018-01-27 14:29:01.806;RO;AS14-AS1-20180127142845
2018-01-27 14:29:03.608;SP;AS14-AS1-20180127142845
2018-01-27 14:29:05.928;SQ;AS14-AS1-20180127142905
2018-01-27 14:29:17.190;RC;AS14-AS1-20180127142845
2018-01-27 14:29:17.375;RU;AS14-AS1-20180127142823
2018-01-27 14:29:19.301;SS;AS14-AS1-20180127142845
2018-01-27 14:29:20.399;VU;AS14-AS1-20180127142823
2018-01-27 14:29:23.501;RO;AS14-AS1-20180127142905
2018-01-27 14:29:25.297;SP;AS14-AS1-20180127142905
2018-01-27 14:29:29.173;SQ;AS14-AS1-20180127142929
2018-01-27 14:29:34.489;RC;AS14-AS1-20180127142905
2018-01-27 14:29:35.721;SS;AS14-AS1-20180127142905
2018-01-27 14:29:38.197;RU;AS14-AS1-20180127142845
2018-01-27 14:29:43.123;VU;AS14-AS1-20180127142845
2018-01-27 14:29:45.071;RO;AS14-AS1-20180127142929
2018-01-27 14:29:46.695;SP;AS14-AS1-20180127142929
2018-01-27 14:29:48.788;SQ;AS14-AS1-20180127142948
2018-01-27 14:29:55.392;RC;AS14-AS1-20180127142929
2018-01-27 14:29:57.461;SS;AS14-AS1-20180127142929
2018-01-27 14:29:58.566;RU;AS14-AS1-20180127142905
2018-01-27 14:30:01.933;VU;AS14-AS1-20180127142905
2018-01-27 14:30:09.079;RO;AS14-AS1-20180127142948
2018-01-27 14:30:10.782;SP;AS14-AS1-20180127142948
2018-01-27 14:30:14.316;SQ;AS14-AS1-20180127143014
2018-01-27 14:30:15.006;RC;AS14-AS1-20180127142948
2018-01-27 14:30:16.548;SS;AS14-AS1-20180127142948
2018-01-27 14:30:16.637;RU;AS14-AS1-20180127142929
2018-01-27 14:30:18.552;VU;AS14-AS1-20180127142929
2018-01-27 14:30:23.012;RO;AS14-AS1-20180127143014
2018-01-27 14:30:24.822;SP;AS14-AS1-20180127143014
2018-01-27 14:30:25.855;RC;AS14-AS1-20180127143014
2018-01-27 14:30:27.265;SS;AS14-AS1-20180127143014
2018-01-27 14:30:28.476;RU;AS14-AS1-20180127142948
2018-01-27 14:30:34.678;VU;AS14-AS1-20180127142948
2018-01-27 14:30:36.343;RU;AS14-AS1-20180127143014
2018-01-27 14:30:52.213;VU;AS14-AS1-20180127143014
