2018-01-27 14:20:20.269;SQ;AS15-AS1-20180127142020
2018-01-27 14:20:22.215;RO;AS15-AS1-20180127142020
2018-01-27 14:20:23.023;SP;AS15-AS1-20180127142020
2018-01-27 14:20:24.519;SQ;AS15-AS1-20180127142024
2018-01-27 14:20:27.573;RC;AS15-AS1-20180127142020
2018-01-27 14:20:28.348;SS;AS15-AS1-20180127142020
2018-01-27 14:20:34.680;RO;AS15-AS1-20180127142024
2018-01-27 14:20:35.833;SP;AS15-AS1-20180127142024
2018-01-27 14:20:37.378;SQ;AS15-AS1-20180127142037
2018-01-27 14:20:42.715;RU;AS15-AS1-20180127142020
2018-01-27 14:20:43.837;RC;AS15-AS1-20180127142024
2018-01-27 14:20:44.470;VU;AS15-AS1-20180127142020
2018-01-27 14:20:44.631;SS;AS15-AS1-20180127142024
2018-01-27 14:21:06.484;RU;AS15-AS1-20180127142024
2018-01-27 14:21:06.524;RO;AS15-AS1-20180127142037
2018-01-27 14:21:08.046;SP;AS15-AS1-20180127142037
2018-01-27 14:21:08.577;VU;AS15-AS1-20180127142024
2018-01-27 14:21:09.584;SQ;AS15-AS1-20180127142109
2018-01-27 14:21:15.575;RC;AS15-AS1-20180127142037
2018-01-27 14:21:16.519;SS;AS15-AS1-20180127142037
2018-01-27 14:21:27.130;RO;AS15-AS1-20180127142109
2018-01-27 14:21:28.380;SP;AS15-AS1-20180127142109
2018-01-27 14:21:30.242;SQ;AS15-AS1-20180127142130
2018-01-27 14:21:33.641;RU;AS15-AS1-20180127142037
2018-01-27 14:21:35.409;VU;AS15-AS1-20180127142037
2018-01-27 14:21:35.823;RC;AS15-AS1-20180127142109
2018-01-27 14:21:36.586;SS;AS15-AS1-20180127142109
2018-01-27 14:21:49.745;RO;AS15-AS1-20180127142130
2018-01-27 14:21:50.520;SP;AS15-AS1-20180127142130
2018-01-27 14:21:52.002;SQ;AS15-AS1-20180127142152
2018-01-27 14:21:53.673;RU;AS15-AS1-20180127142109
2018-01-27 14:21:55.459;VU;AS15-AS1-20180127142109
2018-01-27 14:21:56.710;RC;AS15-AS1-20180127142130
2018-01-27 14:21:57.492;SS;AS15-AS1-20180127142130
2018-01-27 14:22:09.945;RO;AS15-AS1-20180127142152
2018-01-27 14:22:10.796;SP;AS15-AS1-20180127142152
2018-01-27 14:22:12.266;SQ;AS15-AS1-20180127142212
2018-01-27 14:22:16.440;RC;AS15-AS1-20180127142152
2018-01-27 14:22:16.681;RU;AS15-AS1-20180127142130
2018-01-27 14:22:17.661;SS;AS15-AS1-20180127142152
2018-01-27 14:22:19.237;RO;AS15-AS1-20180127142212
2018-01-27 14:22:21.311;SP;AS15-AS1-20180127142212
2018-01-27 14:22:24.770;SQ;AS15-AS1-20180127142224
2018-01-27 14:22:25.268;VU;AS15-AS1-20180127142130
2018-01-27 14:22:29.597;RC;AS15-AS1-20180127142212
2018-01-27 14:22:30.374;SS;AS15-AS1-20180127142212
2018-01-27 14:22:34.785;RU;AS15-AS1-20180127142152
2018-01-27 14:22:40.059;RO;AS15-AS1-20180127142224
2018-01-27 14:22:42.062;SP;AS15-AS1-20180127142224
2018-01-27 14:22:43.780;VU;AS15-AS1-20180127142152
2018-01-27 14:22:43.972;SQ;AS15-AS1-20180127142243
2018-01-27 14:22:50.590;RC;AS15-AS1-20180127142224
2018-01-27 14:22:51.236;RU;AS15-AS1-20180127142212
2018-01-27 14:22:51.474;SS;AS15-AS1-20180127142224
2018-01-27 14:22:57.399;VU;AS15-AS1-20180127142212
2018-01-27 14:22:58.200;RO;AS15-AS1-20180127142243
2018-01-27 14:22:59.247;SP;AS15-AS1-20180127142243
2018-01-27 14:23:00.789;SQ;AS15-AS1-20180127142300
2018-01-27 14:23:08.163;RC;AS15-AS1-20180127142243
2018-01-27 14:23:08.923;SS;AS15-AS1-20180127142243
2018-01-27 14:23:11.780;RU;AS15-AS1-20180127142224
2018-01-27 14:23:13.524;VU;AS15-AS1-20180127142224
2018-01-27 14:23:21.239;RO;AS15-AS1-20180127142300
2018-01-27 14:23:22.117;SP;AS15-AS1-20180127142300
2018-01-27 14:23:23.434;RC;AS15-AS1-20180127142300
2018-01-27 14:23:23.881;SQ;AS15-AS1-20180127142323
2018-01-27 14:23:24.459;SS;AS15-AS1-20180127142300
2018-01-27 14:23:37.453;RU;AS15-AS1-20180127142243
2018-01-27 14:23:39.134;RO;AS15-AS1-20180127142323
2018-01-27 14:23:39.203;VU;AS15-AS1-20180127142243
2018-01-27 14:23:40.204;SP;AS15-AS1-20180127142323
2018-01-27 14:23:41.727;SQ;AS15-AS1-20180127142341
2018-01-27 14:23:47.224;RU;AS15-AS1-20180127142300
2018-01-27 14:23:49.427;RC;AS15-AS1-20180127142323
2018-01-27 14:23:50.540;SS;AS15-AS1-20180127142323
2018-01-27 14:23:55.421;VU;AS15-AS1-20180127142300
2018-01-27 14:24:00.741;RO;AS15-AS1-20180127142341
2018-01-27 14:24:01.560;SP;AS15-AS1-20180127142341
2018-01-27 14:24:03.088;SQ;AS15-AS1-20180127142403
2018-01-27 14:24:08.503;RC;AS15-AS1-20180127142341
2018-01-27 14:24:09.267;SS;AS15-AS1-20180127142341
2018-01-27 14:24:11.815;RU;AS15-AS1-20180127142323
2018-01-27 14:24:16.201;VU;AS15-AS1-20180127142323
2018-01-27 14:24:19.040;RO;AS15-AS1-20180127142403
2018-01-27 14:24:19.866;SP;AS15-AS1-20180127142403
2018-01-27 14:24:21.349;SQ;AS15-AS1-20180127142421
2018-01-27 14:24:24.181;RC;AS15-AS1-20180127142403
2018-01-27 14:24:24.921;SS;AS15-AS1-20180127142403
2018-01-27 14:24:24.973;RO;AS15-AS1-20180127142421
2018-01-27 14:24:26.126;SP;AS15-AS1-20180127142421
2018-01-27 14:24:27.691;SQ;AS15-AS1-20180127142427
2018-01-27 14:24:36.035;RC;AS15-AS1-20180127142421
2018-01-27 14:24:36.797;SS;AS15-AS1-20180127142421
2018-01-27 14:24:39.366;RU;AS15-AS1-20180127142341
2018-01-27 14:24:40.608;RU;AS15-AS1-20180127142403
2018-01-27 14:24:41.118;VU;AS15-AS1-20180127142341
2018-01-27 14:24:42.380;VU;AS15-AS1-20180127142403
2018-01-27 14:24:47.398;RO;AS15-AS1-20180127142427
2018-01-27 14:24:48.490;SP;AS15-AS1-20180127142427
2018-01-27 14:24:50.014;SQ;AS15-AS1-20180127142450
2018-01-27 14:24:55.349;RU;AS15-AS1-20180127142421
2018-01-27 14:24:56.816;RC;AS15-AS1-20180127142427
2018-01-27 14:24:57.113;VU;AS15-AS1-20180127142421
2018-01-27 14:24:57.578;SS;AS15-AS1-20180127142427
2018-01-27 14:25:06.789;RO;AS15-AS1-20180127142450
2018-01-27 14:25:07.785;SP;AS15-AS1-20180127142450
2018-01-27 14:25:09.339;SQ;AS15-AS1-20180127142509
2018-01-27 14:25:16.572;RC;AS15-AS1-20180127142450
2018-01-27 14:25:18.162;SS;AS15-AS1-20180127142450
2018-01-27 14:25:20.624;RU;AS15-AS1-20180127142427
2018-01-27 14:25:22.395;VU;AS15-AS1-20180127142427
2018-01-27 14:25:29.525;RO;AS15-AS1-20180127142509
2018-01-27 14:25:29.635;RU;AS15-AS1-20180127142450
2018-01-27 14:25:31.177;SP;AS15-AS1-20180127142509
2018-01-27 14:25:33.423;SQ;AS15-AS1-20180127142533
2018-01-27 14:25:37.077;RC;AS15-AS1-20180127142509
2018-01-27 14:25:38.578;SS;AS15-AS1-20180127142509
2018-01-27 14:25:39.575;VU;AS15-AS1-20180127142450
2018-01-27 14:25:49.772;RO;AS15-AS1-20180127142533
2018-01-27 14:25:50.744;SP;AS15-AS1-20180127142533
2018-01-27 14:25:53.632;SQ;AS15-AS1-20180127142553
2018-01-27 14:25:56.906;RU;AS15-AS1-20180127142509
2018-01-27 14:25:58.706;VU;AS15-AS1-20180127142509
2018-01-27 14:26:03.873;RC;AS15-AS1-20180127142533
2018-01-27 14:26:04.684;SS;AS15-AS1-20180127142533
2018-01-27 14:26:11.037;RO;AS15-AS1-20180127142553
2018-01-27 14:26:11.891;SP;AS15-AS1-20180127142553
2018-01-27 14:26:13.373;SQ;AS15-AS1-20180127142613
2018-01-27 14:26:21.672;RC;AS15-AS1-20180127142553
2018-01-27 14:26:22.443;SS;AS15-AS1-20180127142553
2018-01-27 14:26:24.955;RU;AS15-AS1-20180127142533
2018-01-27 14:26:29.149;VU;AS15-AS1-20180127142533
2018-01-27 14:26:31.499;RO;AS15-AS1-20180127142613
2018-01-27 14:26:32.646;SP;AS15-AS1-20180127142613
2018-01-27 14:26:34.173;SQ;AS15-AS1-20180127142634
2018-01-27 14:26:39.429;RU;AS15-AS1-20180127142553
2018-01-27 14:26:41.635;RC;AS15-AS1-20180127142613
2018-01-27 14:26:44.167;SS;AS15-AS1-20180127142613
2018-01-27 14:26:46.634;VU;AS15-AS1-20180127142553
2018-01-27 14:26:49.979;RO;AS15-AS1-20180127142634
2018-01-27 14:26:50.964;SP;AS15-AS1-20180127142634
2018-01-27 14:26:52.500;SQ;AS15-AS1-20180127142652
2018-01-27 14:26:54.915;RC;AS15-AS1-20180127142634
2018-01-27 14:26:55.703;SS;AS15-AS1-20180127142634
2018-01-27 14:27:08.990;RO;AS15-AS1-20180127142652
2018-01-27 14:27:09.059;RU;AS15-AS1-20180127142613
2018-01-27 14:27:10.527;SP;AS15-AS1-20180127142652
2018-01-27 14:27:11.628;VU;AS15-AS1-20180127142613
2018-01-27 14:27:12.075;SQ;AS15-AS1-20180127142712
2018-01-27 14:27:16.283;RC;AS15-AS1-20180127142652
2018-01-27 14:27:17.898;SS;AS15-AS1-20180127142652
2018-01-27 14:27:25.069;RU;AS15-AS1-20180127142634
2018-01-27 14:27:26.838;VU;AS15-AS1-20180127142634
2018-01-27 14:27:29.968;RO;AS15-AS1-20180127142712
2018-01-27 14:27:30.881;SP;AS15-AS1-20180127142712
2018-01-27 14:27:32.991;SQ;AS15-AS1-20180127142732
2018-01-27 14:27:36.446;RU;AS15-AS1-20180127142652
2018-01-27 14:27:37.539;RC;AS15-AS1-20180127142712
2018-01-27 14:27:38.252;VU;AS15-AS1-20180127142652
2018-01-27 14:27:38.343;SS;AS15-AS1-20180127142712
2018-01-27 14:27:56.348;RO;AS15-AS1-20180127142732
2018-01-27 14:27:56.536;RU;AS15-AS1-20180127142712
2018-01-27 14:27:58.050;SP;AS15-AS1-20180127142732
2018-01-27 14:27:59.948;SQ;AS15-AS1-20180127142759
2018-01-27 14:28:03.462;RC;AS15-AS1-20180127142732
2018-01-27 14:28:05.590;SS;AS15-AS1-20180127142732
2018-01-27 14:28:06.375;VU;AS15-AS1-20180127142712
2018-01-27 14:28:17.578;RO;AS15-AS1-20180127142759
2018-01-27 14:28:18.806;SP;AS15-AS1-20180127142759
2018-01-27 14:28:22.097;SQ;AS15-AS1-20180127142822
2018-01-27 14:28:25.803;RC;AS15-AS1-20180127142759
2018-01-27 14:28:26.540;SS;AS15-AS1-20180127142759
2018-01-27 14:28:28.228;RU;AS15-AS1-20180127142732
2018-01-27 14:28:29.983;VU;AS15-AS1-20180127142732
2018-01-27 14:28:40.842;RO;AS15-AS1-20180127142822
2018-01-27 14:28:41.899;SP;AS15-AS1-20180127142822
2018-01-27 14:28:43.443;SQ;AS15-AS1-20180127142843
2018-01-27 14:28:45.622;RU;AS15-AS1-20180127142759
2018-01-27 14:28:48.876;RC;AS15-AS1-20180127142822
2018-01-27 14:28:51.362;SS;AS15-AS1-20180127142822
2018-01-27 14:28:54.595;VU;AS15-AS1-20180127142759
2018-01-27 14:29:01.815;RO;AS15-AS1-20180127142843
2018-01-27 14:29:02.724;SP;AS15-AS1-20180127142843
2018-01-27 14:29:04.317;SQ;AS15-AS1-20180127142904
2018-01-27 14:29:10.006;RC;AS15-AS1-20180127142843
2018-01-27 14:29:10.755;SS;AS15-AS1-20180127142843
2018-01-27 14:29:17.743;RU;AS15-AS1-20180127142822
2018-01-27 14:29:19.518;VU;AS15-AS1-20180127142822
2018-01-27 14:29:22.493;RO;AS15-AS1-20180127142904
2018-01-27 14:29:23.599;SP;AS15-AS1-20180127142904
2018-01-27 14:29:25.638;SQ;AS15-AS1-20180127142925
2018-01-27 14:29:33.155;RC;AS15-AS1-20180127142904
2018-01-27 14:29:33.920;SS;AS15-AS1-20180127142904
2018-01-27 14:29:35.816;RU;AS15-AS1-20180127142843
2018-01-27 14:29:37.595;VU;AS15-AS1-20180127142843
2018-01-27 14:29:45.041;RO;AS15-AS1-20180127142925
2018-01-27 14:29:45.939;SP;AS15-AS1-20180127142925
2018-01-27 14:29:47.466;SQ;AS15-AS1-20180127142947
2018-01-27 14:29:50.196;RU;AS15-AS1-20180127142904
2018-01-27 14:29:53.468;RC;AS15-AS1-20180127142925
2018-01-27 14:29:54.722;SS;AS15-AS1-20180127142925
2018-01-27 14:30:00.692;VU;AS15-AS1-20180127142904
2018-01-27 14:30:08.859;RO;AS15-AS1-20180127142947
2018-01-27 14:30:09.193;RU;AS15-AS1-20180127142925
2018-01-27 14:30:10.275;SP;AS15-AS1-20180127142947
2018-01-27 14:30:11.480;RC;AS15-AS1-20180127142947
2018-01-27 14:30:13.894;SS;AS15-AS1-20180127142947
2018-01-27 14:30:16.747;VU;AS15-AS1-20180127142925
2018-01-27 14:30:23.183;RU;AS15-AS1-20180127142947
2018-01-27 14:30:32.995;VU;AS15-AS1-20180127142947
