2018-01-27 14:20:17.238;SQ;AS2-AS1-20180127142017
2018-01-27 14:20:18.471;RO;AS2-AS1-20180127142017
2018-01-27 14:20:19.571;SP;AS2-AS1-20180127142017
2018-01-27 14:20:20.202;RC;AS2-AS1-20180127142017
2018-01-27 14:20:21.831;SS;AS2-AS1-20180127142017
2018-01-27 14:20:22.084;SQ;AS2-AS1-20180127142022
2018-01-27 14:20:30.031;RO;AS2-AS1-20180127142022
2018-01-27 14:20:30.915;SP;AS2-AS1-20180127142022
2018-01-27 14:20:32.094;RU;AS2-AS1-20180127142017
2018-01-27 14:20:33.016;SQ;AS2-AS1-20180127142033
2018-01-27 14:20:36.603;RC;AS2-AS1-20180127142022
2018-01-27 14:20:37.942;SS;AS2-AS1-20180127142022
2018-01-27 14:20:42.212;VU;AS2-AS1-20180127142017
2018-01-27 14:20:48.134;RO;AS2-AS1-20180127142033
2018-01-27 14:20:49.368;SP;AS2-AS1-20180127142033
2018-01-27 14:20:51.063;SQ;AS2-AS1-20180127142051
2018-01-27 14:20:59.623;RC;AS2-AS1-20180127142033
2018-01-27 14:21:00.462;SS;AS2-AS1-20180127142033
2018-01-27 14:21:06.306;RU;AS2-AS1-20180127142022
2018-01-27 14:21:06.951;RO;AS2-AS1-20180127142051
2018-01-27 14:21:07.971;SP;AS2-AS1-20180127142051
2018-01-27 14:21:08.202;VU;AS2-AS1-20180127142022
2018-01-27 14:21:09.621;SQ;AS2-AS1-20180127142109
2018-01-27 14:21:14.950;RC;AS2-AS1-20180127142051
2018-01-27 14:21:16.712;SS;AS2-AS1-20180127142051
2018-01-27 14:21:16.927;RU;AS2-AS1-20180127142033
2018-01-27 14:21:18.790;VU;AS2-AS1-20180127142033
2018-01-27 14:21:31.556;RO;AS2-AS1-20180127142109
2018-01-27 14:21:32.553;SP;AS2-AS1-20180127142109
2018-01-27 14:21:34.233;SQ;AS2-AS1-20180127142134
2018-01-27 14:21:41.431;RU;AS2-AS1-20180127142051
2018-01-27 14:21:41.858;RC;AS2-AS1-20180127142109
2018-01-27 14:21:43.110;SS;AS2-AS1-20180127142109
2018-01-27 14:21:43.641;VU;AS2-AS1-20180127142051
2018-01-27 14:21:51.511;RO;AS2-AS1-20180127142134
2018-01-27 14:21:52.575;SP;AS2-AS1-20180127142134
2018-01-27 14:21:54.275;SQ;AS2-AS1-20180127142154
2018-01-27 14:22:01.640;RC;AS2-AS1-20180127142134
2018-01-27 14:22:02.475;SS;AS2-AS1-20180127142134
2018-01-27 14:22:04.681;RU;AS2-AS1-20180127142109
2018-01-27 14:22:09.320;VU;AS2-AS1-20180127142109
2018-01-27 14:22:16.627;RO;AS2-AS1-20180127142154
2018-01-27 14:22:17.664;SP;AS2-AS1-20180127142154
2018-01-27 14:22:19.394;SQ;AS2-AS1-20180127142219
2018-01-27 14:22:27.202;RC;AS2-AS1-20180127142154
2018-01-27 14:22:27.764;RU;AS2-AS1-20180127142134
2018-01-27 14:22:28.335;SS;AS2-AS1-20180127142154
2018-01-27 14:22:29.944;VU;AS2-AS1-20180127142134
2018-01-27 14:22:37.087;RO;AS2-AS1-20180127142219
2018-01-27 14:22:38.502;SP;AS2-AS1-20180127142219
2018-01-27 14:22:41.984;SQ;AS2-AS1-20180127142241
2018-01-27 14:22:47.671;RC;AS2-AS1-20180127142219
2018-01-27 14:22:48.515;SS;AS2-AS1-20180127142219
2018-01-27 14:22:49.231;RU;AS2-AS1-20180127142154
2018-01-27 14:22:51.062;VU;AS2-AS1-20180127142154
2018-01-27 14:22:58.210;RO;AS2-AS1-20180127142241
2018-01-27 14:22:59.338;SP;AS2-AS1-20180127142241
2018-01-27 14:23:01.019;SQ;AS2-AS1-20180127142301
2018-01-27 14:23:04.226;RU;AS2-AS1-20180127142219
2018-01-27 14:23:06.029;RC;AS2-AS1-20180127142241
2018-01-27 14:23:07.732;SS;AS2-AS1-20180127142241
2018-01-27 14:23:15.112;VU;AS2-AS1-20180127142219
2018-01-27 14:23:21.650;RO;AS2-AS1-20180127142301
2018-01-27 14:23:22.857;SP;AS2-AS1-20180127142301
2018-01-27 14:23:24.551;SQ;AS2-AS1-20180127142324
2018-01-27 14:23:28.487;RC;AS2-AS1-20180127142301
2018-01-27 14:23:29.708;SS;AS2-AS1-20180127142301
2018-01-27 14:23:35.480;RU;AS2-AS1-20180127142241
2018-01-27 14:23:37.308;VU;AS2-AS1-20180127142241
2018-01-27 14:23:43.030;RO;AS2-AS1-20180127142324
2018-01-27 14:23:43.903;SP;AS2-AS1-20180127142324
2018-01-27 14:23:45.573;SQ;AS2-AS1-20180127142345
2018-01-27 14:23:50.128;RU;AS2-AS1-20180127142301
2018-01-27 14:23:52.212;RC;AS2-AS1-20180127142324
2018-01-27 14:23:55.027;SS;AS2-AS1-20180127142324
2018-01-27 14:23:56.032;VU;AS2-AS1-20180127142301
2018-01-27 14:24:03.337;RO;AS2-AS1-20180127142345
2018-01-27 14:24:04.466;SP;AS2-AS1-20180127142345
2018-01-27 14:24:06.169;SQ;AS2-AS1-20180127142406
2018-01-27 14:24:14.219;RC;AS2-AS1-20180127142345
2018-01-27 14:24:15.080;SS;AS2-AS1-20180127142345
2018-01-27 14:24:18.341;RU;AS2-AS1-20180127142324
2018-01-27 14:24:20.200;VU;AS2-AS1-20180127142324
2018-01-27 14:24:24.213;RO;AS2-AS1-20180127142406
2018-01-27 14:24:25.534;SP;AS2-AS1-20180127142406
2018-01-27 14:24:27.185;SQ;AS2-AS1-20180127142427
2018-01-27 14:24:36.008;RC;AS2-AS1-20180127142406
2018-01-27 14:24:36.853;SS;AS2-AS1-20180127142406
2018-01-27 14:24:39.548;RU;AS2-AS1-20180127142345
2018-01-27 14:24:41.378;VU;AS2-AS1-20180127142345
2018-01-27 14:24:46.819;RO;AS2-AS1-20180127142427
2018-01-27 14:24:48.061;SP;AS2-AS1-20180127142427
2018-01-27 14:24:49.746;SQ;AS2-AS1-20180127142449
2018-01-27 14:24:54.566;RC;AS2-AS1-20180127142427
2018-01-27 14:24:55.407;SS;AS2-AS1-20180127142427
2018-01-27 14:24:58.475;RU;AS2-AS1-20180127142406
2018-01-27 14:25:04.549;VU;AS2-AS1-20180127142406
2018-01-27 14:25:07.312;RO;AS2-AS1-20180127142449
2018-01-27 14:25:08.595;SP;AS2-AS1-20180127142449
2018-01-27 14:25:10.280;SQ;AS2-AS1-20180127142510
2018-01-27 14:25:17.588;RU;AS2-AS1-20180127142427
2018-01-27 14:25:19.246;RC;AS2-AS1-20180127142449
2018-01-27 14:25:20.002;VU;AS2-AS1-20180127142427
2018-01-27 14:25:20.078;SS;AS2-AS1-20180127142449
2018-01-27 14:25:29.605;RO;AS2-AS1-20180127142510
2018-01-27 14:25:30.646;SP;AS2-AS1-20180127142510
2018-01-27 14:25:32.318;SQ;AS2-AS1-20180127142532
2018-01-27 14:25:33.309;RC;AS2-AS1-20180127142510
2018-01-27 14:25:34.480;SS;AS2-AS1-20180127142510
2018-01-27 14:25:41.208;RU;AS2-AS1-20180127142449
2018-01-27 14:25:43.038;VU;AS2-AS1-20180127142449
2018-01-27 14:25:47.771;RO;AS2-AS1-20180127142532
2018-01-27 14:25:48.657;SP;AS2-AS1-20180127142532
2018-01-27 14:25:50.280;SQ;AS2-AS1-20180127142550
2018-01-27 14:25:51.948;RU;AS2-AS1-20180127142510
2018-01-27 14:25:56.590;VU;AS2-AS1-20180127142510
2018-01-27 14:26:03.933;RC;AS2-AS1-20180127142532
2018-01-27 14:26:04.806;SS;AS2-AS1-20180127142532
2018-01-27 14:26:10.591;RO;AS2-AS1-20180127142550
2018-01-27 14:26:11.622;SP;AS2-AS1-20180127142550
2018-01-27 14:26:13.284;SQ;AS2-AS1-20180127142613
2018-01-27 14:26:21.003;RC;AS2-AS1-20180127142550
2018-01-27 14:26:21.859;SS;AS2-AS1-20180127142550
2018-01-27 14:26:25.076;RU;AS2-AS1-20180127142532
2018-01-27 14:26:29.201;RO;AS2-AS1-20180127142613
2018-01-27 14:26:29.437;VU;AS2-AS1-20180127142532
2018-01-27 14:26:30.139;SP;AS2-AS1-20180127142613
2018-01-27 14:26:31.782;SQ;AS2-AS1-20180127142631
2018-01-27 14:26:36.999;RC;AS2-AS1-20180127142613
2018-01-27 14:26:37.807;SS;AS2-AS1-20180127142613
2018-01-27 14:26:42.756;RU;AS2-AS1-20180127142550
2018-01-27 14:26:44.714;VU;AS2-AS1-20180127142550
2018-01-27 14:26:49.847;RO;AS2-AS1-20180127142631
2018-01-27 14:26:51.161;SP;AS2-AS1-20180127142631
2018-01-27 14:26:52.819;SQ;AS2-AS1-20180127142652
2018-01-27 14:26:57.774;RC;AS2-AS1-20180127142631
2018-01-27 14:26:59.485;SS;AS2-AS1-20180127142631
2018-01-27 14:27:09.056;RU;AS2-AS1-20180127142613
2018-01-27 14:27:10.891;VU;AS2-AS1-20180127142613
2018-01-27 14:27:13.496;RO;AS2-AS1-20180127142652
2018-01-27 14:27:14.700;SP;AS2-AS1-20180127142652
2018-01-27 14:27:17.038;SQ;AS2-AS1-20180127142717
2018-01-27 14:27:24.705;RC;AS2-AS1-20180127142652
2018-01-27 14:27:24.782;RU;AS2-AS1-20180127142631
2018-01-27 14:27:26.389;SS;AS2-AS1-20180127142652
2018-01-27 14:27:27.392;VU;AS2-AS1-20180127142631
2018-01-27 14:27:28.748;RO;AS2-AS1-20180127142717
2018-01-27 14:27:29.917;SP;AS2-AS1-20180127142717
2018-01-27 14:27:32.083;SQ;AS2-AS1-20180127142732
2018-01-27 14:27:36.424;RC;AS2-AS1-20180127142717
2018-01-27 14:27:37.261;SS;AS2-AS1-20180127142717
2018-01-27 14:27:47.375;RU;AS2-AS1-20180127142652
2018-01-27 14:27:49.434;RO;AS2-AS1-20180127142732
2018-01-27 14:27:50.942;SP;AS2-AS1-20180127142732
2018-01-27 14:27:52.990;VU;AS2-AS1-20180127142652
2018-01-27 14:27:53.254;SQ;AS2-AS1-20180127142753
2018-01-27 14:27:56.621;RC;AS2-AS1-20180127142732
2018-01-27 14:27:56.784;RU;AS2-AS1-20180127142717
2018-01-27 14:27:58.164;SS;AS2-AS1-20180127142732
2018-01-27 14:28:05.989;VU;AS2-AS1-20180127142717
2018-01-27 14:28:07.267;RO;AS2-AS1-20180127142753
2018-01-27 14:28:08.140;SP;AS2-AS1-20180127142753
2018-01-27 14:28:09.875;SQ;AS2-AS1-20180127142809
2018-01-27 14:28:17.512;RC;AS2-AS1-20180127142753
2018-01-27 14:28:17.578;RU;AS2-AS1-20180127142732
2018-01-27 14:28:19.635;SS;AS2-AS1-20180127142753
2018-01-27 14:28:20.732;RO;AS2-AS1-20180127142809
2018-01-27 14:28:22.794;SP;AS2-AS1-20180127142809
2018-01-27 14:28:23.656;VU;AS2-AS1-20180127142732
2018-01-27 14:28:24.480;SQ;AS2-AS1-20180127142824
2018-01-27 14:28:33.008;RC;AS2-AS1-20180127142809
2018-01-27 14:28:33.821;SS;AS2-AS1-20180127142809
2018-01-27 14:28:40.812;RU;AS2-AS1-20180127142753
2018-01-27 14:28:41.645;RO;AS2-AS1-20180127142824
2018-01-27 14:28:42.636;VU;AS2-AS1-20180127142753
2018-01-27 14:28:42.827;SP;AS2-AS1-20180127142824
2018-01-27 14:28:44.476;SQ;AS2-AS1-20180127142844
2018-01-27 14:28:50.567;RC;AS2-AS1-20180127142824
2018-01-27 14:28:51.825;SS;AS2-AS1-20180127142824
2018-01-27 14:28:53.944;RU;AS2-AS1-20180127142809
2018-01-27 14:28:55.749;VU;AS2-AS1-20180127142809
2018-01-27 14:29:01.578;RO;AS2-AS1-20180127142844
2018-01-27 14:29:02.839;SP;AS2-AS1-20180127142844
2018-01-27 14:29:04.519;SQ;AS2-AS1-20180127142904
2018-01-27 14:29:10.053;RC;AS2-AS1-20180127142844
2018-01-27 14:29:10.895;SS;AS2-AS1-20180127142844
2018-01-27 14:29:17.966;RU;AS2-AS1-20180127142824
2018-01-27 14:29:19.793;VU;AS2-AS1-20180127142824
2018-01-27 14:29:20.157;RO;AS2-AS1-20180127142904
2018-01-27 14:29:21.352;SP;AS2-AS1-20180127142904
2018-01-27 14:29:23.016;SQ;AS2-AS1-20180127142923
2018-01-27 14:29:26.809;RC;AS2-AS1-20180127142904
2018-01-27 14:29:27.660;SS;AS2-AS1-20180127142904
2018-01-27 14:29:32.891;RU;AS2-AS1-20180127142844
2018-01-27 14:29:34.721;VU;AS2-AS1-20180127142844
2018-01-27 14:29:39.945;RO;AS2-AS1-20180127142923
2018-01-27 14:29:41.682;SP;AS2-AS1-20180127142923
2018-01-27 14:29:43.372;SQ;AS2-AS1-20180127142943
2018-01-27 14:29:44.993;RU;AS2-AS1-20180127142904
2018-01-27 14:29:45.300;RC;AS2-AS1-20180127142923
2018-01-27 14:29:46.652;SS;AS2-AS1-20180127142923
2018-01-27 14:29:47.284;VU;AS2-AS1-20180127142904
2018-01-27 14:29:57.067;RO;AS2-AS1-20180127142943
2018-01-27 14:29:59.034;SP;AS2-AS1-20180127142943
2018-01-27 14:30:08.878;RU;AS2-AS1-20180127142923
2018-01-27 14:30:09.059;RC;AS2-AS1-20180127142943
2018-01-27 14:30:10.535;SS;AS2-AS1-20180127142943
2018-01-27 14:30:11.292;VU;AS2-AS1-20180127142923
2018-01-27 14:30:23.233;RU;AS2-AS1-20180127142943
2018-01-27 14:30:33.220;VU;AS2-AS1-20180127142943
