2018-01-27 14:20:21.339;SQ;AS22-AS1-20180127142021
2018-01-27 14:20:26.523;RO;AS22-AS1-20180127142021
2018-01-27 14:20:27.690;SP;AS22-AS1-20180127142021
2018-01-27 14:20:29.347;SQ;AS22-AS1-20180127142029
2018-01-27 14:20:32.264;RC;AS22-AS1-20180127142021
2018-01-27 14:20:33.058;SS;AS22-AS1-20180127142021
2018-01-27 14:20:42.044;RO;AS22-AS1-20180127142029
2018-01-27 14:20:43.143;SP;AS22-AS1-20180127142029
2018-01-27 14:20:44.680;SQ;AS22-AS1-20180127142044
2018-01-27 14:20:48.429;RU;AS22-AS1-20180127142021
2018-01-27 14:20:49.968;RC;AS22-AS1-20180127142029
2018-01-27 14:20:50.242;VU;AS22-AS1-20180127142021
2018-01-27 14:20:50.766;SS;AS22-AS1-20180127142029
2018-01-27 14:21:06.493;RO;AS22-AS1-20180127142044
2018-01-27 14:21:07.531;SP;AS22-AS1-20180127142044
2018-01-27 14:21:07.548;RU;AS22-AS1-20180127142029
2018-01-27 14:21:09.984;SQ;AS22-AS1-20180127142109
2018-01-27 14:21:13.765;RC;AS22-AS1-20180127142044
2018-01-27 14:21:16.682;SS;AS22-AS1-20180127142044
2018-01-27 14:21:19.486;VU;AS22-AS1-20180127142029
2018-01-27 14:21:27.446;RO;AS22-AS1-20180127142109
2018-01-27 14:21:28.320;SP;AS22-AS1-20180127142109
2018-01-27 14:21:30.168;SQ;AS22-AS1-20180127142130
2018-01-27 14:21:34.163;RC;AS22-AS1-20180127142109
2018-01-27 14:21:34.947;SS;AS22-AS1-20180127142109
2018-01-27 14:21:35.827;RU;AS22-AS1-20180127142044
2018-01-27 14:21:37.613;VU;AS22-AS1-20180127142044
2018-01-27 14:21:49.603;RO;AS22-AS1-20180127142130
2018-01-27 14:21:50.469;SP;AS22-AS1-20180127142130
2018-01-27 14:21:52.016;SQ;AS22-AS1-20180127142152
2018-01-27 14:21:53.369;RU;AS22-AS1-20180127142109
2018-01-27 14:21:55.154;VU;AS22-AS1-20180127142109
2018-01-27 14:21:58.385;RC;AS22-AS1-20180127142130
2018-01-27 14:21:59.194;SS;AS22-AS1-20180127142130
2018-01-27 14:22:16.627;RO;AS22-AS1-20180127142152
2018-01-27 14:22:16.777;RU;AS22-AS1-20180127142130
2018-01-27 14:22:18.371;SP;AS22-AS1-20180127142152
2018-01-27 14:22:21.805;SQ;AS22-AS1-20180127142221
2018-01-27 14:22:24.513;VU;AS22-AS1-20180127142130
2018-01-27 14:22:27.322;RC;AS22-AS1-20180127142152
2018-01-27 14:22:28.114;SS;AS22-AS1-20180127142152
2018-01-27 14:22:47.689;RU;AS22-AS1-20180127142152
2018-01-27 14:22:49.500;VU;AS22-AS1-20180127142152
2018-01-27 14:22:52.576;RO;AS22-AS1-20180127142221
2018-01-27 14:22:54.124;SP;AS22-AS1-20180127142221
2018-01-27 14:22:56.286;SQ;AS22-AS1-20180127142256
2018-01-27 14:22:59.420;RC;AS22-AS1-20180127142221
2018-01-27 14:23:00.216;SS;AS22-AS1-20180127142221
2018-01-27 14:23:12.789;RO;AS22-AS1-20180127142256
2018-01-27 14:23:13.622;SP;AS22-AS1-20180127142256
2018-01-27 14:23:15.234;SQ;AS22-AS1-20180127142315
2018-01-27 14:23:21.767;RC;AS22-AS1-20180127142256
2018-01-27 14:23:21.767;RU;AS22-AS1-20180127142221
2018-01-27 14:23:22.682;RO;AS22-AS1-20180127142315
2018-01-27 14:23:23.630;SS;AS22-AS1-20180127142256
2018-01-27 14:23:24.144;SP;AS22-AS1-20180127142315
2018-01-27 14:23:24.632;VU;AS22-AS1-20180127142221
2018-01-27 14:23:25.749;SQ;AS22-AS1-20180127142325
2018-01-27 14:23:37.606;RC;AS22-AS1-20180127142315
2018-01-27 14:23:38.452;SS;AS22-AS1-20180127142315
2018-01-27 14:23:44.345;RO;AS22-AS1-20180127142325
2018-01-27 14:23:44.453;RU;AS22-AS1-20180127142256
2018-01-27 14:23:46.159;SP;AS22-AS1-20180127142325
2018-01-27 14:23:48.673;SQ;AS22-AS1-20180127142348
2018-01-27 14:23:55.760;VU;AS22-AS1-20180127142256
2018-01-27 14:24:00.933;RU;AS22-AS1-20180127142315
2018-01-27 14:24:02.082;RC;AS22-AS1-20180127142325
2018-01-27 14:24:02.759;VU;AS22-AS1-20180127142315
2018-01-27 14:24:02.862;SS;AS22-AS1-20180127142325
2018-01-27 14:24:06.205;RO;AS22-AS1-20180127142348
2018-01-27 14:24:07.494;SP;AS22-AS1-20180127142348
2018-01-27 14:24:09.095;SQ;AS22-AS1-20180127142409
2018-01-27 14:24:18.587;RC;AS22-AS1-20180127142348
2018-01-27 14:24:19.389;SS;AS22-AS1-20180127142348
2018-01-27 14:24:24.043;RU;AS22-AS1-20180127142325
2018-01-27 14:24:24.796;RO;AS22-AS1-20180127142409
2018-01-27 14:24:25.834;VU;AS22-AS1-20180127142325
2018-01-27 14:24:25.900;SP;AS22-AS1-20180127142409
2018-01-27 14:24:27.499;SQ;AS22-AS1-20180127142427
2018-01-27 14:24:36.036;RC;AS22-AS1-20180127142409
2018-01-27 14:24:36.853;SS;AS22-AS1-20180127142409
2018-01-27 14:24:39.573;RU;AS22-AS1-20180127142348
2018-01-27 14:24:41.355;VU;AS22-AS1-20180127142348
2018-01-27 14:24:54.611;RO;AS22-AS1-20180127142427
2018-01-27 14:24:55.833;SP;AS22-AS1-20180127142427
2018-01-27 14:24:57.033;RU;AS22-AS1-20180127142409
2018-01-27 14:24:57.772;SQ;AS22-AS1-20180127142457
2018-01-27 14:25:03.455;VU;AS22-AS1-20180127142409
2018-01-27 14:25:05.448;RC;AS22-AS1-20180127142427
2018-01-27 14:25:06.275;SS;AS22-AS1-20180127142427
2018-01-27 14:25:08.736;RO;AS22-AS1-20180127142457
2018-01-27 14:25:09.598;SP;AS22-AS1-20180127142457
2018-01-27 14:25:11.155;SQ;AS22-AS1-20180127142511
2018-01-27 14:25:20.496;RC;AS22-AS1-20180127142457
2018-01-27 14:25:21.305;SS;AS22-AS1-20180127142457
2018-01-27 14:25:29.025;RU;AS22-AS1-20180127142427
2018-01-27 14:25:29.560;RO;AS22-AS1-20180127142511
2018-01-27 14:25:30.578;SP;AS22-AS1-20180127142511
2018-01-27 14:25:30.902;VU;AS22-AS1-20180127142427
2018-01-27 14:25:32.125;SQ;AS22-AS1-20180127142532
2018-01-27 14:25:32.756;RC;AS22-AS1-20180127142511
2018-01-27 14:25:33.566;SS;AS22-AS1-20180127142511
2018-01-27 14:25:42.034;RU;AS22-AS1-20180127142457
2018-01-27 14:25:43.812;VU;AS22-AS1-20180127142457
2018-01-27 14:25:48.836;RO;AS22-AS1-20180127142532
2018-01-27 14:25:49.936;SP;AS22-AS1-20180127142532
2018-01-27 14:25:52.000;SQ;AS22-AS1-20180127142552
2018-01-27 14:25:52.156;RU;AS22-AS1-20180127142511
2018-01-27 14:25:56.633;VU;AS22-AS1-20180127142511
2018-01-27 14:26:04.345;RC;AS22-AS1-20180127142532
2018-01-27 14:26:05.135;SS;AS22-AS1-20180127142532
2018-01-27 14:26:07.479;RO;AS22-AS1-20180127142552
2018-01-27 14:26:08.365;SP;AS22-AS1-20180127142552
2018-01-27 14:26:09.958;SQ;AS22-AS1-20180127142609
2018-01-27 14:26:22.715;RC;AS22-AS1-20180127142552
2018-01-27 14:26:23.510;SS;AS22-AS1-20180127142552
2018-01-27 14:26:26.451;RU;AS22-AS1-20180127142532
2018-01-27 14:26:27.817;RO;AS22-AS1-20180127142609
2018-01-27 14:26:29.054;SP;AS22-AS1-20180127142609
2018-01-27 14:26:29.453;VU;AS22-AS1-20180127142532
2018-01-27 14:26:30.651;SQ;AS22-AS1-20180127142630
2018-01-27 14:26:36.874;RC;AS22-AS1-20180127142609
2018-01-27 14:26:37.647;SS;AS22-AS1-20180127142609
2018-01-27 14:26:41.769;RU;AS22-AS1-20180127142552
2018-01-27 14:26:46.209;VU;AS22-AS1-20180127142552
2018-01-27 14:26:49.858;RO;AS22-AS1-20180127142630
2018-01-27 14:26:50.969;SP;AS22-AS1-20180127142630
2018-01-27 14:26:52.544;SQ;AS22-AS1-20180127142652
2018-01-27 14:26:56.116;RC;AS22-AS1-20180127142630
2018-01-27 14:26:56.913;SS;AS22-AS1-20180127142630
2018-01-27 14:27:08.821;RU;AS22-AS1-20180127142609
2018-01-27 14:27:08.954;RU;AS22-AS1-20180127142630
2018-01-27 14:27:11.282;VU;AS22-AS1-20180127142609
2018-01-27 14:27:12.943;RO;AS22-AS1-20180127142652
2018-01-27 14:27:14.464;SP;AS22-AS1-20180127142652
2018-01-27 14:27:17.999;SQ;AS22-AS1-20180127142717
2018-01-27 14:27:25.114;RC;AS22-AS1-20180127142652
2018-01-27 14:27:26.622;SS;AS22-AS1-20180127142652
2018-01-27 14:27:31.556;RO;AS22-AS1-20180127142717
2018-01-27 14:27:33.480;SP;AS22-AS1-20180127142717
2018-01-27 14:27:35.992;SQ;AS22-AS1-20180127142735
2018-01-27 14:27:42.359;RC;AS22-AS1-20180127142717
2018-01-27 14:27:43.662;SS;AS22-AS1-20180127142717
2018-01-27 14:27:47.440;RU;AS22-AS1-20180127142652
2018-01-27 14:27:51.289;VU;AS22-AS1-20180127142652
2018-01-27 14:27:56.471;RO;AS22-AS1-20180127142735
2018-01-27 14:27:57.705;SP;AS22-AS1-20180127142735
2018-01-27 14:27:59.909;SQ;AS22-AS1-20180127142759
2018-01-27 14:28:01.724;RU;AS22-AS1-20180127142717
2018-01-27 14:28:05.123;RC;AS22-AS1-20180127142735
2018-01-27 14:28:07.598;SS;AS22-AS1-20180127142735
2018-01-27 14:28:08.600;VU;AS22-AS1-20180127142717
2018-01-27 14:28:17.173;RO;AS22-AS1-20180127142759
2018-01-27 14:28:18.596;SP;AS22-AS1-20180127142759
2018-01-27 14:28:22.937;SQ;AS22-AS1-20180127142822
2018-01-27 14:28:26.380;RC;AS22-AS1-20180127142759
2018-01-27 14:28:27.629;SS;AS22-AS1-20180127142759
2018-01-27 14:28:30.054;RU;AS22-AS1-20180127142735
2018-01-27 14:28:31.882;VU;AS22-AS1-20180127142735
2018-01-27 14:28:41.091;RO;AS22-AS1-20180127142822
2018-01-27 14:28:42.262;SP;AS22-AS1-20180127142822
2018-01-27 14:28:44.634;SQ;AS22-AS1-20180127142844
2018-01-27 14:28:49.659;RC;AS22-AS1-20180127142822
2018-01-27 14:28:52.063;SS;AS22-AS1-20180127142822
2018-01-27 14:28:53.545;RU;AS22-AS1-20180127142759
2018-01-27 14:28:55.658;VU;AS22-AS1-20180127142759
2018-01-27 14:29:01.795;RO;AS22-AS1-20180127142844
2018-01-27 14:29:03.156;SP;AS22-AS1-20180127142844
2018-01-27 14:29:05.608;SQ;AS22-AS1-20180127142905
2018-01-27 14:29:17.954;RU;AS22-AS1-20180127142822
2018-01-27 14:29:18.013;RC;AS22-AS1-20180127142844
2018-01-27 14:29:20.364;SS;AS22-AS1-20180127142844
2018-01-27 14:29:21.367;VU;AS22-AS1-20180127142822
2018-01-27 14:29:23.881;RO;AS22-AS1-20180127142905
2018-01-27 14:29:25.477;SP;AS22-AS1-20180127142905
2018-01-27 14:29:29.545;SQ;AS22-AS1-20180127142929
2018-01-27 14:29:33.239;RC;AS22-AS1-20180127142905
2018-01-27 14:29:34.313;SS;AS22-AS1-20180127142905
2018-01-27 14:29:38.078;RU;AS22-AS1-20180127142844
2018-01-27 14:29:43.245;VU;AS22-AS1-20180127142844
2018-01-27 14:29:44.809;RO;AS22-AS1-20180127142929
2018-01-27 14:29:46.449;SP;AS22-AS1-20180127142929
2018-01-27 14:29:48.601;SQ;AS22-AS1-20180127142948
2018-01-27 14:29:53.530;RC;AS22-AS1-20180127142929
2018-01-27 14:29:54.939;SS;AS22-AS1-20180127142929
2018-01-27 14:29:55.692;RU;AS22-AS1-20180127142905
2018-01-27 14:30:02.007;VU;AS22-AS1-20180127142905
2018-01-27 14:30:08.856;RO;AS22-AS1-20180127142948
2018-01-27 14:30:09.179;RU;AS22-AS1-20180127142929
2018-01-27 14:30:11.244;SP;AS22-AS1-20180127142948
2018-01-27 14:30:16.866;SQ;AS22-AS1-20180127143016
2018-01-27 14:30:17.353;VU;AS22-AS1-20180127142929
2018-01-27 14:30:22.870;RC;AS22-AS1-20180127142948
2018-01-27 14:30:24.136;SS;AS22-AS1-20180127142948
2018-01-27 14:30:24.708;RO;AS22-AS1-20180127143016
2018-01-27 14:30:25.845;SP;AS22-AS1-20180127143016
2018-01-27 14:30:27.953;RC;AS22-AS1-20180127143016
2018-01-27 14:30:28.356;SQ;AS22-AS1-20180127143028
2018-01-27 14:30:31.337;SS;AS22-AS1-20180127143016
2018-01-27 14:30:31.910;RU;AS22-AS1-20180127142948
2018-01-27 14:30:33.152;RO;AS22-AS1-20180127143028
2018-01-27 14:30:34.691;VU;AS22-AS1-20180127142948
2018-01-27 14:30:34.788;SP;AS22-AS1-20180127143028
2018-01-27 14:30:36.158;RC;AS22-AS1-20180127143028
2018-01-27 14:30:36.968;SS;AS22-AS1-20180127143028
2018-01-27 14:30:37.263;RU;AS22-AS1-20180127143016
2018-01-27 14:30:41.437;RU;AS22-AS1-20180127143028
2018-01-27 14:30:52.284;VU;AS22-AS1-20180127143016
2018-01-27 14:30:52.725;VU;AS22-AS1-20180127143028
