2018-01-27 14:20:21.440;SQ;AS23-AS1-20180127142021
2018-01-27 14:20:27.231;RO;AS23-AS1-20180127142021
2018-01-27 14:20:28.236;SP;AS23-AS1-20180127142021
2018-01-27 14:20:29.840;SQ;AS23-AS1-20180127142029
2018-01-27 14:20:32.384;RC;AS23-AS1-20180127142021
2018-01-27 14:20:33.203;SS;AS23-AS1-20180127142021
2018-01-27 14:20:42.007;RO;AS23-AS1-20180127142029
2018-01-27 14:20:43.151;SP;AS23-AS1-20180127142029
2018-01-27 14:20:44.763;SQ;AS23-AS1-20180127142044
2018-01-27 14:20:50.152;RU;AS23-AS1-20180127142021
2018-01-27 14:20:51.418;RC;AS23-AS1-20180127142029
2018-01-27 14:20:52.421;SS;AS23-AS1-20180127142029
2018-01-27 14:21:00.596;VU;AS23-AS1-20180127142021
2018-01-27 14:21:07.465;RO;AS23-AS1-20180127142044
2018-01-27 14:21:08.611;SP;AS23-AS1-20180127142044
2018-01-27 14:21:10.214;SQ;AS23-AS1-20180127142110
2018-01-27 14:21:17.838;RU;AS23-AS1-20180127142029
2018-01-27 14:21:18.300;RC;AS23-AS1-20180127142044
2018-01-27 14:21:19.491;SS;AS23-AS1-20180127142044
2018-01-27 14:21:19.951;VU;AS23-AS1-20180127142029
2018-01-27 14:21:32.989;RO;AS23-AS1-20180127142110
2018-01-27 14:21:34.032;SP;AS23-AS1-20180127142110
2018-01-27 14:21:35.622;SQ;AS23-AS1-20180127142135
2018-01-27 14:21:41.671;RU;AS23-AS1-20180127142044
2018-01-27 14:21:41.851;RC;AS23-AS1-20180127142110
2018-01-27 14:21:43.301;SS;AS23-AS1-20180127142110
2018-01-27 14:21:44.041;VU;AS23-AS1-20180127142044
2018-01-27 14:21:52.249;RO;AS23-AS1-20180127142135
2018-01-27 14:21:53.433;SP;AS23-AS1-20180127142135
2018-01-27 14:21:55.039;SQ;AS23-AS1-20180127142155
2018-01-27 14:22:03.632;RC;AS23-AS1-20180127142135
2018-01-27 14:22:04.421;SS;AS23-AS1-20180127142135
2018-01-27 14:22:06.201;RU;AS23-AS1-20180127142110
2018-01-27 14:22:08.214;VU;AS23-AS1-20180127142110
2018-01-27 14:22:16.740;RO;AS23-AS1-20180127142155
2018-01-27 14:22:17.869;SP;AS23-AS1-20180127142155
2018-01-27 14:22:19.497;SQ;AS23-AS1-20180127142219
2018-01-27 14:22:27.183;RU;AS23-AS1-20180127142135
2018-01-27 14:22:27.268;RC;AS23-AS1-20180127142155
2018-01-27 14:22:28.821;SS;AS23-AS1-20180127142155
2018-01-27 14:22:29.692;VU;AS23-AS1-20180127142135
2018-01-27 14:22:48.294;RU;AS23-AS1-20180127142155
2018-01-27 14:22:50.081;VU;AS23-AS1-20180127142155
2018-01-27 14:22:52.447;RO;AS23-AS1-20180127142219
2018-01-27 14:22:53.491;SP;AS23-AS1-20180127142219
2018-01-27 14:22:56.057;SQ;AS23-AS1-20180127142256
2018-01-27 14:22:59.588;RC;AS23-AS1-20180127142219
2018-01-27 14:23:00.379;SS;AS23-AS1-20180127142219
2018-01-27 14:23:13.014;RO;AS23-AS1-20180127142256
2018-01-27 14:23:13.877;SP;AS23-AS1-20180127142256
2018-01-27 14:23:15.497;SQ;AS23-AS1-20180127142315
2018-01-27 14:23:21.672;RC;AS23-AS1-20180127142256
2018-01-27 14:23:21.728;RU;AS23-AS1-20180127142219
2018-01-27 14:23:22.699;RO;AS23-AS1-20180127142315
2018-01-27 14:23:23.330;SS;AS23-AS1-20180127142256
2018-01-27 14:23:24.121;SP;AS23-AS1-20180127142315
2018-01-27 14:23:24.475;VU;AS23-AS1-20180127142219
2018-01-27 14:23:25.712;SQ;AS23-AS1-20180127142325
2018-01-27 14:23:37.609;RC;AS23-AS1-20180127142315
2018-01-27 14:23:38.436;SS;AS23-AS1-20180127142315
2018-01-27 14:23:42.536;RO;AS23-AS1-20180127142325
2018-01-27 14:23:43.526;SP;AS23-AS1-20180127142325
2018-01-27 14:23:45.130;SQ;AS23-AS1-20180127142345
2018-01-27 14:23:46.895;RU;AS23-AS1-20180127142256
2018-01-27 14:23:51.105;RC;AS23-AS1-20180127142325
2018-01-27 14:23:53.718;SS;AS23-AS1-20180127142325
2018-01-27 14:23:56.534;RU;AS23-AS1-20180127142315
2018-01-27 14:23:56.583;VU;AS23-AS1-20180127142256
2018-01-27 14:23:58.351;VU;AS23-AS1-20180127142315
2018-01-27 14:24:01.797;RO;AS23-AS1-20180127142345
2018-01-27 14:24:02.950;SP;AS23-AS1-20180127142345
2018-01-27 14:24:04.587;SQ;AS23-AS1-20180127142404
2018-01-27 14:24:11.215;RC;AS23-AS1-20180127142345
2018-01-27 14:24:12.564;SS;AS23-AS1-20180127142345
2018-01-27 14:24:15.168;RU;AS23-AS1-20180127142325
2018-01-27 14:24:16.968;VU;AS23-AS1-20180127142325
2018-01-27 14:24:24.006;RO;AS23-AS1-20180127142404
2018-01-27 14:24:24.925;SP;AS23-AS1-20180127142404
2018-01-27 14:24:26.533;SQ;AS23-AS1-20180127142426
2018-01-27 14:24:28.049;RC;AS23-AS1-20180127142404
2018-01-27 14:24:29.116;SS;AS23-AS1-20180127142404
2018-01-27 14:24:39.535;RU;AS23-AS1-20180127142345
2018-01-27 14:24:41.340;VU;AS23-AS1-20180127142345
2018-01-27 14:24:43.249;RO;AS23-AS1-20180127142426
2018-01-27 14:24:44.365;SP;AS23-AS1-20180127142426
2018-01-27 14:24:46.458;SQ;AS23-AS1-20180127142446
2018-01-27 14:24:48.335;RU;AS23-AS1-20180127142404
2018-01-27 14:24:49.588;RC;AS23-AS1-20180127142426
2018-01-27 14:24:50.154;VU;AS23-AS1-20180127142404
2018-01-27 14:24:50.398;SS;AS23-AS1-20180127142426
2018-01-27 14:25:01.834;RO;AS23-AS1-20180127142446
2018-01-27 14:25:02.795;SP;AS23-AS1-20180127142446
2018-01-27 14:25:04.423;SQ;AS23-AS1-20180127142504
2018-01-27 14:25:07.152;RU;AS23-AS1-20180127142426
2018-01-27 14:25:08.226;RC;AS23-AS1-20180127142446
2018-01-27 14:25:08.961;VU;AS23-AS1-20180127142426
2018-01-27 14:25:09.042;SS;AS23-AS1-20180127142446
2018-01-27 14:25:20.010;RO;AS23-AS1-20180127142504
2018-01-27 14:25:21.251;SP;AS23-AS1-20180127142504
2018-01-27 14:25:22.845;SQ;AS23-AS1-20180127142522
2018-01-27 14:25:29.541;RC;AS23-AS1-20180127142504
2018-01-27 14:25:29.612;RU;AS23-AS1-20180127142446
2018-01-27 14:25:30.294;RO;AS23-AS1-20180127142522
2018-01-27 14:25:31.328;SS;AS23-AS1-20180127142504
2018-01-27 14:25:32.010;SP;AS23-AS1-20180127142522
2018-01-27 14:25:35.064;SQ;AS23-AS1-20180127142535
2018-01-27 14:25:38.434;VU;AS23-AS1-20180127142446
2018-01-27 14:25:46.610;RC;AS23-AS1-20180127142522
2018-01-27 14:25:47.405;SS;AS23-AS1-20180127142522
2018-01-27 14:25:50.333;RO;AS23-AS1-20180127142535
2018-01-27 14:25:50.929;RU;AS23-AS1-20180127142504
2018-01-27 14:25:52.644;SP;AS23-AS1-20180127142535
2018-01-27 14:25:57.150;SQ;AS23-AS1-20180127142557
2018-01-27 14:25:58.151;VU;AS23-AS1-20180127142504
2018-01-27 14:26:04.541;RC;AS23-AS1-20180127142535
2018-01-27 14:26:04.846;RU;AS23-AS1-20180127142522
2018-01-27 14:26:05.798;SS;AS23-AS1-20180127142535
2018-01-27 14:26:09.026;VU;AS23-AS1-20180127142522
2018-01-27 14:26:12.071;RO;AS23-AS1-20180127142557
2018-01-27 14:26:12.986;SP;AS23-AS1-20180127142557
2018-01-27 14:26:14.593;SQ;AS23-AS1-20180127142614
2018-01-27 14:26:22.584;RC;AS23-AS1-20180127142557
2018-01-27 14:26:23.396;SS;AS23-AS1-20180127142557
2018-01-27 14:26:24.389;RU;AS23-AS1-20180127142535
2018-01-27 14:26:30.761;VU;AS23-AS1-20180127142535
2018-01-27 14:26:31.367;RO;AS23-AS1-20180127142614
2018-01-27 14:26:32.409;SP;AS23-AS1-20180127142614
2018-01-27 14:26:34.006;SQ;AS23-AS1-20180127142634
2018-01-27 14:26:40.489;RC;AS23-AS1-20180127142614
2018-01-27 14:26:41.452;SS;AS23-AS1-20180127142614
2018-01-27 14:26:43.593;RU;AS23-AS1-20180127142557
2018-01-27 14:26:45.394;VU;AS23-AS1-20180127142557
2018-01-27 14:26:49.799;RO;AS23-AS1-20180127142634
2018-01-27 14:26:50.831;SP;AS23-AS1-20180127142634
2018-01-27 14:26:52.435;SQ;AS23-AS1-20180127142652
2018-01-27 14:26:53.478;RC;AS23-AS1-20180127142634
2018-01-27 14:26:54.303;SS;AS23-AS1-20180127142634
2018-01-27 14:27:08.808;RU;AS23-AS1-20180127142614
2018-01-27 14:27:08.941;RO;AS23-AS1-20180127142652
2018-01-27 14:27:08.948;RU;AS23-AS1-20180127142634
2018-01-27 14:27:11.252;SP;AS23-AS1-20180127142652
2018-01-27 14:27:11.864;VU;AS23-AS1-20180127142614
2018-01-27 14:27:13.416;SQ;AS23-AS1-20180127142713
2018-01-27 14:27:17.324;RC;AS23-AS1-20180127142652
2018-01-27 14:27:19.468;SS;AS23-AS1-20180127142652
2018-01-27 14:27:31.237;RO;AS23-AS1-20180127142713
2018-01-27 14:27:33.168;SP;AS23-AS1-20180127142713
2018-01-27 14:27:35.650;SQ;AS23-AS1-20180127142735
2018-01-27 14:27:36.361;RU;AS23-AS1-20180127142652
2018-01-27 14:27:38.927;VU;AS23-AS1-20180127142652
2018-01-27 14:27:41.352;RC;AS23-AS1-20180127142713
2018-01-27 14:27:42.258;SS;AS23-AS1-20180127142713
2018-01-27 14:27:56.308;RO;AS23-AS1-20180127142735
2018-01-27 14:27:57.459;RU;AS23-AS1-20180127142713
2018-01-27 14:27:57.797;SP;AS23-AS1-20180127142735
2018-01-27 14:28:01.238;SQ;AS23-AS1-20180127142801
2018-01-27 14:28:05.832;RC;AS23-AS1-20180127142735
2018-01-27 14:28:07.799;SS;AS23-AS1-20180127142735
2018-01-27 14:28:09.287;VU;AS23-AS1-20180127142713
2018-01-27 14:28:17.528;RO;AS23-AS1-20180127142801
2018-01-27 14:28:18.588;SP;AS23-AS1-20180127142801
2018-01-27 14:28:23.072;SQ;AS23-AS1-20180127142823
2018-01-27 14:28:26.268;RC;AS23-AS1-20180127142801
2018-01-27 14:28:26.945;RU;AS23-AS1-20180127142735
2018-01-27 14:28:27.578;SS;AS23-AS1-20180127142801
2018-01-27 14:28:37.778;VU;AS23-AS1-20180127142735
2018-01-27 14:28:41.200;RO;AS23-AS1-20180127142823
2018-01-27 14:28:42.921;SP;AS23-AS1-20180127142823
2018-01-27 14:28:45.166;RU;AS23-AS1-20180127142801
2018-01-27 14:28:45.472;SQ;AS23-AS1-20180127142845
2018-01-27 14:28:50.265;RC;AS23-AS1-20180127142823
2018-01-27 14:28:53.831;SS;AS23-AS1-20180127142823
2018-01-27 14:28:55.294;VU;AS23-AS1-20180127142801
2018-01-27 14:29:01.500;RO;AS23-AS1-20180127142845
2018-01-27 14:29:03.423;SP;AS23-AS1-20180127142845
2018-01-27 14:29:05.840;SQ;AS23-AS1-20180127142905
2018-01-27 14:29:17.746;RC;AS23-AS1-20180127142845
2018-01-27 14:29:18.016;RU;AS23-AS1-20180127142823
2018-01-27 14:29:19.306;SS;AS23-AS1-20180127142845
2018-01-27 14:29:20.818;VU;AS23-AS1-20180127142823
2018-01-27 14:29:24.109;RO;AS23-AS1-20180127142905
2018-01-27 14:29:26.168;SP;AS23-AS1-20180127142905
2018-01-27 14:29:29.714;SQ;AS23-AS1-20180127142929
2018-01-27 14:29:34.787;RU;AS23-AS1-20180127142845
2018-01-27 14:29:35.547;RC;AS23-AS1-20180127142905
2018-01-27 14:29:37.244;SS;AS23-AS1-20180127142905
2018-01-27 14:29:43.437;VU;AS23-AS1-20180127142845
2018-01-27 14:29:45.068;RO;AS23-AS1-20180127142929
2018-01-27 14:29:46.736;SP;AS23-AS1-20180127142929
2018-01-27 14:29:48.942;SQ;AS23-AS1-20180127142948
2018-01-27 14:29:55.525;RC;AS23-AS1-20180127142929
2018-01-27 14:29:56.601;RU;AS23-AS1-20180127142905
2018-01-27 14:29:57.907;SS;AS23-AS1-20180127142929
2018-01-27 14:30:03.041;VU;AS23-AS1-20180127142905
2018-01-27 14:30:09.172;RO;AS23-AS1-20180127142948
2018-01-27 14:30:10.621;SP;AS23-AS1-20180127142948
2018-01-27 14:30:14.174;SQ;AS23-AS1-20180127143014
2018-01-27 14:30:14.196;RC;AS23-AS1-20180127142948
2018-01-27 14:30:15.755;RU;AS23-AS1-20180127142929
2018-01-27 14:30:16.845;SS;AS23-AS1-20180127142948
2018-01-27 14:30:18.674;VU;AS23-AS1-20180127142929
2018-01-27 14:30:24.754;RO;AS23-AS1-20180127143014
2018-01-27 14:30:26.105;SP;AS23-AS1-20180127143014
2018-01-27 14:30:29.152;RU;AS23-AS1-20180127142948
2018-01-27 14:30:31.130;RC;AS23-AS1-20180127143014
2018-01-27 14:30:34.163;SS;AS23-AS1-20180127143014
2018-01-27 14:30:35.714;VU;AS23-AS1-20180127142948
2018-01-27 14:30:38.816;RU;AS23-AS1-20180127143014
2018-01-27 14:30:51.703;VU;AS23-AS1-20180127143014
