2018-01-27 14:20:21.591;SQ;AS24-AS1-20180127142021
2018-01-27 14:20:28.141;RO;AS24-AS1-20180127142021
2018-01-27 14:20:29.430;SP;AS24-AS1-20180127142021
2018-01-27 14:20:31.091;SQ;AS24-AS1-20180127142031
2018-01-27 14:20:34.786;RC;AS24-AS1-20180127142021
2018-01-27 14:20:35.613;SS;AS24-AS1-20180127142021
2018-01-27 14:20:46.088;RO;AS24-AS1-20180127142031
2018-01-27 14:20:46.918;SP;AS24-AS1-20180127142031
2018-01-27 14:20:48.567;SQ;AS24-AS1-20180127142048
2018-01-27 14:20:55.153;RU;AS24-AS1-20180127142021
2018-01-27 14:20:56.774;RC;AS24-AS1-20180127142031
2018-01-27 14:20:59.663;SS;AS24-AS1-20180127142031
2018-01-27 14:21:00.790;VU;AS24-AS1-20180127142021
2018-01-27 14:21:07.226;RO;AS24-AS1-20180127142048
2018-01-27 14:21:08.441;SP;AS24-AS1-20180127142048
2018-01-27 14:21:10.061;SQ;AS24-AS1-20180127142110
2018-01-27 14:21:17.017;RC;AS24-AS1-20180127142048
2018-01-27 14:21:17.817;SS;AS24-AS1-20180127142048
2018-01-27 14:21:24.394;RU;AS24-AS1-20180127142031
2018-01-27 14:21:26.189;VU;AS24-AS1-20180127142031
2018-01-27 14:21:31.729;RO;AS24-AS1-20180127142110
2018-01-27 14:21:32.907;SP;AS24-AS1-20180127142110
2018-01-27 14:21:34.509;SQ;AS24-AS1-20180127142134
2018-01-27 14:21:41.613;RU;AS24-AS1-20180127142048
2018-01-27 14:21:43.331;RC;AS24-AS1-20180127142110
2018-01-27 14:21:43.449;VU;AS24-AS1-20180127142048
2018-01-27 14:21:44.141;SS;AS24-AS1-20180127142110
2018-01-27 14:21:50.447;RO;AS24-AS1-20180127142134
2018-01-27 14:21:51.331;SP;AS24-AS1-20180127142134
2018-01-27 14:21:52.972;SQ;AS24-AS1-20180127142152
2018-01-27 14:21:59.921;RC;AS24-AS1-20180127142134
2018-01-27 14:22:00.751;SS;AS24-AS1-20180127142134
2018-01-27 14:22:04.571;RU;AS24-AS1-20180127142110
2018-01-27 14:22:09.142;VU;AS24-AS1-20180127142110
2018-01-27 14:22:16.654;RO;AS24-AS1-20180127142152
2018-01-27 14:22:16.787;RU;AS24-AS1-20180127142134
2018-01-27 14:22:18.426;SP;AS24-AS1-20180127142152
2018-01-27 14:22:22.159;SQ;AS24-AS1-20180127142222
2018-01-27 14:22:24.959;VU;AS24-AS1-20180127142134
2018-01-27 14:22:27.491;RC;AS24-AS1-20180127142152
2018-01-27 14:22:28.301;SS;AS24-AS1-20180127142152
2018-01-27 14:22:38.742;RO;AS24-AS1-20180127142222
2018-01-27 14:22:40.981;SP;AS24-AS1-20180127142222
2018-01-27 14:22:42.655;SQ;AS24-AS1-20180127142242
2018-01-27 14:22:48.610;RU;AS24-AS1-20180127142152
2018-01-27 14:22:50.436;VU;AS24-AS1-20180127142152
2018-01-27 14:22:58.154;RC;AS24-AS1-20180127142222
2018-01-27 14:22:58.361;RO;AS24-AS1-20180127142242
2018-01-27 14:22:59.199;SS;AS24-AS1-20180127142222
2018-01-27 14:22:59.802;SP;AS24-AS1-20180127142242
2018-01-27 14:23:01.439;SQ;AS24-AS1-20180127142301
2018-01-27 14:23:08.810;RC;AS24-AS1-20180127142242
2018-01-27 14:23:09.636;SS;AS24-AS1-20180127142242
2018-01-27 14:23:21.306;RU;AS24-AS1-20180127142222
2018-01-27 14:23:21.748;RO;AS24-AS1-20180127142301
2018-01-27 14:23:22.935;SP;AS24-AS1-20180127142301
2018-01-27 14:23:23.235;VU;AS24-AS1-20180127142222
2018-01-27 14:23:24.576;SQ;AS24-AS1-20180127142324
2018-01-27 14:23:26.430;RC;AS24-AS1-20180127142301
2018-01-27 14:23:27.790;SS;AS24-AS1-20180127142301
2018-01-27 14:23:37.882;RU;AS24-AS1-20180127142242
2018-01-27 14:23:39.712;VU;AS24-AS1-20180127142242
2018-01-27 14:23:43.854;RO;AS24-AS1-20180127142324
2018-01-27 14:23:44.885;SP;AS24-AS1-20180127142324
2018-01-27 14:23:46.484;SQ;AS24-AS1-20180127142346
2018-01-27 14:23:49.788;RU;AS24-AS1-20180127142301
2018-01-27 14:23:54.254;RC;AS24-AS1-20180127142324
2018-01-27 14:23:55.778;SS;AS24-AS1-20180127142324
2018-01-27 14:23:56.900;VU;AS24-AS1-20180127142301
2018-01-27 14:24:01.047;RO;AS24-AS1-20180127142346
2018-01-27 14:24:02.314;SP;AS24-AS1-20180127142346
2018-01-27 14:24:03.937;SQ;AS24-AS1-20180127142403
2018-01-27 14:24:10.530;RC;AS24-AS1-20180127142346
2018-01-27 14:24:11.328;SS;AS24-AS1-20180127142346
2018-01-27 14:24:18.370;RU;AS24-AS1-20180127142324
2018-01-27 14:24:20.192;VU;AS24-AS1-20180127142324
2018-01-27 14:24:24.067;RO;AS24-AS1-20180127142403
2018-01-27 14:24:25.282;SP;AS24-AS1-20180127142403
2018-01-27 14:24:26.910;SQ;AS24-AS1-20180127142426
2018-01-27 14:24:31.980;RC;AS24-AS1-20180127142403
2018-01-27 14:24:32.782;SS;AS24-AS1-20180127142403
2018-01-27 14:24:37.487;RU;AS24-AS1-20180127142346
2018-01-27 14:24:39.314;VU;AS24-AS1-20180127142346
2018-01-27 14:24:47.210;RO;AS24-AS1-20180127142426
2018-01-27 14:24:48.179;RU;AS24-AS1-20180127142403
2018-01-27 14:24:48.311;SP;AS24-AS1-20180127142426
2018-01-27 14:24:50.745;SQ;AS24-AS1-20180127142450
2018-01-27 14:24:50.818;VU;AS24-AS1-20180127142403
2018-01-27 14:24:56.909;RC;AS24-AS1-20180127142426
2018-01-27 14:24:57.704;SS;AS24-AS1-20180127142426
2018-01-27 14:25:06.350;RO;AS24-AS1-20180127142450
2018-01-27 14:25:07.566;SP;AS24-AS1-20180127142450
2018-01-27 14:25:09.196;SQ;AS24-AS1-20180127142509
2018-01-27 14:25:16.107;RC;AS24-AS1-20180127142450
2018-01-27 14:25:17.822;SS;AS24-AS1-20180127142450
2018-01-27 14:25:18.775;RU;AS24-AS1-20180127142426
2018-01-27 14:25:20.841;VU;AS24-AS1-20180127142426
2018-01-27 14:25:29.346;RO;AS24-AS1-20180127142509
2018-01-27 14:25:30.550;SP;AS24-AS1-20180127142509
2018-01-27 14:25:32.178;SQ;AS24-AS1-20180127142532
2018-01-27 14:25:33.104;RC;AS24-AS1-20180127142509
2018-01-27 14:25:33.941;SS;AS24-AS1-20180127142509
2018-01-27 14:25:41.445;RU;AS24-AS1-20180127142450
2018-01-27 14:25:43.264;VU;AS24-AS1-20180127142450
2018-01-27 14:25:48.764;RO;AS24-AS1-20180127142532
2018-01-27 14:25:50.000;SP;AS24-AS1-20180127142532
2018-01-27 14:25:52.306;SQ;AS24-AS1-20180127142552
2018-01-27 14:25:52.919;RU;AS24-AS1-20180127142509
2018-01-27 14:25:55.799;VU;AS24-AS1-20180127142509
2018-01-27 14:25:56.131;RC;AS24-AS1-20180127142532
2018-01-27 14:25:56.927;SS;AS24-AS1-20180127142532
2018-01-27 14:26:10.248;RO;AS24-AS1-20180127142552
2018-01-27 14:26:11.142;SP;AS24-AS1-20180127142552
2018-01-27 14:26:12.733;SQ;AS24-AS1-20180127142612
2018-01-27 14:26:17.144;RU;AS24-AS1-20180127142532
2018-01-27 14:26:18.977;VU;AS24-AS1-20180127142532
2018-01-27 14:26:20.977;RC;AS24-AS1-20180127142552
2018-01-27 14:26:21.798;SS;AS24-AS1-20180127142552
2018-01-27 14:26:31.534;RO;AS24-AS1-20180127142612
2018-01-27 14:26:32.576;SP;AS24-AS1-20180127142612
2018-01-27 14:26:34.204;SQ;AS24-AS1-20180127142634
2018-01-27 14:26:38.876;RU;AS24-AS1-20180127142552
2018-01-27 14:26:42.348;RC;AS24-AS1-20180127142612
2018-01-27 14:26:44.646;SS;AS24-AS1-20180127142612
2018-01-27 14:26:45.993;VU;AS24-AS1-20180127142552
2018-01-27 14:26:49.979;RO;AS24-AS1-20180127142634
2018-01-27 14:26:51.070;SP;AS24-AS1-20180127142634
2018-01-27 14:26:52.711;SQ;AS24-AS1-20180127142652
2018-01-27 14:26:57.525;RC;AS24-AS1-20180127142634
2018-01-27 14:26:59.286;SS;AS24-AS1-20180127142634
2018-01-27 14:27:08.797;RU;AS24-AS1-20180127142612
2018-01-27 14:27:09.025;RO;AS24-AS1-20180127142652
2018-01-27 14:27:10.430;SP;AS24-AS1-20180127142652
2018-01-27 14:27:10.908;VU;AS24-AS1-20180127142612
2018-01-27 14:27:12.071;SQ;AS24-AS1-20180127142712
2018-01-27 14:27:17.741;RC;AS24-AS1-20180127142652
2018-01-27 14:27:18.558;SS;AS24-AS1-20180127142652
2018-01-27 14:27:24.428;RU;AS24-AS1-20180127142634
2018-01-27 14:27:26.251;VU;AS24-AS1-20180127142634
2018-01-27 14:27:36.351;RU;AS24-AS1-20180127142652
2018-01-27 14:27:36.374;RO;AS24-AS1-20180127142712
2018-01-27 14:27:37.996;SP;AS24-AS1-20180127142712
2018-01-27 14:27:38.680;VU;AS24-AS1-20180127142652
2018-01-27 14:27:39.635;SQ;AS24-AS1-20180127142739
2018-01-27 14:27:49.174;RC;AS24-AS1-20180127142712
2018-01-27 14:27:49.993;SS;AS24-AS1-20180127142712
2018-01-27 14:27:56.962;RO;AS24-AS1-20180127142739
2018-01-27 14:27:57.980;SP;AS24-AS1-20180127142739
2018-01-27 14:27:59.596;SQ;AS24-AS1-20180127142759
2018-01-27 14:28:06.258;RC;AS24-AS1-20180127142739
2018-01-27 14:28:06.295;RU;AS24-AS1-20180127142712
2018-01-27 14:28:07.866;SS;AS24-AS1-20180127142739
2018-01-27 14:28:08.926;VU;AS24-AS1-20180127142712
2018-01-27 14:28:17.604;RO;AS24-AS1-20180127142759
2018-01-27 14:28:18.436;SP;AS24-AS1-20180127142759
2018-01-27 14:28:21.608;SQ;AS24-AS1-20180127142821
2018-01-27 14:28:24.365;RC;AS24-AS1-20180127142759
2018-01-27 14:28:25.162;SS;AS24-AS1-20180127142759
2018-01-27 14:28:27.419;RU;AS24-AS1-20180127142739
2018-01-27 14:28:36.952;VU;AS24-AS1-20180127142739
2018-01-27 14:28:40.526;RO;AS24-AS1-20180127142821
2018-01-27 14:28:41.431;SP;AS24-AS1-20180127142821
2018-01-27 14:28:43.045;SQ;AS24-AS1-20180127142843
2018-01-27 14:28:44.185;RU;AS24-AS1-20180127142759
2018-01-27 14:28:47.750;RC;AS24-AS1-20180127142821
2018-01-27 14:28:49.574;SS;AS24-AS1-20180127142821
2018-01-27 14:28:53.215;VU;AS24-AS1-20180127142759
2018-01-27 14:29:01.055;RO;AS24-AS1-20180127142843
2018-01-27 14:29:01.901;SP;AS24-AS1-20180127142843
2018-01-27 14:29:03.544;SQ;AS24-AS1-20180127142903
2018-01-27 14:29:05.707;RC;AS24-AS1-20180127142843
2018-01-27 14:29:06.542;SS;AS24-AS1-20180127142843
2018-01-27 14:29:18.005;RU;AS24-AS1-20180127142821
2018-01-27 14:29:19.815;VU;AS24-AS1-20180127142821
2018-01-27 14:29:21.785;RO;AS24-AS1-20180127142903
2018-01-27 14:29:22.884;SP;AS24-AS1-20180127142903
2018-01-27 14:29:24.502;SQ;AS24-AS1-20180127142924
2018-01-27 14:29:27.120;RU;AS24-AS1-20180127142843
2018-01-27 14:29:28.953;VU;AS24-AS1-20180127142843
2018-01-27 14:29:32.921;RC;AS24-AS1-20180127142903
2018-01-27 14:29:33.745;SS;AS24-AS1-20180127142903
2018-01-27 14:29:41.490;RO;AS24-AS1-20180127142924
2018-01-27 14:29:42.320;SP;AS24-AS1-20180127142924
2018-01-27 14:29:43.932;SQ;AS24-AS1-20180127142943
2018-01-27 14:29:46.139;RC;AS24-AS1-20180127142924
2018-01-27 14:29:46.940;SS;AS24-AS1-20180127142924
2018-01-27 14:29:50.211;RU;AS24-AS1-20180127142903
2018-01-27 14:29:58.860;RO;AS24-AS1-20180127142943
2018-01-27 14:30:00.547;SP;AS24-AS1-20180127142943
2018-01-27 14:30:01.097;VU;AS24-AS1-20180127142903
2018-01-27 14:30:02.181;SQ;AS24-AS1-20180127143002
2018-01-27 14:30:08.861;RC;AS24-AS1-20180127142943
2018-01-27 14:30:09.086;RU;AS24-AS1-20180127142924
2018-01-27 14:30:09.851;RO;AS24-AS1-20180127143002
2018-01-27 14:30:10.215;SS;AS24-AS1-20180127142943
2018-01-27 14:30:11.351;SP;AS24-AS1-20180127143002
2018-01-27 14:30:14.710;RC;AS24-AS1-20180127143002
2018-01-27 14:30:15.799;SQ;AS24-AS1-20180127143015
2018-01-27 14:30:17.174;SS;AS24-AS1-20180127143002
2018-01-27 14:30:18.384;VU;AS24-AS1-20180127142924
2018-01-27 14:30:23.064;RU;AS24-AS1-20180127142943
2018-01-27 14:30:24.874;VU;AS24-AS1-20180127142943
2018-01-27 14:30:24.888;RO;AS24-AS1-20180127143015
2018-01-27 14:30:26.146;SP;AS24-AS1-20180127143015
2018-01-27 14:30:29.687;RU;AS24-AS1-20180127143002
2018-01-27 14:30:30.246;RC;AS24-AS1-20180127143015
2018-01-27 14:30:32.307;SS;AS24-AS1-20180127143015
2018-01-27 14:30:32.943;VU;AS24-AS1-20180127143002
2018-01-27 14:30:37.428;RU;AS24-AS1-20180127143015
2018-01-27 14:30:50.927;VU;AS24-AS1-20180127143015
