2018-01-27 14:20:23.826;SQ;AS26-AS1-20180127142023
2018-01-27 14:20:32.912;RO;AS26-AS1-20180127142023
2018-01-27 14:20:34.191;SP;AS26-AS1-20180127142023
2018-01-27 14:20:35.842;SQ;AS26-AS1-20180127142035
2018-01-27 14:20:42.047;RC;AS26-AS1-20180127142023
2018-01-27 14:20:42.881;SS;AS26-AS1-20180127142023
2018-01-27 14:20:52.406;RO;AS26-AS1-20180127142035
2018-01-27 14:20:53.664;SP;AS26-AS1-20180127142035
2018-01-27 14:20:55.300;SQ;AS26-AS1-20180127142055
2018-01-27 14:21:00.657;RU;AS26-AS1-20180127142023
2018-01-27 14:21:02.474;VU;AS26-AS1-20180127142023
2018-01-27 14:21:06.556;RC;AS26-AS1-20180127142035
2018-01-27 14:21:07.366;SS;AS26-AS1-20180127142035
2018-01-27 14:21:09.108;RO;AS26-AS1-20180127142055
2018-01-27 14:21:10.139;SP;AS26-AS1-20180127142055
2018-01-27 14:21:11.831;SQ;AS26-AS1-20180127142111
2018-01-27 14:21:24.444;RC;AS26-AS1-20180127142055
2018-01-27 14:21:25.264;SS;AS26-AS1-20180127142055
2018-01-27 14:21:26.201;RU;AS26-AS1-20180127142035
2018-01-27 14:21:30.514;RO;AS26-AS1-20180127142111
2018-01-27 14:21:33.143;SP;AS26-AS1-20180127142111
2018-01-27 14:21:36.114;SQ;AS26-AS1-20180127142136
2018-01-27 14:21:36.295;VU;AS26-AS1-20180127142035
2018-01-27 14:21:43.658;RC;AS26-AS1-20180127142111
2018-01-27 14:21:44.183;RU;AS26-AS1-20180127142055
2018-01-27 14:21:44.758;SS;AS26-AS1-20180127142111
2018-01-27 14:21:48.473;VU;AS26-AS1-20180127142055
2018-01-27 14:21:51.094;RO;AS26-AS1-20180127142136
2018-01-27 14:21:51.953;SP;AS26-AS1-20180127142136
2018-01-27 14:21:53.611;SQ;AS26-AS1-20180127142153
2018-01-27 14:22:01.546;RC;AS26-AS1-20180127142136
2018-01-27 14:22:02.393;SS;AS26-AS1-20180127142136
2018-01-27 14:22:05.530;RU;AS26-AS1-20180127142111
2018-01-27 14:22:08.234;VU;AS26-AS1-20180127142111
2018-01-27 14:22:16.303;RO;AS26-AS1-20180127142153
2018-01-27 14:22:17.473;SP;AS26-AS1-20180127142153
2018-01-27 14:22:19.137;SQ;AS26-AS1-20180127142219
2018-01-27 14:22:22.360;RC;AS26-AS1-20180127142153
2018-01-27 14:22:23.205;SS;AS26-AS1-20180127142153
2018-01-27 14:22:27.285;RU;AS26-AS1-20180127142136
2018-01-27 14:22:29.132;VU;AS26-AS1-20180127142136
2018-01-27 14:22:35.597;RO;AS26-AS1-20180127142219
2018-01-27 14:22:36.464;SP;AS26-AS1-20180127142219
2018-01-27 14:22:38.332;SQ;AS26-AS1-20180127142238
2018-01-27 14:22:41.514;RU;AS26-AS1-20180127142153
2018-01-27 14:22:43.312;VU;AS26-AS1-20180127142153
2018-01-27 14:22:47.547;RC;AS26-AS1-20180127142219
2018-01-27 14:22:48.392;SS;AS26-AS1-20180127142219
2018-01-27 14:22:54.210;RO;AS26-AS1-20180127142238
2018-01-27 14:22:55.180;SP;AS26-AS1-20180127142238
2018-01-27 14:22:56.867;SQ;AS26-AS1-20180127142256
2018-01-27 14:23:00.291;RC;AS26-AS1-20180127142238
2018-01-27 14:23:01.115;SS;AS26-AS1-20180127142238
2018-01-27 14:23:08.583;RO;AS26-AS1-20180127142256
2018-01-27 14:23:09.715;SP;AS26-AS1-20180127142256
2018-01-27 14:23:10.962;RU;AS26-AS1-20180127142219
2018-01-27 14:23:14.267;SQ;AS26-AS1-20180127142314
2018-01-27 14:23:15.115;VU;AS26-AS1-20180127142219
2018-01-27 14:23:21.690;RC;AS26-AS1-20180127142256
2018-01-27 14:23:21.755;RU;AS26-AS1-20180127142238
2018-01-27 14:23:22.684;RO;AS26-AS1-20180127142314
2018-01-27 14:23:23.453;SS;AS26-AS1-20180127142256
2018-01-27 14:23:24.167;SP;AS26-AS1-20180127142314
2018-01-27 14:23:26.619;SQ;AS26-AS1-20180127142326
2018-01-27 14:23:31.888;VU;AS26-AS1-20180127142238
2018-01-27 14:23:37.708;RC;AS26-AS1-20180127142314
2018-01-27 14:23:38.546;SS;AS26-AS1-20180127142314
2018-01-27 14:23:40.172;RO;AS26-AS1-20180127142326
2018-01-27 14:23:41.479;SP;AS26-AS1-20180127142326
2018-01-27 14:23:43.105;SQ;AS26-AS1-20180127142343
2018-01-27 14:23:46.714;RU;AS26-AS1-20180127142256
2018-01-27 14:23:51.440;RC;AS26-AS1-20180127142326
2018-01-27 14:23:53.537;SS;AS26-AS1-20180127142326
2018-01-27 14:23:57.760;VU;AS26-AS1-20180127142256
2018-01-27 14:24:00.913;RU;AS26-AS1-20180127142314
2018-01-27 14:24:00.933;RO;AS26-AS1-20180127142343
2018-01-27 14:24:02.612;SP;AS26-AS1-20180127142343
2018-01-27 14:24:03.297;VU;AS26-AS1-20180127142314
2018-01-27 14:24:04.239;SQ;AS26-AS1-20180127142404
2018-01-27 14:24:05.809;RU;AS26-AS1-20180127142326
2018-01-27 14:24:10.605;RC;AS26-AS1-20180127142343
2018-01-27 14:24:11.487;SS;AS26-AS1-20180127142343
2018-01-27 14:24:24.174;RO;AS26-AS1-20180127142404
2018-01-27 14:24:25.228;SP;AS26-AS1-20180127142404
2018-01-27 14:24:27.725;SQ;AS26-AS1-20180127142427
2018-01-27 14:24:31.317;RC;AS26-AS1-20180127142404
2018-01-27 14:24:33.030;SS;AS26-AS1-20180127142404
2018-01-27 14:24:35.876;RU;AS26-AS1-20180127142343
2018-01-27 14:24:38.070;VU;AS26-AS1-20180127142343
2018-01-27 14:24:47.224;RO;AS26-AS1-20180127142427
2018-01-27 14:24:48.925;SP;AS26-AS1-20180127142427
2018-01-27 14:24:49.238;RU;AS26-AS1-20180127142404
2018-01-27 14:24:52.301;SQ;AS26-AS1-20180127142452
2018-01-27 14:24:52.607;VU;AS26-AS1-20180127142404
2018-01-27 14:24:56.725;RC;AS26-AS1-20180127142427
2018-01-27 14:24:58.322;SS;AS26-AS1-20180127142427
2018-01-27 14:25:07.258;RO;AS26-AS1-20180127142452
2018-01-27 14:25:08.779;SP;AS26-AS1-20180127142452
2018-01-27 14:25:11.296;SQ;AS26-AS1-20180127142511
2018-01-27 14:25:19.082;RC;AS26-AS1-20180127142452
2018-01-27 14:25:20.368;RU;AS26-AS1-20180127142427
2018-01-27 14:25:20.599;SS;AS26-AS1-20180127142452
2018-01-27 14:25:22.578;VU;AS26-AS1-20180127142427
2018-01-27 14:25:29.529;RO;AS26-AS1-20180127142511
2018-01-27 14:25:30.830;SP;AS26-AS1-20180127142511
2018-01-27 14:25:33.235;SQ;AS26-AS1-20180127142533
2018-01-27 14:25:34.441;RC;AS26-AS1-20180127142511
2018-01-27 14:25:37.015;SS;AS26-AS1-20180127142511
2018-01-27 14:25:41.652;RU;AS26-AS1-20180127142452
2018-01-27 14:25:43.489;VU;AS26-AS1-20180127142452
2018-01-27 14:25:48.653;RO;AS26-AS1-20180127142533
2018-01-27 14:25:49.601;SP;AS26-AS1-20180127142533
2018-01-27 14:25:53.175;SQ;AS26-AS1-20180127142553
2018-01-27 14:25:53.908;RU;AS26-AS1-20180127142511
2018-01-27 14:25:57.168;VU;AS26-AS1-20180127142511
2018-01-27 14:25:57.383;RC;AS26-AS1-20180127142533
2018-01-27 14:25:58.232;SS;AS26-AS1-20180127142533
2018-01-27 14:26:07.480;RO;AS26-AS1-20180127142553
2018-01-27 14:26:09.247;SP;AS26-AS1-20180127142553
2018-01-27 14:26:11.810;SQ;AS26-AS1-20180127142611
2018-01-27 14:26:15.070;RU;AS26-AS1-20180127142533
2018-01-27 14:26:16.809;RC;AS26-AS1-20180127142553
2018-01-27 14:26:17.326;VU;AS26-AS1-20180127142533
2018-01-27 14:26:18.497;SS;AS26-AS1-20180127142553
2018-01-27 14:26:29.532;RO;AS26-AS1-20180127142611
2018-01-27 14:26:31.192;SP;AS26-AS1-20180127142611
2018-01-27 14:26:33.708;SQ;AS26-AS1-20180127142633
2018-01-27 14:26:37.026;RU;AS26-AS1-20180127142553
2018-01-27 14:26:38.779;RC;AS26-AS1-20180127142611
2018-01-27 14:26:40.743;SS;AS26-AS1-20180127142611
2018-01-27 14:26:47.134;VU;AS26-AS1-20180127142553
2018-01-27 14:26:49.991;RO;AS26-AS1-20180127142633
2018-01-27 14:26:51.732;SP;AS26-AS1-20180127142633
2018-01-27 14:26:54.286;SQ;AS26-AS1-20180127142654
2018-01-27 14:27:00.263;RC;AS26-AS1-20180127142633
2018-01-27 14:27:01.656;SS;AS26-AS1-20180127142633
2018-01-27 14:27:08.520;RU;AS26-AS1-20180127142611
2018-01-27 14:27:10.345;VU;AS26-AS1-20180127142611
2018-01-27 14:27:13.297;RO;AS26-AS1-20180127142654
2018-01-27 14:27:14.654;SP;AS26-AS1-20180127142654
2018-01-27 14:27:18.666;SQ;AS26-AS1-20180127142718
2018-01-27 14:27:24.766;RU;AS26-AS1-20180127142633
2018-01-27 14:27:25.078;RC;AS26-AS1-20180127142654
2018-01-27 14:27:27.333;SS;AS26-AS1-20180127142654
2018-01-27 14:27:27.964;VU;AS26-AS1-20180127142633
2018-01-27 14:27:31.355;RO;AS26-AS1-20180127142718
2018-01-27 14:27:33.472;SP;AS26-AS1-20180127142718
2018-01-27 14:27:35.778;SQ;AS26-AS1-20180127142735
2018-01-27 14:27:41.850;RC;AS26-AS1-20180127142718
2018-01-27 14:27:42.798;SS;AS26-AS1-20180127142718
2018-01-27 14:27:56.380;RO;AS26-AS1-20180127142735
2018-01-27 14:27:56.535;RU;AS26-AS1-20180127142654
2018-01-27 14:27:59.050;SP;AS26-AS1-20180127142735
2018-01-27 14:27:59.867;VU;AS26-AS1-20180127142654
2018-01-27 14:28:01.602;SQ;AS26-AS1-20180127142801
2018-01-27 14:28:05.295;RU;AS26-AS1-20180127142718
2018-01-27 14:28:06.145;RC;AS26-AS1-20180127142735
2018-01-27 14:28:07.702;SS;AS26-AS1-20180127142735
2018-01-27 14:28:08.089;VU;AS26-AS1-20180127142718
2018-01-27 14:28:17.332;RO;AS26-AS1-20180127142801
2018-01-27 14:28:18.464;SP;AS26-AS1-20180127142801
2018-01-27 14:28:23.199;SQ;AS26-AS1-20180127142823
2018-01-27 14:28:24.459;RC;AS26-AS1-20180127142801
2018-01-27 14:28:25.657;SS;AS26-AS1-20180127142801
2018-01-27 14:28:26.202;RU;AS26-AS1-20180127142735
2018-01-27 14:28:28.066;VU;AS26-AS1-20180127142735
2018-01-27 14:28:41.916;RU;AS26-AS1-20180127142801
2018-01-27 14:28:43.907;VU;AS26-AS1-20180127142801
2018-01-27 14:28:44.555;RO;AS26-AS1-20180127142823
2018-01-27 14:28:46.196;SP;AS26-AS1-20180127142823
2018-01-27 14:28:48.739;SQ;AS26-AS1-20180127142848
2018-01-27 14:28:54.527;RC;AS26-AS1-20180127142823
2018-01-27 14:28:56.013;SS;AS26-AS1-20180127142823
2018-01-27 14:29:02.294;RO;AS26-AS1-20180127142848
2018-01-27 14:29:03.926;SP;AS26-AS1-20180127142848
2018-01-27 14:29:06.453;SQ;AS26-AS1-20180127142906
2018-01-27 14:29:17.390;RC;AS26-AS1-20180127142848
2018-01-27 14:29:17.754;RU;AS26-AS1-20180127142823
2018-01-27 14:29:19.539;SS;AS26-AS1-20180127142848
2018-01-27 14:29:20.776;VU;AS26-AS1-20180127142823
2018-01-27 14:29:23.226;RO;AS26-AS1-20180127142906
2018-01-27 14:29:24.766;SP;AS26-AS1-20180127142906
2018-01-27 14:29:29.493;SQ;AS26-AS1-20180127142929
2018-01-27 14:29:33.511;RC;AS26-AS1-20180127142906
2018-01-27 14:29:34.468;SS;AS26-AS1-20180127142906
2018-01-27 14:29:38.454;RU;AS26-AS1-20180127142848
2018-01-27 14:29:43.636;VU;AS26-AS1-20180127142848
2018-01-27 14:29:44.996;RO;AS26-AS1-20180127142929
2018-01-27 14:29:46.557;SP;AS26-AS1-20180127142929
2018-01-27 14:29:48.859;SQ;AS26-AS1-20180127142948
2018-01-27 14:29:56.361;RC;AS26-AS1-20180127142929
2018-01-27 14:29:58.538;SS;AS26-AS1-20180127142929
2018-01-27 14:29:58.806;RU;AS26-AS1-20180127142906
2018-01-27 14:30:02.570;VU;AS26-AS1-20180127142906
2018-01-27 14:30:09.090;RO;AS26-AS1-20180127142948
2018-01-27 14:30:10.626;SP;AS26-AS1-20180127142948
2018-01-27 14:30:14.128;RC;AS26-AS1-20180127142948
2018-01-27 14:30:14.183;SQ;AS26-AS1-20180127143014
2018-01-27 14:30:16.378;SS;AS26-AS1-20180127142948
2018-01-27 14:30:17.530;RU;AS26-AS1-20180127142929
2018-01-27 14:30:19.350;VU;AS26-AS1-20180127142929
2018-01-27 14:30:24.778;RO;AS26-AS1-20180127143014
2018-01-27 14:30:26.219;SP;AS26-AS1-20180127143014
2018-01-27 14:30:31.405;RC;AS26-AS1-20180127143014
2018-01-27 14:30:31.491;RU;AS26-AS1-20180127142948
2018-01-27 14:30:33.851;SS;AS26-AS1-20180127143014
2018-01-27 14:30:34.851;VU;AS26-AS1-20180127142948
2018-01-27 14:30:38.236;RU;AS26-AS1-20180127143014
2018-01-27 14:30:52.673;VU;AS26-AS1-20180127143014
