2018-01-27 14:20:21.951;SQ;AS27-AS1-20180127142021
2018-01-27 14:20:29.557;RO;AS27-AS1-20180127142021
2018-01-27 14:20:30.770;SP;AS27-AS1-20180127142021
2018-01-27 14:20:32.413;SQ;AS27-AS1-20180127142032
2018-01-27 14:20:36.127;RC;AS27-AS1-20180127142021
2018-01-27 14:20:36.950;SS;AS27-AS1-20180127142021
2018-01-27 14:20:46.290;RO;AS27-AS1-20180127142032
2018-01-27 14:20:47.252;SP;AS27-AS1-20180127142032
2018-01-27 14:20:48.901;SQ;AS27-AS1-20180127142048
2018-01-27 14:20:55.939;RC;AS27-AS1-20180127142032
2018-01-27 14:20:56.172;RU;AS27-AS1-20180127142021
2018-01-27 14:20:59.142;SS;AS27-AS1-20180127142032
2018-01-27 14:21:02.080;VU;AS27-AS1-20180127142021
2018-01-27 14:21:07.082;RO;AS27-AS1-20180127142048
2018-01-27 14:21:08.261;SP;AS27-AS1-20180127142048
2018-01-27 14:21:09.949;SQ;AS27-AS1-20180127142109
2018-01-27 14:21:17.447;RC;AS27-AS1-20180127142048
2018-01-27 14:21:18.261;SS;AS27-AS1-20180127142048
2018-01-27 14:21:24.431;RU;AS27-AS1-20180127142032
2018-01-27 14:21:26.245;VU;AS27-AS1-20180127142032
2018-01-27 14:21:32.319;RO;AS27-AS1-20180127142109
2018-01-27 14:21:33.293;SP;AS27-AS1-20180127142109
2018-01-27 14:21:34.962;SQ;AS27-AS1-20180127142134
2018-01-27 14:21:41.615;RU;AS27-AS1-20180127142048
2018-01-27 14:21:42.348;RC;AS27-AS1-20180127142109
2018-01-27 14:21:43.296;SS;AS27-AS1-20180127142109
2018-01-27 14:21:43.524;VU;AS27-AS1-20180127142048
2018-01-27 14:21:50.157;RO;AS27-AS1-20180127142134
2018-01-27 14:21:51.300;SP;AS27-AS1-20180127142134
2018-01-27 14:21:52.957;SQ;AS27-AS1-20180127142152
2018-01-27 14:21:58.393;RC;AS27-AS1-20180127142134
2018-01-27 14:21:59.210;SS;AS27-AS1-20180127142134
2018-01-27 14:22:06.566;RU;AS27-AS1-20180127142109
2018-01-27 14:22:08.401;VU;AS27-AS1-20180127142109
2018-01-27 14:22:10.735;RO;AS27-AS1-20180127142152
2018-01-27 14:22:11.786;SP;AS27-AS1-20180127142152
2018-01-27 14:22:13.450;SQ;AS27-AS1-20180127142213
2018-01-27 14:22:16.736;RC;AS27-AS1-20180127142152
2018-01-27 14:22:16.741;RU;AS27-AS1-20180127142134
2018-01-27 14:22:18.395;SS;AS27-AS1-20180127142152
2018-01-27 14:22:19.936;RO;AS27-AS1-20180127142213
2018-01-27 14:22:22.327;SP;AS27-AS1-20180127142213
2018-01-27 14:22:25.535;SQ;AS27-AS1-20180127142225
2018-01-27 14:22:25.820;VU;AS27-AS1-20180127142134
2018-01-27 14:22:28.745;RC;AS27-AS1-20180127142213
2018-01-27 14:22:29.576;SS;AS27-AS1-20180127142213
2018-01-27 14:22:38.641;RU;AS27-AS1-20180127142152
2018-01-27 14:22:39.824;RO;AS27-AS1-20180127142225
2018-01-27 14:22:41.837;SP;AS27-AS1-20180127142225
2018-01-27 14:22:44.299;SQ;AS27-AS1-20180127142244
2018-01-27 14:22:44.386;VU;AS27-AS1-20180127142152
2018-01-27 14:22:49.644;RU;AS27-AS1-20180127142213
2018-01-27 14:22:51.337;RC;AS27-AS1-20180127142225
2018-01-27 14:22:52.857;SS;AS27-AS1-20180127142225
2018-01-27 14:22:56.139;VU;AS27-AS1-20180127142213
2018-01-27 14:22:59.168;RO;AS27-AS1-20180127142244
2018-01-27 14:23:00.140;SP;AS27-AS1-20180127142244
2018-01-27 14:23:01.768;SQ;AS27-AS1-20180127142301
2018-01-27 14:23:08.643;RC;AS27-AS1-20180127142244
2018-01-27 14:23:09.468;SS;AS27-AS1-20180127142244
2018-01-27 14:23:21.602;RU;AS27-AS1-20180127142225
2018-01-27 14:23:21.769;RO;AS27-AS1-20180127142301
2018-01-27 14:23:23.279;SP;AS27-AS1-20180127142301
2018-01-27 14:23:24.004;VU;AS27-AS1-20180127142225
2018-01-27 14:23:24.943;SQ;AS27-AS1-20180127142324
2018-01-27 14:23:36.312;RC;AS27-AS1-20180127142301
2018-01-27 14:23:36.769;RU;AS27-AS1-20180127142244
2018-01-27 14:23:37.419;SS;AS27-AS1-20180127142301
2018-01-27 14:23:38.971;VU;AS27-AS1-20180127142244
2018-01-27 14:23:41.422;RO;AS27-AS1-20180127142324
2018-01-27 14:23:42.296;SP;AS27-AS1-20180127142324
2018-01-27 14:23:43.945;SQ;AS27-AS1-20180127142343
2018-01-27 14:23:52.054;RC;AS27-AS1-20180127142324
2018-01-27 14:23:53.910;SS;AS27-AS1-20180127142324
2018-01-27 14:23:56.246;RU;AS27-AS1-20180127142301
2018-01-27 14:23:58.067;VU;AS27-AS1-20180127142301
2018-01-27 14:24:01.623;RO;AS27-AS1-20180127142343
2018-01-27 14:24:02.811;SP;AS27-AS1-20180127142343
2018-01-27 14:24:04.436;SQ;AS27-AS1-20180127142404
2018-01-27 14:24:09.206;RC;AS27-AS1-20180127142343
2018-01-27 14:24:10.022;SS;AS27-AS1-20180127142343
2018-01-27 14:24:16.368;RU;AS27-AS1-20180127142324
2018-01-27 14:24:18.223;VU;AS27-AS1-20180127142324
2018-01-27 14:24:24.054;RO;AS27-AS1-20180127142404
2018-01-27 14:24:25.282;SP;AS27-AS1-20180127142404
2018-01-27 14:24:26.937;SQ;AS27-AS1-20180127142426
2018-01-27 14:24:36.017;RC;AS27-AS1-20180127142404
2018-01-27 14:24:36.857;SS;AS27-AS1-20180127142404
2018-01-27 14:24:37.769;RU;AS27-AS1-20180127142343
2018-01-27 14:24:39.603;VU;AS27-AS1-20180127142343
2018-01-27 14:24:44.347;RO;AS27-AS1-20180127142426
2018-01-27 14:24:45.282;SP;AS27-AS1-20180127142426
2018-01-27 14:24:48.315;SQ;AS27-AS1-20180127142448
2018-01-27 14:24:54.431;RC;AS27-AS1-20180127142426
2018-01-27 14:24:55.248;SS;AS27-AS1-20180127142426
2018-01-27 14:24:55.838;RU;AS27-AS1-20180127142404
2018-01-27 14:24:57.660;VU;AS27-AS1-20180127142404
2018-01-27 14:25:00.309;RO;AS27-AS1-20180127142448
2018-01-27 14:25:01.634;SP;AS27-AS1-20180127142448
2018-01-27 14:25:03.803;SQ;AS27-AS1-20180127142503
2018-01-27 14:25:07.413;RC;AS27-AS1-20180127142448
2018-01-27 14:25:08.232;SS;AS27-AS1-20180127142448
2018-01-27 14:25:09.831;RU;AS27-AS1-20180127142426
2018-01-27 14:25:21.635;VU;AS27-AS1-20180127142426
2018-01-27 14:25:22.266;RO;AS27-AS1-20180127142503
2018-01-27 14:25:23.154;SP;AS27-AS1-20180127142503
2018-01-27 14:25:24.836;SQ;AS27-AS1-20180127142524
2018-01-27 14:25:29.197;RU;AS27-AS1-20180127142448
2018-01-27 14:25:29.577;RC;AS27-AS1-20180127142503
2018-01-27 14:25:30.380;RO;AS27-AS1-20180127142524
2018-01-27 14:25:30.884;SS;AS27-AS1-20180127142503
2018-01-27 14:25:31.930;SP;AS27-AS1-20180127142524
2018-01-27 14:25:35.082;SQ;AS27-AS1-20180127142535
2018-01-27 14:25:39.044;VU;AS27-AS1-20180127142448
2018-01-27 14:25:41.941;RC;AS27-AS1-20180127142524
2018-01-27 14:25:42.769;SS;AS27-AS1-20180127142524
2018-01-27 14:25:51.309;RO;AS27-AS1-20180127142535
2018-01-27 14:25:52.018;RU;AS27-AS1-20180127142503
2018-01-27 14:25:54.598;SP;AS27-AS1-20180127142535
2018-01-27 14:25:56.501;VU;AS27-AS1-20180127142503
2018-01-27 14:25:56.920;SQ;AS27-AS1-20180127142556
2018-01-27 14:26:03.937;RU;AS27-AS1-20180127142524
2018-01-27 14:26:04.873;RC;AS27-AS1-20180127142535
2018-01-27 14:26:05.694;SS;AS27-AS1-20180127142535
2018-01-27 14:26:05.769;VU;AS27-AS1-20180127142524
2018-01-27 14:26:11.237;RO;AS27-AS1-20180127142556
2018-01-27 14:26:12.248;SP;AS27-AS1-20180127142556
2018-01-27 14:26:13.911;SQ;AS27-AS1-20180127142613
2018-01-27 14:26:20.923;RC;AS27-AS1-20180127142556
2018-01-27 14:26:21.755;SS;AS27-AS1-20180127142556
2018-01-27 14:26:26.035;RU;AS27-AS1-20180127142535
2018-01-27 14:26:29.914;RO;AS27-AS1-20180127142613
2018-01-27 14:26:30.634;VU;AS27-AS1-20180127142535
2018-01-27 14:26:30.755;SP;AS27-AS1-20180127142613
2018-01-27 14:26:32.430;SQ;AS27-AS1-20180127142632
2018-01-27 14:26:37.357;RC;AS27-AS1-20180127142613
2018-01-27 14:26:38.176;SS;AS27-AS1-20180127142613
2018-01-27 14:26:40.337;RU;AS27-AS1-20180127142556
2018-01-27 14:26:44.894;VU;AS27-AS1-20180127142556
2018-01-27 14:26:49.980;RO;AS27-AS1-20180127142632
2018-01-27 14:26:51.278;SP;AS27-AS1-20180127142632
2018-01-27 14:26:52.950;SQ;AS27-AS1-20180127142652
2018-01-27 14:26:57.988;RC;AS27-AS1-20180127142632
2018-01-27 14:26:59.742;SS;AS27-AS1-20180127142632
2018-01-27 14:27:02.273;RU;AS27-AS1-20180127142613
2018-01-27 14:27:04.110;VU;AS27-AS1-20180127142613
2018-01-27 14:27:12.826;RO;AS27-AS1-20180127142652
2018-01-27 14:27:13.813;SP;AS27-AS1-20180127142652
2018-01-27 14:27:15.458;SQ;AS27-AS1-20180127142715
2018-01-27 14:27:23.875;RU;AS27-AS1-20180127142632
2018-01-27 14:27:25.124;RC;AS27-AS1-20180127142652
2018-01-27 14:27:25.687;VU;AS27-AS1-20180127142632
2018-01-27 14:27:25.963;SS;AS27-AS1-20180127142652
2018-01-27 14:27:27.856;RO;AS27-AS1-20180127142715
2018-01-27 14:27:28.811;SP;AS27-AS1-20180127142715
2018-01-27 14:27:30.495;SQ;AS27-AS1-20180127142730
2018-01-27 14:27:36.367;RC;AS27-AS1-20180127142715
2018-01-27 14:27:37.190;SS;AS27-AS1-20180127142715
2018-01-27 14:27:46.393;RU;AS27-AS1-20180127142652
2018-01-27 14:27:46.918;RO;AS27-AS1-20180127142730
2018-01-27 14:27:49.190;SP;AS27-AS1-20180127142730
2018-01-27 14:27:52.441;VU;AS27-AS1-20180127142652
2018-01-27 14:27:52.453;SQ;AS27-AS1-20180127142752
2018-01-27 14:27:56.558;RC;AS27-AS1-20180127142730
2018-01-27 14:27:57.398;SS;AS27-AS1-20180127142730
2018-01-27 14:27:57.866;RU;AS27-AS1-20180127142715
2018-01-27 14:28:02.953;RO;AS27-AS1-20180127142752
2018-01-27 14:28:05.919;SP;AS27-AS1-20180127142752
2018-01-27 14:28:07.234;VU;AS27-AS1-20180127142715
2018-01-27 14:28:07.757;SQ;AS27-AS1-20180127142807
2018-01-27 14:28:16.802;RU;AS27-AS1-20180127142730
2018-01-27 14:28:17.051;RC;AS27-AS1-20180127142752
2018-01-27 14:28:18.280;RO;AS27-AS1-20180127142807
2018-01-27 14:28:18.482;SS;AS27-AS1-20180127142752
2018-01-27 14:28:21.810;SP;AS27-AS1-20180127142807
2018-01-27 14:28:24.771;SQ;AS27-AS1-20180127142824
2018-01-27 14:28:25.896;VU;AS27-AS1-20180127142730
2018-01-27 14:28:29.359;RC;AS27-AS1-20180127142807
2018-01-27 14:28:30.199;SS;AS27-AS1-20180127142807
2018-01-27 14:28:36.137;RU;AS27-AS1-20180127142752
2018-01-27 14:28:37.964;VU;AS27-AS1-20180127142752
2018-01-27 14:28:42.326;RO;AS27-AS1-20180127142824
2018-01-27 14:28:43.616;SP;AS27-AS1-20180127142824
2018-01-27 14:28:45.259;SQ;AS27-AS1-20180127142845
2018-01-27 14:28:51.639;RU;AS27-AS1-20180127142807
2018-01-27 14:28:52.692;RC;AS27-AS1-20180127142824
2018-01-27 14:28:53.454;VU;AS27-AS1-20180127142807
2018-01-27 14:28:53.530;SS;AS27-AS1-20180127142824
2018-01-27 14:29:01.663;RO;AS27-AS1-20180127142845
2018-01-27 14:29:02.114;RU;AS27-AS1-20180127142824
2018-01-27 14:29:03.046;SP;AS27-AS1-20180127142845
2018-01-27 14:29:05.409;SQ;AS27-AS1-20180127142905
2018-01-27 14:29:11.088;RC;AS27-AS1-20180127142845
2018-01-27 14:29:12.098;SS;AS27-AS1-20180127142845
2018-01-27 14:29:23.455;RO;AS27-AS1-20180127142905
2018-01-27 14:29:24.797;SP;AS27-AS1-20180127142905
2018-01-27 14:29:29.162;SQ;AS27-AS1-20180127142929
2018-01-27 14:29:32.980;RU;AS27-AS1-20180127142845
2018-01-27 14:29:33.740;RC;AS27-AS1-20180127142905
2018-01-27 14:29:35.305;SS;AS27-AS1-20180127142905
2018-01-27 14:29:35.801;VU;AS27-AS1-20180127142845
2018-01-27 14:29:45.084;RO;AS27-AS1-20180127142929
2018-01-27 14:29:46.217;SP;AS27-AS1-20180127142929
2018-01-27 14:29:53.089;RC;AS27-AS1-20180127142929
2018-01-27 14:29:53.918;SS;AS27-AS1-20180127142929
2018-01-27 14:29:58.832;RU;AS27-AS1-20180127142905
2018-01-27 14:30:01.564;VU;AS27-AS1-20180127142905
2018-01-27 14:30:09.197;RU;AS27-AS1-20180127142929
2018-01-27 14:30:18.505;VU;AS27-AS1-20180127142929
