2018-01-27 14:20:21.022;SQ;AS30-AS1-20180127142021
2018-01-27 14:20:25.605;RO;AS30-AS1-20180127142021
2018-01-27 14:20:26.875;SP;AS30-AS1-20180127142021
2018-01-27 14:20:28.543;SQ;AS30-AS1-20180127142028
2018-01-27 14:20:31.804;RC;AS30-AS1-20180127142021
2018-01-27 14:20:32.646;SS;AS30-AS1-20180127142021
2018-01-27 14:20:37.870;RO;AS30-AS1-20180127142028
2018-01-27 14:20:38.900;SP;AS30-AS1-20180127142028
2018-01-27 14:20:41.264;SQ;AS30-AS1-20180127142041
2018-01-27 14:20:45.035;RC;AS30-AS1-20180127142028
2018-01-27 14:20:45.877;SS;AS30-AS1-20180127142028
2018-01-27 14:20:49.629;RU;AS30-AS1-20180127142021
2018-01-27 14:20:51.482;VU;AS30-AS1-20180127142021
2018-01-27 14:20:59.714;RO;AS30-AS1-20180127142041
2018-01-27 14:21:00.606;SP;AS30-AS1-20180127142041
2018-01-27 14:21:02.293;SQ;AS30-AS1-20180127142102
2018-01-27 14:21:06.425;RU;AS30-AS1-20180127142028
2018-01-27 14:21:07.325;RC;AS30-AS1-20180127142041
2018-01-27 14:21:08.182;SS;AS30-AS1-20180127142041
2018-01-27 14:21:08.273;VU;AS30-AS1-20180127142028
2018-01-27 14:21:13.054;RO;AS30-AS1-20180127142102
2018-01-27 14:21:14.153;SP;AS30-AS1-20180127142102
2018-01-27 14:21:17.660;SQ;AS30-AS1-20180127142117
2018-01-27 14:21:24.555;RC;AS30-AS1-20180127142102
2018-01-27 14:21:25.380;SS;AS30-AS1-20180127142102
2018-01-27 14:21:33.351;RO;AS30-AS1-20180127142117
2018-01-27 14:21:34.021;RU;AS30-AS1-20180127142041
2018-01-27 14:21:34.899;SP;AS30-AS1-20180127142117
2018-01-27 14:21:36.693;VU;AS30-AS1-20180127142041
2018-01-27 14:21:37.016;SQ;AS30-AS1-20180127142137
2018-01-27 14:21:43.334;RC;AS30-AS1-20180127142117
2018-01-27 14:21:44.142;SS;AS30-AS1-20180127142117
2018-01-27 14:21:44.569;RU;AS30-AS1-20180127142102
2018-01-27 14:21:48.488;VU;AS30-AS1-20180127142102
2018-01-27 14:21:49.887;RO;AS30-AS1-20180127142137
2018-01-27 14:21:50.878;SP;AS30-AS1-20180127142137
2018-01-27 14:21:52.547;SQ;AS30-AS1-20180127142152
2018-01-27 14:21:59.111;RC;AS30-AS1-20180127142137
2018-01-27 14:21:59.950;SS;AS30-AS1-20180127142137
2018-01-27 14:22:06.507;RU;AS30-AS1-20180127142117
2018-01-27 14:22:08.355;VU;AS30-AS1-20180127142117
2018-01-27 14:22:16.487;RO;AS30-AS1-20180127142152
2018-01-27 14:22:16.830;RU;AS30-AS1-20180127142137
2018-01-27 14:22:17.927;SP;AS30-AS1-20180127142152
2018-01-27 14:22:20.976;SQ;AS30-AS1-20180127142220
2018-01-27 14:22:24.740;VU;AS30-AS1-20180127142137
2018-01-27 14:22:27.259;RC;AS30-AS1-20180127142152
2018-01-27 14:22:28.078;SS;AS30-AS1-20180127142152
2018-01-27 14:22:37.674;RO;AS30-AS1-20180127142220
2018-01-27 14:22:39.707;SP;AS30-AS1-20180127142220
2018-01-27 14:22:42.617;SQ;AS30-AS1-20180127142242
2018-01-27 14:22:48.005;RU;AS30-AS1-20180127142152
2018-01-27 14:22:49.823;VU;AS30-AS1-20180127142152
2018-01-27 14:22:57.845;RC;AS30-AS1-20180127142220
2018-01-27 14:22:58.211;RO;AS30-AS1-20180127142242
2018-01-27 14:22:58.719;SS;AS30-AS1-20180127142220
2018-01-27 14:22:59.520;SP;AS30-AS1-20180127142242
2018-01-27 14:23:01.160;SQ;AS30-AS1-20180127142301
2018-01-27 14:23:06.910;RC;AS30-AS1-20180127142242
2018-01-27 14:23:07.752;SS;AS30-AS1-20180127142242
2018-01-27 14:23:21.567;RU;AS30-AS1-20180127142220
2018-01-27 14:23:21.624;RO;AS30-AS1-20180127142301
2018-01-27 14:23:23.286;SP;AS30-AS1-20180127142301
2018-01-27 14:23:24.132;VU;AS30-AS1-20180127142220
2018-01-27 14:23:24.985;SQ;AS30-AS1-20180127142324
2018-01-27 14:23:36.511;RU;AS30-AS1-20180127142242
2018-01-27 14:23:37.060;RC;AS30-AS1-20180127142301
2018-01-27 14:23:38.163;SS;AS30-AS1-20180127142301
2018-01-27 14:23:38.573;VU;AS30-AS1-20180127142242
2018-01-27 14:23:43.590;RO;AS30-AS1-20180127142324
2018-01-27 14:23:44.843;SP;AS30-AS1-20180127142324
2018-01-27 14:23:46.501;SQ;AS30-AS1-20180127142346
2018-01-27 14:23:53.986;RU;AS30-AS1-20180127142301
2018-01-27 14:23:55.099;RC;AS30-AS1-20180127142324
2018-01-27 14:23:55.813;VU;AS30-AS1-20180127142301
2018-01-27 14:23:55.944;SS;AS30-AS1-20180127142324
2018-01-27 14:24:01.559;RO;AS30-AS1-20180127142346
2018-01-27 14:24:02.847;SP;AS30-AS1-20180127142346
2018-01-27 14:24:04.496;SQ;AS30-AS1-20180127142404
2018-01-27 14:24:10.588;RC;AS30-AS1-20180127142346
2018-01-27 14:24:11.429;SS;AS30-AS1-20180127142346
2018-01-27 14:24:14.716;RU;AS30-AS1-20180127142324
2018-01-27 14:24:16.566;VU;AS30-AS1-20180127142324
2018-01-27 14:24:24.046;RO;AS30-AS1-20180127142404
2018-01-27 14:24:25.360;SP;AS30-AS1-20180127142404
2018-01-27 14:24:27.066;SQ;AS30-AS1-20180127142427
2018-01-27 14:24:32.303;RC;AS30-AS1-20180127142404
2018-01-27 14:24:33.135;SS;AS30-AS1-20180127142404
2018-01-27 14:24:36.170;RU;AS30-AS1-20180127142346
2018-01-27 14:24:38.018;VU;AS30-AS1-20180127142346
2018-01-27 14:24:46.237;RO;AS30-AS1-20180127142427
2018-01-27 14:24:48.033;SP;AS30-AS1-20180127142427
2018-01-27 14:24:49.697;SQ;AS30-AS1-20180127142449
2018-01-27 14:24:49.879;RU;AS30-AS1-20180127142404
2018-01-27 14:24:51.704;VU;AS30-AS1-20180127142404
2018-01-27 14:24:55.259;RC;AS30-AS1-20180127142427
2018-01-27 14:24:56.088;SS;AS30-AS1-20180127142427
2018-01-27 14:25:05.589;RO;AS30-AS1-20180127142449
2018-01-27 14:25:06.554;SP;AS30-AS1-20180127142449
2018-01-27 14:25:08.214;SQ;AS30-AS1-20180127142508
2018-01-27 14:25:13.453;RC;AS30-AS1-20180127142449
2018-01-27 14:25:14.281;SS;AS30-AS1-20180127142449
2018-01-27 14:25:18.225;RU;AS30-AS1-20180127142427
2018-01-27 14:25:20.087;VU;AS30-AS1-20180127142427
2018-01-27 14:25:29.199;RO;AS30-AS1-20180127142508
2018-01-27 14:25:30.076;SP;AS30-AS1-20180127142508
2018-01-27 14:25:30.876;RC;AS30-AS1-20180127142508
2018-01-27 14:25:32.617;SS;AS30-AS1-20180127142508
2018-01-27 14:25:32.622;SQ;AS30-AS1-20180127142532
2018-01-27 14:25:41.489;RU;AS30-AS1-20180127142449
2018-01-27 14:25:43.338;VU;AS30-AS1-20180127142449
2018-01-27 14:25:48.588;RO;AS30-AS1-20180127142532
2018-01-27 14:25:49.488;SP;AS30-AS1-20180127142532
2018-01-27 14:25:51.154;SQ;AS30-AS1-20180127142551
2018-01-27 14:25:52.585;RU;AS30-AS1-20180127142508
2018-01-27 14:25:55.288;VU;AS30-AS1-20180127142508
2018-01-27 14:26:03.905;RC;AS30-AS1-20180127142532
2018-01-27 14:26:04.740;SS;AS30-AS1-20180127142532
2018-01-27 14:26:04.748;RO;AS30-AS1-20180127142551
2018-01-27 14:26:06.018;SP;AS30-AS1-20180127142551
2018-01-27 14:26:08.615;SQ;AS30-AS1-20180127142608
2018-01-27 14:26:13.380;RC;AS30-AS1-20180127142551
2018-01-27 14:26:14.199;SS;AS30-AS1-20180127142551
2018-01-27 14:26:22.982;RU;AS30-AS1-20180127142532
2018-01-27 14:26:26.991;RO;AS30-AS1-20180127142608
2018-01-27 14:26:29.242;SP;AS30-AS1-20180127142608
2018-01-27 14:26:30.065;VU;AS30-AS1-20180127142532
2018-01-27 14:26:30.907;SQ;AS30-AS1-20180127142630
2018-01-27 14:26:36.649;RU;AS30-AS1-20180127142551
2018-01-27 14:26:37.013;RC;AS30-AS1-20180127142608
2018-01-27 14:26:38.342;SS;AS30-AS1-20180127142608
2018-01-27 14:26:38.912;VU;AS30-AS1-20180127142551
2018-01-27 14:26:49.887;RO;AS30-AS1-20180127142630
2018-01-27 14:26:50.767;SP;AS30-AS1-20180127142630
2018-01-27 14:26:52.416;SQ;AS30-AS1-20180127142652
2018-01-27 14:26:52.940;RC;AS30-AS1-20180127142630
2018-01-27 14:26:53.768;SS;AS30-AS1-20180127142630
2018-01-27 14:27:08.894;RU;AS30-AS1-20180127142608
2018-01-27 14:27:10.708;VU;AS30-AS1-20180127142608
2018-01-27 14:27:24.589;RU;AS30-AS1-20180127142630
2018-01-27 14:27:24.852;RO;AS30-AS1-20180127142652
2018-01-27 14:27:26.292;SP;AS30-AS1-20180127142652
2018-01-27 14:27:26.856;VU;AS30-AS1-20180127142630
2018-01-27 14:27:27.989;SQ;AS30-AS1-20180127142727
2018-01-27 14:27:32.956;RC;AS30-AS1-20180127142652
2018-01-27 14:27:33.791;SS;AS30-AS1-20180127142652
2018-01-27 14:27:47.269;RO;AS30-AS1-20180127142727
2018-01-27 14:27:49.290;SP;AS30-AS1-20180127142727
2018-01-27 14:27:51.455;SQ;AS30-AS1-20180127142751
2018-01-27 14:27:56.383;RC;AS30-AS1-20180127142727
2018-01-27 14:27:56.401;RU;AS30-AS1-20180127142652
2018-01-27 14:27:58.081;SS;AS30-AS1-20180127142727
2018-01-27 14:27:59.085;VU;AS30-AS1-20180127142652
2018-01-27 14:28:02.516;RO;AS30-AS1-20180127142751
2018-01-27 14:28:04.657;SP;AS30-AS1-20180127142751
2018-01-27 14:28:06.686;SQ;AS30-AS1-20180127142806
2018-01-27 14:28:10.810;RC;AS30-AS1-20180127142751
2018-01-27 14:28:11.645;SS;AS30-AS1-20180127142751
2018-01-27 14:28:17.619;RU;AS30-AS1-20180127142727
2018-01-27 14:28:18.429;RO;AS30-AS1-20180127142806
2018-01-27 14:28:21.247;SP;AS30-AS1-20180127142806
2018-01-27 14:28:23.835;VU;AS30-AS1-20180127142727
2018-01-27 14:28:24.066;SQ;AS30-AS1-20180127142824
2018-01-27 14:28:29.469;RU;AS30-AS1-20180127142751
2018-01-27 14:28:29.998;RC;AS30-AS1-20180127142806
2018-01-27 14:28:31.114;SS;AS30-AS1-20180127142806
2018-01-27 14:28:37.517;VU;AS30-AS1-20180127142751
2018-01-27 14:28:40.905;RO;AS30-AS1-20180127142824
2018-01-27 14:28:41.926;SP;AS30-AS1-20180127142824
2018-01-27 14:28:43.581;SQ;AS30-AS1-20180127142843
2018-01-27 14:28:53.893;RU;AS30-AS1-20180127142806
2018-01-27 14:28:55.742;VU;AS30-AS1-20180127142806
2018-01-27 14:29:00.542;RC;AS30-AS1-20180127142824
2018-01-27 14:29:01.362;SS;AS30-AS1-20180127142824
2018-01-27 14:29:01.690;RO;AS30-AS1-20180127142843
2018-01-27 14:29:02.901;SP;AS30-AS1-20180127142843
2018-01-27 14:29:04.586;SQ;AS30-AS1-20180127142904
2018-01-27 14:29:09.868;RC;AS30-AS1-20180127142843
2018-01-27 14:29:10.710;SS;AS30-AS1-20180127142843
2018-01-27 14:29:17.948;RU;AS30-AS1-20180127142824
2018-01-27 14:29:19.767;VU;AS30-AS1-20180127142824
2018-01-27 14:29:22.730;RO;AS30-AS1-20180127142904
2018-01-27 14:29:23.929;SP;AS30-AS1-20180127142904
2018-01-27 14:29:26.475;SQ;AS30-AS1-20180127142926
2018-01-27 14:29:33.068;RC;AS30-AS1-20180127142904
2018-01-27 14:29:33.122;RU;AS30-AS1-20180127142843
2018-01-27 14:29:34.636;SS;AS30-AS1-20180127142904
2018-01-27 14:29:35.747;VU;AS30-AS1-20180127142843
2018-01-27 14:29:44.785;RO;AS30-AS1-20180127142926
2018-01-27 14:29:45.824;SP;AS30-AS1-20180127142926
2018-01-27 14:29:47.468;SQ;AS30-AS1-20180127142947
2018-01-27 14:29:49.494;RU;AS30-AS1-20180127142904
2018-01-27 14:29:52.641;RC;AS30-AS1-20180127142926
2018-01-27 14:29:53.745;SS;AS30-AS1-20180127142926
2018-01-27 14:30:01.723;VU;AS30-AS1-20180127142904
2018-01-27 14:30:09.082;RO;AS30-AS1-20180127142947
2018-01-27 14:30:09.201;RU;AS30-AS1-20180127142926
2018-01-27 14:30:10.876;SP;AS30-AS1-20180127142947
2018-01-27 14:30:14.778;SQ;AS30-AS1-20180127143014
2018-01-27 14:30:14.795;RC;AS30-AS1-20180127142947
2018-01-27 14:30:16.834;SS;AS30-AS1-20180127142947
2018-01-27 14:30:18.160;VU;AS30-AS1-20180127142926
2018-01-27 14:30:23.229;RO;AS30-AS1-20180127143014
2018-01-27 14:30:24.114;SP;AS30-AS1-20180127143014
2018-01-27 14:30:25.783;RC;AS30-AS1-20180127143014
2018-01-27 14:30:26.626;SS;AS30-AS1-20180127143014
2018-01-27 14:30:31.501;RU;AS30-AS1-20180127142947
2018-01-27 14:30:33.326;VU;AS30-AS1-20180127142947
2018-01-27 14:30:35.593;RU;AS30-AS1-20180127143014
2018-01-27 14:30:51.207;VU;AS30-AS1-20180127143014
