2018-01-27 14:20:22.429;SQ;AS35-AS1-20180127142022
2018-01-27 14:20:31.600;RO;AS35-AS1-20180127142022
2018-01-27 14:20:32.759;SP;AS35-AS1-20180127142022
2018-01-27 14:20:34.367;SQ;AS35-AS1-20180127142034
2018-01-27 14:20:39.312;RC;AS35-AS1-20180127142022
2018-01-27 14:20:40.693;SS;AS35-AS1-20180127142022
2018-01-27 14:20:49.765;RO;AS35-AS1-20180127142034
2018-01-27 14:20:50.704;SP;AS35-AS1-20180127142034
2018-01-27 14:20:52.301;SQ;AS35-AS1-20180127142052
2018-01-27 14:20:58.948;RC;AS35-AS1-20180127142034
2018-01-27 14:20:59.545;RU;AS35-AS1-20180127142022
2018-01-27 14:20:59.934;SS;AS35-AS1-20180127142034
2018-01-27 14:21:01.558;VU;AS35-AS1-20180127142022
2018-01-27 14:21:08.208;RO;AS35-AS1-20180127142052
2018-01-27 14:21:09.159;SP;AS35-AS1-20180127142052
2018-01-27 14:21:10.818;SQ;AS35-AS1-20180127142110
2018-01-27 14:21:18.662;RC;AS35-AS1-20180127142052
2018-01-27 14:21:19.488;SS;AS35-AS1-20180127142052
2018-01-27 14:21:24.051;RU;AS35-AS1-20180127142034
2018-01-27 14:21:25.855;VU;AS35-AS1-20180127142034
2018-01-27 14:21:31.229;RO;AS35-AS1-20180127142110
2018-01-27 14:21:32.711;SP;AS35-AS1-20180127142110
2018-01-27 14:21:34.345;SQ;AS35-AS1-20180127142134
2018-01-27 14:21:41.673;RU;AS35-AS1-20180127142052
2018-01-27 14:21:41.862;RC;AS35-AS1-20180127142110
2018-01-27 14:21:43.312;SS;AS35-AS1-20180127142110
2018-01-27 14:21:44.087;VU;AS35-AS1-20180127142052
2018-01-27 14:21:51.098;RO;AS35-AS1-20180127142134
2018-01-27 14:21:52.173;SP;AS35-AS1-20180127142134
2018-01-27 14:21:53.758;SQ;AS35-AS1-20180127142153
2018-01-27 14:22:00.448;RC;AS35-AS1-20180127142134
2018-01-27 14:22:01.255;SS;AS35-AS1-20180127142134
2018-01-27 14:22:03.348;RU;AS35-AS1-20180127142110
2018-01-27 14:22:09.754;VU;AS35-AS1-20180127142110
2018-01-27 14:22:16.551;RO;AS35-AS1-20180127142153
2018-01-27 14:22:16.811;RU;AS35-AS1-20180127142134
2018-01-27 14:22:18.468;SP;AS35-AS1-20180127142153
2018-01-27 14:22:21.848;SQ;AS35-AS1-20180127142221
2018-01-27 14:22:24.992;VU;AS35-AS1-20180127142134
2018-01-27 14:22:27.122;RC;AS35-AS1-20180127142153
2018-01-27 14:22:27.947;SS;AS35-AS1-20180127142153
2018-01-27 14:22:39.437;RO;AS35-AS1-20180127142221
2018-01-27 14:22:40.868;SP;AS35-AS1-20180127142221
2018-01-27 14:22:42.426;SQ;AS35-AS1-20180127142242
2018-01-27 14:22:47.558;RU;AS35-AS1-20180127142153
2018-01-27 14:22:49.385;VU;AS35-AS1-20180127142153
2018-01-27 14:22:49.920;RC;AS35-AS1-20180127142221
2018-01-27 14:22:50.717;SS;AS35-AS1-20180127142221
2018-01-27 14:22:58.861;RO;AS35-AS1-20180127142242
2018-01-27 14:22:59.750;SP;AS35-AS1-20180127142242
2018-01-27 14:23:01.358;SQ;AS35-AS1-20180127142301
2018-01-27 14:23:07.299;RC;AS35-AS1-20180127142242
2018-01-27 14:23:08.138;SS;AS35-AS1-20180127142242
2018-01-27 14:23:11.529;RU;AS35-AS1-20180127142221
2018-01-27 14:23:13.673;VU;AS35-AS1-20180127142221
2018-01-27 14:23:21.753;RO;AS35-AS1-20180127142301
2018-01-27 14:23:22.681;SP;AS35-AS1-20180127142301
2018-01-27 14:23:24.298;SQ;AS35-AS1-20180127142324
2018-01-27 14:23:25.985;RC;AS35-AS1-20180127142301
2018-01-27 14:23:26.832;SS;AS35-AS1-20180127142301
2018-01-27 14:23:36.782;RU;AS35-AS1-20180127142242
2018-01-27 14:23:38.599;VU;AS35-AS1-20180127142242
2018-01-27 14:23:42.166;RO;AS35-AS1-20180127142324
2018-01-27 14:23:43.112;SP;AS35-AS1-20180127142324
2018-01-27 14:23:44.696;SQ;AS35-AS1-20180127142344
2018-01-27 14:23:50.895;RU;AS35-AS1-20180127142301
2018-01-27 14:23:51.401;RC;AS35-AS1-20180127142324
2018-01-27 14:23:54.285;SS;AS35-AS1-20180127142324
2018-01-27 14:23:56.655;VU;AS35-AS1-20180127142301
2018-01-27 14:24:01.611;RO;AS35-AS1-20180127142344
2018-01-27 14:24:02.540;SP;AS35-AS1-20180127142344
2018-01-27 14:24:04.207;SQ;AS35-AS1-20180127142404
2018-01-27 14:24:10.438;RC;AS35-AS1-20180127142344
2018-01-27 14:24:11.261;SS;AS35-AS1-20180127142344
2018-01-27 14:24:24.033;RO;AS35-AS1-20180127142404
2018-01-27 14:24:24.131;RU;AS35-AS1-20180127142324
2018-01-27 14:24:25.763;SP;AS35-AS1-20180127142404
2018-01-27 14:24:26.620;VU;AS35-AS1-20180127142324
2018-01-27 14:24:27.406;SQ;AS35-AS1-20180127142427
2018-01-27 14:24:36.121;RC;AS35-AS1-20180127142404
2018-01-27 14:24:36.256;RU;AS35-AS1-20180127142344
2018-01-27 14:24:37.593;SS;AS35-AS1-20180127142404
2018-01-27 14:24:38.751;VU;AS35-AS1-20180127142344
2018-01-27 14:24:46.640;RO;AS35-AS1-20180127142427
2018-01-27 14:24:48.020;SP;AS35-AS1-20180127142427
2018-01-27 14:24:49.670;SQ;AS35-AS1-20180127142449
2018-01-27 14:24:57.082;RC;AS35-AS1-20180127142427
2018-01-27 14:24:57.163;RU;AS35-AS1-20180127142404
2018-01-27 14:24:58.643;SS;AS35-AS1-20180127142427
2018-01-27 14:25:03.442;VU;AS35-AS1-20180127142404
2018-01-27 14:25:07.004;RO;AS35-AS1-20180127142449
2018-01-27 14:25:08.022;SP;AS35-AS1-20180127142449
2018-01-27 14:25:09.660;SQ;AS35-AS1-20180127142509
2018-01-27 14:25:17.512;RC;AS35-AS1-20180127142449
2018-01-27 14:25:19.066;SS;AS35-AS1-20180127142449
2018-01-27 14:25:20.348;RU;AS35-AS1-20180127142427
2018-01-27 14:25:22.183;VU;AS35-AS1-20180127142427
2018-01-27 14:25:30.290;RO;AS35-AS1-20180127142509
2018-01-27 14:25:31.475;SP;AS35-AS1-20180127142509
2018-01-27 14:25:33.074;SQ;AS35-AS1-20180127142533
2018-01-27 14:25:40.851;RC;AS35-AS1-20180127142509
2018-01-27 14:25:41.667;SS;AS35-AS1-20180127142509
2018-01-27 14:25:41.773;RU;AS35-AS1-20180127142449
2018-01-27 14:25:43.600;VU;AS35-AS1-20180127142449
2018-01-27 14:25:50.400;RO;AS35-AS1-20180127142533
2018-01-27 14:25:51.837;SP;AS35-AS1-20180127142533
2018-01-27 14:25:55.407;SQ;AS35-AS1-20180127142555
2018-01-27 14:26:04.030;RC;AS35-AS1-20180127142533
2018-01-27 14:26:04.372;RU;AS35-AS1-20180127142509
2018-01-27 14:26:05.262;SS;AS35-AS1-20180127142533
2018-01-27 14:26:06.696;VU;AS35-AS1-20180127142509
2018-01-27 14:26:10.332;RO;AS35-AS1-20180127142555
2018-01-27 14:26:11.230;SP;AS35-AS1-20180127142555
2018-01-27 14:26:12.865;SQ;AS35-AS1-20180127142612
2018-01-27 14:26:20.235;RC;AS35-AS1-20180127142555
2018-01-27 14:26:21.049;SS;AS35-AS1-20180127142555
2018-01-27 14:26:24.447;RU;AS35-AS1-20180127142533
2018-01-27 14:26:29.197;RO;AS35-AS1-20180127142612
2018-01-27 14:26:30.655;SP;AS35-AS1-20180127142612
2018-01-27 14:26:31.181;VU;AS35-AS1-20180127142533
2018-01-27 14:26:32.299;SQ;AS35-AS1-20180127142632
2018-01-27 14:26:39.662;RC;AS35-AS1-20180127142612
2018-01-27 14:26:40.464;SS;AS35-AS1-20180127142612
2018-01-27 14:26:40.731;RU;AS35-AS1-20180127142555
2018-01-27 14:26:45.196;VU;AS35-AS1-20180127142555
2018-01-27 14:26:50.003;RO;AS35-AS1-20180127142632
2018-01-27 14:26:51.114;SP;AS35-AS1-20180127142632
2018-01-27 14:26:52.738;SQ;AS35-AS1-20180127142652
2018-01-27 14:26:57.930;RC;AS35-AS1-20180127142632
2018-01-27 14:26:59.695;SS;AS35-AS1-20180127142632
2018-01-27 14:27:08.912;RU;AS35-AS1-20180127142612
2018-01-27 14:27:08.957;RO;AS35-AS1-20180127142652
2018-01-27 14:27:10.582;SP;AS35-AS1-20180127142652
2018-01-27 14:27:11.104;VU;AS35-AS1-20180127142612
2018-01-27 14:27:12.189;SQ;AS35-AS1-20180127142712
2018-01-27 14:27:18.153;RC;AS35-AS1-20180127142652
2018-01-27 14:27:18.962;SS;AS35-AS1-20180127142652
2018-01-27 14:27:25.165;RU;AS35-AS1-20180127142632
2018-01-27 14:27:26.992;VU;AS35-AS1-20180127142632
2018-01-27 14:27:28.516;RO;AS35-AS1-20180127142712
2018-01-27 14:27:29.517;SP;AS35-AS1-20180127142712
2018-01-27 14:27:31.147;SQ;AS35-AS1-20180127142731
2018-01-27 14:27:36.761;RU;AS35-AS1-20180127142652
2018-01-27 14:27:36.943;RC;AS35-AS1-20180127142712
2018-01-27 14:27:38.441;SS;AS35-AS1-20180127142712
2018-01-27 14:27:39.214;VU;AS35-AS1-20180127142652
2018-01-27 14:27:48.167;RO;AS35-AS1-20180127142731
2018-01-27 14:27:49.683;SP;AS35-AS1-20180127142731
2018-01-27 14:27:51.295;SQ;AS35-AS1-20180127142751
2018-01-27 14:27:56.379;RC;AS35-AS1-20180127142731
2018-01-27 14:27:57.189;SS;AS35-AS1-20180127142731
2018-01-27 14:27:57.919;RU;AS35-AS1-20180127142712
2018-01-27 14:28:05.178;RO;AS35-AS1-20180127142751
2018-01-27 14:28:06.119;SP;AS35-AS1-20180127142751
2018-01-27 14:28:06.223;VU;AS35-AS1-20180127142712
2018-01-27 14:28:07.728;SQ;AS35-AS1-20180127142807
2018-01-27 14:28:17.026;RC;AS35-AS1-20180127142751
2018-01-27 14:28:17.044;RU;AS35-AS1-20180127142731
2018-01-27 14:28:18.679;SS;AS35-AS1-20180127142751
2018-01-27 14:28:19.798;RO;AS35-AS1-20180127142807
2018-01-27 14:28:22.285;SP;AS35-AS1-20180127142807
2018-01-27 14:28:22.963;VU;AS35-AS1-20180127142731
2018-01-27 14:28:23.913;SQ;AS35-AS1-20180127142823
2018-01-27 14:28:31.988;RC;AS35-AS1-20180127142807
2018-01-27 14:28:32.821;SS;AS35-AS1-20180127142807
2018-01-27 14:28:40.696;RU;AS35-AS1-20180127142751
2018-01-27 14:28:41.815;RO;AS35-AS1-20180127142823
2018-01-27 14:28:42.521;VU;AS35-AS1-20180127142751
2018-01-27 14:28:42.759;SP;AS35-AS1-20180127142823
2018-01-27 14:28:44.387;SQ;AS35-AS1-20180127142844
2018-01-27 14:28:52.119;RC;AS35-AS1-20180127142823
2018-01-27 14:28:52.940;SS;AS35-AS1-20180127142823
2018-01-27 14:28:53.290;RU;AS35-AS1-20180127142807
2018-01-27 14:28:55.101;VU;AS35-AS1-20180127142807
2018-01-27 14:29:01.799;RO;AS35-AS1-20180127142844
2018-01-27 14:29:02.713;SP;AS35-AS1-20180127142844
2018-01-27 14:29:04.339;SQ;AS35-AS1-20180127142904
2018-01-27 14:29:08.720;RC;AS35-AS1-20180127142844
2018-01-27 14:29:10.198;SS;AS35-AS1-20180127142844
2018-01-27 14:29:17.209;RU;AS35-AS1-20180127142823
2018-01-27 14:29:19.052;VU;AS35-AS1-20180127142823
2018-01-27 14:29:23.809;RO;AS35-AS1-20180127142904
2018-01-27 14:29:24.671;SP;AS35-AS1-20180127142904
2018-01-27 14:29:28.043;SQ;AS35-AS1-20180127142928
2018-01-27 14:29:32.924;RU;AS35-AS1-20180127142844
2018-01-27 14:29:33.163;RC;AS35-AS1-20180127142904
2018-01-27 14:29:34.535;SS;AS35-AS1-20180127142904
2018-01-27 14:29:35.211;VU;AS35-AS1-20180127142844
2018-01-27 14:29:51.351;RO;AS35-AS1-20180127142928
2018-01-27 14:29:52.382;SP;AS35-AS1-20180127142928
2018-01-27 14:29:53.970;SQ;AS35-AS1-20180127142953
2018-01-27 14:29:58.830;RU;AS35-AS1-20180127142904
2018-01-27 14:30:00.129;RC;AS35-AS1-20180127142928
2018-01-27 14:30:00.659;VU;AS35-AS1-20180127142904
2018-01-27 14:30:00.947;SS;AS35-AS1-20180127142928
2018-01-27 14:30:09.105;RO;AS35-AS1-20180127142953
2018-01-27 14:30:10.306;SP;AS35-AS1-20180127142953
2018-01-27 14:30:11.532;RC;AS35-AS1-20180127142953
2018-01-27 14:30:12.485;SQ;AS35-AS1-20180127143012
2018-01-27 14:30:13.405;SS;AS35-AS1-20180127142953
2018-01-27 14:30:17.019;RU;AS35-AS1-20180127142928
2018-01-27 14:30:18.843;VU;AS35-AS1-20180127142928
2018-01-27 14:30:23.120;RU;AS35-AS1-20180127142953
2018-01-27 14:30:23.233;RO;AS35-AS1-20180127143012
2018-01-27 14:30:24.771;SP;AS35-AS1-20180127143012
2018-01-27 14:30:25.920;RC;AS35-AS1-20180127143012
2018-01-27 14:30:27.020;SS;AS35-AS1-20180127143012
2018-01-27 14:30:33.695;VU;AS35-AS1-20180127142953
2018-01-27 14:30:36.139;RU;AS35-AS1-20180127143012
2018-01-27 14:30:51.644;VU;AS35-AS1-20180127143012
