2018-01-27 14:20:21.932;SQ;AS38-AS1-20180127142021
2018-01-27 14:20:29.085;RO;AS38-AS1-20180127142021
2018-01-27 14:20:30.269;SP;AS38-AS1-20180127142021
2018-01-27 14:20:31.941;SQ;AS38-AS1-20180127142031
2018-01-27 14:20:36.207;RC;AS38-AS1-20180127142021
2018-01-27 14:20:37.057;SS;AS38-AS1-20180127142021
2018-01-27 14:20:46.406;RO;AS38-AS1-20180127142031
2018-01-27 14:20:47.292;SP;AS38-AS1-20180127142031
2018-01-27 14:20:48.928;SQ;AS38-AS1-20180127142048
2018-01-27 14:20:56.067;RC;AS38-AS1-20180127142031
2018-01-27 14:20:56.504;RU;AS38-AS1-20180127142021
2018-01-27 14:20:59.025;SS;AS38-AS1-20180127142031
2018-01-27 14:21:02.196;VU;AS38-AS1-20180127142021
2018-01-27 14:21:06.637;RO;AS38-AS1-20180127142048
2018-01-27 14:21:07.813;SP;AS38-AS1-20180127142048
2018-01-27 14:21:09.504;SQ;AS38-AS1-20180127142109
2018-01-27 14:21:14.797;RC;AS38-AS1-20180127142048
2018-01-27 14:21:16.438;SS;AS38-AS1-20180127142048
2018-01-27 14:21:18.494;RU;AS38-AS1-20180127142031
2018-01-27 14:21:20.298;VU;AS38-AS1-20180127142031
2018-01-27 14:21:25.338;RO;AS38-AS1-20180127142109
2018-01-27 14:21:26.389;SP;AS38-AS1-20180127142109
2018-01-27 14:21:28.043;SQ;AS38-AS1-20180127142128
2018-01-27 14:21:34.292;RC;AS38-AS1-20180127142109
2018-01-27 14:21:35.081;SS;AS38-AS1-20180127142109
2018-01-27 14:21:41.726;RU;AS38-AS1-20180127142048
2018-01-27 14:21:43.551;VU;AS38-AS1-20180127142048
2018-01-27 14:21:49.809;RO;AS38-AS1-20180127142128
2018-01-27 14:21:50.906;SP;AS38-AS1-20180127142128
2018-01-27 14:21:52.609;SQ;AS38-AS1-20180127142152
2018-01-27 14:21:52.928;RU;AS38-AS1-20180127142109
2018-01-27 14:21:54.781;VU;AS38-AS1-20180127142109
2018-01-27 14:22:00.174;RC;AS38-AS1-20180127142128
2018-01-27 14:22:01.000;SS;AS38-AS1-20180127142128
2018-01-27 14:22:10.714;RO;AS38-AS1-20180127142152
2018-01-27 14:22:11.935;SP;AS38-AS1-20180127142152
2018-01-27 14:22:13.594;SQ;AS38-AS1-20180127142213
2018-01-27 14:22:16.764;RC;AS38-AS1-20180127142152
2018-01-27 14:22:16.789;RU;AS38-AS1-20180127142128
2018-01-27 14:22:18.426;SS;AS38-AS1-20180127142152
2018-01-27 14:22:19.641;RO;AS38-AS1-20180127142213
2018-01-27 14:22:22.333;SP;AS38-AS1-20180127142213
2018-01-27 14:22:25.628;SQ;AS38-AS1-20180127142225
2018-01-27 14:22:25.936;VU;AS38-AS1-20180127142128
2018-01-27 14:22:30.338;RC;AS38-AS1-20180127142213
2018-01-27 14:22:31.177;SS;AS38-AS1-20180127142213
2018-01-27 14:22:38.629;RU;AS38-AS1-20180127142152
2018-01-27 14:22:40.016;RO;AS38-AS1-20180127142225
2018-01-27 14:22:41.945;SP;AS38-AS1-20180127142225
2018-01-27 14:22:44.250;VU;AS38-AS1-20180127142152
2018-01-27 14:22:44.267;SQ;AS38-AS1-20180127142244
2018-01-27 14:22:49.534;RU;AS38-AS1-20180127142213
2018-01-27 14:22:51.008;RC;AS38-AS1-20180127142225
2018-01-27 14:22:52.328;SS;AS38-AS1-20180127142225
2018-01-27 14:22:56.174;VU;AS38-AS1-20180127142213
2018-01-27 14:22:59.433;RO;AS38-AS1-20180127142244
2018-01-27 14:23:00.644;SP;AS38-AS1-20180127142244
2018-01-27 14:23:02.363;SQ;AS38-AS1-20180127142302
2018-01-27 14:23:10.814;RC;AS38-AS1-20180127142244
2018-01-27 14:23:12.694;SS;AS38-AS1-20180127142244
2018-01-27 14:23:13.283;RU;AS38-AS1-20180127142225
2018-01-27 14:23:15.141;VU;AS38-AS1-20180127142225
2018-01-27 14:23:21.755;RO;AS38-AS1-20180127142302
2018-01-27 14:23:22.760;SP;AS38-AS1-20180127142302
2018-01-27 14:23:24.475;SQ;AS38-AS1-20180127142324
2018-01-27 14:23:27.506;RC;AS38-AS1-20180127142302
2018-01-27 14:23:29.376;SS;AS38-AS1-20180127142302
2018-01-27 14:23:37.869;RU;AS38-AS1-20180127142244
2018-01-27 14:23:39.718;VU;AS38-AS1-20180127142244
2018-01-27 14:23:42.436;RO;AS38-AS1-20180127142324
2018-01-27 14:23:43.361;SP;AS38-AS1-20180127142324
2018-01-27 14:23:45.103;SQ;AS38-AS1-20180127142345
2018-01-27 14:23:50.825;RU;AS38-AS1-20180127142302
2018-01-27 14:23:51.940;RC;AS38-AS1-20180127142324
2018-01-27 14:23:54.244;SS;AS38-AS1-20180127142324
2018-01-27 14:23:56.729;VU;AS38-AS1-20180127142302
2018-01-27 14:24:02.926;RO;AS38-AS1-20180127142345
2018-01-27 14:24:03.987;SP;AS38-AS1-20180127142345
2018-01-27 14:24:05.634;SQ;AS38-AS1-20180127142405
2018-01-27 14:24:12.659;RC;AS38-AS1-20180127142345
2018-01-27 14:24:14.536;SS;AS38-AS1-20180127142345
2018-01-27 14:24:14.698;RU;AS38-AS1-20180127142324
2018-01-27 14:24:16.534;VU;AS38-AS1-20180127142324
2018-01-27 14:24:24.026;RO;AS38-AS1-20180127142405
2018-01-27 14:24:25.033;SP;AS38-AS1-20180127142405
2018-01-27 14:24:26.737;SQ;AS38-AS1-20180127142426
2018-01-27 14:24:38.614;RC;AS38-AS1-20180127142405
2018-01-27 14:24:39.446;SS;AS38-AS1-20180127142405
2018-01-27 14:24:39.898;RU;AS38-AS1-20180127142345
2018-01-27 14:24:41.753;VU;AS38-AS1-20180127142345
2018-01-27 14:24:43.807;RO;AS38-AS1-20180127142426
2018-01-27 14:24:45.087;SP;AS38-AS1-20180127142426
2018-01-27 14:24:48.138;SQ;AS38-AS1-20180127142448
2018-01-27 14:24:54.570;RC;AS38-AS1-20180127142426
2018-01-27 14:24:55.392;SS;AS38-AS1-20180127142426
2018-01-27 14:24:59.405;RU;AS38-AS1-20180127142405
2018-01-27 14:25:03.510;VU;AS38-AS1-20180127142405
2018-01-27 14:25:05.597;RO;AS38-AS1-20180127142448
2018-01-27 14:25:06.512;SP;AS38-AS1-20180127142448
2018-01-27 14:25:08.169;SQ;AS38-AS1-20180127142508
2018-01-27 14:25:08.958;RC;AS38-AS1-20180127142448
2018-01-27 14:25:09.777;SS;AS38-AS1-20180127142448
2018-01-27 14:25:18.804;RU;AS38-AS1-20180127142426
2018-01-27 14:25:20.640;VU;AS38-AS1-20180127142426
2018-01-27 14:25:29.247;RO;AS38-AS1-20180127142508
2018-01-27 14:25:29.545;RU;AS38-AS1-20180127142448
2018-01-27 14:25:31.217;SP;AS38-AS1-20180127142508
2018-01-27 14:25:33.675;SQ;AS38-AS1-20180127142533
2018-01-27 14:25:39.217;VU;AS38-AS1-20180127142448
2018-01-27 14:25:41.214;RC;AS38-AS1-20180127142508
2018-01-27 14:25:41.997;SS;AS38-AS1-20180127142508
2018-01-27 14:25:49.541;RO;AS38-AS1-20180127142533
2018-01-27 14:25:50.507;SP;AS38-AS1-20180127142533
2018-01-27 14:25:53.432;SQ;AS38-AS1-20180127142553
2018-01-27 14:25:57.946;RU;AS38-AS1-20180127142508
2018-01-27 14:25:59.778;VU;AS38-AS1-20180127142508
2018-01-27 14:26:04.529;RC;AS38-AS1-20180127142533
2018-01-27 14:26:05.347;SS;AS38-AS1-20180127142533
2018-01-27 14:26:07.113;RO;AS38-AS1-20180127142553
2018-01-27 14:26:08.301;SP;AS38-AS1-20180127142553
2018-01-27 14:26:10.027;SQ;AS38-AS1-20180127142610
2018-01-27 14:26:15.695;RC;AS38-AS1-20180127142553
2018-01-27 14:26:16.526;SS;AS38-AS1-20180127142553
2018-01-27 14:26:26.367;RO;AS38-AS1-20180127142610
2018-01-27 14:26:27.293;RU;AS38-AS1-20180127142533
2018-01-27 14:26:28.679;SP;AS38-AS1-20180127142610
2018-01-27 14:26:30.475;VU;AS38-AS1-20180127142533
2018-01-27 14:26:30.783;SQ;AS38-AS1-20180127142630
2018-01-27 14:26:36.894;RU;AS38-AS1-20180127142553
2018-01-27 14:26:37.819;RC;AS38-AS1-20180127142610
2018-01-27 14:26:38.679;SS;AS38-AS1-20180127142610
2018-01-27 14:26:38.713;VU;AS38-AS1-20180127142553
2018-01-27 14:26:49.915;RO;AS38-AS1-20180127142630
2018-01-27 14:26:51.153;SP;AS38-AS1-20180127142630
2018-01-27 14:26:52.845;SQ;AS38-AS1-20180127142652
2018-01-27 14:26:58.700;RC;AS38-AS1-20180127142630
2018-01-27 14:27:00.449;SS;AS38-AS1-20180127142630
2018-01-27 14:27:08.968;RU;AS38-AS1-20180127142610
2018-01-27 14:27:10.774;VU;AS38-AS1-20180127142610
2018-01-27 14:27:12.133;RO;AS38-AS1-20180127142652
2018-01-27 14:27:13.190;SP;AS38-AS1-20180127142652
2018-01-27 14:27:14.829;SQ;AS38-AS1-20180127142714
2018-01-27 14:27:24.777;RU;AS38-AS1-20180127142630
2018-01-27 14:27:25.122;RC;AS38-AS1-20180127142652
2018-01-27 14:27:25.334;RO;AS38-AS1-20180127142714
2018-01-27 14:27:27.135;SS;AS38-AS1-20180127142652
2018-01-27 14:27:27.226;VU;AS38-AS1-20180127142630
2018-01-27 14:27:27.262;SP;AS38-AS1-20180127142714
2018-01-27 14:27:28.863;SQ;AS38-AS1-20180127142728
2018-01-27 14:27:35.629;RC;AS38-AS1-20180127142714
2018-01-27 14:27:36.444;SS;AS38-AS1-20180127142714
2018-01-27 14:27:47.564;RO;AS38-AS1-20180127142728
2018-01-27 14:27:49.614;SP;AS38-AS1-20180127142728
2018-01-27 14:27:50.343;RU;AS38-AS1-20180127142652
2018-01-27 14:27:52.090;SQ;AS38-AS1-20180127142752
2018-01-27 14:27:52.961;VU;AS38-AS1-20180127142652
2018-01-27 14:27:56.407;RU;AS38-AS1-20180127142714
2018-01-27 14:27:56.829;RC;AS38-AS1-20180127142728
2018-01-27 14:27:58.060;SS;AS38-AS1-20180127142728
2018-01-27 14:27:58.579;VU;AS38-AS1-20180127142714
2018-01-27 14:28:02.944;RO;AS38-AS1-20180127142752
2018-01-27 14:28:04.753;SP;AS38-AS1-20180127142752
2018-01-27 14:28:06.636;SQ;AS38-AS1-20180127142806
2018-01-27 14:28:16.120;RC;AS38-AS1-20180127142752
2018-01-27 14:28:16.565;RU;AS38-AS1-20180127142728
2018-01-27 14:28:17.220;SS;AS38-AS1-20180127142752
2018-01-27 14:28:19.042;RO;AS38-AS1-20180127142806
2018-01-27 14:28:21.999;SP;AS38-AS1-20180127142806
2018-01-27 14:28:24.865;SQ;AS38-AS1-20180127142824
2018-01-27 14:28:25.555;VU;AS38-AS1-20180127142728
2018-01-27 14:28:29.444;RC;AS38-AS1-20180127142806
2018-01-27 14:28:30.238;SS;AS38-AS1-20180127142806
2018-01-27 14:28:32.336;RU;AS38-AS1-20180127142752
2018-01-27 14:28:36.948;VU;AS38-AS1-20180127142752
2018-01-27 14:28:42.174;RO;AS38-AS1-20180127142824
2018-01-27 14:28:43.228;SP;AS38-AS1-20180127142824
2018-01-27 14:28:44.862;SQ;AS38-AS1-20180127142844
2018-01-27 14:28:51.919;RC;AS38-AS1-20180127142824
2018-01-27 14:28:52.733;SS;AS38-AS1-20180127142824
2018-01-27 14:28:52.823;RU;AS38-AS1-20180127142806
2018-01-27 14:28:54.644;VU;AS38-AS1-20180127142806
2018-01-27 14:29:00.838;RO;AS38-AS1-20180127142844
2018-01-27 14:29:01.737;SP;AS38-AS1-20180127142844
2018-01-27 14:29:03.420;SQ;AS38-AS1-20180127142903
2018-01-27 14:29:04.035;RC;AS38-AS1-20180127142844
2018-01-27 14:29:04.837;SS;AS38-AS1-20180127142844
2018-01-27 14:29:17.365;RU;AS38-AS1-20180127142824
2018-01-27 14:29:19.203;VU;AS38-AS1-20180127142824
2018-01-27 14:29:20.884;RO;AS38-AS1-20180127142903
2018-01-27 14:29:21.780;SP;AS38-AS1-20180127142903
2018-01-27 14:29:23.455;SQ;AS38-AS1-20180127142923
2018-01-27 14:29:28.345;RU;AS38-AS1-20180127142844
2018-01-27 14:29:30.182;VU;AS38-AS1-20180127142844
2018-01-27 14:29:32.956;RC;AS38-AS1-20180127142903
2018-01-27 14:29:33.784;SS;AS38-AS1-20180127142903
2018-01-27 14:29:41.364;RO;AS38-AS1-20180127142923
2018-01-27 14:29:42.310;SP;AS38-AS1-20180127142923
2018-01-27 14:29:43.991;SQ;AS38-AS1-20180127142943
2018-01-27 14:29:45.495;RC;AS38-AS1-20180127142923
2018-01-27 14:29:46.325;SS;AS38-AS1-20180127142923
2018-01-27 14:29:50.575;RU;AS38-AS1-20180127142903
2018-01-27 14:29:59.060;RO;AS38-AS1-20180127142943
2018-01-27 14:30:00.830;SP;AS38-AS1-20180127142943
2018-01-27 14:30:01.250;VU;AS38-AS1-20180127142903
2018-01-27 14:30:09.107;RC;AS38-AS1-20180127142943
2018-01-27 14:30:09.125;RU;AS38-AS1-20180127142923
2018-01-27 14:30:10.837;SS;AS38-AS1-20180127142943
2018-01-27 14:30:11.841;VU;AS38-AS1-20180127142923
2018-01-27 14:30:23.167;RU;AS38-AS1-20180127142943
2018-01-27 14:30:33.267;VU;AS38-AS1-20180127142943
