2018-01-27 14:20:23.103;SQ;AS39-AS1-20180127142023
2018-01-27 14:20:31.948;RO;AS39-AS1-20180127142023
2018-01-27 14:20:32.952;SP;AS39-AS1-20180127142023
2018-01-27 14:20:34.640;SQ;AS39-AS1-20180127142034
2018-01-27 14:20:39.632;RC;AS39-AS1-20180127142023
2018-01-27 14:20:41.218;SS;AS39-AS1-20180127142023
2018-01-27 14:20:49.667;RO;AS39-AS1-20180127142034
2018-01-27 14:20:50.999;SP;AS39-AS1-20180127142034
2018-01-27 14:20:52.740;SQ;AS39-AS1-20180127142052
2018-01-27 14:21:00.575;RU;AS39-AS1-20180127142023
2018-01-27 14:21:02.449;VU;AS39-AS1-20180127142023
2018-01-27 14:21:06.419;RC;AS39-AS1-20180127142034
2018-01-27 14:21:07.254;SS;AS39-AS1-20180127142034
2018-01-27 14:21:08.030;RO;AS39-AS1-20180127142052
2018-01-27 14:21:09.096;SP;AS39-AS1-20180127142052
2018-01-27 14:21:10.769;SQ;AS39-AS1-20180127142110
2018-01-27 14:21:18.126;RC;AS39-AS1-20180127142052
2018-01-27 14:21:18.959;SS;AS39-AS1-20180127142052
2018-01-27 14:21:24.589;RU;AS39-AS1-20180127142034
2018-01-27 14:21:26.456;VU;AS39-AS1-20180127142034
2018-01-27 14:21:31.952;RO;AS39-AS1-20180127142110
2018-01-27 14:21:33.136;SP;AS39-AS1-20180127142110
2018-01-27 14:21:34.832;SQ;AS39-AS1-20180127142134
2018-01-27 14:21:41.784;RU;AS39-AS1-20180127142052
2018-01-27 14:21:42.337;RC;AS39-AS1-20180127142110
2018-01-27 14:21:43.500;SS;AS39-AS1-20180127142110
2018-01-27 14:21:43.914;VU;AS39-AS1-20180127142052
2018-01-27 14:21:49.811;RO;AS39-AS1-20180127142134
2018-01-27 14:21:50.686;SP;AS39-AS1-20180127142134
2018-01-27 14:21:52.394;SQ;AS39-AS1-20180127142152
2018-01-27 14:21:58.235;RC;AS39-AS1-20180127142134
2018-01-27 14:21:59.095;SS;AS39-AS1-20180127142134
2018-01-27 14:22:04.792;RU;AS39-AS1-20180127142110
2018-01-27 14:22:09.513;VU;AS39-AS1-20180127142110
2018-01-27 14:22:16.687;RO;AS39-AS1-20180127142152
2018-01-27 14:22:16.798;RU;AS39-AS1-20180127142134
2018-01-27 14:22:18.511;SP;AS39-AS1-20180127142152
2018-01-27 14:22:22.550;SQ;AS39-AS1-20180127142222
2018-01-27 14:22:25.362;VU;AS39-AS1-20180127142134
2018-01-27 14:22:27.169;RC;AS39-AS1-20180127142152
2018-01-27 14:22:27.999;SS;AS39-AS1-20180127142152
2018-01-27 14:22:38.635;RO;AS39-AS1-20180127142222
2018-01-27 14:22:40.738;SP;AS39-AS1-20180127142222
2018-01-27 14:22:42.712;SQ;AS39-AS1-20180127142242
2018-01-27 14:22:48.656;RU;AS39-AS1-20180127142152
2018-01-27 14:22:50.490;VU;AS39-AS1-20180127142152
2018-01-27 14:22:50.621;RC;AS39-AS1-20180127142222
2018-01-27 14:22:51.454;SS;AS39-AS1-20180127142222
2018-01-27 14:22:58.357;RO;AS39-AS1-20180127142242
2018-01-27 14:22:59.590;SP;AS39-AS1-20180127142242
2018-01-27 14:23:01.277;SQ;AS39-AS1-20180127142301
2018-01-27 14:23:07.027;RC;AS39-AS1-20180127142242
2018-01-27 14:23:07.861;SS;AS39-AS1-20180127142242
2018-01-27 14:23:13.242;RU;AS39-AS1-20180127142222
2018-01-27 14:23:15.104;VU;AS39-AS1-20180127142222
2018-01-27 14:23:21.745;RO;AS39-AS1-20180127142301
2018-01-27 14:23:22.640;SP;AS39-AS1-20180127142301
2018-01-27 14:23:24.300;SQ;AS39-AS1-20180127142324
2018-01-27 14:23:27.711;RC;AS39-AS1-20180127142301
2018-01-27 14:23:29.506;SS;AS39-AS1-20180127142301
2018-01-27 14:23:38.187;RU;AS39-AS1-20180127142242
2018-01-27 14:23:40.026;VU;AS39-AS1-20180127142242
2018-01-27 14:23:43.406;RO;AS39-AS1-20180127142324
2018-01-27 14:23:44.686;SP;AS39-AS1-20180127142324
2018-01-27 14:23:46.380;SQ;AS39-AS1-20180127142346
2018-01-27 14:23:49.318;RU;AS39-AS1-20180127142301
2018-01-27 14:23:53.706;RC;AS39-AS1-20180127142324
2018-01-27 14:23:55.507;SS;AS39-AS1-20180127142324
2018-01-27 14:23:56.708;VU;AS39-AS1-20180127142301
2018-01-27 14:24:04.127;RO;AS39-AS1-20180127142346
2018-01-27 14:24:05.248;SP;AS39-AS1-20180127142346
2018-01-27 14:24:06.937;SQ;AS39-AS1-20180127142406
2018-01-27 14:24:14.060;RC;AS39-AS1-20180127142346
2018-01-27 14:24:14.900;SS;AS39-AS1-20180127142346
2018-01-27 14:24:16.860;RU;AS39-AS1-20180127142324
2018-01-27 14:24:18.695;VU;AS39-AS1-20180127142324
2018-01-27 14:24:24.206;RO;AS39-AS1-20180127142406
2018-01-27 14:24:25.302;SP;AS39-AS1-20180127142406
2018-01-27 14:24:27.006;SQ;AS39-AS1-20180127142427
2018-01-27 14:24:35.897;RC;AS39-AS1-20180127142406
2018-01-27 14:24:36.753;SS;AS39-AS1-20180127142406
2018-01-27 14:24:37.856;RU;AS39-AS1-20180127142346
2018-01-27 14:24:39.707;VU;AS39-AS1-20180127142346
2018-01-27 14:24:46.353;RO;AS39-AS1-20180127142427
2018-01-27 14:24:48.061;SP;AS39-AS1-20180127142427
2018-01-27 14:24:49.743;SQ;AS39-AS1-20180127142449
2018-01-27 14:24:54.771;RC;AS39-AS1-20180127142427
2018-01-27 14:24:55.601;SS;AS39-AS1-20180127142427
2018-01-27 14:24:55.825;RU;AS39-AS1-20180127142406
2018-01-27 14:24:57.665;VU;AS39-AS1-20180127142406
2018-01-27 14:25:07.058;RO;AS39-AS1-20180127142449
2018-01-27 14:25:08.099;SP;AS39-AS1-20180127142449
2018-01-27 14:25:09.752;SQ;AS39-AS1-20180127142509
2018-01-27 14:25:17.828;RC;AS39-AS1-20180127142449
2018-01-27 14:25:18.557;RU;AS39-AS1-20180127142427
2018-01-27 14:25:19.623;SS;AS39-AS1-20180127142449
2018-01-27 14:25:21.034;VU;AS39-AS1-20180127142427
2018-01-27 14:25:29.606;RO;AS39-AS1-20180127142509
2018-01-27 14:25:30.617;SP;AS39-AS1-20180127142509
2018-01-27 14:25:32.310;SQ;AS39-AS1-20180127142532
2018-01-27 14:25:33.997;RC;AS39-AS1-20180127142509
2018-01-27 14:25:35.777;SS;AS39-AS1-20180127142509
2018-01-27 14:25:41.468;RU;AS39-AS1-20180127142449
2018-01-27 14:25:43.304;VU;AS39-AS1-20180127142449
2018-01-27 14:25:46.882;RO;AS39-AS1-20180127142532
2018-01-27 14:25:48.182;SP;AS39-AS1-20180127142532
2018-01-27 14:25:49.889;SQ;AS39-AS1-20180127142549
2018-01-27 14:25:52.946;RU;AS39-AS1-20180127142509
2018-01-27 14:25:53.759;RC;AS39-AS1-20180127142532
2018-01-27 14:25:55.112;SS;AS39-AS1-20180127142532
2018-01-27 14:25:55.686;VU;AS39-AS1-20180127142509
2018-01-27 14:26:04.757;RO;AS39-AS1-20180127142549
2018-01-27 14:26:05.763;SP;AS39-AS1-20180127142549
2018-01-27 14:26:08.438;SQ;AS39-AS1-20180127142608
2018-01-27 14:26:12.854;RC;AS39-AS1-20180127142549
2018-01-27 14:26:13.709;SS;AS39-AS1-20180127142549
2018-01-27 14:26:22.941;RU;AS39-AS1-20180127142532
2018-01-27 14:26:24.778;VU;AS39-AS1-20180127142532
2018-01-27 14:26:26.638;RO;AS39-AS1-20180127142608
2018-01-27 14:26:28.298;SP;AS39-AS1-20180127142608
2018-01-27 14:26:29.988;SQ;AS39-AS1-20180127142629
2018-01-27 14:26:36.760;RU;AS39-AS1-20180127142549
2018-01-27 14:26:37.005;RC;AS39-AS1-20180127142608
2018-01-27 14:26:38.476;SS;AS39-AS1-20180127142608
2018-01-27 14:26:39.192;VU;AS39-AS1-20180127142549
2018-01-27 14:26:49.878;RO;AS39-AS1-20180127142629
2018-01-27 14:26:50.839;SP;AS39-AS1-20180127142629
2018-01-27 14:26:52.512;SQ;AS39-AS1-20180127142652
2018-01-27 14:26:54.616;RC;AS39-AS1-20180127142629
2018-01-27 14:26:55.451;SS;AS39-AS1-20180127142629
2018-01-27 14:27:08.512;RU;AS39-AS1-20180127142608
2018-01-27 14:27:08.983;RU;AS39-AS1-20180127142629
2018-01-27 14:27:10.665;VU;AS39-AS1-20180127142608
2018-01-27 14:27:11.736;RO;AS39-AS1-20180127142652
2018-01-27 14:27:12.919;SP;AS39-AS1-20180127142652
2018-01-27 14:27:15.482;SQ;AS39-AS1-20180127142715
2018-01-27 14:27:25.111;RC;AS39-AS1-20180127142652
2018-01-27 14:27:25.977;SS;AS39-AS1-20180127142652
2018-01-27 14:27:29.813;RO;AS39-AS1-20180127142715
2018-01-27 14:27:31.862;SP;AS39-AS1-20180127142715
2018-01-27 14:27:34.756;SQ;AS39-AS1-20180127142734
2018-01-27 14:27:39.403;RC;AS39-AS1-20180127142715
2018-01-27 14:27:40.519;SS;AS39-AS1-20180127142715
2018-01-27 14:27:46.402;RU;AS39-AS1-20180127142652
2018-01-27 14:27:52.881;VU;AS39-AS1-20180127142652
2018-01-27 14:27:56.406;RO;AS39-AS1-20180127142734
2018-01-27 14:27:58.273;SP;AS39-AS1-20180127142734
2018-01-27 14:27:59.779;RU;AS39-AS1-20180127142715
2018-01-27 14:28:01.450;SQ;AS39-AS1-20180127142801
2018-01-27 14:28:07.198;RC;AS39-AS1-20180127142734
2018-01-27 14:28:08.834;SS;AS39-AS1-20180127142734
2018-01-27 14:28:08.891;VU;AS39-AS1-20180127142715
2018-01-27 14:28:17.586;RO;AS39-AS1-20180127142801
2018-01-27 14:28:20.196;SP;AS39-AS1-20180127142801
2018-01-27 14:28:24.140;SQ;AS39-AS1-20180127142824
2018-01-27 14:28:26.015;RC;AS39-AS1-20180127142801
2018-01-27 14:28:27.206;SS;AS39-AS1-20180127142801
2018-01-27 14:28:30.560;RU;AS39-AS1-20180127142734
2018-01-27 14:28:39.849;VU;AS39-AS1-20180127142734
2018-01-27 14:28:42.782;RO;AS39-AS1-20180127142824
2018-01-27 14:28:44.416;SP;AS39-AS1-20180127142824
2018-01-27 14:28:46.848;SQ;AS39-AS1-20180127142846
2018-01-27 14:28:47.523;RU;AS39-AS1-20180127142801
2018-01-27 14:28:54.224;RC;AS39-AS1-20180127142824
2018-01-27 14:28:55.058;VU;AS39-AS1-20180127142801
2018-01-27 14:28:55.633;SS;AS39-AS1-20180127142824
2018-01-27 14:29:02.595;RO;AS39-AS1-20180127142846
2018-01-27 14:29:03.799;SP;AS39-AS1-20180127142846
2018-01-27 14:29:06.283;SQ;AS39-AS1-20180127142906
2018-01-27 14:29:11.021;RC;AS39-AS1-20180127142846
2018-01-27 14:29:12.573;SS;AS39-AS1-20180127142846
2018-01-27 14:29:17.705;RU;AS39-AS1-20180127142824
2018-01-27 14:29:19.779;VU;AS39-AS1-20180127142824
2018-01-27 14:29:23.852;RO;AS39-AS1-20180127142906
2018-01-27 14:29:26.420;SP;AS39-AS1-20180127142906
2018-01-27 14:29:30.262;SQ;AS39-AS1-20180127142930
2018-01-27 14:29:32.818;RU;AS39-AS1-20180127142846
2018-01-27 14:29:34.053;RC;AS39-AS1-20180127142906
2018-01-27 14:29:35.001;VU;AS39-AS1-20180127142846
2018-01-27 14:29:35.386;SS;AS39-AS1-20180127142906
2018-01-27 14:29:45.162;RO;AS39-AS1-20180127142930
2018-01-27 14:29:46.508;SP;AS39-AS1-20180127142930
2018-01-27 14:29:48.868;SQ;AS39-AS1-20180127142948
2018-01-27 14:29:55.869;RC;AS39-AS1-20180127142930
2018-01-27 14:29:58.372;SS;AS39-AS1-20180127142930
2018-01-27 14:29:58.396;RU;AS39-AS1-20180127142906
2018-01-27 14:30:03.659;VU;AS39-AS1-20180127142906
2018-01-27 14:30:08.927;RO;AS39-AS1-20180127142948
2018-01-27 14:30:10.247;SP;AS39-AS1-20180127142948
2018-01-27 14:30:11.643;RC;AS39-AS1-20180127142948
2018-01-27 14:30:16.069;RU;AS39-AS1-20180127142930
2018-01-27 14:30:16.386;SQ;AS39-AS1-20180127143016
2018-01-27 14:30:16.386;SS;AS39-AS1-20180127142948
2018-01-27 14:30:18.462;VU;AS39-AS1-20180127142930
2018-01-27 14:30:25.349;RO;AS39-AS1-20180127143016
2018-01-27 14:30:27.069;SP;AS39-AS1-20180127143016
2018-01-27 14:30:30.768;SQ;AS39-AS1-20180127143030
2018-01-27 14:30:31.515;RU;AS39-AS1-20180127142948
2018-01-27 14:30:31.812;RC;AS39-AS1-20180127143016
2018-01-27 14:30:33.232;RO;AS39-AS1-20180127143030
2018-01-27 14:30:35.094;SS;AS39-AS1-20180127143016
2018-01-27 14:30:35.493;VU;AS39-AS1-20180127142948
2018-01-27 14:30:35.633;SP;AS39-AS1-20180127143030
2018-01-27 14:30:37.022;RC;AS39-AS1-20180127143030
2018-01-27 14:30:37.951;SS;AS39-AS1-20180127143030
2018-01-27 14:30:40.133;RU;AS39-AS1-20180127143016
2018-01-27 14:30:42.236;RU;AS39-AS1-20180127143030
2018-01-27 14:30:51.685;VU;AS39-AS1-20180127143030
2018-01-27 14:30:53.036;VU;AS39-AS1-20180127143016
