2018-01-27 14:20:20.060;SQ;AS40-AS1-20180127142020
2018-01-27 14:20:21.722;RO;AS40-AS1-20180127142020
2018-01-27 14:20:22.834;SP;AS40-AS1-20180127142020
2018-01-27 14:20:24.357;SQ;AS40-AS1-20180127142024
2018-01-27 14:20:26.407;RC;AS40-AS1-20180127142020
2018-01-27 14:20:27.190;SS;AS40-AS1-20180127142020
2018-01-27 14:20:33.932;RO;AS40-AS1-20180127142024
2018-01-27 14:20:35.156;SP;AS40-AS1-20180127142024
2018-01-27 14:20:36.743;SQ;AS40-AS1-20180127142036
2018-01-27 14:20:41.976;RC;AS40-AS1-20180127142024
2018-01-27 14:20:42.614;RU;AS40-AS1-20180127142020
2018-01-27 14:20:42.899;SS;AS40-AS1-20180127142024
2018-01-27 14:20:44.573;VU;AS40-AS1-20180127142020
2018-01-27 14:20:53.743;RO;AS40-AS1-20180127142036
2018-01-27 14:20:54.554;SP;AS40-AS1-20180127142036
2018-01-27 14:20:56.326;SQ;AS40-AS1-20180127142056
2018-01-27 14:21:00.295;RU;AS40-AS1-20180127142024
2018-01-27 14:21:02.083;VU;AS40-AS1-20180127142024
2018-01-27 14:21:06.537;RC;AS40-AS1-20180127142036
2018-01-27 14:21:07.326;SS;AS40-AS1-20180127142036
2018-01-27 14:21:08.007;RO;AS40-AS1-20180127142056
2018-01-27 14:21:09.121;SP;AS40-AS1-20180127142056
2018-01-27 14:21:10.693;SQ;AS40-AS1-20180127142110
2018-01-27 14:21:17.879;RC;AS40-AS1-20180127142056
2018-01-27 14:21:18.646;SS;AS40-AS1-20180127142056
2018-01-27 14:21:25.672;RU;AS40-AS1-20180127142036
2018-01-27 14:21:27.468;VU;AS40-AS1-20180127142036
2018-01-27 14:21:31.659;RO;AS40-AS1-20180127142110
2018-01-27 14:21:32.506;SP;AS40-AS1-20180127142110
2018-01-27 14:21:34.098;SQ;AS40-AS1-20180127142134
2018-01-27 14:21:41.724;RU;AS40-AS1-20180127142056
2018-01-27 14:21:42.445;RC;AS40-AS1-20180127142110
2018-01-27 14:21:43.285;SS;AS40-AS1-20180127142110
2018-01-27 14:21:43.562;VU;AS40-AS1-20180127142056
2018-01-27 14:21:50.041;RO;AS40-AS1-20180127142134
2018-01-27 14:21:50.907;SP;AS40-AS1-20180127142134
2018-01-27 14:21:52.476;SQ;AS40-AS1-20180127142152
2018-01-27 14:21:58.787;RC;AS40-AS1-20180127142134
2018-01-27 14:21:59.576;SS;AS40-AS1-20180127142134
2018-01-27 14:22:03.797;RU;AS40-AS1-20180127142110
2018-01-27 14:22:08.232;VU;AS40-AS1-20180127142110
2018-01-27 14:22:10.353;RO;AS40-AS1-20180127142152
2018-01-27 14:22:11.321;SP;AS40-AS1-20180127142152
2018-01-27 14:22:12.943;SQ;AS40-AS1-20180127142212
2018-01-27 14:22:16.734;RC;AS40-AS1-20180127142152
2018-01-27 14:22:16.784;RU;AS40-AS1-20180127142134
2018-01-27 14:22:18.321;SS;AS40-AS1-20180127142152
2018-01-27 14:22:19.339;RO;AS40-AS1-20180127142212
2018-01-27 14:22:22.061;SP;AS40-AS1-20180127142212
2018-01-27 14:22:25.257;SQ;AS40-AS1-20180127142225
2018-01-27 14:22:25.930;VU;AS40-AS1-20180127142134
2018-01-27 14:22:28.405;RC;AS40-AS1-20180127142212
2018-01-27 14:22:29.202;SS;AS40-AS1-20180127142212
2018-01-27 14:22:38.993;RU;AS40-AS1-20180127142152
2018-01-27 14:22:40.706;RO;AS40-AS1-20180127142225
2018-01-27 14:22:41.597;SP;AS40-AS1-20180127142225
2018-01-27 14:22:44.024;SQ;AS40-AS1-20180127142244
2018-01-27 14:22:44.209;VU;AS40-AS1-20180127142152
2018-01-27 14:22:48.963;RU;AS40-AS1-20180127142212
2018-01-27 14:22:48.983;RC;AS40-AS1-20180127142225
2018-01-27 14:22:50.548;SS;AS40-AS1-20180127142225
2018-01-27 14:22:57.741;VU;AS40-AS1-20180127142212
2018-01-27 14:22:59.201;RO;AS40-AS1-20180127142244
2018-01-27 14:23:00.340;SP;AS40-AS1-20180127142244
2018-01-27 14:23:01.913;SQ;AS40-AS1-20180127142301
2018-01-27 14:23:07.918;RC;AS40-AS1-20180127142244
2018-01-27 14:23:08.705;SS;AS40-AS1-20180127142244
2018-01-27 14:23:11.673;RU;AS40-AS1-20180127142225
2018-01-27 14:23:13.590;VU;AS40-AS1-20180127142225
2018-01-27 14:23:21.185;RO;AS40-AS1-20180127142301
2018-01-27 14:23:22.224;SP;AS40-AS1-20180127142301
2018-01-27 14:23:23.775;SQ;AS40-AS1-20180127142323
2018-01-27 14:23:23.837;RC;AS40-AS1-20180127142301
2018-01-27 14:23:24.602;SS;AS40-AS1-20180127142301
2018-01-27 14:23:37.449;RU;AS40-AS1-20180127142244
2018-01-27 14:23:39.258;VU;AS40-AS1-20180127142244
2018-01-27 14:23:42.091;RO;AS40-AS1-20180127142323
2018-01-27 14:23:43.094;SP;AS40-AS1-20180127142323
2018-01-27 14:23:44.675;SQ;AS40-AS1-20180127142344
2018-01-27 14:23:47.419;RU;AS40-AS1-20180127142301
2018-01-27 14:23:51.389;RC;AS40-AS1-20180127142323
2018-01-27 14:23:54.068;SS;AS40-AS1-20180127142323
2018-01-27 14:23:56.516;VU;AS40-AS1-20180127142301
2018-01-27 14:24:01.816;RO;AS40-AS1-20180127142344
2018-01-27 14:24:02.993;SP;AS40-AS1-20180127142344
2018-01-27 14:24:04.644;SQ;AS40-AS1-20180127142404
2018-01-27 14:24:11.927;RC;AS40-AS1-20180127142344
2018-01-27 14:24:12.209;RU;AS40-AS1-20180127142323
2018-01-27 14:24:14.798;SS;AS40-AS1-20180127142344
2018-01-27 14:24:17.859;VU;AS40-AS1-20180127142323
2018-01-27 14:24:23.928;RO;AS40-AS1-20180127142404
2018-01-27 14:24:24.982;SP;AS40-AS1-20180127142404
2018-01-27 14:24:26.568;SQ;AS40-AS1-20180127142426
2018-01-27 14:24:28.903;RC;AS40-AS1-20180127142404
2018-01-27 14:24:30.653;SS;AS40-AS1-20180127142404
2018-01-27 14:24:38.852;RU;AS40-AS1-20180127142344
2018-01-27 14:24:40.637;VU;AS40-AS1-20180127142344
2018-01-27 14:24:45.946;RO;AS40-AS1-20180127142426
2018-01-27 14:24:47.652;SP;AS40-AS1-20180127142426
2018-01-27 14:24:49.504;SQ;AS40-AS1-20180127142449
2018-01-27 14:24:50.255;RU;AS40-AS1-20180127142404
2018-01-27 14:24:52.039;VU;AS40-AS1-20180127142404
2018-01-27 14:24:55.600;RC;AS40-AS1-20180127142426
2018-01-27 14:24:56.416;SS;AS40-AS1-20180127142426
2018-01-27 14:25:05.559;RO;AS40-AS1-20180127142449
2018-01-27 14:25:06.843;SP;AS40-AS1-20180127142449
2018-01-27 14:25:08.449;SQ;AS40-AS1-20180127142508
2018-01-27 14:25:13.175;RC;AS40-AS1-20180127142449
2018-01-27 14:25:13.975;SS;AS40-AS1-20180127142449
2018-01-27 14:25:20.088;RU;AS40-AS1-20180127142426
2018-01-27 14:25:21.877;VU;AS40-AS1-20180127142426
2018-01-27 14:25:29.122;RO;AS40-AS1-20180127142508
2018-01-27 14:25:29.617;RU;AS40-AS1-20180127142449
2018-01-27 14:25:30.896;SP;AS40-AS1-20180127142508
2018-01-27 14:25:32.931;SQ;AS40-AS1-20180127142532
2018-01-27 14:25:36.289;RC;AS40-AS1-20180127142508
2018-01-27 14:25:37.745;SS;AS40-AS1-20180127142508
2018-01-27 14:25:39.189;VU;AS40-AS1-20180127142449
2018-01-27 14:25:52.919;RU;AS40-AS1-20180127142508
2018-01-27 14:25:55.002;VU;AS40-AS1-20180127142508
2018-01-27 14:25:57.308;RO;AS40-AS1-20180127142532
2018-01-27 14:25:58.263;SP;AS40-AS1-20180127142532
2018-01-27 14:25:59.888;SQ;AS40-AS1-20180127142559
2018-01-27 14:26:04.791;RC;AS40-AS1-20180127142532
2018-01-27 14:26:05.577;SS;AS40-AS1-20180127142532
2018-01-27 14:26:11.655;RO;AS40-AS1-20180127142559
2018-01-27 14:26:12.682;SP;AS40-AS1-20180127142559
2018-01-27 14:26:14.270;SQ;AS40-AS1-20180127142614
2018-01-27 14:26:21.508;RC;AS40-AS1-20180127142559
2018-01-27 14:26:22.287;SS;AS40-AS1-20180127142559
2018-01-27 14:26:31.897;RO;AS40-AS1-20180127142614
2018-01-27 14:26:32.535;RU;AS40-AS1-20180127142532
2018-01-27 14:26:33.582;SP;AS40-AS1-20180127142614
2018-01-27 14:26:35.100;VU;AS40-AS1-20180127142532
2018-01-27 14:26:35.411;SQ;AS40-AS1-20180127142635
2018-01-27 14:26:41.936;RC;AS40-AS1-20180127142614
2018-01-27 14:26:42.885;RU;AS40-AS1-20180127142559
2018-01-27 14:26:43.975;SS;AS40-AS1-20180127142614
2018-01-27 14:26:45.505;VU;AS40-AS1-20180127142559
2018-01-27 14:26:49.763;RO;AS40-AS1-20180127142635
2018-01-27 14:26:50.717;SP;AS40-AS1-20180127142635
2018-01-27 14:26:52.300;SQ;AS40-AS1-20180127142652
2018-01-27 14:26:52.608;RC;AS40-AS1-20180127142635
2018-01-27 14:26:53.394;SS;AS40-AS1-20180127142635
2018-01-27 14:27:08.767;RU;AS40-AS1-20180127142614
2018-01-27 14:27:08.818;RO;AS40-AS1-20180127142652
2018-01-27 14:27:10.375;SP;AS40-AS1-20180127142652
2018-01-27 14:27:10.760;VU;AS40-AS1-20180127142614
2018-01-27 14:27:12.007;SQ;AS40-AS1-20180127142712
2018-01-27 14:27:17.354;RC;AS40-AS1-20180127142652
2018-01-27 14:27:18.435;SS;AS40-AS1-20180127142652
2018-01-27 14:27:23.367;RU;AS40-AS1-20180127142635
2018-01-27 14:27:25.163;VU;AS40-AS1-20180127142635
2018-01-27 14:27:29.756;RO;AS40-AS1-20180127142712
2018-01-27 14:27:30.824;SP;AS40-AS1-20180127142712
2018-01-27 14:27:33.003;SQ;AS40-AS1-20180127142733
2018-01-27 14:27:36.392;RU;AS40-AS1-20180127142652
2018-01-27 14:27:36.598;RC;AS40-AS1-20180127142712
2018-01-27 14:27:37.978;SS;AS40-AS1-20180127142712
2018-01-27 14:27:38.703;VU;AS40-AS1-20180127142652
2018-01-27 14:27:51.869;RO;AS40-AS1-20180127142733
2018-01-27 14:27:52.817;SP;AS40-AS1-20180127142733
2018-01-27 14:27:54.410;SQ;AS40-AS1-20180127142754
2018-01-27 14:27:56.491;RU;AS40-AS1-20180127142712
2018-01-27 14:27:58.888;RC;AS40-AS1-20180127142733
2018-01-27 14:27:59.836;SS;AS40-AS1-20180127142733
2018-01-27 14:28:06.494;VU;AS40-AS1-20180127142712
2018-01-27 14:28:07.671;RO;AS40-AS1-20180127142754
2018-01-27 14:28:08.743;SP;AS40-AS1-20180127142754
2018-01-27 14:28:10.291;SQ;AS40-AS1-20180127142810
2018-01-27 14:28:17.570;RC;AS40-AS1-20180127142754
2018-01-27 14:28:17.576;RU;AS40-AS1-20180127142733
2018-01-27 14:28:19.518;SS;AS40-AS1-20180127142754
2018-01-27 14:28:20.808;RO;AS40-AS1-20180127142810
2018-01-27 14:28:22.570;SP;AS40-AS1-20180127142810
2018-01-27 14:28:23.168;VU;AS40-AS1-20180127142733
2018-01-27 14:28:24.138;SQ;AS40-AS1-20180127142824
2018-01-27 14:28:32.780;RC;AS40-AS1-20180127142810
2018-01-27 14:28:33.565;SS;AS40-AS1-20180127142810
2018-01-27 14:28:40.656;RU;AS40-AS1-20180127142754
2018-01-27 14:28:42.440;VU;AS40-AS1-20180127142754
2018-01-27 14:28:42.512;RO;AS40-AS1-20180127142824
2018-01-27 14:28:43.458;SP;AS40-AS1-20180127142824
2018-01-27 14:28:45.054;SQ;AS40-AS1-20180127142845
2018-01-27 14:28:50.318;RC;AS40-AS1-20180127142824
2018-01-27 14:28:51.825;SS;AS40-AS1-20180127142824
2018-01-27 14:28:53.132;RU;AS40-AS1-20180127142810
2018-01-27 14:28:54.908;VU;AS40-AS1-20180127142810
2018-01-27 14:29:01.807;RO;AS40-AS1-20180127142845
2018-01-27 14:29:02.893;SP;AS40-AS1-20180127142845
2018-01-27 14:29:04.482;SQ;AS40-AS1-20180127142904
2018-01-27 14:29:09.641;RC;AS40-AS1-20180127142845
2018-01-27 14:29:10.417;SS;AS40-AS1-20180127142845
2018-01-27 14:29:17.377;RU;AS40-AS1-20180127142824
2018-01-27 14:29:19.156;VU;AS40-AS1-20180127142824
2018-01-27 14:29:22.194;RO;AS40-AS1-20180127142904
2018-01-27 14:29:23.261;SP;AS40-AS1-20180127142904
2018-01-27 14:29:24.818;SQ;AS40-AS1-20180127142924
2018-01-27 14:29:32.918;RU;AS40-AS1-20180127142845
2018-01-27 14:29:33.051;RC;AS40-AS1-20180127142904
2018-01-27 14:29:34.523;SS;AS40-AS1-20180127142904
2018-01-27 14:29:35.392;VU;AS40-AS1-20180127142845
2018-01-27 14:29:47.227;RO;AS40-AS1-20180127142924
2018-01-27 14:29:48.107;SP;AS40-AS1-20180127142924
2018-01-27 14:29:56.520;RC;AS40-AS1-20180127142924
2018-01-27 14:29:58.153;SS;AS40-AS1-20180127142924
2018-01-27 14:29:59.063;RU;AS40-AS1-20180127142904
2018-01-27 14:30:01.214;VU;AS40-AS1-20180127142904
2018-01-27 14:30:09.183;RU;AS40-AS1-20180127142924
2018-01-27 14:30:17.190;VU;AS40-AS1-20180127142924
