2018-01-27 14:20:24.195;SQ;AS41-AS1-20180127142024
2018-01-27 14:20:32.588;RO;AS41-AS1-20180127142024
2018-01-27 14:20:33.508;SP;AS41-AS1-20180127142024
2018-01-27 14:20:35.099;SQ;AS41-AS1-20180127142035
2018-01-27 14:20:41.084;RC;AS41-AS1-20180127142024
2018-01-27 14:20:41.898;SS;AS41-AS1-20180127142024
2018-01-27 14:20:49.227;RO;AS41-AS1-20180127142035
2018-01-27 14:20:50.402;SP;AS41-AS1-20180127142035
2018-01-27 14:20:51.986;SQ;AS41-AS1-20180127142051
2018-01-27 14:20:58.939;RC;AS41-AS1-20180127142035
2018-01-27 14:20:59.740;SS;AS41-AS1-20180127142035
2018-01-27 14:21:06.320;RU;AS41-AS1-20180127142024
2018-01-27 14:21:08.125;VU;AS41-AS1-20180127142024
2018-01-27 14:21:08.393;RO;AS41-AS1-20180127142051
2018-01-27 14:21:09.288;SP;AS41-AS1-20180127142051
2018-01-27 14:21:10.879;SQ;AS41-AS1-20180127142110
2018-01-27 14:21:19.455;RC;AS41-AS1-20180127142051
2018-01-27 14:21:20.244;SS;AS41-AS1-20180127142051
2018-01-27 14:21:24.026;RU;AS41-AS1-20180127142035
2018-01-27 14:21:25.824;VU;AS41-AS1-20180127142035
2018-01-27 14:21:30.893;RO;AS41-AS1-20180127142110
2018-01-27 14:21:32.741;SP;AS41-AS1-20180127142110
2018-01-27 14:21:34.311;SQ;AS41-AS1-20180127142134
2018-01-27 14:21:41.705;RU;AS41-AS1-20180127142051
2018-01-27 14:21:43.050;RC;AS41-AS1-20180127142110
2018-01-27 14:21:43.478;VU;AS41-AS1-20180127142051
2018-01-27 14:21:43.833;SS;AS41-AS1-20180127142110
2018-01-27 14:21:51.409;RO;AS41-AS1-20180127142134
2018-01-27 14:21:52.612;SP;AS41-AS1-20180127142134
2018-01-27 14:21:54.170;SQ;AS41-AS1-20180127142154
2018-01-27 14:22:02.298;RC;AS41-AS1-20180127142134
2018-01-27 14:22:03.105;SS;AS41-AS1-20180127142134
2018-01-27 14:22:06.412;RU;AS41-AS1-20180127142110
2018-01-27 14:22:08.201;VU;AS41-AS1-20180127142110
2018-01-27 14:22:16.353;RO;AS41-AS1-20180127142154
2018-01-27 14:22:17.476;SP;AS41-AS1-20180127142154
2018-01-27 14:22:19.068;SQ;AS41-AS1-20180127142219
2018-01-27 14:22:22.755;RC;AS41-AS1-20180127142154
2018-01-27 14:22:23.546;SS;AS41-AS1-20180127142154
2018-01-27 14:22:28.651;RU;AS41-AS1-20180127142134
2018-01-27 14:22:30.454;VU;AS41-AS1-20180127142134
2018-01-27 14:22:35.584;RO;AS41-AS1-20180127142219
2018-01-27 14:22:36.364;SP;AS41-AS1-20180127142219
2018-01-27 14:22:37.912;SQ;AS41-AS1-20180127142237
2018-01-27 14:22:42.550;RU;AS41-AS1-20180127142154
2018-01-27 14:22:44.330;VU;AS41-AS1-20180127142154
2018-01-27 14:22:47.711;RC;AS41-AS1-20180127142219
2018-01-27 14:22:48.505;SS;AS41-AS1-20180127142219
2018-01-27 14:22:58.149;RO;AS41-AS1-20180127142237
2018-01-27 14:22:59.207;SP;AS41-AS1-20180127142237
2018-01-27 14:23:00.780;SQ;AS41-AS1-20180127142300
2018-01-27 14:23:05.611;RC;AS41-AS1-20180127142237
2018-01-27 14:23:06.391;SS;AS41-AS1-20180127142237
2018-01-27 14:23:09.896;RU;AS41-AS1-20180127142219
2018-01-27 14:23:14.511;VU;AS41-AS1-20180127142219
2018-01-27 14:23:21.693;RO;AS41-AS1-20180127142300
2018-01-27 14:23:21.800;RU;AS41-AS1-20180127142237
2018-01-27 14:23:23.407;SP;AS41-AS1-20180127142300
2018-01-27 14:23:25.537;SQ;AS41-AS1-20180127142325
2018-01-27 14:23:31.617;VU;AS41-AS1-20180127142237
2018-01-27 14:23:36.122;RC;AS41-AS1-20180127142300
2018-01-27 14:23:36.918;SS;AS41-AS1-20180127142300
2018-01-27 14:23:43.771;RO;AS41-AS1-20180127142325
2018-01-27 14:23:44.864;SP;AS41-AS1-20180127142325
2018-01-27 14:23:46.440;SQ;AS41-AS1-20180127142346
2018-01-27 14:23:52.526;RU;AS41-AS1-20180127142300
2018-01-27 14:23:53.747;RC;AS41-AS1-20180127142325
2018-01-27 14:23:54.700;SS;AS41-AS1-20180127142325
2018-01-27 14:23:55.022;VU;AS41-AS1-20180127142300
2018-01-27 14:24:02.244;RO;AS41-AS1-20180127142346
2018-01-27 14:24:03.255;SP;AS41-AS1-20180127142346
2018-01-27 14:24:04.860;SQ;AS41-AS1-20180127142404
2018-01-27 14:24:16.497;RU;AS41-AS1-20180127142325
2018-01-27 14:24:18.284;VU;AS41-AS1-20180127142325
2018-01-27 14:24:23.923;RC;AS41-AS1-20180127142346
2018-01-27 14:24:24.031;RO;AS41-AS1-20180127142404
2018-01-27 14:24:24.997;SS;AS41-AS1-20180127142346
2018-01-27 14:24:25.530;SP;AS41-AS1-20180127142404
2018-01-27 14:24:27.113;SQ;AS41-AS1-20180127142427
2018-01-27 14:24:35.991;RC;AS41-AS1-20180127142404
2018-01-27 14:24:36.795;SS;AS41-AS1-20180127142404
2018-01-27 14:24:44.073;RU;AS41-AS1-20180127142346
2018-01-27 14:24:47.201;RO;AS41-AS1-20180127142427
2018-01-27 14:24:49.012;SP;AS41-AS1-20180127142427
2018-01-27 14:24:51.179;VU;AS41-AS1-20180127142346
2018-01-27 14:24:51.195;SQ;AS41-AS1-20180127142451
2018-01-27 14:24:54.577;RU;AS41-AS1-20180127142404
2018-01-27 14:24:55.026;RC;AS41-AS1-20180127142427
2018-01-27 14:24:56.172;SS;AS41-AS1-20180127142427
2018-01-27 14:24:56.663;VU;AS41-AS1-20180127142404
2018-01-27 14:25:07.194;RO;AS41-AS1-20180127142451
2018-01-27 14:25:07.994;SP;AS41-AS1-20180127142451
2018-01-27 14:25:09.557;SQ;AS41-AS1-20180127142509
2018-01-27 14:25:17.875;RC;AS41-AS1-20180127142451
2018-01-27 14:25:19.007;SS;AS41-AS1-20180127142451
2018-01-27 14:25:20.011;RU;AS41-AS1-20180127142427
2018-01-27 14:25:21.809;VU;AS41-AS1-20180127142427
2018-01-27 14:25:29.602;RO;AS41-AS1-20180127142509
2018-01-27 14:25:30.870;SP;AS41-AS1-20180127142509
2018-01-27 14:25:32.412;SQ;AS41-AS1-20180127142532
2018-01-27 14:25:37.012;RC;AS41-AS1-20180127142509
2018-01-27 14:25:37.802;SS;AS41-AS1-20180127142509
2018-01-27 14:25:42.282;RU;AS41-AS1-20180127142451
2018-01-27 14:25:44.101;VU;AS41-AS1-20180127142451
2018-01-27 14:25:48.956;RO;AS41-AS1-20180127142532
2018-01-27 14:25:50.239;SP;AS41-AS1-20180127142532
2018-01-27 14:25:52.667;SQ;AS41-AS1-20180127142552
2018-01-27 14:25:53.471;RU;AS41-AS1-20180127142509
2018-01-27 14:25:55.973;VU;AS41-AS1-20180127142509
2018-01-27 14:25:57.928;RC;AS41-AS1-20180127142532
2018-01-27 14:25:58.712;SS;AS41-AS1-20180127142532
2018-01-27 14:26:05.310;RU;AS41-AS1-20180127142532
2018-01-27 14:26:07.430;RO;AS41-AS1-20180127142552
2018-01-27 14:26:08.907;SP;AS41-AS1-20180127142552
2018-01-27 14:26:11.309;SQ;AS41-AS1-20180127142611
2018-01-27 14:26:16.310;RC;AS41-AS1-20180127142552
2018-01-27 14:26:17.197;SS;AS41-AS1-20180127142552
2018-01-27 14:26:27.051;RO;AS41-AS1-20180127142611
2018-01-27 14:26:29.107;SP;AS41-AS1-20180127142611
2018-01-27 14:26:31.478;SQ;AS41-AS1-20180127142631
2018-01-27 14:26:37.016;RU;AS41-AS1-20180127142552
2018-01-27 14:26:38.027;RC;AS41-AS1-20180127142611
2018-01-27 14:26:39.703;SS;AS41-AS1-20180127142611
2018-01-27 14:26:46.513;VU;AS41-AS1-20180127142552
2018-01-27 14:26:49.986;RO;AS41-AS1-20180127142631
2018-01-27 14:26:50.798;SP;AS41-AS1-20180127142631
2018-01-27 14:26:53.165;SQ;AS41-AS1-20180127142653
2018-01-27 14:26:53.347;RC;AS41-AS1-20180127142631
2018-01-27 14:26:54.668;SS;AS41-AS1-20180127142631
2018-01-27 14:27:08.956;RU;AS41-AS1-20180127142611
2018-01-27 14:27:10.996;VU;AS41-AS1-20180127142611
2018-01-27 14:27:12.542;RO;AS41-AS1-20180127142653
2018-01-27 14:27:13.651;SP;AS41-AS1-20180127142653
2018-01-27 14:27:16.288;SQ;AS41-AS1-20180127142716
2018-01-27 14:27:25.164;RC;AS41-AS1-20180127142653
2018-01-27 14:27:25.171;RU;AS41-AS1-20180127142631
2018-01-27 14:27:27.093;SS;AS41-AS1-20180127142653
2018-01-27 14:27:28.094;VU;AS41-AS1-20180127142631
2018-01-27 14:27:31.615;RO;AS41-AS1-20180127142716
2018-01-27 14:27:33.072;SP;AS41-AS1-20180127142716
2018-01-27 14:27:35.263;SQ;AS41-AS1-20180127142735
2018-01-27 14:27:40.286;RC;AS41-AS1-20180127142716
2018-01-27 14:27:41.779;SS;AS41-AS1-20180127142716
2018-01-27 14:27:48.915;RU;AS41-AS1-20180127142653
2018-01-27 14:27:51.837;VU;AS41-AS1-20180127142653
2018-01-27 14:27:56.310;RO;AS41-AS1-20180127142735
2018-01-27 14:27:58.072;SP;AS41-AS1-20180127142735
2018-01-27 14:27:58.979;RU;AS41-AS1-20180127142716
2018-01-27 14:28:01.518;SQ;AS41-AS1-20180127142801
2018-01-27 14:28:05.566;RC;AS41-AS1-20180127142735
2018-01-27 14:28:07.959;SS;AS41-AS1-20180127142735
2018-01-27 14:28:08.240;VU;AS41-AS1-20180127142716
2018-01-27 14:28:17.600;RO;AS41-AS1-20180127142801
2018-01-27 14:28:20.606;SP;AS41-AS1-20180127142801
2018-01-27 14:28:24.027;SQ;AS41-AS1-20180127142824
2018-01-27 14:28:29.481;RU;AS41-AS1-20180127142735
2018-01-27 14:28:30.997;RC;AS41-AS1-20180127142801
2018-01-27 14:28:31.472;VU;AS41-AS1-20180127142735
2018-01-27 14:28:31.890;SS;AS41-AS1-20180127142801
2018-01-27 14:28:42.372;RO;AS41-AS1-20180127142824
2018-01-27 14:28:43.689;SP;AS41-AS1-20180127142824
2018-01-27 14:28:46.138;SQ;AS41-AS1-20180127142846
2018-01-27 14:28:52.344;RU;AS41-AS1-20180127142801
2018-01-27 14:28:52.995;RC;AS41-AS1-20180127142824
2018-01-27 14:28:54.308;VU;AS41-AS1-20180127142801
2018-01-27 14:28:54.664;SS;AS41-AS1-20180127142824
2018-01-27 14:29:01.811;RO;AS41-AS1-20180127142846
2018-01-27 14:29:02.509;RU;AS41-AS1-20180127142824
2018-01-27 14:29:03.483;SP;AS41-AS1-20180127142846
2018-01-27 14:29:06.742;SQ;AS41-AS1-20180127142906
2018-01-27 14:29:16.688;RC;AS41-AS1-20180127142846
2018-01-27 14:29:18.823;SS;AS41-AS1-20180127142846
2018-01-27 14:29:23.072;RO;AS41-AS1-20180127142906
2018-01-27 14:29:24.577;SP;AS41-AS1-20180127142906
2018-01-27 14:29:30.483;SQ;AS41-AS1-20180127142930
2018-01-27 14:29:33.136;RC;AS41-AS1-20180127142906
2018-01-27 14:29:35.073;SS;AS41-AS1-20180127142906
2018-01-27 14:29:36.052;RU;AS41-AS1-20180127142846
2018-01-27 14:29:38.973;VU;AS41-AS1-20180127142846
2018-01-27 14:29:45.078;RO;AS41-AS1-20180127142930
2018-01-27 14:29:47.399;SP;AS41-AS1-20180127142930
2018-01-27 14:29:51.024;SQ;AS41-AS1-20180127142951
2018-01-27 14:29:57.582;RC;AS41-AS1-20180127142930
2018-01-27 14:29:59.043;RU;AS41-AS1-20180127142906
2018-01-27 14:30:01.956;SS;AS41-AS1-20180127142930
2018-01-27 14:30:03.750;VU;AS41-AS1-20180127142906
2018-01-27 14:30:09.033;RO;AS41-AS1-20180127142951
2018-01-27 14:30:10.542;SP;AS41-AS1-20180127142951
2018-01-27 14:30:12.702;RC;AS41-AS1-20180127142951
2018-01-27 14:30:16.445;RU;AS41-AS1-20180127142930
2018-01-27 14:30:17.605;SS;AS41-AS1-20180127142951
2018-01-27 14:30:18.126;SQ;AS41-AS1-20180127143018
2018-01-27 14:30:20.132;VU;AS41-AS1-20180127142930
2018-01-27 14:30:25.152;RO;AS41-AS1-20180127143018
2018-01-27 14:30:27.311;SP;AS41-AS1-20180127143018
2018-01-27 14:30:30.243;RU;AS41-AS1-20180127142951
2018-01-27 14:30:31.722;RC;AS41-AS1-20180127143018
2018-01-27 14:30:35.528;SQ;AS41-AS1-20180127143035
2018-01-27 14:30:36.040;SS;AS41-AS1-20180127143018
2018-01-27 14:30:36.056;VU;AS41-AS1-20180127142951
2018-01-27 14:30:37.781;RO;AS41-AS1-20180127143035
2018-01-27 14:30:39.792;SP;AS41-AS1-20180127143035
2018-01-27 14:30:40.500;RC;AS41-AS1-20180127143035
2018-01-27 14:30:40.974;RU;AS41-AS1-20180127143018
2018-01-27 14:30:43.023;SS;AS41-AS1-20180127143035
2018-01-27 14:30:47.356;RU;AS41-AS1-20180127143035
2018-01-27 14:30:52.845;VU;AS41-AS1-20180127143018
2018-01-27 14:30:52.928;VU;AS41-AS1-20180127143035
