2018-01-27 14:20:21.232;SQ;AS44-AS1-20180127142021
2018-01-27 14:20:25.582;RO;AS44-AS1-20180127142021
2018-01-27 14:20:26.545;SP;AS44-AS1-20180127142021
2018-01-27 14:20:28.113;SQ;AS44-AS1-20180127142028
2018-01-27 14:20:30.498;RC;AS44-AS1-20180127142021
2018-01-27 14:20:31.286;SS;AS44-AS1-20180127142021
2018-01-27 14:20:40.577;RO;AS44-AS1-20180127142028
2018-01-27 14:20:41.420;SP;AS44-AS1-20180127142028
2018-01-27 14:20:43.031;SQ;AS44-AS1-20180127142043
2018-01-27 14:20:47.856;RU;AS44-AS1-20180127142021
2018-01-27 14:20:49.634;VU;AS44-AS1-20180127142021
2018-01-27 14:20:49.965;RC;AS44-AS1-20180127142028
2018-01-27 14:20:50.744;SS;AS44-AS1-20180127142028
2018-01-27 14:20:57.638;RO;AS44-AS1-20180127142043
2018-01-27 14:20:58.859;SP;AS44-AS1-20180127142043
2018-01-27 14:21:00.436;SQ;AS44-AS1-20180127142100
2018-01-27 14:21:07.476;RC;AS44-AS1-20180127142043
2018-01-27 14:21:07.499;RU;AS44-AS1-20180127142028
2018-01-27 14:21:09.050;SS;AS44-AS1-20180127142043
2018-01-27 14:21:13.956;RO;AS44-AS1-20180127142100
2018-01-27 14:21:16.618;SP;AS44-AS1-20180127142100
2018-01-27 14:21:19.512;SQ;AS44-AS1-20180127142119
2018-01-27 14:21:19.554;VU;AS44-AS1-20180127142028
2018-01-27 14:21:24.870;RC;AS44-AS1-20180127142100
2018-01-27 14:21:25.655;SS;AS44-AS1-20180127142100
2018-01-27 14:21:27.355;RU;AS44-AS1-20180127142043
2018-01-27 14:21:33.914;VU;AS44-AS1-20180127142043
2018-01-27 14:21:35.986;RO;AS44-AS1-20180127142119
2018-01-27 14:21:36.821;SP;AS44-AS1-20180127142119
2018-01-27 14:21:38.382;SQ;AS44-AS1-20180127142138
2018-01-27 14:21:43.815;RU;AS44-AS1-20180127142100
2018-01-27 14:21:44.923;RC;AS44-AS1-20180127142119
2018-01-27 14:21:46.171;SS;AS44-AS1-20180127142119
2018-01-27 14:21:50.255;VU;AS44-AS1-20180127142100
2018-01-27 14:21:52.275;RO;AS44-AS1-20180127142138
2018-01-27 14:21:53.184;SP;AS44-AS1-20180127142138
2018-01-27 14:21:54.748;SQ;AS44-AS1-20180127142154
2018-01-27 14:21:59.887;RU;AS44-AS1-20180127142119
2018-01-27 14:22:02.518;RC;AS44-AS1-20180127142138
2018-01-27 14:22:03.323;SS;AS44-AS1-20180127142138
2018-01-27 14:22:16.683;RO;AS44-AS1-20180127142154
2018-01-27 14:22:16.766;RU;AS44-AS1-20180127142138
2018-01-27 14:22:19.183;SP;AS44-AS1-20180127142154
2018-01-27 14:22:24.511;SQ;AS44-AS1-20180127142224
2018-01-27 14:22:25.510;VU;AS44-AS1-20180127142138
2018-01-27 14:22:27.351;RC;AS44-AS1-20180127142154
2018-01-27 14:22:28.946;SS;AS44-AS1-20180127142154
2018-01-27 14:22:39.530;RO;AS44-AS1-20180127142224
2018-01-27 14:22:41.740;SP;AS44-AS1-20180127142224
2018-01-27 14:22:44.131;SQ;AS44-AS1-20180127142244
2018-01-27 14:22:48.629;RU;AS44-AS1-20180127142154
2018-01-27 14:22:50.938;RC;AS44-AS1-20180127142224
2018-01-27 14:22:52.799;SS;AS44-AS1-20180127142224
2018-01-27 14:22:56.988;VU;AS44-AS1-20180127142154
2018-01-27 14:22:58.523;RO;AS44-AS1-20180127142244
2018-01-27 14:23:00.083;SP;AS44-AS1-20180127142244
2018-01-27 14:23:02.270;SQ;AS44-AS1-20180127142302
2018-01-27 14:23:09.930;RC;AS44-AS1-20180127142244
2018-01-27 14:23:12.271;SS;AS44-AS1-20180127142244
2018-01-27 14:23:21.762;RO;AS44-AS1-20180127142302
2018-01-27 14:23:21.765;RU;AS44-AS1-20180127142224
2018-01-27 14:23:23.695;SP;AS44-AS1-20180127142302
2018-01-27 14:23:24.696;VU;AS44-AS1-20180127142224
2018-01-27 14:23:25.933;SQ;AS44-AS1-20180127142325
2018-01-27 14:23:37.486;RC;AS44-AS1-20180127142302
2018-01-27 14:23:37.564;RU;AS44-AS1-20180127142244
2018-01-27 14:23:39.817;SS;AS44-AS1-20180127142302
2018-01-27 14:23:40.822;VU;AS44-AS1-20180127142244
2018-01-27 14:23:44.881;RO;AS44-AS1-20180127142325
2018-01-27 14:23:45.738;SP;AS44-AS1-20180127142325
2018-01-27 14:23:48.104;SQ;AS44-AS1-20180127142348
2018-01-27 14:23:54.683;RC;AS44-AS1-20180127142325
2018-01-27 14:23:55.622;SS;AS44-AS1-20180127142325
2018-01-27 14:24:00.919;RU;AS44-AS1-20180127142302
2018-01-27 14:24:03.453;VU;AS44-AS1-20180127142302
2018-01-27 14:24:05.020;RO;AS44-AS1-20180127142348
2018-01-27 14:24:06.706;SP;AS44-AS1-20180127142348
2018-01-27 14:24:08.820;SQ;AS44-AS1-20180127142408
2018-01-27 14:24:18.353;RU;AS44-AS1-20180127142325
2018-01-27 14:24:18.708;RC;AS44-AS1-20180127142348
2018-01-27 14:24:20.462;SS;AS44-AS1-20180127142348
2018-01-27 14:24:21.222;VU;AS44-AS1-20180127142325
2018-01-27 14:24:24.772;RO;AS44-AS1-20180127142408
2018-01-27 14:24:25.627;SP;AS44-AS1-20180127142408
2018-01-27 14:24:27.969;SQ;AS44-AS1-20180127142427
2018-01-27 14:24:35.962;RC;AS44-AS1-20180127142408
2018-01-27 14:24:36.780;SS;AS44-AS1-20180127142408
2018-01-27 14:24:38.838;RU;AS44-AS1-20180127142348
2018-01-27 14:24:41.194;VU;AS44-AS1-20180127142348
2018-01-27 14:24:47.407;RO;AS44-AS1-20180127142427
2018-01-27 14:24:48.704;SP;AS44-AS1-20180127142427
2018-01-27 14:24:51.049;SQ;AS44-AS1-20180127142451
2018-01-27 14:24:57.085;RU;AS44-AS1-20180127142408
2018-01-27 14:24:58.021;RC;AS44-AS1-20180127142427
2018-01-27 14:24:59.411;SS;AS44-AS1-20180127142427
2018-01-27 14:24:59.916;VU;AS44-AS1-20180127142408
2018-01-27 14:25:07.211;RO;AS44-AS1-20180127142451
2018-01-27 14:25:08.565;SP;AS44-AS1-20180127142451
2018-01-27 14:25:10.938;SQ;AS44-AS1-20180127142510
2018-01-27 14:25:18.947;RC;AS44-AS1-20180127142451
2018-01-27 14:25:20.026;SS;AS44-AS1-20180127142451
2018-01-27 14:25:20.821;RU;AS44-AS1-20180127142427
2018-01-27 14:25:22.600;VU;AS44-AS1-20180127142427
2018-01-27 14:25:30.251;RO;AS44-AS1-20180127142510
2018-01-27 14:25:31.977;SP;AS44-AS1-20180127142510
2018-01-27 14:25:34.320;SQ;AS44-AS1-20180127142534
2018-01-27 14:25:41.486;RU;AS44-AS1-20180127142451
2018-01-27 14:25:41.531;RC;AS44-AS1-20180127142510
2018-01-27 14:25:43.747;SS;AS44-AS1-20180127142510
2018-01-27 14:25:44.547;VU;AS44-AS1-20180127142451
2018-01-27 14:25:48.969;RO;AS44-AS1-20180127142534
2018-01-27 14:25:50.125;SP;AS44-AS1-20180127142534
2018-01-27 14:25:54.190;SQ;AS44-AS1-20180127142554
2018-01-27 14:25:57.650;RC;AS44-AS1-20180127142534
2018-01-27 14:25:58.574;SS;AS44-AS1-20180127142534
2018-01-27 14:26:03.844;RU;AS44-AS1-20180127142510
2018-01-27 14:26:06.476;RO;AS44-AS1-20180127142554
2018-01-27 14:26:09.730;SP;AS44-AS1-20180127142554
2018-01-27 14:26:10.679;VU;AS44-AS1-20180127142510
2018-01-27 14:26:11.947;SQ;AS44-AS1-20180127142611
2018-01-27 14:26:13.970;RU;AS44-AS1-20180127142534
2018-01-27 14:26:15.748;VU;AS44-AS1-20180127142534
2018-01-27 14:26:17.233;RC;AS44-AS1-20180127142554
2018-01-27 14:26:18.298;SS;AS44-AS1-20180127142554
2018-01-27 14:26:30.857;RO;AS44-AS1-20180127142611
2018-01-27 14:26:32.044;SP;AS44-AS1-20180127142611
2018-01-27 14:26:34.452;SQ;AS44-AS1-20180127142634
2018-01-27 14:26:37.019;RU;AS44-AS1-20180127142554
2018-01-27 14:26:40.974;RC;AS44-AS1-20180127142611
2018-01-27 14:26:43.763;SS;AS44-AS1-20180127142611
2018-01-27 14:26:46.263;VU;AS44-AS1-20180127142554
2018-01-27 14:26:49.998;RO;AS44-AS1-20180127142634
2018-01-27 14:26:51.366;SP;AS44-AS1-20180127142634
2018-01-27 14:26:53.815;SQ;AS44-AS1-20180127142653
2018-01-27 14:26:58.493;RC;AS44-AS1-20180127142634
2018-01-27 14:27:01.295;SS;AS44-AS1-20180127142634
2018-01-27 14:27:09.018;RU;AS44-AS1-20180127142611
2018-01-27 14:27:11.383;VU;AS44-AS1-20180127142611
2018-01-27 14:27:13.258;RO;AS44-AS1-20180127142653
2018-01-27 14:27:14.460;SP;AS44-AS1-20180127142653
2018-01-27 14:27:17.979;SQ;AS44-AS1-20180127142717
2018-01-27 14:27:24.887;RU;AS44-AS1-20180127142634
2018-01-27 14:27:24.961;RC;AS44-AS1-20180127142653
2018-01-27 14:27:26.815;SS;AS44-AS1-20180127142653
2018-01-27 14:27:27.674;VU;AS44-AS1-20180127142634
2018-01-27 14:27:31.540;RO;AS44-AS1-20180127142717
2018-01-27 14:27:33.517;SP;AS44-AS1-20180127142717
2018-01-27 14:27:35.836;SQ;AS44-AS1-20180127142735
2018-01-27 14:27:43.957;RC;AS44-AS1-20180127142717
2018-01-27 14:27:45.378;SS;AS44-AS1-20180127142717
2018-01-27 14:27:46.000;RU;AS44-AS1-20180127142653
2018-01-27 14:27:52.760;VU;AS44-AS1-20180127142653
2018-01-27 14:27:56.412;RO;AS44-AS1-20180127142735
2018-01-27 14:27:56.757;RU;AS44-AS1-20180127142717
2018-01-27 14:27:58.854;SP;AS44-AS1-20180127142735
2018-01-27 14:28:02.878;SQ;AS44-AS1-20180127142802
2018-01-27 14:28:06.118;RC;AS44-AS1-20180127142735
2018-01-27 14:28:08.187;SS;AS44-AS1-20180127142735
2018-01-27 14:28:17.617;RO;AS44-AS1-20180127142802
2018-01-27 14:28:20.807;SP;AS44-AS1-20180127142802
2018-01-27 14:28:25.503;SQ;AS44-AS1-20180127142825
2018-01-27 14:28:28.885;RU;AS44-AS1-20180127142735
2018-01-27 14:28:29.826;RC;AS44-AS1-20180127142802
2018-01-27 14:28:32.242;SS;AS44-AS1-20180127142802
2018-01-27 14:28:38.616;VU;AS44-AS1-20180127142735
2018-01-27 14:28:43.188;RO;AS44-AS1-20180127142825
2018-01-27 14:28:45.074;SP;AS44-AS1-20180127142825
2018-01-27 14:28:48.651;SQ;AS44-AS1-20180127142848
2018-01-27 14:28:51.217;RU;AS44-AS1-20180127142802
2018-01-27 14:28:52.267;RC;AS44-AS1-20180127142825
2018-01-27 14:28:55.026;SS;AS44-AS1-20180127142825
2018-01-27 14:28:55.442;VU;AS44-AS1-20180127142802
2018-01-27 14:29:03.262;RO;AS44-AS1-20180127142848
2018-01-27 14:29:05.269;SP;AS44-AS1-20180127142848
2018-01-27 14:29:11.687;SQ;AS44-AS1-20180127142911
2018-01-27 14:29:16.842;RU;AS44-AS1-20180127142825
2018-01-27 14:29:17.951;RC;AS44-AS1-20180127142848
2018-01-27 14:29:18.926;VU;AS44-AS1-20180127142825
2018-01-27 14:29:20.001;SS;AS44-AS1-20180127142848
2018-01-27 14:29:23.959;RO;AS44-AS1-20180127142911
2018-01-27 14:29:26.210;SP;AS44-AS1-20180127142911
2018-01-27 14:29:30.584;SQ;AS44-AS1-20180127142930
2018-01-27 14:29:35.267;RC;AS44-AS1-20180127142911
2018-01-27 14:29:37.118;SS;AS44-AS1-20180127142911
2018-01-27 14:29:37.891;RU;AS44-AS1-20180127142848
2018-01-27 14:29:44.068;VU;AS44-AS1-20180127142848
2018-01-27 14:29:44.861;RO;AS44-AS1-20180127142930
2018-01-27 14:29:46.834;SP;AS44-AS1-20180127142930
2018-01-27 14:29:50.333;SQ;AS44-AS1-20180127142950
2018-01-27 14:29:56.591;RC;AS44-AS1-20180127142930
2018-01-27 14:29:58.566;RU;AS44-AS1-20180127142911
2018-01-27 14:30:01.228;SS;AS44-AS1-20180127142930
2018-01-27 14:30:03.335;VU;AS44-AS1-20180127142911
2018-01-27 14:30:08.863;RO;AS44-AS1-20180127142950
2018-01-27 14:30:10.678;SP;AS44-AS1-20180127142950
2018-01-27 14:30:13.117;RC;AS44-AS1-20180127142950
2018-01-27 14:30:17.342;SQ;AS44-AS1-20180127143017
2018-01-27 14:30:17.415;RU;AS44-AS1-20180127142930
2018-01-27 14:30:17.490;SS;AS44-AS1-20180127142950
2018-01-27 14:30:20.047;VU;AS44-AS1-20180127142930
2018-01-27 14:30:25.311;RO;AS44-AS1-20180127143017
2018-01-27 14:30:27.006;SP;AS44-AS1-20180127143017
2018-01-27 14:30:30.887;RU;AS44-AS1-20180127142950
2018-01-27 14:30:31.878;RC;AS44-AS1-20180127143017
2018-01-27 14:30:34.899;SS;AS44-AS1-20180127143017
2018-01-27 14:30:35.150;VU;AS44-AS1-20180127142950
2018-01-27 14:30:40.025;RU;AS44-AS1-20180127143017
2018-01-27 14:30:52.192;VU;AS44-AS1-20180127143017
