2018-01-27 14:20:20.467;SQ;AS45-AS1-20180127142020
2018-01-27 14:20:22.814;RO;AS45-AS1-20180127142020
2018-01-27 14:20:23.757;SP;AS45-AS1-20180127142020
2018-01-27 14:20:25.355;SQ;AS45-AS1-20180127142025
2018-01-27 14:20:27.933;RC;AS45-AS1-20180127142020
2018-01-27 14:20:28.742;SS;AS45-AS1-20180127142020
2018-01-27 14:20:33.576;RO;AS45-AS1-20180127142025
2018-01-27 14:20:34.646;SP;AS45-AS1-20180127142025
2018-01-27 14:20:36.249;SQ;AS45-AS1-20180127142036
2018-01-27 14:20:42.081;RC;AS45-AS1-20180127142025
2018-01-27 14:20:42.868;SS;AS45-AS1-20180127142025
2018-01-27 14:20:45.266;RU;AS45-AS1-20180127142020
2018-01-27 14:20:47.088;VU;AS45-AS1-20180127142020
2018-01-27 14:20:50.011;RO;AS45-AS1-20180127142036
2018-01-27 14:20:51.060;SP;AS45-AS1-20180127142036
2018-01-27 14:20:52.670;SQ;AS45-AS1-20180127142052
2018-01-27 14:21:06.292;RU;AS45-AS1-20180127142025
2018-01-27 14:21:07.522;RC;AS45-AS1-20180127142036
2018-01-27 14:21:08.111;VU;AS45-AS1-20180127142025
2018-01-27 14:21:08.245;RO;AS45-AS1-20180127142052
2018-01-27 14:21:08.325;SS;AS45-AS1-20180127142036
2018-01-27 14:21:09.481;SP;AS45-AS1-20180127142052
2018-01-27 14:21:11.086;SQ;AS45-AS1-20180127142111
2018-01-27 14:21:19.792;RC;AS45-AS1-20180127142052
2018-01-27 14:21:20.610;SS;AS45-AS1-20180127142052
2018-01-27 14:21:28.374;RU;AS45-AS1-20180127142036
2018-01-27 14:21:28.887;RO;AS45-AS1-20180127142111
2018-01-27 14:21:30.556;SP;AS45-AS1-20180127142111
2018-01-27 14:21:35.014;SQ;AS45-AS1-20180127142135
2018-01-27 14:21:36.521;VU;AS45-AS1-20180127142036
2018-01-27 14:21:41.630;RC;AS45-AS1-20180127142111
2018-01-27 14:21:41.635;RU;AS45-AS1-20180127142052
2018-01-27 14:21:43.247;SS;AS45-AS1-20180127142111
2018-01-27 14:21:44.247;VU;AS45-AS1-20180127142052
2018-01-27 14:21:51.862;RO;AS45-AS1-20180127142135
2018-01-27 14:21:52.812;SP;AS45-AS1-20180127142135
2018-01-27 14:21:54.395;SQ;AS45-AS1-20180127142154
2018-01-27 14:22:02.787;RC;AS45-AS1-20180127142135
2018-01-27 14:22:03.594;SS;AS45-AS1-20180127142135
2018-01-27 14:22:04.571;RU;AS45-AS1-20180127142111
2018-01-27 14:22:09.131;VU;AS45-AS1-20180127142111
2018-01-27 14:22:16.686;RO;AS45-AS1-20180127142154
2018-01-27 14:22:17.735;SP;AS45-AS1-20180127142154
2018-01-27 14:22:19.359;SQ;AS45-AS1-20180127142219
2018-01-27 14:22:27.212;RC;AS45-AS1-20180127142154
2018-01-27 14:22:27.603;RU;AS45-AS1-20180127142135
2018-01-27 14:22:28.396;SS;AS45-AS1-20180127142154
2018-01-27 14:22:29.851;VU;AS45-AS1-20180127142135
2018-01-27 14:22:36.745;RO;AS45-AS1-20180127142219
2018-01-27 14:22:37.672;SP;AS45-AS1-20180127142219
2018-01-27 14:22:40.732;SQ;AS45-AS1-20180127142240
2018-01-27 14:22:43.002;RC;AS45-AS1-20180127142219
2018-01-27 14:22:43.787;SS;AS45-AS1-20180127142219
2018-01-27 14:22:48.385;RU;AS45-AS1-20180127142154
2018-01-27 14:22:56.113;VU;AS45-AS1-20180127142154
2018-01-27 14:22:58.228;RO;AS45-AS1-20180127142240
2018-01-27 14:22:59.041;SP;AS45-AS1-20180127142240
2018-01-27 14:23:00.650;SQ;AS45-AS1-20180127142300
2018-01-27 14:23:01.206;RU;AS45-AS1-20180127142219
2018-01-27 14:23:03.010;VU;AS45-AS1-20180127142219
2018-01-27 14:23:06.453;RC;AS45-AS1-20180127142240
2018-01-27 14:23:07.272;SS;AS45-AS1-20180127142240
2018-01-27 14:23:21.646;RO;AS45-AS1-20180127142300
2018-01-27 14:23:22.466;SP;AS45-AS1-20180127142300
2018-01-27 14:23:24.080;SQ;AS45-AS1-20180127142324
2018-01-27 14:23:24.259;RC;AS45-AS1-20180127142300
2018-01-27 14:23:25.070;SS;AS45-AS1-20180127142300
2018-01-27 14:23:37.491;RU;AS45-AS1-20180127142240
2018-01-27 14:23:39.279;VU;AS45-AS1-20180127142240
2018-01-27 14:23:43.108;RO;AS45-AS1-20180127142324
2018-01-27 14:23:44.401;SP;AS45-AS1-20180127142324
2018-01-27 14:23:46.010;SQ;AS45-AS1-20180127142346
2018-01-27 14:23:50.850;RU;AS45-AS1-20180127142300
2018-01-27 14:23:52.303;RC;AS45-AS1-20180127142324
2018-01-27 14:23:54.416;SS;AS45-AS1-20180127142324
2018-01-27 14:23:56.575;VU;AS45-AS1-20180127142300
2018-01-27 14:24:04.134;RO;AS45-AS1-20180127142346
2018-01-27 14:24:05.341;SP;AS45-AS1-20180127142346
2018-01-27 14:24:06.934;SQ;AS45-AS1-20180127142406
2018-01-27 14:24:12.774;RU;AS45-AS1-20180127142324
2018-01-27 14:24:14.986;RC;AS45-AS1-20180127142346
2018-01-27 14:24:15.548;VU;AS45-AS1-20180127142324
2018-01-27 14:24:15.812;SS;AS45-AS1-20180127142346
2018-01-27 14:24:24.186;RO;AS45-AS1-20180127142406
2018-01-27 14:24:25.257;SP;AS45-AS1-20180127142406
2018-01-27 14:24:26.854;SQ;AS45-AS1-20180127142426
2018-01-27 14:24:31.307;RC;AS45-AS1-20180127142406
2018-01-27 14:24:32.096;SS;AS45-AS1-20180127142406
2018-01-27 14:24:39.423;RU;AS45-AS1-20180127142346
2018-01-27 14:24:41.235;VU;AS45-AS1-20180127142346
2018-01-27 14:24:44.887;RO;AS45-AS1-20180127142426
2018-01-27 14:24:46.941;SP;AS45-AS1-20180127142426
2018-01-27 14:24:47.478;RU;AS45-AS1-20180127142406
2018-01-27 14:24:50.304;SQ;AS45-AS1-20180127142450
2018-01-27 14:24:50.799;VU;AS45-AS1-20180127142406
2018-01-27 14:24:54.573;RC;AS45-AS1-20180127142426
2018-01-27 14:24:55.371;SS;AS45-AS1-20180127142426
2018-01-27 14:25:06.818;RO;AS45-AS1-20180127142450
2018-01-27 14:25:07.641;SP;AS45-AS1-20180127142450
2018-01-27 14:25:09.229;SQ;AS45-AS1-20180127142509
2018-01-27 14:25:15.783;RC;AS45-AS1-20180127142450
2018-01-27 14:25:17.124;SS;AS45-AS1-20180127142450
2018-01-27 14:25:17.307;RU;AS45-AS1-20180127142426
2018-01-27 14:25:21.815;VU;AS45-AS1-20180127142426
2018-01-27 14:25:29.306;RO;AS45-AS1-20180127142509
2018-01-27 14:25:29.656;RU;AS45-AS1-20180127142450
2018-01-27 14:25:31.252;SP;AS45-AS1-20180127142509
2018-01-27 14:25:33.564;SQ;AS45-AS1-20180127142533
2018-01-27 14:25:39.186;VU;AS45-AS1-20180127142450
2018-01-27 14:25:41.390;RC;AS45-AS1-20180127142509
2018-01-27 14:25:42.184;SS;AS45-AS1-20180127142509
2018-01-27 14:25:50.743;RO;AS45-AS1-20180127142533
2018-01-27 14:25:52.775;SP;AS45-AS1-20180127142533
2018-01-27 14:25:55.890;SQ;AS45-AS1-20180127142555
2018-01-27 14:26:03.886;RU;AS45-AS1-20180127142509
2018-01-27 14:26:04.025;RC;AS45-AS1-20180127142533
2018-01-27 14:26:05.523;SS;AS45-AS1-20180127142533
2018-01-27 14:26:06.353;VU;AS45-AS1-20180127142509
2018-01-27 14:26:11.876;RO;AS45-AS1-20180127142555
2018-01-27 14:26:12.700;SP;AS45-AS1-20180127142555
2018-01-27 14:26:14.337;SQ;AS45-AS1-20180127142614
2018-01-27 14:26:21.824;RC;AS45-AS1-20180127142555
2018-01-27 14:26:22.628;SS;AS45-AS1-20180127142555
2018-01-27 14:26:25.674;RU;AS45-AS1-20180127142533
2018-01-27 14:26:30.169;VU;AS45-AS1-20180127142533
2018-01-27 14:26:30.807;RO;AS45-AS1-20180127142614
2018-01-27 14:26:31.643;SP;AS45-AS1-20180127142614
2018-01-27 14:26:33.269;SQ;AS45-AS1-20180127142633
2018-01-27 14:26:42.798;RU;AS45-AS1-20180127142555
2018-01-27 14:26:44.803;VU;AS45-AS1-20180127142555
2018-01-27 14:26:49.823;RC;AS45-AS1-20180127142614
2018-01-27 14:26:50.015;RO;AS45-AS1-20180127142633
2018-01-27 14:26:50.861;SS;AS45-AS1-20180127142614
2018-01-27 14:26:51.430;SP;AS45-AS1-20180127142633
2018-01-27 14:26:53.049;SQ;AS45-AS1-20180127142653
2018-01-27 14:26:59.344;RC;AS45-AS1-20180127142633
2018-01-27 14:27:00.464;SS;AS45-AS1-20180127142633
2018-01-27 14:27:08.833;RU;AS45-AS1-20180127142614
2018-01-27 14:27:10.610;VU;AS45-AS1-20180127142614
2018-01-27 14:27:12.884;RO;AS45-AS1-20180127142653
2018-01-27 14:27:13.873;SP;AS45-AS1-20180127142653
2018-01-27 14:27:15.493;SQ;AS45-AS1-20180127142715
2018-01-27 14:27:18.890;RU;AS45-AS1-20180127142633
2018-01-27 14:27:20.679;VU;AS45-AS1-20180127142633
2018-01-27 14:27:25.335;RC;AS45-AS1-20180127142653
2018-01-27 14:27:26.147;SS;AS45-AS1-20180127142653
2018-01-27 14:27:29.709;RO;AS45-AS1-20180127142715
2018-01-27 14:27:30.806;SP;AS45-AS1-20180127142715
2018-01-27 14:27:33.045;SQ;AS45-AS1-20180127142733
2018-01-27 14:27:36.413;RC;AS45-AS1-20180127142715
2018-01-27 14:27:37.218;SS;AS45-AS1-20180127142715
2018-01-27 14:27:47.271;RU;AS45-AS1-20180127142653
2018-01-27 14:27:51.811;VU;AS45-AS1-20180127142653
2018-01-27 14:27:56.400;RO;AS45-AS1-20180127142733
2018-01-27 14:27:56.465;RU;AS45-AS1-20180127142715
2018-01-27 14:27:58.097;SP;AS45-AS1-20180127142733
2018-01-27 14:28:00.520;SQ;AS45-AS1-20180127142800
2018-01-27 14:28:06.266;VU;AS45-AS1-20180127142715
2018-01-27 14:28:06.780;RC;AS45-AS1-20180127142733
2018-01-27 14:28:07.569;SS;AS45-AS1-20180127142733
2018-01-27 14:28:19.664;RO;AS45-AS1-20180127142800
2018-01-27 14:28:21.438;SP;AS45-AS1-20180127142800
2018-01-27 14:28:23.034;SQ;AS45-AS1-20180127142823
2018-01-27 14:28:25.736;RU;AS45-AS1-20180127142733
2018-01-27 14:28:27.546;VU;AS45-AS1-20180127142733
2018-01-27 14:28:30.949;RC;AS45-AS1-20180127142800
2018-01-27 14:28:31.731;SS;AS45-AS1-20180127142800
2018-01-27 14:28:40.845;RO;AS45-AS1-20180127142823
2018-01-27 14:28:41.847;SP;AS45-AS1-20180127142823
2018-01-27 14:28:43.463;SQ;AS45-AS1-20180127142843
2018-01-27 14:28:48.617;RC;AS45-AS1-20180127142823
2018-01-27 14:28:49.855;SS;AS45-AS1-20180127142823
2018-01-27 14:28:50.933;RU;AS45-AS1-20180127142800
2018-01-27 14:28:53.217;VU;AS45-AS1-20180127142800
2018-01-27 14:29:01.751;RO;AS45-AS1-20180127142843
2018-01-27 14:29:02.788;SP;AS45-AS1-20180127142843
2018-01-27 14:29:04.368;SQ;AS45-AS1-20180127142904
2018-01-27 14:29:09.868;RC;AS45-AS1-20180127142843
2018-01-27 14:29:10.684;SS;AS45-AS1-20180127142843
2018-01-27 14:29:17.898;RU;AS45-AS1-20180127142823
2018-01-27 14:29:19.686;VU;AS45-AS1-20180127142823
2018-01-27 14:29:23.854;RO;AS45-AS1-20180127142904
2018-01-27 14:29:24.677;SP;AS45-AS1-20180127142904
2018-01-27 14:29:28.033;SQ;AS45-AS1-20180127142928
2018-01-27 14:29:32.925;RU;AS45-AS1-20180127142843
2018-01-27 14:29:32.964;RC;AS45-AS1-20180127142904
2018-01-27 14:29:34.525;SS;AS45-AS1-20180127142904
2018-01-27 14:29:35.478;VU;AS45-AS1-20180127142843
2018-01-27 14:29:44.340;RO;AS45-AS1-20180127142928
2018-01-27 14:29:45.357;SP;AS45-AS1-20180127142928
2018-01-27 14:29:46.952;SQ;AS45-AS1-20180127142946
2018-01-27 14:29:51.289;RC;AS45-AS1-20180127142928
2018-01-27 14:29:52.078;SS;AS45-AS1-20180127142928
2018-01-27 14:29:58.823;RU;AS45-AS1-20180127142904
2018-01-27 14:30:00.635;VU;AS45-AS1-20180127142904
2018-01-27 14:30:03.465;RO;AS45-AS1-20180127142946
2018-01-27 14:30:04.266;SP;AS45-AS1-20180127142946
2018-01-27 14:30:05.909;SQ;AS45-AS1-20180127143005
2018-01-27 14:30:09.119;RC;AS45-AS1-20180127142946
2018-01-27 14:30:09.201;RU;AS45-AS1-20180127142928
2018-01-27 14:30:09.926;RO;AS45-AS1-20180127143005
2018-01-27 14:30:10.688;SS;AS45-AS1-20180127142946
2018-01-27 14:30:11.573;SP;AS45-AS1-20180127143005
2018-01-27 14:30:16.508;VU;AS45-AS1-20180127142928
2018-01-27 14:30:16.623;RC;AS45-AS1-20180127143005
2018-01-27 14:30:17.419;SS;AS45-AS1-20180127143005
2018-01-27 14:30:23.205;RU;AS45-AS1-20180127142946
2018-01-27 14:30:31.254;RU;AS45-AS1-20180127143005
2018-01-27 14:30:33.973;VU;AS45-AS1-20180127143005
2018-01-27 14:30:34.026;VU;AS45-AS1-20180127142946
