2018-01-27 14:20:20.854;SQ;AS47-AS1-20180127142020
2018-01-27 14:20:24.688;RO;AS47-AS1-20180127142020
2018-01-27 14:20:25.630;SP;AS47-AS1-20180127142020
2018-01-27 14:20:27.181;SQ;AS47-AS1-20180127142027
2018-01-27 14:20:29.559;RC;AS47-AS1-20180127142020
2018-01-27 14:20:30.327;SS;AS47-AS1-20180127142020
2018-01-27 14:20:36.896;RO;AS47-AS1-20180127142027
2018-01-27 14:20:37.992;SP;AS47-AS1-20180127142027
2018-01-27 14:20:39.595;SQ;AS47-AS1-20180127142039
2018-01-27 14:20:46.105;RC;AS47-AS1-20180127142027
2018-01-27 14:20:46.891;SS;AS47-AS1-20180127142027
2018-01-27 14:20:47.064;RU;AS47-AS1-20180127142020
2018-01-27 14:20:48.832;VU;AS47-AS1-20180127142020
2018-01-27 14:20:54.874;RO;AS47-AS1-20180127142039
2018-01-27 14:20:55.910;SP;AS47-AS1-20180127142039
2018-01-27 14:20:59.178;SQ;AS47-AS1-20180127142059
2018-01-27 14:21:05.596;RC;AS47-AS1-20180127142039
2018-01-27 14:21:06.357;SS;AS47-AS1-20180127142039
2018-01-27 14:21:06.667;RU;AS47-AS1-20180127142027
2018-01-27 14:21:08.440;VU;AS47-AS1-20180127142027
2018-01-27 14:21:11.722;RO;AS47-AS1-20180127142059
2018-01-27 14:21:12.974;SP;AS47-AS1-20180127142059
2018-01-27 14:21:15.006;SQ;AS47-AS1-20180127142115
2018-01-27 14:21:24.514;RU;AS47-AS1-20180127142039
2018-01-27 14:21:24.525;RC;AS47-AS1-20180127142059
2018-01-27 14:21:26.077;SS;AS47-AS1-20180127142059
2018-01-27 14:21:27.080;VU;AS47-AS1-20180127142039
2018-01-27 14:21:33.394;RO;AS47-AS1-20180127142115
2018-01-27 14:21:34.294;SP;AS47-AS1-20180127142115
2018-01-27 14:21:35.848;SQ;AS47-AS1-20180127142135
2018-01-27 14:21:42.068;RC;AS47-AS1-20180127142115
2018-01-27 14:21:42.831;SS;AS47-AS1-20180127142115
2018-01-27 14:21:44.417;RU;AS47-AS1-20180127142059
2018-01-27 14:21:48.406;VU;AS47-AS1-20180127142059
2018-01-27 14:21:52.123;RO;AS47-AS1-20180127142135
2018-01-27 14:21:53.156;SP;AS47-AS1-20180127142135
2018-01-27 14:21:54.715;SQ;AS47-AS1-20180127142154
2018-01-27 14:22:02.810;RU;AS47-AS1-20180127142115
2018-01-27 14:22:03.229;RC;AS47-AS1-20180127142135
2018-01-27 14:22:04.402;SS;AS47-AS1-20180127142135
2018-01-27 14:22:09.384;VU;AS47-AS1-20180127142115
2018-01-27 14:22:16.306;RO;AS47-AS1-20180127142154
2018-01-27 14:22:17.534;SP;AS47-AS1-20180127142154
2018-01-27 14:22:19.078;SQ;AS47-AS1-20180127142219
2018-01-27 14:22:27.259;RC;AS47-AS1-20180127142154
2018-01-27 14:22:27.933;RU;AS47-AS1-20180127142135
2018-01-27 14:22:28.116;SS;AS47-AS1-20180127142154
2018-01-27 14:22:29.834;VU;AS47-AS1-20180127142135
2018-01-27 14:22:34.998;RO;AS47-AS1-20180127142219
2018-01-27 14:22:35.869;SP;AS47-AS1-20180127142219
2018-01-27 14:22:37.420;SQ;AS47-AS1-20180127142237
2018-01-27 14:22:41.708;RC;AS47-AS1-20180127142219
2018-01-27 14:22:42.489;SS;AS47-AS1-20180127142219
2018-01-27 14:22:48.264;RU;AS47-AS1-20180127142154
2018-01-27 14:22:50.027;VU;AS47-AS1-20180127142154
2018-01-27 14:22:55.249;RO;AS47-AS1-20180127142237
2018-01-27 14:22:56.224;SP;AS47-AS1-20180127142237
2018-01-27 14:22:57.782;SQ;AS47-AS1-20180127142257
2018-01-27 14:23:00.048;RU;AS47-AS1-20180127142219
2018-01-27 14:23:00.656;RC;AS47-AS1-20180127142237
2018-01-27 14:23:01.627;SS;AS47-AS1-20180127142237
2018-01-27 14:23:01.981;VU;AS47-AS1-20180127142219
2018-01-27 14:23:13.656;RO;AS47-AS1-20180127142257
2018-01-27 14:23:14.593;SP;AS47-AS1-20180127142257
2018-01-27 14:23:16.152;SQ;AS47-AS1-20180127142316
2018-01-27 14:23:21.774;RC;AS47-AS1-20180127142257
2018-01-27 14:23:21.816;RU;AS47-AS1-20180127142237
2018-01-27 14:23:22.674;RO;AS47-AS1-20180127142316
2018-01-27 14:23:23.300;SS;AS47-AS1-20180127142257
2018-01-27 14:23:24.108;SP;AS47-AS1-20180127142316
2018-01-27 14:23:26.489;SQ;AS47-AS1-20180127142326
2018-01-27 14:23:31.495;VU;AS47-AS1-20180127142237
2018-01-27 14:23:37.593;RC;AS47-AS1-20180127142316
2018-01-27 14:23:38.356;SS;AS47-AS1-20180127142316
2018-01-27 14:23:44.494;RO;AS47-AS1-20180127142326
2018-01-27 14:23:44.494;RU;AS47-AS1-20180127142257
2018-01-27 14:23:46.113;SP;AS47-AS1-20180127142326
2018-01-27 14:23:48.214;SQ;AS47-AS1-20180127142348
2018-01-27 14:23:55.191;RC;AS47-AS1-20180127142326
2018-01-27 14:23:55.342;RU;AS47-AS1-20180127142316
2018-01-27 14:23:55.806;VU;AS47-AS1-20180127142257
2018-01-27 14:23:56.589;SS;AS47-AS1-20180127142326
2018-01-27 14:23:57.767;VU;AS47-AS1-20180127142316
2018-01-27 14:24:06.964;RO;AS47-AS1-20180127142348
2018-01-27 14:24:08.029;SP;AS47-AS1-20180127142348
2018-01-27 14:24:09.604;SQ;AS47-AS1-20180127142409
2018-01-27 14:24:18.124;RC;AS47-AS1-20180127142348
2018-01-27 14:24:18.845;RU;AS47-AS1-20180127142326
2018-01-27 14:24:19.002;SS;AS47-AS1-20180127142348
2018-01-27 14:24:20.718;VU;AS47-AS1-20180127142326
2018-01-27 14:24:24.223;RO;AS47-AS1-20180127142409
2018-01-27 14:24:25.398;SP;AS47-AS1-20180127142409
2018-01-27 14:24:26.960;SQ;AS47-AS1-20180127142426
2018-01-27 14:24:35.915;RC;AS47-AS1-20180127142409
2018-01-27 14:24:36.687;SS;AS47-AS1-20180127142409
2018-01-27 14:24:37.637;RU;AS47-AS1-20180127142348
2018-01-27 14:24:39.407;VU;AS47-AS1-20180127142348
2018-01-27 14:24:54.567;RO;AS47-AS1-20180127142426
2018-01-27 14:24:55.803;SP;AS47-AS1-20180127142426
2018-01-27 14:24:57.405;SQ;AS47-AS1-20180127142457
2018-01-27 14:24:59.279;RU;AS47-AS1-20180127142409
2018-01-27 14:25:03.462;VU;AS47-AS1-20180127142409
2018-01-27 14:25:05.579;RC;AS47-AS1-20180127142426
2018-01-27 14:25:06.386;SS;AS47-AS1-20180127142426
2018-01-27 14:25:11.456;RO;AS47-AS1-20180127142457
2018-01-27 14:25:12.702;SP;AS47-AS1-20180127142457
2018-01-27 14:25:14.266;SQ;AS47-AS1-20180127142514
2018-01-27 14:25:21.945;RC;AS47-AS1-20180127142457
2018-01-27 14:25:22.747;SS;AS47-AS1-20180127142457
2018-01-27 14:25:23.712;RU;AS47-AS1-20180127142426
2018-01-27 14:25:25.489;VU;AS47-AS1-20180127142426
2018-01-27 14:25:29.645;RO;AS47-AS1-20180127142514
2018-01-27 14:25:30.566;SP;AS47-AS1-20180127142514
2018-01-27 14:25:32.139;SQ;AS47-AS1-20180127142532
2018-01-27 14:25:32.429;RC;AS47-AS1-20180127142514
2018-01-27 14:25:33.210;SS;AS47-AS1-20180127142514
2018-01-27 14:25:49.313;RO;AS47-AS1-20180127142532
2018-01-27 14:25:49.556;RU;AS47-AS1-20180127142457
2018-01-27 14:25:50.139;RU;AS47-AS1-20180127142514
2018-01-27 14:25:52.102;SP;AS47-AS1-20180127142532
2018-01-27 14:25:52.560;VU;AS47-AS1-20180127142457
2018-01-27 14:25:56.530;SQ;AS47-AS1-20180127142556
2018-01-27 14:26:04.557;RC;AS47-AS1-20180127142532
2018-01-27 14:26:06.109;SS;AS47-AS1-20180127142532
2018-01-27 14:26:11.673;RO;AS47-AS1-20180127142556
2018-01-27 14:26:13.029;SP;AS47-AS1-20180127142556
2018-01-27 14:26:15.189;SQ;AS47-AS1-20180127142615
2018-01-27 14:26:22.262;RC;AS47-AS1-20180127142556
2018-01-27 14:26:23.763;SS;AS47-AS1-20180127142556
2018-01-27 14:26:26.032;RU;AS47-AS1-20180127142532
2018-01-27 14:26:29.807;VU;AS47-AS1-20180127142532
2018-01-27 14:26:30.775;RO;AS47-AS1-20180127142615
2018-01-27 14:26:32.178;SP;AS47-AS1-20180127142615
2018-01-27 14:26:34.320;SQ;AS47-AS1-20180127142634
2018-01-27 14:26:41.440;RC;AS47-AS1-20180127142615
2018-01-27 14:26:44.103;RU;AS47-AS1-20180127142556
2018-01-27 14:26:44.746;SS;AS47-AS1-20180127142615
2018-01-27 14:26:46.426;VU;AS47-AS1-20180127142556
2018-01-27 14:26:49.912;RO;AS47-AS1-20180127142634
2018-01-27 14:26:51.260;SP;AS47-AS1-20180127142634
2018-01-27 14:26:53.523;SQ;AS47-AS1-20180127142653
2018-01-27 14:26:59.124;RC;AS47-AS1-20180127142634
2018-01-27 14:27:01.450;SS;AS47-AS1-20180127142634
2018-01-27 14:27:08.613;RU;AS47-AS1-20180127142615
2018-01-27 14:27:10.604;VU;AS47-AS1-20180127142615
2018-01-27 14:27:11.196;RO;AS47-AS1-20180127142653
2018-01-27 14:27:12.773;SP;AS47-AS1-20180127142653
2018-01-27 14:27:14.883;SQ;AS47-AS1-20180127142714
2018-01-27 14:27:24.207;RC;AS47-AS1-20180127142653
2018-01-27 14:27:24.613;RU;AS47-AS1-20180127142634
2018-01-27 14:27:25.714;SS;AS47-AS1-20180127142653
2018-01-27 14:27:27.570;VU;AS47-AS1-20180127142634
2018-01-27 14:27:31.845;RO;AS47-AS1-20180127142714
2018-01-27 14:27:33.284;SP;AS47-AS1-20180127142714
2018-01-27 14:27:35.657;SQ;AS47-AS1-20180127142735
2018-01-27 14:27:42.641;RC;AS47-AS1-20180127142714
2018-01-27 14:27:43.404;SS;AS47-AS1-20180127142714
2018-01-27 14:27:46.132;RU;AS47-AS1-20180127142653
2018-01-27 14:27:52.992;VU;AS47-AS1-20180127142653
2018-01-27 14:27:55.957;RO;AS47-AS1-20180127142735
2018-01-27 14:27:57.441;SP;AS47-AS1-20180127142735
2018-01-27 14:27:59.775;SQ;AS47-AS1-20180127142759
2018-01-27 14:28:05.691;RC;AS47-AS1-20180127142735
2018-01-27 14:28:06.647;SS;AS47-AS1-20180127142735
2018-01-27 14:28:07.660;RU;AS47-AS1-20180127142714
2018-01-27 14:28:09.616;VU;AS47-AS1-20180127142714
2018-01-27 14:28:17.143;RO;AS47-AS1-20180127142759
2018-01-27 14:28:18.245;SP;AS47-AS1-20180127142759
2018-01-27 14:28:22.666;SQ;AS47-AS1-20180127142822
2018-01-27 14:28:23.612;RC;AS47-AS1-20180127142759
2018-01-27 14:28:24.630;SS;AS47-AS1-20180127142759
2018-01-27 14:28:40.318;RU;AS47-AS1-20180127142735
2018-01-27 14:28:40.891;RO;AS47-AS1-20180127142822
2018-01-27 14:28:42.742;SP;AS47-AS1-20180127142822
2018-01-27 14:28:42.757;VU;AS47-AS1-20180127142735
2018-01-27 14:28:44.101;RU;AS47-AS1-20180127142759
2018-01-27 14:28:45.686;SQ;AS47-AS1-20180127142845
2018-01-27 14:28:51.380;RC;AS47-AS1-20180127142822
2018-01-27 14:28:54.234;SS;AS47-AS1-20180127142822
2018-01-27 14:28:55.424;VU;AS47-AS1-20180127142759
2018-01-27 14:29:01.823;RO;AS47-AS1-20180127142845
2018-01-27 14:29:03.013;SP;AS47-AS1-20180127142845
2018-01-27 14:29:05.404;SQ;AS47-AS1-20180127142905
2018-01-27 14:29:17.720;RC;AS47-AS1-20180127142845
2018-01-27 14:29:17.991;RU;AS47-AS1-20180127142822
2018-01-27 14:29:19.502;SS;AS47-AS1-20180127142845
2018-01-27 14:29:20.777;VU;AS47-AS1-20180127142822
2018-01-27 14:29:21.706;RO;AS47-AS1-20180127142905
2018-01-27 14:29:22.973;SP;AS47-AS1-20180127142905
2018-01-27 14:29:25.857;SQ;AS47-AS1-20180127142925
2018-01-27 14:29:33.025;RC;AS47-AS1-20180127142905
2018-01-27 14:29:33.853;SS;AS47-AS1-20180127142905
2018-01-27 14:29:35.264;RU;AS47-AS1-20180127142845
2018-01-27 14:29:41.541;RO;AS47-AS1-20180127142925
2018-01-27 14:29:43.410;SP;AS47-AS1-20180127142925
2018-01-27 14:29:43.510;VU;AS47-AS1-20180127142845
2018-01-27 14:29:45.516;SQ;AS47-AS1-20180127142945
2018-01-27 14:29:47.688;RC;AS47-AS1-20180127142925
2018-01-27 14:29:48.628;SS;AS47-AS1-20180127142925
2018-01-27 14:29:58.558;RU;AS47-AS1-20180127142905
2018-01-27 14:30:00.087;RO;AS47-AS1-20180127142945
2018-01-27 14:30:01.553;SP;AS47-AS1-20180127142945
2018-01-27 14:30:01.886;VU;AS47-AS1-20180127142905
2018-01-27 14:30:08.831;RU;AS47-AS1-20180127142925
2018-01-27 14:30:08.944;RC;AS47-AS1-20180127142945
2018-01-27 14:30:11.187;SS;AS47-AS1-20180127142945
2018-01-27 14:30:23.229;RU;AS47-AS1-20180127142945
2018-01-27 14:30:34.921;VU;AS47-AS1-20180127142945
