2018-01-27 14:20:21.851;SQ;AS48-AS1-20180127142021
2018-01-27 14:20:27.627;RO;AS48-AS1-20180127142021
2018-01-27 14:20:28.646;SP;AS48-AS1-20180127142021
2018-01-27 14:20:30.182;SQ;AS48-AS1-20180127142030
2018-01-27 14:20:33.993;RC;AS48-AS1-20180127142021
2018-01-27 14:20:34.761;SS;AS48-AS1-20180127142021
2018-01-27 14:20:50.098;RO;AS48-AS1-20180127142030
2018-01-27 14:20:50.992;SP;AS48-AS1-20180127142030
2018-01-27 14:20:52.159;RU;AS48-AS1-20180127142021
2018-01-27 14:20:52.871;SQ;AS48-AS1-20180127142052
2018-01-27 14:21:00.595;VU;AS48-AS1-20180127142021
2018-01-27 14:21:00.896;RC;AS48-AS1-20180127142030
2018-01-27 14:21:01.662;SS;AS48-AS1-20180127142030
2018-01-27 14:21:09.488;RO;AS48-AS1-20180127142052
2018-01-27 14:21:10.655;SP;AS48-AS1-20180127142052
2018-01-27 14:21:12.191;SQ;AS48-AS1-20180127142112
2018-01-27 14:21:24.423;RU;AS48-AS1-20180127142030
2018-01-27 14:21:24.550;RC;AS48-AS1-20180127142052
2018-01-27 14:21:25.988;SS;AS48-AS1-20180127142052
2018-01-27 14:21:26.853;VU;AS48-AS1-20180127142030
2018-01-27 14:21:31.335;RO;AS48-AS1-20180127142112
2018-01-27 14:21:32.604;SP;AS48-AS1-20180127142112
2018-01-27 14:21:34.147;SQ;AS48-AS1-20180127142134
2018-01-27 14:21:43.336;RC;AS48-AS1-20180127142112
2018-01-27 14:21:43.924;RU;AS48-AS1-20180127142052
2018-01-27 14:21:44.255;SS;AS48-AS1-20180127142112
2018-01-27 14:21:46.661;RO;AS48-AS1-20180127142134
2018-01-27 14:21:48.266;SP;AS48-AS1-20180127142134
2018-01-27 14:21:48.616;VU;AS48-AS1-20180127142052
2018-01-27 14:21:49.804;SQ;AS48-AS1-20180127142149
2018-01-27 14:21:52.144;RC;AS48-AS1-20180127142134
2018-01-27 14:21:52.935;SS;AS48-AS1-20180127142134
2018-01-27 14:22:02.216;RU;AS48-AS1-20180127142112
2018-01-27 14:22:06.923;RO;AS48-AS1-20180127142149
2018-01-27 14:22:08.212;SP;AS48-AS1-20180127142149
2018-01-27 14:22:08.532;VU;AS48-AS1-20180127142112
2018-01-27 14:22:09.740;SQ;AS48-AS1-20180127142209
2018-01-27 14:22:16.297;RU;AS48-AS1-20180127142134
2018-01-27 14:22:16.554;RC;AS48-AS1-20180127142149
2018-01-27 14:22:17.872;SS;AS48-AS1-20180127142149
2018-01-27 14:22:18.553;VU;AS48-AS1-20180127142134
2018-01-27 14:22:19.010;RO;AS48-AS1-20180127142209
2018-01-27 14:22:20.425;SP;AS48-AS1-20180127142209
2018-01-27 14:22:23.643;SQ;AS48-AS1-20180127142223
2018-01-27 14:22:29.263;RC;AS48-AS1-20180127142209
2018-01-27 14:22:30.050;SS;AS48-AS1-20180127142209
2018-01-27 14:22:37.551;RU;AS48-AS1-20180127142149
2018-01-27 14:22:40.216;RO;AS48-AS1-20180127142223
2018-01-27 14:22:42.069;SP;AS48-AS1-20180127142223
2018-01-27 14:22:42.541;VU;AS48-AS1-20180127142149
2018-01-27 14:22:43.597;SQ;AS48-AS1-20180127142243
2018-01-27 14:22:49.558;RU;AS48-AS1-20180127142209
2018-01-27 14:22:51.339;RC;AS48-AS1-20180127142223
2018-01-27 14:22:52.872;SS;AS48-AS1-20180127142223
2018-01-27 14:22:56.062;VU;AS48-AS1-20180127142209
2018-01-27 14:22:58.932;RO;AS48-AS1-20180127142243
2018-01-27 14:22:59.893;SP;AS48-AS1-20180127142243
2018-01-27 14:23:01.500;SQ;AS48-AS1-20180127142301
2018-01-27 14:23:08.126;RC;AS48-AS1-20180127142243
2018-01-27 14:23:08.895;SS;AS48-AS1-20180127142243
2018-01-27 14:23:13.289;RU;AS48-AS1-20180127142223
2018-01-27 14:23:15.074;VU;AS48-AS1-20180127142223
2018-01-27 14:23:21.705;RO;AS48-AS1-20180127142301
2018-01-27 14:23:22.798;SP;AS48-AS1-20180127142301
2018-01-27 14:23:24.370;SQ;AS48-AS1-20180127142324
2018-01-27 14:23:28.156;RC;AS48-AS1-20180127142301
2018-01-27 14:23:29.775;SS;AS48-AS1-20180127142301
2018-01-27 14:23:37.568;RU;AS48-AS1-20180127142243
2018-01-27 14:23:39.355;VU;AS48-AS1-20180127142243
2018-01-27 14:23:44.184;RO;AS48-AS1-20180127142324
2018-01-27 14:23:45.157;SP;AS48-AS1-20180127142324
2018-01-27 14:23:46.684;SQ;AS48-AS1-20180127142346
2018-01-27 14:23:50.410;RU;AS48-AS1-20180127142301
2018-01-27 14:23:54.944;RC;AS48-AS1-20180127142324
2018-01-27 14:23:55.478;VU;AS48-AS1-20180127142301
2018-01-27 14:23:55.733;SS;AS48-AS1-20180127142324
2018-01-27 14:24:01.839;RO;AS48-AS1-20180127142346
2018-01-27 14:24:02.981;SP;AS48-AS1-20180127142346
2018-01-27 14:24:04.518;SQ;AS48-AS1-20180127142404
2018-01-27 14:24:09.716;RC;AS48-AS1-20180127142346
2018-01-27 14:24:10.503;SS;AS48-AS1-20180127142346
2018-01-27 14:24:17.828;RU;AS48-AS1-20180127142324
2018-01-27 14:24:19.606;VU;AS48-AS1-20180127142324
2018-01-27 14:24:24.179;RO;AS48-AS1-20180127142404
2018-01-27 14:24:25.333;SP;AS48-AS1-20180127142404
2018-01-27 14:24:26.858;SQ;AS48-AS1-20180127142426
2018-01-27 14:24:36.024;RC;AS48-AS1-20180127142404
2018-01-27 14:24:36.791;SS;AS48-AS1-20180127142404
2018-01-27 14:24:38.364;RU;AS48-AS1-20180127142346
2018-01-27 14:24:40.117;VU;AS48-AS1-20180127142346
2018-01-27 14:24:43.812;RO;AS48-AS1-20180127142426
2018-01-27 14:24:44.635;SP;AS48-AS1-20180127142426
2018-01-27 14:24:46.880;SQ;AS48-AS1-20180127142446
2018-01-27 14:24:50.122;RC;AS48-AS1-20180127142426
2018-01-27 14:24:50.873;SS;AS48-AS1-20180127142426
2018-01-27 14:24:55.436;RU;AS48-AS1-20180127142404
2018-01-27 14:25:02.028;RO;AS48-AS1-20180127142446
2018-01-27 14:25:03.225;SP;AS48-AS1-20180127142446
2018-01-27 14:25:03.461;VU;AS48-AS1-20180127142404
2018-01-27 14:25:04.773;SQ;AS48-AS1-20180127142504
2018-01-27 14:25:07.367;RU;AS48-AS1-20180127142426
2018-01-27 14:25:07.723;RC;AS48-AS1-20180127142446
2018-01-27 14:25:08.952;SS;AS48-AS1-20180127142446
2018-01-27 14:25:09.480;VU;AS48-AS1-20180127142426
2018-01-27 14:25:19.376;RO;AS48-AS1-20180127142504
2018-01-27 14:25:20.549;SP;AS48-AS1-20180127142504
2018-01-27 14:25:22.134;SQ;AS48-AS1-20180127142522
2018-01-27 14:25:29.422;RU;AS48-AS1-20180127142446
2018-01-27 14:25:29.487;RC;AS48-AS1-20180127142504
2018-01-27 14:25:30.328;RO;AS48-AS1-20180127142522
2018-01-27 14:25:31.156;SS;AS48-AS1-20180127142504
2018-01-27 14:25:31.758;SP;AS48-AS1-20180127142522
2018-01-27 14:25:34.345;SQ;AS48-AS1-20180127142534
2018-01-27 14:25:39.016;VU;AS48-AS1-20180127142446
2018-01-27 14:25:41.548;RC;AS48-AS1-20180127142522
2018-01-27 14:25:42.321;SS;AS48-AS1-20180127142522
2018-01-27 14:25:51.047;RO;AS48-AS1-20180127142534
2018-01-27 14:25:52.456;RU;AS48-AS1-20180127142504
2018-01-27 14:25:53.398;SP;AS48-AS1-20180127142534
2018-01-27 14:25:56.446;VU;AS48-AS1-20180127142504
2018-01-27 14:25:56.532;SQ;AS48-AS1-20180127142556
2018-01-27 14:26:03.946;RU;AS48-AS1-20180127142522
2018-01-27 14:26:04.790;RC;AS48-AS1-20180127142534
2018-01-27 14:26:05.572;SS;AS48-AS1-20180127142534
2018-01-27 14:26:05.715;VU;AS48-AS1-20180127142522
2018-01-27 14:26:10.583;RO;AS48-AS1-20180127142556
2018-01-27 14:26:11.848;SP;AS48-AS1-20180127142556
2018-01-27 14:26:13.403;SQ;AS48-AS1-20180127142613
2018-01-27 14:26:20.726;RC;AS48-AS1-20180127142556
2018-01-27 14:26:21.490;SS;AS48-AS1-20180127142556
2018-01-27 14:26:23.814;RU;AS48-AS1-20180127142534
2018-01-27 14:26:30.070;VU;AS48-AS1-20180127142534
2018-01-27 14:26:31.086;RO;AS48-AS1-20180127142613
2018-01-27 14:26:32.207;SP;AS48-AS1-20180127142613
2018-01-27 14:26:33.762;SQ;AS48-AS1-20180127142633
2018-01-27 14:26:39.756;RU;AS48-AS1-20180127142556
2018-01-27 14:26:42.192;RC;AS48-AS1-20180127142613
2018-01-27 14:26:44.571;SS;AS48-AS1-20180127142613
2018-01-27 14:26:46.717;VU;AS48-AS1-20180127142556
2018-01-27 14:26:49.981;RO;AS48-AS1-20180127142633
2018-01-27 14:26:51.048;SP;AS48-AS1-20180127142633
2018-01-27 14:26:52.592;SQ;AS48-AS1-20180127142652
2018-01-27 14:26:57.364;RC;AS48-AS1-20180127142633
2018-01-27 14:26:58.819;SS;AS48-AS1-20180127142633
2018-01-27 14:27:08.623;RU;AS48-AS1-20180127142613
2018-01-27 14:27:10.419;VU;AS48-AS1-20180127142613
2018-01-27 14:27:12.019;RO;AS48-AS1-20180127142652
2018-01-27 14:27:12.891;SP;AS48-AS1-20180127142652
2018-01-27 14:27:14.485;SQ;AS48-AS1-20180127142714
2018-01-27 14:27:25.022;RU;AS48-AS1-20180127142633
2018-01-27 14:27:25.093;RC;AS48-AS1-20180127142652
2018-01-27 14:27:26.615;SS;AS48-AS1-20180127142652
2018-01-27 14:27:27.529;VU;AS48-AS1-20180127142633
2018-01-27 14:27:31.226;RO;AS48-AS1-20180127142714
2018-01-27 14:27:32.602;SP;AS48-AS1-20180127142714
2018-01-27 14:27:34.168;SQ;AS48-AS1-20180127142734
2018-01-27 14:27:39.326;RC;AS48-AS1-20180127142714
2018-01-27 14:27:40.119;SS;AS48-AS1-20180127142714
2018-01-27 14:27:48.346;RU;AS48-AS1-20180127142652
2018-01-27 14:27:50.666;VU;AS48-AS1-20180127142652
2018-01-27 14:27:51.897;RO;AS48-AS1-20180127142734
2018-01-27 14:27:52.961;SP;AS48-AS1-20180127142734
2018-01-27 14:27:54.495;SQ;AS48-AS1-20180127142754
2018-01-27 14:27:57.216;RC;AS48-AS1-20180127142734
2018-01-27 14:27:57.981;SS;AS48-AS1-20180127142734
2018-01-27 14:27:59.272;RU;AS48-AS1-20180127142714
2018-01-27 14:28:07.284;VU;AS48-AS1-20180127142714
2018-01-27 14:28:08.680;RO;AS48-AS1-20180127142754
2018-01-27 14:28:09.785;SP;AS48-AS1-20180127142754
2018-01-27 14:28:11.324;SQ;AS48-AS1-20180127142811
2018-01-27 14:28:17.488;RC;AS48-AS1-20180127142754
2018-01-27 14:28:17.530;RU;AS48-AS1-20180127142734
2018-01-27 14:28:19.403;SS;AS48-AS1-20180127142754
2018-01-27 14:28:20.970;RO;AS48-AS1-20180127142811
2018-01-27 14:28:22.555;SP;AS48-AS1-20180127142811
2018-01-27 14:28:23.092;VU;AS48-AS1-20180127142734
2018-01-27 14:28:24.126;SQ;AS48-AS1-20180127142824
2018-01-27 14:28:32.292;RC;AS48-AS1-20180127142811
2018-01-27 14:28:33.050;SS;AS48-AS1-20180127142811
2018-01-27 14:28:40.810;RU;AS48-AS1-20180127142754
2018-01-27 14:28:41.392;RO;AS48-AS1-20180127142824
2018-01-27 14:28:42.437;SP;AS48-AS1-20180127142824
2018-01-27 14:28:42.605;VU;AS48-AS1-20180127142754
2018-01-27 14:28:43.971;SQ;AS48-AS1-20180127142843
2018-01-27 14:28:50.356;RC;AS48-AS1-20180127142824
2018-01-27 14:28:51.900;SS;AS48-AS1-20180127142824
2018-01-27 14:28:53.756;RU;AS48-AS1-20180127142811
2018-01-27 14:28:55.531;VU;AS48-AS1-20180127142811
2018-01-27 14:29:01.245;RO;AS48-AS1-20180127142843
2018-01-27 14:29:02.275;SP;AS48-AS1-20180127142843
2018-01-27 14:29:03.827;SQ;AS48-AS1-20180127142903
2018-01-27 14:29:06.659;RC;AS48-AS1-20180127142843
2018-01-27 14:29:07.623;SS;AS48-AS1-20180127142843
2018-01-27 14:29:17.744;RU;AS48-AS1-20180127142824
2018-01-27 14:29:19.511;VU;AS48-AS1-20180127142824
2018-01-27 14:29:21.296;RO;AS48-AS1-20180127142903
2018-01-27 14:29:22.112;SP;AS48-AS1-20180127142903
2018-01-27 14:29:23.664;SQ;AS48-AS1-20180127142923
2018-01-27 14:29:32.226;RU;AS48-AS1-20180127142843
2018-01-27 14:29:33.128;RC;AS48-AS1-20180127142903
2018-01-27 14:29:33.890;SS;AS48-AS1-20180127142903
2018-01-27 14:29:33.980;VU;AS48-AS1-20180127142843
2018-01-27 14:29:40.707;RO;AS48-AS1-20180127142923
2018-01-27 14:29:41.973;SP;AS48-AS1-20180127142923
2018-01-27 14:29:45.812;RC;AS48-AS1-20180127142923
2018-01-27 14:29:46.571;SS;AS48-AS1-20180127142923
2018-01-27 14:29:49.147;RU;AS48-AS1-20180127142903
2018-01-27 14:30:01.162;VU;AS48-AS1-20180127142903
2018-01-27 14:30:09.067;RU;AS48-AS1-20180127142923
2018-01-27 14:30:10.840;VU;AS48-AS1-20180127142923
