2018-01-27 14:20:24.505;SQ;AS8-AS1-20180127142024
2018-01-27 14:20:34.667;RO;AS8-AS1-20180127142024
2018-01-27 14:20:35.830;SP;AS8-AS1-20180127142024
2018-01-27 14:20:37.516;SQ;AS8-AS1-20180127142037
2018-01-27 14:20:44.005;RC;AS8-AS1-20180127142024
2018-01-27 14:20:44.854;SS;AS8-AS1-20180127142024
2018-01-27 14:20:50.017;RO;AS8-AS1-20180127142037
2018-01-27 14:20:50.841;SP;AS8-AS1-20180127142037
2018-01-27 14:20:52.464;SQ;AS8-AS1-20180127142052
2018-01-27 14:20:59.949;RC;AS8-AS1-20180127142037
2018-01-27 14:21:00.782;SS;AS8-AS1-20180127142037
2018-01-27 14:21:06.328;RU;AS8-AS1-20180127142024
2018-01-27 14:21:08.150;RO;AS8-AS1-20180127142052
2018-01-27 14:21:08.178;VU;AS8-AS1-20180127142024
2018-01-27 14:21:09.308;SP;AS8-AS1-20180127142052
2018-01-27 14:21:10.933;SQ;AS8-AS1-20180127142110
2018-01-27 14:21:17.614;RC;AS8-AS1-20180127142052
2018-01-27 14:21:18.433;SS;AS8-AS1-20180127142052
2018-01-27 14:21:19.882;RU;AS8-AS1-20180127142037
2018-01-27 14:21:21.685;VU;AS8-AS1-20180127142037
2018-01-27 14:21:26.720;RO;AS8-AS1-20180127142110
2018-01-27 14:21:27.774;SP;AS8-AS1-20180127142110
2018-01-27 14:21:29.399;SQ;AS8-AS1-20180127142129
2018-01-27 14:21:34.522;RC;AS8-AS1-20180127142110
2018-01-27 14:21:34.940;RU;AS8-AS1-20180127142052
2018-01-27 14:21:35.681;SS;AS8-AS1-20180127142110
2018-01-27 14:21:37.163;VU;AS8-AS1-20180127142052
2018-01-27 14:21:49.477;RO;AS8-AS1-20180127142129
2018-01-27 14:21:50.743;SP;AS8-AS1-20180127142129
2018-01-27 14:21:52.343;SQ;AS8-AS1-20180127142152
2018-01-27 14:21:58.882;RC;AS8-AS1-20180127142129
2018-01-27 14:21:59.255;RU;AS8-AS1-20180127142110
2018-01-27 14:22:00.036;SS;AS8-AS1-20180127142129
2018-01-27 14:22:01.505;VU;AS8-AS1-20180127142110
2018-01-27 14:22:16.464;RU;AS8-AS1-20180127142129
2018-01-27 14:22:16.543;RO;AS8-AS1-20180127142152
2018-01-27 14:22:18.109;SP;AS8-AS1-20180127142152
2018-01-27 14:22:21.413;SQ;AS8-AS1-20180127142221
2018-01-27 14:22:27.266;RC;AS8-AS1-20180127142152
2018-01-27 14:22:28.060;SS;AS8-AS1-20180127142152
2018-01-27 14:22:38.858;RO;AS8-AS1-20180127142221
2018-01-27 14:22:41.721;SP;AS8-AS1-20180127142221
2018-01-27 14:22:43.906;SQ;AS8-AS1-20180127142243
2018-01-27 14:22:48.134;RU;AS8-AS1-20180127142152
2018-01-27 14:22:49.219;RC;AS8-AS1-20180127142221
2018-01-27 14:22:50.069;VU;AS8-AS1-20180127142152
2018-01-27 14:22:50.616;SS;AS8-AS1-20180127142221
2018-01-27 14:22:58.201;RO;AS8-AS1-20180127142243
2018-01-27 14:22:59.243;SP;AS8-AS1-20180127142243
2018-01-27 14:23:01.759;SQ;AS8-AS1-20180127142301
2018-01-27 14:23:07.691;RC;AS8-AS1-20180127142243
2018-01-27 14:23:09.314;SS;AS8-AS1-20180127142243
2018-01-27 14:23:13.448;RU;AS8-AS1-20180127142221
2018-01-27 14:23:15.678;VU;AS8-AS1-20180127142221
2018-01-27 14:23:21.215;RO;AS8-AS1-20180127142301
2018-01-27 14:23:22.242;SP;AS8-AS1-20180127142301
2018-01-27 14:23:23.690;RC;AS8-AS1-20180127142301
2018-01-27 14:23:25.366;SQ;AS8-AS1-20180127142325
2018-01-27 14:23:25.590;SS;AS8-AS1-20180127142301
2018-01-27 14:23:37.945;RU;AS8-AS1-20180127142243
2018-01-27 14:23:39.898;VU;AS8-AS1-20180127142243
2018-01-27 14:23:40.775;RO;AS8-AS1-20180127142325
2018-01-27 14:23:42.398;SP;AS8-AS1-20180127142325
2018-01-27 14:23:44.664;SQ;AS8-AS1-20180127142344
2018-01-27 14:23:48.075;RU;AS8-AS1-20180127142301
2018-01-27 14:23:51.977;RC;AS8-AS1-20180127142325
2018-01-27 14:23:55.958;SS;AS8-AS1-20180127142325
2018-01-27 14:23:58.106;VU;AS8-AS1-20180127142301
2018-01-27 14:24:02.655;RO;AS8-AS1-20180127142344
2018-01-27 14:24:03.768;SP;AS8-AS1-20180127142344
2018-01-27 14:24:06.179;SQ;AS8-AS1-20180127142406
2018-01-27 14:24:12.786;RC;AS8-AS1-20180127142344
2018-01-27 14:24:15.076;SS;AS8-AS1-20180127142344
2018-01-27 14:24:17.012;RU;AS8-AS1-20180127142325
2018-01-27 14:24:19.309;VU;AS8-AS1-20180127142325
2018-01-27 14:24:24.002;RO;AS8-AS1-20180127142406
2018-01-27 14:24:25.022;SP;AS8-AS1-20180127142406
2018-01-27 14:24:27.497;SQ;AS8-AS1-20180127142427
2018-01-27 14:24:28.752;RC;AS8-AS1-20180127142406
2018-01-27 14:24:31.149;SS;AS8-AS1-20180127142406
2018-01-27 14:24:36.803;RU;AS8-AS1-20180127142344
2018-01-27 14:24:39.481;VU;AS8-AS1-20180127142344
2018-01-27 14:24:46.836;RO;AS8-AS1-20180127142427
2018-01-27 14:24:49.071;SP;AS8-AS1-20180127142427
2018-01-27 14:24:49.536;RU;AS8-AS1-20180127142406
2018-01-27 14:24:52.402;SQ;AS8-AS1-20180127142452
2018-01-27 14:24:52.777;VU;AS8-AS1-20180127142406
2018-01-27 14:25:06.073;RC;AS8-AS1-20180127142427
2018-01-27 14:25:06.687;RO;AS8-AS1-20180127142452
2018-01-27 14:25:06.886;SS;AS8-AS1-20180127142427
2018-01-27 14:25:08.395;SP;AS8-AS1-20180127142452
2018-01-27 14:25:10.657;SQ;AS8-AS1-20180127142510
2018-01-27 14:25:17.718;RC;AS8-AS1-20180127142452
2018-01-27 14:25:20.088;SS;AS8-AS1-20180127142452
2018-01-27 14:25:23.746;RU;AS8-AS1-20180127142427
2018-01-27 14:25:25.825;VU;AS8-AS1-20180127142427
2018-01-27 14:25:29.567;RO;AS8-AS1-20180127142510
2018-01-27 14:25:30.536;SP;AS8-AS1-20180127142510
2018-01-27 14:25:33.000;RC;AS8-AS1-20180127142510
2018-01-27 14:25:33.017;SQ;AS8-AS1-20180127142533
2018-01-27 14:25:34.524;SS;AS8-AS1-20180127142510
2018-01-27 14:25:42.037;RU;AS8-AS1-20180127142452
2018-01-27 14:25:44.397;VU;AS8-AS1-20180127142452
2018-01-27 14:25:53.687;RU;AS8-AS1-20180127142510
2018-01-27 14:25:55.008;RO;AS8-AS1-20180127142533
2018-01-27 14:25:56.481;VU;AS8-AS1-20180127142510
2018-01-27 14:25:56.690;SP;AS8-AS1-20180127142533
2018-01-27 14:25:59.136;SQ;AS8-AS1-20180127142559
2018-01-27 14:26:04.295;RC;AS8-AS1-20180127142533
2018-01-27 14:26:05.466;SS;AS8-AS1-20180127142533
2018-01-27 14:26:12.100;RO;AS8-AS1-20180127142559
2018-01-27 14:26:13.432;SP;AS8-AS1-20180127142559
2018-01-27 14:26:15.945;SQ;AS8-AS1-20180127142615
2018-01-27 14:26:23.144;RC;AS8-AS1-20180127142559
2018-01-27 14:26:23.956;SS;AS8-AS1-20180127142559
2018-01-27 14:26:25.024;RU;AS8-AS1-20180127142533
2018-01-27 14:26:30.592;VU;AS8-AS1-20180127142533
2018-01-27 14:26:32.076;RO;AS8-AS1-20180127142615
2018-01-27 14:26:33.467;SP;AS8-AS1-20180127142615
2018-01-27 14:26:35.760;SQ;AS8-AS1-20180127142635
2018-01-27 14:26:43.080;RU;AS8-AS1-20180127142559
2018-01-27 14:26:43.464;RC;AS8-AS1-20180127142615
2018-01-27 14:26:46.204;SS;AS8-AS1-20180127142615
2018-01-27 14:26:46.609;VU;AS8-AS1-20180127142559
2018-01-27 14:26:49.978;RO;AS8-AS1-20180127142635
2018-01-27 14:26:51.250;SP;AS8-AS1-20180127142635
2018-01-27 14:26:53.520;SQ;AS8-AS1-20180127142653
2018-01-27 14:26:58.304;RC;AS8-AS1-20180127142635
2018-01-27 14:27:00.557;SS;AS8-AS1-20180127142635
2018-01-27 14:27:08.786;RU;AS8-AS1-20180127142615
2018-01-27 14:27:10.983;VU;AS8-AS1-20180127142615
2018-01-27 14:27:12.127;RO;AS8-AS1-20180127142653
2018-01-27 14:27:14.013;SP;AS8-AS1-20180127142653
2018-01-27 14:27:17.374;SQ;AS8-AS1-20180127142717
2018-01-27 14:27:19.232;RU;AS8-AS1-20180127142635
2018-01-27 14:27:21.308;VU;AS8-AS1-20180127142635
2018-01-27 14:27:24.898;RC;AS8-AS1-20180127142653
2018-01-27 14:27:25.965;SS;AS8-AS1-20180127142653
2018-01-27 14:27:30.586;RO;AS8-AS1-20180127142717
2018-01-27 14:27:32.605;SP;AS8-AS1-20180127142717
2018-01-27 14:27:34.998;SQ;AS8-AS1-20180127142734
2018-01-27 14:27:40.217;RC;AS8-AS1-20180127142717
2018-01-27 14:27:41.709;SS;AS8-AS1-20180127142717
2018-01-27 14:27:47.364;RU;AS8-AS1-20180127142653
2018-01-27 14:27:52.676;VU;AS8-AS1-20180127142653
2018-01-27 14:27:56.460;RO;AS8-AS1-20180127142734
2018-01-27 14:27:56.681;RU;AS8-AS1-20180127142717
2018-01-27 14:27:58.248;SP;AS8-AS1-20180127142734
2018-01-27 14:28:02.130;SQ;AS8-AS1-20180127142802
2018-01-27 14:28:04.186;RC;AS8-AS1-20180127142734
2018-01-27 14:28:07.473;SS;AS8-AS1-20180127142734
2018-01-27 14:28:08.867;VU;AS8-AS1-20180127142717
2018-01-27 14:28:17.498;RO;AS8-AS1-20180127142802
2018-01-27 14:28:19.732;SP;AS8-AS1-20180127142802
2018-01-27 14:28:23.725;SQ;AS8-AS1-20180127142823
2018-01-27 14:28:27.009;RC;AS8-AS1-20180127142802
2018-01-27 14:28:27.838;SS;AS8-AS1-20180127142802
2018-01-27 14:28:30.744;RU;AS8-AS1-20180127142734
2018-01-27 14:28:32.577;VU;AS8-AS1-20180127142734
2018-01-27 14:28:41.824;RO;AS8-AS1-20180127142823
2018-01-27 14:28:43.193;SP;AS8-AS1-20180127142823
2018-01-27 14:28:45.467;SQ;AS8-AS1-20180127142845
2018-01-27 14:28:51.910;RC;AS8-AS1-20180127142823
2018-01-27 14:28:52.201;RU;AS8-AS1-20180127142802
2018-01-27 14:28:54.378;SS;AS8-AS1-20180127142823
2018-01-27 14:28:55.490;VU;AS8-AS1-20180127142802
2018-01-27 14:29:01.743;RO;AS8-AS1-20180127142845
2018-01-27 14:29:03.057;SP;AS8-AS1-20180127142845
2018-01-27 14:29:05.440;SQ;AS8-AS1-20180127142905
2018-01-27 14:29:17.202;RC;AS8-AS1-20180127142845
2018-01-27 14:29:17.733;RU;AS8-AS1-20180127142823
2018-01-27 14:29:18.896;SS;AS8-AS1-20180127142845
2018-01-27 14:29:20.672;VU;AS8-AS1-20180127142823
2018-01-27 14:29:21.288;RO;AS8-AS1-20180127142905
2018-01-27 14:29:22.341;SP;AS8-AS1-20180127142905
2018-01-27 14:29:24.732;SQ;AS8-AS1-20180127142924
2018-01-27 14:29:32.991;RC;AS8-AS1-20180127142905
2018-01-27 14:29:33.369;RU;AS8-AS1-20180127142845
2018-01-27 14:29:34.868;SS;AS8-AS1-20180127142905
2018-01-27 14:29:36.430;VU;AS8-AS1-20180127142845
2018-01-27 14:29:40.664;RO;AS8-AS1-20180127142924
2018-01-27 14:29:42.421;SP;AS8-AS1-20180127142924
2018-01-27 14:29:44.905;SQ;AS8-AS1-20180127142944
2018-01-27 14:29:46.999;RC;AS8-AS1-20180127142924
2018-01-27 14:29:48.221;SS;AS8-AS1-20180127142924
2018-01-27 14:29:58.858;RU;AS8-AS1-20180127142905
2018-01-27 14:30:00.059;RO;AS8-AS1-20180127142944
2018-01-27 14:30:01.926;VU;AS8-AS1-20180127142905
2018-01-27 14:30:02.057;SP;AS8-AS1-20180127142944
2018-01-27 14:30:04.548;SQ;AS8-AS1-20180127143004
2018-01-27 14:30:09.073;RC;AS8-AS1-20180127142944
2018-01-27 14:30:09.186;RU;AS8-AS1-20180127142924
2018-01-27 14:30:09.996;RO;AS8-AS1-20180127143004
2018-01-27 14:30:11.868;SS;AS8-AS1-20180127142944
2018-01-27 14:30:12.794;SP;AS8-AS1-20180127143004
2018-01-27 14:30:17.227;RC;AS8-AS1-20180127143004
2018-01-27 14:30:18.057;VU;AS8-AS1-20180127142924
2018-01-27 14:30:18.585;SQ;AS8-AS1-20180127143018
2018-01-27 14:30:19.190;SS;AS8-AS1-20180127143004
2018-01-27 14:30:23.154;RU;AS8-AS1-20180127142944
2018-01-27 14:30:24.961;RO;AS8-AS1-20180127143018
2018-01-27 14:30:26.985;SP;AS8-AS1-20180127143018
2018-01-27 14:30:31.487;RC;AS8-AS1-20180127143018
2018-01-27 14:30:31.592;RU;AS8-AS1-20180127143004
2018-01-27 14:30:35.421;SS;AS8-AS1-20180127143018
2018-01-27 14:30:36.672;VU;AS8-AS1-20180127143004
2018-01-27 14:30:37.050;VU;AS8-AS1-20180127142944
2018-01-27 14:30:40.519;RU;AS8-AS1-20180127143018
2018-01-27 14:30:51.123;VU;AS8-AS1-20180127143018
