2018-01-27 14:20:22.397;SQ;AS9-AS1-20180127142022
2018-01-27 14:20:30.727;RO;AS9-AS1-20180127142022
2018-01-27 14:20:31.758;SP;AS9-AS1-20180127142022
2018-01-27 14:20:33.450;SQ;AS9-AS1-20180127142033
2018-01-27 14:20:37.554;RC;AS9-AS1-20180127142022
2018-01-27 14:20:38.436;SS;AS9-AS1-20180127142022
2018-01-27 14:20:48.318;RO;AS9-AS1-20180127142033
2018-01-27 14:20:49.326;SP;AS9-AS1-20180127142033
2018-01-27 14:20:51.049;SQ;AS9-AS1-20180127142051
2018-01-27 14:20:58.576;RC;AS9-AS1-20180127142033
2018-01-27 14:20:59.310;RU;AS9-AS1-20180127142022
2018-01-27 14:20:59.539;SS;AS9-AS1-20180127142033
2018-01-27 14:21:01.299;VU;AS9-AS1-20180127142022
2018-01-27 14:21:07.516;RO;AS9-AS1-20180127142051
2018-01-27 14:21:08.448;SP;AS9-AS1-20180127142051
2018-01-27 14:21:10.216;SQ;AS9-AS1-20180127142110
2018-01-27 14:21:17.118;RC;AS9-AS1-20180127142051
2018-01-27 14:21:17.968;SS;AS9-AS1-20180127142051
2018-01-27 14:21:23.650;RU;AS9-AS1-20180127142033
2018-01-27 14:21:25.526;VU;AS9-AS1-20180127142033
2018-01-27 14:21:30.479;RO;AS9-AS1-20180127142110
2018-01-27 14:21:32.423;SP;AS9-AS1-20180127142110
2018-01-27 14:21:34.468;SQ;AS9-AS1-20180127142134
2018-01-27 14:21:41.564;RU;AS9-AS1-20180127142051
2018-01-27 14:21:41.822;RC;AS9-AS1-20180127142110
2018-01-27 14:21:43.313;SS;AS9-AS1-20180127142110
2018-01-27 14:21:44.002;VU;AS9-AS1-20180127142051
2018-01-27 14:21:52.405;RO;AS9-AS1-20180127142134
2018-01-27 14:21:53.341;SP;AS9-AS1-20180127142134
2018-01-27 14:21:55.040;SQ;AS9-AS1-20180127142155
2018-01-27 14:22:03.656;RC;AS9-AS1-20180127142134
2018-01-27 14:22:04.520;SS;AS9-AS1-20180127142134
2018-01-27 14:22:04.682;RU;AS9-AS1-20180127142110
2018-01-27 14:22:09.335;VU;AS9-AS1-20180127142110
2018-01-27 14:22:16.479;RO;AS9-AS1-20180127142155
2018-01-27 14:22:17.441;SP;AS9-AS1-20180127142155
2018-01-27 14:22:19.157;SQ;AS9-AS1-20180127142219
2018-01-27 14:22:22.474;RC;AS9-AS1-20180127142155
2018-01-27 14:22:23.348;SS;AS9-AS1-20180127142155
2018-01-27 14:22:27.967;RU;AS9-AS1-20180127142134
2018-01-27 14:22:29.822;VU;AS9-AS1-20180127142134
2018-01-27 14:22:35.641;RO;AS9-AS1-20180127142219
2018-01-27 14:22:36.532;SP;AS9-AS1-20180127142219
2018-01-27 14:22:38.529;SQ;AS9-AS1-20180127142238
2018-01-27 14:22:40.769;RU;AS9-AS1-20180127142155
2018-01-27 14:22:42.647;VU;AS9-AS1-20180127142155
2018-01-27 14:22:42.939;RC;AS9-AS1-20180127142219
2018-01-27 14:22:43.789;SS;AS9-AS1-20180127142219
2018-01-27 14:22:57.927;RO;AS9-AS1-20180127142238
2018-01-27 14:22:58.897;SP;AS9-AS1-20180127142238
2018-01-27 14:22:59.168;RU;AS9-AS1-20180127142219
2018-01-27 14:23:01.509;SQ;AS9-AS1-20180127142301
2018-01-27 14:23:01.916;VU;AS9-AS1-20180127142219
2018-01-27 14:23:05.810;RC;AS9-AS1-20180127142238
2018-01-27 14:23:06.665;SS;AS9-AS1-20180127142238
2018-01-27 14:23:21.749;RO;AS9-AS1-20180127142301
2018-01-27 14:23:21.771;RU;AS9-AS1-20180127142238
2018-01-27 14:23:23.503;SP;AS9-AS1-20180127142301
2018-01-27 14:23:26.085;SQ;AS9-AS1-20180127142326
2018-01-27 14:23:31.717;VU;AS9-AS1-20180127142238
2018-01-27 14:23:36.024;RC;AS9-AS1-20180127142301
2018-01-27 14:23:36.887;SS;AS9-AS1-20180127142301
2018-01-27 14:23:39.526;RO;AS9-AS1-20180127142326
2018-01-27 14:23:40.458;SP;AS9-AS1-20180127142326
2018-01-27 14:23:42.167;SQ;AS9-AS1-20180127142342
2018-01-27 14:23:49.148;RC;AS9-AS1-20180127142326
2018-01-27 14:23:50.017;SS;AS9-AS1-20180127142326
2018-01-27 14:23:53.086;RU;AS9-AS1-20180127142301
2018-01-27 14:23:54.969;VU;AS9-AS1-20180127142301
2018-01-27 14:23:57.424;RO;AS9-AS1-20180127142342
2018-01-27 14:23:58.537;SP;AS9-AS1-20180127142342
2018-01-27 14:24:00.244;SQ;AS9-AS1-20180127142400
2018-01-27 14:24:05.436;RC;AS9-AS1-20180127142342
2018-01-27 14:24:06.250;RU;AS9-AS1-20180127142326
2018-01-27 14:24:06.323;SS;AS9-AS1-20180127142342
2018-01-27 14:24:16.176;RO;AS9-AS1-20180127142400
2018-01-27 14:24:16.588;VU;AS9-AS1-20180127142326
2018-01-27 14:24:17.134;SP;AS9-AS1-20180127142400
2018-01-27 14:24:18.869;SQ;AS9-AS1-20180127142418
2018-01-27 14:24:24.173;RC;AS9-AS1-20180127142400
2018-01-27 14:24:24.179;RU;AS9-AS1-20180127142342
2018-01-27 14:24:24.883;RO;AS9-AS1-20180127142418
2018-01-27 14:24:26.280;SS;AS9-AS1-20180127142400
2018-01-27 14:24:26.818;SP;AS9-AS1-20180127142418
2018-01-27 14:24:29.988;SQ;AS9-AS1-20180127142429
2018-01-27 14:24:34.975;VU;AS9-AS1-20180127142342
2018-01-27 14:24:39.410;RC;AS9-AS1-20180127142418
2018-01-27 14:24:40.270;SS;AS9-AS1-20180127142418
2018-01-27 14:24:46.836;RO;AS9-AS1-20180127142429
2018-01-27 14:24:46.836;RU;AS9-AS1-20180127142400
2018-01-27 14:24:48.938;SP;AS9-AS1-20180127142429
2018-01-27 14:24:49.937;VU;AS9-AS1-20180127142400
2018-01-27 14:24:50.668;SQ;AS9-AS1-20180127142450
2018-01-27 14:24:55.660;RC;AS9-AS1-20180127142429
2018-01-27 14:24:56.515;SS;AS9-AS1-20180127142429
2018-01-27 14:25:01.192;RU;AS9-AS1-20180127142418
2018-01-27 14:25:03.531;VU;AS9-AS1-20180127142418
2018-01-27 14:25:06.061;RO;AS9-AS1-20180127142450
2018-01-27 14:25:07.070;SP;AS9-AS1-20180127142450
2018-01-27 14:25:08.807;SQ;AS9-AS1-20180127142508
2018-01-27 14:25:13.730;RC;AS9-AS1-20180127142450
2018-01-27 14:25:14.593;SS;AS9-AS1-20180127142450
2018-01-27 14:25:29.117;RU;AS9-AS1-20180127142429
2018-01-27 14:25:29.484;RO;AS9-AS1-20180127142508
2018-01-27 14:25:29.620;RU;AS9-AS1-20180127142450
2018-01-27 14:25:31.446;VU;AS9-AS1-20180127142429
2018-01-27 14:25:31.769;SP;AS9-AS1-20180127142508
2018-01-27 14:25:34.676;SQ;AS9-AS1-20180127142534
2018-01-27 14:25:41.207;RC;AS9-AS1-20180127142508
2018-01-27 14:25:42.060;SS;AS9-AS1-20180127142508
2018-01-27 14:25:50.845;RO;AS9-AS1-20180127142534
2018-01-27 14:25:54.708;SP;AS9-AS1-20180127142534
2018-01-27 14:25:57.928;SQ;AS9-AS1-20180127142557
2018-01-27 14:26:04.751;RC;AS9-AS1-20180127142534
2018-01-27 14:26:04.787;RU;AS9-AS1-20180127142508
2018-01-27 14:26:07.565;SS;AS9-AS1-20180127142534
2018-01-27 14:26:08.638;VU;AS9-AS1-20180127142508
2018-01-27 14:26:12.445;RO;AS9-AS1-20180127142557
2018-01-27 14:26:13.300;SP;AS9-AS1-20180127142557
2018-01-27 14:26:15.912;SQ;AS9-AS1-20180127142615
2018-01-27 14:26:23.053;RC;AS9-AS1-20180127142557
2018-01-27 14:26:24.310;SS;AS9-AS1-20180127142557
2018-01-27 14:26:27.389;RU;AS9-AS1-20180127142534
2018-01-27 14:26:30.374;VU;AS9-AS1-20180127142534
2018-01-27 14:26:37.024;RO;AS9-AS1-20180127142615
2018-01-27 14:26:38.395;SP;AS9-AS1-20180127142615
2018-01-27 14:26:41.032;SQ;AS9-AS1-20180127142641
2018-01-27 14:26:42.463;RU;AS9-AS1-20180127142557
2018-01-27 14:26:45.808;VU;AS9-AS1-20180127142557
2018-01-27 14:26:49.999;RC;AS9-AS1-20180127142615
2018-01-27 14:26:50.687;RO;AS9-AS1-20180127142641
2018-01-27 14:26:51.034;SS;AS9-AS1-20180127142615
2018-01-27 14:26:52.560;SP;AS9-AS1-20180127142641
2018-01-27 14:26:55.149;SQ;AS9-AS1-20180127142655
2018-01-27 14:27:08.710;RU;AS9-AS1-20180127142615
2018-01-27 14:27:08.805;RC;AS9-AS1-20180127142641
2018-01-27 14:27:11.018;SS;AS9-AS1-20180127142641
2018-01-27 14:27:12.020;VU;AS9-AS1-20180127142615
2018-01-27 14:27:12.586;RO;AS9-AS1-20180127142655
2018-01-27 14:27:14.406;SP;AS9-AS1-20180127142655
2018-01-27 14:27:18.180;SQ;AS9-AS1-20180127142718
2018-01-27 14:27:24.694;RC;AS9-AS1-20180127142655
2018-01-27 14:27:25.223;RU;AS9-AS1-20180127142641
2018-01-27 14:27:26.502;SS;AS9-AS1-20180127142655
2018-01-27 14:27:31.540;RO;AS9-AS1-20180127142718
2018-01-27 14:27:34.004;SP;AS9-AS1-20180127142718
2018-01-27 14:27:34.679;VU;AS9-AS1-20180127142641
2018-01-27 14:27:36.547;SQ;AS9-AS1-20180127142736
2018-01-27 14:27:42.569;RC;AS9-AS1-20180127142718
2018-01-27 14:27:44.019;SS;AS9-AS1-20180127142718
2018-01-27 14:27:50.329;RU;AS9-AS1-20180127142655
2018-01-27 14:27:52.287;VU;AS9-AS1-20180127142655
2018-01-27 14:27:56.375;RO;AS9-AS1-20180127142736
2018-01-27 14:27:58.017;SP;AS9-AS1-20180127142736
2018-01-27 14:27:59.514;RU;AS9-AS1-20180127142718
2018-01-27 14:28:00.854;SQ;AS9-AS1-20180127142800
2018-01-27 14:28:06.252;RC;AS9-AS1-20180127142736
2018-01-27 14:28:06.978;VU;AS9-AS1-20180127142718
2018-01-27 14:28:07.249;SS;AS9-AS1-20180127142736
2018-01-27 14:28:17.283;RO;AS9-AS1-20180127142800
2018-01-27 14:28:18.254;SP;AS9-AS1-20180127142800
2018-01-27 14:28:23.157;RC;AS9-AS1-20180127142800
2018-01-27 14:28:23.160;SQ;AS9-AS1-20180127142823
2018-01-27 14:28:24.591;SS;AS9-AS1-20180127142800
2018-01-27 14:28:28.221;RU;AS9-AS1-20180127142736
2018-01-27 14:28:30.206;VU;AS9-AS1-20180127142736
2018-01-27 14:28:42.239;RO;AS9-AS1-20180127142823
2018-01-27 14:28:44.414;SP;AS9-AS1-20180127142823
2018-01-27 14:28:44.691;RU;AS9-AS1-20180127142800
2018-01-27 14:28:48.026;SQ;AS9-AS1-20180127142848
2018-01-27 14:28:53.260;RC;AS9-AS1-20180127142823
2018-01-27 14:28:55.480;SS;AS9-AS1-20180127142823
2018-01-27 14:28:56.224;VU;AS9-AS1-20180127142800
2018-01-27 14:29:02.672;RO;AS9-AS1-20180127142848
2018-01-27 14:29:04.491;SP;AS9-AS1-20180127142848
2018-01-27 14:29:07.114;SQ;AS9-AS1-20180127142907
2018-01-27 14:29:17.938;RU;AS9-AS1-20180127142823
2018-01-27 14:29:17.981;RC;AS9-AS1-20180127142848
2018-01-27 14:29:20.449;SS;AS9-AS1-20180127142848
2018-01-27 14:29:21.236;VU;AS9-AS1-20180127142823
2018-01-27 14:29:23.565;RO;AS9-AS1-20180127142907
2018-01-27 14:29:25.616;SP;AS9-AS1-20180127142907
2018-01-27 14:29:29.691;SQ;AS9-AS1-20180127142929
2018-01-27 14:29:33.666;RC;AS9-AS1-20180127142907
2018-01-27 14:29:35.276;SS;AS9-AS1-20180127142907
2018-01-27 14:29:44.998;RU;AS9-AS1-20180127142848
2018-01-27 14:29:45.001;RO;AS9-AS1-20180127142929
2018-01-27 14:29:47.380;SP;AS9-AS1-20180127142929
2018-01-27 14:29:48.139;VU;AS9-AS1-20180127142848
2018-01-27 14:29:49.856;SQ;AS9-AS1-20180127142949
2018-01-27 14:29:58.798;RC;AS9-AS1-20180127142929
2018-01-27 14:29:59.061;RU;AS9-AS1-20180127142907
2018-01-27 14:30:01.589;SS;AS9-AS1-20180127142929
2018-01-27 14:30:02.872;VU;AS9-AS1-20180127142907
2018-01-27 14:30:08.864;RO;AS9-AS1-20180127142949
2018-01-27 14:30:10.623;SP;AS9-AS1-20180127142949
2018-01-27 14:30:13.551;RC;AS9-AS1-20180127142949
2018-01-27 14:30:14.407;SQ;AS9-AS1-20180127143014
2018-01-27 14:30:15.889;SS;AS9-AS1-20180127142949
2018-01-27 14:30:16.623;RU;AS9-AS1-20180127142929
2018-01-27 14:30:18.944;VU;AS9-AS1-20180127142929
2018-01-27 14:30:25.419;RO;AS9-AS1-20180127143014
2018-01-27 14:30:26.685;SP;AS9-AS1-20180127143014
2018-01-27 14:30:30.480;RU;AS9-AS1-20180127142949
2018-01-27 14:30:31.835;RC;AS9-AS1-20180127143014
2018-01-27 14:30:34.101;SS;AS9-AS1-20180127143014
2018-01-27 14:30:34.194;VU;AS9-AS1-20180127142949
2018-01-27 14:30:38.702;RU;AS9-AS1-20180127143014
2018-01-27 14:30:52.434;VU;AS9-AS1-20180127143014
