2018-01-27 14:20:21.785;SQ;AS10-AS1-20180127142021
2018-01-27 14:20:28.795;RO;AS10-AS1-20180127142021
2018-01-27 14:20:30.121;SP;AS10-AS1-20180127142021
2018-01-27 14:20:31.767;SQ;AS10-AS1-20180127142031
2018-01-27 14:20:35.451;RC;AS10-AS1-20180127142021
2018-01-27 14:20:36.307;SS;AS10-AS1-20180127142021
2018-01-27 14:20:44.634;RO;AS10-AS1-20180127142031
2018-01-27 14:20:45.604;SP;AS10-AS1-20180127142031
2018-01-27 14:20:47.308;SQ;AS10-AS1-20180127142047
2018-01-27 14:20:53.958;RC;AS10-AS1-20180127142031
2018-01-27 14:20:54.779;SS;AS10-AS1-20180127142031
2018-01-27 14:20:55.669;RU;AS10-AS1-20180127142021
2018-01-27 14:21:00.480;VU;AS10-AS1-20180127142021
2018-01-27 14:21:06.465;RO;AS10-AS1-20180127142047
2018-01-27 14:21:07.655;SP;AS10-AS1-20180127142047
2018-01-27 14:21:09.306;SQ;AS10-AS1-20180127142109
2018-01-27 14:21:13.937;RC;AS10-AS1-20180127142047
2018-01-27 14:21:15.547;SS;AS10-AS1-20180127142047
2018-01-27 14:21:24.176;RU;AS10-AS1-20180127142031
2018-01-27 14:21:26.008;VU;AS10-AS1-20180127142031
2018-01-27 14:21:26.888;RO;AS10-AS1-20180127142109
2018-01-27 14:21:28.167;SP;AS10-AS1-20180127142109
2018-01-27 14:21:30.138;SQ;AS10-AS1-20180127142130
2018-01-27 14:21:35.973;RU;AS10-AS1-20180127142047
2018-01-27 14:21:37.811;VU;AS10-AS1-20180127142047
2018-01-27 14:21:41.833;RC;AS10-AS1-20180127142109
2018-01-27 14:21:42.688;SS;AS10-AS1-20180127142109
2018-01-27 14:21:47.318;RO;AS10-AS1-20180127142130
2018-01-27 14:21:48.511;SP;AS10-AS1-20180127142130
2018-01-27 14:21:50.142;SQ;AS10-AS1-20180127142150
2018-01-27 14:21:56.862;RC;AS10-AS1-20180127142130
2018-01-27 14:21:57.654;SS;AS10-AS1-20180127142130
2018-01-27 14:22:01.702;RU;AS10-AS1-20180127142109
2018-01-27 14:22:06.529;RO;AS10-AS1-20180127142150
2018-01-27 14:22:08.191;SP;AS10-AS1-20180127142150
2018-01-27 14:22:08.612;VU;AS10-AS1-20180127142109
2018-01-27 14:22:09.873;SQ;AS10-AS1-20180127142209
2018-01-27 14:22:16.464;RC;AS10-AS1-20180127142150
2018-01-27 14:22:16.683;RU;AS10-AS1-20180127142130
2018-01-27 14:22:17.894;RO;AS10-AS1-20180127142209
2018-01-27 14:22:17.896;SS;AS10-AS1-20180127142150
2018-01-27 14:22:19.217;SP;AS10-AS1-20180127142209
2018-01-27 14:22:24.212;SQ;AS10-AS1-20180127142224
2018-01-27 14:22:25.754;VU;AS10-AS1-20180127142130
2018-01-27 14:22:27.213;RC;AS10-AS1-20180127142209
2018-01-27 14:22:28.045;SS;AS10-AS1-20180127142209
2018-01-27 14:22:36.708;RU;AS10-AS1-20180127142150
2018-01-27 14:22:40.021;RO;AS10-AS1-20180127142224
2018-01-27 14:22:42.176;SP;AS10-AS1-20180127142224
2018-01-27 14:22:44.212;VU;AS10-AS1-20180127142150
2018-01-27 14:22:44.382;SQ;AS10-AS1-20180127142244
2018-01-27 14:22:47.829;RU;AS10-AS1-20180127142209
2018-01-27 14:22:49.651;VU;AS10-AS1-20180127142209
2018-01-27 14:22:50.011;RC;AS10-AS1-20180127142224
2018-01-27 14:22:50.853;SS;AS10-AS1-20180127142224
2018-01-27 14:22:59.577;RO;AS10-AS1-20180127142244
2018-01-27 14:23:00.731;SP;AS10-AS1-20180127142244
2018-01-27 14:23:02.406;SQ;AS10-AS1-20180127142302
2018-01-27 14:23:11.227;RC;AS10-AS1-20180127142244
2018-01-27 14:23:12.720;SS;AS10-AS1-20180127142244
2018-01-27 14:23:13.001;RU;AS10-AS1-20180127142224
2018-01-27 14:23:14.815;VU;AS10-AS1-20180127142224
2018-01-27 14:23:21.737;RO;AS10-AS1-20180127142302
2018-01-27 14:23:22.769;SP;AS10-AS1-20180127142302
2018-01-27 14:23:24.416;SQ;AS10-AS1-20180127142324
2018-01-27 14:23:26.887;RC;AS10-AS1-20180127142302
2018-01-27 14:23:28.598;SS;AS10-AS1-20180127142302
2018-01-27 14:23:37.891;RU;AS10-AS1-20180127142244
2018-01-27 14:23:39.748;VU;AS10-AS1-20180127142244
2018-01-27 14:23:39.854;RO;AS10-AS1-20180127142324
2018-01-27 14:23:40.766;SP;AS10-AS1-20180127142324
2018-01-27 14:23:42.409;SQ;AS10-AS1-20180127142342
2018-01-27 14:23:47.891;RU;AS10-AS1-20180127142302
2018-01-27 14:23:49.779;RC;AS10-AS1-20180127142324
2018-01-27 14:23:52.252;SS;AS10-AS1-20180127142324
2018-01-27 14:23:55.777;VU;AS10-AS1-20180127142302
2018-01-27 14:24:00.841;RO;AS10-AS1-20180127142342
2018-01-27 14:24:01.786;SP;AS10-AS1-20180127142342
2018-01-27 14:24:03.408;SQ;AS10-AS1-20180127142403
2018-01-27 14:24:08.399;RC;AS10-AS1-20180127142342
2018-01-27 14:24:09.216;SS;AS10-AS1-20180127142342
2018-01-27 14:24:13.209;RU;AS10-AS1-20180127142324
2018-01-27 14:24:15.550;VU;AS10-AS1-20180127142324
2018-01-27 14:24:23.955;RO;AS10-AS1-20180127142403
2018-01-27 14:24:25.256;SP;AS10-AS1-20180127142403
2018-01-27 14:24:26.941;SQ;AS10-AS1-20180127142426
2018-01-27 14:24:31.772;RC;AS10-AS1-20180127142403
2018-01-27 14:24:32.597;SS;AS10-AS1-20180127142403
2018-01-27 14:24:36.031;RU;AS10-AS1-20180127142342
2018-01-27 14:24:37.860;VU;AS10-AS1-20180127142342
2018-01-27 14:24:46.082;RO;AS10-AS1-20180127142426
2018-01-27 14:24:48.055;SP;AS10-AS1-20180127142426
2018-01-27 14:24:49.721;SQ;AS10-AS1-20180127142449
2018-01-27 14:24:51.087;RU;AS10-AS1-20180127142403
2018-01-27 14:24:52.923;VU;AS10-AS1-20180127142403
2018-01-27 14:24:57.836;RC;AS10-AS1-20180127142426
2018-01-27 14:24:58.676;SS;AS10-AS1-20180127142426
2018-01-27 14:25:05.675;RO;AS10-AS1-20180127142449
2018-01-27 14:25:06.607;SP;AS10-AS1-20180127142449
2018-01-27 14:25:08.264;SQ;AS10-AS1-20180127142508
2018-01-27 14:25:13.244;RC;AS10-AS1-20180127142449
2018-01-27 14:25:14.087;SS;AS10-AS1-20180127142449
2018-01-27 14:25:20.624;RU;AS10-AS1-20180127142426
2018-01-27 14:25:22.444;VU;AS10-AS1-20180127142426
2018-01-27 14:25:29.520;RO;AS10-AS1-20180127142508
2018-01-27 14:25:29.618;RU;AS10-AS1-20180127142449
2018-01-27 14:25:31.277;SP;AS10-AS1-20180127142508
2018-01-27 14:25:33.826;SQ;AS10-AS1-20180127142533
2018-01-27 14:25:39.335;VU;AS10-AS1-20180127142449
2018-01-27 14:25:41.128;RC;AS10-AS1-20180127142508
2018-01-27 14:25:41.920;SS;AS10-AS1-20180127142508
2018-01-27 14:25:47.935;RO;AS10-AS1-20180127142533
2018-01-27 14:25:49.151;SP;AS10-AS1-20180127142533
2018-01-27 14:25:50.818;SQ;AS10-AS1-20180127142550
2018-01-27 14:25:54.544;RC;AS10-AS1-20180127142533
2018-01-27 14:25:55.393;SS;AS10-AS1-20180127142533
2018-01-27 14:26:04.010;RU;AS10-AS1-20180127142508
2018-01-27 14:26:04.751;RO;AS10-AS1-20180127142550
2018-01-27 14:26:05.675;SP;AS10-AS1-20180127142550
2018-01-27 14:26:05.866;VU;AS10-AS1-20180127142508
2018-01-27 14:26:08.328;SQ;AS10-AS1-20180127142608
2018-01-27 14:26:13.367;RC;AS10-AS1-20180127142550
2018-01-27 14:26:14.192;SS;AS10-AS1-20180127142550
2018-01-27 14:26:16.257;RU;AS10-AS1-20180127142533
2018-01-27 14:26:18.072;VU;AS10-AS1-20180127142533
2018-01-27 14:26:27.815;RO;AS10-AS1-20180127142608
2018-01-27 14:26:28.677;SP;AS10-AS1-20180127142608
2018-01-27 14:26:30.337;SQ;AS10-AS1-20180127142630
2018-01-27 14:26:37.000;RC;AS10-AS1-20180127142608
2018-01-27 14:26:37.010;RU;AS10-AS1-20180127142550
2018-01-27 14:26:38.693;SS;AS10-AS1-20180127142608
2018-01-27 14:26:39.696;VU;AS10-AS1-20180127142550
2018-01-27 14:26:49.773;RO;AS10-AS1-20180127142630
2018-01-27 14:26:50.674;SP;AS10-AS1-20180127142630
2018-01-27 14:26:52.317;SQ;AS10-AS1-20180127142652
2018-01-27 14:26:52.629;RC;AS10-AS1-20180127142630
2018-01-27 14:26:53.457;SS;AS10-AS1-20180127142630
2018-01-27 14:27:08.768;RU;AS10-AS1-20180127142608
2018-01-27 14:27:08.954;RU;AS10-AS1-20180127142630
2018-01-27 14:27:10.891;RO;AS10-AS1-20180127142652
2018-01-27 14:27:11.239;VU;AS10-AS1-20180127142608
2018-01-27 14:27:12.896;SP;AS10-AS1-20180127142652
2018-01-27 14:27:15.222;SQ;AS10-AS1-20180127142715
2018-01-27 14:27:24.755;RC;AS10-AS1-20180127142652
2018-01-27 14:27:26.371;SS;AS10-AS1-20180127142652
2018-01-27 14:27:31.018;RO;AS10-AS1-20180127142715
2018-01-27 14:27:33.499;SP;AS10-AS1-20180127142715
2018-01-27 14:27:36.049;SQ;AS10-AS1-20180127142736
2018-01-27 14:27:42.449;RC;AS10-AS1-20180127142715
2018-01-27 14:27:44.030;SS;AS10-AS1-20180127142715
2018-01-27 14:27:47.623;RU;AS10-AS1-20180127142652
2018-01-27 14:27:53.318;VU;AS10-AS1-20180127142652
2018-01-27 14:27:56.525;RO;AS10-AS1-20180127142736
2018-01-27 14:27:57.953;SP;AS10-AS1-20180127142736
2018-01-27 14:28:00.506;SQ;AS10-AS1-20180127142800
2018-01-27 14:28:01.154;RU;AS10-AS1-20180127142715
2018-01-27 14:28:06.575;RC;AS10-AS1-20180127142736
2018-01-27 14:28:07.586;SS;AS10-AS1-20180127142736
2018-01-27 14:28:07.820;VU;AS10-AS1-20180127142715
2018-01-27 14:28:17.580;RO;AS10-AS1-20180127142800
2018-01-27 14:28:19.327;SP;AS10-AS1-20180127142800
2018-01-27 14:28:23.762;SQ;AS10-AS1-20180127142823
2018-01-27 14:28:27.797;RC;AS10-AS1-20180127142800
2018-01-27 14:28:28.751;SS;AS10-AS1-20180127142800
2018-01-27 14:28:40.645;RU;AS10-AS1-20180127142736
2018-01-27 14:28:42.278;RO;AS10-AS1-20180127142823
2018-01-27 14:28:43.126;SP;AS10-AS1-20180127142823
2018-01-27 14:28:43.312;VU;AS10-AS1-20180127142736
2018-01-27 14:28:44.697;RU;AS10-AS1-20180127142800
2018-01-27 14:28:46.551;SQ;AS10-AS1-20180127142846
2018-01-27 14:28:50.766;RC;AS10-AS1-20180127142823
2018-01-27 14:28:54.330;SS;AS10-AS1-20180127142823
2018-01-27 14:28:55.934;VU;AS10-AS1-20180127142800
2018-01-27 14:29:01.824;RO;AS10-AS1-20180127142846
2018-01-27 14:29:03.161;SP;AS10-AS1-20180127142846
2018-01-27 14:29:05.541;SQ;AS10-AS1-20180127142905
2018-01-27 14:29:10.754;RC;AS10-AS1-20180127142846
2018-01-27 14:29:11.910;SS;AS10-AS1-20180127142846
2018-01-27 14:29:17.972;RU;AS10-AS1-20180127142823
2018-01-27 14:29:20.566;VU;AS10-AS1-20180127142823
2018-01-27 14:29:24.110;RO;AS10-AS1-20180127142905
2018-01-27 14:29:26.810;SP;AS10-AS1-20180127142905
2018-01-27 14:29:30.162;SQ;AS10-AS1-20180127142930
2018-01-27 14:29:32.061;RU;AS10-AS1-20180127142846
2018-01-27 14:29:34.573;VU;AS10-AS1-20180127142846
2018-01-27 14:29:35.544;RC;AS10-AS1-20180127142905
2018-01-27 14:29:36.452;SS;AS10-AS1-20180127142905
2018-01-27 14:29:44.991;RO;AS10-AS1-20180127142930
2018-01-27 14:29:46.288;SP;AS10-AS1-20180127142930
2018-01-27 14:29:48.827;SQ;AS10-AS1-20180127142948
2018-01-27 14:29:54.397;RC;AS10-AS1-20180127142930
2018-01-27 14:29:55.564;SS;AS10-AS1-20180127142930
2018-01-27 14:29:58.922;RU;AS10-AS1-20180127142905
2018-01-27 14:30:01.831;VU;AS10-AS1-20180127142905
2018-01-27 14:30:08.876;RO;AS10-AS1-20180127142948
2018-01-27 14:30:09.180;RU;AS10-AS1-20180127142930
2018-01-27 14:30:11.562;SP;AS10-AS1-20180127142948
2018-01-27 14:30:15.842;RC;AS10-AS1-20180127142948
2018-01-27 14:30:17.250;VU;AS10-AS1-20180127142930
2018-01-27 14:30:17.825;SQ;AS10-AS1-20180127143017
2018-01-27 14:30:17.990;SS;AS10-AS1-20180127142948
2018-01-27 14:30:25.114;RO;AS10-AS1-20180127143017
2018-01-27 14:30:26.921;SP;AS10-AS1-20180127143017
2018-01-27 14:30:30.736;RU;AS10-AS1-20180127142948
2018-01-27 14:30:31.701;RC;AS10-AS1-20180127143017
2018-01-27 14:30:33.850;SS;AS10-AS1-20180127143017
2018-01-27 14:30:34.541;VU;AS10-AS1-20180127142948
2018-01-27 14:30:38.274;RU;AS10-AS1-20180127143017
2018-01-27 14:30:52.662;VU;AS10-AS1-20180127143017
