2018-01-27 14:20:22.420;SQ;AS11-AS1-20180127142022
2018-01-27 14:20:30.824;RO;AS11-AS1-20180127142022
2018-01-27 14:20:31.732;SP;AS11-AS1-20180127142022
2018-01-27 14:20:33.384;SQ;AS11-AS1-20180127142033
2018-01-27 14:20:37.074;RC;AS11-AS1-20180127142022
2018-01-27 14:20:37.883;SS;AS11-AS1-20180127142022
2018-01-27 14:20:46.594;RO;AS11-AS1-20180127142033
2018-01-27 14:20:47.705;SP;AS11-AS1-20180127142033
2018-01-27 14:20:49.340;SQ;AS11-AS1-20180127142049
2018-01-27 14:20:56.502;RC;AS11-AS1-20180127142033
2018-01-27 14:20:58.197;SS;AS11-AS1-20180127142033
2018-01-27 14:20:58.312;RU;AS11-AS1-20180127142022
2018-01-27 14:21:00.643;VU;AS11-AS1-20180127142022
2018-01-27 14:21:06.870;RO;AS11-AS1-20180127142049
2018-01-27 14:21:07.692;SP;AS11-AS1-20180127142049
2018-01-27 14:21:09.324;SQ;AS11-AS1-20180127142109
2018-01-27 14:21:13.904;RC;AS11-AS1-20180127142049
2018-01-27 14:21:15.412;SS;AS11-AS1-20180127142049
2018-01-27 14:21:24.409;RU;AS11-AS1-20180127142033
2018-01-27 14:21:24.560;RO;AS11-AS1-20180127142109
2018-01-27 14:21:26.046;SP;AS11-AS1-20180127142109
2018-01-27 14:21:26.525;VU;AS11-AS1-20180127142033
2018-01-27 14:21:27.672;SQ;AS11-AS1-20180127142127
2018-01-27 14:21:33.943;RC;AS11-AS1-20180127142109
2018-01-27 14:21:34.750;SS;AS11-AS1-20180127142109
2018-01-27 14:21:35.824;RU;AS11-AS1-20180127142049
2018-01-27 14:21:37.620;VU;AS11-AS1-20180127142049
2018-01-27 14:21:44.147;RO;AS11-AS1-20180127142127
2018-01-27 14:21:44.990;SP;AS11-AS1-20180127142127
2018-01-27 14:21:47.649;SQ;AS11-AS1-20180127142147
2018-01-27 14:21:52.791;RC;AS11-AS1-20180127142127
2018-01-27 14:21:52.900;RU;AS11-AS1-20180127142109
2018-01-27 14:21:54.347;SS;AS11-AS1-20180127142127
2018-01-27 14:21:55.473;VU;AS11-AS1-20180127142109
2018-01-27 14:22:05.379;RO;AS11-AS1-20180127142147
2018-01-27 14:22:07.236;SP;AS11-AS1-20180127142147
2018-01-27 14:22:08.841;SQ;AS11-AS1-20180127142208
2018-01-27 14:22:16.355;RC;AS11-AS1-20180127142147
2018-01-27 14:22:16.617;RU;AS11-AS1-20180127142127
2018-01-27 14:22:17.676;SS;AS11-AS1-20180127142147
2018-01-27 14:22:18.783;RO;AS11-AS1-20180127142208
2018-01-27 14:22:21.024;SP;AS11-AS1-20180127142208
2018-01-27 14:22:25.114;SQ;AS11-AS1-20180127142225
2018-01-27 14:22:25.882;VU;AS11-AS1-20180127142127
2018-01-27 14:22:28.378;RC;AS11-AS1-20180127142208
2018-01-27 14:22:29.161;SS;AS11-AS1-20180127142208
2018-01-27 14:22:33.327;RU;AS11-AS1-20180127142147
2018-01-27 14:22:41.165;RO;AS11-AS1-20180127142225
2018-01-27 14:22:43.102;SP;AS11-AS1-20180127142225
2018-01-27 14:22:43.827;VU;AS11-AS1-20180127142147
2018-01-27 14:22:44.712;SQ;AS11-AS1-20180127142244
2018-01-27 14:22:50.155;RC;AS11-AS1-20180127142225
2018-01-27 14:22:50.311;RU;AS11-AS1-20180127142208
2018-01-27 14:22:51.527;SS;AS11-AS1-20180127142225
2018-01-27 14:22:56.771;VU;AS11-AS1-20180127142208
2018-01-27 14:23:00.036;RO;AS11-AS1-20180127142244
2018-01-27 14:23:01.033;SP;AS11-AS1-20180127142244
2018-01-27 14:23:02.654;SQ;AS11-AS1-20180127142302
2018-01-27 14:23:12.732;RC;AS11-AS1-20180127142244
2018-01-27 14:23:13.363;RU;AS11-AS1-20180127142225
2018-01-27 14:23:13.683;SS;AS11-AS1-20180127142244
2018-01-27 14:23:15.334;VU;AS11-AS1-20180127142225
2018-01-27 14:23:21.750;RO;AS11-AS1-20180127142302
2018-01-27 14:23:22.985;SP;AS11-AS1-20180127142302
2018-01-27 14:23:24.594;SQ;AS11-AS1-20180127142324
2018-01-27 14:23:30.296;RC;AS11-AS1-20180127142302
2018-01-27 14:23:31.120;SS;AS11-AS1-20180127142302
2018-01-27 14:23:37.923;RU;AS11-AS1-20180127142244
2018-01-27 14:23:39.224;RO;AS11-AS1-20180127142324
2018-01-27 14:23:39.743;VU;AS11-AS1-20180127142244
2018-01-27 14:23:40.400;SP;AS11-AS1-20180127142324
2018-01-27 14:23:41.986;SQ;AS11-AS1-20180127142341
2018-01-27 14:23:47.979;RC;AS11-AS1-20180127142324
2018-01-27 14:23:48.327;RU;AS11-AS1-20180127142302
2018-01-27 14:23:49.194;SS;AS11-AS1-20180127142324
2018-01-27 14:23:55.807;VU;AS11-AS1-20180127142302
2018-01-27 14:24:00.910;RO;AS11-AS1-20180127142341
2018-01-27 14:24:01.830;SP;AS11-AS1-20180127142341
2018-01-27 14:24:03.439;SQ;AS11-AS1-20180127142403
2018-01-27 14:24:08.023;RC;AS11-AS1-20180127142341
2018-01-27 14:24:08.861;SS;AS11-AS1-20180127142341
2018-01-27 14:24:13.013;RU;AS11-AS1-20180127142324
2018-01-27 14:24:15.544;VU;AS11-AS1-20180127142324
2018-01-27 14:24:23.961;RO;AS11-AS1-20180127142403
2018-01-27 14:24:24.778;SP;AS11-AS1-20180127142403
2018-01-27 14:24:26.389;SQ;AS11-AS1-20180127142426
2018-01-27 14:24:26.820;RC;AS11-AS1-20180127142403
2018-01-27 14:24:27.620;SS;AS11-AS1-20180127142403
2018-01-27 14:24:37.136;RU;AS11-AS1-20180127142341
2018-01-27 14:24:38.950;VU;AS11-AS1-20180127142341
2018-01-27 14:24:44.505;RO;AS11-AS1-20180127142426
2018-01-27 14:24:45.923;SP;AS11-AS1-20180127142426
2018-01-27 14:24:48.994;SQ;AS11-AS1-20180127142448
2018-01-27 14:24:50.261;RU;AS11-AS1-20180127142403
2018-01-27 14:24:52.086;VU;AS11-AS1-20180127142403
2018-01-27 14:24:54.570;RC;AS11-AS1-20180127142426
2018-01-27 14:24:55.365;SS;AS11-AS1-20180127142426
2018-01-27 14:25:05.900;RO;AS11-AS1-20180127142448
2018-01-27 14:25:06.849;SP;AS11-AS1-20180127142448
2018-01-27 14:25:08.498;SQ;AS11-AS1-20180127142508
2018-01-27 14:25:11.806;RC;AS11-AS1-20180127142448
2018-01-27 14:25:12.623;SS;AS11-AS1-20180127142448
2018-01-27 14:25:19.981;RU;AS11-AS1-20180127142426
2018-01-27 14:25:21.812;VU;AS11-AS1-20180127142426
2018-01-27 14:25:29.464;RO;AS11-AS1-20180127142508
2018-01-27 14:25:29.612;RU;AS11-AS1-20180127142448
2018-01-27 14:25:31.079;SP;AS11-AS1-20180127142508
2018-01-27 14:25:33.304;SQ;AS11-AS1-20180127142533
2018-01-27 14:25:39.239;VU;AS11-AS1-20180127142448
2018-01-27 14:25:41.413;RC;AS11-AS1-20180127142508
2018-01-27 14:25:42.235;SS;AS11-AS1-20180127142508
2018-01-27 14:25:50.602;RO;AS11-AS1-20180127142533
2018-01-27 14:25:52.267;SP;AS11-AS1-20180127142533
2018-01-27 14:25:55.566;SQ;AS11-AS1-20180127142555
2018-01-27 14:26:03.926;RC;AS11-AS1-20180127142533
2018-01-27 14:26:03.937;RU;AS11-AS1-20180127142508
2018-01-27 14:26:05.557;SS;AS11-AS1-20180127142533
2018-01-27 14:26:06.560;VU;AS11-AS1-20180127142508
2018-01-27 14:26:08.094;RO;AS11-AS1-20180127142555
2018-01-27 14:26:09.400;SP;AS11-AS1-20180127142555
2018-01-27 14:26:11.044;SQ;AS11-AS1-20180127142611
2018-01-27 14:26:16.431;RC;AS11-AS1-20180127142555
2018-01-27 14:26:17.224;SS;AS11-AS1-20180127142555
2018-01-27 14:26:24.641;RU;AS11-AS1-20180127142533
2018-01-27 14:26:29.229;VU;AS11-AS1-20180127142533
2018-01-27 14:26:30.885;RO;AS11-AS1-20180127142611
2018-01-27 14:26:31.884;SP;AS11-AS1-20180127142611
2018-01-27 14:26:33.455;SQ;AS11-AS1-20180127142633
2018-01-27 14:26:38.312;RU;AS11-AS1-20180127142555
2018-01-27 14:26:39.509;RC;AS11-AS1-20180127142611
2018-01-27 14:26:40.511;SS;AS11-AS1-20180127142611
2018-01-27 14:26:44.711;VU;AS11-AS1-20180127142555
2018-01-27 14:26:49.988;RO;AS11-AS1-20180127142633
2018-01-27 14:26:51.307;SP;AS11-AS1-20180127142633
2018-01-27 14:26:52.900;SQ;AS11-AS1-20180127142652
2018-01-27 14:26:58.842;RC;AS11-AS1-20180127142633
2018-01-27 14:27:00.430;SS;AS11-AS1-20180127142633
2018-01-27 14:27:09.005;RU;AS11-AS1-20180127142611
2018-01-27 14:27:10.822;VU;AS11-AS1-20180127142611
2018-01-27 14:27:12.082;RO;AS11-AS1-20180127142652
2018-01-27 14:27:13.233;SP;AS11-AS1-20180127142652
2018-01-27 14:27:14.881;SQ;AS11-AS1-20180127142714
2018-01-27 14:27:19.317;RU;AS11-AS1-20180127142633
2018-01-27 14:27:21.125;VU;AS11-AS1-20180127142633
2018-01-27 14:27:24.864;RC;AS11-AS1-20180127142652
2018-01-27 14:27:25.651;SS;AS11-AS1-20180127142652
2018-01-27 14:27:29.149;RO;AS11-AS1-20180127142714
2018-01-27 14:27:30.206;SP;AS11-AS1-20180127142714
2018-01-27 14:27:32.449;SQ;AS11-AS1-20180127142732
2018-01-27 14:27:36.611;RC;AS11-AS1-20180127142714
2018-01-27 14:27:37.427;SS;AS11-AS1-20180127142714
2018-01-27 14:27:51.758;RO;AS11-AS1-20180127142732
2018-01-27 14:27:52.756;SP;AS11-AS1-20180127142732
2018-01-27 14:27:54.386;SQ;AS11-AS1-20180127142754
2018-01-27 14:27:56.492;RU;AS11-AS1-20180127142652
2018-01-27 14:27:57.136;RU;AS11-AS1-20180127142714
2018-01-27 14:27:57.669;RC;AS11-AS1-20180127142732
2018-01-27 14:27:58.438;VU;AS11-AS1-20180127142652
2018-01-27 14:27:58.919;SS;AS11-AS1-20180127142732
2018-01-27 14:28:05.985;VU;AS11-AS1-20180127142714
2018-01-27 14:28:08.166;RO;AS11-AS1-20180127142754
2018-01-27 14:28:09.224;SP;AS11-AS1-20180127142754
2018-01-27 14:28:10.845;SQ;AS11-AS1-20180127142810
2018-01-27 14:28:17.322;RC;AS11-AS1-20180127142754
2018-01-27 14:28:17.610;RU;AS11-AS1-20180127142732
2018-01-27 14:28:18.591;SS;AS11-AS1-20180127142754
2018-01-27 14:28:20.402;RO;AS11-AS1-20180127142810
2018-01-27 14:28:22.544;SP;AS11-AS1-20180127142810
2018-01-27 14:28:23.203;VU;AS11-AS1-20180127142732
2018-01-27 14:28:24.190;SQ;AS11-AS1-20180127142824
2018-01-27 14:28:31.520;RC;AS11-AS1-20180127142810
2018-01-27 14:28:32.303;SS;AS11-AS1-20180127142810
2018-01-27 14:28:34.963;RU;AS11-AS1-20180127142754
2018-01-27 14:28:36.929;VU;AS11-AS1-20180127142754
2018-01-27 14:28:41.646;RO;AS11-AS1-20180127142824
2018-01-27 14:28:42.524;SP;AS11-AS1-20180127142824
2018-01-27 14:28:44.109;SQ;AS11-AS1-20180127142844
2018-01-27 14:28:49.888;RC;AS11-AS1-20180127142824
2018-01-27 14:28:51.564;SS;AS11-AS1-20180127142824
2018-01-27 14:28:52.679;RU;AS11-AS1-20180127142810
2018-01-27 14:28:54.494;VU;AS11-AS1-20180127142810
2018-01-27 14:29:01.842;RO;AS11-AS1-20180127142844
2018-01-27 14:29:02.954;SP;AS11-AS1-20180127142844
2018-01-27 14:29:04.544;SQ;AS11-AS1-20180127142904
2018-01-27 14:29:09.313;RC;AS11-AS1-20180127142844
2018-01-27 14:29:10.176;SS;AS11-AS1-20180127142844
2018-01-27 14:29:17.376;RU;AS11-AS1-20180127142824
2018-01-27 14:29:19.163;VU;AS11-AS1-20180127142824
2018-01-27 14:29:20.216;RO;AS11-AS1-20180127142904
2018-01-27 14:29:21.372;SP;AS11-AS1-20180127142904
2018-01-27 14:29:22.997;SQ;AS11-AS1-20180127142922
2018-01-27 14:29:31.962;RC;AS11-AS1-20180127142904
2018-01-27 14:29:32.749;SS;AS11-AS1-20180127142904
2018-01-27 14:29:33.029;RU;AS11-AS1-20180127142844
2018-01-27 14:29:34.826;VU;AS11-AS1-20180127142844
2018-01-27 14:29:41.888;RO;AS11-AS1-20180127142922
2018-01-27 14:29:42.811;SP;AS11-AS1-20180127142922
2018-01-27 14:29:44.376;SQ;AS11-AS1-20180127142944
2018-01-27 14:29:46.178;RU;AS11-AS1-20180127142904
2018-01-27 14:29:47.229;RC;AS11-AS1-20180127142922
2018-01-27 14:29:47.954;VU;AS11-AS1-20180127142904
2018-01-27 14:29:48.007;SS;AS11-AS1-20180127142922
2018-01-27 14:29:58.590;RO;AS11-AS1-20180127142944
2018-01-27 14:29:59.700;SP;AS11-AS1-20180127142944
2018-01-27 14:30:09.013;RC;AS11-AS1-20180127142944
2018-01-27 14:30:09.098;RU;AS11-AS1-20180127142922
2018-01-27 14:30:10.554;SS;AS11-AS1-20180127142944
2018-01-27 14:30:16.256;VU;AS11-AS1-20180127142922
2018-01-27 14:30:23.161;RU;AS11-AS1-20180127142944
2018-01-27 14:30:33.230;VU;AS11-AS1-20180127142944
