2018-01-27 14:20:22.568;SQ;AS18-AS1-20180127142022
2018-01-27 14:20:30.700;RO;AS18-AS1-20180127142022
2018-01-27 14:20:31.901;SP;AS18-AS1-20180127142022
2018-01-27 14:20:33.548;SQ;AS18-AS1-20180127142033
2018-01-27 14:20:39.033;RC;AS18-AS1-20180127142022
2018-01-27 14:20:40.118;SS;AS18-AS1-20180127142022
2018-01-27 14:20:49.900;RO;AS18-AS1-20180127142033
2018-01-27 14:20:50.871;SP;AS18-AS1-20180127142033
2018-01-27 14:20:52.513;SQ;AS18-AS1-20180127142052
2018-01-27 14:21:00.456;RC;AS18-AS1-20180127142033
2018-01-27 14:21:01.290;SS;AS18-AS1-20180127142033
2018-01-27 14:21:06.310;RU;AS18-AS1-20180127142022
2018-01-27 14:21:08.092;RO;AS18-AS1-20180127142052
2018-01-27 14:21:08.123;VU;AS18-AS1-20180127142022
2018-01-27 14:21:09.357;SP;AS18-AS1-20180127142052
2018-01-27 14:21:11.016;SQ;AS18-AS1-20180127142111
2018-01-27 14:21:19.804;RC;AS18-AS1-20180127142052
2018-01-27 14:21:20.650;SS;AS18-AS1-20180127142052
2018-01-27 14:21:24.517;RU;AS18-AS1-20180127142033
2018-01-27 14:21:26.350;VU;AS18-AS1-20180127142033
2018-01-27 14:21:30.635;RO;AS18-AS1-20180127142111
2018-01-27 14:21:32.748;SP;AS18-AS1-20180127142111
2018-01-27 14:21:34.415;SQ;AS18-AS1-20180127142134
2018-01-27 14:21:41.531;RU;AS18-AS1-20180127142052
2018-01-27 14:21:41.875;RC;AS18-AS1-20180127142111
2018-01-27 14:21:43.188;SS;AS18-AS1-20180127142111
2018-01-27 14:21:43.759;VU;AS18-AS1-20180127142052
2018-01-27 14:21:49.418;RO;AS18-AS1-20180127142134
2018-01-27 14:21:50.266;SP;AS18-AS1-20180127142134
2018-01-27 14:21:51.902;SQ;AS18-AS1-20180127142151
2018-01-27 14:21:58.303;RC;AS18-AS1-20180127142134
2018-01-27 14:21:59.120;SS;AS18-AS1-20180127142134
2018-01-27 14:22:04.362;RU;AS18-AS1-20180127142111
2018-01-27 14:22:07.431;RO;AS18-AS1-20180127142151
2018-01-27 14:22:08.745;SP;AS18-AS1-20180127142151
2018-01-27 14:22:08.901;VU;AS18-AS1-20180127142111
2018-01-27 14:22:10.390;SQ;AS18-AS1-20180127142210
2018-01-27 14:22:16.637;RC;AS18-AS1-20180127142151
2018-01-27 14:22:16.747;RU;AS18-AS1-20180127142134
2018-01-27 14:22:18.122;SS;AS18-AS1-20180127142151
2018-01-27 14:22:18.994;RO;AS18-AS1-20180127142210
2018-01-27 14:22:22.293;SP;AS18-AS1-20180127142210
2018-01-27 14:22:25.635;SQ;AS18-AS1-20180127142225
2018-01-27 14:22:26.210;VU;AS18-AS1-20180127142134
2018-01-27 14:22:27.737;RC;AS18-AS1-20180127142210
2018-01-27 14:22:28.547;SS;AS18-AS1-20180127142210
2018-01-27 14:22:38.513;RU;AS18-AS1-20180127142151
2018-01-27 14:22:40.301;RO;AS18-AS1-20180127142225
2018-01-27 14:22:42.021;RU;AS18-AS1-20180127142210
2018-01-27 14:22:42.358;SP;AS18-AS1-20180127142225
2018-01-27 14:22:44.378;VU;AS18-AS1-20180127142151
2018-01-27 14:22:45.140;SQ;AS18-AS1-20180127142245
2018-01-27 14:22:59.190;RC;AS18-AS1-20180127142225
2018-01-27 14:23:00.095;RO;AS18-AS1-20180127142245
2018-01-27 14:23:00.127;SS;AS18-AS1-20180127142225
2018-01-27 14:23:01.693;SP;AS18-AS1-20180127142245
2018-01-27 14:23:04.142;SQ;AS18-AS1-20180127142304
2018-01-27 14:23:13.278;RC;AS18-AS1-20180127142245
2018-01-27 14:23:14.813;SS;AS18-AS1-20180127142245
2018-01-27 14:23:21.248;RU;AS18-AS1-20180127142225
2018-01-27 14:23:21.647;RO;AS18-AS1-20180127142304
2018-01-27 14:23:23.691;SP;AS18-AS1-20180127142304
2018-01-27 14:23:23.927;VU;AS18-AS1-20180127142225
2018-01-27 14:23:26.106;SQ;AS18-AS1-20180127142326
2018-01-27 14:23:37.574;RC;AS18-AS1-20180127142304
2018-01-27 14:23:38.175;RU;AS18-AS1-20180127142245
2018-01-27 14:23:39.421;SS;AS18-AS1-20180127142304
2018-01-27 14:23:40.838;VU;AS18-AS1-20180127142245
2018-01-27 14:23:43.082;RO;AS18-AS1-20180127142326
2018-01-27 14:23:44.406;SP;AS18-AS1-20180127142326
2018-01-27 14:23:46.745;SQ;AS18-AS1-20180127142346
2018-01-27 14:23:53.853;RC;AS18-AS1-20180127142326
2018-01-27 14:23:55.217;SS;AS18-AS1-20180127142326
2018-01-27 14:23:57.079;RU;AS18-AS1-20180127142304
2018-01-27 14:23:59.285;VU;AS18-AS1-20180127142304
2018-01-27 14:24:01.927;RO;AS18-AS1-20180127142346
2018-01-27 14:24:03.237;SP;AS18-AS1-20180127142346
2018-01-27 14:24:05.754;SQ;AS18-AS1-20180127142405
2018-01-27 14:24:11.367;RC;AS18-AS1-20180127142346
2018-01-27 14:24:14.092;SS;AS18-AS1-20180127142346
2018-01-27 14:24:17.929;RU;AS18-AS1-20180127142326
2018-01-27 14:24:20.095;VU;AS18-AS1-20180127142326
2018-01-27 14:24:24.216;RO;AS18-AS1-20180127142405
2018-01-27 14:24:25.268;SP;AS18-AS1-20180127142405
2018-01-27 14:24:27.659;SQ;AS18-AS1-20180127142427
2018-01-27 14:24:32.050;RC;AS18-AS1-20180127142405
2018-01-27 14:24:33.529;SS;AS18-AS1-20180127142405
2018-01-27 14:24:39.648;RU;AS18-AS1-20180127142346
2018-01-27 14:24:41.715;VU;AS18-AS1-20180127142346
2018-01-27 14:24:46.646;RO;AS18-AS1-20180127142427
2018-01-27 14:24:48.916;SP;AS18-AS1-20180127142427
2018-01-27 14:24:50.057;RU;AS18-AS1-20180127142405
2018-01-27 14:24:52.172;SQ;AS18-AS1-20180127142452
2018-01-27 14:24:53.250;VU;AS18-AS1-20180127142405
2018-01-27 14:24:58.655;RC;AS18-AS1-20180127142427
2018-01-27 14:24:59.780;SS;AS18-AS1-20180127142427
2018-01-27 14:25:07.088;RO;AS18-AS1-20180127142452
2018-01-27 14:25:08.160;SP;AS18-AS1-20180127142452
2018-01-27 14:25:10.542;SQ;AS18-AS1-20180127142510
2018-01-27 14:25:17.711;RC;AS18-AS1-20180127142452
2018-01-27 14:25:20.442;SS;AS18-AS1-20180127142452
2018-01-27 14:25:29.488;RU;AS18-AS1-20180127142427
2018-01-27 14:25:29.565;RO;AS18-AS1-20180127142510
2018-01-27 14:25:31.627;SP;AS18-AS1-20180127142510
2018-01-27 14:25:32.628;VU;AS18-AS1-20180127142427
2018-01-27 14:25:34.457;SQ;AS18-AS1-20180127142534
2018-01-27 14:25:41.428;RC;AS18-AS1-20180127142510
2018-01-27 14:25:42.336;SS;AS18-AS1-20180127142510
2018-01-27 14:25:42.650;RU;AS18-AS1-20180127142452
2018-01-27 14:25:45.285;VU;AS18-AS1-20180127142452
2018-01-27 14:25:50.590;RO;AS18-AS1-20180127142534
2018-01-27 14:25:53.907;SP;AS18-AS1-20180127142534
2018-01-27 14:25:57.436;SQ;AS18-AS1-20180127142557
2018-01-27 14:26:04.055;RU;AS18-AS1-20180127142510
2018-01-27 14:26:04.058;RC;AS18-AS1-20180127142534
2018-01-27 14:26:06.130;SS;AS18-AS1-20180127142534
2018-01-27 14:26:07.131;VU;AS18-AS1-20180127142510
2018-01-27 14:26:12.080;RO;AS18-AS1-20180127142557
2018-01-27 14:26:13.651;SP;AS18-AS1-20180127142557
2018-01-27 14:26:16.202;SQ;AS18-AS1-20180127142616
2018-01-27 14:26:24.167;RC;AS18-AS1-20180127142557
2018-01-27 14:26:25.692;RU;AS18-AS1-20180127142534
2018-01-27 14:26:26.122;SS;AS18-AS1-20180127142557
2018-01-27 14:26:31.267;VU;AS18-AS1-20180127142534
2018-01-27 14:26:36.929;RO;AS18-AS1-20180127142616
2018-01-27 14:26:38.634;SP;AS18-AS1-20180127142616
2018-01-27 14:26:40.978;SQ;AS18-AS1-20180127142640
2018-01-27 14:26:49.770;RC;AS18-AS1-20180127142616
2018-01-27 14:26:49.817;RU;AS18-AS1-20180127142557
2018-01-27 14:26:50.601;RO;AS18-AS1-20180127142640
2018-01-27 14:26:51.871;SS;AS18-AS1-20180127142616
2018-01-27 14:26:53.126;VU;AS18-AS1-20180127142557
2018-01-27 14:26:53.168;SP;AS18-AS1-20180127142640
2018-01-27 14:26:55.610;SQ;AS18-AS1-20180127142655
2018-01-27 14:27:08.915;RU;AS18-AS1-20180127142616
2018-01-27 14:27:08.939;RC;AS18-AS1-20180127142640
2018-01-27 14:27:10.834;RO;AS18-AS1-20180127142655
2018-01-27 14:27:11.031;SS;AS18-AS1-20180127142640
2018-01-27 14:27:13.003;SP;AS18-AS1-20180127142655
2018-01-27 14:27:18.470;SQ;AS18-AS1-20180127142718
2018-01-27 14:27:21.705;VU;AS18-AS1-20180127142616
2018-01-27 14:27:24.954;RC;AS18-AS1-20180127142655
2018-01-27 14:27:25.235;RU;AS18-AS1-20180127142640
2018-01-27 14:27:26.943;SS;AS18-AS1-20180127142655
2018-01-27 14:27:31.533;RO;AS18-AS1-20180127142718
2018-01-27 14:27:34.340;SP;AS18-AS1-20180127142718
2018-01-27 14:27:35.341;VU;AS18-AS1-20180127142640
2018-01-27 14:27:36.716;SQ;AS18-AS1-20180127142736
2018-01-27 14:27:44.316;RU;AS18-AS1-20180127142655
2018-01-27 14:27:44.869;RC;AS18-AS1-20180127142718
2018-01-27 14:27:46.676;SS;AS18-AS1-20180127142718
2018-01-27 14:27:52.652;VU;AS18-AS1-20180127142655
2018-01-27 14:27:56.452;RO;AS18-AS1-20180127142736
2018-01-27 14:27:57.651;SP;AS18-AS1-20180127142736
2018-01-27 14:28:00.065;SQ;AS18-AS1-20180127142800
2018-01-27 14:28:03.242;RC;AS18-AS1-20180127142736
2018-01-27 14:28:05.533;SS;AS18-AS1-20180127142736
2018-01-27 14:28:06.467;RU;AS18-AS1-20180127142718
2018-01-27 14:28:08.483;VU;AS18-AS1-20180127142718
2018-01-27 14:28:17.562;RO;AS18-AS1-20180127142800
2018-01-27 14:28:18.547;SP;AS18-AS1-20180127142800
2018-01-27 14:28:23.010;SQ;AS18-AS1-20180127142823
2018-01-27 14:28:24.110;RC;AS18-AS1-20180127142800
2018-01-27 14:28:24.929;SS;AS18-AS1-20180127142800
2018-01-27 14:28:26.273;RU;AS18-AS1-20180127142736
2018-01-27 14:28:28.379;VU;AS18-AS1-20180127142736
2018-01-27 14:28:40.815;RO;AS18-AS1-20180127142823
2018-01-27 14:28:42.192;SP;AS18-AS1-20180127142823
2018-01-27 14:28:42.605;RU;AS18-AS1-20180127142800
2018-01-27 14:28:45.562;SQ;AS18-AS1-20180127142845
2018-01-27 14:28:50.434;RC;AS18-AS1-20180127142823
2018-01-27 14:28:53.594;SS;AS18-AS1-20180127142823
2018-01-27 14:28:55.615;VU;AS18-AS1-20180127142800
2018-01-27 14:29:01.659;RO;AS18-AS1-20180127142845
2018-01-27 14:29:02.979;SP;AS18-AS1-20180127142845
2018-01-27 14:29:05.484;SQ;AS18-AS1-20180127142905
2018-01-27 14:29:10.335;RC;AS18-AS1-20180127142845
2018-01-27 14:29:11.698;SS;AS18-AS1-20180127142845
2018-01-27 14:29:16.823;RU;AS18-AS1-20180127142823
2018-01-27 14:29:19.251;VU;AS18-AS1-20180127142823
2018-01-27 14:29:21.349;RO;AS18-AS1-20180127142905
2018-01-27 14:29:22.379;SP;AS18-AS1-20180127142905
2018-01-27 14:29:24.998;SQ;AS18-AS1-20180127142924
2018-01-27 14:29:27.958;RU;AS18-AS1-20180127142845
2018-01-27 14:29:30.526;VU;AS18-AS1-20180127142845
2018-01-27 14:29:32.925;RC;AS18-AS1-20180127142905
2018-01-27 14:29:34.024;SS;AS18-AS1-20180127142905
2018-01-27 14:29:44.764;RO;AS18-AS1-20180127142924
2018-01-27 14:29:45.917;SP;AS18-AS1-20180127142924
2018-01-27 14:29:48.422;SQ;AS18-AS1-20180127142948
2018-01-27 14:29:53.009;RC;AS18-AS1-20180127142924
2018-01-27 14:29:54.101;SS;AS18-AS1-20180127142924
2018-01-27 14:29:58.800;RU;AS18-AS1-20180127142905
2018-01-27 14:30:02.115;VU;AS18-AS1-20180127142905
2018-01-27 14:30:09.076;RO;AS18-AS1-20180127142948
2018-01-27 14:30:09.176;RU;AS18-AS1-20180127142924
2018-01-27 14:30:11.652;SP;AS18-AS1-20180127142948
2018-01-27 14:30:16.332;RC;AS18-AS1-20180127142948
2018-01-27 14:30:17.217;VU;AS18-AS1-20180127142924
2018-01-27 14:30:17.502;SQ;AS18-AS1-20180127143017
2018-01-27 14:30:17.965;SS;AS18-AS1-20180127142948
2018-01-27 14:30:25.305;RO;AS18-AS1-20180127143017
2018-01-27 14:30:26.823;SP;AS18-AS1-20180127143017
2018-01-27 14:30:31.238;RU;AS18-AS1-20180127142948
2018-01-27 14:30:31.517;RC;AS18-AS1-20180127143017
2018-01-27 14:30:33.741;SS;AS18-AS1-20180127143017
2018-01-27 14:30:34.340;VU;AS18-AS1-20180127142948
2018-01-27 14:30:38.110;RU;AS18-AS1-20180127143017
2018-01-27 14:30:51.833;VU;AS18-AS1-20180127143017
