2018-01-27 14:20:22.678;SQ;AS20-AS1-20180127142022
2018-01-27 14:20:30.750;RO;AS20-AS1-20180127142022
2018-01-27 14:20:31.981;SP;AS20-AS1-20180127142022
2018-01-27 14:20:33.615;SQ;AS20-AS1-20180127142033
2018-01-27 14:20:38.221;RC;AS20-AS1-20180127142022
2018-01-27 14:20:39.052;SS;AS20-AS1-20180127142022
2018-01-27 14:20:46.096;RO;AS20-AS1-20180127142033
2018-01-27 14:20:46.992;SP;AS20-AS1-20180127142033
2018-01-27 14:20:48.586;SQ;AS20-AS1-20180127142048
2018-01-27 14:20:55.145;RC;AS20-AS1-20180127142033
2018-01-27 14:20:55.949;SS;AS20-AS1-20180127142033
2018-01-27 14:21:00.018;RU;AS20-AS1-20180127142022
2018-01-27 14:21:01.868;VU;AS20-AS1-20180127142022
2018-01-27 14:21:06.997;RO;AS20-AS1-20180127142048
2018-01-27 14:21:07.923;SP;AS20-AS1-20180127142048
2018-01-27 14:21:09.559;SQ;AS20-AS1-20180127142109
2018-01-27 14:21:15.366;RC;AS20-AS1-20180127142048
2018-01-27 14:21:16.566;SS;AS20-AS1-20180127142048
2018-01-27 14:21:24.430;RU;AS20-AS1-20180127142033
2018-01-27 14:21:26.223;VU;AS20-AS1-20180127142033
2018-01-27 14:21:30.667;RO;AS20-AS1-20180127142109
2018-01-27 14:21:32.562;SP;AS20-AS1-20180127142109
2018-01-27 14:21:34.186;SQ;AS20-AS1-20180127142134
2018-01-27 14:21:34.397;RU;AS20-AS1-20180127142048
2018-01-27 14:21:36.202;VU;AS20-AS1-20180127142048
2018-01-27 14:21:42.344;RC;AS20-AS1-20180127142109
2018-01-27 14:21:43.149;SS;AS20-AS1-20180127142109
2018-01-27 14:21:51.034;RO;AS20-AS1-20180127142134
2018-01-27 14:21:52.025;SP;AS20-AS1-20180127142134
2018-01-27 14:21:53.717;SQ;AS20-AS1-20180127142153
2018-01-27 14:22:03.745;RU;AS20-AS1-20180127142109
2018-01-27 14:22:08.218;VU;AS20-AS1-20180127142109
2018-01-27 14:22:16.301;RO;AS20-AS1-20180127142153
2018-01-27 14:22:16.373;RC;AS20-AS1-20180127142134
2018-01-27 14:22:17.598;SS;AS20-AS1-20180127142134
2018-01-27 14:22:18.037;SP;AS20-AS1-20180127142153
2018-01-27 14:22:19.709;SQ;AS20-AS1-20180127142219
2018-01-27 14:22:27.267;RC;AS20-AS1-20180127142153
2018-01-27 14:22:28.093;SS;AS20-AS1-20180127142153
2018-01-27 14:22:35.414;RU;AS20-AS1-20180127142134
2018-01-27 14:22:35.552;RO;AS20-AS1-20180127142219
2018-01-27 14:22:37.088;SP;AS20-AS1-20180127142219
2018-01-27 14:22:41.168;SQ;AS20-AS1-20180127142241
2018-01-27 14:22:43.313;RC;AS20-AS1-20180127142219
2018-01-27 14:22:43.655;VU;AS20-AS1-20180127142134
2018-01-27 14:22:44.147;SS;AS20-AS1-20180127142219
2018-01-27 14:22:47.702;RU;AS20-AS1-20180127142153
2018-01-27 14:22:49.541;VU;AS20-AS1-20180127142153
2018-01-27 14:22:58.044;RO;AS20-AS1-20180127142241
2018-01-27 14:22:59.031;SP;AS20-AS1-20180127142241
2018-01-27 14:23:00.590;RU;AS20-AS1-20180127142219
2018-01-27 14:23:00.825;SQ;AS20-AS1-20180127142300
2018-01-27 14:23:02.547;VU;AS20-AS1-20180127142219
2018-01-27 14:23:05.343;RC;AS20-AS1-20180127142241
2018-01-27 14:23:06.208;SS;AS20-AS1-20180127142241
2018-01-27 14:23:21.323;RO;AS20-AS1-20180127142300
2018-01-27 14:23:22.169;SP;AS20-AS1-20180127142300
2018-01-27 14:23:23.222;RC;AS20-AS1-20180127142300
2018-01-27 14:23:24.282;SQ;AS20-AS1-20180127142324
2018-01-27 14:23:24.598;SS;AS20-AS1-20180127142300
2018-01-27 14:23:37.744;RU;AS20-AS1-20180127142241
2018-01-27 14:23:39.563;VU;AS20-AS1-20180127142241
2018-01-27 14:23:42.875;RO;AS20-AS1-20180127142324
2018-01-27 14:23:44.085;SP;AS20-AS1-20180127142324
2018-01-27 14:23:45.651;SQ;AS20-AS1-20180127142345
2018-01-27 14:23:47.605;RU;AS20-AS1-20180127142300
2018-01-27 14:23:53.361;RC;AS20-AS1-20180127142324
2018-01-27 14:23:55.234;SS;AS20-AS1-20180127142324
2018-01-27 14:23:56.579;VU;AS20-AS1-20180127142300
2018-01-27 14:24:02.384;RO;AS20-AS1-20180127142345
2018-01-27 14:24:03.491;SP;AS20-AS1-20180127142345
2018-01-27 14:24:05.096;SQ;AS20-AS1-20180127142405
2018-01-27 14:24:11.578;RC;AS20-AS1-20180127142345
2018-01-27 14:24:12.399;RU;AS20-AS1-20180127142324
2018-01-27 14:24:14.144;SS;AS20-AS1-20180127142345
2018-01-27 14:24:17.764;VU;AS20-AS1-20180127142324
2018-01-27 14:24:24.131;RO;AS20-AS1-20180127142405
2018-01-27 14:24:25.449;SP;AS20-AS1-20180127142405
2018-01-27 14:24:27.060;SQ;AS20-AS1-20180127142427
2018-01-27 14:24:35.796;RC;AS20-AS1-20180127142405
2018-01-27 14:24:36.112;RU;AS20-AS1-20180127142345
2018-01-27 14:24:37.011;SS;AS20-AS1-20180127142405
2018-01-27 14:24:38.412;VU;AS20-AS1-20180127142345
2018-01-27 14:24:46.296;RO;AS20-AS1-20180127142427
2018-01-27 14:24:47.895;SP;AS20-AS1-20180127142427
2018-01-27 14:24:49.492;SQ;AS20-AS1-20180127142449
2018-01-27 14:24:55.338;RU;AS20-AS1-20180127142405
2018-01-27 14:24:55.475;RC;AS20-AS1-20180127142427
2018-01-27 14:24:56.949;SS;AS20-AS1-20180127142427
2018-01-27 14:24:57.789;VU;AS20-AS1-20180127142405
2018-01-27 14:25:05.688;RO;AS20-AS1-20180127142449
2018-01-27 14:25:06.839;SP;AS20-AS1-20180127142449
2018-01-27 14:25:08.484;SQ;AS20-AS1-20180127142508
2018-01-27 14:25:12.729;RC;AS20-AS1-20180127142449
2018-01-27 14:25:13.536;SS;AS20-AS1-20180127142449
2018-01-27 14:25:18.459;RU;AS20-AS1-20180127142427
2018-01-27 14:25:20.256;VU;AS20-AS1-20180127142427
2018-01-27 14:25:29.407;RO;AS20-AS1-20180127142508
2018-01-27 14:25:29.646;RU;AS20-AS1-20180127142449
2018-01-27 14:25:30.948;SP;AS20-AS1-20180127142508
2018-01-27 14:25:33.145;SQ;AS20-AS1-20180127142533
2018-01-27 14:25:39.028;VU;AS20-AS1-20180127142449
2018-01-27 14:25:41.499;RC;AS20-AS1-20180127142508
2018-01-27 14:25:42.301;SS;AS20-AS1-20180127142508
2018-01-27 14:25:51.112;RO;AS20-AS1-20180127142533
2018-01-27 14:25:52.901;SP;AS20-AS1-20180127142533
2018-01-27 14:25:55.813;SQ;AS20-AS1-20180127142555
2018-01-27 14:26:03.936;RU;AS20-AS1-20180127142508
2018-01-27 14:26:04.553;RC;AS20-AS1-20180127142533
2018-01-27 14:26:05.568;SS;AS20-AS1-20180127142533
2018-01-27 14:26:05.930;VU;AS20-AS1-20180127142508
2018-01-27 14:26:10.256;RO;AS20-AS1-20180127142555
2018-01-27 14:26:11.180;SP;AS20-AS1-20180127142555
2018-01-27 14:26:12.854;SQ;AS20-AS1-20180127142612
2018-01-27 14:26:20.282;RC;AS20-AS1-20180127142555
2018-01-27 14:26:21.075;SS;AS20-AS1-20180127142555
2018-01-27 14:26:26.705;RU;AS20-AS1-20180127142533
2018-01-27 14:26:29.161;VU;AS20-AS1-20180127142533
2018-01-27 14:26:29.255;RO;AS20-AS1-20180127142612
2018-01-27 14:26:30.161;SP;AS20-AS1-20180127142612
2018-01-27 14:26:31.795;SQ;AS20-AS1-20180127142631
2018-01-27 14:26:38.294;RC;AS20-AS1-20180127142612
2018-01-27 14:26:39.080;SS;AS20-AS1-20180127142612
2018-01-27 14:26:41.045;RU;AS20-AS1-20180127142555
2018-01-27 14:26:45.497;VU;AS20-AS1-20180127142555
2018-01-27 14:26:49.984;RO;AS20-AS1-20180127142631
2018-01-27 14:26:51.118;SP;AS20-AS1-20180127142631
2018-01-27 14:26:52.711;SQ;AS20-AS1-20180127142652
2018-01-27 14:26:57.677;RC;AS20-AS1-20180127142631
2018-01-27 14:26:59.317;SS;AS20-AS1-20180127142631
2018-01-27 14:27:00.934;RU;AS20-AS1-20180127142612
2018-01-27 14:27:02.760;VU;AS20-AS1-20180127142612
2018-01-27 14:27:11.689;RO;AS20-AS1-20180127142652
2018-01-27 14:27:12.544;SP;AS20-AS1-20180127142652
2018-01-27 14:27:14.096;SQ;AS20-AS1-20180127142714
2018-01-27 14:27:24.800;RC;AS20-AS1-20180127142652
2018-01-27 14:27:25.070;RU;AS20-AS1-20180127142631
2018-01-27 14:27:26.034;SS;AS20-AS1-20180127142652
2018-01-27 14:27:27.385;VU;AS20-AS1-20180127142631
2018-01-27 14:27:30.933;RO;AS20-AS1-20180127142714
2018-01-27 14:27:32.549;SP;AS20-AS1-20180127142714
2018-01-27 14:27:34.153;SQ;AS20-AS1-20180127142734
2018-01-27 14:27:41.216;RC;AS20-AS1-20180127142714
2018-01-27 14:27:42.013;SS;AS20-AS1-20180127142714
2018-01-27 14:27:45.964;RU;AS20-AS1-20180127142652
2018-01-27 14:27:52.153;VU;AS20-AS1-20180127142652
2018-01-27 14:27:56.464;RO;AS20-AS1-20180127142734
2018-01-27 14:27:57.462;SP;AS20-AS1-20180127142734
2018-01-27 14:27:58.140;RU;AS20-AS1-20180127142714
2018-01-27 14:27:59.871;SQ;AS20-AS1-20180127142759
2018-01-27 14:28:04.182;RC;AS20-AS1-20180127142734
2018-01-27 14:28:05.986;SS;AS20-AS1-20180127142734
2018-01-27 14:28:07.569;VU;AS20-AS1-20180127142714
2018-01-27 14:28:17.621;RO;AS20-AS1-20180127142759
2018-01-27 14:28:18.678;SP;AS20-AS1-20180127142759
2018-01-27 14:28:21.933;SQ;AS20-AS1-20180127142821
2018-01-27 14:28:24.972;RU;AS20-AS1-20180127142734
2018-01-27 14:28:25.760;RC;AS20-AS1-20180127142759
2018-01-27 14:28:26.564;SS;AS20-AS1-20180127142759
2018-01-27 14:28:26.792;VU;AS20-AS1-20180127142734
2018-01-27 14:28:44.265;RU;AS20-AS1-20180127142759
2018-01-27 14:28:44.999;RO;AS20-AS1-20180127142821
2018-01-27 14:28:46.467;SP;AS20-AS1-20180127142821
2018-01-27 14:28:48.792;SQ;AS20-AS1-20180127142848
2018-01-27 14:28:53.261;VU;AS20-AS1-20180127142759
2018-01-27 14:28:59.921;RC;AS20-AS1-20180127142821
2018-01-27 14:29:00.733;SS;AS20-AS1-20180127142821
2018-01-27 14:29:02.892;RO;AS20-AS1-20180127142848
2018-01-27 14:29:04.136;SP;AS20-AS1-20180127142848
2018-01-27 14:29:05.748;SQ;AS20-AS1-20180127142905
2018-01-27 14:29:17.749;RU;AS20-AS1-20180127142821
2018-01-27 14:29:17.831;RC;AS20-AS1-20180127142848
2018-01-27 14:29:19.359;SS;AS20-AS1-20180127142848
2018-01-27 14:29:19.999;RO;AS20-AS1-20180127142905
2018-01-27 14:29:20.261;VU;AS20-AS1-20180127142821
2018-01-27 14:29:21.054;SP;AS20-AS1-20180127142905
2018-01-27 14:29:22.614;SQ;AS20-AS1-20180127142922
2018-01-27 14:29:28.230;RC;AS20-AS1-20180127142905
2018-01-27 14:29:29.055;SS;AS20-AS1-20180127142905
2018-01-27 14:29:38.600;RU;AS20-AS1-20180127142848
2018-01-27 14:29:41.284;RO;AS20-AS1-20180127142922
2018-01-27 14:29:42.481;SP;AS20-AS1-20180127142922
2018-01-27 14:29:42.695;VU;AS20-AS1-20180127142848
2018-01-27 14:29:44.087;SQ;AS20-AS1-20180127142944
2018-01-27 14:29:45.044;RU;AS20-AS1-20180127142905
2018-01-27 14:29:46.597;RC;AS20-AS1-20180127142922
2018-01-27 14:29:47.900;SS;AS20-AS1-20180127142922
2018-01-27 14:29:57.386;RO;AS20-AS1-20180127142944
2018-01-27 14:29:59.545;SP;AS20-AS1-20180127142944
2018-01-27 14:30:02.818;SQ;AS20-AS1-20180127143002
2018-01-27 14:30:08.872;RU;AS20-AS1-20180127142922
2018-01-27 14:30:09.069;RC;AS20-AS1-20180127142944
2018-01-27 14:30:10.125;RO;AS20-AS1-20180127143002
2018-01-27 14:30:11.352;SS;AS20-AS1-20180127142944
2018-01-27 14:30:13.047;SP;AS20-AS1-20180127143002
2018-01-27 14:30:17.254;RC;AS20-AS1-20180127143002
2018-01-27 14:30:18.963;SQ;AS20-AS1-20180127143018
2018-01-27 14:30:19.796;SS;AS20-AS1-20180127143002
2018-01-27 14:30:20.354;VU;AS20-AS1-20180127142922
2018-01-27 14:30:23.171;RU;AS20-AS1-20180127142944
2018-01-27 14:30:25.434;RO;AS20-AS1-20180127143018
2018-01-27 14:30:27.731;SP;AS20-AS1-20180127143018
2018-01-27 14:30:31.718;RU;AS20-AS1-20180127143002
2018-01-27 14:30:31.970;RC;AS20-AS1-20180127143018
2018-01-27 14:30:35.147;SS;AS20-AS1-20180127143018
2018-01-27 14:30:35.675;VU;AS20-AS1-20180127143002
2018-01-27 14:30:36.827;VU;AS20-AS1-20180127142944
2018-01-27 14:30:40.366;RU;AS20-AS1-20180127143018
2018-01-27 14:30:52.065;VU;AS20-AS1-20180127143018
