2018-01-27 14:20:21.602;SQ;AS28-AS1-20180127142021
2018-01-27 14:20:28.410;RO;AS28-AS1-20180127142021
2018-01-27 14:20:29.428;SP;AS28-AS1-20180127142021
2018-01-27 14:20:31.131;SQ;AS28-AS1-20180127142031
2018-01-27 14:20:34.691;RC;AS28-AS1-20180127142021
2018-01-27 14:20:35.509;SS;AS28-AS1-20180127142021
2018-01-27 14:20:50.809;RO;AS28-AS1-20180127142031
2018-01-27 14:20:51.981;SP;AS28-AS1-20180127142031
2018-01-27 14:20:53.631;SQ;AS28-AS1-20180127142053
2018-01-27 14:20:55.952;RU;AS28-AS1-20180127142021
2018-01-27 14:21:00.793;VU;AS28-AS1-20180127142021
2018-01-27 14:21:06.308;RC;AS28-AS1-20180127142031
2018-01-27 14:21:07.133;SS;AS28-AS1-20180127142031
2018-01-27 14:21:08.580;RO;AS28-AS1-20180127142053
2018-01-27 14:21:09.469;SP;AS28-AS1-20180127142053
2018-01-27 14:21:11.112;SQ;AS28-AS1-20180127142111
2018-01-27 14:21:18.670;RC;AS28-AS1-20180127142053
2018-01-27 14:21:19.516;SS;AS28-AS1-20180127142053
2018-01-27 14:21:25.260;RU;AS28-AS1-20180127142031
2018-01-27 14:21:27.094;VU;AS28-AS1-20180127142031
2018-01-27 14:21:32.199;RO;AS28-AS1-20180127142111
2018-01-27 14:21:33.472;SP;AS28-AS1-20180127142111
2018-01-27 14:21:35.101;SQ;AS28-AS1-20180127142135
2018-01-27 14:21:41.741;RU;AS28-AS1-20180127142053
2018-01-27 14:21:42.255;RC;AS28-AS1-20180127142111
2018-01-27 14:21:43.419;SS;AS28-AS1-20180127142111
2018-01-27 14:21:43.844;VU;AS28-AS1-20180127142053
2018-01-27 14:21:51.260;RO;AS28-AS1-20180127142135
2018-01-27 14:21:52.434;SP;AS28-AS1-20180127142135
2018-01-27 14:21:54.078;SQ;AS28-AS1-20180127142154
2018-01-27 14:22:02.383;RC;AS28-AS1-20180127142135
2018-01-27 14:22:03.199;SS;AS28-AS1-20180127142135
2018-01-27 14:22:04.505;RU;AS28-AS1-20180127142111
2018-01-27 14:22:09.060;VU;AS28-AS1-20180127142111
2018-01-27 14:22:16.666;RO;AS28-AS1-20180127142154
2018-01-27 14:22:16.800;RU;AS28-AS1-20180127142135
2018-01-27 14:22:18.510;SP;AS28-AS1-20180127142154
2018-01-27 14:22:22.355;SQ;AS28-AS1-20180127142222
2018-01-27 14:22:24.943;VU;AS28-AS1-20180127142135
2018-01-27 14:22:27.329;RC;AS28-AS1-20180127142154
2018-01-27 14:22:28.149;SS;AS28-AS1-20180127142154
2018-01-27 14:22:38.744;RO;AS28-AS1-20180127142222
2018-01-27 14:22:40.605;SP;AS28-AS1-20180127142222
2018-01-27 14:22:42.692;SQ;AS28-AS1-20180127142242
2018-01-27 14:22:47.725;RU;AS28-AS1-20180127142154
2018-01-27 14:22:49.544;VU;AS28-AS1-20180127142154
2018-01-27 14:22:49.565;RC;AS28-AS1-20180127142222
2018-01-27 14:22:50.375;SS;AS28-AS1-20180127142222
2018-01-27 14:22:59.458;RO;AS28-AS1-20180127142242
2018-01-27 14:23:00.515;SP;AS28-AS1-20180127142242
2018-01-27 14:23:02.154;SQ;AS28-AS1-20180127142302
2018-01-27 14:23:08.075;RC;AS28-AS1-20180127142242
2018-01-27 14:23:08.915;SS;AS28-AS1-20180127142242
2018-01-27 14:23:13.041;RU;AS28-AS1-20180127142222
2018-01-27 14:23:14.880;VU;AS28-AS1-20180127142222
2018-01-27 14:23:21.656;RO;AS28-AS1-20180127142302
2018-01-27 14:23:22.471;SP;AS28-AS1-20180127142302
2018-01-27 14:23:24.113;SQ;AS28-AS1-20180127142324
2018-01-27 14:23:24.629;RC;AS28-AS1-20180127142302
2018-01-27 14:23:25.441;SS;AS28-AS1-20180127142302
2018-01-27 14:23:36.535;RU;AS28-AS1-20180127142242
2018-01-27 14:23:38.341;VU;AS28-AS1-20180127142242
2018-01-27 14:23:43.912;RO;AS28-AS1-20180127142324
2018-01-27 14:23:44.947;SP;AS28-AS1-20180127142324
2018-01-27 14:23:46.603;SQ;AS28-AS1-20180127142346
2018-01-27 14:23:49.800;RU;AS28-AS1-20180127142302
2018-01-27 14:23:54.207;RC;AS28-AS1-20180127142324
2018-01-27 14:23:55.577;SS;AS28-AS1-20180127142324
2018-01-27 14:23:56.876;VU;AS28-AS1-20180127142302
2018-01-27 14:24:02.121;RO;AS28-AS1-20180127142346
2018-01-27 14:24:02.941;SP;AS28-AS1-20180127142346
2018-01-27 14:24:04.590;SQ;AS28-AS1-20180127142404
2018-01-27 14:24:09.788;RC;AS28-AS1-20180127142346
2018-01-27 14:24:10.616;SS;AS28-AS1-20180127142346
2018-01-27 14:24:18.327;RU;AS28-AS1-20180127142324
2018-01-27 14:24:20.162;VU;AS28-AS1-20180127142324
2018-01-27 14:24:23.797;RO;AS28-AS1-20180127142404
2018-01-27 14:24:24.944;SP;AS28-AS1-20180127142404
2018-01-27 14:24:26.595;SQ;AS28-AS1-20180127142426
2018-01-27 14:24:28.765;RC;AS28-AS1-20180127142404
2018-01-27 14:24:30.552;SS;AS28-AS1-20180127142404
2018-01-27 14:24:38.373;RU;AS28-AS1-20180127142346
2018-01-27 14:24:40.186;VU;AS28-AS1-20180127142346
2018-01-27 14:24:44.089;RO;AS28-AS1-20180127142426
2018-01-27 14:24:44.955;SP;AS28-AS1-20180127142426
2018-01-27 14:24:47.787;SQ;AS28-AS1-20180127142447
2018-01-27 14:24:49.553;RU;AS28-AS1-20180127142404
2018-01-27 14:24:51.378;VU;AS28-AS1-20180127142404
2018-01-27 14:24:54.485;RC;AS28-AS1-20180127142426
2018-01-27 14:24:55.316;SS;AS28-AS1-20180127142426
2018-01-27 14:25:05.607;RO;AS28-AS1-20180127142447
2018-01-27 14:25:06.625;SP;AS28-AS1-20180127142447
2018-01-27 14:25:08.244;SQ;AS28-AS1-20180127142508
2018-01-27 14:25:13.065;RC;AS28-AS1-20180127142447
2018-01-27 14:25:13.901;SS;AS28-AS1-20180127142447
2018-01-27 14:25:18.347;RU;AS28-AS1-20180127142426
2018-01-27 14:25:20.153;VU;AS28-AS1-20180127142426
2018-01-27 14:25:29.480;RO;AS28-AS1-20180127142508
2018-01-27 14:25:29.625;RU;AS28-AS1-20180127142447
2018-01-27 14:25:31.289;SP;AS28-AS1-20180127142508
2018-01-27 14:25:33.733;SQ;AS28-AS1-20180127142533
2018-01-27 14:25:39.266;VU;AS28-AS1-20180127142447
2018-01-27 14:25:41.347;RC;AS28-AS1-20180127142508
2018-01-27 14:25:42.182;SS;AS28-AS1-20180127142508
2018-01-27 14:25:48.977;RO;AS28-AS1-20180127142533
2018-01-27 14:25:50.061;SP;AS28-AS1-20180127142533
2018-01-27 14:25:52.431;SQ;AS28-AS1-20180127142552
2018-01-27 14:25:58.026;RC;AS28-AS1-20180127142533
2018-01-27 14:25:58.835;SS;AS28-AS1-20180127142533
2018-01-27 14:26:04.052;RU;AS28-AS1-20180127142508
2018-01-27 14:26:05.887;VU;AS28-AS1-20180127142508
2018-01-27 14:26:10.250;RO;AS28-AS1-20180127142552
2018-01-27 14:26:11.281;SP;AS28-AS1-20180127142552
2018-01-27 14:26:12.933;SQ;AS28-AS1-20180127142612
2018-01-27 14:26:16.148;RU;AS28-AS1-20180127142533
2018-01-27 14:26:17.989;VU;AS28-AS1-20180127142533
2018-01-27 14:26:20.156;RC;AS28-AS1-20180127142552
2018-01-27 14:26:20.965;SS;AS28-AS1-20180127142552
2018-01-27 14:26:28.048;RO;AS28-AS1-20180127142612
2018-01-27 14:26:29.260;SP;AS28-AS1-20180127142612
2018-01-27 14:26:30.930;SQ;AS28-AS1-20180127142630
2018-01-27 14:26:37.314;RC;AS28-AS1-20180127142612
2018-01-27 14:26:38.150;RU;AS28-AS1-20180127142552
2018-01-27 14:26:38.155;SS;AS28-AS1-20180127142612
2018-01-27 14:26:46.392;VU;AS28-AS1-20180127142552
2018-01-27 14:26:49.835;RO;AS28-AS1-20180127142630
2018-01-27 14:26:50.780;SP;AS28-AS1-20180127142630
2018-01-27 14:26:52.441;SQ;AS28-AS1-20180127142652
2018-01-27 14:26:53.201;RC;AS28-AS1-20180127142630
2018-01-27 14:26:54.042;SS;AS28-AS1-20180127142630
2018-01-27 14:27:08.716;RU;AS28-AS1-20180127142612
2018-01-27 14:27:10.569;VU;AS28-AS1-20180127142612
2018-01-27 14:27:11.259;RO;AS28-AS1-20180127142652
2018-01-27 14:27:12.292;SP;AS28-AS1-20180127142652
2018-01-27 14:27:13.939;SQ;AS28-AS1-20180127142713
2018-01-27 14:27:15.711;RU;AS28-AS1-20180127142630
2018-01-27 14:27:20.444;VU;AS28-AS1-20180127142630
2018-01-27 14:27:24.860;RC;AS28-AS1-20180127142652
2018-01-27 14:27:25.698;SS;AS28-AS1-20180127142652
2018-01-27 14:27:30.687;RO;AS28-AS1-20180127142713
2018-01-27 14:27:32.395;SP;AS28-AS1-20180127142713
2018-01-27 14:27:34.133;SQ;AS28-AS1-20180127142734
2018-01-27 14:27:40.164;RC;AS28-AS1-20180127142713
2018-01-27 14:27:40.989;SS;AS28-AS1-20180127142713
2018-01-27 14:27:45.222;RU;AS28-AS1-20180127142652
2018-01-27 14:27:51.081;RO;AS28-AS1-20180127142734
2018-01-27 14:27:51.616;VU;AS28-AS1-20180127142652
2018-01-27 14:27:51.992;SP;AS28-AS1-20180127142734
2018-01-27 14:27:53.645;SQ;AS28-AS1-20180127142753
2018-01-27 14:27:57.350;RC;AS28-AS1-20180127142734
2018-01-27 14:27:58.166;SS;AS28-AS1-20180127142734
2018-01-27 14:27:58.322;RU;AS28-AS1-20180127142713
2018-01-27 14:28:06.228;RO;AS28-AS1-20180127142753
2018-01-27 14:28:06.669;VU;AS28-AS1-20180127142713
2018-01-27 14:28:07.495;SP;AS28-AS1-20180127142753
2018-01-27 14:28:09.122;SQ;AS28-AS1-20180127142809
2018-01-27 14:28:17.049;RC;AS28-AS1-20180127142753
2018-01-27 14:28:17.144;RU;AS28-AS1-20180127142734
2018-01-27 14:28:18.615;SS;AS28-AS1-20180127142753
2018-01-27 14:28:19.803;RO;AS28-AS1-20180127142809
2018-01-27 14:28:22.397;SP;AS28-AS1-20180127142809
2018-01-27 14:28:23.094;VU;AS28-AS1-20180127142734
2018-01-27 14:28:24.059;SQ;AS28-AS1-20180127142824
2018-01-27 14:28:32.524;RC;AS28-AS1-20180127142809
2018-01-27 14:28:33.359;SS;AS28-AS1-20180127142809
2018-01-27 14:28:41.821;RO;AS28-AS1-20180127142824
2018-01-27 14:28:42.906;SP;AS28-AS1-20180127142824
2018-01-27 14:28:43.352;RU;AS28-AS1-20180127142753
2018-01-27 14:28:45.409;SQ;AS28-AS1-20180127142845
2018-01-27 14:28:46.020;VU;AS28-AS1-20180127142753
2018-01-27 14:28:52.284;RC;AS28-AS1-20180127142824
2018-01-27 14:28:53.118;SS;AS28-AS1-20180127142824
2018-01-27 14:28:53.606;RU;AS28-AS1-20180127142809
2018-01-27 14:28:55.450;VU;AS28-AS1-20180127142809
2018-01-27 14:29:01.816;RO;AS28-AS1-20180127142845
2018-01-27 14:29:02.729;SP;AS28-AS1-20180127142845
2018-01-27 14:29:04.379;SQ;AS28-AS1-20180127142904
2018-01-27 14:29:08.910;RC;AS28-AS1-20180127142845
2018-01-27 14:29:10.215;SS;AS28-AS1-20180127142845
2018-01-27 14:29:17.755;RU;AS28-AS1-20180127142824
2018-01-27 14:29:19.593;VU;AS28-AS1-20180127142824
2018-01-27 14:29:23.967;RO;AS28-AS1-20180127142904
2018-01-27 14:29:25.707;SP;AS28-AS1-20180127142904
2018-01-27 14:29:28.632;SQ;AS28-AS1-20180127142928
2018-01-27 14:29:32.893;RU;AS28-AS1-20180127142845
2018-01-27 14:29:34.720;VU;AS28-AS1-20180127142845
2018-01-27 14:29:40.547;RC;AS28-AS1-20180127142904
2018-01-27 14:29:41.734;SS;AS28-AS1-20180127142904
2018-01-27 14:29:45.001;RO;AS28-AS1-20180127142928
2018-01-27 14:29:45.969;SP;AS28-AS1-20180127142928
2018-01-27 14:29:47.564;SQ;AS28-AS1-20180127142947
2018-01-27 14:29:53.164;RC;AS28-AS1-20180127142928
2018-01-27 14:29:53.998;SS;AS28-AS1-20180127142928
2018-01-27 14:29:59.050;RU;AS28-AS1-20180127142904
2018-01-27 14:30:00.867;VU;AS28-AS1-20180127142904
2018-01-27 14:30:09.078;RO;AS28-AS1-20180127142947
2018-01-27 14:30:09.180;RU;AS28-AS1-20180127142928
2018-01-27 14:30:10.631;SP;AS28-AS1-20180127142947
2018-01-27 14:30:13.709;RC;AS28-AS1-20180127142947
2018-01-27 14:30:13.723;SQ;AS28-AS1-20180127143013
2018-01-27 14:30:16.343;SS;AS28-AS1-20180127142947
2018-01-27 14:30:17.907;VU;AS28-AS1-20180127142928
2018-01-27 14:30:23.164;RO;AS28-AS1-20180127143013
2018-01-27 14:30:24.071;SP;AS28-AS1-20180127143013
2018-01-27 14:30:25.735;RC;AS28-AS1-20180127143013
2018-01-27 14:30:26.552;SS;AS28-AS1-20180127143013
2018-01-27 14:30:30.247;RU;AS28-AS1-20180127142947
2018-01-27 14:30:32.483;VU;AS28-AS1-20180127142947
2018-01-27 14:30:35.688;RU;AS28-AS1-20180127143013
2018-01-27 14:30:51.183;VU;AS28-AS1-20180127143013
