2018-01-27 14:20:20.031;SQ;AS43-AS1-20180127142020
2018-01-27 14:20:21.740;RO;AS43-AS1-20180127142020
2018-01-27 14:20:22.836;SP;AS43-AS1-20180127142020
2018-01-27 14:20:24.438;SQ;AS43-AS1-20180127142024
2018-01-27 14:20:27.238;RC;AS43-AS1-20180127142020
2018-01-27 14:20:28.045;SS;AS43-AS1-20180127142020
2018-01-27 14:20:33.633;RO;AS43-AS1-20180127142024
2018-01-27 14:20:34.742;SP;AS43-AS1-20180127142024
2018-01-27 14:20:36.387;SQ;AS43-AS1-20180127142036
2018-01-27 14:20:42.170;RU;AS43-AS1-20180127142020
2018-01-27 14:20:42.874;RC;AS43-AS1-20180127142024
2018-01-27 14:20:43.766;SS;AS43-AS1-20180127142024
2018-01-27 14:20:44.034;VU;AS43-AS1-20180127142020
2018-01-27 14:20:53.223;RO;AS43-AS1-20180127142036
2018-01-27 14:20:54.204;SP;AS43-AS1-20180127142036
2018-01-27 14:20:55.782;SQ;AS43-AS1-20180127142055
2018-01-27 14:21:06.003;RU;AS43-AS1-20180127142024
2018-01-27 14:21:06.643;RC;AS43-AS1-20180127142036
2018-01-27 14:21:07.607;SS;AS43-AS1-20180127142036
2018-01-27 14:21:07.955;VU;AS43-AS1-20180127142024
2018-01-27 14:21:08.430;RO;AS43-AS1-20180127142055
2018-01-27 14:21:09.580;SP;AS43-AS1-20180127142055
2018-01-27 14:21:11.165;SQ;AS43-AS1-20180127142111
2018-01-27 14:21:19.333;RC;AS43-AS1-20180127142055
2018-01-27 14:21:20.119;SS;AS43-AS1-20180127142055
2018-01-27 14:21:24.305;RU;AS43-AS1-20180127142036
2018-01-27 14:21:26.096;VU;AS43-AS1-20180127142036
2018-01-27 14:21:31.417;RO;AS43-AS1-20180127142111
2018-01-27 14:21:32.570;SP;AS43-AS1-20180127142111
2018-01-27 14:21:34.131;SQ;AS43-AS1-20180127142134
2018-01-27 14:21:41.629;RU;AS43-AS1-20180127142055
2018-01-27 14:21:41.653;RC;AS43-AS1-20180127142111
2018-01-27 14:21:43.176;SS;AS43-AS1-20180127142111
2018-01-27 14:21:44.176;VU;AS43-AS1-20180127142055
2018-01-27 14:21:49.850;RO;AS43-AS1-20180127142134
2018-01-27 14:21:50.920;SP;AS43-AS1-20180127142134
2018-01-27 14:21:52.462;SQ;AS43-AS1-20180127142152
2018-01-27 14:21:58.364;RC;AS43-AS1-20180127142134
2018-01-27 14:21:59.132;SS;AS43-AS1-20180127142134
2018-01-27 14:22:05.061;RU;AS43-AS1-20180127142111
2018-01-27 14:22:09.491;VU;AS43-AS1-20180127142111
2018-01-27 14:22:10.557;RO;AS43-AS1-20180127142152
2018-01-27 14:22:11.776;SP;AS43-AS1-20180127142152
2018-01-27 14:22:13.379;SQ;AS43-AS1-20180127142213
2018-01-27 14:22:16.734;RC;AS43-AS1-20180127142152
2018-01-27 14:22:16.791;RU;AS43-AS1-20180127142134
2018-01-27 14:22:18.210;SS;AS43-AS1-20180127142152
2018-01-27 14:22:18.606;RO;AS43-AS1-20180127142213
2018-01-27 14:22:20.345;SP;AS43-AS1-20180127142213
2018-01-27 14:22:24.759;SQ;AS43-AS1-20180127142224
2018-01-27 14:22:25.880;VU;AS43-AS1-20180127142134
2018-01-27 14:22:28.956;RC;AS43-AS1-20180127142213
2018-01-27 14:22:29.732;SS;AS43-AS1-20180127142213
2018-01-27 14:22:38.017;RU;AS43-AS1-20180127142152
2018-01-27 14:22:42.627;VU;AS43-AS1-20180127142152
2018-01-27 14:22:47.712;RU;AS43-AS1-20180127142213
2018-01-27 14:22:47.726;RO;AS43-AS1-20180127142224
2018-01-27 14:22:49.277;SP;AS43-AS1-20180127142224
2018-01-27 14:22:50.198;VU;AS43-AS1-20180127142213
2018-01-27 14:22:50.844;SQ;AS43-AS1-20180127142250
2018-01-27 14:22:58.116;RC;AS43-AS1-20180127142224
2018-01-27 14:22:58.871;SS;AS43-AS1-20180127142224
2018-01-27 14:23:03.635;RO;AS43-AS1-20180127142250
2018-01-27 14:23:04.632;SP;AS43-AS1-20180127142250
2018-01-27 14:23:06.200;SQ;AS43-AS1-20180127142306
2018-01-27 14:23:15.658;RC;AS43-AS1-20180127142250
2018-01-27 14:23:16.461;SS;AS43-AS1-20180127142250
2018-01-27 14:23:21.491;RU;AS43-AS1-20180127142224
2018-01-27 14:23:21.770;RO;AS43-AS1-20180127142306
2018-01-27 14:23:23.065;SP;AS43-AS1-20180127142306
2018-01-27 14:23:23.350;VU;AS43-AS1-20180127142224
2018-01-27 14:23:24.629;SQ;AS43-AS1-20180127142324
2018-01-27 14:23:29.867;RC;AS43-AS1-20180127142306
2018-01-27 14:23:30.638;SS;AS43-AS1-20180127142306
2018-01-27 14:23:37.928;RU;AS43-AS1-20180127142250
2018-01-27 14:23:39.699;VU;AS43-AS1-20180127142250
2018-01-27 14:23:44.644;RO;AS43-AS1-20180127142324
2018-01-27 14:23:45.449;SP;AS43-AS1-20180127142324
2018-01-27 14:23:47.036;SQ;AS43-AS1-20180127142347
2018-01-27 14:23:50.079;RU;AS43-AS1-20180127142306
2018-01-27 14:23:55.577;RC;AS43-AS1-20180127142324
2018-01-27 14:23:56.481;SS;AS43-AS1-20180127142324
2018-01-27 14:23:56.765;VU;AS43-AS1-20180127142306
2018-01-27 14:24:03.588;RO;AS43-AS1-20180127142347
2018-01-27 14:24:04.859;SP;AS43-AS1-20180127142347
2018-01-27 14:24:06.420;SQ;AS43-AS1-20180127142406
2018-01-27 14:24:15.156;RC;AS43-AS1-20180127142347
2018-01-27 14:24:15.940;SS;AS43-AS1-20180127142347
2018-01-27 14:24:17.900;RU;AS43-AS1-20180127142324
2018-01-27 14:24:19.697;VU;AS43-AS1-20180127142324
2018-01-27 14:24:23.885;RO;AS43-AS1-20180127142406
2018-01-27 14:24:24.710;SP;AS43-AS1-20180127142406
2018-01-27 14:24:26.238;RC;AS43-AS1-20180127142406
2018-01-27 14:24:26.320;SQ;AS43-AS1-20180127142426
2018-01-27 14:24:27.051;SS;AS43-AS1-20180127142406
2018-01-27 14:24:37.324;RU;AS43-AS1-20180127142347
2018-01-27 14:24:39.113;VU;AS43-AS1-20180127142347
2018-01-27 14:24:44.604;RO;AS43-AS1-20180127142426
2018-01-27 14:24:45.828;SP;AS43-AS1-20180127142426
2018-01-27 14:24:48.441;RU;AS43-AS1-20180127142406
2018-01-27 14:24:49.156;SQ;AS43-AS1-20180127142449
2018-01-27 14:24:50.659;VU;AS43-AS1-20180127142406
2018-01-27 14:24:54.592;RC;AS43-AS1-20180127142426
2018-01-27 14:24:55.364;SS;AS43-AS1-20180127142426
2018-01-27 14:25:05.594;RO;AS43-AS1-20180127142449
2018-01-27 14:25:06.492;SP;AS43-AS1-20180127142449
2018-01-27 14:25:08.079;SQ;AS43-AS1-20180127142508
2018-01-27 14:25:08.865;RU;AS43-AS1-20180127142426
2018-01-27 14:25:12.376;RC;AS43-AS1-20180127142449
2018-01-27 14:25:13.918;SS;AS43-AS1-20180127142449
2018-01-27 14:25:21.155;VU;AS43-AS1-20180127142426
2018-01-27 14:25:28.992;RO;AS43-AS1-20180127142508
2018-01-27 14:25:29.643;RU;AS43-AS1-20180127142449
2018-01-27 14:25:30.065;SP;AS43-AS1-20180127142508
2018-01-27 14:25:30.877;RC;AS43-AS1-20180127142508
2018-01-27 14:25:32.683;SS;AS43-AS1-20180127142508
2018-01-27 14:25:33.589;SQ;AS43-AS1-20180127142533
2018-01-27 14:25:39.184;VU;AS43-AS1-20180127142449
2018-01-27 14:25:48.075;RO;AS43-AS1-20180127142533
2018-01-27 14:25:48.890;SP;AS43-AS1-20180127142533
2018-01-27 14:25:50.448;SQ;AS43-AS1-20180127142550
2018-01-27 14:25:52.744;RU;AS43-AS1-20180127142508
2018-01-27 14:25:55.086;VU;AS43-AS1-20180127142508
2018-01-27 14:25:55.964;RC;AS43-AS1-20180127142533
2018-01-27 14:25:56.749;SS;AS43-AS1-20180127142533
2018-01-27 14:26:04.786;RO;AS43-AS1-20180127142550
2018-01-27 14:26:05.753;SP;AS43-AS1-20180127142550
2018-01-27 14:26:08.280;SQ;AS43-AS1-20180127142608
2018-01-27 14:26:14.320;RC;AS43-AS1-20180127142550
2018-01-27 14:26:14.479;RU;AS43-AS1-20180127142533
2018-01-27 14:26:15.781;SS;AS43-AS1-20180127142550
2018-01-27 14:26:16.978;VU;AS43-AS1-20180127142533
2018-01-27 14:26:24.863;RO;AS43-AS1-20180127142608
2018-01-27 14:26:26.713;SP;AS43-AS1-20180127142608
2018-01-27 14:26:29.637;SQ;AS43-AS1-20180127142629
2018-01-27 14:26:36.860;RU;AS43-AS1-20180127142550
2018-01-27 14:26:36.914;RC;AS43-AS1-20180127142608
2018-01-27 14:26:38.456;SS;AS43-AS1-20180127142608
2018-01-27 14:26:45.510;VU;AS43-AS1-20180127142550
2018-01-27 14:26:49.943;RO;AS43-AS1-20180127142629
2018-01-27 14:26:50.950;SP;AS43-AS1-20180127142629
2018-01-27 14:26:52.501;SQ;AS43-AS1-20180127142652
2018-01-27 14:26:57.319;RC;AS43-AS1-20180127142629
2018-01-27 14:26:58.741;SS;AS43-AS1-20180127142629
2018-01-27 14:27:08.801;RO;AS43-AS1-20180127142652
2018-01-27 14:27:08.915;RU;AS43-AS1-20180127142608
2018-01-27 14:27:10.552;SP;AS43-AS1-20180127142652
2018-01-27 14:27:11.421;VU;AS43-AS1-20180127142608
2018-01-27 14:27:12.171;SQ;AS43-AS1-20180127142712
2018-01-27 14:27:14.847;RC;AS43-AS1-20180127142652
2018-01-27 14:27:15.649;SS;AS43-AS1-20180127142652
2018-01-27 14:27:25.159;RU;AS43-AS1-20180127142629
2018-01-27 14:27:26.953;VU;AS43-AS1-20180127142629
2018-01-27 14:27:29.979;RO;AS43-AS1-20180127142712
2018-01-27 14:27:30.960;SP;AS43-AS1-20180127142712
2018-01-27 14:27:33.099;SQ;AS43-AS1-20180127142733
2018-01-27 14:27:36.423;RU;AS43-AS1-20180127142652
2018-01-27 14:27:36.830;RC;AS43-AS1-20180127142712
2018-01-27 14:27:37.942;SS;AS43-AS1-20180127142712
2018-01-27 14:27:38.474;VU;AS43-AS1-20180127142652
2018-01-27 14:27:56.388;RO;AS43-AS1-20180127142733
2018-01-27 14:27:56.552;RU;AS43-AS1-20180127142712
2018-01-27 14:27:58.073;SP;AS43-AS1-20180127142733
2018-01-27 14:28:00.260;SQ;AS43-AS1-20180127142800
2018-01-27 14:28:04.847;RC;AS43-AS1-20180127142733
2018-01-27 14:28:05.735;SS;AS43-AS1-20180127142733
2018-01-27 14:28:06.044;VU;AS43-AS1-20180127142712
2018-01-27 14:28:17.292;RO;AS43-AS1-20180127142800
2018-01-27 14:28:18.582;SP;AS43-AS1-20180127142800
2018-01-27 14:28:21.741;SQ;AS43-AS1-20180127142821
2018-01-27 14:28:24.821;RC;AS43-AS1-20180127142800
2018-01-27 14:28:25.596;SS;AS43-AS1-20180127142800
2018-01-27 14:28:28.635;RU;AS43-AS1-20180127142733
2018-01-27 14:28:30.392;VU;AS43-AS1-20180127142733
2018-01-27 14:28:37.274;RO;AS43-AS1-20180127142821
2018-01-27 14:28:38.545;SP;AS43-AS1-20180127142821
2018-01-27 14:28:40.103;SQ;AS43-AS1-20180127142840
2018-01-27 14:28:44.206;RU;AS43-AS1-20180127142800
2018-01-27 14:28:44.925;RC;AS43-AS1-20180127142821
2018-01-27 14:28:45.780;SS;AS43-AS1-20180127142821
2018-01-27 14:28:54.059;VU;AS43-AS1-20180127142800
2018-01-27 14:29:01.110;RO;AS43-AS1-20180127142840
2018-01-27 14:29:01.926;SP;AS43-AS1-20180127142840
2018-01-27 14:29:03.504;SQ;AS43-AS1-20180127142903
2018-01-27 14:29:04.465;RC;AS43-AS1-20180127142840
2018-01-27 14:29:05.240;SS;AS43-AS1-20180127142840
2018-01-27 14:29:17.718;RU;AS43-AS1-20180127142821
2018-01-27 14:29:19.503;VU;AS43-AS1-20180127142821
2018-01-27 14:29:20.724;RO;AS43-AS1-20180127142903
2018-01-27 14:29:21.786;SP;AS43-AS1-20180127142903
2018-01-27 14:29:23.314;SQ;AS43-AS1-20180127142923
2018-01-27 14:29:32.968;RU;AS43-AS1-20180127142840
2018-01-27 14:29:32.991;RC;AS43-AS1-20180127142903
2018-01-27 14:29:34.534;SS;AS43-AS1-20180127142903
2018-01-27 14:29:35.534;VU;AS43-AS1-20180127142840
2018-01-27 14:29:44.108;RO;AS43-AS1-20180127142923
2018-01-27 14:29:45.118;SP;AS43-AS1-20180127142923
2018-01-27 14:29:46.721;SQ;AS43-AS1-20180127142946
2018-01-27 14:29:48.320;RC;AS43-AS1-20180127142923
2018-01-27 14:29:49.092;SS;AS43-AS1-20180127142923
2018-01-27 14:29:57.625;RU;AS43-AS1-20180127142903
2018-01-27 14:30:00.463;VU;AS43-AS1-20180127142903
2018-01-27 14:30:03.155;RO;AS43-AS1-20180127142946
2018-01-27 14:30:04.048;SP;AS43-AS1-20180127142946
2018-01-27 14:30:08.933;RU;AS43-AS1-20180127142923
2018-01-27 14:30:09.174;RC;AS43-AS1-20180127142946
2018-01-27 14:30:10.521;SS;AS43-AS1-20180127142946
2018-01-27 14:30:17.434;VU;AS43-AS1-20180127142923
2018-01-27 14:30:23.042;RU;AS43-AS1-20180127142946
2018-01-27 14:30:33.087;VU;AS43-AS1-20180127142946
