2018-01-27 14:20:20.306;SQ;AS46-AS1-20180127142020
2018-01-27 14:20:22.301;RO;AS46-AS1-20180127142020
2018-01-27 14:20:23.076;SP;AS46-AS1-20180127142020
2018-01-27 14:20:24.647;SQ;AS46-AS1-20180127142024
2018-01-27 14:20:27.914;RC;AS46-AS1-20180127142020
2018-01-27 14:20:28.712;SS;AS46-AS1-20180127142020
2018-01-27 14:20:34.425;RO;AS46-AS1-20180127142024
2018-01-27 14:20:35.454;SP;AS46-AS1-20180127142024
2018-01-27 14:20:37.078;SQ;AS46-AS1-20180127142037
2018-01-27 14:20:42.026;RC;AS46-AS1-20180127142024
2018-01-27 14:20:42.828;SS;AS46-AS1-20180127142024
2018-01-27 14:20:44.079;RU;AS46-AS1-20180127142020
2018-01-27 14:20:45.898;VU;AS46-AS1-20180127142020
2018-01-27 14:20:52.694;RO;AS46-AS1-20180127142037
2018-01-27 14:20:53.912;SP;AS46-AS1-20180127142037
2018-01-27 14:20:55.490;SQ;AS46-AS1-20180127142055
2018-01-27 14:21:06.304;RU;AS46-AS1-20180127142024
2018-01-27 14:21:06.355;RC;AS46-AS1-20180127142037
2018-01-27 14:21:07.898;SS;AS46-AS1-20180127142037
2018-01-27 14:21:08.821;VU;AS46-AS1-20180127142024
2018-01-27 14:21:10.699;RO;AS46-AS1-20180127142055
2018-01-27 14:21:11.787;SP;AS46-AS1-20180127142055
2018-01-27 14:21:13.355;SQ;AS46-AS1-20180127142113
2018-01-27 14:21:25.102;RU;AS46-AS1-20180127142037
2018-01-27 14:21:26.909;RC;AS46-AS1-20180127142055
2018-01-27 14:21:28.455;SS;AS46-AS1-20180127142055
2018-01-27 14:21:30.616;RO;AS46-AS1-20180127142113
2018-01-27 14:21:33.045;SP;AS46-AS1-20180127142113
2018-01-27 14:21:35.409;VU;AS46-AS1-20180127142037
2018-01-27 14:21:35.612;SQ;AS46-AS1-20180127142135
2018-01-27 14:21:43.365;RC;AS46-AS1-20180127142113
2018-01-27 14:21:44.174;SS;AS46-AS1-20180127142113
2018-01-27 14:21:51.278;RU;AS46-AS1-20180127142055
2018-01-27 14:21:51.382;RO;AS46-AS1-20180127142135
2018-01-27 14:21:52.876;SP;AS46-AS1-20180127142135
2018-01-27 14:21:53.470;VU;AS46-AS1-20180127142055
2018-01-27 14:21:54.442;SQ;AS46-AS1-20180127142154
2018-01-27 14:22:02.666;RC;AS46-AS1-20180127142135
2018-01-27 14:22:03.488;SS;AS46-AS1-20180127142135
2018-01-27 14:22:06.595;RU;AS46-AS1-20180127142113
2018-01-27 14:22:08.408;VU;AS46-AS1-20180127142113
2018-01-27 14:22:16.508;RO;AS46-AS1-20180127142154
2018-01-27 14:22:17.741;SP;AS46-AS1-20180127142154
2018-01-27 14:22:19.332;SQ;AS46-AS1-20180127142219
2018-01-27 14:22:27.308;RC;AS46-AS1-20180127142154
2018-01-27 14:22:27.939;RU;AS46-AS1-20180127142135
2018-01-27 14:22:28.248;SS;AS46-AS1-20180127142154
2018-01-27 14:22:29.880;VU;AS46-AS1-20180127142135
2018-01-27 14:22:35.824;RO;AS46-AS1-20180127142219
2018-01-27 14:22:36.651;SP;AS46-AS1-20180127142219
2018-01-27 14:22:38.621;SQ;AS46-AS1-20180127142238
2018-01-27 14:22:47.753;RC;AS46-AS1-20180127142219
2018-01-27 14:22:48.099;RU;AS46-AS1-20180127142154
2018-01-27 14:22:48.960;SS;AS46-AS1-20180127142219
2018-01-27 14:22:55.009;RO;AS46-AS1-20180127142238
2018-01-27 14:22:55.937;SP;AS46-AS1-20180127142238
2018-01-27 14:22:56.067;VU;AS46-AS1-20180127142154
2018-01-27 14:22:57.510;SQ;AS46-AS1-20180127142257
2018-01-27 14:23:01.913;RC;AS46-AS1-20180127142238
2018-01-27 14:23:02.706;SS;AS46-AS1-20180127142238
2018-01-27 14:23:13.026;RU;AS46-AS1-20180127142219
2018-01-27 14:23:13.653;RO;AS46-AS1-20180127142257
2018-01-27 14:23:14.815;VU;AS46-AS1-20180127142219
2018-01-27 14:23:14.833;SP;AS46-AS1-20180127142257
2018-01-27 14:23:16.437;SQ;AS46-AS1-20180127142316
2018-01-27 14:23:21.811;RC;AS46-AS1-20180127142257
2018-01-27 14:23:21.826;RU;AS46-AS1-20180127142238
2018-01-27 14:23:22.671;RO;AS46-AS1-20180127142316
2018-01-27 14:23:23.507;SS;AS46-AS1-20180127142257
2018-01-27 14:23:24.230;SP;AS46-AS1-20180127142316
2018-01-27 14:23:26.592;SQ;AS46-AS1-20180127142326
2018-01-27 14:23:31.734;VU;AS46-AS1-20180127142238
2018-01-27 14:23:37.466;RC;AS46-AS1-20180127142316
2018-01-27 14:23:38.245;SS;AS46-AS1-20180127142316
2018-01-27 14:23:44.332;RO;AS46-AS1-20180127142326
2018-01-27 14:23:45.405;SP;AS46-AS1-20180127142326
2018-01-27 14:23:46.365;RU;AS46-AS1-20180127142257
2018-01-27 14:23:47.715;SQ;AS46-AS1-20180127142347
2018-01-27 14:23:55.525;VU;AS46-AS1-20180127142257
2018-01-27 14:23:55.573;RC;AS46-AS1-20180127142326
2018-01-27 14:23:56.362;SS;AS46-AS1-20180127142326
2018-01-27 14:23:56.730;RU;AS46-AS1-20180127142316
2018-01-27 14:23:58.523;VU;AS46-AS1-20180127142316
2018-01-27 14:24:04.236;RO;AS46-AS1-20180127142347
2018-01-27 14:24:05.009;SP;AS46-AS1-20180127142347
2018-01-27 14:24:06.587;SQ;AS46-AS1-20180127142406
2018-01-27 14:24:15.308;RC;AS46-AS1-20180127142347
2018-01-27 14:24:16.110;SS;AS46-AS1-20180127142347
2018-01-27 14:24:16.427;RU;AS46-AS1-20180127142326
2018-01-27 14:24:18.212;VU;AS46-AS1-20180127142326
2018-01-27 14:24:24.213;RO;AS46-AS1-20180127142406
2018-01-27 14:24:25.393;SP;AS46-AS1-20180127142406
2018-01-27 14:24:26.986;SQ;AS46-AS1-20180127142426
2018-01-27 14:24:35.966;RC;AS46-AS1-20180127142406
2018-01-27 14:24:36.748;SS;AS46-AS1-20180127142406
2018-01-27 14:24:36.958;RU;AS46-AS1-20180127142347
2018-01-27 14:24:38.737;VU;AS46-AS1-20180127142347
2018-01-27 14:24:47.190;RO;AS46-AS1-20180127142426
2018-01-27 14:24:48.300;SP;AS46-AS1-20180127142426
2018-01-27 14:24:49.847;SQ;AS46-AS1-20180127142449
2018-01-27 14:24:54.727;RU;AS46-AS1-20180127142406
2018-01-27 14:24:56.524;VU;AS46-AS1-20180127142406
2018-01-27 14:24:57.239;RC;AS46-AS1-20180127142426
2018-01-27 14:24:58.020;SS;AS46-AS1-20180127142426
2018-01-27 14:25:05.586;RO;AS46-AS1-20180127142449
2018-01-27 14:25:06.676;SP;AS46-AS1-20180127142449
2018-01-27 14:25:08.247;SQ;AS46-AS1-20180127142508
2018-01-27 14:25:12.444;RC;AS46-AS1-20180127142449
2018-01-27 14:25:13.253;SS;AS46-AS1-20180127142449
2018-01-27 14:25:18.719;RU;AS46-AS1-20180127142426
2018-01-27 14:25:20.522;VU;AS46-AS1-20180127142426
2018-01-27 14:25:29.329;RO;AS46-AS1-20180127142508
2018-01-27 14:25:29.635;RU;AS46-AS1-20180127142449
2018-01-27 14:25:31.225;SP;AS46-AS1-20180127142508
2018-01-27 14:25:33.569;SQ;AS46-AS1-20180127142533
2018-01-27 14:25:39.072;VU;AS46-AS1-20180127142449
2018-01-27 14:25:41.364;RC;AS46-AS1-20180127142508
2018-01-27 14:25:42.140;SS;AS46-AS1-20180127142508
2018-01-27 14:25:50.479;RO;AS46-AS1-20180127142533
2018-01-27 14:25:51.731;SP;AS46-AS1-20180127142533
2018-01-27 14:25:55.308;SQ;AS46-AS1-20180127142555
2018-01-27 14:25:57.635;RC;AS46-AS1-20180127142533
2018-01-27 14:25:58.412;SS;AS46-AS1-20180127142533
2018-01-27 14:26:04.125;RU;AS46-AS1-20180127142508
2018-01-27 14:26:05.942;VU;AS46-AS1-20180127142508
2018-01-27 14:26:12.463;RO;AS46-AS1-20180127142555
2018-01-27 14:26:13.615;SP;AS46-AS1-20180127142555
2018-01-27 14:26:14.858;RU;AS46-AS1-20180127142533
2018-01-27 14:26:15.471;SQ;AS46-AS1-20180127142615
2018-01-27 14:26:17.029;VU;AS46-AS1-20180127142533
2018-01-27 14:26:22.663;RC;AS46-AS1-20180127142555
2018-01-27 14:26:23.459;SS;AS46-AS1-20180127142555
2018-01-27 14:26:37.043;RO;AS46-AS1-20180127142615
2018-01-27 14:26:38.298;SP;AS46-AS1-20180127142615
2018-01-27 14:26:39.855;SQ;AS46-AS1-20180127142639
2018-01-27 14:26:44.101;RU;AS46-AS1-20180127142555
2018-01-27 14:26:45.180;RC;AS46-AS1-20180127142615
2018-01-27 14:26:45.918;VU;AS46-AS1-20180127142555
2018-01-27 14:26:45.981;SS;AS46-AS1-20180127142615
2018-01-27 14:26:50.643;RO;AS46-AS1-20180127142639
2018-01-27 14:26:51.650;SP;AS46-AS1-20180127142639
2018-01-27 14:26:53.232;SQ;AS46-AS1-20180127142653
2018-01-27 14:26:59.878;RC;AS46-AS1-20180127142639
2018-01-27 14:27:00.681;SS;AS46-AS1-20180127142639
2018-01-27 14:27:08.527;RU;AS46-AS1-20180127142615
2018-01-27 14:27:10.337;VU;AS46-AS1-20180127142615
2018-01-27 14:27:13.115;RO;AS46-AS1-20180127142653
2018-01-27 14:27:14.051;SP;AS46-AS1-20180127142653
2018-01-27 14:27:15.635;SQ;AS46-AS1-20180127142715
2018-01-27 14:27:19.377;RU;AS46-AS1-20180127142639
2018-01-27 14:27:21.155;VU;AS46-AS1-20180127142639
2018-01-27 14:27:24.855;RC;AS46-AS1-20180127142653
2018-01-27 14:27:25.625;SS;AS46-AS1-20180127142653
2018-01-27 14:27:31.495;RO;AS46-AS1-20180127142715
2018-01-27 14:27:32.677;SP;AS46-AS1-20180127142715
2018-01-27 14:27:34.309;SQ;AS46-AS1-20180127142734
2018-01-27 14:27:40.251;RC;AS46-AS1-20180127142715
2018-01-27 14:27:41.043;SS;AS46-AS1-20180127142715
2018-01-27 14:27:43.658;RU;AS46-AS1-20180127142653
2018-01-27 14:27:51.696;VU;AS46-AS1-20180127142653
2018-01-27 14:27:56.409;RO;AS46-AS1-20180127142734
2018-01-27 14:27:57.624;SP;AS46-AS1-20180127142734
2018-01-27 14:27:58.220;RU;AS46-AS1-20180127142715
2018-01-27 14:28:00.032;SQ;AS46-AS1-20180127142800
2018-01-27 14:28:05.104;RC;AS46-AS1-20180127142734
2018-01-27 14:28:06.425;SS;AS46-AS1-20180127142734
2018-01-27 14:28:07.720;VU;AS46-AS1-20180127142715
2018-01-27 14:28:17.201;RO;AS46-AS1-20180127142800
2018-01-27 14:28:18.354;SP;AS46-AS1-20180127142800
2018-01-27 14:28:21.376;SQ;AS46-AS1-20180127142821
2018-01-27 14:28:24.857;RC;AS46-AS1-20180127142800
2018-01-27 14:28:25.659;SS;AS46-AS1-20180127142800
2018-01-27 14:28:29.118;RU;AS46-AS1-20180127142734
2018-01-27 14:28:30.919;VU;AS46-AS1-20180127142734
2018-01-27 14:28:40.714;RO;AS46-AS1-20180127142821
2018-01-27 14:28:41.700;SP;AS46-AS1-20180127142821
2018-01-27 14:28:43.319;SQ;AS46-AS1-20180127142843
2018-01-27 14:28:43.902;RU;AS46-AS1-20180127142800
2018-01-27 14:28:47.954;RC;AS46-AS1-20180127142821
2018-01-27 14:28:49.119;SS;AS46-AS1-20180127142821
2018-01-27 14:28:54.096;VU;AS46-AS1-20180127142800
2018-01-27 14:29:01.080;RO;AS46-AS1-20180127142843
2018-01-27 14:29:02.160;SP;AS46-AS1-20180127142843
2018-01-27 14:29:03.775;SQ;AS46-AS1-20180127142903
2018-01-27 14:29:05.215;RC;AS46-AS1-20180127142843
2018-01-27 14:29:06.002;SS;AS46-AS1-20180127142843
2018-01-27 14:29:17.394;RU;AS46-AS1-20180127142821
2018-01-27 14:29:19.189;VU;AS46-AS1-20180127142821
2018-01-27 14:29:22.505;RO;AS46-AS1-20180127142903
2018-01-27 14:29:23.611;SP;AS46-AS1-20180127142903
2018-01-27 14:29:25.747;SQ;AS46-AS1-20180127142925
2018-01-27 14:29:27.894;RU;AS46-AS1-20180127142843
2018-01-27 14:29:29.699;VU;AS46-AS1-20180127142843
2018-01-27 14:29:33.132;RC;AS46-AS1-20180127142903
2018-01-27 14:29:33.938;SS;AS46-AS1-20180127142903
2018-01-27 14:29:41.691;RO;AS46-AS1-20180127142925
2018-01-27 14:29:42.580;SP;AS46-AS1-20180127142925
2018-01-27 14:29:44.221;SQ;AS46-AS1-20180127142944
2018-01-27 14:29:45.846;RC;AS46-AS1-20180127142925
2018-01-27 14:29:46.676;SS;AS46-AS1-20180127142925
2018-01-27 14:29:57.158;RU;AS46-AS1-20180127142903
2018-01-27 14:30:00.430;RO;AS46-AS1-20180127142944
2018-01-27 14:30:01.574;SP;AS46-AS1-20180127142944
2018-01-27 14:30:01.696;VU;AS46-AS1-20180127142903
2018-01-27 14:30:09.008;RC;AS46-AS1-20180127142944
2018-01-27 14:30:09.035;RU;AS46-AS1-20180127142925
2018-01-27 14:30:10.652;SS;AS46-AS1-20180127142944
2018-01-27 14:30:11.652;VU;AS46-AS1-20180127142925
2018-01-27 14:30:23.245;RU;AS46-AS1-20180127142944
2018-01-27 14:30:33.209;VU;AS46-AS1-20180127142944
