2018-01-27 14:20:22.239;SQ;AS49-AS1-20180127142022
2018-01-27 14:20:29.146;RO;AS49-AS1-20180127142022
2018-01-27 14:20:30.036;SP;AS49-AS1-20180127142022
2018-01-27 14:20:31.641;SQ;AS49-AS1-20180127142031
2018-01-27 14:20:33.941;RC;AS49-AS1-20180127142022
2018-01-27 14:20:34.733;SS;AS49-AS1-20180127142022
2018-01-27 14:20:45.835;RO;AS49-AS1-20180127142031
2018-01-27 14:20:46.972;SP;AS49-AS1-20180127142031
2018-01-27 14:20:48.543;SQ;AS49-AS1-20180127142048
2018-01-27 14:20:53.607;RU;AS49-AS1-20180127142022
2018-01-27 14:20:54.695;RC;AS49-AS1-20180127142031
2018-01-27 14:20:55.559;SS;AS49-AS1-20180127142031
2018-01-27 14:21:00.216;VU;AS49-AS1-20180127142022
2018-01-27 14:21:06.653;RO;AS49-AS1-20180127142048
2018-01-27 14:21:07.862;SP;AS49-AS1-20180127142048
2018-01-27 14:21:09.496;SQ;AS49-AS1-20180127142109
2018-01-27 14:21:15.115;RC;AS49-AS1-20180127142048
2018-01-27 14:21:16.549;RU;AS49-AS1-20180127142031
2018-01-27 14:21:16.874;SS;AS49-AS1-20180127142048
2018-01-27 14:21:18.575;VU;AS49-AS1-20180127142031
2018-01-27 14:21:32.699;RO;AS49-AS1-20180127142109
2018-01-27 14:21:33.841;SP;AS49-AS1-20180127142109
2018-01-27 14:21:35.442;SQ;AS49-AS1-20180127142135
2018-01-27 14:21:41.862;RU;AS49-AS1-20180127142048
2018-01-27 14:21:43.183;RC;AS49-AS1-20180127142109
2018-01-27 14:21:43.661;VU;AS49-AS1-20180127142048
2018-01-27 14:21:43.972;SS;AS49-AS1-20180127142109
2018-01-27 14:21:51.047;RO;AS49-AS1-20180127142135
2018-01-27 14:21:52.238;SP;AS49-AS1-20180127142135
2018-01-27 14:21:53.842;SQ;AS49-AS1-20180127142153
2018-01-27 14:22:02.655;RC;AS49-AS1-20180127142135
2018-01-27 14:22:03.453;SS;AS49-AS1-20180127142135
2018-01-27 14:22:06.439;RU;AS49-AS1-20180127142109
2018-01-27 14:22:08.228;VU;AS49-AS1-20180127142109
2018-01-27 14:22:16.355;RO;AS49-AS1-20180127142153
2018-01-27 14:22:17.193;SP;AS49-AS1-20180127142153
2018-01-27 14:22:18.774;SQ;AS49-AS1-20180127142218
2018-01-27 14:22:21.495;RC;AS49-AS1-20180127142153
2018-01-27 14:22:22.559;SS;AS49-AS1-20180127142153
2018-01-27 14:22:27.568;RU;AS49-AS1-20180127142135
2018-01-27 14:22:29.358;VU;AS49-AS1-20180127142135
2018-01-27 14:22:36.158;RO;AS49-AS1-20180127142218
2018-01-27 14:22:37.078;SP;AS49-AS1-20180127142218
2018-01-27 14:22:39.423;SQ;AS49-AS1-20180127142239
2018-01-27 14:22:40.871;RU;AS49-AS1-20180127142153
2018-01-27 14:22:42.695;VU;AS49-AS1-20180127142153
2018-01-27 14:22:47.680;RC;AS49-AS1-20180127142218
2018-01-27 14:22:48.485;SS;AS49-AS1-20180127142218
2018-01-27 14:22:58.107;RO;AS49-AS1-20180127142239
2018-01-27 14:22:59.247;SP;AS49-AS1-20180127142239
2018-01-27 14:23:00.850;SQ;AS49-AS1-20180127142300
2018-01-27 14:23:06.091;RC;AS49-AS1-20180127142239
2018-01-27 14:23:06.905;SS;AS49-AS1-20180127142239
2018-01-27 14:23:21.644;RO;AS49-AS1-20180127142300
2018-01-27 14:23:21.718;RU;AS49-AS1-20180127142218
2018-01-27 14:23:21.816;RU;AS49-AS1-20180127142239
2018-01-27 14:23:24.192;SP;AS49-AS1-20180127142300
2018-01-27 14:23:24.849;VU;AS49-AS1-20180127142218
2018-01-27 14:23:26.410;SQ;AS49-AS1-20180127142326
2018-01-27 14:23:32.220;VU;AS49-AS1-20180127142239
2018-01-27 14:23:37.801;RC;AS49-AS1-20180127142300
2018-01-27 14:23:38.618;SS;AS49-AS1-20180127142300
2018-01-27 14:23:44.431;RO;AS49-AS1-20180127142326
2018-01-27 14:23:45.238;SP;AS49-AS1-20180127142326
2018-01-27 14:23:46.878;SQ;AS49-AS1-20180127142346
2018-01-27 14:23:54.776;RC;AS49-AS1-20180127142326
2018-01-27 14:23:55.579;SS;AS49-AS1-20180127142326
2018-01-27 14:24:00.907;RU;AS49-AS1-20180127142300
2018-01-27 14:24:02.708;VU;AS49-AS1-20180127142300
2018-01-27 14:24:07.864;RO;AS49-AS1-20180127142346
2018-01-27 14:24:08.700;SP;AS49-AS1-20180127142346
2018-01-27 14:24:10.300;SQ;AS49-AS1-20180127142410
2018-01-27 14:24:18.337;RU;AS49-AS1-20180127142326
2018-01-27 14:24:20.124;VU;AS49-AS1-20180127142326
2018-01-27 14:24:24.127;RC;AS49-AS1-20180127142346
2018-01-27 14:24:24.831;RO;AS49-AS1-20180127142410
2018-01-27 14:24:24.937;SS;AS49-AS1-20180127142346
2018-01-27 14:24:26.099;SP;AS49-AS1-20180127142410
2018-01-27 14:24:27.688;SQ;AS49-AS1-20180127142427
2018-01-27 14:24:36.051;RC;AS49-AS1-20180127142410
2018-01-27 14:24:36.855;SS;AS49-AS1-20180127142410
2018-01-27 14:24:42.217;RU;AS49-AS1-20180127142346
2018-01-27 14:24:44.011;VU;AS49-AS1-20180127142346
2018-01-27 14:24:45.798;RO;AS49-AS1-20180127142427
2018-01-27 14:24:48.019;SP;AS49-AS1-20180127142427
2018-01-27 14:24:49.618;SQ;AS49-AS1-20180127142449
2018-01-27 14:24:55.959;RC;AS49-AS1-20180127142427
2018-01-27 14:24:56.755;SS;AS49-AS1-20180127142427
2018-01-27 14:24:58.507;RU;AS49-AS1-20180127142410
2018-01-27 14:25:04.447;VU;AS49-AS1-20180127142410
2018-01-27 14:25:05.643;RO;AS49-AS1-20180127142449
2018-01-27 14:25:06.971;SP;AS49-AS1-20180127142449
2018-01-27 14:25:08.591;SQ;AS49-AS1-20180127142508
2018-01-27 14:25:12.371;RC;AS49-AS1-20180127142449
2018-01-27 14:25:13.162;SS;AS49-AS1-20180127142449
2018-01-27 14:25:16.926;RU;AS49-AS1-20180127142427
2018-01-27 14:25:21.462;VU;AS49-AS1-20180127142427
2018-01-27 14:25:29.434;RO;AS49-AS1-20180127142508
2018-01-27 14:25:29.630;RU;AS49-AS1-20180127142449
2018-01-27 14:25:31.225;SP;AS49-AS1-20180127142508
2018-01-27 14:25:33.401;SQ;AS49-AS1-20180127142533
2018-01-27 14:25:39.182;VU;AS49-AS1-20180127142449
2018-01-27 14:25:41.536;RC;AS49-AS1-20180127142508
2018-01-27 14:25:42.349;SS;AS49-AS1-20180127142508
2018-01-27 14:25:50.586;RO;AS49-AS1-20180127142533
2018-01-27 14:25:52.491;SP;AS49-AS1-20180127142533
2018-01-27 14:25:55.758;SQ;AS49-AS1-20180127142555
2018-01-27 14:26:03.904;RU;AS49-AS1-20180127142508
2018-01-27 14:26:03.948;RC;AS49-AS1-20180127142533
2018-01-27 14:26:05.536;SS;AS49-AS1-20180127142533
2018-01-27 14:26:06.534;VU;AS49-AS1-20180127142508
2018-01-27 14:26:10.711;RO;AS49-AS1-20180127142555
2018-01-27 14:26:11.591;SP;AS49-AS1-20180127142555
2018-01-27 14:26:13.183;SQ;AS49-AS1-20180127142613
2018-01-27 14:26:21.676;RC;AS49-AS1-20180127142555
2018-01-27 14:26:22.493;SS;AS49-AS1-20180127142555
2018-01-27 14:26:22.614;RU;AS49-AS1-20180127142533
2018-01-27 14:26:30.620;RO;AS49-AS1-20180127142613
2018-01-27 14:26:30.765;VU;AS49-AS1-20180127142533
2018-01-27 14:26:31.519;SP;AS49-AS1-20180127142613
2018-01-27 14:26:33.144;SQ;AS49-AS1-20180127142633
2018-01-27 14:26:40.013;RC;AS49-AS1-20180127142613
2018-01-27 14:26:40.838;SS;AS49-AS1-20180127142613
2018-01-27 14:26:42.145;RU;AS49-AS1-20180127142555
2018-01-27 14:26:44.886;VU;AS49-AS1-20180127142555
2018-01-27 14:26:49.988;RO;AS49-AS1-20180127142633
2018-01-27 14:26:50.976;SP;AS49-AS1-20180127142633
2018-01-27 14:26:52.580;SQ;AS49-AS1-20180127142652
2018-01-27 14:26:55.670;RC;AS49-AS1-20180127142633
2018-01-27 14:26:56.472;SS;AS49-AS1-20180127142633
2018-01-27 14:27:08.600;RU;AS49-AS1-20180127142613
2018-01-27 14:27:10.408;VU;AS49-AS1-20180127142613
2018-01-27 14:27:11.567;RO;AS49-AS1-20180127142652
2018-01-27 14:27:12.405;SP;AS49-AS1-20180127142652
2018-01-27 14:27:14.041;SQ;AS49-AS1-20180127142714
2018-01-27 14:27:24.712;RU;AS49-AS1-20180127142633
2018-01-27 14:27:24.863;RC;AS49-AS1-20180127142652
2018-01-27 14:27:26.414;SS;AS49-AS1-20180127142652
2018-01-27 14:27:27.245;VU;AS49-AS1-20180127142633
2018-01-27 14:27:28.823;RO;AS49-AS1-20180127142714
2018-01-27 14:27:29.879;SP;AS49-AS1-20180127142714
2018-01-27 14:27:31.932;SQ;AS49-AS1-20180127142731
2018-01-27 14:27:38.097;RC;AS49-AS1-20180127142714
2018-01-27 14:27:38.904;SS;AS49-AS1-20180127142714
2018-01-27 14:27:44.146;RU;AS49-AS1-20180127142652
2018-01-27 14:27:48.566;RO;AS49-AS1-20180127142731
2018-01-27 14:27:50.581;SP;AS49-AS1-20180127142731
2018-01-27 14:27:51.062;VU;AS49-AS1-20180127142652
2018-01-27 14:27:52.195;SQ;AS49-AS1-20180127142752
2018-01-27 14:27:57.116;RC;AS49-AS1-20180127142731
2018-01-27 14:27:57.190;RU;AS49-AS1-20180127142714
2018-01-27 14:27:58.647;SS;AS49-AS1-20180127142731
2018-01-27 14:28:04.282;RO;AS49-AS1-20180127142752
2018-01-27 14:28:06.089;SP;AS49-AS1-20180127142752
2018-01-27 14:28:06.589;VU;AS49-AS1-20180127142714
2018-01-27 14:28:07.690;SQ;AS49-AS1-20180127142807
2018-01-27 14:28:17.583;RC;AS49-AS1-20180127142752
2018-01-27 14:28:17.602;RU;AS49-AS1-20180127142731
2018-01-27 14:28:18.815;RO;AS49-AS1-20180127142807
2018-01-27 14:28:19.999;SS;AS49-AS1-20180127142752
2018-01-27 14:28:21.530;SP;AS49-AS1-20180127142807
2018-01-27 14:28:24.447;VU;AS49-AS1-20180127142731
2018-01-27 14:28:24.486;SQ;AS49-AS1-20180127142824
2018-01-27 14:28:31.946;RC;AS49-AS1-20180127142807
2018-01-27 14:28:32.765;SS;AS49-AS1-20180127142807
2018-01-27 14:28:40.847;RU;AS49-AS1-20180127142752
2018-01-27 14:28:42.175;RO;AS49-AS1-20180127142824
2018-01-27 14:28:42.637;VU;AS49-AS1-20180127142752
2018-01-27 14:28:43.314;SP;AS49-AS1-20180127142824
2018-01-27 14:28:44.934;SQ;AS49-AS1-20180127142844
2018-01-27 14:28:48.947;RU;AS49-AS1-20180127142807
2018-01-27 14:28:52.502;RC;AS49-AS1-20180127142824
2018-01-27 14:28:53.379;SS;AS49-AS1-20180127142824
2018-01-27 14:29:01.810;RO;AS49-AS1-20180127142844
2018-01-27 14:29:02.902;SP;AS49-AS1-20180127142844
2018-01-27 14:29:05.249;SQ;AS49-AS1-20180127142905
2018-01-27 14:29:09.527;RC;AS49-AS1-20180127142844
2018-01-27 14:29:11.618;SS;AS49-AS1-20180127142844
2018-01-27 14:29:17.978;RU;AS49-AS1-20180127142824
2018-01-27 14:29:20.467;VU;AS49-AS1-20180127142824
2018-01-27 14:29:22.904;RO;AS49-AS1-20180127142905
2018-01-27 14:29:24.068;SP;AS49-AS1-20180127142905
2018-01-27 14:29:28.507;SQ;AS49-AS1-20180127142928
2018-01-27 14:29:32.923;RU;AS49-AS1-20180127142844
2018-01-27 14:29:33.124;RC;AS49-AS1-20180127142905
2018-01-27 14:29:34.970;SS;AS49-AS1-20180127142905
2018-01-27 14:29:35.441;VU;AS49-AS1-20180127142844
2018-01-27 14:29:45.030;RO;AS49-AS1-20180127142928
2018-01-27 14:29:46.533;SP;AS49-AS1-20180127142928
2018-01-27 14:29:48.860;SQ;AS49-AS1-20180127142948
2018-01-27 14:29:54.616;RC;AS49-AS1-20180127142928
2018-01-27 14:29:55.882;SS;AS49-AS1-20180127142928
2018-01-27 14:29:56.052;RU;AS49-AS1-20180127142905
2018-01-27 14:30:02.436;VU;AS49-AS1-20180127142905
2018-01-27 14:30:08.811;RO;AS49-AS1-20180127142948
2018-01-27 14:30:09.176;RU;AS49-AS1-20180127142928
2018-01-27 14:30:10.660;SP;AS49-AS1-20180127142948
2018-01-27 14:30:14.518;RC;AS49-AS1-20180127142948
2018-01-27 14:30:17.264;SQ;AS49-AS1-20180127143017
2018-01-27 14:30:17.302;VU;AS49-AS1-20180127142928
2018-01-27 14:30:17.689;SS;AS49-AS1-20180127142948
2018-01-27 14:30:25.286;RO;AS49-AS1-20180127143017
2018-01-27 14:30:27.218;SP;AS49-AS1-20180127143017
2018-01-27 14:30:29.395;RU;AS49-AS1-20180127142948
2018-01-27 14:30:31.884;RC;AS49-AS1-20180127143017
2018-01-27 14:30:34.322;SS;AS49-AS1-20180127143017
2018-01-27 14:30:35.702;VU;AS49-AS1-20180127142948
2018-01-27 14:30:39.195;RU;AS49-AS1-20180127143017
2018-01-27 14:30:52.081;VU;AS49-AS1-20180127143017
