2018-01-27 18:59:28.785;SQ;AS11-AS1-20180127185928
2018-01-27 18:59:37.084;RO;AS11-AS1-20180127185928
2018-01-27 18:59:38.121;SP;AS11-AS1-20180127185928
2018-01-27 18:59:39.796;SQ;AS11-AS1-20180127185939
2018-01-27 18:59:42.529;RC;AS11-AS1-20180127185928
2018-01-27 18:59:43.370;SS;AS11-AS1-20180127185928
2018-01-27 18:59:55.875;RO;AS11-AS1-20180127185939
2018-01-27 18:59:57.166;SP;AS11-AS1-20180127185939
2018-01-27 18:59:58.809;SQ;AS11-AS1-20180127185958
2018-01-27 19:00:01.682;RU;AS11-AS1-20180127185928
2018-01-27 19:00:07.390;RC;AS11-AS1-20180127185939
2018-01-27 19:00:08.915;SS;AS11-AS1-20180127185939
2018-01-27 19:00:15.635;RO;AS11-AS1-20180127185958
2018-01-27 19:00:16.885;SP;AS11-AS1-20180127185958
2018-01-27 19:00:19.408;SQ;AS11-AS1-20180127190019
2018-01-27 19:00:24.757;RC;AS11-AS1-20180127185958
2018-01-27 19:00:25.714;SS;AS11-AS1-20180127185958
2018-01-27 19:00:27.654;RU;AS11-AS1-20180127185939
2018-01-27 19:00:35.745;RO;AS11-AS1-20180127190019
2018-01-27 19:00:38.939;RU;AS11-AS1-20180127185958
2018-01-27 19:00:41.514;SP;AS11-AS1-20180127190019
2018-01-27 19:00:42.515;VU;AS11-AS1-20180127185928
2018-01-27 19:00:42.710;VU;AS11-AS1-20180127185939
2018-01-27 19:00:43.790;RC;AS11-AS1-20180127190019
2018-01-27 19:00:44.003;SQ;AS11-AS1-20180127190044
2018-01-27 19:00:45.445;SS;AS11-AS1-20180127190019
2018-01-27 19:00:55.147;RO;AS11-AS1-20180127190044
2018-01-27 19:00:57.185;SP;AS11-AS1-20180127190044
2018-01-27 19:00:59.507;SQ;AS11-AS1-20180127190059
2018-01-27 19:01:04.683;RU;AS11-AS1-20180127190019
2018-01-27 19:01:04.688;RC;AS11-AS1-20180127190044
2018-01-27 19:01:06.907;SS;AS11-AS1-20180127190044
2018-01-27 19:01:16.607;RO;AS11-AS1-20180127190059
2018-01-27 19:01:18.919;SP;AS11-AS1-20180127190059
2018-01-27 19:01:22.180;RU;AS11-AS1-20180127190044
2018-01-27 19:01:22.822;SQ;AS11-AS1-20180127190122
2018-01-27 19:01:24.648;RC;AS11-AS1-20180127190059
2018-01-27 19:01:27.050;SS;AS11-AS1-20180127190059
2018-01-27 19:01:36.710;RO;AS11-AS1-20180127190122
2018-01-27 19:01:41.630;RU;AS11-AS1-20180127190059
2018-01-27 19:01:43.037;SP;AS11-AS1-20180127190122
2018-01-27 19:01:44.003;RC;AS11-AS1-20180127190122
2018-01-27 19:01:45.826;VU;AS11-AS1-20180127185958
2018-01-27 19:01:47.179;VU;AS11-AS1-20180127190044
2018-01-27 19:01:48.150;SS;AS11-AS1-20180127190122
2018-01-27 19:01:49.151;VU;AS11-AS1-20180127190019
2018-01-27 19:01:49.491;SQ;AS11-AS1-20180127190149
2018-01-27 19:01:59.711;RU;AS11-AS1-20180127190122
2018-01-27 19:02:01.489;RO;AS11-AS1-20180127190149
2018-01-27 19:02:02.344;SP;AS11-AS1-20180127190149
2018-01-27 19:02:05.689;SQ;AS11-AS1-20180127190205
2018-01-27 19:02:07.427;RC;AS11-AS1-20180127190149
2018-01-27 19:02:08.380;SS;AS11-AS1-20180127190149
2018-01-27 19:02:16.891;RO;AS11-AS1-20180127190205
2018-01-27 19:02:19.353;SP;AS11-AS1-20180127190205
2018-01-27 19:02:22.748;SQ;AS11-AS1-20180127190222
2018-01-27 19:02:23.245;RU;AS11-AS1-20180127190149
2018-01-27 19:02:25.507;RC;AS11-AS1-20180127190205
2018-01-27 19:02:27.658;SS;AS11-AS1-20180127190205
2018-01-27 19:02:35.437;RO;AS11-AS1-20180127190222
2018-01-27 19:02:39.611;RU;AS11-AS1-20180127190205
2018-01-27 19:02:42.162;SP;AS11-AS1-20180127190222
2018-01-27 19:02:44.064;RC;AS11-AS1-20180127190222
2018-01-27 19:02:48.803;VU;AS11-AS1-20180127190122
2018-01-27 19:02:48.985;SS;AS11-AS1-20180127190222
2018-01-27 19:02:49.538;VU;AS11-AS1-20180127190149
2018-01-27 19:02:49.538;VU;AS11-AS1-20180127190059
2018-01-27 19:02:50.068;SQ;AS11-AS1-20180127190250
2018-01-27 19:02:59.956;RO;AS11-AS1-20180127190250
2018-01-27 19:03:01.443;RU;AS11-AS1-20180127190222
2018-01-27 19:03:01.653;SP;AS11-AS1-20180127190250
2018-01-27 19:03:05.456;SQ;AS11-AS1-20180127190305
2018-01-27 19:03:05.629;RC;AS11-AS1-20180127190250
2018-01-27 19:03:07.666;SS;AS11-AS1-20180127190250
2018-01-27 19:03:15.097;RO;AS11-AS1-20180127190305
2018-01-27 19:03:17.285;SP;AS11-AS1-20180127190305
2018-01-27 19:03:21.158;SQ;AS11-AS1-20180127190321
2018-01-27 19:03:22.186;RU;AS11-AS1-20180127190250
2018-01-27 19:03:23.339;RC;AS11-AS1-20180127190305
2018-01-27 19:03:25.880;SS;AS11-AS1-20180127190305
2018-01-27 19:03:30.796;RO;AS11-AS1-20180127190321
2018-01-27 19:03:35.780;SP;AS11-AS1-20180127190321
2018-01-27 19:03:37.403;RU;AS11-AS1-20180127190305
2018-01-27 19:03:38.314;RC;AS11-AS1-20180127190321
2018-01-27 19:03:46.549;SS;AS11-AS1-20180127190321
2018-01-27 19:03:46.916;VU;AS11-AS1-20180127190305
2018-01-27 19:03:47.886;VU;AS11-AS1-20180127190222
2018-01-27 19:03:48.033;SQ;AS11-AS1-20180127190348
2018-01-27 19:03:48.195;VU;AS11-AS1-20180127190205
2018-01-27 19:03:49.034;VU;AS11-AS1-20180127190250
2018-01-27 19:03:56.815;RU;AS11-AS1-20180127190321
2018-01-27 19:03:56.851;RO;AS11-AS1-20180127190348
2018-01-27 19:03:58.491;SP;AS11-AS1-20180127190348
2018-01-27 19:04:01.000;SQ;AS11-AS1-20180127190401
2018-01-27 19:04:03.071;RC;AS11-AS1-20180127190348
2018-01-27 19:04:04.126;SS;AS11-AS1-20180127190348
2018-01-27 19:04:07.740;RO;AS11-AS1-20180127190401
2018-01-27 19:04:09.292;SP;AS11-AS1-20180127190401
2018-01-27 19:04:11.849;SQ;AS11-AS1-20180127190411
2018-01-27 19:04:14.986;RC;AS11-AS1-20180127190401
2018-01-27 19:04:15.593;RU;AS11-AS1-20180127190348
2018-01-27 19:04:16.417;SS;AS11-AS1-20180127190401
2018-01-27 19:04:23.679;RO;AS11-AS1-20180127190411
2018-01-27 19:04:25.467;SP;AS11-AS1-20180127190411
2018-01-27 19:04:29.457;RC;AS11-AS1-20180127190411
2018-01-27 19:04:29.598;SQ;AS11-AS1-20180127190429
2018-01-27 19:04:31.339;SS;AS11-AS1-20180127190411
2018-01-27 19:04:31.791;RU;AS11-AS1-20180127190401
2018-01-27 19:04:36.912;RO;AS11-AS1-20180127190429
2018-01-27 19:04:39.962;RU;AS11-AS1-20180127190411
2018-01-27 19:04:44.842;SP;AS11-AS1-20180127190429
2018-01-27 19:04:45.646;RC;AS11-AS1-20180127190429
2018-01-27 19:04:45.843;VU;AS11-AS1-20180127190321
2018-01-27 19:04:45.843;VU;AS11-AS1-20180127190401
2018-01-27 19:04:45.844;VU;AS11-AS1-20180127190348
2018-01-27 19:04:47.737;SS;AS11-AS1-20180127190429
2018-01-27 19:04:48.516;SQ;AS11-AS1-20180127190448
2018-01-27 19:04:57.887;RU;AS11-AS1-20180127190429
2018-01-27 19:04:58.394;RO;AS11-AS1-20180127190448
2018-01-27 19:05:00.433;SP;AS11-AS1-20180127190448
2018-01-27 19:05:04.391;SQ;AS11-AS1-20180127190504
2018-01-27 19:05:04.697;RC;AS11-AS1-20180127190448
2018-01-27 19:05:06.840;SS;AS11-AS1-20180127190448
2018-01-27 19:05:17.111;RO;AS11-AS1-20180127190504
2018-01-27 19:05:19.075;SP;AS11-AS1-20180127190504
2018-01-27 19:05:22.476;RU;AS11-AS1-20180127190448
2018-01-27 19:05:23.425;SQ;AS11-AS1-20180127190523
2018-01-27 19:05:25.513;RC;AS11-AS1-20180127190504
2018-01-27 19:05:27.991;SS;AS11-AS1-20180127190504
2018-01-27 19:05:32.196;RO;AS11-AS1-20180127190523
2018-01-27 19:05:38.579;SP;AS11-AS1-20180127190523
2018-01-27 19:05:39.338;RU;AS11-AS1-20180127190504
2018-01-27 19:05:40.838;RC;AS11-AS1-20180127190523
2018-01-27 19:05:47.598;SS;AS11-AS1-20180127190523
2018-01-27 19:05:48.241;VU;AS11-AS1-20180127190411
2018-01-27 19:05:48.241;VU;AS11-AS1-20180127190448
2018-01-27 19:05:48.790;SQ;AS11-AS1-20180127190548
2018-01-27 19:05:49.175;VU;AS11-AS1-20180127190429
2018-01-27 19:05:58.103;RO;AS11-AS1-20180127190548
2018-01-27 19:05:58.519;RU;AS11-AS1-20180127190523
2018-01-27 19:05:59.893;SP;AS11-AS1-20180127190548
2018-01-27 19:06:03.514;RC;AS11-AS1-20180127190548
2018-01-27 19:06:04.049;SQ;AS11-AS1-20180127190604
2018-01-27 19:06:05.592;SS;AS11-AS1-20180127190548
2018-01-27 19:06:09.935;RO;AS11-AS1-20180127190604
2018-01-27 19:06:12.017;SP;AS11-AS1-20180127190604
2018-01-27 19:06:15.846;SQ;AS11-AS1-20180127190615
2018-01-27 19:06:16.428;RC;AS11-AS1-20180127190604
2018-01-27 19:06:17.260;RU;AS11-AS1-20180127190548
2018-01-27 19:06:18.498;SS;AS11-AS1-20180127190604
2018-01-27 19:06:24.381;RO;AS11-AS1-20180127190615
2018-01-27 19:06:27.836;SP;AS11-AS1-20180127190615
2018-01-27 19:06:28.893;RU;AS11-AS1-20180127190604
2018-01-27 19:06:31.152;RC;AS11-AS1-20180127190615
2018-01-27 19:06:33.718;SQ;AS11-AS1-20180127190633
2018-01-27 19:06:35.734;SS;AS11-AS1-20180127190615
2018-01-27 19:06:37.737;RO;AS11-AS1-20180127190633
2018-01-27 19:06:41.203;RU;AS11-AS1-20180127190615
2018-01-27 19:06:47.152;SP;AS11-AS1-20180127190633
2018-01-27 19:06:48.732;RC;AS11-AS1-20180127190633
2018-01-27 19:06:49.637;VU;AS11-AS1-20180127190523
2018-01-27 19:06:50.202;VU;AS11-AS1-20180127190548
2018-01-27 19:06:50.725;VU;AS11-AS1-20180127190504
2018-01-27 19:06:50.866;VU;AS11-AS1-20180127190604
2018-01-27 19:06:51.700;SS;AS11-AS1-20180127190633
2018-01-27 19:06:52.552;SQ;AS11-AS1-20180127190652
2018-01-27 19:07:00.772;RO;AS11-AS1-20180127190652
2018-01-27 19:07:02.164;SP;AS11-AS1-20180127190652
2018-01-27 19:07:02.414;RU;AS11-AS1-20180127190633
2018-01-27 19:07:05.535;SQ;AS11-AS1-20180127190705
2018-01-27 19:07:05.681;RC;AS11-AS1-20180127190652
2018-01-27 19:07:07.710;SS;AS11-AS1-20180127190652
2018-01-27 19:07:14.990;RO;AS11-AS1-20180127190705
2018-01-27 19:07:16.723;SP;AS11-AS1-20180127190705
2018-01-27 19:07:19.094;RU;AS11-AS1-20180127190652
2018-01-27 19:07:19.997;RC;AS11-AS1-20180127190705
2018-01-27 19:07:22.008;SQ;AS11-AS1-20180127190722
2018-01-27 19:07:23.577;SS;AS11-AS1-20180127190705
2018-01-27 19:07:29.023;RO;AS11-AS1-20180127190722
2018-01-27 19:07:32.046;SP;AS11-AS1-20180127190722
2018-01-27 19:07:32.529;RU;AS11-AS1-20180127190705
2018-01-27 19:07:34.714;RC;AS11-AS1-20180127190722
2018-01-27 19:07:43.858;SS;AS11-AS1-20180127190722
2018-01-27 19:07:47.114;SQ;AS11-AS1-20180127190747
2018-01-27 19:07:48.115;VU;AS11-AS1-20180127190652
2018-01-27 19:07:49.109;VU;AS11-AS1-20180127190633
2018-01-27 19:07:49.109;VU;AS11-AS1-20180127190705
2018-01-27 19:07:49.430;VU;AS11-AS1-20180127190615
2018-01-27 19:07:50.557;RU;AS11-AS1-20180127190722
2018-01-27 19:07:51.155;RO;AS11-AS1-20180127190747
2018-01-27 19:07:52.527;SP;AS11-AS1-20180127190747
2018-01-27 19:07:54.989;SQ;AS11-AS1-20180127190754
2018-01-27 19:07:55.011;RC;AS11-AS1-20180127190747
2018-01-27 19:07:56.495;SS;AS11-AS1-20180127190747
2018-01-27 19:08:00.669;RO;AS11-AS1-20180127190754
2018-01-27 19:08:02.303;SP;AS11-AS1-20180127190754
2018-01-27 19:08:04.662;SQ;AS11-AS1-20180127190804
2018-01-27 19:08:04.783;RC;AS11-AS1-20180127190754
2018-01-27 19:08:05.738;RU;AS11-AS1-20180127190747
2018-01-27 19:08:06.368;SS;AS11-AS1-20180127190754
2018-01-27 19:08:09.134;RO;AS11-AS1-20180127190804
2018-01-27 19:08:10.961;SP;AS11-AS1-20180127190804
2018-01-27 19:08:12.239;RC;AS11-AS1-20180127190804
2018-01-27 19:08:12.620;RU;AS11-AS1-20180127190754
2018-01-27 19:08:14.286;SS;AS11-AS1-20180127190804
2018-01-27 19:08:18.879;RU;AS11-AS1-20180127190804
2018-01-27 19:08:47.441;VU;AS11-AS1-20180127190754
2018-01-27 19:08:47.441;VU;AS11-AS1-20180127190747
2018-01-27 19:08:48.293;VU;AS11-AS1-20180127190804
2018-01-27 19:08:48.295;VU;AS11-AS1-20180127190722
