2018-01-27 18:59:29.532;SQ;AS28-AS1-20180127185929
2018-01-27 18:59:38.034;RO;AS28-AS1-20180127185929
2018-01-27 18:59:38.884;SP;AS28-AS1-20180127185929
2018-01-27 18:59:40.570;SQ;AS28-AS1-20180127185940
2018-01-27 18:59:44.400;RC;AS28-AS1-20180127185929
2018-01-27 18:59:45.234;SS;AS28-AS1-20180127185929
2018-01-27 18:59:55.056;RO;AS28-AS1-20180127185940
2018-01-27 18:59:55.960;SP;AS28-AS1-20180127185940
2018-01-27 18:59:57.684;SQ;AS28-AS1-20180127185957
2018-01-27 19:00:05.519;RU;AS28-AS1-20180127185929
2018-01-27 19:00:06.329;RC;AS28-AS1-20180127185940
2018-01-27 19:00:07.258;SS;AS28-AS1-20180127185940
2018-01-27 19:00:14.447;RO;AS28-AS1-20180127185957
2018-01-27 19:00:16.160;SP;AS28-AS1-20180127185957
2018-01-27 19:00:18.558;SQ;AS28-AS1-20180127190018
2018-01-27 19:00:24.909;RU;AS28-AS1-20180127185940
2018-01-27 19:00:25.334;RC;AS28-AS1-20180127185957
2018-01-27 19:00:27.384;SS;AS28-AS1-20180127185957
2018-01-27 19:00:33.990;RO;AS28-AS1-20180127190018
2018-01-27 19:00:38.531;SP;AS28-AS1-20180127190018
2018-01-27 19:00:41.322;RU;AS28-AS1-20180127185957
2018-01-27 19:00:42.291;RC;AS28-AS1-20180127190018
2018-01-27 19:00:46.112;VU;AS28-AS1-20180127185940
2018-01-27 19:00:46.675;SS;AS28-AS1-20180127190018
2018-01-27 19:00:46.791;SQ;AS28-AS1-20180127190046
2018-01-27 19:00:47.790;VU;AS28-AS1-20180127185929
2018-01-27 19:00:58.411;RO;AS28-AS1-20180127190046
2018-01-27 19:00:59.842;SP;AS28-AS1-20180127190046
2018-01-27 19:01:02.448;SQ;AS28-AS1-20180127190102
2018-01-27 19:01:05.039;RU;AS28-AS1-20180127190018
2018-01-27 19:01:07.377;RC;AS28-AS1-20180127190046
2018-01-27 19:01:09.863;SS;AS28-AS1-20180127190046
2018-01-27 19:01:19.100;RO;AS28-AS1-20180127190102
2018-01-27 19:01:21.503;SP;AS28-AS1-20180127190102
2018-01-27 19:01:24.898;RU;AS28-AS1-20180127190046
2018-01-27 19:01:25.568;SQ;AS28-AS1-20180127190125
2018-01-27 19:01:29.838;RC;AS28-AS1-20180127190102
2018-01-27 19:01:33.707;SS;AS28-AS1-20180127190102
2018-01-27 19:01:39.419;RO;AS28-AS1-20180127190125
2018-01-27 19:01:43.414;RU;AS28-AS1-20180127190102
2018-01-27 19:01:45.531;SP;AS28-AS1-20180127190125
2018-01-27 19:01:47.544;VU;AS28-AS1-20180127190046
2018-01-27 19:01:48.271;RC;AS28-AS1-20180127190125
2018-01-27 19:01:49.358;VU;AS28-AS1-20180127190018
2018-01-27 19:01:49.733;VU;AS28-AS1-20180127185957
2018-01-27 19:01:50.497;SS;AS28-AS1-20180127190125
2018-01-27 19:01:51.180;SQ;AS28-AS1-20180127190151
2018-01-27 19:02:04.199;RO;AS28-AS1-20180127190151
2018-01-27 19:02:05.544;RU;AS28-AS1-20180127190125
2018-01-27 19:02:05.725;SP;AS28-AS1-20180127190151
2018-01-27 19:02:09.225;SQ;AS28-AS1-20180127190209
2018-01-27 19:02:11.473;RC;AS28-AS1-20180127190151
2018-01-27 19:02:13.601;SS;AS28-AS1-20180127190151
2018-01-27 19:02:21.006;RO;AS28-AS1-20180127190209
2018-01-27 19:02:23.078;SP;AS28-AS1-20180127190209
2018-01-27 19:02:26.556;SQ;AS28-AS1-20180127190226
2018-01-27 19:02:29.373;RC;AS28-AS1-20180127190209
2018-01-27 19:02:30.181;RU;AS28-AS1-20180127190151
2018-01-27 19:02:30.576;SS;AS28-AS1-20180127190209
2018-01-27 19:02:36.939;RO;AS28-AS1-20180127190226
2018-01-27 19:02:40.552;RU;AS28-AS1-20180127190209
2018-01-27 19:02:42.844;SP;AS28-AS1-20180127190226
2018-01-27 19:02:44.163;RC;AS28-AS1-20180127190226
2018-01-27 19:02:47.212;VU;AS28-AS1-20180127190125
2018-01-27 19:02:48.803;SS;AS28-AS1-20180127190226
2018-01-27 19:02:49.157;VU;AS28-AS1-20180127190151
2018-01-27 19:02:49.157;VU;AS28-AS1-20180127190102
2018-01-27 19:02:50.202;SQ;AS28-AS1-20180127190250
2018-01-27 19:03:01.393;RU;AS28-AS1-20180127190226
2018-01-27 19:03:02.010;RO;AS28-AS1-20180127190250
2018-01-27 19:03:04.379;SP;AS28-AS1-20180127190250
2018-01-27 19:03:07.675;RC;AS28-AS1-20180127190250
2018-01-27 19:03:08.411;SQ;AS28-AS1-20180127190308
2018-01-27 19:03:09.925;SS;AS28-AS1-20180127190250
2018-01-27 19:03:23.835;RU;AS28-AS1-20180127190250
2018-01-27 19:03:27.690;RO;AS28-AS1-20180127190308
2018-01-27 19:03:30.592;SP;AS28-AS1-20180127190308
2018-01-27 19:03:36.827;RC;AS28-AS1-20180127190308
2018-01-27 19:03:39.490;SQ;AS28-AS1-20180127190339
2018-01-27 19:03:41.771;RO;AS28-AS1-20180127190339
2018-01-27 19:03:43.165;SS;AS28-AS1-20180127190308
2018-01-27 19:03:46.096;SP;AS28-AS1-20180127190339
2018-01-27 19:03:47.094;VU;AS28-AS1-20180127190226
2018-01-27 19:03:47.095;VU;AS28-AS1-20180127190250
2018-01-27 19:03:47.095;VU;AS28-AS1-20180127190209
2018-01-27 19:03:47.422;RC;AS28-AS1-20180127190339
2018-01-27 19:03:48.093;SQ;AS28-AS1-20180127190348
2018-01-27 19:03:48.637;SS;AS28-AS1-20180127190339
2018-01-27 19:03:49.946;RU;AS28-AS1-20180127190308
2018-01-27 19:03:57.751;RO;AS28-AS1-20180127190348
2018-01-27 19:03:59.102;SP;AS28-AS1-20180127190348
2018-01-27 19:04:00.914;RU;AS28-AS1-20180127190339
2018-01-27 19:04:02.255;SQ;AS28-AS1-20180127190402
2018-01-27 19:04:04.229;RC;AS28-AS1-20180127190348
2018-01-27 19:04:06.559;SS;AS28-AS1-20180127190348
2018-01-27 19:04:09.931;RO;AS28-AS1-20180127190402
2018-01-27 19:04:12.455;SP;AS28-AS1-20180127190402
2018-01-27 19:04:16.288;SQ;AS28-AS1-20180127190416
2018-01-27 19:04:18.929;RC;AS28-AS1-20180127190402
2018-01-27 19:04:20.374;RU;AS28-AS1-20180127190348
2018-01-27 19:04:20.780;SS;AS28-AS1-20180127190402
2018-01-27 19:04:26.639;RO;AS28-AS1-20180127190416
2018-01-27 19:04:29.113;SP;AS28-AS1-20180127190416
2018-01-27 19:04:34.547;RC;AS28-AS1-20180127190416
2018-01-27 19:04:34.803;RU;AS28-AS1-20180127190402
2018-01-27 19:04:35.711;SQ;AS28-AS1-20180127190435
2018-01-27 19:04:39.230;RO;AS28-AS1-20180127190435
2018-01-27 19:04:42.193;SS;AS28-AS1-20180127190416
2018-01-27 19:04:47.200;SP;AS28-AS1-20180127190435
2018-01-27 19:04:47.250;RU;AS28-AS1-20180127190416
2018-01-27 19:04:47.688;VU;AS28-AS1-20180127190348
2018-01-27 19:04:48.193;VU;AS28-AS1-20180127190339
2018-01-27 19:04:48.201;VU;AS28-AS1-20180127190308
2018-01-27 19:04:49.017;VU;AS28-AS1-20180127190402
2018-01-27 19:04:50.129;SQ;AS28-AS1-20180127190450
2018-01-27 19:04:50.215;RC;AS28-AS1-20180127190435
2018-01-27 19:04:51.825;SS;AS28-AS1-20180127190435
2018-01-27 19:05:00.485;RO;AS28-AS1-20180127190450
2018-01-27 19:05:02.041;SP;AS28-AS1-20180127190450
2018-01-27 19:05:03.519;RU;AS28-AS1-20180127190435
2018-01-27 19:05:05.291;SQ;AS28-AS1-20180127190505
2018-01-27 19:05:06.608;RC;AS28-AS1-20180127190450
2018-01-27 19:05:08.648;SS;AS28-AS1-20180127190450
2018-01-27 19:05:18.804;RO;AS28-AS1-20180127190505
2018-01-27 19:05:21.443;SP;AS28-AS1-20180127190505
2018-01-27 19:05:23.936;RU;AS28-AS1-20180127190450
2018-01-27 19:05:26.123;SQ;AS28-AS1-20180127190526
2018-01-27 19:05:26.400;RC;AS28-AS1-20180127190505
2018-01-27 19:05:29.005;SS;AS28-AS1-20180127190505
2018-01-27 19:05:36.262;RO;AS28-AS1-20180127190526
2018-01-27 19:05:40.258;RU;AS28-AS1-20180127190505
2018-01-27 19:05:43.227;SP;AS28-AS1-20180127190526
2018-01-27 19:05:43.905;RC;AS28-AS1-20180127190526
2018-01-27 19:05:46.169;VU;AS28-AS1-20180127190416
2018-01-27 19:05:48.398;VU;AS28-AS1-20180127190450
2018-01-27 19:05:48.714;SS;AS28-AS1-20180127190526
2018-01-27 19:05:49.720;VU;AS28-AS1-20180127190435
2018-01-27 19:05:50.204;SQ;AS28-AS1-20180127190550
2018-01-27 19:06:00.196;RO;AS28-AS1-20180127190550
2018-01-27 19:06:01.202;RU;AS28-AS1-20180127190526
2018-01-27 19:06:01.717;SP;AS28-AS1-20180127190550
2018-01-27 19:06:04.484;RC;AS28-AS1-20180127190550
2018-01-27 19:06:06.353;SQ;AS28-AS1-20180127190606
2018-01-27 19:06:07.455;SS;AS28-AS1-20180127190550
2018-01-27 19:06:16.366;RO;AS28-AS1-20180127190606
2018-01-27 19:06:18.065;SP;AS28-AS1-20180127190606
2018-01-27 19:06:19.475;RU;AS28-AS1-20180127190550
2018-01-27 19:06:22.086;RC;AS28-AS1-20180127190606
2018-01-27 19:06:23.467;SQ;AS28-AS1-20180127190623
2018-01-27 19:06:25.170;SS;AS28-AS1-20180127190606
2018-01-27 19:06:30.691;RO;AS28-AS1-20180127190623
2018-01-27 19:06:34.803;RU;AS28-AS1-20180127190606
2018-01-27 19:06:35.316;SP;AS28-AS1-20180127190623
2018-01-27 19:06:37.159;RC;AS28-AS1-20180127190623
2018-01-27 19:06:47.331;SS;AS28-AS1-20180127190623
2018-01-27 19:06:48.334;VU;AS28-AS1-20180127190505
2018-01-27 19:06:48.342;VU;AS28-AS1-20180127190550
2018-01-27 19:06:48.909;SQ;AS28-AS1-20180127190648
2018-01-27 19:06:49.431;VU;AS28-AS1-20180127190526
2018-01-27 19:06:49.913;VU;AS28-AS1-20180127190606
2018-01-27 19:06:54.815;RO;AS28-AS1-20180127190648
2018-01-27 19:06:55.302;RU;AS28-AS1-20180127190623
2018-01-27 19:06:56.188;SP;AS28-AS1-20180127190648
2018-01-27 19:06:58.604;SQ;AS28-AS1-20180127190658
2018-01-27 19:07:01.114;RC;AS28-AS1-20180127190648
2018-01-27 19:07:01.960;SS;AS28-AS1-20180127190648
2018-01-27 19:07:06.981;RO;AS28-AS1-20180127190658
2018-01-27 19:07:08.316;SP;AS28-AS1-20180127190658
2018-01-27 19:07:10.744;SQ;AS28-AS1-20180127190710
2018-01-27 19:07:12.768;RU;AS28-AS1-20180127190648
2018-01-27 19:07:13.933;RC;AS28-AS1-20180127190658
2018-01-27 19:07:15.176;SS;AS28-AS1-20180127190658
2018-01-27 19:07:17.997;RO;AS28-AS1-20180127190710
2018-01-27 19:07:20.138;SP;AS28-AS1-20180127190710
2018-01-27 19:07:24.107;SQ;AS28-AS1-20180127190724
2018-01-27 19:07:24.219;RC;AS28-AS1-20180127190710
2018-01-27 19:07:25.725;RU;AS28-AS1-20180127190658
2018-01-27 19:07:26.373;SS;AS28-AS1-20180127190710
2018-01-27 19:07:30.821;RO;AS28-AS1-20180127190724
2018-01-27 19:07:33.619;SP;AS28-AS1-20180127190724
2018-01-27 19:07:34.895;RU;AS28-AS1-20180127190710
2018-01-27 19:07:35.140;RC;AS28-AS1-20180127190724
2018-01-27 19:07:44.532;SS;AS28-AS1-20180127190724
2018-01-27 19:07:48.493;VU;AS28-AS1-20180127190658
2018-01-27 19:07:48.550;SQ;AS28-AS1-20180127190748
2018-01-27 19:07:49.368;VU;AS28-AS1-20180127190648
2018-01-27 19:07:50.316;VU;AS28-AS1-20180127190710
2018-01-27 19:07:50.450;VU;AS28-AS1-20180127190623
2018-01-27 19:07:50.689;RU;AS28-AS1-20180127190724
2018-01-27 19:07:53.221;RO;AS28-AS1-20180127190748
2018-01-27 19:07:54.450;SP;AS28-AS1-20180127190748
2018-01-27 19:07:56.931;SQ;AS28-AS1-20180127190756
2018-01-27 19:07:57.819;RC;AS28-AS1-20180127190748
2018-01-27 19:07:58.766;SS;AS28-AS1-20180127190748
2018-01-27 19:08:02.591;RO;AS28-AS1-20180127190756
2018-01-27 19:08:04.423;SP;AS28-AS1-20180127190756
2018-01-27 19:08:06.750;RC;AS28-AS1-20180127190756
2018-01-27 19:08:06.940;RU;AS28-AS1-20180127190748
2018-01-27 19:08:07.279;SQ;AS28-AS1-20180127190807
2018-01-27 19:08:08.895;SS;AS28-AS1-20180127190756
2018-01-27 19:08:11.365;RO;AS28-AS1-20180127190807
2018-01-27 19:08:12.984;SP;AS28-AS1-20180127190807
2018-01-27 19:08:13.781;RC;AS28-AS1-20180127190807
2018-01-27 19:08:14.752;RU;AS28-AS1-20180127190756
2018-01-27 19:08:15.886;SS;AS28-AS1-20180127190807
2018-01-27 19:08:20.277;RU;AS28-AS1-20180127190807
2018-01-27 19:08:47.687;VU;AS28-AS1-20180127190756
2018-01-27 19:08:47.688;VU;AS28-AS1-20180127190807
2018-01-27 19:08:48.374;VU;AS28-AS1-20180127190724
2018-01-27 19:08:48.374;VU;AS28-AS1-20180127190748
