2018-01-27 18:59:29.074;SQ;AS29-AS1-20180127185929
2018-01-27 18:59:40.573;RO;AS29-AS1-20180127185929
2018-01-27 18:59:41.380;SP;AS29-AS1-20180127185929
2018-01-27 18:59:43.027;SQ;AS29-AS1-20180127185943
2018-01-27 18:59:47.133;RC;AS29-AS1-20180127185929
2018-01-27 18:59:47.941;SS;AS29-AS1-20180127185929
2018-01-27 18:59:58.227;RO;AS29-AS1-20180127185943
2018-01-27 18:59:59.349;SP;AS29-AS1-20180127185943
2018-01-27 19:00:00.951;SQ;AS29-AS1-20180127190000
2018-01-27 19:00:07.821;RU;AS29-AS1-20180127185929
2018-01-27 19:00:08.004;RC;AS29-AS1-20180127185943
2018-01-27 19:00:09.425;SS;AS29-AS1-20180127185943
2018-01-27 19:00:17.821;RO;AS29-AS1-20180127190000
2018-01-27 19:00:19.034;SP;AS29-AS1-20180127190000
2018-01-27 19:00:21.507;SQ;AS29-AS1-20180127190021
2018-01-27 19:00:27.618;RC;AS29-AS1-20180127190000
2018-01-27 19:00:28.317;RU;AS29-AS1-20180127185943
2018-01-27 19:00:29.592;SS;AS29-AS1-20180127190000
2018-01-27 19:00:33.928;RO;AS29-AS1-20180127190021
2018-01-27 19:00:38.455;SP;AS29-AS1-20180127190021
2018-01-27 19:00:41.818;RC;AS29-AS1-20180127190021
2018-01-27 19:00:43.294;RU;AS29-AS1-20180127190000
2018-01-27 19:00:44.670;VU;AS29-AS1-20180127185943
2018-01-27 19:00:45.490;SS;AS29-AS1-20180127190021
2018-01-27 19:00:45.790;SQ;AS29-AS1-20180127190045
2018-01-27 19:00:45.940;VU;AS29-AS1-20180127185929
2018-01-27 19:00:57.626;RO;AS29-AS1-20180127190045
2018-01-27 19:00:59.390;SP;AS29-AS1-20180127190045
2018-01-27 19:01:01.631;SQ;AS29-AS1-20180127190101
2018-01-27 19:01:03.323;RU;AS29-AS1-20180127190021
2018-01-27 19:01:15.646;RC;AS29-AS1-20180127190045
2018-01-27 19:01:17.387;SS;AS29-AS1-20180127190045
2018-01-27 19:01:17.444;RO;AS29-AS1-20180127190101
2018-01-27 19:01:19.492;SP;AS29-AS1-20180127190101
2018-01-27 19:01:23.156;SQ;AS29-AS1-20180127190123
2018-01-27 19:01:26.171;RC;AS29-AS1-20180127190101
2018-01-27 19:01:27.855;SS;AS29-AS1-20180127190101
2018-01-27 19:01:33.492;RU;AS29-AS1-20180127190045
2018-01-27 19:01:38.374;RO;AS29-AS1-20180127190123
2018-01-27 19:01:41.303;RU;AS29-AS1-20180127190101
2018-01-27 19:01:44.812;SP;AS29-AS1-20180127190123
2018-01-27 19:01:45.450;VU;AS29-AS1-20180127190045
2018-01-27 19:01:46.416;VU;AS29-AS1-20180127190000
2018-01-27 19:01:47.450;VU;AS29-AS1-20180127190021
2018-01-27 19:01:47.877;SQ;AS29-AS1-20180127190147
2018-01-27 19:01:48.385;RC;AS29-AS1-20180127190123
2018-01-27 19:01:49.207;SS;AS29-AS1-20180127190123
2018-01-27 19:01:57.849;RO;AS29-AS1-20180127190147
2018-01-27 19:01:58.891;SP;AS29-AS1-20180127190147
2018-01-27 19:02:01.297;SQ;AS29-AS1-20180127190201
2018-01-27 19:02:04.455;RU;AS29-AS1-20180127190123
2018-01-27 19:02:04.787;RC;AS29-AS1-20180127190147
2018-01-27 19:02:06.911;SS;AS29-AS1-20180127190147
2018-01-27 19:02:12.446;RO;AS29-AS1-20180127190201
2018-01-27 19:02:14.581;SP;AS29-AS1-20180127190201
2018-01-27 19:02:18.490;SQ;AS29-AS1-20180127190218
2018-01-27 19:02:19.799;RU;AS29-AS1-20180127190147
2018-01-27 19:02:20.646;RC;AS29-AS1-20180127190201
2018-01-27 19:02:23.134;SS;AS29-AS1-20180127190201
2018-01-27 19:02:35.132;RO;AS29-AS1-20180127190218
2018-01-27 19:02:36.925;RU;AS29-AS1-20180127190201
2018-01-27 19:02:42.544;SP;AS29-AS1-20180127190218
2018-01-27 19:02:44.125;RC;AS29-AS1-20180127190218
2018-01-27 19:02:46.184;VU;AS29-AS1-20180127190201
2018-01-27 19:02:46.267;VU;AS29-AS1-20180127190101
2018-01-27 19:02:47.441;VU;AS29-AS1-20180127190147
2018-01-27 19:02:47.823;SS;AS29-AS1-20180127190218
2018-01-27 19:02:48.549;SQ;AS29-AS1-20180127190248
2018-01-27 19:02:48.906;VU;AS29-AS1-20180127190123
2018-01-27 19:02:58.701;RO;AS29-AS1-20180127190248
2018-01-27 19:02:59.882;SP;AS29-AS1-20180127190248
2018-01-27 19:03:00.865;RU;AS29-AS1-20180127190218
2018-01-27 19:03:02.078;SQ;AS29-AS1-20180127190302
2018-01-27 19:03:04.067;RC;AS29-AS1-20180127190248
2018-01-27 19:03:04.980;SS;AS29-AS1-20180127190248
2018-01-27 19:03:09.992;RO;AS29-AS1-20180127190302
2018-01-27 19:03:11.086;SP;AS29-AS1-20180127190302
2018-01-27 19:03:13.397;SQ;AS29-AS1-20180127190313
2018-01-27 19:03:17.120;RC;AS29-AS1-20180127190302
2018-01-27 19:03:17.413;RU;AS29-AS1-20180127190248
2018-01-27 19:03:19.374;SS;AS29-AS1-20180127190302
2018-01-27 19:03:22.922;RO;AS29-AS1-20180127190313
2018-01-27 19:03:24.860;SP;AS29-AS1-20180127190313
2018-01-27 19:03:28.753;SQ;AS29-AS1-20180127190328
2018-01-27 19:03:29.377;RC;AS29-AS1-20180127190313
2018-01-27 19:03:30.563;SS;AS29-AS1-20180127190313
2018-01-27 19:03:33.220;RU;AS29-AS1-20180127190302
2018-01-27 19:03:36.983;RO;AS29-AS1-20180127190328
2018-01-27 19:03:41.163;RU;AS29-AS1-20180127190313
2018-01-27 19:03:42.489;SP;AS29-AS1-20180127190328
2018-01-27 19:03:43.531;RC;AS29-AS1-20180127190328
2018-01-27 19:03:46.942;VU;AS29-AS1-20180127190302
2018-01-27 19:03:46.942;VU;AS29-AS1-20180127190248
2018-01-27 19:03:47.862;SS;AS29-AS1-20180127190328
2018-01-27 19:03:48.747;VU;AS29-AS1-20180127190218
2018-01-27 19:03:49.047;SQ;AS29-AS1-20180127190349
2018-01-27 19:03:59.421;RO;AS29-AS1-20180127190349
2018-01-27 19:04:00.327;RU;AS29-AS1-20180127190328
2018-01-27 19:04:01.241;SP;AS29-AS1-20180127190349
2018-01-27 19:04:04.747;RC;AS29-AS1-20180127190349
2018-01-27 19:04:05.058;SQ;AS29-AS1-20180127190405
2018-01-27 19:04:06.770;SS;AS29-AS1-20180127190349
2018-01-27 19:04:13.312;RO;AS29-AS1-20180127190405
2018-01-27 19:04:15.497;SP;AS29-AS1-20180127190405
2018-01-27 19:04:19.257;SQ;AS29-AS1-20180127190419
2018-01-27 19:04:20.081;RC;AS29-AS1-20180127190405
2018-01-27 19:04:21.793;RU;AS29-AS1-20180127190349
2018-01-27 19:04:22.166;SS;AS29-AS1-20180127190405
2018-01-27 19:04:31.560;RO;AS29-AS1-20180127190419
2018-01-27 19:04:35.952;RU;AS29-AS1-20180127190405
2018-01-27 19:04:37.996;SP;AS29-AS1-20180127190419
2018-01-27 19:04:39.205;RC;AS29-AS1-20180127190419
2018-01-27 19:04:45.743;VU;AS29-AS1-20180127190405
2018-01-27 19:04:45.878;VU;AS29-AS1-20180127190313
2018-01-27 19:04:46.252;SS;AS29-AS1-20180127190419
2018-01-27 19:04:47.279;SQ;AS29-AS1-20180127190447
2018-01-27 19:04:47.418;VU;AS29-AS1-20180127190349
2018-01-27 19:04:47.846;VU;AS29-AS1-20180127190328
2018-01-27 19:04:56.077;RO;AS29-AS1-20180127190447
2018-01-27 19:04:56.661;RU;AS29-AS1-20180127190419
2018-01-27 19:04:57.418;SP;AS29-AS1-20180127190447
2018-01-27 19:04:59.714;SQ;AS29-AS1-20180127190459
2018-01-27 19:05:00.457;RC;AS29-AS1-20180127190447
2018-01-27 19:05:01.253;SS;AS29-AS1-20180127190447
2018-01-27 19:05:13.131;RO;AS29-AS1-20180127190459
2018-01-27 19:05:14.078;SP;AS29-AS1-20180127190459
2018-01-27 19:05:14.569;RU;AS29-AS1-20180127190447
2018-01-27 19:05:17.484;SQ;AS29-AS1-20180127190517
2018-01-27 19:05:20.920;RC;AS29-AS1-20180127190459
2018-01-27 19:05:22.129;SS;AS29-AS1-20180127190459
2018-01-27 19:05:27.724;RO;AS29-AS1-20180127190517
2018-01-27 19:05:29.579;SP;AS29-AS1-20180127190517
2018-01-27 19:05:34.808;SQ;AS29-AS1-20180127190534
2018-01-27 19:05:35.572;RC;AS29-AS1-20180127190517
2018-01-27 19:05:36.001;RU;AS29-AS1-20180127190459
2018-01-27 19:05:40.274;SS;AS29-AS1-20180127190517
2018-01-27 19:05:40.672;RO;AS29-AS1-20180127190534
2018-01-27 19:05:44.828;SP;AS29-AS1-20180127190534
2018-01-27 19:05:45.065;RU;AS29-AS1-20180127190517
2018-01-27 19:05:45.754;RC;AS29-AS1-20180127190534
2018-01-27 19:05:48.632;VU;AS29-AS1-20180127190459
2018-01-27 19:05:48.779;VU;AS29-AS1-20180127190419
2018-01-27 19:05:49.218;VU;AS29-AS1-20180127190447
2018-01-27 19:05:49.352;SS;AS29-AS1-20180127190534
2018-01-27 19:05:49.959;SQ;AS29-AS1-20180127190549
2018-01-27 19:05:59.745;RO;AS29-AS1-20180127190549
2018-01-27 19:06:00.754;SP;AS29-AS1-20180127190549
2018-01-27 19:06:01.688;RU;AS29-AS1-20180127190534
2018-01-27 19:06:04.050;RC;AS29-AS1-20180127190549
2018-01-27 19:06:04.478;SQ;AS29-AS1-20180127190604
2018-01-27 19:06:06.213;SS;AS29-AS1-20180127190549
2018-01-27 19:06:12.473;RO;AS29-AS1-20180127190604
2018-01-27 19:06:13.954;SP;AS29-AS1-20180127190604
2018-01-27 19:06:17.812;SQ;AS29-AS1-20180127190617
2018-01-27 19:06:18.230;RC;AS29-AS1-20180127190604
2018-01-27 19:06:18.500;RU;AS29-AS1-20180127190549
2018-01-27 19:06:20.609;SS;AS29-AS1-20180127190604
2018-01-27 19:06:25.816;RO;AS29-AS1-20180127190617
2018-01-27 19:06:28.979;SP;AS29-AS1-20180127190617
2018-01-27 19:06:30.403;RU;AS29-AS1-20180127190604
2018-01-27 19:06:32.596;RC;AS29-AS1-20180127190617
2018-01-27 19:06:39.927;SQ;AS29-AS1-20180127190639
2018-01-27 19:06:41.448;SS;AS29-AS1-20180127190617
2018-01-27 19:06:41.840;RO;AS29-AS1-20180127190639
2018-01-27 19:06:45.908;RU;AS29-AS1-20180127190617
2018-01-27 19:06:47.356;VU;AS29-AS1-20180127190604
2018-01-27 19:06:47.630;VU;AS29-AS1-20180127190517
2018-01-27 19:06:47.705;SP;AS29-AS1-20180127190639
2018-01-27 19:06:49.276;VU;AS29-AS1-20180127190534
2018-01-27 19:06:49.321;RC;AS29-AS1-20180127190639
2018-01-27 19:06:50.086;VU;AS29-AS1-20180127190549
2018-01-27 19:06:51.195;SS;AS29-AS1-20180127190639
2018-01-27 19:06:51.896;SQ;AS29-AS1-20180127190651
2018-01-27 19:07:00.346;RO;AS29-AS1-20180127190651
2018-01-27 19:07:01.952;SP;AS29-AS1-20180127190651
2018-01-27 19:07:02.821;RU;AS29-AS1-20180127190639
2018-01-27 19:07:04.960;RC;AS29-AS1-20180127190651
2018-01-27 19:07:04.970;SQ;AS29-AS1-20180127190704
2018-01-27 19:07:05.974;SS;AS29-AS1-20180127190651
2018-01-27 19:07:13.109;RO;AS29-AS1-20180127190704
2018-01-27 19:07:14.406;SP;AS29-AS1-20180127190704
2018-01-27 19:07:16.975;RU;AS29-AS1-20180127190651
2018-01-27 19:07:17.448;RC;AS29-AS1-20180127190704
2018-01-27 19:07:18.621;SQ;AS29-AS1-20180127190718
2018-01-27 19:07:20.614;SS;AS29-AS1-20180127190704
2018-01-27 19:07:26.701;RO;AS29-AS1-20180127190718
2018-01-27 19:07:28.288;SP;AS29-AS1-20180127190718
2018-01-27 19:07:29.707;RU;AS29-AS1-20180127190704
2018-01-27 19:07:30.791;RC;AS29-AS1-20180127190718
2018-01-27 19:07:36.997;SS;AS29-AS1-20180127190718
2018-01-27 19:07:38.421;SQ;AS29-AS1-20180127190738
2018-01-27 19:07:40.383;RO;AS29-AS1-20180127190738
2018-01-27 19:07:41.752;RU;AS29-AS1-20180127190718
2018-01-27 19:07:47.017;SP;AS29-AS1-20180127190738
2018-01-27 19:07:48.345;RC;AS29-AS1-20180127190738
2018-01-27 19:07:49.845;VU;AS29-AS1-20180127190639
2018-01-27 19:07:49.926;VU;AS29-AS1-20180127190617
2018-01-27 19:07:50.143;VU;AS29-AS1-20180127190651
2018-01-27 19:07:50.579;VU;AS29-AS1-20180127190704
2018-01-27 19:07:51.161;SS;AS29-AS1-20180127190738
2018-01-27 19:07:52.189;SQ;AS29-AS1-20180127190752
2018-01-27 19:07:58.526;RO;AS29-AS1-20180127190752
2018-01-27 19:07:59.997;SP;AS29-AS1-20180127190752
2018-01-27 19:08:00.605;RU;AS29-AS1-20180127190738
2018-01-27 19:08:01.964;RC;AS29-AS1-20180127190752
2018-01-27 19:08:03.005;SS;AS29-AS1-20180127190752
2018-01-27 19:08:10.822;RU;AS29-AS1-20180127190752
2018-01-27 19:08:46.730;VU;AS29-AS1-20180127190718
2018-01-27 19:08:47.655;VU;AS29-AS1-20180127190738
2018-01-27 19:08:47.801;VU;AS29-AS1-20180127190752
