2018-01-27 18:59:28.897;SQ;AS31-AS1-20180127185928
2018-01-27 18:59:36.653;RO;AS31-AS1-20180127185928
2018-01-27 18:59:37.742;SP;AS31-AS1-20180127185928
2018-01-27 18:59:39.417;SQ;AS31-AS1-20180127185939
2018-01-27 18:59:44.378;RC;AS31-AS1-20180127185928
2018-01-27 18:59:45.217;SS;AS31-AS1-20180127185928
2018-01-27 18:59:53.605;RO;AS31-AS1-20180127185939
2018-01-27 18:59:54.762;SP;AS31-AS1-20180127185939
2018-01-27 18:59:56.435;SQ;AS31-AS1-20180127185956
2018-01-27 19:00:05.420;RC;AS31-AS1-20180127185939
2018-01-27 19:00:05.679;RU;AS31-AS1-20180127185928
2018-01-27 19:00:06.763;SS;AS31-AS1-20180127185939
2018-01-27 19:00:12.891;RO;AS31-AS1-20180127185956
2018-01-27 19:00:13.947;SP;AS31-AS1-20180127185956
2018-01-27 19:00:16.310;SQ;AS31-AS1-20180127190016
2018-01-27 19:00:20.437;RC;AS31-AS1-20180127185956
2018-01-27 19:00:21.566;SS;AS31-AS1-20180127185956
2018-01-27 19:00:27.113;RU;AS31-AS1-20180127185939
2018-01-27 19:00:32.306;RO;AS31-AS1-20180127190016
2018-01-27 19:00:36.870;SP;AS31-AS1-20180127190016
2018-01-27 19:00:38.481;RU;AS31-AS1-20180127185956
2018-01-27 19:00:41.388;RC;AS31-AS1-20180127190016
2018-01-27 19:00:44.248;VU;AS31-AS1-20180127185928
2018-01-27 19:00:44.900;VU;AS31-AS1-20180127185956
2018-01-27 19:00:45.325;SS;AS31-AS1-20180127190016
2018-01-27 19:00:45.413;SQ;AS31-AS1-20180127190045
2018-01-27 19:00:46.326;VU;AS31-AS1-20180127185939
2018-01-27 19:00:59.061;RO;AS31-AS1-20180127190045
2018-01-27 19:01:00.249;SP;AS31-AS1-20180127190045
2018-01-27 19:01:01.903;SQ;AS31-AS1-20180127190101
2018-01-27 19:01:04.955;RU;AS31-AS1-20180127190016
2018-01-27 19:01:08.886;RC;AS31-AS1-20180127190045
2018-01-27 19:01:10.343;SS;AS31-AS1-20180127190045
2018-01-27 19:01:17.809;RO;AS31-AS1-20180127190101
2018-01-27 19:01:19.147;SP;AS31-AS1-20180127190101
2018-01-27 19:01:21.502;SQ;AS31-AS1-20180127190121
2018-01-27 19:01:24.732;RC;AS31-AS1-20180127190101
2018-01-27 19:01:26.079;SS;AS31-AS1-20180127190101
2018-01-27 19:01:27.913;RU;AS31-AS1-20180127190045
2018-01-27 19:01:36.585;RO;AS31-AS1-20180127190121
2018-01-27 19:01:40.966;RU;AS31-AS1-20180127190101
2018-01-27 19:01:41.147;SP;AS31-AS1-20180127190121
2018-01-27 19:01:43.890;RC;AS31-AS1-20180127190121
2018-01-27 19:01:44.850;VU;AS31-AS1-20180127190016
2018-01-27 19:01:46.587;SS;AS31-AS1-20180127190121
2018-01-27 19:01:46.906;VU;AS31-AS1-20180127190045
2018-01-27 19:01:47.526;SQ;AS31-AS1-20180127190147
2018-01-27 19:01:56.822;RO;AS31-AS1-20180127190147
2018-01-27 19:01:57.924;SP;AS31-AS1-20180127190147
2018-01-27 19:01:58.257;RU;AS31-AS1-20180127190121
2018-01-27 19:02:01.305;SQ;AS31-AS1-20180127190201
2018-01-27 19:02:02.933;RC;AS31-AS1-20180127190147
2018-01-27 19:02:04.357;SS;AS31-AS1-20180127190147
2018-01-27 19:02:14.104;RO;AS31-AS1-20180127190201
2018-01-27 19:02:15.270;SP;AS31-AS1-20180127190201
2018-01-27 19:02:18.621;SQ;AS31-AS1-20180127190218
2018-01-27 19:02:19.153;RU;AS31-AS1-20180127190147
2018-01-27 19:02:21.211;RC;AS31-AS1-20180127190201
2018-01-27 19:02:22.411;SS;AS31-AS1-20180127190201
2018-01-27 19:02:30.871;RO;AS31-AS1-20180127190218
2018-01-27 19:02:34.609;SP;AS31-AS1-20180127190218
2018-01-27 19:02:37.910;RU;AS31-AS1-20180127190201
2018-01-27 19:02:38.218;RC;AS31-AS1-20180127190218
2018-01-27 19:02:46.378;SS;AS31-AS1-20180127190218
2018-01-27 19:02:47.156;VU;AS31-AS1-20180127190201
2018-01-27 19:02:47.311;SQ;AS31-AS1-20180127190247
2018-01-27 19:02:49.621;VU;AS31-AS1-20180127190101
2018-01-27 19:02:49.621;VU;AS31-AS1-20180127190147
2018-01-27 19:02:49.623;VU;AS31-AS1-20180127190121
2018-01-27 19:02:53.615;RO;AS31-AS1-20180127190247
2018-01-27 19:02:54.631;SP;AS31-AS1-20180127190247
2018-01-27 19:02:56.288;SQ;AS31-AS1-20180127190256
2018-01-27 19:02:56.483;RU;AS31-AS1-20180127190218
2018-01-27 19:03:04.547;RC;AS31-AS1-20180127190247
2018-01-27 19:03:05.289;RO;AS31-AS1-20180127190256
2018-01-27 19:03:05.688;SS;AS31-AS1-20180127190247
2018-01-27 19:03:06.935;SP;AS31-AS1-20180127190256
2018-01-27 19:03:09.255;SQ;AS31-AS1-20180127190309
2018-01-27 19:03:12.261;RC;AS31-AS1-20180127190256
2018-01-27 19:03:13.541;SS;AS31-AS1-20180127190256
2018-01-27 19:03:20.334;RU;AS31-AS1-20180127190247
2018-01-27 19:03:21.487;RO;AS31-AS1-20180127190309
2018-01-27 19:03:22.826;SP;AS31-AS1-20180127190309
2018-01-27 19:03:26.198;SQ;AS31-AS1-20180127190326
2018-01-27 19:03:28.241;RU;AS31-AS1-20180127190256
2018-01-27 19:03:28.401;RC;AS31-AS1-20180127190309
2018-01-27 19:03:31.247;SS;AS31-AS1-20180127190309
2018-01-27 19:03:35.942;RO;AS31-AS1-20180127190326
2018-01-27 19:03:40.724;RU;AS31-AS1-20180127190309
2018-01-27 19:03:41.470;SP;AS31-AS1-20180127190326
2018-01-27 19:03:42.450;RC;AS31-AS1-20180127190326
2018-01-27 19:03:46.346;VU;AS31-AS1-20180127190247
2018-01-27 19:03:46.734;VU;AS31-AS1-20180127190218
2018-01-27 19:03:47.778;SS;AS31-AS1-20180127190326
2018-01-27 19:03:48.605;VU;AS31-AS1-20180127190256
2018-01-27 19:03:48.782;SQ;AS31-AS1-20180127190348
2018-01-27 19:03:56.679;RO;AS31-AS1-20180127190348
2018-01-27 19:03:57.718;SP;AS31-AS1-20180127190348
2018-01-27 19:04:00.033;RU;AS31-AS1-20180127190326
2018-01-27 19:04:00.178;SQ;AS31-AS1-20180127190400
2018-01-27 19:04:02.732;RC;AS31-AS1-20180127190348
2018-01-27 19:04:05.191;SS;AS31-AS1-20180127190348
2018-01-27 19:04:09.499;RO;AS31-AS1-20180127190400
2018-01-27 19:04:10.895;SP;AS31-AS1-20180127190400
2018-01-27 19:04:14.530;SQ;AS31-AS1-20180127190414
2018-01-27 19:04:16.117;RC;AS31-AS1-20180127190400
2018-01-27 19:04:17.841;SS;AS31-AS1-20180127190400
2018-01-27 19:04:18.925;RU;AS31-AS1-20180127190348
2018-01-27 19:04:24.599;RO;AS31-AS1-20180127190414
2018-01-27 19:04:27.611;SP;AS31-AS1-20180127190414
2018-01-27 19:04:32.482;RU;AS31-AS1-20180127190400
2018-01-27 19:04:34.449;SQ;AS31-AS1-20180127190434
2018-01-27 19:04:36.801;RC;AS31-AS1-20180127190414
2018-01-27 19:04:38.486;RO;AS31-AS1-20180127190434
2018-01-27 19:05:04.492;SS;AS31-AS1-20180127190414
2018-01-27 19:05:05.514;SP;AS31-AS1-20180127190434
2018-01-27 19:05:06.756;VU;AS31-AS1-20180127190326
2018-01-27 19:05:07.014;VU;AS31-AS1-20180127190400
2018-01-27 19:05:07.988;VU;AS31-AS1-20180127190309
2018-01-27 19:05:08.221;VU;AS31-AS1-20180127190348
2018-01-27 19:05:08.479;SQ;AS31-AS1-20180127190508
2018-01-27 19:05:10.215;RC;AS31-AS1-20180127190434
2018-01-27 19:05:11.030;SS;AS31-AS1-20180127190434
2018-01-27 19:05:19.352;RU;AS31-AS1-20180127190414
2018-01-27 19:05:22.341;RO;AS31-AS1-20180127190508
2018-01-27 19:05:23.596;SP;AS31-AS1-20180127190508
2018-01-27 19:05:25.762;RU;AS31-AS1-20180127190434
2018-01-27 19:05:26.051;SQ;AS31-AS1-20180127190526
2018-01-27 19:05:28.805;RC;AS31-AS1-20180127190508
2018-01-27 19:05:31.016;SS;AS31-AS1-20180127190508
2018-01-27 19:05:36.474;RO;AS31-AS1-20180127190526
2018-01-27 19:05:41.010;SP;AS31-AS1-20180127190526
2018-01-27 19:05:41.070;RU;AS31-AS1-20180127190508
2018-01-27 19:05:41.987;RC;AS31-AS1-20180127190526
2018-01-27 19:05:48.244;SS;AS31-AS1-20180127190526
2018-01-27 19:05:49.246;VU;AS31-AS1-20180127190434
2018-01-27 19:05:49.280;VU;AS31-AS1-20180127190414
2018-01-27 19:05:50.482;SQ;AS31-AS1-20180127190550
2018-01-27 19:05:59.938;RO;AS31-AS1-20180127190550
2018-01-27 19:06:00.302;RU;AS31-AS1-20180127190526
2018-01-27 19:06:30.210;SP;AS31-AS1-20180127190550
2018-01-27 19:06:34.322;RC;AS31-AS1-20180127190550
2018-01-27 19:07:48.009;SS;AS31-AS1-20180127190550
2018-01-27 19:07:52.070;RU;AS31-AS1-20180127190550
2018-01-27 19:08:51.703;SQ;AS31-AS1-20180127190851
2018-01-27 19:08:53.051;RO;AS31-AS1-20180127190851
2018-01-27 19:09:27.653;VU;AS31-AS1-20180127190508
2018-01-27 19:09:51.624;SP;AS31-AS1-20180127190851
2018-01-27 19:09:52.281;RC;AS31-AS1-20180127190851
2018-01-27 19:09:53.588;VU;AS31-AS1-20180127190526
2018-01-27 19:10:46.261;SS;AS31-AS1-20180127190851
2018-01-27 19:10:50.620;RU;AS31-AS1-20180127190851
2018-01-27 19:11:35.862;SQ;AS31-AS1-20180127191135
2018-01-27 19:11:37.138;RO;AS31-AS1-20180127191135
2018-01-27 19:12:24.418;SP;AS31-AS1-20180127191135
2018-01-27 19:12:25.076;RC;AS31-AS1-20180127191135
2018-01-27 19:13:39.724;SS;AS31-AS1-20180127191135
2018-01-27 19:13:44.038;RU;AS31-AS1-20180127191135
2018-01-27 19:14:40.722;SQ;AS31-AS1-20180127191440
2018-01-27 19:14:42.037;RO;AS31-AS1-20180127191440
2018-01-27 19:15:48.074;SP;AS31-AS1-20180127191440
2018-01-27 19:15:48.813;RC;AS31-AS1-20180127191440
2018-01-27 19:15:54.443;VU;AS31-AS1-20180127190851
2018-01-27 19:16:00.965;VU;AS31-AS1-20180127191135
2018-01-27 19:16:22.984;SS;AS31-AS1-20180127191440
2018-01-27 19:16:27.294;RU;AS31-AS1-20180127191440
2018-01-27 19:16:51.955;SQ;AS31-AS1-20180127191651
2018-01-27 19:16:53.226;RO;AS31-AS1-20180127191651
2018-01-27 19:17:00.466;VU;AS31-AS1-20180127191440
2018-01-27 19:17:13.952;SP;AS31-AS1-20180127191651
2018-01-27 19:17:14.604;RC;AS31-AS1-20180127191651
2018-01-27 19:17:42.803;SS;AS31-AS1-20180127191651
2018-01-27 19:17:44.525;RU;AS31-AS1-20180127191651
2018-01-27 19:18:13.991;SQ;AS31-AS1-20180127191813
2018-01-27 19:18:15.262;RO;AS31-AS1-20180127191813
2018-01-27 19:18:19.285;VU;AS31-AS1-20180127191651
2018-01-27 19:18:32.719;SP;AS31-AS1-20180127191813
2018-01-27 19:18:33.455;RC;AS31-AS1-20180127191813
2018-01-27 19:19:08.602;SS;AS31-AS1-20180127191813
2018-01-27 19:19:12.972;RU;AS31-AS1-20180127191813
2018-01-27 19:19:33.352;SQ;AS31-AS1-20180127191933
2018-01-27 19:19:34.622;RO;AS31-AS1-20180127191933
2018-01-27 19:20:03.619;SP;AS31-AS1-20180127191933
2018-01-27 19:20:04.431;RC;AS31-AS1-20180127191933
2018-01-27 19:20:19.508;VU;AS31-AS1-20180127191813
2018-01-27 19:20:41.747;SS;AS31-AS1-20180127191933
2018-01-27 19:20:46.089;RU;AS31-AS1-20180127191933
2018-01-27 19:21:14.012;SQ;AS31-AS1-20180127192114
2018-01-27 19:21:15.610;RO;AS31-AS1-20180127192114
2018-01-27 19:21:20.604;VU;AS31-AS1-20180127191933
2018-01-27 19:21:35.729;SP;AS31-AS1-20180127192114
2018-01-27 19:21:36.382;RC;AS31-AS1-20180127192114
2018-01-27 19:22:05.770;SS;AS31-AS1-20180127192114
2018-01-27 19:22:10.106;RU;AS31-AS1-20180127192114
2018-01-27 19:22:33.017;SQ;AS31-AS1-20180127192233
2018-01-27 19:22:34.367;RO;AS31-AS1-20180127192233
2018-01-27 19:22:49.255;VU;AS31-AS1-20180127192114
2018-01-27 19:22:59.468;SP;AS31-AS1-20180127192233
2018-01-27 19:23:00.119;RC;AS31-AS1-20180127192233
2018-01-27 19:23:29.078;SS;AS31-AS1-20180127192233
2018-01-27 19:23:33.374;RU;AS31-AS1-20180127192233
2018-01-27 19:23:58.135;SQ;AS31-AS1-20180127192358
2018-01-27 19:23:59.487;RO;AS31-AS1-20180127192358
2018-01-27 19:24:07.714;VU;AS31-AS1-20180127192233
2018-01-27 19:24:20.930;SP;AS31-AS1-20180127192358
2018-01-27 19:24:21.585;RC;AS31-AS1-20180127192358
2018-01-27 19:24:40.177;SS;AS31-AS1-20180127192358
2018-01-27 19:24:44.521;RU;AS31-AS1-20180127192358
2018-01-27 19:25:09.183;VU;AS31-AS1-20180127192358
