2018-01-27 18:59:25.969;SQ;AS40-AS1-20180127185925
2018-01-27 18:59:27.268;RO;AS40-AS1-20180127185925
2018-01-27 18:59:28.275;SP;AS40-AS1-20180127185925
2018-01-27 18:59:29.915;SQ;AS40-AS1-20180127185929
2018-01-27 18:59:31.271;RC;AS40-AS1-20180127185925
2018-01-27 18:59:32.102;SS;AS40-AS1-20180127185925
2018-01-27 18:59:38.062;RO;AS40-AS1-20180127185929
2018-01-27 18:59:39.235;SP;AS40-AS1-20180127185929
2018-01-27 18:59:40.860;SQ;AS40-AS1-20180127185940
2018-01-27 18:59:45.517;RC;AS40-AS1-20180127185929
2018-01-27 18:59:46.167;RU;AS40-AS1-20180127185925
2018-01-27 18:59:46.416;SS;AS40-AS1-20180127185929
2018-01-27 18:59:57.593;RO;AS40-AS1-20180127185940
2018-01-27 18:59:58.733;SP;AS40-AS1-20180127185940
2018-01-27 19:00:01.213;SQ;AS40-AS1-20180127190001
2018-01-27 19:00:05.294;RU;AS40-AS1-20180127185929
2018-01-27 19:00:05.788;RC;AS40-AS1-20180127185940
2018-01-27 19:00:07.759;SS;AS40-AS1-20180127185940
2018-01-27 19:00:17.042;RO;AS40-AS1-20180127190001
2018-01-27 19:00:18.880;SP;AS40-AS1-20180127190001
2018-01-27 19:00:22.177;SQ;AS40-AS1-20180127190022
2018-01-27 19:00:26.380;RU;AS40-AS1-20180127185940
2018-01-27 19:00:27.517;RC;AS40-AS1-20180127190001
2018-01-27 19:00:29.038;SS;AS40-AS1-20180127190001
2018-01-27 19:00:36.843;RO;AS40-AS1-20180127190022
2018-01-27 19:00:41.082;SP;AS40-AS1-20180127190022
2018-01-27 19:00:43.361;RU;AS40-AS1-20180127190001
2018-01-27 19:00:43.552;RC;AS40-AS1-20180127190022
2018-01-27 19:00:43.747;VU;AS40-AS1-20180127185925
2018-01-27 19:00:43.820;VU;AS40-AS1-20180127185929
2018-01-27 19:00:43.822;VU;AS40-AS1-20180127185940
2018-01-27 19:00:45.098;SQ;AS40-AS1-20180127190045
2018-01-27 19:00:45.687;SS;AS40-AS1-20180127190022
2018-01-27 19:00:59.240;RO;AS40-AS1-20180127190045
2018-01-27 19:01:00.780;SP;AS40-AS1-20180127190045
2018-01-27 19:01:03.315;SQ;AS40-AS1-20180127190103
2018-01-27 19:01:03.552;RU;AS40-AS1-20180127190022
2018-01-27 19:01:09.641;RC;AS40-AS1-20180127190045
2018-01-27 19:01:10.953;SS;AS40-AS1-20180127190045
2018-01-27 19:01:18.362;RO;AS40-AS1-20180127190103
2018-01-27 19:01:20.233;SP;AS40-AS1-20180127190103
2018-01-27 19:01:23.657;SQ;AS40-AS1-20180127190123
2018-01-27 19:01:29.274;RC;AS40-AS1-20180127190103
2018-01-27 19:01:29.911;RU;AS40-AS1-20180127190045
2018-01-27 19:01:32.017;SS;AS40-AS1-20180127190103
2018-01-27 19:01:37.970;RO;AS40-AS1-20180127190123
2018-01-27 19:01:42.300;SP;AS40-AS1-20180127190123
2018-01-27 19:01:42.880;RU;AS40-AS1-20180127190103
2018-01-27 19:01:43.684;RC;AS40-AS1-20180127190123
2018-01-27 19:01:46.019;VU;AS40-AS1-20180127190001
2018-01-27 19:01:46.682;VU;AS40-AS1-20180127190045
2018-01-27 19:01:47.386;VU;AS40-AS1-20180127190022
2018-01-27 19:01:47.521;SS;AS40-AS1-20180127190123
2018-01-27 19:01:48.111;SQ;AS40-AS1-20180127190148
2018-01-27 19:02:01.993;RO;AS40-AS1-20180127190148
2018-01-27 19:02:02.304;RU;AS40-AS1-20180127190123
2018-01-27 19:02:03.785;SP;AS40-AS1-20180127190148
2018-01-27 19:02:07.269;SQ;AS40-AS1-20180127190207
2018-01-27 19:02:09.181;RC;AS40-AS1-20180127190148
2018-01-27 19:02:11.061;SS;AS40-AS1-20180127190148
2018-01-27 19:02:18.930;RO;AS40-AS1-20180127190207
2018-01-27 19:02:21.089;SP;AS40-AS1-20180127190207
2018-01-27 19:02:25.002;SQ;AS40-AS1-20180127190225
2018-01-27 19:02:25.174;RU;AS40-AS1-20180127190148
2018-01-27 19:02:28.278;RC;AS40-AS1-20180127190207
2018-01-27 19:02:30.725;SS;AS40-AS1-20180127190207
2018-01-27 19:02:36.573;RO;AS40-AS1-20180127190225
2018-01-27 19:02:40.608;RU;AS40-AS1-20180127190207
2018-01-27 19:02:42.614;SP;AS40-AS1-20180127190225
2018-01-27 19:02:44.088;RC;AS40-AS1-20180127190225
2018-01-27 19:02:46.467;VU;AS40-AS1-20180127190148
2018-01-27 19:02:48.461;SS;AS40-AS1-20180127190225
2018-01-27 19:02:48.525;VU;AS40-AS1-20180127190123
2018-01-27 19:02:49.666;VU;AS40-AS1-20180127190103
2018-01-27 19:02:49.836;SQ;AS40-AS1-20180127190249
2018-01-27 19:03:01.281;RU;AS40-AS1-20180127190225
2018-01-27 19:03:01.788;RO;AS40-AS1-20180127190249
2018-01-27 19:03:03.758;SP;AS40-AS1-20180127190249
2018-01-27 19:03:07.223;SQ;AS40-AS1-20180127190307
2018-01-27 19:03:08.043;RC;AS40-AS1-20180127190249
2018-01-27 19:03:09.703;SS;AS40-AS1-20180127190249
2018-01-27 19:03:16.464;RO;AS40-AS1-20180127190307
2018-01-27 19:03:18.129;SP;AS40-AS1-20180127190307
2018-01-27 19:03:21.955;SQ;AS40-AS1-20180127190321
2018-01-27 19:03:23.655;RU;AS40-AS1-20180127190249
2018-01-27 19:03:23.661;RC;AS40-AS1-20180127190307
2018-01-27 19:03:26.555;SS;AS40-AS1-20180127190307
2018-01-27 19:03:34.158;RO;AS40-AS1-20180127190321
2018-01-27 19:03:37.905;RU;AS40-AS1-20180127190307
2018-01-27 19:03:40.185;SP;AS40-AS1-20180127190321
2018-01-27 19:03:41.573;RC;AS40-AS1-20180127190321
2018-01-27 19:03:45.865;VU;AS40-AS1-20180127190249
2018-01-27 19:03:47.137;SS;AS40-AS1-20180127190321
2018-01-27 19:03:47.282;VU;AS40-AS1-20180127190225
2018-01-27 19:03:48.506;VU;AS40-AS1-20180127190207
2018-01-27 19:03:48.645;SQ;AS40-AS1-20180127190348
2018-01-27 19:03:59.025;RU;AS40-AS1-20180127190321
2018-01-27 19:03:59.747;RO;AS40-AS1-20180127190348
2018-01-27 19:04:01.347;SP;AS40-AS1-20180127190348
2018-01-27 19:04:04.928;SQ;AS40-AS1-20180127190404
2018-01-27 19:04:05.445;RC;AS40-AS1-20180127190348
2018-01-27 19:04:07.125;SS;AS40-AS1-20180127190348
2018-01-27 19:04:12.085;RO;AS40-AS1-20180127190404
2018-01-27 19:04:13.725;SP;AS40-AS1-20180127190404
2018-01-27 19:04:17.345;SQ;AS40-AS1-20180127190417
2018-01-27 19:04:19.523;RC;AS40-AS1-20180127190404
2018-01-27 19:04:21.136;RU;AS40-AS1-20180127190348
2018-01-27 19:04:21.369;SS;AS40-AS1-20180127190404
2018-01-27 19:04:28.810;RO;AS40-AS1-20180127190417
2018-01-27 19:04:31.203;SP;AS40-AS1-20180127190417
2018-01-27 19:04:34.285;RU;AS40-AS1-20180127190404
2018-01-27 19:04:36.145;RC;AS40-AS1-20180127190417
2018-01-27 19:04:44.936;SS;AS40-AS1-20180127190417
2018-01-27 19:04:45.242;SQ;AS40-AS1-20180127190445
2018-01-27 19:04:46.559;VU;AS40-AS1-20180127190307
2018-01-27 19:04:47.643;VU;AS40-AS1-20180127190348
2018-01-27 19:04:47.809;RO;AS40-AS1-20180127190445
2018-01-27 19:04:48.293;VU;AS40-AS1-20180127190404
2018-01-27 19:04:48.296;VU;AS40-AS1-20180127190321
2018-01-27 19:04:49.055;SP;AS40-AS1-20180127190445
2018-01-27 19:04:50.645;SQ;AS40-AS1-20180127190450
2018-01-27 19:04:53.166;RU;AS40-AS1-20180127190417
2018-01-27 19:04:54.741;RC;AS40-AS1-20180127190445
2018-01-27 19:04:56.045;SS;AS40-AS1-20180127190445
2018-01-27 19:05:00.330;RO;AS40-AS1-20180127190450
2018-01-27 19:05:01.998;SP;AS40-AS1-20180127190450
2018-01-27 19:05:04.289;SQ;AS40-AS1-20180127190504
2018-01-27 19:05:06.256;RC;AS40-AS1-20180127190450
2018-01-27 19:05:07.475;SS;AS40-AS1-20180127190450
2018-01-27 19:05:08.972;RU;AS40-AS1-20180127190445
2018-01-27 19:05:16.188;RO;AS40-AS1-20180127190504
2018-01-27 19:05:18.174;SP;AS40-AS1-20180127190504
2018-01-27 19:05:21.893;SQ;AS40-AS1-20180127190521
2018-01-27 19:05:22.559;RU;AS40-AS1-20180127190450
2018-01-27 19:05:24.692;RC;AS40-AS1-20180127190504
2018-01-27 19:05:27.258;SS;AS40-AS1-20180127190504
2018-01-27 19:05:33.163;RO;AS40-AS1-20180127190521
2018-01-27 19:05:38.401;RU;AS40-AS1-20180127190504
2018-01-27 19:05:38.755;SP;AS40-AS1-20180127190521
2018-01-27 19:05:40.873;RC;AS40-AS1-20180127190521
2018-01-27 19:05:46.449;VU;AS40-AS1-20180127190445
2018-01-27 19:05:46.713;SS;AS40-AS1-20180127190521
2018-01-27 19:05:47.133;VU;AS40-AS1-20180127190450
2018-01-27 19:05:48.098;SQ;AS40-AS1-20180127190548
2018-01-27 19:05:48.196;VU;AS40-AS1-20180127190417
2018-01-27 19:05:55.367;RO;AS40-AS1-20180127190548
2018-01-27 19:05:56.078;RU;AS40-AS1-20180127190521
2018-01-27 19:05:56.745;SP;AS40-AS1-20180127190548
2018-01-27 19:06:00.141;SQ;AS40-AS1-20180127190600
2018-01-27 19:06:01.956;RC;AS40-AS1-20180127190548
2018-01-27 19:06:03.906;SS;AS40-AS1-20180127190548
2018-01-27 19:06:07.388;RO;AS40-AS1-20180127190600
2018-01-27 19:06:10.019;SP;AS40-AS1-20180127190600
2018-01-27 19:06:13.490;SQ;AS40-AS1-20180127190613
2018-01-27 19:06:13.580;RU;AS40-AS1-20180127190548
2018-01-27 19:06:14.990;RC;AS40-AS1-20180127190600
2018-01-27 19:06:17.387;SS;AS40-AS1-20180127190600
2018-01-27 19:06:21.347;RO;AS40-AS1-20180127190613
2018-01-27 19:06:23.927;SP;AS40-AS1-20180127190613
2018-01-27 19:06:26.074;RU;AS40-AS1-20180127190600
2018-01-27 19:06:28.160;RC;AS40-AS1-20180127190613
2018-01-27 19:06:30.561;SQ;AS40-AS1-20180127190630
2018-01-27 19:06:32.095;SS;AS40-AS1-20180127190613
2018-01-27 19:06:37.149;RO;AS40-AS1-20180127190630
2018-01-27 19:06:39.600;RU;AS40-AS1-20180127190613
2018-01-27 19:06:46.459;SP;AS40-AS1-20180127190630
2018-01-27 19:06:47.460;VU;AS40-AS1-20180127190504
2018-01-27 19:06:47.623;RC;AS40-AS1-20180127190630
2018-01-27 19:06:48.290;VU;AS40-AS1-20180127190548
2018-01-27 19:06:49.589;VU;AS40-AS1-20180127190521
2018-01-27 19:06:50.605;SS;AS40-AS1-20180127190630
2018-01-27 19:06:52.037;SQ;AS40-AS1-20180127190652
2018-01-27 19:07:00.192;RU;AS40-AS1-20180127190630
2018-01-27 19:07:01.494;RO;AS40-AS1-20180127190652
2018-01-27 19:07:03.967;SP;AS40-AS1-20180127190652
2018-01-27 19:07:07.072;RC;AS40-AS1-20180127190652
2018-01-27 19:07:09.941;SQ;AS40-AS1-20180127190709
2018-01-27 19:07:10.717;SS;AS40-AS1-20180127190652
2018-01-27 19:07:18.938;RO;AS40-AS1-20180127190709
2018-01-27 19:07:21.508;SP;AS40-AS1-20180127190709
2018-01-27 19:07:22.453;RU;AS40-AS1-20180127190652
2018-01-27 19:07:25.945;RC;AS40-AS1-20180127190709
2018-01-27 19:07:28.322;SQ;AS40-AS1-20180127190728
2018-01-27 19:07:29.608;SS;AS40-AS1-20180127190709
2018-01-27 19:07:34.064;RO;AS40-AS1-20180127190728
2018-01-27 19:07:35.465;RU;AS40-AS1-20180127190709
2018-01-27 19:07:42.695;SP;AS40-AS1-20180127190728
2018-01-27 19:07:43.576;RC;AS40-AS1-20180127190728
2018-01-27 19:07:47.330;VU;AS40-AS1-20180127190652
2018-01-27 19:07:48.032;VU;AS40-AS1-20180127190613
2018-01-27 19:07:48.821;VU;AS40-AS1-20180127190630
2018-01-27 19:07:49.415;SS;AS40-AS1-20180127190728
2018-01-27 19:07:50.283;SQ;AS40-AS1-20180127190750
2018-01-27 19:07:50.632;VU;AS40-AS1-20180127190709
2018-01-27 19:07:55.353;RO;AS40-AS1-20180127190750
2018-01-27 19:07:56.751;RU;AS40-AS1-20180127190728
2018-01-27 19:07:57.529;SP;AS40-AS1-20180127190750
2018-01-27 19:08:01.085;RC;AS40-AS1-20180127190750
2018-01-27 19:08:01.208;SQ;AS40-AS1-20180127190801
2018-01-27 19:08:03.102;SS;AS40-AS1-20180127190750
2018-01-27 19:08:05.669;RO;AS40-AS1-20180127190801
2018-01-27 19:08:07.165;SP;AS40-AS1-20180127190801
2018-01-27 19:08:09.505;RC;AS40-AS1-20180127190801
2018-01-27 19:08:10.167;RU;AS40-AS1-20180127190750
2018-01-27 19:08:12.009;SS;AS40-AS1-20180127190801
2018-01-27 19:08:16.727;RU;AS40-AS1-20180127190801
2018-01-27 19:08:46.892;VU;AS40-AS1-20180127190728
2018-01-27 19:08:47.238;VU;AS40-AS1-20180127190750
2018-01-27 19:08:47.880;VU;AS40-AS1-20180127190801
