2018-01-27 18:59:27.618;SQ;AS48-AS1-20180127185927
2018-01-27 18:59:32.138;RO;AS48-AS1-20180127185927
2018-01-27 18:59:33.456;SP;AS48-AS1-20180127185927
2018-01-27 18:59:35.111;SQ;AS48-AS1-20180127185935
2018-01-27 18:59:38.066;RC;AS48-AS1-20180127185927
2018-01-27 18:59:38.881;SS;AS48-AS1-20180127185927
2018-01-27 18:59:47.437;RO;AS48-AS1-20180127185935
2018-01-27 18:59:48.443;SP;AS48-AS1-20180127185935
2018-01-27 18:59:50.124;SQ;AS48-AS1-20180127185950
2018-01-27 18:59:56.462;RC;AS48-AS1-20180127185935
2018-01-27 18:59:56.727;RU;AS48-AS1-20180127185927
2018-01-27 18:59:57.878;SS;AS48-AS1-20180127185935
2018-01-27 19:00:14.519;RO;AS48-AS1-20180127185950
2018-01-27 19:00:15.565;SP;AS48-AS1-20180127185950
2018-01-27 19:00:18.095;SQ;AS48-AS1-20180127190018
2018-01-27 19:00:18.405;RU;AS48-AS1-20180127185935
2018-01-27 19:00:23.698;RC;AS48-AS1-20180127185950
2018-01-27 19:00:26.056;SS;AS48-AS1-20180127185950
2018-01-27 19:00:34.424;RO;AS48-AS1-20180127190018
2018-01-27 19:00:38.863;SP;AS48-AS1-20180127190018
2018-01-27 19:00:40.433;RU;AS48-AS1-20180127185950
2018-01-27 19:00:42.932;RC;AS48-AS1-20180127190018
2018-01-27 19:00:45.207;VU;AS48-AS1-20180127185927
2018-01-27 19:00:46.295;SS;AS48-AS1-20180127190018
2018-01-27 19:00:46.295;SQ;AS48-AS1-20180127190046
2018-01-27 19:00:46.589;VU;AS48-AS1-20180127185935
2018-01-27 19:00:59.253;RO;AS48-AS1-20180127190046
2018-01-27 19:01:00.743;SP;AS48-AS1-20180127190046
2018-01-27 19:01:03.261;SQ;AS48-AS1-20180127190103
2018-01-27 19:01:05.071;RU;AS48-AS1-20180127190018
2018-01-27 19:01:09.144;RC;AS48-AS1-20180127190046
2018-01-27 19:01:11.034;SS;AS48-AS1-20180127190046
2018-01-27 19:01:19.107;RO;AS48-AS1-20180127190103
2018-01-27 19:01:21.332;SP;AS48-AS1-20180127190103
2018-01-27 19:01:25.163;SQ;AS48-AS1-20180127190125
2018-01-27 19:01:29.013;RU;AS48-AS1-20180127190046
2018-01-27 19:01:30.114;RC;AS48-AS1-20180127190103
2018-01-27 19:01:34.299;SS;AS48-AS1-20180127190103
2018-01-27 19:01:39.503;RO;AS48-AS1-20180127190125
2018-01-27 19:01:44.106;RU;AS48-AS1-20180127190103
2018-01-27 19:01:45.290;SP;AS48-AS1-20180127190125
2018-01-27 19:01:45.718;VU;AS48-AS1-20180127190018
2018-01-27 19:01:46.599;VU;AS48-AS1-20180127185950
2018-01-27 19:01:48.254;VU;AS48-AS1-20180127190046
2018-01-27 19:01:48.408;RC;AS48-AS1-20180127190125
2018-01-27 19:01:48.470;SQ;AS48-AS1-20180127190148
2018-01-27 19:01:50.090;SS;AS48-AS1-20180127190125
2018-01-27 19:02:01.086;RO;AS48-AS1-20180127190148
2018-01-27 19:02:02.592;SP;AS48-AS1-20180127190148
2018-01-27 19:02:05.011;SQ;AS48-AS1-20180127190205
2018-01-27 19:02:05.542;RU;AS48-AS1-20180127190125
2018-01-27 19:02:08.032;RC;AS48-AS1-20180127190148
2018-01-27 19:02:09.760;SS;AS48-AS1-20180127190148
2018-01-27 19:02:15.782;RO;AS48-AS1-20180127190205
2018-01-27 19:02:18.031;SP;AS48-AS1-20180127190205
2018-01-27 19:02:21.836;SQ;AS48-AS1-20180127190221
2018-01-27 19:02:24.448;RC;AS48-AS1-20180127190205
2018-01-27 19:02:25.708;RU;AS48-AS1-20180127190148
2018-01-27 19:02:26.448;SS;AS48-AS1-20180127190205
2018-01-27 19:02:34.774;RO;AS48-AS1-20180127190221
2018-01-27 19:02:39.356;RU;AS48-AS1-20180127190205
2018-01-27 19:02:40.464;SP;AS48-AS1-20180127190221
2018-01-27 19:02:41.398;RC;AS48-AS1-20180127190221
2018-01-27 19:02:46.607;VU;AS48-AS1-20180127190148
2018-01-27 19:02:46.924;VU;AS48-AS1-20180127190125
2018-01-27 19:02:47.564;SS;AS48-AS1-20180127190221
2018-01-27 19:02:48.565;VU;AS48-AS1-20180127190103
2018-01-27 19:02:49.071;SQ;AS48-AS1-20180127190249
2018-01-27 19:02:59.023;RU;AS48-AS1-20180127190221
2018-01-27 19:03:00.382;RO;AS48-AS1-20180127190249
2018-01-27 19:03:01.787;SP;AS48-AS1-20180127190249
2018-01-27 19:03:05.482;SQ;AS48-AS1-20180127190305
2018-01-27 19:03:05.498;RC;AS48-AS1-20180127190249
2018-01-27 19:03:07.464;SS;AS48-AS1-20180127190249
2018-01-27 19:03:16.962;RO;AS48-AS1-20180127190305
2018-01-27 19:03:18.922;SP;AS48-AS1-20180127190305
2018-01-27 19:03:22.551;RU;AS48-AS1-20180127190249
2018-01-27 19:03:22.877;SQ;AS48-AS1-20180127190322
2018-01-27 19:03:23.967;RC;AS48-AS1-20180127190305
2018-01-27 19:03:26.427;SS;AS48-AS1-20180127190305
2018-01-27 19:03:34.062;RO;AS48-AS1-20180127190322
2018-01-27 19:03:36.872;RU;AS48-AS1-20180127190305
2018-01-27 19:03:40.947;SP;AS48-AS1-20180127190322
2018-01-27 19:03:42.122;RC;AS48-AS1-20180127190322
2018-01-27 19:03:46.329;VU;AS48-AS1-20180127190305
2018-01-27 19:03:46.330;VU;AS48-AS1-20180127190249
2018-01-27 19:03:46.781;VU;AS48-AS1-20180127190205
2018-01-27 19:03:47.310;SS;AS48-AS1-20180127190322
2018-01-27 19:03:47.951;SQ;AS48-AS1-20180127190347
2018-01-27 19:03:48.051;VU;AS48-AS1-20180127190221
2018-01-27 19:03:56.969;RO;AS48-AS1-20180127190347
2018-01-27 19:03:58.272;SP;AS48-AS1-20180127190347
2018-01-27 19:03:59.220;RU;AS48-AS1-20180127190322
2018-01-27 19:04:00.568;SQ;AS48-AS1-20180127190400
2018-01-27 19:04:03.642;RC;AS48-AS1-20180127190347
2018-01-27 19:04:05.294;SS;AS48-AS1-20180127190347
2018-01-27 19:04:08.211;RO;AS48-AS1-20180127190400
2018-01-27 19:04:09.710;SP;AS48-AS1-20180127190400
2018-01-27 19:04:12.240;SQ;AS48-AS1-20180127190412
2018-01-27 19:04:15.720;RC;AS48-AS1-20180127190400
2018-01-27 19:04:16.616;SS;AS48-AS1-20180127190400
2018-01-27 19:04:18.760;RU;AS48-AS1-20180127190347
2018-01-27 19:04:23.578;RO;AS48-AS1-20180127190412
2018-01-27 19:04:25.591;SP;AS48-AS1-20180127190412
2018-01-27 19:04:29.505;SQ;AS48-AS1-20180127190429
2018-01-27 19:04:30.338;RC;AS48-AS1-20180127190412
2018-01-27 19:04:30.532;RU;AS48-AS1-20180127190400
2018-01-27 19:04:33.420;SS;AS48-AS1-20180127190412
2018-01-27 19:04:38.074;RO;AS48-AS1-20180127190429
2018-01-27 19:04:40.808;RU;AS48-AS1-20180127190412
2018-01-27 19:04:45.161;SP;AS48-AS1-20180127190429
2018-01-27 19:04:46.016;RC;AS48-AS1-20180127190429
2018-01-27 19:04:47.423;VU;AS48-AS1-20180127190400
2018-01-27 19:04:48.812;VU;AS48-AS1-20180127190322
2018-01-27 19:04:49.282;VU;AS48-AS1-20180127190347
2018-01-27 19:04:49.491;SS;AS48-AS1-20180127190429
2018-01-27 19:04:50.564;SQ;AS48-AS1-20180127190450
2018-01-27 19:05:00.382;RO;AS48-AS1-20180127190450
2018-01-27 19:05:01.524;RU;AS48-AS1-20180127190429
2018-01-27 19:05:02.416;SP;AS48-AS1-20180127190450
2018-01-27 19:05:06.597;SQ;AS48-AS1-20180127190506
2018-01-27 19:05:07.503;RC;AS48-AS1-20180127190450
2018-01-27 19:05:09.407;SS;AS48-AS1-20180127190450
2018-01-27 19:05:17.858;RO;AS48-AS1-20180127190506
2018-01-27 19:05:19.967;SP;AS48-AS1-20180127190506
2018-01-27 19:05:23.876;SQ;AS48-AS1-20180127190523
2018-01-27 19:05:25.427;RC;AS48-AS1-20180127190506
2018-01-27 19:05:25.636;RU;AS48-AS1-20180127190450
2018-01-27 19:05:28.255;SS;AS48-AS1-20180127190506
2018-01-27 19:05:36.066;RO;AS48-AS1-20180127190523
2018-01-27 19:05:39.933;RU;AS48-AS1-20180127190506
2018-01-27 19:05:42.603;SP;AS48-AS1-20180127190523
2018-01-27 19:05:43.315;RC;AS48-AS1-20180127190523
2018-01-27 19:05:45.844;VU;AS48-AS1-20180127190412
2018-01-27 19:05:46.831;VU;AS48-AS1-20180127190429
2018-01-27 19:05:47.742;SS;AS48-AS1-20180127190523
2018-01-27 19:05:48.877;VU;AS48-AS1-20180127190450
2018-01-27 19:05:49.355;SQ;AS48-AS1-20180127190549
2018-01-27 19:05:58.361;RU;AS48-AS1-20180127190523
2018-01-27 19:05:58.910;RO;AS48-AS1-20180127190549
2018-01-27 19:06:00.872;SP;AS48-AS1-20180127190549
2018-01-27 19:06:04.590;RC;AS48-AS1-20180127190549
2018-01-27 19:06:04.910;SQ;AS48-AS1-20180127190604
2018-01-27 19:06:06.540;SS;AS48-AS1-20180127190549
2018-01-27 19:06:12.446;RO;AS48-AS1-20180127190604
2018-01-27 19:06:14.870;SP;AS48-AS1-20180127190604
2018-01-27 19:06:18.260;RU;AS48-AS1-20180127190549
2018-01-27 19:06:18.854;SQ;AS48-AS1-20180127190618
2018-01-27 19:06:20.024;RC;AS48-AS1-20180127190604
2018-01-27 19:06:22.480;SS;AS48-AS1-20180127190604
2018-01-27 19:06:26.473;RO;AS48-AS1-20180127190618
2018-01-27 19:06:29.201;SP;AS48-AS1-20180127190618
2018-01-27 19:06:31.746;RU;AS48-AS1-20180127190604
2018-01-27 19:06:32.908;RC;AS48-AS1-20180127190618
2018-01-27 19:06:40.604;SQ;AS48-AS1-20180127190640
2018-01-27 19:06:41.978;SS;AS48-AS1-20180127190618
2018-01-27 19:06:42.575;RO;AS48-AS1-20180127190640
2018-01-27 19:06:46.402;RU;AS48-AS1-20180127190618
2018-01-27 19:06:47.702;VU;AS48-AS1-20180127190549
2018-01-27 19:06:47.929;VU;AS48-AS1-20180127190604
2018-01-27 19:06:48.511;SP;AS48-AS1-20180127190640
2018-01-27 19:06:48.864;VU;AS48-AS1-20180127190523
2018-01-27 19:06:49.514;VU;AS48-AS1-20180127190506
2018-01-27 19:06:50.024;RC;AS48-AS1-20180127190640
2018-01-27 19:06:51.475;SQ;AS48-AS1-20180127190651
2018-01-27 19:06:52.140;SS;AS48-AS1-20180127190640
2018-01-27 19:06:59.474;RO;AS48-AS1-20180127190651
2018-01-27 19:07:00.441;SP;AS48-AS1-20180127190651
2018-01-27 19:07:02.966;SQ;AS48-AS1-20180127190702
2018-01-27 19:07:03.553;RU;AS48-AS1-20180127190640
2018-01-27 19:07:04.102;RC;AS48-AS1-20180127190651
2018-01-27 19:07:06.047;SS;AS48-AS1-20180127190651
2018-01-27 19:07:11.191;RO;AS48-AS1-20180127190702
2018-01-27 19:07:13.588;SP;AS48-AS1-20180127190702
2018-01-27 19:07:17.136;RU;AS48-AS1-20180127190651
2018-01-27 19:07:17.298;SQ;AS48-AS1-20180127190717
2018-01-27 19:07:17.377;RC;AS48-AS1-20180127190702
2018-01-27 19:07:20.303;SS;AS48-AS1-20180127190702
2018-01-27 19:07:24.324;RO;AS48-AS1-20180127190717
2018-01-27 19:07:27.459;SP;AS48-AS1-20180127190717
2018-01-27 19:07:29.562;RU;AS48-AS1-20180127190702
2018-01-27 19:07:30.335;RC;AS48-AS1-20180127190717
2018-01-27 19:07:35.931;SQ;AS48-AS1-20180127190735
2018-01-27 19:07:36.642;SS;AS48-AS1-20180127190717
2018-01-27 19:07:37.566;RO;AS48-AS1-20180127190735
2018-01-27 19:07:41.110;RU;AS48-AS1-20180127190717
2018-01-27 19:07:47.136;SP;AS48-AS1-20180127190735
2018-01-27 19:07:48.138;VU;AS48-AS1-20180127190640
2018-01-27 19:07:48.558;RC;AS48-AS1-20180127190735
2018-01-27 19:07:49.436;VU;AS48-AS1-20180127190618
2018-01-27 19:07:50.771;VU;AS48-AS1-20180127190651
2018-01-27 19:07:50.839;VU;AS48-AS1-20180127190702
2018-01-27 19:07:51.542;SS;AS48-AS1-20180127190735
2018-01-27 19:07:52.344;SQ;AS48-AS1-20180127190752
2018-01-27 19:07:58.532;RO;AS48-AS1-20180127190752
2018-01-27 19:08:00.045;SP;AS48-AS1-20180127190752
2018-01-27 19:08:00.875;RU;AS48-AS1-20180127190735
2018-01-27 19:08:02.073;RC;AS48-AS1-20180127190752
2018-01-27 19:08:03.982;SQ;AS48-AS1-20180127190803
2018-01-27 19:08:04.506;SS;AS48-AS1-20180127190752
2018-01-27 19:08:09.056;RO;AS48-AS1-20180127190803
2018-01-27 19:08:11.488;SP;AS48-AS1-20180127190803
2018-01-27 19:08:11.773;RU;AS48-AS1-20180127190752
2018-01-27 19:08:12.596;RC;AS48-AS1-20180127190803
2018-01-27 19:08:15.297;SS;AS48-AS1-20180127190803
2018-01-27 19:08:19.794;RU;AS48-AS1-20180127190803
2018-01-27 19:08:47.386;VU;AS48-AS1-20180127190752
2018-01-27 19:08:47.907;VU;AS48-AS1-20180127190735
2018-01-27 19:08:48.488;VU;AS48-AS1-20180127190717
2018-01-27 19:08:48.790;VU;AS48-AS1-20180127190803
