2018-01-18 20:01:18.724;SQ;AS1-AS2-20180118200118
2018-01-18 20:01:20.255;SQ;AS1-AS2-20180118200120
2018-01-18 20:01:20.402;RO;AS1-AS2-20180118200118
2018-01-18 20:01:21.936;RO;AS1-AS2-20180118200120
2018-01-18 20:01:23.022;SP;AS1-AS2-20180118200118
2018-01-18 20:01:23.582;RC;AS1-AS2-20180118200118
2018-01-18 20:01:23.972;SP;AS1-AS2-20180118200120
2018-01-18 20:01:24.531;RC;AS1-AS2-20180118200120
2018-01-18 20:01:24.608;SS;AS1-AS2-20180118200118
2018-01-18 20:01:25.374;SS;AS1-AS2-20180118200120
2018-01-18 20:01:27.815;RU;AS1-AS2-20180118200120
2018-01-18 20:01:27.815;RU;AS1-AS2-20180118200118
2018-01-18 20:01:46.087;SQ;AS1-AS2-20180118200146
2018-01-18 20:01:47.661;SQ;AS1-AS2-20180118200147
2018-01-18 20:01:47.783;RO;AS1-AS2-20180118200146
2018-01-18 20:01:49.256;SQ;AS1-AS2-20180118200149
2018-01-18 20:01:49.411;RO;AS1-AS2-20180118200147
2018-01-18 20:01:50.802;SQ;AS1-AS2-20180118200150
2018-01-18 20:01:51.005;RO;AS1-AS2-20180118200149
2018-01-18 20:01:52.403;SQ;AS1-AS2-20180118200152
2018-01-18 20:01:52.543;RO;AS1-AS2-20180118200150
2018-01-18 20:01:53.955;SQ;AS1-AS2-20180118200153
2018-01-18 20:01:54.104;RO;AS1-AS2-20180118200152
2018-01-18 20:01:55.513;SQ;AS1-AS2-20180118200155
2018-01-18 20:01:55.656;RO;AS1-AS2-20180118200153
2018-01-18 20:01:57.093;SQ;AS1-AS2-20180118200157
2018-01-18 20:01:57.223;RO;AS1-AS2-20180118200155
2018-01-18 20:01:58.669;SQ;AS1-AS2-20180118200158
2018-01-18 20:01:58.802;RO;AS1-AS2-20180118200157
2018-01-18 20:02:00.267;SQ;AS1-AS2-20180118200200
2018-01-18 20:02:00.391;RO;AS1-AS2-20180118200158
2018-01-18 20:02:01.963;RO;AS1-AS2-20180118200200
2018-01-18 20:02:03.031;SP;AS1-AS2-20180118200200
2018-01-18 20:02:03.591;RC;AS1-AS2-20180118200200
2018-01-18 20:02:03.965;SP;AS1-AS2-20180118200149
2018-01-18 20:02:04.560;RC;AS1-AS2-20180118200149
2018-01-18 20:02:05.431;SS;AS1-AS2-20180118200200
2018-01-18 20:02:05.883;SP;AS1-AS2-20180118200158
2018-01-18 20:02:06.441;RC;AS1-AS2-20180118200158
2018-01-18 20:02:06.483;SS;AS1-AS2-20180118200149
2018-01-18 20:02:07.483;SP;AS1-AS2-20180118200147
2018-01-18 20:02:08.055;RC;AS1-AS2-20180118200147
2018-01-18 20:02:08.179;SS;AS1-AS2-20180118200158
2018-01-18 20:02:08.649;RU;AS1-AS2-20180118200149
2018-01-18 20:02:08.653;RU;AS1-AS2-20180118200200
2018-01-18 20:02:09.210;SP;AS1-AS2-20180118200157
2018-01-18 20:02:09.766;SS;AS1-AS2-20180118200147
2018-01-18 20:02:09.777;RC;AS1-AS2-20180118200157
2018-01-18 20:02:10.707;RU;AS1-AS2-20180118200158
2018-01-18 20:02:10.836;SP;AS1-AS2-20180118200150
2018-01-18 20:02:11.414;RC;AS1-AS2-20180118200150
2018-01-18 20:02:11.432;SS;AS1-AS2-20180118200157
2018-01-18 20:02:12.491;SP;AS1-AS2-20180118200146
2018-01-18 20:02:12.997;RU;AS1-AS2-20180118200147
2018-01-18 20:02:12.998;RU;AS1-AS2-20180118200157
2018-01-18 20:02:13.044;SS;AS1-AS2-20180118200150
2018-01-18 20:02:13.079;RC;AS1-AS2-20180118200146
2018-01-18 20:02:14.038;SP;AS1-AS2-20180118200152
2018-01-18 20:02:14.603;RC;AS1-AS2-20180118200152
2018-01-18 20:02:14.676;SS;AS1-AS2-20180118200146
2018-01-18 20:02:15.705;SP;AS1-AS2-20180118200153
2018-01-18 20:02:15.807;RU;AS1-AS2-20180118200150
2018-01-18 20:02:16.275;RC;AS1-AS2-20180118200153
2018-01-18 20:02:16.288;SS;AS1-AS2-20180118200152
2018-01-18 20:02:17.339;SP;AS1-AS2-20180118200155
2018-01-18 20:02:17.659;SS;AS1-AS2-20180118200153
2018-01-18 20:02:17.929;RU;AS1-AS2-20180118200146
2018-01-18 20:02:17.939;RU;AS1-AS2-20180118200152
2018-01-18 20:02:17.956;RC;AS1-AS2-20180118200155
2018-01-18 20:02:18.727;SS;AS1-AS2-20180118200155
2018-01-18 20:02:20.486;RU;AS1-AS2-20180118200153
2018-01-18 20:02:20.489;RU;AS1-AS2-20180118200155
2018-01-18 20:04:00.299;SQ;AS1-AS2-20180118200400
2018-01-18 20:04:01.900;SQ;AS1-AS2-20180118200401
2018-01-18 20:04:01.981;RO;AS1-AS2-20180118200400
2018-01-18 20:04:03.463;SQ;AS1-AS2-20180118200403
2018-01-18 20:04:03.605;RO;AS1-AS2-20180118200401
2018-01-18 20:04:05.001;SQ;AS1-AS2-20180118200405
2018-01-18 20:04:05.179;RO;AS1-AS2-20180118200403
2018-01-18 20:04:06.595;SQ;AS1-AS2-20180118200406
2018-01-18 20:04:06.698;RO;AS1-AS2-20180118200405
2018-01-18 20:04:08.157;SQ;AS1-AS2-20180118200408
2018-01-18 20:04:08.291;RO;AS1-AS2-20180118200406
2018-01-18 20:04:09.736;SQ;AS1-AS2-20180118200409
2018-01-18 20:04:09.860;RO;AS1-AS2-20180118200408
2018-01-18 20:04:11.263;SQ;AS1-AS2-20180118200411
2018-01-18 20:04:11.446;RO;AS1-AS2-20180118200409
2018-01-18 20:04:12.807;SQ;AS1-AS2-20180118200412
2018-01-18 20:04:12.962;RO;AS1-AS2-20180118200411
2018-01-18 20:04:14.367;SQ;AS1-AS2-20180118200414
2018-01-18 20:04:14.516;RO;AS1-AS2-20180118200412
2018-01-18 20:04:15.913;SQ;AS1-AS2-20180118200415
2018-01-18 20:04:16.071;RO;AS1-AS2-20180118200414
2018-01-18 20:04:17.474;SQ;AS1-AS2-20180118200417
2018-01-18 20:04:17.612;RO;AS1-AS2-20180118200415
2018-01-18 20:04:19.014;SQ;AS1-AS2-20180118200419
2018-01-18 20:04:19.167;RO;AS1-AS2-20180118200417
2018-01-18 20:04:20.593;SQ;AS1-AS2-20180118200420
2018-01-18 20:04:20.713;RO;AS1-AS2-20180118200419
2018-01-18 20:04:22.156;SQ;AS1-AS2-20180118200422
2018-01-18 20:04:22.308;RO;AS1-AS2-20180118200420
2018-01-18 20:04:23.695;SQ;AS1-AS2-20180118200423
2018-01-18 20:04:23.860;RO;AS1-AS2-20180118200422
2018-01-18 20:04:25.223;SQ;AS1-AS2-20180118200425
2018-01-18 20:04:25.401;RO;AS1-AS2-20180118200423
2018-01-18 20:04:26.747;SQ;AS1-AS2-20180118200426
2018-01-18 20:04:26.959;RO;AS1-AS2-20180118200425
2018-01-18 20:04:28.303;SQ;AS1-AS2-20180118200428
2018-01-18 20:04:28.463;RO;AS1-AS2-20180118200426
2018-01-18 20:04:29.875;SQ;AS1-AS2-20180118200429
2018-01-18 20:04:30.009;RO;AS1-AS2-20180118200428
2018-01-18 20:04:31.387;SQ;AS1-AS2-20180118200431
2018-01-18 20:04:31.573;RO;AS1-AS2-20180118200429
2018-01-18 20:04:32.930;SQ;AS1-AS2-20180118200432
2018-01-18 20:04:33.111;RO;AS1-AS2-20180118200431
2018-01-18 20:04:34.500;SQ;AS1-AS2-20180118200434
2018-01-18 20:04:34.665;RO;AS1-AS2-20180118200432
2018-01-18 20:04:36.028;SQ;AS1-AS2-20180118200436
2018-01-18 20:04:36.201;RO;AS1-AS2-20180118200434
2018-01-18 20:04:37.575;SQ;AS1-AS2-20180118200437
2018-01-18 20:04:37.731;RO;AS1-AS2-20180118200436
2018-01-18 20:04:39.111;SQ;AS1-AS2-20180118200439
2018-01-18 20:04:39.287;RO;AS1-AS2-20180118200437
2018-01-18 20:04:40.644;SQ;AS1-AS2-20180118200440
2018-01-18 20:04:40.828;RO;AS1-AS2-20180118200439
2018-01-18 20:04:42.207;SQ;AS1-AS2-20180118200442
2018-01-18 20:04:42.357;RO;AS1-AS2-20180118200440
2018-01-18 20:04:43.742;SQ;AS1-AS2-20180118200443
2018-01-18 20:04:43.899;RO;AS1-AS2-20180118200442
2018-01-18 20:04:45.271;SQ;AS1-AS2-20180118200445
2018-01-18 20:04:45.448;RO;AS1-AS2-20180118200443
2018-01-18 20:04:46.815;SQ;AS1-AS2-20180118200446
2018-01-18 20:04:46.996;RO;AS1-AS2-20180118200445
2018-01-18 20:04:48.350;SQ;AS1-AS2-20180118200448
2018-01-18 20:04:48.506;RO;AS1-AS2-20180118200446
2018-01-18 20:04:49.919;SQ;AS1-AS2-20180118200449
2018-01-18 20:04:50.064;RO;AS1-AS2-20180118200448
2018-01-18 20:04:51.466;SQ;AS1-AS2-20180118200451
2018-01-18 20:04:51.631;RO;AS1-AS2-20180118200449
2018-01-18 20:04:52.998;SQ;AS1-AS2-20180118200452
2018-01-18 20:04:53.173;RO;AS1-AS2-20180118200451
2018-01-18 20:04:54.543;SQ;AS1-AS2-20180118200454
2018-01-18 20:04:54.692;RO;AS1-AS2-20180118200452
2018-01-18 20:04:56.083;SQ;AS1-AS2-20180118200456
2018-01-18 20:04:56.253;RO;AS1-AS2-20180118200454
2018-01-18 20:04:57.631;SQ;AS1-AS2-20180118200457
2018-01-18 20:04:57.790;RO;AS1-AS2-20180118200456
2018-01-18 20:04:59.215;SQ;AS1-AS2-20180118200459
2018-01-18 20:04:59.355;RO;AS1-AS2-20180118200457
2018-01-18 20:05:00.748;SQ;AS1-AS2-20180118200500
2018-01-18 20:05:00.929;RO;AS1-AS2-20180118200459
2018-01-18 20:05:02.299;SQ;AS1-AS2-20180118200502
2018-01-18 20:05:02.472;RO;AS1-AS2-20180118200500
2018-01-18 20:05:03.867;SQ;AS1-AS2-20180118200503
2018-01-18 20:05:04.024;RO;AS1-AS2-20180118200502
2018-01-18 20:05:05.431;SQ;AS1-AS2-20180118200505
2018-01-18 20:05:05.570;RO;AS1-AS2-20180118200503
2018-01-18 20:05:06.990;SQ;AS1-AS2-20180118200506
2018-01-18 20:05:07.131;RO;AS1-AS2-20180118200505
2018-01-18 20:05:08.579;SQ;AS1-AS2-20180118200508
2018-01-18 20:05:08.694;RO;AS1-AS2-20180118200506
2018-01-18 20:05:10.149;SQ;AS1-AS2-20180118200510
2018-01-18 20:05:10.294;RO;AS1-AS2-20180118200508
2018-01-18 20:05:11.707;SQ;AS1-AS2-20180118200511
2018-01-18 20:05:11.894;RO;AS1-AS2-20180118200510
2018-01-18 20:05:13.239;SQ;AS1-AS2-20180118200513
2018-01-18 20:05:13.413;RO;AS1-AS2-20180118200511
2018-01-18 20:05:14.816;SQ;AS1-AS2-20180118200514
2018-01-18 20:05:14.991;RO;AS1-AS2-20180118200513
2018-01-18 20:05:16.348;SQ;AS1-AS2-20180118200516
2018-01-18 20:05:16.532;RO;AS1-AS2-20180118200514
2018-01-18 20:05:17.888;SQ;AS1-AS2-20180118200517
2018-01-18 20:05:18.048;RO;AS1-AS2-20180118200516
2018-01-18 20:05:19.446;SQ;AS1-AS2-20180118200519
2018-01-18 20:05:19.602;RO;AS1-AS2-20180118200517
2018-01-18 20:05:21.002;SQ;AS1-AS2-20180118200521
2018-01-18 20:05:21.170;RO;AS1-AS2-20180118200519
2018-01-18 20:05:22.541;SQ;AS1-AS2-20180118200522
2018-01-18 20:05:22.699;RO;AS1-AS2-20180118200521
2018-01-18 20:05:24.118;SQ;AS1-AS2-20180118200524
2018-01-18 20:05:24.246;RO;AS1-AS2-20180118200522
2018-01-18 20:05:25.665;SQ;AS1-AS2-20180118200525
2018-01-18 20:05:25.808;RO;AS1-AS2-20180118200524
2018-01-18 20:05:27.191;SQ;AS1-AS2-20180118200527
2018-01-18 20:05:27.364;RO;AS1-AS2-20180118200525
2018-01-18 20:05:28.714;SQ;AS1-AS2-20180118200528
2018-01-18 20:05:28.900;RO;AS1-AS2-20180118200527
2018-01-18 20:05:30.272;SQ;AS1-AS2-20180118200530
2018-01-18 20:05:30.407;RO;AS1-AS2-20180118200528
2018-01-18 20:05:31.800;SQ;AS1-AS2-20180118200531
2018-01-18 20:05:31.969;RO;AS1-AS2-20180118200530
2018-01-18 20:05:33.373;SQ;AS1-AS2-20180118200533
2018-01-18 20:05:33.504;RO;AS1-AS2-20180118200531
2018-01-18 20:05:34.923;SQ;AS1-AS2-20180118200534
2018-01-18 20:05:35.081;RO;AS1-AS2-20180118200533
2018-01-18 20:05:36.450;SQ;AS1-AS2-20180118200536
2018-01-18 20:05:36.631;RO;AS1-AS2-20180118200534
2018-01-18 20:05:38.009;SQ;AS1-AS2-20180118200538
2018-01-18 20:05:38.171;RO;AS1-AS2-20180118200536
2018-01-18 20:05:39.551;SQ;AS1-AS2-20180118200539
2018-01-18 20:05:39.706;RO;AS1-AS2-20180118200538
2018-01-18 20:05:41.099;SQ;AS1-AS2-20180118200541
2018-01-18 20:05:41.266;RO;AS1-AS2-20180118200539
2018-01-18 20:05:42.653;SQ;AS1-AS2-20180118200542
2018-01-18 20:05:42.795;RO;AS1-AS2-20180118200541
2018-01-18 20:05:44.213;SQ;AS1-AS2-20180118200544
2018-01-18 20:05:44.357;RO;AS1-AS2-20180118200542
2018-01-18 20:05:45.768;SQ;AS1-AS2-20180118200545
2018-01-18 20:05:45.950;RO;AS1-AS2-20180118200544
2018-01-18 20:05:47.306;SQ;AS1-AS2-20180118200547
2018-01-18 20:05:47.501;RO;AS1-AS2-20180118200545
2018-01-18 20:05:48.828;SQ;AS1-AS2-20180118200548
2018-01-18 20:05:49.009;RO;AS1-AS2-20180118200547
2018-01-18 20:05:50.392;SQ;AS1-AS2-20180118200550
2018-01-18 20:05:50.551;RO;AS1-AS2-20180118200548
2018-01-18 20:05:51.951;SQ;AS1-AS2-20180118200551
2018-01-18 20:05:52.112;RO;AS1-AS2-20180118200550
2018-01-18 20:05:53.485;SQ;AS1-AS2-20180118200553
2018-01-18 20:05:53.657;RO;AS1-AS2-20180118200551
2018-01-18 20:05:55.047;SQ;AS1-AS2-20180118200555
2018-01-18 20:05:55.193;RO;AS1-AS2-20180118200553
2018-01-18 20:05:56.587;SQ;AS1-AS2-20180118200556
2018-01-18 20:05:56.759;RO;AS1-AS2-20180118200555
2018-01-18 20:05:58.130;SQ;AS1-AS2-20180118200558
2018-01-18 20:05:58.307;RO;AS1-AS2-20180118200556
2018-01-18 20:05:59.674;SQ;AS1-AS2-20180118200559
2018-01-18 20:05:59.831;RO;AS1-AS2-20180118200558
2018-01-18 20:06:01.303;SQ;AS1-AS2-20180118200601
2018-01-18 20:06:01.378;RO;AS1-AS2-20180118200559
2018-01-18 20:06:02.875;SQ;AS1-AS2-20180118200602
2018-01-18 20:06:03.021;RO;AS1-AS2-20180118200601
2018-01-18 20:06:04.431;SQ;AS1-AS2-20180118200604
2018-01-18 20:06:04.602;RO;AS1-AS2-20180118200602
2018-01-18 20:06:05.956;SQ;AS1-AS2-20180118200605
2018-01-18 20:06:06.151;RO;AS1-AS2-20180118200604
2018-01-18 20:06:07.519;SQ;AS1-AS2-20180118200607
2018-01-18 20:06:07.667;RO;AS1-AS2-20180118200605
2018-01-18 20:06:09.059;SQ;AS1-AS2-20180118200609
2018-01-18 20:06:09.245;RO;AS1-AS2-20180118200607
2018-01-18 20:06:10.636;SQ;AS1-AS2-20180118200610
2018-01-18 20:06:10.764;RO;AS1-AS2-20180118200609
2018-01-18 20:06:12.178;SQ;AS1-AS2-20180118200612
2018-01-18 20:06:12.334;RO;AS1-AS2-20180118200610
2018-01-18 20:06:13.724;SQ;AS1-AS2-20180118200613
2018-01-18 20:06:13.886;RO;AS1-AS2-20180118200612
2018-01-18 20:06:15.307;SQ;AS1-AS2-20180118200615
2018-01-18 20:06:15.427;RO;AS1-AS2-20180118200613
2018-01-18 20:06:16.848;SQ;AS1-AS2-20180118200616
2018-01-18 20:06:17.024;RO;AS1-AS2-20180118200615
2018-01-18 20:06:18.373;SQ;AS1-AS2-20180118200618
2018-01-18 20:06:18.555;RO;AS1-AS2-20180118200616
2018-01-18 20:06:19.941;SQ;AS1-AS2-20180118200619
2018-01-18 20:06:20.089;RO;AS1-AS2-20180118200618
2018-01-18 20:06:21.484;SQ;AS1-AS2-20180118200621
2018-01-18 20:06:21.649;RO;AS1-AS2-20180118200619
2018-01-18 20:06:23.028;SQ;AS1-AS2-20180118200623
2018-01-18 20:06:23.191;RO;AS1-AS2-20180118200621
2018-01-18 20:06:24.596;SQ;AS1-AS2-20180118200624
2018-01-18 20:06:24.736;RO;AS1-AS2-20180118200623
2018-01-18 20:06:26.147;SQ;AS1-AS2-20180118200626
2018-01-18 20:06:26.304;RO;AS1-AS2-20180118200624
2018-01-18 20:06:27.675;SQ;AS1-AS2-20180118200627
2018-01-18 20:06:27.846;RO;AS1-AS2-20180118200626
2018-01-18 20:06:29.244;SQ;AS1-AS2-20180118200629
2018-01-18 20:06:29.387;RO;AS1-AS2-20180118200627
2018-01-18 20:06:30.766;SQ;AS1-AS2-20180118200630
2018-01-18 20:06:30.964;RO;AS1-AS2-20180118200629
2018-01-18 20:06:32.327;SQ;AS1-AS2-20180118200632
2018-01-18 20:06:32.475;RO;AS1-AS2-20180118200630
2018-01-18 20:06:33.925;SQ;AS1-AS2-20180118200633
2018-01-18 20:06:34.032;RO;AS1-AS2-20180118200632
2018-01-18 20:06:35.624;RO;AS1-AS2-20180118200633
2018-01-18 20:06:36.701;SP;AS1-AS2-20180118200503
2018-01-18 20:06:37.264;RC;AS1-AS2-20180118200503
2018-01-18 20:06:37.636;SP;AS1-AS2-20180118200502
2018-01-18 20:06:38.192;RC;AS1-AS2-20180118200502
2018-01-18 20:06:39.076;SS;AS1-AS2-20180118200503
2018-01-18 20:06:39.457;SP;AS1-AS2-20180118200500
2018-01-18 20:06:40.022;RC;AS1-AS2-20180118200500
2018-01-18 20:06:40.079;SS;AS1-AS2-20180118200502
2018-01-18 20:06:41.029;SP;AS1-AS2-20180118200506
2018-01-18 20:06:41.605;RC;AS1-AS2-20180118200506
2018-01-18 20:06:41.653;SS;AS1-AS2-20180118200500
2018-01-18 20:06:42.312;RU;AS1-AS2-20180118200503
2018-01-18 20:06:42.312;RU;AS1-AS2-20180118200502
2018-01-18 20:06:42.676;SP;AS1-AS2-20180118200505
2018-01-18 20:06:43.234;RC;AS1-AS2-20180118200505
2018-01-18 20:06:43.247;SS;AS1-AS2-20180118200506
2018-01-18 20:06:44.288;SP;AS1-AS2-20180118200508
2018-01-18 20:06:44.848;SS;AS1-AS2-20180118200505
2018-01-18 20:06:44.883;RC;AS1-AS2-20180118200508
2018-01-18 20:06:44.938;RU;AS1-AS2-20180118200500
2018-01-18 20:06:44.938;RU;AS1-AS2-20180118200506
2018-01-18 20:06:45.880;SP;AS1-AS2-20180118200629
2018-01-18 20:06:46.439;RC;AS1-AS2-20180118200629
2018-01-18 20:06:46.449;SS;AS1-AS2-20180118200508
2018-01-18 20:06:47.550;SP;AS1-AS2-20180118200623
2018-01-18 20:06:48.048;SS;AS1-AS2-20180118200629
2018-01-18 20:06:48.140;RC;AS1-AS2-20180118200623
2018-01-18 20:06:48.178;RU;AS1-AS2-20180118200505
2018-01-18 20:06:48.189;RU;AS1-AS2-20180118200508
2018-01-18 20:06:49.040;SP;AS1-AS2-20180118200527
2018-01-18 20:06:49.603;RC;AS1-AS2-20180118200527
2018-01-18 20:06:49.859;SS;AS1-AS2-20180118200623
2018-01-18 20:06:50.122;RU;AS1-AS2-20180118200629
2018-01-18 20:06:50.815;SP;AS1-AS2-20180118200408
2018-01-18 20:06:51.287;SS;AS1-AS2-20180118200527
2018-01-18 20:06:51.379;RC;AS1-AS2-20180118200408
2018-01-18 20:06:52.344;SP;AS1-AS2-20180118200409
2018-01-18 20:06:52.927;RC;AS1-AS2-20180118200409
2018-01-18 20:06:53.115;SS;AS1-AS2-20180118200408
2018-01-18 20:06:53.122;RU;AS1-AS2-20180118200527
2018-01-18 20:06:53.122;RU;AS1-AS2-20180118200623
2018-01-18 20:06:54.095;SP;AS1-AS2-20180118200403
2018-01-18 20:06:54.581;SS;AS1-AS2-20180118200409
2018-01-18 20:06:54.661;RC;AS1-AS2-20180118200403
2018-01-18 20:06:55.600;SP;AS1-AS2-20180118200400
2018-01-18 20:06:56.200;RC;AS1-AS2-20180118200400
2018-01-18 20:06:56.302;SS;AS1-AS2-20180118200403
2018-01-18 20:06:56.375;RU;AS1-AS2-20180118200408
2018-01-18 20:06:56.393;RU;AS1-AS2-20180118200409
2018-01-18 20:06:57.263;SP;AS1-AS2-20180118200401
2018-01-18 20:06:57.807;SS;AS1-AS2-20180118200400
2018-01-18 20:06:57.825;RC;AS1-AS2-20180118200401
2018-01-18 20:06:58.815;SP;AS1-AS2-20180118200406
2018-01-18 20:06:59.399;RC;AS1-AS2-20180118200406
2018-01-18 20:06:59.514;SS;AS1-AS2-20180118200401
2018-01-18 20:06:59.590;RU;AS1-AS2-20180118200400
2018-01-18 20:06:59.591;RU;AS1-AS2-20180118200403
2018-01-18 20:07:00.507;SP;AS1-AS2-20180118200405
2018-01-18 20:07:01.091;SS;AS1-AS2-20180118200406
2018-01-18 20:07:01.098;RC;AS1-AS2-20180118200405
2018-01-18 20:07:02.104;SP;AS1-AS2-20180118200616
2018-01-18 20:07:02.716;RC;AS1-AS2-20180118200616
2018-01-18 20:07:02.761;SS;AS1-AS2-20180118200405
2018-01-18 20:07:02.787;RU;AS1-AS2-20180118200406
2018-01-18 20:07:02.821;RU;AS1-AS2-20180118200401
2018-01-18 20:07:03.793;SP;AS1-AS2-20180118200550
2018-01-18 20:07:04.308;SS;AS1-AS2-20180118200616
2018-01-18 20:07:04.373;RC;AS1-AS2-20180118200550
2018-01-18 20:07:05.283;SP;AS1-AS2-20180118200551
2018-01-18 20:07:05.897;RC;AS1-AS2-20180118200551
2018-01-18 20:07:06.025;SS;AS1-AS2-20180118200550
2018-01-18 20:07:06.033;RU;AS1-AS2-20180118200405
2018-01-18 20:07:06.041;RU;AS1-AS2-20180118200616
2018-01-18 20:07:07.008;SP;AS1-AS2-20180118200553
2018-01-18 20:07:07.564;RC;AS1-AS2-20180118200553
2018-01-18 20:07:07.575;SS;AS1-AS2-20180118200551
2018-01-18 20:07:08.617;SP;AS1-AS2-20180118200555
2018-01-18 20:07:09.205;SS;AS1-AS2-20180118200553
2018-01-18 20:07:09.232;RC;AS1-AS2-20180118200555
2018-01-18 20:07:09.271;RU;AS1-AS2-20180118200550
2018-01-18 20:07:09.277;RU;AS1-AS2-20180118200551
2018-01-18 20:07:10.254;SP;AS1-AS2-20180118200556
2018-01-18 20:07:10.804;SS;AS1-AS2-20180118200555
2018-01-18 20:07:10.828;RC;AS1-AS2-20180118200556
2018-01-18 20:07:11.898;SP;AS1-AS2-20180118200558
2018-01-18 20:07:12.428;RU;AS1-AS2-20180118200555
2018-01-18 20:07:12.429;RU;AS1-AS2-20180118200553
2018-01-18 20:07:12.460;SS;AS1-AS2-20180118200556
2018-01-18 20:07:12.511;RC;AS1-AS2-20180118200558
2018-01-18 20:07:13.424;SP;AS1-AS2-20180118200559
2018-01-18 20:07:14.010;RC;AS1-AS2-20180118200559
2018-01-18 20:07:14.127;SS;AS1-AS2-20180118200558
2018-01-18 20:07:15.182;SP;AS1-AS2-20180118200412
2018-01-18 20:07:15.700;SS;AS1-AS2-20180118200559
2018-01-18 20:07:15.709;RU;AS1-AS2-20180118200556
2018-01-18 20:07:15.728;RU;AS1-AS2-20180118200558
2018-01-18 20:07:15.794;RC;AS1-AS2-20180118200412
2018-01-18 20:07:16.663;SP;AS1-AS2-20180118200415
2018-01-18 20:07:17.241;RC;AS1-AS2-20180118200415
2018-01-18 20:07:17.468;SS;AS1-AS2-20180118200412
2018-01-18 20:07:18.405;SP;AS1-AS2-20180118200414
2018-01-18 20:07:18.862;RU;AS1-AS2-20180118200412
2018-01-18 20:07:18.863;RU;AS1-AS2-20180118200559
2018-01-18 20:07:18.980;SS;AS1-AS2-20180118200415
2018-01-18 20:07:19.024;RC;AS1-AS2-20180118200414
2018-01-18 20:07:19.947;SP;AS1-AS2-20180118200417
2018-01-18 20:07:20.510;RC;AS1-AS2-20180118200417
2018-01-18 20:07:20.624;SS;AS1-AS2-20180118200414
2018-01-18 20:07:21.675;SP;AS1-AS2-20180118200425
2018-01-18 20:07:22.046;RU;AS1-AS2-20180118200415
2018-01-18 20:07:22.080;RU;AS1-AS2-20180118200414
2018-01-18 20:07:22.217;SS;AS1-AS2-20180118200417
2018-01-18 20:07:22.277;RC;AS1-AS2-20180118200425
2018-01-18 20:07:23.260;SP;AS1-AS2-20180118200426
2018-01-18 20:07:23.834;RC;AS1-AS2-20180118200426
2018-01-18 20:07:23.898;SS;AS1-AS2-20180118200425
2018-01-18 20:07:24.947;SP;AS1-AS2-20180118200420
2018-01-18 20:07:25.243;RU;AS1-AS2-20180118200417
2018-01-18 20:07:25.244;RU;AS1-AS2-20180118200425
2018-01-18 20:07:25.531;SS;AS1-AS2-20180118200426
2018-01-18 20:07:25.555;RC;AS1-AS2-20180118200420
2018-01-18 20:07:26.487;SP;AS1-AS2-20180118200422
2018-01-18 20:07:27.057;RC;AS1-AS2-20180118200422
2018-01-18 20:07:27.147;SS;AS1-AS2-20180118200420
2018-01-18 20:07:28.144;SP;AS1-AS2-20180118200423
2018-01-18 20:07:28.414;RU;AS1-AS2-20180118200426
2018-01-18 20:07:28.424;RU;AS1-AS2-20180118200420
2018-01-18 20:07:28.737;RC;AS1-AS2-20180118200423
2018-01-18 20:07:28.773;SS;AS1-AS2-20180118200422
2018-01-18 20:07:29.732;SP;AS1-AS2-20180118200626
2018-01-18 20:07:30.305;RC;AS1-AS2-20180118200626
2018-01-18 20:07:30.351;SS;AS1-AS2-20180118200423
2018-01-18 20:07:31.368;SP;AS1-AS2-20180118200627
2018-01-18 20:07:31.556;RU;AS1-AS2-20180118200422
2018-01-18 20:07:31.941;RC;AS1-AS2-20180118200627
2018-01-18 20:07:31.993;SS;AS1-AS2-20180118200626
2018-01-18 20:07:33.064;SP;AS1-AS2-20180118200624
2018-01-18 20:07:33.569;RU;AS1-AS2-20180118200423
2018-01-18 20:07:33.583;RU;AS1-AS2-20180118200626
2018-01-18 20:07:33.603;SS;AS1-AS2-20180118200627
2018-01-18 20:07:33.662;RC;AS1-AS2-20180118200624
2018-01-18 20:07:34.599;SP;AS1-AS2-20180118200428
2018-01-18 20:07:35.162;RC;AS1-AS2-20180118200428
2018-01-18 20:07:35.290;SS;AS1-AS2-20180118200624
2018-01-18 20:07:36.280;SP;AS1-AS2-20180118200429
2018-01-18 20:07:36.447;RU;AS1-AS2-20180118200627
2018-01-18 20:07:36.861;RC;AS1-AS2-20180118200429
2018-01-18 20:07:36.871;SS;AS1-AS2-20180118200428
2018-01-18 20:07:37.959;SP;AS1-AS2-20180118200621
2018-01-18 20:07:38.500;SS;AS1-AS2-20180118200429
2018-01-18 20:07:38.537;RU;AS1-AS2-20180118200428
2018-01-18 20:07:38.539;RU;AS1-AS2-20180118200624
2018-01-18 20:07:39.059;SP;AS1-AS2-20180118200548
2018-01-18 20:07:39.642;RC;AS1-AS2-20180118200548
2018-01-18 20:07:40.028;SP;AS1-AS2-20180118200547
2018-01-18 20:07:40.592;RC;AS1-AS2-20180118200547
2018-01-18 20:07:41.072;RU;AS1-AS2-20180118200429
2018-01-18 20:07:41.557;SS;AS1-AS2-20180118200548
2018-01-18 20:07:41.984;SP;AS1-AS2-20180118200545
2018-01-18 20:07:42.546;RC;AS1-AS2-20180118200545
2018-01-18 20:07:42.546;SS;AS1-AS2-20180118200547
2018-01-18 20:07:43.580;SP;AS1-AS2-20180118200544
2018-01-18 20:07:44.196;RC;AS1-AS2-20180118200544
2018-01-18 20:07:44.201;SS;AS1-AS2-20180118200545
2018-01-18 20:07:44.364;RU;AS1-AS2-20180118200547
2018-01-18 20:07:44.364;RU;AS1-AS2-20180118200548
2018-01-18 20:07:45.259;SP;AS1-AS2-20180118200542
2018-01-18 20:07:45.796;SS;AS1-AS2-20180118200544
2018-01-18 20:07:45.834;RC;AS1-AS2-20180118200542
2018-01-18 20:07:46.843;SP;AS1-AS2-20180118200541
2018-01-18 20:07:47.448;RC;AS1-AS2-20180118200541
2018-01-18 20:07:47.484;SS;AS1-AS2-20180118200542
2018-01-18 20:07:47.487;RU;AS1-AS2-20180118200544
2018-01-18 20:07:47.495;RU;AS1-AS2-20180118200545
2018-01-18 20:07:48.499;SP;AS1-AS2-20180118200432
2018-01-18 20:07:49.060;SS;AS1-AS2-20180118200541
2018-01-18 20:07:49.074;RC;AS1-AS2-20180118200432
2018-01-18 20:07:50.078;SP;AS1-AS2-20180118200431
2018-01-18 20:07:50.678;RC;AS1-AS2-20180118200431
2018-01-18 20:07:50.747;SS;AS1-AS2-20180118200432
2018-01-18 20:07:50.757;RU;AS1-AS2-20180118200542
2018-01-18 20:07:50.783;RU;AS1-AS2-20180118200541
2018-01-18 20:07:51.768;SP;AS1-AS2-20180118200437
2018-01-18 20:07:52.324;SS;AS1-AS2-20180118200431
2018-01-18 20:07:52.336;RC;AS1-AS2-20180118200437
2018-01-18 20:07:53.422;SP;AS1-AS2-20180118200436
2018-01-18 20:07:53.968;RU;AS1-AS2-20180118200432
2018-01-18 20:07:53.983;RU;AS1-AS2-20180118200431
2018-01-18 20:07:53.992;SS;AS1-AS2-20180118200437
2018-01-18 20:07:54.050;RC;AS1-AS2-20180118200436
2018-01-18 20:07:54.947;SP;AS1-AS2-20180118200434
2018-01-18 20:07:55.513;RC;AS1-AS2-20180118200434
2018-01-18 20:07:55.711;SS;AS1-AS2-20180118200436
2018-01-18 20:07:56.707;SP;AS1-AS2-20180118200439
2018-01-18 20:07:57.204;RU;AS1-AS2-20180118200437
2018-01-18 20:07:57.215;RU;AS1-AS2-20180118200436
2018-01-18 20:07:57.224;SS;AS1-AS2-20180118200434
2018-01-18 20:07:57.301;RC;AS1-AS2-20180118200439
2018-01-18 20:07:58.196;SP;AS1-AS2-20180118200630
2018-01-18 20:07:58.762;RC;AS1-AS2-20180118200630
2018-01-18 20:07:58.979;SS;AS1-AS2-20180118200439
2018-01-18 20:07:59.916;SP;AS1-AS2-20180118200633
2018-01-18 20:08:00.443;RU;AS1-AS2-20180118200439
2018-01-18 20:08:00.448;RU;AS1-AS2-20180118200434
2018-01-18 20:08:00.487;SS;AS1-AS2-20180118200630
2018-01-18 20:08:00.528;RC;AS1-AS2-20180118200633
2018-01-18 20:08:01.472;SP;AS1-AS2-20180118200632
2018-01-18 20:08:02.049;RC;AS1-AS2-20180118200632
2018-01-18 20:08:02.157;SS;AS1-AS2-20180118200633
2018-01-18 20:08:03.176;SP;AS1-AS2-20180118200538
2018-01-18 20:08:03.623;RU;AS1-AS2-20180118200633
2018-01-18 20:08:03.623;RU;AS1-AS2-20180118200630
2018-01-18 20:08:03.744;SS;AS1-AS2-20180118200632
2018-01-18 20:08:03.770;RC;AS1-AS2-20180118200538
2018-01-18 20:08:04.726;SP;AS1-AS2-20180118200539
2018-01-18 20:08:05.314;RC;AS1-AS2-20180118200539
2018-01-18 20:08:05.400;SS;AS1-AS2-20180118200538
2018-01-18 20:08:06.408;SP;AS1-AS2-20180118200533
2018-01-18 20:08:06.817;RU;AS1-AS2-20180118200538
2018-01-18 20:08:06.819;RU;AS1-AS2-20180118200632
2018-01-18 20:08:07.007;RC;AS1-AS2-20180118200533
2018-01-18 20:08:07.076;SS;AS1-AS2-20180118200539
2018-01-18 20:08:08.047;SP;AS1-AS2-20180118200530
2018-01-18 20:08:08.615;RC;AS1-AS2-20180118200530
2018-01-18 20:08:08.680;SS;AS1-AS2-20180118200533
2018-01-18 20:08:09.728;SP;AS1-AS2-20180118200531
2018-01-18 20:08:10.036;RU;AS1-AS2-20180118200533
2018-01-18 20:08:10.194;RU;AS1-AS2-20180118200539
2018-01-18 20:08:10.321;SS;AS1-AS2-20180118200530
2018-01-18 20:08:10.325;RC;AS1-AS2-20180118200531
2018-01-18 20:08:11.336;SP;AS1-AS2-20180118200536
2018-01-18 20:08:11.900;RC;AS1-AS2-20180118200536
2018-01-18 20:08:11.959;SS;AS1-AS2-20180118200531
2018-01-18 20:08:13.060;SP;AS1-AS2-20180118200534
2018-01-18 20:08:13.261;RU;AS1-AS2-20180118200531
2018-01-18 20:08:13.265;RU;AS1-AS2-20180118200530
2018-01-18 20:08:13.595;SS;AS1-AS2-20180118200536
2018-01-18 20:08:13.659;RC;AS1-AS2-20180118200534
2018-01-18 20:08:14.652;SP;AS1-AS2-20180118200609
2018-01-18 20:08:15.219;RC;AS1-AS2-20180118200609
2018-01-18 20:08:15.276;SS;AS1-AS2-20180118200534
2018-01-18 20:08:16.335;SP;AS1-AS2-20180118200601
2018-01-18 20:08:16.408;RU;AS1-AS2-20180118200536
2018-01-18 20:08:16.895;SS;AS1-AS2-20180118200609
2018-01-18 20:08:16.904;RC;AS1-AS2-20180118200601
2018-01-18 20:08:17.994;SP;AS1-AS2-20180118200602
2018-01-18 20:08:18.500;RU;AS1-AS2-20180118200609
2018-01-18 20:08:18.507;RU;AS1-AS2-20180118200534
2018-01-18 20:08:18.545;SS;AS1-AS2-20180118200601
2018-01-18 20:08:18.581;RC;AS1-AS2-20180118200602
2018-01-18 20:08:19.552;SP;AS1-AS2-20180118200604
2018-01-18 20:08:20.122;RC;AS1-AS2-20180118200604
2018-01-18 20:08:20.192;SS;AS1-AS2-20180118200602
2018-01-18 20:08:21.257;SP;AS1-AS2-20180118200605
2018-01-18 20:08:21.401;RU;AS1-AS2-20180118200601
2018-01-18 20:08:21.834;RC;AS1-AS2-20180118200605
2018-01-18 20:08:21.854;SS;AS1-AS2-20180118200604
2018-01-18 20:08:22.921;SP;AS1-AS2-20180118200607
2018-01-18 20:08:23.440;RU;AS1-AS2-20180118200604
2018-01-18 20:08:23.455;RU;AS1-AS2-20180118200602
2018-01-18 20:08:23.488;SS;AS1-AS2-20180118200605
2018-01-18 20:08:23.527;RC;AS1-AS2-20180118200607
2018-01-18 20:08:24.450;SP;AS1-AS2-20180118200419
2018-01-18 20:08:25.026;RC;AS1-AS2-20180118200419
2018-01-18 20:08:25.101;SS;AS1-AS2-20180118200607
2018-01-18 20:08:26.030;RU;AS1-AS2-20180118200605
2018-01-18 20:08:26.096;SP;AS1-AS2-20180118200446
2018-01-18 20:08:26.666;RC;AS1-AS2-20180118200446
2018-01-18 20:08:26.679;SS;AS1-AS2-20180118200419
2018-01-18 20:08:27.656;SP;AS1-AS2-20180118200528
2018-01-18 20:08:28.253;RC;AS1-AS2-20180118200528
2018-01-18 20:08:28.307;SS;AS1-AS2-20180118200446
2018-01-18 20:08:28.375;RU;AS1-AS2-20180118200419
2018-01-18 20:08:28.377;RU;AS1-AS2-20180118200607
2018-01-18 20:08:29.339;SP;AS1-AS2-20180118200445
2018-01-18 20:08:29.889;SS;AS1-AS2-20180118200528
2018-01-18 20:08:29.905;RC;AS1-AS2-20180118200445
2018-01-18 20:08:30.809;RU;AS1-AS2-20180118200446
2018-01-18 20:08:30.967;SP;AS1-AS2-20180118200442
2018-01-18 20:08:31.534;RC;AS1-AS2-20180118200442
2018-01-18 20:08:31.619;SS;AS1-AS2-20180118200445
2018-01-18 20:08:32.633;SP;AS1-AS2-20180118200443
2018-01-18 20:08:33.140;RU;AS1-AS2-20180118200445
2018-01-18 20:08:33.140;RU;AS1-AS2-20180118200528
2018-01-18 20:08:33.180;SS;AS1-AS2-20180118200442
2018-01-18 20:08:33.228;RC;AS1-AS2-20180118200443
2018-01-18 20:08:34.156;SP;AS1-AS2-20180118200440
2018-01-18 20:08:34.715;RC;AS1-AS2-20180118200440
2018-01-18 20:08:34.834;SS;AS1-AS2-20180118200443
2018-01-18 20:08:35.722;RU;AS1-AS2-20180118200442
2018-01-18 20:08:35.832;SP;AS1-AS2-20180118200521
2018-01-18 20:08:36.390;SS;AS1-AS2-20180118200440
2018-01-18 20:08:36.394;RC;AS1-AS2-20180118200521
2018-01-18 20:08:37.411;SP;AS1-AS2-20180118200522
2018-01-18 20:08:38.000;RC;AS1-AS2-20180118200522
2018-01-18 20:08:38.021;SS;AS1-AS2-20180118200521
2018-01-18 20:08:38.076;RU;AS1-AS2-20180118200440
2018-01-18 20:08:38.076;RU;AS1-AS2-20180118200443
2018-01-18 20:08:39.080;SP;AS1-AS2-20180118200525
2018-01-18 20:08:39.600;SS;AS1-AS2-20180118200522
2018-01-18 20:08:39.644;RC;AS1-AS2-20180118200525
2018-01-18 20:08:40.619;RU;AS1-AS2-20180118200521
2018-01-18 20:08:40.692;SP;AS1-AS2-20180118200524
2018-01-18 20:08:41.259;RC;AS1-AS2-20180118200524
2018-01-18 20:08:41.275;SS;AS1-AS2-20180118200525
2018-01-18 20:08:42.362;SP;AS1-AS2-20180118200448
2018-01-18 20:08:42.834;RU;AS1-AS2-20180118200525
2018-01-18 20:08:42.841;RU;AS1-AS2-20180118200522
2018-01-18 20:08:42.895;SS;AS1-AS2-20180118200524
2018-01-18 20:08:42.960;RC;AS1-AS2-20180118200448
2018-01-18 20:08:43.924;SP;AS1-AS2-20180118200449
2018-01-18 20:08:44.496;RC;AS1-AS2-20180118200449
2018-01-18 20:08:44.547;SS;AS1-AS2-20180118200448
2018-01-18 20:08:45.355;RU;AS1-AS2-20180118200524
2018-01-18 20:08:45.619;SP;AS1-AS2-20180118200514
2018-01-18 20:08:46.155;SS;AS1-AS2-20180118200449
2018-01-18 20:08:46.181;RC;AS1-AS2-20180118200514
2018-01-18 20:08:47.297;SP;AS1-AS2-20180118200516
2018-01-18 20:08:47.774;RU;AS1-AS2-20180118200449
2018-01-18 20:08:47.785;RU;AS1-AS2-20180118200448
2018-01-18 20:08:47.832;SS;AS1-AS2-20180118200514
2018-01-18 20:08:47.891;RC;AS1-AS2-20180118200516
2018-01-18 20:08:48.844;SP;AS1-AS2-20180118200517
2018-01-18 20:08:49.402;RC;AS1-AS2-20180118200517
2018-01-18 20:08:49.627;SS;AS1-AS2-20180118200516
2018-01-18 20:08:50.103;RU;AS1-AS2-20180118200514
2018-01-18 20:08:50.563;SP;AS1-AS2-20180118200510
2018-01-18 20:08:51.121;RC;AS1-AS2-20180118200510
2018-01-18 20:08:51.164;SS;AS1-AS2-20180118200517
2018-01-18 20:08:52.174;SP;AS1-AS2-20180118200511
2018-01-18 20:08:52.746;RC;AS1-AS2-20180118200511
2018-01-18 20:08:52.774;SS;AS1-AS2-20180118200510
2018-01-18 20:08:52.891;RU;AS1-AS2-20180118200517
2018-01-18 20:08:52.902;RU;AS1-AS2-20180118200516
2018-01-18 20:08:53.875;SP;AS1-AS2-20180118200513
2018-01-18 20:08:54.435;RC;AS1-AS2-20180118200513
2018-01-18 20:08:54.436;SS;AS1-AS2-20180118200511
2018-01-18 20:08:54.929;RU;AS1-AS2-20180118200510
2018-01-18 20:08:55.536;SP;AS1-AS2-20180118200519
2018-01-18 20:08:56.012;SS;AS1-AS2-20180118200513
2018-01-18 20:08:56.098;RC;AS1-AS2-20180118200519
2018-01-18 20:08:57.007;SP;AS1-AS2-20180118200411
2018-01-18 20:08:57.602;RC;AS1-AS2-20180118200411
2018-01-18 20:08:57.752;RU;AS1-AS2-20180118200511
2018-01-18 20:08:57.759;RU;AS1-AS2-20180118200513
2018-01-18 20:08:57.779;SS;AS1-AS2-20180118200519
2018-01-18 20:08:58.708;SP;AS1-AS2-20180118200615
2018-01-18 20:08:59.231;SS;AS1-AS2-20180118200411
2018-01-18 20:08:59.266;RC;AS1-AS2-20180118200615
2018-01-18 20:08:59.919;RU;AS1-AS2-20180118200519
2018-01-18 20:09:00.347;SP;AS1-AS2-20180118200613
2018-01-18 20:09:00.888;SS;AS1-AS2-20180118200615
2018-01-18 20:09:00.906;RC;AS1-AS2-20180118200613
2018-01-18 20:09:01.991;SP;AS1-AS2-20180118200612
2018-01-18 20:09:02.494;RU;AS1-AS2-20180118200411
2018-01-18 20:09:02.498;RU;AS1-AS2-20180118200615
2018-01-18 20:09:02.586;RC;AS1-AS2-20180118200612
2018-01-18 20:09:02.621;SS;AS1-AS2-20180118200613
2018-01-18 20:09:03.600;SP;AS1-AS2-20180118200610
2018-01-18 20:09:04.177;RC;AS1-AS2-20180118200610
2018-01-18 20:09:04.254;SS;AS1-AS2-20180118200612
2018-01-18 20:09:04.759;RU;AS1-AS2-20180118200613
2018-01-18 20:09:05.282;SP;AS1-AS2-20180118200619
2018-01-18 20:09:05.847;RC;AS1-AS2-20180118200619
2018-01-18 20:09:05.848;SS;AS1-AS2-20180118200610
2018-01-18 20:09:07.019;SP;AS1-AS2-20180118200618
2018-01-18 20:09:07.480;SS;AS1-AS2-20180118200619
2018-01-18 20:09:07.500;RU;AS1-AS2-20180118200612
2018-01-18 20:09:07.512;RU;AS1-AS2-20180118200610
2018-01-18 20:09:07.612;RC;AS1-AS2-20180118200618
2018-01-18 20:09:08.446;SP;AS1-AS2-20180118200454
2018-01-18 20:09:09.011;RC;AS1-AS2-20180118200454
2018-01-18 20:09:09.415;SS;AS1-AS2-20180118200618
2018-01-18 20:09:09.566;RU;AS1-AS2-20180118200619
2018-01-18 20:09:10.251;SP;AS1-AS2-20180118200457
2018-01-18 20:09:10.770;SS;AS1-AS2-20180118200454
2018-01-18 20:09:10.811;RC;AS1-AS2-20180118200457
2018-01-18 20:09:11.828;SP;AS1-AS2-20180118200456
2018-01-18 20:09:12.410;RC;AS1-AS2-20180118200456
2018-01-18 20:09:12.574;SS;AS1-AS2-20180118200457
2018-01-18 20:09:12.660;RU;AS1-AS2-20180118200454
2018-01-18 20:09:12.678;RU;AS1-AS2-20180118200618
2018-01-18 20:09:13.590;SP;AS1-AS2-20180118200451
2018-01-18 20:09:14.068;SS;AS1-AS2-20180118200456
2018-01-18 20:09:14.169;RC;AS1-AS2-20180118200451
2018-01-18 20:09:15.052;SP;AS1-AS2-20180118200452
2018-01-18 20:09:15.644;RC;AS1-AS2-20180118200452
2018-01-18 20:09:15.843;RU;AS1-AS2-20180118200456
2018-01-18 20:09:15.878;SS;AS1-AS2-20180118200451
2018-01-18 20:09:15.883;RU;AS1-AS2-20180118200457
2018-01-18 20:09:16.828;SP;AS1-AS2-20180118200459
2018-01-18 20:09:17.120;SS;AS1-AS2-20180118200452
2018-01-18 20:09:17.405;RC;AS1-AS2-20180118200459
2018-01-18 20:09:18.193;SS;AS1-AS2-20180118200459
2018-01-18 20:09:19.126;RU;AS1-AS2-20180118200451
2018-01-18 20:09:19.139;RU;AS1-AS2-20180118200452
2018-01-18 20:09:21.441;RU;AS1-AS2-20180118200459
