2018-01-18 20:01:18.725;RQ;AS1-AS2-20180118200118
2018-01-18 20:01:20.256;RQ;AS1-AS2-20180118200120
2018-01-18 20:01:20.400;SO;AS1-AS2-20180118200118
2018-01-18 20:01:21.935;SO;AS1-AS2-20180118200120
2018-01-18 20:01:23.022;RP;AS1-AS2-20180118200118
2018-01-18 20:01:23.580;SC;AS1-AS2-20180118200118
2018-01-18 20:01:23.972;RP;AS1-AS2-20180118200120
2018-01-18 20:01:24.529;SC;AS1-AS2-20180118200120
2018-01-18 20:01:24.608;RS;AS1-AS2-20180118200118
2018-01-18 20:01:25.374;RS;AS1-AS2-20180118200120
2018-01-18 20:01:27.813;SU;AS1-AS2-20180118200120
2018-01-18 20:01:27.813;SU;AS1-AS2-20180118200118
2018-01-18 20:01:46.088;RQ;AS1-AS2-20180118200146
2018-01-18 20:01:47.519;RQ;AS3-AS2-20180118200147
2018-01-18 20:01:47.662;RQ;AS1-AS2-20180118200147
2018-01-18 20:01:47.781;SO;AS1-AS2-20180118200146
2018-01-18 20:01:49.047;RQ;AS3-AS2-20180118200149
2018-01-18 20:01:49.257;RQ;AS1-AS2-20180118200149
2018-01-18 20:01:49.258;SO;AS3-AS2-20180118200147
2018-01-18 20:01:49.410;SO;AS1-AS2-20180118200147
2018-01-18 20:01:50.579;RQ;AS3-AS2-20180118200150
2018-01-18 20:01:50.791;SO;AS3-AS2-20180118200149
2018-01-18 20:01:50.803;RQ;AS1-AS2-20180118200150
2018-01-18 20:01:51.003;SO;AS1-AS2-20180118200149
2018-01-18 20:01:52.118;RQ;AS3-AS2-20180118200152
2018-01-18 20:01:52.301;SO;AS3-AS2-20180118200150
2018-01-18 20:01:52.404;RQ;AS1-AS2-20180118200152
2018-01-18 20:01:52.542;SO;AS1-AS2-20180118200150
2018-01-18 20:01:53.638;RQ;AS3-AS2-20180118200153
2018-01-18 20:01:53.821;SO;AS3-AS2-20180118200152
2018-01-18 20:01:53.956;RQ;AS1-AS2-20180118200153
2018-01-18 20:01:54.103;SO;AS1-AS2-20180118200152
2018-01-18 20:01:55.160;RQ;AS3-AS2-20180118200155
2018-01-18 20:01:55.331;SO;AS3-AS2-20180118200153
2018-01-18 20:01:55.514;RQ;AS1-AS2-20180118200155
2018-01-18 20:01:55.654;SO;AS1-AS2-20180118200153
2018-01-18 20:01:56.696;RQ;AS3-AS2-20180118200156
2018-01-18 20:01:56.868;SO;AS3-AS2-20180118200155
2018-01-18 20:01:57.093;RQ;AS1-AS2-20180118200157
2018-01-18 20:01:57.222;SO;AS1-AS2-20180118200155
2018-01-18 20:01:58.246;RQ;AS3-AS2-20180118200158
2018-01-18 20:01:58.408;SO;AS3-AS2-20180118200156
2018-01-18 20:01:58.669;RQ;AS1-AS2-20180118200158
2018-01-18 20:01:58.799;SO;AS1-AS2-20180118200157
2018-01-18 20:01:59.770;RQ;AS3-AS2-20180118200159
2018-01-18 20:01:59.934;SO;AS3-AS2-20180118200158
2018-01-18 20:02:00.268;RQ;AS1-AS2-20180118200200
2018-01-18 20:02:00.389;SO;AS1-AS2-20180118200158
2018-01-18 20:02:01.311;RQ;AS3-AS2-20180118200201
2018-01-18 20:02:01.481;SO;AS3-AS2-20180118200159
2018-01-18 20:02:01.962;SO;AS1-AS2-20180118200200
2018-01-18 20:02:02.995;SO;AS3-AS2-20180118200201
2018-01-18 20:02:03.032;RP;AS1-AS2-20180118200200
2018-01-18 20:02:03.588;SC;AS1-AS2-20180118200200
2018-01-18 20:02:03.966;RP;AS1-AS2-20180118200149
2018-01-18 20:02:04.081;RP;AS3-AS2-20180118200201
2018-01-18 20:02:04.559;SC;AS1-AS2-20180118200149
2018-01-18 20:02:04.656;SC;AS3-AS2-20180118200201
2018-01-18 20:02:05.028;RP;AS3-AS2-20180118200156
2018-01-18 20:02:05.432;RS;AS1-AS2-20180118200200
2018-01-18 20:02:05.595;SC;AS3-AS2-20180118200156
2018-01-18 20:02:05.883;RP;AS1-AS2-20180118200158
2018-01-18 20:02:06.420;RS;AS3-AS2-20180118200201
2018-01-18 20:02:06.440;SC;AS1-AS2-20180118200158
2018-01-18 20:02:06.484;RS;AS1-AS2-20180118200149
2018-01-18 20:02:06.883;RP;AS3-AS2-20180118200147
2018-01-18 20:02:07.449;SC;AS3-AS2-20180118200147
2018-01-18 20:02:07.467;RS;AS3-AS2-20180118200156
2018-01-18 20:02:07.484;RP;AS1-AS2-20180118200147
2018-01-18 20:02:08.054;SC;AS1-AS2-20180118200147
2018-01-18 20:02:08.180;RS;AS1-AS2-20180118200158
2018-01-18 20:02:08.552;RP;AS3-AS2-20180118200155
2018-01-18 20:02:08.647;SU;AS1-AS2-20180118200149
2018-01-18 20:02:08.648;SU;AS3-AS2-20180118200201
2018-01-18 20:02:08.651;SU;AS1-AS2-20180118200200
2018-01-18 20:02:09.116;SC;AS3-AS2-20180118200155
2018-01-18 20:02:09.141;RS;AS3-AS2-20180118200147
2018-01-18 20:02:09.211;RP;AS1-AS2-20180118200157
2018-01-18 20:02:09.767;RS;AS1-AS2-20180118200147
2018-01-18 20:02:09.776;SC;AS1-AS2-20180118200157
2018-01-18 20:02:10.248;RP;AS3-AS2-20180118200152
2018-01-18 20:02:10.685;SU;AS3-AS2-20180118200147
2018-01-18 20:02:10.694;SU;AS3-AS2-20180118200156
2018-01-18 20:02:10.706;SU;AS1-AS2-20180118200158
2018-01-18 20:02:10.768;RS;AS3-AS2-20180118200155
2018-01-18 20:02:10.836;SC;AS3-AS2-20180118200152
2018-01-18 20:02:10.837;RP;AS1-AS2-20180118200150
2018-01-18 20:02:11.413;SC;AS1-AS2-20180118200150
2018-01-18 20:02:11.433;RS;AS1-AS2-20180118200157
2018-01-18 20:02:11.791;RP;AS3-AS2-20180118200153
2018-01-18 20:02:12.359;SC;AS3-AS2-20180118200153
2018-01-18 20:02:12.491;RP;AS1-AS2-20180118200146
2018-01-18 20:02:12.531;RS;AS3-AS2-20180118200152
2018-01-18 20:02:12.996;SU;AS1-AS2-20180118200147
2018-01-18 20:02:12.996;SU;AS1-AS2-20180118200157
2018-01-18 20:02:12.997;SU;AS3-AS2-20180118200155
2018-01-18 20:02:13.045;RS;AS1-AS2-20180118200150
2018-01-18 20:02:13.078;SC;AS1-AS2-20180118200146
2018-01-18 20:02:13.455;RP;AS3-AS2-20180118200150
2018-01-18 20:02:14.016;SC;AS3-AS2-20180118200150
2018-01-18 20:02:14.039;RP;AS1-AS2-20180118200152
2018-01-18 20:02:14.041;RS;AS3-AS2-20180118200153
2018-01-18 20:02:14.600;SC;AS1-AS2-20180118200152
2018-01-18 20:02:14.677;RS;AS1-AS2-20180118200146
2018-01-18 20:02:15.016;RP;AS3-AS2-20180118200149
2018-01-18 20:02:15.605;SC;AS3-AS2-20180118200149
2018-01-18 20:02:15.699;RS;AS3-AS2-20180118200150
2018-01-18 20:02:15.705;RP;AS1-AS2-20180118200153
2018-01-18 20:02:15.788;SU;AS3-AS2-20180118200152
2018-01-18 20:02:15.804;SU;AS1-AS2-20180118200150
2018-01-18 20:02:15.820;SU;AS3-AS2-20180118200153
2018-01-18 20:02:16.272;SC;AS1-AS2-20180118200153
2018-01-18 20:02:16.289;RS;AS1-AS2-20180118200152
2018-01-18 20:02:16.719;RP;AS3-AS2-20180118200158
2018-01-18 20:02:17.228;RS;AS3-AS2-20180118200149
2018-01-18 20:02:17.274;SC;AS3-AS2-20180118200158
2018-01-18 20:02:17.340;RP;AS1-AS2-20180118200155
2018-01-18 20:02:17.661;RS;AS1-AS2-20180118200153
2018-01-18 20:02:17.928;SU;AS1-AS2-20180118200146
2018-01-18 20:02:17.937;SU;AS1-AS2-20180118200152
2018-01-18 20:02:17.938;SU;AS3-AS2-20180118200150
2018-01-18 20:02:17.955;SC;AS1-AS2-20180118200155
2018-01-18 20:02:18.283;RP;AS3-AS2-20180118200159
2018-01-18 20:02:18.606;RS;AS3-AS2-20180118200158
2018-01-18 20:02:18.728;RS;AS1-AS2-20180118200155
2018-01-18 20:02:18.842;SC;AS3-AS2-20180118200159
2018-01-18 20:02:19.600;RS;AS3-AS2-20180118200159
2018-01-18 20:02:20.485;SU;AS1-AS2-20180118200153
2018-01-18 20:02:20.488;SU;AS1-AS2-20180118200155
2018-01-18 20:02:20.488;SU;AS3-AS2-20180118200158
2018-01-18 20:02:20.493;SU;AS3-AS2-20180118200149
2018-01-18 20:02:22.809;SU;AS3-AS2-20180118200159
2018-01-18 20:04:00.301;RQ;AS1-AS2-20180118200400
2018-01-18 20:04:01.902;RQ;AS1-AS2-20180118200401
2018-01-18 20:04:01.981;SO;AS1-AS2-20180118200400
2018-01-18 20:04:02.013;RQ;AS3-AS2-20180118200402
2018-01-18 20:04:03.465;RQ;AS1-AS2-20180118200403
2018-01-18 20:04:03.572;RQ;AS3-AS2-20180118200403
2018-01-18 20:04:03.604;SO;AS1-AS2-20180118200401
2018-01-18 20:04:03.706;SO;AS3-AS2-20180118200402
2018-01-18 20:04:05.002;RQ;AS1-AS2-20180118200405
2018-01-18 20:04:05.091;RQ;AS3-AS2-20180118200405
2018-01-18 20:04:05.179;SO;AS1-AS2-20180118200403
2018-01-18 20:04:05.304;SO;AS3-AS2-20180118200403
2018-01-18 20:04:06.596;RQ;AS1-AS2-20180118200406
2018-01-18 20:04:06.643;RQ;AS3-AS2-20180118200406
2018-01-18 20:04:06.697;SO;AS1-AS2-20180118200405
2018-01-18 20:04:06.797;SO;AS3-AS2-20180118200405
2018-01-18 20:04:08.159;RQ;AS1-AS2-20180118200408
2018-01-18 20:04:08.231;RQ;AS3-AS2-20180118200408
2018-01-18 20:04:08.290;SO;AS1-AS2-20180118200406
2018-01-18 20:04:08.361;SO;AS3-AS2-20180118200406
2018-01-18 20:04:09.737;RQ;AS1-AS2-20180118200409
2018-01-18 20:04:09.821;RQ;AS3-AS2-20180118200409
2018-01-18 20:04:09.859;SO;AS1-AS2-20180118200408
2018-01-18 20:04:09.924;SO;AS3-AS2-20180118200408
2018-01-18 20:04:11.264;RQ;AS1-AS2-20180118200411
2018-01-18 20:04:11.394;RQ;AS3-AS2-20180118200411
2018-01-18 20:04:11.446;SO;AS1-AS2-20180118200409
2018-01-18 20:04:11.520;SO;AS3-AS2-20180118200409
2018-01-18 20:04:12.808;RQ;AS1-AS2-20180118200412
2018-01-18 20:04:12.950;RQ;AS3-AS2-20180118200412
2018-01-18 20:04:12.961;SO;AS1-AS2-20180118200411
2018-01-18 20:04:13.102;SO;AS3-AS2-20180118200411
2018-01-18 20:04:14.368;RQ;AS1-AS2-20180118200414
2018-01-18 20:04:14.497;RQ;AS3-AS2-20180118200414
2018-01-18 20:04:14.515;SO;AS1-AS2-20180118200412
2018-01-18 20:04:14.652;SO;AS3-AS2-20180118200412
2018-01-18 20:04:15.914;RQ;AS1-AS2-20180118200415
2018-01-18 20:04:16.036;RQ;AS3-AS2-20180118200416
2018-01-18 20:04:16.070;SO;AS1-AS2-20180118200414
2018-01-18 20:04:16.200;SO;AS3-AS2-20180118200414
2018-01-18 20:04:17.476;RQ;AS1-AS2-20180118200417
2018-01-18 20:04:17.582;RQ;AS3-AS2-20180118200417
2018-01-18 20:04:17.612;SO;AS1-AS2-20180118200415
2018-01-18 20:04:17.727;SO;AS3-AS2-20180118200416
2018-01-18 20:04:19.016;RQ;AS1-AS2-20180118200419
2018-01-18 20:04:19.124;RQ;AS3-AS2-20180118200419
2018-01-18 20:04:19.167;SO;AS1-AS2-20180118200417
2018-01-18 20:04:19.276;SO;AS3-AS2-20180118200417
2018-01-18 20:04:20.595;RQ;AS1-AS2-20180118200420
2018-01-18 20:04:20.654;RQ;AS3-AS2-20180118200420
2018-01-18 20:04:20.713;SO;AS1-AS2-20180118200419
2018-01-18 20:04:20.832;SO;AS3-AS2-20180118200419
2018-01-18 20:04:22.158;RQ;AS1-AS2-20180118200422
2018-01-18 20:04:22.236;RQ;AS3-AS2-20180118200422
2018-01-18 20:04:22.308;SO;AS1-AS2-20180118200420
2018-01-18 20:04:22.358;SO;AS3-AS2-20180118200420
2018-01-18 20:04:23.697;RQ;AS1-AS2-20180118200423
2018-01-18 20:04:23.787;RQ;AS3-AS2-20180118200423
2018-01-18 20:04:23.860;SO;AS1-AS2-20180118200422
2018-01-18 20:04:23.953;SO;AS3-AS2-20180118200422
2018-01-18 20:04:25.224;RQ;AS1-AS2-20180118200425
2018-01-18 20:04:25.355;RQ;AS3-AS2-20180118200425
2018-01-18 20:04:25.400;SO;AS1-AS2-20180118200423
2018-01-18 20:04:25.510;SO;AS3-AS2-20180118200423
2018-01-18 20:04:26.749;RQ;AS1-AS2-20180118200426
2018-01-18 20:04:26.920;RQ;AS3-AS2-20180118200426
2018-01-18 20:04:26.958;SO;AS1-AS2-20180118200425
2018-01-18 20:04:27.071;SO;AS3-AS2-20180118200425
2018-01-18 20:04:28.305;RQ;AS1-AS2-20180118200428
2018-01-18 20:04:28.463;SO;AS1-AS2-20180118200426
2018-01-18 20:04:28.494;RQ;AS3-AS2-20180118200428
2018-01-18 20:04:28.633;SO;AS3-AS2-20180118200426
2018-01-18 20:04:29.877;RQ;AS1-AS2-20180118200429
2018-01-18 20:04:30.008;SO;AS1-AS2-20180118200428
2018-01-18 20:04:30.055;RQ;AS3-AS2-20180118200430
2018-01-18 20:04:30.190;SO;AS3-AS2-20180118200428
2018-01-18 20:04:31.389;RQ;AS1-AS2-20180118200431
2018-01-18 20:04:31.573;SO;AS1-AS2-20180118200429
2018-01-18 20:04:31.617;RQ;AS3-AS2-20180118200431
2018-01-18 20:04:31.772;SO;AS3-AS2-20180118200430
2018-01-18 20:04:32.931;RQ;AS1-AS2-20180118200432
2018-01-18 20:04:33.110;SO;AS1-AS2-20180118200431
2018-01-18 20:04:33.180;RQ;AS3-AS2-20180118200433
2018-01-18 20:04:33.318;SO;AS3-AS2-20180118200431
2018-01-18 20:04:34.501;RQ;AS1-AS2-20180118200434
2018-01-18 20:04:34.665;SO;AS1-AS2-20180118200432
2018-01-18 20:04:34.758;RQ;AS3-AS2-20180118200434
2018-01-18 20:04:34.902;SO;AS3-AS2-20180118200433
2018-01-18 20:04:36.030;RQ;AS1-AS2-20180118200436
2018-01-18 20:04:36.201;SO;AS1-AS2-20180118200434
2018-01-18 20:04:36.317;RQ;AS3-AS2-20180118200436
2018-01-18 20:04:36.456;SO;AS3-AS2-20180118200434
2018-01-18 20:04:37.576;RQ;AS1-AS2-20180118200437
2018-01-18 20:04:37.730;SO;AS1-AS2-20180118200436
2018-01-18 20:04:37.872;RQ;AS3-AS2-20180118200437
2018-01-18 20:04:38.029;SO;AS3-AS2-20180118200436
2018-01-18 20:04:39.113;RQ;AS1-AS2-20180118200439
2018-01-18 20:04:39.287;SO;AS1-AS2-20180118200437
2018-01-18 20:04:39.414;RQ;AS3-AS2-20180118200439
2018-01-18 20:04:39.566;SO;AS3-AS2-20180118200437
2018-01-18 20:04:40.645;RQ;AS1-AS2-20180118200440
2018-01-18 20:04:40.828;SO;AS1-AS2-20180118200439
2018-01-18 20:04:40.960;RQ;AS3-AS2-20180118200440
2018-01-18 20:04:41.123;SO;AS3-AS2-20180118200439
2018-01-18 20:04:42.208;RQ;AS1-AS2-20180118200442
2018-01-18 20:04:42.356;SO;AS1-AS2-20180118200440
2018-01-18 20:04:42.487;RQ;AS3-AS2-20180118200442
2018-01-18 20:04:42.661;SO;AS3-AS2-20180118200440
2018-01-18 20:04:43.743;RQ;AS1-AS2-20180118200443
2018-01-18 20:04:43.899;SO;AS1-AS2-20180118200442
2018-01-18 20:04:44.011;RQ;AS3-AS2-20180118200444
2018-01-18 20:04:44.208;SO;AS3-AS2-20180118200442
2018-01-18 20:04:45.272;RQ;AS1-AS2-20180118200445
2018-01-18 20:04:45.447;SO;AS1-AS2-20180118200443
2018-01-18 20:04:45.561;RQ;AS3-AS2-20180118200445
2018-01-18 20:04:45.713;SO;AS3-AS2-20180118200444
2018-01-18 20:04:46.816;RQ;AS1-AS2-20180118200446
2018-01-18 20:04:46.995;SO;AS1-AS2-20180118200445
2018-01-18 20:04:47.110;RQ;AS3-AS2-20180118200447
2018-01-18 20:04:47.278;SO;AS3-AS2-20180118200445
2018-01-18 20:04:48.351;RQ;AS1-AS2-20180118200448
2018-01-18 20:04:48.506;SO;AS1-AS2-20180118200446
2018-01-18 20:04:48.659;RQ;AS3-AS2-20180118200448
2018-01-18 20:04:48.813;SO;AS3-AS2-20180118200447
2018-01-18 20:04:49.921;RQ;AS1-AS2-20180118200449
2018-01-18 20:04:50.063;SO;AS1-AS2-20180118200448
2018-01-18 20:04:50.209;RQ;AS3-AS2-20180118200450
2018-01-18 20:04:50.350;SO;AS3-AS2-20180118200448
2018-01-18 20:04:51.468;RQ;AS1-AS2-20180118200451
2018-01-18 20:04:51.630;SO;AS1-AS2-20180118200449
2018-01-18 20:04:51.754;RQ;AS3-AS2-20180118200451
2018-01-18 20:04:51.926;SO;AS3-AS2-20180118200450
2018-01-18 20:04:52.999;RQ;AS1-AS2-20180118200452
2018-01-18 20:04:53.173;SO;AS1-AS2-20180118200451
2018-01-18 20:04:53.296;RQ;AS3-AS2-20180118200453
2018-01-18 20:04:53.455;SO;AS3-AS2-20180118200451
2018-01-18 20:04:54.544;RQ;AS1-AS2-20180118200454
2018-01-18 20:04:54.691;SO;AS1-AS2-20180118200452
2018-01-18 20:04:54.851;RQ;AS3-AS2-20180118200454
2018-01-18 20:04:55.001;SO;AS3-AS2-20180118200453
2018-01-18 20:04:56.084;RQ;AS1-AS2-20180118200456
2018-01-18 20:04:56.252;SO;AS1-AS2-20180118200454
2018-01-18 20:04:56.403;RQ;AS3-AS2-20180118200456
2018-01-18 20:04:56.557;SO;AS3-AS2-20180118200454
2018-01-18 20:04:57.633;RQ;AS1-AS2-20180118200457
2018-01-18 20:04:57.789;SO;AS1-AS2-20180118200456
2018-01-18 20:04:57.926;RQ;AS3-AS2-20180118200457
2018-01-18 20:04:58.121;SO;AS3-AS2-20180118200456
2018-01-18 20:04:59.217;RQ;AS1-AS2-20180118200459
2018-01-18 20:04:59.354;SO;AS1-AS2-20180118200457
2018-01-18 20:04:59.478;RQ;AS3-AS2-20180118200459
2018-01-18 20:04:59.632;SO;AS3-AS2-20180118200457
2018-01-18 20:05:00.749;RQ;AS1-AS2-20180118200500
2018-01-18 20:05:00.928;SO;AS1-AS2-20180118200459
2018-01-18 20:05:01.022;RQ;AS3-AS2-20180118200501
2018-01-18 20:05:01.198;SO;AS3-AS2-20180118200459
2018-01-18 20:05:02.301;RQ;AS1-AS2-20180118200502
2018-01-18 20:05:02.471;SO;AS1-AS2-20180118200500
2018-01-18 20:05:02.612;RQ;AS3-AS2-20180118200502
2018-01-18 20:05:02.740;SO;AS3-AS2-20180118200501
2018-01-18 20:05:03.868;RQ;AS1-AS2-20180118200503
2018-01-18 20:05:04.024;SO;AS1-AS2-20180118200502
2018-01-18 20:05:04.153;RQ;AS3-AS2-20180118200504
2018-01-18 20:05:04.315;SO;AS3-AS2-20180118200502
2018-01-18 20:05:05.432;RQ;AS1-AS2-20180118200505
2018-01-18 20:05:05.569;SO;AS1-AS2-20180118200503
2018-01-18 20:05:05.719;RQ;AS3-AS2-20180118200505
2018-01-18 20:05:05.861;SO;AS3-AS2-20180118200504
2018-01-18 20:05:06.992;RQ;AS1-AS2-20180118200506
2018-01-18 20:05:07.131;SO;AS1-AS2-20180118200505
2018-01-18 20:05:07.285;RQ;AS3-AS2-20180118200507
2018-01-18 20:05:07.430;SO;AS3-AS2-20180118200505
2018-01-18 20:05:08.580;RQ;AS1-AS2-20180118200508
2018-01-18 20:05:08.693;SO;AS1-AS2-20180118200506
2018-01-18 20:05:08.852;RQ;AS3-AS2-20180118200508
2018-01-18 20:05:09.002;SO;AS3-AS2-20180118200507
2018-01-18 20:05:10.150;RQ;AS1-AS2-20180118200510
2018-01-18 20:05:10.293;SO;AS1-AS2-20180118200508
2018-01-18 20:05:10.451;RQ;AS3-AS2-20180118200510
2018-01-18 20:05:10.562;SO;AS3-AS2-20180118200508
2018-01-18 20:05:11.708;RQ;AS1-AS2-20180118200511
2018-01-18 20:05:11.893;SO;AS1-AS2-20180118200510
2018-01-18 20:05:11.997;RQ;AS3-AS2-20180118200511
2018-01-18 20:05:12.162;SO;AS3-AS2-20180118200510
2018-01-18 20:05:13.240;RQ;AS1-AS2-20180118200513
2018-01-18 20:05:13.411;SO;AS1-AS2-20180118200511
2018-01-18 20:05:13.580;RQ;AS3-AS2-20180118200513
2018-01-18 20:05:13.715;SO;AS3-AS2-20180118200511
2018-01-18 20:05:14.817;RQ;AS1-AS2-20180118200514
2018-01-18 20:05:14.990;SO;AS1-AS2-20180118200513
2018-01-18 20:05:15.136;RQ;AS3-AS2-20180118200515
2018-01-18 20:05:15.308;SO;AS3-AS2-20180118200513
2018-01-18 20:05:16.349;RQ;AS1-AS2-20180118200516
2018-01-18 20:05:16.531;SO;AS1-AS2-20180118200514
2018-01-18 20:05:16.670;RQ;AS3-AS2-20180118200516
2018-01-18 20:05:16.843;SO;AS3-AS2-20180118200515
2018-01-18 20:05:17.890;RQ;AS1-AS2-20180118200517
2018-01-18 20:05:18.047;SO;AS1-AS2-20180118200516
2018-01-18 20:05:18.189;RQ;AS3-AS2-20180118200518
2018-01-18 20:05:18.371;SO;AS3-AS2-20180118200516
2018-01-18 20:05:19.447;RQ;AS1-AS2-20180118200519
2018-01-18 20:05:19.601;SO;AS1-AS2-20180118200517
2018-01-18 20:05:19.719;RQ;AS3-AS2-20180118200519
2018-01-18 20:05:19.906;SO;AS3-AS2-20180118200518
2018-01-18 20:05:21.003;RQ;AS1-AS2-20180118200521
2018-01-18 20:05:21.169;SO;AS1-AS2-20180118200519
2018-01-18 20:05:21.292;RQ;AS3-AS2-20180118200521
2018-01-18 20:05:21.415;SO;AS3-AS2-20180118200519
2018-01-18 20:05:22.542;RQ;AS1-AS2-20180118200522
2018-01-18 20:05:22.698;SO;AS1-AS2-20180118200521
2018-01-18 20:05:22.851;RQ;AS3-AS2-20180118200522
2018-01-18 20:05:22.994;SO;AS3-AS2-20180118200521
2018-01-18 20:05:24.119;RQ;AS1-AS2-20180118200524
2018-01-18 20:05:24.241;SO;AS1-AS2-20180118200522
2018-01-18 20:05:24.400;RQ;AS3-AS2-20180118200524
2018-01-18 20:05:24.549;SO;AS3-AS2-20180118200522
2018-01-18 20:05:25.666;RQ;AS1-AS2-20180118200525
2018-01-18 20:05:25.807;SO;AS1-AS2-20180118200524
2018-01-18 20:05:25.971;RQ;AS3-AS2-20180118200525
2018-01-18 20:05:26.111;SO;AS3-AS2-20180118200524
2018-01-18 20:05:27.192;RQ;AS1-AS2-20180118200527
2018-01-18 20:05:27.363;SO;AS1-AS2-20180118200525
2018-01-18 20:05:27.547;RQ;AS3-AS2-20180118200527
2018-01-18 20:05:27.695;SO;AS3-AS2-20180118200525
2018-01-18 20:05:28.715;RQ;AS1-AS2-20180118200528
2018-01-18 20:05:28.899;SO;AS1-AS2-20180118200527
2018-01-18 20:05:29.094;RQ;AS3-AS2-20180118200529
2018-01-18 20:05:29.260;SO;AS3-AS2-20180118200527
2018-01-18 20:05:30.273;RQ;AS1-AS2-20180118200530
2018-01-18 20:05:30.406;SO;AS1-AS2-20180118200528
2018-01-18 20:05:30.602;RQ;AS3-AS2-20180118200530
2018-01-18 20:05:30.786;SO;AS3-AS2-20180118200529
2018-01-18 20:05:31.801;RQ;AS1-AS2-20180118200531
2018-01-18 20:05:31.968;SO;AS1-AS2-20180118200530
2018-01-18 20:05:32.133;RQ;AS3-AS2-20180118200532
2018-01-18 20:05:32.328;SO;AS3-AS2-20180118200530
2018-01-18 20:05:33.374;RQ;AS1-AS2-20180118200533
2018-01-18 20:05:33.503;SO;AS1-AS2-20180118200531
2018-01-18 20:05:33.673;RQ;AS3-AS2-20180118200533
2018-01-18 20:05:33.825;SO;AS3-AS2-20180118200532
2018-01-18 20:05:34.924;RQ;AS1-AS2-20180118200534
2018-01-18 20:05:35.080;SO;AS1-AS2-20180118200533
2018-01-18 20:05:35.209;RQ;AS3-AS2-20180118200535
2018-01-18 20:05:35.382;SO;AS3-AS2-20180118200533
2018-01-18 20:05:36.451;RQ;AS1-AS2-20180118200536
2018-01-18 20:05:36.630;SO;AS1-AS2-20180118200534
2018-01-18 20:05:36.759;RQ;AS3-AS2-20180118200536
2018-01-18 20:05:36.913;SO;AS3-AS2-20180118200535
2018-01-18 20:05:38.010;RQ;AS1-AS2-20180118200538
2018-01-18 20:05:38.170;SO;AS1-AS2-20180118200536
2018-01-18 20:05:38.298;RQ;AS3-AS2-20180118200538
2018-01-18 20:05:38.463;SO;AS3-AS2-20180118200536
2018-01-18 20:05:39.551;RQ;AS1-AS2-20180118200539
2018-01-18 20:05:39.705;SO;AS1-AS2-20180118200538
2018-01-18 20:05:39.875;RQ;AS3-AS2-20180118200539
2018-01-18 20:05:40.028;SO;AS3-AS2-20180118200538
2018-01-18 20:05:41.100;RQ;AS1-AS2-20180118200541
2018-01-18 20:05:41.264;SO;AS1-AS2-20180118200539
2018-01-18 20:05:41.415;RQ;AS3-AS2-20180118200541
2018-01-18 20:05:41.582;SO;AS3-AS2-20180118200539
2018-01-18 20:05:42.654;RQ;AS1-AS2-20180118200542
2018-01-18 20:05:42.793;SO;AS1-AS2-20180118200541
2018-01-18 20:05:42.960;RQ;AS3-AS2-20180118200542
2018-01-18 20:05:43.123;SO;AS3-AS2-20180118200541
2018-01-18 20:05:44.213;RQ;AS1-AS2-20180118200544
2018-01-18 20:05:44.356;SO;AS1-AS2-20180118200542
2018-01-18 20:05:44.485;RQ;AS3-AS2-20180118200544
2018-01-18 20:05:44.662;SO;AS3-AS2-20180118200542
2018-01-18 20:05:45.768;RQ;AS1-AS2-20180118200545
2018-01-18 20:05:45.949;SO;AS1-AS2-20180118200544
2018-01-18 20:05:46.033;RQ;AS3-AS2-20180118200546
2018-01-18 20:05:46.213;SO;AS3-AS2-20180118200544
2018-01-18 20:05:47.306;RQ;AS1-AS2-20180118200547
2018-01-18 20:05:47.500;SO;AS1-AS2-20180118200545
2018-01-18 20:05:47.571;RQ;AS3-AS2-20180118200547
2018-01-18 20:05:47.722;SO;AS3-AS2-20180118200546
2018-01-18 20:05:48.829;RQ;AS1-AS2-20180118200548
2018-01-18 20:05:49.008;SO;AS1-AS2-20180118200547
2018-01-18 20:05:49.111;RQ;AS3-AS2-20180118200549
2018-01-18 20:05:49.293;SO;AS3-AS2-20180118200547
2018-01-18 20:05:50.393;RQ;AS1-AS2-20180118200550
2018-01-18 20:05:50.550;SO;AS1-AS2-20180118200548
2018-01-18 20:05:50.661;RQ;AS3-AS2-20180118200550
2018-01-18 20:05:50.806;SO;AS3-AS2-20180118200549
2018-01-18 20:05:51.952;RQ;AS1-AS2-20180118200551
2018-01-18 20:05:52.111;SO;AS1-AS2-20180118200550
2018-01-18 20:05:52.211;RQ;AS3-AS2-20180118200552
2018-01-18 20:05:52.362;SO;AS3-AS2-20180118200550
2018-01-18 20:05:53.486;RQ;AS1-AS2-20180118200553
2018-01-18 20:05:53.655;SO;AS1-AS2-20180118200551
2018-01-18 20:05:53.759;RQ;AS3-AS2-20180118200553
2018-01-18 20:05:53.918;SO;AS3-AS2-20180118200552
2018-01-18 20:05:55.048;RQ;AS1-AS2-20180118200555
2018-01-18 20:05:55.191;SO;AS1-AS2-20180118200553
2018-01-18 20:05:55.272;RQ;AS3-AS2-20180118200555
2018-01-18 20:05:55.468;SO;AS3-AS2-20180118200553
2018-01-18 20:05:56.588;RQ;AS1-AS2-20180118200556
2018-01-18 20:05:56.757;SO;AS1-AS2-20180118200555
2018-01-18 20:05:56.784;RQ;AS3-AS2-20180118200556
2018-01-18 20:05:56.992;SO;AS3-AS2-20180118200555
2018-01-18 20:05:58.131;RQ;AS1-AS2-20180118200558
2018-01-18 20:05:58.306;SO;AS1-AS2-20180118200556
2018-01-18 20:05:58.343;RQ;AS3-AS2-20180118200558
2018-01-18 20:05:58.485;SO;AS3-AS2-20180118200556
2018-01-18 20:05:59.675;RQ;AS1-AS2-20180118200559
2018-01-18 20:05:59.830;SO;AS1-AS2-20180118200558
2018-01-18 20:05:59.893;RQ;AS3-AS2-20180118200559
2018-01-18 20:06:00.046;SO;AS3-AS2-20180118200558
2018-01-18 20:06:01.304;RQ;AS1-AS2-20180118200601
2018-01-18 20:06:01.377;SO;AS1-AS2-20180118200559
2018-01-18 20:06:01.486;RQ;AS3-AS2-20180118200601
2018-01-18 20:06:01.592;SO;AS3-AS2-20180118200559
2018-01-18 20:06:02.876;RQ;AS1-AS2-20180118200602
2018-01-18 20:06:03.020;SO;AS1-AS2-20180118200601
2018-01-18 20:06:03.178;SO;AS3-AS2-20180118200601
2018-01-18 20:06:03.187;RQ;AS3-AS2-20180118200603
2018-01-18 20:06:04.431;RQ;AS1-AS2-20180118200604
2018-01-18 20:06:04.601;SO;AS1-AS2-20180118200602
2018-01-18 20:06:04.723;RQ;AS3-AS2-20180118200604
2018-01-18 20:06:04.893;SO;AS3-AS2-20180118200603
2018-01-18 20:06:05.957;RQ;AS1-AS2-20180118200605
2018-01-18 20:06:06.150;SO;AS1-AS2-20180118200604
2018-01-18 20:06:06.259;RQ;AS3-AS2-20180118200606
2018-01-18 20:06:06.432;SO;AS3-AS2-20180118200604
2018-01-18 20:06:07.520;RQ;AS1-AS2-20180118200607
2018-01-18 20:06:07.666;SO;AS1-AS2-20180118200605
2018-01-18 20:06:07.846;RQ;AS3-AS2-20180118200607
2018-01-18 20:06:07.960;SO;AS3-AS2-20180118200606
2018-01-18 20:06:09.060;RQ;AS1-AS2-20180118200609
2018-01-18 20:06:09.243;SO;AS1-AS2-20180118200607
2018-01-18 20:06:09.423;RQ;AS3-AS2-20180118200609
2018-01-18 20:06:09.557;SO;AS3-AS2-20180118200607
2018-01-18 20:06:10.637;RQ;AS1-AS2-20180118200610
2018-01-18 20:06:10.763;SO;AS1-AS2-20180118200609
2018-01-18 20:06:10.968;RQ;AS3-AS2-20180118200610
2018-01-18 20:06:11.122;SO;AS3-AS2-20180118200609
2018-01-18 20:06:12.178;RQ;AS1-AS2-20180118200612
2018-01-18 20:06:12.333;SO;AS1-AS2-20180118200610
2018-01-18 20:06:12.511;RQ;AS3-AS2-20180118200612
2018-01-18 20:06:12.666;SO;AS3-AS2-20180118200610
2018-01-18 20:06:13.725;RQ;AS1-AS2-20180118200613
2018-01-18 20:06:13.885;SO;AS1-AS2-20180118200612
2018-01-18 20:06:14.062;RQ;AS3-AS2-20180118200614
2018-01-18 20:06:14.232;SO;AS3-AS2-20180118200612
2018-01-18 20:06:15.308;RQ;AS1-AS2-20180118200615
2018-01-18 20:06:15.426;SO;AS1-AS2-20180118200613
2018-01-18 20:06:15.614;RQ;AS3-AS2-20180118200615
2018-01-18 20:06:15.767;SO;AS3-AS2-20180118200614
2018-01-18 20:06:16.849;RQ;AS1-AS2-20180118200616
2018-01-18 20:06:17.023;SO;AS1-AS2-20180118200615
2018-01-18 20:06:17.172;RQ;AS3-AS2-20180118200617
2018-01-18 20:06:17.341;SO;AS3-AS2-20180118200615
2018-01-18 20:06:18.374;RQ;AS1-AS2-20180118200618
2018-01-18 20:06:18.554;SO;AS1-AS2-20180118200616
2018-01-18 20:06:18.760;RQ;AS3-AS2-20180118200618
2018-01-18 20:06:18.883;SO;AS3-AS2-20180118200617
2018-01-18 20:06:19.941;RQ;AS1-AS2-20180118200619
2018-01-18 20:06:20.088;SO;AS1-AS2-20180118200618
2018-01-18 20:06:20.321;RQ;AS3-AS2-20180118200620
2018-01-18 20:06:20.467;SO;AS3-AS2-20180118200618
2018-01-18 20:06:21.485;RQ;AS1-AS2-20180118200621
2018-01-18 20:06:21.647;SO;AS1-AS2-20180118200619
2018-01-18 20:06:21.852;RQ;AS3-AS2-20180118200621
2018-01-18 20:06:22.048;SO;AS3-AS2-20180118200620
2018-01-18 20:06:23.029;RQ;AS1-AS2-20180118200623
2018-01-18 20:06:23.190;SO;AS1-AS2-20180118200621
2018-01-18 20:06:23.398;RQ;AS3-AS2-20180118200623
2018-01-18 20:06:23.590;SO;AS3-AS2-20180118200621
2018-01-18 20:06:24.597;RQ;AS1-AS2-20180118200624
2018-01-18 20:06:24.735;SO;AS1-AS2-20180118200623
2018-01-18 20:06:24.926;RQ;AS3-AS2-20180118200624
2018-01-18 20:06:25.105;SO;AS3-AS2-20180118200623
2018-01-18 20:06:26.148;RQ;AS1-AS2-20180118200626
2018-01-18 20:06:26.303;SO;AS1-AS2-20180118200624
2018-01-18 20:06:26.457;RQ;AS3-AS2-20180118200626
2018-01-18 20:06:26.631;SO;AS3-AS2-20180118200624
2018-01-18 20:06:27.676;RQ;AS1-AS2-20180118200627
2018-01-18 20:06:27.845;SO;AS1-AS2-20180118200626
2018-01-18 20:06:28.005;RQ;AS3-AS2-20180118200628
2018-01-18 20:06:28.154;SO;AS3-AS2-20180118200626
2018-01-18 20:06:29.245;RQ;AS1-AS2-20180118200629
2018-01-18 20:06:29.386;SO;AS1-AS2-20180118200627
2018-01-18 20:06:29.551;RQ;AS3-AS2-20180118200629
2018-01-18 20:06:29.705;SO;AS3-AS2-20180118200628
2018-01-18 20:06:30.767;RQ;AS1-AS2-20180118200630
2018-01-18 20:06:30.963;SO;AS1-AS2-20180118200629
2018-01-18 20:06:31.099;RQ;AS3-AS2-20180118200631
2018-01-18 20:06:31.261;SO;AS3-AS2-20180118200629
2018-01-18 20:06:32.328;RQ;AS1-AS2-20180118200632
2018-01-18 20:06:32.473;SO;AS1-AS2-20180118200630
2018-01-18 20:06:32.631;RQ;AS3-AS2-20180118200632
2018-01-18 20:06:32.799;SO;AS3-AS2-20180118200631
2018-01-18 20:06:33.926;RQ;AS1-AS2-20180118200633
2018-01-18 20:06:34.030;SO;AS1-AS2-20180118200632
2018-01-18 20:06:34.214;RQ;AS3-AS2-20180118200634
2018-01-18 20:06:34.331;SO;AS3-AS2-20180118200632
2018-01-18 20:06:35.622;SO;AS1-AS2-20180118200633
2018-01-18 20:06:35.806;RQ;AS3-AS2-20180118200635
2018-01-18 20:06:35.940;SO;AS3-AS2-20180118200634
2018-01-18 20:06:36.702;RP;AS1-AS2-20180118200503
2018-01-18 20:06:37.263;SC;AS1-AS2-20180118200503
2018-01-18 20:06:37.480;SO;AS3-AS2-20180118200635
2018-01-18 20:06:37.636;RP;AS1-AS2-20180118200502
2018-01-18 20:06:38.191;SC;AS1-AS2-20180118200502
2018-01-18 20:06:38.575;RP;AS3-AS2-20180118200552
2018-01-18 20:06:39.078;RS;AS1-AS2-20180118200503
2018-01-18 20:06:39.126;SC;AS3-AS2-20180118200552
2018-01-18 20:06:39.457;RP;AS1-AS2-20180118200500
2018-01-18 20:06:39.519;RP;AS3-AS2-20180118200553
2018-01-18 20:06:40.020;SC;AS1-AS2-20180118200500
2018-01-18 20:06:40.080;RS;AS1-AS2-20180118200502
2018-01-18 20:06:40.086;SC;AS3-AS2-20180118200553
2018-01-18 20:06:40.890;RS;AS3-AS2-20180118200552
2018-01-18 20:06:41.029;RP;AS1-AS2-20180118200506
2018-01-18 20:06:41.335;RP;AS3-AS2-20180118200550
2018-01-18 20:06:41.604;SC;AS1-AS2-20180118200506
2018-01-18 20:06:41.653;RS;AS1-AS2-20180118200500
2018-01-18 20:06:41.913;SC;AS3-AS2-20180118200550
2018-01-18 20:06:42.027;RS;AS3-AS2-20180118200553
2018-01-18 20:06:42.311;SU;AS3-AS2-20180118200552
2018-01-18 20:06:42.311;SU;AS1-AS2-20180118200503
2018-01-18 20:06:42.311;SU;AS1-AS2-20180118200502
2018-01-18 20:06:42.676;RP;AS1-AS2-20180118200505
2018-01-18 20:06:42.996;RP;AS3-AS2-20180118200556
2018-01-18 20:06:43.233;SC;AS1-AS2-20180118200505
2018-01-18 20:06:43.247;RS;AS1-AS2-20180118200506
2018-01-18 20:06:43.576;SC;AS3-AS2-20180118200556
2018-01-18 20:06:43.588;RS;AS3-AS2-20180118200550
2018-01-18 20:06:44.288;RP;AS1-AS2-20180118200508
2018-01-18 20:06:44.622;RP;AS3-AS2-20180118200555
2018-01-18 20:06:44.849;RS;AS1-AS2-20180118200505
2018-01-18 20:06:44.882;SC;AS1-AS2-20180118200508
2018-01-18 20:06:44.936;SU;AS1-AS2-20180118200500
2018-01-18 20:06:44.936;SU;AS1-AS2-20180118200506
2018-01-18 20:06:44.937;SU;AS3-AS2-20180118200550
2018-01-18 20:06:44.937;SU;AS3-AS2-20180118200553
2018-01-18 20:06:45.202;RS;AS3-AS2-20180118200556
2018-01-18 20:06:45.235;SC;AS3-AS2-20180118200555
2018-01-18 20:06:45.880;RP;AS1-AS2-20180118200629
2018-01-18 20:06:46.131;RP;AS3-AS2-20180118200558
2018-01-18 20:06:46.437;SC;AS1-AS2-20180118200629
2018-01-18 20:06:46.449;RS;AS1-AS2-20180118200508
2018-01-18 20:06:46.695;SC;AS3-AS2-20180118200558
2018-01-18 20:06:46.897;RS;AS3-AS2-20180118200555
2018-01-18 20:06:47.551;RP;AS1-AS2-20180118200623
2018-01-18 20:06:47.867;RP;AS3-AS2-20180118200559
2018-01-18 20:06:48.048;RS;AS1-AS2-20180118200629
2018-01-18 20:06:48.138;SC;AS1-AS2-20180118200623
2018-01-18 20:06:48.177;SU;AS1-AS2-20180118200505
2018-01-18 20:06:48.187;SU;AS1-AS2-20180118200508
2018-01-18 20:06:48.187;SU;AS3-AS2-20180118200556
2018-01-18 20:06:48.390;RS;AS3-AS2-20180118200558
2018-01-18 20:06:48.456;SC;AS3-AS2-20180118200559
2018-01-18 20:06:49.040;RP;AS1-AS2-20180118200527
2018-01-18 20:06:49.407;RP;AS3-AS2-20180118200632
2018-01-18 20:06:49.601;SC;AS1-AS2-20180118200527
2018-01-18 20:06:49.859;RS;AS1-AS2-20180118200623
2018-01-18 20:06:49.993;SC;AS3-AS2-20180118200632
2018-01-18 20:06:50.102;RS;AS3-AS2-20180118200559
2018-01-18 20:06:50.114;SU;AS3-AS2-20180118200558
2018-01-18 20:06:50.121;SU;AS1-AS2-20180118200629
2018-01-18 20:06:50.129;SU;AS3-AS2-20180118200555
2018-01-18 20:06:50.816;RP;AS1-AS2-20180118200408
2018-01-18 20:06:51.064;RP;AS3-AS2-20180118200631
2018-01-18 20:06:51.288;RS;AS1-AS2-20180118200527
2018-01-18 20:06:51.377;SC;AS1-AS2-20180118200408
2018-01-18 20:06:51.591;RS;AS3-AS2-20180118200632
2018-01-18 20:06:51.643;SC;AS3-AS2-20180118200631
2018-01-18 20:06:52.345;RP;AS1-AS2-20180118200409
2018-01-18 20:06:52.635;RP;AS3-AS2-20180118200412
2018-01-18 20:06:52.925;SC;AS1-AS2-20180118200409
2018-01-18 20:06:53.118;RS;AS1-AS2-20180118200408
2018-01-18 20:06:53.120;SU;AS3-AS2-20180118200632
2018-01-18 20:06:53.120;SU;AS1-AS2-20180118200527
2018-01-18 20:06:53.120;SU;AS1-AS2-20180118200623
2018-01-18 20:06:53.120;SU;AS3-AS2-20180118200559
2018-01-18 20:06:53.232;SC;AS3-AS2-20180118200412
2018-01-18 20:06:53.298;RS;AS3-AS2-20180118200631
2018-01-18 20:06:54.095;RP;AS1-AS2-20180118200403
2018-01-18 20:06:54.226;RP;AS3-AS2-20180118200411
2018-01-18 20:06:54.581;RS;AS1-AS2-20180118200409
2018-01-18 20:06:54.659;SC;AS1-AS2-20180118200403
2018-01-18 20:06:54.802;SC;AS3-AS2-20180118200411
2018-01-18 20:06:54.846;RS;AS3-AS2-20180118200412
2018-01-18 20:06:55.601;RP;AS1-AS2-20180118200400
2018-01-18 20:06:55.871;RP;AS3-AS2-20180118200417
2018-01-18 20:06:56.199;SC;AS1-AS2-20180118200400
2018-01-18 20:06:56.303;RS;AS1-AS2-20180118200403
2018-01-18 20:06:56.373;SU;AS1-AS2-20180118200408
2018-01-18 20:06:56.373;SU;AS3-AS2-20180118200631
2018-01-18 20:06:56.392;SU;AS1-AS2-20180118200409
2018-01-18 20:06:56.392;SU;AS3-AS2-20180118200412
2018-01-18 20:06:56.423;RS;AS3-AS2-20180118200411
2018-01-18 20:06:56.485;SC;AS3-AS2-20180118200417
2018-01-18 20:06:57.264;RP;AS1-AS2-20180118200401
2018-01-18 20:06:57.393;RP;AS3-AS2-20180118200416
2018-01-18 20:06:57.807;RS;AS1-AS2-20180118200400
2018-01-18 20:06:57.824;SC;AS1-AS2-20180118200401
2018-01-18 20:06:57.962;SC;AS3-AS2-20180118200416
2018-01-18 20:06:58.069;RS;AS3-AS2-20180118200417
2018-01-18 20:06:58.815;RP;AS1-AS2-20180118200406
2018-01-18 20:06:59.038;RP;AS3-AS2-20180118200414
2018-01-18 20:06:59.398;SC;AS1-AS2-20180118200406
2018-01-18 20:06:59.514;RS;AS1-AS2-20180118200401
2018-01-18 20:06:59.576;SU;AS3-AS2-20180118200411
2018-01-18 20:06:59.577;SU;AS3-AS2-20180118200417
2018-01-18 20:06:59.589;SU;AS1-AS2-20180118200400
2018-01-18 20:06:59.589;SU;AS1-AS2-20180118200403
2018-01-18 20:06:59.618;RS;AS3-AS2-20180118200416
2018-01-18 20:06:59.634;SC;AS3-AS2-20180118200414
2018-01-18 20:07:00.507;RP;AS1-AS2-20180118200405
2018-01-18 20:07:00.563;RP;AS3-AS2-20180118200419
2018-01-18 20:07:01.091;RS;AS1-AS2-20180118200406
2018-01-18 20:07:01.096;SC;AS1-AS2-20180118200405
2018-01-18 20:07:01.136;SC;AS3-AS2-20180118200419
2018-01-18 20:07:01.202;RS;AS3-AS2-20180118200414
2018-01-18 20:07:02.105;RP;AS1-AS2-20180118200616
2018-01-18 20:07:02.239;RP;AS3-AS2-20180118200541
2018-01-18 20:07:02.714;SC;AS1-AS2-20180118200616
2018-01-18 20:07:02.761;RS;AS1-AS2-20180118200405
2018-01-18 20:07:02.780;RS;AS3-AS2-20180118200419
2018-01-18 20:07:02.781;SU;AS3-AS2-20180118200414
2018-01-18 20:07:02.785;SU;AS1-AS2-20180118200406
2018-01-18 20:07:02.786;SU;AS3-AS2-20180118200416
2018-01-18 20:07:02.820;SU;AS1-AS2-20180118200401
2018-01-18 20:07:02.833;SC;AS3-AS2-20180118200541
2018-01-18 20:07:03.739;RP;AS3-AS2-20180118200542
2018-01-18 20:07:03.793;RP;AS1-AS2-20180118200550
2018-01-18 20:07:04.308;RS;AS1-AS2-20180118200616
2018-01-18 20:07:04.316;SC;AS3-AS2-20180118200542
2018-01-18 20:07:04.372;SC;AS1-AS2-20180118200550
2018-01-18 20:07:04.470;RS;AS3-AS2-20180118200541
2018-01-18 20:07:05.283;RP;AS1-AS2-20180118200551
2018-01-18 20:07:05.360;RP;AS3-AS2-20180118200544
2018-01-18 20:07:05.895;SC;AS1-AS2-20180118200551
2018-01-18 20:07:05.960;SC;AS3-AS2-20180118200544
2018-01-18 20:07:05.998;RS;AS3-AS2-20180118200542
2018-01-18 20:07:06.019;SU;AS3-AS2-20180118200419
2018-01-18 20:07:06.026;RS;AS1-AS2-20180118200550
2018-01-18 20:07:06.031;SU;AS1-AS2-20180118200405
2018-01-18 20:07:06.039;SU;AS3-AS2-20180118200541
2018-01-18 20:07:06.039;SU;AS1-AS2-20180118200616
2018-01-18 20:07:06.987;RP;AS3-AS2-20180118200547
2018-01-18 20:07:07.008;RP;AS1-AS2-20180118200553
2018-01-18 20:07:07.531;RS;AS3-AS2-20180118200544
2018-01-18 20:07:07.551;SC;AS3-AS2-20180118200547
2018-01-18 20:07:07.562;SC;AS1-AS2-20180118200553
2018-01-18 20:07:07.575;RS;AS1-AS2-20180118200551
2018-01-18 20:07:08.523;RP;AS3-AS2-20180118200546
2018-01-18 20:07:08.617;RP;AS1-AS2-20180118200555
2018-01-18 20:07:09.118;SC;AS3-AS2-20180118200546
2018-01-18 20:07:09.152;RS;AS3-AS2-20180118200547
2018-01-18 20:07:09.206;RS;AS1-AS2-20180118200553
2018-01-18 20:07:09.230;SC;AS1-AS2-20180118200555
2018-01-18 20:07:09.270;SU;AS1-AS2-20180118200550
2018-01-18 20:07:09.275;SU;AS1-AS2-20180118200551
2018-01-18 20:07:09.293;SU;AS3-AS2-20180118200542
2018-01-18 20:07:09.302;SU;AS3-AS2-20180118200544
2018-01-18 20:07:10.186;RP;AS3-AS2-20180118200549
2018-01-18 20:07:10.255;RP;AS1-AS2-20180118200556
2018-01-18 20:07:10.702;RS;AS3-AS2-20180118200546
2018-01-18 20:07:10.757;SC;AS3-AS2-20180118200549
2018-01-18 20:07:10.804;RS;AS1-AS2-20180118200555
2018-01-18 20:07:10.826;SC;AS1-AS2-20180118200556
2018-01-18 20:07:11.693;RP;AS3-AS2-20180118200628
2018-01-18 20:07:11.898;RP;AS1-AS2-20180118200558
2018-01-18 20:07:12.298;SC;AS3-AS2-20180118200628
2018-01-18 20:07:12.419;RS;AS3-AS2-20180118200549
2018-01-18 20:07:12.425;SU;AS3-AS2-20180118200547
2018-01-18 20:07:12.426;SU;AS1-AS2-20180118200555
2018-01-18 20:07:12.427;SU;AS1-AS2-20180118200553
2018-01-18 20:07:12.454;SU;AS3-AS2-20180118200546
2018-01-18 20:07:12.461;RS;AS1-AS2-20180118200556
2018-01-18 20:07:12.509;SC;AS1-AS2-20180118200558
2018-01-18 20:07:13.402;RP;AS3-AS2-20180118200629
2018-01-18 20:07:13.425;RP;AS1-AS2-20180118200559
2018-01-18 20:07:13.962;RS;AS3-AS2-20180118200628
2018-01-18 20:07:13.976;SC;AS3-AS2-20180118200629
2018-01-18 20:07:14.008;SC;AS1-AS2-20180118200559
2018-01-18 20:07:14.127;RS;AS1-AS2-20180118200558
2018-01-18 20:07:14.947;RP;AS3-AS2-20180118200606
2018-01-18 20:07:15.183;RP;AS1-AS2-20180118200412
2018-01-18 20:07:15.528;SC;AS3-AS2-20180118200606
2018-01-18 20:07:15.597;RS;AS3-AS2-20180118200629
2018-01-18 20:07:15.700;RS;AS1-AS2-20180118200559
2018-01-18 20:07:15.707;SU;AS1-AS2-20180118200556
2018-01-18 20:07:15.725;SU;AS3-AS2-20180118200549
2018-01-18 20:07:15.725;SU;AS3-AS2-20180118200628
2018-01-18 20:07:15.726;SU;AS1-AS2-20180118200558
2018-01-18 20:07:15.793;SC;AS1-AS2-20180118200412
2018-01-18 20:07:16.580;RP;AS3-AS2-20180118200607
2018-01-18 20:07:16.663;RP;AS1-AS2-20180118200415
2018-01-18 20:07:17.154;RS;AS3-AS2-20180118200606
2018-01-18 20:07:17.156;SC;AS3-AS2-20180118200607
2018-01-18 20:07:17.240;SC;AS1-AS2-20180118200415
2018-01-18 20:07:17.468;RS;AS1-AS2-20180118200412
2018-01-18 20:07:18.119;RP;AS3-AS2-20180118200442
2018-01-18 20:07:18.405;RP;AS1-AS2-20180118200414
2018-01-18 20:07:18.697;SC;AS3-AS2-20180118200442
2018-01-18 20:07:18.777;RS;AS3-AS2-20180118200607
2018-01-18 20:07:18.860;SU;AS1-AS2-20180118200412
2018-01-18 20:07:18.862;SU;AS3-AS2-20180118200629
2018-01-18 20:07:18.862;SU;AS1-AS2-20180118200559
2018-01-18 20:07:18.862;SU;AS3-AS2-20180118200606
2018-01-18 20:07:18.980;RS;AS1-AS2-20180118200415
2018-01-18 20:07:19.023;SC;AS1-AS2-20180118200414
2018-01-18 20:07:19.759;RP;AS3-AS2-20180118200444
2018-01-18 20:07:19.947;RP;AS1-AS2-20180118200417
2018-01-18 20:07:20.282;RS;AS3-AS2-20180118200442
2018-01-18 20:07:20.339;SC;AS3-AS2-20180118200444
2018-01-18 20:07:20.505;SC;AS1-AS2-20180118200417
2018-01-18 20:07:20.625;RS;AS1-AS2-20180118200414
2018-01-18 20:07:21.279;RP;AS3-AS2-20180118200603
2018-01-18 20:07:21.675;RP;AS1-AS2-20180118200425
2018-01-18 20:07:21.850;SC;AS3-AS2-20180118200603
2018-01-18 20:07:21.983;RS;AS3-AS2-20180118200444
2018-01-18 20:07:22.044;SU;AS1-AS2-20180118200415
2018-01-18 20:07:22.049;SU;AS3-AS2-20180118200607
2018-01-18 20:07:22.049;SU;AS3-AS2-20180118200442
2018-01-18 20:07:22.079;SU;AS1-AS2-20180118200414
2018-01-18 20:07:22.218;RS;AS1-AS2-20180118200417
2018-01-18 20:07:22.275;SC;AS1-AS2-20180118200425
2018-01-18 20:07:22.960;RP;AS3-AS2-20180118200447
2018-01-18 20:07:23.260;RP;AS1-AS2-20180118200426
2018-01-18 20:07:23.460;RS;AS3-AS2-20180118200603
2018-01-18 20:07:23.522;SC;AS3-AS2-20180118200447
2018-01-18 20:07:23.833;SC;AS1-AS2-20180118200426
2018-01-18 20:07:23.898;RS;AS1-AS2-20180118200425
2018-01-18 20:07:24.459;RP;AS3-AS2-20180118200448
2018-01-18 20:07:24.947;RP;AS1-AS2-20180118200420
2018-01-18 20:07:25.034;SC;AS3-AS2-20180118200448
2018-01-18 20:07:25.174;RS;AS3-AS2-20180118200447
2018-01-18 20:07:25.225;SU;AS3-AS2-20180118200444
2018-01-18 20:07:25.229;SU;AS3-AS2-20180118200603
2018-01-18 20:07:25.242;SU;AS1-AS2-20180118200417
2018-01-18 20:07:25.243;SU;AS1-AS2-20180118200425
2018-01-18 20:07:25.531;RS;AS1-AS2-20180118200426
2018-01-18 20:07:25.554;SC;AS1-AS2-20180118200420
2018-01-18 20:07:26.122;RP;AS3-AS2-20180118200609
2018-01-18 20:07:26.487;RP;AS1-AS2-20180118200422
2018-01-18 20:07:26.647;RS;AS3-AS2-20180118200448
2018-01-18 20:07:26.682;SC;AS3-AS2-20180118200609
2018-01-18 20:07:27.056;SC;AS1-AS2-20180118200422
2018-01-18 20:07:27.147;RS;AS1-AS2-20180118200420
2018-01-18 20:07:27.655;RP;AS3-AS2-20180118200635
2018-01-18 20:07:28.144;RP;AS1-AS2-20180118200423
2018-01-18 20:07:28.229;SC;AS3-AS2-20180118200635
2018-01-18 20:07:28.314;RS;AS3-AS2-20180118200609
2018-01-18 20:07:28.413;SU;AS1-AS2-20180118200426
2018-01-18 20:07:28.423;SU;AS1-AS2-20180118200420
2018-01-18 20:07:28.447;SU;AS3-AS2-20180118200447
2018-01-18 20:07:28.447;SU;AS3-AS2-20180118200448
2018-01-18 20:07:28.734;SC;AS1-AS2-20180118200423
2018-01-18 20:07:28.774;RS;AS1-AS2-20180118200422
2018-01-18 20:07:29.346;RP;AS3-AS2-20180118200615
2018-01-18 20:07:29.732;RP;AS1-AS2-20180118200626
2018-01-18 20:07:29.843;RS;AS3-AS2-20180118200635
2018-01-18 20:07:29.904;SC;AS3-AS2-20180118200615
2018-01-18 20:07:30.304;SC;AS1-AS2-20180118200626
2018-01-18 20:07:30.351;RS;AS1-AS2-20180118200423
2018-01-18 20:07:30.867;RP;AS3-AS2-20180118200614
2018-01-18 20:07:31.369;RP;AS1-AS2-20180118200627
2018-01-18 20:07:31.441;SC;AS3-AS2-20180118200614
2018-01-18 20:07:31.521;RS;AS3-AS2-20180118200615
2018-01-18 20:07:31.547;SU;AS3-AS2-20180118200635
2018-01-18 20:07:31.549;SU;AS3-AS2-20180118200609
2018-01-18 20:07:31.555;SU;AS1-AS2-20180118200422
2018-01-18 20:07:31.940;SC;AS1-AS2-20180118200627
2018-01-18 20:07:31.993;RS;AS1-AS2-20180118200626
2018-01-18 20:07:32.495;RP;AS3-AS2-20180118200617
2018-01-18 20:07:33.058;SC;AS3-AS2-20180118200617
2018-01-18 20:07:33.064;RP;AS1-AS2-20180118200624
2018-01-18 20:07:33.093;RS;AS3-AS2-20180118200614
2018-01-18 20:07:33.567;SU;AS1-AS2-20180118200423
2018-01-18 20:07:33.577;SU;AS1-AS2-20180118200626
2018-01-18 20:07:33.606;RS;AS1-AS2-20180118200627
2018-01-18 20:07:33.660;SC;AS1-AS2-20180118200624
2018-01-18 20:07:33.685;SU;AS3-AS2-20180118200615
2018-01-18 20:07:34.150;RP;AS3-AS2-20180118200610
2018-01-18 20:07:34.599;RP;AS1-AS2-20180118200428
2018-01-18 20:07:34.667;RS;AS3-AS2-20180118200617
2018-01-18 20:07:34.713;SC;AS3-AS2-20180118200610
2018-01-18 20:07:35.161;SC;AS1-AS2-20180118200428
2018-01-18 20:07:35.291;RS;AS1-AS2-20180118200624
2018-01-18 20:07:35.639;RP;AS3-AS2-20180118200459
2018-01-18 20:07:36.215;SC;AS3-AS2-20180118200459
2018-01-18 20:07:36.280;RP;AS1-AS2-20180118200429
2018-01-18 20:07:36.385;RS;AS3-AS2-20180118200610
2018-01-18 20:07:36.433;SU;AS3-AS2-20180118200617
2018-01-18 20:07:36.444;SU;AS1-AS2-20180118200627
2018-01-18 20:07:36.453;SU;AS3-AS2-20180118200614
2018-01-18 20:07:36.859;SC;AS1-AS2-20180118200429
2018-01-18 20:07:36.871;RS;AS1-AS2-20180118200428
2018-01-18 20:07:37.310;RP;AS3-AS2-20180118200612
2018-01-18 20:07:37.823;RS;AS3-AS2-20180118200459
2018-01-18 20:07:37.868;SC;AS3-AS2-20180118200612
2018-01-18 20:07:37.959;RP;AS1-AS2-20180118200621
2018-01-18 20:07:38.500;RS;AS1-AS2-20180118200429
2018-01-18 20:07:38.535;SU;AS1-AS2-20180118200428
2018-01-18 20:07:38.537;SU;AS1-AS2-20180118200624
2018-01-18 20:07:38.538;SU;AS3-AS2-20180118200610
2018-01-18 20:07:38.921;RP;AS3-AS2-20180118200457
2018-01-18 20:07:39.059;RP;AS1-AS2-20180118200548
2018-01-18 20:07:39.491;SC;AS3-AS2-20180118200457
2018-01-18 20:07:39.519;RS;AS3-AS2-20180118200612
2018-01-18 20:07:39.641;SC;AS1-AS2-20180118200548
2018-01-18 20:07:40.028;RP;AS1-AS2-20180118200547
2018-01-18 20:07:40.590;SC;AS1-AS2-20180118200547
2018-01-18 20:07:40.599;RP;AS3-AS2-20180118200456
2018-01-18 20:07:41.068;SU;AS3-AS2-20180118200459
2018-01-18 20:07:41.071;SU;AS1-AS2-20180118200429
2018-01-18 20:07:41.071;SU;AS3-AS2-20180118200612
2018-01-18 20:07:41.114;RS;AS3-AS2-20180118200457
2018-01-18 20:07:41.179;SC;AS3-AS2-20180118200456
2018-01-18 20:07:41.557;RS;AS1-AS2-20180118200548
2018-01-18 20:07:41.984;RP;AS1-AS2-20180118200545
2018-01-18 20:07:42.107;RP;AS3-AS2-20180118200454
2018-01-18 20:07:42.545;SC;AS1-AS2-20180118200545
2018-01-18 20:07:42.547;RS;AS1-AS2-20180118200547
2018-01-18 20:07:42.669;SC;AS3-AS2-20180118200454
2018-01-18 20:07:42.830;RS;AS3-AS2-20180118200456
2018-01-18 20:07:43.580;RP;AS1-AS2-20180118200544
2018-01-18 20:07:43.818;RP;AS3-AS2-20180118200453
2018-01-18 20:07:44.194;SC;AS1-AS2-20180118200544
2018-01-18 20:07:44.201;RS;AS1-AS2-20180118200545
2018-01-18 20:07:44.313;RS;AS3-AS2-20180118200454
2018-01-18 20:07:44.361;SU;AS3-AS2-20180118200456
2018-01-18 20:07:44.362;SU;AS1-AS2-20180118200547
2018-01-18 20:07:44.362;SU;AS1-AS2-20180118200548
2018-01-18 20:07:44.383;SU;AS3-AS2-20180118200457
2018-01-18 20:07:44.413;SC;AS3-AS2-20180118200453
2018-01-18 20:07:45.251;RP;AS3-AS2-20180118200618
2018-01-18 20:07:45.259;RP;AS1-AS2-20180118200542
2018-01-18 20:07:45.796;RS;AS1-AS2-20180118200544
2018-01-18 20:07:45.826;SC;AS3-AS2-20180118200618
2018-01-18 20:07:45.832;SC;AS1-AS2-20180118200542
2018-01-18 20:07:46.030;RS;AS3-AS2-20180118200453
2018-01-18 20:07:46.843;RP;AS1-AS2-20180118200541
2018-01-18 20:07:46.979;RP;AS3-AS2-20180118200451
2018-01-18 20:07:47.445;SC;AS1-AS2-20180118200541
2018-01-18 20:07:47.485;RS;AS1-AS2-20180118200542
2018-01-18 20:07:47.486;SU;AS1-AS2-20180118200544
2018-01-18 20:07:47.494;SU;AS1-AS2-20180118200545
2018-01-18 20:07:47.494;SU;AS3-AS2-20180118200453
2018-01-18 20:07:47.495;SU;AS3-AS2-20180118200454
2018-01-18 20:07:47.515;RS;AS3-AS2-20180118200618
2018-01-18 20:07:47.591;SC;AS3-AS2-20180118200451
2018-01-18 20:07:48.443;RP;AS3-AS2-20180118200450
2018-01-18 20:07:48.500;RP;AS1-AS2-20180118200432
2018-01-18 20:07:49.017;SC;AS3-AS2-20180118200450
2018-01-18 20:07:49.060;RS;AS1-AS2-20180118200541
2018-01-18 20:07:49.073;SC;AS1-AS2-20180118200432
2018-01-18 20:07:49.213;RS;AS3-AS2-20180118200451
2018-01-18 20:07:50.079;RP;AS1-AS2-20180118200431
2018-01-18 20:07:50.154;RP;AS3-AS2-20180118200518
2018-01-18 20:07:50.677;SC;AS1-AS2-20180118200431
2018-01-18 20:07:50.710;RS;AS3-AS2-20180118200450
2018-01-18 20:07:50.738;SU;AS3-AS2-20180118200451
2018-01-18 20:07:50.747;RS;AS1-AS2-20180118200432
2018-01-18 20:07:50.756;SU;AS1-AS2-20180118200542
2018-01-18 20:07:50.765;SC;AS3-AS2-20180118200518
2018-01-18 20:07:50.767;SU;AS3-AS2-20180118200618
2018-01-18 20:07:50.781;SU;AS1-AS2-20180118200541
2018-01-18 20:07:51.675;RP;AS3-AS2-20180118200519
2018-01-18 20:07:51.768;RP;AS1-AS2-20180118200437
2018-01-18 20:07:52.236;SC;AS3-AS2-20180118200519
2018-01-18 20:07:52.324;RS;AS1-AS2-20180118200431
2018-01-18 20:07:52.334;SC;AS1-AS2-20180118200437
2018-01-18 20:07:52.407;RS;AS3-AS2-20180118200518
2018-01-18 20:07:53.353;RP;AS3-AS2-20180118200516
2018-01-18 20:07:53.423;RP;AS1-AS2-20180118200436
2018-01-18 20:07:53.918;RS;AS3-AS2-20180118200519
2018-01-18 20:07:53.950;SC;AS3-AS2-20180118200516
2018-01-18 20:07:53.967;SU;AS3-AS2-20180118200450
2018-01-18 20:07:53.967;SU;AS1-AS2-20180118200432
2018-01-18 20:07:53.970;SU;AS3-AS2-20180118200518
2018-01-18 20:07:53.982;SU;AS1-AS2-20180118200431
2018-01-18 20:07:53.993;RS;AS1-AS2-20180118200437
2018-01-18 20:07:54.049;SC;AS1-AS2-20180118200436
2018-01-18 20:07:54.927;RP;AS3-AS2-20180118200515
2018-01-18 20:07:54.947;RP;AS1-AS2-20180118200434
2018-01-18 20:07:55.501;SC;AS3-AS2-20180118200515
2018-01-18 20:07:55.511;SC;AS1-AS2-20180118200434
2018-01-18 20:07:55.541;RS;AS3-AS2-20180118200516
2018-01-18 20:07:55.711;RS;AS1-AS2-20180118200436
2018-01-18 20:07:56.581;RP;AS3-AS2-20180118200513
2018-01-18 20:07:56.707;RP;AS1-AS2-20180118200439
2018-01-18 20:07:57.158;RS;AS3-AS2-20180118200515
2018-01-18 20:07:57.187;SU;AS3-AS2-20180118200516
2018-01-18 20:07:57.187;SU;AS3-AS2-20180118200519
2018-01-18 20:07:57.196;SC;AS3-AS2-20180118200513
2018-01-18 20:07:57.200;SU;AS1-AS2-20180118200437
2018-01-18 20:07:57.214;SU;AS1-AS2-20180118200436
2018-01-18 20:07:57.224;RS;AS1-AS2-20180118200434
2018-01-18 20:07:57.300;SC;AS1-AS2-20180118200439
2018-01-18 20:07:58.124;RP;AS3-AS2-20180118200510
2018-01-18 20:07:58.197;RP;AS1-AS2-20180118200630
2018-01-18 20:07:58.695;SC;AS3-AS2-20180118200510
2018-01-18 20:07:58.760;SC;AS1-AS2-20180118200630
2018-01-18 20:07:58.775;RS;AS3-AS2-20180118200513
2018-01-18 20:07:58.979;RS;AS1-AS2-20180118200439
2018-01-18 20:07:59.682;RP;AS3-AS2-20180118200511
2018-01-18 20:07:59.916;RP;AS1-AS2-20180118200633
2018-01-18 20:08:00.273;SC;AS3-AS2-20180118200511
2018-01-18 20:08:00.350;RS;AS3-AS2-20180118200510
2018-01-18 20:08:00.441;SU;AS1-AS2-20180118200439
2018-01-18 20:08:00.443;SU;AS3-AS2-20180118200515
2018-01-18 20:08:00.443;SU;AS3-AS2-20180118200513
2018-01-18 20:08:00.447;SU;AS1-AS2-20180118200434
2018-01-18 20:08:00.487;RS;AS1-AS2-20180118200630
2018-01-18 20:08:00.527;SC;AS1-AS2-20180118200633
2018-01-18 20:08:01.327;RP;AS3-AS2-20180118200440
2018-01-18 20:08:01.472;RP;AS1-AS2-20180118200632
2018-01-18 20:08:01.871;RS;AS3-AS2-20180118200511
2018-01-18 20:08:01.904;SC;AS3-AS2-20180118200440
2018-01-18 20:08:02.047;SC;AS1-AS2-20180118200632
2018-01-18 20:08:02.157;RS;AS1-AS2-20180118200633
2018-01-18 20:08:02.923;RP;AS3-AS2-20180118200604
2018-01-18 20:08:03.176;RP;AS1-AS2-20180118200538
2018-01-18 20:08:03.532;SC;AS3-AS2-20180118200604
2018-01-18 20:08:03.557;RS;AS3-AS2-20180118200440
2018-01-18 20:08:03.609;SU;AS3-AS2-20180118200510
2018-01-18 20:08:03.621;SU;AS1-AS2-20180118200633
2018-01-18 20:08:03.622;SU;AS3-AS2-20180118200511
2018-01-18 20:08:03.622;SU;AS1-AS2-20180118200630
2018-01-18 20:08:03.746;RS;AS1-AS2-20180118200632
2018-01-18 20:08:03.768;SC;AS1-AS2-20180118200538
2018-01-18 20:08:04.551;RP;AS3-AS2-20180118200445
2018-01-18 20:08:04.726;RP;AS1-AS2-20180118200539
2018-01-18 20:08:05.133;SC;AS3-AS2-20180118200445
2018-01-18 20:08:05.161;RS;AS3-AS2-20180118200604
2018-01-18 20:08:05.311;SC;AS1-AS2-20180118200539
2018-01-18 20:08:05.401;RS;AS1-AS2-20180118200538
2018-01-18 20:08:06.115;RP;AS3-AS2-20180118200620
2018-01-18 20:08:06.408;RP;AS1-AS2-20180118200533
2018-01-18 20:08:06.705;SC;AS3-AS2-20180118200620
2018-01-18 20:08:06.775;RS;AS3-AS2-20180118200445
2018-01-18 20:08:06.805;SU;AS3-AS2-20180118200604
2018-01-18 20:08:06.815;SU;AS1-AS2-20180118200538
2018-01-18 20:08:06.817;SU;AS1-AS2-20180118200632
2018-01-18 20:08:06.818;SU;AS3-AS2-20180118200440
2018-01-18 20:08:07.005;SC;AS1-AS2-20180118200533
2018-01-18 20:08:07.076;RS;AS1-AS2-20180118200539
2018-01-18 20:08:07.765;RP;AS3-AS2-20180118200621
2018-01-18 20:08:08.047;RP;AS1-AS2-20180118200530
2018-01-18 20:08:08.291;RS;AS3-AS2-20180118200620
2018-01-18 20:08:08.323;SC;AS3-AS2-20180118200621
2018-01-18 20:08:08.614;SC;AS1-AS2-20180118200530
2018-01-18 20:08:08.680;RS;AS1-AS2-20180118200533
2018-01-18 20:08:09.282;RP;AS3-AS2-20180118200428
2018-01-18 20:08:09.728;RP;AS1-AS2-20180118200531
2018-01-18 20:08:09.875;SC;AS3-AS2-20180118200428
2018-01-18 20:08:10.003;RS;AS3-AS2-20180118200621
2018-01-18 20:08:10.031;SU;AS3-AS2-20180118200620
2018-01-18 20:08:10.034;SU;AS1-AS2-20180118200533
2018-01-18 20:08:10.191;SU;AS3-AS2-20180118200445
2018-01-18 20:08:10.193;SU;AS1-AS2-20180118200539
2018-01-18 20:08:10.321;RS;AS1-AS2-20180118200530
2018-01-18 20:08:10.324;SC;AS1-AS2-20180118200531
2018-01-18 20:08:10.963;RP;AS3-AS2-20180118200623
2018-01-18 20:08:11.336;RP;AS1-AS2-20180118200536
2018-01-18 20:08:11.519;SC;AS3-AS2-20180118200623
2018-01-18 20:08:11.551;RS;AS3-AS2-20180118200428
2018-01-18 20:08:11.899;SC;AS1-AS2-20180118200536
2018-01-18 20:08:11.959;RS;AS1-AS2-20180118200531
2018-01-18 20:08:12.590;RP;AS3-AS2-20180118200624
2018-01-18 20:08:13.060;RP;AS1-AS2-20180118200534
2018-01-18 20:08:13.157;RS;AS3-AS2-20180118200623
2018-01-18 20:08:13.183;SC;AS3-AS2-20180118200624
2018-01-18 20:08:13.259;SU;AS1-AS2-20180118200531
2018-01-18 20:08:13.263;SU;AS1-AS2-20180118200530
2018-01-18 20:08:13.263;SU;AS3-AS2-20180118200428
2018-01-18 20:08:13.269;SU;AS3-AS2-20180118200621
2018-01-18 20:08:13.595;RS;AS1-AS2-20180118200536
2018-01-18 20:08:13.657;SC;AS1-AS2-20180118200534
2018-01-18 20:08:14.223;RP;AS3-AS2-20180118200626
2018-01-18 20:08:14.652;RP;AS1-AS2-20180118200609
2018-01-18 20:08:14.775;SC;AS3-AS2-20180118200626
2018-01-18 20:08:14.795;RS;AS3-AS2-20180118200624
2018-01-18 20:08:15.217;SC;AS1-AS2-20180118200609
2018-01-18 20:08:15.276;RS;AS1-AS2-20180118200534
2018-01-18 20:08:15.909;RP;AS3-AS2-20180118200422
2018-01-18 20:08:16.335;RP;AS1-AS2-20180118200601
2018-01-18 20:08:16.394;SU;AS3-AS2-20180118200624
2018-01-18 20:08:16.397;SU;AS3-AS2-20180118200623
2018-01-18 20:08:16.407;SU;AS1-AS2-20180118200536
2018-01-18 20:08:16.449;RS;AS3-AS2-20180118200626
2018-01-18 20:08:16.497;SC;AS3-AS2-20180118200422
2018-01-18 20:08:16.895;RS;AS1-AS2-20180118200609
2018-01-18 20:08:16.902;SC;AS1-AS2-20180118200601
2018-01-18 20:08:17.407;RP;AS3-AS2-20180118200423
2018-01-18 20:08:17.967;SC;AS3-AS2-20180118200423
2018-01-18 20:08:17.995;RP;AS1-AS2-20180118200602
2018-01-18 20:08:18.146;RS;AS3-AS2-20180118200422
2018-01-18 20:08:18.498;SU;AS1-AS2-20180118200609
2018-01-18 20:08:18.505;SU;AS1-AS2-20180118200534
2018-01-18 20:08:18.514;SU;AS3-AS2-20180118200626
2018-01-18 20:08:18.545;RS;AS1-AS2-20180118200601
2018-01-18 20:08:18.580;SC;AS1-AS2-20180118200602
2018-01-18 20:08:19.065;RP;AS3-AS2-20180118200420
2018-01-18 20:08:19.552;RP;AS1-AS2-20180118200604
2018-01-18 20:08:19.583;RS;AS3-AS2-20180118200423
2018-01-18 20:08:19.621;SC;AS3-AS2-20180118200420
2018-01-18 20:08:20.120;SC;AS1-AS2-20180118200604
2018-01-18 20:08:20.193;RS;AS1-AS2-20180118200602
2018-01-18 20:08:20.577;RP;AS3-AS2-20180118200601
2018-01-18 20:08:21.159;SC;AS3-AS2-20180118200601
2018-01-18 20:08:21.230;RS;AS3-AS2-20180118200420
2018-01-18 20:08:21.257;RP;AS1-AS2-20180118200605
2018-01-18 20:08:21.399;SU;AS1-AS2-20180118200601
2018-01-18 20:08:21.402;SU;AS3-AS2-20180118200422
2018-01-18 20:08:21.402;SU;AS3-AS2-20180118200423
2018-01-18 20:08:21.833;SC;AS1-AS2-20180118200605
2018-01-18 20:08:21.854;RS;AS1-AS2-20180118200604
2018-01-18 20:08:22.227;RP;AS3-AS2-20180118200426
2018-01-18 20:08:22.759;RS;AS3-AS2-20180118200601
2018-01-18 20:08:22.788;SC;AS3-AS2-20180118200426
2018-01-18 20:08:22.921;RP;AS1-AS2-20180118200607
2018-01-18 20:08:23.429;SU;AS3-AS2-20180118200420
2018-01-18 20:08:23.437;SU;AS1-AS2-20180118200604
2018-01-18 20:08:23.453;SU;AS1-AS2-20180118200602
2018-01-18 20:08:23.488;RS;AS1-AS2-20180118200605
2018-01-18 20:08:23.526;SC;AS1-AS2-20180118200607
2018-01-18 20:08:23.856;RP;AS3-AS2-20180118200425
2018-01-18 20:08:24.373;RS;AS3-AS2-20180118200426
2018-01-18 20:08:24.425;SC;AS3-AS2-20180118200425
2018-01-18 20:08:24.452;RP;AS1-AS2-20180118200419
2018-01-18 20:08:25.025;SC;AS1-AS2-20180118200419
2018-01-18 20:08:25.101;RS;AS1-AS2-20180118200607
2018-01-18 20:08:25.346;RP;AS3-AS2-20180118200508
2018-01-18 20:08:25.937;SC;AS3-AS2-20180118200508
2018-01-18 20:08:26.011;SU;AS3-AS2-20180118200426
2018-01-18 20:08:26.018;SU;AS3-AS2-20180118200601
2018-01-18 20:08:26.029;SU;AS1-AS2-20180118200605
2018-01-18 20:08:26.070;RS;AS3-AS2-20180118200425
2018-01-18 20:08:26.096;RP;AS1-AS2-20180118200446
2018-01-18 20:08:26.665;SC;AS1-AS2-20180118200446
2018-01-18 20:08:26.679;RS;AS1-AS2-20180118200419
2018-01-18 20:08:27.042;RP;AS3-AS2-20180118200505
2018-01-18 20:08:27.555;RS;AS3-AS2-20180118200508
2018-01-18 20:08:27.598;SC;AS3-AS2-20180118200505
2018-01-18 20:08:27.656;RP;AS1-AS2-20180118200528
2018-01-18 20:08:28.251;SC;AS1-AS2-20180118200528
2018-01-18 20:08:28.307;RS;AS1-AS2-20180118200446
2018-01-18 20:08:28.357;SU;AS3-AS2-20180118200425
2018-01-18 20:08:28.374;SU;AS1-AS2-20180118200419
2018-01-18 20:08:28.375;SU;AS1-AS2-20180118200607
2018-01-18 20:08:28.615;RP;AS3-AS2-20180118200504
2018-01-18 20:08:29.178;SC;AS3-AS2-20180118200504
2018-01-18 20:08:29.331;RS;AS3-AS2-20180118200505
2018-01-18 20:08:29.339;RP;AS1-AS2-20180118200445
2018-01-18 20:08:29.889;RS;AS1-AS2-20180118200528
2018-01-18 20:08:29.904;SC;AS1-AS2-20180118200445
2018-01-18 20:08:30.327;RP;AS3-AS2-20180118200507
2018-01-18 20:08:30.805;SU;AS3-AS2-20180118200508
2018-01-18 20:08:30.807;SU;AS3-AS2-20180118200505
2018-01-18 20:08:30.808;SU;AS1-AS2-20180118200446
2018-01-18 20:08:30.865;RS;AS3-AS2-20180118200504
2018-01-18 20:08:30.905;SC;AS3-AS2-20180118200507
2018-01-18 20:08:30.967;RP;AS1-AS2-20180118200442
2018-01-18 20:08:31.532;SC;AS1-AS2-20180118200442
2018-01-18 20:08:31.619;RS;AS1-AS2-20180118200445
2018-01-18 20:08:31.895;RP;AS3-AS2-20180118200501
2018-01-18 20:08:32.453;SC;AS3-AS2-20180118200501
2018-01-18 20:08:32.482;RS;AS3-AS2-20180118200507
2018-01-18 20:08:32.633;RP;AS1-AS2-20180118200443
2018-01-18 20:08:33.135;SU;AS3-AS2-20180118200504
2018-01-18 20:08:33.138;SU;AS1-AS2-20180118200445
2018-01-18 20:08:33.138;SU;AS1-AS2-20180118200528
2018-01-18 20:08:33.181;RS;AS1-AS2-20180118200442
2018-01-18 20:08:33.227;SC;AS1-AS2-20180118200443
2018-01-18 20:08:33.546;RP;AS3-AS2-20180118200502
2018-01-18 20:08:34.106;SC;AS3-AS2-20180118200502
2018-01-18 20:08:34.119;RS;AS3-AS2-20180118200501
2018-01-18 20:08:34.156;RP;AS1-AS2-20180118200440
2018-01-18 20:08:34.713;SC;AS1-AS2-20180118200440
2018-01-18 20:08:34.834;RS;AS1-AS2-20180118200443
2018-01-18 20:08:35.135;RP;AS3-AS2-20180118200439
2018-01-18 20:08:35.710;SU;AS3-AS2-20180118200507
2018-01-18 20:08:35.720;SC;AS3-AS2-20180118200439
2018-01-18 20:08:35.721;RS;AS3-AS2-20180118200502
2018-01-18 20:08:35.720;SU;AS1-AS2-20180118200442
2018-01-18 20:08:35.727;SU;AS3-AS2-20180118200501
2018-01-18 20:08:35.832;RP;AS1-AS2-20180118200521
2018-01-18 20:08:36.390;RS;AS1-AS2-20180118200440
2018-01-18 20:08:36.393;SC;AS1-AS2-20180118200521
2018-01-18 20:08:36.767;RP;AS3-AS2-20180118200431
2018-01-18 20:08:37.320;SC;AS3-AS2-20180118200431
2018-01-18 20:08:37.366;RS;AS3-AS2-20180118200439
2018-01-18 20:08:37.411;RP;AS1-AS2-20180118200522
2018-01-18 20:08:37.996;SC;AS1-AS2-20180118200522
2018-01-18 20:08:38.021;RS;AS1-AS2-20180118200521
2018-01-18 20:08:38.074;SU;AS1-AS2-20180118200443
2018-01-18 20:08:38.075;SU;AS1-AS2-20180118200440
2018-01-18 20:08:38.075;SU;AS3-AS2-20180118200502
2018-01-18 20:08:38.391;RP;AS3-AS2-20180118200430
2018-01-18 20:08:38.946;RS;AS3-AS2-20180118200431
2018-01-18 20:08:38.962;SC;AS3-AS2-20180118200430
2018-01-18 20:08:39.080;RP;AS1-AS2-20180118200525
2018-01-18 20:08:39.600;RS;AS1-AS2-20180118200522
2018-01-18 20:08:39.643;SC;AS1-AS2-20180118200525
2018-01-18 20:08:39.935;RP;AS3-AS2-20180118200433
2018-01-18 20:08:40.519;SC;AS3-AS2-20180118200433
2018-01-18 20:08:40.591;RS;AS3-AS2-20180118200430
2018-01-18 20:08:40.613;SU;AS3-AS2-20180118200431
2018-01-18 20:08:40.617;SU;AS1-AS2-20180118200521
2018-01-18 20:08:40.617;SU;AS3-AS2-20180118200439
2018-01-18 20:08:40.692;RP;AS1-AS2-20180118200524
2018-01-18 20:08:41.258;SC;AS1-AS2-20180118200524
2018-01-18 20:08:41.275;RS;AS1-AS2-20180118200525
2018-01-18 20:08:41.602;RP;AS3-AS2-20180118200634
2018-01-18 20:08:42.111;RS;AS3-AS2-20180118200433
2018-01-18 20:08:42.158;SC;AS3-AS2-20180118200634
2018-01-18 20:08:42.362;RP;AS1-AS2-20180118200448
2018-01-18 20:08:42.833;SU;AS1-AS2-20180118200525
2018-01-18 20:08:42.840;SU;AS1-AS2-20180118200522
2018-01-18 20:08:42.848;SU;AS3-AS2-20180118200430
2018-01-18 20:08:42.895;RS;AS1-AS2-20180118200524
2018-01-18 20:08:42.958;SC;AS1-AS2-20180118200448
2018-01-18 20:08:43.143;RP;AS3-AS2-20180118200434
2018-01-18 20:08:43.717;SC;AS3-AS2-20180118200434
2018-01-18 20:08:43.767;RS;AS3-AS2-20180118200634
2018-01-18 20:08:43.924;RP;AS1-AS2-20180118200449
2018-01-18 20:08:44.495;SC;AS1-AS2-20180118200449
2018-01-18 20:08:44.547;RS;AS1-AS2-20180118200448
2018-01-18 20:08:44.707;RP;AS3-AS2-20180118200437
2018-01-18 20:08:45.295;SC;AS3-AS2-20180118200437
2018-01-18 20:08:45.348;SU;AS3-AS2-20180118200634
2018-01-18 20:08:45.351;SU;AS3-AS2-20180118200433
2018-01-18 20:08:45.351;SU;AS1-AS2-20180118200524
2018-01-18 20:08:45.362;RS;AS3-AS2-20180118200434
2018-01-18 20:08:45.621;RP;AS1-AS2-20180118200514
2018-01-18 20:08:46.155;RS;AS1-AS2-20180118200449
2018-01-18 20:08:46.179;SC;AS1-AS2-20180118200514
2018-01-18 20:08:46.339;RP;AS3-AS2-20180118200436
2018-01-18 20:08:46.869;RS;AS3-AS2-20180118200437
2018-01-18 20:08:46.897;SC;AS3-AS2-20180118200436
2018-01-18 20:08:47.297;RP;AS1-AS2-20180118200516
2018-01-18 20:08:47.772;SU;AS1-AS2-20180118200449
2018-01-18 20:08:47.783;SU;AS1-AS2-20180118200448
2018-01-18 20:08:47.784;SU;AS3-AS2-20180118200434
2018-01-18 20:08:47.832;RS;AS1-AS2-20180118200514
2018-01-18 20:08:47.889;SC;AS1-AS2-20180118200516
2018-01-18 20:08:47.906;RP;AS3-AS2-20180118200538
2018-01-18 20:08:48.468;SC;AS3-AS2-20180118200538
2018-01-18 20:08:48.546;RS;AS3-AS2-20180118200436
2018-01-18 20:08:48.844;RP;AS1-AS2-20180118200517
2018-01-18 20:08:49.400;SC;AS1-AS2-20180118200517
2018-01-18 20:08:49.510;RP;AS3-AS2-20180118200539
2018-01-18 20:08:49.627;RS;AS1-AS2-20180118200516
2018-01-18 20:08:50.101;SU;AS1-AS2-20180118200514
2018-01-18 20:08:50.106;SC;AS3-AS2-20180118200539
2018-01-18 20:08:50.107;RS;AS3-AS2-20180118200538
2018-01-18 20:08:50.132;SU;AS3-AS2-20180118200437
2018-01-18 20:08:50.133;SU;AS3-AS2-20180118200436
2018-01-18 20:08:50.563;RP;AS1-AS2-20180118200510
2018-01-18 20:08:51.115;RP;AS3-AS2-20180118200530
2018-01-18 20:08:51.118;SC;AS1-AS2-20180118200510
2018-01-18 20:08:51.164;RS;AS1-AS2-20180118200517
2018-01-18 20:08:51.682;SC;AS3-AS2-20180118200530
2018-01-18 20:08:51.700;RS;AS3-AS2-20180118200539
2018-01-18 20:08:52.175;RP;AS1-AS2-20180118200511
2018-01-18 20:08:52.731;RP;AS3-AS2-20180118200532
2018-01-18 20:08:52.745;SC;AS1-AS2-20180118200511
2018-01-18 20:08:52.774;RS;AS1-AS2-20180118200510
2018-01-18 20:08:52.889;SU;AS1-AS2-20180118200517
2018-01-18 20:08:52.900;SU;AS3-AS2-20180118200538
2018-01-18 20:08:52.900;SU;AS1-AS2-20180118200516
2018-01-18 20:08:53.306;SC;AS3-AS2-20180118200532
2018-01-18 20:08:53.354;RS;AS3-AS2-20180118200530
2018-01-18 20:08:53.878;RP;AS1-AS2-20180118200513
2018-01-18 20:08:54.415;RP;AS3-AS2-20180118200533
2018-01-18 20:08:54.433;SC;AS1-AS2-20180118200513
2018-01-18 20:08:54.437;RS;AS1-AS2-20180118200511
2018-01-18 20:08:54.916;RS;AS3-AS2-20180118200532
2018-01-18 20:08:54.925;SU;AS3-AS2-20180118200530
2018-01-18 20:08:54.925;SU;AS3-AS2-20180118200539
2018-01-18 20:08:54.928;SU;AS1-AS2-20180118200510
2018-01-18 20:08:55.025;SC;AS3-AS2-20180118200533
2018-01-18 20:08:55.536;RP;AS1-AS2-20180118200519
2018-01-18 20:08:55.842;RP;AS3-AS2-20180118200535
2018-01-18 20:08:56.012;RS;AS1-AS2-20180118200513
2018-01-18 20:08:56.097;SC;AS1-AS2-20180118200519
2018-01-18 20:08:56.413;SC;AS3-AS2-20180118200535
2018-01-18 20:08:56.682;RS;AS3-AS2-20180118200533
2018-01-18 20:08:57.007;RP;AS1-AS2-20180118200411
2018-01-18 20:08:57.574;RP;AS3-AS2-20180118200536
2018-01-18 20:08:57.597;SC;AS1-AS2-20180118200411
2018-01-18 20:08:57.730;SU;AS3-AS2-20180118200532
2018-01-18 20:08:57.750;SU;AS1-AS2-20180118200511
2018-01-18 20:08:57.758;SU;AS1-AS2-20180118200513
2018-01-18 20:08:57.779;RS;AS1-AS2-20180118200519
2018-01-18 20:08:58.150;SC;AS3-AS2-20180118200536
2018-01-18 20:08:58.181;RS;AS3-AS2-20180118200535
2018-01-18 20:08:58.708;RP;AS1-AS2-20180118200615
2018-01-18 20:08:59.189;RP;AS3-AS2-20180118200527
2018-01-18 20:08:59.231;RS;AS1-AS2-20180118200411
2018-01-18 20:08:59.265;SC;AS1-AS2-20180118200615
2018-01-18 20:08:59.786;SC;AS3-AS2-20180118200527
2018-01-18 20:08:59.818;RS;AS3-AS2-20180118200536
2018-01-18 20:08:59.918;SU;AS3-AS2-20180118200533
2018-01-18 20:08:59.918;SU;AS1-AS2-20180118200519
2018-01-18 20:08:59.917;SU;AS3-AS2-20180118200535
2018-01-18 20:09:00.347;RP;AS1-AS2-20180118200613
2018-01-18 20:09:00.819;RP;AS3-AS2-20180118200525
2018-01-18 20:09:00.890;RS;AS1-AS2-20180118200615
2018-01-18 20:09:00.905;SC;AS1-AS2-20180118200613
2018-01-18 20:09:01.385;SC;AS3-AS2-20180118200525
2018-01-18 20:09:01.448;RS;AS3-AS2-20180118200527
2018-01-18 20:09:01.992;RP;AS1-AS2-20180118200612
2018-01-18 20:09:02.482;SU;AS3-AS2-20180118200536
2018-01-18 20:09:02.493;SU;AS1-AS2-20180118200411
2018-01-18 20:09:02.496;SU;AS1-AS2-20180118200615
2018-01-18 20:09:02.513;RP;AS3-AS2-20180118200524
2018-01-18 20:09:02.584;SC;AS1-AS2-20180118200612
2018-01-18 20:09:02.622;RS;AS1-AS2-20180118200613
2018-01-18 20:09:03.067;RS;AS3-AS2-20180118200525
2018-01-18 20:09:03.075;SC;AS3-AS2-20180118200524
2018-01-18 20:09:03.600;RP;AS1-AS2-20180118200610
2018-01-18 20:09:04.159;RP;AS3-AS2-20180118200522
2018-01-18 20:09:04.175;SC;AS1-AS2-20180118200610
2018-01-18 20:09:04.255;RS;AS1-AS2-20180118200612
2018-01-18 20:09:04.691;RS;AS3-AS2-20180118200524
2018-01-18 20:09:04.751;SC;AS3-AS2-20180118200522
2018-01-18 20:09:04.751;SU;AS3-AS2-20180118200525
2018-01-18 20:09:04.758;SU;AS1-AS2-20180118200613
2018-01-18 20:09:04.760;SU;AS3-AS2-20180118200527
2018-01-18 20:09:05.282;RP;AS1-AS2-20180118200619
2018-01-18 20:09:05.698;RP;AS3-AS2-20180118200521
2018-01-18 20:09:05.845;SC;AS1-AS2-20180118200619
2018-01-18 20:09:05.849;RS;AS1-AS2-20180118200610
2018-01-18 20:09:06.265;SC;AS3-AS2-20180118200521
2018-01-18 20:09:06.330;RS;AS3-AS2-20180118200522
2018-01-18 20:09:07.022;RP;AS1-AS2-20180118200618
2018-01-18 20:09:07.311;RP;AS3-AS2-20180118200529
2018-01-18 20:09:07.480;RS;AS1-AS2-20180118200619
2018-01-18 20:09:07.499;SU;AS1-AS2-20180118200612
2018-01-18 20:09:07.510;SU;AS3-AS2-20180118200524
2018-01-18 20:09:07.510;SU;AS1-AS2-20180118200610
2018-01-18 20:09:07.611;SC;AS1-AS2-20180118200618
2018-01-18 20:09:07.886;SC;AS3-AS2-20180118200529
2018-01-18 20:09:07.888;RS;AS3-AS2-20180118200521
2018-01-18 20:09:08.447;RP;AS1-AS2-20180118200454
2018-01-18 20:09:08.856;RP;AS3-AS2-20180118200405
2018-01-18 20:09:09.009;SC;AS1-AS2-20180118200454
2018-01-18 20:09:09.416;RS;AS1-AS2-20180118200618
2018-01-18 20:09:09.435;SC;AS3-AS2-20180118200405
2018-01-18 20:09:09.485;RS;AS3-AS2-20180118200529
2018-01-18 20:09:09.563;SU;AS3-AS2-20180118200521
2018-01-18 20:09:09.565;SU;AS1-AS2-20180118200619
2018-01-18 20:09:09.567;SU;AS3-AS2-20180118200522
2018-01-18 20:09:10.251;RP;AS1-AS2-20180118200457
2018-01-18 20:09:10.471;RP;AS3-AS2-20180118200406
2018-01-18 20:09:10.770;RS;AS1-AS2-20180118200454
2018-01-18 20:09:10.809;SC;AS1-AS2-20180118200457
2018-01-18 20:09:11.035;RS;AS3-AS2-20180118200405
2018-01-18 20:09:11.043;SC;AS3-AS2-20180118200406
2018-01-18 20:09:11.828;RP;AS1-AS2-20180118200456
2018-01-18 20:09:12.118;RP;AS3-AS2-20180118200402
2018-01-18 20:09:12.409;SC;AS1-AS2-20180118200456
2018-01-18 20:09:12.574;RS;AS1-AS2-20180118200457
2018-01-18 20:09:12.658;SU;AS1-AS2-20180118200454
2018-01-18 20:09:12.669;RS;AS3-AS2-20180118200406
2018-01-18 20:09:12.676;SU;AS1-AS2-20180118200618
2018-01-18 20:09:12.689;SU;AS3-AS2-20180118200529
2018-01-18 20:09:12.689;SU;AS3-AS2-20180118200405
2018-01-18 20:09:12.743;SC;AS3-AS2-20180118200402
2018-01-18 20:09:13.590;RP;AS1-AS2-20180118200451
2018-01-18 20:09:13.604;RP;AS3-AS2-20180118200403
2018-01-18 20:09:14.068;RS;AS1-AS2-20180118200456
2018-01-18 20:09:14.168;SC;AS1-AS2-20180118200451
2018-01-18 20:09:14.183;SC;AS3-AS2-20180118200403
2018-01-18 20:09:14.397;RS;AS3-AS2-20180118200402
2018-01-18 20:09:15.052;RP;AS1-AS2-20180118200452
2018-01-18 20:09:15.347;RP;AS3-AS2-20180118200408
2018-01-18 20:09:15.642;SC;AS1-AS2-20180118200452
2018-01-18 20:09:15.841;SU;AS3-AS2-20180118200406
2018-01-18 20:09:15.841;SU;AS1-AS2-20180118200456
2018-01-18 20:09:15.878;RS;AS1-AS2-20180118200451
2018-01-18 20:09:15.881;SU;AS1-AS2-20180118200457
2018-01-18 20:09:15.885;SU;AS3-AS2-20180118200402
2018-01-18 20:09:15.891;RS;AS3-AS2-20180118200403
2018-01-18 20:09:15.931;SC;AS3-AS2-20180118200408
2018-01-18 20:09:16.828;RP;AS1-AS2-20180118200459
2018-01-18 20:09:16.868;RP;AS3-AS2-20180118200409
2018-01-18 20:09:17.120;RS;AS1-AS2-20180118200452
2018-01-18 20:09:17.223;RS;AS3-AS2-20180118200408
2018-01-18 20:09:17.404;SC;AS1-AS2-20180118200459
2018-01-18 20:09:17.447;SC;AS3-AS2-20180118200409
2018-01-18 20:09:18.193;RS;AS1-AS2-20180118200459
2018-01-18 20:09:18.214;RS;AS3-AS2-20180118200409
2018-01-18 20:09:19.119;SU;AS3-AS2-20180118200408
2018-01-18 20:09:19.125;SU;AS1-AS2-20180118200451
2018-01-18 20:09:19.138;SU;AS1-AS2-20180118200452
2018-01-18 20:09:19.149;SU;AS3-AS2-20180118200403
2018-01-18 20:09:21.440;SU;AS1-AS2-20180118200459
