2018-01-18 20:01:47.518;SQ;AS3-AS2-20180118200147
2018-01-18 20:01:49.047;SQ;AS3-AS2-20180118200149
2018-01-18 20:01:49.259;RO;AS3-AS2-20180118200147
2018-01-18 20:01:50.578;SQ;AS3-AS2-20180118200150
2018-01-18 20:01:50.792;RO;AS3-AS2-20180118200149
2018-01-18 20:01:52.117;SQ;AS3-AS2-20180118200152
2018-01-18 20:01:52.302;RO;AS3-AS2-20180118200150
2018-01-18 20:01:53.638;SQ;AS3-AS2-20180118200153
2018-01-18 20:01:53.823;RO;AS3-AS2-20180118200152
2018-01-18 20:01:55.159;SQ;AS3-AS2-20180118200155
2018-01-18 20:01:55.332;RO;AS3-AS2-20180118200153
2018-01-18 20:01:56.695;SQ;AS3-AS2-20180118200156
2018-01-18 20:01:56.870;RO;AS3-AS2-20180118200155
2018-01-18 20:01:58.245;SQ;AS3-AS2-20180118200158
2018-01-18 20:01:58.410;RO;AS3-AS2-20180118200156
2018-01-18 20:01:59.769;SQ;AS3-AS2-20180118200159
2018-01-18 20:01:59.936;RO;AS3-AS2-20180118200158
2018-01-18 20:02:01.310;SQ;AS3-AS2-20180118200201
2018-01-18 20:02:01.482;RO;AS3-AS2-20180118200159
2018-01-18 20:02:02.996;RO;AS3-AS2-20180118200201
2018-01-18 20:02:04.080;SP;AS3-AS2-20180118200201
2018-01-18 20:02:04.657;RC;AS3-AS2-20180118200201
2018-01-18 20:02:05.027;SP;AS3-AS2-20180118200156
2018-01-18 20:02:05.596;RC;AS3-AS2-20180118200156
2018-01-18 20:02:06.419;SS;AS3-AS2-20180118200201
2018-01-18 20:02:06.882;SP;AS3-AS2-20180118200147
2018-01-18 20:02:07.450;RC;AS3-AS2-20180118200147
2018-01-18 20:02:07.467;SS;AS3-AS2-20180118200156
2018-01-18 20:02:08.551;SP;AS3-AS2-20180118200155
2018-01-18 20:02:08.650;RU;AS3-AS2-20180118200201
2018-01-18 20:02:09.117;RC;AS3-AS2-20180118200155
2018-01-18 20:02:09.139;SS;AS3-AS2-20180118200147
2018-01-18 20:02:10.247;SP;AS3-AS2-20180118200152
2018-01-18 20:02:10.686;RU;AS3-AS2-20180118200147
2018-01-18 20:02:10.695;RU;AS3-AS2-20180118200156
2018-01-18 20:02:10.767;SS;AS3-AS2-20180118200155
2018-01-18 20:02:10.837;RC;AS3-AS2-20180118200152
2018-01-18 20:02:11.790;SP;AS3-AS2-20180118200153
2018-01-18 20:02:12.361;RC;AS3-AS2-20180118200153
2018-01-18 20:02:12.530;SS;AS3-AS2-20180118200152
2018-01-18 20:02:12.998;RU;AS3-AS2-20180118200155
2018-01-18 20:02:13.454;SP;AS3-AS2-20180118200150
2018-01-18 20:02:14.017;RC;AS3-AS2-20180118200150
2018-01-18 20:02:14.040;SS;AS3-AS2-20180118200153
2018-01-18 20:02:15.015;SP;AS3-AS2-20180118200149
2018-01-18 20:02:15.606;RC;AS3-AS2-20180118200149
2018-01-18 20:02:15.698;SS;AS3-AS2-20180118200150
2018-01-18 20:02:15.789;RU;AS3-AS2-20180118200152
2018-01-18 20:02:15.821;RU;AS3-AS2-20180118200153
2018-01-18 20:02:16.718;SP;AS3-AS2-20180118200158
2018-01-18 20:02:17.227;SS;AS3-AS2-20180118200149
2018-01-18 20:02:17.276;RC;AS3-AS2-20180118200158
2018-01-18 20:02:17.939;RU;AS3-AS2-20180118200150
2018-01-18 20:02:18.282;SP;AS3-AS2-20180118200159
2018-01-18 20:02:18.605;SS;AS3-AS2-20180118200158
2018-01-18 20:02:18.843;RC;AS3-AS2-20180118200159
2018-01-18 20:02:19.599;SS;AS3-AS2-20180118200159
2018-01-18 20:02:20.489;RU;AS3-AS2-20180118200158
2018-01-18 20:02:20.495;RU;AS3-AS2-20180118200149
2018-01-18 20:02:22.810;RU;AS3-AS2-20180118200159
2018-01-18 20:04:02.013;SQ;AS3-AS2-20180118200402
2018-01-18 20:04:03.571;SQ;AS3-AS2-20180118200403
2018-01-18 20:04:03.708;RO;AS3-AS2-20180118200402
2018-01-18 20:04:05.090;SQ;AS3-AS2-20180118200405
2018-01-18 20:04:05.306;RO;AS3-AS2-20180118200403
2018-01-18 20:04:06.643;SQ;AS3-AS2-20180118200406
2018-01-18 20:04:06.799;RO;AS3-AS2-20180118200405
2018-01-18 20:04:08.231;SQ;AS3-AS2-20180118200408
2018-01-18 20:04:08.362;RO;AS3-AS2-20180118200406
2018-01-18 20:04:09.820;SQ;AS3-AS2-20180118200409
2018-01-18 20:04:09.925;RO;AS3-AS2-20180118200408
2018-01-18 20:04:11.393;SQ;AS3-AS2-20180118200411
2018-01-18 20:04:11.521;RO;AS3-AS2-20180118200409
2018-01-18 20:04:12.949;SQ;AS3-AS2-20180118200412
2018-01-18 20:04:13.104;RO;AS3-AS2-20180118200411
2018-01-18 20:04:14.497;SQ;AS3-AS2-20180118200414
2018-01-18 20:04:14.654;RO;AS3-AS2-20180118200412
2018-01-18 20:04:16.036;SQ;AS3-AS2-20180118200416
2018-01-18 20:04:16.202;RO;AS3-AS2-20180118200414
2018-01-18 20:04:17.582;SQ;AS3-AS2-20180118200417
2018-01-18 20:04:17.729;RO;AS3-AS2-20180118200416
2018-01-18 20:04:19.123;SQ;AS3-AS2-20180118200419
2018-01-18 20:04:19.277;RO;AS3-AS2-20180118200417
2018-01-18 20:04:20.653;SQ;AS3-AS2-20180118200420
2018-01-18 20:04:20.833;RO;AS3-AS2-20180118200419
2018-01-18 20:04:22.236;SQ;AS3-AS2-20180118200422
2018-01-18 20:04:22.360;RO;AS3-AS2-20180118200420
2018-01-18 20:04:23.787;SQ;AS3-AS2-20180118200423
2018-01-18 20:04:23.955;RO;AS3-AS2-20180118200422
2018-01-18 20:04:25.354;SQ;AS3-AS2-20180118200425
2018-01-18 20:04:25.512;RO;AS3-AS2-20180118200423
2018-01-18 20:04:26.919;SQ;AS3-AS2-20180118200426
2018-01-18 20:04:27.072;RO;AS3-AS2-20180118200425
2018-01-18 20:04:28.494;SQ;AS3-AS2-20180118200428
2018-01-18 20:04:28.635;RO;AS3-AS2-20180118200426
2018-01-18 20:04:30.055;SQ;AS3-AS2-20180118200430
2018-01-18 20:04:30.192;RO;AS3-AS2-20180118200428
2018-01-18 20:04:31.617;SQ;AS3-AS2-20180118200431
2018-01-18 20:04:31.774;RO;AS3-AS2-20180118200430
2018-01-18 20:04:33.179;SQ;AS3-AS2-20180118200433
2018-01-18 20:04:33.319;RO;AS3-AS2-20180118200431
2018-01-18 20:04:34.758;SQ;AS3-AS2-20180118200434
2018-01-18 20:04:34.904;RO;AS3-AS2-20180118200433
2018-01-18 20:04:36.317;SQ;AS3-AS2-20180118200436
2018-01-18 20:04:36.457;RO;AS3-AS2-20180118200434
2018-01-18 20:04:37.871;SQ;AS3-AS2-20180118200437
2018-01-18 20:04:38.031;RO;AS3-AS2-20180118200436
2018-01-18 20:04:39.414;SQ;AS3-AS2-20180118200439
2018-01-18 20:04:39.567;RO;AS3-AS2-20180118200437
2018-01-18 20:04:40.960;SQ;AS3-AS2-20180118200440
2018-01-18 20:04:41.125;RO;AS3-AS2-20180118200439
2018-01-18 20:04:42.487;SQ;AS3-AS2-20180118200442
2018-01-18 20:04:42.663;RO;AS3-AS2-20180118200440
2018-01-18 20:04:44.010;SQ;AS3-AS2-20180118200444
2018-01-18 20:04:44.209;RO;AS3-AS2-20180118200442
2018-01-18 20:04:45.561;SQ;AS3-AS2-20180118200445
2018-01-18 20:04:45.715;RO;AS3-AS2-20180118200444
2018-01-18 20:04:47.110;SQ;AS3-AS2-20180118200447
2018-01-18 20:04:47.279;RO;AS3-AS2-20180118200445
2018-01-18 20:04:48.658;SQ;AS3-AS2-20180118200448
2018-01-18 20:04:48.814;RO;AS3-AS2-20180118200447
2018-01-18 20:04:50.208;SQ;AS3-AS2-20180118200450
2018-01-18 20:04:50.352;RO;AS3-AS2-20180118200448
2018-01-18 20:04:51.753;SQ;AS3-AS2-20180118200451
2018-01-18 20:04:51.928;RO;AS3-AS2-20180118200450
2018-01-18 20:04:53.295;SQ;AS3-AS2-20180118200453
2018-01-18 20:04:53.457;RO;AS3-AS2-20180118200451
2018-01-18 20:04:54.850;SQ;AS3-AS2-20180118200454
2018-01-18 20:04:55.003;RO;AS3-AS2-20180118200453
2018-01-18 20:04:56.403;SQ;AS3-AS2-20180118200456
2018-01-18 20:04:56.558;RO;AS3-AS2-20180118200454
2018-01-18 20:04:57.926;SQ;AS3-AS2-20180118200457
2018-01-18 20:04:58.123;RO;AS3-AS2-20180118200456
2018-01-18 20:04:59.478;SQ;AS3-AS2-20180118200459
2018-01-18 20:04:59.634;RO;AS3-AS2-20180118200457
2018-01-18 20:05:01.022;SQ;AS3-AS2-20180118200501
2018-01-18 20:05:01.199;RO;AS3-AS2-20180118200459
2018-01-18 20:05:02.612;SQ;AS3-AS2-20180118200502
2018-01-18 20:05:02.742;RO;AS3-AS2-20180118200501
2018-01-18 20:05:04.153;SQ;AS3-AS2-20180118200504
2018-01-18 20:05:04.317;RO;AS3-AS2-20180118200502
2018-01-18 20:05:05.718;SQ;AS3-AS2-20180118200505
2018-01-18 20:05:05.863;RO;AS3-AS2-20180118200504
2018-01-18 20:05:07.285;SQ;AS3-AS2-20180118200507
2018-01-18 20:05:07.432;RO;AS3-AS2-20180118200505
2018-01-18 20:05:08.851;SQ;AS3-AS2-20180118200508
2018-01-18 20:05:09.003;RO;AS3-AS2-20180118200507
2018-01-18 20:05:10.451;SQ;AS3-AS2-20180118200510
2018-01-18 20:05:10.564;RO;AS3-AS2-20180118200508
2018-01-18 20:05:11.997;SQ;AS3-AS2-20180118200511
2018-01-18 20:05:12.164;RO;AS3-AS2-20180118200510
2018-01-18 20:05:13.580;SQ;AS3-AS2-20180118200513
2018-01-18 20:05:13.717;RO;AS3-AS2-20180118200511
2018-01-18 20:05:15.135;SQ;AS3-AS2-20180118200515
2018-01-18 20:05:15.310;RO;AS3-AS2-20180118200513
2018-01-18 20:05:16.670;SQ;AS3-AS2-20180118200516
2018-01-18 20:05:16.845;RO;AS3-AS2-20180118200515
2018-01-18 20:05:18.189;SQ;AS3-AS2-20180118200518
2018-01-18 20:05:18.373;RO;AS3-AS2-20180118200516
2018-01-18 20:05:19.719;SQ;AS3-AS2-20180118200519
2018-01-18 20:05:19.908;RO;AS3-AS2-20180118200518
2018-01-18 20:05:21.292;SQ;AS3-AS2-20180118200521
2018-01-18 20:05:21.417;RO;AS3-AS2-20180118200519
2018-01-18 20:05:22.851;SQ;AS3-AS2-20180118200522
2018-01-18 20:05:22.996;RO;AS3-AS2-20180118200521
2018-01-18 20:05:24.399;SQ;AS3-AS2-20180118200524
2018-01-18 20:05:24.551;RO;AS3-AS2-20180118200522
2018-01-18 20:05:25.970;SQ;AS3-AS2-20180118200525
2018-01-18 20:05:26.113;RO;AS3-AS2-20180118200524
2018-01-18 20:05:27.547;SQ;AS3-AS2-20180118200527
2018-01-18 20:05:27.696;RO;AS3-AS2-20180118200525
2018-01-18 20:05:29.094;SQ;AS3-AS2-20180118200529
2018-01-18 20:05:29.262;RO;AS3-AS2-20180118200527
2018-01-18 20:05:30.601;SQ;AS3-AS2-20180118200530
2018-01-18 20:05:30.789;RO;AS3-AS2-20180118200529
2018-01-18 20:05:32.133;SQ;AS3-AS2-20180118200532
2018-01-18 20:05:32.330;RO;AS3-AS2-20180118200530
2018-01-18 20:05:33.673;SQ;AS3-AS2-20180118200533
2018-01-18 20:05:33.827;RO;AS3-AS2-20180118200532
2018-01-18 20:05:35.209;SQ;AS3-AS2-20180118200535
2018-01-18 20:05:35.384;RO;AS3-AS2-20180118200533
2018-01-18 20:05:36.759;SQ;AS3-AS2-20180118200536
2018-01-18 20:05:36.915;RO;AS3-AS2-20180118200535
2018-01-18 20:05:38.298;SQ;AS3-AS2-20180118200538
2018-01-18 20:05:38.465;RO;AS3-AS2-20180118200536
2018-01-18 20:05:39.875;SQ;AS3-AS2-20180118200539
2018-01-18 20:05:40.030;RO;AS3-AS2-20180118200538
2018-01-18 20:05:41.415;SQ;AS3-AS2-20180118200541
2018-01-18 20:05:41.584;RO;AS3-AS2-20180118200539
2018-01-18 20:05:42.959;SQ;AS3-AS2-20180118200542
2018-01-18 20:05:43.125;RO;AS3-AS2-20180118200541
2018-01-18 20:05:44.485;SQ;AS3-AS2-20180118200544
2018-01-18 20:05:44.664;RO;AS3-AS2-20180118200542
2018-01-18 20:05:46.032;SQ;AS3-AS2-20180118200546
2018-01-18 20:05:46.215;RO;AS3-AS2-20180118200544
2018-01-18 20:05:47.571;SQ;AS3-AS2-20180118200547
2018-01-18 20:05:47.724;RO;AS3-AS2-20180118200546
2018-01-18 20:05:49.111;SQ;AS3-AS2-20180118200549
2018-01-18 20:05:49.295;RO;AS3-AS2-20180118200547
2018-01-18 20:05:50.661;SQ;AS3-AS2-20180118200550
2018-01-18 20:05:50.808;RO;AS3-AS2-20180118200549
2018-01-18 20:05:52.211;SQ;AS3-AS2-20180118200552
2018-01-18 20:05:52.364;RO;AS3-AS2-20180118200550
2018-01-18 20:05:53.759;SQ;AS3-AS2-20180118200553
2018-01-18 20:05:53.920;RO;AS3-AS2-20180118200552
2018-01-18 20:05:55.272;SQ;AS3-AS2-20180118200555
2018-01-18 20:05:55.470;RO;AS3-AS2-20180118200553
2018-01-18 20:05:56.784;SQ;AS3-AS2-20180118200556
2018-01-18 20:05:56.994;RO;AS3-AS2-20180118200555
2018-01-18 20:05:58.343;SQ;AS3-AS2-20180118200558
2018-01-18 20:05:58.487;RO;AS3-AS2-20180118200556
2018-01-18 20:05:59.892;SQ;AS3-AS2-20180118200559
2018-01-18 20:06:00.048;RO;AS3-AS2-20180118200558
2018-01-18 20:06:01.485;SQ;AS3-AS2-20180118200601
2018-01-18 20:06:01.594;RO;AS3-AS2-20180118200559
2018-01-18 20:06:03.180;RO;AS3-AS2-20180118200601
2018-01-18 20:06:03.187;SQ;AS3-AS2-20180118200603
2018-01-18 20:06:04.722;SQ;AS3-AS2-20180118200604
2018-01-18 20:06:04.895;RO;AS3-AS2-20180118200603
2018-01-18 20:06:06.259;SQ;AS3-AS2-20180118200606
2018-01-18 20:06:06.434;RO;AS3-AS2-20180118200604
2018-01-18 20:06:07.846;SQ;AS3-AS2-20180118200607
2018-01-18 20:06:07.962;RO;AS3-AS2-20180118200606
2018-01-18 20:06:09.422;SQ;AS3-AS2-20180118200609
2018-01-18 20:06:09.559;RO;AS3-AS2-20180118200607
2018-01-18 20:06:10.967;SQ;AS3-AS2-20180118200610
2018-01-18 20:06:11.124;RO;AS3-AS2-20180118200609
2018-01-18 20:06:12.511;SQ;AS3-AS2-20180118200612
2018-01-18 20:06:12.667;RO;AS3-AS2-20180118200610
2018-01-18 20:06:14.062;SQ;AS3-AS2-20180118200614
2018-01-18 20:06:14.233;RO;AS3-AS2-20180118200612
2018-01-18 20:06:15.614;SQ;AS3-AS2-20180118200615
2018-01-18 20:06:15.769;RO;AS3-AS2-20180118200614
2018-01-18 20:06:17.172;SQ;AS3-AS2-20180118200617
2018-01-18 20:06:17.343;RO;AS3-AS2-20180118200615
2018-01-18 20:06:18.760;SQ;AS3-AS2-20180118200618
2018-01-18 20:06:18.885;RO;AS3-AS2-20180118200617
2018-01-18 20:06:20.321;SQ;AS3-AS2-20180118200620
2018-01-18 20:06:20.469;RO;AS3-AS2-20180118200618
2018-01-18 20:06:21.852;SQ;AS3-AS2-20180118200621
2018-01-18 20:06:22.049;RO;AS3-AS2-20180118200620
2018-01-18 20:06:23.398;SQ;AS3-AS2-20180118200623
2018-01-18 20:06:23.592;RO;AS3-AS2-20180118200621
2018-01-18 20:06:24.925;SQ;AS3-AS2-20180118200624
2018-01-18 20:06:25.106;RO;AS3-AS2-20180118200623
2018-01-18 20:06:26.457;SQ;AS3-AS2-20180118200626
2018-01-18 20:06:26.633;RO;AS3-AS2-20180118200624
2018-01-18 20:06:28.005;SQ;AS3-AS2-20180118200628
2018-01-18 20:06:28.156;RO;AS3-AS2-20180118200626
2018-01-18 20:06:29.549;SQ;AS3-AS2-20180118200629
2018-01-18 20:06:29.707;RO;AS3-AS2-20180118200628
2018-01-18 20:06:31.098;SQ;AS3-AS2-20180118200631
2018-01-18 20:06:31.263;RO;AS3-AS2-20180118200629
2018-01-18 20:06:32.631;SQ;AS3-AS2-20180118200632
2018-01-18 20:06:32.800;RO;AS3-AS2-20180118200631
2018-01-18 20:06:34.214;SQ;AS3-AS2-20180118200634
2018-01-18 20:06:34.332;RO;AS3-AS2-20180118200632
2018-01-18 20:06:35.806;SQ;AS3-AS2-20180118200635
2018-01-18 20:06:35.942;RO;AS3-AS2-20180118200634
2018-01-18 20:06:37.482;RO;AS3-AS2-20180118200635
2018-01-18 20:06:38.575;SP;AS3-AS2-20180118200552
2018-01-18 20:06:39.128;RC;AS3-AS2-20180118200552
2018-01-18 20:06:39.519;SP;AS3-AS2-20180118200553
2018-01-18 20:06:40.087;RC;AS3-AS2-20180118200553
2018-01-18 20:06:40.890;SS;AS3-AS2-20180118200552
2018-01-18 20:06:41.335;SP;AS3-AS2-20180118200550
2018-01-18 20:06:41.915;RC;AS3-AS2-20180118200550
2018-01-18 20:06:42.026;SS;AS3-AS2-20180118200553
2018-01-18 20:06:42.312;RU;AS3-AS2-20180118200552
2018-01-18 20:06:42.996;SP;AS3-AS2-20180118200556
2018-01-18 20:06:43.578;RC;AS3-AS2-20180118200556
2018-01-18 20:06:43.587;SS;AS3-AS2-20180118200550
2018-01-18 20:06:44.621;SP;AS3-AS2-20180118200555
2018-01-18 20:06:44.938;RU;AS3-AS2-20180118200550
2018-01-18 20:06:44.939;RU;AS3-AS2-20180118200553
2018-01-18 20:06:45.202;SS;AS3-AS2-20180118200556
2018-01-18 20:06:45.237;RC;AS3-AS2-20180118200555
2018-01-18 20:06:46.131;SP;AS3-AS2-20180118200558
2018-01-18 20:06:46.697;RC;AS3-AS2-20180118200558
2018-01-18 20:06:46.897;SS;AS3-AS2-20180118200555
2018-01-18 20:06:47.867;SP;AS3-AS2-20180118200559
2018-01-18 20:06:48.189;RU;AS3-AS2-20180118200556
2018-01-18 20:06:48.390;SS;AS3-AS2-20180118200558
2018-01-18 20:06:48.457;RC;AS3-AS2-20180118200559
2018-01-18 20:06:49.407;SP;AS3-AS2-20180118200632
2018-01-18 20:06:49.994;RC;AS3-AS2-20180118200632
2018-01-18 20:06:50.102;SS;AS3-AS2-20180118200559
2018-01-18 20:06:50.115;RU;AS3-AS2-20180118200558
2018-01-18 20:06:50.130;RU;AS3-AS2-20180118200555
2018-01-18 20:06:51.064;SP;AS3-AS2-20180118200631
2018-01-18 20:06:51.591;SS;AS3-AS2-20180118200632
2018-01-18 20:06:51.645;RC;AS3-AS2-20180118200631
2018-01-18 20:06:52.635;SP;AS3-AS2-20180118200412
2018-01-18 20:06:53.122;RU;AS3-AS2-20180118200632
2018-01-18 20:06:53.122;RU;AS3-AS2-20180118200559
2018-01-18 20:06:53.233;RC;AS3-AS2-20180118200412
2018-01-18 20:06:53.298;SS;AS3-AS2-20180118200631
2018-01-18 20:06:54.226;SP;AS3-AS2-20180118200411
2018-01-18 20:06:54.804;RC;AS3-AS2-20180118200411
2018-01-18 20:06:54.846;SS;AS3-AS2-20180118200412
2018-01-18 20:06:55.871;SP;AS3-AS2-20180118200417
2018-01-18 20:06:56.375;RU;AS3-AS2-20180118200631
2018-01-18 20:06:56.394;RU;AS3-AS2-20180118200412
2018-01-18 20:06:56.423;SS;AS3-AS2-20180118200411
2018-01-18 20:06:56.487;RC;AS3-AS2-20180118200417
2018-01-18 20:06:57.393;SP;AS3-AS2-20180118200416
2018-01-18 20:06:57.964;RC;AS3-AS2-20180118200416
2018-01-18 20:06:58.069;SS;AS3-AS2-20180118200417
2018-01-18 20:06:59.038;SP;AS3-AS2-20180118200414
2018-01-18 20:06:59.578;RU;AS3-AS2-20180118200411
2018-01-18 20:06:59.579;RU;AS3-AS2-20180118200417
2018-01-18 20:06:59.618;SS;AS3-AS2-20180118200416
2018-01-18 20:06:59.636;RC;AS3-AS2-20180118200414
2018-01-18 20:07:00.563;SP;AS3-AS2-20180118200419
2018-01-18 20:07:01.137;RC;AS3-AS2-20180118200419
2018-01-18 20:07:01.202;SS;AS3-AS2-20180118200414
2018-01-18 20:07:02.239;SP;AS3-AS2-20180118200541
2018-01-18 20:07:02.780;SS;AS3-AS2-20180118200419
2018-01-18 20:07:02.783;RU;AS3-AS2-20180118200414
2018-01-18 20:07:02.788;RU;AS3-AS2-20180118200416
2018-01-18 20:07:02.835;RC;AS3-AS2-20180118200541
2018-01-18 20:07:03.739;SP;AS3-AS2-20180118200542
2018-01-18 20:07:04.318;RC;AS3-AS2-20180118200542
2018-01-18 20:07:04.470;SS;AS3-AS2-20180118200541
2018-01-18 20:07:05.355;SP;AS3-AS2-20180118200544
2018-01-18 20:07:05.962;RC;AS3-AS2-20180118200544
2018-01-18 20:07:05.998;SS;AS3-AS2-20180118200542
2018-01-18 20:07:06.022;RU;AS3-AS2-20180118200419
2018-01-18 20:07:06.041;RU;AS3-AS2-20180118200541
2018-01-18 20:07:06.987;SP;AS3-AS2-20180118200547
2018-01-18 20:07:07.531;SS;AS3-AS2-20180118200544
2018-01-18 20:07:07.554;RC;AS3-AS2-20180118200547
2018-01-18 20:07:08.523;SP;AS3-AS2-20180118200546
2018-01-18 20:07:09.122;RC;AS3-AS2-20180118200546
2018-01-18 20:07:09.151;SS;AS3-AS2-20180118200547
2018-01-18 20:07:09.295;RU;AS3-AS2-20180118200542
2018-01-18 20:07:09.304;RU;AS3-AS2-20180118200544
2018-01-18 20:07:10.186;SP;AS3-AS2-20180118200549
2018-01-18 20:07:10.702;SS;AS3-AS2-20180118200546
2018-01-18 20:07:10.759;RC;AS3-AS2-20180118200549
2018-01-18 20:07:11.691;SP;AS3-AS2-20180118200628
2018-01-18 20:07:12.300;RC;AS3-AS2-20180118200628
2018-01-18 20:07:12.419;SS;AS3-AS2-20180118200549
2018-01-18 20:07:12.427;RU;AS3-AS2-20180118200547
2018-01-18 20:07:12.456;RU;AS3-AS2-20180118200546
2018-01-18 20:07:13.402;SP;AS3-AS2-20180118200629
2018-01-18 20:07:13.962;SS;AS3-AS2-20180118200628
2018-01-18 20:07:13.978;RC;AS3-AS2-20180118200629
2018-01-18 20:07:14.947;SP;AS3-AS2-20180118200606
2018-01-18 20:07:15.530;RC;AS3-AS2-20180118200606
2018-01-18 20:07:15.596;SS;AS3-AS2-20180118200629
2018-01-18 20:07:15.727;RU;AS3-AS2-20180118200549
2018-01-18 20:07:15.729;RU;AS3-AS2-20180118200628
2018-01-18 20:07:16.580;SP;AS3-AS2-20180118200607
2018-01-18 20:07:17.154;SS;AS3-AS2-20180118200606
2018-01-18 20:07:17.158;RC;AS3-AS2-20180118200607
2018-01-18 20:07:18.119;SP;AS3-AS2-20180118200442
2018-01-18 20:07:18.699;RC;AS3-AS2-20180118200442
2018-01-18 20:07:18.777;SS;AS3-AS2-20180118200607
2018-01-18 20:07:18.864;RU;AS3-AS2-20180118200629
2018-01-18 20:07:18.864;RU;AS3-AS2-20180118200606
2018-01-18 20:07:19.759;SP;AS3-AS2-20180118200444
2018-01-18 20:07:20.282;SS;AS3-AS2-20180118200442
2018-01-18 20:07:20.341;RC;AS3-AS2-20180118200444
2018-01-18 20:07:21.279;SP;AS3-AS2-20180118200603
2018-01-18 20:07:21.852;RC;AS3-AS2-20180118200603
2018-01-18 20:07:21.983;SS;AS3-AS2-20180118200444
2018-01-18 20:07:22.050;RU;AS3-AS2-20180118200607
2018-01-18 20:07:22.051;RU;AS3-AS2-20180118200442
2018-01-18 20:07:22.960;SP;AS3-AS2-20180118200447
2018-01-18 20:07:23.460;SS;AS3-AS2-20180118200603
2018-01-18 20:07:23.524;RC;AS3-AS2-20180118200447
2018-01-18 20:07:24.459;SP;AS3-AS2-20180118200448
2018-01-18 20:07:25.036;RC;AS3-AS2-20180118200448
2018-01-18 20:07:25.174;SS;AS3-AS2-20180118200447
2018-01-18 20:07:25.227;RU;AS3-AS2-20180118200444
2018-01-18 20:07:25.230;RU;AS3-AS2-20180118200603
2018-01-18 20:07:26.122;SP;AS3-AS2-20180118200609
2018-01-18 20:07:26.647;SS;AS3-AS2-20180118200448
2018-01-18 20:07:26.684;RC;AS3-AS2-20180118200609
2018-01-18 20:07:27.655;SP;AS3-AS2-20180118200635
2018-01-18 20:07:28.231;RC;AS3-AS2-20180118200635
2018-01-18 20:07:28.314;SS;AS3-AS2-20180118200609
2018-01-18 20:07:28.449;RU;AS3-AS2-20180118200447
2018-01-18 20:07:28.449;RU;AS3-AS2-20180118200448
2018-01-18 20:07:29.346;SP;AS3-AS2-20180118200615
2018-01-18 20:07:29.843;SS;AS3-AS2-20180118200635
2018-01-18 20:07:29.906;RC;AS3-AS2-20180118200615
2018-01-18 20:07:30.867;SP;AS3-AS2-20180118200614
2018-01-18 20:07:31.443;RC;AS3-AS2-20180118200614
2018-01-18 20:07:31.521;SS;AS3-AS2-20180118200615
2018-01-18 20:07:31.549;RU;AS3-AS2-20180118200635
2018-01-18 20:07:31.551;RU;AS3-AS2-20180118200609
2018-01-18 20:07:32.495;SP;AS3-AS2-20180118200617
2018-01-18 20:07:33.060;RC;AS3-AS2-20180118200617
2018-01-18 20:07:33.093;SS;AS3-AS2-20180118200614
2018-01-18 20:07:33.687;RU;AS3-AS2-20180118200615
2018-01-18 20:07:34.150;SP;AS3-AS2-20180118200610
2018-01-18 20:07:34.667;SS;AS3-AS2-20180118200617
2018-01-18 20:07:34.715;RC;AS3-AS2-20180118200610
2018-01-18 20:07:35.639;SP;AS3-AS2-20180118200459
2018-01-18 20:07:36.217;RC;AS3-AS2-20180118200459
2018-01-18 20:07:36.385;SS;AS3-AS2-20180118200610
2018-01-18 20:07:36.435;RU;AS3-AS2-20180118200617
2018-01-18 20:07:36.455;RU;AS3-AS2-20180118200614
2018-01-18 20:07:37.310;SP;AS3-AS2-20180118200612
2018-01-18 20:07:37.823;SS;AS3-AS2-20180118200459
2018-01-18 20:07:37.870;RC;AS3-AS2-20180118200612
2018-01-18 20:07:38.540;RU;AS3-AS2-20180118200610
2018-01-18 20:07:38.921;SP;AS3-AS2-20180118200457
2018-01-18 20:07:39.496;RC;AS3-AS2-20180118200457
2018-01-18 20:07:39.519;SS;AS3-AS2-20180118200612
2018-01-18 20:07:40.599;SP;AS3-AS2-20180118200456
2018-01-18 20:07:41.070;RU;AS3-AS2-20180118200459
2018-01-18 20:07:41.073;RU;AS3-AS2-20180118200612
2018-01-18 20:07:41.114;SS;AS3-AS2-20180118200457
2018-01-18 20:07:41.181;RC;AS3-AS2-20180118200456
2018-01-18 20:07:42.107;SP;AS3-AS2-20180118200454
2018-01-18 20:07:42.671;RC;AS3-AS2-20180118200454
2018-01-18 20:07:42.830;SS;AS3-AS2-20180118200456
2018-01-18 20:07:43.818;SP;AS3-AS2-20180118200453
2018-01-18 20:07:44.312;SS;AS3-AS2-20180118200454
2018-01-18 20:07:44.362;RU;AS3-AS2-20180118200456
2018-01-18 20:07:44.385;RU;AS3-AS2-20180118200457
2018-01-18 20:07:44.415;RC;AS3-AS2-20180118200453
2018-01-18 20:07:45.251;SP;AS3-AS2-20180118200618
2018-01-18 20:07:45.828;RC;AS3-AS2-20180118200618
2018-01-18 20:07:46.030;SS;AS3-AS2-20180118200453
2018-01-18 20:07:46.979;SP;AS3-AS2-20180118200451
2018-01-18 20:07:47.496;RU;AS3-AS2-20180118200453
2018-01-18 20:07:47.497;RU;AS3-AS2-20180118200454
2018-01-18 20:07:47.515;SS;AS3-AS2-20180118200618
2018-01-18 20:07:47.593;RC;AS3-AS2-20180118200451
2018-01-18 20:07:48.442;SP;AS3-AS2-20180118200450
2018-01-18 20:07:49.019;RC;AS3-AS2-20180118200450
2018-01-18 20:07:49.213;SS;AS3-AS2-20180118200451
2018-01-18 20:07:50.154;SP;AS3-AS2-20180118200518
2018-01-18 20:07:50.710;SS;AS3-AS2-20180118200450
2018-01-18 20:07:50.740;RU;AS3-AS2-20180118200451
2018-01-18 20:07:50.766;RC;AS3-AS2-20180118200518
2018-01-18 20:07:50.772;RU;AS3-AS2-20180118200618
2018-01-18 20:07:51.675;SP;AS3-AS2-20180118200519
2018-01-18 20:07:52.237;RC;AS3-AS2-20180118200519
2018-01-18 20:07:52.407;SS;AS3-AS2-20180118200518
2018-01-18 20:07:53.352;SP;AS3-AS2-20180118200516
2018-01-18 20:07:53.918;SS;AS3-AS2-20180118200519
2018-01-18 20:07:53.952;RC;AS3-AS2-20180118200516
2018-01-18 20:07:53.968;RU;AS3-AS2-20180118200450
2018-01-18 20:07:53.971;RU;AS3-AS2-20180118200518
2018-01-18 20:07:54.927;SP;AS3-AS2-20180118200515
2018-01-18 20:07:55.504;RC;AS3-AS2-20180118200515
2018-01-18 20:07:55.541;SS;AS3-AS2-20180118200516
2018-01-18 20:07:56.580;SP;AS3-AS2-20180118200513
2018-01-18 20:07:57.158;SS;AS3-AS2-20180118200515
2018-01-18 20:07:57.189;RU;AS3-AS2-20180118200516
2018-01-18 20:07:57.189;RU;AS3-AS2-20180118200519
2018-01-18 20:07:57.198;RC;AS3-AS2-20180118200513
2018-01-18 20:07:58.122;SP;AS3-AS2-20180118200510
2018-01-18 20:07:58.696;RC;AS3-AS2-20180118200510
2018-01-18 20:07:58.775;SS;AS3-AS2-20180118200513
2018-01-18 20:07:59.682;SP;AS3-AS2-20180118200511
2018-01-18 20:08:00.275;RC;AS3-AS2-20180118200511
2018-01-18 20:08:00.350;SS;AS3-AS2-20180118200510
2018-01-18 20:08:00.445;RU;AS3-AS2-20180118200515
2018-01-18 20:08:00.445;RU;AS3-AS2-20180118200513
2018-01-18 20:08:01.327;SP;AS3-AS2-20180118200440
2018-01-18 20:08:01.871;SS;AS3-AS2-20180118200511
2018-01-18 20:08:01.906;RC;AS3-AS2-20180118200440
2018-01-18 20:08:02.922;SP;AS3-AS2-20180118200604
2018-01-18 20:08:03.535;RC;AS3-AS2-20180118200604
2018-01-18 20:08:03.557;SS;AS3-AS2-20180118200440
2018-01-18 20:08:03.611;RU;AS3-AS2-20180118200510
2018-01-18 20:08:03.623;RU;AS3-AS2-20180118200511
2018-01-18 20:08:04.551;SP;AS3-AS2-20180118200445
2018-01-18 20:08:05.135;RC;AS3-AS2-20180118200445
2018-01-18 20:08:05.161;SS;AS3-AS2-20180118200604
2018-01-18 20:08:06.115;SP;AS3-AS2-20180118200620
2018-01-18 20:08:06.706;RC;AS3-AS2-20180118200620
2018-01-18 20:08:06.774;SS;AS3-AS2-20180118200445
2018-01-18 20:08:06.807;RU;AS3-AS2-20180118200604
2018-01-18 20:08:06.820;RU;AS3-AS2-20180118200440
2018-01-18 20:08:07.765;SP;AS3-AS2-20180118200621
2018-01-18 20:08:08.289;SS;AS3-AS2-20180118200620
2018-01-18 20:08:08.325;RC;AS3-AS2-20180118200621
2018-01-18 20:08:09.282;SP;AS3-AS2-20180118200428
2018-01-18 20:08:09.877;RC;AS3-AS2-20180118200428
2018-01-18 20:08:10.003;SS;AS3-AS2-20180118200621
2018-01-18 20:08:10.033;RU;AS3-AS2-20180118200620
2018-01-18 20:08:10.193;RU;AS3-AS2-20180118200445
2018-01-18 20:08:10.963;SP;AS3-AS2-20180118200623
2018-01-18 20:08:11.523;RC;AS3-AS2-20180118200623
2018-01-18 20:08:11.551;SS;AS3-AS2-20180118200428
2018-01-18 20:08:12.590;SP;AS3-AS2-20180118200624
2018-01-18 20:08:13.155;SS;AS3-AS2-20180118200623
2018-01-18 20:08:13.185;RC;AS3-AS2-20180118200624
2018-01-18 20:08:13.265;RU;AS3-AS2-20180118200428
2018-01-18 20:08:13.271;RU;AS3-AS2-20180118200621
2018-01-18 20:08:14.223;SP;AS3-AS2-20180118200626
2018-01-18 20:08:14.777;RC;AS3-AS2-20180118200626
2018-01-18 20:08:14.795;SS;AS3-AS2-20180118200624
2018-01-18 20:08:15.908;SP;AS3-AS2-20180118200422
2018-01-18 20:08:16.396;RU;AS3-AS2-20180118200624
2018-01-18 20:08:16.399;RU;AS3-AS2-20180118200623
2018-01-18 20:08:16.448;SS;AS3-AS2-20180118200626
2018-01-18 20:08:16.499;RC;AS3-AS2-20180118200422
2018-01-18 20:08:17.407;SP;AS3-AS2-20180118200423
2018-01-18 20:08:17.969;RC;AS3-AS2-20180118200423
2018-01-18 20:08:18.146;SS;AS3-AS2-20180118200422
2018-01-18 20:08:18.516;RU;AS3-AS2-20180118200626
2018-01-18 20:08:19.065;SP;AS3-AS2-20180118200420
2018-01-18 20:08:19.583;SS;AS3-AS2-20180118200423
2018-01-18 20:08:19.623;RC;AS3-AS2-20180118200420
2018-01-18 20:08:20.577;SP;AS3-AS2-20180118200601
2018-01-18 20:08:21.161;RC;AS3-AS2-20180118200601
2018-01-18 20:08:21.230;SS;AS3-AS2-20180118200420
2018-01-18 20:08:21.404;RU;AS3-AS2-20180118200422
2018-01-18 20:08:21.404;RU;AS3-AS2-20180118200423
2018-01-18 20:08:22.227;SP;AS3-AS2-20180118200426
2018-01-18 20:08:22.759;SS;AS3-AS2-20180118200601
2018-01-18 20:08:22.790;RC;AS3-AS2-20180118200426
2018-01-18 20:08:23.431;RU;AS3-AS2-20180118200420
2018-01-18 20:08:23.856;SP;AS3-AS2-20180118200425
2018-01-18 20:08:24.373;SS;AS3-AS2-20180118200426
2018-01-18 20:08:24.427;RC;AS3-AS2-20180118200425
2018-01-18 20:08:25.346;SP;AS3-AS2-20180118200508
2018-01-18 20:08:25.939;RC;AS3-AS2-20180118200508
2018-01-18 20:08:26.013;RU;AS3-AS2-20180118200426
2018-01-18 20:08:26.019;RU;AS3-AS2-20180118200601
2018-01-18 20:08:26.069;SS;AS3-AS2-20180118200425
2018-01-18 20:08:27.042;SP;AS3-AS2-20180118200505
2018-01-18 20:08:27.555;SS;AS3-AS2-20180118200508
2018-01-18 20:08:27.600;RC;AS3-AS2-20180118200505
2018-01-18 20:08:28.359;RU;AS3-AS2-20180118200425
2018-01-18 20:08:28.615;SP;AS3-AS2-20180118200504
2018-01-18 20:08:29.180;RC;AS3-AS2-20180118200504
2018-01-18 20:08:29.331;SS;AS3-AS2-20180118200505
2018-01-18 20:08:30.327;SP;AS3-AS2-20180118200507
2018-01-18 20:08:30.807;RU;AS3-AS2-20180118200508
2018-01-18 20:08:30.809;RU;AS3-AS2-20180118200505
2018-01-18 20:08:30.863;SS;AS3-AS2-20180118200504
2018-01-18 20:08:30.907;RC;AS3-AS2-20180118200507
2018-01-18 20:08:31.895;SP;AS3-AS2-20180118200501
2018-01-18 20:08:32.457;RC;AS3-AS2-20180118200501
2018-01-18 20:08:32.482;SS;AS3-AS2-20180118200507
2018-01-18 20:08:33.137;RU;AS3-AS2-20180118200504
2018-01-18 20:08:33.546;SP;AS3-AS2-20180118200502
2018-01-18 20:08:34.108;RC;AS3-AS2-20180118200502
2018-01-18 20:08:34.119;SS;AS3-AS2-20180118200501
2018-01-18 20:08:35.134;SP;AS3-AS2-20180118200439
2018-01-18 20:08:35.712;RU;AS3-AS2-20180118200507
2018-01-18 20:08:35.720;SS;AS3-AS2-20180118200502
2018-01-18 20:08:35.722;RC;AS3-AS2-20180118200439
2018-01-18 20:08:35.729;RU;AS3-AS2-20180118200501
2018-01-18 20:08:36.767;SP;AS3-AS2-20180118200431
2018-01-18 20:08:37.322;RC;AS3-AS2-20180118200431
2018-01-18 20:08:37.366;SS;AS3-AS2-20180118200439
2018-01-18 20:08:38.077;RU;AS3-AS2-20180118200502
2018-01-18 20:08:38.391;SP;AS3-AS2-20180118200430
2018-01-18 20:08:38.946;SS;AS3-AS2-20180118200431
2018-01-18 20:08:38.963;RC;AS3-AS2-20180118200430
2018-01-18 20:08:39.935;SP;AS3-AS2-20180118200433
2018-01-18 20:08:40.521;RC;AS3-AS2-20180118200433
2018-01-18 20:08:40.590;SS;AS3-AS2-20180118200430
2018-01-18 20:08:40.615;RU;AS3-AS2-20180118200431
2018-01-18 20:08:40.619;RU;AS3-AS2-20180118200439
2018-01-18 20:08:41.602;SP;AS3-AS2-20180118200634
2018-01-18 20:08:42.111;SS;AS3-AS2-20180118200433
2018-01-18 20:08:42.160;RC;AS3-AS2-20180118200634
2018-01-18 20:08:42.850;RU;AS3-AS2-20180118200430
2018-01-18 20:08:43.143;SP;AS3-AS2-20180118200434
2018-01-18 20:08:43.719;RC;AS3-AS2-20180118200434
2018-01-18 20:08:43.767;SS;AS3-AS2-20180118200634
2018-01-18 20:08:44.707;SP;AS3-AS2-20180118200437
2018-01-18 20:08:45.297;RC;AS3-AS2-20180118200437
2018-01-18 20:08:45.350;RU;AS3-AS2-20180118200634
2018-01-18 20:08:45.353;RU;AS3-AS2-20180118200433
2018-01-18 20:08:45.362;SS;AS3-AS2-20180118200434
2018-01-18 20:08:46.339;SP;AS3-AS2-20180118200436
2018-01-18 20:08:46.867;SS;AS3-AS2-20180118200437
2018-01-18 20:08:46.899;RC;AS3-AS2-20180118200436
2018-01-18 20:08:47.785;RU;AS3-AS2-20180118200434
2018-01-18 20:08:47.906;SP;AS3-AS2-20180118200538
2018-01-18 20:08:48.470;RC;AS3-AS2-20180118200538
2018-01-18 20:08:48.546;SS;AS3-AS2-20180118200436
2018-01-18 20:08:49.509;SP;AS3-AS2-20180118200539
2018-01-18 20:08:50.107;RC;AS3-AS2-20180118200539
2018-01-18 20:08:50.107;SS;AS3-AS2-20180118200538
2018-01-18 20:08:50.134;RU;AS3-AS2-20180118200437
2018-01-18 20:08:50.134;RU;AS3-AS2-20180118200436
2018-01-18 20:08:51.115;SP;AS3-AS2-20180118200530
2018-01-18 20:08:51.683;RC;AS3-AS2-20180118200530
2018-01-18 20:08:51.700;SS;AS3-AS2-20180118200539
2018-01-18 20:08:52.731;SP;AS3-AS2-20180118200532
2018-01-18 20:08:52.902;RU;AS3-AS2-20180118200538
2018-01-18 20:08:53.308;RC;AS3-AS2-20180118200532
2018-01-18 20:08:53.354;SS;AS3-AS2-20180118200530
2018-01-18 20:08:54.415;SP;AS3-AS2-20180118200533
2018-01-18 20:08:54.916;SS;AS3-AS2-20180118200532
2018-01-18 20:08:54.926;RU;AS3-AS2-20180118200530
2018-01-18 20:08:54.927;RU;AS3-AS2-20180118200539
2018-01-18 20:08:55.027;RC;AS3-AS2-20180118200533
2018-01-18 20:08:55.842;SP;AS3-AS2-20180118200535
2018-01-18 20:08:56.414;RC;AS3-AS2-20180118200535
2018-01-18 20:08:56.681;SS;AS3-AS2-20180118200533
2018-01-18 20:08:57.574;SP;AS3-AS2-20180118200536
2018-01-18 20:08:57.732;RU;AS3-AS2-20180118200532
2018-01-18 20:08:58.154;RC;AS3-AS2-20180118200536
2018-01-18 20:08:58.180;SS;AS3-AS2-20180118200535
2018-01-18 20:08:59.189;SP;AS3-AS2-20180118200527
2018-01-18 20:08:59.788;RC;AS3-AS2-20180118200527
2018-01-18 20:08:59.818;SS;AS3-AS2-20180118200536
2018-01-18 20:08:59.919;RU;AS3-AS2-20180118200535
2018-01-18 20:08:59.920;RU;AS3-AS2-20180118200533
2018-01-18 20:09:00.819;SP;AS3-AS2-20180118200525
2018-01-18 20:09:01.387;RC;AS3-AS2-20180118200525
2018-01-18 20:09:01.428;SS;AS3-AS2-20180118200527
2018-01-18 20:09:02.486;RU;AS3-AS2-20180118200536
2018-01-18 20:09:02.512;SP;AS3-AS2-20180118200524
2018-01-18 20:09:03.067;SS;AS3-AS2-20180118200525
2018-01-18 20:09:03.076;RC;AS3-AS2-20180118200524
2018-01-18 20:09:04.159;SP;AS3-AS2-20180118200522
2018-01-18 20:09:04.691;SS;AS3-AS2-20180118200524
2018-01-18 20:09:04.752;RC;AS3-AS2-20180118200522
2018-01-18 20:09:04.755;RU;AS3-AS2-20180118200525
2018-01-18 20:09:04.761;RU;AS3-AS2-20180118200527
2018-01-18 20:09:05.698;SP;AS3-AS2-20180118200521
2018-01-18 20:09:06.267;RC;AS3-AS2-20180118200521
2018-01-18 20:09:06.329;SS;AS3-AS2-20180118200522
2018-01-18 20:09:07.311;SP;AS3-AS2-20180118200529
2018-01-18 20:09:07.511;RU;AS3-AS2-20180118200524
2018-01-18 20:09:07.888;RC;AS3-AS2-20180118200529
2018-01-18 20:09:07.888;SS;AS3-AS2-20180118200521
2018-01-18 20:09:08.856;SP;AS3-AS2-20180118200405
2018-01-18 20:09:09.437;RC;AS3-AS2-20180118200405
2018-01-18 20:09:09.484;SS;AS3-AS2-20180118200529
2018-01-18 20:09:09.565;RU;AS3-AS2-20180118200521
2018-01-18 20:09:09.568;RU;AS3-AS2-20180118200522
2018-01-18 20:09:10.471;SP;AS3-AS2-20180118200406
2018-01-18 20:09:11.035;SS;AS3-AS2-20180118200405
2018-01-18 20:09:11.045;RC;AS3-AS2-20180118200406
2018-01-18 20:09:12.118;SP;AS3-AS2-20180118200402
2018-01-18 20:09:12.665;SS;AS3-AS2-20180118200406
2018-01-18 20:09:12.691;RU;AS3-AS2-20180118200405
2018-01-18 20:09:12.691;RU;AS3-AS2-20180118200529
2018-01-18 20:09:12.745;RC;AS3-AS2-20180118200402
2018-01-18 20:09:13.604;SP;AS3-AS2-20180118200403
2018-01-18 20:09:14.185;RC;AS3-AS2-20180118200403
2018-01-18 20:09:14.397;SS;AS3-AS2-20180118200402
2018-01-18 20:09:15.347;SP;AS3-AS2-20180118200408
2018-01-18 20:09:15.843;RU;AS3-AS2-20180118200406
2018-01-18 20:09:15.887;RU;AS3-AS2-20180118200402
2018-01-18 20:09:15.891;SS;AS3-AS2-20180118200403
2018-01-18 20:09:15.933;RC;AS3-AS2-20180118200408
2018-01-18 20:09:16.868;SP;AS3-AS2-20180118200409
2018-01-18 20:09:17.223;SS;AS3-AS2-20180118200408
2018-01-18 20:09:17.448;RC;AS3-AS2-20180118200409
2018-01-18 20:09:18.214;SS;AS3-AS2-20180118200409
2018-01-18 20:09:19.121;RU;AS3-AS2-20180118200408
2018-01-18 20:09:19.151;RU;AS3-AS2-20180118200403
