2018-01-27 14:56:18.802;SQ;AS11-AS1-20180127145618
2018-01-27 14:56:24.028;RO;AS11-AS1-20180127145618
2018-01-27 14:56:25.159;SP;AS11-AS1-20180127145618
2018-01-27 14:56:26.857;SQ;AS11-AS1-20180127145626
2018-01-27 14:56:34.537;RC;AS11-AS1-20180127145618
2018-01-27 14:56:35.351;SS;AS11-AS1-20180127145618
2018-01-27 14:56:51.513;RO;AS11-AS1-20180127145626
2018-01-27 14:56:52.690;SP;AS11-AS1-20180127145626
2018-01-27 14:56:54.300;SQ;AS11-AS1-20180127145654
2018-01-27 14:57:06.782;RU;AS11-AS1-20180127145618
2018-01-27 14:57:08.609;VU;AS11-AS1-20180127145618
2018-01-27 14:57:09.398;RC;AS11-AS1-20180127145626
2018-01-27 14:57:10.211;SS;AS11-AS1-20180127145626
2018-01-27 14:57:41.760;RO;AS11-AS1-20180127145654
2018-01-27 14:57:42.990;SP;AS11-AS1-20180127145654
2018-01-27 14:57:45.784;SQ;AS11-AS1-20180127145745
2018-01-27 14:57:48.846;RU;AS11-AS1-20180127145626
2018-01-27 14:57:50.640;VU;AS11-AS1-20180127145626
2018-01-27 14:58:00.050;RC;AS11-AS1-20180127145654
2018-01-27 14:58:00.887;SS;AS11-AS1-20180127145654
2018-01-27 14:58:24.385;RO;AS11-AS1-20180127145745
2018-01-27 14:58:25.665;SP;AS11-AS1-20180127145745
2018-01-27 14:58:27.287;SQ;AS11-AS1-20180127145827
2018-01-27 14:58:42.203;RC;AS11-AS1-20180127145745
2018-01-27 14:58:42.532;RU;AS11-AS1-20180127145654
2018-01-27 14:58:43.851;SS;AS11-AS1-20180127145745
2018-01-27 14:58:45.537;VU;AS11-AS1-20180127145654
2018-01-27 14:59:05.425;RO;AS11-AS1-20180127145827
2018-01-27 14:59:06.647;SP;AS11-AS1-20180127145827
2018-01-27 14:59:08.258;SQ;AS11-AS1-20180127145908
2018-01-27 14:59:24.459;RU;AS11-AS1-20180127145745
2018-01-27 14:59:26.176;RC;AS11-AS1-20180127145827
2018-01-27 14:59:26.277;VU;AS11-AS1-20180127145745
2018-01-27 14:59:27.010;SS;AS11-AS1-20180127145827
2018-01-27 14:59:42.477;RO;AS11-AS1-20180127145908
2018-01-27 14:59:43.612;SP;AS11-AS1-20180127145908
2018-01-27 14:59:45.234;SQ;AS11-AS1-20180127145945
2018-01-27 15:00:01.119;RC;AS11-AS1-20180127145908
2018-01-27 15:00:01.966;SS;AS11-AS1-20180127145908
2018-01-27 15:00:06.161;RU;AS11-AS1-20180127145827
2018-01-27 15:00:08.002;VU;AS11-AS1-20180127145827
2018-01-27 15:00:20.883;RO;AS11-AS1-20180127145945
2018-01-27 15:00:22.078;SP;AS11-AS1-20180127145945
2018-01-27 15:00:23.730;SQ;AS11-AS1-20180127150023
2018-01-27 15:00:43.576;RC;AS11-AS1-20180127145945
2018-01-27 15:00:44.403;SS;AS11-AS1-20180127145945
2018-01-27 15:00:44.662;RU;AS11-AS1-20180127145908
2018-01-27 15:00:46.513;VU;AS11-AS1-20180127145908
2018-01-27 15:01:03.321;RO;AS11-AS1-20180127150023
2018-01-27 15:01:04.958;SP;AS11-AS1-20180127150023
2018-01-27 15:01:07.471;SQ;AS11-AS1-20180127150107
2018-01-27 15:01:23.610;RC;AS11-AS1-20180127150023
2018-01-27 15:01:24.192;RU;AS11-AS1-20180127145945
2018-01-27 15:01:24.651;SS;AS11-AS1-20180127150023
2018-01-27 15:01:26.287;VU;AS11-AS1-20180127145945
2018-01-27 15:02:09.679;RU;AS11-AS1-20180127150023
2018-01-27 15:02:11.485;VU;AS11-AS1-20180127150023
2018-01-27 15:02:16.785;RO;AS11-AS1-20180127150107
2018-01-27 15:02:17.855;SP;AS11-AS1-20180127150107
2018-01-27 15:02:19.459;SQ;AS11-AS1-20180127150219
2018-01-27 15:02:31.530;RC;AS11-AS1-20180127150107
2018-01-27 15:02:32.345;SS;AS11-AS1-20180127150107
2018-01-27 15:02:52.368;RO;AS11-AS1-20180127150219
2018-01-27 15:02:53.379;SP;AS11-AS1-20180127150219
2018-01-27 15:02:56.298;SQ;AS11-AS1-20180127150256
2018-01-27 15:03:09.215;RC;AS11-AS1-20180127150219
2018-01-27 15:03:10.893;SS;AS11-AS1-20180127150219
2018-01-27 15:03:11.400;RU;AS11-AS1-20180127150107
2018-01-27 15:03:13.259;VU;AS11-AS1-20180127150107
2018-01-27 15:03:34.679;RO;AS11-AS1-20180127150256
2018-01-27 15:03:35.688;SP;AS11-AS1-20180127150256
2018-01-27 15:03:37.287;SQ;AS11-AS1-20180127150337
2018-01-27 15:03:52.500;RU;AS11-AS1-20180127150219
2018-01-27 15:03:54.316;VU;AS11-AS1-20180127150219
2018-01-27 15:03:54.751;RC;AS11-AS1-20180127150256
2018-01-27 15:03:56.410;SS;AS11-AS1-20180127150256
2018-01-27 15:04:12.350;RO;AS11-AS1-20180127150337
2018-01-27 15:04:13.630;SP;AS11-AS1-20180127150337
2018-01-27 15:04:15.279;SQ;AS11-AS1-20180127150415
2018-01-27 15:04:31.657;RC;AS11-AS1-20180127150337
2018-01-27 15:04:32.474;SS;AS11-AS1-20180127150337
2018-01-27 15:04:36.000;RU;AS11-AS1-20180127150256
2018-01-27 15:04:37.802;VU;AS11-AS1-20180127150256
2018-01-27 15:04:55.589;RO;AS11-AS1-20180127150415
2018-01-27 15:04:57.444;SP;AS11-AS1-20180127150415
2018-01-27 15:04:59.277;SQ;AS11-AS1-20180127150459
2018-01-27 15:05:11.954;RC;AS11-AS1-20180127150415
2018-01-27 15:05:12.800;SS;AS11-AS1-20180127150415
2018-01-27 15:05:16.412;RU;AS11-AS1-20180127150337
2018-01-27 15:05:18.228;VU;AS11-AS1-20180127150337
2018-01-27 15:05:36.825;RO;AS11-AS1-20180127150459
2018-01-27 15:05:38.105;SP;AS11-AS1-20180127150459
2018-01-27 15:05:39.687;SQ;AS11-AS1-20180127150539
2018-01-27 15:05:50.849;RC;AS11-AS1-20180127150459
2018-01-27 15:05:51.662;SS;AS11-AS1-20180127150459
2018-01-27 15:05:57.234;RU;AS11-AS1-20180127150415
2018-01-27 15:05:59.500;VU;AS11-AS1-20180127150415
2018-01-27 15:06:22.571;RO;AS11-AS1-20180127150539
2018-01-27 15:06:23.540;SP;AS11-AS1-20180127150539
2018-01-27 15:06:25.173;SQ;AS11-AS1-20180127150625
2018-01-27 15:06:28.450;RU;AS11-AS1-20180127150459
2018-01-27 15:06:30.437;VU;AS11-AS1-20180127150459
2018-01-27 15:06:41.979;RC;AS11-AS1-20180127150539
2018-01-27 15:06:43.259;SS;AS11-AS1-20180127150539
2018-01-27 15:07:18.118;RO;AS11-AS1-20180127150625
2018-01-27 15:07:19.052;SP;AS11-AS1-20180127150625
2018-01-27 15:07:20.665;SQ;AS11-AS1-20180127150720
2018-01-27 15:07:28.826;RU;AS11-AS1-20180127150539
2018-01-27 15:07:29.618;RC;AS11-AS1-20180127150625
2018-01-27 15:07:31.215;SS;AS11-AS1-20180127150625
2018-01-27 15:07:31.792;VU;AS11-AS1-20180127150539
2018-01-27 15:07:47.035;RO;AS11-AS1-20180127150720
2018-01-27 15:07:48.013;SP;AS11-AS1-20180127150720
2018-01-27 15:07:49.677;SQ;AS11-AS1-20180127150749
2018-01-27 15:08:07.564;RU;AS11-AS1-20180127150625
2018-01-27 15:08:09.382;VU;AS11-AS1-20180127150625
2018-01-27 15:08:28.146;RC;AS11-AS1-20180127150720
2018-01-27 15:08:28.970;SS;AS11-AS1-20180127150720
2018-01-27 15:08:29.746;RO;AS11-AS1-20180127150749
2018-01-27 15:08:31.064;SP;AS11-AS1-20180127150749
2018-01-27 15:08:33.075;SQ;AS11-AS1-20180127150833
2018-01-27 15:08:48.699;RC;AS11-AS1-20180127150749
2018-01-27 15:08:50.336;SS;AS11-AS1-20180127150749
2018-01-27 15:09:05.770;RU;AS11-AS1-20180127150720
2018-01-27 15:09:08.286;VU;AS11-AS1-20180127150720
2018-01-27 15:09:10.002;RO;AS11-AS1-20180127150833
2018-01-27 15:09:10.938;SP;AS11-AS1-20180127150833
2018-01-27 15:09:12.559;SQ;AS11-AS1-20180127150912
2018-01-27 15:09:23.437;RC;AS11-AS1-20180127150833
2018-01-27 15:09:24.250;SS;AS11-AS1-20180127150833
2018-01-27 15:09:26.188;RU;AS11-AS1-20180127150749
2018-01-27 15:09:28.009;VU;AS11-AS1-20180127150749
2018-01-27 15:09:45.967;RO;AS11-AS1-20180127150912
2018-01-27 15:09:46.926;SP;AS11-AS1-20180127150912
2018-01-27 15:09:48.559;SQ;AS11-AS1-20180127150948
2018-01-27 15:10:06.357;RU;AS11-AS1-20180127150833
2018-01-27 15:10:06.833;RC;AS11-AS1-20180127150912
2018-01-27 15:10:08.027;SS;AS11-AS1-20180127150912
2018-01-27 15:10:08.476;VU;AS11-AS1-20180127150833
2018-01-27 15:10:23.074;RO;AS11-AS1-20180127150948
2018-01-27 15:10:23.919;SP;AS11-AS1-20180127150948
2018-01-27 15:10:25.532;SQ;AS11-AS1-20180127151025
2018-01-27 15:10:40.520;RU;AS11-AS1-20180127150912
2018-01-27 15:10:42.319;VU;AS11-AS1-20180127150912
2018-01-27 15:10:47.949;RC;AS11-AS1-20180127150948
2018-01-27 15:10:48.756;SS;AS11-AS1-20180127150948
2018-01-27 15:11:08.754;RO;AS11-AS1-20180127151025
2018-01-27 15:11:09.905;SP;AS11-AS1-20180127151025
2018-01-27 15:11:11.545;SQ;AS11-AS1-20180127151111
2018-01-27 15:11:21.827;RU;AS11-AS1-20180127150948
2018-01-27 15:11:23.628;VU;AS11-AS1-20180127150948
2018-01-27 15:11:27.004;RC;AS11-AS1-20180127151025
2018-01-27 15:11:27.831;SS;AS11-AS1-20180127151025
2018-01-27 15:11:52.898;RO;AS11-AS1-20180127151111
2018-01-27 15:11:53.932;SP;AS11-AS1-20180127151111
2018-01-27 15:11:55.598;SQ;AS11-AS1-20180127151155
2018-01-27 15:12:04.505;RU;AS11-AS1-20180127151025
2018-01-27 15:12:06.330;VU;AS11-AS1-20180127151025
2018-01-27 15:12:08.373;RC;AS11-AS1-20180127151111
2018-01-27 15:12:09.201;SS;AS11-AS1-20180127151111
2018-01-27 15:12:32.422;RO;AS11-AS1-20180127151155
2018-01-27 15:12:33.459;SP;AS11-AS1-20180127151155
2018-01-27 15:12:35.115;SQ;AS11-AS1-20180127151235
2018-01-27 15:12:45.644;RU;AS11-AS1-20180127151111
2018-01-27 15:12:48.206;VU;AS11-AS1-20180127151111
2018-01-27 15:12:57.160;RC;AS11-AS1-20180127151155
2018-01-27 15:12:57.984;SS;AS11-AS1-20180127151155
2018-01-27 15:13:13.391;RO;AS11-AS1-20180127151235
2018-01-27 15:13:14.466;SP;AS11-AS1-20180127151235
2018-01-27 15:13:16.086;SQ;AS11-AS1-20180127151316
2018-01-27 15:13:28.549;RC;AS11-AS1-20180127151235
2018-01-27 15:13:29.333;SS;AS11-AS1-20180127151235
2018-01-27 15:13:36.577;RU;AS11-AS1-20180127151155
2018-01-27 15:13:38.398;VU;AS11-AS1-20180127151155
2018-01-27 15:13:49.230;RO;AS11-AS1-20180127151316
2018-01-27 15:13:50.446;SP;AS11-AS1-20180127151316
2018-01-27 15:13:52.101;SQ;AS11-AS1-20180127151352
2018-01-27 15:14:14.131;RC;AS11-AS1-20180127151316
2018-01-27 15:14:14.963;SS;AS11-AS1-20180127151316
2018-01-27 15:14:15.101;RU;AS11-AS1-20180127151235
2018-01-27 15:14:16.914;VU;AS11-AS1-20180127151235
2018-01-27 15:14:32.842;RO;AS11-AS1-20180127151352
2018-01-27 15:14:33.972;SP;AS11-AS1-20180127151352
2018-01-27 15:14:36.962;SQ;AS11-AS1-20180127151436
2018-01-27 15:14:51.501;RC;AS11-AS1-20180127151352
2018-01-27 15:14:52.216;RU;AS11-AS1-20180127151316
2018-01-27 15:14:52.414;SS;AS11-AS1-20180127151352
2018-01-27 15:14:54.114;VU;AS11-AS1-20180127151316
2018-01-27 15:15:03.339;RO;AS11-AS1-20180127151436
2018-01-27 15:15:04.304;SP;AS11-AS1-20180127151436
2018-01-27 15:15:07.552;SQ;AS11-AS1-20180127151507
2018-01-27 15:15:22.490;RC;AS11-AS1-20180127151436
2018-01-27 15:15:23.327;SS;AS11-AS1-20180127151436
2018-01-27 15:15:23.469;RU;AS11-AS1-20180127151352
2018-01-27 15:15:25.318;VU;AS11-AS1-20180127151352
2018-01-27 15:15:44.019;RO;AS11-AS1-20180127151507
2018-01-27 15:15:44.932;SP;AS11-AS1-20180127151507
2018-01-27 15:15:46.624;SQ;AS11-AS1-20180127151546
2018-01-27 15:15:58.664;RU;AS11-AS1-20180127151436
2018-01-27 15:15:59.424;RC;AS11-AS1-20180127151507
2018-01-27 15:16:00.324;SS;AS11-AS1-20180127151507
2018-01-27 15:16:00.541;VU;AS11-AS1-20180127151436
2018-01-27 15:16:15.910;RO;AS11-AS1-20180127151546
2018-01-27 15:16:16.968;SP;AS11-AS1-20180127151546
2018-01-27 15:16:24.592;RC;AS11-AS1-20180127151546
2018-01-27 15:16:25.423;SS;AS11-AS1-20180127151546
2018-01-27 15:16:30.755;RU;AS11-AS1-20180127151507
2018-01-27 15:16:32.597;VU;AS11-AS1-20180127151507
2018-01-27 15:16:36.760;RU;AS11-AS1-20180127151546
2018-01-27 15:16:43.171;VU;AS11-AS1-20180127151546
