2018-01-27 14:56:18.893;SQ;AS12-AS1-20180127145618
2018-01-27 14:56:27.273;RO;AS12-AS1-20180127145618
2018-01-27 14:56:28.269;SP;AS12-AS1-20180127145618
2018-01-27 14:56:29.992;SQ;AS12-AS1-20180127145629
2018-01-27 14:56:37.388;RC;AS12-AS1-20180127145618
2018-01-27 14:56:38.253;SS;AS12-AS1-20180127145618
2018-01-27 14:56:53.516;RO;AS12-AS1-20180127145629
2018-01-27 14:56:54.397;SP;AS12-AS1-20180127145629
2018-01-27 14:56:56.800;SQ;AS12-AS1-20180127145656
2018-01-27 14:57:08.796;RC;AS12-AS1-20180127145629
2018-01-27 14:57:09.674;SS;AS12-AS1-20180127145629
2018-01-27 14:57:10.752;RU;AS12-AS1-20180127145618
2018-01-27 14:57:13.540;VU;AS12-AS1-20180127145618
2018-01-27 14:57:30.031;RO;AS12-AS1-20180127145656
2018-01-27 14:57:31.206;SP;AS12-AS1-20180127145656
2018-01-27 14:57:32.917;SQ;AS12-AS1-20180127145732
2018-01-27 14:57:48.713;RU;AS12-AS1-20180127145629
2018-01-27 14:57:48.775;RC;AS12-AS1-20180127145656
2018-01-27 14:57:50.477;SS;AS12-AS1-20180127145656
2018-01-27 14:57:51.476;VU;AS12-AS1-20180127145629
2018-01-27 14:58:08.312;RO;AS12-AS1-20180127145732
2018-01-27 14:58:09.300;SP;AS12-AS1-20180127145732
2018-01-27 14:58:11.004;SQ;AS12-AS1-20180127145811
2018-01-27 14:58:25.924;RC;AS12-AS1-20180127145732
2018-01-27 14:58:26.769;SS;AS12-AS1-20180127145732
2018-01-27 14:58:36.290;RU;AS12-AS1-20180127145656
2018-01-27 14:58:38.172;VU;AS12-AS1-20180127145656
2018-01-27 14:58:47.189;RO;AS12-AS1-20180127145811
2018-01-27 14:58:48.399;SP;AS12-AS1-20180127145811
2018-01-27 14:58:50.078;SQ;AS12-AS1-20180127145850
2018-01-27 14:59:07.006;RC;AS12-AS1-20180127145811
2018-01-27 14:59:07.870;SS;AS12-AS1-20180127145811
2018-01-27 14:59:10.005;RU;AS12-AS1-20180127145732
2018-01-27 14:59:11.881;VU;AS12-AS1-20180127145732
2018-01-27 14:59:25.338;RO;AS12-AS1-20180127145850
2018-01-27 14:59:26.491;SP;AS12-AS1-20180127145850
2018-01-27 14:59:28.207;SQ;AS12-AS1-20180127145928
2018-01-27 14:59:42.036;RU;AS12-AS1-20180127145811
2018-01-27 14:59:43.880;VU;AS12-AS1-20180127145811
2018-01-27 14:59:45.384;RC;AS12-AS1-20180127145850
2018-01-27 14:59:46.267;SS;AS12-AS1-20180127145850
2018-01-27 15:00:02.392;RO;AS12-AS1-20180127145928
2018-01-27 15:00:03.592;SP;AS12-AS1-20180127145928
2018-01-27 15:00:06.871;SQ;AS12-AS1-20180127150006
2018-01-27 15:00:21.893;RC;AS12-AS1-20180127145928
2018-01-27 15:00:22.756;SS;AS12-AS1-20180127145928
2018-01-27 15:00:25.719;RU;AS12-AS1-20180127145850
2018-01-27 15:00:27.570;VU;AS12-AS1-20180127145850
2018-01-27 15:00:43.761;RO;AS12-AS1-20180127150006
2018-01-27 15:00:44.778;SP;AS12-AS1-20180127150006
2018-01-27 15:00:46.475;SQ;AS12-AS1-20180127150046
2018-01-27 15:01:07.397;RU;AS12-AS1-20180127145928
2018-01-27 15:01:09.274;VU;AS12-AS1-20180127145928
2018-01-27 15:01:20.934;RC;AS12-AS1-20180127150006
2018-01-27 15:01:22.681;SS;AS12-AS1-20180127150006
2018-01-27 15:01:23.435;RO;AS12-AS1-20180127150046
2018-01-27 15:01:24.367;SP;AS12-AS1-20180127150046
2018-01-27 15:01:26.073;SQ;AS12-AS1-20180127150126
2018-01-27 15:01:43.561;RC;AS12-AS1-20180127150046
2018-01-27 15:01:44.436;SS;AS12-AS1-20180127150046
2018-01-27 15:02:02.333;RO;AS12-AS1-20180127150126
2018-01-27 15:02:03.456;SP;AS12-AS1-20180127150126
2018-01-27 15:02:05.187;SQ;AS12-AS1-20180127150205
2018-01-27 15:02:07.709;RU;AS12-AS1-20180127150006
2018-01-27 15:02:10.560;VU;AS12-AS1-20180127150006
2018-01-27 15:02:21.049;RC;AS12-AS1-20180127150126
2018-01-27 15:02:21.901;SS;AS12-AS1-20180127150126
2018-01-27 15:02:24.012;RU;AS12-AS1-20180127150046
2018-01-27 15:02:25.891;VU;AS12-AS1-20180127150046
2018-01-27 15:02:35.230;RO;AS12-AS1-20180127150205
2018-01-27 15:02:36.607;SP;AS12-AS1-20180127150205
2018-01-27 15:02:39.079;SQ;AS12-AS1-20180127150239
2018-01-27 15:02:53.371;RC;AS12-AS1-20180127150205
2018-01-27 15:02:55.155;SS;AS12-AS1-20180127150205
2018-01-27 15:02:58.309;RU;AS12-AS1-20180127150126
2018-01-27 15:03:00.191;VU;AS12-AS1-20180127150126
2018-01-27 15:03:17.348;RO;AS12-AS1-20180127150239
2018-01-27 15:03:18.497;SP;AS12-AS1-20180127150239
2018-01-27 15:03:20.239;SQ;AS12-AS1-20180127150320
2018-01-27 15:03:34.571;RU;AS12-AS1-20180127150205
2018-01-27 15:03:36.422;VU;AS12-AS1-20180127150205
2018-01-27 15:03:37.026;RC;AS12-AS1-20180127150239
2018-01-27 15:03:37.908;SS;AS12-AS1-20180127150239
2018-01-27 15:03:52.520;RO;AS12-AS1-20180127150320
2018-01-27 15:03:53.629;SP;AS12-AS1-20180127150320
2018-01-27 15:03:56.019;SQ;AS12-AS1-20180127150356
2018-01-27 15:04:12.390;RC;AS12-AS1-20180127150320
2018-01-27 15:04:13.256;SS;AS12-AS1-20180127150320
2018-01-27 15:04:21.423;RU;AS12-AS1-20180127150239
2018-01-27 15:04:23.288;VU;AS12-AS1-20180127150239
2018-01-27 15:04:33.185;RO;AS12-AS1-20180127150356
2018-01-27 15:04:34.424;SP;AS12-AS1-20180127150356
2018-01-27 15:04:36.168;SQ;AS12-AS1-20180127150436
2018-01-27 15:04:51.602;RC;AS12-AS1-20180127150356
2018-01-27 15:04:52.464;SS;AS12-AS1-20180127150356
2018-01-27 15:04:55.381;RU;AS12-AS1-20180127150320
2018-01-27 15:04:58.157;VU;AS12-AS1-20180127150320
2018-01-27 15:05:08.372;RO;AS12-AS1-20180127150436
2018-01-27 15:05:09.581;SP;AS12-AS1-20180127150436
2018-01-27 15:05:12.108;SQ;AS12-AS1-20180127150512
2018-01-27 15:05:25.695;RC;AS12-AS1-20180127150436
2018-01-27 15:05:27.307;SS;AS12-AS1-20180127150436
2018-01-27 15:05:36.656;RU;AS12-AS1-20180127150356
2018-01-27 15:05:38.495;VU;AS12-AS1-20180127150356
2018-01-27 15:05:43.496;RO;AS12-AS1-20180127150512
2018-01-27 15:05:44.504;SP;AS12-AS1-20180127150512
2018-01-27 15:05:46.236;SQ;AS12-AS1-20180127150546
2018-01-27 15:06:01.180;RC;AS12-AS1-20180127150512
2018-01-27 15:06:02.084;SS;AS12-AS1-20180127150512
2018-01-27 15:06:05.863;RU;AS12-AS1-20180127150436
2018-01-27 15:06:07.718;VU;AS12-AS1-20180127150436
2018-01-27 15:06:34.068;RO;AS12-AS1-20180127150546
2018-01-27 15:06:35.175;SP;AS12-AS1-20180127150546
2018-01-27 15:06:36.917;SQ;AS12-AS1-20180127150636
2018-01-27 15:06:44.949;RU;AS12-AS1-20180127150512
2018-01-27 15:06:46.811;VU;AS12-AS1-20180127150512
2018-01-27 15:06:54.491;RC;AS12-AS1-20180127150546
2018-01-27 15:06:55.326;SS;AS12-AS1-20180127150546
2018-01-27 15:07:09.439;RO;AS12-AS1-20180127150636
2018-01-27 15:07:10.318;SP;AS12-AS1-20180127150636
2018-01-27 15:07:12.009;SQ;AS12-AS1-20180127150712
2018-01-27 15:07:29.367;RC;AS12-AS1-20180127150636
2018-01-27 15:07:29.576;RU;AS12-AS1-20180127150546
2018-01-27 15:07:31.259;SS;AS12-AS1-20180127150636
2018-01-27 15:07:32.369;VU;AS12-AS1-20180127150546
2018-01-27 15:07:42.497;RO;AS12-AS1-20180127150712
2018-01-27 15:07:43.402;SP;AS12-AS1-20180127150712
2018-01-27 15:07:46.636;SQ;AS12-AS1-20180127150746
2018-01-27 15:07:59.092;RC;AS12-AS1-20180127150712
2018-01-27 15:08:00.403;SS;AS12-AS1-20180127150712
2018-01-27 15:08:14.191;RU;AS12-AS1-20180127150636
2018-01-27 15:08:16.050;VU;AS12-AS1-20180127150636
2018-01-27 15:08:27.899;RO;AS12-AS1-20180127150746
2018-01-27 15:08:29.026;SP;AS12-AS1-20180127150746
2018-01-27 15:08:30.754;SQ;AS12-AS1-20180127150830
2018-01-27 15:08:44.147;RU;AS12-AS1-20180127150712
2018-01-27 15:08:46.009;VU;AS12-AS1-20180127150712
2018-01-27 15:08:48.375;RC;AS12-AS1-20180127150746
2018-01-27 15:08:49.776;SS;AS12-AS1-20180127150746
2018-01-27 15:09:03.552;RO;AS12-AS1-20180127150830
2018-01-27 15:09:05.524;SP;AS12-AS1-20180127150830
2018-01-27 15:09:09.197;SQ;AS12-AS1-20180127150909
2018-01-27 15:09:21.319;RC;AS12-AS1-20180127150830
2018-01-27 15:09:22.168;SS;AS12-AS1-20180127150830
2018-01-27 15:09:28.455;RU;AS12-AS1-20180127150746
2018-01-27 15:09:30.296;VU;AS12-AS1-20180127150746
2018-01-27 15:09:45.272;RO;AS12-AS1-20180127150909
2018-01-27 15:09:46.580;SP;AS12-AS1-20180127150909
2018-01-27 15:09:48.281;SQ;AS12-AS1-20180127150948
2018-01-27 15:10:06.591;RC;AS12-AS1-20180127150909
2018-01-27 15:10:07.461;SS;AS12-AS1-20180127150909
2018-01-27 15:10:15.412;RU;AS12-AS1-20180127150830
2018-01-27 15:10:17.278;VU;AS12-AS1-20180127150830
2018-01-27 15:10:22.818;RO;AS12-AS1-20180127150948
2018-01-27 15:10:23.667;SP;AS12-AS1-20180127150948
2018-01-27 15:10:25.406;SQ;AS12-AS1-20180127151025
2018-01-27 15:10:47.784;RC;AS12-AS1-20180127150948
2018-01-27 15:10:48.153;RU;AS12-AS1-20180127150909
2018-01-27 15:10:49.076;SS;AS12-AS1-20180127150948
2018-01-27 15:10:50.526;VU;AS12-AS1-20180127150909
2018-01-27 15:11:08.872;RO;AS12-AS1-20180127151025
2018-01-27 15:11:09.807;SP;AS12-AS1-20180127151025
2018-01-27 15:11:11.519;SQ;AS12-AS1-20180127151111
2018-01-27 15:11:26.862;RC;AS12-AS1-20180127151025
2018-01-27 15:11:27.724;SS;AS12-AS1-20180127151025
2018-01-27 15:11:30.352;RU;AS12-AS1-20180127150948
2018-01-27 15:11:32.223;VU;AS12-AS1-20180127150948
2018-01-27 15:12:08.354;RU;AS12-AS1-20180127151025
2018-01-27 15:12:10.202;VU;AS12-AS1-20180127151025
2018-01-27 15:12:21.103;RO;AS12-AS1-20180127151111
2018-01-27 15:12:22.475;SP;AS12-AS1-20180127151111
2018-01-27 15:12:24.149;SQ;AS12-AS1-20180127151224
2018-01-27 15:12:39.128;RC;AS12-AS1-20180127151111
2018-01-27 15:12:39.956;SS;AS12-AS1-20180127151111
2018-01-27 15:13:17.405;RU;AS12-AS1-20180127151111
2018-01-27 15:13:20.310;VU;AS12-AS1-20180127151111
2018-01-27 15:13:33.790;RO;AS12-AS1-20180127151224
2018-01-27 15:13:35.096;SP;AS12-AS1-20180127151224
2018-01-27 15:13:36.817;SQ;AS12-AS1-20180127151336
2018-01-27 15:14:15.136;RO;AS12-AS1-20180127151336
2018-01-27 15:14:15.330;RC;AS12-AS1-20180127151224
2018-01-27 15:14:17.076;SS;AS12-AS1-20180127151224
2018-01-27 15:14:17.079;SP;AS12-AS1-20180127151336
2018-01-27 15:14:20.083;SQ;AS12-AS1-20180127151420
2018-01-27 15:14:33.195;RC;AS12-AS1-20180127151336
2018-01-27 15:14:34.067;SS;AS12-AS1-20180127151336
2018-01-27 15:14:54.422;RU;AS12-AS1-20180127151224
2018-01-27 15:14:55.731;RO;AS12-AS1-20180127151420
2018-01-27 15:14:56.292;VU;AS12-AS1-20180127151224
2018-01-27 15:14:56.990;SP;AS12-AS1-20180127151420
2018-01-27 15:14:58.672;SQ;AS12-AS1-20180127151458
2018-01-27 15:15:12.662;RC;AS12-AS1-20180127151420
2018-01-27 15:15:12.726;RU;AS12-AS1-20180127151336
2018-01-27 15:15:14.410;SS;AS12-AS1-20180127151420
2018-01-27 15:15:15.410;VU;AS12-AS1-20180127151336
2018-01-27 15:15:32.423;RO;AS12-AS1-20180127151458
2018-01-27 15:15:33.593;SP;AS12-AS1-20180127151458
2018-01-27 15:15:35.511;SQ;AS12-AS1-20180127151535
2018-01-27 15:15:47.797;RC;AS12-AS1-20180127151458
2018-01-27 15:15:48.647;SS;AS12-AS1-20180127151458
2018-01-27 15:15:51.859;RU;AS12-AS1-20180127151420
2018-01-27 15:15:54.737;VU;AS12-AS1-20180127151420
2018-01-27 15:16:03.212;RO;AS12-AS1-20180127151535
2018-01-27 15:16:04.393;SP;AS12-AS1-20180127151535
2018-01-27 15:16:11.227;RU;AS12-AS1-20180127151458
2018-01-27 15:16:13.070;VU;AS12-AS1-20180127151458
2018-01-27 15:16:16.366;RC;AS12-AS1-20180127151535
2018-01-27 15:16:17.237;SS;AS12-AS1-20180127151535
2018-01-27 15:16:30.919;RU;AS12-AS1-20180127151535
2018-01-27 15:16:43.074;VU;AS12-AS1-20180127151535
