2018-01-27 14:56:19.043;SQ;AS15-AS1-20180127145619
2018-01-27 14:56:28.330;RO;AS15-AS1-20180127145619
2018-01-27 14:56:29.323;SP;AS15-AS1-20180127145619
2018-01-27 14:56:30.930;SQ;AS15-AS1-20180127145630
2018-01-27 14:56:39.178;RC;AS15-AS1-20180127145619
2018-01-27 14:56:40.258;SS;AS15-AS1-20180127145619
2018-01-27 14:56:54.314;RO;AS15-AS1-20180127145630
2018-01-27 14:56:55.723;SP;AS15-AS1-20180127145630
2018-01-27 14:56:57.472;SQ;AS15-AS1-20180127145657
2018-01-27 14:57:09.440;RU;AS15-AS1-20180127145619
2018-01-27 14:57:11.242;VU;AS15-AS1-20180127145619
2018-01-27 14:57:11.787;RC;AS15-AS1-20180127145630
2018-01-27 14:57:13.123;SS;AS15-AS1-20180127145630
2018-01-27 14:57:36.622;RO;AS15-AS1-20180127145657
2018-01-27 14:57:37.813;SP;AS15-AS1-20180127145657
2018-01-27 14:57:39.399;SQ;AS15-AS1-20180127145739
2018-01-27 14:57:55.894;RC;AS15-AS1-20180127145657
2018-01-27 14:57:56.666;SS;AS15-AS1-20180127145657
2018-01-27 14:57:58.009;RU;AS15-AS1-20180127145630
2018-01-27 14:58:00.675;VU;AS15-AS1-20180127145630
2018-01-27 14:58:20.645;RO;AS15-AS1-20180127145739
2018-01-27 14:58:21.732;SP;AS15-AS1-20180127145739
2018-01-27 14:58:23.322;SQ;AS15-AS1-20180127145823
2018-01-27 14:58:38.444;RU;AS15-AS1-20180127145657
2018-01-27 14:58:39.679;RC;AS15-AS1-20180127145739
2018-01-27 14:58:40.219;VU;AS15-AS1-20180127145657
2018-01-27 14:58:40.486;SS;AS15-AS1-20180127145739
2018-01-27 14:59:05.766;RO;AS15-AS1-20180127145823
2018-01-27 14:59:06.706;SP;AS15-AS1-20180127145823
2018-01-27 14:59:08.301;SQ;AS15-AS1-20180127145908
2018-01-27 14:59:24.602;RU;AS15-AS1-20180127145739
2018-01-27 14:59:24.826;RC;AS15-AS1-20180127145823
2018-01-27 14:59:26.269;SS;AS15-AS1-20180127145823
2018-01-27 14:59:26.981;VU;AS15-AS1-20180127145739
2018-01-27 14:59:45.171;RO;AS15-AS1-20180127145908
2018-01-27 14:59:46.149;SP;AS15-AS1-20180127145908
2018-01-27 14:59:47.722;SQ;AS15-AS1-20180127145947
2018-01-27 15:00:01.716;RC;AS15-AS1-20180127145908
2018-01-27 15:00:02.507;SS;AS15-AS1-20180127145908
2018-01-27 15:00:02.726;RU;AS15-AS1-20180127145823
2018-01-27 15:00:04.516;VU;AS15-AS1-20180127145823
2018-01-27 15:00:25.802;RO;AS15-AS1-20180127145947
2018-01-27 15:00:27.044;SP;AS15-AS1-20180127145947
2018-01-27 15:00:28.608;SQ;AS15-AS1-20180127150028
2018-01-27 15:00:43.753;RU;AS15-AS1-20180127145908
2018-01-27 15:00:45.531;VU;AS15-AS1-20180127145908
2018-01-27 15:00:45.759;RC;AS15-AS1-20180127145947
2018-01-27 15:00:46.540;SS;AS15-AS1-20180127145947
2018-01-27 15:01:04.769;RO;AS15-AS1-20180127150028
2018-01-27 15:01:06.279;SP;AS15-AS1-20180127150028
2018-01-27 15:01:07.888;SQ;AS15-AS1-20180127150107
2018-01-27 15:01:18.512;RC;AS15-AS1-20180127150028
2018-01-27 15:01:19.316;SS;AS15-AS1-20180127150028
2018-01-27 15:01:43.598;RO;AS15-AS1-20180127150107
2018-01-27 15:01:44.706;SP;AS15-AS1-20180127150107
2018-01-27 15:01:45.196;RU;AS15-AS1-20180127145947
2018-01-27 15:01:47.113;SQ;AS15-AS1-20180127150147
2018-01-27 15:01:47.799;VU;AS15-AS1-20180127145947
2018-01-27 15:02:03.126;RU;AS15-AS1-20180127150028
2018-01-27 15:02:04.212;RC;AS15-AS1-20180127150107
2018-01-27 15:02:04.914;VU;AS15-AS1-20180127150028
2018-01-27 15:02:05.028;SS;AS15-AS1-20180127150107
2018-01-27 15:02:21.394;RO;AS15-AS1-20180127150147
2018-01-27 15:02:22.417;SP;AS15-AS1-20180127150147
2018-01-27 15:02:25.340;SQ;AS15-AS1-20180127150225
2018-01-27 15:02:42.222;RC;AS15-AS1-20180127150147
2018-01-27 15:02:42.977;SS;AS15-AS1-20180127150147
2018-01-27 15:02:53.523;RU;AS15-AS1-20180127150107
2018-01-27 15:02:56.100;VU;AS15-AS1-20180127150107
2018-01-27 15:03:05.933;RO;AS15-AS1-20180127150225
2018-01-27 15:03:07.173;SP;AS15-AS1-20180127150225
2018-01-27 15:03:08.842;SQ;AS15-AS1-20180127150308
2018-01-27 15:03:19.351;RU;AS15-AS1-20180127150147
2018-01-27 15:03:21.128;VU;AS15-AS1-20180127150147
2018-01-27 15:03:26.432;RC;AS15-AS1-20180127150225
2018-01-27 15:03:27.224;SS;AS15-AS1-20180127150225
2018-01-27 15:03:48.730;RO;AS15-AS1-20180127150308
2018-01-27 15:03:49.661;SP;AS15-AS1-20180127150308
2018-01-27 15:03:51.186;SQ;AS15-AS1-20180127150351
2018-01-27 15:04:07.337;RC;AS15-AS1-20180127150308
2018-01-27 15:04:08.147;SS;AS15-AS1-20180127150308
2018-01-27 15:04:08.980;RU;AS15-AS1-20180127150225
2018-01-27 15:04:10.758;VU;AS15-AS1-20180127150225
2018-01-27 15:04:25.137;RO;AS15-AS1-20180127150351
2018-01-27 15:04:26.862;SP;AS15-AS1-20180127150351
2018-01-27 15:04:28.840;SQ;AS15-AS1-20180127150428
2018-01-27 15:04:42.492;RU;AS15-AS1-20180127150308
2018-01-27 15:04:44.937;RC;AS15-AS1-20180127150351
2018-01-27 15:04:45.892;SS;AS15-AS1-20180127150351
2018-01-27 15:05:04.212;RO;AS15-AS1-20180127150428
2018-01-27 15:05:05.448;SP;AS15-AS1-20180127150428
2018-01-27 15:05:07.812;SQ;AS15-AS1-20180127150507
2018-01-27 15:05:20.154;RC;AS15-AS1-20180127150428
2018-01-27 15:05:21.056;SS;AS15-AS1-20180127150428
2018-01-27 15:05:26.049;RU;AS15-AS1-20180127150351
2018-01-27 15:05:29.958;VU;AS15-AS1-20180127150351
2018-01-27 15:05:37.141;RO;AS15-AS1-20180127150507
2018-01-27 15:05:38.864;SP;AS15-AS1-20180127150507
2018-01-27 15:05:40.960;SQ;AS15-AS1-20180127150540
2018-01-27 15:05:57.185;RC;AS15-AS1-20180127150507
2018-01-27 15:05:59.184;SS;AS15-AS1-20180127150507
2018-01-27 15:06:00.398;RU;AS15-AS1-20180127150428
2018-01-27 15:06:02.838;VU;AS15-AS1-20180127150428
2018-01-27 15:06:11.445;RO;AS15-AS1-20180127150540
2018-01-27 15:06:14.783;SP;AS15-AS1-20180127150540
2018-01-27 15:06:17.645;SQ;AS15-AS1-20180127150617
2018-01-27 15:06:27.284;RC;AS15-AS1-20180127150540
2018-01-27 15:06:30.332;SS;AS15-AS1-20180127150540
2018-01-27 15:06:42.053;RU;AS15-AS1-20180127150507
2018-01-27 15:06:45.794;VU;AS15-AS1-20180127150507
2018-01-27 15:06:52.490;RO;AS15-AS1-20180127150617
2018-01-27 15:06:53.962;SP;AS15-AS1-20180127150617
2018-01-27 15:06:56.062;SQ;AS15-AS1-20180127150656
2018-01-27 15:07:08.931;RC;AS15-AS1-20180127150617
2018-01-27 15:07:10.044;SS;AS15-AS1-20180127150617
2018-01-27 15:07:11.661;RU;AS15-AS1-20180127150540
2018-01-27 15:07:14.075;VU;AS15-AS1-20180127150540
2018-01-27 15:07:29.571;RO;AS15-AS1-20180127150656
2018-01-27 15:07:31.186;SP;AS15-AS1-20180127150656
2018-01-27 15:07:33.604;SQ;AS15-AS1-20180127150733
2018-01-27 15:07:46.142;RU;AS15-AS1-20180127150617
2018-01-27 15:07:48.716;VU;AS15-AS1-20180127150617
2018-01-27 15:07:53.772;RC;AS15-AS1-20180127150656
2018-01-27 15:07:54.987;SS;AS15-AS1-20180127150656
2018-01-27 15:08:13.692;RO;AS15-AS1-20180127150733
2018-01-27 15:08:14.997;SP;AS15-AS1-20180127150733
2018-01-27 15:08:18.046;SQ;AS15-AS1-20180127150818
2018-01-27 15:08:34.903;RC;AS15-AS1-20180127150733
2018-01-27 15:08:36.019;SS;AS15-AS1-20180127150733
2018-01-27 15:08:43.972;RU;AS15-AS1-20180127150656
2018-01-27 15:08:46.216;VU;AS15-AS1-20180127150656
2018-01-27 15:08:55.070;RO;AS15-AS1-20180127150818
2018-01-27 15:08:56.337;SP;AS15-AS1-20180127150818
2018-01-27 15:08:58.748;SQ;AS15-AS1-20180127150858
2018-01-27 15:09:19.111;RC;AS15-AS1-20180127150818
2018-01-27 15:09:19.317;RU;AS15-AS1-20180127150733
2018-01-27 15:09:22.091;SS;AS15-AS1-20180127150818
2018-01-27 15:09:23.093;VU;AS15-AS1-20180127150733
2018-01-27 15:09:36.050;RO;AS15-AS1-20180127150858
2018-01-27 15:09:39.029;SP;AS15-AS1-20180127150858
2018-01-27 15:09:41.144;SQ;AS15-AS1-20180127150941
2018-01-27 15:09:53.558;RC;AS15-AS1-20180127150858
2018-01-27 15:09:55.818;SS;AS15-AS1-20180127150858
2018-01-27 15:10:06.829;RU;AS15-AS1-20180127150818
2018-01-27 15:10:08.690;VU;AS15-AS1-20180127150818
2018-01-27 15:10:22.489;RO;AS15-AS1-20180127150941
2018-01-27 15:10:23.878;SP;AS15-AS1-20180127150941
2018-01-27 15:10:26.156;SQ;AS15-AS1-20180127151026
2018-01-27 15:10:28.426;RU;AS15-AS1-20180127150858
2018-01-27 15:10:31.453;VU;AS15-AS1-20180127150858
2018-01-27 15:10:43.969;RC;AS15-AS1-20180127150941
2018-01-27 15:10:45.436;SS;AS15-AS1-20180127150941
2018-01-27 15:11:08.772;RO;AS15-AS1-20180127151026
2018-01-27 15:11:10.296;SP;AS15-AS1-20180127151026
2018-01-27 15:11:12.673;SQ;AS15-AS1-20180127151112
2018-01-27 15:11:21.743;RU;AS15-AS1-20180127150941
2018-01-27 15:11:24.186;VU;AS15-AS1-20180127150941
2018-01-27 15:11:29.675;RC;AS15-AS1-20180127151026
2018-01-27 15:11:30.980;SS;AS15-AS1-20180127151026
2018-01-27 15:12:03.364;RO;AS15-AS1-20180127151112
2018-01-27 15:12:04.712;SP;AS15-AS1-20180127151112
2018-01-27 15:12:07.046;SQ;AS15-AS1-20180127151207
2018-01-27 15:12:08.585;RU;AS15-AS1-20180127151026
2018-01-27 15:12:10.923;VU;AS15-AS1-20180127151026
2018-01-27 15:12:21.158;RC;AS15-AS1-20180127151112
2018-01-27 15:12:22.683;SS;AS15-AS1-20180127151112
2018-01-27 15:12:39.155;RO;AS15-AS1-20180127151207
2018-01-27 15:12:40.379;SP;AS15-AS1-20180127151207
2018-01-27 15:12:42.704;SQ;AS15-AS1-20180127151242
2018-01-27 15:12:59.264;RU;AS15-AS1-20180127151112
2018-01-27 15:12:59.513;RC;AS15-AS1-20180127151207
2018-01-27 15:13:01.721;VU;AS15-AS1-20180127151112
2018-01-27 15:13:01.934;SS;AS15-AS1-20180127151207
2018-01-27 15:13:18.488;RO;AS15-AS1-20180127151242
2018-01-27 15:13:20.404;SP;AS15-AS1-20180127151242
2018-01-27 15:13:22.862;SQ;AS15-AS1-20180127151322
2018-01-27 15:13:41.758;RC;AS15-AS1-20180127151242
2018-01-27 15:13:41.787;RU;AS15-AS1-20180127151207
2018-01-27 15:13:43.809;SS;AS15-AS1-20180127151242
2018-01-27 15:13:44.810;VU;AS15-AS1-20180127151207
2018-01-27 15:13:59.225;RO;AS15-AS1-20180127151322
2018-01-27 15:14:00.213;SP;AS15-AS1-20180127151322
2018-01-27 15:14:02.831;SQ;AS15-AS1-20180127151402
2018-01-27 15:14:15.367;RC;AS15-AS1-20180127151322
2018-01-27 15:14:16.171;SS;AS15-AS1-20180127151322
2018-01-27 15:14:20.131;RU;AS15-AS1-20180127151242
2018-01-27 15:14:22.047;VU;AS15-AS1-20180127151242
2018-01-27 15:14:32.334;RO;AS15-AS1-20180127151402
2018-01-27 15:14:33.289;SP;AS15-AS1-20180127151402
2018-01-27 15:14:37.144;SQ;AS15-AS1-20180127151437
2018-01-27 15:14:51.730;RC;AS15-AS1-20180127151402
2018-01-27 15:14:52.912;SS;AS15-AS1-20180127151402
2018-01-27 15:15:00.944;RU;AS15-AS1-20180127151322
2018-01-27 15:15:02.824;VU;AS15-AS1-20180127151322
2018-01-27 15:15:16.852;RO;AS15-AS1-20180127151437
2018-01-27 15:15:18.693;SP;AS15-AS1-20180127151437
2018-01-27 15:15:22.006;SQ;AS15-AS1-20180127151522
2018-01-27 15:15:31.840;RU;AS15-AS1-20180127151402
2018-01-27 15:15:34.056;VU;AS15-AS1-20180127151402
2018-01-27 15:15:37.347;RC;AS15-AS1-20180127151437
2018-01-27 15:15:38.299;SS;AS15-AS1-20180127151437
2018-01-27 15:15:50.996;RO;AS15-AS1-20180127151522
2018-01-27 15:15:54.087;SP;AS15-AS1-20180127151522
2018-01-27 15:16:02.152;RU;AS15-AS1-20180127151437
2018-01-27 15:16:06.896;RC;AS15-AS1-20180127151522
2018-01-27 15:16:10.601;SS;AS15-AS1-20180127151522
2018-01-27 15:16:30.751;RU;AS15-AS1-20180127151522
2018-01-27 15:16:33.486;VU;AS15-AS1-20180127151522
