2018-01-27 14:56:18.500;SQ;AS25-AS1-20180127145618
2018-01-27 14:56:22.714;RO;AS25-AS1-20180127145618
2018-01-27 14:56:23.791;SP;AS25-AS1-20180127145618
2018-01-27 14:56:25.378;SQ;AS25-AS1-20180127145625
2018-01-27 14:56:42.371;RC;AS25-AS1-20180127145618
2018-01-27 14:56:43.183;SS;AS25-AS1-20180127145618
2018-01-27 14:56:44.933;RO;AS25-AS1-20180127145625
2018-01-27 14:56:46.223;SP;AS25-AS1-20180127145625
2018-01-27 14:56:47.836;SQ;AS25-AS1-20180127145647
2018-01-27 14:57:01.444;RC;AS25-AS1-20180127145625
2018-01-27 14:57:02.262;SS;AS25-AS1-20180127145625
2018-01-27 14:57:10.816;RO;AS25-AS1-20180127145647
2018-01-27 14:57:12.594;SP;AS25-AS1-20180127145647
2018-01-27 14:57:14.826;SQ;AS25-AS1-20180127145714
2018-01-27 14:57:20.267;RU;AS25-AS1-20180127145618
2018-01-27 14:57:22.053;VU;AS25-AS1-20180127145618
2018-01-27 14:57:28.499;RC;AS25-AS1-20180127145647
2018-01-27 14:57:29.323;SS;AS25-AS1-20180127145647
2018-01-27 14:57:41.785;RU;AS25-AS1-20180127145625
2018-01-27 14:57:43.882;VU;AS25-AS1-20180127145625
2018-01-27 14:57:55.150;RO;AS25-AS1-20180127145714
2018-01-27 14:57:56.191;SP;AS25-AS1-20180127145714
2018-01-27 14:57:58.242;SQ;AS25-AS1-20180127145758
2018-01-27 14:58:05.675;RU;AS25-AS1-20180127145647
2018-01-27 14:58:07.467;VU;AS25-AS1-20180127145647
2018-01-27 14:58:16.256;RC;AS25-AS1-20180127145714
2018-01-27 14:58:17.070;SS;AS25-AS1-20180127145714
2018-01-27 14:58:24.407;RO;AS25-AS1-20180127145758
2018-01-27 14:58:25.610;SP;AS25-AS1-20180127145758
2018-01-27 14:58:27.204;SQ;AS25-AS1-20180127145827
2018-01-27 14:58:44.491;RC;AS25-AS1-20180127145758
2018-01-27 14:58:46.236;SS;AS25-AS1-20180127145758
2018-01-27 14:59:00.274;RU;AS25-AS1-20180127145714
2018-01-27 14:59:02.065;VU;AS25-AS1-20180127145714
2018-01-27 14:59:06.724;RO;AS25-AS1-20180127145827
2018-01-27 14:59:07.566;SP;AS25-AS1-20180127145827
2018-01-27 14:59:09.202;SQ;AS25-AS1-20180127145909
2018-01-27 14:59:24.210;RC;AS25-AS1-20180127145827
2018-01-27 14:59:24.211;RU;AS25-AS1-20180127145758
2018-01-27 14:59:25.819;SS;AS25-AS1-20180127145827
2018-01-27 14:59:46.470;RO;AS25-AS1-20180127145909
2018-01-27 14:59:47.549;SP;AS25-AS1-20180127145909
2018-01-27 14:59:52.101;SQ;AS25-AS1-20180127145952
2018-01-27 15:00:04.159;RU;AS25-AS1-20180127145827
2018-01-27 15:00:07.723;RC;AS25-AS1-20180127145909
2018-01-27 15:00:08.239;VU;AS25-AS1-20180127145827
2018-01-27 15:00:08.647;SS;AS25-AS1-20180127145909
2018-01-27 15:00:28.635;RO;AS25-AS1-20180127145952
2018-01-27 15:00:29.644;SP;AS25-AS1-20180127145952
2018-01-27 15:00:31.979;SQ;AS25-AS1-20180127150031
2018-01-27 15:00:46.383;RC;AS25-AS1-20180127145952
2018-01-27 15:00:46.763;RU;AS25-AS1-20180127145909
2018-01-27 15:00:47.637;SS;AS25-AS1-20180127145952
2018-01-27 15:00:49.589;VU;AS25-AS1-20180127145909
2018-01-27 15:01:06.070;RO;AS25-AS1-20180127150031
2018-01-27 15:01:07.332;SP;AS25-AS1-20180127150031
2018-01-27 15:01:09.809;SQ;AS25-AS1-20180127150109
2018-01-27 15:01:23.848;RC;AS25-AS1-20180127150031
2018-01-27 15:01:25.476;SS;AS25-AS1-20180127150031
2018-01-27 15:01:30.759;RU;AS25-AS1-20180127145952
2018-01-27 15:01:32.718;VU;AS25-AS1-20180127145952
2018-01-27 15:01:48.572;RO;AS25-AS1-20180127150109
2018-01-27 15:01:50.295;SP;AS25-AS1-20180127150109
2018-01-27 15:01:53.871;SQ;AS25-AS1-20180127150153
2018-01-27 15:02:03.266;RU;AS25-AS1-20180127150031
2018-01-27 15:02:04.719;RC;AS25-AS1-20180127150109
2018-01-27 15:02:05.255;VU;AS25-AS1-20180127150031
2018-01-27 15:02:05.689;SS;AS25-AS1-20180127150109
2018-01-27 15:02:34.880;RO;AS25-AS1-20180127150153
2018-01-27 15:02:36.283;SP;AS25-AS1-20180127150153
2018-01-27 15:02:39.779;SQ;AS25-AS1-20180127150239
2018-01-27 15:02:47.578;RU;AS25-AS1-20180127150109
2018-01-27 15:02:48.522;RC;AS25-AS1-20180127150153
2018-01-27 15:02:49.578;VU;AS25-AS1-20180127150109
2018-01-27 15:02:50.024;SS;AS25-AS1-20180127150153
2018-01-27 15:03:18.146;RO;AS25-AS1-20180127150239
2018-01-27 15:03:19.143;SP;AS25-AS1-20180127150239
2018-01-27 15:03:21.560;SQ;AS25-AS1-20180127150321
2018-01-27 15:03:36.274;RC;AS25-AS1-20180127150239
2018-01-27 15:03:37.064;SS;AS25-AS1-20180127150239
2018-01-27 15:03:42.839;RU;AS25-AS1-20180127150153
2018-01-27 15:03:45.375;VU;AS25-AS1-20180127150153
2018-01-27 15:03:58.380;RO;AS25-AS1-20180127150321
2018-01-27 15:03:59.871;SP;AS25-AS1-20180127150321
2018-01-27 15:04:02.122;SQ;AS25-AS1-20180127150402
2018-01-27 15:04:21.201;RC;AS25-AS1-20180127150321
2018-01-27 15:04:21.462;RU;AS25-AS1-20180127150239
2018-01-27 15:04:23.335;SS;AS25-AS1-20180127150321
2018-01-27 15:04:24.488;VU;AS25-AS1-20180127150239
2018-01-27 15:04:42.664;RO;AS25-AS1-20180127150402
2018-01-27 15:04:44.590;SP;AS25-AS1-20180127150402
2018-01-27 15:04:46.947;SQ;AS25-AS1-20180127150446
2018-01-27 15:05:04.072;RC;AS25-AS1-20180127150402
2018-01-27 15:05:04.211;RU;AS25-AS1-20180127150321
2018-01-27 15:05:06.401;SS;AS25-AS1-20180127150402
2018-01-27 15:05:07.466;VU;AS25-AS1-20180127150321
2018-01-27 15:05:21.689;RO;AS25-AS1-20180127150446
2018-01-27 15:05:23.104;SP;AS25-AS1-20180127150446
2018-01-27 15:05:25.455;SQ;AS25-AS1-20180127150525
2018-01-27 15:05:43.400;RC;AS25-AS1-20180127150446
2018-01-27 15:05:44.014;RU;AS25-AS1-20180127150402
2018-01-27 15:05:45.451;SS;AS25-AS1-20180127150446
2018-01-27 15:05:46.822;VU;AS25-AS1-20180127150402
2018-01-27 15:06:01.579;RO;AS25-AS1-20180127150525
2018-01-27 15:06:02.938;SP;AS25-AS1-20180127150525
2018-01-27 15:06:05.423;SQ;AS25-AS1-20180127150605
2018-01-27 15:06:22.467;RC;AS25-AS1-20180127150525
2018-01-27 15:06:23.283;SS;AS25-AS1-20180127150525
2018-01-27 15:06:23.780;RU;AS25-AS1-20180127150446
2018-01-27 15:06:25.930;VU;AS25-AS1-20180127150446
2018-01-27 15:06:56.857;RU;AS25-AS1-20180127150525
2018-01-27 15:07:00.774;RO;AS25-AS1-20180127150605
2018-01-27 15:07:02.366;VU;AS25-AS1-20180127150525
2018-01-27 15:07:02.696;SP;AS25-AS1-20180127150605
2018-01-27 15:07:04.841;SQ;AS25-AS1-20180127150704
2018-01-27 15:07:28.851;RC;AS25-AS1-20180127150605
2018-01-27 15:07:31.313;SS;AS25-AS1-20180127150605
2018-01-27 15:07:41.711;RO;AS25-AS1-20180127150704
2018-01-27 15:07:42.927;SP;AS25-AS1-20180127150704
2018-01-27 15:07:46.934;SQ;AS25-AS1-20180127150746
2018-01-27 15:08:02.805;RC;AS25-AS1-20180127150704
2018-01-27 15:08:04.338;SS;AS25-AS1-20180127150704
2018-01-27 15:08:16.496;RU;AS25-AS1-20180127150605
2018-01-27 15:08:19.706;VU;AS25-AS1-20180127150605
2018-01-27 15:08:28.249;RO;AS25-AS1-20180127150746
2018-01-27 15:08:29.938;SP;AS25-AS1-20180127150746
2018-01-27 15:08:32.189;SQ;AS25-AS1-20180127150832
2018-01-27 15:08:44.019;RU;AS25-AS1-20180127150704
2018-01-27 15:08:46.440;VU;AS25-AS1-20180127150704
2018-01-27 15:08:47.480;RC;AS25-AS1-20180127150746
2018-01-27 15:08:48.538;SS;AS25-AS1-20180127150746
2018-01-27 15:09:05.029;RO;AS25-AS1-20180127150832
2018-01-27 15:09:08.506;SP;AS25-AS1-20180127150832
2018-01-27 15:09:10.758;SQ;AS25-AS1-20180127150910
2018-01-27 15:09:27.079;RU;AS25-AS1-20180127150746
2018-01-27 15:09:27.087;RC;AS25-AS1-20180127150832
2018-01-27 15:09:29.478;SS;AS25-AS1-20180127150832
2018-01-27 15:09:30.373;VU;AS25-AS1-20180127150746
2018-01-27 15:09:45.555;RO;AS25-AS1-20180127150910
2018-01-27 15:09:47.342;SP;AS25-AS1-20180127150910
2018-01-27 15:09:49.493;SQ;AS25-AS1-20180127150949
2018-01-27 15:10:06.552;RC;AS25-AS1-20180127150910
2018-01-27 15:10:07.818;SS;AS25-AS1-20180127150910
2018-01-27 15:10:08.500;RU;AS25-AS1-20180127150832
2018-01-27 15:10:10.379;VU;AS25-AS1-20180127150832
2018-01-27 15:10:21.611;RO;AS25-AS1-20180127150949
2018-01-27 15:10:22.845;SP;AS25-AS1-20180127150949
2018-01-27 15:10:25.342;SQ;AS25-AS1-20180127151025
2018-01-27 15:10:41.525;RC;AS25-AS1-20180127150949
2018-01-27 15:10:42.787;SS;AS25-AS1-20180127150949
2018-01-27 15:10:46.904;RU;AS25-AS1-20180127150910
2018-01-27 15:10:49.221;VU;AS25-AS1-20180127150910
2018-01-27 15:11:09.164;RO;AS25-AS1-20180127151025
2018-01-27 15:11:10.202;SP;AS25-AS1-20180127151025
2018-01-27 15:11:12.639;SQ;AS25-AS1-20180127151112
2018-01-27 15:11:17.124;RU;AS25-AS1-20180127150949
2018-01-27 15:11:18.934;VU;AS25-AS1-20180127150949
2018-01-27 15:11:28.726;RC;AS25-AS1-20180127151025
2018-01-27 15:11:30.637;SS;AS25-AS1-20180127151025
2018-01-27 15:11:47.223;RO;AS25-AS1-20180127151112
2018-01-27 15:11:48.650;SP;AS25-AS1-20180127151112
2018-01-27 15:11:51.081;SQ;AS25-AS1-20180127151151
2018-01-27 15:12:04.021;RU;AS25-AS1-20180127151025
2018-01-27 15:12:04.597;RC;AS25-AS1-20180127151112
2018-01-27 15:12:06.330;SS;AS25-AS1-20180127151112
2018-01-27 15:12:06.824;VU;AS25-AS1-20180127151025
2018-01-27 15:12:22.895;RO;AS25-AS1-20180127151151
2018-01-27 15:12:24.679;SP;AS25-AS1-20180127151151
2018-01-27 15:12:26.876;SQ;AS25-AS1-20180127151226
2018-01-27 15:12:41.817;RU;AS25-AS1-20180127151112
2018-01-27 15:12:43.414;RC;AS25-AS1-20180127151151
2018-01-27 15:12:44.294;VU;AS25-AS1-20180127151112
2018-01-27 15:12:44.359;SS;AS25-AS1-20180127151151
2018-01-27 15:12:59.746;RO;AS25-AS1-20180127151226
2018-01-27 15:13:01.578;SP;AS25-AS1-20180127151226
2018-01-27 15:13:05.163;SQ;AS25-AS1-20180127151305
2018-01-27 15:13:20.085;RC;AS25-AS1-20180127151226
2018-01-27 15:13:20.884;SS;AS25-AS1-20180127151226
2018-01-27 15:13:35.039;RO;AS25-AS1-20180127151305
2018-01-27 15:13:36.139;SP;AS25-AS1-20180127151305
2018-01-27 15:13:36.464;RU;AS25-AS1-20180127151151
2018-01-27 15:13:39.398;SQ;AS25-AS1-20180127151339
2018-01-27 15:13:39.974;VU;AS25-AS1-20180127151151
2018-01-27 15:13:50.475;RC;AS25-AS1-20180127151305
2018-01-27 15:13:51.274;SS;AS25-AS1-20180127151305
2018-01-27 15:14:02.518;RU;AS25-AS1-20180127151226
2018-01-27 15:14:06.511;VU;AS25-AS1-20180127151226
2018-01-27 15:14:15.457;RO;AS25-AS1-20180127151339
2018-01-27 15:14:16.837;SP;AS25-AS1-20180127151339
2018-01-27 15:14:20.960;SQ;AS25-AS1-20180127151420
2018-01-27 15:14:33.053;RU;AS25-AS1-20180127151305
2018-01-27 15:14:33.428;RC;AS25-AS1-20180127151339
2018-01-27 15:14:35.667;VU;AS25-AS1-20180127151305
2018-01-27 15:14:36.392;SS;AS25-AS1-20180127151339
2018-01-27 15:15:00.819;RO;AS25-AS1-20180127151420
2018-01-27 15:15:02.031;SP;AS25-AS1-20180127151420
2018-01-27 15:15:04.467;SQ;AS25-AS1-20180127151504
2018-01-27 15:15:16.742;RC;AS25-AS1-20180127151420
2018-01-27 15:15:17.512;RU;AS25-AS1-20180127151339
2018-01-27 15:15:18.434;SS;AS25-AS1-20180127151420
2018-01-27 15:15:20.196;VU;AS25-AS1-20180127151339
2018-01-27 15:15:37.946;RO;AS25-AS1-20180127151504
2018-01-27 15:15:39.318;SP;AS25-AS1-20180127151504
2018-01-27 15:15:49.346;RU;AS25-AS1-20180127151420
2018-01-27 15:15:55.863;RC;AS25-AS1-20180127151504
2018-01-27 15:15:57.858;SS;AS25-AS1-20180127151504
2018-01-27 15:16:19.255;RU;AS25-AS1-20180127151504
2018-01-27 15:16:28.764;VU;AS25-AS1-20180127151504
