2018-01-27 14:56:20.311;SQ;AS26-AS1-20180127145620
2018-01-27 14:56:35.784;RO;AS26-AS1-20180127145620
2018-01-27 14:56:36.670;SP;AS26-AS1-20180127145620
2018-01-27 14:56:38.318;SQ;AS26-AS1-20180127145638
2018-01-27 14:56:49.803;RC;AS26-AS1-20180127145620
2018-01-27 14:56:50.629;SS;AS26-AS1-20180127145620
2018-01-27 14:57:06.692;RO;AS26-AS1-20180127145638
2018-01-27 14:57:07.666;SP;AS26-AS1-20180127145638
2018-01-27 14:57:09.294;SQ;AS26-AS1-20180127145709
2018-01-27 14:57:22.593;RU;AS26-AS1-20180127145620
2018-01-27 14:57:24.575;RC;AS26-AS1-20180127145638
2018-01-27 14:57:26.111;SS;AS26-AS1-20180127145638
2018-01-27 14:57:48.720;RO;AS26-AS1-20180127145709
2018-01-27 14:57:50.361;SP;AS26-AS1-20180127145709
2018-01-27 14:57:52.833;SQ;AS26-AS1-20180127145752
2018-01-27 14:58:00.107;RU;AS26-AS1-20180127145638
2018-01-27 14:58:02.628;VU;AS26-AS1-20180127145638
2018-01-27 14:58:07.599;RC;AS26-AS1-20180127145709
2018-01-27 14:58:08.604;SS;AS26-AS1-20180127145709
2018-01-27 14:58:29.205;RO;AS26-AS1-20180127145752
2018-01-27 14:58:31.288;SP;AS26-AS1-20180127145752
2018-01-27 14:58:33.626;SQ;AS26-AS1-20180127145833
2018-01-27 14:58:49.707;RU;AS26-AS1-20180127145709
2018-01-27 14:58:50.792;RC;AS26-AS1-20180127145752
2018-01-27 14:58:51.712;VU;AS26-AS1-20180127145709
2018-01-27 14:58:52.176;SS;AS26-AS1-20180127145752
2018-01-27 14:59:12.338;RO;AS26-AS1-20180127145833
2018-01-27 14:59:14.002;SP;AS26-AS1-20180127145833
2018-01-27 14:59:18.555;SQ;AS26-AS1-20180127145918
2018-01-27 14:59:32.307;RC;AS26-AS1-20180127145833
2018-01-27 14:59:34.134;SS;AS26-AS1-20180127145833
2018-01-27 14:59:39.461;RU;AS26-AS1-20180127145752
2018-01-27 14:59:42.010;VU;AS26-AS1-20180127145752
2018-01-27 14:59:54.973;RO;AS26-AS1-20180127145918
2018-01-27 14:59:56.324;SP;AS26-AS1-20180127145918
2018-01-27 14:59:58.686;SQ;AS26-AS1-20180127145958
2018-01-27 15:00:15.311;RU;AS26-AS1-20180127145833
2018-01-27 15:00:16.143;RC;AS26-AS1-20180127145918
2018-01-27 15:00:17.570;VU;AS26-AS1-20180127145833
2018-01-27 15:00:17.810;SS;AS26-AS1-20180127145918
2018-01-27 15:00:36.764;RO;AS26-AS1-20180127145958
2018-01-27 15:00:38.070;SP;AS26-AS1-20180127145958
2018-01-27 15:00:40.568;SQ;AS26-AS1-20180127150040
2018-01-27 15:00:57.918;RC;AS26-AS1-20180127145958
2018-01-27 15:00:57.921;RU;AS26-AS1-20180127145918
2018-01-27 15:01:00.392;SS;AS26-AS1-20180127145958
2018-01-27 15:01:01.393;VU;AS26-AS1-20180127145918
2018-01-27 15:01:21.033;RO;AS26-AS1-20180127150040
2018-01-27 15:01:23.513;SP;AS26-AS1-20180127150040
2018-01-27 15:01:25.995;SQ;AS26-AS1-20180127150125
2018-01-27 15:01:37.854;RU;AS26-AS1-20180127145958
2018-01-27 15:01:40.039;VU;AS26-AS1-20180127145958
2018-01-27 15:01:43.471;RC;AS26-AS1-20180127150040
2018-01-27 15:01:44.797;SS;AS26-AS1-20180127150040
2018-01-27 15:02:02.011;RO;AS26-AS1-20180127150125
2018-01-27 15:02:02.862;SP;AS26-AS1-20180127150125
2018-01-27 15:02:05.346;SQ;AS26-AS1-20180127150205
2018-01-27 15:02:17.107;RC;AS26-AS1-20180127150125
2018-01-27 15:02:18.351;SS;AS26-AS1-20180127150125
2018-01-27 15:02:25.328;RU;AS26-AS1-20180127150040
2018-01-27 15:02:27.665;VU;AS26-AS1-20180127150040
2018-01-27 15:02:47.815;RO;AS26-AS1-20180127150205
2018-01-27 15:02:49.020;SP;AS26-AS1-20180127150205
2018-01-27 15:02:51.222;RU;AS26-AS1-20180127150125
2018-01-27 15:02:51.635;SQ;AS26-AS1-20180127150251
2018-01-27 15:02:53.451;VU;AS26-AS1-20180127150125
2018-01-27 15:03:26.088;RC;AS26-AS1-20180127150205
2018-01-27 15:03:26.193;RO;AS26-AS1-20180127150251
2018-01-27 15:03:28.383;SS;AS26-AS1-20180127150205
2018-01-27 15:03:29.114;SP;AS26-AS1-20180127150251
2018-01-27 15:03:31.347;SQ;AS26-AS1-20180127150331
2018-01-27 15:03:48.607;RC;AS26-AS1-20180127150251
2018-01-27 15:03:49.679;SS;AS26-AS1-20180127150251
2018-01-27 15:04:08.724;RO;AS26-AS1-20180127150331
2018-01-27 15:04:10.176;SP;AS26-AS1-20180127150331
2018-01-27 15:04:12.416;RU;AS26-AS1-20180127150205
2018-01-27 15:04:15.987;SQ;AS26-AS1-20180127150415
2018-01-27 15:04:16.574;VU;AS26-AS1-20180127150205
2018-01-27 15:04:23.593;RC;AS26-AS1-20180127150331
2018-01-27 15:04:24.617;SS;AS26-AS1-20180127150331
2018-01-27 15:04:25.872;RU;AS26-AS1-20180127150251
2018-01-27 15:04:29.043;VU;AS26-AS1-20180127150251
2018-01-27 15:04:55.864;RO;AS26-AS1-20180127150415
2018-01-27 15:04:58.624;SP;AS26-AS1-20180127150415
2018-01-27 15:05:00.864;SQ;AS26-AS1-20180127150500
2018-01-27 15:05:04.075;RU;AS26-AS1-20180127150331
2018-01-27 15:05:06.613;VU;AS26-AS1-20180127150331
2018-01-27 15:05:17.223;RC;AS26-AS1-20180127150415
2018-01-27 15:05:18.266;SS;AS26-AS1-20180127150415
2018-01-27 15:05:38.086;RO;AS26-AS1-20180127150500
2018-01-27 15:05:39.205;SP;AS26-AS1-20180127150500
2018-01-27 15:05:42.355;SQ;AS26-AS1-20180127150542
2018-01-27 15:05:54.546;RC;AS26-AS1-20180127150500
2018-01-27 15:05:55.507;SS;AS26-AS1-20180127150500
2018-01-27 15:05:58.948;RU;AS26-AS1-20180127150415
2018-01-27 15:06:00.867;VU;AS26-AS1-20180127150415
2018-01-27 15:06:22.040;RO;AS26-AS1-20180127150542
2018-01-27 15:06:23.591;SP;AS26-AS1-20180127150542
2018-01-27 15:06:25.975;SQ;AS26-AS1-20180127150625
2018-01-27 15:06:34.077;RU;AS26-AS1-20180127150500
2018-01-27 15:06:42.623;RC;AS26-AS1-20180127150542
2018-01-27 15:06:46.146;SS;AS26-AS1-20180127150542
2018-01-27 15:06:59.020;RO;AS26-AS1-20180127150625
2018-01-27 15:07:01.715;SP;AS26-AS1-20180127150625
2018-01-27 15:07:05.327;SQ;AS26-AS1-20180127150705
2018-01-27 15:07:28.721;RC;AS26-AS1-20180127150625
2018-01-27 15:07:28.830;RU;AS26-AS1-20180127150542
2018-01-27 15:07:32.694;SS;AS26-AS1-20180127150625
2018-01-27 15:07:34.019;VU;AS26-AS1-20180127150542
2018-01-27 15:07:42.212;RO;AS26-AS1-20180127150705
2018-01-27 15:07:45.554;SP;AS26-AS1-20180127150705
2018-01-27 15:07:49.922;SQ;AS26-AS1-20180127150749
2018-01-27 15:08:01.588;RC;AS26-AS1-20180127150705
2018-01-27 15:08:04.813;SS;AS26-AS1-20180127150705
2018-01-27 15:08:12.726;RU;AS26-AS1-20180127150625
2018-01-27 15:08:15.648;VU;AS26-AS1-20180127150625
2018-01-27 15:08:20.595;RO;AS26-AS1-20180127150749
2018-01-27 15:08:23.389;SP;AS26-AS1-20180127150749
2018-01-27 15:08:27.131;SQ;AS26-AS1-20180127150827
2018-01-27 15:08:44.103;RU;AS26-AS1-20180127150705
2018-01-27 15:08:44.162;RC;AS26-AS1-20180127150749
2018-01-27 15:08:47.210;SS;AS26-AS1-20180127150749
2018-01-27 15:08:48.100;VU;AS26-AS1-20180127150705
2018-01-27 15:08:56.942;RO;AS26-AS1-20180127150827
2018-01-27 15:08:59.152;SP;AS26-AS1-20180127150827
2018-01-27 15:09:02.942;SQ;AS26-AS1-20180127150902
2018-01-27 15:09:19.388;RC;AS26-AS1-20180127150827
2018-01-27 15:09:22.331;SS;AS26-AS1-20180127150827
2018-01-27 15:09:25.295;RU;AS26-AS1-20180127150749
2018-01-27 15:09:28.219;VU;AS26-AS1-20180127150749
2018-01-27 15:09:36.490;RO;AS26-AS1-20180127150902
2018-01-27 15:09:39.918;SP;AS26-AS1-20180127150902
2018-01-27 15:09:43.732;SQ;AS26-AS1-20180127150943
2018-01-27 15:10:06.386;RU;AS26-AS1-20180127150827
2018-01-27 15:10:06.450;RC;AS26-AS1-20180127150902
2018-01-27 15:10:09.521;SS;AS26-AS1-20180127150902
2018-01-27 15:10:10.351;VU;AS26-AS1-20180127150827
2018-01-27 15:10:20.854;RO;AS26-AS1-20180127150943
2018-01-27 15:10:23.091;SP;AS26-AS1-20180127150943
2018-01-27 15:10:26.924;SQ;AS26-AS1-20180127151026
2018-01-27 15:10:41.842;RC;AS26-AS1-20180127150943
2018-01-27 15:10:44.727;SS;AS26-AS1-20180127150943
2018-01-27 15:10:48.167;RU;AS26-AS1-20180127150902
2018-01-27 15:10:51.048;VU;AS26-AS1-20180127150902
2018-01-27 15:10:55.768;RO;AS26-AS1-20180127151026
2018-01-27 15:10:57.717;SP;AS26-AS1-20180127151026
2018-01-27 15:11:03.909;SQ;AS26-AS1-20180127151103
2018-01-27 15:11:15.926;RC;AS26-AS1-20180127151026
2018-01-27 15:11:17.784;RU;AS26-AS1-20180127150943
2018-01-27 15:11:19.251;SS;AS26-AS1-20180127151026
2018-01-27 15:11:21.680;VU;AS26-AS1-20180127150943
2018-01-27 15:11:36.590;RO;AS26-AS1-20180127151103
2018-01-27 15:11:38.361;SP;AS26-AS1-20180127151103
2018-01-27 15:11:42.219;SQ;AS26-AS1-20180127151142
2018-01-27 15:11:55.176;RC;AS26-AS1-20180127151103
2018-01-27 15:11:55.579;RU;AS26-AS1-20180127151026
2018-01-27 15:11:57.677;SS;AS26-AS1-20180127151103
2018-01-27 15:11:59.417;VU;AS26-AS1-20180127151026
2018-01-27 15:12:12.642;RO;AS26-AS1-20180127151142
2018-01-27 15:12:13.910;SP;AS26-AS1-20180127151142
2018-01-27 15:12:19.443;SQ;AS26-AS1-20180127151219
2018-01-27 15:12:30.850;RC;AS26-AS1-20180127151142
2018-01-27 15:12:32.957;RU;AS26-AS1-20180127151103
2018-01-27 15:12:34.350;SS;AS26-AS1-20180127151142
2018-01-27 15:12:36.507;VU;AS26-AS1-20180127151103
2018-01-27 15:12:50.497;RO;AS26-AS1-20180127151219
2018-01-27 15:12:52.276;SP;AS26-AS1-20180127151219
2018-01-27 15:12:55.912;SQ;AS26-AS1-20180127151255
2018-01-27 15:13:09.885;RC;AS26-AS1-20180127151219
2018-01-27 15:13:11.770;SS;AS26-AS1-20180127151219
2018-01-27 15:13:17.179;RU;AS26-AS1-20180127151142
2018-01-27 15:13:22.141;VU;AS26-AS1-20180127151142
2018-01-27 15:13:33.795;RO;AS26-AS1-20180127151255
2018-01-27 15:13:36.567;SP;AS26-AS1-20180127151255
2018-01-27 15:13:40.392;SQ;AS26-AS1-20180127151340
2018-01-27 15:13:51.423;RU;AS26-AS1-20180127151219
2018-01-27 15:13:54.380;VU;AS26-AS1-20180127151219
2018-01-27 15:13:55.287;RC;AS26-AS1-20180127151255
2018-01-27 15:13:57.279;SS;AS26-AS1-20180127151255
2018-01-27 15:14:15.412;RO;AS26-AS1-20180127151340
2018-01-27 15:14:16.966;SP;AS26-AS1-20180127151340
2018-01-27 15:14:23.134;SQ;AS26-AS1-20180127151423
2018-01-27 15:14:34.732;RC;AS26-AS1-20180127151340
2018-01-27 15:14:36.484;RU;AS26-AS1-20180127151255
2018-01-27 15:14:38.434;SS;AS26-AS1-20180127151340
2018-01-27 15:14:40.232;VU;AS26-AS1-20180127151255
2018-01-27 15:15:00.773;RO;AS26-AS1-20180127151423
2018-01-27 15:15:03.034;SP;AS26-AS1-20180127151423
2018-01-27 15:15:08.966;SQ;AS26-AS1-20180127151508
2018-01-27 15:15:17.022;RC;AS26-AS1-20180127151423
2018-01-27 15:15:18.747;SS;AS26-AS1-20180127151423
2018-01-27 15:15:21.507;RU;AS26-AS1-20180127151340
2018-01-27 15:15:26.204;VU;AS26-AS1-20180127151340
2018-01-27 15:15:45.259;RO;AS26-AS1-20180127151508
2018-01-27 15:15:47.014;SP;AS26-AS1-20180127151508
2018-01-27 15:15:50.886;SQ;AS26-AS1-20180127151550
2018-01-27 15:15:53.233;RU;AS26-AS1-20180127151423
2018-01-27 15:15:57.363;VU;AS26-AS1-20180127151423
2018-01-27 15:16:01.728;RC;AS26-AS1-20180127151508
2018-01-27 15:16:03.749;SS;AS26-AS1-20180127151508
2018-01-27 15:16:16.462;RO;AS26-AS1-20180127151550
2018-01-27 15:16:18.840;SP;AS26-AS1-20180127151550
2018-01-27 15:16:30.880;RC;AS26-AS1-20180127151550
2018-01-27 15:16:30.931;RU;AS26-AS1-20180127151508
2018-01-27 15:16:34.017;SS;AS26-AS1-20180127151550
2018-01-27 15:16:35.017;VU;AS26-AS1-20180127151508
2018-01-27 15:16:40.459;RU;AS26-AS1-20180127151550
2018-01-27 15:16:44.846;VU;AS26-AS1-20180127151550
