2018-01-27 14:56:18.319;SQ;AS4-AS1-20180127145618
2018-01-27 14:56:21.362;RO;AS4-AS1-20180127145618
2018-01-27 14:56:22.629;SP;AS4-AS1-20180127145618
2018-01-27 14:56:24.304;SQ;AS4-AS1-20180127145624
2018-01-27 14:56:29.068;RC;AS4-AS1-20180127145618
2018-01-27 14:56:29.887;SS;AS4-AS1-20180127145618
2018-01-27 14:56:43.177;RO;AS4-AS1-20180127145624
2018-01-27 14:56:44.111;SP;AS4-AS1-20180127145624
2018-01-27 14:56:45.746;SQ;AS4-AS1-20180127145645
2018-01-27 14:56:55.931;RU;AS4-AS1-20180127145618
2018-01-27 14:56:57.716;VU;AS4-AS1-20180127145618
2018-01-27 14:56:58.164;RC;AS4-AS1-20180127145624
2018-01-27 14:56:58.958;SS;AS4-AS1-20180127145624
2018-01-27 14:57:20.014;RO;AS4-AS1-20180127145645
2018-01-27 14:57:21.108;SP;AS4-AS1-20180127145645
2018-01-27 14:57:22.692;SQ;AS4-AS1-20180127145722
2018-01-27 14:57:38.553;RC;AS4-AS1-20180127145645
2018-01-27 14:57:39.360;SS;AS4-AS1-20180127145645
2018-01-27 14:57:39.990;RU;AS4-AS1-20180127145624
2018-01-27 14:57:41.805;VU;AS4-AS1-20180127145624
2018-01-27 14:58:00.322;RO;AS4-AS1-20180127145722
2018-01-27 14:58:01.552;SP;AS4-AS1-20180127145722
2018-01-27 14:58:03.195;SQ;AS4-AS1-20180127145803
2018-01-27 14:58:20.763;RU;AS4-AS1-20180127145645
2018-01-27 14:58:20.764;RC;AS4-AS1-20180127145722
2018-01-27 14:58:22.444;SS;AS4-AS1-20180127145722
2018-01-27 14:58:23.448;VU;AS4-AS1-20180127145645
2018-01-27 14:58:42.404;RO;AS4-AS1-20180127145803
2018-01-27 14:58:44.095;SP;AS4-AS1-20180127145803
2018-01-27 14:58:47.566;SQ;AS4-AS1-20180127145847
2018-01-27 14:59:00.838;RC;AS4-AS1-20180127145803
2018-01-27 14:59:01.668;SS;AS4-AS1-20180127145803
2018-01-27 14:59:05.738;RU;AS4-AS1-20180127145722
2018-01-27 14:59:07.567;VU;AS4-AS1-20180127145722
2018-01-27 14:59:24.082;RO;AS4-AS1-20180127145847
2018-01-27 14:59:24.929;SP;AS4-AS1-20180127145847
2018-01-27 14:59:26.540;SQ;AS4-AS1-20180127145926
2018-01-27 14:59:40.111;RU;AS4-AS1-20180127145803
2018-01-27 14:59:41.945;VU;AS4-AS1-20180127145803
2018-01-27 14:59:42.366;RC;AS4-AS1-20180127145847
2018-01-27 14:59:43.194;SS;AS4-AS1-20180127145847
2018-01-27 15:00:04.121;RO;AS4-AS1-20180127145926
2018-01-27 15:00:06.298;SP;AS4-AS1-20180127145926
2018-01-27 15:00:08.245;SQ;AS4-AS1-20180127150008
2018-01-27 15:00:24.944;RC;AS4-AS1-20180127145926
2018-01-27 15:00:24.985;RU;AS4-AS1-20180127145847
2018-01-27 15:00:26.631;SS;AS4-AS1-20180127145926
2018-01-27 15:00:27.635;VU;AS4-AS1-20180127145847
2018-01-27 15:00:47.310;RO;AS4-AS1-20180127150008
2018-01-27 15:00:48.607;SP;AS4-AS1-20180127150008
2018-01-27 15:00:51.335;SQ;AS4-AS1-20180127150051
2018-01-27 15:01:06.640;RU;AS4-AS1-20180127145926
2018-01-27 15:01:06.710;RC;AS4-AS1-20180127150008
2018-01-27 15:01:08.285;SS;AS4-AS1-20180127150008
2018-01-27 15:01:09.205;VU;AS4-AS1-20180127145926
2018-01-27 15:01:30.546;RO;AS4-AS1-20180127150051
2018-01-27 15:01:31.711;SP;AS4-AS1-20180127150051
2018-01-27 15:01:33.374;SQ;AS4-AS1-20180127150133
2018-01-27 15:01:48.772;RC;AS4-AS1-20180127150051
2018-01-27 15:01:49.570;SS;AS4-AS1-20180127150051
2018-01-27 15:01:51.666;RU;AS4-AS1-20180127150008
2018-01-27 15:01:54.402;VU;AS4-AS1-20180127150008
2018-01-27 15:02:15.881;RO;AS4-AS1-20180127150133
2018-01-27 15:02:16.742;SP;AS4-AS1-20180127150133
2018-01-27 15:02:18.377;SQ;AS4-AS1-20180127150218
2018-01-27 15:02:30.773;RU;AS4-AS1-20180127150051
2018-01-27 15:02:32.589;VU;AS4-AS1-20180127150051
2018-01-27 15:02:36.352;RC;AS4-AS1-20180127150133
2018-01-27 15:02:37.182;SS;AS4-AS1-20180127150133
2018-01-27 15:02:51.652;RO;AS4-AS1-20180127150218
2018-01-27 15:02:52.750;SP;AS4-AS1-20180127150218
2018-01-27 15:02:55.716;SQ;AS4-AS1-20180127150255
2018-01-27 15:03:10.544;RC;AS4-AS1-20180127150218
2018-01-27 15:03:11.381;SS;AS4-AS1-20180127150218
2018-01-27 15:03:18.114;RU;AS4-AS1-20180127150133
2018-01-27 15:03:19.938;VU;AS4-AS1-20180127150133
2018-01-27 15:03:34.730;RO;AS4-AS1-20180127150255
2018-01-27 15:03:35.566;SP;AS4-AS1-20180127150255
2018-01-27 15:03:37.137;SQ;AS4-AS1-20180127150337
2018-01-27 15:03:54.640;RU;AS4-AS1-20180127150218
2018-01-27 15:03:54.936;RC;AS4-AS1-20180127150255
2018-01-27 15:03:57.735;SS;AS4-AS1-20180127150255
2018-01-27 15:03:58.344;VU;AS4-AS1-20180127150218
2018-01-27 15:04:14.603;RO;AS4-AS1-20180127150337
2018-01-27 15:04:15.484;SP;AS4-AS1-20180127150337
2018-01-27 15:04:17.088;SQ;AS4-AS1-20180127150417
2018-01-27 15:04:34.918;RC;AS4-AS1-20180127150337
2018-01-27 15:04:35.712;SS;AS4-AS1-20180127150337
2018-01-27 15:04:41.257;RU;AS4-AS1-20180127150255
2018-01-27 15:04:43.968;VU;AS4-AS1-20180127150255
2018-01-27 15:04:57.632;RO;AS4-AS1-20180127150417
2018-01-27 15:04:58.478;SP;AS4-AS1-20180127150417
2018-01-27 15:05:00.120;SQ;AS4-AS1-20180127150500
2018-01-27 15:05:09.583;RU;AS4-AS1-20180127150337
2018-01-27 15:05:11.401;VU;AS4-AS1-20180127150337
2018-01-27 15:05:16.777;RC;AS4-AS1-20180127150417
2018-01-27 15:05:17.590;SS;AS4-AS1-20180127150417
2018-01-27 15:05:51.144;RO;AS4-AS1-20180127150500
2018-01-27 15:05:51.973;SP;AS4-AS1-20180127150500
2018-01-27 15:05:53.582;SQ;AS4-AS1-20180127150553
2018-01-27 15:05:59.072;RU;AS4-AS1-20180127150417
2018-01-27 15:06:00.873;VU;AS4-AS1-20180127150417
2018-01-27 15:06:10.898;RC;AS4-AS1-20180127150500
2018-01-27 15:06:11.958;SS;AS4-AS1-20180127150500
2018-01-27 15:06:25.649;RO;AS4-AS1-20180127150553
2018-01-27 15:06:26.936;SP;AS4-AS1-20180127150553
2018-01-27 15:06:30.261;SQ;AS4-AS1-20180127150630
2018-01-27 15:06:51.948;RU;AS4-AS1-20180127150500
2018-01-27 15:06:53.750;VU;AS4-AS1-20180127150500
2018-01-27 15:07:00.774;RO;AS4-AS1-20180127150630
2018-01-27 15:07:01.646;SP;AS4-AS1-20180127150630
2018-01-27 15:07:03.288;RC;AS4-AS1-20180127150553
2018-01-27 15:07:03.296;SQ;AS4-AS1-20180127150703
2018-01-27 15:07:04.114;SS;AS4-AS1-20180127150553
2018-01-27 15:07:28.984;RC;AS4-AS1-20180127150630
2018-01-27 15:07:30.424;SS;AS4-AS1-20180127150630
2018-01-27 15:07:39.390;RO;AS4-AS1-20180127150703
2018-01-27 15:07:40.654;SP;AS4-AS1-20180127150703
2018-01-27 15:07:42.298;SQ;AS4-AS1-20180127150742
2018-01-27 15:07:47.885;RU;AS4-AS1-20180127150553
2018-01-27 15:07:49.704;VU;AS4-AS1-20180127150553
2018-01-27 15:07:55.507;RC;AS4-AS1-20180127150703
2018-01-27 15:07:56.345;SS;AS4-AS1-20180127150703
2018-01-27 15:08:07.074;RU;AS4-AS1-20180127150630
2018-01-27 15:08:08.908;VU;AS4-AS1-20180127150630
2018-01-27 15:08:12.709;RO;AS4-AS1-20180127150742
2018-01-27 15:08:13.642;SP;AS4-AS1-20180127150742
2018-01-27 15:08:15.318;SQ;AS4-AS1-20180127150815
2018-01-27 15:08:31.908;RC;AS4-AS1-20180127150742
2018-01-27 15:08:33.095;SS;AS4-AS1-20180127150742
2018-01-27 15:08:37.316;RU;AS4-AS1-20180127150703
2018-01-27 15:08:39.140;VU;AS4-AS1-20180127150703
2018-01-27 15:08:51.739;RO;AS4-AS1-20180127150815
2018-01-27 15:08:52.681;SP;AS4-AS1-20180127150815
2018-01-27 15:08:54.329;SQ;AS4-AS1-20180127150854
2018-01-27 15:09:10.159;RC;AS4-AS1-20180127150815
2018-01-27 15:09:10.999;SS;AS4-AS1-20180127150815
2018-01-27 15:09:18.617;RU;AS4-AS1-20180127150742
2018-01-27 15:09:20.850;VU;AS4-AS1-20180127150742
2018-01-27 15:09:34.213;RO;AS4-AS1-20180127150854
2018-01-27 15:09:35.177;SP;AS4-AS1-20180127150854
2018-01-27 15:09:37.679;SQ;AS4-AS1-20180127150937
2018-01-27 15:09:45.181;RU;AS4-AS1-20180127150815
2018-01-27 15:09:46.965;VU;AS4-AS1-20180127150815
2018-01-27 15:09:52.481;RC;AS4-AS1-20180127150854
2018-01-27 15:09:54.098;SS;AS4-AS1-20180127150854
2018-01-27 15:10:11.916;RO;AS4-AS1-20180127150937
2018-01-27 15:10:14.004;SP;AS4-AS1-20180127150937
2018-01-27 15:10:16.531;SQ;AS4-AS1-20180127151016
2018-01-27 15:10:31.766;RU;AS4-AS1-20180127150854
2018-01-27 15:10:33.599;VU;AS4-AS1-20180127150854
2018-01-27 15:10:36.289;RC;AS4-AS1-20180127150937
2018-01-27 15:10:37.094;SS;AS4-AS1-20180127150937
2018-01-27 15:10:53.281;RO;AS4-AS1-20180127151016
2018-01-27 15:10:54.376;SP;AS4-AS1-20180127151016
2018-01-27 15:10:55.961;SQ;AS4-AS1-20180127151055
2018-01-27 15:11:09.313;RC;AS4-AS1-20180127151016
2018-01-27 15:11:10.112;SS;AS4-AS1-20180127151016
2018-01-27 15:11:14.727;RU;AS4-AS1-20180127150937
2018-01-27 15:11:17.388;VU;AS4-AS1-20180127150937
2018-01-27 15:11:27.366;RO;AS4-AS1-20180127151055
2018-01-27 15:11:28.325;SP;AS4-AS1-20180127151055
2018-01-27 15:11:30.581;SQ;AS4-AS1-20180127151130
2018-01-27 15:11:43.573;RC;AS4-AS1-20180127151055
2018-01-27 15:11:45.032;SS;AS4-AS1-20180127151055
2018-01-27 15:11:47.106;RU;AS4-AS1-20180127151016
2018-01-27 15:11:48.923;VU;AS4-AS1-20180127151016
2018-01-27 15:12:02.815;RO;AS4-AS1-20180127151130
2018-01-27 15:12:03.965;SP;AS4-AS1-20180127151130
2018-01-27 15:12:05.614;SQ;AS4-AS1-20180127151205
2018-01-27 15:12:20.910;RU;AS4-AS1-20180127151055
2018-01-27 15:12:21.067;RC;AS4-AS1-20180127151130
2018-01-27 15:12:22.547;SS;AS4-AS1-20180127151130
2018-01-27 15:12:23.349;VU;AS4-AS1-20180127151055
2018-01-27 15:12:40.617;RO;AS4-AS1-20180127151205
2018-01-27 15:12:41.482;SP;AS4-AS1-20180127151205
2018-01-27 15:12:43.088;SQ;AS4-AS1-20180127151243
2018-01-27 15:13:00.780;RC;AS4-AS1-20180127151205
2018-01-27 15:13:00.924;RU;AS4-AS1-20180127151130
2018-01-27 15:13:03.787;SS;AS4-AS1-20180127151205
2018-01-27 15:13:04.879;VU;AS4-AS1-20180127151130
2018-01-27 15:13:41.469;RO;AS4-AS1-20180127151243
2018-01-27 15:13:42.488;SP;AS4-AS1-20180127151243
2018-01-27 15:13:44.113;SQ;AS4-AS1-20180127151344
2018-01-27 15:13:48.469;RU;AS4-AS1-20180127151205
2018-01-27 15:13:50.557;VU;AS4-AS1-20180127151205
2018-01-27 15:13:59.083;RC;AS4-AS1-20180127151243
2018-01-27 15:13:59.893;SS;AS4-AS1-20180127151243
2018-01-27 15:14:18.263;RO;AS4-AS1-20180127151344
2018-01-27 15:14:20.265;SP;AS4-AS1-20180127151344
2018-01-27 15:14:21.901;SQ;AS4-AS1-20180127151421
2018-01-27 15:14:32.895;RU;AS4-AS1-20180127151243
2018-01-27 15:14:34.676;VU;AS4-AS1-20180127151243
2018-01-27 15:14:39.007;RC;AS4-AS1-20180127151344
2018-01-27 15:14:39.810;SS;AS4-AS1-20180127151344
2018-01-27 15:14:56.100;RO;AS4-AS1-20180127151421
2018-01-27 15:14:57.256;SP;AS4-AS1-20180127151421
2018-01-27 15:14:58.840;SQ;AS4-AS1-20180127151458
2018-01-27 15:15:13.907;RC;AS4-AS1-20180127151421
2018-01-27 15:15:14.713;SS;AS4-AS1-20180127151421
2018-01-27 15:15:16.638;RU;AS4-AS1-20180127151344
2018-01-27 15:15:18.458;VU;AS4-AS1-20180127151344
2018-01-27 15:15:29.620;RO;AS4-AS1-20180127151458
2018-01-27 15:15:30.685;SP;AS4-AS1-20180127151458
2018-01-27 15:15:45.523;RC;AS4-AS1-20180127151458
2018-01-27 15:15:46.350;SS;AS4-AS1-20180127151458
2018-01-27 15:15:51.087;RU;AS4-AS1-20180127151421
2018-01-27 15:15:53.809;VU;AS4-AS1-20180127151421
2018-01-27 15:16:16.122;RU;AS4-AS1-20180127151458
2018-01-27 15:16:17.946;VU;AS4-AS1-20180127151458
