2018-01-27 14:56:20.594;SQ;AS41-AS1-20180127145620
2018-01-27 14:56:36.242;RO;AS41-AS1-20180127145620
2018-01-27 14:56:37.442;SP;AS41-AS1-20180127145620
2018-01-27 14:56:39.133;SQ;AS41-AS1-20180127145639
2018-01-27 14:56:48.100;RC;AS41-AS1-20180127145620
2018-01-27 14:56:48.937;SS;AS41-AS1-20180127145620
2018-01-27 14:57:09.526;RO;AS41-AS1-20180127145639
2018-01-27 14:57:10.491;SP;AS41-AS1-20180127145639
2018-01-27 14:57:14.109;SQ;AS41-AS1-20180127145714
2018-01-27 14:57:27.115;RU;AS41-AS1-20180127145620
2018-01-27 14:57:27.923;RC;AS41-AS1-20180127145639
2018-01-27 14:57:29.769;SS;AS41-AS1-20180127145639
2018-01-27 14:57:30.293;VU;AS41-AS1-20180127145620
2018-01-27 14:57:53.672;RO;AS41-AS1-20180127145714
2018-01-27 14:57:54.985;SP;AS41-AS1-20180127145714
2018-01-27 14:57:56.628;SQ;AS41-AS1-20180127145756
2018-01-27 14:58:07.142;RU;AS41-AS1-20180127145639
2018-01-27 14:58:08.992;VU;AS41-AS1-20180127145639
2018-01-27 14:58:16.212;RC;AS41-AS1-20180127145714
2018-01-27 14:58:17.055;SS;AS41-AS1-20180127145714
2018-01-27 14:58:36.283;RO;AS41-AS1-20180127145756
2018-01-27 14:58:37.525;SP;AS41-AS1-20180127145756
2018-01-27 14:58:39.199;SQ;AS41-AS1-20180127145839
2018-01-27 14:58:57.497;RC;AS41-AS1-20180127145756
2018-01-27 14:58:58.331;SS;AS41-AS1-20180127145756
2018-01-27 14:58:58.364;RU;AS41-AS1-20180127145714
2018-01-27 14:59:00.211;VU;AS41-AS1-20180127145714
2018-01-27 14:59:15.648;RO;AS41-AS1-20180127145839
2018-01-27 14:59:17.425;SP;AS41-AS1-20180127145839
2018-01-27 14:59:19.342;SQ;AS41-AS1-20180127145919
2018-01-27 14:59:48.127;RC;AS41-AS1-20180127145839
2018-01-27 14:59:49.645;SS;AS41-AS1-20180127145839
2018-01-27 14:59:56.283;RU;AS41-AS1-20180127145756
2018-01-27 14:59:58.106;VU;AS41-AS1-20180127145756
2018-01-27 15:00:00.412;RO;AS41-AS1-20180127145919
2018-01-27 15:00:01.725;SP;AS41-AS1-20180127145919
2018-01-27 15:00:03.410;SQ;AS41-AS1-20180127150003
2018-01-27 15:00:25.024;RC;AS41-AS1-20180127145919
2018-01-27 15:00:25.864;SS;AS41-AS1-20180127145919
2018-01-27 15:00:33.316;RU;AS41-AS1-20180127145839
2018-01-27 15:00:35.177;VU;AS41-AS1-20180127145839
2018-01-27 15:00:43.715;RO;AS41-AS1-20180127150003
2018-01-27 15:00:44.789;SP;AS41-AS1-20180127150003
2018-01-27 15:00:46.475;SQ;AS41-AS1-20180127150046
2018-01-27 15:01:02.569;RU;AS41-AS1-20180127145919
2018-01-27 15:01:04.426;VU;AS41-AS1-20180127145919
2018-01-27 15:01:15.943;RC;AS41-AS1-20180127150003
2018-01-27 15:01:16.809;SS;AS41-AS1-20180127150003
2018-01-27 15:01:23.712;RO;AS41-AS1-20180127150046
2018-01-27 15:01:24.871;SP;AS41-AS1-20180127150046
2018-01-27 15:01:26.564;SQ;AS41-AS1-20180127150126
2018-01-27 15:01:43.608;RC;AS41-AS1-20180127150046
2018-01-27 15:01:44.450;SS;AS41-AS1-20180127150046
2018-01-27 15:01:56.164;RU;AS41-AS1-20180127150003
2018-01-27 15:01:58.011;VU;AS41-AS1-20180127150003
2018-01-27 15:02:22.163;RO;AS41-AS1-20180127150126
2018-01-27 15:02:24.419;SP;AS41-AS1-20180127150126
2018-01-27 15:02:26.333;SQ;AS41-AS1-20180127150226
2018-01-27 15:02:30.348;RU;AS41-AS1-20180127150046
2018-01-27 15:02:32.202;VU;AS41-AS1-20180127150046
2018-01-27 15:02:41.246;RC;AS41-AS1-20180127150126
2018-01-27 15:02:42.069;SS;AS41-AS1-20180127150126
2018-01-27 15:02:57.966;RO;AS41-AS1-20180127150226
2018-01-27 15:02:59.224;SP;AS41-AS1-20180127150226
2018-01-27 15:03:00.915;SQ;AS41-AS1-20180127150300
2018-01-27 15:03:18.081;RC;AS41-AS1-20180127150226
2018-01-27 15:03:18.903;SS;AS41-AS1-20180127150226
2018-01-27 15:03:24.046;RU;AS41-AS1-20180127150126
2018-01-27 15:03:26.696;VU;AS41-AS1-20180127150126
2018-01-27 15:03:36.276;RO;AS41-AS1-20180127150300
2018-01-27 15:03:37.302;SP;AS41-AS1-20180127150300
2018-01-27 15:03:38.964;SQ;AS41-AS1-20180127150338
2018-01-27 15:03:56.132;RC;AS41-AS1-20180127150300
2018-01-27 15:03:57.368;SS;AS41-AS1-20180127150300
2018-01-27 15:04:02.648;RU;AS41-AS1-20180127150226
2018-01-27 15:04:04.484;VU;AS41-AS1-20180127150226
2018-01-27 15:04:11.225;RO;AS41-AS1-20180127150338
2018-01-27 15:04:12.764;SP;AS41-AS1-20180127150338
2018-01-27 15:04:14.411;SQ;AS41-AS1-20180127150414
2018-01-27 15:04:31.132;RC;AS41-AS1-20180127150338
2018-01-27 15:04:31.989;SS;AS41-AS1-20180127150338
2018-01-27 15:04:38.333;RU;AS41-AS1-20180127150300
2018-01-27 15:04:40.180;VU;AS41-AS1-20180127150300
2018-01-27 15:04:54.361;RO;AS41-AS1-20180127150414
2018-01-27 15:04:55.286;SP;AS41-AS1-20180127150414
2018-01-27 15:04:58.421;SQ;AS41-AS1-20180127150458
2018-01-27 15:05:09.582;RU;AS41-AS1-20180127150338
2018-01-27 15:05:11.437;VU;AS41-AS1-20180127150338
2018-01-27 15:05:13.526;RC;AS41-AS1-20180127150414
2018-01-27 15:05:14.373;SS;AS41-AS1-20180127150414
2018-01-27 15:05:36.651;RO;AS41-AS1-20180127150458
2018-01-27 15:05:37.789;SP;AS41-AS1-20180127150458
2018-01-27 15:05:39.469;SQ;AS41-AS1-20180127150539
2018-01-27 15:05:53.625;RC;AS41-AS1-20180127150458
2018-01-27 15:05:54.447;SS;AS41-AS1-20180127150458
2018-01-27 15:05:57.233;RU;AS41-AS1-20180127150414
2018-01-27 15:05:59.550;VU;AS41-AS1-20180127150414
2018-01-27 15:06:22.136;RO;AS41-AS1-20180127150539
2018-01-27 15:06:23.357;SP;AS41-AS1-20180127150539
2018-01-27 15:06:25.064;SQ;AS41-AS1-20180127150625
2018-01-27 15:06:28.279;RU;AS41-AS1-20180127150458
2018-01-27 15:06:30.559;VU;AS41-AS1-20180127150458
2018-01-27 15:06:39.145;RC;AS41-AS1-20180127150539
2018-01-27 15:06:39.979;SS;AS41-AS1-20180127150539
2018-01-27 15:07:01.171;RO;AS41-AS1-20180127150625
2018-01-27 15:07:02.437;SP;AS41-AS1-20180127150625
2018-01-27 15:07:04.096;SQ;AS41-AS1-20180127150704
2018-01-27 15:07:17.711;RC;AS41-AS1-20180127150625
2018-01-27 15:07:18.552;SS;AS41-AS1-20180127150625
2018-01-27 15:07:22.871;RU;AS41-AS1-20180127150539
2018-01-27 15:07:24.707;VU;AS41-AS1-20180127150539
2018-01-27 15:07:40.946;RO;AS41-AS1-20180127150704
2018-01-27 15:07:41.949;SP;AS41-AS1-20180127150704
2018-01-27 15:07:43.769;SQ;AS41-AS1-20180127150743
2018-01-27 15:07:53.749;RU;AS41-AS1-20180127150625
2018-01-27 15:07:55.589;VU;AS41-AS1-20180127150625
2018-01-27 15:08:01.058;RC;AS41-AS1-20180127150704
2018-01-27 15:08:02.545;SS;AS41-AS1-20180127150704
2018-01-27 15:08:16.583;RO;AS41-AS1-20180127150743
2018-01-27 15:08:18.578;SP;AS41-AS1-20180127150743
2018-01-27 15:08:21.583;SQ;AS41-AS1-20180127150821
2018-01-27 15:08:38.261;RC;AS41-AS1-20180127150743
2018-01-27 15:08:39.080;SS;AS41-AS1-20180127150743
2018-01-27 15:08:51.081;RU;AS41-AS1-20180127150704
2018-01-27 15:08:52.930;VU;AS41-AS1-20180127150704
2018-01-27 15:09:00.640;RO;AS41-AS1-20180127150821
2018-01-27 15:09:01.977;SP;AS41-AS1-20180127150821
2018-01-27 15:09:03.660;SQ;AS41-AS1-20180127150903
2018-01-27 15:09:19.776;RU;AS41-AS1-20180127150743
2018-01-27 15:09:21.851;VU;AS41-AS1-20180127150743
2018-01-27 15:09:21.888;RC;AS41-AS1-20180127150821
2018-01-27 15:09:22.727;SS;AS41-AS1-20180127150821
2018-01-27 15:09:36.161;RO;AS41-AS1-20180127150903
2018-01-27 15:09:37.975;SP;AS41-AS1-20180127150903
2018-01-27 15:09:40.096;SQ;AS41-AS1-20180127150940
2018-01-27 15:09:51.235;RC;AS41-AS1-20180127150903
2018-01-27 15:09:53.019;SS;AS41-AS1-20180127150903
2018-01-27 15:10:08.764;RO;AS41-AS1-20180127150940
2018-01-27 15:10:09.201;RU;AS41-AS1-20180127150821
2018-01-27 15:10:10.767;SP;AS41-AS1-20180127150940
2018-01-27 15:10:11.931;VU;AS41-AS1-20180127150821
2018-01-27 15:10:13.027;SQ;AS41-AS1-20180127151013
2018-01-27 15:10:27.351;RC;AS41-AS1-20180127150940
2018-01-27 15:10:28.207;RU;AS41-AS1-20180127150903
2018-01-27 15:10:29.880;SS;AS41-AS1-20180127150940
2018-01-27 15:10:31.670;VU;AS41-AS1-20180127150903
2018-01-27 15:10:48.280;RO;AS41-AS1-20180127151013
2018-01-27 15:10:49.392;SP;AS41-AS1-20180127151013
2018-01-27 15:10:51.044;SQ;AS41-AS1-20180127151051
2018-01-27 15:11:09.106;RU;AS41-AS1-20180127150940
2018-01-27 15:11:09.116;RC;AS41-AS1-20180127151013
2018-01-27 15:11:10.824;SS;AS41-AS1-20180127151013
2018-01-27 15:11:11.824;VU;AS41-AS1-20180127150940
2018-01-27 15:11:26.166;RO;AS41-AS1-20180127151051
2018-01-27 15:11:27.437;SP;AS41-AS1-20180127151051
2018-01-27 15:11:29.736;SQ;AS41-AS1-20180127151129
2018-01-27 15:11:46.817;RC;AS41-AS1-20180127151051
2018-01-27 15:11:47.656;SS;AS41-AS1-20180127151051
2018-01-27 15:11:52.793;RU;AS41-AS1-20180127151013
2018-01-27 15:11:54.651;VU;AS41-AS1-20180127151013
2018-01-27 15:12:01.415;RO;AS41-AS1-20180127151129
2018-01-27 15:12:02.983;SP;AS41-AS1-20180127151129
2018-01-27 15:12:04.665;SQ;AS41-AS1-20180127151204
2018-01-27 15:12:21.872;RC;AS41-AS1-20180127151129
2018-01-27 15:12:22.722;SS;AS41-AS1-20180127151129
2018-01-27 15:12:24.756;RU;AS41-AS1-20180127151051
2018-01-27 15:12:26.588;VU;AS41-AS1-20180127151051
2018-01-27 15:12:39.374;RO;AS41-AS1-20180127151204
2018-01-27 15:12:40.549;SP;AS41-AS1-20180127151204
2018-01-27 15:12:42.180;SQ;AS41-AS1-20180127151242
2018-01-27 15:12:57.465;RC;AS41-AS1-20180127151204
2018-01-27 15:12:58.309;SS;AS41-AS1-20180127151204
2018-01-27 15:12:58.483;RU;AS41-AS1-20180127151129
2018-01-27 15:13:00.304;VU;AS41-AS1-20180127151129
2018-01-27 15:13:20.878;RO;AS41-AS1-20180127151242
2018-01-27 15:13:22.047;SP;AS41-AS1-20180127151242
2018-01-27 15:13:23.723;SQ;AS41-AS1-20180127151323
2018-01-27 15:13:41.004;RU;AS41-AS1-20180127151204
2018-01-27 15:13:41.760;RC;AS41-AS1-20180127151242
2018-01-27 15:13:42.697;SS;AS41-AS1-20180127151242
2018-01-27 15:13:42.921;VU;AS41-AS1-20180127151204
2018-01-27 15:14:00.116;RO;AS41-AS1-20180127151323
2018-01-27 15:14:01.117;SP;AS41-AS1-20180127151323
2018-01-27 15:14:03.187;SQ;AS41-AS1-20180127151403
2018-01-27 15:14:16.530;RC;AS41-AS1-20180127151323
2018-01-27 15:14:17.345;SS;AS41-AS1-20180127151323
2018-01-27 15:14:18.111;RU;AS41-AS1-20180127151242
2018-01-27 15:14:20.846;VU;AS41-AS1-20180127151242
2018-01-27 15:14:34.495;RO;AS41-AS1-20180127151403
2018-01-27 15:14:36.353;SP;AS41-AS1-20180127151403
2018-01-27 15:14:38.023;SQ;AS41-AS1-20180127151438
2018-01-27 15:14:49.602;RC;AS41-AS1-20180127151403
2018-01-27 15:14:51.116;RU;AS41-AS1-20180127151323
2018-01-27 15:14:51.555;SS;AS41-AS1-20180127151403
2018-01-27 15:15:15.567;RO;AS41-AS1-20180127151438
2018-01-27 15:15:16.897;SP;AS41-AS1-20180127151438
2018-01-27 15:15:19.392;SQ;AS41-AS1-20180127151519
2018-01-27 15:15:28.387;RU;AS41-AS1-20180127151403
2018-01-27 15:15:30.910;VU;AS41-AS1-20180127151403
2018-01-27 15:15:33.645;RC;AS41-AS1-20180127151438
2018-01-27 15:15:34.612;SS;AS41-AS1-20180127151438
2018-01-27 15:15:52.905;RO;AS41-AS1-20180127151519
2018-01-27 15:15:54.608;SP;AS41-AS1-20180127151519
2018-01-27 15:16:03.883;RU;AS41-AS1-20180127151438
2018-01-27 15:16:06.442;VU;AS41-AS1-20180127151438
2018-01-27 15:16:07.830;RC;AS41-AS1-20180127151519
2018-01-27 15:16:10.381;SS;AS41-AS1-20180127151519
2018-01-27 15:16:30.892;RU;AS41-AS1-20180127151519
2018-01-27 15:16:32.854;VU;AS41-AS1-20180127151519
