2018-01-27 14:56:18.624;SQ;AS47-AS1-20180127145618
2018-01-27 14:56:24.459;RO;AS47-AS1-20180127145618
2018-01-27 14:56:25.432;SP;AS47-AS1-20180127145618
2018-01-27 14:56:27.059;SQ;AS47-AS1-20180127145627
2018-01-27 14:56:34.535;RC;AS47-AS1-20180127145618
2018-01-27 14:56:35.315;SS;AS47-AS1-20180127145618
2018-01-27 14:56:49.465;RO;AS47-AS1-20180127145627
2018-01-27 14:56:50.393;SP;AS47-AS1-20180127145627
2018-01-27 14:56:51.986;SQ;AS47-AS1-20180127145651
2018-01-27 14:57:03.981;RU;AS47-AS1-20180127145618
2018-01-27 14:57:05.791;VU;AS47-AS1-20180127145618
2018-01-27 14:57:06.242;RC;AS47-AS1-20180127145627
2018-01-27 14:57:07.026;SS;AS47-AS1-20180127145627
2018-01-27 14:57:27.651;RO;AS47-AS1-20180127145651
2018-01-27 14:57:28.826;SP;AS47-AS1-20180127145651
2018-01-27 14:57:30.406;SQ;AS47-AS1-20180127145730
2018-01-27 14:57:41.085;RU;AS47-AS1-20180127145627
2018-01-27 14:57:42.866;VU;AS47-AS1-20180127145627
2018-01-27 14:57:48.605;RC;AS47-AS1-20180127145651
2018-01-27 14:57:49.397;SS;AS47-AS1-20180127145651
2018-01-27 14:58:07.588;RO;AS47-AS1-20180127145730
2018-01-27 14:58:08.723;SP;AS47-AS1-20180127145730
2018-01-27 14:58:10.323;SQ;AS47-AS1-20180127145810
2018-01-27 14:58:26.301;RC;AS47-AS1-20180127145730
2018-01-27 14:58:27.099;SS;AS47-AS1-20180127145730
2018-01-27 14:58:28.084;RU;AS47-AS1-20180127145651
2018-01-27 14:58:30.830;VU;AS47-AS1-20180127145651
2018-01-27 14:58:46.482;RO;AS47-AS1-20180127145810
2018-01-27 14:58:47.659;SP;AS47-AS1-20180127145810
2018-01-27 14:58:49.260;SQ;AS47-AS1-20180127145849
2018-01-27 14:59:05.847;RU;AS47-AS1-20180127145730
2018-01-27 14:59:07.640;VU;AS47-AS1-20180127145730
2018-01-27 14:59:08.347;RC;AS47-AS1-20180127145810
2018-01-27 14:59:09.125;SS;AS47-AS1-20180127145810
2018-01-27 14:59:27.355;RO;AS47-AS1-20180127145849
2018-01-27 14:59:28.589;SP;AS47-AS1-20180127145849
2018-01-27 14:59:30.119;SQ;AS47-AS1-20180127145930
2018-01-27 14:59:45.724;RC;AS47-AS1-20180127145849
2018-01-27 14:59:46.518;SS;AS47-AS1-20180127145849
2018-01-27 14:59:47.015;RU;AS47-AS1-20180127145810
2018-01-27 14:59:48.798;VU;AS47-AS1-20180127145810
2018-01-27 15:00:21.847;RO;AS47-AS1-20180127145930
2018-01-27 15:00:22.956;SP;AS47-AS1-20180127145930
2018-01-27 15:00:24.505;SQ;AS47-AS1-20180127150024
2018-01-27 15:00:25.318;RU;AS47-AS1-20180127145849
2018-01-27 15:00:27.085;VU;AS47-AS1-20180127145849
2018-01-27 15:00:43.366;RC;AS47-AS1-20180127145930
2018-01-27 15:00:44.158;SS;AS47-AS1-20180127145930
2018-01-27 15:01:04.483;RO;AS47-AS1-20180127150024
2018-01-27 15:01:06.227;SP;AS47-AS1-20180127150024
2018-01-27 15:01:07.963;SQ;AS47-AS1-20180127150107
2018-01-27 15:01:22.108;RC;AS47-AS1-20180127150024
2018-01-27 15:01:22.229;RU;AS47-AS1-20180127145930
2018-01-27 15:01:23.524;SS;AS47-AS1-20180127150024
2018-01-27 15:01:24.705;VU;AS47-AS1-20180127145930
2018-01-27 15:01:44.730;RO;AS47-AS1-20180127150107
2018-01-27 15:01:45.783;SP;AS47-AS1-20180127150107
2018-01-27 15:01:47.342;SQ;AS47-AS1-20180127150147
2018-01-27 15:01:59.968;RC;AS47-AS1-20180127150107
2018-01-27 15:02:00.766;SS;AS47-AS1-20180127150107
2018-01-27 15:02:05.935;RU;AS47-AS1-20180127150024
2018-01-27 15:02:07.709;VU;AS47-AS1-20180127150024
2018-01-27 15:02:20.779;RO;AS47-AS1-20180127150147
2018-01-27 15:02:21.683;SP;AS47-AS1-20180127150147
2018-01-27 15:02:24.237;SQ;AS47-AS1-20180127150224
2018-01-27 15:02:37.427;RC;AS47-AS1-20180127150147
2018-01-27 15:02:38.922;SS;AS47-AS1-20180127150147
2018-01-27 15:02:39.371;RU;AS47-AS1-20180127150107
2018-01-27 15:02:42.170;VU;AS47-AS1-20180127150107
2018-01-27 15:02:55.747;RO;AS47-AS1-20180127150224
2018-01-27 15:02:56.585;SP;AS47-AS1-20180127150224
2018-01-27 15:02:58.173;SQ;AS47-AS1-20180127150258
2018-01-27 15:03:06.299;RU;AS47-AS1-20180127150147
2018-01-27 15:03:17.774;RC;AS47-AS1-20180127150224
2018-01-27 15:03:19.316;SS;AS47-AS1-20180127150224
2018-01-27 15:03:51.878;RO;AS47-AS1-20180127150258
2018-01-27 15:03:53.059;SP;AS47-AS1-20180127150258
2018-01-27 15:03:56.178;SQ;AS47-AS1-20180127150356
2018-01-27 15:04:11.919;RC;AS47-AS1-20180127150258
2018-01-27 15:04:13.674;SS;AS47-AS1-20180127150258
2018-01-27 15:04:14.226;RU;AS47-AS1-20180127150224
2018-01-27 15:04:16.805;VU;AS47-AS1-20180127150224
2018-01-27 15:04:31.063;RO;AS47-AS1-20180127150356
2018-01-27 15:04:32.116;SP;AS47-AS1-20180127150356
2018-01-27 15:04:34.402;SQ;AS47-AS1-20180127150434
2018-01-27 15:04:50.944;RC;AS47-AS1-20180127150356
2018-01-27 15:04:51.791;SS;AS47-AS1-20180127150356
2018-01-27 15:04:54.514;RU;AS47-AS1-20180127150258
2018-01-27 15:04:56.286;VU;AS47-AS1-20180127150258
2018-01-27 15:05:08.939;RO;AS47-AS1-20180127150434
2018-01-27 15:05:10.157;SP;AS47-AS1-20180127150434
2018-01-27 15:05:13.801;SQ;AS47-AS1-20180127150513
2018-01-27 15:05:20.822;RU;AS47-AS1-20180127150356
2018-01-27 15:05:27.461;RC;AS47-AS1-20180127150434
2018-01-27 15:05:30.796;SS;AS47-AS1-20180127150434
2018-01-27 15:05:38.578;RO;AS47-AS1-20180127150513
2018-01-27 15:05:40.527;SP;AS47-AS1-20180127150513
2018-01-27 15:05:45.916;SQ;AS47-AS1-20180127150545
2018-01-27 15:05:57.570;RC;AS47-AS1-20180127150513
2018-01-27 15:05:58.961;RU;AS47-AS1-20180127150434
2018-01-27 15:06:00.635;SS;AS47-AS1-20180127150513
2018-01-27 15:06:02.399;VU;AS47-AS1-20180127150434
2018-01-27 15:06:14.186;RO;AS47-AS1-20180127150545
2018-01-27 15:06:16.967;SP;AS47-AS1-20180127150545
2018-01-27 15:06:20.508;SQ;AS47-AS1-20180127150620
2018-01-27 15:06:34.096;RC;AS47-AS1-20180127150545
2018-01-27 15:06:35.990;SS;AS47-AS1-20180127150545
2018-01-27 15:06:45.407;RU;AS47-AS1-20180127150513
2018-01-27 15:06:48.075;VU;AS47-AS1-20180127150513
2018-01-27 15:06:56.513;RO;AS47-AS1-20180127150620
2018-01-27 15:06:59.854;SP;AS47-AS1-20180127150620
2018-01-27 15:07:04.168;SQ;AS47-AS1-20180127150704
2018-01-27 15:07:17.167;RU;AS47-AS1-20180127150545
2018-01-27 15:07:19.788;VU;AS47-AS1-20180127150545
2018-01-27 15:07:28.130;RC;AS47-AS1-20180127150620
2018-01-27 15:07:31.276;SS;AS47-AS1-20180127150620
2018-01-27 15:07:38.917;RO;AS47-AS1-20180127150704
2018-01-27 15:07:40.790;SP;AS47-AS1-20180127150704
2018-01-27 15:07:45.270;SQ;AS47-AS1-20180127150745
2018-01-27 15:07:57.701;RC;AS47-AS1-20180127150704
2018-01-27 15:07:59.447;SS;AS47-AS1-20180127150704
2018-01-27 15:08:16.110;RU;AS47-AS1-20180127150620
2018-01-27 15:08:19.454;RO;AS47-AS1-20180127150745
2018-01-27 15:08:20.480;VU;AS47-AS1-20180127150620
2018-01-27 15:08:22.843;SP;AS47-AS1-20180127150745
2018-01-27 15:08:26.254;SQ;AS47-AS1-20180127150826
2018-01-27 15:08:43.967;RC;AS47-AS1-20180127150745
2018-01-27 15:08:44.173;RU;AS47-AS1-20180127150704
2018-01-27 15:08:46.541;SS;AS47-AS1-20180127150745
2018-01-27 15:08:47.944;VU;AS47-AS1-20180127150704
2018-01-27 15:08:57.666;RO;AS47-AS1-20180127150826
2018-01-27 15:08:59.540;SP;AS47-AS1-20180127150826
2018-01-27 15:09:03.245;SQ;AS47-AS1-20180127150903
2018-01-27 15:09:20.273;RC;AS47-AS1-20180127150826
2018-01-27 15:09:22.536;SS;AS47-AS1-20180127150826
2018-01-27 15:09:27.026;RU;AS47-AS1-20180127150745
2018-01-27 15:09:29.535;VU;AS47-AS1-20180127150745
2018-01-27 15:09:44.872;RO;AS47-AS1-20180127150903
2018-01-27 15:09:47.102;SP;AS47-AS1-20180127150903
2018-01-27 15:09:50.617;SQ;AS47-AS1-20180127150950
2018-01-27 15:10:06.533;RU;AS47-AS1-20180127150826
2018-01-27 15:10:06.836;RC;AS47-AS1-20180127150903
2018-01-27 15:10:09.472;SS;AS47-AS1-20180127150903
2018-01-27 15:10:10.271;VU;AS47-AS1-20180127150826
2018-01-27 15:10:21.493;RO;AS47-AS1-20180127150950
2018-01-27 15:10:23.551;SP;AS47-AS1-20180127150950
2018-01-27 15:10:27.102;SQ;AS47-AS1-20180127151027
2018-01-27 15:10:48.143;RC;AS47-AS1-20180127150950
2018-01-27 15:10:48.144;RU;AS47-AS1-20180127150903
2018-01-27 15:10:50.817;SS;AS47-AS1-20180127150950
2018-01-27 15:10:51.721;VU;AS47-AS1-20180127150903
2018-01-27 15:11:16.708;RO;AS47-AS1-20180127151027
2018-01-27 15:11:19.299;SP;AS47-AS1-20180127151027
2018-01-27 15:11:22.804;SQ;AS47-AS1-20180127151122
2018-01-27 15:11:28.530;RU;AS47-AS1-20180127150950
2018-01-27 15:11:32.126;VU;AS47-AS1-20180127150950
2018-01-27 15:11:37.893;RC;AS47-AS1-20180127151027
2018-01-27 15:11:39.678;SS;AS47-AS1-20180127151027
2018-01-27 15:11:54.141;RO;AS47-AS1-20180127151122
2018-01-27 15:11:56.011;SP;AS47-AS1-20180127151122
2018-01-27 15:12:00.266;SQ;AS47-AS1-20180127151200
2018-01-27 15:12:15.377;RU;AS47-AS1-20180127151027
2018-01-27 15:12:15.393;RC;AS47-AS1-20180127151122
2018-01-27 15:12:19.203;SS;AS47-AS1-20180127151122
2018-01-27 15:12:20.302;VU;AS47-AS1-20180127151027
2018-01-27 15:12:39.473;RO;AS47-AS1-20180127151200
2018-01-27 15:12:41.641;SP;AS47-AS1-20180127151200
2018-01-27 15:12:45.263;SQ;AS47-AS1-20180127151245
2018-01-27 15:12:57.398;RU;AS47-AS1-20180127151122
2018-01-27 15:13:00.169;VU;AS47-AS1-20180127151122
2018-01-27 15:13:00.624;RC;AS47-AS1-20180127151200
2018-01-27 15:13:03.935;SS;AS47-AS1-20180127151200
2018-01-27 15:13:18.542;RO;AS47-AS1-20180127151245
2018-01-27 15:13:21.316;SP;AS47-AS1-20180127151245
2018-01-27 15:13:25.103;SQ;AS47-AS1-20180127151325
2018-01-27 15:13:41.739;RU;AS47-AS1-20180127151200
2018-01-27 15:13:41.766;RC;AS47-AS1-20180127151245
2018-01-27 15:13:44.383;SS;AS47-AS1-20180127151245
2018-01-27 15:13:45.384;VU;AS47-AS1-20180127151200
2018-01-27 15:13:57.568;RO;AS47-AS1-20180127151325
2018-01-27 15:13:59.608;SP;AS47-AS1-20180127151325
2018-01-27 15:14:03.507;SQ;AS47-AS1-20180127151403
2018-01-27 15:14:15.584;RC;AS47-AS1-20180127151325
2018-01-27 15:14:17.541;SS;AS47-AS1-20180127151325
2018-01-27 15:14:17.552;RU;AS47-AS1-20180127151245
2018-01-27 15:14:22.386;VU;AS47-AS1-20180127151245
2018-01-27 15:14:34.914;RO;AS47-AS1-20180127151403
2018-01-27 15:14:37.929;SP;AS47-AS1-20180127151403
2018-01-27 15:14:41.137;SQ;AS47-AS1-20180127151441
2018-01-27 15:14:54.948;RC;AS47-AS1-20180127151403
2018-01-27 15:14:56.750;SS;AS47-AS1-20180127151403
2018-01-27 15:15:00.772;RU;AS47-AS1-20180127151325
2018-01-27 15:15:03.538;VU;AS47-AS1-20180127151325
2018-01-27 15:15:15.562;RO;AS47-AS1-20180127151441
2018-01-27 15:15:17.402;SP;AS47-AS1-20180127151441
2018-01-27 15:15:22.352;SQ;AS47-AS1-20180127151522
2018-01-27 15:15:34.401;RC;AS47-AS1-20180127151441
2018-01-27 15:15:37.056;SS;AS47-AS1-20180127151441
2018-01-27 15:15:50.317;RU;AS47-AS1-20180127151403
2018-01-27 15:15:54.784;VU;AS47-AS1-20180127151403
2018-01-27 15:15:58.149;RO;AS47-AS1-20180127151522
2018-01-27 15:16:00.014;SP;AS47-AS1-20180127151522
2018-01-27 15:16:08.844;RU;AS47-AS1-20180127151441
2018-01-27 15:16:09.758;RC;AS47-AS1-20180127151522
2018-01-27 15:16:12.743;SS;AS47-AS1-20180127151522
2018-01-27 15:16:13.300;VU;AS47-AS1-20180127151441
2018-01-27 15:16:30.921;RU;AS47-AS1-20180127151522
2018-01-27 15:16:33.498;VU;AS47-AS1-20180127151522
