2018-01-27 14:56:24.573;SQ;AS56-AS1-20180127145624
2018-01-27 14:56:43.101;RO;AS56-AS1-20180127145624
2018-01-27 14:56:44.384;SP;AS56-AS1-20180127145624
2018-01-27 14:56:46.000;SQ;AS56-AS1-20180127145646
2018-01-27 14:56:59.445;RC;AS56-AS1-20180127145624
2018-01-27 14:57:00.233;SS;AS56-AS1-20180127145624
2018-01-27 14:57:20.181;RO;AS56-AS1-20180127145646
2018-01-27 14:57:21.317;SP;AS56-AS1-20180127145646
2018-01-27 14:57:22.893;SQ;AS56-AS1-20180127145722
2018-01-27 14:57:37.311;RU;AS56-AS1-20180127145624
2018-01-27 14:57:38.695;RC;AS56-AS1-20180127145646
2018-01-27 14:57:39.113;VU;AS56-AS1-20180127145624
2018-01-27 14:57:39.466;SS;AS56-AS1-20180127145646
2018-01-27 14:58:00.406;RO;AS56-AS1-20180127145722
2018-01-27 14:58:01.241;SP;AS56-AS1-20180127145722
2018-01-27 14:58:02.830;SQ;AS56-AS1-20180127145802
2018-01-27 14:58:20.828;RC;AS56-AS1-20180127145722
2018-01-27 14:58:21.330;RU;AS56-AS1-20180127145646
2018-01-27 14:58:21.823;SS;AS56-AS1-20180127145722
2018-01-27 14:58:23.394;VU;AS56-AS1-20180127145646
2018-01-27 14:58:36.381;RO;AS56-AS1-20180127145802
2018-01-27 14:58:37.662;SP;AS56-AS1-20180127145802
2018-01-27 14:58:39.224;SQ;AS56-AS1-20180127145839
2018-01-27 14:58:57.229;RC;AS56-AS1-20180127145802
2018-01-27 14:58:58.016;SS;AS56-AS1-20180127145802
2018-01-27 14:59:15.134;RO;AS56-AS1-20180127145839
2018-01-27 14:59:16.926;SP;AS56-AS1-20180127145839
2018-01-27 14:59:19.049;SQ;AS56-AS1-20180127145919
2018-01-27 14:59:24.107;RU;AS56-AS1-20180127145722
2018-01-27 14:59:25.865;VU;AS56-AS1-20180127145722
2018-01-27 14:59:39.408;RC;AS56-AS1-20180127145839
2018-01-27 14:59:40.180;RU;AS56-AS1-20180127145802
2018-01-27 14:59:40.283;SS;AS56-AS1-20180127145839
2018-01-27 14:59:42.045;VU;AS56-AS1-20180127145802
2018-01-27 14:59:56.757;RO;AS56-AS1-20180127145919
2018-01-27 14:59:57.881;SP;AS56-AS1-20180127145919
2018-01-27 14:59:59.455;SQ;AS56-AS1-20180127145959
2018-01-27 15:00:15.778;RC;AS56-AS1-20180127145919
2018-01-27 15:00:16.568;SS;AS56-AS1-20180127145919
2018-01-27 15:00:22.133;RU;AS56-AS1-20180127145839
2018-01-27 15:00:23.924;VU;AS56-AS1-20180127145839
2018-01-27 15:00:38.188;RO;AS56-AS1-20180127145959
2018-01-27 15:00:39.305;SP;AS56-AS1-20180127145959
2018-01-27 15:00:40.915;SQ;AS56-AS1-20180127150040
2018-01-27 15:00:50.158;RU;AS56-AS1-20180127145919
2018-01-27 15:00:52.757;VU;AS56-AS1-20180127145919
2018-01-27 15:00:58.539;RC;AS56-AS1-20180127145959
2018-01-27 15:00:59.379;SS;AS56-AS1-20180127145959
2018-01-27 15:01:14.253;RO;AS56-AS1-20180127150040
2018-01-27 15:01:15.205;SP;AS56-AS1-20180127150040
2018-01-27 15:01:16.740;SQ;AS56-AS1-20180127150116
2018-01-27 15:01:34.516;RC;AS56-AS1-20180127150040
2018-01-27 15:01:35.359;SS;AS56-AS1-20180127150040
2018-01-27 15:01:35.863;RU;AS56-AS1-20180127145959
2018-01-27 15:01:38.197;VU;AS56-AS1-20180127145959
2018-01-27 15:01:51.527;RO;AS56-AS1-20180127150116
2018-01-27 15:01:53.490;SP;AS56-AS1-20180127150116
2018-01-27 15:01:55.955;SQ;AS56-AS1-20180127150155
2018-01-27 15:02:15.928;RC;AS56-AS1-20180127150116
2018-01-27 15:02:16.715;SS;AS56-AS1-20180127150116
2018-01-27 15:02:16.722;RU;AS56-AS1-20180127150040
2018-01-27 15:02:18.507;VU;AS56-AS1-20180127150040
2018-01-27 15:02:35.705;RO;AS56-AS1-20180127150155
2018-01-27 15:02:36.788;SP;AS56-AS1-20180127150155
2018-01-27 15:02:39.146;SQ;AS56-AS1-20180127150239
2018-01-27 15:02:55.044;RU;AS56-AS1-20180127150116
2018-01-27 15:02:56.407;RC;AS56-AS1-20180127150155
2018-01-27 15:02:56.819;VU;AS56-AS1-20180127150116
2018-01-27 15:02:57.206;SS;AS56-AS1-20180127150155
2018-01-27 15:03:18.233;RO;AS56-AS1-20180127150239
2018-01-27 15:03:19.466;SP;AS56-AS1-20180127150239
2018-01-27 15:03:21.015;SQ;AS56-AS1-20180127150321
2018-01-27 15:03:38.107;RC;AS56-AS1-20180127150239
2018-01-27 15:03:38.903;SS;AS56-AS1-20180127150239
2018-01-27 15:03:40.768;RU;AS56-AS1-20180127150155
2018-01-27 15:03:42.560;VU;AS56-AS1-20180127150155
2018-01-27 15:03:57.894;RO;AS56-AS1-20180127150321
2018-01-27 15:03:58.843;SP;AS56-AS1-20180127150321
2018-01-27 15:04:00.414;SQ;AS56-AS1-20180127150400
2018-01-27 15:04:16.401;RU;AS56-AS1-20180127150239
2018-01-27 15:04:18.181;VU;AS56-AS1-20180127150239
2018-01-27 15:04:21.213;RC;AS56-AS1-20180127150321
2018-01-27 15:04:21.977;SS;AS56-AS1-20180127150321
2018-01-27 15:04:34.222;RO;AS56-AS1-20180127150400
2018-01-27 15:04:35.231;SP;AS56-AS1-20180127150400
2018-01-27 15:04:36.792;SQ;AS56-AS1-20180127150436
2018-01-27 15:04:55.236;RC;AS56-AS1-20180127150400
2018-01-27 15:04:56.594;SS;AS56-AS1-20180127150400
2018-01-27 15:04:58.145;RU;AS56-AS1-20180127150321
2018-01-27 15:04:59.917;VU;AS56-AS1-20180127150321
2018-01-27 15:05:16.782;RO;AS56-AS1-20180127150436
2018-01-27 15:05:17.647;SP;AS56-AS1-20180127150436
2018-01-27 15:05:19.254;SQ;AS56-AS1-20180127150519
2018-01-27 15:05:39.102;RU;AS56-AS1-20180127150400
2018-01-27 15:05:40.880;VU;AS56-AS1-20180127150400
2018-01-27 15:05:54.394;RC;AS56-AS1-20180127150436
2018-01-27 15:05:55.171;SS;AS56-AS1-20180127150436
2018-01-27 15:05:55.390;RO;AS56-AS1-20180127150519
2018-01-27 15:05:56.606;SP;AS56-AS1-20180127150519
2018-01-27 15:05:59.234;SQ;AS56-AS1-20180127150559
2018-01-27 15:06:15.398;RC;AS56-AS1-20180127150519
2018-01-27 15:06:16.183;SS;AS56-AS1-20180127150519
2018-01-27 15:06:34.513;RU;AS56-AS1-20180127150436
2018-01-27 15:06:36.287;VU;AS56-AS1-20180127150436
2018-01-27 15:06:40.257;RO;AS56-AS1-20180127150559
2018-01-27 15:06:41.097;SP;AS56-AS1-20180127150559
2018-01-27 15:06:43.152;SQ;AS56-AS1-20180127150643
2018-01-27 15:06:45.969;RU;AS56-AS1-20180127150519
2018-01-27 15:06:47.786;VU;AS56-AS1-20180127150519
2018-01-27 15:07:00.366;RC;AS56-AS1-20180127150559
2018-01-27 15:07:01.165;SS;AS56-AS1-20180127150559
2018-01-27 15:07:18.030;RO;AS56-AS1-20180127150643
2018-01-27 15:07:18.969;SP;AS56-AS1-20180127150643
2018-01-27 15:07:20.535;SQ;AS56-AS1-20180127150720
2018-01-27 15:07:36.074;RU;AS56-AS1-20180127150559
2018-01-27 15:07:36.229;RC;AS56-AS1-20180127150643
2018-01-27 15:07:37.731;SS;AS56-AS1-20180127150643
2018-01-27 15:07:42.379;RO;AS56-AS1-20180127150720
2018-01-27 15:07:43.706;SP;AS56-AS1-20180127150720
2018-01-27 15:07:47.424;SQ;AS56-AS1-20180127150747
2018-01-27 15:08:00.009;RC;AS56-AS1-20180127150720
2018-01-27 15:08:03.208;SS;AS56-AS1-20180127150720
2018-01-27 15:08:19.893;RU;AS56-AS1-20180127150643
2018-01-27 15:08:22.229;VU;AS56-AS1-20180127150643
2018-01-27 15:08:28.230;RO;AS56-AS1-20180127150747
2018-01-27 15:08:29.426;SP;AS56-AS1-20180127150747
2018-01-27 15:08:31.566;SQ;AS56-AS1-20180127150831
2018-01-27 15:08:43.462;RU;AS56-AS1-20180127150720
2018-01-27 15:08:45.783;VU;AS56-AS1-20180127150720
2018-01-27 15:08:47.731;RC;AS56-AS1-20180127150747
2018-01-27 15:08:48.874;SS;AS56-AS1-20180127150747
2018-01-27 15:09:03.449;RO;AS56-AS1-20180127150831
2018-01-27 15:09:06.314;SP;AS56-AS1-20180127150831
2018-01-27 15:09:10.174;SQ;AS56-AS1-20180127150910
2018-01-27 15:09:24.539;RU;AS56-AS1-20180127150747
2018-01-27 15:09:25.226;RC;AS56-AS1-20180127150831
2018-01-27 15:09:26.428;VU;AS56-AS1-20180127150747
2018-01-27 15:09:26.895;SS;AS56-AS1-20180127150831
2018-01-27 15:09:45.217;RO;AS56-AS1-20180127150910
2018-01-27 15:09:46.608;SP;AS56-AS1-20180127150910
2018-01-27 15:09:48.816;SQ;AS56-AS1-20180127150948
2018-01-27 15:10:06.836;RC;AS56-AS1-20180127150910
2018-01-27 15:10:06.836;RU;AS56-AS1-20180127150831
2018-01-27 15:10:08.782;SS;AS56-AS1-20180127150910
2018-01-27 15:10:09.783;VU;AS56-AS1-20180127150831
2018-01-27 15:10:23.641;RO;AS56-AS1-20180127150948
2018-01-27 15:10:25.090;SP;AS56-AS1-20180127150948
2018-01-27 15:10:27.680;SQ;AS56-AS1-20180127151027
2018-01-27 15:10:41.563;RC;AS56-AS1-20180127150948
2018-01-27 15:10:43.759;SS;AS56-AS1-20180127150948
2018-01-27 15:10:47.984;RU;AS56-AS1-20180127150910
2018-01-27 15:10:50.090;VU;AS56-AS1-20180127150910
2018-01-27 15:11:08.794;RO;AS56-AS1-20180127151027
2018-01-27 15:11:10.806;SP;AS56-AS1-20180127151027
2018-01-27 15:11:13.103;SQ;AS56-AS1-20180127151113
2018-01-27 15:11:16.898;RU;AS56-AS1-20180127150948
2018-01-27 15:11:19.393;VU;AS56-AS1-20180127150948
2018-01-27 15:11:29.425;RC;AS56-AS1-20180127151027
2018-01-27 15:11:30.405;SS;AS56-AS1-20180127151027
2018-01-27 15:12:01.629;RU;AS56-AS1-20180127151027
2018-01-27 15:12:05.108;VU;AS56-AS1-20180127151027
2018-01-27 15:12:26.904;RO;AS56-AS1-20180127151113
2018-01-27 15:12:28.367;SP;AS56-AS1-20180127151113
2018-01-27 15:12:31.078;SQ;AS56-AS1-20180127151231
2018-01-27 15:12:45.913;RC;AS56-AS1-20180127151113
2018-01-27 15:12:48.208;SS;AS56-AS1-20180127151113
2018-01-27 15:13:04.038;RO;AS56-AS1-20180127151231
2018-01-27 15:13:05.560;SP;AS56-AS1-20180127151231
2018-01-27 15:13:07.969;SQ;AS56-AS1-20180127151307
2018-01-27 15:13:28.361;RC;AS56-AS1-20180127151231
2018-01-27 15:13:28.525;RU;AS56-AS1-20180127151113
2018-01-27 15:13:30.027;SS;AS56-AS1-20180127151231
2018-01-27 15:13:31.465;VU;AS56-AS1-20180127151113
2018-01-27 15:13:45.730;RO;AS56-AS1-20180127151307
2018-01-27 15:13:47.250;SP;AS56-AS1-20180127151307
2018-01-27 15:13:50.925;SQ;AS56-AS1-20180127151350
2018-01-27 15:14:02.040;RC;AS56-AS1-20180127151307
2018-01-27 15:14:04.866;SS;AS56-AS1-20180127151307
2018-01-27 15:14:05.070;RU;AS56-AS1-20180127151231
2018-01-27 15:14:07.764;VU;AS56-AS1-20180127151231
2018-01-27 15:14:30.133;RO;AS56-AS1-20180127151350
2018-01-27 15:14:31.920;SP;AS56-AS1-20180127151350
2018-01-27 15:14:34.286;SQ;AS56-AS1-20180127151434
2018-01-27 15:14:35.857;RU;AS56-AS1-20180127151307
2018-01-27 15:14:51.601;RC;AS56-AS1-20180127151350
2018-01-27 15:14:53.969;SS;AS56-AS1-20180127151350
2018-01-27 15:15:12.767;RO;AS56-AS1-20180127151434
2018-01-27 15:15:14.944;SP;AS56-AS1-20180127151434
2018-01-27 15:15:18.107;SQ;AS56-AS1-20180127151518
2018-01-27 15:15:31.430;RC;AS56-AS1-20180127151434
2018-01-27 15:15:32.827;RU;AS56-AS1-20180127151350
2018-01-27 15:15:33.376;SS;AS56-AS1-20180127151434
2018-01-27 15:15:35.913;VU;AS56-AS1-20180127151350
2018-01-27 15:15:51.489;RO;AS56-AS1-20180127151518
2018-01-27 15:15:55.159;SP;AS56-AS1-20180127151518
2018-01-27 15:15:58.282;SQ;AS56-AS1-20180127151558
2018-01-27 15:16:03.793;RU;AS56-AS1-20180127151434
2018-01-27 15:16:06.525;VU;AS56-AS1-20180127151434
2018-01-27 15:16:09.077;RC;AS56-AS1-20180127151518
2018-01-27 15:16:11.023;SS;AS56-AS1-20180127151518
2018-01-27 15:16:21.505;RO;AS56-AS1-20180127151558
2018-01-27 15:16:25.552;SP;AS56-AS1-20180127151558
2018-01-27 15:16:30.746;RU;AS56-AS1-20180127151518
2018-01-27 15:16:30.883;RC;AS56-AS1-20180127151558
2018-01-27 15:16:33.608;SS;AS56-AS1-20180127151558
2018-01-27 15:16:34.376;VU;AS56-AS1-20180127151518
2018-01-27 15:16:39.340;RU;AS56-AS1-20180127151558
2018-01-27 15:16:44.111;VU;AS56-AS1-20180127151558
