2018-01-27 14:56:19.591;SQ;AS62-AS1-20180127145619
2018-01-27 14:56:32.803;RO;AS62-AS1-20180127145619
2018-01-27 14:56:33.894;SP;AS62-AS1-20180127145619
2018-01-27 14:56:35.477;SQ;AS62-AS1-20180127145635
2018-01-27 14:56:43.719;RC;AS62-AS1-20180127145619
2018-01-27 14:56:44.517;SS;AS62-AS1-20180127145619
2018-01-27 14:57:02.487;RO;AS62-AS1-20180127145635
2018-01-27 14:57:03.306;SP;AS62-AS1-20180127145635
2018-01-27 14:57:04.925;SQ;AS62-AS1-20180127145704
2018-01-27 14:57:20.239;RU;AS62-AS1-20180127145619
2018-01-27 14:57:20.767;RC;AS62-AS1-20180127145635
2018-01-27 14:57:21.849;SS;AS62-AS1-20180127145635
2018-01-27 14:57:22.264;VU;AS62-AS1-20180127145619
2018-01-27 14:57:38.091;RO;AS62-AS1-20180127145704
2018-01-27 14:57:39.273;SP;AS62-AS1-20180127145704
2018-01-27 14:57:40.879;SQ;AS62-AS1-20180127145740
2018-01-27 14:57:55.023;RC;AS62-AS1-20180127145704
2018-01-27 14:57:55.796;SS;AS62-AS1-20180127145704
2018-01-27 14:58:00.774;RU;AS62-AS1-20180127145635
2018-01-27 14:58:02.595;VU;AS62-AS1-20180127145635
2018-01-27 14:58:16.156;RO;AS62-AS1-20180127145740
2018-01-27 14:58:17.208;SP;AS62-AS1-20180127145740
2018-01-27 14:58:18.818;SQ;AS62-AS1-20180127145818
2018-01-27 14:58:36.337;RC;AS62-AS1-20180127145740
2018-01-27 14:58:36.438;RU;AS62-AS1-20180127145704
2018-01-27 14:58:37.821;SS;AS62-AS1-20180127145740
2018-01-27 14:58:38.969;VU;AS62-AS1-20180127145704
2018-01-27 14:58:55.702;RO;AS62-AS1-20180127145818
2018-01-27 14:58:56.641;SP;AS62-AS1-20180127145818
2018-01-27 14:58:58.206;SQ;AS62-AS1-20180127145858
2018-01-27 14:59:15.362;RU;AS62-AS1-20180127145740
2018-01-27 14:59:15.481;RC;AS62-AS1-20180127145818
2018-01-27 14:59:18.386;SS;AS62-AS1-20180127145818
2018-01-27 14:59:19.311;VU;AS62-AS1-20180127145740
2018-01-27 14:59:40.027;RO;AS62-AS1-20180127145858
2018-01-27 14:59:41.052;SP;AS62-AS1-20180127145858
2018-01-27 14:59:42.634;SQ;AS62-AS1-20180127145942
2018-01-27 14:59:59.882;RC;AS62-AS1-20180127145858
2018-01-27 15:00:00.680;SS;AS62-AS1-20180127145858
2018-01-27 15:00:01.878;RU;AS62-AS1-20180127145818
2018-01-27 15:00:03.681;VU;AS62-AS1-20180127145818
2018-01-27 15:00:18.186;RO;AS62-AS1-20180127145942
2018-01-27 15:00:20.000;SP;AS62-AS1-20180127145942
2018-01-27 15:00:22.263;SQ;AS62-AS1-20180127150022
2018-01-27 15:00:38.179;RC;AS62-AS1-20180127145942
2018-01-27 15:00:39.004;SS;AS62-AS1-20180127145942
2018-01-27 15:00:43.752;RU;AS62-AS1-20180127145858
2018-01-27 15:00:45.571;VU;AS62-AS1-20180127145858
2018-01-27 15:01:03.118;RO;AS62-AS1-20180127150022
2018-01-27 15:01:04.137;SP;AS62-AS1-20180127150022
2018-01-27 15:01:07.030;SQ;AS62-AS1-20180127150107
2018-01-27 15:01:13.511;RU;AS62-AS1-20180127145942
2018-01-27 15:01:15.319;VU;AS62-AS1-20180127145942
2018-01-27 15:01:37.249;RC;AS62-AS1-20180127150022
2018-01-27 15:01:38.159;SS;AS62-AS1-20180127150022
2018-01-27 15:01:43.531;RO;AS62-AS1-20180127150107
2018-01-27 15:01:44.362;SP;AS62-AS1-20180127150107
2018-01-27 15:01:45.960;SQ;AS62-AS1-20180127150145
2018-01-27 15:02:02.680;RC;AS62-AS1-20180127150107
2018-01-27 15:02:03.479;SS;AS62-AS1-20180127150107
2018-01-27 15:02:19.153;RU;AS62-AS1-20180127150022
2018-01-27 15:02:19.248;RO;AS62-AS1-20180127150145
2018-01-27 15:02:20.808;SP;AS62-AS1-20180127150145
2018-01-27 15:02:21.399;VU;AS62-AS1-20180127150022
2018-01-27 15:02:22.384;SQ;AS62-AS1-20180127150222
2018-01-27 15:02:39.362;RC;AS62-AS1-20180127150145
2018-01-27 15:02:40.539;SS;AS62-AS1-20180127150145
2018-01-27 15:02:47.219;RU;AS62-AS1-20180127150107
2018-01-27 15:02:48.999;VU;AS62-AS1-20180127150107
2018-01-27 15:02:51.050;RO;AS62-AS1-20180127150222
2018-01-27 15:02:52.220;SP;AS62-AS1-20180127150222
2018-01-27 15:02:54.369;SQ;AS62-AS1-20180127150254
2018-01-27 15:03:10.268;RC;AS62-AS1-20180127150222
2018-01-27 15:03:11.173;SS;AS62-AS1-20180127150222
2018-01-27 15:03:14.154;RO;AS62-AS1-20180127150254
2018-01-27 15:03:15.216;SP;AS62-AS1-20180127150254
2018-01-27 15:03:16.830;SQ;AS62-AS1-20180127150316
2018-01-27 15:03:24.787;RU;AS62-AS1-20180127150145
2018-01-27 15:03:27.519;VU;AS62-AS1-20180127150145
2018-01-27 15:03:28.634;RC;AS62-AS1-20180127150254
2018-01-27 15:03:29.446;SS;AS62-AS1-20180127150254
2018-01-27 15:03:48.763;RU;AS62-AS1-20180127150222
2018-01-27 15:03:50.542;VU;AS62-AS1-20180127150222
2018-01-27 15:03:55.130;RO;AS62-AS1-20180127150316
2018-01-27 15:03:57.042;SP;AS62-AS1-20180127150316
2018-01-27 15:03:58.972;SQ;AS62-AS1-20180127150358
2018-01-27 15:04:05.230;RU;AS62-AS1-20180127150254
2018-01-27 15:04:07.031;VU;AS62-AS1-20180127150254
2018-01-27 15:04:11.458;RC;AS62-AS1-20180127150316
2018-01-27 15:04:12.642;SS;AS62-AS1-20180127150316
2018-01-27 15:04:40.860;RO;AS62-AS1-20180127150358
2018-01-27 15:04:42.745;SP;AS62-AS1-20180127150358
2018-01-27 15:04:45.056;SQ;AS62-AS1-20180127150445
2018-01-27 15:04:52.622;RU;AS62-AS1-20180127150316
2018-01-27 15:04:54.405;VU;AS62-AS1-20180127150316
2018-01-27 15:05:03.949;RC;AS62-AS1-20180127150358
2018-01-27 15:05:04.760;SS;AS62-AS1-20180127150358
2018-01-27 15:05:23.234;RO;AS62-AS1-20180127150445
2018-01-27 15:05:24.389;SP;AS62-AS1-20180127150445
2018-01-27 15:05:26.160;SQ;AS62-AS1-20180127150526
2018-01-27 15:05:41.294;RU;AS62-AS1-20180127150358
2018-01-27 15:05:43.278;RC;AS62-AS1-20180127150445
2018-01-27 15:05:44.025;VU;AS62-AS1-20180127150358
2018-01-27 15:05:44.365;SS;AS62-AS1-20180127150445
2018-01-27 15:05:55.894;RO;AS62-AS1-20180127150526
2018-01-27 15:05:57.627;SP;AS62-AS1-20180127150526
2018-01-27 15:05:59.807;SQ;AS62-AS1-20180127150559
2018-01-27 15:06:22.181;RC;AS62-AS1-20180127150526
2018-01-27 15:06:22.772;RU;AS62-AS1-20180127150445
2018-01-27 15:06:23.133;SS;AS62-AS1-20180127150526
2018-01-27 15:06:24.759;VU;AS62-AS1-20180127150445
2018-01-27 15:06:26.298;RO;AS62-AS1-20180127150559
2018-01-27 15:06:27.164;SP;AS62-AS1-20180127150559
2018-01-27 15:06:30.385;SQ;AS62-AS1-20180127150630
2018-01-27 15:06:44.064;RC;AS62-AS1-20180127150559
2018-01-27 15:06:44.869;SS;AS62-AS1-20180127150559
2018-01-27 15:07:04.629;RU;AS62-AS1-20180127150526
2018-01-27 15:07:06.448;VU;AS62-AS1-20180127150526
2018-01-27 15:07:10.981;RO;AS62-AS1-20180127150630
2018-01-27 15:07:12.224;SP;AS62-AS1-20180127150630
2018-01-27 15:07:14.651;SQ;AS62-AS1-20180127150714
2018-01-27 15:07:28.928;RU;AS62-AS1-20180127150559
2018-01-27 15:07:29.597;RC;AS62-AS1-20180127150630
2018-01-27 15:07:31.285;SS;AS62-AS1-20180127150630
2018-01-27 15:07:31.899;VU;AS62-AS1-20180127150559
2018-01-27 15:07:38.313;RO;AS62-AS1-20180127150714
2018-01-27 15:07:39.474;SP;AS62-AS1-20180127150714
2018-01-27 15:07:41.072;SQ;AS62-AS1-20180127150741
2018-01-27 15:07:58.166;RC;AS62-AS1-20180127150714
2018-01-27 15:07:58.981;SS;AS62-AS1-20180127150714
2018-01-27 15:08:10.248;RU;AS62-AS1-20180127150630
2018-01-27 15:08:12.054;VU;AS62-AS1-20180127150630
2018-01-27 15:08:19.342;RO;AS62-AS1-20180127150741
2018-01-27 15:08:20.407;SP;AS62-AS1-20180127150741
2018-01-27 15:08:22.007;SQ;AS62-AS1-20180127150822
2018-01-27 15:08:43.438;RC;AS62-AS1-20180127150741
2018-01-27 15:08:44.130;RU;AS62-AS1-20180127150714
2018-01-27 15:08:44.286;SS;AS62-AS1-20180127150741
2018-01-27 15:08:46.022;VU;AS62-AS1-20180127150714
2018-01-27 15:08:56.042;RO;AS62-AS1-20180127150822
2018-01-27 15:08:56.861;SP;AS62-AS1-20180127150822
2018-01-27 15:08:58.505;SQ;AS62-AS1-20180127150858
2018-01-27 15:09:19.266;RC;AS62-AS1-20180127150822
2018-01-27 15:09:19.318;RU;AS62-AS1-20180127150741
2018-01-27 15:09:21.632;SS;AS62-AS1-20180127150822
2018-01-27 15:09:22.687;VU;AS62-AS1-20180127150741
2018-01-27 15:09:36.848;RO;AS62-AS1-20180127150858
2018-01-27 15:09:38.255;SP;AS62-AS1-20180127150858
2018-01-27 15:09:39.836;SQ;AS62-AS1-20180127150939
2018-01-27 15:09:55.697;RC;AS62-AS1-20180127150858
2018-01-27 15:09:56.509;SS;AS62-AS1-20180127150858
2018-01-27 15:10:06.462;RU;AS62-AS1-20180127150822
2018-01-27 15:10:08.305;VU;AS62-AS1-20180127150822
2018-01-27 15:10:23.782;RO;AS62-AS1-20180127150939
2018-01-27 15:10:24.687;SP;AS62-AS1-20180127150939
2018-01-27 15:10:26.261;SQ;AS62-AS1-20180127151026
2018-01-27 15:10:36.238;RU;AS62-AS1-20180127150858
2018-01-27 15:10:38.023;VU;AS62-AS1-20180127150858
2018-01-27 15:10:43.975;RC;AS62-AS1-20180127150939
2018-01-27 15:10:44.813;SS;AS62-AS1-20180127150939
2018-01-27 15:11:09.234;RO;AS62-AS1-20180127151026
2018-01-27 15:11:10.102;SP;AS62-AS1-20180127151026
2018-01-27 15:11:11.687;SQ;AS62-AS1-20180127151111
2018-01-27 15:11:16.810;RU;AS62-AS1-20180127150939
2018-01-27 15:11:18.595;VU;AS62-AS1-20180127150939
2018-01-27 15:11:27.359;RC;AS62-AS1-20180127151026
2018-01-27 15:11:28.139;SS;AS62-AS1-20180127151026
2018-01-27 15:11:51.160;RO;AS62-AS1-20180127151111
2018-01-27 15:11:52.029;SP;AS62-AS1-20180127151111
2018-01-27 15:11:53.637;SQ;AS62-AS1-20180127151153
2018-01-27 15:12:08.387;RU;AS62-AS1-20180127151026
2018-01-27 15:12:08.890;RC;AS62-AS1-20180127151111
2018-01-27 15:12:09.973;SS;AS62-AS1-20180127151111
2018-01-27 15:12:10.413;VU;AS62-AS1-20180127151026
2018-01-27 15:12:29.424;RO;AS62-AS1-20180127151153
2018-01-27 15:12:30.954;SP;AS62-AS1-20180127151153
2018-01-27 15:12:33.622;SQ;AS62-AS1-20180127151233
2018-01-27 15:12:46.955;RU;AS62-AS1-20180127151111
2018-01-27 15:12:49.219;RC;AS62-AS1-20180127151153
2018-01-27 15:12:49.572;VU;AS62-AS1-20180127151111
2018-01-27 15:12:50.022;SS;AS62-AS1-20180127151153
2018-01-27 15:13:05.616;RO;AS62-AS1-20180127151233
2018-01-27 15:13:06.471;SP;AS62-AS1-20180127151233
2018-01-27 15:13:08.114;SQ;AS62-AS1-20180127151308
2018-01-27 15:13:28.569;RC;AS62-AS1-20180127151233
2018-01-27 15:13:29.360;SS;AS62-AS1-20180127151233
2018-01-27 15:13:30.350;RU;AS62-AS1-20180127151153
2018-01-27 15:13:32.169;VU;AS62-AS1-20180127151153
2018-01-27 15:13:36.065;RO;AS62-AS1-20180127151308
2018-01-27 15:13:36.935;SP;AS62-AS1-20180127151308
2018-01-27 15:13:38.516;SQ;AS62-AS1-20180127151338
2018-01-27 15:13:54.824;RC;AS62-AS1-20180127151308
2018-01-27 15:13:55.645;SS;AS62-AS1-20180127151308
2018-01-27 15:14:05.198;RU;AS62-AS1-20180127151233
2018-01-27 15:14:06.989;VU;AS62-AS1-20180127151233
2018-01-27 15:14:13.662;RO;AS62-AS1-20180127151338
2018-01-27 15:14:14.858;SP;AS62-AS1-20180127151338
2018-01-27 15:14:16.502;SQ;AS62-AS1-20180127151416
2018-01-27 15:14:32.560;RC;AS62-AS1-20180127151338
2018-01-27 15:14:33.369;SS;AS62-AS1-20180127151338
2018-01-27 15:14:35.175;RU;AS62-AS1-20180127151308
2018-01-27 15:14:37.256;VU;AS62-AS1-20180127151308
2018-01-27 15:14:53.451;RO;AS62-AS1-20180127151416
2018-01-27 15:14:54.346;SP;AS62-AS1-20180127151416
2018-01-27 15:15:12.592;RC;AS62-AS1-20180127151416
2018-01-27 15:15:12.698;RU;AS62-AS1-20180127151338
2018-01-27 15:15:14.036;SS;AS62-AS1-20180127151416
2018-01-27 15:15:15.168;VU;AS62-AS1-20180127151338
2018-01-27 15:15:49.846;RU;AS62-AS1-20180127151416
2018-01-27 15:15:51.648;VU;AS62-AS1-20180127151416
