2018-01-27 14:56:23.279;SQ;AS66-AS1-20180127145623
2018-01-27 14:56:39.507;RO;AS66-AS1-20180127145623
2018-01-27 14:56:40.648;SP;AS66-AS1-20180127145623
2018-01-27 14:56:42.309;SQ;AS66-AS1-20180127145642
2018-01-27 14:56:53.792;RC;AS66-AS1-20180127145623
2018-01-27 14:56:54.636;SS;AS66-AS1-20180127145623
2018-01-27 14:57:20.250;RO;AS66-AS1-20180127145642
2018-01-27 14:57:21.200;SP;AS66-AS1-20180127145642
2018-01-27 14:57:22.878;SQ;AS66-AS1-20180127145722
2018-01-27 14:57:36.724;RU;AS66-AS1-20180127145623
2018-01-27 14:57:38.549;VU;AS66-AS1-20180127145623
2018-01-27 14:57:39.892;RC;AS66-AS1-20180127145642
2018-01-27 14:57:40.722;SS;AS66-AS1-20180127145642
2018-01-27 14:57:51.129;RO;AS66-AS1-20180127145722
2018-01-27 14:57:52.263;SP;AS66-AS1-20180127145722
2018-01-27 14:57:53.932;SQ;AS66-AS1-20180127145753
2018-01-27 14:58:13.028;RC;AS66-AS1-20180127145722
2018-01-27 14:58:14.721;SS;AS66-AS1-20180127145722
2018-01-27 14:58:20.697;RU;AS66-AS1-20180127145642
2018-01-27 14:58:22.543;VU;AS66-AS1-20180127145642
2018-01-27 14:58:27.396;RO;AS66-AS1-20180127145753
2018-01-27 14:58:28.975;SP;AS66-AS1-20180127145753
2018-01-27 14:58:31.609;SQ;AS66-AS1-20180127145831
2018-01-27 14:58:45.986;RC;AS66-AS1-20180127145753
2018-01-27 14:58:46.846;SS;AS66-AS1-20180127145753
2018-01-27 14:59:01.309;RU;AS66-AS1-20180127145722
2018-01-27 14:59:03.147;VU;AS66-AS1-20180127145722
2018-01-27 14:59:09.579;RO;AS66-AS1-20180127145831
2018-01-27 14:59:10.505;SP;AS66-AS1-20180127145831
2018-01-27 14:59:12.210;SQ;AS66-AS1-20180127145912
2018-01-27 14:59:29.004;RC;AS66-AS1-20180127145831
2018-01-27 14:59:29.861;SS;AS66-AS1-20180127145831
2018-01-27 14:59:30.190;RU;AS66-AS1-20180127145753
2018-01-27 14:59:32.958;VU;AS66-AS1-20180127145753
2018-01-27 14:59:50.101;RO;AS66-AS1-20180127145912
2018-01-27 14:59:51.128;SP;AS66-AS1-20180127145912
2018-01-27 14:59:52.826;SQ;AS66-AS1-20180127145952
2018-01-27 15:00:08.160;RU;AS66-AS1-20180127145831
2018-01-27 15:00:10.008;VU;AS66-AS1-20180127145831
2018-01-27 15:00:11.612;RC;AS66-AS1-20180127145912
2018-01-27 15:00:12.431;SS;AS66-AS1-20180127145912
2018-01-27 15:00:30.920;RO;AS66-AS1-20180127145952
2018-01-27 15:00:32.190;SP;AS66-AS1-20180127145952
2018-01-27 15:00:33.835;SQ;AS66-AS1-20180127150033
2018-01-27 15:00:48.205;RC;AS66-AS1-20180127145952
2018-01-27 15:00:49.020;SS;AS66-AS1-20180127145952
2018-01-27 15:00:51.878;RU;AS66-AS1-20180127145912
2018-01-27 15:00:53.696;VU;AS66-AS1-20180127145912
2018-01-27 15:01:13.282;RO;AS66-AS1-20180127150033
2018-01-27 15:01:14.233;SP;AS66-AS1-20180127150033
2018-01-27 15:01:15.896;SQ;AS66-AS1-20180127150115
2018-01-27 15:01:30.848;RU;AS66-AS1-20180127145952
2018-01-27 15:01:30.970;RC;AS66-AS1-20180127150033
2018-01-27 15:01:32.557;SS;AS66-AS1-20180127150033
2018-01-27 15:01:33.397;VU;AS66-AS1-20180127145952
2018-01-27 15:01:50.076;RO;AS66-AS1-20180127150115
2018-01-27 15:01:51.262;SP;AS66-AS1-20180127150115
2018-01-27 15:01:54.358;SQ;AS66-AS1-20180127150154
2018-01-27 15:02:06.008;RC;AS66-AS1-20180127150115
2018-01-27 15:02:06.854;SS;AS66-AS1-20180127150115
2018-01-27 15:02:07.856;RU;AS66-AS1-20180127150033
2018-01-27 15:02:10.548;VU;AS66-AS1-20180127150033
2018-01-27 15:02:33.958;RO;AS66-AS1-20180127150154
2018-01-27 15:02:35.222;SP;AS66-AS1-20180127150154
2018-01-27 15:02:36.927;SQ;AS66-AS1-20180127150236
2018-01-27 15:02:47.836;RU;AS66-AS1-20180127150115
2018-01-27 15:02:49.653;VU;AS66-AS1-20180127150115
2018-01-27 15:02:51.051;RC;AS66-AS1-20180127150154
2018-01-27 15:02:51.889;SS;AS66-AS1-20180127150154
2018-01-27 15:03:18.098;RO;AS66-AS1-20180127150236
2018-01-27 15:03:19.313;SP;AS66-AS1-20180127150236
2018-01-27 15:03:20.975;SQ;AS66-AS1-20180127150320
2018-01-27 15:03:37.987;RC;AS66-AS1-20180127150236
2018-01-27 15:03:38.829;SS;AS66-AS1-20180127150236
2018-01-27 15:03:51.185;RU;AS66-AS1-20180127150154
2018-01-27 15:03:53.021;VU;AS66-AS1-20180127150154
2018-01-27 15:03:57.197;RO;AS66-AS1-20180127150320
2018-01-27 15:03:58.336;SP;AS66-AS1-20180127150320
2018-01-27 15:03:59.958;SQ;AS66-AS1-20180127150359
2018-01-27 15:04:17.029;RC;AS66-AS1-20180127150320
2018-01-27 15:04:17.859;SS;AS66-AS1-20180127150320
2018-01-27 15:04:21.466;RU;AS66-AS1-20180127150236
2018-01-27 15:04:23.283;VU;AS66-AS1-20180127150236
2018-01-27 15:04:38.602;RO;AS66-AS1-20180127150359
2018-01-27 15:04:39.832;SP;AS66-AS1-20180127150359
2018-01-27 15:04:42.746;SQ;AS66-AS1-20180127150442
2018-01-27 15:04:58.272;RU;AS66-AS1-20180127150320
2018-01-27 15:04:59.232;RC;AS66-AS1-20180127150359
2018-01-27 15:05:00.079;SS;AS66-AS1-20180127150359
2018-01-27 15:05:00.086;VU;AS66-AS1-20180127150320
2018-01-27 15:05:18.559;RO;AS66-AS1-20180127150442
2018-01-27 15:05:19.640;SP;AS66-AS1-20180127150442
2018-01-27 15:05:21.361;SQ;AS66-AS1-20180127150521
2018-01-27 15:05:38.175;RC;AS66-AS1-20180127150442
2018-01-27 15:05:38.456;RU;AS66-AS1-20180127150359
2018-01-27 15:05:39.504;SS;AS66-AS1-20180127150442
2018-01-27 15:05:40.872;VU;AS66-AS1-20180127150359
2018-01-27 15:05:56.337;RO;AS66-AS1-20180127150521
2018-01-27 15:05:58.103;SP;AS66-AS1-20180127150521
2018-01-27 15:06:00.126;SQ;AS66-AS1-20180127150600
2018-01-27 15:06:09.695;RC;AS66-AS1-20180127150521
2018-01-27 15:06:10.538;SS;AS66-AS1-20180127150521
2018-01-27 15:06:35.556;RU;AS66-AS1-20180127150442
2018-01-27 15:06:37.387;VU;AS66-AS1-20180127150442
2018-01-27 15:06:40.415;RO;AS66-AS1-20180127150600
2018-01-27 15:06:41.513;SP;AS66-AS1-20180127150600
2018-01-27 15:06:44.182;SQ;AS66-AS1-20180127150644
2018-01-27 15:06:47.174;RU;AS66-AS1-20180127150521
2018-01-27 15:06:49.025;VU;AS66-AS1-20180127150521
2018-01-27 15:07:02.559;RC;AS66-AS1-20180127150600
2018-01-27 15:07:03.393;SS;AS66-AS1-20180127150600
2018-01-27 15:07:17.324;RO;AS66-AS1-20180127150644
2018-01-27 15:07:18.541;SP;AS66-AS1-20180127150644
2018-01-27 15:07:20.191;SQ;AS66-AS1-20180127150720
2018-01-27 15:07:29.479;RC;AS66-AS1-20180127150644
2018-01-27 15:07:30.428;SS;AS66-AS1-20180127150644
2018-01-27 15:07:37.663;RU;AS66-AS1-20180127150600
2018-01-27 15:07:39.505;VU;AS66-AS1-20180127150600
2018-01-27 15:07:45.282;RO;AS66-AS1-20180127150720
2018-01-27 15:07:46.597;SP;AS66-AS1-20180127150720
2018-01-27 15:07:48.282;SQ;AS66-AS1-20180127150748
2018-01-27 15:08:02.685;RU;AS66-AS1-20180127150644
2018-01-27 15:08:04.509;VU;AS66-AS1-20180127150644
2018-01-27 15:08:06.529;RC;AS66-AS1-20180127150720
2018-01-27 15:08:07.356;SS;AS66-AS1-20180127150720
2018-01-27 15:08:28.131;RO;AS66-AS1-20180127150748
2018-01-27 15:08:29.159;SP;AS66-AS1-20180127150748
2018-01-27 15:08:30.816;SQ;AS66-AS1-20180127150830
2018-01-27 15:08:46.916;RC;AS66-AS1-20180127150748
2018-01-27 15:08:47.761;SS;AS66-AS1-20180127150748
2018-01-27 15:08:48.382;RU;AS66-AS1-20180127150720
2018-01-27 15:08:50.714;VU;AS66-AS1-20180127150720
2018-01-27 15:09:03.964;RO;AS66-AS1-20180127150830
2018-01-27 15:09:06.131;SP;AS66-AS1-20180127150830
2018-01-27 15:09:09.156;SQ;AS66-AS1-20180127150909
2018-01-27 15:09:25.749;RU;AS66-AS1-20180127150748
2018-01-27 15:09:26.079;RC;AS66-AS1-20180127150830
2018-01-27 15:09:27.426;SS;AS66-AS1-20180127150830
2018-01-27 15:09:28.020;VU;AS66-AS1-20180127150748
2018-01-27 15:10:06.494;RO;AS66-AS1-20180127150909
2018-01-27 15:10:06.782;RU;AS66-AS1-20180127150830
2018-01-27 15:10:08.420;SP;AS66-AS1-20180127150909
2018-01-27 15:10:10.763;SQ;AS66-AS1-20180127151010
2018-01-27 15:10:47.946;RC;AS66-AS1-20180127150909
2018-01-27 15:10:48.163;RO;AS66-AS1-20180127151010
2018-01-27 15:10:49.255;SS;AS66-AS1-20180127150909
2018-01-27 15:10:50.231;SP;AS66-AS1-20180127151010
2018-01-27 15:10:52.563;SQ;AS66-AS1-20180127151052
2018-01-27 15:11:08.752;RC;AS66-AS1-20180127151010
2018-01-27 15:11:09.560;SS;AS66-AS1-20180127151010
2018-01-27 15:11:24.991;RO;AS66-AS1-20180127151052
2018-01-27 15:11:26.207;SP;AS66-AS1-20180127151052
2018-01-27 15:11:28.910;SQ;AS66-AS1-20180127151128
2018-01-27 15:11:30.228;RU;AS66-AS1-20180127150909
2018-01-27 15:11:32.144;VU;AS66-AS1-20180127150909
2018-01-27 15:11:42.472;RC;AS66-AS1-20180127151052
2018-01-27 15:11:43.766;SS;AS66-AS1-20180127151052
2018-01-27 15:11:45.859;RU;AS66-AS1-20180127151010
2018-01-27 15:11:47.907;VU;AS66-AS1-20180127151010
2018-01-27 15:12:03.279;RO;AS66-AS1-20180127151128
2018-01-27 15:12:04.649;SP;AS66-AS1-20180127151128
2018-01-27 15:12:07.227;SQ;AS66-AS1-20180127151207
2018-01-27 15:12:21.160;RU;AS66-AS1-20180127151052
2018-01-27 15:12:21.814;RC;AS66-AS1-20180127151128
2018-01-27 15:12:23.669;VU;AS66-AS1-20180127151052
2018-01-27 15:12:23.740;SS;AS66-AS1-20180127151128
2018-01-27 15:12:42.029;RO;AS66-AS1-20180127151207
2018-01-27 15:12:43.769;SP;AS66-AS1-20180127151207
2018-01-27 15:12:46.642;SQ;AS66-AS1-20180127151246
2018-01-27 15:13:01.838;RC;AS66-AS1-20180127151207
2018-01-27 15:13:02.506;RU;AS66-AS1-20180127151128
2018-01-27 15:13:05.080;SS;AS66-AS1-20180127151207
2018-01-27 15:13:06.263;VU;AS66-AS1-20180127151128
2018-01-27 15:13:36.793;RO;AS66-AS1-20180127151246
2018-01-27 15:13:38.462;SP;AS66-AS1-20180127151246
2018-01-27 15:13:40.996;SQ;AS66-AS1-20180127151340
2018-01-27 15:13:47.926;RU;AS66-AS1-20180127151207
2018-01-27 15:13:50.987;VU;AS66-AS1-20180127151207
2018-01-27 15:13:55.209;RC;AS66-AS1-20180127151246
2018-01-27 15:13:56.384;SS;AS66-AS1-20180127151246
2018-01-27 15:14:15.931;RO;AS66-AS1-20180127151340
2018-01-27 15:14:17.100;SP;AS66-AS1-20180127151340
2018-01-27 15:14:21.511;SQ;AS66-AS1-20180127151421
2018-01-27 15:14:31.993;RU;AS66-AS1-20180127151246
2018-01-27 15:14:34.032;VU;AS66-AS1-20180127151246
2018-01-27 15:14:55.170;RO;AS66-AS1-20180127151421
2018-01-27 15:14:56.580;SP;AS66-AS1-20180127151421
2018-01-27 15:14:59.090;SQ;AS66-AS1-20180127151459
2018-01-27 15:15:05.942;RC;AS66-AS1-20180127151340
2018-01-27 15:15:07.982;SS;AS66-AS1-20180127151340
2018-01-27 15:15:12.737;RC;AS66-AS1-20180127151421
2018-01-27 15:15:13.862;SS;AS66-AS1-20180127151421
2018-01-27 15:15:32.333;RO;AS66-AS1-20180127151459
2018-01-27 15:15:33.688;SP;AS66-AS1-20180127151459
2018-01-27 15:15:37.082;SQ;AS66-AS1-20180127151537
2018-01-27 15:15:47.486;RU;AS66-AS1-20180127151421
2018-01-27 15:15:47.986;RU;AS66-AS1-20180127151340
2018-01-27 15:15:49.494;RC;AS66-AS1-20180127151459
2018-01-27 15:15:50.189;VU;AS66-AS1-20180127151421
2018-01-27 15:15:50.805;VU;AS66-AS1-20180127151340
2018-01-27 15:15:51.419;SS;AS66-AS1-20180127151459
2018-01-27 15:16:04.334;RO;AS66-AS1-20180127151537
2018-01-27 15:16:05.630;SP;AS66-AS1-20180127151537
2018-01-27 15:16:16.362;RC;AS66-AS1-20180127151537
2018-01-27 15:16:16.710;RU;AS66-AS1-20180127151459
2018-01-27 15:16:18.642;SS;AS66-AS1-20180127151537
2018-01-27 15:16:19.874;VU;AS66-AS1-20180127151459
2018-01-27 15:16:36.487;RU;AS66-AS1-20180127151537
2018-01-27 15:16:44.756;VU;AS66-AS1-20180127151537
