2018-01-27 14:56:23.629;SQ;AS70-AS1-20180127145623
2018-01-27 14:56:41.404;RO;AS70-AS1-20180127145623
2018-01-27 14:56:42.418;SP;AS70-AS1-20180127145623
2018-01-27 14:56:43.953;SQ;AS70-AS1-20180127145643
2018-01-27 14:56:55.093;RC;AS70-AS1-20180127145623
2018-01-27 14:56:56.253;SS;AS70-AS1-20180127145623
2018-01-27 14:57:20.317;RO;AS70-AS1-20180127145643
2018-01-27 14:57:21.298;SP;AS70-AS1-20180127145643
2018-01-27 14:57:22.886;SQ;AS70-AS1-20180127145722
2018-01-27 14:57:36.848;RU;AS70-AS1-20180127145623
2018-01-27 14:57:38.622;VU;AS70-AS1-20180127145623
2018-01-27 14:57:39.497;RC;AS70-AS1-20180127145643
2018-01-27 14:57:40.280;SS;AS70-AS1-20180127145643
2018-01-27 14:57:55.145;RO;AS70-AS1-20180127145722
2018-01-27 14:57:56.199;SP;AS70-AS1-20180127145722
2018-01-27 14:57:58.204;SQ;AS70-AS1-20180127145758
2018-01-27 14:58:20.604;RC;AS70-AS1-20180127145722
2018-01-27 14:58:21.411;SS;AS70-AS1-20180127145722
2018-01-27 14:58:22.126;RU;AS70-AS1-20180127145643
2018-01-27 14:58:23.942;VU;AS70-AS1-20180127145643
2018-01-27 14:58:37.852;RO;AS70-AS1-20180127145758
2018-01-27 14:58:39.065;SP;AS70-AS1-20180127145758
2018-01-27 14:58:40.679;SQ;AS70-AS1-20180127145840
2018-01-27 14:59:00.249;RC;AS70-AS1-20180127145758
2018-01-27 14:59:01.057;SS;AS70-AS1-20180127145758
2018-01-27 14:59:05.556;RU;AS70-AS1-20180127145722
2018-01-27 14:59:07.361;VU;AS70-AS1-20180127145722
2018-01-27 14:59:16.467;RO;AS70-AS1-20180127145840
2018-01-27 14:59:17.569;SP;AS70-AS1-20180127145840
2018-01-27 14:59:19.123;SQ;AS70-AS1-20180127145919
2018-01-27 14:59:39.675;RU;AS70-AS1-20180127145758
2018-01-27 14:59:40.085;RC;AS70-AS1-20180127145840
2018-01-27 14:59:41.274;SS;AS70-AS1-20180127145840
2018-01-27 14:59:41.820;VU;AS70-AS1-20180127145758
2018-01-27 14:59:58.200;RO;AS70-AS1-20180127145919
2018-01-27 14:59:59.494;SP;AS70-AS1-20180127145919
2018-01-27 15:00:01.095;SQ;AS70-AS1-20180127150001
2018-01-27 15:00:17.262;RC;AS70-AS1-20180127145919
2018-01-27 15:00:18.068;SS;AS70-AS1-20180127145919
2018-01-27 15:00:24.919;RU;AS70-AS1-20180127145840
2018-01-27 15:00:26.763;VU;AS70-AS1-20180127145840
2018-01-27 15:00:43.673;RO;AS70-AS1-20180127150001
2018-01-27 15:00:44.988;SP;AS70-AS1-20180127150001
2018-01-27 15:00:46.686;SQ;AS70-AS1-20180127150046
2018-01-27 15:00:57.970;RU;AS70-AS1-20180127145919
2018-01-27 15:00:59.764;VU;AS70-AS1-20180127145919
2018-01-27 15:01:00.192;RC;AS70-AS1-20180127150001
2018-01-27 15:01:00.985;SS;AS70-AS1-20180127150001
2018-01-27 15:01:22.124;RO;AS70-AS1-20180127150046
2018-01-27 15:01:23.059;SP;AS70-AS1-20180127150046
2018-01-27 15:01:24.738;SQ;AS70-AS1-20180127150124
2018-01-27 15:01:35.588;RU;AS70-AS1-20180127150001
2018-01-27 15:01:37.643;VU;AS70-AS1-20180127150001
2018-01-27 15:01:43.614;RC;AS70-AS1-20180127150046
2018-01-27 15:01:44.434;SS;AS70-AS1-20180127150046
2018-01-27 15:02:03.771;RO;AS70-AS1-20180127150124
2018-01-27 15:02:04.589;SP;AS70-AS1-20180127150124
2018-01-27 15:02:06.239;SQ;AS70-AS1-20180127150206
2018-01-27 15:02:22.266;RC;AS70-AS1-20180127150124
2018-01-27 15:02:23.807;SS;AS70-AS1-20180127150124
2018-01-27 15:02:30.382;RU;AS70-AS1-20180127150046
2018-01-27 15:02:32.187;VU;AS70-AS1-20180127150046
2018-01-27 15:02:41.916;RO;AS70-AS1-20180127150206
2018-01-27 15:02:43.116;SP;AS70-AS1-20180127150206
2018-01-27 15:02:44.777;SQ;AS70-AS1-20180127150244
2018-01-27 15:03:02.539;RC;AS70-AS1-20180127150206
2018-01-27 15:03:02.634;RU;AS70-AS1-20180127150124
2018-01-27 15:03:04.085;SS;AS70-AS1-20180127150206
2018-01-27 15:03:05.189;VU;AS70-AS1-20180127150124
2018-01-27 15:03:20.279;RO;AS70-AS1-20180127150244
2018-01-27 15:03:21.141;SP;AS70-AS1-20180127150244
2018-01-27 15:03:22.739;SQ;AS70-AS1-20180127150322
2018-01-27 15:03:37.435;RC;AS70-AS1-20180127150244
2018-01-27 15:03:38.245;SS;AS70-AS1-20180127150244
2018-01-27 15:03:42.064;RU;AS70-AS1-20180127150206
2018-01-27 15:03:43.911;VU;AS70-AS1-20180127150206
2018-01-27 15:03:58.764;RO;AS70-AS1-20180127150322
2018-01-27 15:03:59.620;SP;AS70-AS1-20180127150322
2018-01-27 15:04:01.282;SQ;AS70-AS1-20180127150401
2018-01-27 15:04:21.338;RU;AS70-AS1-20180127150244
2018-01-27 15:04:21.428;RC;AS70-AS1-20180127150322
2018-01-27 15:04:22.985;SS;AS70-AS1-20180127150322
2018-01-27 15:04:23.861;VU;AS70-AS1-20180127150244
2018-01-27 15:04:41.426;RO;AS70-AS1-20180127150401
2018-01-27 15:04:43.363;SP;AS70-AS1-20180127150401
2018-01-27 15:04:44.996;SQ;AS70-AS1-20180127150444
2018-01-27 15:04:59.200;RC;AS70-AS1-20180127150401
2018-01-27 15:05:00.030;SS;AS70-AS1-20180127150401
2018-01-27 15:05:04.211;RU;AS70-AS1-20180127150322
2018-01-27 15:05:06.053;VU;AS70-AS1-20180127150322
2018-01-27 15:05:21.098;RO;AS70-AS1-20180127150444
2018-01-27 15:05:22.394;SP;AS70-AS1-20180127150444
2018-01-27 15:05:24.109;SQ;AS70-AS1-20180127150524
2018-01-27 15:05:37.300;RU;AS70-AS1-20180127150401
2018-01-27 15:05:38.927;RC;AS70-AS1-20180127150444
2018-01-27 15:05:39.127;VU;AS70-AS1-20180127150401
2018-01-27 15:05:39.731;SS;AS70-AS1-20180127150444
2018-01-27 15:06:00.779;RO;AS70-AS1-20180127150524
2018-01-27 15:06:02.007;SP;AS70-AS1-20180127150524
2018-01-27 15:06:03.619;SQ;AS70-AS1-20180127150603
2018-01-27 15:06:15.493;RU;AS70-AS1-20180127150444
2018-01-27 15:06:17.310;VU;AS70-AS1-20180127150444
2018-01-27 15:06:22.783;RC;AS70-AS1-20180127150524
2018-01-27 15:06:23.597;SS;AS70-AS1-20180127150524
2018-01-27 15:06:40.168;RO;AS70-AS1-20180127150603
2018-01-27 15:06:41.488;SP;AS70-AS1-20180127150603
2018-01-27 15:06:44.067;SQ;AS70-AS1-20180127150644
2018-01-27 15:06:59.404;RC;AS70-AS1-20180127150603
2018-01-27 15:07:00.239;SS;AS70-AS1-20180127150603
2018-01-27 15:07:05.388;RU;AS70-AS1-20180127150524
2018-01-27 15:07:07.218;VU;AS70-AS1-20180127150524
2018-01-27 15:07:29.206;RO;AS70-AS1-20180127150644
2018-01-27 15:07:30.443;SP;AS70-AS1-20180127150644
2018-01-27 15:07:30.570;RU;AS70-AS1-20180127150603
2018-01-27 15:07:32.988;SQ;AS70-AS1-20180127150732
2018-01-27 15:07:33.277;VU;AS70-AS1-20180127150603
2018-01-27 15:07:43.420;RC;AS70-AS1-20180127150644
2018-01-27 15:07:45.002;SS;AS70-AS1-20180127150644
2018-01-27 15:08:06.123;RO;AS70-AS1-20180127150732
2018-01-27 15:08:07.347;SP;AS70-AS1-20180127150732
2018-01-27 15:08:09.019;SQ;AS70-AS1-20180127150809
2018-01-27 15:08:19.264;RC;AS70-AS1-20180127150732
2018-01-27 15:08:19.478;RU;AS70-AS1-20180127150644
2018-01-27 15:08:20.676;SS;AS70-AS1-20180127150732
2018-01-27 15:08:21.975;VU;AS70-AS1-20180127150644
2018-01-27 15:08:45.724;RO;AS70-AS1-20180127150809
2018-01-27 15:08:46.880;SP;AS70-AS1-20180127150809
2018-01-27 15:08:48.559;SQ;AS70-AS1-20180127150848
2018-01-27 15:09:01.248;RC;AS70-AS1-20180127150809
2018-01-27 15:09:02.119;SS;AS70-AS1-20180127150809
2018-01-27 15:09:03.232;RU;AS70-AS1-20180127150732
2018-01-27 15:09:05.332;VU;AS70-AS1-20180127150732
2018-01-27 15:09:24.172;RO;AS70-AS1-20180127150848
2018-01-27 15:09:25.463;SP;AS70-AS1-20180127150848
2018-01-27 15:09:27.144;SQ;AS70-AS1-20180127150927
2018-01-27 15:09:39.853;RU;AS70-AS1-20180127150809
2018-01-27 15:09:41.692;VU;AS70-AS1-20180127150809
2018-01-27 15:09:44.905;RC;AS70-AS1-20180127150848
2018-01-27 15:09:45.759;SS;AS70-AS1-20180127150848
2018-01-27 15:10:06.841;RO;AS70-AS1-20180127150927
2018-01-27 15:10:08.023;SP;AS70-AS1-20180127150927
2018-01-27 15:10:09.686;SQ;AS70-AS1-20180127151009
2018-01-27 15:10:17.699;RU;AS70-AS1-20180127150848
2018-01-27 15:10:19.536;VU;AS70-AS1-20180127150848
2018-01-27 15:10:48.192;RO;AS70-AS1-20180127151009
2018-01-27 15:10:49.033;SP;AS70-AS1-20180127151009
2018-01-27 15:10:50.678;SQ;AS70-AS1-20180127151050
2018-01-27 15:11:09.233;RC;AS70-AS1-20180127151009
2018-01-27 15:11:10.058;SS;AS70-AS1-20180127151009
2018-01-27 15:11:14.417;RC;AS70-AS1-20180127150927
2018-01-27 15:11:16.290;SS;AS70-AS1-20180127150927
2018-01-27 15:11:24.476;RO;AS70-AS1-20180127151050
2018-01-27 15:11:25.546;SP;AS70-AS1-20180127151050
2018-01-27 15:11:27.219;SQ;AS70-AS1-20180127151127
2018-01-27 15:11:42.388;RC;AS70-AS1-20180127151050
2018-01-27 15:11:43.219;SS;AS70-AS1-20180127151050
2018-01-27 15:11:52.904;RU;AS70-AS1-20180127151009
2018-01-27 15:11:54.298;RU;AS70-AS1-20180127150927
2018-01-27 15:11:54.759;VU;AS70-AS1-20180127151009
2018-01-27 15:11:56.151;VU;AS70-AS1-20180127150927
2018-01-27 15:11:58.260;RO;AS70-AS1-20180127151127
2018-01-27 15:11:59.847;SP;AS70-AS1-20180127151127
2018-01-27 15:12:03.285;SQ;AS70-AS1-20180127151203
2018-01-27 15:12:13.003;RC;AS70-AS1-20180127151127
2018-01-27 15:12:13.854;SS;AS70-AS1-20180127151127
2018-01-27 15:12:21.664;RU;AS70-AS1-20180127151050
2018-01-27 15:12:23.499;VU;AS70-AS1-20180127151050
2018-01-27 15:12:39.176;RO;AS70-AS1-20180127151203
2018-01-27 15:12:40.161;SP;AS70-AS1-20180127151203
2018-01-27 15:12:41.815;SQ;AS70-AS1-20180127151241
2018-01-27 15:12:57.276;RU;AS70-AS1-20180127151127
2018-01-27 15:12:58.421;RC;AS70-AS1-20180127151203
2018-01-27 15:12:59.127;VU;AS70-AS1-20180127151127
2018-01-27 15:12:59.262;SS;AS70-AS1-20180127151203
2018-01-27 15:13:16.893;RO;AS70-AS1-20180127151241
2018-01-27 15:13:19.203;SP;AS70-AS1-20180127151241
2018-01-27 15:13:20.864;SQ;AS70-AS1-20180127151320
2018-01-27 15:13:36.400;RU;AS70-AS1-20180127151203
2018-01-27 15:13:36.738;RC;AS70-AS1-20180127151241
2018-01-27 15:13:38.059;SS;AS70-AS1-20180127151241
2018-01-27 15:13:38.628;VU;AS70-AS1-20180127151203
2018-01-27 15:13:55.282;RO;AS70-AS1-20180127151320
2018-01-27 15:13:56.232;SP;AS70-AS1-20180127151320
2018-01-27 15:13:57.879;SQ;AS70-AS1-20180127151357
2018-01-27 15:14:14.874;RU;AS70-AS1-20180127151241
2018-01-27 15:14:24.165;RC;AS70-AS1-20180127151320
2018-01-27 15:14:25.147;SS;AS70-AS1-20180127151320
2018-01-27 15:14:31.073;RO;AS70-AS1-20180127151357
2018-01-27 15:14:32.224;SP;AS70-AS1-20180127151357
2018-01-27 15:14:35.727;SQ;AS70-AS1-20180127151435
2018-01-27 15:14:50.783;RC;AS70-AS1-20180127151357
2018-01-27 15:14:53.034;SS;AS70-AS1-20180127151357
2018-01-27 15:15:02.967;RU;AS70-AS1-20180127151320
2018-01-27 15:15:05.346;VU;AS70-AS1-20180127151320
2018-01-27 15:15:12.767;RO;AS70-AS1-20180127151435
2018-01-27 15:15:13.699;SP;AS70-AS1-20180127151435
2018-01-27 15:15:16.210;SQ;AS70-AS1-20180127151516
2018-01-27 15:15:28.023;RU;AS70-AS1-20180127151357
2018-01-27 15:15:30.180;VU;AS70-AS1-20180127151357
2018-01-27 15:15:33.156;RC;AS70-AS1-20180127151435
2018-01-27 15:15:34.162;SS;AS70-AS1-20180127151435
2018-01-27 15:15:48.860;RO;AS70-AS1-20180127151516
2018-01-27 15:15:50.412;SP;AS70-AS1-20180127151516
2018-01-27 15:16:02.697;RC;AS70-AS1-20180127151516
2018-01-27 15:16:03.564;SS;AS70-AS1-20180127151516
2018-01-27 15:16:04.147;RU;AS70-AS1-20180127151435
2018-01-27 15:16:06.475;VU;AS70-AS1-20180127151435
2018-01-27 15:16:30.887;RU;AS70-AS1-20180127151516
2018-01-27 15:16:32.971;VU;AS70-AS1-20180127151516
