2018-01-27 14:56:25.170;SQ;AS74-AS1-20180127145625
2018-01-27 14:56:46.308;RO;AS74-AS1-20180127145625
2018-01-27 14:56:47.466;SP;AS74-AS1-20180127145625
2018-01-27 14:56:49.081;SQ;AS74-AS1-20180127145649
2018-01-27 14:57:02.013;RC;AS74-AS1-20180127145625
2018-01-27 14:57:02.818;SS;AS74-AS1-20180127145625
2018-01-27 14:57:20.664;RO;AS74-AS1-20180127145649
2018-01-27 14:57:21.917;SP;AS74-AS1-20180127145649
2018-01-27 14:57:23.483;SQ;AS74-AS1-20180127145723
2018-01-27 14:57:36.830;RC;AS74-AS1-20180127145649
2018-01-27 14:57:37.616;SS;AS74-AS1-20180127145649
2018-01-27 14:57:40.718;RU;AS74-AS1-20180127145625
2018-01-27 14:57:42.544;VU;AS74-AS1-20180127145625
2018-01-27 14:57:56.494;RO;AS74-AS1-20180127145723
2018-01-27 14:57:57.306;SP;AS74-AS1-20180127145723
2018-01-27 14:58:00.475;SQ;AS74-AS1-20180127145800
2018-01-27 14:58:12.063;RC;AS74-AS1-20180127145723
2018-01-27 14:58:13.154;SS;AS74-AS1-20180127145723
2018-01-27 14:58:20.764;RU;AS74-AS1-20180127145649
2018-01-27 14:58:22.537;VU;AS74-AS1-20180127145649
2018-01-27 14:58:36.389;RO;AS74-AS1-20180127145800
2018-01-27 14:58:37.323;SP;AS74-AS1-20180127145800
2018-01-27 14:58:38.887;SQ;AS74-AS1-20180127145838
2018-01-27 14:58:50.261;RU;AS74-AS1-20180127145723
2018-01-27 14:58:52.059;VU;AS74-AS1-20180127145723
2018-01-27 14:58:55.901;RC;AS74-AS1-20180127145800
2018-01-27 14:58:56.697;SS;AS74-AS1-20180127145800
2018-01-27 14:59:15.759;RO;AS74-AS1-20180127145838
2018-01-27 14:59:17.559;SP;AS74-AS1-20180127145838
2018-01-27 14:59:19.140;SQ;AS74-AS1-20180127145919
2018-01-27 14:59:39.671;RU;AS74-AS1-20180127145800
2018-01-27 14:59:40.172;RC;AS74-AS1-20180127145838
2018-01-27 14:59:41.252;SS;AS74-AS1-20180127145838
2018-01-27 14:59:41.658;VU;AS74-AS1-20180127145800
2018-01-27 14:59:57.003;RO;AS74-AS1-20180127145919
2018-01-27 14:59:57.973;SP;AS74-AS1-20180127145919
2018-01-27 14:59:59.544;SQ;AS74-AS1-20180127145959
2018-01-27 15:00:16.761;RC;AS74-AS1-20180127145919
2018-01-27 15:00:17.542;SS;AS74-AS1-20180127145919
2018-01-27 15:00:20.005;RU;AS74-AS1-20180127145838
2018-01-27 15:00:22.010;VU;AS74-AS1-20180127145838
2018-01-27 15:00:43.816;RO;AS74-AS1-20180127145959
2018-01-27 15:00:44.882;SP;AS74-AS1-20180127145959
2018-01-27 15:00:46.451;SQ;AS74-AS1-20180127150046
2018-01-27 15:00:51.146;RU;AS74-AS1-20180127145919
2018-01-27 15:00:52.930;VU;AS74-AS1-20180127145919
2018-01-27 15:01:01.926;RC;AS74-AS1-20180127145959
2018-01-27 15:01:02.701;SS;AS74-AS1-20180127145959
2018-01-27 15:01:20.486;RO;AS74-AS1-20180127150046
2018-01-27 15:01:22.196;SP;AS74-AS1-20180127150046
2018-01-27 15:01:24.232;SQ;AS74-AS1-20180127150124
2018-01-27 15:01:43.130;RC;AS74-AS1-20180127150046
2018-01-27 15:01:43.333;RU;AS74-AS1-20180127145959
2018-01-27 15:01:44.418;SS;AS74-AS1-20180127150046
2018-01-27 15:01:45.706;VU;AS74-AS1-20180127145959
2018-01-27 15:02:01.546;RO;AS74-AS1-20180127150124
2018-01-27 15:02:02.579;SP;AS74-AS1-20180127150124
2018-01-27 15:02:04.136;SQ;AS74-AS1-20180127150204
2018-01-27 15:02:19.492;RC;AS74-AS1-20180127150124
2018-01-27 15:02:20.266;SS;AS74-AS1-20180127150124
2018-01-27 15:02:21.838;RU;AS74-AS1-20180127150046
2018-01-27 15:02:23.897;VU;AS74-AS1-20180127150046
2018-01-27 15:02:35.077;RO;AS74-AS1-20180127150204
2018-01-27 15:02:35.967;SP;AS74-AS1-20180127150204
2018-01-27 15:02:37.512;SQ;AS74-AS1-20180127150237
2018-01-27 15:02:50.618;RC;AS74-AS1-20180127150204
2018-01-27 15:02:51.397;SS;AS74-AS1-20180127150204
2018-01-27 15:03:06.792;RO;AS74-AS1-20180127150237
2018-01-27 15:03:07.819;SP;AS74-AS1-20180127150237
2018-01-27 15:03:10.228;SQ;AS74-AS1-20180127150310
2018-01-27 15:03:10.693;RU;AS74-AS1-20180127150124
2018-01-27 15:03:12.919;VU;AS74-AS1-20180127150124
2018-01-27 15:03:23.119;RC;AS74-AS1-20180127150237
2018-01-27 15:03:23.902;SS;AS74-AS1-20180127150237
2018-01-27 15:03:34.681;RU;AS74-AS1-20180127150204
2018-01-27 15:03:36.462;VU;AS74-AS1-20180127150204
2018-01-27 15:03:48.817;RO;AS74-AS1-20180127150310
2018-01-27 15:03:50.056;SP;AS74-AS1-20180127150310
2018-01-27 15:03:51.616;SQ;AS74-AS1-20180127150351
2018-01-27 15:03:57.210;RU;AS74-AS1-20180127150237
2018-01-27 15:03:59.032;VU;AS74-AS1-20180127150237
2018-01-27 15:04:09.717;RC;AS74-AS1-20180127150310
2018-01-27 15:04:11.168;SS;AS74-AS1-20180127150310
2018-01-27 15:04:25.425;RO;AS74-AS1-20180127150351
2018-01-27 15:04:27.256;SP;AS74-AS1-20180127150351
2018-01-27 15:04:29.014;SQ;AS74-AS1-20180127150429
2018-01-27 15:04:46.346;RC;AS74-AS1-20180127150351
2018-01-27 15:04:47.126;SS;AS74-AS1-20180127150351
2018-01-27 15:04:52.325;RU;AS74-AS1-20180127150310
2018-01-27 15:04:54.104;VU;AS74-AS1-20180127150310
2018-01-27 15:05:10.054;RO;AS74-AS1-20180127150429
2018-01-27 15:05:11.229;SP;AS74-AS1-20180127150429
2018-01-27 15:05:13.683;SQ;AS74-AS1-20180127150513
2018-01-27 15:05:27.712;RU;AS74-AS1-20180127150351
2018-01-27 15:05:29.185;RC;AS74-AS1-20180127150429
2018-01-27 15:05:29.792;VU;AS74-AS1-20180127150351
2018-01-27 15:05:29.974;SS;AS74-AS1-20180127150429
2018-01-27 15:06:00.903;RO;AS74-AS1-20180127150513
2018-01-27 15:06:02.039;SP;AS74-AS1-20180127150513
2018-01-27 15:06:03.627;SQ;AS74-AS1-20180127150603
2018-01-27 15:06:07.750;RU;AS74-AS1-20180127150429
2018-01-27 15:06:09.542;VU;AS74-AS1-20180127150429
2018-01-27 15:06:22.569;RC;AS74-AS1-20180127150513
2018-01-27 15:06:23.344;SS;AS74-AS1-20180127150513
2018-01-27 15:06:40.500;RO;AS74-AS1-20180127150603
2018-01-27 15:06:41.478;SP;AS74-AS1-20180127150603
2018-01-27 15:06:43.796;SQ;AS74-AS1-20180127150643
2018-01-27 15:06:58.612;RU;AS74-AS1-20180127150513
2018-01-27 15:07:00.532;RC;AS74-AS1-20180127150603
2018-01-27 15:07:00.870;VU;AS74-AS1-20180127150513
2018-01-27 15:07:01.324;SS;AS74-AS1-20180127150603
2018-01-27 15:07:28.998;RO;AS74-AS1-20180127150643
2018-01-27 15:07:30.440;SP;AS74-AS1-20180127150643
2018-01-27 15:07:32.029;SQ;AS74-AS1-20180127150732
2018-01-27 15:07:45.708;RC;AS74-AS1-20180127150643
2018-01-27 15:07:45.710;RU;AS74-AS1-20180127150603
2018-01-27 15:07:47.319;SS;AS74-AS1-20180127150643
2018-01-27 15:07:48.295;VU;AS74-AS1-20180127150603
2018-01-27 15:08:13.952;RO;AS74-AS1-20180127150732
2018-01-27 15:08:14.848;SP;AS74-AS1-20180127150732
2018-01-27 15:08:16.411;SQ;AS74-AS1-20180127150816
2018-01-27 15:08:28.723;RU;AS74-AS1-20180127150643
2018-01-27 15:08:30.502;VU;AS74-AS1-20180127150643
2018-01-27 15:08:32.873;RC;AS74-AS1-20180127150732
2018-01-27 15:08:34.585;SS;AS74-AS1-20180127150732
2018-01-27 15:08:54.591;RO;AS74-AS1-20180127150816
2018-01-27 15:08:55.735;SP;AS74-AS1-20180127150816
2018-01-27 15:08:57.357;SQ;AS74-AS1-20180127150857
2018-01-27 15:09:19.117;RU;AS74-AS1-20180127150732
2018-01-27 15:09:19.352;RC;AS74-AS1-20180127150816
2018-01-27 15:09:21.628;SS;AS74-AS1-20180127150816
2018-01-27 15:09:22.493;VU;AS74-AS1-20180127150732
2018-01-27 15:09:46.569;RO;AS74-AS1-20180127150857
2018-01-27 15:09:47.721;SP;AS74-AS1-20180127150857
2018-01-27 15:09:49.288;SQ;AS74-AS1-20180127150949
2018-01-27 15:09:56.267;RU;AS74-AS1-20180127150816
2018-01-27 15:09:58.081;VU;AS74-AS1-20180127150816
2018-01-27 15:10:06.451;RC;AS74-AS1-20180127150857
2018-01-27 15:10:07.261;SS;AS74-AS1-20180127150857
2018-01-27 15:10:25.259;RO;AS74-AS1-20180127150949
2018-01-27 15:10:26.122;SP;AS74-AS1-20180127150949
2018-01-27 15:10:28.332;SQ;AS74-AS1-20180127151028
2018-01-27 15:10:39.791;RU;AS74-AS1-20180127150857
2018-01-27 15:10:48.102;RC;AS74-AS1-20180127150949
2018-01-27 15:10:49.093;SS;AS74-AS1-20180127150949
2018-01-27 15:11:19.463;RO;AS74-AS1-20180127151028
2018-01-27 15:11:21.421;SP;AS74-AS1-20180127151028
2018-01-27 15:11:23.554;SQ;AS74-AS1-20180127151123
2018-01-27 15:11:29.612;RU;AS74-AS1-20180127150949
2018-01-27 15:11:31.712;VU;AS74-AS1-20180127150949
2018-01-27 15:11:38.236;RC;AS74-AS1-20180127151028
2018-01-27 15:11:39.796;SS;AS74-AS1-20180127151028
2018-01-27 15:11:57.276;RO;AS74-AS1-20180127151123
2018-01-27 15:11:59.073;SP;AS74-AS1-20180127151123
2018-01-27 15:12:03.876;SQ;AS74-AS1-20180127151203
2018-01-27 15:12:17.302;RU;AS74-AS1-20180127151028
2018-01-27 15:12:19.449;VU;AS74-AS1-20180127151028
2018-01-27 15:12:20.853;RC;AS74-AS1-20180127151123
2018-01-27 15:12:21.641;SS;AS74-AS1-20180127151123
2018-01-27 15:12:42.121;RO;AS74-AS1-20180127151203
2018-01-27 15:12:43.933;SP;AS74-AS1-20180127151203
2018-01-27 15:12:46.676;SQ;AS74-AS1-20180127151246
2018-01-27 15:12:59.695;RU;AS74-AS1-20180127151123
2018-01-27 15:13:01.654;VU;AS74-AS1-20180127151123
2018-01-27 15:13:01.700;RC;AS74-AS1-20180127151203
2018-01-27 15:13:04.109;SS;AS74-AS1-20180127151203
2018-01-27 15:13:21.223;RO;AS74-AS1-20180127151246
2018-01-27 15:13:22.485;SP;AS74-AS1-20180127151246
2018-01-27 15:13:24.654;SQ;AS74-AS1-20180127151324
2018-01-27 15:13:41.746;RC;AS74-AS1-20180127151246
2018-01-27 15:13:41.880;RU;AS74-AS1-20180127151203
2018-01-27 15:13:43.653;SS;AS74-AS1-20180127151246
2018-01-27 15:13:44.766;VU;AS74-AS1-20180127151203
2018-01-27 15:13:59.686;RO;AS74-AS1-20180127151324
2018-01-27 15:14:00.497;SP;AS74-AS1-20180127151324
2018-01-27 15:14:03.641;SQ;AS74-AS1-20180127151403
2018-01-27 15:14:17.246;RC;AS74-AS1-20180127151324
2018-01-27 15:14:19.261;SS;AS74-AS1-20180127151324
2018-01-27 15:14:20.618;RU;AS74-AS1-20180127151246
2018-01-27 15:14:22.888;VU;AS74-AS1-20180127151246
2018-01-27 15:14:36.678;RO;AS74-AS1-20180127151403
2018-01-27 15:14:37.613;SP;AS74-AS1-20180127151403
2018-01-27 15:14:39.858;SQ;AS74-AS1-20180127151439
2018-01-27 15:15:00.728;RU;AS74-AS1-20180127151324
2018-01-27 15:15:00.827;RC;AS74-AS1-20180127151403
2018-01-27 15:15:02.768;SS;AS74-AS1-20180127151403
2018-01-27 15:15:03.709;VU;AS74-AS1-20180127151324
2018-01-27 15:15:16.130;RO;AS74-AS1-20180127151439
2018-01-27 15:15:17.943;SP;AS74-AS1-20180127151439
2018-01-27 15:15:20.071;SQ;AS74-AS1-20180127151520
2018-01-27 15:15:33.562;RC;AS74-AS1-20180127151439
2018-01-27 15:15:34.916;SS;AS74-AS1-20180127151439
2018-01-27 15:15:50.160;RU;AS74-AS1-20180127151403
2018-01-27 15:15:52.432;VU;AS74-AS1-20180127151403
2018-01-27 15:15:52.945;RO;AS74-AS1-20180127151520
2018-01-27 15:15:55.052;SP;AS74-AS1-20180127151520
2018-01-27 15:15:57.130;SQ;AS74-AS1-20180127151557
2018-01-27 15:16:08.030;RC;AS74-AS1-20180127151520
2018-01-27 15:16:08.169;RU;AS74-AS1-20180127151439
2018-01-27 15:16:10.908;SS;AS74-AS1-20180127151520
2018-01-27 15:16:12.095;VU;AS74-AS1-20180127151439
2018-01-27 15:16:16.880;RO;AS74-AS1-20180127151557
2018-01-27 15:16:18.265;SP;AS74-AS1-20180127151557
2018-01-27 15:16:26.398;RC;AS74-AS1-20180127151557
2018-01-27 15:16:27.748;SS;AS74-AS1-20180127151557
2018-01-27 15:16:30.827;RU;AS74-AS1-20180127151520
2018-01-27 15:16:33.315;VU;AS74-AS1-20180127151520
2018-01-27 15:16:36.666;RU;AS74-AS1-20180127151557
2018-01-27 15:16:43.568;VU;AS74-AS1-20180127151557
