2018-01-27 14:56:21.302;SQ;AS75-AS1-20180127145621
2018-01-27 14:56:37.548;RO;AS75-AS1-20180127145621
2018-01-27 14:56:38.641;SP;AS75-AS1-20180127145621
2018-01-27 14:56:40.610;SQ;AS75-AS1-20180127145640
2018-01-27 14:56:51.567;RC;AS75-AS1-20180127145621
2018-01-27 14:56:52.408;SS;AS75-AS1-20180127145621
2018-01-27 14:57:11.876;RO;AS75-AS1-20180127145640
2018-01-27 14:57:13.223;SP;AS75-AS1-20180127145640
2018-01-27 14:57:14.862;SQ;AS75-AS1-20180127145714
2018-01-27 14:57:31.459;RC;AS75-AS1-20180127145640
2018-01-27 14:57:32.291;SS;AS75-AS1-20180127145640
2018-01-27 14:57:36.591;RU;AS75-AS1-20180127145621
2018-01-27 14:57:38.419;VU;AS75-AS1-20180127145621
2018-01-27 14:57:53.236;RO;AS75-AS1-20180127145714
2018-01-27 14:57:54.222;SP;AS75-AS1-20180127145714
2018-01-27 14:57:55.908;SQ;AS75-AS1-20180127145755
2018-01-27 14:58:10.946;RU;AS75-AS1-20180127145640
2018-01-27 14:58:11.602;RC;AS75-AS1-20180127145714
2018-01-27 14:58:12.630;SS;AS75-AS1-20180127145714
2018-01-27 14:58:12.946;VU;AS75-AS1-20180127145640
2018-01-27 14:58:30.348;RO;AS75-AS1-20180127145755
2018-01-27 14:58:31.283;SP;AS75-AS1-20180127145755
2018-01-27 14:58:32.946;SQ;AS75-AS1-20180127145832
2018-01-27 14:58:47.537;RC;AS75-AS1-20180127145755
2018-01-27 14:58:48.387;SS;AS75-AS1-20180127145755
2018-01-27 14:59:06.209;RU;AS75-AS1-20180127145714
2018-01-27 14:59:08.040;VU;AS75-AS1-20180127145714
2018-01-27 14:59:08.186;RO;AS75-AS1-20180127145832
2018-01-27 14:59:09.303;SP;AS75-AS1-20180127145832
2018-01-27 14:59:10.977;SQ;AS75-AS1-20180127145910
2018-01-27 14:59:26.284;RC;AS75-AS1-20180127145832
2018-01-27 14:59:27.138;SS;AS75-AS1-20180127145832
2018-01-27 14:59:28.425;RU;AS75-AS1-20180127145755
2018-01-27 14:59:48.248;RO;AS75-AS1-20180127145910
2018-01-27 14:59:50.802;SP;AS75-AS1-20180127145910
2018-01-27 14:59:54.039;SQ;AS75-AS1-20180127145954
2018-01-27 15:00:04.756;RU;AS75-AS1-20180127145832
2018-01-27 15:00:08.347;VU;AS75-AS1-20180127145832
2018-01-27 15:00:11.962;RC;AS75-AS1-20180127145910
2018-01-27 15:00:13.517;SS;AS75-AS1-20180127145910
2018-01-27 15:00:29.296;RO;AS75-AS1-20180127145954
2018-01-27 15:00:31.193;SP;AS75-AS1-20180127145954
2018-01-27 15:00:33.668;SQ;AS75-AS1-20180127150033
2018-01-27 15:00:49.516;RC;AS75-AS1-20180127145954
2018-01-27 15:00:52.022;SS;AS75-AS1-20180127145954
2018-01-27 15:00:53.291;RU;AS75-AS1-20180127145910
2018-01-27 15:00:55.373;VU;AS75-AS1-20180127145910
2018-01-27 15:01:13.189;RO;AS75-AS1-20180127150033
2018-01-27 15:01:14.481;SP;AS75-AS1-20180127150033
2018-01-27 15:01:17.007;SQ;AS75-AS1-20180127150117
2018-01-27 15:01:30.993;RU;AS75-AS1-20180127145954
2018-01-27 15:01:32.869;VU;AS75-AS1-20180127145954
2018-01-27 15:01:34.180;RC;AS75-AS1-20180127150033
2018-01-27 15:01:35.335;SS;AS75-AS1-20180127150033
2018-01-27 15:01:48.105;RO;AS75-AS1-20180127150117
2018-01-27 15:01:49.556;SP;AS75-AS1-20180127150117
2018-01-27 15:01:52.593;SQ;AS75-AS1-20180127150152
2018-01-27 15:02:08.580;RC;AS75-AS1-20180127150117
2018-01-27 15:02:10.452;SS;AS75-AS1-20180127150117
2018-01-27 15:02:16.440;RU;AS75-AS1-20180127150033
2018-01-27 15:02:19.113;VU;AS75-AS1-20180127150033
2018-01-27 15:02:33.964;RO;AS75-AS1-20180127150152
2018-01-27 15:02:35.314;SP;AS75-AS1-20180127150152
2018-01-27 15:02:37.663;SQ;AS75-AS1-20180127150237
2018-01-27 15:02:49.231;RU;AS75-AS1-20180127150117
2018-01-27 15:02:51.410;VU;AS75-AS1-20180127150117
2018-01-27 15:02:54.054;RC;AS75-AS1-20180127150152
2018-01-27 15:02:56.319;SS;AS75-AS1-20180127150152
2018-01-27 15:03:18.225;RO;AS75-AS1-20180127150237
2018-01-27 15:03:19.619;SP;AS75-AS1-20180127150237
2018-01-27 15:03:22.131;SQ;AS75-AS1-20180127150322
2018-01-27 15:03:39.159;RC;AS75-AS1-20180127150237
2018-01-27 15:03:40.738;RU;AS75-AS1-20180127150152
2018-01-27 15:03:41.094;SS;AS75-AS1-20180127150237
2018-01-27 15:03:43.999;VU;AS75-AS1-20180127150152
2018-01-27 15:03:55.218;RO;AS75-AS1-20180127150322
2018-01-27 15:03:57.943;SP;AS75-AS1-20180127150322
2018-01-27 15:04:00.695;SQ;AS75-AS1-20180127150400
2018-01-27 15:04:15.717;RC;AS75-AS1-20180127150322
2018-01-27 15:04:16.556;SS;AS75-AS1-20180127150322
2018-01-27 15:04:21.461;RU;AS75-AS1-20180127150237
2018-01-27 15:04:23.496;VU;AS75-AS1-20180127150237
2018-01-27 15:04:34.800;RO;AS75-AS1-20180127150400
2018-01-27 15:04:36.292;SP;AS75-AS1-20180127150400
2018-01-27 15:04:38.692;SQ;AS75-AS1-20180127150438
2018-01-27 15:04:53.035;RC;AS75-AS1-20180127150400
2018-01-27 15:04:54.370;SS;AS75-AS1-20180127150400
2018-01-27 15:04:56.889;RU;AS75-AS1-20180127150322
2018-01-27 15:04:59.854;VU;AS75-AS1-20180127150322
2018-01-27 15:05:09.802;RO;AS75-AS1-20180127150438
2018-01-27 15:05:12.158;SP;AS75-AS1-20180127150438
2018-01-27 15:05:15.076;SQ;AS75-AS1-20180127150515
2018-01-27 15:05:36.511;RC;AS75-AS1-20180127150438
2018-01-27 15:05:36.820;RU;AS75-AS1-20180127150400
2018-01-27 15:05:38.591;SS;AS75-AS1-20180127150438
2018-01-27 15:05:39.785;VU;AS75-AS1-20180127150400
2018-01-27 15:05:54.505;RO;AS75-AS1-20180127150515
2018-01-27 15:05:55.850;SP;AS75-AS1-20180127150515
2018-01-27 15:05:59.634;SQ;AS75-AS1-20180127150559
2018-01-27 15:06:22.703;RC;AS75-AS1-20180127150515
2018-01-27 15:06:22.773;RU;AS75-AS1-20180127150438
2018-01-27 15:06:24.715;SS;AS75-AS1-20180127150515
2018-01-27 15:06:25.935;VU;AS75-AS1-20180127150438
2018-01-27 15:06:38.717;RO;AS75-AS1-20180127150559
2018-01-27 15:06:40.312;SP;AS75-AS1-20180127150559
2018-01-27 15:06:43.095;SQ;AS75-AS1-20180127150643
2018-01-27 15:06:59.028;RC;AS75-AS1-20180127150559
2018-01-27 15:07:00.779;SS;AS75-AS1-20180127150559
2018-01-27 15:07:02.950;RU;AS75-AS1-20180127150515
2018-01-27 15:07:05.512;VU;AS75-AS1-20180127150515
2018-01-27 15:07:28.930;RO;AS75-AS1-20180127150643
2018-01-27 15:07:31.335;SP;AS75-AS1-20180127150643
2018-01-27 15:07:33.858;SQ;AS75-AS1-20180127150733
2018-01-27 15:07:48.047;RU;AS75-AS1-20180127150559
2018-01-27 15:07:50.392;VU;AS75-AS1-20180127150559
2018-01-27 15:07:53.744;RC;AS75-AS1-20180127150643
2018-01-27 15:07:54.733;SS;AS75-AS1-20180127150643
2018-01-27 15:08:10.220;RO;AS75-AS1-20180127150733
2018-01-27 15:08:11.782;SP;AS75-AS1-20180127150733
2018-01-27 15:08:14.233;SQ;AS75-AS1-20180127150814
2018-01-27 15:08:28.235;RC;AS75-AS1-20180127150733
2018-01-27 15:08:29.044;SS;AS75-AS1-20180127150733
2018-01-27 15:08:36.140;RU;AS75-AS1-20180127150643
2018-01-27 15:08:38.183;VU;AS75-AS1-20180127150643
2018-01-27 15:08:50.163;RO;AS75-AS1-20180127150814
2018-01-27 15:08:51.315;SP;AS75-AS1-20180127150814
2018-01-27 15:08:53.705;SQ;AS75-AS1-20180127150853
2018-01-27 15:09:08.113;RU;AS75-AS1-20180127150733
2018-01-27 15:09:09.499;RC;AS75-AS1-20180127150814
2018-01-27 15:09:10.140;VU;AS75-AS1-20180127150733
2018-01-27 15:09:11.132;SS;AS75-AS1-20180127150814
2018-01-27 15:09:35.387;RO;AS75-AS1-20180127150853
2018-01-27 15:09:38.050;SP;AS75-AS1-20180127150853
2018-01-27 15:09:41.007;SQ;AS75-AS1-20180127150941
2018-01-27 15:09:47.000;RU;AS75-AS1-20180127150814
2018-01-27 15:09:48.905;VU;AS75-AS1-20180127150814
2018-01-27 15:09:56.149;RC;AS75-AS1-20180127150853
2018-01-27 15:09:57.378;SS;AS75-AS1-20180127150853
2018-01-27 15:10:21.832;RO;AS75-AS1-20180127150941
2018-01-27 15:10:23.432;SP;AS75-AS1-20180127150941
2018-01-27 15:10:25.953;SQ;AS75-AS1-20180127151025
2018-01-27 15:10:30.943;RU;AS75-AS1-20180127150853
2018-01-27 15:10:33.362;VU;AS75-AS1-20180127150853
2018-01-27 15:10:42.504;RC;AS75-AS1-20180127150941
2018-01-27 15:10:44.839;SS;AS75-AS1-20180127150941
2018-01-27 15:11:09.041;RO;AS75-AS1-20180127151025
2018-01-27 15:11:10.531;SP;AS75-AS1-20180127151025
2018-01-27 15:11:13.095;SQ;AS75-AS1-20180127151113
2018-01-27 15:11:18.533;RU;AS75-AS1-20180127150941
2018-01-27 15:11:20.886;VU;AS75-AS1-20180127150941
2018-01-27 15:11:28.522;RC;AS75-AS1-20180127151025
2018-01-27 15:11:30.235;SS;AS75-AS1-20180127151025
2018-01-27 15:11:46.729;RO;AS75-AS1-20180127151113
2018-01-27 15:11:48.540;SP;AS75-AS1-20180127151113
2018-01-27 15:11:50.894;SQ;AS75-AS1-20180127151150
2018-01-27 15:12:08.308;RC;AS75-AS1-20180127151113
2018-01-27 15:12:09.507;RU;AS75-AS1-20180127151025
2018-01-27 15:12:09.670;SS;AS75-AS1-20180127151113
2018-01-27 15:12:11.814;VU;AS75-AS1-20180127151025
2018-01-27 15:12:26.037;RO;AS75-AS1-20180127151150
2018-01-27 15:12:27.508;SP;AS75-AS1-20180127151150
2018-01-27 15:12:29.857;SQ;AS75-AS1-20180127151229
2018-01-27 15:12:45.865;RC;AS75-AS1-20180127151150
2018-01-27 15:12:48.391;SS;AS75-AS1-20180127151150
2018-01-27 15:12:48.588;RU;AS75-AS1-20180127151113
2018-01-27 15:12:51.386;VU;AS75-AS1-20180127151113
2018-01-27 15:13:05.350;RO;AS75-AS1-20180127151229
2018-01-27 15:13:06.376;SP;AS75-AS1-20180127151229
2018-01-27 15:13:08.761;SQ;AS75-AS1-20180127151308
2018-01-27 15:13:21.840;RU;AS75-AS1-20180127151150
2018-01-27 15:13:23.693;VU;AS75-AS1-20180127151150
2018-01-27 15:13:28.531;RC;AS75-AS1-20180127151229
2018-01-27 15:13:29.837;SS;AS75-AS1-20180127151229
2018-01-27 15:13:47.140;RO;AS75-AS1-20180127151308
2018-01-27 15:13:50.029;SP;AS75-AS1-20180127151308
2018-01-27 15:13:52.498;SQ;AS75-AS1-20180127151352
2018-01-27 15:14:05.831;RC;AS75-AS1-20180127151308
2018-01-27 15:14:07.455;SS;AS75-AS1-20180127151308
2018-01-27 15:14:13.470;RU;AS75-AS1-20180127151229
2018-01-27 15:14:15.493;VU;AS75-AS1-20180127151229
2018-01-27 15:14:32.799;RO;AS75-AS1-20180127151352
2018-01-27 15:14:34.098;SP;AS75-AS1-20180127151352
2018-01-27 15:14:38.087;SQ;AS75-AS1-20180127151438
2018-01-27 15:14:43.987;RU;AS75-AS1-20180127151308
2018-01-27 15:14:45.987;VU;AS75-AS1-20180127151308
2018-01-27 15:14:51.963;RC;AS75-AS1-20180127151352
2018-01-27 15:14:53.296;SS;AS75-AS1-20180127151352
2018-01-27 15:15:17.383;RO;AS75-AS1-20180127151438
2018-01-27 15:15:18.469;SP;AS75-AS1-20180127151438
2018-01-27 15:15:22.324;SQ;AS75-AS1-20180127151522
2018-01-27 15:15:33.771;RU;AS75-AS1-20180127151352
2018-01-27 15:15:35.822;RC;AS75-AS1-20180127151438
2018-01-27 15:15:36.224;VU;AS75-AS1-20180127151352
2018-01-27 15:15:38.418;SS;AS75-AS1-20180127151438
2018-01-27 15:15:53.870;RO;AS75-AS1-20180127151522
2018-01-27 15:15:54.946;SP;AS75-AS1-20180127151522
2018-01-27 15:15:57.467;SQ;AS75-AS1-20180127151557
2018-01-27 15:16:07.234;RC;AS75-AS1-20180127151522
2018-01-27 15:16:08.769;RU;AS75-AS1-20180127151438
2018-01-27 15:16:10.459;SS;AS75-AS1-20180127151522
2018-01-27 15:16:11.898;VU;AS75-AS1-20180127151438
2018-01-27 15:16:17.758;RO;AS75-AS1-20180127151557
2018-01-27 15:16:18.968;SP;AS75-AS1-20180127151557
2018-01-27 15:16:25.706;RC;AS75-AS1-20180127151557
2018-01-27 15:16:27.167;SS;AS75-AS1-20180127151557
2018-01-27 15:16:30.316;RU;AS75-AS1-20180127151522
2018-01-27 15:16:32.323;VU;AS75-AS1-20180127151522
2018-01-27 15:16:36.660;RU;AS75-AS1-20180127151557
2018-01-27 15:16:45.105;VU;AS75-AS1-20180127151557
