2018-01-27 14:56:23.260;SQ;AS76-AS1-20180127145623
2018-01-27 14:56:41.027;RO;AS76-AS1-20180127145623
2018-01-27 14:56:42.120;SP;AS76-AS1-20180127145623
2018-01-27 14:56:43.855;SQ;AS76-AS1-20180127145643
2018-01-27 14:56:57.964;RC;AS76-AS1-20180127145623
2018-01-27 14:56:58.805;SS;AS76-AS1-20180127145623
2018-01-27 14:57:10.989;RO;AS76-AS1-20180127145643
2018-01-27 14:57:13.257;SP;AS76-AS1-20180127145643
2018-01-27 14:57:14.954;SQ;AS76-AS1-20180127145714
2018-01-27 14:57:31.235;RC;AS76-AS1-20180127145643
2018-01-27 14:57:32.094;SS;AS76-AS1-20180127145643
2018-01-27 14:57:43.494;RU;AS76-AS1-20180127145623
2018-01-27 14:57:45.674;VU;AS76-AS1-20180127145623
2018-01-27 14:57:52.768;RO;AS76-AS1-20180127145714
2018-01-27 14:57:53.870;SP;AS76-AS1-20180127145714
2018-01-27 14:57:55.533;SQ;AS76-AS1-20180127145755
2018-01-27 14:58:12.166;RU;AS76-AS1-20180127145643
2018-01-27 14:58:14.448;RC;AS76-AS1-20180127145714
2018-01-27 14:58:14.515;VU;AS76-AS1-20180127145643
2018-01-27 14:58:15.363;SS;AS76-AS1-20180127145714
2018-01-27 14:58:43.997;RO;AS76-AS1-20180127145755
2018-01-27 14:58:45.941;SP;AS76-AS1-20180127145755
2018-01-27 14:58:48.075;SQ;AS76-AS1-20180127145848
2018-01-27 14:58:58.368;RU;AS76-AS1-20180127145714
2018-01-27 14:59:00.029;RC;AS76-AS1-20180127145755
2018-01-27 14:59:00.191;VU;AS76-AS1-20180127145714
2018-01-27 14:59:01.065;SS;AS76-AS1-20180127145755
2018-01-27 14:59:26.956;RO;AS76-AS1-20180127145848
2018-01-27 14:59:27.988;SP;AS76-AS1-20180127145848
2018-01-27 14:59:29.675;SQ;AS76-AS1-20180127145929
2018-01-27 14:59:46.011;RU;AS76-AS1-20180127145755
2018-01-27 14:59:46.086;RC;AS76-AS1-20180127145848
2018-01-27 14:59:47.748;SS;AS76-AS1-20180127145848
2018-01-27 14:59:48.748;VU;AS76-AS1-20180127145755
2018-01-27 15:00:06.816;RO;AS76-AS1-20180127145929
2018-01-27 15:00:08.078;SP;AS76-AS1-20180127145929
2018-01-27 15:00:09.772;SQ;AS76-AS1-20180127150009
2018-01-27 15:00:26.746;RU;AS76-AS1-20180127145848
2018-01-27 15:00:27.546;RC;AS76-AS1-20180127145929
2018-01-27 15:00:28.482;SS;AS76-AS1-20180127145929
2018-01-27 15:00:28.676;VU;AS76-AS1-20180127145848
2018-01-27 15:00:43.048;RO;AS76-AS1-20180127150009
2018-01-27 15:00:44.164;SP;AS76-AS1-20180127150009
2018-01-27 15:00:45.856;SQ;AS76-AS1-20180127150045
2018-01-27 15:00:54.018;RC;AS76-AS1-20180127150009
2018-01-27 15:00:54.879;SS;AS76-AS1-20180127150009
2018-01-27 15:01:05.338;RU;AS76-AS1-20180127145929
2018-01-27 15:01:07.363;VU;AS76-AS1-20180127145929
2018-01-27 15:01:21.580;RO;AS76-AS1-20180127150045
2018-01-27 15:01:22.768;SP;AS76-AS1-20180127150045
2018-01-27 15:01:24.475;SQ;AS76-AS1-20180127150124
2018-01-27 15:01:34.517;RU;AS76-AS1-20180127150009
2018-01-27 15:01:36.361;VU;AS76-AS1-20180127150009
2018-01-27 15:01:43.524;RC;AS76-AS1-20180127150045
2018-01-27 15:01:44.364;SS;AS76-AS1-20180127150045
2018-01-27 15:02:00.292;RO;AS76-AS1-20180127150124
2018-01-27 15:02:01.367;SP;AS76-AS1-20180127150124
2018-01-27 15:02:03.061;SQ;AS76-AS1-20180127150203
2018-01-27 15:02:18.240;RC;AS76-AS1-20180127150124
2018-01-27 15:02:19.107;SS;AS76-AS1-20180127150124
2018-01-27 15:02:29.706;RU;AS76-AS1-20180127150045
2018-01-27 15:02:31.543;VU;AS76-AS1-20180127150045
2018-01-27 15:02:35.841;RO;AS76-AS1-20180127150203
2018-01-27 15:02:36.945;SP;AS76-AS1-20180127150203
2018-01-27 15:02:39.779;SQ;AS76-AS1-20180127150239
2018-01-27 15:02:53.831;RC;AS76-AS1-20180127150203
2018-01-27 15:02:55.474;SS;AS76-AS1-20180127150203
2018-01-27 15:03:01.952;RU;AS76-AS1-20180127150124
2018-01-27 15:03:03.794;VU;AS76-AS1-20180127150124
2018-01-27 15:03:11.617;RO;AS76-AS1-20180127150239
2018-01-27 15:03:12.674;SP;AS76-AS1-20180127150239
2018-01-27 15:03:14.383;SQ;AS76-AS1-20180127150314
2018-01-27 15:03:29.111;RC;AS76-AS1-20180127150239
2018-01-27 15:03:29.960;SS;AS76-AS1-20180127150239
2018-01-27 15:03:35.251;RU;AS76-AS1-20180127150203
2018-01-27 15:03:37.102;VU;AS76-AS1-20180127150203
2018-01-27 15:03:48.816;RO;AS76-AS1-20180127150314
2018-01-27 15:03:49.767;SP;AS76-AS1-20180127150314
2018-01-27 15:03:51.455;SQ;AS76-AS1-20180127150351
2018-01-27 15:04:08.892;RC;AS76-AS1-20180127150314
2018-01-27 15:04:09.764;SS;AS76-AS1-20180127150314
2018-01-27 15:04:11.174;RU;AS76-AS1-20180127150239
2018-01-27 15:04:13.838;VU;AS76-AS1-20180127150239
2018-01-27 15:04:31.679;RO;AS76-AS1-20180127150351
2018-01-27 15:04:32.856;SP;AS76-AS1-20180127150351
2018-01-27 15:04:34.561;SQ;AS76-AS1-20180127150434
2018-01-27 15:04:50.979;RC;AS76-AS1-20180127150351
2018-01-27 15:04:51.848;SS;AS76-AS1-20180127150351
2018-01-27 15:04:52.181;RU;AS76-AS1-20180127150314
2018-01-27 15:04:54.026;VU;AS76-AS1-20180127150314
2018-01-27 15:05:20.999;RO;AS76-AS1-20180127150434
2018-01-27 15:05:21.957;SP;AS76-AS1-20180127150434
2018-01-27 15:05:23.660;SQ;AS76-AS1-20180127150523
2018-01-27 15:05:36.535;RU;AS76-AS1-20180127150351
2018-01-27 15:05:38.183;RC;AS76-AS1-20180127150434
2018-01-27 15:05:38.383;VU;AS76-AS1-20180127150351
2018-01-27 15:05:39.015;SS;AS76-AS1-20180127150434
2018-01-27 15:06:05.757;RO;AS76-AS1-20180127150523
2018-01-27 15:06:07.079;SP;AS76-AS1-20180127150523
2018-01-27 15:06:08.826;SQ;AS76-AS1-20180127150608
2018-01-27 15:06:22.777;RU;AS76-AS1-20180127150434
2018-01-27 15:06:24.609;VU;AS76-AS1-20180127150434
2018-01-27 15:06:25.747;RC;AS76-AS1-20180127150523
2018-01-27 15:06:26.621;SS;AS76-AS1-20180127150523
2018-01-27 15:06:40.944;RO;AS76-AS1-20180127150608
2018-01-27 15:06:42.227;SP;AS76-AS1-20180127150608
2018-01-27 15:06:45.501;SQ;AS76-AS1-20180127150645
2018-01-27 15:06:56.459;RC;AS76-AS1-20180127150608
2018-01-27 15:06:57.318;SS;AS76-AS1-20180127150608
2018-01-27 15:07:08.789;RU;AS76-AS1-20180127150523
2018-01-27 15:07:10.665;VU;AS76-AS1-20180127150523
2018-01-27 15:07:28.761;RO;AS76-AS1-20180127150645
2018-01-27 15:07:29.625;RU;AS76-AS1-20180127150608
2018-01-27 15:07:31.006;SP;AS76-AS1-20180127150645
2018-01-27 15:07:32.652;VU;AS76-AS1-20180127150608
2018-01-27 15:07:33.058;SQ;AS76-AS1-20180127150733
2018-01-27 15:07:48.342;RC;AS76-AS1-20180127150645
2018-01-27 15:07:49.176;SS;AS76-AS1-20180127150645
2018-01-27 15:08:10.330;RO;AS76-AS1-20180127150733
2018-01-27 15:08:11.470;SP;AS76-AS1-20180127150733
2018-01-27 15:08:13.193;SQ;AS76-AS1-20180127150813
2018-01-27 15:08:27.842;RC;AS76-AS1-20180127150733
2018-01-27 15:08:28.274;RU;AS76-AS1-20180127150645
2018-01-27 15:08:29.063;SS;AS76-AS1-20180127150733
2018-01-27 15:08:30.557;VU;AS76-AS1-20180127150645
2018-01-27 15:08:43.900;RO;AS76-AS1-20180127150813
2018-01-27 15:08:45.071;SP;AS76-AS1-20180127150813
2018-01-27 15:08:46.799;SQ;AS76-AS1-20180127150846
2018-01-27 15:09:09.639;RU;AS76-AS1-20180127150733
2018-01-27 15:09:11.496;VU;AS76-AS1-20180127150733
2018-01-27 15:09:19.324;RC;AS76-AS1-20180127150813
2018-01-27 15:09:20.887;SS;AS76-AS1-20180127150813
2018-01-27 15:09:21.668;RO;AS76-AS1-20180127150846
2018-01-27 15:09:22.713;SP;AS76-AS1-20180127150846
2018-01-27 15:09:24.404;SQ;AS76-AS1-20180127150924
2018-01-27 15:09:40.129;RC;AS76-AS1-20180127150846
2018-01-27 15:09:40.950;SS;AS76-AS1-20180127150846
2018-01-27 15:09:56.265;RO;AS76-AS1-20180127150924
2018-01-27 15:09:57.196;RU;AS76-AS1-20180127150813
2018-01-27 15:09:57.358;SP;AS76-AS1-20180127150924
2018-01-27 15:09:59.840;SQ;AS76-AS1-20180127150959
2018-01-27 15:09:59.996;VU;AS76-AS1-20180127150813
2018-01-27 15:10:12.470;RC;AS76-AS1-20180127150924
2018-01-27 15:10:14.232;SS;AS76-AS1-20180127150924
2018-01-27 15:10:14.553;RU;AS76-AS1-20180127150846
2018-01-27 15:10:16.746;VU;AS76-AS1-20180127150846
2018-01-27 15:10:36.808;RO;AS76-AS1-20180127150959
2018-01-27 15:10:37.767;SP;AS76-AS1-20180127150959
2018-01-27 15:10:39.456;SQ;AS76-AS1-20180127151039
2018-01-27 15:10:50.179;RC;AS76-AS1-20180127150959
2018-01-27 15:10:51.026;SS;AS76-AS1-20180127150959
2018-01-27 15:10:54.978;RU;AS76-AS1-20180127150924
2018-01-27 15:10:56.844;VU;AS76-AS1-20180127150924
2018-01-27 15:11:10.503;RO;AS76-AS1-20180127151039
2018-01-27 15:11:11.870;SP;AS76-AS1-20180127151039
2018-01-27 15:11:14.008;SQ;AS76-AS1-20180127151114
2018-01-27 15:11:24.586;RC;AS76-AS1-20180127151039
2018-01-27 15:11:25.445;SS;AS76-AS1-20180127151039
2018-01-27 15:11:31.422;RU;AS76-AS1-20180127150959
2018-01-27 15:11:33.282;VU;AS76-AS1-20180127150959
2018-01-27 15:11:43.423;RO;AS76-AS1-20180127151114
2018-01-27 15:11:45.082;SP;AS76-AS1-20180127151114
2018-01-27 15:11:47.480;SQ;AS76-AS1-20180127151147
2018-01-27 15:11:57.455;RC;AS76-AS1-20180127151114
2018-01-27 15:11:58.299;SS;AS76-AS1-20180127151114
2018-01-27 15:12:02.170;RU;AS76-AS1-20180127151039
2018-01-27 15:12:04.037;VU;AS76-AS1-20180127151039
2018-01-27 15:12:21.952;RO;AS76-AS1-20180127151147
2018-01-27 15:12:22.854;SP;AS76-AS1-20180127151147
2018-01-27 15:12:24.562;SQ;AS76-AS1-20180127151224
2018-01-27 15:12:39.291;RC;AS76-AS1-20180127151147
2018-01-27 15:12:40.172;SS;AS76-AS1-20180127151147
2018-01-27 15:12:41.705;RU;AS76-AS1-20180127151114
2018-01-27 15:12:43.545;VU;AS76-AS1-20180127151114
2018-01-27 15:13:00.191;RO;AS76-AS1-20180127151224
2018-01-27 15:13:01.919;SP;AS76-AS1-20180127151224
2018-01-27 15:13:04.617;SQ;AS76-AS1-20180127151304
2018-01-27 15:13:19.828;RC;AS76-AS1-20180127151224
2018-01-27 15:13:20.689;SS;AS76-AS1-20180127151224
2018-01-27 15:13:32.728;RU;AS76-AS1-20180127151147
2018-01-27 15:13:35.299;VU;AS76-AS1-20180127151147
2018-01-27 15:13:41.958;RO;AS76-AS1-20180127151304
2018-01-27 15:13:42.991;SP;AS76-AS1-20180127151304
2018-01-27 15:13:44.683;SQ;AS76-AS1-20180127151344
2018-01-27 15:13:57.307;RU;AS76-AS1-20180127151224
2018-01-27 15:13:59.141;VU;AS76-AS1-20180127151224
2018-01-27 15:13:59.981;RC;AS76-AS1-20180127151304
2018-01-27 15:14:00.832;SS;AS76-AS1-20180127151304
2018-01-27 15:14:16.235;RO;AS76-AS1-20180127151344
2018-01-27 15:14:17.600;SP;AS76-AS1-20180127151344
2018-01-27 15:14:21.155;SQ;AS76-AS1-20180127151421
2018-01-27 15:14:35.179;RC;AS76-AS1-20180127151344
2018-01-27 15:14:36.379;SS;AS76-AS1-20180127151344
2018-01-27 15:14:38.210;RU;AS76-AS1-20180127151304
2018-01-27 15:14:40.049;VU;AS76-AS1-20180127151304
2018-01-27 15:15:00.828;RO;AS76-AS1-20180127151421
2018-01-27 15:15:02.040;SP;AS76-AS1-20180127151421
2018-01-27 15:15:03.741;SQ;AS76-AS1-20180127151503
2018-01-27 15:15:14.689;RU;AS76-AS1-20180127151344
2018-01-27 15:15:15.567;RC;AS76-AS1-20180127151421
2018-01-27 15:15:16.423;SS;AS76-AS1-20180127151421
2018-01-27 15:15:16.528;VU;AS76-AS1-20180127151344
2018-01-27 15:15:36.220;RO;AS76-AS1-20180127151503
2018-01-27 15:15:37.659;SP;AS76-AS1-20180127151503
2018-01-27 15:15:45.988;RU;AS76-AS1-20180127151421
2018-01-27 15:15:47.870;VU;AS76-AS1-20180127151421
2018-01-27 15:15:52.155;RC;AS76-AS1-20180127151503
2018-01-27 15:15:53.795;SS;AS76-AS1-20180127151503
2018-01-27 15:16:18.726;RU;AS76-AS1-20180127151503
2018-01-27 15:16:27.257;VU;AS76-AS1-20180127151503
