2018-01-27 14:56:20.116;SQ;AS78-AS1-20180127145620
2018-01-27 14:56:33.415;RO;AS78-AS1-20180127145620
2018-01-27 14:56:34.419;SP;AS78-AS1-20180127145620
2018-01-27 14:56:36.020;SQ;AS78-AS1-20180127145636
2018-01-27 14:56:46.143;RC;AS78-AS1-20180127145620
2018-01-27 14:56:46.933;SS;AS78-AS1-20180127145620
2018-01-27 14:57:03.495;RO;AS78-AS1-20180127145636
2018-01-27 14:57:04.307;SP;AS78-AS1-20180127145636
2018-01-27 14:57:05.816;SQ;AS78-AS1-20180127145705
2018-01-27 14:57:22.471;RC;AS78-AS1-20180127145636
2018-01-27 14:57:23.219;SS;AS78-AS1-20180127145636
2018-01-27 14:57:24.163;RU;AS78-AS1-20180127145620
2018-01-27 14:57:25.938;VU;AS78-AS1-20180127145620
2018-01-27 14:57:57.286;RO;AS78-AS1-20180127145705
2018-01-27 14:57:59.012;SP;AS78-AS1-20180127145705
2018-01-27 14:58:00.469;RU;AS78-AS1-20180127145636
2018-01-27 14:58:02.413;SQ;AS78-AS1-20180127145802
2018-01-27 14:58:03.189;VU;AS78-AS1-20180127145636
2018-01-27 14:58:20.761;RC;AS78-AS1-20180127145705
2018-01-27 14:58:21.573;SS;AS78-AS1-20180127145705
2018-01-27 14:58:37.032;RO;AS78-AS1-20180127145802
2018-01-27 14:58:38.255;SP;AS78-AS1-20180127145802
2018-01-27 14:58:39.825;SQ;AS78-AS1-20180127145839
2018-01-27 14:58:57.952;RC;AS78-AS1-20180127145802
2018-01-27 14:58:58.707;SS;AS78-AS1-20180127145802
2018-01-27 14:59:18.179;RO;AS78-AS1-20180127145839
2018-01-27 14:59:19.173;SP;AS78-AS1-20180127145839
2018-01-27 14:59:20.715;SQ;AS78-AS1-20180127145920
2018-01-27 14:59:24.591;RU;AS78-AS1-20180127145705
2018-01-27 14:59:26.342;VU;AS78-AS1-20180127145705
2018-01-27 14:59:33.977;RC;AS78-AS1-20180127145839
2018-01-27 14:59:34.740;SS;AS78-AS1-20180127145839
2018-01-27 14:59:40.171;RU;AS78-AS1-20180127145802
2018-01-27 14:59:41.980;VU;AS78-AS1-20180127145802
2018-01-27 14:59:57.795;RO;AS78-AS1-20180127145920
2018-01-27 14:59:59.052;SP;AS78-AS1-20180127145920
2018-01-27 15:00:00.601;SQ;AS78-AS1-20180127150000
2018-01-27 15:00:15.028;RC;AS78-AS1-20180127145920
2018-01-27 15:00:15.818;SS;AS78-AS1-20180127145920
2018-01-27 15:00:16.059;RU;AS78-AS1-20180127145839
2018-01-27 15:00:17.840;VU;AS78-AS1-20180127145839
2018-01-27 15:00:33.699;RO;AS78-AS1-20180127150000
2018-01-27 15:00:35.767;SP;AS78-AS1-20180127150000
2018-01-27 15:00:38.267;SQ;AS78-AS1-20180127150038
2018-01-27 15:00:50.053;RU;AS78-AS1-20180127145920
2018-01-27 15:00:51.742;RC;AS78-AS1-20180127150000
2018-01-27 15:00:52.614;SS;AS78-AS1-20180127150000
2018-01-27 15:00:52.803;VU;AS78-AS1-20180127145920
2018-01-27 15:01:16.060;RO;AS78-AS1-20180127150038
2018-01-27 15:01:17.100;SP;AS78-AS1-20180127150038
2018-01-27 15:01:18.624;SQ;AS78-AS1-20180127150118
2018-01-27 15:01:30.629;RU;AS78-AS1-20180127150000
2018-01-27 15:01:32.404;VU;AS78-AS1-20180127150000
2018-01-27 15:01:36.205;RC;AS78-AS1-20180127150038
2018-01-27 15:01:37.867;SS;AS78-AS1-20180127150038
2018-01-27 15:01:54.287;RO;AS78-AS1-20180127150118
2018-01-27 15:01:55.458;SP;AS78-AS1-20180127150118
2018-01-27 15:01:56.995;SQ;AS78-AS1-20180127150156
2018-01-27 15:02:15.962;RC;AS78-AS1-20180127150118
2018-01-27 15:02:16.753;SS;AS78-AS1-20180127150118
2018-01-27 15:02:18.916;RU;AS78-AS1-20180127150038
2018-01-27 15:02:20.689;VU;AS78-AS1-20180127150038
2018-01-27 15:02:30.723;RO;AS78-AS1-20180127150156
2018-01-27 15:02:31.808;SP;AS78-AS1-20180127150156
2018-01-27 15:02:33.357;SQ;AS78-AS1-20180127150233
2018-01-27 15:02:50.234;RC;AS78-AS1-20180127150156
2018-01-27 15:02:50.999;SS;AS78-AS1-20180127150156
2018-01-27 15:03:02.683;RU;AS78-AS1-20180127150118
2018-01-27 15:03:04.462;VU;AS78-AS1-20180127150118
2018-01-27 15:03:06.593;RO;AS78-AS1-20180127150233
2018-01-27 15:03:07.684;SP;AS78-AS1-20180127150233
2018-01-27 15:03:09.894;SQ;AS78-AS1-20180127150309
2018-01-27 15:03:26.343;RC;AS78-AS1-20180127150233
2018-01-27 15:03:27.099;SS;AS78-AS1-20180127150233
2018-01-27 15:03:34.599;RU;AS78-AS1-20180127150156
2018-01-27 15:03:36.392;VU;AS78-AS1-20180127150156
2018-01-27 15:03:48.631;RO;AS78-AS1-20180127150309
2018-01-27 15:03:49.725;SP;AS78-AS1-20180127150309
2018-01-27 15:03:51.262;SQ;AS78-AS1-20180127150351
2018-01-27 15:04:03.084;RU;AS78-AS1-20180127150233
2018-01-27 15:04:04.861;VU;AS78-AS1-20180127150233
2018-01-27 15:04:09.163;RC;AS78-AS1-20180127150309
2018-01-27 15:04:09.948;SS;AS78-AS1-20180127150309
2018-01-27 15:04:24.515;RO;AS78-AS1-20180127150351
2018-01-27 15:04:26.000;SP;AS78-AS1-20180127150351
2018-01-27 15:04:28.451;SQ;AS78-AS1-20180127150428
2018-01-27 15:04:43.873;RC;AS78-AS1-20180127150351
2018-01-27 15:04:44.641;SS;AS78-AS1-20180127150351
2018-01-27 15:04:50.865;RU;AS78-AS1-20180127150309
2018-01-27 15:04:52.668;VU;AS78-AS1-20180127150309
2018-01-27 15:05:10.327;RO;AS78-AS1-20180127150428
2018-01-27 15:05:12.120;SP;AS78-AS1-20180127150428
2018-01-27 15:05:14.025;SQ;AS78-AS1-20180127150514
2018-01-27 15:05:16.895;RU;AS78-AS1-20180127150351
2018-01-27 15:05:18.653;VU;AS78-AS1-20180127150351
2018-01-27 15:05:27.586;RC;AS78-AS1-20180127150428
2018-01-27 15:05:28.647;SS;AS78-AS1-20180127150428
2018-01-27 15:05:53.620;RO;AS78-AS1-20180127150514
2018-01-27 15:05:54.837;SP;AS78-AS1-20180127150514
2018-01-27 15:05:56.392;SQ;AS78-AS1-20180127150556
2018-01-27 15:06:05.817;RU;AS78-AS1-20180127150428
2018-01-27 15:06:07.610;VU;AS78-AS1-20180127150428
2018-01-27 15:06:14.443;RC;AS78-AS1-20180127150514
2018-01-27 15:06:15.237;SS;AS78-AS1-20180127150514
2018-01-27 15:06:37.790;RO;AS78-AS1-20180127150556
2018-01-27 15:06:38.723;SP;AS78-AS1-20180127150556
2018-01-27 15:06:40.318;SQ;AS78-AS1-20180127150640
2018-01-27 15:06:51.618;RU;AS78-AS1-20180127150514
2018-01-27 15:06:53.365;VU;AS78-AS1-20180127150514
2018-01-27 15:06:55.820;RC;AS78-AS1-20180127150556
2018-01-27 15:06:56.602;SS;AS78-AS1-20180127150556
2018-01-27 15:07:08.822;RO;AS78-AS1-20180127150640
2018-01-27 15:07:09.621;SP;AS78-AS1-20180127150640
2018-01-27 15:07:11.201;SQ;AS78-AS1-20180127150711
2018-01-27 15:07:29.413;RC;AS78-AS1-20180127150640
2018-01-27 15:07:29.611;RU;AS78-AS1-20180127150556
2018-01-27 15:07:31.078;SS;AS78-AS1-20180127150640
2018-01-27 15:07:32.188;VU;AS78-AS1-20180127150556
2018-01-27 15:07:40.663;RO;AS78-AS1-20180127150711
2018-01-27 15:07:41.516;SP;AS78-AS1-20180127150711
2018-01-27 15:07:43.077;SQ;AS78-AS1-20180127150743
2018-01-27 15:07:55.503;RC;AS78-AS1-20180127150711
2018-01-27 15:07:56.296;SS;AS78-AS1-20180127150711
2018-01-27 15:08:16.634;RU;AS78-AS1-20180127150640
2018-01-27 15:08:19.293;VU;AS78-AS1-20180127150640
2018-01-27 15:08:28.219;RO;AS78-AS1-20180127150743
2018-01-27 15:08:28.508;RU;AS78-AS1-20180127150711
2018-01-27 15:08:30.074;SP;AS78-AS1-20180127150743
2018-01-27 15:08:30.919;VU;AS78-AS1-20180127150711
2018-01-27 15:08:31.603;SQ;AS78-AS1-20180127150831
2018-01-27 15:08:44.974;RC;AS78-AS1-20180127150743
2018-01-27 15:08:45.769;SS;AS78-AS1-20180127150743
2018-01-27 15:09:19.352;RO;AS78-AS1-20180127150831
2018-01-27 15:09:20.732;SP;AS78-AS1-20180127150831
2018-01-27 15:09:22.253;SQ;AS78-AS1-20180127150922
2018-01-27 15:09:23.840;RU;AS78-AS1-20180127150743
2018-01-27 15:09:25.605;VU;AS78-AS1-20180127150743
2018-01-27 15:09:37.234;RC;AS78-AS1-20180127150831
2018-01-27 15:09:38.212;SS;AS78-AS1-20180127150831
2018-01-27 15:09:58.488;RO;AS78-AS1-20180127150922
2018-01-27 15:09:59.543;SP;AS78-AS1-20180127150922
2018-01-27 15:10:01.112;SQ;AS78-AS1-20180127151001
2018-01-27 15:10:09.623;RU;AS78-AS1-20180127150831
2018-01-27 15:10:14.596;RC;AS78-AS1-20180127150922
2018-01-27 15:10:15.511;SS;AS78-AS1-20180127150922
2018-01-27 15:10:15.867;VU;AS78-AS1-20180127150831
2018-01-27 15:10:36.386;RO;AS78-AS1-20180127151001
2018-01-27 15:10:37.465;SP;AS78-AS1-20180127151001
2018-01-27 15:10:39.008;SQ;AS78-AS1-20180127151039
2018-01-27 15:10:52.934;RC;AS78-AS1-20180127151001
2018-01-27 15:10:53.709;SS;AS78-AS1-20180127151001
2018-01-27 15:10:54.748;RU;AS78-AS1-20180127150922
2018-01-27 15:10:56.533;VU;AS78-AS1-20180127150922
2018-01-27 15:11:10.719;RO;AS78-AS1-20180127151039
2018-01-27 15:11:11.858;SP;AS78-AS1-20180127151039
2018-01-27 15:11:13.731;SQ;AS78-AS1-20180127151113
2018-01-27 15:11:29.209;RU;AS78-AS1-20180127151001
2018-01-27 15:11:30.599;RC;AS78-AS1-20180127151039
2018-01-27 15:11:30.982;VU;AS78-AS1-20180127151001
2018-01-27 15:11:31.345;SS;AS78-AS1-20180127151039
2018-01-27 15:11:52.646;RO;AS78-AS1-20180127151113
2018-01-27 15:11:53.583;SP;AS78-AS1-20180127151113
2018-01-27 15:11:55.127;SQ;AS78-AS1-20180127151155
2018-01-27 15:12:12.544;RC;AS78-AS1-20180127151113
2018-01-27 15:12:13.331;SS;AS78-AS1-20180127151113
2018-01-27 15:12:16.266;RU;AS78-AS1-20180127151039
2018-01-27 15:12:18.060;VU;AS78-AS1-20180127151039
2018-01-27 15:12:30.669;RO;AS78-AS1-20180127151155
2018-01-27 15:12:32.274;SP;AS78-AS1-20180127151155
2018-01-27 15:12:33.803;SQ;AS78-AS1-20180127151233
2018-01-27 15:12:51.194;RC;AS78-AS1-20180127151155
2018-01-27 15:12:51.955;SS;AS78-AS1-20180127151155
2018-01-27 15:12:57.081;RU;AS78-AS1-20180127151113
2018-01-27 15:12:58.884;VU;AS78-AS1-20180127151113
2018-01-27 15:13:13.278;RO;AS78-AS1-20180127151233
2018-01-27 15:13:14.151;SP;AS78-AS1-20180127151233
2018-01-27 15:13:15.740;SQ;AS78-AS1-20180127151315
2018-01-27 15:13:28.930;RU;AS78-AS1-20180127151155
2018-01-27 15:13:30.360;RC;AS78-AS1-20180127151233
2018-01-27 15:13:30.683;VU;AS78-AS1-20180127151155
2018-01-27 15:13:31.118;SS;AS78-AS1-20180127151233
2018-01-27 15:13:55.199;RO;AS78-AS1-20180127151315
2018-01-27 15:13:56.071;SP;AS78-AS1-20180127151315
2018-01-27 15:13:57.601;SQ;AS78-AS1-20180127151357
2018-01-27 15:14:15.106;RU;AS78-AS1-20180127151233
2018-01-27 15:14:15.417;RC;AS78-AS1-20180127151315
2018-01-27 15:14:16.656;SS;AS78-AS1-20180127151315
2018-01-27 15:14:17.278;VU;AS78-AS1-20180127151233
2018-01-27 15:14:31.769;RO;AS78-AS1-20180127151357
2018-01-27 15:14:32.899;SP;AS78-AS1-20180127151357
2018-01-27 15:14:34.719;SQ;AS78-AS1-20180127151434
2018-01-27 15:14:50.719;RU;AS78-AS1-20180127151315
2018-01-27 15:14:50.829;RC;AS78-AS1-20180127151357
2018-01-27 15:14:52.671;SS;AS78-AS1-20180127151357
2018-01-27 15:15:07.724;RO;AS78-AS1-20180127151434
2018-01-27 15:15:08.649;SP;AS78-AS1-20180127151434
2018-01-27 15:15:10.932;SQ;AS78-AS1-20180127151510
2018-01-27 15:15:28.001;RC;AS78-AS1-20180127151434
2018-01-27 15:15:28.170;RU;AS78-AS1-20180127151357
2018-01-27 15:15:30.070;SS;AS78-AS1-20180127151434
2018-01-27 15:15:31.362;VU;AS78-AS1-20180127151357
2018-01-27 15:15:44.247;RO;AS78-AS1-20180127151510
2018-01-27 15:15:45.898;SP;AS78-AS1-20180127151510
2018-01-27 15:16:01.538;RU;AS78-AS1-20180127151434
2018-01-27 15:16:01.854;RC;AS78-AS1-20180127151510
2018-01-27 15:16:03.937;SS;AS78-AS1-20180127151510
2018-01-27 15:16:04.464;VU;AS78-AS1-20180127151434
2018-01-27 15:16:26.089;RU;AS78-AS1-20180127151510
2018-01-27 15:16:28.261;VU;AS78-AS1-20180127151510
