2018-01-27 14:56:25.124;SQ;AS81-AS1-20180127145625
2018-01-27 14:56:46.148;RO;AS81-AS1-20180127145625
2018-01-27 14:56:47.443;SP;AS81-AS1-20180127145625
2018-01-27 14:56:49.085;SQ;AS81-AS1-20180127145649
2018-01-27 14:57:02.484;RC;AS81-AS1-20180127145625
2018-01-27 14:57:03.297;SS;AS81-AS1-20180127145625
2018-01-27 14:57:23.324;RO;AS81-AS1-20180127145649
2018-01-27 14:57:24.457;SP;AS81-AS1-20180127145649
2018-01-27 14:57:26.130;SQ;AS81-AS1-20180127145726
2018-01-27 14:57:41.887;RC;AS81-AS1-20180127145649
2018-01-27 14:57:43.083;SS;AS81-AS1-20180127145649
2018-01-27 14:57:43.341;RU;AS81-AS1-20180127145625
2018-01-27 14:57:45.980;VU;AS81-AS1-20180127145625
2018-01-27 14:57:57.423;RO;AS81-AS1-20180127145726
2018-01-27 14:57:59.415;SP;AS81-AS1-20180127145726
2018-01-27 14:58:01.728;SQ;AS81-AS1-20180127145801
2018-01-27 14:58:20.749;RC;AS81-AS1-20180127145726
2018-01-27 14:58:21.564;SS;AS81-AS1-20180127145726
2018-01-27 14:58:23.349;RU;AS81-AS1-20180127145649
2018-01-27 14:58:25.194;VU;AS81-AS1-20180127145649
2018-01-27 14:58:37.834;RO;AS81-AS1-20180127145801
2018-01-27 14:58:39.085;SP;AS81-AS1-20180127145801
2018-01-27 14:58:40.727;SQ;AS81-AS1-20180127145840
2018-01-27 14:58:59.341;RC;AS81-AS1-20180127145801
2018-01-27 14:59:01.123;SS;AS81-AS1-20180127145801
2018-01-27 14:59:01.313;RU;AS81-AS1-20180127145726
2018-01-27 14:59:03.172;VU;AS81-AS1-20180127145726
2018-01-27 14:59:15.789;RO;AS81-AS1-20180127145840
2018-01-27 14:59:17.586;SP;AS81-AS1-20180127145840
2018-01-27 14:59:19.260;SQ;AS81-AS1-20180127145919
2018-01-27 14:59:40.109;RC;AS81-AS1-20180127145840
2018-01-27 14:59:40.920;SS;AS81-AS1-20180127145840
2018-01-27 14:59:43.390;RU;AS81-AS1-20180127145801
2018-01-27 14:59:45.219;VU;AS81-AS1-20180127145801
2018-01-27 14:59:55.572;RO;AS81-AS1-20180127145919
2018-01-27 14:59:56.647;SP;AS81-AS1-20180127145919
2018-01-27 14:59:58.316;SQ;AS81-AS1-20180127145958
2018-01-27 15:00:13.814;RC;AS81-AS1-20180127145919
2018-01-27 15:00:14.636;SS;AS81-AS1-20180127145919
2018-01-27 15:00:21.413;RU;AS81-AS1-20180127145840
2018-01-27 15:00:23.237;VU;AS81-AS1-20180127145840
2018-01-27 15:00:35.787;RO;AS81-AS1-20180127145958
2018-01-27 15:00:36.853;SP;AS81-AS1-20180127145958
2018-01-27 15:00:38.510;SQ;AS81-AS1-20180127150038
2018-01-27 15:00:57.959;RU;AS81-AS1-20180127145919
2018-01-27 15:00:58.061;RC;AS81-AS1-20180127145958
2018-01-27 15:00:59.623;SS;AS81-AS1-20180127145958
2018-01-27 15:01:00.510;VU;AS81-AS1-20180127145919
2018-01-27 15:01:15.656;RO;AS81-AS1-20180127150038
2018-01-27 15:01:16.890;SP;AS81-AS1-20180127150038
2018-01-27 15:01:18.558;SQ;AS81-AS1-20180127150118
2018-01-27 15:01:30.923;RU;AS81-AS1-20180127145958
2018-01-27 15:01:32.764;VU;AS81-AS1-20180127145958
2018-01-27 15:01:35.591;RC;AS81-AS1-20180127150038
2018-01-27 15:01:36.700;SS;AS81-AS1-20180127150038
2018-01-27 15:01:54.356;RO;AS81-AS1-20180127150118
2018-01-27 15:01:55.421;SP;AS81-AS1-20180127150118
2018-01-27 15:01:57.041;SQ;AS81-AS1-20180127150157
2018-01-27 15:02:15.653;RC;AS81-AS1-20180127150118
2018-01-27 15:02:16.261;RU;AS81-AS1-20180127150038
2018-01-27 15:02:16.667;SS;AS81-AS1-20180127150118
2018-01-27 15:02:18.335;VU;AS81-AS1-20180127150038
2018-01-27 15:02:35.738;RO;AS81-AS1-20180127150157
2018-01-27 15:02:36.910;SP;AS81-AS1-20180127150157
2018-01-27 15:02:39.470;SQ;AS81-AS1-20180127150239
2018-01-27 15:02:51.320;RU;AS81-AS1-20180127150118
2018-01-27 15:02:53.164;VU;AS81-AS1-20180127150118
2018-01-27 15:02:55.744;RC;AS81-AS1-20180127150157
2018-01-27 15:02:56.585;SS;AS81-AS1-20180127150157
2018-01-27 15:03:21.656;RO;AS81-AS1-20180127150239
2018-01-27 15:03:22.837;SP;AS81-AS1-20180127150239
2018-01-27 15:03:24.873;SQ;AS81-AS1-20180127150324
2018-01-27 15:03:39.506;RU;AS81-AS1-20180127150157
2018-01-27 15:03:40.204;RC;AS81-AS1-20180127150239
2018-01-27 15:03:42.499;SS;AS81-AS1-20180127150239
2018-01-27 15:03:43.130;VU;AS81-AS1-20180127150157
2018-01-27 15:03:56.713;RO;AS81-AS1-20180127150324
2018-01-27 15:03:57.759;SP;AS81-AS1-20180127150324
2018-01-27 15:03:59.435;SQ;AS81-AS1-20180127150359
2018-01-27 15:04:21.096;RC;AS81-AS1-20180127150324
2018-01-27 15:04:21.899;SS;AS81-AS1-20180127150324
2018-01-27 15:04:23.876;RU;AS81-AS1-20180127150239
2018-01-27 15:04:25.704;VU;AS81-AS1-20180127150239
2018-01-27 15:04:39.757;RO;AS81-AS1-20180127150359
2018-01-27 15:04:41.291;SP;AS81-AS1-20180127150359
2018-01-27 15:04:44.751;SQ;AS81-AS1-20180127150444
2018-01-27 15:04:56.556;RC;AS81-AS1-20180127150359
2018-01-27 15:04:57.803;SS;AS81-AS1-20180127150359
2018-01-27 15:05:03.785;RU;AS81-AS1-20180127150324
2018-01-27 15:05:05.624;VU;AS81-AS1-20180127150324
2018-01-27 15:05:16.902;RO;AS81-AS1-20180127150444
2018-01-27 15:05:18.125;SP;AS81-AS1-20180127150444
2018-01-27 15:05:19.794;SQ;AS81-AS1-20180127150519
2018-01-27 15:05:36.636;RU;AS81-AS1-20180127150359
2018-01-27 15:05:36.793;RC;AS81-AS1-20180127150444
2018-01-27 15:05:38.313;SS;AS81-AS1-20180127150444
2018-01-27 15:05:39.120;VU;AS81-AS1-20180127150359
2018-01-27 15:05:54.877;RO;AS81-AS1-20180127150519
2018-01-27 15:05:56.157;SP;AS81-AS1-20180127150519
2018-01-27 15:05:59.020;SQ;AS81-AS1-20180127150559
2018-01-27 15:06:15.122;RC;AS81-AS1-20180127150519
2018-01-27 15:06:15.966;SS;AS81-AS1-20180127150519
2018-01-27 15:06:21.630;RU;AS81-AS1-20180127150444
2018-01-27 15:06:23.445;VU;AS81-AS1-20180127150444
2018-01-27 15:06:38.724;RO;AS81-AS1-20180127150559
2018-01-27 15:06:39.878;SP;AS81-AS1-20180127150559
2018-01-27 15:06:41.508;SQ;AS81-AS1-20180127150641
2018-01-27 15:06:55.460;RU;AS81-AS1-20180127150519
2018-01-27 15:06:57.294;VU;AS81-AS1-20180127150519
2018-01-27 15:06:59.575;RC;AS81-AS1-20180127150559
2018-01-27 15:07:00.410;SS;AS81-AS1-20180127150559
2018-01-27 15:07:28.894;RO;AS81-AS1-20180127150641
2018-01-27 15:07:30.485;SP;AS81-AS1-20180127150641
2018-01-27 15:07:32.129;SQ;AS81-AS1-20180127150732
2018-01-27 15:07:34.727;RU;AS81-AS1-20180127150559
2018-01-27 15:07:36.544;VU;AS81-AS1-20180127150559
2018-01-27 15:07:46.932;RC;AS81-AS1-20180127150641
2018-01-27 15:07:47.753;SS;AS81-AS1-20180127150641
2018-01-27 15:08:11.724;RO;AS81-AS1-20180127150732
2018-01-27 15:08:12.997;SP;AS81-AS1-20180127150732
2018-01-27 15:08:14.649;SQ;AS81-AS1-20180127150814
2018-01-27 15:08:28.179;RU;AS81-AS1-20180127150641
2018-01-27 15:08:30.027;VU;AS81-AS1-20180127150641
2018-01-27 15:08:31.525;RC;AS81-AS1-20180127150732
2018-01-27 15:08:32.340;SS;AS81-AS1-20180127150732
2018-01-27 15:09:05.367;RO;AS81-AS1-20180127150814
2018-01-27 15:09:06.323;RU;AS81-AS1-20180127150732
2018-01-27 15:09:07.953;SP;AS81-AS1-20180127150814
2018-01-27 15:09:09.563;VU;AS81-AS1-20180127150732
2018-01-27 15:09:09.934;SQ;AS81-AS1-20180127150909
2018-01-27 15:09:24.229;RC;AS81-AS1-20180127150814
2018-01-27 15:09:25.061;SS;AS81-AS1-20180127150814
2018-01-27 15:09:41.053;RO;AS81-AS1-20180127150909
2018-01-27 15:09:42.286;SP;AS81-AS1-20180127150909
2018-01-27 15:09:43.915;SQ;AS81-AS1-20180127150943
2018-01-27 15:10:06.441;RU;AS81-AS1-20180127150814
2018-01-27 15:10:06.464;RC;AS81-AS1-20180127150909
2018-01-27 15:10:08.122;SS;AS81-AS1-20180127150909
2018-01-27 15:10:09.121;VU;AS81-AS1-20180127150814
2018-01-27 15:10:18.267;RO;AS81-AS1-20180127150943
2018-01-27 15:10:19.268;SP;AS81-AS1-20180127150943
2018-01-27 15:10:20.932;SQ;AS81-AS1-20180127151020
2018-01-27 15:10:39.732;RC;AS81-AS1-20180127150943
2018-01-27 15:10:40.533;SS;AS81-AS1-20180127150943
2018-01-27 15:10:48.165;RU;AS81-AS1-20180127150909
2018-01-27 15:10:49.999;VU;AS81-AS1-20180127150909
2018-01-27 15:10:52.241;RO;AS81-AS1-20180127151020
2018-01-27 15:10:53.279;SP;AS81-AS1-20180127151020
2018-01-27 15:10:54.970;SQ;AS81-AS1-20180127151054
2018-01-27 15:11:09.228;RC;AS81-AS1-20180127151020
2018-01-27 15:11:10.028;SS;AS81-AS1-20180127151020
2018-01-27 15:11:10.083;RU;AS81-AS1-20180127150943
2018-01-27 15:11:11.897;VU;AS81-AS1-20180127150943
2018-01-27 15:11:29.423;RO;AS81-AS1-20180127151054
2018-01-27 15:11:30.321;SP;AS81-AS1-20180127151054
2018-01-27 15:11:31.933;SQ;AS81-AS1-20180127151131
2018-01-27 15:11:52.813;RC;AS81-AS1-20180127151054
2018-01-27 15:11:53.647;SS;AS81-AS1-20180127151054
2018-01-27 15:11:57.554;RU;AS81-AS1-20180127151020
2018-01-27 15:11:59.375;VU;AS81-AS1-20180127151020
2018-01-27 15:12:10.935;RO;AS81-AS1-20180127151131
2018-01-27 15:12:11.804;SP;AS81-AS1-20180127151131
2018-01-27 15:12:13.447;SQ;AS81-AS1-20180127151213
2018-01-27 15:12:27.755;RC;AS81-AS1-20180127151131
2018-01-27 15:12:28.575;SS;AS81-AS1-20180127151131
2018-01-27 15:12:33.773;RU;AS81-AS1-20180127151054
2018-01-27 15:12:35.606;VU;AS81-AS1-20180127151054
2018-01-27 15:12:45.645;RO;AS81-AS1-20180127151213
2018-01-27 15:12:47.681;SP;AS81-AS1-20180127151213
2018-01-27 15:12:50.250;SQ;AS81-AS1-20180127151250
2018-01-27 15:13:05.862;RU;AS81-AS1-20180127151131
2018-01-27 15:13:07.696;VU;AS81-AS1-20180127151131
2018-01-27 15:13:09.381;RC;AS81-AS1-20180127151213
2018-01-27 15:13:10.220;SS;AS81-AS1-20180127151213
2018-01-27 15:13:28.457;RO;AS81-AS1-20180127151250
2018-01-27 15:13:29.614;SP;AS81-AS1-20180127151250
2018-01-27 15:13:31.247;SQ;AS81-AS1-20180127151331
2018-01-27 15:13:48.969;RU;AS81-AS1-20180127151213
2018-01-27 15:13:49.223;RC;AS81-AS1-20180127151250
2018-01-27 15:13:50.659;SS;AS81-AS1-20180127151250
2018-01-27 15:13:51.368;VU;AS81-AS1-20180127151213
2018-01-27 15:14:14.089;RO;AS81-AS1-20180127151331
2018-01-27 15:14:15.123;SP;AS81-AS1-20180127151331
2018-01-27 15:14:16.788;SQ;AS81-AS1-20180127151416
2018-01-27 15:14:31.741;RC;AS81-AS1-20180127151331
2018-01-27 15:14:32.550;SS;AS81-AS1-20180127151331
2018-01-27 15:14:32.804;RU;AS81-AS1-20180127151250
2018-01-27 15:14:34.643;VU;AS81-AS1-20180127151250
2018-01-27 15:15:12.615;RO;AS81-AS1-20180127151416
2018-01-27 15:15:12.766;RU;AS81-AS1-20180127151331
2018-01-27 15:15:14.445;SP;AS81-AS1-20180127151416
2018-01-27 15:15:15.346;VU;AS81-AS1-20180127151331
2018-01-27 15:15:16.133;SQ;AS81-AS1-20180127151516
2018-01-27 15:15:34.262;RC;AS81-AS1-20180127151416
2018-01-27 15:15:35.102;SS;AS81-AS1-20180127151416
2018-01-27 15:15:50.256;RO;AS81-AS1-20180127151516
2018-01-27 15:15:52.149;SP;AS81-AS1-20180127151516
2018-01-27 15:15:55.126;SQ;AS81-AS1-20180127151555
2018-01-27 15:16:04.056;RU;AS81-AS1-20180127151416
2018-01-27 15:16:05.872;VU;AS81-AS1-20180127151416
2018-01-27 15:16:06.447;RC;AS81-AS1-20180127151516
2018-01-27 15:16:08.178;SS;AS81-AS1-20180127151516
2018-01-27 15:16:16.708;RO;AS81-AS1-20180127151555
2018-01-27 15:16:17.975;SP;AS81-AS1-20180127151555
2018-01-27 15:16:30.575;RC;AS81-AS1-20180127151555
2018-01-27 15:16:30.831;RU;AS81-AS1-20180127151516
2018-01-27 15:16:31.897;SS;AS81-AS1-20180127151555
2018-01-27 15:16:33.239;VU;AS81-AS1-20180127151516
2018-01-27 15:16:37.592;RU;AS81-AS1-20180127151555
2018-01-27 15:16:42.994;VU;AS81-AS1-20180127151555
