2018-01-27 14:56:22.367;SQ;AS86-AS1-20180127145622
2018-01-27 14:56:39.729;RO;AS86-AS1-20180127145622
2018-01-27 14:56:40.714;SP;AS86-AS1-20180127145622
2018-01-27 14:56:42.388;SQ;AS86-AS1-20180127145642
2018-01-27 14:56:55.345;RC;AS86-AS1-20180127145622
2018-01-27 14:56:56.326;SS;AS86-AS1-20180127145622
2018-01-27 14:57:13.245;RO;AS86-AS1-20180127145642
2018-01-27 14:57:14.282;SP;AS86-AS1-20180127145642
2018-01-27 14:57:15.973;SQ;AS86-AS1-20180127145715
2018-01-27 14:57:29.979;RC;AS86-AS1-20180127145642
2018-01-27 14:57:30.822;SS;AS86-AS1-20180127145642
2018-01-27 14:57:36.873;RU;AS86-AS1-20180127145622
2018-01-27 14:57:38.708;VU;AS86-AS1-20180127145622
2018-01-27 14:57:54.319;RO;AS86-AS1-20180127145715
2018-01-27 14:57:55.323;SP;AS86-AS1-20180127145715
2018-01-27 14:57:56.972;SQ;AS86-AS1-20180127145756
2018-01-27 14:58:12.416;RU;AS86-AS1-20180127145642
2018-01-27 14:58:13.393;RC;AS86-AS1-20180127145715
2018-01-27 14:58:15.454;VU;AS86-AS1-20180127145642
2018-01-27 14:58:15.585;SS;AS86-AS1-20180127145715
2018-01-27 14:58:36.190;RO;AS86-AS1-20180127145756
2018-01-27 14:58:37.350;SP;AS86-AS1-20180127145756
2018-01-27 14:58:39.041;SQ;AS86-AS1-20180127145839
2018-01-27 14:58:55.204;RU;AS86-AS1-20180127145715
2018-01-27 14:58:56.272;RC;AS86-AS1-20180127145756
2018-01-27 14:58:57.036;VU;AS86-AS1-20180127145715
2018-01-27 14:58:57.117;SS;AS86-AS1-20180127145756
2018-01-27 14:59:13.844;RO;AS86-AS1-20180127145839
2018-01-27 14:59:14.900;SP;AS86-AS1-20180127145839
2018-01-27 14:59:18.376;SQ;AS86-AS1-20180127145918
2018-01-27 14:59:30.962;RC;AS86-AS1-20180127145839
2018-01-27 14:59:31.575;RU;AS86-AS1-20180127145756
2018-01-27 14:59:33.502;SS;AS86-AS1-20180127145839
2018-01-27 14:59:34.883;VU;AS86-AS1-20180127145756
2018-01-27 15:00:11.649;RO;AS86-AS1-20180127145918
2018-01-27 15:00:12.766;SP;AS86-AS1-20180127145918
2018-01-27 15:00:13.506;RU;AS86-AS1-20180127145839
2018-01-27 15:00:15.292;SQ;AS86-AS1-20180127150015
2018-01-27 15:00:16.173;VU;AS86-AS1-20180127145839
2018-01-27 15:00:33.168;RC;AS86-AS1-20180127145918
2018-01-27 15:00:33.994;SS;AS86-AS1-20180127145918
2018-01-27 15:00:52.484;RO;AS86-AS1-20180127150015
2018-01-27 15:00:53.659;SP;AS86-AS1-20180127150015
2018-01-27 15:00:55.346;SQ;AS86-AS1-20180127150055
2018-01-27 15:01:08.514;RC;AS86-AS1-20180127150015
2018-01-27 15:01:09.336;SS;AS86-AS1-20180127150015
2018-01-27 15:01:12.986;RU;AS86-AS1-20180127145918
2018-01-27 15:01:14.806;VU;AS86-AS1-20180127145918
2018-01-27 15:01:43.999;RO;AS86-AS1-20180127150055
2018-01-27 15:01:45.233;SP;AS86-AS1-20180127150055
2018-01-27 15:01:46.897;SQ;AS86-AS1-20180127150146
2018-01-27 15:01:48.871;RU;AS86-AS1-20180127150015
2018-01-27 15:01:50.693;VU;AS86-AS1-20180127150015
2018-01-27 15:02:04.164;RC;AS86-AS1-20180127150055
2018-01-27 15:02:05.016;SS;AS86-AS1-20180127150055
2018-01-27 15:02:22.873;RO;AS86-AS1-20180127150146
2018-01-27 15:02:24.625;SP;AS86-AS1-20180127150146
2018-01-27 15:02:26.300;SQ;AS86-AS1-20180127150226
2018-01-27 15:02:39.858;RU;AS86-AS1-20180127150055
2018-01-27 15:02:47.639;RC;AS86-AS1-20180127150146
2018-01-27 15:02:48.892;SS;AS86-AS1-20180127150146
2018-01-27 15:03:06.154;RO;AS86-AS1-20180127150226
2018-01-27 15:03:07.790;SP;AS86-AS1-20180127150226
2018-01-27 15:03:12.218;SQ;AS86-AS1-20180127150312
2018-01-27 15:03:22.176;RC;AS86-AS1-20180127150226
2018-01-27 15:03:23.628;SS;AS86-AS1-20180127150226
2018-01-27 15:03:26.579;RU;AS86-AS1-20180127150146
2018-01-27 15:03:28.819;VU;AS86-AS1-20180127150146
2018-01-27 15:03:52.323;RO;AS86-AS1-20180127150312
2018-01-27 15:03:53.713;SP;AS86-AS1-20180127150312
2018-01-27 15:03:58.414;SQ;AS86-AS1-20180127150358
2018-01-27 15:04:03.827;RU;AS86-AS1-20180127150226
2018-01-27 15:04:06.131;VU;AS86-AS1-20180127150226
2018-01-27 15:04:13.469;RC;AS86-AS1-20180127150312
2018-01-27 15:04:14.533;SS;AS86-AS1-20180127150312
2018-01-27 15:04:32.484;RO;AS86-AS1-20180127150358
2018-01-27 15:04:34.038;SP;AS86-AS1-20180127150358
2018-01-27 15:04:36.330;SQ;AS86-AS1-20180127150436
2018-01-27 15:04:53.067;RC;AS86-AS1-20180127150358
2018-01-27 15:04:53.907;SS;AS86-AS1-20180127150358
2018-01-27 15:04:58.481;RU;AS86-AS1-20180127150312
2018-01-27 15:05:01.054;VU;AS86-AS1-20180127150312
2018-01-27 15:05:16.567;RO;AS86-AS1-20180127150436
2018-01-27 15:05:18.170;SP;AS86-AS1-20180127150436
2018-01-27 15:05:20.674;SQ;AS86-AS1-20180127150520
2018-01-27 15:05:36.322;RC;AS86-AS1-20180127150436
2018-01-27 15:05:36.328;RU;AS86-AS1-20180127150358
2018-01-27 15:05:38.633;SS;AS86-AS1-20180127150436
2018-01-27 15:05:39.634;VU;AS86-AS1-20180127150358
2018-01-27 15:06:00.403;RO;AS86-AS1-20180127150520
2018-01-27 15:06:01.790;SP;AS86-AS1-20180127150520
2018-01-27 15:06:04.179;SQ;AS86-AS1-20180127150604
2018-01-27 15:06:22.193;RU;AS86-AS1-20180127150436
2018-01-27 15:06:22.776;RC;AS86-AS1-20180127150520
2018-01-27 15:06:24.570;SS;AS86-AS1-20180127150520
2018-01-27 15:06:24.948;VU;AS86-AS1-20180127150436
2018-01-27 15:06:39.479;RO;AS86-AS1-20180127150604
2018-01-27 15:06:41.358;SP;AS86-AS1-20180127150604
2018-01-27 15:06:45.690;SQ;AS86-AS1-20180127150645
2018-01-27 15:07:01.679;RC;AS86-AS1-20180127150604
2018-01-27 15:07:02.707;SS;AS86-AS1-20180127150604
2018-01-27 15:07:04.362;RU;AS86-AS1-20180127150520
2018-01-27 15:07:07.034;VU;AS86-AS1-20180127150520
2018-01-27 15:07:29.229;RO;AS86-AS1-20180127150645
2018-01-27 15:07:29.628;RU;AS86-AS1-20180127150604
2018-01-27 15:07:31.856;SP;AS86-AS1-20180127150645
2018-01-27 15:07:33.576;VU;AS86-AS1-20180127150604
2018-01-27 15:07:34.470;SQ;AS86-AS1-20180127150734
2018-01-27 15:07:53.844;RC;AS86-AS1-20180127150645
2018-01-27 15:07:54.890;SS;AS86-AS1-20180127150645
2018-01-27 15:08:12.417;RO;AS86-AS1-20180127150734
2018-01-27 15:08:13.703;SP;AS86-AS1-20180127150734
2018-01-27 15:08:16.145;SQ;AS86-AS1-20180127150816
2018-01-27 15:08:30.476;RC;AS86-AS1-20180127150734
2018-01-27 15:08:31.274;SS;AS86-AS1-20180127150734
2018-01-27 15:08:48.771;RU;AS86-AS1-20180127150645
2018-01-27 15:08:52.196;VU;AS86-AS1-20180127150645
2018-01-27 15:08:54.600;RO;AS86-AS1-20180127150816
2018-01-27 15:08:55.559;SP;AS86-AS1-20180127150816
2018-01-27 15:08:58.036;SQ;AS86-AS1-20180127150858
2018-01-27 15:09:03.334;RU;AS86-AS1-20180127150734
2018-01-27 15:09:06.176;VU;AS86-AS1-20180127150734
2018-01-27 15:09:19.352;RC;AS86-AS1-20180127150816
2018-01-27 15:09:21.465;SS;AS86-AS1-20180127150816
2018-01-27 15:09:36.143;RO;AS86-AS1-20180127150858
2018-01-27 15:09:39.172;SP;AS86-AS1-20180127150858
2018-01-27 15:09:41.444;SQ;AS86-AS1-20180127150941
2018-01-27 15:09:54.438;RC;AS86-AS1-20180127150858
2018-01-27 15:09:55.757;RU;AS86-AS1-20180127150816
2018-01-27 15:09:56.469;SS;AS86-AS1-20180127150858
2018-01-27 15:09:58.227;VU;AS86-AS1-20180127150816
2018-01-27 15:10:22.536;RO;AS86-AS1-20180127150941
2018-01-27 15:10:23.935;SP;AS86-AS1-20180127150941
2018-01-27 15:10:26.435;SQ;AS86-AS1-20180127151026
2018-01-27 15:10:31.101;RU;AS86-AS1-20180127150858
2018-01-27 15:10:33.455;VU;AS86-AS1-20180127150858
2018-01-27 15:10:41.998;RC;AS86-AS1-20180127150941
2018-01-27 15:10:43.579;SS;AS86-AS1-20180127150941
2018-01-27 15:11:09.023;RO;AS86-AS1-20180127151026
2018-01-27 15:11:10.508;SP;AS86-AS1-20180127151026
2018-01-27 15:11:12.878;SQ;AS86-AS1-20180127151112
2018-01-27 15:11:17.031;RU;AS86-AS1-20180127150941
2018-01-27 15:11:18.874;VU;AS86-AS1-20180127150941
2018-01-27 15:11:30.171;RC;AS86-AS1-20180127151026
2018-01-27 15:11:31.050;SS;AS86-AS1-20180127151026
2018-01-27 15:11:52.869;RO;AS86-AS1-20180127151112
2018-01-27 15:11:53.768;SP;AS86-AS1-20180127151112
2018-01-27 15:11:56.277;SQ;AS86-AS1-20180127151156
2018-01-27 15:12:10.711;RC;AS86-AS1-20180127151112
2018-01-27 15:12:11.767;RU;AS86-AS1-20180127151026
2018-01-27 15:12:12.110;SS;AS86-AS1-20180127151112
2018-01-27 15:12:14.106;VU;AS86-AS1-20180127151026
2018-01-27 15:12:31.151;RO;AS86-AS1-20180127151156
2018-01-27 15:12:33.294;SP;AS86-AS1-20180127151156
2018-01-27 15:12:35.804;SQ;AS86-AS1-20180127151235
2018-01-27 15:12:51.088;RU;AS86-AS1-20180127151112
2018-01-27 15:12:51.447;RC;AS86-AS1-20180127151156
2018-01-27 15:12:53.499;SS;AS86-AS1-20180127151156
2018-01-27 15:12:53.549;VU;AS86-AS1-20180127151112
2018-01-27 15:13:13.780;RO;AS86-AS1-20180127151235
2018-01-27 15:13:15.165;SP;AS86-AS1-20180127151235
2018-01-27 15:13:18.946;SQ;AS86-AS1-20180127151318
2018-01-27 15:13:31.369;RC;AS86-AS1-20180127151235
2018-01-27 15:13:32.162;RU;AS86-AS1-20180127151156
2018-01-27 15:13:34.249;SS;AS86-AS1-20180127151235
2018-01-27 15:13:36.710;VU;AS86-AS1-20180127151156
2018-01-27 15:13:51.110;RO;AS86-AS1-20180127151318
2018-01-27 15:13:52.316;SP;AS86-AS1-20180127151318
2018-01-27 15:13:54.774;SQ;AS86-AS1-20180127151354
2018-01-27 15:14:13.664;RC;AS86-AS1-20180127151318
2018-01-27 15:14:14.705;SS;AS86-AS1-20180127151318
2018-01-27 15:14:15.419;RU;AS86-AS1-20180127151235
2018-01-27 15:14:17.231;VU;AS86-AS1-20180127151235
2018-01-27 15:14:32.016;RO;AS86-AS1-20180127151354
2018-01-27 15:14:33.556;SP;AS86-AS1-20180127151354
2018-01-27 15:14:37.458;SQ;AS86-AS1-20180127151437
2018-01-27 15:14:52.053;RC;AS86-AS1-20180127151354
2018-01-27 15:14:53.323;SS;AS86-AS1-20180127151354
2018-01-27 15:15:05.067;RU;AS86-AS1-20180127151318
2018-01-27 15:15:09.018;VU;AS86-AS1-20180127151318
2018-01-27 15:15:13.358;RO;AS86-AS1-20180127151437
2018-01-27 15:15:14.422;SP;AS86-AS1-20180127151437
2018-01-27 15:15:16.825;SQ;AS86-AS1-20180127151516
2018-01-27 15:15:21.938;RU;AS86-AS1-20180127151354
2018-01-27 15:15:25.240;VU;AS86-AS1-20180127151354
2018-01-27 15:15:32.323;RC;AS86-AS1-20180127151437
2018-01-27 15:15:33.158;SS;AS86-AS1-20180127151437
2018-01-27 15:15:46.274;RO;AS86-AS1-20180127151516
2018-01-27 15:15:47.533;SP;AS86-AS1-20180127151516
2018-01-27 15:15:50.015;SQ;AS86-AS1-20180127151550
2018-01-27 15:16:01.151;RC;AS86-AS1-20180127151516
2018-01-27 15:16:02.300;SS;AS86-AS1-20180127151516
2018-01-27 15:16:05.938;RU;AS86-AS1-20180127151437
2018-01-27 15:16:09.635;VU;AS86-AS1-20180127151437
2018-01-27 15:16:16.338;RO;AS86-AS1-20180127151550
2018-01-27 15:16:17.893;SP;AS86-AS1-20180127151550
2018-01-27 15:16:20.265;SQ;AS86-AS1-20180127151620
2018-01-27 15:16:25.470;RC;AS86-AS1-20180127151550
2018-01-27 15:16:26.399;RU;AS86-AS1-20180127151516
2018-01-27 15:16:26.654;SS;AS86-AS1-20180127151550
2018-01-27 15:16:28.790;VU;AS86-AS1-20180127151516
2018-01-27 15:16:31.543;RO;AS86-AS1-20180127151620
2018-01-27 15:16:32.666;SP;AS86-AS1-20180127151620
2018-01-27 15:16:33.407;RC;AS86-AS1-20180127151620
2018-01-27 15:16:34.553;SS;AS86-AS1-20180127151620
2018-01-27 15:16:36.898;RU;AS86-AS1-20180127151550
2018-01-27 15:16:40.593;RU;AS86-AS1-20180127151620
2018-01-27 15:16:44.972;VU;AS86-AS1-20180127151550
2018-01-27 15:16:44.974;VU;AS86-AS1-20180127151620
