2018-01-27 14:56:22.866;SQ;AS90-AS1-20180127145622
2018-01-27 14:56:41.171;RO;AS90-AS1-20180127145622
2018-01-27 14:56:42.208;SP;AS90-AS1-20180127145622
2018-01-27 14:56:43.888;SQ;AS90-AS1-20180127145643
2018-01-27 14:56:57.487;RC;AS90-AS1-20180127145622
2018-01-27 14:56:58.324;SS;AS90-AS1-20180127145622
2018-01-27 14:57:41.489;RU;AS90-AS1-20180127145622
2018-01-27 14:57:43.338;VU;AS90-AS1-20180127145622
2018-01-27 14:57:44.404;RO;AS90-AS1-20180127145643
2018-01-27 14:57:45.298;SP;AS90-AS1-20180127145643
2018-01-27 14:57:46.994;SQ;AS90-AS1-20180127145746
2018-01-27 14:58:02.385;RC;AS90-AS1-20180127145643
2018-01-27 14:58:03.232;SS;AS90-AS1-20180127145643
2018-01-27 14:58:24.554;RO;AS90-AS1-20180127145746
2018-01-27 14:58:25.898;SP;AS90-AS1-20180127145746
2018-01-27 14:58:27.624;SQ;AS90-AS1-20180127145827
2018-01-27 14:58:38.512;RU;AS90-AS1-20180127145643
2018-01-27 14:58:40.370;VU;AS90-AS1-20180127145643
2018-01-27 14:58:41.728;RC;AS90-AS1-20180127145746
2018-01-27 14:58:42.559;SS;AS90-AS1-20180127145746
2018-01-27 14:59:05.734;RO;AS90-AS1-20180127145827
2018-01-27 14:59:07.037;SP;AS90-AS1-20180127145827
2018-01-27 14:59:08.734;SQ;AS90-AS1-20180127145908
2018-01-27 14:59:24.338;RU;AS90-AS1-20180127145746
2018-01-27 14:59:24.513;RC;AS90-AS1-20180127145827
2018-01-27 14:59:26.053;SS;AS90-AS1-20180127145827
2018-01-27 14:59:26.880;VU;AS90-AS1-20180127145746
2018-01-27 14:59:40.224;RO;AS90-AS1-20180127145908
2018-01-27 14:59:41.136;SP;AS90-AS1-20180127145908
2018-01-27 14:59:42.810;SQ;AS90-AS1-20180127145942
2018-01-27 14:59:58.894;RC;AS90-AS1-20180127145908
2018-01-27 14:59:59.768;SS;AS90-AS1-20180127145908
2018-01-27 15:00:06.211;RU;AS90-AS1-20180127145827
2018-01-27 15:00:08.060;VU;AS90-AS1-20180127145827
2018-01-27 15:00:18.803;RO;AS90-AS1-20180127145942
2018-01-27 15:00:20.424;SP;AS90-AS1-20180127145942
2018-01-27 15:00:22.569;SQ;AS90-AS1-20180127150022
2018-01-27 15:00:43.659;RC;AS90-AS1-20180127145942
2018-01-27 15:00:43.737;RU;AS90-AS1-20180127145908
2018-01-27 15:00:45.253;SS;AS90-AS1-20180127145942
2018-01-27 15:00:46.366;VU;AS90-AS1-20180127145908
2018-01-27 15:01:02.706;RO;AS90-AS1-20180127150022
2018-01-27 15:01:03.971;SP;AS90-AS1-20180127150022
2018-01-27 15:01:06.864;SQ;AS90-AS1-20180127150106
2018-01-27 15:01:23.351;RC;AS90-AS1-20180127150022
2018-01-27 15:01:24.204;SS;AS90-AS1-20180127150022
2018-01-27 15:01:24.626;RU;AS90-AS1-20180127145942
2018-01-27 15:01:26.468;VU;AS90-AS1-20180127145942
2018-01-27 15:01:45.969;RO;AS90-AS1-20180127150106
2018-01-27 15:01:47.252;SP;AS90-AS1-20180127150106
2018-01-27 15:01:48.935;SQ;AS90-AS1-20180127150148
2018-01-27 15:02:05.345;RC;AS90-AS1-20180127150106
2018-01-27 15:02:05.448;RU;AS90-AS1-20180127150022
2018-01-27 15:02:06.944;SS;AS90-AS1-20180127150106
2018-01-27 15:02:08.226;VU;AS90-AS1-20180127150022
2018-01-27 15:02:29.628;RO;AS90-AS1-20180127150148
2018-01-27 15:02:30.826;SP;AS90-AS1-20180127150148
2018-01-27 15:02:32.530;SQ;AS90-AS1-20180127150232
2018-01-27 15:02:47.775;RC;AS90-AS1-20180127150148
2018-01-27 15:02:47.794;RU;AS90-AS1-20180127150106
2018-01-27 15:02:49.514;SS;AS90-AS1-20180127150148
2018-01-27 15:02:50.517;VU;AS90-AS1-20180127150106
2018-01-27 15:03:05.171;RO;AS90-AS1-20180127150232
2018-01-27 15:03:06.410;SP;AS90-AS1-20180127150232
2018-01-27 15:03:08.095;SQ;AS90-AS1-20180127150308
2018-01-27 15:03:24.687;RC;AS90-AS1-20180127150232
2018-01-27 15:03:26.270;RU;AS90-AS1-20180127150148
2018-01-27 15:03:26.692;SS;AS90-AS1-20180127150232
2018-01-27 15:03:28.720;VU;AS90-AS1-20180127150148
2018-01-27 15:03:47.775;RO;AS90-AS1-20180127150308
2018-01-27 15:03:49.006;SP;AS90-AS1-20180127150308
2018-01-27 15:03:50.712;SQ;AS90-AS1-20180127150350
2018-01-27 15:04:03.159;RU;AS90-AS1-20180127150232
2018-01-27 15:04:05.000;VU;AS90-AS1-20180127150232
2018-01-27 15:04:05.141;RC;AS90-AS1-20180127150308
2018-01-27 15:04:05.987;SS;AS90-AS1-20180127150308
2018-01-27 15:04:27.393;RO;AS90-AS1-20180127150350
2018-01-27 15:04:28.588;SP;AS90-AS1-20180127150350
2018-01-27 15:04:30.280;SQ;AS90-AS1-20180127150430
2018-01-27 15:04:50.928;RC;AS90-AS1-20180127150350
2018-01-27 15:04:51.213;RU;AS90-AS1-20180127150308
2018-01-27 15:04:52.263;SS;AS90-AS1-20180127150350
2018-01-27 15:04:53.611;VU;AS90-AS1-20180127150308
2018-01-27 15:05:04.002;RO;AS90-AS1-20180127150430
2018-01-27 15:05:05.183;SP;AS90-AS1-20180127150430
2018-01-27 15:05:06.892;SQ;AS90-AS1-20180127150506
2018-01-27 15:05:19.294;RC;AS90-AS1-20180127150430
2018-01-27 15:05:20.124;SS;AS90-AS1-20180127150430
2018-01-27 15:05:36.301;RU;AS90-AS1-20180127150350
2018-01-27 15:05:38.168;VU;AS90-AS1-20180127150350
2018-01-27 15:05:44.846;RO;AS90-AS1-20180127150506
2018-01-27 15:05:45.770;SP;AS90-AS1-20180127150506
2018-01-27 15:05:47.456;SQ;AS90-AS1-20180127150547
2018-01-27 15:05:59.662;RU;AS90-AS1-20180127150430
2018-01-27 15:06:01.501;VU;AS90-AS1-20180127150430
2018-01-27 15:06:05.513;RC;AS90-AS1-20180127150506
2018-01-27 15:06:06.358;SS;AS90-AS1-20180127150506
2018-01-27 15:06:23.257;RO;AS90-AS1-20180127150547
2018-01-27 15:06:24.361;SP;AS90-AS1-20180127150547
2018-01-27 15:06:26.053;SQ;AS90-AS1-20180127150626
2018-01-27 15:06:41.119;RC;AS90-AS1-20180127150547
2018-01-27 15:06:41.984;SS;AS90-AS1-20180127150547
2018-01-27 15:06:43.951;RU;AS90-AS1-20180127150506
2018-01-27 15:06:45.794;VU;AS90-AS1-20180127150506
2018-01-27 15:06:56.017;RO;AS90-AS1-20180127150626
2018-01-27 15:06:56.951;SP;AS90-AS1-20180127150626
2018-01-27 15:07:00.051;SQ;AS90-AS1-20180127150700
2018-01-27 15:07:11.470;RC;AS90-AS1-20180127150626
2018-01-27 15:07:12.347;SS;AS90-AS1-20180127150626
2018-01-27 15:07:28.932;RU;AS90-AS1-20180127150547
2018-01-27 15:07:29.585;RO;AS90-AS1-20180127150700
2018-01-27 15:07:31.381;SP;AS90-AS1-20180127150700
2018-01-27 15:07:31.745;VU;AS90-AS1-20180127150547
2018-01-27 15:07:33.049;SQ;AS90-AS1-20180127150733
2018-01-27 15:07:53.738;RC;AS90-AS1-20180127150700
2018-01-27 15:07:53.779;RU;AS90-AS1-20180127150626
2018-01-27 15:07:55.430;SS;AS90-AS1-20180127150700
2018-01-27 15:07:56.431;VU;AS90-AS1-20180127150626
2018-01-27 15:08:13.305;RO;AS90-AS1-20180127150733
2018-01-27 15:08:14.448;SP;AS90-AS1-20180127150733
2018-01-27 15:08:16.151;SQ;AS90-AS1-20180127150816
2018-01-27 15:08:34.605;RC;AS90-AS1-20180127150733
2018-01-27 15:08:35.478;SS;AS90-AS1-20180127150733
2018-01-27 15:08:37.445;RU;AS90-AS1-20180127150700
2018-01-27 15:08:39.300;VU;AS90-AS1-20180127150700
2018-01-27 15:08:54.648;RO;AS90-AS1-20180127150816
2018-01-27 15:08:55.525;SP;AS90-AS1-20180127150816
2018-01-27 15:08:57.223;SQ;AS90-AS1-20180127150857
2018-01-27 15:09:11.580;RU;AS90-AS1-20180127150733
2018-01-27 15:09:13.414;VU;AS90-AS1-20180127150733
2018-01-27 15:09:17.801;RC;AS90-AS1-20180127150816
2018-01-27 15:09:18.640;SS;AS90-AS1-20180127150816
2018-01-27 15:09:35.356;RO;AS90-AS1-20180127150857
2018-01-27 15:09:37.401;SP;AS90-AS1-20180127150857
2018-01-27 15:09:40.023;SQ;AS90-AS1-20180127150940
2018-01-27 15:09:53.826;RU;AS90-AS1-20180127150816
2018-01-27 15:09:55.614;RC;AS90-AS1-20180127150857
2018-01-27 15:09:55.683;VU;AS90-AS1-20180127150816
2018-01-27 15:09:56.466;SS;AS90-AS1-20180127150857
2018-01-27 15:10:22.532;RO;AS90-AS1-20180127150940
2018-01-27 15:10:23.425;SP;AS90-AS1-20180127150940
2018-01-27 15:10:25.157;SQ;AS90-AS1-20180127151025
2018-01-27 15:10:36.205;RU;AS90-AS1-20180127150857
2018-01-27 15:10:38.043;VU;AS90-AS1-20180127150857
2018-01-27 15:10:39.748;RC;AS90-AS1-20180127150940
2018-01-27 15:10:40.600;SS;AS90-AS1-20180127150940
2018-01-27 15:11:09.026;RO;AS90-AS1-20180127151025
2018-01-27 15:11:10.038;SP;AS90-AS1-20180127151025
2018-01-27 15:11:11.719;SQ;AS90-AS1-20180127151111
2018-01-27 15:11:18.414;RU;AS90-AS1-20180127150940
2018-01-27 15:11:20.244;VU;AS90-AS1-20180127150940
2018-01-27 15:11:22.050;RC;AS90-AS1-20180127151025
2018-01-27 15:11:22.879;SS;AS90-AS1-20180127151025
2018-01-27 15:11:52.790;RO;AS90-AS1-20180127151111
2018-01-27 15:11:54.100;SP;AS90-AS1-20180127151111
2018-01-27 15:11:54.832;RU;AS90-AS1-20180127151025
2018-01-27 15:11:56.649;SQ;AS90-AS1-20180127151156
2018-01-27 15:11:57.559;VU;AS90-AS1-20180127151025
2018-01-27 15:12:12.149;RC;AS90-AS1-20180127151111
2018-01-27 15:12:12.984;SS;AS90-AS1-20180127151111
2018-01-27 15:12:35.535;RO;AS90-AS1-20180127151156
2018-01-27 15:12:36.541;SP;AS90-AS1-20180127151156
2018-01-27 15:12:38.232;SQ;AS90-AS1-20180127151238
2018-01-27 15:12:51.038;RC;AS90-AS1-20180127151156
2018-01-27 15:12:51.259;RU;AS90-AS1-20180127151111
2018-01-27 15:12:52.427;SS;AS90-AS1-20180127151156
2018-01-27 15:12:53.734;VU;AS90-AS1-20180127151111
2018-01-27 15:13:13.396;RO;AS90-AS1-20180127151238
2018-01-27 15:13:14.610;SP;AS90-AS1-20180127151238
2018-01-27 15:13:16.294;SQ;AS90-AS1-20180127151316
2018-01-27 15:13:31.687;RU;AS90-AS1-20180127151156
2018-01-27 15:13:32.282;RC;AS90-AS1-20180127151238
2018-01-27 15:13:35.215;SS;AS90-AS1-20180127151238
2018-01-27 15:13:35.646;VU;AS90-AS1-20180127151156
2018-01-27 15:13:55.279;RO;AS90-AS1-20180127151316
2018-01-27 15:13:56.166;SP;AS90-AS1-20180127151316
2018-01-27 15:13:57.882;SQ;AS90-AS1-20180127151357
2018-01-27 15:14:15.447;RC;AS90-AS1-20180127151316
2018-01-27 15:14:16.304;SS;AS90-AS1-20180127151316
2018-01-27 15:14:16.537;RU;AS90-AS1-20180127151238
2018-01-27 15:14:18.406;VU;AS90-AS1-20180127151238
2018-01-27 15:14:31.519;RO;AS90-AS1-20180127151357
2018-01-27 15:14:32.753;SP;AS90-AS1-20180127151357
2018-01-27 15:14:34.773;SQ;AS90-AS1-20180127151434
2018-01-27 15:14:47.119;RU;AS90-AS1-20180127151316
2018-01-27 15:14:48.824;RC;AS90-AS1-20180127151357
2018-01-27 15:14:48.983;VU;AS90-AS1-20180127151316
2018-01-27 15:14:49.908;SS;AS90-AS1-20180127151357
2018-01-27 15:15:07.282;RO;AS90-AS1-20180127151434
2018-01-27 15:15:08.136;SP;AS90-AS1-20180127151434
2018-01-27 15:15:09.822;SQ;AS90-AS1-20180127151509
2018-01-27 15:15:19.983;RC;AS90-AS1-20180127151434
2018-01-27 15:15:21.647;SS;AS90-AS1-20180127151434
2018-01-27 15:15:23.475;RU;AS90-AS1-20180127151357
2018-01-27 15:15:25.353;VU;AS90-AS1-20180127151357
2018-01-27 15:15:38.046;RO;AS90-AS1-20180127151509
2018-01-27 15:15:39.217;SP;AS90-AS1-20180127151509
2018-01-27 15:15:40.951;SQ;AS90-AS1-20180127151540
2018-01-27 15:15:54.588;RC;AS90-AS1-20180127151509
2018-01-27 15:15:55.420;SS;AS90-AS1-20180127151509
2018-01-27 15:16:01.853;RU;AS90-AS1-20180127151434
2018-01-27 15:16:03.694;VU;AS90-AS1-20180127151434
2018-01-27 15:16:08.583;RO;AS90-AS1-20180127151540
2018-01-27 15:16:09.859;SP;AS90-AS1-20180127151540
2018-01-27 15:16:18.591;RU;AS90-AS1-20180127151509
2018-01-27 15:16:18.591;RC;AS90-AS1-20180127151540
2018-01-27 15:16:20.310;SS;AS90-AS1-20180127151540
2018-01-27 15:16:26.688;VU;AS90-AS1-20180127151509
2018-01-27 15:16:36.166;RU;AS90-AS1-20180127151540
2018-01-27 15:16:42.977;VU;AS90-AS1-20180127151540
