2018-01-27 14:56:20.589;SQ;AS91-AS1-20180127145620
2018-01-27 14:56:35.924;RO;AS91-AS1-20180127145620
2018-01-27 14:56:36.891;SP;AS91-AS1-20180127145620
2018-01-27 14:56:38.420;SQ;AS91-AS1-20180127145638
2018-01-27 14:56:48.429;RC;AS91-AS1-20180127145620
2018-01-27 14:56:49.208;SS;AS91-AS1-20180127145620
2018-01-27 14:57:08.574;RO;AS91-AS1-20180127145638
2018-01-27 14:57:09.729;SP;AS91-AS1-20180127145638
2018-01-27 14:57:12.106;SQ;AS91-AS1-20180127145712
2018-01-27 14:57:24.873;RC;AS91-AS1-20180127145638
2018-01-27 14:57:25.641;SS;AS91-AS1-20180127145638
2018-01-27 14:57:27.610;RU;AS91-AS1-20180127145620
2018-01-27 14:57:29.673;VU;AS91-AS1-20180127145620
2018-01-27 14:57:48.800;RO;AS91-AS1-20180127145712
2018-01-27 14:57:49.926;SP;AS91-AS1-20180127145712
2018-01-27 14:57:51.438;SQ;AS91-AS1-20180127145751
2018-01-27 14:58:07.447;RC;AS91-AS1-20180127145712
2018-01-27 14:58:08.234;SS;AS91-AS1-20180127145712
2018-01-27 14:58:20.802;RU;AS91-AS1-20180127145638
2018-01-27 14:58:22.578;VU;AS91-AS1-20180127145638
2018-01-27 14:58:30.789;RO;AS91-AS1-20180127145751
2018-01-27 14:58:31.737;SP;AS91-AS1-20180127145751
2018-01-27 14:58:33.259;SQ;AS91-AS1-20180127145833
2018-01-27 14:58:49.658;RU;AS91-AS1-20180127145712
2018-01-27 14:58:51.046;RC;AS91-AS1-20180127145751
2018-01-27 14:58:51.450;VU;AS91-AS1-20180127145712
2018-01-27 14:58:51.792;SS;AS91-AS1-20180127145751
2018-01-27 14:59:09.051;RO;AS91-AS1-20180127145833
2018-01-27 14:59:10.054;SP;AS91-AS1-20180127145833
2018-01-27 14:59:11.603;SQ;AS91-AS1-20180127145911
2018-01-27 14:59:24.536;RC;AS91-AS1-20180127145833
2018-01-27 14:59:25.346;SS;AS91-AS1-20180127145833
2018-01-27 14:59:25.805;RU;AS91-AS1-20180127145751
2018-01-27 14:59:27.599;VU;AS91-AS1-20180127145751
2018-01-27 14:59:44.456;RO;AS91-AS1-20180127145911
2018-01-27 14:59:45.400;SP;AS91-AS1-20180127145911
2018-01-27 14:59:46.924;SQ;AS91-AS1-20180127145946
2018-01-27 15:00:00.508;RC;AS91-AS1-20180127145911
2018-01-27 15:00:01.290;SS;AS91-AS1-20180127145911
2018-01-27 15:00:02.429;RU;AS91-AS1-20180127145833
2018-01-27 15:00:04.254;VU;AS91-AS1-20180127145833
2018-01-27 15:00:24.968;RO;AS91-AS1-20180127145946
2018-01-27 15:00:26.210;SP;AS91-AS1-20180127145946
2018-01-27 15:00:27.740;SQ;AS91-AS1-20180127150027
2018-01-27 15:00:37.610;RU;AS91-AS1-20180127145911
2018-01-27 15:00:39.393;VU;AS91-AS1-20180127145911
2018-01-27 15:00:44.839;RC;AS91-AS1-20180127145946
2018-01-27 15:00:45.632;SS;AS91-AS1-20180127145946
2018-01-27 15:01:05.528;RO;AS91-AS1-20180127150027
2018-01-27 15:01:06.585;SP;AS91-AS1-20180127150027
2018-01-27 15:01:08.193;SQ;AS91-AS1-20180127150108
2018-01-27 15:01:20.762;RU;AS91-AS1-20180127145946
2018-01-27 15:01:22.553;RC;AS91-AS1-20180127150027
2018-01-27 15:01:23.311;SS;AS91-AS1-20180127150027
2018-01-27 15:01:45.168;RO;AS91-AS1-20180127150108
2018-01-27 15:01:46.673;SP;AS91-AS1-20180127150108
2018-01-27 15:01:48.892;SQ;AS91-AS1-20180127150148
2018-01-27 15:02:04.926;RU;AS91-AS1-20180127150027
2018-01-27 15:02:06.934;RC;AS91-AS1-20180127150108
2018-01-27 15:02:07.138;VU;AS91-AS1-20180127150027
2018-01-27 15:02:09.750;SS;AS91-AS1-20180127150108
2018-01-27 15:02:30.212;RO;AS91-AS1-20180127150148
2018-01-27 15:02:31.201;SP;AS91-AS1-20180127150148
2018-01-27 15:02:33.505;SQ;AS91-AS1-20180127150233
2018-01-27 15:02:50.638;RC;AS91-AS1-20180127150148
2018-01-27 15:02:51.749;SS;AS91-AS1-20180127150148
2018-01-27 15:02:53.328;RU;AS91-AS1-20180127150108
2018-01-27 15:02:56.956;VU;AS91-AS1-20180127150108
2018-01-27 15:03:09.990;RO;AS91-AS1-20180127150233
2018-01-27 15:03:12.020;SP;AS91-AS1-20180127150233
2018-01-27 15:03:14.454;SQ;AS91-AS1-20180127150314
2018-01-27 15:03:29.483;RU;AS91-AS1-20180127150148
2018-01-27 15:03:31.526;VU;AS91-AS1-20180127150148
2018-01-27 15:03:34.245;RC;AS91-AS1-20180127150233
2018-01-27 15:03:35.365;SS;AS91-AS1-20180127150233
2018-01-27 15:03:50.742;RO;AS91-AS1-20180127150314
2018-01-27 15:03:52.303;SP;AS91-AS1-20180127150314
2018-01-27 15:03:54.629;SQ;AS91-AS1-20180127150354
2018-01-27 15:04:06.342;RC;AS91-AS1-20180127150314
2018-01-27 15:04:07.127;SS;AS91-AS1-20180127150314
2018-01-27 15:04:14.666;RU;AS91-AS1-20180127150233
2018-01-27 15:04:16.733;VU;AS91-AS1-20180127150233
2018-01-27 15:04:32.478;RO;AS91-AS1-20180127150354
2018-01-27 15:04:33.444;SP;AS91-AS1-20180127150354
2018-01-27 15:04:35.786;SQ;AS91-AS1-20180127150435
2018-01-27 15:04:50.606;RU;AS91-AS1-20180127150314
2018-01-27 15:04:52.182;RC;AS91-AS1-20180127150354
2018-01-27 15:04:52.364;VU;AS91-AS1-20180127150314
2018-01-27 15:04:53.107;SS;AS91-AS1-20180127150354
2018-01-27 15:05:16.672;RO;AS91-AS1-20180127150435
2018-01-27 15:05:17.625;SP;AS91-AS1-20180127150435
2018-01-27 15:05:19.932;SQ;AS91-AS1-20180127150519
2018-01-27 15:05:36.650;RU;AS91-AS1-20180127150354
2018-01-27 15:05:36.789;RC;AS91-AS1-20180127150435
2018-01-27 15:05:38.695;SS;AS91-AS1-20180127150435
2018-01-27 15:05:39.299;VU;AS91-AS1-20180127150354
2018-01-27 15:05:51.962;RO;AS91-AS1-20180127150519
2018-01-27 15:05:52.946;SP;AS91-AS1-20180127150519
2018-01-27 15:05:55.240;SQ;AS91-AS1-20180127150555
2018-01-27 15:06:12.339;RC;AS91-AS1-20180127150519
2018-01-27 15:06:15.054;SS;AS91-AS1-20180127150519
2018-01-27 15:06:22.773;RU;AS91-AS1-20180127150435
2018-01-27 15:06:25.022;VU;AS91-AS1-20180127150435
2018-01-27 15:06:30.532;RO;AS91-AS1-20180127150555
2018-01-27 15:06:31.603;SP;AS91-AS1-20180127150555
2018-01-27 15:06:35.124;SQ;AS91-AS1-20180127150635
2018-01-27 15:06:51.611;RU;AS91-AS1-20180127150519
2018-01-27 15:06:51.630;RC;AS91-AS1-20180127150555
2018-01-27 15:06:53.574;SS;AS91-AS1-20180127150555
2018-01-27 15:06:54.575;VU;AS91-AS1-20180127150519
2018-01-27 15:07:08.913;RO;AS91-AS1-20180127150635
2018-01-27 15:07:09.950;SP;AS91-AS1-20180127150635
2018-01-27 15:07:12.338;SQ;AS91-AS1-20180127150712
2018-01-27 15:07:29.404;RU;AS91-AS1-20180127150555
2018-01-27 15:07:29.494;RC;AS91-AS1-20180127150635
2018-01-27 15:07:31.840;SS;AS91-AS1-20180127150635
2018-01-27 15:07:32.844;VU;AS91-AS1-20180127150555
2018-01-27 15:07:42.136;RO;AS91-AS1-20180127150712
2018-01-27 15:07:43.193;SP;AS91-AS1-20180127150712
2018-01-27 15:07:46.945;SQ;AS91-AS1-20180127150746
2018-01-27 15:07:56.431;RC;AS91-AS1-20180127150712
2018-01-27 15:07:57.357;SS;AS91-AS1-20180127150712
2018-01-27 15:08:13.061;RU;AS91-AS1-20180127150635
2018-01-27 15:08:15.548;VU;AS91-AS1-20180127150635
2018-01-27 15:08:28.125;RO;AS91-AS1-20180127150746
2018-01-27 15:08:29.638;SP;AS91-AS1-20180127150746
2018-01-27 15:08:31.736;SQ;AS91-AS1-20180127150831
2018-01-27 15:08:38.085;RU;AS91-AS1-20180127150712
2018-01-27 15:08:40.388;VU;AS91-AS1-20180127150712
2018-01-27 15:08:48.285;RC;AS91-AS1-20180127150746
2018-01-27 15:08:49.845;SS;AS91-AS1-20180127150746
2018-01-27 15:09:04.185;RO;AS91-AS1-20180127150831
2018-01-27 15:09:07.244;SP;AS91-AS1-20180127150831
2018-01-27 15:09:10.521;SQ;AS91-AS1-20180127150910
2018-01-27 15:09:27.051;RC;AS91-AS1-20180127150831
2018-01-27 15:09:28.082;RU;AS91-AS1-20180127150746
2018-01-27 15:09:28.809;SS;AS91-AS1-20180127150831
2018-01-27 15:09:30.500;VU;AS91-AS1-20180127150746
2018-01-27 15:09:48.181;RO;AS91-AS1-20180127150910
2018-01-27 15:09:49.693;SP;AS91-AS1-20180127150910
2018-01-27 15:09:52.684;SQ;AS91-AS1-20180127150952
2018-01-27 15:10:06.810;RC;AS91-AS1-20180127150910
2018-01-27 15:10:08.285;SS;AS91-AS1-20180127150910
2018-01-27 15:10:21.357;RO;AS91-AS1-20180127150952
2018-01-27 15:10:22.762;SP;AS91-AS1-20180127150952
2018-01-27 15:10:25.092;SQ;AS91-AS1-20180127151025
2018-01-27 15:10:26.746;RU;AS91-AS1-20180127150831
2018-01-27 15:10:29.461;VU;AS91-AS1-20180127150831
2018-01-27 15:10:43.018;RC;AS91-AS1-20180127150952
2018-01-27 15:10:44.843;SS;AS91-AS1-20180127150952
2018-01-27 15:10:48.789;RU;AS91-AS1-20180127150910
2018-01-27 15:10:50.748;VU;AS91-AS1-20180127150910
2018-01-27 15:11:09.043;RO;AS91-AS1-20180127151025
2018-01-27 15:11:09.982;SP;AS91-AS1-20180127151025
2018-01-27 15:11:12.337;SQ;AS91-AS1-20180127151112
2018-01-27 15:11:18.406;RU;AS91-AS1-20180127150952
2018-01-27 15:11:20.772;VU;AS91-AS1-20180127150952
2018-01-27 15:11:27.672;RC;AS91-AS1-20180127151025
2018-01-27 15:11:29.368;SS;AS91-AS1-20180127151025
2018-01-27 15:11:46.524;RO;AS91-AS1-20180127151112
2018-01-27 15:11:48.211;SP;AS91-AS1-20180127151112
2018-01-27 15:11:50.308;SQ;AS91-AS1-20180127151150
2018-01-27 15:12:08.465;RC;AS91-AS1-20180127151112
2018-01-27 15:12:09.482;SS;AS91-AS1-20180127151112
2018-01-27 15:12:15.997;RU;AS91-AS1-20180127151025
2018-01-27 15:12:18.445;VU;AS91-AS1-20180127151025
2018-01-27 15:12:24.074;RO;AS91-AS1-20180127151150
2018-01-27 15:12:25.817;SP;AS91-AS1-20180127151150
2018-01-27 15:12:27.814;SQ;AS91-AS1-20180127151227
2018-01-27 15:12:43.662;RC;AS91-AS1-20180127151150
2018-01-27 15:12:44.894;SS;AS91-AS1-20180127151150
2018-01-27 15:12:47.416;RU;AS91-AS1-20180127151112
2018-01-27 15:12:50.186;VU;AS91-AS1-20180127151112
2018-01-27 15:13:01.172;RO;AS91-AS1-20180127151227
2018-01-27 15:13:03.824;SP;AS91-AS1-20180127151227
2018-01-27 15:13:05.946;SQ;AS91-AS1-20180127151305
2018-01-27 15:13:20.529;RU;AS91-AS1-20180127151150
2018-01-27 15:13:21.116;RC;AS91-AS1-20180127151227
2018-01-27 15:13:22.880;SS;AS91-AS1-20180127151227
2018-01-27 15:13:23.190;VU;AS91-AS1-20180127151150
2018-01-27 15:13:47.042;RO;AS91-AS1-20180127151305
2018-01-27 15:13:50.352;SP;AS91-AS1-20180127151305
2018-01-27 15:13:52.366;SQ;AS91-AS1-20180127151352
2018-01-27 15:14:02.032;RU;AS91-AS1-20180127151227
2018-01-27 15:14:04.820;VU;AS91-AS1-20180127151227
2018-01-27 15:14:13.654;RC;AS91-AS1-20180127151305
2018-01-27 15:14:14.441;SS;AS91-AS1-20180127151305
2018-01-27 15:14:29.677;RO;AS91-AS1-20180127151352
2018-01-27 15:14:31.192;SP;AS91-AS1-20180127151352
2018-01-27 15:14:33.505;SQ;AS91-AS1-20180127151433
2018-01-27 15:14:47.829;RC;AS91-AS1-20180127151352
2018-01-27 15:14:49.199;SS;AS91-AS1-20180127151352
2018-01-27 15:14:52.476;RU;AS91-AS1-20180127151305
2018-01-27 15:14:54.838;VU;AS91-AS1-20180127151305
2018-01-27 15:15:08.012;RO;AS91-AS1-20180127151433
2018-01-27 15:15:09.552;SP;AS91-AS1-20180127151433
2018-01-27 15:15:11.856;SQ;AS91-AS1-20180127151511
2018-01-27 15:15:21.632;RU;AS91-AS1-20180127151352
2018-01-27 15:15:26.430;VU;AS91-AS1-20180127151352
2018-01-27 15:15:28.150;RC;AS91-AS1-20180127151433
2018-01-27 15:15:28.905;SS;AS91-AS1-20180127151433
2018-01-27 15:15:44.343;RO;AS91-AS1-20180127151511
2018-01-27 15:15:45.358;SP;AS91-AS1-20180127151511
2018-01-27 15:15:59.229;RC;AS91-AS1-20180127151511
2018-01-27 15:16:00.563;SS;AS91-AS1-20180127151511
2018-01-27 15:16:04.193;RU;AS91-AS1-20180127151433
2018-01-27 15:16:06.142;VU;AS91-AS1-20180127151433
2018-01-27 15:16:26.047;RU;AS91-AS1-20180127151511
2018-01-27 15:16:28.293;VU;AS91-AS1-20180127151511
