2018-01-27 14:56:21.444;SQ;AS92-AS1-20180127145621
2018-01-27 14:56:37.132;RO;AS92-AS1-20180127145621
2018-01-27 14:56:38.230;SP;AS92-AS1-20180127145621
2018-01-27 14:56:40.079;SQ;AS92-AS1-20180127145640
2018-01-27 14:56:52.250;RC;AS92-AS1-20180127145621
2018-01-27 14:56:53.049;SS;AS92-AS1-20180127145621
2018-01-27 14:57:08.283;RO;AS92-AS1-20180127145640
2018-01-27 14:57:09.453;SP;AS92-AS1-20180127145640
2018-01-27 14:57:11.700;SQ;AS92-AS1-20180127145711
2018-01-27 14:57:27.640;RC;AS92-AS1-20180127145640
2018-01-27 14:57:28.786;SS;AS92-AS1-20180127145640
2018-01-27 14:57:36.565;RU;AS92-AS1-20180127145621
2018-01-27 14:57:38.355;VU;AS92-AS1-20180127145621
2018-01-27 14:57:48.806;RO;AS92-AS1-20180127145711
2018-01-27 14:57:50.027;SP;AS92-AS1-20180127145711
2018-01-27 14:57:51.556;SQ;AS92-AS1-20180127145751
2018-01-27 14:58:07.673;RC;AS92-AS1-20180127145711
2018-01-27 14:58:08.493;SS;AS92-AS1-20180127145711
2018-01-27 14:58:10.950;RU;AS92-AS1-20180127145640
2018-01-27 14:58:12.731;VU;AS92-AS1-20180127145640
2018-01-27 14:58:28.525;RO;AS92-AS1-20180127145751
2018-01-27 14:58:30.056;SP;AS92-AS1-20180127145751
2018-01-27 14:58:31.629;SQ;AS92-AS1-20180127145831
2018-01-27 14:58:43.349;RC;AS92-AS1-20180127145751
2018-01-27 14:58:44.973;SS;AS92-AS1-20180127145751
2018-01-27 14:58:47.828;RU;AS92-AS1-20180127145711
2018-01-27 14:58:49.638;VU;AS92-AS1-20180127145711
2018-01-27 14:59:09.434;RO;AS92-AS1-20180127145831
2018-01-27 14:59:10.453;SP;AS92-AS1-20180127145831
2018-01-27 14:59:12.100;SQ;AS92-AS1-20180127145912
2018-01-27 14:59:27.509;RC;AS92-AS1-20180127145831
2018-01-27 14:59:27.571;RU;AS92-AS1-20180127145751
2018-01-27 14:59:28.998;SS;AS92-AS1-20180127145831
2018-01-27 14:59:30.094;VU;AS92-AS1-20180127145751
2018-01-27 14:59:47.334;RO;AS92-AS1-20180127145912
2018-01-27 14:59:48.459;SP;AS92-AS1-20180127145912
2018-01-27 14:59:51.538;SQ;AS92-AS1-20180127145951
2018-01-27 15:00:11.598;RC;AS92-AS1-20180127145912
2018-01-27 15:00:11.688;RU;AS92-AS1-20180127145831
2018-01-27 15:00:13.080;SS;AS92-AS1-20180127145912
2018-01-27 15:00:14.202;VU;AS92-AS1-20180127145831
2018-01-27 15:00:31.726;RO;AS92-AS1-20180127145951
2018-01-27 15:00:32.871;SP;AS92-AS1-20180127145951
2018-01-27 15:00:34.789;SQ;AS92-AS1-20180127150034
2018-01-27 15:00:47.021;RU;AS92-AS1-20180127145912
2018-01-27 15:00:48.670;RC;AS92-AS1-20180127145951
2018-01-27 15:00:48.806;VU;AS92-AS1-20180127145912
2018-01-27 15:00:49.759;SS;AS92-AS1-20180127145951
2018-01-27 15:01:06.487;RO;AS92-AS1-20180127150034
2018-01-27 15:01:07.637;SP;AS92-AS1-20180127150034
2018-01-27 15:01:09.256;SQ;AS92-AS1-20180127150109
2018-01-27 15:01:30.767;RC;AS92-AS1-20180127150034
2018-01-27 15:01:30.972;RU;AS92-AS1-20180127145951
2018-01-27 15:01:32.127;SS;AS92-AS1-20180127150034
2018-01-27 15:01:33.415;VU;AS92-AS1-20180127145951
2018-01-27 15:01:48.032;RO;AS92-AS1-20180127150109
2018-01-27 15:01:49.082;SP;AS92-AS1-20180127150109
2018-01-27 15:01:50.613;SQ;AS92-AS1-20180127150150
2018-01-27 15:02:07.576;RC;AS92-AS1-20180127150109
2018-01-27 15:02:09.136;SS;AS92-AS1-20180127150109
2018-01-27 15:02:15.941;RU;AS92-AS1-20180127150034
2018-01-27 15:02:17.727;VU;AS92-AS1-20180127150034
2018-01-27 15:02:30.375;RO;AS92-AS1-20180127150150
2018-01-27 15:02:31.486;SP;AS92-AS1-20180127150150
2018-01-27 15:02:33.110;SQ;AS92-AS1-20180127150233
2018-01-27 15:02:47.770;RU;AS92-AS1-20180127150109
2018-01-27 15:02:49.552;VU;AS92-AS1-20180127150109
2018-01-27 15:02:50.414;RC;AS92-AS1-20180127150150
2018-01-27 15:02:51.208;SS;AS92-AS1-20180127150150
2018-01-27 15:03:08.928;RO;AS92-AS1-20180127150233
2018-01-27 15:03:10.838;SP;AS92-AS1-20180127150233
2018-01-27 15:03:12.696;SQ;AS92-AS1-20180127150312
2018-01-27 15:03:28.386;RC;AS92-AS1-20180127150233
2018-01-27 15:03:29.155;SS;AS92-AS1-20180127150233
2018-01-27 15:03:34.507;RU;AS92-AS1-20180127150150
2018-01-27 15:03:36.297;VU;AS92-AS1-20180127150150
2018-01-27 15:03:44.431;RO;AS92-AS1-20180127150312
2018-01-27 15:03:45.547;SP;AS92-AS1-20180127150312
2018-01-27 15:03:47.205;SQ;AS92-AS1-20180127150347
2018-01-27 15:04:04.325;RC;AS92-AS1-20180127150312
2018-01-27 15:04:05.151;SS;AS92-AS1-20180127150312
2018-01-27 15:04:12.341;RU;AS92-AS1-20180127150233
2018-01-27 15:04:14.131;VU;AS92-AS1-20180127150233
2018-01-27 15:04:21.432;RO;AS92-AS1-20180127150347
2018-01-27 15:04:22.536;SP;AS92-AS1-20180127150347
2018-01-27 15:04:24.078;SQ;AS92-AS1-20180127150424
2018-01-27 15:04:39.982;RC;AS92-AS1-20180127150347
2018-01-27 15:04:41.177;SS;AS92-AS1-20180127150347
2018-01-27 15:05:03.820;RU;AS92-AS1-20180127150312
2018-01-27 15:05:03.923;RO;AS92-AS1-20180127150424
2018-01-27 15:05:05.464;SP;AS92-AS1-20180127150424
2018-01-27 15:05:06.073;VU;AS92-AS1-20180127150312
2018-01-27 15:05:07.100;SQ;AS92-AS1-20180127150507
2018-01-27 15:05:21.178;RU;AS92-AS1-20180127150347
2018-01-27 15:05:22.953;VU;AS92-AS1-20180127150347
2018-01-27 15:05:25.379;RC;AS92-AS1-20180127150424
2018-01-27 15:05:26.583;SS;AS92-AS1-20180127150424
2018-01-27 15:05:38.691;RO;AS92-AS1-20180127150507
2018-01-27 15:05:39.913;SP;AS92-AS1-20180127150507
2018-01-27 15:05:41.695;SQ;AS92-AS1-20180127150541
2018-01-27 15:05:56.868;RC;AS92-AS1-20180127150507
2018-01-27 15:05:58.380;SS;AS92-AS1-20180127150507
2018-01-27 15:06:05.800;RU;AS92-AS1-20180127150424
2018-01-27 15:06:07.612;VU;AS92-AS1-20180127150424
2018-01-27 15:06:22.521;RO;AS92-AS1-20180127150541
2018-01-27 15:06:23.539;SP;AS92-AS1-20180127150541
2018-01-27 15:06:25.157;SQ;AS92-AS1-20180127150625
2018-01-27 15:06:34.033;RU;AS92-AS1-20180127150507
2018-01-27 15:06:43.400;RC;AS92-AS1-20180127150541
2018-01-27 15:06:45.422;SS;AS92-AS1-20180127150541
2018-01-27 15:06:59.895;RO;AS92-AS1-20180127150625
2018-01-27 15:07:00.996;SP;AS92-AS1-20180127150625
2018-01-27 15:07:03.478;SQ;AS92-AS1-20180127150703
2018-01-27 15:07:28.752;RC;AS92-AS1-20180127150625
2018-01-27 15:07:29.527;RU;AS92-AS1-20180127150541
2018-01-27 15:07:29.615;RO;AS92-AS1-20180127150703
2018-01-27 15:07:31.724;SS;AS92-AS1-20180127150625
2018-01-27 15:07:33.194;SP;AS92-AS1-20180127150703
2018-01-27 15:07:33.857;VU;AS92-AS1-20180127150541
2018-01-27 15:07:35.455;SQ;AS92-AS1-20180127150735
2018-01-27 15:07:53.887;RC;AS92-AS1-20180127150703
2018-01-27 15:07:55.340;SS;AS92-AS1-20180127150703
2018-01-27 15:08:12.769;RO;AS92-AS1-20180127150735
2018-01-27 15:08:13.898;SP;AS92-AS1-20180127150735
2018-01-27 15:08:15.531;RU;AS92-AS1-20180127150625
2018-01-27 15:08:17.232;SQ;AS92-AS1-20180127150817
2018-01-27 15:08:18.985;VU;AS92-AS1-20180127150625
2018-01-27 15:08:33.115;RC;AS92-AS1-20180127150735
2018-01-27 15:08:35.185;RU;AS92-AS1-20180127150703
2018-01-27 15:08:36.283;SS;AS92-AS1-20180127150735
2018-01-27 15:08:37.818;VU;AS92-AS1-20180127150703
2018-01-27 15:08:48.553;RO;AS92-AS1-20180127150817
2018-01-27 15:08:50.761;SP;AS92-AS1-20180127150817
2018-01-27 15:08:53.033;SQ;AS92-AS1-20180127150853
2018-01-27 15:09:06.734;RC;AS92-AS1-20180127150817
2018-01-27 15:09:08.746;SS;AS92-AS1-20180127150817
2018-01-27 15:09:19.151;RU;AS92-AS1-20180127150735
2018-01-27 15:09:21.883;VU;AS92-AS1-20180127150735
2018-01-27 15:09:45.183;RO;AS92-AS1-20180127150853
2018-01-27 15:09:46.395;SP;AS92-AS1-20180127150853
2018-01-27 15:09:48.740;SQ;AS92-AS1-20180127150948
2018-01-27 15:09:49.440;RU;AS92-AS1-20180127150817
2018-01-27 15:09:51.787;VU;AS92-AS1-20180127150817
2018-01-27 15:10:06.469;RC;AS92-AS1-20180127150853
2018-01-27 15:10:07.528;SS;AS92-AS1-20180127150853
2018-01-27 15:10:23.433;RO;AS92-AS1-20180127150948
2018-01-27 15:10:24.724;SP;AS92-AS1-20180127150948
2018-01-27 15:10:26.985;SQ;AS92-AS1-20180127151026
2018-01-27 15:10:39.991;RC;AS92-AS1-20180127150948
2018-01-27 15:10:41.436;SS;AS92-AS1-20180127150948
2018-01-27 15:10:48.157;RU;AS92-AS1-20180127150853
2018-01-27 15:10:50.233;VU;AS92-AS1-20180127150853
2018-01-27 15:11:03.153;RO;AS92-AS1-20180127151026
2018-01-27 15:11:04.536;SP;AS92-AS1-20180127151026
2018-01-27 15:11:06.856;SQ;AS92-AS1-20180127151106
2018-01-27 15:11:18.140;RU;AS92-AS1-20180127150948
2018-01-27 15:11:20.488;VU;AS92-AS1-20180127150948
2018-01-27 15:11:21.651;RC;AS92-AS1-20180127151026
2018-01-27 15:11:22.410;SS;AS92-AS1-20180127151026
2018-01-27 15:11:56.285;RO;AS92-AS1-20180127151106
2018-01-27 15:11:57.220;SP;AS92-AS1-20180127151106
2018-01-27 15:11:59.187;RU;AS92-AS1-20180127151026
2018-01-27 15:12:00.723;SQ;AS92-AS1-20180127151200
2018-01-27 15:12:03.447;VU;AS92-AS1-20180127151026
2018-01-27 15:12:17.184;RC;AS92-AS1-20180127151106
2018-01-27 15:12:18.752;SS;AS92-AS1-20180127151106
2018-01-27 15:12:39.339;RO;AS92-AS1-20180127151200
2018-01-27 15:12:40.899;SP;AS92-AS1-20180127151200
2018-01-27 15:12:43.040;SQ;AS92-AS1-20180127151243
2018-01-27 15:12:50.471;RU;AS92-AS1-20180127151106
2018-01-27 15:12:52.588;VU;AS92-AS1-20180127151106
2018-01-27 15:13:11.923;RC;AS92-AS1-20180127151200
2018-01-27 15:13:13.042;SS;AS92-AS1-20180127151200
2018-01-27 15:13:36.032;RO;AS92-AS1-20180127151243
2018-01-27 15:13:37.172;SP;AS92-AS1-20180127151243
2018-01-27 15:13:39.483;SQ;AS92-AS1-20180127151339
2018-01-27 15:13:49.464;RU;AS92-AS1-20180127151200
2018-01-27 15:13:51.324;VU;AS92-AS1-20180127151200
2018-01-27 15:13:51.600;RC;AS92-AS1-20180127151243
2018-01-27 15:13:52.367;SS;AS92-AS1-20180127151243
2018-01-27 15:14:14.609;RO;AS92-AS1-20180127151339
2018-01-27 15:14:16.500;SP;AS92-AS1-20180127151339
2018-01-27 15:14:20.279;SQ;AS92-AS1-20180127151420
2018-01-27 15:14:30.132;RU;AS92-AS1-20180127151243
2018-01-27 15:14:32.455;VU;AS92-AS1-20180127151243
2018-01-27 15:14:33.542;RC;AS92-AS1-20180127151339
2018-01-27 15:14:34.531;SS;AS92-AS1-20180127151339
2018-01-27 15:14:54.867;RO;AS92-AS1-20180127151420
2018-01-27 15:14:56.308;SP;AS92-AS1-20180127151420
2018-01-27 15:14:58.486;SQ;AS92-AS1-20180127151458
2018-01-27 15:15:05.915;RC;AS92-AS1-20180127151420
2018-01-27 15:15:07.856;SS;AS92-AS1-20180127151420
2018-01-27 15:15:12.632;RU;AS92-AS1-20180127151339
2018-01-27 15:15:15.097;VU;AS92-AS1-20180127151339
2018-01-27 15:15:28.918;RO;AS92-AS1-20180127151458
2018-01-27 15:15:29.881;SP;AS92-AS1-20180127151458
2018-01-27 15:15:32.214;SQ;AS92-AS1-20180127151532
2018-01-27 15:15:36.320;RU;AS92-AS1-20180127151420
2018-01-27 15:15:39.325;VU;AS92-AS1-20180127151420
2018-01-27 15:15:46.796;RC;AS92-AS1-20180127151458
2018-01-27 15:15:48.008;SS;AS92-AS1-20180127151458
2018-01-27 15:16:04.520;RO;AS92-AS1-20180127151532
2018-01-27 15:16:05.579;SP;AS92-AS1-20180127151532
2018-01-27 15:16:16.245;RC;AS92-AS1-20180127151532
2018-01-27 15:16:17.400;SS;AS92-AS1-20180127151532
2018-01-27 15:16:20.952;RU;AS92-AS1-20180127151458
2018-01-27 15:16:24.049;VU;AS92-AS1-20180127151458
2018-01-27 15:16:30.932;RU;AS92-AS1-20180127151532
2018-01-27 15:16:44.025;VU;AS92-AS1-20180127151532
