2018-01-27 14:56:24.786;SQ;AS93-AS1-20180127145624
2018-01-27 14:56:58.106;RO;AS93-AS1-20180127145624
2018-01-27 14:56:59.171;SP;AS93-AS1-20180127145624
2018-01-27 14:57:00.857;SQ;AS93-AS1-20180127145700
2018-01-27 14:57:19.862;RC;AS93-AS1-20180127145624
2018-01-27 14:57:20.700;SS;AS93-AS1-20180127145624
2018-01-27 14:57:36.840;RO;AS93-AS1-20180127145700
2018-01-27 14:57:37.736;SP;AS93-AS1-20180127145700
2018-01-27 14:57:39.394;SQ;AS93-AS1-20180127145739
2018-01-27 14:57:54.697;RC;AS93-AS1-20180127145700
2018-01-27 14:57:55.536;SS;AS93-AS1-20180127145700
2018-01-27 14:57:55.705;RU;AS93-AS1-20180127145624
2018-01-27 14:57:57.556;VU;AS93-AS1-20180127145624
2018-01-27 14:58:20.709;RO;AS93-AS1-20180127145739
2018-01-27 14:58:21.760;SP;AS93-AS1-20180127145739
2018-01-27 14:58:23.424;SQ;AS93-AS1-20180127145823
2018-01-27 14:58:36.351;RU;AS93-AS1-20180127145700
2018-01-27 14:58:38.192;VU;AS93-AS1-20180127145700
2018-01-27 14:58:38.985;RC;AS93-AS1-20180127145739
2018-01-27 14:58:39.817;SS;AS93-AS1-20180127145739
2018-01-27 14:58:57.882;RO;AS93-AS1-20180127145823
2018-01-27 14:58:58.782;SP;AS93-AS1-20180127145823
2018-01-27 14:59:01.392;SQ;AS93-AS1-20180127145901
2018-01-27 14:59:13.087;RC;AS93-AS1-20180127145823
2018-01-27 14:59:13.922;SS;AS93-AS1-20180127145823
2018-01-27 14:59:24.586;RU;AS93-AS1-20180127145739
2018-01-27 14:59:26.418;VU;AS93-AS1-20180127145739
2018-01-27 14:59:50.297;RO;AS93-AS1-20180127145901
2018-01-27 14:59:51.301;SP;AS93-AS1-20180127145901
2018-01-27 14:59:52.999;SQ;AS93-AS1-20180127145952
2018-01-27 14:59:53.061;RU;AS93-AS1-20180127145823
2018-01-27 14:59:54.892;VU;AS93-AS1-20180127145823
2018-01-27 15:00:06.972;RC;AS93-AS1-20180127145901
2018-01-27 15:00:07.819;SS;AS93-AS1-20180127145901
2018-01-27 15:00:30.390;RO;AS93-AS1-20180127145952
2018-01-27 15:00:31.367;SP;AS93-AS1-20180127145952
2018-01-27 15:00:32.998;SQ;AS93-AS1-20180127150032
2018-01-27 15:00:46.414;RC;AS93-AS1-20180127145952
2018-01-27 15:00:47.148;RU;AS93-AS1-20180127145901
2018-01-27 15:00:47.329;SS;AS93-AS1-20180127145952
2018-01-27 15:00:49.094;VU;AS93-AS1-20180127145901
2018-01-27 15:01:13.329;RO;AS93-AS1-20180127150032
2018-01-27 15:01:14.372;SP;AS93-AS1-20180127150032
2018-01-27 15:01:16.045;SQ;AS93-AS1-20180127150116
2018-01-27 15:01:30.846;RU;AS93-AS1-20180127145952
2018-01-27 15:01:31.764;RC;AS93-AS1-20180127150032
2018-01-27 15:01:32.617;SS;AS93-AS1-20180127150032
2018-01-27 15:01:32.679;VU;AS93-AS1-20180127145952
2018-01-27 15:01:55.032;RO;AS93-AS1-20180127150116
2018-01-27 15:01:55.920;SP;AS93-AS1-20180127150116
2018-01-27 15:01:57.640;SQ;AS93-AS1-20180127150157
2018-01-27 15:02:15.881;RU;AS93-AS1-20180127150032
2018-01-27 15:02:16.464;RC;AS93-AS1-20180127150116
2018-01-27 15:02:17.533;SS;AS93-AS1-20180127150116
2018-01-27 15:02:17.911;VU;AS93-AS1-20180127150032
2018-01-27 15:02:34.230;RO;AS93-AS1-20180127150157
2018-01-27 15:02:35.527;SP;AS93-AS1-20180127150157
2018-01-27 15:02:37.180;SQ;AS93-AS1-20180127150237
2018-01-27 15:02:54.297;RC;AS93-AS1-20180127150157
2018-01-27 15:02:55.221;RU;AS93-AS1-20180127150116
2018-01-27 15:02:55.537;SS;AS93-AS1-20180127150157
2018-01-27 15:02:57.247;VU;AS93-AS1-20180127150116
2018-01-27 15:03:20.993;RO;AS93-AS1-20180127150237
2018-01-27 15:03:22.087;SP;AS93-AS1-20180127150237
2018-01-27 15:03:23.776;SQ;AS93-AS1-20180127150323
2018-01-27 15:03:35.461;RU;AS93-AS1-20180127150157
2018-01-27 15:03:37.292;VU;AS93-AS1-20180127150157
2018-01-27 15:03:42.497;RC;AS93-AS1-20180127150237
2018-01-27 15:03:43.322;SS;AS93-AS1-20180127150237
2018-01-27 15:03:55.759;RO;AS93-AS1-20180127150323
2018-01-27 15:03:57.371;SP;AS93-AS1-20180127150323
2018-01-27 15:03:59.059;SQ;AS93-AS1-20180127150359
2018-01-27 15:04:15.354;RC;AS93-AS1-20180127150323
2018-01-27 15:04:16.185;SS;AS93-AS1-20180127150323
2018-01-27 15:04:25.624;RU;AS93-AS1-20180127150237
2018-01-27 15:04:28.316;VU;AS93-AS1-20180127150237
2018-01-27 15:04:38.894;RO;AS93-AS1-20180127150359
2018-01-27 15:04:39.956;SP;AS93-AS1-20180127150359
2018-01-27 15:04:43.056;SQ;AS93-AS1-20180127150443
2018-01-27 15:04:56.442;RU;AS93-AS1-20180127150323
2018-01-27 15:04:58.811;VU;AS93-AS1-20180127150323
2018-01-27 15:05:04.213;RC;AS93-AS1-20180127150359
2018-01-27 15:05:05.033;SS;AS93-AS1-20180127150359
2018-01-27 15:05:21.665;RO;AS93-AS1-20180127150443
2018-01-27 15:05:22.949;SP;AS93-AS1-20180127150443
2018-01-27 15:05:24.637;SQ;AS93-AS1-20180127150524
2018-01-27 15:05:40.444;RC;AS93-AS1-20180127150443
2018-01-27 15:05:40.997;RU;AS93-AS1-20180127150359
2018-01-27 15:05:41.825;SS;AS93-AS1-20180127150443
2018-01-27 15:05:43.881;VU;AS93-AS1-20180127150359
2018-01-27 15:06:07.941;RO;AS93-AS1-20180127150524
2018-01-27 15:06:09.040;SP;AS93-AS1-20180127150524
2018-01-27 15:06:10.706;SQ;AS93-AS1-20180127150610
2018-01-27 15:06:22.567;RU;AS93-AS1-20180127150443
2018-01-27 15:06:24.380;VU;AS93-AS1-20180127150443
2018-01-27 15:06:27.988;RC;AS93-AS1-20180127150524
2018-01-27 15:06:29.625;SS;AS93-AS1-20180127150524
2018-01-27 15:06:45.909;RO;AS93-AS1-20180127150610
2018-01-27 15:06:47.077;SP;AS93-AS1-20180127150610
2018-01-27 15:06:48.757;SQ;AS93-AS1-20180127150648
2018-01-27 15:07:04.755;RU;AS93-AS1-20180127150524
2018-01-27 15:07:06.613;VU;AS93-AS1-20180127150524
2018-01-27 15:07:08.826;RC;AS93-AS1-20180127150610
2018-01-27 15:07:09.645;SS;AS93-AS1-20180127150610
2018-01-27 15:07:29.200;RO;AS93-AS1-20180127150648
2018-01-27 15:07:30.474;SP;AS93-AS1-20180127150648
2018-01-27 15:07:32.147;SQ;AS93-AS1-20180127150732
2018-01-27 15:07:53.895;RC;AS93-AS1-20180127150648
2018-01-27 15:07:53.907;RU;AS93-AS1-20180127150610
2018-01-27 15:07:55.586;SS;AS93-AS1-20180127150648
2018-01-27 15:07:56.584;VU;AS93-AS1-20180127150610
2018-01-27 15:08:12.025;RO;AS93-AS1-20180127150732
2018-01-27 15:08:13.034;SP;AS93-AS1-20180127150732
2018-01-27 15:08:14.704;SQ;AS93-AS1-20180127150814
2018-01-27 15:08:31.296;RC;AS93-AS1-20180127150732
2018-01-27 15:08:32.138;SS;AS93-AS1-20180127150732
2018-01-27 15:08:35.759;RU;AS93-AS1-20180127150648
2018-01-27 15:08:37.604;VU;AS93-AS1-20180127150648
2018-01-27 15:08:51.371;RO;AS93-AS1-20180127150814
2018-01-27 15:08:52.583;SP;AS93-AS1-20180127150814
2018-01-27 15:08:54.249;SQ;AS93-AS1-20180127150854
2018-01-27 15:09:09.188;RC;AS93-AS1-20180127150814
2018-01-27 15:09:10.047;SS;AS93-AS1-20180127150814
2018-01-27 15:09:23.425;RU;AS93-AS1-20180127150732
2018-01-27 15:09:25.249;VU;AS93-AS1-20180127150732
2018-01-27 15:09:28.993;RO;AS93-AS1-20180127150854
2018-01-27 15:09:30.135;SP;AS93-AS1-20180127150854
2018-01-27 15:09:31.806;SQ;AS93-AS1-20180127150931
2018-01-27 15:09:46.185;RC;AS93-AS1-20180127150854
2018-01-27 15:09:47.044;SS;AS93-AS1-20180127150854
2018-01-27 15:09:52.009;RU;AS93-AS1-20180127150814
2018-01-27 15:09:54.778;VU;AS93-AS1-20180127150814
2018-01-27 15:10:08.193;RO;AS93-AS1-20180127150931
2018-01-27 15:10:09.208;SP;AS93-AS1-20180127150931
2018-01-27 15:10:10.886;SQ;AS93-AS1-20180127151010
2018-01-27 15:10:24.754;RU;AS93-AS1-20180127150854
2018-01-27 15:10:26.572;VU;AS93-AS1-20180127150854
2018-01-27 15:10:29.538;RC;AS93-AS1-20180127150931
2018-01-27 15:10:30.382;SS;AS93-AS1-20180127150931
2018-01-27 15:10:41.189;RO;AS93-AS1-20180127151010
2018-01-27 15:10:42.256;SP;AS93-AS1-20180127151010
2018-01-27 15:10:44.821;SQ;AS93-AS1-20180127151044
2018-01-27 15:10:57.761;RC;AS93-AS1-20180127151010
2018-01-27 15:10:59.205;SS;AS93-AS1-20180127151010
2018-01-27 15:11:09.028;RU;AS93-AS1-20180127150931
2018-01-27 15:11:10.889;VU;AS93-AS1-20180127150931
2018-01-27 15:11:14.706;RO;AS93-AS1-20180127151044
2018-01-27 15:11:16.410;SP;AS93-AS1-20180127151044
2018-01-27 15:11:18.112;SQ;AS93-AS1-20180127151118
2018-01-27 15:11:34.146;RC;AS93-AS1-20180127151044
2018-01-27 15:11:34.339;RU;AS93-AS1-20180127151010
2018-01-27 15:11:35.600;SS;AS93-AS1-20180127151044
2018-01-27 15:11:36.835;VU;AS93-AS1-20180127151010
2018-01-27 15:11:52.856;RO;AS93-AS1-20180127151118
2018-01-27 15:11:53.977;SP;AS93-AS1-20180127151118
2018-01-27 15:11:55.654;SQ;AS93-AS1-20180127151155
2018-01-27 15:12:12.325;RC;AS93-AS1-20180127151118
2018-01-27 15:12:13.155;SS;AS93-AS1-20180127151118
2018-01-27 15:12:13.237;RU;AS93-AS1-20180127151044
2018-01-27 15:12:15.080;VU;AS93-AS1-20180127151044
2018-01-27 15:12:25.811;RO;AS93-AS1-20180127151155
2018-01-27 15:12:27.024;SP;AS93-AS1-20180127151155
2018-01-27 15:12:28.669;SQ;AS93-AS1-20180127151228
2018-01-27 15:12:42.689;RC;AS93-AS1-20180127151155
2018-01-27 15:12:43.544;SS;AS93-AS1-20180127151155
2018-01-27 15:12:49.646;RU;AS93-AS1-20180127151118
2018-01-27 15:12:51.501;VU;AS93-AS1-20180127151118
2018-01-27 15:13:05.421;RO;AS93-AS1-20180127151228
2018-01-27 15:13:06.553;SP;AS93-AS1-20180127151228
2018-01-27 15:13:08.236;SQ;AS93-AS1-20180127151308
2018-01-27 15:13:22.527;RU;AS93-AS1-20180127151155
2018-01-27 15:13:24.372;VU;AS93-AS1-20180127151155
2018-01-27 15:13:28.371;RC;AS93-AS1-20180127151228
2018-01-27 15:13:29.200;SS;AS93-AS1-20180127151228
2018-01-27 15:13:45.185;RO;AS93-AS1-20180127151308
2018-01-27 15:13:46.127;SP;AS93-AS1-20180127151308
2018-01-27 15:13:48.340;SQ;AS93-AS1-20180127151348
2018-01-27 15:14:03.354;RU;AS93-AS1-20180127151228
2018-01-27 15:14:04.744;RC;AS93-AS1-20180127151308
2018-01-27 15:14:06.168;SS;AS93-AS1-20180127151308
2018-01-27 15:14:06.573;VU;AS93-AS1-20180127151228
2018-01-27 15:14:28.737;RO;AS93-AS1-20180127151348
2018-01-27 15:14:29.714;SP;AS93-AS1-20180127151348
2018-01-27 15:14:31.383;SQ;AS93-AS1-20180127151431
2018-01-27 15:14:35.749;RU;AS93-AS1-20180127151308
2018-01-27 15:14:37.604;VU;AS93-AS1-20180127151308
2018-01-27 15:14:49.458;RC;AS93-AS1-20180127151348
2018-01-27 15:14:51.256;SS;AS93-AS1-20180127151348
2018-01-27 15:15:06.731;RO;AS93-AS1-20180127151431
2018-01-27 15:15:07.793;SP;AS93-AS1-20180127151431
2018-01-27 15:15:09.464;SQ;AS93-AS1-20180127151509
2018-01-27 15:15:21.030;RU;AS93-AS1-20180127151348
2018-01-27 15:15:23.061;RC;AS93-AS1-20180127151431
2018-01-27 15:15:23.780;VU;AS93-AS1-20180127151348
2018-01-27 15:15:24.056;SS;AS93-AS1-20180127151431
2018-01-27 15:15:44.281;RO;AS93-AS1-20180127151509
2018-01-27 15:15:45.358;SP;AS93-AS1-20180127151509
2018-01-27 15:15:47.009;SQ;AS93-AS1-20180127151547
2018-01-27 15:15:59.461;RC;AS93-AS1-20180127151509
2018-01-27 15:16:00.310;SS;AS93-AS1-20180127151509
2018-01-27 15:16:00.491;RU;AS93-AS1-20180127151431
2018-01-27 15:16:02.318;VU;AS93-AS1-20180127151431
2018-01-27 15:16:17.371;RO;AS93-AS1-20180127151547
2018-01-27 15:16:18.375;SP;AS93-AS1-20180127151547
2018-01-27 15:16:25.806;RU;AS93-AS1-20180127151509
2018-01-27 15:16:27.652;VU;AS93-AS1-20180127151509
2018-01-27 15:16:30.779;RC;AS93-AS1-20180127151547
2018-01-27 15:16:31.629;SS;AS93-AS1-20180127151547
2018-01-27 15:16:37.327;RU;AS93-AS1-20180127151547
2018-01-27 15:16:42.769;VU;AS93-AS1-20180127151547
