2018-01-27 14:56:24.387;SQ;AS98-AS1-20180127145624
2018-01-27 14:56:44.124;RO;AS98-AS1-20180127145624
2018-01-27 14:56:45.152;SP;AS98-AS1-20180127145624
2018-01-27 14:56:46.690;SQ;AS98-AS1-20180127145646
2018-01-27 14:56:59.329;RC;AS98-AS1-20180127145624
2018-01-27 14:57:00.080;SS;AS98-AS1-20180127145624
2018-01-27 14:57:20.268;RO;AS98-AS1-20180127145646
2018-01-27 14:57:21.485;SP;AS98-AS1-20180127145646
2018-01-27 14:57:23.014;SQ;AS98-AS1-20180127145723
2018-01-27 14:57:40.511;RC;AS98-AS1-20180127145646
2018-01-27 14:57:41.124;RU;AS98-AS1-20180127145624
2018-01-27 14:57:41.424;SS;AS98-AS1-20180127145646
2018-01-27 14:57:43.069;VU;AS98-AS1-20180127145624
2018-01-27 14:57:57.282;RO;AS98-AS1-20180127145723
2018-01-27 14:57:59.203;SP;AS98-AS1-20180127145723
2018-01-27 14:58:01.589;SQ;AS98-AS1-20180127145801
2018-01-27 14:58:16.569;RC;AS98-AS1-20180127145723
2018-01-27 14:58:17.383;SS;AS98-AS1-20180127145723
2018-01-27 14:58:20.685;RU;AS98-AS1-20180127145646
2018-01-27 14:58:22.454;VU;AS98-AS1-20180127145646
2018-01-27 14:58:37.658;RO;AS98-AS1-20180127145801
2018-01-27 14:58:38.877;SP;AS98-AS1-20180127145801
2018-01-27 14:58:40.380;SQ;AS98-AS1-20180127145840
2018-01-27 14:58:57.944;RU;AS98-AS1-20180127145723
2018-01-27 14:58:59.087;RC;AS98-AS1-20180127145801
2018-01-27 14:58:59.683;VU;AS98-AS1-20180127145723
2018-01-27 14:59:00.543;SS;AS98-AS1-20180127145801
2018-01-27 14:59:24.588;RO;AS98-AS1-20180127145840
2018-01-27 14:59:25.700;SP;AS98-AS1-20180127145840
2018-01-27 14:59:27.226;SQ;AS98-AS1-20180127145927
2018-01-27 14:59:39.502;RU;AS98-AS1-20180127145801
2018-01-27 14:59:41.279;VU;AS98-AS1-20180127145801
2018-01-27 14:59:43.001;RC;AS98-AS1-20180127145840
2018-01-27 14:59:43.749;SS;AS98-AS1-20180127145840
2018-01-27 15:00:05.697;RO;AS98-AS1-20180127145927
2018-01-27 15:00:06.555;SP;AS98-AS1-20180127145927
2018-01-27 15:00:08.108;SQ;AS98-AS1-20180127150008
2018-01-27 15:00:24.977;RU;AS98-AS1-20180127145840
2018-01-27 15:00:26.731;VU;AS98-AS1-20180127145840
2018-01-27 15:00:43.714;RO;AS98-AS1-20180127150008
2018-01-27 15:00:43.741;RC;AS98-AS1-20180127145927
2018-01-27 15:00:44.809;SS;AS98-AS1-20180127145927
2018-01-27 15:00:45.280;SP;AS98-AS1-20180127150008
2018-01-27 15:00:46.821;SQ;AS98-AS1-20180127150046
2018-01-27 15:01:21.354;RC;AS98-AS1-20180127150008
2018-01-27 15:01:22.405;RO;AS98-AS1-20180127150046
2018-01-27 15:01:22.499;SS;AS98-AS1-20180127150008
2018-01-27 15:01:23.618;SP;AS98-AS1-20180127150046
2018-01-27 15:01:25.127;SQ;AS98-AS1-20180127150125
2018-01-27 15:01:30.728;RU;AS98-AS1-20180127145927
2018-01-27 15:01:32.489;VU;AS98-AS1-20180127145927
2018-01-27 15:01:43.513;RC;AS98-AS1-20180127150046
2018-01-27 15:01:44.286;SS;AS98-AS1-20180127150046
2018-01-27 15:02:03.837;RO;AS98-AS1-20180127150125
2018-01-27 15:02:04.954;SP;AS98-AS1-20180127150125
2018-01-27 15:02:06.516;RU;AS98-AS1-20180127150008
2018-01-27 15:02:06.550;SQ;AS98-AS1-20180127150206
2018-01-27 15:02:08.801;VU;AS98-AS1-20180127150008
2018-01-27 15:02:23.716;RC;AS98-AS1-20180127150125
2018-01-27 15:02:24.536;SS;AS98-AS1-20180127150125
2018-01-27 15:02:24.845;RU;AS98-AS1-20180127150046
2018-01-27 15:02:26.640;VU;AS98-AS1-20180127150046
2018-01-27 15:02:47.640;RO;AS98-AS1-20180127150206
2018-01-27 15:02:48.846;SP;AS98-AS1-20180127150206
2018-01-27 15:02:50.365;SQ;AS98-AS1-20180127150250
2018-01-27 15:03:06.158;RC;AS98-AS1-20180127150206
2018-01-27 15:03:06.921;SS;AS98-AS1-20180127150206
2018-01-27 15:03:08.615;RU;AS98-AS1-20180127150125
2018-01-27 15:03:11.194;VU;AS98-AS1-20180127150125
2018-01-27 15:03:20.962;RO;AS98-AS1-20180127150250
2018-01-27 15:03:22.191;SP;AS98-AS1-20180127150250
2018-01-27 15:03:23.718;SQ;AS98-AS1-20180127150323
2018-01-27 15:03:40.215;RU;AS98-AS1-20180127150206
2018-01-27 15:03:42.247;RC;AS98-AS1-20180127150250
2018-01-27 15:03:43.501;SS;AS98-AS1-20180127150250
2018-01-27 15:04:02.966;RO;AS98-AS1-20180127150323
2018-01-27 15:04:04.708;SP;AS98-AS1-20180127150323
2018-01-27 15:04:06.792;SQ;AS98-AS1-20180127150406
2018-01-27 15:04:24.497;RU;AS98-AS1-20180127150250
2018-01-27 15:04:24.847;RC;AS98-AS1-20180127150323
2018-01-27 15:04:27.569;VU;AS98-AS1-20180127150250
2018-01-27 15:04:28.133;SS;AS98-AS1-20180127150323
2018-01-27 15:04:45.649;RO;AS98-AS1-20180127150406
2018-01-27 15:04:47.294;SP;AS98-AS1-20180127150406
2018-01-27 15:04:49.294;SQ;AS98-AS1-20180127150449
2018-01-27 15:04:56.612;RU;AS98-AS1-20180127150323
2018-01-27 15:04:59.434;VU;AS98-AS1-20180127150323
2018-01-27 15:05:07.903;RC;AS98-AS1-20180127150406
2018-01-27 15:05:09.408;SS;AS98-AS1-20180127150406
2018-01-27 15:05:24.840;RO;AS98-AS1-20180127150449
2018-01-27 15:05:27.770;SP;AS98-AS1-20180127150449
2018-01-27 15:05:31.197;SQ;AS98-AS1-20180127150531
2018-01-27 15:05:49.395;RC;AS98-AS1-20180127150449
2018-01-27 15:05:50.408;SS;AS98-AS1-20180127150449
2018-01-27 15:05:50.663;RU;AS98-AS1-20180127150406
2018-01-27 15:05:52.599;VU;AS98-AS1-20180127150406
2018-01-27 15:06:05.817;RO;AS98-AS1-20180127150531
2018-01-27 15:06:07.602;SP;AS98-AS1-20180127150531
2018-01-27 15:06:09.693;SQ;AS98-AS1-20180127150609
2018-01-27 15:06:26.363;RC;AS98-AS1-20180127150531
2018-01-27 15:06:28.213;SS;AS98-AS1-20180127150531
2018-01-27 15:06:28.419;RU;AS98-AS1-20180127150449
2018-01-27 15:06:31.543;VU;AS98-AS1-20180127150449
2018-01-27 15:06:45.742;RO;AS98-AS1-20180127150609
2018-01-27 15:06:46.624;SP;AS98-AS1-20180127150609
2018-01-27 15:06:48.766;SQ;AS98-AS1-20180127150648
2018-01-27 15:07:04.175;RC;AS98-AS1-20180127150609
2018-01-27 15:07:05.312;SS;AS98-AS1-20180127150609
2018-01-27 15:07:08.937;RU;AS98-AS1-20180127150531
2018-01-27 15:07:11.002;VU;AS98-AS1-20180127150531
2018-01-27 15:07:29.563;RO;AS98-AS1-20180127150648
2018-01-27 15:07:31.119;SP;AS98-AS1-20180127150648
2018-01-27 15:07:33.156;SQ;AS98-AS1-20180127150733
2018-01-27 15:07:45.707;RU;AS98-AS1-20180127150609
2018-01-27 15:07:45.933;RC;AS98-AS1-20180127150648
2018-01-27 15:07:47.881;SS;AS98-AS1-20180127150648
2018-01-27 15:07:48.269;VU;AS98-AS1-20180127150609
2018-01-27 15:08:11.723;RO;AS98-AS1-20180127150733
2018-01-27 15:08:12.995;SP;AS98-AS1-20180127150733
2018-01-27 15:08:15.184;SQ;AS98-AS1-20180127150815
2018-01-27 15:08:28.248;RU;AS98-AS1-20180127150648
2018-01-27 15:08:30.332;VU;AS98-AS1-20180127150648
2018-01-27 15:08:32.288;RC;AS98-AS1-20180127150733
2018-01-27 15:08:34.961;SS;AS98-AS1-20180127150733
2018-01-27 15:08:49.257;RO;AS98-AS1-20180127150815
2018-01-27 15:08:51.078;SP;AS98-AS1-20180127150815
2018-01-27 15:08:53.372;SQ;AS98-AS1-20180127150853
2018-01-27 15:09:08.912;RC;AS98-AS1-20180127150815
2018-01-27 15:09:10.149;SS;AS98-AS1-20180127150815
2018-01-27 15:09:18.990;RU;AS98-AS1-20180127150733
2018-01-27 15:09:21.996;VU;AS98-AS1-20180127150733
2018-01-27 15:09:34.945;RO;AS98-AS1-20180127150853
2018-01-27 15:09:37.148;SP;AS98-AS1-20180127150853
2018-01-27 15:09:40.275;SQ;AS98-AS1-20180127150940
2018-01-27 15:09:45.968;RU;AS98-AS1-20180127150815
2018-01-27 15:09:48.258;VU;AS98-AS1-20180127150815
2018-01-27 15:09:55.758;RC;AS98-AS1-20180127150853
2018-01-27 15:09:56.827;SS;AS98-AS1-20180127150853
2018-01-27 15:10:21.914;RO;AS98-AS1-20180127150940
2018-01-27 15:10:23.471;SP;AS98-AS1-20180127150940
2018-01-27 15:10:25.795;SQ;AS98-AS1-20180127151025
2018-01-27 15:10:37.319;RU;AS98-AS1-20180127150853
2018-01-27 15:10:39.238;VU;AS98-AS1-20180127150853
2018-01-27 15:10:44.077;RC;AS98-AS1-20180127150940
2018-01-27 15:10:44.841;SS;AS98-AS1-20180127150940
2018-01-27 15:11:09.000;RO;AS98-AS1-20180127151025
2018-01-27 15:11:10.235;SP;AS98-AS1-20180127151025
2018-01-27 15:11:12.450;SQ;AS98-AS1-20180127151112
2018-01-27 15:11:17.879;RU;AS98-AS1-20180127150940
2018-01-27 15:11:20.297;VU;AS98-AS1-20180127150940
2018-01-27 15:11:28.726;RC;AS98-AS1-20180127151025
2018-01-27 15:11:30.472;SS;AS98-AS1-20180127151025
2018-01-27 15:11:46.427;RO;AS98-AS1-20180127151112
2018-01-27 15:11:47.792;SP;AS98-AS1-20180127151112
2018-01-27 15:11:50.013;SQ;AS98-AS1-20180127151150
2018-01-27 15:12:04.730;RC;AS98-AS1-20180127151112
2018-01-27 15:12:05.988;SS;AS98-AS1-20180127151112
2018-01-27 15:12:14.772;RU;AS98-AS1-20180127151025
2018-01-27 15:12:18.108;VU;AS98-AS1-20180127151025
2018-01-27 15:12:26.585;RO;AS98-AS1-20180127151150
2018-01-27 15:12:28.267;SP;AS98-AS1-20180127151150
2018-01-27 15:12:30.524;SQ;AS98-AS1-20180127151230
2018-01-27 15:12:42.668;RU;AS98-AS1-20180127151112
2018-01-27 15:12:44.753;VU;AS98-AS1-20180127151112
2018-01-27 15:12:45.916;RC;AS98-AS1-20180127151150
2018-01-27 15:12:47.858;SS;AS98-AS1-20180127151150
2018-01-27 15:13:05.761;RO;AS98-AS1-20180127151230
2018-01-27 15:13:07.553;SP;AS98-AS1-20180127151230
2018-01-27 15:13:09.457;SQ;AS98-AS1-20180127151309
2018-01-27 15:13:28.508;RU;AS98-AS1-20180127151150
2018-01-27 15:13:28.540;RC;AS98-AS1-20180127151230
2018-01-27 15:13:30.439;SS;AS98-AS1-20180127151230
2018-01-27 15:13:31.308;VU;AS98-AS1-20180127151150
2018-01-27 15:14:00.446;RO;AS98-AS1-20180127151309
2018-01-27 15:14:01.675;SP;AS98-AS1-20180127151309
2018-01-27 15:14:06.301;SQ;AS98-AS1-20180127151406
2018-01-27 15:14:14.870;RU;AS98-AS1-20180127151230
2018-01-27 15:14:16.745;VU;AS98-AS1-20180127151230
2018-01-27 15:14:17.598;RC;AS98-AS1-20180127151309
2018-01-27 15:14:20.437;SS;AS98-AS1-20180127151309
2018-01-27 15:15:00.923;RU;AS98-AS1-20180127151309
2018-01-27 15:15:00.968;RO;AS98-AS1-20180127151406
2018-01-27 15:15:03.086;VU;AS98-AS1-20180127151309
2018-01-27 15:15:03.184;SP;AS98-AS1-20180127151406
2018-01-27 15:15:05.811;SQ;AS98-AS1-20180127151505
2018-01-27 15:15:20.343;RC;AS98-AS1-20180127151406
2018-01-27 15:15:22.892;SS;AS98-AS1-20180127151406
2018-01-27 15:15:38.034;RO;AS98-AS1-20180127151505
2018-01-27 15:15:39.690;SP;AS98-AS1-20180127151505
2018-01-27 15:15:41.685;SQ;AS98-AS1-20180127151541
2018-01-27 15:15:55.826;RC;AS98-AS1-20180127151505
2018-01-27 15:15:56.737;SS;AS98-AS1-20180127151505
2018-01-27 15:16:00.388;RU;AS98-AS1-20180127151406
2018-01-27 15:16:02.666;VU;AS98-AS1-20180127151406
2018-01-27 15:16:07.558;RO;AS98-AS1-20180127151541
2018-01-27 15:16:09.865;SP;AS98-AS1-20180127151541
2018-01-27 15:16:11.912;SQ;AS98-AS1-20180127151611
2018-01-27 15:16:18.489;RC;AS98-AS1-20180127151541
2018-01-27 15:16:19.767;SS;AS98-AS1-20180127151541
2018-01-27 15:16:21.978;RU;AS98-AS1-20180127151505
2018-01-27 15:16:27.692;VU;AS98-AS1-20180127151505
2018-01-27 15:16:30.739;RU;AS98-AS1-20180127151541
2018-01-27 15:16:30.947;RO;AS98-AS1-20180127151611
2018-01-27 15:16:32.789;SP;AS98-AS1-20180127151611
2018-01-27 15:16:33.586;RC;AS98-AS1-20180127151611
2018-01-27 15:16:34.924;SS;AS98-AS1-20180127151611
2018-01-27 15:16:40.574;RU;AS98-AS1-20180127151611
2018-01-27 15:16:44.664;VU;AS98-AS1-20180127151611
