2018-01-27 14:56:22.038;SQ;AS101-AS1-20180127145622
2018-01-27 14:56:39.276;RO;AS101-AS1-20180127145622
2018-01-27 14:56:40.541;SP;AS101-AS1-20180127145622
2018-01-27 14:56:42.194;SQ;AS101-AS1-20180127145642
2018-01-27 14:56:54.468;RC;AS101-AS1-20180127145622
2018-01-27 14:56:55.871;SS;AS101-AS1-20180127145622
2018-01-27 14:57:12.128;RO;AS101-AS1-20180127145642
2018-01-27 14:57:13.212;SP;AS101-AS1-20180127145642
2018-01-27 14:57:14.862;SQ;AS101-AS1-20180127145714
2018-01-27 14:57:31.828;RC;AS101-AS1-20180127145642
2018-01-27 14:57:32.680;SS;AS101-AS1-20180127145642
2018-01-27 14:57:36.729;RU;AS101-AS1-20180127145622
2018-01-27 14:57:38.553;VU;AS101-AS1-20180127145622
2018-01-27 14:57:49.301;RO;AS101-AS1-20180127145714
2018-01-27 14:57:50.245;SP;AS101-AS1-20180127145714
2018-01-27 14:57:51.884;SQ;AS101-AS1-20180127145751
2018-01-27 14:58:08.843;RC;AS101-AS1-20180127145714
2018-01-27 14:58:09.677;SS;AS101-AS1-20180127145714
2018-01-27 14:58:13.672;RU;AS101-AS1-20180127145642
2018-01-27 14:58:15.897;VU;AS101-AS1-20180127145642
2018-01-27 14:58:30.941;RO;AS101-AS1-20180127145751
2018-01-27 14:58:32.271;SP;AS101-AS1-20180127145751
2018-01-27 14:58:33.955;SQ;AS101-AS1-20180127145833
2018-01-27 14:58:46.735;RC;AS101-AS1-20180127145751
2018-01-27 14:58:47.544;SS;AS101-AS1-20180127145751
2018-01-27 14:59:08.163;RU;AS101-AS1-20180127145714
2018-01-27 14:59:09.104;RO;AS101-AS1-20180127145833
2018-01-27 14:59:10.008;VU;AS101-AS1-20180127145714
2018-01-27 14:59:10.345;SP;AS101-AS1-20180127145833
2018-01-27 14:59:12.016;SQ;AS101-AS1-20180127145912
2018-01-27 14:59:28.266;RC;AS101-AS1-20180127145833
2018-01-27 14:59:29.109;SS;AS101-AS1-20180127145833
2018-01-27 14:59:29.193;RU;AS101-AS1-20180127145751
2018-01-27 14:59:31.025;VU;AS101-AS1-20180127145751
2018-01-27 14:59:47.846;RO;AS101-AS1-20180127145912
2018-01-27 14:59:49.470;SP;AS101-AS1-20180127145912
2018-01-27 14:59:52.591;SQ;AS101-AS1-20180127145952
2018-01-27 15:00:05.442;RU;AS101-AS1-20180127145833
2018-01-27 15:00:07.449;VU;AS101-AS1-20180127145833
2018-01-27 15:00:11.650;RC;AS101-AS1-20180127145912
2018-01-27 15:00:12.462;SS;AS101-AS1-20180127145912
2018-01-27 15:00:30.637;RO;AS101-AS1-20180127145952
2018-01-27 15:00:31.956;SP;AS101-AS1-20180127145952
2018-01-27 15:00:33.608;SQ;AS101-AS1-20180127150033
2018-01-27 15:00:49.010;RC;AS101-AS1-20180127145952
2018-01-27 15:00:50.526;SS;AS101-AS1-20180127145952
2018-01-27 15:00:54.041;RU;AS101-AS1-20180127145912
2018-01-27 15:00:55.861;VU;AS101-AS1-20180127145912
2018-01-27 15:01:24.076;RO;AS101-AS1-20180127150033
2018-01-27 15:01:25.013;SP;AS101-AS1-20180127150033
2018-01-27 15:01:26.714;SQ;AS101-AS1-20180127150126
2018-01-27 15:01:30.925;RU;AS101-AS1-20180127145952
2018-01-27 15:01:32.780;VU;AS101-AS1-20180127145952
2018-01-27 15:01:43.498;RC;AS101-AS1-20180127150033
2018-01-27 15:01:44.348;SS;AS101-AS1-20180127150033
2018-01-27 15:02:00.701;RO;AS101-AS1-20180127150126
2018-01-27 15:02:01.599;SP;AS101-AS1-20180127150126
2018-01-27 15:02:03.256;SQ;AS101-AS1-20180127150203
2018-01-27 15:02:20.129;RC;AS101-AS1-20180127150126
2018-01-27 15:02:20.969;SS;AS101-AS1-20180127150126
2018-01-27 15:02:25.229;RU;AS101-AS1-20180127150033
2018-01-27 15:02:27.057;VU;AS101-AS1-20180127150033
2018-01-27 15:02:38.285;RO;AS101-AS1-20180127150203
2018-01-27 15:02:40.058;SP;AS101-AS1-20180127150203
2018-01-27 15:02:42.425;SQ;AS101-AS1-20180127150242
2018-01-27 15:03:02.473;RU;AS101-AS1-20180127150126
2018-01-27 15:03:02.646;RC;AS101-AS1-20180127150203
2018-01-27 15:03:04.167;SS;AS101-AS1-20180127150203
2018-01-27 15:03:04.923;VU;AS101-AS1-20180127150126
2018-01-27 15:03:20.519;RO;AS101-AS1-20180127150242
2018-01-27 15:03:21.816;SP;AS101-AS1-20180127150242
2018-01-27 15:03:23.485;SQ;AS101-AS1-20180127150323
2018-01-27 15:03:41.072;RU;AS101-AS1-20180127150203
2018-01-27 15:03:41.949;RC;AS101-AS1-20180127150242
2018-01-27 15:03:42.813;SS;AS101-AS1-20180127150242
2018-01-27 15:03:42.910;VU;AS101-AS1-20180127150203
2018-01-27 15:03:58.591;RO;AS101-AS1-20180127150323
2018-01-27 15:03:59.840;SP;AS101-AS1-20180127150323
2018-01-27 15:04:01.519;SQ;AS101-AS1-20180127150401
2018-01-27 15:04:21.310;RC;AS101-AS1-20180127150323
2018-01-27 15:04:22.167;SS;AS101-AS1-20180127150323
2018-01-27 15:04:25.280;RU;AS101-AS1-20180127150242
2018-01-27 15:04:28.029;VU;AS101-AS1-20180127150242
2018-01-27 15:04:39.454;RO;AS101-AS1-20180127150401
2018-01-27 15:04:40.424;SP;AS101-AS1-20180127150401
2018-01-27 15:04:43.899;SQ;AS101-AS1-20180127150443
2018-01-27 15:04:58.612;RC;AS101-AS1-20180127150401
2018-01-27 15:04:59.437;SS;AS101-AS1-20180127150401
2018-01-27 15:05:04.219;RU;AS101-AS1-20180127150323
2018-01-27 15:05:06.034;VU;AS101-AS1-20180127150323
2018-01-27 15:05:20.664;RO;AS101-AS1-20180127150443
2018-01-27 15:05:21.786;SP;AS101-AS1-20180127150443
2018-01-27 15:05:23.456;SQ;AS101-AS1-20180127150523
2018-01-27 15:05:37.712;RU;AS101-AS1-20180127150401
2018-01-27 15:05:39.002;RC;AS101-AS1-20180127150443
2018-01-27 15:05:39.548;VU;AS101-AS1-20180127150401
2018-01-27 15:05:39.834;SS;AS101-AS1-20180127150443
2018-01-27 15:05:56.046;RO;AS101-AS1-20180127150523
2018-01-27 15:05:58.200;SP;AS101-AS1-20180127150523
2018-01-27 15:06:00.198;SQ;AS101-AS1-20180127150600
2018-01-27 15:06:22.611;RU;AS101-AS1-20180127150443
2018-01-27 15:06:24.452;VU;AS101-AS1-20180127150443
2018-01-27 15:06:29.316;RC;AS101-AS1-20180127150523
2018-01-27 15:06:30.148;SS;AS101-AS1-20180127150523
2018-01-27 15:06:41.044;RO;AS101-AS1-20180127150600
2018-01-27 15:06:42.066;SP;AS101-AS1-20180127150600
2018-01-27 15:06:45.314;SQ;AS101-AS1-20180127150645
2018-01-27 15:07:01.309;RC;AS101-AS1-20180127150600
2018-01-27 15:07:02.142;SS;AS101-AS1-20180127150600
2018-01-27 15:07:14.348;RU;AS101-AS1-20180127150523
2018-01-27 15:07:16.652;VU;AS101-AS1-20180127150523
2018-01-27 15:07:28.185;RO;AS101-AS1-20180127150645
2018-01-27 15:07:30.093;SP;AS101-AS1-20180127150645
2018-01-27 15:07:32.097;SQ;AS101-AS1-20180127150732
2018-01-27 15:07:37.500;RU;AS101-AS1-20180127150600
2018-01-27 15:07:39.322;VU;AS101-AS1-20180127150600
2018-01-27 15:07:41.697;RC;AS101-AS1-20180127150645
2018-01-27 15:07:42.527;SS;AS101-AS1-20180127150645
2018-01-27 15:08:12.448;RO;AS101-AS1-20180127150732
2018-01-27 15:08:13.498;SP;AS101-AS1-20180127150732
2018-01-27 15:08:15.139;SQ;AS101-AS1-20180127150815
2018-01-27 15:08:28.263;RU;AS101-AS1-20180127150645
2018-01-27 15:08:30.078;VU;AS101-AS1-20180127150645
2018-01-27 15:08:31.519;RC;AS101-AS1-20180127150732
2018-01-27 15:08:32.361;SS;AS101-AS1-20180127150732
2018-01-27 15:08:54.565;RO;AS101-AS1-20180127150815
2018-01-27 15:08:55.529;SP;AS101-AS1-20180127150815
2018-01-27 15:08:57.216;SQ;AS101-AS1-20180127150857
2018-01-27 15:09:19.285;RC;AS101-AS1-20180127150815
2018-01-27 15:09:19.403;RU;AS101-AS1-20180127150732
2018-01-27 15:09:21.639;SS;AS101-AS1-20180127150815
2018-01-27 15:09:22.747;VU;AS101-AS1-20180127150732
2018-01-27 15:09:35.974;RO;AS101-AS1-20180127150857
2018-01-27 15:09:37.991;SP;AS101-AS1-20180127150857
2018-01-27 15:09:40.049;SQ;AS101-AS1-20180127150940
2018-01-27 15:09:57.227;RC;AS101-AS1-20180127150857
2018-01-27 15:09:58.045;SS;AS101-AS1-20180127150857
2018-01-27 15:10:06.513;RU;AS101-AS1-20180127150815
2018-01-27 15:10:08.363;VU;AS101-AS1-20180127150815
2018-01-27 15:10:13.371;RO;AS101-AS1-20180127150940
2018-01-27 15:10:14.853;SP;AS101-AS1-20180127150940
2018-01-27 15:10:16.538;SQ;AS101-AS1-20180127151016
2018-01-27 15:10:36.290;RC;AS101-AS1-20180127150940
2018-01-27 15:10:36.646;RU;AS101-AS1-20180127150857
2018-01-27 15:10:37.558;SS;AS101-AS1-20180127150940
2018-01-27 15:10:39.013;VU;AS101-AS1-20180127150857
2018-01-27 15:10:51.594;RO;AS101-AS1-20180127151016
2018-01-27 15:10:52.906;SP;AS101-AS1-20180127151016
2018-01-27 15:10:54.560;SQ;AS101-AS1-20180127151054
2018-01-27 15:11:09.439;RU;AS101-AS1-20180127150940
2018-01-27 15:11:10.379;RC;AS101-AS1-20180127151016
2018-01-27 15:11:11.194;SS;AS101-AS1-20180127151016
2018-01-27 15:11:11.257;VU;AS101-AS1-20180127150940
2018-01-27 15:11:31.496;RO;AS101-AS1-20180127151054
2018-01-27 15:11:32.417;SP;AS101-AS1-20180127151054
2018-01-27 15:11:34.086;SQ;AS101-AS1-20180127151134
2018-01-27 15:11:52.868;RU;AS101-AS1-20180127151016
2018-01-27 15:11:52.932;RC;AS101-AS1-20180127151054
2018-01-27 15:11:54.583;SS;AS101-AS1-20180127151054
2018-01-27 15:11:55.493;VU;AS101-AS1-20180127151016
2018-01-27 15:12:10.632;RO;AS101-AS1-20180127151134
2018-01-27 15:12:11.981;SP;AS101-AS1-20180127151134
2018-01-27 15:12:13.660;SQ;AS101-AS1-20180127151213
2018-01-27 15:12:30.015;RU;AS101-AS1-20180127151054
2018-01-27 15:12:31.418;RC;AS101-AS1-20180127151134
2018-01-27 15:12:32.993;VU;AS101-AS1-20180127151054
2018-01-27 15:12:33.255;SS;AS101-AS1-20180127151134
2018-01-27 15:12:49.659;RO;AS101-AS1-20180127151213
2018-01-27 15:12:50.522;SP;AS101-AS1-20180127151213
2018-01-27 15:12:52.182;SQ;AS101-AS1-20180127151252
2018-01-27 15:13:09.214;RC;AS101-AS1-20180127151213
2018-01-27 15:13:10.039;SS;AS101-AS1-20180127151213
2018-01-27 15:13:17.527;RU;AS101-AS1-20180127151134
2018-01-27 15:13:20.264;VU;AS101-AS1-20180127151134
2018-01-27 15:13:28.540;RO;AS101-AS1-20180127151252
2018-01-27 15:13:29.546;SP;AS101-AS1-20180127151252
2018-01-27 15:13:31.201;SQ;AS101-AS1-20180127151331
2018-01-27 15:13:46.251;RU;AS101-AS1-20180127151213
2018-01-27 15:13:47.047;RC;AS101-AS1-20180127151252
2018-01-27 15:13:48.146;VU;AS101-AS1-20180127151213
2018-01-27 15:13:48.550;SS;AS101-AS1-20180127151252
2018-01-27 15:14:11.346;RO;AS101-AS1-20180127151331
2018-01-27 15:14:12.574;SP;AS101-AS1-20180127151331
2018-01-27 15:14:14.256;SQ;AS101-AS1-20180127151414
2018-01-27 15:14:26.030;RC;AS101-AS1-20180127151331
2018-01-27 15:14:26.878;SS;AS101-AS1-20180127151331
2018-01-27 15:14:31.142;RU;AS101-AS1-20180127151252
2018-01-27 15:14:32.977;VU;AS101-AS1-20180127151252
2018-01-27 15:14:45.188;RO;AS101-AS1-20180127151414
2018-01-27 15:14:46.143;SP;AS101-AS1-20180127151414
2018-01-27 15:14:47.823;SQ;AS101-AS1-20180127151447
2018-01-27 15:15:02.067;RU;AS101-AS1-20180127151331
2018-01-27 15:15:03.899;RC;AS101-AS1-20180127151414
2018-01-27 15:15:03.910;VU;AS101-AS1-20180127151331
2018-01-27 15:15:04.887;SS;AS101-AS1-20180127151414
2018-01-27 15:15:22.991;RO;AS101-AS1-20180127151447
2018-01-27 15:15:24.208;SP;AS101-AS1-20180127151447
2018-01-27 15:15:25.875;SQ;AS101-AS1-20180127151525
2018-01-27 15:15:44.286;RC;AS101-AS1-20180127151447
2018-01-27 15:15:45.125;RU;AS101-AS1-20180127151414
2018-01-27 15:15:45.129;SS;AS101-AS1-20180127151447
2018-01-27 15:15:46.953;VU;AS101-AS1-20180127151414
2018-01-27 15:15:55.850;RO;AS101-AS1-20180127151525
2018-01-27 15:15:56.757;SP;AS101-AS1-20180127151525
2018-01-27 15:16:09.247;RC;AS101-AS1-20180127151525
2018-01-27 15:16:10.067;SS;AS101-AS1-20180127151525
2018-01-27 15:16:16.300;RU;AS101-AS1-20180127151447
2018-01-27 15:16:18.152;VU;AS101-AS1-20180127151447
2018-01-27 15:16:30.820;RU;AS101-AS1-20180127151525
2018-01-27 15:16:32.629;VU;AS101-AS1-20180127151525
