2018-01-27 14:56:17.847;SQ;AS13-AS1-20180127145617
2018-01-27 14:56:19.433;RO;AS13-AS1-20180127145617
2018-01-27 14:56:20.681;SP;AS13-AS1-20180127145617
2018-01-27 14:56:22.336;SQ;AS13-AS1-20180127145622
2018-01-27 14:56:27.754;RC;AS13-AS1-20180127145617
2018-01-27 14:56:28.596;SS;AS13-AS1-20180127145617
2018-01-27 14:56:39.112;RO;AS13-AS1-20180127145622
2018-01-27 14:56:40.488;SP;AS13-AS1-20180127145622
2018-01-27 14:56:42.189;SQ;AS13-AS1-20180127145642
2018-01-27 14:56:53.205;RU;AS13-AS1-20180127145617
2018-01-27 14:56:55.024;VU;AS13-AS1-20180127145617
2018-01-27 14:56:55.115;RC;AS13-AS1-20180127145622
2018-01-27 14:56:56.311;SS;AS13-AS1-20180127145622
2018-01-27 14:57:14.237;RO;AS13-AS1-20180127145642
2018-01-27 14:57:15.556;SP;AS13-AS1-20180127145642
2018-01-27 14:57:17.213;SQ;AS13-AS1-20180127145717
2018-01-27 14:57:36.480;RC;AS13-AS1-20180127145642
2018-01-27 14:57:36.624;RU;AS13-AS1-20180127145622
2018-01-27 14:57:38.023;SS;AS13-AS1-20180127145642
2018-01-27 14:57:39.193;VU;AS13-AS1-20180127145622
2018-01-27 14:57:48.407;RO;AS13-AS1-20180127145717
2018-01-27 14:57:49.597;SP;AS13-AS1-20180127145717
2018-01-27 14:57:51.298;SQ;AS13-AS1-20180127145751
2018-01-27 14:58:20.758;RU;AS13-AS1-20180127145642
2018-01-27 14:58:21.860;RC;AS13-AS1-20180127145717
2018-01-27 14:58:22.603;VU;AS13-AS1-20180127145642
2018-01-27 14:58:22.719;SS;AS13-AS1-20180127145717
2018-01-27 14:58:25.566;RO;AS13-AS1-20180127145751
2018-01-27 14:58:26.675;SP;AS13-AS1-20180127145751
2018-01-27 14:58:29.121;SQ;AS13-AS1-20180127145829
2018-01-27 14:58:45.235;RC;AS13-AS1-20180127145751
2018-01-27 14:58:46.246;SS;AS13-AS1-20180127145751
2018-01-27 14:59:02.461;RU;AS13-AS1-20180127145717
2018-01-27 14:59:04.306;VU;AS13-AS1-20180127145717
2018-01-27 14:59:08.071;RO;AS13-AS1-20180127145829
2018-01-27 14:59:09.007;SP;AS13-AS1-20180127145829
2018-01-27 14:59:10.686;SQ;AS13-AS1-20180127145910
2018-01-27 14:59:26.704;RU;AS13-AS1-20180127145751
2018-01-27 14:59:28.531;VU;AS13-AS1-20180127145751
2018-01-27 14:59:28.733;RC;AS13-AS1-20180127145829
2018-01-27 14:59:29.563;SS;AS13-AS1-20180127145829
2018-01-27 14:59:47.103;RO;AS13-AS1-20180127145910
2018-01-27 14:59:48.093;SP;AS13-AS1-20180127145910
2018-01-27 14:59:51.334;SQ;AS13-AS1-20180127145951
2018-01-27 15:00:08.094;RC;AS13-AS1-20180127145910
2018-01-27 15:00:08.929;SS;AS13-AS1-20180127145910
2018-01-27 15:00:11.726;RU;AS13-AS1-20180127145829
2018-01-27 15:00:13.564;VU;AS13-AS1-20180127145829
2018-01-27 15:00:24.913;RO;AS13-AS1-20180127145951
2018-01-27 15:00:26.236;SP;AS13-AS1-20180127145951
2018-01-27 15:00:27.917;SQ;AS13-AS1-20180127150027
2018-01-27 15:00:44.661;RC;AS13-AS1-20180127145951
2018-01-27 15:00:45.498;SS;AS13-AS1-20180127145951
2018-01-27 15:00:49.579;RU;AS13-AS1-20180127145910
2018-01-27 15:00:52.337;VU;AS13-AS1-20180127145910
2018-01-27 15:01:02.452;RO;AS13-AS1-20180127150027
2018-01-27 15:01:03.317;SP;AS13-AS1-20180127150027
2018-01-27 15:01:05.660;SQ;AS13-AS1-20180127150105
2018-01-27 15:01:22.307;RC;AS13-AS1-20180127150027
2018-01-27 15:01:23.146;SS;AS13-AS1-20180127150027
2018-01-27 15:01:30.691;RU;AS13-AS1-20180127145951
2018-01-27 15:01:32.515;VU;AS13-AS1-20180127145951
2018-01-27 15:01:50.572;RO;AS13-AS1-20180127150105
2018-01-27 15:01:51.542;SP;AS13-AS1-20180127150105
2018-01-27 15:01:54.977;SQ;AS13-AS1-20180127150154
2018-01-27 15:02:05.339;RU;AS13-AS1-20180127150027
2018-01-27 15:02:07.169;VU;AS13-AS1-20180127150027
2018-01-27 15:02:15.307;RC;AS13-AS1-20180127150105
2018-01-27 15:02:16.150;SS;AS13-AS1-20180127150105
2018-01-27 15:02:34.407;RO;AS13-AS1-20180127150154
2018-01-27 15:02:35.364;SP;AS13-AS1-20180127150154
2018-01-27 15:02:37.033;SQ;AS13-AS1-20180127150237
2018-01-27 15:02:48.413;RU;AS13-AS1-20180127150105
2018-01-27 15:02:50.246;VU;AS13-AS1-20180127150105
2018-01-27 15:02:53.187;RC;AS13-AS1-20180127150154
2018-01-27 15:02:54.898;SS;AS13-AS1-20180127150154
2018-01-27 15:03:19.572;RO;AS13-AS1-20180127150237
2018-01-27 15:03:20.413;SP;AS13-AS1-20180127150237
2018-01-27 15:03:22.071;SQ;AS13-AS1-20180127150322
2018-01-27 15:03:34.676;RU;AS13-AS1-20180127150154
2018-01-27 15:03:36.522;VU;AS13-AS1-20180127150154
2018-01-27 15:03:38.012;RC;AS13-AS1-20180127150237
2018-01-27 15:03:38.865;SS;AS13-AS1-20180127150237
2018-01-27 15:03:56.056;RO;AS13-AS1-20180127150322
2018-01-27 15:03:57.345;SP;AS13-AS1-20180127150322
2018-01-27 15:03:59.035;SQ;AS13-AS1-20180127150359
2018-01-27 15:04:12.084;RC;AS13-AS1-20180127150322
2018-01-27 15:04:12.941;SS;AS13-AS1-20180127150322
2018-01-27 15:04:21.429;RU;AS13-AS1-20180127150237
2018-01-27 15:04:23.286;VU;AS13-AS1-20180127150237
2018-01-27 15:04:31.085;RO;AS13-AS1-20180127150359
2018-01-27 15:04:32.397;SP;AS13-AS1-20180127150359
2018-01-27 15:04:34.071;SQ;AS13-AS1-20180127150434
2018-01-27 15:04:51.953;RC;AS13-AS1-20180127150359
2018-01-27 15:04:52.810;SS;AS13-AS1-20180127150359
2018-01-27 15:04:53.745;RU;AS13-AS1-20180127150322
2018-01-27 15:04:55.577;VU;AS13-AS1-20180127150322
2018-01-27 15:05:09.920;RO;AS13-AS1-20180127150434
2018-01-27 15:05:11.392;SP;AS13-AS1-20180127150434
2018-01-27 15:05:13.872;SQ;AS13-AS1-20180127150513
2018-01-27 15:05:36.614;RU;AS13-AS1-20180127150359
2018-01-27 15:05:36.673;RC;AS13-AS1-20180127150434
2018-01-27 15:05:38.317;SS;AS13-AS1-20180127150434
2018-01-27 15:05:39.316;VU;AS13-AS1-20180127150359
2018-01-27 15:05:50.698;RO;AS13-AS1-20180127150513
2018-01-27 15:05:51.764;SP;AS13-AS1-20180127150513
2018-01-27 15:05:53.480;SQ;AS13-AS1-20180127150553
2018-01-27 15:06:10.691;RC;AS13-AS1-20180127150513
2018-01-27 15:06:11.522;SS;AS13-AS1-20180127150513
2018-01-27 15:06:12.041;RU;AS13-AS1-20180127150434
2018-01-27 15:06:14.808;VU;AS13-AS1-20180127150434
2018-01-27 15:06:24.014;RO;AS13-AS1-20180127150553
2018-01-27 15:06:24.866;SP;AS13-AS1-20180127150553
2018-01-27 15:06:26.518;SQ;AS13-AS1-20180127150626
2018-01-27 15:06:43.288;RC;AS13-AS1-20180127150553
2018-01-27 15:06:44.743;SS;AS13-AS1-20180127150553
2018-01-27 15:06:47.775;RU;AS13-AS1-20180127150513
2018-01-27 15:06:49.599;VU;AS13-AS1-20180127150513
2018-01-27 15:07:03.245;RO;AS13-AS1-20180127150626
2018-01-27 15:07:04.395;SP;AS13-AS1-20180127150626
2018-01-27 15:07:06.082;SQ;AS13-AS1-20180127150706
2018-01-27 15:07:29.016;RC;AS13-AS1-20180127150626
2018-01-27 15:07:29.016;RU;AS13-AS1-20180127150553
2018-01-27 15:07:31.313;SS;AS13-AS1-20180127150626
2018-01-27 15:07:32.315;VU;AS13-AS1-20180127150553
2018-01-27 15:07:42.494;RO;AS13-AS1-20180127150706
2018-01-27 15:07:43.446;SP;AS13-AS1-20180127150706
2018-01-27 15:07:46.597;SQ;AS13-AS1-20180127150746
2018-01-27 15:08:00.341;RC;AS13-AS1-20180127150706
2018-01-27 15:08:02.078;SS;AS13-AS1-20180127150706
2018-01-27 15:08:15.904;RU;AS13-AS1-20180127150626
2018-01-27 15:08:17.803;VU;AS13-AS1-20180127150626
2018-01-27 15:08:21.079;RO;AS13-AS1-20180127150746
2018-01-27 15:08:21.993;SP;AS13-AS1-20180127150746
2018-01-27 15:08:23.686;SQ;AS13-AS1-20180127150823
2018-01-27 15:08:43.443;RU;AS13-AS1-20180127150706
2018-01-27 15:08:43.738;RC;AS13-AS1-20180127150746
2018-01-27 15:08:45.126;SS;AS13-AS1-20180127150746
2018-01-27 15:08:45.752;VU;AS13-AS1-20180127150706
2018-01-27 15:08:59.007;RO;AS13-AS1-20180127150823
2018-01-27 15:09:00.059;SP;AS13-AS1-20180127150823
2018-01-27 15:09:01.756;SQ;AS13-AS1-20180127150901
2018-01-27 15:09:20.452;RC;AS13-AS1-20180127150823
2018-01-27 15:09:21.282;SS;AS13-AS1-20180127150823
2018-01-27 15:09:24.638;RU;AS13-AS1-20180127150746
2018-01-27 15:09:26.490;VU;AS13-AS1-20180127150746
2018-01-27 15:09:34.991;RO;AS13-AS1-20180127150901
2018-01-27 15:09:36.474;SP;AS13-AS1-20180127150901
2018-01-27 15:09:39.468;SQ;AS13-AS1-20180127150939
2018-01-27 15:09:56.411;RC;AS13-AS1-20180127150901
2018-01-27 15:09:57.242;SS;AS13-AS1-20180127150901
2018-01-27 15:10:06.601;RU;AS13-AS1-20180127150823
2018-01-27 15:10:08.430;VU;AS13-AS1-20180127150823
2018-01-27 15:10:21.849;RO;AS13-AS1-20180127150939
2018-01-27 15:10:22.868;SP;AS13-AS1-20180127150939
2018-01-27 15:10:24.544;SQ;AS13-AS1-20180127151024
2018-01-27 15:10:29.195;RU;AS13-AS1-20180127150901
2018-01-27 15:10:31.074;VU;AS13-AS1-20180127150901
2018-01-27 15:10:39.907;RC;AS13-AS1-20180127150939
2018-01-27 15:10:40.748;SS;AS13-AS1-20180127150939
2018-01-27 15:11:09.016;RO;AS13-AS1-20180127151024
2018-01-27 15:11:09.939;SP;AS13-AS1-20180127151024
2018-01-27 15:11:11.615;SQ;AS13-AS1-20180127151111
2018-01-27 15:11:13.694;RU;AS13-AS1-20180127150939
2018-01-27 15:11:16.435;VU;AS13-AS1-20180127150939
2018-01-27 15:11:26.603;RC;AS13-AS1-20180127151024
2018-01-27 15:11:27.458;SS;AS13-AS1-20180127151024
2018-01-27 15:11:52.804;RO;AS13-AS1-20180127151111
2018-01-27 15:11:54.014;SP;AS13-AS1-20180127151111
2018-01-27 15:11:55.724;SQ;AS13-AS1-20180127151155
2018-01-27 15:12:04.020;RU;AS13-AS1-20180127151024
2018-01-27 15:12:05.870;VU;AS13-AS1-20180127151024
2018-01-27 15:12:10.429;RC;AS13-AS1-20180127151111
2018-01-27 15:12:11.277;SS;AS13-AS1-20180127151111
2018-01-27 15:12:26.043;RO;AS13-AS1-20180127151155
2018-01-27 15:12:27.108;SP;AS13-AS1-20180127151155
2018-01-27 15:12:28.796;SQ;AS13-AS1-20180127151228
2018-01-27 15:12:43.173;RU;AS13-AS1-20180127151111
2018-01-27 15:12:45.023;VU;AS13-AS1-20180127151111
2018-01-27 15:12:45.946;RC;AS13-AS1-20180127151155
2018-01-27 15:12:47.688;SS;AS13-AS1-20180127151155
2018-01-27 15:13:03.746;RO;AS13-AS1-20180127151228
2018-01-27 15:13:04.714;SP;AS13-AS1-20180127151228
2018-01-27 15:13:06.403;SQ;AS13-AS1-20180127151306
2018-01-27 15:13:15.287;RC;AS13-AS1-20180127151228
2018-01-27 15:13:16.139;SS;AS13-AS1-20180127151228
2018-01-27 15:13:42.143;RU;AS13-AS1-20180127151155
2018-01-27 15:13:43.994;VU;AS13-AS1-20180127151155
2018-01-27 15:13:45.392;RO;AS13-AS1-20180127151306
2018-01-27 15:13:46.287;SP;AS13-AS1-20180127151306
2018-01-27 15:13:48.550;SQ;AS13-AS1-20180127151348
2018-01-27 15:13:52.239;RU;AS13-AS1-20180127151228
2018-01-27 15:13:54.076;VU;AS13-AS1-20180127151228
2018-01-27 15:14:03.154;RC;AS13-AS1-20180127151306
2018-01-27 15:14:04.933;SS;AS13-AS1-20180127151306
2018-01-27 15:14:37.116;RO;AS13-AS1-20180127151348
2018-01-27 15:14:38.435;SP;AS13-AS1-20180127151348
2018-01-27 15:14:40.090;SQ;AS13-AS1-20180127151440
2018-01-27 15:14:41.978;RU;AS13-AS1-20180127151306
2018-01-27 15:14:43.841;VU;AS13-AS1-20180127151306
2018-01-27 15:15:00.827;RC;AS13-AS1-20180127151348
2018-01-27 15:15:01.682;SS;AS13-AS1-20180127151348
2018-01-27 15:15:15.239;RO;AS13-AS1-20180127151440
2018-01-27 15:15:16.472;SP;AS13-AS1-20180127151440
2018-01-27 15:15:31.561;RC;AS13-AS1-20180127151440
2018-01-27 15:15:32.419;SS;AS13-AS1-20180127151440
2018-01-27 15:15:39.369;RU;AS13-AS1-20180127151348
2018-01-27 15:15:41.224;VU;AS13-AS1-20180127151348
2018-01-27 15:16:01.875;RU;AS13-AS1-20180127151440
