2018-01-27 14:56:18.264;SQ;AS20-AS1-20180127145618
2018-01-27 14:56:20.587;RO;AS20-AS1-20180127145618
2018-01-27 14:56:21.599;SP;AS20-AS1-20180127145618
2018-01-27 14:56:23.206;SQ;AS20-AS1-20180127145623
2018-01-27 14:56:29.022;RC;AS20-AS1-20180127145618
2018-01-27 14:56:29.831;SS;AS20-AS1-20180127145618
2018-01-27 14:56:41.036;RO;AS20-AS1-20180127145623
2018-01-27 14:56:42.040;SP;AS20-AS1-20180127145623
2018-01-27 14:56:43.611;SQ;AS20-AS1-20180127145643
2018-01-27 14:56:58.071;RU;AS20-AS1-20180127145618
2018-01-27 14:56:58.083;RC;AS20-AS1-20180127145623
2018-01-27 14:56:59.688;SS;AS20-AS1-20180127145623
2018-01-27 14:57:00.685;VU;AS20-AS1-20180127145618
2018-01-27 14:57:14.300;RO;AS20-AS1-20180127145643
2018-01-27 14:57:15.473;SP;AS20-AS1-20180127145643
2018-01-27 14:57:17.159;SQ;AS20-AS1-20180127145717
2018-01-27 14:57:36.863;RC;AS20-AS1-20180127145643
2018-01-27 14:57:37.686;SS;AS20-AS1-20180127145643
2018-01-27 14:57:43.266;RU;AS20-AS1-20180127145623
2018-01-27 14:57:45.567;VU;AS20-AS1-20180127145623
2018-01-27 14:57:53.889;RO;AS20-AS1-20180127145717
2018-01-27 14:57:55.000;SP;AS20-AS1-20180127145717
2018-01-27 14:57:56.589;SQ;AS20-AS1-20180127145756
2018-01-27 14:58:11.371;RC;AS20-AS1-20180127145717
2018-01-27 14:58:12.187;SS;AS20-AS1-20180127145717
2018-01-27 14:58:20.538;RU;AS20-AS1-20180127145643
2018-01-27 14:58:22.347;VU;AS20-AS1-20180127145643
2018-01-27 14:58:38.645;RO;AS20-AS1-20180127145756
2018-01-27 14:58:39.929;SP;AS20-AS1-20180127145756
2018-01-27 14:58:41.521;SQ;AS20-AS1-20180127145841
2018-01-27 14:58:49.067;RU;AS20-AS1-20180127145717
2018-01-27 14:58:50.847;VU;AS20-AS1-20180127145717
2018-01-27 14:59:01.126;RC;AS20-AS1-20180127145756
2018-01-27 14:59:01.980;SS;AS20-AS1-20180127145756
2018-01-27 14:59:24.087;RO;AS20-AS1-20180127145841
2018-01-27 14:59:25.362;SP;AS20-AS1-20180127145841
2018-01-27 14:59:26.959;SQ;AS20-AS1-20180127145926
2018-01-27 14:59:43.895;RC;AS20-AS1-20180127145841
2018-01-27 14:59:43.938;RU;AS20-AS1-20180127145756
2018-01-27 14:59:45.494;SS;AS20-AS1-20180127145841
2018-01-27 14:59:46.494;VU;AS20-AS1-20180127145756
2018-01-27 15:00:01.986;RO;AS20-AS1-20180127145926
2018-01-27 15:00:02.832;SP;AS20-AS1-20180127145926
2018-01-27 15:00:05.159;SQ;AS20-AS1-20180127150005
2018-01-27 15:00:22.214;RC;AS20-AS1-20180127145926
2018-01-27 15:00:23.012;SS;AS20-AS1-20180127145926
2018-01-27 15:00:27.485;RU;AS20-AS1-20180127145841
2018-01-27 15:00:29.282;VU;AS20-AS1-20180127145841
2018-01-27 15:00:37.335;RO;AS20-AS1-20180127150005
2018-01-27 15:00:38.493;SP;AS20-AS1-20180127150005
2018-01-27 15:00:40.110;SQ;AS20-AS1-20180127150040
2018-01-27 15:00:58.921;RC;AS20-AS1-20180127150005
2018-01-27 15:00:59.731;SS;AS20-AS1-20180127150005
2018-01-27 15:01:06.635;RU;AS20-AS1-20180127145926
2018-01-27 15:01:06.831;RO;AS20-AS1-20180127150040
2018-01-27 15:01:08.279;SP;AS20-AS1-20180127150040
2018-01-27 15:01:08.711;VU;AS20-AS1-20180127145926
2018-01-27 15:01:09.937;SQ;AS20-AS1-20180127150109
2018-01-27 15:01:30.928;RC;AS20-AS1-20180127150040
2018-01-27 15:01:31.724;SS;AS20-AS1-20180127150040
2018-01-27 15:01:36.932;RU;AS20-AS1-20180127150005
2018-01-27 15:01:39.127;VU;AS20-AS1-20180127150005
2018-01-27 15:01:44.340;RO;AS20-AS1-20180127150109
2018-01-27 15:01:45.329;SP;AS20-AS1-20180127150109
2018-01-27 15:01:46.963;SQ;AS20-AS1-20180127150146
2018-01-27 15:02:03.182;RC;AS20-AS1-20180127150109
2018-01-27 15:02:03.997;SS;AS20-AS1-20180127150109
2018-01-27 15:02:15.894;RU;AS20-AS1-20180127150040
2018-01-27 15:02:17.725;VU;AS20-AS1-20180127150040
2018-01-27 15:02:21.279;RO;AS20-AS1-20180127150146
2018-01-27 15:02:22.336;SP;AS20-AS1-20180127150146
2018-01-27 15:02:25.303;SQ;AS20-AS1-20180127150225
2018-01-27 15:02:47.603;RU;AS20-AS1-20180127150109
2018-01-27 15:02:47.758;RC;AS20-AS1-20180127150146
2018-01-27 15:02:49.256;SS;AS20-AS1-20180127150146
2018-01-27 15:02:50.059;VU;AS20-AS1-20180127150109
2018-01-27 15:02:57.484;RO;AS20-AS1-20180127150225
2018-01-27 15:02:58.648;SP;AS20-AS1-20180127150225
2018-01-27 15:03:00.252;SQ;AS20-AS1-20180127150300
2018-01-27 15:03:24.476;RU;AS20-AS1-20180127150146
2018-01-27 15:03:27.263;VU;AS20-AS1-20180127150146
2018-01-27 15:03:34.593;RC;AS20-AS1-20180127150225
2018-01-27 15:03:35.414;SS;AS20-AS1-20180127150225
2018-01-27 15:03:37.550;RO;AS20-AS1-20180127150300
2018-01-27 15:03:38.580;SP;AS20-AS1-20180127150300
2018-01-27 15:03:40.979;SQ;AS20-AS1-20180127150340
2018-01-27 15:04:13.328;RO;AS20-AS1-20180127150340
2018-01-27 15:04:13.664;RU;AS20-AS1-20180127150225
2018-01-27 15:04:14.332;RC;AS20-AS1-20180127150300
2018-01-27 15:04:15.117;SP;AS20-AS1-20180127150340
2018-01-27 15:04:16.512;SS;AS20-AS1-20180127150300
2018-01-27 15:04:16.700;VU;AS20-AS1-20180127150225
2018-01-27 15:04:17.618;SQ;AS20-AS1-20180127150417
2018-01-27 15:04:33.779;RC;AS20-AS1-20180127150340
2018-01-27 15:04:34.637;SS;AS20-AS1-20180127150340
2018-01-27 15:04:54.257;RU;AS20-AS1-20180127150300
2018-01-27 15:04:56.071;VU;AS20-AS1-20180127150300
2018-01-27 15:04:56.445;RO;AS20-AS1-20180127150417
2018-01-27 15:04:57.707;SP;AS20-AS1-20180127150417
2018-01-27 15:04:59.338;SQ;AS20-AS1-20180127150459
2018-01-27 15:05:16.712;RC;AS20-AS1-20180127150417
2018-01-27 15:05:16.773;RU;AS20-AS1-20180127150340
2018-01-27 15:05:18.323;SS;AS20-AS1-20180127150417
2018-01-27 15:05:19.333;VU;AS20-AS1-20180127150340
2018-01-27 15:05:55.387;RO;AS20-AS1-20180127150459
2018-01-27 15:05:56.253;SP;AS20-AS1-20180127150459
2018-01-27 15:05:59.127;SQ;AS20-AS1-20180127150559
2018-01-27 15:05:59.739;RU;AS20-AS1-20180127150417
2018-01-27 15:06:01.549;VU;AS20-AS1-20180127150417
2018-01-27 15:06:13.402;RC;AS20-AS1-20180127150459
2018-01-27 15:06:14.297;SS;AS20-AS1-20180127150459
2018-01-27 15:06:38.204;RO;AS20-AS1-20180127150559
2018-01-27 15:06:39.452;SP;AS20-AS1-20180127150559
2018-01-27 15:06:41.047;SQ;AS20-AS1-20180127150641
2018-01-27 15:06:55.061;RU;AS20-AS1-20180127150459
2018-01-27 15:06:56.848;VU;AS20-AS1-20180127150459
2018-01-27 15:06:58.643;RC;AS20-AS1-20180127150559
2018-01-27 15:06:59.725;SS;AS20-AS1-20180127150559
2018-01-27 15:07:28.988;RO;AS20-AS1-20180127150641
2018-01-27 15:07:29.615;RU;AS20-AS1-20180127150559
2018-01-27 15:07:30.916;SP;AS20-AS1-20180127150641
2018-01-27 15:07:32.545;VU;AS20-AS1-20180127150559
2018-01-27 15:07:32.927;SQ;AS20-AS1-20180127150732
2018-01-27 15:07:47.873;RC;AS20-AS1-20180127150641
2018-01-27 15:07:48.665;SS;AS20-AS1-20180127150641
2018-01-27 15:08:11.495;RO;AS20-AS1-20180127150732
2018-01-27 15:08:12.783;SP;AS20-AS1-20180127150732
2018-01-27 15:08:14.396;SQ;AS20-AS1-20180127150814
2018-01-27 15:08:28.249;RC;AS20-AS1-20180127150732
2018-01-27 15:08:29.054;SS;AS20-AS1-20180127150732
2018-01-27 15:08:30.538;RU;AS20-AS1-20180127150641
2018-01-27 15:08:32.337;VU;AS20-AS1-20180127150641
2018-01-27 15:08:48.490;RO;AS20-AS1-20180127150814
2018-01-27 15:08:50.399;SP;AS20-AS1-20180127150814
2018-01-27 15:08:52.103;SQ;AS20-AS1-20180127150852
2018-01-27 15:09:06.935;RC;AS20-AS1-20180127150814
2018-01-27 15:09:07.761;SS;AS20-AS1-20180127150814
2018-01-27 15:09:08.913;RU;AS20-AS1-20180127150732
2018-01-27 15:09:10.756;VU;AS20-AS1-20180127150732
2018-01-27 15:09:26.195;RO;AS20-AS1-20180127150852
2018-01-27 15:09:27.434;SP;AS20-AS1-20180127150852
2018-01-27 15:09:29.021;SQ;AS20-AS1-20180127150929
2018-01-27 15:09:45.099;RC;AS20-AS1-20180127150852
2018-01-27 15:09:45.929;SS;AS20-AS1-20180127150852
2018-01-27 15:09:46.354;RU;AS20-AS1-20180127150814
2018-01-27 15:09:48.169;VU;AS20-AS1-20180127150814
2018-01-27 15:10:06.834;RO;AS20-AS1-20180127150929
2018-01-27 15:10:07.907;SP;AS20-AS1-20180127150929
2018-01-27 15:10:09.511;SQ;AS20-AS1-20180127151009
2018-01-27 15:10:23.136;RC;AS20-AS1-20180127150929
2018-01-27 15:10:23.940;SS;AS20-AS1-20180127150929
2018-01-27 15:10:37.536;RU;AS20-AS1-20180127150852
2018-01-27 15:10:39.325;VU;AS20-AS1-20180127150852
2018-01-27 15:10:48.165;RO;AS20-AS1-20180127151009
2018-01-27 15:10:49.384;SP;AS20-AS1-20180127151009
2018-01-27 15:10:50.979;SQ;AS20-AS1-20180127151050
2018-01-27 15:10:59.273;RU;AS20-AS1-20180127150929
2018-01-27 15:11:01.755;VU;AS20-AS1-20180127150929
2018-01-27 15:11:09.168;RC;AS20-AS1-20180127151009
2018-01-27 15:11:09.949;SS;AS20-AS1-20180127151009
2018-01-27 15:11:27.210;RO;AS20-AS1-20180127151050
2018-01-27 15:11:28.329;SP;AS20-AS1-20180127151050
2018-01-27 15:11:30.516;SQ;AS20-AS1-20180127151130
2018-01-27 15:11:44.741;RU;AS20-AS1-20180127151009
2018-01-27 15:11:45.963;RC;AS20-AS1-20180127151050
2018-01-27 15:11:46.828;SS;AS20-AS1-20180127151050
2018-01-27 15:11:47.029;VU;AS20-AS1-20180127151009
2018-01-27 15:12:10.634;RO;AS20-AS1-20180127151130
2018-01-27 15:12:11.902;SP;AS20-AS1-20180127151130
2018-01-27 15:12:13.579;SQ;AS20-AS1-20180127151213
2018-01-27 15:12:21.086;RU;AS20-AS1-20180127151050
2018-01-27 15:12:22.873;VU;AS20-AS1-20180127151050
2018-01-27 15:12:29.877;RC;AS20-AS1-20180127151130
2018-01-27 15:12:31.344;SS;AS20-AS1-20180127151130
2018-01-27 15:12:51.209;RO;AS20-AS1-20180127151213
2018-01-27 15:12:52.414;SP;AS20-AS1-20180127151213
2018-01-27 15:12:54.060;SQ;AS20-AS1-20180127151254
2018-01-27 15:13:05.697;RU;AS20-AS1-20180127151130
2018-01-27 15:13:07.491;VU;AS20-AS1-20180127151130
2018-01-27 15:13:11.385;RC;AS20-AS1-20180127151213
2018-01-27 15:13:12.206;SS;AS20-AS1-20180127151213
2018-01-27 15:13:28.776;RO;AS20-AS1-20180127151254
2018-01-27 15:13:29.898;SP;AS20-AS1-20180127151254
2018-01-27 15:13:31.467;SQ;AS20-AS1-20180127151331
2018-01-27 15:13:48.354;RC;AS20-AS1-20180127151254
2018-01-27 15:13:49.526;SS;AS20-AS1-20180127151254
2018-01-27 15:13:50.574;RU;AS20-AS1-20180127151213
2018-01-27 15:13:52.362;VU;AS20-AS1-20180127151213
2018-01-27 15:14:15.103;RO;AS20-AS1-20180127151331
2018-01-27 15:14:16.302;SP;AS20-AS1-20180127151331
2018-01-27 15:14:18.171;SQ;AS20-AS1-20180127151418
2018-01-27 15:14:32.075;RC;AS20-AS1-20180127151331
2018-01-27 15:14:32.864;SS;AS20-AS1-20180127151331
2018-01-27 15:14:35.929;RU;AS20-AS1-20180127151254
2018-01-27 15:14:37.750;VU;AS20-AS1-20180127151254
2018-01-27 15:15:00.362;RO;AS20-AS1-20180127151418
2018-01-27 15:15:01.550;SP;AS20-AS1-20180127151418
2018-01-27 15:15:03.208;SQ;AS20-AS1-20180127151503
2018-01-27 15:15:12.705;RU;AS20-AS1-20180127151331
2018-01-27 15:15:14.547;VU;AS20-AS1-20180127151331
2018-01-27 15:15:16.247;RC;AS20-AS1-20180127151418
2018-01-27 15:15:17.068;SS;AS20-AS1-20180127151418
2018-01-27 15:15:34.342;RO;AS20-AS1-20180127151503
2018-01-27 15:15:35.945;SP;AS20-AS1-20180127151503
2018-01-27 15:15:51.273;RC;AS20-AS1-20180127151503
2018-01-27 15:15:51.413;RU;AS20-AS1-20180127151418
2018-01-27 15:15:54.440;SS;AS20-AS1-20180127151503
2018-01-27 15:15:55.442;VU;AS20-AS1-20180127151418
2018-01-27 15:16:18.864;RU;AS20-AS1-20180127151503
2018-01-27 15:16:27.298;VU;AS20-AS1-20180127151503
