2018-01-27 14:56:19.881;SQ;AS22-AS1-20180127145619
2018-01-27 14:56:32.214;RO;AS22-AS1-20180127145619
2018-01-27 14:56:33.230;SP;AS22-AS1-20180127145619
2018-01-27 14:56:34.919;SQ;AS22-AS1-20180127145634
2018-01-27 14:56:43.097;RC;AS22-AS1-20180127145619
2018-01-27 14:56:43.942;SS;AS22-AS1-20180127145619
2018-01-27 14:57:02.452;RO;AS22-AS1-20180127145634
2018-01-27 14:57:03.771;SP;AS22-AS1-20180127145634
2018-01-27 14:57:05.446;SQ;AS22-AS1-20180127145705
2018-01-27 14:57:20.228;RU;AS22-AS1-20180127145619
2018-01-27 14:57:20.618;RC;AS22-AS1-20180127145634
2018-01-27 14:57:21.947;SS;AS22-AS1-20180127145634
2018-01-27 14:57:22.479;VU;AS22-AS1-20180127145619
2018-01-27 14:57:40.776;RO;AS22-AS1-20180127145705
2018-01-27 14:57:41.827;SP;AS22-AS1-20180127145705
2018-01-27 14:57:44.761;SQ;AS22-AS1-20180127145744
2018-01-27 14:58:00.422;RC;AS22-AS1-20180127145705
2018-01-27 14:58:01.253;SS;AS22-AS1-20180127145705
2018-01-27 14:58:02.235;RU;AS22-AS1-20180127145634
2018-01-27 14:58:04.060;VU;AS22-AS1-20180127145634
2018-01-27 14:58:24.771;RO;AS22-AS1-20180127145744
2018-01-27 14:58:25.653;SP;AS22-AS1-20180127145744
2018-01-27 14:58:27.303;SQ;AS22-AS1-20180127145827
2018-01-27 14:58:41.481;RU;AS22-AS1-20180127145705
2018-01-27 14:58:43.310;VU;AS22-AS1-20180127145705
2018-01-27 14:58:44.369;RC;AS22-AS1-20180127145744
2018-01-27 14:58:46.251;SS;AS22-AS1-20180127145744
2018-01-27 14:59:05.693;RO;AS22-AS1-20180127145827
2018-01-27 14:59:06.629;SP;AS22-AS1-20180127145827
2018-01-27 14:59:08.210;SQ;AS22-AS1-20180127145908
2018-01-27 14:59:24.077;RC;AS22-AS1-20180127145827
2018-01-27 14:59:24.859;SS;AS22-AS1-20180127145827
2018-01-27 14:59:29.009;RU;AS22-AS1-20180127145744
2018-01-27 14:59:30.830;VU;AS22-AS1-20180127145744
2018-01-27 14:59:46.377;RO;AS22-AS1-20180127145908
2018-01-27 14:59:47.615;SP;AS22-AS1-20180127145908
2018-01-27 14:59:50.255;SQ;AS22-AS1-20180127145950
2018-01-27 14:59:57.998;RU;AS22-AS1-20180127145827
2018-01-27 14:59:59.844;VU;AS22-AS1-20180127145827
2018-01-27 15:00:05.394;RC;AS22-AS1-20180127145908
2018-01-27 15:00:06.456;SS;AS22-AS1-20180127145908
2018-01-27 15:00:29.945;RO;AS22-AS1-20180127145950
2018-01-27 15:00:31.121;SP;AS22-AS1-20180127145950
2018-01-27 15:00:32.779;SQ;AS22-AS1-20180127150032
2018-01-27 15:00:44.490;RU;AS22-AS1-20180127145908
2018-01-27 15:00:46.311;VU;AS22-AS1-20180127145908
2018-01-27 15:00:49.660;RC;AS22-AS1-20180127145950
2018-01-27 15:00:51.428;SS;AS22-AS1-20180127145950
2018-01-27 15:01:09.554;RO;AS22-AS1-20180127150032
2018-01-27 15:01:10.662;SP;AS22-AS1-20180127150032
2018-01-27 15:01:12.377;SQ;AS22-AS1-20180127150112
2018-01-27 15:01:30.962;RC;AS22-AS1-20180127150032
2018-01-27 15:01:30.975;RU;AS22-AS1-20180127145950
2018-01-27 15:01:32.634;SS;AS22-AS1-20180127150032
2018-01-27 15:01:33.638;VU;AS22-AS1-20180127145950
2018-01-27 15:02:07.015;RO;AS22-AS1-20180127150112
2018-01-27 15:02:09.162;SP;AS22-AS1-20180127150112
2018-01-27 15:02:11.216;SQ;AS22-AS1-20180127150211
2018-01-27 15:02:15.992;RU;AS22-AS1-20180127150032
2018-01-27 15:02:17.844;VU;AS22-AS1-20180127150032
2018-01-27 15:02:30.217;RC;AS22-AS1-20180127150112
2018-01-27 15:02:31.056;SS;AS22-AS1-20180127150112
2018-01-27 15:02:48.246;RO;AS22-AS1-20180127150211
2018-01-27 15:02:49.108;SP;AS22-AS1-20180127150211
2018-01-27 15:02:50.774;SQ;AS22-AS1-20180127150250
2018-01-27 15:03:08.246;RC;AS22-AS1-20180127150211
2018-01-27 15:03:09.456;SS;AS22-AS1-20180127150211
2018-01-27 15:03:10.765;RU;AS22-AS1-20180127150112
2018-01-27 15:03:12.577;VU;AS22-AS1-20180127150112
2018-01-27 15:03:20.561;RO;AS22-AS1-20180127150250
2018-01-27 15:03:21.641;SP;AS22-AS1-20180127150250
2018-01-27 15:03:23.272;SQ;AS22-AS1-20180127150323
2018-01-27 15:03:41.498;RC;AS22-AS1-20180127150250
2018-01-27 15:03:42.334;SS;AS22-AS1-20180127150250
2018-01-27 15:03:48.818;RU;AS22-AS1-20180127150211
2018-01-27 15:03:50.671;VU;AS22-AS1-20180127150211
2018-01-27 15:04:07.776;RO;AS22-AS1-20180127150323
2018-01-27 15:04:08.667;SP;AS22-AS1-20180127150323
2018-01-27 15:04:10.878;SQ;AS22-AS1-20180127150410
2018-01-27 15:04:22.600;RC;AS22-AS1-20180127150323
2018-01-27 15:04:23.435;SS;AS22-AS1-20180127150323
2018-01-27 15:04:27.512;RU;AS22-AS1-20180127150250
2018-01-27 15:04:29.318;VU;AS22-AS1-20180127150250
2018-01-27 15:04:51.567;RO;AS22-AS1-20180127150410
2018-01-27 15:04:52.733;SP;AS22-AS1-20180127150410
2018-01-27 15:04:54.435;SQ;AS22-AS1-20180127150454
2018-01-27 15:05:04.206;RU;AS22-AS1-20180127150323
2018-01-27 15:05:06.026;VU;AS22-AS1-20180127150323
2018-01-27 15:05:13.192;RC;AS22-AS1-20180127150410
2018-01-27 15:05:14.009;SS;AS22-AS1-20180127150410
2018-01-27 15:05:27.783;RO;AS22-AS1-20180127150454
2018-01-27 15:05:28.757;SP;AS22-AS1-20180127150454
2018-01-27 15:05:30.328;SQ;AS22-AS1-20180127150530
2018-01-27 15:05:50.022;RU;AS22-AS1-20180127150410
2018-01-27 15:05:50.681;RC;AS22-AS1-20180127150454
2018-01-27 15:05:51.650;SS;AS22-AS1-20180127150454
2018-01-27 15:05:52.004;VU;AS22-AS1-20180127150410
2018-01-27 15:06:05.843;RO;AS22-AS1-20180127150530
2018-01-27 15:06:06.656;SP;AS22-AS1-20180127150530
2018-01-27 15:06:08.328;SQ;AS22-AS1-20180127150608
2018-01-27 15:06:24.962;RC;AS22-AS1-20180127150530
2018-01-27 15:06:25.806;SS;AS22-AS1-20180127150530
2018-01-27 15:06:29.750;RU;AS22-AS1-20180127150454
2018-01-27 15:06:31.567;VU;AS22-AS1-20180127150454
2018-01-27 15:06:41.569;RO;AS22-AS1-20180127150608
2018-01-27 15:06:43.157;SP;AS22-AS1-20180127150608
2018-01-27 15:06:45.774;SQ;AS22-AS1-20180127150645
2018-01-27 15:07:00.303;RC;AS22-AS1-20180127150608
2018-01-27 15:07:01.131;SS;AS22-AS1-20180127150608
2018-01-27 15:07:03.441;RU;AS22-AS1-20180127150530
2018-01-27 15:07:05.250;VU;AS22-AS1-20180127150530
2018-01-27 15:07:28.970;RO;AS22-AS1-20180127150645
2018-01-27 15:07:30.319;RU;AS22-AS1-20180127150608
2018-01-27 15:07:30.551;SP;AS22-AS1-20180127150645
2018-01-27 15:07:32.978;SQ;AS22-AS1-20180127150732
2018-01-27 15:07:45.936;RC;AS22-AS1-20180127150645
2018-01-27 15:07:46.951;SS;AS22-AS1-20180127150645
2018-01-27 15:08:10.312;RO;AS22-AS1-20180127150732
2018-01-27 15:08:11.645;SP;AS22-AS1-20180127150732
2018-01-27 15:08:14.215;SQ;AS22-AS1-20180127150814
2018-01-27 15:08:21.351;RU;AS22-AS1-20180127150645
2018-01-27 15:08:23.485;VU;AS22-AS1-20180127150645
2018-01-27 15:08:29.053;RC;AS22-AS1-20180127150732
2018-01-27 15:08:30.185;SS;AS22-AS1-20180127150732
2018-01-27 15:08:54.339;RO;AS22-AS1-20180127150814
2018-01-27 15:08:56.150;SP;AS22-AS1-20180127150814
2018-01-27 15:08:58.481;SQ;AS22-AS1-20180127150858
2018-01-27 15:09:08.797;RU;AS22-AS1-20180127150732
2018-01-27 15:09:11.170;VU;AS22-AS1-20180127150732
2018-01-27 15:09:17.847;RC;AS22-AS1-20180127150814
2018-01-27 15:09:18.675;SS;AS22-AS1-20180127150814
2018-01-27 15:09:35.976;RO;AS22-AS1-20180127150858
2018-01-27 15:09:39.247;SP;AS22-AS1-20180127150858
2018-01-27 15:09:41.784;SQ;AS22-AS1-20180127150941
2018-01-27 15:09:52.322;RU;AS22-AS1-20180127150814
2018-01-27 15:09:56.154;VU;AS22-AS1-20180127150814
2018-01-27 15:09:58.734;RC;AS22-AS1-20180127150858
2018-01-27 15:09:59.589;SS;AS22-AS1-20180127150858
2018-01-27 15:10:17.695;RO;AS22-AS1-20180127150941
2018-01-27 15:10:18.819;SP;AS22-AS1-20180127150941
2018-01-27 15:10:21.351;SQ;AS22-AS1-20180127151021
2018-01-27 15:10:36.386;RU;AS22-AS1-20180127150858
2018-01-27 15:10:38.085;RC;AS22-AS1-20180127150941
2018-01-27 15:10:38.443;VU;AS22-AS1-20180127150858
2018-01-27 15:10:39.435;SS;AS22-AS1-20180127150941
2018-01-27 15:10:55.938;RO;AS22-AS1-20180127151021
2018-01-27 15:10:57.433;SP;AS22-AS1-20180127151021
2018-01-27 15:11:02.354;SQ;AS22-AS1-20180127151102
2018-01-27 15:11:10.259;RC;AS22-AS1-20180127151021
2018-01-27 15:11:11.137;SS;AS22-AS1-20180127151021
2018-01-27 15:11:17.404;RU;AS22-AS1-20180127150941
2018-01-27 15:11:19.464;VU;AS22-AS1-20180127150941
2018-01-27 15:11:37.766;RO;AS22-AS1-20180127151102
2018-01-27 15:11:38.992;SP;AS22-AS1-20180127151102
2018-01-27 15:11:41.434;SQ;AS22-AS1-20180127151141
2018-01-27 15:11:46.530;RU;AS22-AS1-20180127151021
2018-01-27 15:11:48.513;VU;AS22-AS1-20180127151021
2018-01-27 15:11:53.405;RC;AS22-AS1-20180127151102
2018-01-27 15:11:54.517;SS;AS22-AS1-20180127151102
2018-01-27 15:12:14.889;RO;AS22-AS1-20180127151141
2018-01-27 15:12:17.226;SP;AS22-AS1-20180127151141
2018-01-27 15:12:19.948;SQ;AS22-AS1-20180127151219
2018-01-27 15:12:32.951;RU;AS22-AS1-20180127151102
2018-01-27 15:12:35.010;VU;AS22-AS1-20180127151102
2018-01-27 15:12:35.688;RC;AS22-AS1-20180127151141
2018-01-27 15:12:37.304;SS;AS22-AS1-20180127151141
2018-01-27 15:12:56.625;RO;AS22-AS1-20180127151219
2018-01-27 15:12:58.017;SP;AS22-AS1-20180127151219
2018-01-27 15:13:00.406;SQ;AS22-AS1-20180127151300
2018-01-27 15:13:15.126;RC;AS22-AS1-20180127151219
2018-01-27 15:13:16.412;SS;AS22-AS1-20180127151219
2018-01-27 15:13:17.095;RU;AS22-AS1-20180127151141
2018-01-27 15:13:20.350;VU;AS22-AS1-20180127151141
2018-01-27 15:13:34.561;RO;AS22-AS1-20180127151300
2018-01-27 15:13:36.301;SP;AS22-AS1-20180127151300
2018-01-27 15:13:38.676;SQ;AS22-AS1-20180127151338
2018-01-27 15:13:51.454;RU;AS22-AS1-20180127151219
2018-01-27 15:13:53.377;VU;AS22-AS1-20180127151219
2018-01-27 15:13:55.193;RC;AS22-AS1-20180127151300
2018-01-27 15:13:56.112;SS;AS22-AS1-20180127151300
2018-01-27 15:14:15.339;RO;AS22-AS1-20180127151338
2018-01-27 15:14:17.082;SP;AS22-AS1-20180127151338
2018-01-27 15:14:21.430;SQ;AS22-AS1-20180127151421
2018-01-27 15:14:36.022;RC;AS22-AS1-20180127151338
2018-01-27 15:14:36.893;RU;AS22-AS1-20180127151300
2018-01-27 15:14:37.476;SS;AS22-AS1-20180127151338
2018-01-27 15:14:39.557;VU;AS22-AS1-20180127151300
2018-01-27 15:15:14.689;RU;AS22-AS1-20180127151338
2018-01-27 15:15:15.560;RO;AS22-AS1-20180127151421
2018-01-27 15:15:17.245;SP;AS22-AS1-20180127151421
2018-01-27 15:15:17.263;VU;AS22-AS1-20180127151338
2018-01-27 15:15:19.832;SQ;AS22-AS1-20180127151519
2018-01-27 15:15:33.061;RC;AS22-AS1-20180127151421
2018-01-27 15:15:34.217;SS;AS22-AS1-20180127151421
2018-01-27 15:15:51.980;RO;AS22-AS1-20180127151519
2018-01-27 15:15:54.584;SP;AS22-AS1-20180127151519
2018-01-27 15:15:57.091;SQ;AS22-AS1-20180127151557
2018-01-27 15:16:01.975;RC;AS22-AS1-20180127151519
2018-01-27 15:16:02.976;RU;AS22-AS1-20180127151421
2018-01-27 15:16:03.372;SS;AS22-AS1-20180127151519
2018-01-27 15:16:05.399;VU;AS22-AS1-20180127151421
2018-01-27 15:16:20.253;RO;AS22-AS1-20180127151557
2018-01-27 15:16:21.882;SP;AS22-AS1-20180127151557
2018-01-27 15:16:30.923;RC;AS22-AS1-20180127151557
2018-01-27 15:16:30.937;RU;AS22-AS1-20180127151519
2018-01-27 15:16:33.182;SS;AS22-AS1-20180127151557
2018-01-27 15:16:34.184;VU;AS22-AS1-20180127151519
2018-01-27 15:16:38.133;RU;AS22-AS1-20180127151557
2018-01-27 15:16:44.663;VU;AS22-AS1-20180127151557
