2018-01-27 14:56:19.222;SQ;AS30-AS1-20180127145619
2018-01-27 14:56:29.249;RO;AS30-AS1-20180127145619
2018-01-27 14:56:30.590;SP;AS30-AS1-20180127145619
2018-01-27 14:56:32.314;SQ;AS30-AS1-20180127145632
2018-01-27 14:56:41.672;RC;AS30-AS1-20180127145619
2018-01-27 14:56:42.537;SS;AS30-AS1-20180127145619
2018-01-27 14:56:56.056;RO;AS30-AS1-20180127145632
2018-01-27 14:56:57.192;SP;AS30-AS1-20180127145632
2018-01-27 14:56:58.917;SQ;AS30-AS1-20180127145658
2018-01-27 14:57:19.567;RC;AS30-AS1-20180127145632
2018-01-27 14:57:20.033;RU;AS30-AS1-20180127145619
2018-01-27 14:57:20.839;SS;AS30-AS1-20180127145632
2018-01-27 14:57:22.358;VU;AS30-AS1-20180127145619
2018-01-27 14:57:40.505;RO;AS30-AS1-20180127145658
2018-01-27 14:57:41.830;SP;AS30-AS1-20180127145658
2018-01-27 14:57:44.792;SQ;AS30-AS1-20180127145744
2018-01-27 14:57:59.700;RU;AS30-AS1-20180127145632
2018-01-27 14:58:00.379;RC;AS30-AS1-20180127145658
2018-01-27 14:58:01.443;SS;AS30-AS1-20180127145658
2018-01-27 14:58:01.781;VU;AS30-AS1-20180127145632
2018-01-27 14:58:14.933;RO;AS30-AS1-20180127145744
2018-01-27 14:58:16.203;SP;AS30-AS1-20180127145744
2018-01-27 14:58:17.912;SQ;AS30-AS1-20180127145817
2018-01-27 14:58:36.237;RC;AS30-AS1-20180127145744
2018-01-27 14:58:37.093;SS;AS30-AS1-20180127145744
2018-01-27 14:58:41.331;RU;AS30-AS1-20180127145658
2018-01-27 14:58:43.197;VU;AS30-AS1-20180127145658
2018-01-27 14:58:57.625;RO;AS30-AS1-20180127145817
2018-01-27 14:58:58.835;SP;AS30-AS1-20180127145817
2018-01-27 14:59:01.496;SQ;AS30-AS1-20180127145901
2018-01-27 14:59:15.041;RU;AS30-AS1-20180127145744
2018-01-27 14:59:17.701;RC;AS30-AS1-20180127145817
2018-01-27 14:59:17.937;VU;AS30-AS1-20180127145744
2018-01-27 14:59:18.572;SS;AS30-AS1-20180127145817
2018-01-27 14:59:40.233;RO;AS30-AS1-20180127145901
2018-01-27 14:59:41.411;SP;AS30-AS1-20180127145901
2018-01-27 14:59:43.170;SQ;AS30-AS1-20180127145943
2018-01-27 15:00:01.891;RU;AS30-AS1-20180127145817
2018-01-27 15:00:03.762;VU;AS30-AS1-20180127145817
2018-01-27 15:00:17.085;RC;AS30-AS1-20180127145901
2018-01-27 15:00:17.945;SS;AS30-AS1-20180127145901
2018-01-27 15:00:19.440;RO;AS30-AS1-20180127145943
2018-01-27 15:00:21.078;SP;AS30-AS1-20180127145943
2018-01-27 15:00:22.825;SQ;AS30-AS1-20180127150022
2018-01-27 15:00:43.365;RC;AS30-AS1-20180127145943
2018-01-27 15:00:44.235;SS;AS30-AS1-20180127145943
2018-01-27 15:00:58.005;RU;AS30-AS1-20180127145901
2018-01-27 15:00:59.859;VU;AS30-AS1-20180127145901
2018-01-27 15:01:19.318;RO;AS30-AS1-20180127150022
2018-01-27 15:01:21.087;SP;AS30-AS1-20180127150022
2018-01-27 15:01:24.302;SQ;AS30-AS1-20180127150124
2018-01-27 15:01:30.966;RU;AS30-AS1-20180127145943
2018-01-27 15:01:32.822;VU;AS30-AS1-20180127145943
2018-01-27 15:01:43.198;RC;AS30-AS1-20180127150022
2018-01-27 15:01:44.045;SS;AS30-AS1-20180127150022
2018-01-27 15:02:01.086;RO;AS30-AS1-20180127150124
2018-01-27 15:02:02.237;SP;AS30-AS1-20180127150124
2018-01-27 15:02:03.966;SQ;AS30-AS1-20180127150203
2018-01-27 15:02:19.863;RU;AS30-AS1-20180127150022
2018-01-27 15:02:21.727;VU;AS30-AS1-20180127150022
2018-01-27 15:02:23.355;RC;AS30-AS1-20180127150124
2018-01-27 15:02:24.664;SS;AS30-AS1-20180127150124
2018-01-27 15:02:31.394;RO;AS30-AS1-20180127150203
2018-01-27 15:02:32.383;SP;AS30-AS1-20180127150203
2018-01-27 15:02:34.120;SQ;AS30-AS1-20180127150234
2018-01-27 15:02:50.042;RC;AS30-AS1-20180127150203
2018-01-27 15:02:50.891;SS;AS30-AS1-20180127150203
2018-01-27 15:03:09.490;RO;AS30-AS1-20180127150234
2018-01-27 15:03:11.324;SP;AS30-AS1-20180127150234
2018-01-27 15:03:13.053;SQ;AS30-AS1-20180127150313
2018-01-27 15:03:18.229;RU;AS30-AS1-20180127150124
2018-01-27 15:03:20.088;VU;AS30-AS1-20180127150124
2018-01-27 15:03:23.717;RU;AS30-AS1-20180127150203
2018-01-27 15:03:25.981;RC;AS30-AS1-20180127150234
2018-01-27 15:03:26.139;VU;AS30-AS1-20180127150203
2018-01-27 15:03:27.312;SS;AS30-AS1-20180127150234
2018-01-27 15:03:52.730;RO;AS30-AS1-20180127150313
2018-01-27 15:03:53.949;SP;AS30-AS1-20180127150313
2018-01-27 15:03:56.559;SQ;AS30-AS1-20180127150356
2018-01-27 15:03:56.883;RU;AS30-AS1-20180127150234
2018-01-27 15:03:59.269;VU;AS30-AS1-20180127150234
2018-01-27 15:04:14.717;RC;AS30-AS1-20180127150313
2018-01-27 15:04:15.575;SS;AS30-AS1-20180127150313
2018-01-27 15:04:40.347;RO;AS30-AS1-20180127150356
2018-01-27 15:04:42.475;SP;AS30-AS1-20180127150356
2018-01-27 15:04:45.339;SQ;AS30-AS1-20180127150445
2018-01-27 15:04:55.232;RU;AS30-AS1-20180127150313
2018-01-27 15:04:57.772;VU;AS30-AS1-20180127150313
2018-01-27 15:05:04.216;RC;AS30-AS1-20180127150356
2018-01-27 15:05:05.072;SS;AS30-AS1-20180127150356
2018-01-27 15:05:18.085;RO;AS30-AS1-20180127150445
2018-01-27 15:05:19.232;SP;AS30-AS1-20180127150445
2018-01-27 15:05:20.942;SQ;AS30-AS1-20180127150520
2018-01-27 15:05:38.879;RC;AS30-AS1-20180127150445
2018-01-27 15:05:39.749;SS;AS30-AS1-20180127150445
2018-01-27 15:05:43.660;RU;AS30-AS1-20180127150356
2018-01-27 15:05:45.546;VU;AS30-AS1-20180127150356
2018-01-27 15:05:55.892;RO;AS30-AS1-20180127150520
2018-01-27 15:05:57.283;SP;AS30-AS1-20180127150520
2018-01-27 15:05:59.838;SQ;AS30-AS1-20180127150559
2018-01-27 15:06:15.025;RC;AS30-AS1-20180127150520
2018-01-27 15:06:15.889;SS;AS30-AS1-20180127150520
2018-01-27 15:06:22.674;RU;AS30-AS1-20180127150445
2018-01-27 15:06:24.556;VU;AS30-AS1-20180127150445
2018-01-27 15:06:36.359;RO;AS30-AS1-20180127150559
2018-01-27 15:06:37.241;SP;AS30-AS1-20180127150559
2018-01-27 15:06:38.960;SQ;AS30-AS1-20180127150638
2018-01-27 15:06:55.930;RU;AS30-AS1-20180127150520
2018-01-27 15:06:56.459;RC;AS30-AS1-20180127150559
2018-01-27 15:06:57.922;SS;AS30-AS1-20180127150559
2018-01-27 15:06:58.081;VU;AS30-AS1-20180127150520
2018-01-27 15:07:28.955;RO;AS30-AS1-20180127150638
2018-01-27 15:07:29.561;RU;AS30-AS1-20180127150559
2018-01-27 15:07:31.038;SP;AS30-AS1-20180127150638
2018-01-27 15:07:32.656;VU;AS30-AS1-20180127150559
2018-01-27 15:07:33.099;SQ;AS30-AS1-20180127150733
2018-01-27 15:07:46.046;RC;AS30-AS1-20180127150638
2018-01-27 15:07:46.910;SS;AS30-AS1-20180127150638
2018-01-27 15:08:11.602;RO;AS30-AS1-20180127150733
2018-01-27 15:08:12.501;SP;AS30-AS1-20180127150733
2018-01-27 15:08:14.213;SQ;AS30-AS1-20180127150814
2018-01-27 15:08:28.142;RU;AS30-AS1-20180127150638
2018-01-27 15:08:28.164;RC;AS30-AS1-20180127150733
2018-01-27 15:08:29.913;SS;AS30-AS1-20180127150733
2018-01-27 15:08:30.913;VU;AS30-AS1-20180127150638
2018-01-27 15:08:51.878;RO;AS30-AS1-20180127150814
2018-01-27 15:08:53.099;SP;AS30-AS1-20180127150814
2018-01-27 15:08:54.839;SQ;AS30-AS1-20180127150854
2018-01-27 15:09:09.064;RC;AS30-AS1-20180127150814
2018-01-27 15:09:09.930;SS;AS30-AS1-20180127150814
2018-01-27 15:09:10.141;RU;AS30-AS1-20180127150733
2018-01-27 15:09:11.995;VU;AS30-AS1-20180127150733
2018-01-27 15:09:27.178;RO;AS30-AS1-20180127150854
2018-01-27 15:09:28.254;SP;AS30-AS1-20180127150854
2018-01-27 15:09:29.964;SQ;AS30-AS1-20180127150929
2018-01-27 15:09:45.179;RU;AS30-AS1-20180127150814
2018-01-27 15:09:45.996;RC;AS30-AS1-20180127150854
2018-01-27 15:09:46.945;SS;AS30-AS1-20180127150854
2018-01-27 15:09:47.149;VU;AS30-AS1-20180127150814
2018-01-27 15:10:06.641;RO;AS30-AS1-20180127150929
2018-01-27 15:10:07.874;SP;AS30-AS1-20180127150929
2018-01-27 15:10:09.611;SQ;AS30-AS1-20180127151009
2018-01-27 15:10:25.879;RC;AS30-AS1-20180127150929
2018-01-27 15:10:26.740;SS;AS30-AS1-20180127150929
2018-01-27 15:10:28.775;RU;AS30-AS1-20180127150854
2018-01-27 15:10:30.825;VU;AS30-AS1-20180127150854
2018-01-27 15:10:48.497;RO;AS30-AS1-20180127151009
2018-01-27 15:10:49.537;SP;AS30-AS1-20180127151009
2018-01-27 15:10:51.226;SQ;AS30-AS1-20180127151051
2018-01-27 15:11:08.978;RU;AS30-AS1-20180127150929
2018-01-27 15:11:09.205;RC;AS30-AS1-20180127151009
2018-01-27 15:11:10.766;SS;AS30-AS1-20180127151009
2018-01-27 15:11:11.481;VU;AS30-AS1-20180127150929
2018-01-27 15:11:37.133;RO;AS30-AS1-20180127151051
2018-01-27 15:11:38.154;SP;AS30-AS1-20180127151051
2018-01-27 15:11:39.914;SQ;AS30-AS1-20180127151139
2018-01-27 15:11:52.804;RU;AS30-AS1-20180127151009
2018-01-27 15:11:54.631;RC;AS30-AS1-20180127151051
2018-01-27 15:11:54.661;VU;AS30-AS1-20180127151009
2018-01-27 15:11:55.476;SS;AS30-AS1-20180127151051
2018-01-27 15:12:11.630;RO;AS30-AS1-20180127151139
2018-01-27 15:12:12.837;SP;AS30-AS1-20180127151139
2018-01-27 15:12:14.643;SQ;AS30-AS1-20180127151214
2018-01-27 15:12:29.677;RC;AS30-AS1-20180127151139
2018-01-27 15:12:31.078;SS;AS30-AS1-20180127151139
2018-01-27 15:12:35.010;RU;AS30-AS1-20180127151051
2018-01-27 15:12:36.898;VU;AS30-AS1-20180127151051
2018-01-27 15:12:47.129;RO;AS30-AS1-20180127151214
2018-01-27 15:12:48.639;SP;AS30-AS1-20180127151214
2018-01-27 15:12:50.339;SQ;AS30-AS1-20180127151250
2018-01-27 15:13:02.447;RC;AS30-AS1-20180127151214
2018-01-27 15:13:03.396;SS;AS30-AS1-20180127151214
2018-01-27 15:13:09.761;RU;AS30-AS1-20180127151139
2018-01-27 15:13:11.636;VU;AS30-AS1-20180127151139
2018-01-27 15:13:28.835;RO;AS30-AS1-20180127151250
2018-01-27 15:13:29.751;SP;AS30-AS1-20180127151250
2018-01-27 15:13:31.444;SQ;AS30-AS1-20180127151331
2018-01-27 15:13:41.747;RU;AS30-AS1-20180127151214
2018-01-27 15:13:43.612;VU;AS30-AS1-20180127151214
2018-01-27 15:13:48.329;RC;AS30-AS1-20180127151250
2018-01-27 15:13:49.675;SS;AS30-AS1-20180127151250
2018-01-27 15:14:13.545;RO;AS30-AS1-20180127151331
2018-01-27 15:14:14.871;SP;AS30-AS1-20180127151331
2018-01-27 15:14:16.611;SQ;AS30-AS1-20180127151416
2018-01-27 15:14:31.519;RC;AS30-AS1-20180127151331
2018-01-27 15:14:32.388;SS;AS30-AS1-20180127151331
2018-01-27 15:14:33.278;RU;AS30-AS1-20180127151250
2018-01-27 15:14:35.160;VU;AS30-AS1-20180127151250
2018-01-27 15:14:51.595;RO;AS30-AS1-20180127151416
2018-01-27 15:14:52.509;SP;AS30-AS1-20180127151416
2018-01-27 15:14:54.224;SQ;AS30-AS1-20180127151454
2018-01-27 15:15:12.617;RC;AS30-AS1-20180127151416
2018-01-27 15:15:12.725;RU;AS30-AS1-20180127151331
2018-01-27 15:15:14.257;SS;AS30-AS1-20180127151416
2018-01-27 15:15:15.370;VU;AS30-AS1-20180127151331
2018-01-27 15:15:29.657;RO;AS30-AS1-20180127151454
2018-01-27 15:15:30.628;SP;AS30-AS1-20180127151454
2018-01-27 15:15:32.329;SQ;AS30-AS1-20180127151532
2018-01-27 15:15:46.790;RC;AS30-AS1-20180127151454
2018-01-27 15:15:47.651;SS;AS30-AS1-20180127151454
2018-01-27 15:15:48.791;RU;AS30-AS1-20180127151416
2018-01-27 15:15:50.636;VU;AS30-AS1-20180127151416
2018-01-27 15:16:00.253;RO;AS30-AS1-20180127151532
2018-01-27 15:16:01.212;SP;AS30-AS1-20180127151532
2018-01-27 15:16:11.005;RU;AS30-AS1-20180127151454
2018-01-27 15:16:12.891;VU;AS30-AS1-20180127151454
2018-01-27 15:16:16.374;RC;AS30-AS1-20180127151532
2018-01-27 15:16:17.245;SS;AS30-AS1-20180127151532
2018-01-27 15:16:30.935;RU;AS30-AS1-20180127151532
2018-01-27 15:16:43.046;VU;AS30-AS1-20180127151532
