2018-01-27 14:56:20.063;SQ;AS31-AS1-20180127145620
2018-01-27 14:56:35.487;RO;AS31-AS1-20180127145620
2018-01-27 14:56:36.437;SP;AS31-AS1-20180127145620
2018-01-27 14:56:38.112;SQ;AS31-AS1-20180127145638
2018-01-27 14:56:48.468;RC;AS31-AS1-20180127145620
2018-01-27 14:56:49.315;SS;AS31-AS1-20180127145620
2018-01-27 14:57:07.421;RO;AS31-AS1-20180127145638
2018-01-27 14:57:08.506;SP;AS31-AS1-20180127145638
2018-01-27 14:57:10.228;SQ;AS31-AS1-20180127145710
2018-01-27 14:57:21.627;RU;AS31-AS1-20180127145620
2018-01-27 14:57:23.469;VU;AS31-AS1-20180127145620
2018-01-27 14:57:24.572;RC;AS31-AS1-20180127145638
2018-01-27 14:57:25.391;SS;AS31-AS1-20180127145638
2018-01-27 14:57:44.414;RO;AS31-AS1-20180127145710
2018-01-27 14:57:45.599;SP;AS31-AS1-20180127145710
2018-01-27 14:57:47.273;SQ;AS31-AS1-20180127145747
2018-01-27 14:58:01.397;RC;AS31-AS1-20180127145710
2018-01-27 14:58:02.230;SS;AS31-AS1-20180127145710
2018-01-27 14:58:02.513;RU;AS31-AS1-20180127145638
2018-01-27 14:58:04.344;VU;AS31-AS1-20180127145638
2018-01-27 14:58:24.451;RO;AS31-AS1-20180127145747
2018-01-27 14:58:25.670;SP;AS31-AS1-20180127145747
2018-01-27 14:58:27.328;SQ;AS31-AS1-20180127145827
2018-01-27 14:58:44.741;RC;AS31-AS1-20180127145747
2018-01-27 14:58:46.248;SS;AS31-AS1-20180127145747
2018-01-27 14:59:05.677;RU;AS31-AS1-20180127145710
2018-01-27 14:59:05.765;RO;AS31-AS1-20180127145827
2018-01-27 14:59:07.359;SP;AS31-AS1-20180127145827
2018-01-27 14:59:08.116;VU;AS31-AS1-20180127145710
2018-01-27 14:59:09.048;SQ;AS31-AS1-20180127145909
2018-01-27 14:59:26.001;RC;AS31-AS1-20180127145827
2018-01-27 14:59:26.839;SS;AS31-AS1-20180127145827
2018-01-27 14:59:28.054;RU;AS31-AS1-20180127145747
2018-01-27 14:59:29.869;VU;AS31-AS1-20180127145747
2018-01-27 14:59:41.708;RO;AS31-AS1-20180127145909
2018-01-27 14:59:42.923;SP;AS31-AS1-20180127145909
2018-01-27 14:59:44.582;SQ;AS31-AS1-20180127145944
2018-01-27 14:59:59.338;RC;AS31-AS1-20180127145909
2018-01-27 15:00:00.194;SS;AS31-AS1-20180127145909
2018-01-27 15:00:11.694;RU;AS31-AS1-20180127145827
2018-01-27 15:00:13.524;VU;AS31-AS1-20180127145827
2018-01-27 15:00:24.936;RO;AS31-AS1-20180127145944
2018-01-27 15:00:25.989;SP;AS31-AS1-20180127145944
2018-01-27 15:00:27.670;SQ;AS31-AS1-20180127150027
2018-01-27 15:00:43.543;RU;AS31-AS1-20180127145909
2018-01-27 15:00:43.727;RC;AS31-AS1-20180127145944
2018-01-27 15:00:45.251;SS;AS31-AS1-20180127145944
2018-01-27 15:00:45.968;VU;AS31-AS1-20180127145909
2018-01-27 15:01:03.569;RO;AS31-AS1-20180127150027
2018-01-27 15:01:04.874;SP;AS31-AS1-20180127150027
2018-01-27 15:01:07.446;SQ;AS31-AS1-20180127150107
2018-01-27 15:01:30.702;RC;AS31-AS1-20180127150027
2018-01-27 15:01:30.917;RU;AS31-AS1-20180127145944
2018-01-27 15:01:32.134;SS;AS31-AS1-20180127150027
2018-01-27 15:01:33.430;VU;AS31-AS1-20180127145944
2018-01-27 15:01:43.587;RO;AS31-AS1-20180127150107
2018-01-27 15:01:44.831;SP;AS31-AS1-20180127150107
2018-01-27 15:01:46.517;SQ;AS31-AS1-20180127150146
2018-01-27 15:02:02.492;RC;AS31-AS1-20180127150107
2018-01-27 15:02:03.347;SS;AS31-AS1-20180127150107
2018-01-27 15:02:09.013;RU;AS31-AS1-20180127150027
2018-01-27 15:02:10.855;VU;AS31-AS1-20180127150027
2018-01-27 15:02:25.619;RO;AS31-AS1-20180127150146
2018-01-27 15:02:26.906;SP;AS31-AS1-20180127150146
2018-01-27 15:02:28.575;SQ;AS31-AS1-20180127150228
2018-01-27 15:02:41.570;RU;AS31-AS1-20180127150107
2018-01-27 15:02:43.427;VU;AS31-AS1-20180127150107
2018-01-27 15:02:47.771;RC;AS31-AS1-20180127150146
2018-01-27 15:02:48.599;SS;AS31-AS1-20180127150146
2018-01-27 15:03:05.363;RO;AS31-AS1-20180127150228
2018-01-27 15:03:06.490;SP;AS31-AS1-20180127150228
2018-01-27 15:03:08.184;SQ;AS31-AS1-20180127150308
2018-01-27 15:03:24.109;RU;AS31-AS1-20180127150146
2018-01-27 15:03:25.522;RC;AS31-AS1-20180127150228
2018-01-27 15:03:27.216;VU;AS31-AS1-20180127150146
2018-01-27 15:03:27.394;SS;AS31-AS1-20180127150228
2018-01-27 15:03:38.049;RO;AS31-AS1-20180127150308
2018-01-27 15:03:39.088;SP;AS31-AS1-20180127150308
2018-01-27 15:03:42.082;SQ;AS31-AS1-20180127150342
2018-01-27 15:03:55.623;RC;AS31-AS1-20180127150308
2018-01-27 15:03:57.400;SS;AS31-AS1-20180127150308
2018-01-27 15:04:08.114;RU;AS31-AS1-20180127150228
2018-01-27 15:04:09.951;VU;AS31-AS1-20180127150228
2018-01-27 15:04:21.257;RO;AS31-AS1-20180127150342
2018-01-27 15:04:22.465;SP;AS31-AS1-20180127150342
2018-01-27 15:04:24.142;SQ;AS31-AS1-20180127150424
2018-01-27 15:04:36.889;RU;AS31-AS1-20180127150308
2018-01-27 15:04:38.735;VU;AS31-AS1-20180127150308
2018-01-27 15:04:41.580;RC;AS31-AS1-20180127150342
2018-01-27 15:04:43.498;SS;AS31-AS1-20180127150342
2018-01-27 15:05:04.227;RO;AS31-AS1-20180127150424
2018-01-27 15:05:05.548;SP;AS31-AS1-20180127150424
2018-01-27 15:05:07.246;SQ;AS31-AS1-20180127150507
2018-01-27 15:05:25.150;RC;AS31-AS1-20180127150424
2018-01-27 15:05:25.623;RU;AS31-AS1-20180127150342
2018-01-27 15:05:26.782;SS;AS31-AS1-20180127150424
2018-01-27 15:05:28.739;VU;AS31-AS1-20180127150342
2018-01-27 15:05:41.931;RO;AS31-AS1-20180127150507
2018-01-27 15:05:43.668;SP;AS31-AS1-20180127150507
2018-01-27 15:05:45.360;SQ;AS31-AS1-20180127150545
2018-01-27 15:06:01.579;RC;AS31-AS1-20180127150507
2018-01-27 15:06:02.587;SS;AS31-AS1-20180127150507
2018-01-27 15:06:14.712;RU;AS31-AS1-20180127150424
2018-01-27 15:06:16.553;VU;AS31-AS1-20180127150424
2018-01-27 15:06:22.515;RO;AS31-AS1-20180127150545
2018-01-27 15:06:23.759;SP;AS31-AS1-20180127150545
2018-01-27 15:06:25.456;SQ;AS31-AS1-20180127150625
2018-01-27 15:06:40.537;RC;AS31-AS1-20180127150545
2018-01-27 15:06:41.385;SS;AS31-AS1-20180127150545
2018-01-27 15:06:41.969;RU;AS31-AS1-20180127150507
2018-01-27 15:06:44.355;VU;AS31-AS1-20180127150507
2018-01-27 15:07:00.946;RO;AS31-AS1-20180127150625
2018-01-27 15:07:01.860;SP;AS31-AS1-20180127150625
2018-01-27 15:07:03.569;SQ;AS31-AS1-20180127150703
2018-01-27 15:07:15.588;RU;AS31-AS1-20180127150545
2018-01-27 15:07:15.838;RC;AS31-AS1-20180127150625
2018-01-27 15:07:17.310;SS;AS31-AS1-20180127150625
2018-01-27 15:07:17.994;VU;AS31-AS1-20180127150545
2018-01-27 15:07:42.019;RO;AS31-AS1-20180127150703
2018-01-27 15:07:42.941;SP;AS31-AS1-20180127150703
2018-01-27 15:07:45.828;SQ;AS31-AS1-20180127150745
2018-01-27 15:07:53.909;RU;AS31-AS1-20180127150625
2018-01-27 15:07:55.743;VU;AS31-AS1-20180127150625
2018-01-27 15:08:01.137;RC;AS31-AS1-20180127150703
2018-01-27 15:08:02.562;SS;AS31-AS1-20180127150703
2018-01-27 15:08:21.509;RO;AS31-AS1-20180127150745
2018-01-27 15:08:22.697;SP;AS31-AS1-20180127150745
2018-01-27 15:08:24.342;SQ;AS31-AS1-20180127150824
2018-01-27 15:08:38.642;RC;AS31-AS1-20180127150745
2018-01-27 15:08:39.502;SS;AS31-AS1-20180127150745
2018-01-27 15:08:48.835;RU;AS31-AS1-20180127150703
2018-01-27 15:08:51.424;VU;AS31-AS1-20180127150703
2018-01-27 15:09:02.671;RO;AS31-AS1-20180127150824
2018-01-27 15:09:03.736;SP;AS31-AS1-20180127150824
2018-01-27 15:09:07.132;SQ;AS31-AS1-20180127150907
2018-01-27 15:09:19.034;RU;AS31-AS1-20180127150745
2018-01-27 15:09:19.346;RC;AS31-AS1-20180127150824
2018-01-27 15:09:21.723;SS;AS31-AS1-20180127150824
2018-01-27 15:09:22.508;VU;AS31-AS1-20180127150745
2018-01-27 15:09:57.626;RU;AS31-AS1-20180127150824
2018-01-27 15:09:59.447;VU;AS31-AS1-20180127150824
2018-01-27 15:10:06.270;RO;AS31-AS1-20180127150907
2018-01-27 15:10:07.575;SP;AS31-AS1-20180127150907
2018-01-27 15:10:09.283;SQ;AS31-AS1-20180127151009
2018-01-27 15:10:22.479;RC;AS31-AS1-20180127150907
2018-01-27 15:10:23.330;SS;AS31-AS1-20180127150907
2018-01-27 15:10:48.109;RO;AS31-AS1-20180127151009
2018-01-27 15:10:49.173;SP;AS31-AS1-20180127151009
2018-01-27 15:10:50.882;SQ;AS31-AS1-20180127151050
2018-01-27 15:11:09.029;RC;AS31-AS1-20180127151009
2018-01-27 15:11:09.422;RU;AS31-AS1-20180127150907
2018-01-27 15:11:10.289;SS;AS31-AS1-20180127151009
2018-01-27 15:11:11.732;VU;AS31-AS1-20180127150907
2018-01-27 15:11:23.829;RO;AS31-AS1-20180127151050
2018-01-27 15:11:24.768;SP;AS31-AS1-20180127151050
2018-01-27 15:11:26.437;SQ;AS31-AS1-20180127151126
2018-01-27 15:11:41.413;RC;AS31-AS1-20180127151050
2018-01-27 15:11:42.240;SS;AS31-AS1-20180127151050
2018-01-27 15:11:44.173;RU;AS31-AS1-20180127151009
2018-01-27 15:12:01.415;RO;AS31-AS1-20180127151126
2018-01-27 15:12:03.732;SP;AS31-AS1-20180127151126
2018-01-27 15:12:06.690;SQ;AS31-AS1-20180127151206
2018-01-27 15:12:21.005;RU;AS31-AS1-20180127151050
2018-01-27 15:12:22.917;VU;AS31-AS1-20180127151050
2018-01-27 15:12:23.278;RC;AS31-AS1-20180127151126
2018-01-27 15:12:24.530;SS;AS31-AS1-20180127151126
2018-01-27 15:12:42.085;RO;AS31-AS1-20180127151206
2018-01-27 15:12:43.082;SP;AS31-AS1-20180127151206
2018-01-27 15:12:45.618;SQ;AS31-AS1-20180127151245
2018-01-27 15:13:01.058;RC;AS31-AS1-20180127151206
2018-01-27 15:13:01.483;RU;AS31-AS1-20180127151126
2018-01-27 15:13:04.771;SS;AS31-AS1-20180127151206
2018-01-27 15:13:06.230;VU;AS31-AS1-20180127151126
2018-01-27 15:13:20.705;RO;AS31-AS1-20180127151245
2018-01-27 15:13:22.239;SP;AS31-AS1-20180127151245
2018-01-27 15:13:24.744;SQ;AS31-AS1-20180127151324
2018-01-27 15:13:41.745;RC;AS31-AS1-20180127151245
2018-01-27 15:13:42.878;SS;AS31-AS1-20180127151245
2018-01-27 15:13:48.201;RU;AS31-AS1-20180127151206
2018-01-27 15:13:51.542;VU;AS31-AS1-20180127151206
2018-01-27 15:13:58.561;RO;AS31-AS1-20180127151324
2018-01-27 15:14:00.354;SP;AS31-AS1-20180127151324
2018-01-27 15:14:03.566;SQ;AS31-AS1-20180127151403
2018-01-27 15:14:15.440;RC;AS31-AS1-20180127151324
2018-01-27 15:14:16.358;SS;AS31-AS1-20180127151324
2018-01-27 15:14:16.797;RU;AS31-AS1-20180127151245
2018-01-27 15:14:19.314;VU;AS31-AS1-20180127151245
2018-01-27 15:14:35.665;RO;AS31-AS1-20180127151403
2018-01-27 15:14:37.410;SP;AS31-AS1-20180127151403
2018-01-27 15:14:39.710;SQ;AS31-AS1-20180127151439
2018-01-27 15:14:55.128;RU;AS31-AS1-20180127151324
2018-01-27 15:14:57.673;VU;AS31-AS1-20180127151324
2018-01-27 15:15:00.841;RC;AS31-AS1-20180127151403
2018-01-27 15:15:02.151;SS;AS31-AS1-20180127151403
2018-01-27 15:15:19.087;RO;AS31-AS1-20180127151439
2018-01-27 15:15:21.590;SP;AS31-AS1-20180127151439
2018-01-27 15:15:25.667;SQ;AS31-AS1-20180127151525
2018-01-27 15:15:37.105;RU;AS31-AS1-20180127151403
2018-01-27 15:15:37.713;RC;AS31-AS1-20180127151439
2018-01-27 15:15:40.055;SS;AS31-AS1-20180127151439
2018-01-27 15:15:40.279;VU;AS31-AS1-20180127151403
2018-01-27 15:15:58.521;RO;AS31-AS1-20180127151525
2018-01-27 15:16:00.363;SP;AS31-AS1-20180127151525
2018-01-27 15:16:11.445;RU;AS31-AS1-20180127151439
2018-01-27 15:16:14.122;VU;AS31-AS1-20180127151439
2018-01-27 15:16:16.098;RC;AS31-AS1-20180127151525
2018-01-27 15:16:17.690;SS;AS31-AS1-20180127151525
2018-01-27 15:16:30.930;RU;AS31-AS1-20180127151525
2018-01-27 15:16:45.501;VU;AS31-AS1-20180127151525
