2018-01-27 14:56:24.698;SQ;AS36-AS1-20180127145624
2018-01-27 14:56:43.866;RO;AS36-AS1-20180127145624
2018-01-27 14:56:45.069;SP;AS36-AS1-20180127145624
2018-01-27 14:56:46.749;SQ;AS36-AS1-20180127145646
2018-01-27 14:56:59.186;RC;AS36-AS1-20180127145624
2018-01-27 14:57:00.033;SS;AS36-AS1-20180127145624
2018-01-27 14:57:22.577;RO;AS36-AS1-20180127145646
2018-01-27 14:57:23.652;SP;AS36-AS1-20180127145646
2018-01-27 14:57:25.331;SQ;AS36-AS1-20180127145725
2018-01-27 14:57:38.883;RU;AS36-AS1-20180127145624
2018-01-27 14:57:40.731;VU;AS36-AS1-20180127145624
2018-01-27 14:57:43.986;RC;AS36-AS1-20180127145646
2018-01-27 14:57:44.846;SS;AS36-AS1-20180127145646
2018-01-27 14:57:59.031;RO;AS36-AS1-20180127145725
2018-01-27 14:58:00.225;SP;AS36-AS1-20180127145725
2018-01-27 14:58:01.918;SQ;AS36-AS1-20180127145801
2018-01-27 14:58:20.704;RC;AS36-AS1-20180127145725
2018-01-27 14:58:21.530;SS;AS36-AS1-20180127145725
2018-01-27 14:58:23.197;RU;AS36-AS1-20180127145646
2018-01-27 14:58:25.036;VU;AS36-AS1-20180127145646
2018-01-27 14:58:35.537;RO;AS36-AS1-20180127145801
2018-01-27 14:58:36.783;SP;AS36-AS1-20180127145801
2018-01-27 14:58:38.466;SQ;AS36-AS1-20180127145838
2018-01-27 14:58:51.359;RC;AS36-AS1-20180127145801
2018-01-27 14:58:52.199;SS;AS36-AS1-20180127145801
2018-01-27 14:59:00.303;RU;AS36-AS1-20180127145725
2018-01-27 14:59:02.166;VU;AS36-AS1-20180127145725
2018-01-27 14:59:16.306;RO;AS36-AS1-20180127145838
2018-01-27 14:59:17.598;SP;AS36-AS1-20180127145838
2018-01-27 14:59:19.294;SQ;AS36-AS1-20180127145919
2018-01-27 14:59:31.059;RU;AS36-AS1-20180127145801
2018-01-27 14:59:33.722;VU;AS36-AS1-20180127145801
2018-01-27 14:59:48.143;RC;AS36-AS1-20180127145838
2018-01-27 14:59:49.697;SS;AS36-AS1-20180127145838
2018-01-27 14:59:57.202;RO;AS36-AS1-20180127145919
2018-01-27 14:59:58.191;SP;AS36-AS1-20180127145919
2018-01-27 14:59:59.893;SQ;AS36-AS1-20180127145959
2018-01-27 15:00:16.140;RC;AS36-AS1-20180127145919
2018-01-27 15:00:16.988;SS;AS36-AS1-20180127145919
2018-01-27 15:00:31.695;RU;AS36-AS1-20180127145838
2018-01-27 15:00:33.550;VU;AS36-AS1-20180127145838
2018-01-27 15:00:37.144;RO;AS36-AS1-20180127145959
2018-01-27 15:00:38.275;SP;AS36-AS1-20180127145959
2018-01-27 15:00:39.974;SQ;AS36-AS1-20180127150039
2018-01-27 15:00:51.447;RU;AS36-AS1-20180127145919
2018-01-27 15:00:53.306;VU;AS36-AS1-20180127145919
2018-01-27 15:00:57.976;RC;AS36-AS1-20180127145959
2018-01-27 15:00:58.810;SS;AS36-AS1-20180127145959
2018-01-27 15:01:15.267;RO;AS36-AS1-20180127150039
2018-01-27 15:01:16.353;SP;AS36-AS1-20180127150039
2018-01-27 15:01:18.028;SQ;AS36-AS1-20180127150118
2018-01-27 15:01:36.653;RC;AS36-AS1-20180127150039
2018-01-27 15:01:38.247;SS;AS36-AS1-20180127150039
2018-01-27 15:01:43.182;RU;AS36-AS1-20180127145959
2018-01-27 15:01:45.014;VU;AS36-AS1-20180127145959
2018-01-27 15:01:52.037;RO;AS36-AS1-20180127150118
2018-01-27 15:01:53.862;SP;AS36-AS1-20180127150118
2018-01-27 15:01:56.287;SQ;AS36-AS1-20180127150156
2018-01-27 15:02:15.456;RC;AS36-AS1-20180127150118
2018-01-27 15:02:15.958;RU;AS36-AS1-20180127150039
2018-01-27 15:02:16.558;SS;AS36-AS1-20180127150118
2018-01-27 15:02:18.161;VU;AS36-AS1-20180127150039
2018-01-27 15:02:31.863;RO;AS36-AS1-20180127150156
2018-01-27 15:02:33.150;SP;AS36-AS1-20180127150156
2018-01-27 15:02:34.831;SQ;AS36-AS1-20180127150234
2018-01-27 15:02:47.651;RC;AS36-AS1-20180127150156
2018-01-27 15:02:48.510;SS;AS36-AS1-20180127150156
2018-01-27 15:02:55.503;RU;AS36-AS1-20180127150118
2018-01-27 15:02:57.322;VU;AS36-AS1-20180127150118
2018-01-27 15:03:10.261;RO;AS36-AS1-20180127150234
2018-01-27 15:03:11.277;SP;AS36-AS1-20180127150234
2018-01-27 15:03:12.998;SQ;AS36-AS1-20180127150312
2018-01-27 15:03:25.239;RU;AS36-AS1-20180127150156
2018-01-27 15:03:28.760;RC;AS36-AS1-20180127150234
2018-01-27 15:03:29.595;SS;AS36-AS1-20180127150234
2018-01-27 15:03:51.299;RO;AS36-AS1-20180127150312
2018-01-27 15:03:52.645;SP;AS36-AS1-20180127150312
2018-01-27 15:03:55.457;SQ;AS36-AS1-20180127150355
2018-01-27 15:04:06.471;RU;AS36-AS1-20180127150234
2018-01-27 15:04:07.652;RC;AS36-AS1-20180127150312
2018-01-27 15:04:08.593;VU;AS36-AS1-20180127150234
2018-01-27 15:04:09.032;SS;AS36-AS1-20180127150312
2018-01-27 15:04:32.484;RO;AS36-AS1-20180127150355
2018-01-27 15:04:33.521;SP;AS36-AS1-20180127150355
2018-01-27 15:04:36.078;SQ;AS36-AS1-20180127150436
2018-01-27 15:04:53.464;RU;AS36-AS1-20180127150312
2018-01-27 15:04:53.816;RC;AS36-AS1-20180127150355
2018-01-27 15:04:55.835;VU;AS36-AS1-20180127150312
2018-01-27 15:04:56.078;SS;AS36-AS1-20180127150355
2018-01-27 15:05:12.268;RO;AS36-AS1-20180127150436
2018-01-27 15:05:13.862;SP;AS36-AS1-20180127150436
2018-01-27 15:05:16.261;SQ;AS36-AS1-20180127150516
2018-01-27 15:05:28.293;RC;AS36-AS1-20180127150436
2018-01-27 15:05:28.614;RU;AS36-AS1-20180127150355
2018-01-27 15:05:30.837;SS;AS36-AS1-20180127150436
2018-01-27 15:05:31.931;VU;AS36-AS1-20180127150355
2018-01-27 15:05:55.863;RO;AS36-AS1-20180127150516
2018-01-27 15:05:58.217;SP;AS36-AS1-20180127150516
2018-01-27 15:06:01.146;SQ;AS36-AS1-20180127150601
2018-01-27 15:06:10.831;RU;AS36-AS1-20180127150436
2018-01-27 15:06:13.873;VU;AS36-AS1-20180127150436
2018-01-27 15:06:22.717;RC;AS36-AS1-20180127150516
2018-01-27 15:06:23.568;SS;AS36-AS1-20180127150516
2018-01-27 15:06:38.496;RO;AS36-AS1-20180127150601
2018-01-27 15:06:39.913;SP;AS36-AS1-20180127150601
2018-01-27 15:06:42.330;SQ;AS36-AS1-20180127150642
2018-01-27 15:06:56.469;RC;AS36-AS1-20180127150601
2018-01-27 15:06:57.581;SS;AS36-AS1-20180127150601
2018-01-27 15:07:01.547;RU;AS36-AS1-20180127150516
2018-01-27 15:07:03.432;VU;AS36-AS1-20180127150516
2018-01-27 15:07:17.827;RO;AS36-AS1-20180127150642
2018-01-27 15:07:19.363;SP;AS36-AS1-20180127150642
2018-01-27 15:07:21.659;SQ;AS36-AS1-20180127150721
2018-01-27 15:07:29.577;RU;AS36-AS1-20180127150601
2018-01-27 15:07:29.625;RC;AS36-AS1-20180127150642
2018-01-27 15:07:32.359;SS;AS36-AS1-20180127150642
2018-01-27 15:07:33.361;VU;AS36-AS1-20180127150601
2018-01-27 15:07:41.025;RO;AS36-AS1-20180127150721
2018-01-27 15:07:42.636;SP;AS36-AS1-20180127150721
2018-01-27 15:07:46.904;SQ;AS36-AS1-20180127150746
2018-01-27 15:07:58.423;RC;AS36-AS1-20180127150721
2018-01-27 15:07:59.581;SS;AS36-AS1-20180127150721
2018-01-27 15:08:15.529;RU;AS36-AS1-20180127150642
2018-01-27 15:08:18.244;VU;AS36-AS1-20180127150642
2018-01-27 15:08:20.347;RO;AS36-AS1-20180127150746
2018-01-27 15:08:22.060;SP;AS36-AS1-20180127150746
2018-01-27 15:08:24.642;SQ;AS36-AS1-20180127150824
2018-01-27 15:08:35.567;RU;AS36-AS1-20180127150721
2018-01-27 15:08:37.962;VU;AS36-AS1-20180127150721
2018-01-27 15:08:43.761;RC;AS36-AS1-20180127150746
2018-01-27 15:08:45.488;SS;AS36-AS1-20180127150746
2018-01-27 15:09:01.016;RO;AS36-AS1-20180127150824
2018-01-27 15:09:02.418;SP;AS36-AS1-20180127150824
2018-01-27 15:09:06.529;SQ;AS36-AS1-20180127150906
2018-01-27 15:09:23.345;RC;AS36-AS1-20180127150824
2018-01-27 15:09:24.657;SS;AS36-AS1-20180127150824
2018-01-27 15:09:26.757;RU;AS36-AS1-20180127150746
2018-01-27 15:09:28.755;VU;AS36-AS1-20180127150746
2018-01-27 15:09:45.174;RO;AS36-AS1-20180127150906
2018-01-27 15:09:46.936;SP;AS36-AS1-20180127150906
2018-01-27 15:09:49.534;SQ;AS36-AS1-20180127150949
2018-01-27 15:10:06.565;RC;AS36-AS1-20180127150906
2018-01-27 15:10:06.840;RU;AS36-AS1-20180127150824
2018-01-27 15:10:08.403;SS;AS36-AS1-20180127150906
2018-01-27 15:10:09.849;VU;AS36-AS1-20180127150824
2018-01-27 15:10:24.021;RO;AS36-AS1-20180127150949
2018-01-27 15:10:25.666;SP;AS36-AS1-20180127150949
2018-01-27 15:10:29.070;SQ;AS36-AS1-20180127151029
2018-01-27 15:10:43.723;RU;AS36-AS1-20180127150906
2018-01-27 15:10:44.007;RC;AS36-AS1-20180127150949
2018-01-27 15:10:46.254;SS;AS36-AS1-20180127150949
2018-01-27 15:11:08.853;RO;AS36-AS1-20180127151029
2018-01-27 15:11:11.154;SP;AS36-AS1-20180127151029
2018-01-27 15:11:17.156;SQ;AS36-AS1-20180127151117
2018-01-27 15:11:27.607;RC;AS36-AS1-20180127151029
2018-01-27 15:11:29.205;RU;AS36-AS1-20180127150949
2018-01-27 15:11:30.454;SS;AS36-AS1-20180127151029
2018-01-27 15:11:32.959;VU;AS36-AS1-20180127150949
2018-01-27 15:11:52.909;RO;AS36-AS1-20180127151117
2018-01-27 15:11:54.941;SP;AS36-AS1-20180127151117
2018-01-27 15:11:59.190;SQ;AS36-AS1-20180127151159
2018-01-27 15:12:14.437;RC;AS36-AS1-20180127151117
2018-01-27 15:12:15.439;RU;AS36-AS1-20180127151029
2018-01-27 15:12:18.369;SS;AS36-AS1-20180127151117
2018-01-27 15:12:20.501;VU;AS36-AS1-20180127151029
2018-01-27 15:12:35.876;RO;AS36-AS1-20180127151159
2018-01-27 15:12:38.534;SP;AS36-AS1-20180127151159
2018-01-27 15:12:42.269;SQ;AS36-AS1-20180127151242
2018-01-27 15:12:57.579;RU;AS36-AS1-20180127151117
2018-01-27 15:12:57.971;RC;AS36-AS1-20180127151159
2018-01-27 15:13:00.437;VU;AS36-AS1-20180127151117
2018-01-27 15:13:00.883;SS;AS36-AS1-20180127151159
2018-01-27 15:13:16.739;RO;AS36-AS1-20180127151242
2018-01-27 15:13:20.690;SP;AS36-AS1-20180127151242
2018-01-27 15:13:24.144;SQ;AS36-AS1-20180127151324
2018-01-27 15:13:36.611;RU;AS36-AS1-20180127151159
2018-01-27 15:13:39.723;VU;AS36-AS1-20180127151159
2018-01-27 15:13:41.756;RC;AS36-AS1-20180127151242
2018-01-27 15:13:43.601;SS;AS36-AS1-20180127151242
2018-01-27 15:13:57.321;RO;AS36-AS1-20180127151324
2018-01-27 15:13:59.449;SP;AS36-AS1-20180127151324
2018-01-27 15:14:04.807;SQ;AS36-AS1-20180127151404
2018-01-27 15:14:15.420;RC;AS36-AS1-20180127151324
2018-01-27 15:14:17.336;RU;AS36-AS1-20180127151242
2018-01-27 15:14:17.403;SS;AS36-AS1-20180127151324
2018-01-27 15:14:21.919;VU;AS36-AS1-20180127151242
2018-01-27 15:14:34.941;RO;AS36-AS1-20180127151404
2018-01-27 15:14:38.325;SP;AS36-AS1-20180127151404
2018-01-27 15:14:42.178;SQ;AS36-AS1-20180127151442
2018-01-27 15:14:56.080;RU;AS36-AS1-20180127151324
2018-01-27 15:14:58.698;VU;AS36-AS1-20180127151324
2018-01-27 15:15:00.918;RC;AS36-AS1-20180127151404
2018-01-27 15:15:02.485;SS;AS36-AS1-20180127151404
2018-01-27 15:15:34.343;RO;AS36-AS1-20180127151442
2018-01-27 15:15:36.933;RU;AS36-AS1-20180127151404
2018-01-27 15:15:38.811;SP;AS36-AS1-20180127151442
2018-01-27 15:15:41.902;VU;AS36-AS1-20180127151404
2018-01-27 15:15:43.626;SQ;AS36-AS1-20180127151543
2018-01-27 15:15:49.880;RC;AS36-AS1-20180127151442
2018-01-27 15:15:52.986;SS;AS36-AS1-20180127151442
2018-01-27 15:16:15.576;RO;AS36-AS1-20180127151543
2018-01-27 15:16:16.486;RU;AS36-AS1-20180127151442
2018-01-27 15:16:18.048;SP;AS36-AS1-20180127151543
2018-01-27 15:16:25.969;RC;AS36-AS1-20180127151543
2018-01-27 15:16:29.166;SS;AS36-AS1-20180127151543
2018-01-27 15:16:36.752;RU;AS36-AS1-20180127151543
2018-01-27 15:16:47.757;VU;AS36-AS1-20180127151543
