2018-01-27 14:56:20.423;SQ;AS42-AS1-20180127145620
2018-01-27 14:56:32.717;RO;AS42-AS1-20180127145620
2018-01-27 14:56:33.732;SP;AS42-AS1-20180127145620
2018-01-27 14:56:35.326;SQ;AS42-AS1-20180127145635
2018-01-27 14:56:43.922;RC;AS42-AS1-20180127145620
2018-01-27 14:56:44.774;SS;AS42-AS1-20180127145620
2018-01-27 14:57:03.799;RO;AS42-AS1-20180127145635
2018-01-27 14:57:04.682;SP;AS42-AS1-20180127145635
2018-01-27 14:57:06.317;SQ;AS42-AS1-20180127145706
2018-01-27 14:57:20.323;RU;AS42-AS1-20180127145620
2018-01-27 14:57:22.144;VU;AS42-AS1-20180127145620
2018-01-27 14:57:41.479;RO;AS42-AS1-20180127145706
2018-01-27 14:57:42.857;RC;AS42-AS1-20180127145635
2018-01-27 14:57:43.259;SP;AS42-AS1-20180127145706
2018-01-27 14:57:45.614;SS;AS42-AS1-20180127145635
2018-01-27 14:57:46.675;SQ;AS42-AS1-20180127145746
2018-01-27 14:58:02.153;RC;AS42-AS1-20180127145706
2018-01-27 14:58:02.947;SS;AS42-AS1-20180127145706
2018-01-27 14:58:22.126;RO;AS42-AS1-20180127145746
2018-01-27 14:58:22.863;RU;AS42-AS1-20180127145635
2018-01-27 14:58:23.191;SP;AS42-AS1-20180127145746
2018-01-27 14:58:25.482;VU;AS42-AS1-20180127145635
2018-01-27 14:58:25.493;SQ;AS42-AS1-20180127145825
2018-01-27 14:58:41.278;RU;AS42-AS1-20180127145706
2018-01-27 14:58:41.489;RC;AS42-AS1-20180127145746
2018-01-27 14:58:42.939;SS;AS42-AS1-20180127145746
2018-01-27 14:58:43.635;VU;AS42-AS1-20180127145706
2018-01-27 14:59:00.910;RO;AS42-AS1-20180127145825
2018-01-27 14:59:01.840;SP;AS42-AS1-20180127145825
2018-01-27 14:59:03.468;SQ;AS42-AS1-20180127145903
2018-01-27 14:59:24.216;RU;AS42-AS1-20180127145746
2018-01-27 14:59:24.257;RC;AS42-AS1-20180127145825
2018-01-27 14:59:25.833;SS;AS42-AS1-20180127145825
2018-01-27 14:59:26.830;VU;AS42-AS1-20180127145746
2018-01-27 14:59:41.190;RO;AS42-AS1-20180127145903
2018-01-27 14:59:42.327;SP;AS42-AS1-20180127145903
2018-01-27 14:59:43.966;SQ;AS42-AS1-20180127145943
2018-01-27 15:00:00.458;RC;AS42-AS1-20180127145903
2018-01-27 15:00:01.263;SS;AS42-AS1-20180127145903
2018-01-27 15:00:04.314;RU;AS42-AS1-20180127145825
2018-01-27 15:00:07.063;VU;AS42-AS1-20180127145825
2018-01-27 15:00:16.833;RO;AS42-AS1-20180127145943
2018-01-27 15:00:17.844;SP;AS42-AS1-20180127145943
2018-01-27 15:00:19.990;SQ;AS42-AS1-20180127150019
2018-01-27 15:00:31.924;RU;AS42-AS1-20180127145903
2018-01-27 15:00:33.726;VU;AS42-AS1-20180127145903
2018-01-27 15:00:36.002;RC;AS42-AS1-20180127145943
2018-01-27 15:00:36.847;SS;AS42-AS1-20180127145943
2018-01-27 15:00:57.793;RO;AS42-AS1-20180127150019
2018-01-27 15:00:58.850;SP;AS42-AS1-20180127150019
2018-01-27 15:01:00.437;SQ;AS42-AS1-20180127150100
2018-01-27 15:01:16.437;RC;AS42-AS1-20180127150019
2018-01-27 15:01:17.270;SS;AS42-AS1-20180127150019
2018-01-27 15:01:19.850;RU;AS42-AS1-20180127145943
2018-01-27 15:01:22.618;VU;AS42-AS1-20180127145943
2018-01-27 15:01:37.425;RO;AS42-AS1-20180127150100
2018-01-27 15:01:38.294;SP;AS42-AS1-20180127150100
2018-01-27 15:01:39.929;SQ;AS42-AS1-20180127150139
2018-01-27 15:01:54.251;RC;AS42-AS1-20180127150100
2018-01-27 15:01:55.081;SS;AS42-AS1-20180127150100
2018-01-27 15:01:55.765;RU;AS42-AS1-20180127150019
2018-01-27 15:01:57.566;VU;AS42-AS1-20180127150019
2018-01-27 15:02:18.553;RO;AS42-AS1-20180127150139
2018-01-27 15:02:19.773;SP;AS42-AS1-20180127150139
2018-01-27 15:02:21.379;SQ;AS42-AS1-20180127150221
2018-01-27 15:02:31.296;RU;AS42-AS1-20180127150100
2018-01-27 15:02:33.142;VU;AS42-AS1-20180127150100
2018-01-27 15:02:36.344;RC;AS42-AS1-20180127150139
2018-01-27 15:02:37.132;SS;AS42-AS1-20180127150139
2018-01-27 15:03:02.045;RO;AS42-AS1-20180127150221
2018-01-27 15:03:03.228;SP;AS42-AS1-20180127150221
2018-01-27 15:03:04.872;SQ;AS42-AS1-20180127150304
2018-01-27 15:03:17.718;RU;AS42-AS1-20180127150139
2018-01-27 15:03:19.513;VU;AS42-AS1-20180127150139
2018-01-27 15:03:21.337;RC;AS42-AS1-20180127150221
2018-01-27 15:03:22.133;SS;AS42-AS1-20180127150221
2018-01-27 15:03:41.231;RO;AS42-AS1-20180127150304
2018-01-27 15:03:42.234;SP;AS42-AS1-20180127150304
2018-01-27 15:03:43.849;SQ;AS42-AS1-20180127150343
2018-01-27 15:03:57.389;RC;AS42-AS1-20180127150304
2018-01-27 15:03:58.213;SS;AS42-AS1-20180127150304
2018-01-27 15:04:02.959;RU;AS42-AS1-20180127150221
2018-01-27 15:04:04.791;VU;AS42-AS1-20180127150221
2018-01-27 15:04:23.017;RO;AS42-AS1-20180127150343
2018-01-27 15:04:24.201;SP;AS42-AS1-20180127150343
2018-01-27 15:04:26.620;SQ;AS42-AS1-20180127150426
2018-01-27 15:04:40.427;RU;AS42-AS1-20180127150304
2018-01-27 15:04:41.121;RC;AS42-AS1-20180127150343
2018-01-27 15:04:43.774;SS;AS42-AS1-20180127150343
2018-01-27 15:04:44.025;VU;AS42-AS1-20180127150304
2018-01-27 15:05:04.699;RO;AS42-AS1-20180127150426
2018-01-27 15:05:05.986;SP;AS42-AS1-20180127150426
2018-01-27 15:05:07.632;SQ;AS42-AS1-20180127150507
2018-01-27 15:05:23.321;RC;AS42-AS1-20180127150426
2018-01-27 15:05:24.167;SS;AS42-AS1-20180127150426
2018-01-27 15:05:25.606;RU;AS42-AS1-20180127150343
2018-01-27 15:05:28.068;VU;AS42-AS1-20180127150343
2018-01-27 15:05:36.477;RO;AS42-AS1-20180127150507
2018-01-27 15:05:37.500;SP;AS42-AS1-20180127150507
2018-01-27 15:05:39.141;SQ;AS42-AS1-20180127150539
2018-01-27 15:05:57.117;RC;AS42-AS1-20180127150507
2018-01-27 15:05:58.511;SS;AS42-AS1-20180127150507
2018-01-27 15:06:00.573;RU;AS42-AS1-20180127150426
2018-01-27 15:06:02.386;VU;AS42-AS1-20180127150426
2018-01-27 15:06:21.927;RO;AS42-AS1-20180127150539
2018-01-27 15:06:22.995;SP;AS42-AS1-20180127150539
2018-01-27 15:06:24.618;SQ;AS42-AS1-20180127150624
2018-01-27 15:06:40.933;RC;AS42-AS1-20180127150539
2018-01-27 15:06:41.755;SS;AS42-AS1-20180127150539
2018-01-27 15:06:42.163;RU;AS42-AS1-20180127150507
2018-01-27 15:06:44.767;VU;AS42-AS1-20180127150507
2018-01-27 15:07:03.137;RO;AS42-AS1-20180127150624
2018-01-27 15:07:03.969;SP;AS42-AS1-20180127150624
2018-01-27 15:07:05.616;SQ;AS42-AS1-20180127150705
2018-01-27 15:07:16.685;RU;AS42-AS1-20180127150539
2018-01-27 15:07:18.487;VU;AS42-AS1-20180127150539
2018-01-27 15:07:29.010;RC;AS42-AS1-20180127150624
2018-01-27 15:07:30.445;SS;AS42-AS1-20180127150624
2018-01-27 15:07:40.348;RO;AS42-AS1-20180127150705
2018-01-27 15:07:41.482;SP;AS42-AS1-20180127150705
2018-01-27 15:07:43.086;SQ;AS42-AS1-20180127150743
2018-01-27 15:08:02.022;RC;AS42-AS1-20180127150705
2018-01-27 15:08:02.852;SS;AS42-AS1-20180127150705
2018-01-27 15:08:06.216;RU;AS42-AS1-20180127150624
2018-01-27 15:08:08.060;VU;AS42-AS1-20180127150624
2018-01-27 15:08:20.073;RO;AS42-AS1-20180127150743
2018-01-27 15:08:20.960;SP;AS42-AS1-20180127150743
2018-01-27 15:08:22.594;SQ;AS42-AS1-20180127150822
2018-01-27 15:08:38.093;RC;AS42-AS1-20180127150743
2018-01-27 15:08:38.894;SS;AS42-AS1-20180127150743
2018-01-27 15:08:44.082;RU;AS42-AS1-20180127150705
2018-01-27 15:08:45.900;VU;AS42-AS1-20180127150705
2018-01-27 15:09:01.197;RO;AS42-AS1-20180127150822
2018-01-27 15:09:02.476;SP;AS42-AS1-20180127150822
2018-01-27 15:09:04.535;SQ;AS42-AS1-20180127150904
2018-01-27 15:09:19.742;RC;AS42-AS1-20180127150822
2018-01-27 15:09:20.886;SS;AS42-AS1-20180127150822
2018-01-27 15:09:20.894;RU;AS42-AS1-20180127150743
2018-01-27 15:09:22.721;VU;AS42-AS1-20180127150743
2018-01-27 15:09:45.175;RO;AS42-AS1-20180127150904
2018-01-27 15:09:46.422;SP;AS42-AS1-20180127150904
2018-01-27 15:09:48.060;SQ;AS42-AS1-20180127150948
2018-01-27 15:10:06.460;RU;AS42-AS1-20180127150822
2018-01-27 15:10:06.636;RC;AS42-AS1-20180127150904
2018-01-27 15:10:08.117;SS;AS42-AS1-20180127150904
2018-01-27 15:10:08.878;VU;AS42-AS1-20180127150822
2018-01-27 15:10:20.268;RO;AS42-AS1-20180127150948
2018-01-27 15:10:21.401;SP;AS42-AS1-20180127150948
2018-01-27 15:10:23.043;SQ;AS42-AS1-20180127151023
2018-01-27 15:10:38.572;RC;AS42-AS1-20180127150948
2018-01-27 15:10:39.360;SS;AS42-AS1-20180127150948
2018-01-27 15:10:47.820;RU;AS42-AS1-20180127150904
2018-01-27 15:10:49.614;VU;AS42-AS1-20180127150904
2018-01-27 15:11:12.300;RO;AS42-AS1-20180127151023
2018-01-27 15:11:12.723;RU;AS42-AS1-20180127150948
2018-01-27 15:11:15.092;SP;AS42-AS1-20180127151023
2018-01-27 15:11:16.427;VU;AS42-AS1-20180127150948
2018-01-27 15:11:18.244;SQ;AS42-AS1-20180127151118
2018-01-27 15:11:33.841;RC;AS42-AS1-20180127151023
2018-01-27 15:11:34.656;SS;AS42-AS1-20180127151023
2018-01-27 15:11:53.124;RO;AS42-AS1-20180127151118
2018-01-27 15:11:54.119;SP;AS42-AS1-20180127151118
2018-01-27 15:11:55.732;SQ;AS42-AS1-20180127151155
2018-01-27 15:12:11.403;RC;AS42-AS1-20180127151118
2018-01-27 15:12:11.755;RU;AS42-AS1-20180127151023
2018-01-27 15:12:12.615;SS;AS42-AS1-20180127151118
2018-01-27 15:12:14.049;VU;AS42-AS1-20180127151023
2018-01-27 15:12:32.437;RO;AS42-AS1-20180127151155
2018-01-27 15:12:33.571;SP;AS42-AS1-20180127151155
2018-01-27 15:12:35.184;SQ;AS42-AS1-20180127151235
2018-01-27 15:12:57.149;RU;AS42-AS1-20180127151118
2018-01-27 15:12:57.433;RC;AS42-AS1-20180127151155
2018-01-27 15:12:58.806;SS;AS42-AS1-20180127151155
2018-01-27 15:12:59.460;VU;AS42-AS1-20180127151118
2018-01-27 15:13:14.586;RO;AS42-AS1-20180127151235
2018-01-27 15:13:15.545;SP;AS42-AS1-20180127151235
2018-01-27 15:13:17.986;SQ;AS42-AS1-20180127151317
2018-01-27 15:13:33.782;RC;AS42-AS1-20180127151235
2018-01-27 15:13:34.588;SS;AS42-AS1-20180127151235
2018-01-27 15:13:36.259;RU;AS42-AS1-20180127151155
2018-01-27 15:13:38.080;VU;AS42-AS1-20180127151155
2018-01-27 15:13:55.297;RO;AS42-AS1-20180127151317
2018-01-27 15:13:56.362;SP;AS42-AS1-20180127151317
2018-01-27 15:13:57.964;SQ;AS42-AS1-20180127151357
2018-01-27 15:14:15.096;RU;AS42-AS1-20180127151235
2018-01-27 15:14:26.525;RC;AS42-AS1-20180127151317
2018-01-27 15:14:27.914;SS;AS42-AS1-20180127151317
2018-01-27 15:14:35.401;RO;AS42-AS1-20180127151357
2018-01-27 15:14:37.161;SP;AS42-AS1-20180127151357
2018-01-27 15:14:39.620;SQ;AS42-AS1-20180127151439
2018-01-27 15:14:59.365;RC;AS42-AS1-20180127151357
2018-01-27 15:15:00.740;SS;AS42-AS1-20180127151357
2018-01-27 15:15:04.671;RU;AS42-AS1-20180127151317
2018-01-27 15:15:08.436;VU;AS42-AS1-20180127151317
2018-01-27 15:15:16.132;RO;AS42-AS1-20180127151439
2018-01-27 15:15:17.798;SP;AS42-AS1-20180127151439
2018-01-27 15:15:20.162;SQ;AS42-AS1-20180127151520
2018-01-27 15:15:35.521;RC;AS42-AS1-20180127151439
2018-01-27 15:15:38.183;RU;AS42-AS1-20180127151357
2018-01-27 15:15:38.676;SS;AS42-AS1-20180127151439
2018-01-27 15:15:40.346;VU;AS42-AS1-20180127151357
2018-01-27 15:15:52.033;RO;AS42-AS1-20180127151520
2018-01-27 15:15:54.628;SP;AS42-AS1-20180127151520
2018-01-27 15:16:07.753;RU;AS42-AS1-20180127151439
2018-01-27 15:16:08.501;RC;AS42-AS1-20180127151520
2018-01-27 15:16:11.187;SS;AS42-AS1-20180127151520
2018-01-27 15:16:11.703;VU;AS42-AS1-20180127151439
2018-01-27 15:16:30.805;RU;AS42-AS1-20180127151520
2018-01-27 15:16:32.883;VU;AS42-AS1-20180127151520
