2018-01-27 14:56:21.834;SQ;AS5-AS1-20180127145621
2018-01-27 14:56:37.355;RO;AS5-AS1-20180127145621
2018-01-27 14:56:38.667;SP;AS5-AS1-20180127145621
2018-01-27 14:56:40.573;SQ;AS5-AS1-20180127145640
2018-01-27 14:56:50.441;RC;AS5-AS1-20180127145621
2018-01-27 14:56:51.248;SS;AS5-AS1-20180127145621
2018-01-27 14:57:12.471;RO;AS5-AS1-20180127145640
2018-01-27 14:57:13.415;SP;AS5-AS1-20180127145640
2018-01-27 14:57:15.056;SQ;AS5-AS1-20180127145715
2018-01-27 14:57:28.211;RU;AS5-AS1-20180127145621
2018-01-27 14:57:30.037;VU;AS5-AS1-20180127145621
2018-01-27 14:57:31.243;RC;AS5-AS1-20180127145640
2018-01-27 14:57:32.073;SS;AS5-AS1-20180127145640
2018-01-27 14:57:54.481;RO;AS5-AS1-20180127145715
2018-01-27 14:57:55.439;SP;AS5-AS1-20180127145715
2018-01-27 14:57:57.088;SQ;AS5-AS1-20180127145757
2018-01-27 14:58:14.878;RC;AS5-AS1-20180127145715
2018-01-27 14:58:15.718;SS;AS5-AS1-20180127145715
2018-01-27 14:58:29.118;RU;AS5-AS1-20180127145640
2018-01-27 14:58:31.115;VU;AS5-AS1-20180127145640
2018-01-27 14:58:31.147;RO;AS5-AS1-20180127145757
2018-01-27 14:58:32.470;SP;AS5-AS1-20180127145757
2018-01-27 14:58:34.123;SQ;AS5-AS1-20180127145834
2018-01-27 14:58:50.979;RC;AS5-AS1-20180127145757
2018-01-27 14:58:51.791;SS;AS5-AS1-20180127145757
2018-01-27 14:58:58.843;RU;AS5-AS1-20180127145715
2018-01-27 14:59:01.062;VU;AS5-AS1-20180127145715
2018-01-27 14:59:11.650;RO;AS5-AS1-20180127145834
2018-01-27 14:59:12.517;SP;AS5-AS1-20180127145834
2018-01-27 14:59:14.190;SQ;AS5-AS1-20180127145914
2018-01-27 14:59:24.548;RC;AS5-AS1-20180127145834
2018-01-27 14:59:25.356;SS;AS5-AS1-20180127145834
2018-01-27 14:59:30.478;RU;AS5-AS1-20180127145757
2018-01-27 14:59:33.174;VU;AS5-AS1-20180127145757
2018-01-27 14:59:53.058;RO;AS5-AS1-20180127145914
2018-01-27 14:59:54.044;SP;AS5-AS1-20180127145914
2018-01-27 14:59:55.663;SQ;AS5-AS1-20180127145955
2018-01-27 15:00:11.667;RU;AS5-AS1-20180127145834
2018-01-27 15:00:13.512;VU;AS5-AS1-20180127145834
2018-01-27 15:00:14.083;RC;AS5-AS1-20180127145914
2018-01-27 15:00:14.901;SS;AS5-AS1-20180127145914
2018-01-27 15:00:30.832;RO;AS5-AS1-20180127145955
2018-01-27 15:00:32.015;SP;AS5-AS1-20180127145955
2018-01-27 15:00:33.667;SQ;AS5-AS1-20180127150033
2018-01-27 15:00:53.334;RC;AS5-AS1-20180127145955
2018-01-27 15:00:54.171;SS;AS5-AS1-20180127145955
2018-01-27 15:00:58.011;RU;AS5-AS1-20180127145914
2018-01-27 15:00:59.846;VU;AS5-AS1-20180127145914
2018-01-27 15:01:13.515;RO;AS5-AS1-20180127150033
2018-01-27 15:01:14.532;SP;AS5-AS1-20180127150033
2018-01-27 15:01:16.198;SQ;AS5-AS1-20180127150116
2018-01-27 15:01:32.194;RC;AS5-AS1-20180127150033
2018-01-27 15:01:33.016;SS;AS5-AS1-20180127150033
2018-01-27 15:01:35.691;RU;AS5-AS1-20180127145955
2018-01-27 15:01:37.858;VU;AS5-AS1-20180127145955
2018-01-27 15:01:54.544;RO;AS5-AS1-20180127150116
2018-01-27 15:01:55.576;SP;AS5-AS1-20180127150116
2018-01-27 15:01:57.202;SQ;AS5-AS1-20180127150157
2018-01-27 15:02:15.885;RU;AS5-AS1-20180127150033
2018-01-27 15:02:15.959;RC;AS5-AS1-20180127150116
2018-01-27 15:02:17.548;SS;AS5-AS1-20180127150116
2018-01-27 15:02:18.444;VU;AS5-AS1-20180127150033
2018-01-27 15:02:34.227;RO;AS5-AS1-20180127150157
2018-01-27 15:02:35.053;SP;AS5-AS1-20180127150157
2018-01-27 15:02:36.704;SQ;AS5-AS1-20180127150236
2018-01-27 15:02:50.832;RC;AS5-AS1-20180127150157
2018-01-27 15:02:51.654;SS;AS5-AS1-20180127150157
2018-01-27 15:02:54.583;RU;AS5-AS1-20180127150116
2018-01-27 15:02:56.425;VU;AS5-AS1-20180127150116
2018-01-27 15:03:17.350;RO;AS5-AS1-20180127150236
2018-01-27 15:03:18.588;SP;AS5-AS1-20180127150236
2018-01-27 15:03:20.228;SQ;AS5-AS1-20180127150320
2018-01-27 15:03:25.986;RU;AS5-AS1-20180127150157
2018-01-27 15:03:27.803;VU;AS5-AS1-20180127150157
2018-01-27 15:03:36.405;RC;AS5-AS1-20180127150236
2018-01-27 15:03:37.218;SS;AS5-AS1-20180127150236
2018-01-27 15:03:53.569;RO;AS5-AS1-20180127150320
2018-01-27 15:03:54.567;SP;AS5-AS1-20180127150320
2018-01-27 15:03:57.622;SQ;AS5-AS1-20180127150357
2018-01-27 15:04:14.064;RC;AS5-AS1-20180127150320
2018-01-27 15:04:14.882;SS;AS5-AS1-20180127150320
2018-01-27 15:04:21.349;RU;AS5-AS1-20180127150236
2018-01-27 15:04:23.158;VU;AS5-AS1-20180127150236
2018-01-27 15:04:35.634;RO;AS5-AS1-20180127150357
2018-01-27 15:04:36.479;SP;AS5-AS1-20180127150357
2018-01-27 15:04:38.170;SQ;AS5-AS1-20180127150438
2018-01-27 15:04:55.838;RC;AS5-AS1-20180127150357
2018-01-27 15:04:57.572;SS;AS5-AS1-20180127150357
2018-01-27 15:05:11.685;RU;AS5-AS1-20180127150320
2018-01-27 15:05:13.591;VU;AS5-AS1-20180127150320
2018-01-27 15:05:16.766;RO;AS5-AS1-20180127150438
2018-01-27 15:05:18.064;SP;AS5-AS1-20180127150438
2018-01-27 15:05:19.722;SQ;AS5-AS1-20180127150519
2018-01-27 15:05:36.372;RC;AS5-AS1-20180127150438
2018-01-27 15:05:36.678;RU;AS5-AS1-20180127150357
2018-01-27 15:05:37.689;SS;AS5-AS1-20180127150438
2018-01-27 15:05:39.047;VU;AS5-AS1-20180127150357
2018-01-27 15:05:57.564;RO;AS5-AS1-20180127150519
2018-01-27 15:05:58.595;SP;AS5-AS1-20180127150519
2018-01-27 15:06:00.254;SQ;AS5-AS1-20180127150600
2018-01-27 15:06:14.234;RC;AS5-AS1-20180127150519
2018-01-27 15:06:15.048;SS;AS5-AS1-20180127150519
2018-01-27 15:06:22.411;RU;AS5-AS1-20180127150438
2018-01-27 15:06:24.230;VU;AS5-AS1-20180127150438
2018-01-27 15:06:39.727;RO;AS5-AS1-20180127150600
2018-01-27 15:06:40.639;SP;AS5-AS1-20180127150600
2018-01-27 15:06:42.283;SQ;AS5-AS1-20180127150642
2018-01-27 15:06:45.168;RU;AS5-AS1-20180127150519
2018-01-27 15:06:47.003;VU;AS5-AS1-20180127150519
2018-01-27 15:06:59.683;RC;AS5-AS1-20180127150600
2018-01-27 15:07:00.530;SS;AS5-AS1-20180127150600
2018-01-27 15:07:13.411;RO;AS5-AS1-20180127150642
2018-01-27 15:07:15.656;SP;AS5-AS1-20180127150642
2018-01-27 15:07:17.337;SQ;AS5-AS1-20180127150717
2018-01-27 15:07:29.009;RC;AS5-AS1-20180127150642
2018-01-27 15:07:30.440;SS;AS5-AS1-20180127150642
2018-01-27 15:07:39.990;RU;AS5-AS1-20180127150600
2018-01-27 15:07:40.744;RO;AS5-AS1-20180127150717
2018-01-27 15:07:41.674;SP;AS5-AS1-20180127150717
2018-01-27 15:07:41.796;VU;AS5-AS1-20180127150600
2018-01-27 15:07:43.337;SQ;AS5-AS1-20180127150743
2018-01-27 15:07:59.970;RC;AS5-AS1-20180127150717
2018-01-27 15:08:01.687;SS;AS5-AS1-20180127150717
2018-01-27 15:08:07.186;RU;AS5-AS1-20180127150642
2018-01-27 15:08:08.998;VU;AS5-AS1-20180127150642
2018-01-27 15:08:19.245;RO;AS5-AS1-20180127150743
2018-01-27 15:08:20.214;SP;AS5-AS1-20180127150743
2018-01-27 15:08:21.878;SQ;AS5-AS1-20180127150821
2018-01-27 15:08:44.022;RC;AS5-AS1-20180127150743
2018-01-27 15:08:44.104;RU;AS5-AS1-20180127150717
2018-01-27 15:08:45.579;SS;AS5-AS1-20180127150743
2018-01-27 15:08:46.662;VU;AS5-AS1-20180127150717
2018-01-27 15:08:59.654;RO;AS5-AS1-20180127150821
2018-01-27 15:09:00.739;SP;AS5-AS1-20180127150821
2018-01-27 15:09:02.386;SQ;AS5-AS1-20180127150902
2018-01-27 15:09:19.113;RC;AS5-AS1-20180127150821
2018-01-27 15:09:20.766;SS;AS5-AS1-20180127150821
2018-01-27 15:09:27.191;RU;AS5-AS1-20180127150743
2018-01-27 15:09:29.010;VU;AS5-AS1-20180127150743
2018-01-27 15:09:36.484;RO;AS5-AS1-20180127150902
2018-01-27 15:09:38.345;SP;AS5-AS1-20180127150902
2018-01-27 15:09:39.971;SQ;AS5-AS1-20180127150939
2018-01-27 15:10:06.384;RC;AS5-AS1-20180127150902
2018-01-27 15:10:07.218;SS;AS5-AS1-20180127150902
2018-01-27 15:10:10.714;RO;AS5-AS1-20180127150939
2018-01-27 15:10:11.810;SP;AS5-AS1-20180127150939
2018-01-27 15:10:12.773;RU;AS5-AS1-20180127150821
2018-01-27 15:10:16.334;SQ;AS5-AS1-20180127151016
2018-01-27 15:10:17.169;VU;AS5-AS1-20180127150821
2018-01-27 15:10:30.808;RC;AS5-AS1-20180127150939
2018-01-27 15:10:31.608;SS;AS5-AS1-20180127150939
2018-01-27 15:10:43.887;RU;AS5-AS1-20180127150902
2018-01-27 15:10:45.735;VU;AS5-AS1-20180127150902
2018-01-27 15:10:48.228;RO;AS5-AS1-20180127151016
2018-01-27 15:10:49.204;SP;AS5-AS1-20180127151016
2018-01-27 15:10:50.838;SQ;AS5-AS1-20180127151050
2018-01-27 15:11:10.112;RU;AS5-AS1-20180127150939
2018-01-27 15:11:11.923;VU;AS5-AS1-20180127150939
2018-01-27 15:11:21.829;RC;AS5-AS1-20180127151016
2018-01-27 15:11:22.619;SS;AS5-AS1-20180127151016
2018-01-27 15:11:27.111;RO;AS5-AS1-20180127151050
2018-01-27 15:11:28.183;SP;AS5-AS1-20180127151050
2018-01-27 15:11:30.489;SQ;AS5-AS1-20180127151130
2018-01-27 15:11:46.525;RC;AS5-AS1-20180127151050
2018-01-27 15:11:47.340;SS;AS5-AS1-20180127151050
2018-01-27 15:11:56.092;RU;AS5-AS1-20180127151016
2018-01-27 15:11:57.896;VU;AS5-AS1-20180127151016
2018-01-27 15:12:12.290;RO;AS5-AS1-20180127151130
2018-01-27 15:12:13.376;SP;AS5-AS1-20180127151130
2018-01-27 15:12:15.725;SQ;AS5-AS1-20180127151215
2018-01-27 15:12:22.229;RU;AS5-AS1-20180127151050
2018-01-27 15:12:24.065;VU;AS5-AS1-20180127151050
2018-01-27 15:12:32.874;RC;AS5-AS1-20180127151130
2018-01-27 15:12:33.705;SS;AS5-AS1-20180127151130
2018-01-27 15:12:57.301;RO;AS5-AS1-20180127151215
2018-01-27 15:12:58.587;SP;AS5-AS1-20180127151215
2018-01-27 15:13:00.276;SQ;AS5-AS1-20180127151300
2018-01-27 15:13:10.360;RU;AS5-AS1-20180127151130
2018-01-27 15:13:12.196;VU;AS5-AS1-20180127151130
2018-01-27 15:13:31.364;RC;AS5-AS1-20180127151215
2018-01-27 15:13:32.761;SS;AS5-AS1-20180127151215
2018-01-27 15:13:41.759;RO;AS5-AS1-20180127151300
2018-01-27 15:13:42.657;SP;AS5-AS1-20180127151300
2018-01-27 15:13:44.334;SQ;AS5-AS1-20180127151344
2018-01-27 15:13:58.919;RC;AS5-AS1-20180127151300
2018-01-27 15:13:59.740;SS;AS5-AS1-20180127151300
2018-01-27 15:14:15.335;RU;AS5-AS1-20180127151215
2018-01-27 15:14:15.438;RO;AS5-AS1-20180127151344
2018-01-27 15:14:17.002;SP;AS5-AS1-20180127151344
2018-01-27 15:14:17.400;VU;AS5-AS1-20180127151215
2018-01-27 15:14:19.948;SQ;AS5-AS1-20180127151419
2018-01-27 15:14:35.302;RU;AS5-AS1-20180127151300
2018-01-27 15:14:37.320;VU;AS5-AS1-20180127151300
2018-01-27 15:14:45.250;RC;AS5-AS1-20180127151344
2018-01-27 15:14:46.064;SS;AS5-AS1-20180127151344
2018-01-27 15:14:54.535;RO;AS5-AS1-20180127151419
2018-01-27 15:14:55.796;SP;AS5-AS1-20180127151419
2018-01-27 15:14:57.460;SQ;AS5-AS1-20180127151457
2018-01-27 15:15:12.585;RC;AS5-AS1-20180127151419
2018-01-27 15:15:13.432;SS;AS5-AS1-20180127151419
2018-01-27 15:15:29.683;RO;AS5-AS1-20180127151457
2018-01-27 15:15:30.796;SP;AS5-AS1-20180127151457
2018-01-27 15:15:36.305;RU;AS5-AS1-20180127151344
2018-01-27 15:15:38.580;VU;AS5-AS1-20180127151344
2018-01-27 15:15:47.349;RC;AS5-AS1-20180127151457
2018-01-27 15:15:48.030;RU;AS5-AS1-20180127151419
2018-01-27 15:15:48.274;SS;AS5-AS1-20180127151457
2018-01-27 15:15:49.970;VU;AS5-AS1-20180127151419
2018-01-27 15:16:16.471;RU;AS5-AS1-20180127151457
2018-01-27 15:16:18.279;VU;AS5-AS1-20180127151457
