2018-01-27 14:56:21.069;SQ;AS53-AS1-20180127145621
2018-01-27 14:56:36.659;RO;AS53-AS1-20180127145621
2018-01-27 14:56:37.876;SP;AS53-AS1-20180127145621
2018-01-27 14:56:39.428;SQ;AS53-AS1-20180127145639
2018-01-27 14:56:49.967;RC;AS53-AS1-20180127145621
2018-01-27 14:56:50.767;SS;AS53-AS1-20180127145621
2018-01-27 14:57:13.267;RO;AS53-AS1-20180127145639
2018-01-27 14:57:14.244;SP;AS53-AS1-20180127145639
2018-01-27 14:57:15.800;SQ;AS53-AS1-20180127145715
2018-01-27 14:57:25.312;RU;AS53-AS1-20180127145621
2018-01-27 14:57:27.170;VU;AS53-AS1-20180127145621
2018-01-27 14:57:36.715;RC;AS53-AS1-20180127145639
2018-01-27 14:57:37.498;SS;AS53-AS1-20180127145639
2018-01-27 14:57:55.318;RO;AS53-AS1-20180127145715
2018-01-27 14:57:56.165;SP;AS53-AS1-20180127145715
2018-01-27 14:57:58.251;SQ;AS53-AS1-20180127145758
2018-01-27 14:58:20.420;RC;AS53-AS1-20180127145715
2018-01-27 14:58:20.712;RU;AS53-AS1-20180127145639
2018-01-27 14:58:21.645;SS;AS53-AS1-20180127145715
2018-01-27 14:58:23.001;VU;AS53-AS1-20180127145639
2018-01-27 14:58:39.053;RO;AS53-AS1-20180127145758
2018-01-27 14:58:40.093;SP;AS53-AS1-20180127145758
2018-01-27 14:58:41.702;SQ;AS53-AS1-20180127145841
2018-01-27 14:59:01.089;RC;AS53-AS1-20180127145758
2018-01-27 14:59:01.910;SS;AS53-AS1-20180127145758
2018-01-27 14:59:02.576;RU;AS53-AS1-20180127145715
2018-01-27 14:59:04.345;VU;AS53-AS1-20180127145715
2018-01-27 14:59:17.468;RO;AS53-AS1-20180127145841
2018-01-27 14:59:18.555;SP;AS53-AS1-20180127145841
2018-01-27 14:59:20.127;SQ;AS53-AS1-20180127145920
2018-01-27 14:59:39.412;RC;AS53-AS1-20180127145841
2018-01-27 14:59:40.069;RU;AS53-AS1-20180127145758
2018-01-27 14:59:40.395;SS;AS53-AS1-20180127145841
2018-01-27 14:59:42.058;VU;AS53-AS1-20180127145758
2018-01-27 14:59:54.833;RO;AS53-AS1-20180127145920
2018-01-27 14:59:55.969;SP;AS53-AS1-20180127145920
2018-01-27 14:59:57.560;SQ;AS53-AS1-20180127145957
2018-01-27 15:00:15.605;RC;AS53-AS1-20180127145920
2018-01-27 15:00:16.419;SS;AS53-AS1-20180127145920
2018-01-27 15:00:21.474;RU;AS53-AS1-20180127145841
2018-01-27 15:00:23.278;VU;AS53-AS1-20180127145841
2018-01-27 15:00:30.096;RO;AS53-AS1-20180127145957
2018-01-27 15:00:31.375;SP;AS53-AS1-20180127145957
2018-01-27 15:00:32.962;SQ;AS53-AS1-20180127150032
2018-01-27 15:00:46.326;RC;AS53-AS1-20180127145957
2018-01-27 15:00:47.140;SS;AS53-AS1-20180127145957
2018-01-27 15:00:57.691;RU;AS53-AS1-20180127145920
2018-01-27 15:00:59.479;VU;AS53-AS1-20180127145920
2018-01-27 15:01:08.285;RO;AS53-AS1-20180127150032
2018-01-27 15:01:09.309;SP;AS53-AS1-20180127150032
2018-01-27 15:01:10.925;SQ;AS53-AS1-20180127150110
2018-01-27 15:01:20.005;RU;AS53-AS1-20180127145957
2018-01-27 15:01:22.749;VU;AS53-AS1-20180127145957
2018-01-27 15:01:30.689;RC;AS53-AS1-20180127150032
2018-01-27 15:01:31.509;SS;AS53-AS1-20180127150032
2018-01-27 15:01:47.377;RO;AS53-AS1-20180127150110
2018-01-27 15:01:48.274;SP;AS53-AS1-20180127150110
2018-01-27 15:01:49.877;SQ;AS53-AS1-20180127150149
2018-01-27 15:02:07.897;RC;AS53-AS1-20180127150110
2018-01-27 15:02:09.408;SS;AS53-AS1-20180127150110
2018-01-27 15:02:15.881;RU;AS53-AS1-20180127150032
2018-01-27 15:02:17.712;VU;AS53-AS1-20180127150032
2018-01-27 15:02:21.390;RO;AS53-AS1-20180127150149
2018-01-27 15:02:22.196;SP;AS53-AS1-20180127150149
2018-01-27 15:02:25.012;SQ;AS53-AS1-20180127150225
2018-01-27 15:02:41.461;RU;AS53-AS1-20180127150110
2018-01-27 15:02:43.241;VU;AS53-AS1-20180127150110
2018-01-27 15:02:57.080;RC;AS53-AS1-20180127150149
2018-01-27 15:02:57.882;SS;AS53-AS1-20180127150149
2018-01-27 15:03:18.784;RO;AS53-AS1-20180127150225
2018-01-27 15:03:19.855;SP;AS53-AS1-20180127150225
2018-01-27 15:03:21.436;SQ;AS53-AS1-20180127150321
2018-01-27 15:03:36.864;RC;AS53-AS1-20180127150225
2018-01-27 15:03:37.653;SS;AS53-AS1-20180127150225
2018-01-27 15:03:39.867;RU;AS53-AS1-20180127150149
2018-01-27 15:03:42.505;VU;AS53-AS1-20180127150149
2018-01-27 15:04:03.035;RO;AS53-AS1-20180127150321
2018-01-27 15:04:04.311;SP;AS53-AS1-20180127150321
2018-01-27 15:04:05.981;SQ;AS53-AS1-20180127150405
2018-01-27 15:04:21.464;RU;AS53-AS1-20180127150225
2018-01-27 15:04:23.247;VU;AS53-AS1-20180127150225
2018-01-27 15:04:24.902;RC;AS53-AS1-20180127150321
2018-01-27 15:04:26.261;SS;AS53-AS1-20180127150321
2018-01-27 15:04:38.313;RO;AS53-AS1-20180127150405
2018-01-27 15:04:39.314;SP;AS53-AS1-20180127150405
2018-01-27 15:04:41.459;SQ;AS53-AS1-20180127150441
2018-01-27 15:05:04.214;RC;AS53-AS1-20180127150405
2018-01-27 15:05:05.015;SS;AS53-AS1-20180127150405
2018-01-27 15:05:08.050;RU;AS53-AS1-20180127150321
2018-01-27 15:05:09.834;VU;AS53-AS1-20180127150321
2018-01-27 15:05:12.494;RO;AS53-AS1-20180127150441
2018-01-27 15:05:13.783;SP;AS53-AS1-20180127150441
2018-01-27 15:05:15.354;SQ;AS53-AS1-20180127150515
2018-01-27 15:05:36.673;RC;AS53-AS1-20180127150441
2018-01-27 15:05:37.454;SS;AS53-AS1-20180127150441
2018-01-27 15:05:43.494;RU;AS53-AS1-20180127150405
2018-01-27 15:05:45.334;VU;AS53-AS1-20180127150405
2018-01-27 15:05:54.363;RO;AS53-AS1-20180127150515
2018-01-27 15:05:55.210;SP;AS53-AS1-20180127150515
2018-01-27 15:05:57.243;SQ;AS53-AS1-20180127150557
2018-01-27 15:06:15.151;RU;AS53-AS1-20180127150441
2018-01-27 15:06:16.939;VU;AS53-AS1-20180127150441
2018-01-27 15:06:22.578;RC;AS53-AS1-20180127150515
2018-01-27 15:06:23.394;SS;AS53-AS1-20180127150515
2018-01-27 15:06:34.136;RO;AS53-AS1-20180127150557
2018-01-27 15:06:35.060;SP;AS53-AS1-20180127150557
2018-01-27 15:06:36.620;SQ;AS53-AS1-20180127150636
2018-01-27 15:06:54.470;RC;AS53-AS1-20180127150557
2018-01-27 15:06:55.269;SS;AS53-AS1-20180127150557
2018-01-27 15:07:03.296;RU;AS53-AS1-20180127150515
2018-01-27 15:07:05.102;VU;AS53-AS1-20180127150515
2018-01-27 15:07:12.166;RO;AS53-AS1-20180127150636
2018-01-27 15:07:13.815;SP;AS53-AS1-20180127150636
2018-01-27 15:07:16.739;SQ;AS53-AS1-20180127150716
2018-01-27 15:07:29.611;RU;AS53-AS1-20180127150557
2018-01-27 15:07:29.611;RC;AS53-AS1-20180127150636
2018-01-27 15:07:31.234;SS;AS53-AS1-20180127150636
2018-01-27 15:07:32.234;VU;AS53-AS1-20180127150557
2018-01-27 15:07:44.834;RO;AS53-AS1-20180127150716
2018-01-27 15:07:46.075;SP;AS53-AS1-20180127150716
2018-01-27 15:07:47.680;SQ;AS53-AS1-20180127150747
2018-01-27 15:08:05.147;RC;AS53-AS1-20180127150716
2018-01-27 15:08:05.957;SS;AS53-AS1-20180127150716
2018-01-27 15:08:10.267;RU;AS53-AS1-20180127150636
2018-01-27 15:08:12.060;VU;AS53-AS1-20180127150636
2018-01-27 15:08:19.257;RO;AS53-AS1-20180127150747
2018-01-27 15:08:20.503;SP;AS53-AS1-20180127150747
2018-01-27 15:08:22.082;SQ;AS53-AS1-20180127150822
2018-01-27 15:08:44.169;RC;AS53-AS1-20180127150747
2018-01-27 15:08:44.622;RU;AS53-AS1-20180127150716
2018-01-27 15:08:45.198;SS;AS53-AS1-20180127150747
2018-01-27 15:08:46.723;VU;AS53-AS1-20180127150716
2018-01-27 15:08:56.214;RO;AS53-AS1-20180127150822
2018-01-27 15:08:57.427;SP;AS53-AS1-20180127150822
2018-01-27 15:08:59.032;SQ;AS53-AS1-20180127150859
2018-01-27 15:09:19.248;RC;AS53-AS1-20180127150822
2018-01-27 15:09:20.791;SS;AS53-AS1-20180127150822
2018-01-27 15:09:23.796;RU;AS53-AS1-20180127150747
2018-01-27 15:09:25.599;VU;AS53-AS1-20180127150747
2018-01-27 15:09:35.114;RO;AS53-AS1-20180127150859
2018-01-27 15:09:36.903;SP;AS53-AS1-20180127150859
2018-01-27 15:09:39.452;SQ;AS53-AS1-20180127150939
2018-01-27 15:09:53.674;RU;AS53-AS1-20180127150822
2018-01-27 15:09:54.222;RC;AS53-AS1-20180127150859
2018-01-27 15:09:55.298;SS;AS53-AS1-20180127150859
2018-01-27 15:09:55.696;VU;AS53-AS1-20180127150822
2018-01-27 15:10:12.246;RO;AS53-AS1-20180127150939
2018-01-27 15:10:14.111;SP;AS53-AS1-20180127150939
2018-01-27 15:10:16.283;SQ;AS53-AS1-20180127151016
2018-01-27 15:10:29.677;RU;AS53-AS1-20180127150859
2018-01-27 15:10:31.475;VU;AS53-AS1-20180127150859
2018-01-27 15:10:36.210;RC;AS53-AS1-20180127150939
2018-01-27 15:10:37.028;SS;AS53-AS1-20180127150939
2018-01-27 15:10:52.490;RO;AS53-AS1-20180127151016
2018-01-27 15:10:53.588;SP;AS53-AS1-20180127151016
2018-01-27 15:10:55.176;SQ;AS53-AS1-20180127151055
2018-01-27 15:11:09.226;RC;AS53-AS1-20180127151016
2018-01-27 15:11:10.027;SS;AS53-AS1-20180127151016
2018-01-27 15:11:13.374;RU;AS53-AS1-20180127150939
2018-01-27 15:11:15.987;VU;AS53-AS1-20180127150939
2018-01-27 15:11:26.212;RO;AS53-AS1-20180127151055
2018-01-27 15:11:26.998;SP;AS53-AS1-20180127151055
2018-01-27 15:11:28.804;SQ;AS53-AS1-20180127151128
2018-01-27 15:11:43.258;RC;AS53-AS1-20180127151055
2018-01-27 15:11:44.335;SS;AS53-AS1-20180127151055
2018-01-27 15:11:44.966;RU;AS53-AS1-20180127151016
2018-01-27 15:11:47.100;VU;AS53-AS1-20180127151016
2018-01-27 15:12:10.143;RO;AS53-AS1-20180127151128
2018-01-27 15:12:11.181;SP;AS53-AS1-20180127151128
2018-01-27 15:12:12.799;SQ;AS53-AS1-20180127151212
2018-01-27 15:12:20.733;RU;AS53-AS1-20180127151055
2018-01-27 15:12:22.589;VU;AS53-AS1-20180127151055
2018-01-27 15:12:24.795;RC;AS53-AS1-20180127151128
2018-01-27 15:12:25.583;SS;AS53-AS1-20180127151128
2018-01-27 15:12:48.324;RO;AS53-AS1-20180127151212
2018-01-27 15:12:49.139;SP;AS53-AS1-20180127151212
2018-01-27 15:12:50.752;SQ;AS53-AS1-20180127151250
2018-01-27 15:13:01.631;RU;AS53-AS1-20180127151128
2018-01-27 15:13:04.136;RC;AS53-AS1-20180127151212
2018-01-27 15:13:04.181;VU;AS53-AS1-20180127151128
2018-01-27 15:13:04.933;SS;AS53-AS1-20180127151212
2018-01-27 15:13:27.346;RO;AS53-AS1-20180127151250
2018-01-27 15:13:28.562;SP;AS53-AS1-20180127151250
2018-01-27 15:13:30.122;SQ;AS53-AS1-20180127151330
2018-01-27 15:13:45.974;RC;AS53-AS1-20180127151250
2018-01-27 15:13:46.787;SS;AS53-AS1-20180127151250
2018-01-27 15:13:49.223;RU;AS53-AS1-20180127151212
2018-01-27 15:13:51.018;VU;AS53-AS1-20180127151212
2018-01-27 15:14:01.825;RO;AS53-AS1-20180127151330
2018-01-27 15:14:03.519;SP;AS53-AS1-20180127151330
2018-01-27 15:14:06.410;SQ;AS53-AS1-20180127151406
2018-01-27 15:14:17.719;RU;AS53-AS1-20180127151250
2018-01-27 15:14:18.951;RC;AS53-AS1-20180127151330
2018-01-27 15:14:20.798;VU;AS53-AS1-20180127151250
2018-01-27 15:14:20.882;SS;AS53-AS1-20180127151330
2018-01-27 15:14:38.586;RO;AS53-AS1-20180127151406
2018-01-27 15:14:39.773;SP;AS53-AS1-20180127151406
2018-01-27 15:14:41.365;SQ;AS53-AS1-20180127151441
2018-01-27 15:15:00.727;RU;AS53-AS1-20180127151330
2018-01-27 15:15:00.938;RC;AS53-AS1-20180127151406
2018-01-27 15:15:02.369;SS;AS53-AS1-20180127151406
2018-01-27 15:15:03.101;VU;AS53-AS1-20180127151330
2018-01-27 15:15:15.770;RO;AS53-AS1-20180127151441
2018-01-27 15:15:16.721;SP;AS53-AS1-20180127151441
2018-01-27 15:15:36.977;RC;AS53-AS1-20180127151441
2018-01-27 15:15:37.788;SS;AS53-AS1-20180127151441
2018-01-27 15:15:44.183;RU;AS53-AS1-20180127151406
2018-01-27 15:15:45.956;VU;AS53-AS1-20180127151406
2018-01-27 15:16:09.646;RU;AS53-AS1-20180127151441
2018-01-27 15:16:11.452;VU;AS53-AS1-20180127151441
