2018-01-27 14:56:21.136;SQ;AS60-AS1-20180127145621
2018-01-27 14:56:36.990;RO;AS60-AS1-20180127145621
2018-01-27 14:56:38.027;SP;AS60-AS1-20180127145621
2018-01-27 14:56:39.977;SQ;AS60-AS1-20180127145639
2018-01-27 14:56:52.546;RC;AS60-AS1-20180127145621
2018-01-27 14:56:53.402;SS;AS60-AS1-20180127145621
2018-01-27 14:57:07.445;RO;AS60-AS1-20180127145639
2018-01-27 14:57:08.360;SP;AS60-AS1-20180127145639
2018-01-27 14:57:10.057;SQ;AS60-AS1-20180127145710
2018-01-27 14:57:26.354;RC;AS60-AS1-20180127145639
2018-01-27 14:57:28.150;SS;AS60-AS1-20180127145639
2018-01-27 14:57:31.819;RU;AS60-AS1-20180127145621
2018-01-27 14:57:33.670;VU;AS60-AS1-20180127145621
2018-01-27 14:57:49.050;RO;AS60-AS1-20180127145710
2018-01-27 14:57:49.972;SP;AS60-AS1-20180127145710
2018-01-27 14:57:51.644;SQ;AS60-AS1-20180127145751
2018-01-27 14:58:07.042;RU;AS60-AS1-20180127145639
2018-01-27 14:58:08.915;VU;AS60-AS1-20180127145639
2018-01-27 14:58:09.377;RC;AS60-AS1-20180127145710
2018-01-27 14:58:10.219;SS;AS60-AS1-20180127145710
2018-01-27 14:58:28.742;RO;AS60-AS1-20180127145751
2018-01-27 14:58:30.169;SP;AS60-AS1-20180127145751
2018-01-27 14:58:31.867;SQ;AS60-AS1-20180127145831
2018-01-27 14:58:45.606;RC;AS60-AS1-20180127145751
2018-01-27 14:58:46.470;SS;AS60-AS1-20180127145751
2018-01-27 14:58:52.012;RU;AS60-AS1-20180127145710
2018-01-27 14:58:53.874;VU;AS60-AS1-20180127145710
2018-01-27 14:59:07.085;RO;AS60-AS1-20180127145831
2018-01-27 14:59:08.285;SP;AS60-AS1-20180127145831
2018-01-27 14:59:10.023;SQ;AS60-AS1-20180127145910
2018-01-27 14:59:27.903;RU;AS60-AS1-20180127145751
2018-01-27 14:59:28.525;RC;AS60-AS1-20180127145831
2018-01-27 14:59:29.596;SS;AS60-AS1-20180127145831
2018-01-27 14:59:29.954;VU;AS60-AS1-20180127145751
2018-01-27 14:59:43.563;RO;AS60-AS1-20180127145910
2018-01-27 14:59:44.903;SP;AS60-AS1-20180127145910
2018-01-27 14:59:46.579;SQ;AS60-AS1-20180127145946
2018-01-27 15:00:02.694;RC;AS60-AS1-20180127145910
2018-01-27 15:00:03.559;SS;AS60-AS1-20180127145910
2018-01-27 15:00:11.954;RU;AS60-AS1-20180127145831
2018-01-27 15:00:13.827;VU;AS60-AS1-20180127145831
2018-01-27 15:00:26.102;RO;AS60-AS1-20180127145946
2018-01-27 15:00:26.997;SP;AS60-AS1-20180127145946
2018-01-27 15:00:28.674;SQ;AS60-AS1-20180127150028
2018-01-27 15:00:45.162;RC;AS60-AS1-20180127145946
2018-01-27 15:00:45.768;RU;AS60-AS1-20180127145910
2018-01-27 15:00:46.263;SS;AS60-AS1-20180127145946
2018-01-27 15:00:47.885;VU;AS60-AS1-20180127145910
2018-01-27 15:01:06.492;RO;AS60-AS1-20180127150028
2018-01-27 15:01:07.559;SP;AS60-AS1-20180127150028
2018-01-27 15:01:09.256;SQ;AS60-AS1-20180127150109
2018-01-27 15:01:23.074;RC;AS60-AS1-20180127150028
2018-01-27 15:01:23.923;SS;AS60-AS1-20180127150028
2018-01-27 15:01:24.886;RU;AS60-AS1-20180127145946
2018-01-27 15:01:26.743;VU;AS60-AS1-20180127145946
2018-01-27 15:01:44.261;RO;AS60-AS1-20180127150109
2018-01-27 15:01:45.140;SP;AS60-AS1-20180127150109
2018-01-27 15:01:46.834;SQ;AS60-AS1-20180127150146
2018-01-27 15:02:03.097;RU;AS60-AS1-20180127150028
2018-01-27 15:02:04.166;RC;AS60-AS1-20180127150109
2018-01-27 15:02:04.941;VU;AS60-AS1-20180127150028
2018-01-27 15:02:05.042;SS;AS60-AS1-20180127150109
2018-01-27 15:02:25.523;RO;AS60-AS1-20180127150146
2018-01-27 15:02:26.715;SP;AS60-AS1-20180127150146
2018-01-27 15:02:28.414;SQ;AS60-AS1-20180127150228
2018-01-27 15:02:47.801;RU;AS60-AS1-20180127150109
2018-01-27 15:02:47.830;RC;AS60-AS1-20180127150146
2018-01-27 15:02:49.510;SS;AS60-AS1-20180127150146
2018-01-27 15:02:50.508;VU;AS60-AS1-20180127150109
2018-01-27 15:03:07.847;RO;AS60-AS1-20180127150228
2018-01-27 15:03:08.999;SP;AS60-AS1-20180127150228
2018-01-27 15:03:12.330;SQ;AS60-AS1-20180127150312
2018-01-27 15:03:25.832;RC;AS60-AS1-20180127150228
2018-01-27 15:03:26.793;SS;AS60-AS1-20180127150228
2018-01-27 15:03:27.281;RU;AS60-AS1-20180127150146
2018-01-27 15:03:29.134;VU;AS60-AS1-20180127150146
2018-01-27 15:03:52.189;RO;AS60-AS1-20180127150312
2018-01-27 15:03:53.213;SP;AS60-AS1-20180127150312
2018-01-27 15:03:54.919;SQ;AS60-AS1-20180127150354
2018-01-27 15:04:08.294;RU;AS60-AS1-20180127150228
2018-01-27 15:04:10.154;VU;AS60-AS1-20180127150228
2018-01-27 15:04:11.708;RC;AS60-AS1-20180127150312
2018-01-27 15:04:12.782;SS;AS60-AS1-20180127150312
2018-01-27 15:04:35.581;RO;AS60-AS1-20180127150354
2018-01-27 15:04:36.833;SP;AS60-AS1-20180127150354
2018-01-27 15:04:38.521;SQ;AS60-AS1-20180127150438
2018-01-27 15:04:51.693;RU;AS60-AS1-20180127150312
2018-01-27 15:04:53.526;VU;AS60-AS1-20180127150312
2018-01-27 15:04:55.961;RC;AS60-AS1-20180127150354
2018-01-27 15:04:57.643;SS;AS60-AS1-20180127150354
2018-01-27 15:05:12.690;RO;AS60-AS1-20180127150438
2018-01-27 15:05:13.921;SP;AS60-AS1-20180127150438
2018-01-27 15:05:15.636;SQ;AS60-AS1-20180127150515
2018-01-27 15:05:36.657;RC;AS60-AS1-20180127150438
2018-01-27 15:05:37.514;SS;AS60-AS1-20180127150438
2018-01-27 15:05:39.119;RU;AS60-AS1-20180127150354
2018-01-27 15:05:40.964;VU;AS60-AS1-20180127150354
2018-01-27 15:05:54.517;RO;AS60-AS1-20180127150515
2018-01-27 15:05:55.525;SP;AS60-AS1-20180127150515
2018-01-27 15:05:58.094;SQ;AS60-AS1-20180127150558
2018-01-27 15:06:13.758;RC;AS60-AS1-20180127150515
2018-01-27 15:06:14.644;SS;AS60-AS1-20180127150515
2018-01-27 15:06:22.790;RU;AS60-AS1-20180127150438
2018-01-27 15:06:24.646;VU;AS60-AS1-20180127150438
2018-01-27 15:06:34.080;RO;AS60-AS1-20180127150558
2018-01-27 15:06:35.017;SP;AS60-AS1-20180127150558
2018-01-27 15:06:36.750;SQ;AS60-AS1-20180127150636
2018-01-27 15:06:51.697;RU;AS60-AS1-20180127150515
2018-01-27 15:06:53.559;VU;AS60-AS1-20180127150515
2018-01-27 15:06:55.131;RC;AS60-AS1-20180127150558
2018-01-27 15:06:55.973;SS;AS60-AS1-20180127150558
2018-01-27 15:07:05.477;RO;AS60-AS1-20180127150636
2018-01-27 15:07:06.642;SP;AS60-AS1-20180127150636
2018-01-27 15:07:08.364;SQ;AS60-AS1-20180127150708
2018-01-27 15:07:29.528;RU;AS60-AS1-20180127150558
2018-01-27 15:07:29.528;RC;AS60-AS1-20180127150636
2018-01-27 15:07:31.362;SS;AS60-AS1-20180127150636
2018-01-27 15:07:32.366;VU;AS60-AS1-20180127150558
2018-01-27 15:07:42.960;RO;AS60-AS1-20180127150708
2018-01-27 15:07:45.098;SP;AS60-AS1-20180127150708
2018-01-27 15:07:47.459;SQ;AS60-AS1-20180127150747
2018-01-27 15:08:02.729;RC;AS60-AS1-20180127150708
2018-01-27 15:08:03.566;SS;AS60-AS1-20180127150708
2018-01-27 15:08:10.210;RU;AS60-AS1-20180127150636
2018-01-27 15:08:12.068;VU;AS60-AS1-20180127150636
2018-01-27 15:08:19.749;RO;AS60-AS1-20180127150747
2018-01-27 15:08:20.848;SP;AS60-AS1-20180127150747
2018-01-27 15:08:22.557;SQ;AS60-AS1-20180127150822
2018-01-27 15:08:44.090;RC;AS60-AS1-20180127150747
2018-01-27 15:08:44.941;SS;AS60-AS1-20180127150747
2018-01-27 15:08:48.472;RU;AS60-AS1-20180127150708
2018-01-27 15:08:50.958;VU;AS60-AS1-20180127150708
2018-01-27 15:08:59.821;RO;AS60-AS1-20180127150822
2018-01-27 15:09:00.977;SP;AS60-AS1-20180127150822
2018-01-27 15:09:02.695;SQ;AS60-AS1-20180127150902
2018-01-27 15:09:19.070;RC;AS60-AS1-20180127150822
2018-01-27 15:09:20.910;SS;AS60-AS1-20180127150822
2018-01-27 15:09:24.040;RU;AS60-AS1-20180127150747
2018-01-27 15:09:25.875;VU;AS60-AS1-20180127150747
2018-01-27 15:09:38.589;RO;AS60-AS1-20180127150902
2018-01-27 15:09:39.566;SP;AS60-AS1-20180127150902
2018-01-27 15:09:41.255;SQ;AS60-AS1-20180127150941
2018-01-27 15:09:58.188;RC;AS60-AS1-20180127150902
2018-01-27 15:09:59.072;SS;AS60-AS1-20180127150902
2018-01-27 15:10:06.465;RU;AS60-AS1-20180127150822
2018-01-27 15:10:08.346;VU;AS60-AS1-20180127150822
2018-01-27 15:10:23.247;RO;AS60-AS1-20180127150941
2018-01-27 15:10:24.163;SP;AS60-AS1-20180127150941
2018-01-27 15:10:25.839;SQ;AS60-AS1-20180127151025
2018-01-27 15:10:36.678;RU;AS60-AS1-20180127150902
2018-01-27 15:10:38.509;VU;AS60-AS1-20180127150902
2018-01-27 15:10:43.866;RC;AS60-AS1-20180127150941
2018-01-27 15:10:44.721;SS;AS60-AS1-20180127150941
2018-01-27 15:11:09.169;RO;AS60-AS1-20180127151025
2018-01-27 15:11:10.224;SP;AS60-AS1-20180127151025
2018-01-27 15:11:11.921;SQ;AS60-AS1-20180127151111
2018-01-27 15:11:17.489;RU;AS60-AS1-20180127150941
2018-01-27 15:11:19.330;VU;AS60-AS1-20180127150941
2018-01-27 15:11:28.530;RC;AS60-AS1-20180127151025
2018-01-27 15:11:29.968;SS;AS60-AS1-20180127151025
2018-01-27 15:11:44.918;RO;AS60-AS1-20180127151111
2018-01-27 15:11:46.041;SP;AS60-AS1-20180127151111
2018-01-27 15:11:47.779;SQ;AS60-AS1-20180127151147
2018-01-27 15:11:59.470;RC;AS60-AS1-20180127151111
2018-01-27 15:12:01.287;SS;AS60-AS1-20180127151111
2018-01-27 15:12:08.359;RU;AS60-AS1-20180127151025
2018-01-27 15:12:10.210;VU;AS60-AS1-20180127151025
2018-01-27 15:12:22.178;RO;AS60-AS1-20180127151147
2018-01-27 15:12:23.200;SP;AS60-AS1-20180127151147
2018-01-27 15:12:24.880;SQ;AS60-AS1-20180127151224
2018-01-27 15:12:41.045;RC;AS60-AS1-20180127151147
2018-01-27 15:12:41.565;RU;AS60-AS1-20180127151111
2018-01-27 15:12:42.150;SS;AS60-AS1-20180127151147
2018-01-27 15:12:43.734;VU;AS60-AS1-20180127151111
2018-01-27 15:12:57.140;RO;AS60-AS1-20180127151224
2018-01-27 15:12:58.268;SP;AS60-AS1-20180127151224
2018-01-27 15:12:59.954;SQ;AS60-AS1-20180127151259
2018-01-27 15:13:12.387;RC;AS60-AS1-20180127151224
2018-01-27 15:13:13.219;SS;AS60-AS1-20180127151224
2018-01-27 15:13:13.774;RU;AS60-AS1-20180127151147
2018-01-27 15:13:15.604;VU;AS60-AS1-20180127151147
2018-01-27 15:13:36.845;RO;AS60-AS1-20180127151259
2018-01-27 15:13:37.858;SP;AS60-AS1-20180127151259
2018-01-27 15:13:39.556;SQ;AS60-AS1-20180127151339
2018-01-27 15:13:55.196;RC;AS60-AS1-20180127151259
2018-01-27 15:13:55.215;RU;AS60-AS1-20180127151224
2018-01-27 15:13:56.903;SS;AS60-AS1-20180127151259
2018-01-27 15:13:57.907;VU;AS60-AS1-20180127151224
2018-01-27 15:14:15.477;RO;AS60-AS1-20180127151339
2018-01-27 15:14:16.468;SP;AS60-AS1-20180127151339
2018-01-27 15:14:18.867;SQ;AS60-AS1-20180127151418
2018-01-27 15:14:32.435;RC;AS60-AS1-20180127151339
2018-01-27 15:14:33.299;SS;AS60-AS1-20180127151339
2018-01-27 15:14:34.345;RU;AS60-AS1-20180127151259
2018-01-27 15:14:37.104;VU;AS60-AS1-20180127151259
2018-01-27 15:15:00.759;RO;AS60-AS1-20180127151418
2018-01-27 15:15:01.751;SP;AS60-AS1-20180127151418
2018-01-27 15:15:03.475;SQ;AS60-AS1-20180127151503
2018-01-27 15:15:05.621;RU;AS60-AS1-20180127151339
2018-01-27 15:15:08.146;VU;AS60-AS1-20180127151339
2018-01-27 15:15:19.541;RC;AS60-AS1-20180127151418
2018-01-27 15:15:20.750;SS;AS60-AS1-20180127151418
2018-01-27 15:15:37.171;RO;AS60-AS1-20180127151503
2018-01-27 15:15:38.370;SP;AS60-AS1-20180127151503
2018-01-27 15:15:51.825;RC;AS60-AS1-20180127151503
2018-01-27 15:15:53.712;SS;AS60-AS1-20180127151503
2018-01-27 15:15:55.873;RU;AS60-AS1-20180127151418
2018-01-27 15:15:57.708;VU;AS60-AS1-20180127151418
2018-01-27 15:16:17.459;RU;AS60-AS1-20180127151503
2018-01-27 15:16:26.626;VU;AS60-AS1-20180127151503
