2018-01-27 14:56:20.956;SQ;AS67-AS1-20180127145620
2018-01-27 14:56:35.115;RO;AS67-AS1-20180127145620
2018-01-27 14:56:36.284;SP;AS67-AS1-20180127145620
2018-01-27 14:56:37.933;SQ;AS67-AS1-20180127145637
2018-01-27 14:56:47.680;RC;AS67-AS1-20180127145620
2018-01-27 14:56:48.508;SS;AS67-AS1-20180127145620
2018-01-27 14:57:04.063;RO;AS67-AS1-20180127145637
2018-01-27 14:57:05.300;SP;AS67-AS1-20180127145637
2018-01-27 14:57:06.977;SQ;AS67-AS1-20180127145706
2018-01-27 14:57:22.395;RC;AS67-AS1-20180127145637
2018-01-27 14:57:23.187;SS;AS67-AS1-20180127145637
2018-01-27 14:57:25.097;RU;AS67-AS1-20180127145620
2018-01-27 14:57:26.898;VU;AS67-AS1-20180127145620
2018-01-27 14:57:42.468;RO;AS67-AS1-20180127145706
2018-01-27 14:57:44.223;SP;AS67-AS1-20180127145706
2018-01-27 14:57:46.179;SQ;AS67-AS1-20180127145746
2018-01-27 14:58:01.740;RC;AS67-AS1-20180127145706
2018-01-27 14:58:02.580;SS;AS67-AS1-20180127145706
2018-01-27 14:58:05.668;RU;AS67-AS1-20180127145637
2018-01-27 14:58:07.475;VU;AS67-AS1-20180127145637
2018-01-27 14:58:25.192;RO;AS67-AS1-20180127145746
2018-01-27 14:58:26.021;SP;AS67-AS1-20180127145746
2018-01-27 14:58:27.633;SQ;AS67-AS1-20180127145827
2018-01-27 14:58:42.653;RU;AS67-AS1-20180127145706
2018-01-27 14:58:43.533;RC;AS67-AS1-20180127145746
2018-01-27 14:58:45.142;VU;AS67-AS1-20180127145706
2018-01-27 14:58:45.340;SS;AS67-AS1-20180127145746
2018-01-27 14:59:05.735;RO;AS67-AS1-20180127145827
2018-01-27 14:59:07.033;SP;AS67-AS1-20180127145827
2018-01-27 14:59:08.705;SQ;AS67-AS1-20180127145908
2018-01-27 14:59:24.782;RC;AS67-AS1-20180127145827
2018-01-27 14:59:25.614;SS;AS67-AS1-20180127145827
2018-01-27 14:59:28.454;RU;AS67-AS1-20180127145746
2018-01-27 14:59:30.240;VU;AS67-AS1-20180127145746
2018-01-27 14:59:46.039;RO;AS67-AS1-20180127145908
2018-01-27 14:59:47.043;SP;AS67-AS1-20180127145908
2018-01-27 14:59:49.125;SQ;AS67-AS1-20180127145949
2018-01-27 15:00:00.238;RU;AS67-AS1-20180127145827
2018-01-27 15:00:05.769;RC;AS67-AS1-20180127145908
2018-01-27 15:00:07.633;SS;AS67-AS1-20180127145908
2018-01-27 15:00:25.033;RO;AS67-AS1-20180127145949
2018-01-27 15:00:26.381;SP;AS67-AS1-20180127145949
2018-01-27 15:00:28.664;SQ;AS67-AS1-20180127150028
2018-01-27 15:00:45.268;RC;AS67-AS1-20180127145949
2018-01-27 15:00:46.729;SS;AS67-AS1-20180127145949
2018-01-27 15:00:47.071;RU;AS67-AS1-20180127145908
2018-01-27 15:00:48.892;VU;AS67-AS1-20180127145908
2018-01-27 15:01:03.695;RO;AS67-AS1-20180127150028
2018-01-27 15:01:05.501;SP;AS67-AS1-20180127150028
2018-01-27 15:01:08.564;SQ;AS67-AS1-20180127150108
2018-01-27 15:01:22.875;RC;AS67-AS1-20180127150028
2018-01-27 15:01:24.181;SS;AS67-AS1-20180127150028
2018-01-27 15:01:30.910;RU;AS67-AS1-20180127145949
2018-01-27 15:01:32.876;VU;AS67-AS1-20180127145949
2018-01-27 15:01:48.707;RO;AS67-AS1-20180127150108
2018-01-27 15:01:50.744;SP;AS67-AS1-20180127150108
2018-01-27 15:01:54.647;SQ;AS67-AS1-20180127150154
2018-01-27 15:02:05.822;RU;AS67-AS1-20180127150028
2018-01-27 15:02:07.711;VU;AS67-AS1-20180127150028
2018-01-27 15:02:08.083;RC;AS67-AS1-20180127150108
2018-01-27 15:02:10.122;SS;AS67-AS1-20180127150108
2018-01-27 15:02:47.645;RU;AS67-AS1-20180127150108
2018-01-27 15:02:49.512;RO;AS67-AS1-20180127150154
2018-01-27 15:02:49.763;VU;AS67-AS1-20180127150108
2018-01-27 15:02:50.808;SP;AS67-AS1-20180127150154
2018-01-27 15:02:53.137;SQ;AS67-AS1-20180127150253
2018-01-27 15:03:08.078;RC;AS67-AS1-20180127150154
2018-01-27 15:03:10.661;SS;AS67-AS1-20180127150154
2018-01-27 15:03:29.384;RO;AS67-AS1-20180127150253
2018-01-27 15:03:30.486;SP;AS67-AS1-20180127150253
2018-01-27 15:03:32.888;SQ;AS67-AS1-20180127150332
2018-01-27 15:03:48.657;RC;AS67-AS1-20180127150253
2018-01-27 15:03:49.609;SS;AS67-AS1-20180127150253
2018-01-27 15:03:49.621;RU;AS67-AS1-20180127150154
2018-01-27 15:03:51.949;VU;AS67-AS1-20180127150154
2018-01-27 15:04:06.778;RO;AS67-AS1-20180127150332
2018-01-27 15:04:08.064;SP;AS67-AS1-20180127150332
2018-01-27 15:04:11.038;SQ;AS67-AS1-20180127150411
2018-01-27 15:04:26.174;RC;AS67-AS1-20180127150332
2018-01-27 15:04:28.227;SS;AS67-AS1-20180127150332
2018-01-27 15:04:51.576;RO;AS67-AS1-20180127150411
2018-01-27 15:04:51.752;RU;AS67-AS1-20180127150253
2018-01-27 15:04:53.394;SP;AS67-AS1-20180127150411
2018-01-27 15:04:55.034;VU;AS67-AS1-20180127150253
2018-01-27 15:04:56.370;SQ;AS67-AS1-20180127150456
2018-01-27 15:05:08.504;RU;AS67-AS1-20180127150332
2018-01-27 15:05:10.324;VU;AS67-AS1-20180127150332
2018-01-27 15:05:12.134;RC;AS67-AS1-20180127150411
2018-01-27 15:05:13.441;SS;AS67-AS1-20180127150411
2018-01-27 15:05:36.792;RO;AS67-AS1-20180127150456
2018-01-27 15:05:38.162;SP;AS67-AS1-20180127150456
2018-01-27 15:05:40.608;SQ;AS67-AS1-20180127150540
2018-01-27 15:05:58.388;RU;AS67-AS1-20180127150411
2018-01-27 15:06:00.248;VU;AS67-AS1-20180127150411
2018-01-27 15:06:10.709;RC;AS67-AS1-20180127150456
2018-01-27 15:06:12.215;SS;AS67-AS1-20180127150456
2018-01-27 15:06:22.790;RO;AS67-AS1-20180127150540
2018-01-27 15:06:24.004;SP;AS67-AS1-20180127150540
2018-01-27 15:06:26.449;SQ;AS67-AS1-20180127150626
2018-01-27 15:06:42.623;RC;AS67-AS1-20180127150540
2018-01-27 15:06:44.565;SS;AS67-AS1-20180127150540
2018-01-27 15:06:56.218;RU;AS67-AS1-20180127150456
2018-01-27 15:06:58.757;VU;AS67-AS1-20180127150456
2018-01-27 15:07:03.995;RO;AS67-AS1-20180127150626
2018-01-27 15:07:05.245;SP;AS67-AS1-20180127150626
2018-01-27 15:07:07.541;SQ;AS67-AS1-20180127150707
2018-01-27 15:07:29.345;RU;AS67-AS1-20180127150540
2018-01-27 15:07:29.585;RC;AS67-AS1-20180127150626
2018-01-27 15:07:32.219;SS;AS67-AS1-20180127150626
2018-01-27 15:07:32.809;VU;AS67-AS1-20180127150540
2018-01-27 15:07:40.060;RO;AS67-AS1-20180127150707
2018-01-27 15:07:41.120;SP;AS67-AS1-20180127150707
2018-01-27 15:07:43.382;SQ;AS67-AS1-20180127150743
2018-01-27 15:07:57.230;RC;AS67-AS1-20180127150707
2018-01-27 15:07:58.137;SS;AS67-AS1-20180127150707
2018-01-27 15:08:16.676;RO;AS67-AS1-20180127150743
2018-01-27 15:08:17.457;RU;AS67-AS1-20180127150626
2018-01-27 15:08:20.418;SP;AS67-AS1-20180127150743
2018-01-27 15:08:22.908;VU;AS67-AS1-20180127150626
2018-01-27 15:08:23.341;SQ;AS67-AS1-20180127150823
2018-01-27 15:08:43.890;RC;AS67-AS1-20180127150743
2018-01-27 15:08:44.089;RU;AS67-AS1-20180127150707
2018-01-27 15:08:45.956;SS;AS67-AS1-20180127150743
2018-01-27 15:08:47.360;VU;AS67-AS1-20180127150707
2018-01-27 15:09:00.497;RO;AS67-AS1-20180127150823
2018-01-27 15:09:02.150;SP;AS67-AS1-20180127150823
2018-01-27 15:09:05.396;SQ;AS67-AS1-20180127150905
2018-01-27 15:09:19.325;RU;AS67-AS1-20180127150743
2018-01-27 15:09:21.053;RC;AS67-AS1-20180127150823
2018-01-27 15:09:22.495;SS;AS67-AS1-20180127150823
2018-01-27 15:09:22.642;VU;AS67-AS1-20180127150743
2018-01-27 15:09:36.409;RO;AS67-AS1-20180127150905
2018-01-27 15:09:38.589;SP;AS67-AS1-20180127150905
2018-01-27 15:09:41.363;SQ;AS67-AS1-20180127150941
2018-01-27 15:09:52.424;RC;AS67-AS1-20180127150905
2018-01-27 15:09:55.526;SS;AS67-AS1-20180127150905
2018-01-27 15:10:06.954;RU;AS67-AS1-20180127150823
2018-01-27 15:10:08.991;VU;AS67-AS1-20180127150823
2018-01-27 15:10:21.783;RO;AS67-AS1-20180127150941
2018-01-27 15:10:22.888;SP;AS67-AS1-20180127150941
2018-01-27 15:10:25.400;SQ;AS67-AS1-20180127151025
2018-01-27 15:10:36.238;RU;AS67-AS1-20180127150905
2018-01-27 15:10:38.421;VU;AS67-AS1-20180127150905
2018-01-27 15:10:41.908;RC;AS67-AS1-20180127150941
2018-01-27 15:10:43.626;SS;AS67-AS1-20180127150941
2018-01-27 15:11:09.065;RO;AS67-AS1-20180127151025
2018-01-27 15:11:10.318;SP;AS67-AS1-20180127151025
2018-01-27 15:11:12.695;SQ;AS67-AS1-20180127151112
2018-01-27 15:11:14.709;RU;AS67-AS1-20180127150941
2018-01-27 15:11:18.270;VU;AS67-AS1-20180127150941
2018-01-27 15:11:26.064;RC;AS67-AS1-20180127151025
2018-01-27 15:11:27.524;SS;AS67-AS1-20180127151025
2018-01-27 15:11:46.319;RO;AS67-AS1-20180127151112
2018-01-27 15:11:47.630;SP;AS67-AS1-20180127151112
2018-01-27 15:11:50.015;SQ;AS67-AS1-20180127151150
2018-01-27 15:12:00.998;RU;AS67-AS1-20180127151025
2018-01-27 15:12:02.200;RC;AS67-AS1-20180127151112
2018-01-27 15:12:05.154;SS;AS67-AS1-20180127151112
2018-01-27 15:12:05.329;VU;AS67-AS1-20180127151025
2018-01-27 15:12:26.608;RO;AS67-AS1-20180127151150
2018-01-27 15:12:28.444;SP;AS67-AS1-20180127151150
2018-01-27 15:12:31.756;SQ;AS67-AS1-20180127151231
2018-01-27 15:12:44.451;RU;AS67-AS1-20180127151112
2018-01-27 15:12:46.383;VU;AS67-AS1-20180127151112
2018-01-27 15:12:48.339;RC;AS67-AS1-20180127151150
2018-01-27 15:12:49.606;SS;AS67-AS1-20180127151150
2018-01-27 15:13:04.194;RO;AS67-AS1-20180127151231
2018-01-27 15:13:05.503;SP;AS67-AS1-20180127151231
2018-01-27 15:13:07.966;SQ;AS67-AS1-20180127151307
2018-01-27 15:13:28.536;RU;AS67-AS1-20180127151150
2018-01-27 15:13:28.544;RC;AS67-AS1-20180127151231
2018-01-27 15:13:30.473;SS;AS67-AS1-20180127151231
2018-01-27 15:13:31.474;VU;AS67-AS1-20180127151150
2018-01-27 15:13:47.420;RO;AS67-AS1-20180127151307
2018-01-27 15:13:50.386;SP;AS67-AS1-20180127151307
2018-01-27 15:13:52.561;SQ;AS67-AS1-20180127151352
2018-01-27 15:14:01.929;RC;AS67-AS1-20180127151307
2018-01-27 15:14:03.334;SS;AS67-AS1-20180127151307
2018-01-27 15:14:13.622;RU;AS67-AS1-20180127151231
2018-01-27 15:14:15.594;VU;AS67-AS1-20180127151231
2018-01-27 15:14:31.710;RO;AS67-AS1-20180127151352
2018-01-27 15:14:33.718;SP;AS67-AS1-20180127151352
2018-01-27 15:14:37.643;SQ;AS67-AS1-20180127151437
2018-01-27 15:14:39.606;RU;AS67-AS1-20180127151307
2018-01-27 15:14:41.707;VU;AS67-AS1-20180127151307
2018-01-27 15:14:53.081;RC;AS67-AS1-20180127151352
2018-01-27 15:14:53.885;SS;AS67-AS1-20180127151352
2018-01-27 15:15:08.142;RO;AS67-AS1-20180127151437
2018-01-27 15:15:09.254;SP;AS67-AS1-20180127151437
2018-01-27 15:15:11.761;SQ;AS67-AS1-20180127151511
2018-01-27 15:15:28.073;RU;AS67-AS1-20180127151352
2018-01-27 15:15:28.157;RC;AS67-AS1-20180127151437
2018-01-27 15:15:30.473;SS;AS67-AS1-20180127151437
2018-01-27 15:15:31.473;VU;AS67-AS1-20180127151352
2018-01-27 15:15:44.984;RO;AS67-AS1-20180127151511
2018-01-27 15:15:46.111;SP;AS67-AS1-20180127151511
2018-01-27 15:15:48.561;SQ;AS67-AS1-20180127151548
2018-01-27 15:15:56.211;RU;AS67-AS1-20180127151437
2018-01-27 15:15:59.556;RC;AS67-AS1-20180127151511
2018-01-27 15:16:01.042;SS;AS67-AS1-20180127151511
2018-01-27 15:16:16.123;RO;AS67-AS1-20180127151548
2018-01-27 15:16:18.265;SP;AS67-AS1-20180127151548
2018-01-27 15:16:25.698;RC;AS67-AS1-20180127151548
2018-01-27 15:16:27.889;SS;AS67-AS1-20180127151548
2018-01-27 15:16:30.886;RU;AS67-AS1-20180127151511
2018-01-27 15:16:33.951;VU;AS67-AS1-20180127151511
2018-01-27 15:16:35.062;RU;AS67-AS1-20180127151548
2018-01-27 15:16:43.900;VU;AS67-AS1-20180127151548
