2018-01-27 14:56:22.153;SQ;AS72-AS1-20180127145622
2018-01-27 14:56:51.075;RO;AS72-AS1-20180127145622
2018-01-27 14:56:51.991;SP;AS72-AS1-20180127145622
2018-01-27 14:56:53.624;SQ;AS72-AS1-20180127145653
2018-01-27 14:57:08.791;RC;AS72-AS1-20180127145622
2018-01-27 14:57:09.636;SS;AS72-AS1-20180127145622
2018-01-27 14:57:28.138;RO;AS72-AS1-20180127145653
2018-01-27 14:57:28.968;SP;AS72-AS1-20180127145653
2018-01-27 14:57:30.610;SQ;AS72-AS1-20180127145730
2018-01-27 14:57:49.462;RC;AS72-AS1-20180127145653
2018-01-27 14:57:50.250;SS;AS72-AS1-20180127145653
2018-01-27 14:58:06.977;RO;AS72-AS1-20180127145730
2018-01-27 14:58:07.419;RU;AS72-AS1-20180127145622
2018-01-27 14:58:08.492;SP;AS72-AS1-20180127145730
2018-01-27 14:58:10.066;VU;AS72-AS1-20180127145622
2018-01-27 14:58:10.442;SQ;AS72-AS1-20180127145810
2018-01-27 14:58:28.929;RU;AS72-AS1-20180127145653
2018-01-27 14:58:29.248;RC;AS72-AS1-20180127145730
2018-01-27 14:58:30.983;SS;AS72-AS1-20180127145730
2018-01-27 14:58:31.797;VU;AS72-AS1-20180127145653
2018-01-27 14:58:46.803;RO;AS72-AS1-20180127145810
2018-01-27 14:58:47.815;SP;AS72-AS1-20180127145810
2018-01-27 14:58:49.422;SQ;AS72-AS1-20180127145849
2018-01-27 14:59:05.764;RU;AS72-AS1-20180127145730
2018-01-27 14:59:07.569;VU;AS72-AS1-20180127145730
2018-01-27 14:59:07.719;RC;AS72-AS1-20180127145810
2018-01-27 14:59:08.566;SS;AS72-AS1-20180127145810
2018-01-27 14:59:25.077;RO;AS72-AS1-20180127145849
2018-01-27 14:59:26.270;SP;AS72-AS1-20180127145849
2018-01-27 14:59:27.888;SQ;AS72-AS1-20180127145927
2018-01-27 14:59:43.391;RC;AS72-AS1-20180127145849
2018-01-27 14:59:44.205;SS;AS72-AS1-20180127145849
2018-01-27 14:59:46.140;RU;AS72-AS1-20180127145810
2018-01-27 14:59:47.971;VU;AS72-AS1-20180127145810
2018-01-27 15:00:01.001;RO;AS72-AS1-20180127145927
2018-01-27 15:00:02.255;SP;AS72-AS1-20180127145927
2018-01-27 15:00:03.969;SQ;AS72-AS1-20180127150003
2018-01-27 15:00:21.706;RC;AS72-AS1-20180127145927
2018-01-27 15:00:22.522;SS;AS72-AS1-20180127145927
2018-01-27 15:00:25.022;RU;AS72-AS1-20180127145849
2018-01-27 15:00:26.857;VU;AS72-AS1-20180127145849
2018-01-27 15:00:43.739;RO;AS72-AS1-20180127150003
2018-01-27 15:00:44.824;SP;AS72-AS1-20180127150003
2018-01-27 15:00:46.494;SQ;AS72-AS1-20180127150046
2018-01-27 15:00:58.018;RU;AS72-AS1-20180127145927
2018-01-27 15:01:19.711;RC;AS72-AS1-20180127150003
2018-01-27 15:01:22.553;SS;AS72-AS1-20180127150003
2018-01-27 15:01:24.887;RO;AS72-AS1-20180127150046
2018-01-27 15:01:25.870;SP;AS72-AS1-20180127150046
2018-01-27 15:01:28.283;SQ;AS72-AS1-20180127150128
2018-01-27 15:01:43.469;RC;AS72-AS1-20180127150046
2018-01-27 15:01:45.051;SS;AS72-AS1-20180127150046
2018-01-27 15:02:03.275;RU;AS72-AS1-20180127150003
2018-01-27 15:02:05.659;RO;AS72-AS1-20180127150128
2018-01-27 15:02:05.670;VU;AS72-AS1-20180127150003
2018-01-27 15:02:07.750;SP;AS72-AS1-20180127150128
2018-01-27 15:02:11.809;SQ;AS72-AS1-20180127150211
2018-01-27 15:02:30.399;RC;AS72-AS1-20180127150128
2018-01-27 15:02:31.407;SS;AS72-AS1-20180127150128
2018-01-27 15:02:46.991;RU;AS72-AS1-20180127150046
2018-01-27 15:02:49.214;VU;AS72-AS1-20180127150046
2018-01-27 15:02:50.931;RO;AS72-AS1-20180127150211
2018-01-27 15:02:52.197;SP;AS72-AS1-20180127150211
2018-01-27 15:02:55.763;SQ;AS72-AS1-20180127150255
2018-01-27 15:03:10.307;RU;AS72-AS1-20180127150128
2018-01-27 15:03:12.390;RC;AS72-AS1-20180127150211
2018-01-27 15:03:13.274;VU;AS72-AS1-20180127150128
2018-01-27 15:03:13.765;SS;AS72-AS1-20180127150211
2018-01-27 15:03:37.643;RO;AS72-AS1-20180127150255
2018-01-27 15:03:38.620;SP;AS72-AS1-20180127150255
2018-01-27 15:03:42.681;SQ;AS72-AS1-20180127150342
2018-01-27 15:03:55.866;RC;AS72-AS1-20180127150255
2018-01-27 15:03:58.161;SS;AS72-AS1-20180127150255
2018-01-27 15:04:15.229;RO;AS72-AS1-20180127150342
2018-01-27 15:04:16.189;SP;AS72-AS1-20180127150342
2018-01-27 15:04:16.303;RU;AS72-AS1-20180127150211
2018-01-27 15:04:19.520;SQ;AS72-AS1-20180127150419
2018-01-27 15:04:19.691;VU;AS72-AS1-20180127150211
2018-01-27 15:04:32.933;RC;AS72-AS1-20180127150342
2018-01-27 15:04:33.859;SS;AS72-AS1-20180127150342
2018-01-27 15:04:43.380;RU;AS72-AS1-20180127150255
2018-01-27 15:04:45.585;VU;AS72-AS1-20180127150255
2018-01-27 15:04:53.509;RO;AS72-AS1-20180127150419
2018-01-27 15:04:54.957;SP;AS72-AS1-20180127150419
2018-01-27 15:04:58.889;SQ;AS72-AS1-20180127150458
2018-01-27 15:05:09.237;RC;AS72-AS1-20180127150419
2018-01-27 15:05:10.458;SS;AS72-AS1-20180127150419
2018-01-27 15:05:13.314;RU;AS72-AS1-20180127150342
2018-01-27 15:05:15.670;VU;AS72-AS1-20180127150342
2018-01-27 15:05:36.794;RO;AS72-AS1-20180127150458
2018-01-27 15:05:38.395;SP;AS72-AS1-20180127150458
2018-01-27 15:05:40.856;SQ;AS72-AS1-20180127150540
2018-01-27 15:05:55.392;RC;AS72-AS1-20180127150458
2018-01-27 15:05:57.365;RU;AS72-AS1-20180127150419
2018-01-27 15:05:57.467;SS;AS72-AS1-20180127150458
2018-01-27 15:06:00.239;VU;AS72-AS1-20180127150419
2018-01-27 15:06:22.576;RO;AS72-AS1-20180127150540
2018-01-27 15:06:23.782;SP;AS72-AS1-20180127150540
2018-01-27 15:06:26.192;SQ;AS72-AS1-20180127150626
2018-01-27 15:06:42.924;RC;AS72-AS1-20180127150540
2018-01-27 15:06:45.141;RU;AS72-AS1-20180127150458
2018-01-27 15:06:45.583;SS;AS72-AS1-20180127150540
2018-01-27 15:06:47.465;VU;AS72-AS1-20180127150458
2018-01-27 15:06:59.026;RO;AS72-AS1-20180127150626
2018-01-27 15:07:00.699;SP;AS72-AS1-20180127150626
2018-01-27 15:07:03.222;SQ;AS72-AS1-20180127150703
2018-01-27 15:07:29.424;RU;AS72-AS1-20180127150540
2018-01-27 15:07:29.551;RC;AS72-AS1-20180127150626
2018-01-27 15:07:32.314;SS;AS72-AS1-20180127150626
2018-01-27 15:07:32.990;VU;AS72-AS1-20180127150540
2018-01-27 15:07:35.115;RO;AS72-AS1-20180127150703
2018-01-27 15:07:36.755;SP;AS72-AS1-20180127150703
2018-01-27 15:07:39.161;SQ;AS72-AS1-20180127150739
2018-01-27 15:07:54.761;RC;AS72-AS1-20180127150703
2018-01-27 15:07:55.560;SS;AS72-AS1-20180127150703
2018-01-27 15:08:14.395;RO;AS72-AS1-20180127150739
2018-01-27 15:08:15.311;RU;AS72-AS1-20180127150626
2018-01-27 15:08:16.236;SP;AS72-AS1-20180127150739
2018-01-27 15:08:19.704;VU;AS72-AS1-20180127150626
2018-01-27 15:08:22.024;SQ;AS72-AS1-20180127150822
2018-01-27 15:08:32.032;RC;AS72-AS1-20180127150739
2018-01-27 15:08:34.560;SS;AS72-AS1-20180127150739
2018-01-27 15:08:34.837;RU;AS72-AS1-20180127150703
2018-01-27 15:08:37.919;VU;AS72-AS1-20180127150703
2018-01-27 15:08:57.874;RO;AS72-AS1-20180127150822
2018-01-27 15:08:59.026;SP;AS72-AS1-20180127150822
2018-01-27 15:09:01.447;SQ;AS72-AS1-20180127150901
2018-01-27 15:09:19.327;RC;AS72-AS1-20180127150822
2018-01-27 15:09:19.367;RU;AS72-AS1-20180127150739
2018-01-27 15:09:22.541;SS;AS72-AS1-20180127150822
2018-01-27 15:09:23.543;VU;AS72-AS1-20180127150739
2018-01-27 15:09:39.323;RO;AS72-AS1-20180127150901
2018-01-27 15:09:40.571;SP;AS72-AS1-20180127150901
2018-01-27 15:09:43.013;SQ;AS72-AS1-20180127150943
2018-01-27 15:09:58.765;RC;AS72-AS1-20180127150901
2018-01-27 15:09:59.598;SS;AS72-AS1-20180127150901
2018-01-27 15:10:06.308;RU;AS72-AS1-20180127150822
2018-01-27 15:10:08.144;VU;AS72-AS1-20180127150822
2018-01-27 15:10:15.380;RO;AS72-AS1-20180127150943
2018-01-27 15:10:17.085;SP;AS72-AS1-20180127150943
2018-01-27 15:10:19.514;SQ;AS72-AS1-20180127151019
2018-01-27 15:10:36.421;RC;AS72-AS1-20180127150943
2018-01-27 15:10:36.608;RU;AS72-AS1-20180127150901
2018-01-27 15:10:38.341;SS;AS72-AS1-20180127150943
2018-01-27 15:10:39.560;VU;AS72-AS1-20180127150901
2018-01-27 15:10:52.977;RO;AS72-AS1-20180127151019
2018-01-27 15:10:54.162;SP;AS72-AS1-20180127151019
2018-01-27 15:10:56.577;SQ;AS72-AS1-20180127151056
2018-01-27 15:11:10.887;RC;AS72-AS1-20180127151019
2018-01-27 15:11:11.842;SS;AS72-AS1-20180127151019
2018-01-27 15:11:13.267;RU;AS72-AS1-20180127150943
2018-01-27 15:11:16.944;VU;AS72-AS1-20180127150943
2018-01-27 15:11:28.858;RO;AS72-AS1-20180127151056
2018-01-27 15:11:30.807;SP;AS72-AS1-20180127151056
2018-01-27 15:11:33.351;SQ;AS72-AS1-20180127151133
2018-01-27 15:11:51.594;RC;AS72-AS1-20180127151056
2018-01-27 15:11:52.177;RU;AS72-AS1-20180127151019
2018-01-27 15:11:53.089;SS;AS72-AS1-20180127151056
2018-01-27 15:11:54.898;VU;AS72-AS1-20180127151019
2018-01-27 15:12:08.319;RO;AS72-AS1-20180127151133
2018-01-27 15:12:09.215;SP;AS72-AS1-20180127151133
2018-01-27 15:12:11.731;SQ;AS72-AS1-20180127151211
2018-01-27 15:12:26.778;RC;AS72-AS1-20180127151133
2018-01-27 15:12:28.013;SS;AS72-AS1-20180127151133
2018-01-27 15:12:28.270;RU;AS72-AS1-20180127151056
2018-01-27 15:12:30.211;VU;AS72-AS1-20180127151056
2018-01-27 15:12:47.728;RO;AS72-AS1-20180127151211
2018-01-27 15:12:49.413;SP;AS72-AS1-20180127151211
2018-01-27 15:12:51.798;SQ;AS72-AS1-20180127151251
2018-01-27 15:13:03.781;RU;AS72-AS1-20180127151133
2018-01-27 15:13:06.462;VU;AS72-AS1-20180127151133
2018-01-27 15:13:08.772;RC;AS72-AS1-20180127151211
2018-01-27 15:13:09.971;SS;AS72-AS1-20180127151211
2018-01-27 15:13:19.367;RO;AS72-AS1-20180127151251
2018-01-27 15:13:20.699;SP;AS72-AS1-20180127151251
2018-01-27 15:13:23.132;SQ;AS72-AS1-20180127151323
2018-01-27 15:13:41.753;RC;AS72-AS1-20180127151251
2018-01-27 15:13:42.636;SS;AS72-AS1-20180127151251
2018-01-27 15:13:48.347;RU;AS72-AS1-20180127151211
2018-01-27 15:13:51.405;VU;AS72-AS1-20180127151211
2018-01-27 15:14:00.047;RO;AS72-AS1-20180127151323
2018-01-27 15:14:01.859;SP;AS72-AS1-20180127151323
2018-01-27 15:14:06.340;SQ;AS72-AS1-20180127151406
2018-01-27 15:14:17.877;RU;AS72-AS1-20180127151251
2018-01-27 15:14:19.579;RC;AS72-AS1-20180127151323
2018-01-27 15:14:21.914;SS;AS72-AS1-20180127151323
2018-01-27 15:14:22.090;VU;AS72-AS1-20180127151251
2018-01-27 15:14:41.918;RO;AS72-AS1-20180127151406
2018-01-27 15:14:43.493;SP;AS72-AS1-20180127151406
2018-01-27 15:14:45.809;SQ;AS72-AS1-20180127151445
2018-01-27 15:15:00.527;RU;AS72-AS1-20180127151323
2018-01-27 15:15:02.234;RC;AS72-AS1-20180127151406
2018-01-27 15:15:02.778;VU;AS72-AS1-20180127151323
2018-01-27 15:15:03.081;SS;AS72-AS1-20180127151406
2018-01-27 15:15:18.043;RO;AS72-AS1-20180127151445
2018-01-27 15:15:19.501;SP;AS72-AS1-20180127151445
2018-01-27 15:15:24.663;SQ;AS72-AS1-20180127151524
2018-01-27 15:15:36.803;RC;AS72-AS1-20180127151445
2018-01-27 15:15:38.723;SS;AS72-AS1-20180127151445
2018-01-27 15:15:38.899;RU;AS72-AS1-20180127151406
2018-01-27 15:15:40.752;VU;AS72-AS1-20180127151406
2018-01-27 15:15:51.047;RO;AS72-AS1-20180127151524
2018-01-27 15:15:54.032;SP;AS72-AS1-20180127151524
2018-01-27 15:16:06.413;RC;AS72-AS1-20180127151524
2018-01-27 15:16:08.648;SS;AS72-AS1-20180127151524
2018-01-27 15:16:11.026;RU;AS72-AS1-20180127151445
2018-01-27 15:16:13.437;VU;AS72-AS1-20180127151445
2018-01-27 15:16:30.931;RU;AS72-AS1-20180127151524
2018-01-27 15:16:33.183;VU;AS72-AS1-20180127151524
