2018-01-27 14:56:20.609;SQ;AS73-AS1-20180127145620
2018-01-27 14:56:47.007;RO;AS73-AS1-20180127145620
2018-01-27 14:56:47.959;SP;AS73-AS1-20180127145620
2018-01-27 14:56:49.579;SQ;AS73-AS1-20180127145649
2018-01-27 14:57:04.285;RC;AS73-AS1-20180127145620
2018-01-27 14:57:05.080;SS;AS73-AS1-20180127145620
2018-01-27 14:57:20.236;RO;AS73-AS1-20180127145649
2018-01-27 14:57:21.428;SP;AS73-AS1-20180127145649
2018-01-27 14:57:23.062;SQ;AS73-AS1-20180127145723
2018-01-27 14:57:41.101;RC;AS73-AS1-20180127145649
2018-01-27 14:57:41.752;RU;AS73-AS1-20180127145620
2018-01-27 14:57:42.048;SS;AS73-AS1-20180127145649
2018-01-27 14:57:44.157;VU;AS73-AS1-20180127145620
2018-01-27 14:57:55.635;RO;AS73-AS1-20180127145723
2018-01-27 14:57:56.915;SP;AS73-AS1-20180127145723
2018-01-27 14:57:59.875;SQ;AS73-AS1-20180127145759
2018-01-27 14:58:20.762;RC;AS73-AS1-20180127145723
2018-01-27 14:58:21.558;SS;AS73-AS1-20180127145723
2018-01-27 14:58:25.029;RU;AS73-AS1-20180127145649
2018-01-27 14:58:26.865;VU;AS73-AS1-20180127145649
2018-01-27 14:58:38.868;RO;AS73-AS1-20180127145759
2018-01-27 14:58:39.735;SP;AS73-AS1-20180127145759
2018-01-27 14:58:41.391;SQ;AS73-AS1-20180127145841
2018-01-27 14:58:58.382;RU;AS73-AS1-20180127145723
2018-01-27 14:59:02.057;RC;AS73-AS1-20180127145759
2018-01-27 14:59:03.683;SS;AS73-AS1-20180127145759
2018-01-27 14:59:16.544;RO;AS73-AS1-20180127145841
2018-01-27 14:59:18.350;SP;AS73-AS1-20180127145841
2018-01-27 14:59:20.802;SQ;AS73-AS1-20180127145920
2018-01-27 14:59:40.191;RC;AS73-AS1-20180127145841
2018-01-27 14:59:41.751;SS;AS73-AS1-20180127145841
2018-01-27 14:59:46.379;RU;AS73-AS1-20180127145759
2018-01-27 14:59:48.962;VU;AS73-AS1-20180127145759
2018-01-27 14:59:56.707;RO;AS73-AS1-20180127145920
2018-01-27 14:59:58.201;SP;AS73-AS1-20180127145920
2018-01-27 15:00:00.417;SQ;AS73-AS1-20180127150000
2018-01-27 15:00:15.551;RC;AS73-AS1-20180127145920
2018-01-27 15:00:17.091;SS;AS73-AS1-20180127145920
2018-01-27 15:00:24.779;RU;AS73-AS1-20180127145841
2018-01-27 15:00:26.602;VU;AS73-AS1-20180127145841
2018-01-27 15:00:37.560;RO;AS73-AS1-20180127150000
2018-01-27 15:00:39.047;SP;AS73-AS1-20180127150000
2018-01-27 15:00:41.543;SQ;AS73-AS1-20180127150041
2018-01-27 15:00:53.120;RU;AS73-AS1-20180127145920
2018-01-27 15:00:54.945;VU;AS73-AS1-20180127145920
2018-01-27 15:00:58.173;RC;AS73-AS1-20180127150000
2018-01-27 15:00:59.412;SS;AS73-AS1-20180127150000
2018-01-27 15:01:17.580;RO;AS73-AS1-20180127150041
2018-01-27 15:01:18.552;SP;AS73-AS1-20180127150041
2018-01-27 15:01:23.179;SQ;AS73-AS1-20180127150123
2018-01-27 15:01:37.398;RC;AS73-AS1-20180127150041
2018-01-27 15:01:38.684;RU;AS73-AS1-20180127150000
2018-01-27 15:01:39.267;SS;AS73-AS1-20180127150041
2018-01-27 15:01:41.420;VU;AS73-AS1-20180127150000
2018-01-27 15:01:50.953;RO;AS73-AS1-20180127150123
2018-01-27 15:01:52.931;SP;AS73-AS1-20180127150123
2018-01-27 15:01:56.984;SQ;AS73-AS1-20180127150156
2018-01-27 15:02:09.363;RC;AS73-AS1-20180127150123
2018-01-27 15:02:10.419;SS;AS73-AS1-20180127150123
2018-01-27 15:02:17.730;RU;AS73-AS1-20180127150041
2018-01-27 15:02:20.232;VU;AS73-AS1-20180127150041
2018-01-27 15:02:35.222;RO;AS73-AS1-20180127150156
2018-01-27 15:02:36.581;SP;AS73-AS1-20180127150156
2018-01-27 15:02:40.371;SQ;AS73-AS1-20180127150240
2018-01-27 15:02:47.816;RU;AS73-AS1-20180127150123
2018-01-27 15:02:49.728;VU;AS73-AS1-20180127150123
2018-01-27 15:02:57.076;RC;AS73-AS1-20180127150156
2018-01-27 15:02:57.998;SS;AS73-AS1-20180127150156
2018-01-27 15:03:19.648;RO;AS73-AS1-20180127150240
2018-01-27 15:03:20.742;SP;AS73-AS1-20180127150240
2018-01-27 15:03:23.181;SQ;AS73-AS1-20180127150323
2018-01-27 15:03:28.750;RU;AS73-AS1-20180127150156
2018-01-27 15:03:30.611;VU;AS73-AS1-20180127150156
2018-01-27 15:03:41.965;RC;AS73-AS1-20180127150240
2018-01-27 15:03:42.881;SS;AS73-AS1-20180127150240
2018-01-27 15:04:03.063;RO;AS73-AS1-20180127150323
2018-01-27 15:04:04.528;SP;AS73-AS1-20180127150323
2018-01-27 15:04:06.815;SQ;AS73-AS1-20180127150406
2018-01-27 15:04:21.461;RC;AS73-AS1-20180127150323
2018-01-27 15:04:22.543;SS;AS73-AS1-20180127150323
2018-01-27 15:04:31.098;RU;AS73-AS1-20180127150240
2018-01-27 15:04:32.909;VU;AS73-AS1-20180127150240
2018-01-27 15:04:43.473;RO;AS73-AS1-20180127150406
2018-01-27 15:04:45.433;SP;AS73-AS1-20180127150406
2018-01-27 15:04:47.620;SQ;AS73-AS1-20180127150447
2018-01-27 15:04:59.544;RU;AS73-AS1-20180127150323
2018-01-27 15:05:01.471;VU;AS73-AS1-20180127150323
2018-01-27 15:05:04.292;RC;AS73-AS1-20180127150406
2018-01-27 15:05:05.852;SS;AS73-AS1-20180127150406
2018-01-27 15:05:23.321;RO;AS73-AS1-20180127150447
2018-01-27 15:05:24.636;SP;AS73-AS1-20180127150447
2018-01-27 15:05:29.213;SQ;AS73-AS1-20180127150529
2018-01-27 15:05:36.648;RU;AS73-AS1-20180127150406
2018-01-27 15:05:38.796;VU;AS73-AS1-20180127150406
2018-01-27 15:05:40.564;RC;AS73-AS1-20180127150447
2018-01-27 15:05:42.362;SS;AS73-AS1-20180127150447
2018-01-27 15:06:11.097;RO;AS73-AS1-20180127150529
2018-01-27 15:06:13.056;SP;AS73-AS1-20180127150529
2018-01-27 15:06:16.992;SQ;AS73-AS1-20180127150616
2018-01-27 15:06:22.605;RU;AS73-AS1-20180127150447
2018-01-27 15:06:24.685;VU;AS73-AS1-20180127150447
2018-01-27 15:06:25.790;RC;AS73-AS1-20180127150529
2018-01-27 15:06:27.664;SS;AS73-AS1-20180127150529
2018-01-27 15:06:51.627;RO;AS73-AS1-20180127150616
2018-01-27 15:06:52.910;SP;AS73-AS1-20180127150616
2018-01-27 15:06:55.296;SQ;AS73-AS1-20180127150655
2018-01-27 15:07:08.785;RU;AS73-AS1-20180127150529
2018-01-27 15:07:10.425;RC;AS73-AS1-20180127150616
2018-01-27 15:07:10.751;VU;AS73-AS1-20180127150529
2018-01-27 15:07:11.214;SS;AS73-AS1-20180127150616
2018-01-27 15:07:29.416;RO;AS73-AS1-20180127150655
2018-01-27 15:07:31.223;SP;AS73-AS1-20180127150655
2018-01-27 15:07:33.667;SQ;AS73-AS1-20180127150733
2018-01-27 15:07:53.638;RU;AS73-AS1-20180127150616
2018-01-27 15:07:53.819;RC;AS73-AS1-20180127150655
2018-01-27 15:07:55.813;SS;AS73-AS1-20180127150655
2018-01-27 15:07:56.572;VU;AS73-AS1-20180127150616
2018-01-27 15:08:11.794;RO;AS73-AS1-20180127150733
2018-01-27 15:08:13.041;SP;AS73-AS1-20180127150733
2018-01-27 15:08:15.497;SQ;AS73-AS1-20180127150815
2018-01-27 15:08:29.429;RU;AS73-AS1-20180127150655
2018-01-27 15:08:29.495;RC;AS73-AS1-20180127150733
2018-01-27 15:08:31.910;SS;AS73-AS1-20180127150733
2018-01-27 15:08:32.672;VU;AS73-AS1-20180127150655
2018-01-27 15:08:50.660;RO;AS73-AS1-20180127150815
2018-01-27 15:08:52.346;SP;AS73-AS1-20180127150815
2018-01-27 15:08:54.789;SQ;AS73-AS1-20180127150854
2018-01-27 15:09:11.157;RC;AS73-AS1-20180127150815
2018-01-27 15:09:12.687;SS;AS73-AS1-20180127150815
2018-01-27 15:09:19.129;RU;AS73-AS1-20180127150733
2018-01-27 15:09:22.627;VU;AS73-AS1-20180127150733
2018-01-27 15:09:34.350;RO;AS73-AS1-20180127150854
2018-01-27 15:09:35.183;SP;AS73-AS1-20180127150854
2018-01-27 15:09:39.573;SQ;AS73-AS1-20180127150939
2018-01-27 15:09:45.077;RU;AS73-AS1-20180127150815
2018-01-27 15:09:47.415;VU;AS73-AS1-20180127150815
2018-01-27 15:09:53.867;RC;AS73-AS1-20180127150854
2018-01-27 15:09:55.734;SS;AS73-AS1-20180127150854
2018-01-27 15:10:12.887;RO;AS73-AS1-20180127150939
2018-01-27 15:10:15.793;SP;AS73-AS1-20180127150939
2018-01-27 15:10:18.287;SQ;AS73-AS1-20180127151018
2018-01-27 15:10:36.784;RU;AS73-AS1-20180127150854
2018-01-27 15:10:38.973;VU;AS73-AS1-20180127150854
2018-01-27 15:10:51.474;RC;AS73-AS1-20180127150939
2018-01-27 15:10:52.770;RO;AS73-AS1-20180127151018
2018-01-27 15:10:53.067;SS;AS73-AS1-20180127150939
2018-01-27 15:10:53.957;SP;AS73-AS1-20180127151018
2018-01-27 15:10:56.392;SQ;AS73-AS1-20180127151056
2018-01-27 15:11:10.077;RC;AS73-AS1-20180127151018
2018-01-27 15:11:11.180;SS;AS73-AS1-20180127151018
2018-01-27 15:11:29.271;RO;AS73-AS1-20180127151056
2018-01-27 15:11:30.349;RU;AS73-AS1-20180127150939
2018-01-27 15:11:31.029;SP;AS73-AS1-20180127151056
2018-01-27 15:11:33.251;VU;AS73-AS1-20180127150939
2018-01-27 15:11:33.982;SQ;AS73-AS1-20180127151133
2018-01-27 15:11:52.726;RU;AS73-AS1-20180127151018
2018-01-27 15:11:52.874;RC;AS73-AS1-20180127151056
2018-01-27 15:11:55.223;SS;AS73-AS1-20180127151056
2018-01-27 15:11:55.759;VU;AS73-AS1-20180127151018
2018-01-27 15:12:09.221;RO;AS73-AS1-20180127151133
2018-01-27 15:12:10.543;SP;AS73-AS1-20180127151133
2018-01-27 15:12:12.892;SQ;AS73-AS1-20180127151212
2018-01-27 15:12:25.204;RC;AS73-AS1-20180127151133
2018-01-27 15:12:26.261;SS;AS73-AS1-20180127151133
2018-01-27 15:12:51.370;RO;AS73-AS1-20180127151212
2018-01-27 15:12:52.408;SP;AS73-AS1-20180127151212
2018-01-27 15:12:54.716;SQ;AS73-AS1-20180127151254
2018-01-27 15:12:57.281;RU;AS73-AS1-20180127151056
2018-01-27 15:12:59.125;VU;AS73-AS1-20180127151056
2018-01-27 15:13:01.171;RU;AS73-AS1-20180127151133
2018-01-27 15:13:04.822;VU;AS73-AS1-20180127151133
2018-01-27 15:13:09.397;RC;AS73-AS1-20180127151212
2018-01-27 15:13:10.413;SS;AS73-AS1-20180127151212
2018-01-27 15:13:31.031;RO;AS73-AS1-20180127151254
2018-01-27 15:13:33.262;SP;AS73-AS1-20180127151254
2018-01-27 15:13:36.832;SQ;AS73-AS1-20180127151336
2018-01-27 15:13:49.643;RU;AS73-AS1-20180127151212
2018-01-27 15:13:50.161;RC;AS73-AS1-20180127151254
2018-01-27 15:13:52.110;SS;AS73-AS1-20180127151254
2018-01-27 15:13:52.360;VU;AS73-AS1-20180127151212
2018-01-27 15:14:13.470;RO;AS73-AS1-20180127151336
2018-01-27 15:14:15.418;SP;AS73-AS1-20180127151336
2018-01-27 15:14:17.933;SQ;AS73-AS1-20180127151417
2018-01-27 15:14:29.811;RC;AS73-AS1-20180127151336
2018-01-27 15:14:30.636;SS;AS73-AS1-20180127151336
2018-01-27 15:14:35.179;RU;AS73-AS1-20180127151254
2018-01-27 15:14:38.227;VU;AS73-AS1-20180127151254
2018-01-27 15:14:55.497;RO;AS73-AS1-20180127151417
2018-01-27 15:14:56.810;SP;AS73-AS1-20180127151417
2018-01-27 15:14:59.213;SQ;AS73-AS1-20180127151459
2018-01-27 15:15:11.898;RU;AS73-AS1-20180127151336
2018-01-27 15:15:13.925;VU;AS73-AS1-20180127151336
2018-01-27 15:15:14.087;RC;AS73-AS1-20180127151417
2018-01-27 15:15:14.904;SS;AS73-AS1-20180127151417
2018-01-27 15:15:32.961;RO;AS73-AS1-20180127151459
2018-01-27 15:15:34.083;SP;AS73-AS1-20180127151459
2018-01-27 15:15:38.515;SQ;AS73-AS1-20180127151538
2018-01-27 15:15:44.286;RC;AS73-AS1-20180127151459
2018-01-27 15:15:45.357;SS;AS73-AS1-20180127151459
2018-01-27 15:15:49.480;RU;AS73-AS1-20180127151417
2018-01-27 15:15:52.132;VU;AS73-AS1-20180127151417
2018-01-27 15:16:04.989;RO;AS73-AS1-20180127151538
2018-01-27 15:16:06.688;SP;AS73-AS1-20180127151538
2018-01-27 15:16:16.324;RU;AS73-AS1-20180127151459
2018-01-27 15:16:16.458;RC;AS73-AS1-20180127151538
2018-01-27 15:16:18.511;SS;AS73-AS1-20180127151538
2018-01-27 15:16:19.429;VU;AS73-AS1-20180127151459
2018-01-27 15:16:30.913;RU;AS73-AS1-20180127151538
