2018-01-27 14:56:19.264;SQ;AS8-AS1-20180127145619
2018-01-27 14:56:28.764;RO;AS8-AS1-20180127145619
2018-01-27 14:56:29.572;SP;AS8-AS1-20180127145619
2018-01-27 14:56:31.179;SQ;AS8-AS1-20180127145631
2018-01-27 14:56:39.102;RC;AS8-AS1-20180127145619
2018-01-27 14:56:40.172;SS;AS8-AS1-20180127145619
2018-01-27 14:56:54.914;RO;AS8-AS1-20180127145631
2018-01-27 14:56:56.289;SP;AS8-AS1-20180127145631
2018-01-27 14:56:57.889;SQ;AS8-AS1-20180127145657
2018-01-27 14:57:12.366;RC;AS8-AS1-20180127145631
2018-01-27 14:57:13.166;SS;AS8-AS1-20180127145631
2018-01-27 14:57:20.262;RU;AS8-AS1-20180127145619
2018-01-27 14:57:22.044;VU;AS8-AS1-20180127145619
2018-01-27 14:57:36.598;RO;AS8-AS1-20180127145657
2018-01-27 14:57:37.731;SP;AS8-AS1-20180127145657
2018-01-27 14:57:39.303;SQ;AS8-AS1-20180127145739
2018-01-27 14:57:53.581;RC;AS8-AS1-20180127145657
2018-01-27 14:57:54.365;SS;AS8-AS1-20180127145657
2018-01-27 14:57:56.744;RU;AS8-AS1-20180127145631
2018-01-27 14:57:58.727;VU;AS8-AS1-20180127145631
2018-01-27 14:58:14.770;RO;AS8-AS1-20180127145739
2018-01-27 14:58:15.654;SP;AS8-AS1-20180127145739
2018-01-27 14:58:17.282;SQ;AS8-AS1-20180127145817
2018-01-27 14:58:36.321;RC;AS8-AS1-20180127145739
2018-01-27 14:58:36.362;RU;AS8-AS1-20180127145657
2018-01-27 14:58:37.866;SS;AS8-AS1-20180127145739
2018-01-27 14:58:38.913;VU;AS8-AS1-20180127145657
2018-01-27 14:58:56.292;RO;AS8-AS1-20180127145817
2018-01-27 14:58:57.126;SP;AS8-AS1-20180127145817
2018-01-27 14:58:58.709;SQ;AS8-AS1-20180127145858
2018-01-27 14:59:14.879;RC;AS8-AS1-20180127145817
2018-01-27 14:59:16.520;SS;AS8-AS1-20180127145817
2018-01-27 14:59:18.653;RU;AS8-AS1-20180127145739
2018-01-27 14:59:20.475;VU;AS8-AS1-20180127145739
2018-01-27 14:59:40.112;RO;AS8-AS1-20180127145858
2018-01-27 14:59:41.046;SP;AS8-AS1-20180127145858
2018-01-27 14:59:42.619;SQ;AS8-AS1-20180127145942
2018-01-27 14:59:57.643;RC;AS8-AS1-20180127145858
2018-01-27 14:59:58.449;SS;AS8-AS1-20180127145858
2018-01-27 15:00:00.693;RU;AS8-AS1-20180127145817
2018-01-27 15:00:02.529;VU;AS8-AS1-20180127145817
2018-01-27 15:00:19.975;RO;AS8-AS1-20180127145942
2018-01-27 15:00:21.001;SP;AS8-AS1-20180127145942
2018-01-27 15:00:22.598;SQ;AS8-AS1-20180127150022
2018-01-27 15:00:33.359;RU;AS8-AS1-20180127145858
2018-01-27 15:00:35.275;VU;AS8-AS1-20180127145858
2018-01-27 15:00:43.609;RC;AS8-AS1-20180127145942
2018-01-27 15:00:44.432;SS;AS8-AS1-20180127145942
2018-01-27 15:01:01.419;RO;AS8-AS1-20180127150022
2018-01-27 15:01:02.437;SP;AS8-AS1-20180127150022
2018-01-27 15:01:04.040;SQ;AS8-AS1-20180127150104
2018-01-27 15:01:17.295;RC;AS8-AS1-20180127150022
2018-01-27 15:01:18.089;SS;AS8-AS1-20180127150022
2018-01-27 15:01:30.708;RU;AS8-AS1-20180127145942
2018-01-27 15:01:32.508;VU;AS8-AS1-20180127145942
2018-01-27 15:01:35.720;RO;AS8-AS1-20180127150104
2018-01-27 15:01:37.637;SP;AS8-AS1-20180127150104
2018-01-27 15:01:39.702;SQ;AS8-AS1-20180127150139
2018-01-27 15:01:59.551;RU;AS8-AS1-20180127150022
2018-01-27 15:01:59.627;RC;AS8-AS1-20180127150104
2018-01-27 15:02:01.157;SS;AS8-AS1-20180127150104
2018-01-27 15:02:02.057;VU;AS8-AS1-20180127150022
2018-01-27 15:02:18.603;RO;AS8-AS1-20180127150139
2018-01-27 15:02:19.561;SP;AS8-AS1-20180127150139
2018-01-27 15:02:21.163;SQ;AS8-AS1-20180127150221
2018-01-27 15:02:36.539;RC;AS8-AS1-20180127150139
2018-01-27 15:02:37.330;SS;AS8-AS1-20180127150139
2018-01-27 15:02:41.032;RU;AS8-AS1-20180127150104
2018-01-27 15:02:42.811;VU;AS8-AS1-20180127150104
2018-01-27 15:02:58.294;RO;AS8-AS1-20180127150221
2018-01-27 15:02:59.499;SP;AS8-AS1-20180127150221
2018-01-27 15:03:01.084;SQ;AS8-AS1-20180127150301
2018-01-27 15:03:18.099;RU;AS8-AS1-20180127150139
2018-01-27 15:03:18.224;RC;AS8-AS1-20180127150221
2018-01-27 15:03:19.717;SS;AS8-AS1-20180127150221
2018-01-27 15:03:20.539;VU;AS8-AS1-20180127150139
2018-01-27 15:03:36.298;RO;AS8-AS1-20180127150301
2018-01-27 15:03:37.434;SP;AS8-AS1-20180127150301
2018-01-27 15:03:39.011;SQ;AS8-AS1-20180127150339
2018-01-27 15:03:52.964;RC;AS8-AS1-20180127150301
2018-01-27 15:03:53.748;SS;AS8-AS1-20180127150301
2018-01-27 15:03:59.391;RU;AS8-AS1-20180127150221
2018-01-27 15:04:01.203;VU;AS8-AS1-20180127150221
2018-01-27 15:04:17.304;RO;AS8-AS1-20180127150339
2018-01-27 15:04:18.323;SP;AS8-AS1-20180127150339
2018-01-27 15:04:19.891;SQ;AS8-AS1-20180127150419
2018-01-27 15:04:34.798;RC;AS8-AS1-20180127150339
2018-01-27 15:04:34.798;RU;AS8-AS1-20180127150301
2018-01-27 15:04:36.403;SS;AS8-AS1-20180127150339
2018-01-27 15:04:37.406;VU;AS8-AS1-20180127150301
2018-01-27 15:04:57.515;RO;AS8-AS1-20180127150419
2018-01-27 15:04:58.753;SP;AS8-AS1-20180127150419
2018-01-27 15:05:00.368;SQ;AS8-AS1-20180127150500
2018-01-27 15:05:17.020;RC;AS8-AS1-20180127150419
2018-01-27 15:05:17.807;SS;AS8-AS1-20180127150419
2018-01-27 15:05:18.485;RU;AS8-AS1-20180127150339
2018-01-27 15:05:20.298;VU;AS8-AS1-20180127150339
2018-01-27 15:05:36.851;RO;AS8-AS1-20180127150500
2018-01-27 15:05:37.694;SP;AS8-AS1-20180127150500
2018-01-27 15:05:39.309;SQ;AS8-AS1-20180127150539
2018-01-27 15:05:54.576;RC;AS8-AS1-20180127150500
2018-01-27 15:05:55.368;SS;AS8-AS1-20180127150500
2018-01-27 15:05:57.383;RU;AS8-AS1-20180127150419
2018-01-27 15:05:59.456;VU;AS8-AS1-20180127150419
2018-01-27 15:06:14.518;RO;AS8-AS1-20180127150539
2018-01-27 15:06:15.639;SP;AS8-AS1-20180127150539
2018-01-27 15:06:17.241;SQ;AS8-AS1-20180127150617
2018-01-27 15:06:23.731;RU;AS8-AS1-20180127150500
2018-01-27 15:06:31.778;VU;AS8-AS1-20180127150500
2018-01-27 15:06:34.119;RC;AS8-AS1-20180127150539
2018-01-27 15:06:34.918;SS;AS8-AS1-20180127150539
2018-01-27 15:06:54.374;RO;AS8-AS1-20180127150617
2018-01-27 15:06:55.601;SP;AS8-AS1-20180127150617
2018-01-27 15:06:57.224;SQ;AS8-AS1-20180127150657
2018-01-27 15:07:12.823;RU;AS8-AS1-20180127150539
2018-01-27 15:07:13.692;RC;AS8-AS1-20180127150617
2018-01-27 15:07:15.668;VU;AS8-AS1-20180127150539
2018-01-27 15:07:15.832;SS;AS8-AS1-20180127150617
2018-01-27 15:07:29.730;RO;AS8-AS1-20180127150657
2018-01-27 15:07:30.558;SP;AS8-AS1-20180127150657
2018-01-27 15:07:32.123;SQ;AS8-AS1-20180127150732
2018-01-27 15:07:45.372;RC;AS8-AS1-20180127150657
2018-01-27 15:07:46.173;SS;AS8-AS1-20180127150657
2018-01-27 15:07:53.657;RU;AS8-AS1-20180127150617
2018-01-27 15:07:55.442;VU;AS8-AS1-20180127150617
2018-01-27 15:08:11.296;RO;AS8-AS1-20180127150732
2018-01-27 15:08:12.457;SP;AS8-AS1-20180127150732
2018-01-27 15:08:14.042;SQ;AS8-AS1-20180127150814
2018-01-27 15:08:28.164;RU;AS8-AS1-20180127150657
2018-01-27 15:08:29.385;RC;AS8-AS1-20180127150732
2018-01-27 15:08:29.956;VU;AS8-AS1-20180127150657
2018-01-27 15:08:30.170;SS;AS8-AS1-20180127150732
2018-01-27 15:09:01.774;RO;AS8-AS1-20180127150814
2018-01-27 15:09:02.909;SP;AS8-AS1-20180127150814
2018-01-27 15:09:05.320;SQ;AS8-AS1-20180127150905
2018-01-27 15:09:06.725;RU;AS8-AS1-20180127150732
2018-01-27 15:09:09.060;VU;AS8-AS1-20180127150732
2018-01-27 15:09:20.738;RC;AS8-AS1-20180127150814
2018-01-27 15:09:21.511;SS;AS8-AS1-20180127150814
2018-01-27 15:09:44.913;RO;AS8-AS1-20180127150905
2018-01-27 15:09:46.164;SP;AS8-AS1-20180127150905
2018-01-27 15:09:47.796;SQ;AS8-AS1-20180127150947
2018-01-27 15:10:06.445;RU;AS8-AS1-20180127150814
2018-01-27 15:10:06.635;RC;AS8-AS1-20180127150905
2018-01-27 15:10:08.119;SS;AS8-AS1-20180127150905
2018-01-27 15:10:08.825;VU;AS8-AS1-20180127150814
2018-01-27 15:10:22.522;RO;AS8-AS1-20180127150947
2018-01-27 15:10:23.632;SP;AS8-AS1-20180127150947
2018-01-27 15:10:25.258;SQ;AS8-AS1-20180127151025
2018-01-27 15:10:42.506;RC;AS8-AS1-20180127150947
2018-01-27 15:10:44.144;SS;AS8-AS1-20180127150947
2018-01-27 15:10:48.167;RU;AS8-AS1-20180127150905
2018-01-27 15:10:49.959;VU;AS8-AS1-20180127150905
2018-01-27 15:11:15.264;RU;AS8-AS1-20180127150947
2018-01-27 15:11:17.365;VU;AS8-AS1-20180127150947
2018-01-27 15:11:17.508;RO;AS8-AS1-20180127151025
2018-01-27 15:11:18.597;SP;AS8-AS1-20180127151025
2018-01-27 15:11:20.219;SQ;AS8-AS1-20180127151120
2018-01-27 15:11:34.310;RC;AS8-AS1-20180127151025
2018-01-27 15:11:35.098;SS;AS8-AS1-20180127151025
2018-01-27 15:11:55.045;RO;AS8-AS1-20180127151120
2018-01-27 15:11:56.047;SP;AS8-AS1-20180127151120
2018-01-27 15:11:57.662;SQ;AS8-AS1-20180127151157
2018-01-27 15:12:12.021;RC;AS8-AS1-20180127151120
2018-01-27 15:12:12.810;SS;AS8-AS1-20180127151120
2018-01-27 15:12:14.424;RU;AS8-AS1-20180127151025
2018-01-27 15:12:17.028;VU;AS8-AS1-20180127151025
2018-01-27 15:12:39.797;RO;AS8-AS1-20180127151157
2018-01-27 15:12:41.033;SP;AS8-AS1-20180127151157
2018-01-27 15:12:42.639;SQ;AS8-AS1-20180127151242
2018-01-27 15:12:57.435;RU;AS8-AS1-20180127151120
2018-01-27 15:12:59.220;VU;AS8-AS1-20180127151120
2018-01-27 15:12:59.517;RC;AS8-AS1-20180127151157
2018-01-27 15:13:00.329;SS;AS8-AS1-20180127151157
2018-01-27 15:13:18.744;RO;AS8-AS1-20180127151242
2018-01-27 15:13:19.991;SP;AS8-AS1-20180127151242
2018-01-27 15:13:21.580;SQ;AS8-AS1-20180127151321
2018-01-27 15:13:34.048;RC;AS8-AS1-20180127151242
2018-01-27 15:13:34.855;SS;AS8-AS1-20180127151242
2018-01-27 15:13:41.807;RU;AS8-AS1-20180127151157
2018-01-27 15:13:43.616;VU;AS8-AS1-20180127151157
2018-01-27 15:13:56.088;RO;AS8-AS1-20180127151321
2018-01-27 15:13:56.905;SP;AS8-AS1-20180127151321
2018-01-27 15:13:58.527;SQ;AS8-AS1-20180127151358
2018-01-27 15:14:14.860;RC;AS8-AS1-20180127151321
2018-01-27 15:14:14.939;RU;AS8-AS1-20180127151242
2018-01-27 15:14:16.430;SS;AS8-AS1-20180127151321
2018-01-27 15:14:32.797;RO;AS8-AS1-20180127151358
2018-01-27 15:14:34.660;SP;AS8-AS1-20180127151358
2018-01-27 15:14:38.197;SQ;AS8-AS1-20180127151438
2018-01-27 15:14:52.900;RC;AS8-AS1-20180127151358
2018-01-27 15:14:53.805;SS;AS8-AS1-20180127151358
2018-01-27 15:15:06.440;RU;AS8-AS1-20180127151321
2018-01-27 15:15:09.245;VU;AS8-AS1-20180127151321
2018-01-27 15:15:14.851;RO;AS8-AS1-20180127151438
2018-01-27 15:15:16.661;SP;AS8-AS1-20180127151438
2018-01-27 15:15:19.130;SQ;AS8-AS1-20180127151519
2018-01-27 15:15:30.669;RU;AS8-AS1-20180127151358
2018-01-27 15:15:32.814;VU;AS8-AS1-20180127151358
2018-01-27 15:15:36.088;RC;AS8-AS1-20180127151438
2018-01-27 15:15:38.456;SS;AS8-AS1-20180127151438
2018-01-27 15:15:51.763;RO;AS8-AS1-20180127151519
2018-01-27 15:15:54.573;SP;AS8-AS1-20180127151519
2018-01-27 15:16:06.768;RU;AS8-AS1-20180127151438
2018-01-27 15:16:08.164;RC;AS8-AS1-20180127151519
2018-01-27 15:16:10.902;SS;AS8-AS1-20180127151519
2018-01-27 15:16:11.234;VU;AS8-AS1-20180127151438
2018-01-27 15:16:30.582;RU;AS8-AS1-20180127151519
2018-01-27 15:16:32.711;VU;AS8-AS1-20180127151519
