2018-01-27 14:56:23.981;SQ;AS80-AS1-20180127145623
2018-01-27 14:56:41.093;RO;AS80-AS1-20180127145623
2018-01-27 14:56:42.360;SP;AS80-AS1-20180127145623
2018-01-27 14:56:44.110;SQ;AS80-AS1-20180127145644
2018-01-27 14:56:58.059;RC;AS80-AS1-20180127145623
2018-01-27 14:56:58.943;SS;AS80-AS1-20180127145623
2018-01-27 14:57:14.537;RO;AS80-AS1-20180127145644
2018-01-27 14:57:15.515;SP;AS80-AS1-20180127145644
2018-01-27 14:57:17.269;SQ;AS80-AS1-20180127145717
2018-01-27 14:57:39.637;RU;AS80-AS1-20180127145623
2018-01-27 14:57:41.537;VU;AS80-AS1-20180127145623
2018-01-27 14:57:51.461;RC;AS80-AS1-20180127145644
2018-01-27 14:57:52.341;SS;AS80-AS1-20180127145644
2018-01-27 14:57:53.654;RO;AS80-AS1-20180127145717
2018-01-27 14:57:54.686;SP;AS80-AS1-20180127145717
2018-01-27 14:57:56.419;SQ;AS80-AS1-20180127145756
2018-01-27 14:58:13.630;RC;AS80-AS1-20180127145717
2018-01-27 14:58:14.947;SS;AS80-AS1-20180127145717
2018-01-27 14:58:31.616;RU;AS80-AS1-20180127145644
2018-01-27 14:58:33.481;VU;AS80-AS1-20180127145644
2018-01-27 14:58:39.674;RO;AS80-AS1-20180127145756
2018-01-27 14:58:40.838;SP;AS80-AS1-20180127145756
2018-01-27 14:58:42.617;SQ;AS80-AS1-20180127145842
2018-01-27 14:58:57.495;RU;AS80-AS1-20180127145717
2018-01-27 14:58:59.080;RC;AS80-AS1-20180127145756
2018-01-27 14:58:59.387;VU;AS80-AS1-20180127145717
2018-01-27 14:59:00.602;SS;AS80-AS1-20180127145756
2018-01-27 14:59:18.662;RO;AS80-AS1-20180127145842
2018-01-27 14:59:20.035;SP;AS80-AS1-20180127145842
2018-01-27 14:59:21.783;SQ;AS80-AS1-20180127145921
2018-01-27 14:59:39.990;RU;AS80-AS1-20180127145756
2018-01-27 14:59:40.168;RC;AS80-AS1-20180127145842
2018-01-27 14:59:41.728;SS;AS80-AS1-20180127145842
2018-01-27 14:59:42.494;VU;AS80-AS1-20180127145756
2018-01-27 14:59:57.337;RO;AS80-AS1-20180127145921
2018-01-27 14:59:58.731;SP;AS80-AS1-20180127145921
2018-01-27 15:00:00.455;SQ;AS80-AS1-20180127150000
2018-01-27 15:00:17.851;RC;AS80-AS1-20180127145921
2018-01-27 15:00:18.713;SS;AS80-AS1-20180127145921
2018-01-27 15:00:19.398;RU;AS80-AS1-20180127145842
2018-01-27 15:00:22.126;VU;AS80-AS1-20180127145842
2018-01-27 15:00:37.015;RO;AS80-AS1-20180127150000
2018-01-27 15:00:38.399;SP;AS80-AS1-20180127150000
2018-01-27 15:00:40.132;SQ;AS80-AS1-20180127150040
2018-01-27 15:00:54.176;RU;AS80-AS1-20180127145921
2018-01-27 15:00:56.047;VU;AS80-AS1-20180127145921
2018-01-27 15:00:58.087;RC;AS80-AS1-20180127150000
2018-01-27 15:00:58.943;SS;AS80-AS1-20180127150000
2018-01-27 15:01:14.931;RO;AS80-AS1-20180127150040
2018-01-27 15:01:16.045;SP;AS80-AS1-20180127150040
2018-01-27 15:01:17.776;SQ;AS80-AS1-20180127150117
2018-01-27 15:01:35.907;RC;AS80-AS1-20180127150040
2018-01-27 15:01:37.447;SS;AS80-AS1-20180127150040
2018-01-27 15:01:43.506;RU;AS80-AS1-20180127150000
2018-01-27 15:01:44.352;RO;AS80-AS1-20180127150117
2018-01-27 15:01:45.373;VU;AS80-AS1-20180127150000
2018-01-27 15:01:45.697;SP;AS80-AS1-20180127150117
2018-01-27 15:01:47.425;SQ;AS80-AS1-20180127150147
2018-01-27 15:02:07.401;RC;AS80-AS1-20180127150117
2018-01-27 15:02:09.214;SS;AS80-AS1-20180127150117
2018-01-27 15:02:21.638;RU;AS80-AS1-20180127150040
2018-01-27 15:02:22.063;RO;AS80-AS1-20180127150147
2018-01-27 15:02:23.689;VU;AS80-AS1-20180127150040
2018-01-27 15:02:24.270;SP;AS80-AS1-20180127150147
2018-01-27 15:02:26.437;SQ;AS80-AS1-20180127150226
2018-01-27 15:02:47.630;RC;AS80-AS1-20180127150147
2018-01-27 15:02:48.472;SS;AS80-AS1-20180127150147
2018-01-27 15:02:52.926;RU;AS80-AS1-20180127150117
2018-01-27 15:02:55.426;VU;AS80-AS1-20180127150117
2018-01-27 15:03:06.589;RO;AS80-AS1-20180127150226
2018-01-27 15:03:07.860;SP;AS80-AS1-20180127150226
2018-01-27 15:03:10.665;SQ;AS80-AS1-20180127150310
2018-01-27 15:03:25.139;RC;AS80-AS1-20180127150226
2018-01-27 15:03:26.629;RU;AS80-AS1-20180127150147
2018-01-27 15:03:27.010;SS;AS80-AS1-20180127150226
2018-01-27 15:03:28.748;VU;AS80-AS1-20180127150147
2018-01-27 15:03:43.364;RO;AS80-AS1-20180127150310
2018-01-27 15:03:44.592;SP;AS80-AS1-20180127150310
2018-01-27 15:03:46.368;SQ;AS80-AS1-20180127150346
2018-01-27 15:04:03.431;RC;AS80-AS1-20180127150310
2018-01-27 15:04:04.316;SS;AS80-AS1-20180127150310
2018-01-27 15:04:12.598;RU;AS80-AS1-20180127150226
2018-01-27 15:04:14.504;VU;AS80-AS1-20180127150226
2018-01-27 15:04:23.553;RO;AS80-AS1-20180127150346
2018-01-27 15:04:24.766;SP;AS80-AS1-20180127150346
2018-01-27 15:04:27.937;SQ;AS80-AS1-20180127150427
2018-01-27 15:04:45.188;RC;AS80-AS1-20180127150346
2018-01-27 15:04:45.188;RU;AS80-AS1-20180127150310
2018-01-27 15:04:46.929;SS;AS80-AS1-20180127150346
2018-01-27 15:04:47.931;VU;AS80-AS1-20180127150310
2018-01-27 15:05:04.298;RO;AS80-AS1-20180127150427
2018-01-27 15:05:05.349;SP;AS80-AS1-20180127150427
2018-01-27 15:05:07.151;SQ;AS80-AS1-20180127150507
2018-01-27 15:05:23.657;RC;AS80-AS1-20180127150427
2018-01-27 15:05:24.518;SS;AS80-AS1-20180127150427
2018-01-27 15:05:27.710;RU;AS80-AS1-20180127150346
2018-01-27 15:05:29.924;VU;AS80-AS1-20180127150346
2018-01-27 15:05:40.999;RO;AS80-AS1-20180127150507
2018-01-27 15:05:42.963;SP;AS80-AS1-20180127150507
2018-01-27 15:05:45.427;SQ;AS80-AS1-20180127150545
2018-01-27 15:06:00.402;RC;AS80-AS1-20180127150507
2018-01-27 15:06:01.277;SS;AS80-AS1-20180127150507
2018-01-27 15:06:13.659;RU;AS80-AS1-20180127150427
2018-01-27 15:06:15.354;RO;AS80-AS1-20180127150545
2018-01-27 15:06:17.104;SP;AS80-AS1-20180127150545
2018-01-27 15:06:19.581;SQ;AS80-AS1-20180127150619
2018-01-27 15:06:34.134;RC;AS80-AS1-20180127150545
2018-01-27 15:06:35.290;SS;AS80-AS1-20180127150545
2018-01-27 15:06:42.607;RU;AS80-AS1-20180127150507
2018-01-27 15:06:46.788;VU;AS80-AS1-20180127150507
2018-01-27 15:06:51.923;RO;AS80-AS1-20180127150619
2018-01-27 15:06:53.615;SP;AS80-AS1-20180127150619
2018-01-27 15:06:56.100;SQ;AS80-AS1-20180127150656
2018-01-27 15:07:12.529;RC;AS80-AS1-20180127150619
2018-01-27 15:07:13.813;SS;AS80-AS1-20180127150619
2018-01-27 15:07:15.245;RU;AS80-AS1-20180127150545
2018-01-27 15:07:18.102;VU;AS80-AS1-20180127150545
2018-01-27 15:07:29.397;RO;AS80-AS1-20180127150656
2018-01-27 15:07:31.505;SP;AS80-AS1-20180127150656
2018-01-27 15:07:34.058;SQ;AS80-AS1-20180127150734
2018-01-27 15:07:47.487;RC;AS80-AS1-20180127150656
2018-01-27 15:07:48.859;SS;AS80-AS1-20180127150656
2018-01-27 15:07:53.769;RU;AS80-AS1-20180127150619
2018-01-27 15:07:56.287;VU;AS80-AS1-20180127150619
2018-01-27 15:08:12.229;RO;AS80-AS1-20180127150734
2018-01-27 15:08:14.331;SP;AS80-AS1-20180127150734
2018-01-27 15:08:17.191;SQ;AS80-AS1-20180127150817
2018-01-27 15:08:28.102;RC;AS80-AS1-20180127150734
2018-01-27 15:08:29.237;RU;AS80-AS1-20180127150656
2018-01-27 15:08:29.475;SS;AS80-AS1-20180127150734
2018-01-27 15:08:31.713;VU;AS80-AS1-20180127150656
2018-01-27 15:08:50.687;RO;AS80-AS1-20180127150817
2018-01-27 15:08:51.841;SP;AS80-AS1-20180127150817
2018-01-27 15:08:54.417;SQ;AS80-AS1-20180127150854
2018-01-27 15:09:09.063;RU;AS80-AS1-20180127150734
2018-01-27 15:09:09.637;RC;AS80-AS1-20180127150817
2018-01-27 15:09:11.741;SS;AS80-AS1-20180127150817
2018-01-27 15:09:12.030;VU;AS80-AS1-20180127150734
2018-01-27 15:09:36.796;RO;AS80-AS1-20180127150854
2018-01-27 15:09:39.354;SP;AS80-AS1-20180127150854
2018-01-27 15:09:41.850;SQ;AS80-AS1-20180127150941
2018-01-27 15:09:50.718;RU;AS80-AS1-20180127150817
2018-01-27 15:09:54.206;VU;AS80-AS1-20180127150817
2018-01-27 15:09:54.917;RC;AS80-AS1-20180127150854
2018-01-27 15:09:56.743;SS;AS80-AS1-20180127150854
2018-01-27 15:10:15.072;RO;AS80-AS1-20180127150941
2018-01-27 15:10:16.889;SP;AS80-AS1-20180127150941
2018-01-27 15:10:19.555;SQ;AS80-AS1-20180127151019
2018-01-27 15:10:31.101;RU;AS80-AS1-20180127150854
2018-01-27 15:10:33.255;VU;AS80-AS1-20180127150854
2018-01-27 15:10:36.376;RC;AS80-AS1-20180127150941
2018-01-27 15:10:38.151;SS;AS80-AS1-20180127150941
2018-01-27 15:10:56.179;RO;AS80-AS1-20180127151019
2018-01-27 15:10:58.434;SP;AS80-AS1-20180127151019
2018-01-27 15:11:02.976;SQ;AS80-AS1-20180127151102
2018-01-27 15:11:13.230;RU;AS80-AS1-20180127150941
2018-01-27 15:11:14.293;RC;AS80-AS1-20180127151019
2018-01-27 15:11:18.405;VU;AS80-AS1-20180127150941
2018-01-27 15:11:18.570;SS;AS80-AS1-20180127151019
2018-01-27 15:11:31.421;RO;AS80-AS1-20180127151102
2018-01-27 15:11:32.875;SP;AS80-AS1-20180127151102
2018-01-27 15:11:35.525;SQ;AS80-AS1-20180127151135
2018-01-27 15:11:54.243;RU;AS80-AS1-20180127151019
2018-01-27 15:11:56.724;VU;AS80-AS1-20180127151019
2018-01-27 15:12:04.701;RC;AS80-AS1-20180127151102
2018-01-27 15:12:06.249;SS;AS80-AS1-20180127151102
2018-01-27 15:12:08.516;RO;AS80-AS1-20180127151135
2018-01-27 15:12:09.536;SP;AS80-AS1-20180127151135
2018-01-27 15:12:12.111;SQ;AS80-AS1-20180127151212
2018-01-27 15:12:29.906;RC;AS80-AS1-20180127151135
2018-01-27 15:12:32.841;SS;AS80-AS1-20180127151135
2018-01-27 15:12:41.558;RU;AS80-AS1-20180127151102
2018-01-27 15:12:44.145;VU;AS80-AS1-20180127151102
2018-01-27 15:12:48.160;RO;AS80-AS1-20180127151212
2018-01-27 15:12:50.254;SP;AS80-AS1-20180127151212
2018-01-27 15:12:52.752;SQ;AS80-AS1-20180127151252
2018-01-27 15:13:09.365;RC;AS80-AS1-20180127151212
2018-01-27 15:13:10.555;SS;AS80-AS1-20180127151212
2018-01-27 15:13:19.289;RU;AS80-AS1-20180127151135
2018-01-27 15:13:21.614;VU;AS80-AS1-20180127151135
2018-01-27 15:13:28.570;RO;AS80-AS1-20180127151252
2018-01-27 15:13:30.411;SP;AS80-AS1-20180127151252
2018-01-27 15:13:34.331;SQ;AS80-AS1-20180127151334
2018-01-27 15:13:49.578;RC;AS80-AS1-20180127151252
2018-01-27 15:13:49.959;RU;AS80-AS1-20180127151212
2018-01-27 15:13:51.255;SS;AS80-AS1-20180127151252
2018-01-27 15:13:52.891;VU;AS80-AS1-20180127151212
2018-01-27 15:14:04.667;RO;AS80-AS1-20180127151334
2018-01-27 15:14:06.726;SP;AS80-AS1-20180127151334
2018-01-27 15:14:09.215;SQ;AS80-AS1-20180127151409
2018-01-27 15:14:23.986;RC;AS80-AS1-20180127151334
2018-01-27 15:14:25.046;SS;AS80-AS1-20180127151334
2018-01-27 15:14:32.801;RU;AS80-AS1-20180127151252
2018-01-27 15:14:34.475;RO;AS80-AS1-20180127151409
2018-01-27 15:14:35.310;VU;AS80-AS1-20180127151252
2018-01-27 15:14:37.349;SP;AS80-AS1-20180127151409
2018-01-27 15:14:39.767;SQ;AS80-AS1-20180127151439
2018-01-27 15:14:54.829;RC;AS80-AS1-20180127151409
2018-01-27 15:14:56.448;SS;AS80-AS1-20180127151409
2018-01-27 15:15:01.376;RU;AS80-AS1-20180127151334
2018-01-27 15:15:04.132;VU;AS80-AS1-20180127151334
2018-01-27 15:15:13.339;RO;AS80-AS1-20180127151439
2018-01-27 15:15:15.155;SP;AS80-AS1-20180127151439
2018-01-27 15:15:31.963;RC;AS80-AS1-20180127151439
2018-01-27 15:15:33.083;SS;AS80-AS1-20180127151439
2018-01-27 15:15:34.202;RU;AS80-AS1-20180127151409
2018-01-27 15:15:36.529;VU;AS80-AS1-20180127151409
2018-01-27 15:16:07.386;RU;AS80-AS1-20180127151439
2018-01-27 15:16:10.985;VU;AS80-AS1-20180127151439
