2018-01-27 14:56:27.418;SQ;AS85-AS1-20180127145627
2018-01-27 14:56:47.912;RO;AS85-AS1-20180127145627
2018-01-27 14:56:48.771;SP;AS85-AS1-20180127145627
2018-01-27 14:56:50.455;SQ;AS85-AS1-20180127145650
2018-01-27 14:57:06.426;RC;AS85-AS1-20180127145627
2018-01-27 14:57:07.277;SS;AS85-AS1-20180127145627
2018-01-27 14:57:25.714;RO;AS85-AS1-20180127145650
2018-01-27 14:57:27.778;SP;AS85-AS1-20180127145650
2018-01-27 14:57:30.519;SQ;AS85-AS1-20180127145730
2018-01-27 14:57:43.970;RC;AS85-AS1-20180127145650
2018-01-27 14:57:44.808;SS;AS85-AS1-20180127145650
2018-01-27 14:57:45.837;RU;AS85-AS1-20180127145627
2018-01-27 14:57:47.667;VU;AS85-AS1-20180127145627
2018-01-27 14:58:07.631;RO;AS85-AS1-20180127145730
2018-01-27 14:58:08.910;SP;AS85-AS1-20180127145730
2018-01-27 14:58:10.553;SQ;AS85-AS1-20180127145810
2018-01-27 14:58:25.217;RC;AS85-AS1-20180127145730
2018-01-27 14:58:25.327;RU;AS85-AS1-20180127145650
2018-01-27 14:58:26.764;SS;AS85-AS1-20180127145730
2018-01-27 14:58:27.918;VU;AS85-AS1-20180127145650
2018-01-27 14:58:44.870;RO;AS85-AS1-20180127145810
2018-01-27 14:58:46.202;SP;AS85-AS1-20180127145810
2018-01-27 14:58:47.867;SQ;AS85-AS1-20180127145847
2018-01-27 14:59:06.159;RU;AS85-AS1-20180127145730
2018-01-27 14:59:06.733;RC;AS85-AS1-20180127145810
2018-01-27 14:59:07.869;SS;AS85-AS1-20180127145810
2018-01-27 14:59:24.605;RO;AS85-AS1-20180127145847
2018-01-27 14:59:25.849;SP;AS85-AS1-20180127145847
2018-01-27 14:59:28.268;SQ;AS85-AS1-20180127145928
2018-01-27 14:59:40.171;RU;AS85-AS1-20180127145810
2018-01-27 14:59:44.402;RC;AS85-AS1-20180127145847
2018-01-27 14:59:45.532;SS;AS85-AS1-20180127145847
2018-01-27 15:00:06.535;RO;AS85-AS1-20180127145928
2018-01-27 15:00:09.194;SP;AS85-AS1-20180127145928
2018-01-27 15:00:13.080;SQ;AS85-AS1-20180127150013
2018-01-27 15:00:25.038;RU;AS85-AS1-20180127145847
2018-01-27 15:00:25.983;RC;AS85-AS1-20180127145928
2018-01-27 15:00:28.428;VU;AS85-AS1-20180127145847
2018-01-27 15:00:28.619;SS;AS85-AS1-20180127145928
2018-01-27 15:00:49.921;RO;AS85-AS1-20180127150013
2018-01-27 15:00:53.854;SP;AS85-AS1-20180127150013
2018-01-27 15:00:57.592;SQ;AS85-AS1-20180127150057
2018-01-27 15:01:07.579;RU;AS85-AS1-20180127145928
2018-01-27 15:01:10.523;VU;AS85-AS1-20180127145928
2018-01-27 15:01:13.235;RC;AS85-AS1-20180127150013
2018-01-27 15:01:15.434;SS;AS85-AS1-20180127150013
2018-01-27 15:01:32.958;RO;AS85-AS1-20180127150057
2018-01-27 15:01:34.720;SP;AS85-AS1-20180127150057
2018-01-27 15:01:40.378;SQ;AS85-AS1-20180127150140
2018-01-27 15:01:49.995;RU;AS85-AS1-20180127150013
2018-01-27 15:01:53.220;RC;AS85-AS1-20180127150057
2018-01-27 15:01:53.422;VU;AS85-AS1-20180127150013
2018-01-27 15:01:56.793;SS;AS85-AS1-20180127150057
2018-01-27 15:02:18.706;RO;AS85-AS1-20180127150140
2018-01-27 15:02:21.066;SP;AS85-AS1-20180127150140
2018-01-27 15:02:26.686;SQ;AS85-AS1-20180127150226
2018-01-27 15:02:34.643;RU;AS85-AS1-20180127150057
2018-01-27 15:02:35.162;RC;AS85-AS1-20180127150140
2018-01-27 15:02:38.202;VU;AS85-AS1-20180127150057
2018-01-27 15:02:38.203;SS;AS85-AS1-20180127150140
2018-01-27 15:03:04.677;RO;AS85-AS1-20180127150226
2018-01-27 15:03:06.369;SP;AS85-AS1-20180127150226
2018-01-27 15:03:12.403;SQ;AS85-AS1-20180127150312
2018-01-27 15:03:18.178;RU;AS85-AS1-20180127150140
2018-01-27 15:03:20.561;RC;AS85-AS1-20180127150226
2018-01-27 15:03:20.952;VU;AS85-AS1-20180127150140
2018-01-27 15:03:21.802;SS;AS85-AS1-20180127150226
2018-01-27 15:03:39.130;RO;AS85-AS1-20180127150312
2018-01-27 15:03:43.018;SP;AS85-AS1-20180127150312
2018-01-27 15:03:46.673;SQ;AS85-AS1-20180127150346
2018-01-27 15:04:02.762;RC;AS85-AS1-20180127150312
2018-01-27 15:04:04.812;SS;AS85-AS1-20180127150312
2018-01-27 15:04:04.888;RU;AS85-AS1-20180127150226
2018-01-27 15:04:07.672;VU;AS85-AS1-20180127150226
2018-01-27 15:04:21.342;RO;AS85-AS1-20180127150346
2018-01-27 15:04:23.423;SP;AS85-AS1-20180127150346
2018-01-27 15:04:29.173;SQ;AS85-AS1-20180127150429
2018-01-27 15:04:42.611;RC;AS85-AS1-20180127150346
2018-01-27 15:04:44.178;RU;AS85-AS1-20180127150312
2018-01-27 15:04:46.196;SS;AS85-AS1-20180127150346
2018-01-27 15:04:48.363;VU;AS85-AS1-20180127150312
2018-01-27 15:05:09.235;RO;AS85-AS1-20180127150429
2018-01-27 15:05:11.594;SP;AS85-AS1-20180127150429
2018-01-27 15:05:16.654;SQ;AS85-AS1-20180127150516
2018-01-27 15:05:23.720;RU;AS85-AS1-20180127150346
2018-01-27 15:05:26.734;VU;AS85-AS1-20180127150346
2018-01-27 15:05:36.352;RC;AS85-AS1-20180127150429
2018-01-27 15:05:38.390;SS;AS85-AS1-20180127150429
2018-01-27 15:05:55.889;RO;AS85-AS1-20180127150516
2018-01-27 15:05:59.626;SP;AS85-AS1-20180127150516
2018-01-27 15:06:03.872;SQ;AS85-AS1-20180127150603
2018-01-27 15:06:13.062;RU;AS85-AS1-20180127150429
2018-01-27 15:06:17.728;VU;AS85-AS1-20180127150429
2018-01-27 15:06:22.729;RC;AS85-AS1-20180127150516
2018-01-27 15:06:24.979;SS;AS85-AS1-20180127150516
2018-01-27 15:06:39.273;RO;AS85-AS1-20180127150603
2018-01-27 15:06:41.487;SP;AS85-AS1-20180127150603
2018-01-27 15:06:47.003;SQ;AS85-AS1-20180127150647
2018-01-27 15:06:59.572;RC;AS85-AS1-20180127150603
2018-01-27 15:07:02.183;SS;AS85-AS1-20180127150603
2018-01-27 15:07:04.897;RU;AS85-AS1-20180127150516
2018-01-27 15:07:07.680;VU;AS85-AS1-20180127150516
2018-01-27 15:07:29.614;RO;AS85-AS1-20180127150647
2018-01-27 15:07:32.370;SP;AS85-AS1-20180127150647
2018-01-27 15:07:36.268;SQ;AS85-AS1-20180127150736
2018-01-27 15:07:37.661;RU;AS85-AS1-20180127150603
2018-01-27 15:07:40.788;VU;AS85-AS1-20180127150603
2018-01-27 15:07:53.932;RC;AS85-AS1-20180127150647
2018-01-27 15:07:55.710;SS;AS85-AS1-20180127150647
2018-01-27 15:08:13.181;RO;AS85-AS1-20180127150736
2018-01-27 15:08:14.928;SP;AS85-AS1-20180127150736
2018-01-27 15:08:21.481;SQ;AS85-AS1-20180127150821
2018-01-27 15:08:31.909;RC;AS85-AS1-20180127150736
2018-01-27 15:08:33.754;RU;AS85-AS1-20180127150647
2018-01-27 15:08:36.141;SS;AS85-AS1-20180127150736
2018-01-27 15:08:38.805;VU;AS85-AS1-20180127150647
2018-01-27 15:09:00.672;RO;AS85-AS1-20180127150821
2018-01-27 15:09:02.802;SP;AS85-AS1-20180127150821
2018-01-27 15:09:10.212;SQ;AS85-AS1-20180127150910
2018-01-27 15:09:18.232;RU;AS85-AS1-20180127150736
2018-01-27 15:09:20.198;RC;AS85-AS1-20180127150821
2018-01-27 15:09:22.680;VU;AS85-AS1-20180127150736
2018-01-27 15:09:22.771;SS;AS85-AS1-20180127150821
2018-01-27 15:09:46.770;RO;AS85-AS1-20180127150910
2018-01-27 15:09:49.002;SP;AS85-AS1-20180127150910
2018-01-27 15:09:54.488;SQ;AS85-AS1-20180127150954
2018-01-27 15:09:56.728;RU;AS85-AS1-20180127150821
2018-01-27 15:09:59.569;VU;AS85-AS1-20180127150821
2018-01-27 15:10:06.592;RC;AS85-AS1-20180127150910
2018-01-27 15:10:08.702;SS;AS85-AS1-20180127150910
2018-01-27 15:10:29.336;RO;AS85-AS1-20180127150954
2018-01-27 15:10:32.528;SP;AS85-AS1-20180127150954
2018-01-27 15:10:36.188;SQ;AS85-AS1-20180127151036
2018-01-27 15:10:42.742;RU;AS85-AS1-20180127150910
2018-01-27 15:10:46.761;VU;AS85-AS1-20180127150910
2018-01-27 15:10:48.601;RC;AS85-AS1-20180127150954
2018-01-27 15:10:50.753;SS;AS85-AS1-20180127150954
2018-01-27 15:11:09.230;RO;AS85-AS1-20180127151036
2018-01-27 15:11:10.814;SP;AS85-AS1-20180127151036
2018-01-27 15:11:16.950;SQ;AS85-AS1-20180127151116
2018-01-27 15:11:27.513;RC;AS85-AS1-20180127151036
2018-01-27 15:11:29.922;SS;AS85-AS1-20180127151036
2018-01-27 15:11:30.840;RU;AS85-AS1-20180127150954
2018-01-27 15:11:32.997;VU;AS85-AS1-20180127150954
2018-01-27 15:11:52.912;RO;AS85-AS1-20180127151116
2018-01-27 15:11:55.110;SP;AS85-AS1-20180127151116
2018-01-27 15:11:58.820;SQ;AS85-AS1-20180127151158
2018-01-27 15:12:13.211;RC;AS85-AS1-20180127151116
2018-01-27 15:12:16.330;SS;AS85-AS1-20180127151116
2018-01-27 15:12:16.364;RU;AS85-AS1-20180127151036
2018-01-27 15:12:19.815;VU;AS85-AS1-20180127151036
2018-01-27 15:12:35.568;RO;AS85-AS1-20180127151158
2018-01-27 15:12:37.428;SP;AS85-AS1-20180127151158
2018-01-27 15:12:41.500;SQ;AS85-AS1-20180127151241
2018-01-27 15:12:48.879;RU;AS85-AS1-20180127151116
2018-01-27 15:12:51.962;VU;AS85-AS1-20180127151116
2018-01-27 15:12:57.471;RC;AS85-AS1-20180127151158
2018-01-27 15:12:59.478;SS;AS85-AS1-20180127151158
2018-01-27 15:13:14.694;RO;AS85-AS1-20180127151241
2018-01-27 15:13:17.701;SP;AS85-AS1-20180127151241
2018-01-27 15:13:23.379;SQ;AS85-AS1-20180127151323
2018-01-27 15:13:41.468;RC;AS85-AS1-20180127151241
2018-01-27 15:13:41.492;RU;AS85-AS1-20180127151158
2018-01-27 15:13:44.399;SS;AS85-AS1-20180127151241
2018-01-27 15:13:45.399;VU;AS85-AS1-20180127151158
2018-01-27 15:13:58.515;RO;AS85-AS1-20180127151323
2018-01-27 15:14:00.880;SP;AS85-AS1-20180127151323
2018-01-27 15:14:07.366;SQ;AS85-AS1-20180127151407
2018-01-27 15:14:16.322;RC;AS85-AS1-20180127151323
2018-01-27 15:14:19.275;SS;AS85-AS1-20180127151323
2018-01-27 15:14:23.935;RU;AS85-AS1-20180127151241
2018-01-27 15:14:27.102;VU;AS85-AS1-20180127151241
2018-01-27 15:14:38.430;RO;AS85-AS1-20180127151407
2018-01-27 15:14:40.932;SP;AS85-AS1-20180127151407
2018-01-27 15:14:44.796;SQ;AS85-AS1-20180127151444
2018-01-27 15:14:53.614;RU;AS85-AS1-20180127151323
2018-01-27 15:14:56.545;VU;AS85-AS1-20180127151323
2018-01-27 15:15:00.803;RC;AS85-AS1-20180127151407
2018-01-27 15:15:02.909;SS;AS85-AS1-20180127151407
2018-01-27 15:15:29.340;RO;AS85-AS1-20180127151444
2018-01-27 15:15:31.340;SP;AS85-AS1-20180127151444
2018-01-27 15:15:35.204;SQ;AS85-AS1-20180127151535
2018-01-27 15:15:47.843;RC;AS85-AS1-20180127151444
2018-01-27 15:15:49.402;SS;AS85-AS1-20180127151444
2018-01-27 15:15:55.829;RU;AS85-AS1-20180127151407
2018-01-27 15:15:59.118;VU;AS85-AS1-20180127151407
2018-01-27 15:16:02.035;RO;AS85-AS1-20180127151535
2018-01-27 15:16:04.397;SP;AS85-AS1-20180127151535
2018-01-27 15:16:09.370;SQ;AS85-AS1-20180127151609
2018-01-27 15:16:16.351;RC;AS85-AS1-20180127151535
2018-01-27 15:16:16.905;RU;AS85-AS1-20180127151444
2018-01-27 15:16:18.940;SS;AS85-AS1-20180127151535
2018-01-27 15:16:20.187;VU;AS85-AS1-20180127151444
2018-01-27 15:16:25.163;RO;AS85-AS1-20180127151609
2018-01-27 15:16:26.998;SP;AS85-AS1-20180127151609
2018-01-27 15:16:30.004;SQ;AS85-AS1-20180127151630
2018-01-27 15:16:30.807;RU;AS85-AS1-20180127151535
2018-01-27 15:16:30.921;RC;AS85-AS1-20180127151609
2018-01-27 15:16:31.614;RO;AS85-AS1-20180127151630
2018-01-27 15:16:34.179;SS;AS85-AS1-20180127151609
2018-01-27 15:16:34.995;SP;AS85-AS1-20180127151630
2018-01-27 15:16:37.403;RC;AS85-AS1-20180127151630
2018-01-27 15:16:40.598;RU;AS85-AS1-20180127151609
2018-01-27 15:16:44.127;SS;AS85-AS1-20180127151630
2018-01-27 15:16:45.293;VU;AS85-AS1-20180127151535
2018-01-27 15:16:45.690;VU;AS85-AS1-20180127151609
2018-01-27 15:16:48.385;RU;AS85-AS1-20180127151630
2018-01-27 15:16:57.553;VU;AS85-AS1-20180127151630
