2018-01-27 14:56:25.302;SQ;AS88-AS1-20180127145625
2018-01-27 14:57:12.330;RO;AS88-AS1-20180127145625
2018-01-27 14:57:13.208;SP;AS88-AS1-20180127145625
2018-01-27 14:57:14.885;SQ;AS88-AS1-20180127145714
2018-01-27 14:57:29.494;RC;AS88-AS1-20180127145625
2018-01-27 14:57:30.303;SS;AS88-AS1-20180127145625
2018-01-27 14:57:55.315;RO;AS88-AS1-20180127145714
2018-01-27 14:57:56.240;SP;AS88-AS1-20180127145714
2018-01-27 14:57:58.462;SQ;AS88-AS1-20180127145758
2018-01-27 14:58:12.081;RU;AS88-AS1-20180127145625
2018-01-27 14:58:14.305;VU;AS88-AS1-20180127145625
2018-01-27 14:58:17.059;RC;AS88-AS1-20180127145714
2018-01-27 14:58:17.883;SS;AS88-AS1-20180127145714
2018-01-27 14:58:38.983;RO;AS88-AS1-20180127145758
2018-01-27 14:58:39.847;SP;AS88-AS1-20180127145758
2018-01-27 14:58:41.472;SQ;AS88-AS1-20180127145841
2018-01-27 14:58:59.440;RU;AS88-AS1-20180127145714
2018-01-27 14:59:00.988;RC;AS88-AS1-20180127145758
2018-01-27 14:59:01.927;SS;AS88-AS1-20180127145758
2018-01-27 14:59:02.196;VU;AS88-AS1-20180127145714
2018-01-27 14:59:15.888;RO;AS88-AS1-20180127145841
2018-01-27 14:59:17.599;SP;AS88-AS1-20180127145841
2018-01-27 14:59:19.318;SQ;AS88-AS1-20180127145919
2018-01-27 14:59:30.622;RC;AS88-AS1-20180127145841
2018-01-27 14:59:32.433;SS;AS88-AS1-20180127145841
2018-01-27 14:59:43.828;RU;AS88-AS1-20180127145758
2018-01-27 14:59:45.668;VU;AS88-AS1-20180127145758
2018-01-27 14:59:55.990;RO;AS88-AS1-20180127145919
2018-01-27 14:59:57.208;SP;AS88-AS1-20180127145919
2018-01-27 14:59:58.877;SQ;AS88-AS1-20180127145958
2018-01-27 15:00:11.914;RU;AS88-AS1-20180127145841
2018-01-27 15:00:13.738;VU;AS88-AS1-20180127145841
2018-01-27 15:00:31.447;RC;AS88-AS1-20180127145919
2018-01-27 15:00:32.284;SS;AS88-AS1-20180127145919
2018-01-27 15:00:36.371;RO;AS88-AS1-20180127145958
2018-01-27 15:00:37.242;SP;AS88-AS1-20180127145958
2018-01-27 15:00:38.923;SQ;AS88-AS1-20180127150038
2018-01-27 15:00:58.229;RC;AS88-AS1-20180127145958
2018-01-27 15:00:59.045;SS;AS88-AS1-20180127145958
2018-01-27 15:01:13.267;RU;AS88-AS1-20180127145919
2018-01-27 15:01:15.114;VU;AS88-AS1-20180127145919
2018-01-27 15:01:17.690;RO;AS88-AS1-20180127150038
2018-01-27 15:01:18.790;SP;AS88-AS1-20180127150038
2018-01-27 15:01:21.429;SQ;AS88-AS1-20180127150121
2018-01-27 15:01:34.658;RU;AS88-AS1-20180127145958
2018-01-27 15:01:36.498;VU;AS88-AS1-20180127145958
2018-01-27 15:01:37.082;RC;AS88-AS1-20180127150038
2018-01-27 15:01:38.243;SS;AS88-AS1-20180127150038
2018-01-27 15:02:02.018;RO;AS88-AS1-20180127150121
2018-01-27 15:02:03.314;SP;AS88-AS1-20180127150121
2018-01-27 15:02:05.007;SQ;AS88-AS1-20180127150205
2018-01-27 15:02:15.953;RU;AS88-AS1-20180127150038
2018-01-27 15:02:17.785;VU;AS88-AS1-20180127150038
2018-01-27 15:02:19.846;RC;AS88-AS1-20180127150121
2018-01-27 15:02:20.685;SS;AS88-AS1-20180127150121
2018-01-27 15:02:47.726;RO;AS88-AS1-20180127150205
2018-01-27 15:02:48.904;SP;AS88-AS1-20180127150205
2018-01-27 15:02:50.540;SQ;AS88-AS1-20180127150250
2018-01-27 15:03:06.180;RC;AS88-AS1-20180127150205
2018-01-27 15:03:07.032;SS;AS88-AS1-20180127150205
2018-01-27 15:03:17.609;RU;AS88-AS1-20180127150121
2018-01-27 15:03:19.424;VU;AS88-AS1-20180127150121
2018-01-27 15:03:27.415;RO;AS88-AS1-20180127150250
2018-01-27 15:03:28.397;SP;AS88-AS1-20180127150250
2018-01-27 15:03:30.060;SQ;AS88-AS1-20180127150330
2018-01-27 15:03:48.599;RC;AS88-AS1-20180127150250
2018-01-27 15:03:48.719;RU;AS88-AS1-20180127150205
2018-01-27 15:03:50.161;SS;AS88-AS1-20180127150250
2018-01-27 15:03:51.295;VU;AS88-AS1-20180127150205
2018-01-27 15:04:07.436;RO;AS88-AS1-20180127150330
2018-01-27 15:04:08.434;SP;AS88-AS1-20180127150330
2018-01-27 15:04:10.305;SQ;AS88-AS1-20180127150410
2018-01-27 15:04:21.706;RC;AS88-AS1-20180127150330
2018-01-27 15:04:22.545;SS;AS88-AS1-20180127150330
2018-01-27 15:04:31.570;RU;AS88-AS1-20180127150250
2018-01-27 15:04:33.424;VU;AS88-AS1-20180127150250
2018-01-27 15:04:51.033;RO;AS88-AS1-20180127150410
2018-01-27 15:04:52.175;SP;AS88-AS1-20180127150410
2018-01-27 15:04:53.818;SQ;AS88-AS1-20180127150453
2018-01-27 15:04:59.338;RU;AS88-AS1-20180127150330
2018-01-27 15:05:01.168;VU;AS88-AS1-20180127150330
2018-01-27 15:05:11.742;RC;AS88-AS1-20180127150410
2018-01-27 15:05:12.602;SS;AS88-AS1-20180127150410
2018-01-27 15:05:30.370;RO;AS88-AS1-20180127150453
2018-01-27 15:05:31.689;SP;AS88-AS1-20180127150453
2018-01-27 15:05:33.363;SQ;AS88-AS1-20180127150533
2018-01-27 15:05:51.418;RC;AS88-AS1-20180127150453
2018-01-27 15:05:52.240;SS;AS88-AS1-20180127150453
2018-01-27 15:05:57.352;RU;AS88-AS1-20180127150410
2018-01-27 15:05:59.508;VU;AS88-AS1-20180127150410
2018-01-27 15:06:08.494;RO;AS88-AS1-20180127150533
2018-01-27 15:06:09.763;SP;AS88-AS1-20180127150533
2018-01-27 15:06:11.420;SQ;AS88-AS1-20180127150611
2018-01-27 15:06:24.295;RC;AS88-AS1-20180127150533
2018-01-27 15:06:25.106;SS;AS88-AS1-20180127150533
2018-01-27 15:06:25.828;RU;AS88-AS1-20180127150453
2018-01-27 15:06:27.657;VU;AS88-AS1-20180127150453
2018-01-27 15:07:03.292;RO;AS88-AS1-20180127150611
2018-01-27 15:07:03.989;RU;AS88-AS1-20180127150533
2018-01-27 15:07:04.587;SP;AS88-AS1-20180127150611
2018-01-27 15:07:06.646;VU;AS88-AS1-20180127150533
2018-01-27 15:07:06.871;SQ;AS88-AS1-20180127150706
2018-01-27 15:07:28.998;RC;AS88-AS1-20180127150611
2018-01-27 15:07:30.439;SS;AS88-AS1-20180127150611
2018-01-27 15:07:41.034;RO;AS88-AS1-20180127150706
2018-01-27 15:07:42.258;SP;AS88-AS1-20180127150706
2018-01-27 15:07:44.425;SQ;AS88-AS1-20180127150744
2018-01-27 15:08:00.386;RC;AS88-AS1-20180127150706
2018-01-27 15:08:02.123;SS;AS88-AS1-20180127150706
2018-01-27 15:08:04.435;RU;AS88-AS1-20180127150611
2018-01-27 15:08:06.251;VU;AS88-AS1-20180127150611
2018-01-27 15:08:14.263;RO;AS88-AS1-20180127150744
2018-01-27 15:08:15.316;SP;AS88-AS1-20180127150744
2018-01-27 15:08:17.473;SQ;AS88-AS1-20180127150817
2018-01-27 15:08:32.284;RC;AS88-AS1-20180127150744
2018-01-27 15:08:33.974;SS;AS88-AS1-20180127150744
2018-01-27 15:08:37.439;RU;AS88-AS1-20180127150706
2018-01-27 15:08:39.291;VU;AS88-AS1-20180127150706
2018-01-27 15:08:57.216;RO;AS88-AS1-20180127150817
2018-01-27 15:08:58.353;SP;AS88-AS1-20180127150817
2018-01-27 15:09:00.032;SQ;AS88-AS1-20180127150900
2018-01-27 15:09:06.546;RU;AS88-AS1-20180127150744
2018-01-27 15:09:08.386;VU;AS88-AS1-20180127150744
2018-01-27 15:09:19.320;RC;AS88-AS1-20180127150817
2018-01-27 15:09:20.864;SS;AS88-AS1-20180127150817
2018-01-27 15:09:52.566;RO;AS88-AS1-20180127150900
2018-01-27 15:09:54.255;SP;AS88-AS1-20180127150900
2018-01-27 15:09:56.104;RU;AS88-AS1-20180127150817
2018-01-27 15:09:56.534;SQ;AS88-AS1-20180127150956
2018-01-27 15:09:58.185;VU;AS88-AS1-20180127150817
2018-01-27 15:10:28.438;RC;AS88-AS1-20180127150900
2018-01-27 15:10:29.179;RO;AS88-AS1-20180127150956
2018-01-27 15:10:30.038;SS;AS88-AS1-20180127150900
2018-01-27 15:10:30.644;SP;AS88-AS1-20180127150956
2018-01-27 15:10:32.278;SQ;AS88-AS1-20180127151032
2018-01-27 15:10:48.228;RC;AS88-AS1-20180127150956
2018-01-27 15:10:49.053;SS;AS88-AS1-20180127150956
2018-01-27 15:11:08.850;RO;AS88-AS1-20180127151032
2018-01-27 15:11:09.856;RU;AS88-AS1-20180127150900
2018-01-27 15:11:10.428;SP;AS88-AS1-20180127151032
2018-01-27 15:11:12.558;VU;AS88-AS1-20180127150900
2018-01-27 15:11:12.714;SQ;AS88-AS1-20180127151112
2018-01-27 15:11:27.410;RU;AS88-AS1-20180127150956
2018-01-27 15:11:28.186;RC;AS88-AS1-20180127151032
2018-01-27 15:11:29.319;VU;AS88-AS1-20180127150956
2018-01-27 15:11:29.781;SS;AS88-AS1-20180127151032
2018-01-27 15:11:52.816;RO;AS88-AS1-20180127151112
2018-01-27 15:11:54.091;SP;AS88-AS1-20180127151112
2018-01-27 15:11:55.762;SQ;AS88-AS1-20180127151155
2018-01-27 15:12:04.844;RU;AS88-AS1-20180127151032
2018-01-27 15:12:06.669;VU;AS88-AS1-20180127151032
2018-01-27 15:12:11.671;RC;AS88-AS1-20180127151112
2018-01-27 15:12:12.488;SS;AS88-AS1-20180127151112
2018-01-27 15:12:30.210;RO;AS88-AS1-20180127151155
2018-01-27 15:12:32.045;SP;AS88-AS1-20180127151155
2018-01-27 15:12:34.113;SQ;AS88-AS1-20180127151234
2018-01-27 15:12:44.636;RC;AS88-AS1-20180127151155
2018-01-27 15:12:45.490;SS;AS88-AS1-20180127151155
2018-01-27 15:12:50.490;RU;AS88-AS1-20180127151112
2018-01-27 15:12:52.306;VU;AS88-AS1-20180127151112
2018-01-27 15:13:13.329;RO;AS88-AS1-20180127151234
2018-01-27 15:13:14.505;SP;AS88-AS1-20180127151234
2018-01-27 15:13:16.157;SQ;AS88-AS1-20180127151316
2018-01-27 15:13:22.278;RU;AS88-AS1-20180127151155
2018-01-27 15:13:24.103;VU;AS88-AS1-20180127151155
2018-01-27 15:13:33.422;RC;AS88-AS1-20180127151234
2018-01-27 15:13:34.240;SS;AS88-AS1-20180127151234
2018-01-27 15:13:52.397;RO;AS88-AS1-20180127151316
2018-01-27 15:13:53.532;SP;AS88-AS1-20180127151316
2018-01-27 15:13:55.187;SQ;AS88-AS1-20180127151355
2018-01-27 15:14:13.474;RC;AS88-AS1-20180127151316
2018-01-27 15:14:14.320;SS;AS88-AS1-20180127151316
2018-01-27 15:14:15.377;RU;AS88-AS1-20180127151234
2018-01-27 15:14:17.195;VU;AS88-AS1-20180127151234
2018-01-27 15:14:31.333;RO;AS88-AS1-20180127151355
2018-01-27 15:14:32.557;SP;AS88-AS1-20180127151355
2018-01-27 15:14:34.329;SQ;AS88-AS1-20180127151434
2018-01-27 15:14:46.859;RU;AS88-AS1-20180127151316
2018-01-27 15:14:46.876;RC;AS88-AS1-20180127151355
2018-01-27 15:14:48.537;SS;AS88-AS1-20180127151355
2018-01-27 15:15:03.208;RO;AS88-AS1-20180127151434
2018-01-27 15:15:05.309;SP;AS88-AS1-20180127151434
2018-01-27 15:15:09.252;SQ;AS88-AS1-20180127151509
2018-01-27 15:15:21.872;RC;AS88-AS1-20180127151434
2018-01-27 15:15:24.046;SS;AS88-AS1-20180127151434
2018-01-27 15:15:28.763;RU;AS88-AS1-20180127151355
2018-01-27 15:15:30.643;VU;AS88-AS1-20180127151355
2018-01-27 15:15:39.425;RO;AS88-AS1-20180127151509
2018-01-27 15:15:41.235;SP;AS88-AS1-20180127151509
2018-01-27 15:15:43.745;SQ;AS88-AS1-20180127151543
2018-01-27 15:15:53.961;RC;AS88-AS1-20180127151509
2018-01-27 15:15:54.874;SS;AS88-AS1-20180127151509
2018-01-27 15:16:02.160;RU;AS88-AS1-20180127151434
2018-01-27 15:16:04.763;VU;AS88-AS1-20180127151434
2018-01-27 15:16:10.099;RO;AS88-AS1-20180127151543
2018-01-27 15:16:11.119;SP;AS88-AS1-20180127151543
2018-01-27 15:16:13.608;SQ;AS88-AS1-20180127151613
2018-01-27 15:16:17.608;RC;AS88-AS1-20180127151543
2018-01-27 15:16:19.064;RU;AS88-AS1-20180127151509
2018-01-27 15:16:19.222;SS;AS88-AS1-20180127151543
2018-01-27 15:16:27.888;VU;AS88-AS1-20180127151509
2018-01-27 15:16:30.906;RO;AS88-AS1-20180127151613
2018-01-27 15:16:32.107;SP;AS88-AS1-20180127151613
2018-01-27 15:16:32.867;RC;AS88-AS1-20180127151613
2018-01-27 15:16:33.687;SS;AS88-AS1-20180127151613
2018-01-27 15:16:36.560;RU;AS88-AS1-20180127151543
2018-01-27 15:16:39.533;RU;AS88-AS1-20180127151613
2018-01-27 15:16:44.466;VU;AS88-AS1-20180127151613
2018-01-27 15:16:45.608;VU;AS88-AS1-20180127151543
