2018-01-27 14:56:21.079;SQ;AS94-AS1-20180127145621
2018-01-27 14:56:37.803;RO;AS94-AS1-20180127145621
2018-01-27 14:56:38.913;SP;AS94-AS1-20180127145621
2018-01-27 14:56:40.817;SQ;AS94-AS1-20180127145640
2018-01-27 14:56:50.791;RC;AS94-AS1-20180127145621
2018-01-27 14:56:51.609;SS;AS94-AS1-20180127145621
2018-01-27 14:57:09.643;RO;AS94-AS1-20180127145640
2018-01-27 14:57:10.800;SP;AS94-AS1-20180127145640
2018-01-27 14:57:14.003;SQ;AS94-AS1-20180127145714
2018-01-27 14:57:26.379;RC;AS94-AS1-20180127145640
2018-01-27 14:57:28.081;SS;AS94-AS1-20180127145640
2018-01-27 14:57:28.268;RU;AS94-AS1-20180127145621
2018-01-27 14:57:30.543;VU;AS94-AS1-20180127145621
2018-01-27 14:57:48.772;RO;AS94-AS1-20180127145714
2018-01-27 14:57:49.829;SP;AS94-AS1-20180127145714
2018-01-27 14:57:51.339;SQ;AS94-AS1-20180127145751
2018-01-27 14:58:05.784;RU;AS94-AS1-20180127145640
2018-01-27 14:58:07.569;VU;AS94-AS1-20180127145640
2018-01-27 14:58:07.886;RC;AS94-AS1-20180127145714
2018-01-27 14:58:08.668;SS;AS94-AS1-20180127145714
2018-01-27 14:58:28.214;RO;AS94-AS1-20180127145751
2018-01-27 14:58:29.964;SP;AS94-AS1-20180127145751
2018-01-27 14:58:31.574;SQ;AS94-AS1-20180127145831
2018-01-27 14:58:44.456;RU;AS94-AS1-20180127145714
2018-01-27 14:58:45.091;RC;AS94-AS1-20180127145751
2018-01-27 14:58:46.874;SS;AS94-AS1-20180127145751
2018-01-27 14:58:47.506;VU;AS94-AS1-20180127145714
2018-01-27 14:59:08.434;RO;AS94-AS1-20180127145831
2018-01-27 14:59:09.372;SP;AS94-AS1-20180127145831
2018-01-27 14:59:10.892;SQ;AS94-AS1-20180127145910
2018-01-27 14:59:24.962;RU;AS94-AS1-20180127145751
2018-01-27 14:59:26.760;VU;AS94-AS1-20180127145751
2018-01-27 14:59:28.711;RC;AS94-AS1-20180127145831
2018-01-27 14:59:29.492;SS;AS94-AS1-20180127145831
2018-01-27 14:59:45.842;RO;AS94-AS1-20180127145910
2018-01-27 14:59:46.729;SP;AS94-AS1-20180127145910
2018-01-27 14:59:48.300;SQ;AS94-AS1-20180127145948
2018-01-27 15:00:05.115;RC;AS94-AS1-20180127145910
2018-01-27 15:00:06.389;SS;AS94-AS1-20180127145910
2018-01-27 15:00:07.220;RU;AS94-AS1-20180127145831
2018-01-27 15:00:09.001;VU;AS94-AS1-20180127145831
2018-01-27 15:00:29.296;RO;AS94-AS1-20180127145948
2018-01-27 15:00:30.145;SP;AS94-AS1-20180127145948
2018-01-27 15:00:31.733;SQ;AS94-AS1-20180127150031
2018-01-27 15:00:46.152;RU;AS94-AS1-20180127145910
2018-01-27 15:00:47.944;VU;AS94-AS1-20180127145910
2018-01-27 15:00:49.229;RC;AS94-AS1-20180127145948
2018-01-27 15:00:50.856;SS;AS94-AS1-20180127145948
2018-01-27 15:01:13.281;RO;AS94-AS1-20180127150031
2018-01-27 15:01:14.095;SP;AS94-AS1-20180127150031
2018-01-27 15:01:15.730;SQ;AS94-AS1-20180127150115
2018-01-27 15:01:30.875;RU;AS94-AS1-20180127145948
2018-01-27 15:01:32.666;VU;AS94-AS1-20180127145948
2018-01-27 15:01:33.518;RC;AS94-AS1-20180127150031
2018-01-27 15:01:34.319;SS;AS94-AS1-20180127150031
2018-01-27 15:01:48.237;RO;AS94-AS1-20180127150115
2018-01-27 15:01:49.047;SP;AS94-AS1-20180127150115
2018-01-27 15:01:50.589;SQ;AS94-AS1-20180127150150
2018-01-27 15:02:05.366;RC;AS94-AS1-20180127150115
2018-01-27 15:02:06.180;SS;AS94-AS1-20180127150115
2018-01-27 15:02:10.716;RU;AS94-AS1-20180127150031
2018-01-27 15:02:12.511;VU;AS94-AS1-20180127150031
2018-01-27 15:02:30.375;RO;AS94-AS1-20180127150150
2018-01-27 15:02:31.414;SP;AS94-AS1-20180127150150
2018-01-27 15:02:33.013;SQ;AS94-AS1-20180127150233
2018-01-27 15:02:47.655;RU;AS94-AS1-20180127150115
2018-01-27 15:02:48.334;RC;AS94-AS1-20180127150150
2018-01-27 15:02:49.208;SS;AS94-AS1-20180127150150
2018-01-27 15:02:49.518;VU;AS94-AS1-20180127150115
2018-01-27 15:03:25.102;RU;AS94-AS1-20180127150150
2018-01-27 15:03:26.781;RO;AS94-AS1-20180127150233
2018-01-27 15:03:27.697;VU;AS94-AS1-20180127150150
2018-01-27 15:03:27.866;SP;AS94-AS1-20180127150233
2018-01-27 15:03:29.392;SQ;AS94-AS1-20180127150329
2018-01-27 15:03:43.364;RC;AS94-AS1-20180127150233
2018-01-27 15:03:44.163;SS;AS94-AS1-20180127150233
2018-01-27 15:04:02.666;RO;AS94-AS1-20180127150329
2018-01-27 15:04:03.721;SP;AS94-AS1-20180127150329
2018-01-27 15:04:05.302;SQ;AS94-AS1-20180127150405
2018-01-27 15:04:22.216;RU;AS94-AS1-20180127150233
2018-01-27 15:04:22.466;RC;AS94-AS1-20180127150329
2018-01-27 15:04:23.780;SS;AS94-AS1-20180127150329
2018-01-27 15:04:24.466;VU;AS94-AS1-20180127150233
2018-01-27 15:04:44.614;RO;AS94-AS1-20180127150405
2018-01-27 15:04:45.660;SP;AS94-AS1-20180127150405
2018-01-27 15:04:47.278;SQ;AS94-AS1-20180127150447
2018-01-27 15:05:04.205;RC;AS94-AS1-20180127150405
2018-01-27 15:05:04.715;RU;AS94-AS1-20180127150329
2018-01-27 15:05:05.246;SS;AS94-AS1-20180127150405
2018-01-27 15:05:06.837;VU;AS94-AS1-20180127150329
2018-01-27 15:05:19.026;RO;AS94-AS1-20180127150447
2018-01-27 15:05:20.079;SP;AS94-AS1-20180127150447
2018-01-27 15:05:21.628;SQ;AS94-AS1-20180127150521
2018-01-27 15:05:36.574;RC;AS94-AS1-20180127150447
2018-01-27 15:05:37.337;SS;AS94-AS1-20180127150447
2018-01-27 15:05:44.888;RU;AS94-AS1-20180127150405
2018-01-27 15:05:46.679;VU;AS94-AS1-20180127150405
2018-01-27 15:05:57.901;RO;AS94-AS1-20180127150521
2018-01-27 15:05:58.961;SP;AS94-AS1-20180127150521
2018-01-27 15:06:00.515;SQ;AS94-AS1-20180127150600
2018-01-27 15:06:22.707;RC;AS94-AS1-20180127150521
2018-01-27 15:06:23.464;SS;AS94-AS1-20180127150521
2018-01-27 15:06:34.077;RU;AS94-AS1-20180127150447
2018-01-27 15:06:35.862;VU;AS94-AS1-20180127150447
2018-01-27 15:06:37.847;RO;AS94-AS1-20180127150600
2018-01-27 15:06:38.818;SP;AS94-AS1-20180127150600
2018-01-27 15:06:40.328;SQ;AS94-AS1-20180127150640
2018-01-27 15:06:55.869;RC;AS94-AS1-20180127150600
2018-01-27 15:06:56.644;SS;AS94-AS1-20180127150600
2018-01-27 15:07:05.528;RU;AS94-AS1-20180127150521
2018-01-27 15:07:07.318;VU;AS94-AS1-20180127150521
2018-01-27 15:07:13.177;RO;AS94-AS1-20180127150640
2018-01-27 15:07:14.977;SP;AS94-AS1-20180127150640
2018-01-27 15:07:17.145;SQ;AS94-AS1-20180127150717
2018-01-27 15:07:29.520;RC;AS94-AS1-20180127150640
2018-01-27 15:07:29.949;RU;AS94-AS1-20180127150600
2018-01-27 15:07:30.614;SS;AS94-AS1-20180127150640
2018-01-27 15:07:32.119;VU;AS94-AS1-20180127150600
2018-01-27 15:07:53.889;RO;AS94-AS1-20180127150717
2018-01-27 15:07:54.977;SP;AS94-AS1-20180127150717
2018-01-27 15:07:56.502;SQ;AS94-AS1-20180127150756
2018-01-27 15:08:06.518;RU;AS94-AS1-20180127150640
2018-01-27 15:08:08.295;VU;AS94-AS1-20180127150640
2018-01-27 15:08:13.013;RC;AS94-AS1-20180127150717
2018-01-27 15:08:13.795;SS;AS94-AS1-20180127150717
2018-01-27 15:08:32.875;RO;AS94-AS1-20180127150756
2018-01-27 15:08:34.680;SP;AS94-AS1-20180127150756
2018-01-27 15:08:36.751;SQ;AS94-AS1-20180127150836
2018-01-27 15:08:49.785;RU;AS94-AS1-20180127150717
2018-01-27 15:08:50.856;RC;AS94-AS1-20180127150756
2018-01-27 15:08:51.551;VU;AS94-AS1-20180127150717
2018-01-27 15:08:51.610;SS;AS94-AS1-20180127150756
2018-01-27 15:09:04.852;RO;AS94-AS1-20180127150836
2018-01-27 15:09:06.884;SP;AS94-AS1-20180127150836
2018-01-27 15:09:08.812;SQ;AS94-AS1-20180127150908
2018-01-27 15:09:25.695;RC;AS94-AS1-20180127150836
2018-01-27 15:09:26.524;SS;AS94-AS1-20180127150836
2018-01-27 15:09:29.443;RU;AS94-AS1-20180127150756
2018-01-27 15:09:31.265;VU;AS94-AS1-20180127150756
2018-01-27 15:09:45.173;RO;AS94-AS1-20180127150908
2018-01-27 15:09:46.115;SP;AS94-AS1-20180127150908
2018-01-27 15:09:47.659;SQ;AS94-AS1-20180127150947
2018-01-27 15:10:06.592;RC;AS94-AS1-20180127150908
2018-01-27 15:10:06.891;RU;AS94-AS1-20180127150836
2018-01-27 15:10:07.769;SS;AS94-AS1-20180127150908
2018-01-27 15:10:09.152;VU;AS94-AS1-20180127150836
2018-01-27 15:10:24.667;RO;AS94-AS1-20180127150947
2018-01-27 15:10:25.485;SP;AS94-AS1-20180127150947
2018-01-27 15:10:27.087;SQ;AS94-AS1-20180127151027
2018-01-27 15:10:43.638;RC;AS94-AS1-20180127150947
2018-01-27 15:10:44.429;SS;AS94-AS1-20180127150947
2018-01-27 15:10:47.966;RU;AS94-AS1-20180127150908
2018-01-27 15:10:49.751;VU;AS94-AS1-20180127150908
2018-01-27 15:11:09.025;RO;AS94-AS1-20180127151027
2018-01-27 15:11:09.912;SP;AS94-AS1-20180127151027
2018-01-27 15:11:11.452;SQ;AS94-AS1-20180127151111
2018-01-27 15:11:15.526;RU;AS94-AS1-20180127150947
2018-01-27 15:11:17.297;VU;AS94-AS1-20180127150947
2018-01-27 15:11:27.622;RC;AS94-AS1-20180127151027
2018-01-27 15:11:28.387;SS;AS94-AS1-20180127151027
2018-01-27 15:11:44.598;RO;AS94-AS1-20180127151111
2018-01-27 15:11:45.863;SP;AS94-AS1-20180127151111
2018-01-27 15:11:47.416;SQ;AS94-AS1-20180127151147
2018-01-27 15:12:00.678;RC;AS94-AS1-20180127151111
2018-01-27 15:12:02.320;SS;AS94-AS1-20180127151111
2018-01-27 15:12:08.381;RU;AS94-AS1-20180127151027
2018-01-27 15:12:10.150;VU;AS94-AS1-20180127151027
2018-01-27 15:12:21.065;RO;AS94-AS1-20180127151147
2018-01-27 15:12:22.214;SP;AS94-AS1-20180127151147
2018-01-27 15:12:23.742;SQ;AS94-AS1-20180127151223
2018-01-27 15:12:41.124;RU;AS94-AS1-20180127151111
2018-01-27 15:12:41.381;RC;AS94-AS1-20180127151147
2018-01-27 15:12:42.669;SS;AS94-AS1-20180127151147
2018-01-27 15:12:43.357;VU;AS94-AS1-20180127151111
2018-01-27 15:12:59.375;RO;AS94-AS1-20180127151223
2018-01-27 15:13:00.574;SP;AS94-AS1-20180127151223
2018-01-27 15:13:03.466;SQ;AS94-AS1-20180127151303
2018-01-27 15:13:13.731;RC;AS94-AS1-20180127151223
2018-01-27 15:13:14.545;SS;AS94-AS1-20180127151223
2018-01-27 15:13:19.520;RU;AS94-AS1-20180127151147
2018-01-27 15:13:21.301;VU;AS94-AS1-20180127151147
2018-01-27 15:13:36.191;RO;AS94-AS1-20180127151303
2018-01-27 15:13:37.278;SP;AS94-AS1-20180127151303
2018-01-27 15:13:38.855;SQ;AS94-AS1-20180127151338
2018-01-27 15:13:51.589;RU;AS94-AS1-20180127151223
2018-01-27 15:13:53.393;VU;AS94-AS1-20180127151223
2018-01-27 15:13:54.892;RC;AS94-AS1-20180127151303
2018-01-27 15:13:55.688;SS;AS94-AS1-20180127151303
2018-01-27 15:14:15.153;RO;AS94-AS1-20180127151338
2018-01-27 15:14:16.168;SP;AS94-AS1-20180127151338
2018-01-27 15:14:17.890;SQ;AS94-AS1-20180127151417
2018-01-27 15:14:32.489;RC;AS94-AS1-20180127151338
2018-01-27 15:14:33.258;SS;AS94-AS1-20180127151338
2018-01-27 15:14:37.421;RU;AS94-AS1-20180127151303
2018-01-27 15:14:39.203;VU;AS94-AS1-20180127151303
2018-01-27 15:14:53.205;RO;AS94-AS1-20180127151417
2018-01-27 15:14:54.209;SP;AS94-AS1-20180127151417
2018-01-27 15:14:55.768;SQ;AS94-AS1-20180127151455
2018-01-27 15:15:12.726;RU;AS94-AS1-20180127151338
2018-01-27 15:15:12.776;RC;AS94-AS1-20180127151417
2018-01-27 15:15:14.312;SS;AS94-AS1-20180127151417
2018-01-27 15:15:15.234;VU;AS94-AS1-20180127151338
2018-01-27 15:15:30.594;RO;AS94-AS1-20180127151455
2018-01-27 15:15:31.564;SP;AS94-AS1-20180127151455
2018-01-27 15:15:47.039;RC;AS94-AS1-20180127151455
2018-01-27 15:15:47.715;RU;AS94-AS1-20180127151417
2018-01-27 15:15:47.940;SS;AS94-AS1-20180127151455
2018-01-27 15:15:49.630;VU;AS94-AS1-20180127151417
2018-01-27 15:16:16.472;RU;AS94-AS1-20180127151455
2018-01-27 15:16:18.224;VU;AS94-AS1-20180127151455
