2018-01-27 17:18:29.054;SQ;AS10-AS1-20180127171829
2018-01-27 17:18:32.817;RO;AS10-AS1-20180127171829
2018-01-27 17:18:33.913;SP;AS10-AS1-20180127171829
2018-01-27 17:18:35.650;SQ;AS10-AS1-20180127171835
2018-01-27 17:18:42.841;RC;AS10-AS1-20180127171829
2018-01-27 17:18:43.686;SS;AS10-AS1-20180127171829
2018-01-27 17:19:05.273;RO;AS10-AS1-20180127171835
2018-01-27 17:19:06.564;SP;AS10-AS1-20180127171835
2018-01-27 17:19:08.306;SQ;AS10-AS1-20180127171908
2018-01-27 17:19:31.614;RC;AS10-AS1-20180127171835
2018-01-27 17:19:32.110;RU;AS10-AS1-20180127171829
2018-01-27 17:19:32.767;SS;AS10-AS1-20180127171835
2018-01-27 17:19:34.338;VU;AS10-AS1-20180127171829
2018-01-27 17:20:10.822;RO;AS10-AS1-20180127171908
2018-01-27 17:20:11.717;SP;AS10-AS1-20180127171908
2018-01-27 17:20:13.458;SQ;AS10-AS1-20180127172013
2018-01-27 17:20:44.299;RU;AS10-AS1-20180127171835
2018-01-27 17:20:46.151;VU;AS10-AS1-20180127171835
2018-01-27 17:21:22.256;RO;AS10-AS1-20180127172013
2018-01-27 17:21:23.408;SP;AS10-AS1-20180127172013
2018-01-27 17:21:25.126;SQ;AS10-AS1-20180127172125
2018-01-27 17:21:27.944;RC;AS10-AS1-20180127171908
2018-01-27 17:21:28.798;SS;AS10-AS1-20180127171908
2018-01-27 17:22:04.397;RC;AS10-AS1-20180127172013
2018-01-27 17:22:05.261;SS;AS10-AS1-20180127172013
2018-01-27 17:22:43.563;RO;AS10-AS1-20180127172125
2018-01-27 17:22:44.557;SP;AS10-AS1-20180127172125
2018-01-27 17:22:46.303;SQ;AS10-AS1-20180127172246
2018-01-27 17:22:52.284;RU;AS10-AS1-20180127171908
2018-01-27 17:22:54.156;VU;AS10-AS1-20180127171908
2018-01-27 17:23:27.144;RC;AS10-AS1-20180127172125
2018-01-27 17:23:28.014;SS;AS10-AS1-20180127172125
2018-01-27 17:23:34.447;RU;AS10-AS1-20180127172013
2018-01-27 17:23:36.305;VU;AS10-AS1-20180127172013
2018-01-27 17:24:00.952;RO;AS10-AS1-20180127172246
2018-01-27 17:24:02.250;SP;AS10-AS1-20180127172246
2018-01-27 17:24:03.968;SQ;AS10-AS1-20180127172403
2018-01-27 17:24:50.766;RC;AS10-AS1-20180127172246
2018-01-27 17:24:51.647;SS;AS10-AS1-20180127172246
2018-01-27 17:25:07.913;RU;AS10-AS1-20180127172125
2018-01-27 17:25:09.762;VU;AS10-AS1-20180127172125
2018-01-27 17:26:05.493;RO;AS10-AS1-20180127172403
2018-01-27 17:26:06.468;SP;AS10-AS1-20180127172403
2018-01-27 17:26:08.154;SQ;AS10-AS1-20180127172608
2018-01-27 17:26:18.530;RU;AS10-AS1-20180127172246
2018-01-27 17:26:20.397;VU;AS10-AS1-20180127172246
2018-01-27 17:26:55.413;RC;AS10-AS1-20180127172403
2018-01-27 17:26:56.248;SS;AS10-AS1-20180127172403
2018-01-27 17:27:15.834;RO;AS10-AS1-20180127172608
2018-01-27 17:27:17.091;SP;AS10-AS1-20180127172608
2018-01-27 17:27:19.792;SQ;AS10-AS1-20180127172719
2018-01-27 17:27:59.466;RC;AS10-AS1-20180127172608
2018-01-27 17:28:00.327;SS;AS10-AS1-20180127172608
2018-01-27 17:28:13.926;RU;AS10-AS1-20180127172403
2018-01-27 17:28:15.793;VU;AS10-AS1-20180127172403
2018-01-27 17:28:34.186;RO;AS10-AS1-20180127172719
2018-01-27 17:28:35.225;SP;AS10-AS1-20180127172719
2018-01-27 17:28:38.561;SQ;AS10-AS1-20180127172838
2018-01-27 17:29:18.293;RU;AS10-AS1-20180127172608
2018-01-27 17:29:20.152;VU;AS10-AS1-20180127172608
2018-01-27 17:29:23.533;RC;AS10-AS1-20180127172719
2018-01-27 17:29:24.770;SS;AS10-AS1-20180127172719
2018-01-27 17:30:20.440;RO;AS10-AS1-20180127172838
2018-01-27 17:30:21.570;SP;AS10-AS1-20180127172838
2018-01-27 17:30:23.722;SQ;AS10-AS1-20180127173023
2018-01-27 17:30:49.485;RU;AS10-AS1-20180127172719
2018-01-27 17:30:51.337;VU;AS10-AS1-20180127172719
2018-01-27 17:31:03.694;RC;AS10-AS1-20180127172838
2018-01-27 17:31:04.565;SS;AS10-AS1-20180127172838
2018-01-27 17:31:49.674;RO;AS10-AS1-20180127173023
2018-01-27 17:31:50.683;SP;AS10-AS1-20180127173023
2018-01-27 17:31:52.417;SQ;AS10-AS1-20180127173152
2018-01-27 17:32:29.349;RC;AS10-AS1-20180127173023
2018-01-27 17:32:30.599;SS;AS10-AS1-20180127173023
2018-01-27 17:33:05.379;RU;AS10-AS1-20180127172838
2018-01-27 17:33:07.221;VU;AS10-AS1-20180127172838
2018-01-27 17:33:24.329;RO;AS10-AS1-20180127173152
2018-01-27 17:33:25.366;SP;AS10-AS1-20180127173152
2018-01-27 17:33:27.088;SQ;AS10-AS1-20180127173327
2018-01-27 17:33:56.677;RU;AS10-AS1-20180127173023
2018-01-27 17:33:58.522;VU;AS10-AS1-20180127173023
2018-01-27 17:34:06.361;RC;AS10-AS1-20180127173152
2018-01-27 17:34:07.233;SS;AS10-AS1-20180127173152
2018-01-27 17:34:34.516;RO;AS10-AS1-20180127173327
2018-01-27 17:34:35.596;SP;AS10-AS1-20180127173327
2018-01-27 17:34:37.280;SQ;AS10-AS1-20180127173437
2018-01-27 17:35:17.874;RC;AS10-AS1-20180127173327
2018-01-27 17:35:18.723;SS;AS10-AS1-20180127173327
2018-01-27 17:35:39.053;RU;AS10-AS1-20180127173152
2018-01-27 17:35:40.923;VU;AS10-AS1-20180127173152
2018-01-27 17:35:52.151;RO;AS10-AS1-20180127173437
2018-01-27 17:35:53.244;SP;AS10-AS1-20180127173437
2018-01-27 17:35:54.981;SQ;AS10-AS1-20180127173554
2018-01-27 17:36:32.773;RC;AS10-AS1-20180127173437
2018-01-27 17:36:33.643;SS;AS10-AS1-20180127173437
2018-01-27 17:36:48.368;RU;AS10-AS1-20180127173327
2018-01-27 17:36:50.222;VU;AS10-AS1-20180127173327
2018-01-27 17:37:16.345;RO;AS10-AS1-20180127173554
2018-01-27 17:37:17.434;SP;AS10-AS1-20180127173554
2018-01-27 17:37:19.120;SQ;AS10-AS1-20180127173719
2018-01-27 17:38:02.037;RC;AS10-AS1-20180127173554
2018-01-27 17:38:02.743;RU;AS10-AS1-20180127173437
2018-01-27 17:38:03.036;SS;AS10-AS1-20180127173554
2018-01-27 17:38:04.757;VU;AS10-AS1-20180127173437
2018-01-27 17:38:36.637;RO;AS10-AS1-20180127173719
2018-01-27 17:38:37.556;SP;AS10-AS1-20180127173719
2018-01-27 17:38:39.295;SQ;AS10-AS1-20180127173839
2018-01-27 17:39:19.597;RC;AS10-AS1-20180127173719
2018-01-27 17:39:20.464;SS;AS10-AS1-20180127173719
2018-01-27 17:39:36.112;RU;AS10-AS1-20180127173554
2018-01-27 17:39:37.973;VU;AS10-AS1-20180127173554
2018-01-27 17:39:55.677;RO;AS10-AS1-20180127173839
2018-01-27 17:39:56.753;SP;AS10-AS1-20180127173839
2018-01-27 17:39:58.475;SQ;AS10-AS1-20180127173958
2018-01-27 17:40:36.044;RC;AS10-AS1-20180127173839
2018-01-27 17:40:36.882;SS;AS10-AS1-20180127173839
2018-01-27 17:40:45.014;RU;AS10-AS1-20180127173719
2018-01-27 17:40:46.883;VU;AS10-AS1-20180127173719
2018-01-27 17:41:31.081;RO;AS10-AS1-20180127173958
2018-01-27 17:41:32.421;SP;AS10-AS1-20180127173958
2018-01-27 17:41:34.467;SQ;AS10-AS1-20180127174134
2018-01-27 17:41:52.970;RU;AS10-AS1-20180127173839
2018-01-27 17:41:54.817;VU;AS10-AS1-20180127173839
2018-01-27 17:42:13.248;RC;AS10-AS1-20180127173958
2018-01-27 17:42:14.094;SS;AS10-AS1-20180127173958
2018-01-27 17:42:50.676;RO;AS10-AS1-20180127174134
2018-01-27 17:42:52.850;SP;AS10-AS1-20180127174134
2018-01-27 17:42:55.002;SQ;AS10-AS1-20180127174255
2018-01-27 17:43:31.822;RC;AS10-AS1-20180127174134
2018-01-27 17:43:32.680;SS;AS10-AS1-20180127174134
2018-01-27 17:43:33.932;RU;AS10-AS1-20180127173958
2018-01-27 17:44:10.931;RO;AS10-AS1-20180127174255
2018-01-27 17:44:12.880;SP;AS10-AS1-20180127174255
2018-01-27 17:44:15.363;SQ;AS10-AS1-20180127174415
2018-01-27 17:44:52.081;RC;AS10-AS1-20180127174255
2018-01-27 17:44:52.175;RU;AS10-AS1-20180127174134
2018-01-27 17:44:54.585;SS;AS10-AS1-20180127174255
2018-01-27 17:44:55.591;VU;AS10-AS1-20180127174134
2018-01-27 17:46:06.819;RO;AS10-AS1-20180127174415
2018-01-27 17:46:08.290;SP;AS10-AS1-20180127174415
2018-01-27 17:46:10.780;SQ;AS10-AS1-20180127174610
2018-01-27 17:46:17.226;RU;AS10-AS1-20180127174255
2018-01-27 17:46:19.784;VU;AS10-AS1-20180127174255
2018-01-27 17:46:49.364;RC;AS10-AS1-20180127174415
2018-01-27 17:46:50.866;SS;AS10-AS1-20180127174415
2018-01-27 17:47:33.535;RO;AS10-AS1-20180127174610
2018-01-27 17:47:36.900;SP;AS10-AS1-20180127174610
2018-01-27 17:47:39.312;SQ;AS10-AS1-20180127174739
2018-01-27 17:48:11.681;RC;AS10-AS1-20180127174610
2018-01-27 17:48:12.964;SS;AS10-AS1-20180127174610
2018-01-27 17:48:16.638;RU;AS10-AS1-20180127174415
2018-01-27 17:48:18.796;VU;AS10-AS1-20180127174415
2018-01-27 17:49:01.168;RO;AS10-AS1-20180127174739
2018-01-27 17:49:03.027;SP;AS10-AS1-20180127174739
2018-01-27 17:49:05.609;SQ;AS10-AS1-20180127174905
2018-01-27 17:49:35.453;RC;AS10-AS1-20180127174739
2018-01-27 17:49:36.304;SS;AS10-AS1-20180127174739
2018-01-27 17:49:45.827;RU;AS10-AS1-20180127174610
2018-01-27 17:49:48.183;VU;AS10-AS1-20180127174610
2018-01-27 17:50:05.142;RO;AS10-AS1-20180127174905
2018-01-27 17:50:06.135;SP;AS10-AS1-20180127174905
2018-01-27 17:50:08.759;SQ;AS10-AS1-20180127175008
2018-01-27 17:50:42.496;RC;AS10-AS1-20180127174905
2018-01-27 17:50:43.703;SS;AS10-AS1-20180127174905
2018-01-27 17:51:21.405;RU;AS10-AS1-20180127174739
2018-01-27 17:51:23.579;VU;AS10-AS1-20180127174739
2018-01-27 17:51:31.678;RO;AS10-AS1-20180127175008
2018-01-27 17:51:32.729;SP;AS10-AS1-20180127175008
2018-01-27 17:51:35.384;SQ;AS10-AS1-20180127175135
2018-01-27 17:52:10.158;RU;AS10-AS1-20180127174905
2018-01-27 17:52:11.984;VU;AS10-AS1-20180127174905
2018-01-27 17:52:15.824;RC;AS10-AS1-20180127175008
2018-01-27 17:52:17.431;SS;AS10-AS1-20180127175008
2018-01-27 17:52:55.683;RO;AS10-AS1-20180127175135
2018-01-27 17:52:57.060;SP;AS10-AS1-20180127175135
2018-01-27 17:52:59.604;SQ;AS10-AS1-20180127175259
2018-01-27 17:53:42.148;RC;AS10-AS1-20180127175135
2018-01-27 17:53:43.264;SS;AS10-AS1-20180127175135
2018-01-27 17:54:12.776;RU;AS10-AS1-20180127175008
2018-01-27 17:54:15.409;VU;AS10-AS1-20180127175008
2018-01-27 17:54:15.814;RO;AS10-AS1-20180127175259
2018-01-27 17:54:17.256;SP;AS10-AS1-20180127175259
2018-01-27 17:54:21.618;SQ;AS10-AS1-20180127175421
2018-01-27 17:54:59.570;RU;AS10-AS1-20180127175135
2018-01-27 17:54:59.857;RC;AS10-AS1-20180127175259
2018-01-27 17:55:01.921;SS;AS10-AS1-20180127175259
2018-01-27 17:55:02.755;VU;AS10-AS1-20180127175135
2018-01-27 17:55:46.543;RO;AS10-AS1-20180127175421
2018-01-27 17:55:47.798;SP;AS10-AS1-20180127175421
2018-01-27 17:55:50.762;SQ;AS10-AS1-20180127175550
2018-01-27 17:56:21.682;RC;AS10-AS1-20180127175421
2018-01-27 17:56:23.070;RU;AS10-AS1-20180127175259
2018-01-27 17:56:25.377;SS;AS10-AS1-20180127175421
2018-01-27 17:56:27.078;VU;AS10-AS1-20180127175259
2018-01-27 17:57:11.539;RO;AS10-AS1-20180127175550
2018-01-27 17:57:13.326;SP;AS10-AS1-20180127175550
2018-01-27 17:57:15.780;SQ;AS10-AS1-20180127175715
2018-01-27 17:57:35.131;RU;AS10-AS1-20180127175421
2018-01-27 17:57:37.634;VU;AS10-AS1-20180127175421
2018-01-27 17:57:49.735;RC;AS10-AS1-20180127175550
2018-01-27 17:57:50.977;SS;AS10-AS1-20180127175550
2018-01-27 17:58:29.900;RO;AS10-AS1-20180127175715
2018-01-27 17:58:31.419;SP;AS10-AS1-20180127175715
2018-01-27 17:58:58.517;RC;AS10-AS1-20180127175715
2018-01-27 17:59:01.117;SS;AS10-AS1-20180127175715
2018-01-27 17:59:07.712;RU;AS10-AS1-20180127175550
2018-01-27 17:59:10.449;VU;AS10-AS1-20180127175550
2018-01-27 18:00:13.089;RU;AS10-AS1-20180127175715
2018-01-27 18:00:15.145;VU;AS10-AS1-20180127175715
