2018-01-27 17:18:35.098;SQ;AS117-AS1-20180127171835
2018-01-27 17:19:07.597;RO;AS117-AS1-20180127171835
2018-01-27 17:19:08.463;SP;AS117-AS1-20180127171835
2018-01-27 17:19:10.088;SQ;AS117-AS1-20180127171910
2018-01-27 17:19:26.894;RC;AS117-AS1-20180127171835
2018-01-27 17:19:27.691;SS;AS117-AS1-20180127171835
2018-01-27 17:20:35.033;RU;AS117-AS1-20180127171835
2018-01-27 17:20:45.784;RO;AS117-AS1-20180127171910
2018-01-27 17:20:47.530;SP;AS117-AS1-20180127171910
2018-01-27 17:20:52.033;SQ;AS117-AS1-20180127172052
2018-01-27 17:21:33.293;RC;AS117-AS1-20180127171910
2018-01-27 17:21:34.730;SS;AS117-AS1-20180127171910
2018-01-27 17:22:11.582;RO;AS117-AS1-20180127172052
2018-01-27 17:22:12.479;SP;AS117-AS1-20180127172052
2018-01-27 17:22:14.952;SQ;AS117-AS1-20180127172214
2018-01-27 17:23:03.027;RU;AS117-AS1-20180127171910
2018-01-27 17:23:05.338;VU;AS117-AS1-20180127171910
2018-01-27 17:23:25.701;RC;AS117-AS1-20180127172052
2018-01-27 17:23:27.840;SS;AS117-AS1-20180127172052
2018-01-27 17:23:40.516;RO;AS117-AS1-20180127172214
2018-01-27 17:23:43.638;SP;AS117-AS1-20180127172214
2018-01-27 17:23:46.053;SQ;AS117-AS1-20180127172346
2018-01-27 17:24:24.459;RC;AS117-AS1-20180127172214
2018-01-27 17:24:26.210;SS;AS117-AS1-20180127172214
2018-01-27 17:24:48.673;RU;AS117-AS1-20180127172052
2018-01-27 17:25:12.319;RO;AS117-AS1-20180127172346
2018-01-27 17:25:16.563;SP;AS117-AS1-20180127172346
2018-01-27 17:25:20.143;SQ;AS117-AS1-20180127172520
2018-01-27 17:25:46.781;RU;AS117-AS1-20180127172214
2018-01-27 17:25:49.658;VU;AS117-AS1-20180127172214
2018-01-27 17:26:01.918;RC;AS117-AS1-20180127172346
2018-01-27 17:26:05.360;SS;AS117-AS1-20180127172346
2018-01-27 17:26:43.405;RO;AS117-AS1-20180127172520
2018-01-27 17:26:45.669;SP;AS117-AS1-20180127172520
2018-01-27 17:26:51.272;SQ;AS117-AS1-20180127172651
2018-01-27 17:27:23.788;RU;AS117-AS1-20180127172346
2018-01-27 17:27:26.643;VU;AS117-AS1-20180127172346
2018-01-27 17:27:31.119;RC;AS117-AS1-20180127172520
2018-01-27 17:27:33.057;SS;AS117-AS1-20180127172520
2018-01-27 17:28:13.907;RO;AS117-AS1-20180127172651
2018-01-27 17:28:15.847;SP;AS117-AS1-20180127172651
2018-01-27 17:28:19.739;SQ;AS117-AS1-20180127172819
2018-01-27 17:28:51.593;RU;AS117-AS1-20180127172520
2018-01-27 17:28:55.861;VU;AS117-AS1-20180127172520
2018-01-27 17:28:58.334;RC;AS117-AS1-20180127172651
2018-01-27 17:29:00.236;SS;AS117-AS1-20180127172651
2018-01-27 17:29:47.169;RO;AS117-AS1-20180127172819
2018-01-27 17:29:48.908;SP;AS117-AS1-20180127172819
2018-01-27 17:29:53.145;SQ;AS117-AS1-20180127172953
2018-01-27 17:30:31.520;RU;AS117-AS1-20180127172651
2018-01-27 17:30:32.436;RC;AS117-AS1-20180127172819
2018-01-27 17:30:34.831;VU;AS117-AS1-20180127172651
2018-01-27 17:30:34.833;SS;AS117-AS1-20180127172819
2018-01-27 17:31:11.958;RO;AS117-AS1-20180127172953
2018-01-27 17:31:15.247;SP;AS117-AS1-20180127172953
2018-01-27 17:31:18.903;SQ;AS117-AS1-20180127173118
2018-01-27 17:32:04.570;RC;AS117-AS1-20180127172953
2018-01-27 17:32:06.179;SS;AS117-AS1-20180127172953
2018-01-27 17:32:28.529;RO;AS117-AS1-20180127173118
2018-01-27 17:32:32.393;SP;AS117-AS1-20180127173118
2018-01-27 17:32:33.618;RU;AS117-AS1-20180127172819
2018-01-27 17:32:36.831;SQ;AS117-AS1-20180127173236
2018-01-27 17:32:37.447;VU;AS117-AS1-20180127172819
2018-01-27 17:33:18.481;RC;AS117-AS1-20180127173118
2018-01-27 17:33:20.483;SS;AS117-AS1-20180127173118
2018-01-27 17:33:29.615;RU;AS117-AS1-20180127172953
2018-01-27 17:33:32.175;VU;AS117-AS1-20180127172953
2018-01-27 17:33:58.023;RO;AS117-AS1-20180127173236
2018-01-27 17:33:59.847;SP;AS117-AS1-20180127173236
2018-01-27 17:34:05.655;SQ;AS117-AS1-20180127173405
2018-01-27 17:34:39.199;RC;AS117-AS1-20180127173236
2018-01-27 17:34:40.950;SS;AS117-AS1-20180127173236
2018-01-27 17:34:46.611;RU;AS117-AS1-20180127173118
2018-01-27 17:34:50.277;VU;AS117-AS1-20180127173118
2018-01-27 17:35:28.003;RO;AS117-AS1-20180127173405
2018-01-27 17:35:30.213;SP;AS117-AS1-20180127173405
2018-01-27 17:35:33.965;SQ;AS117-AS1-20180127173533
2018-01-27 17:36:03.458;RU;AS117-AS1-20180127173236
2018-01-27 17:36:06.302;VU;AS117-AS1-20180127173236
2018-01-27 17:36:13.802;RC;AS117-AS1-20180127173405
2018-01-27 17:36:15.770;SS;AS117-AS1-20180127173405
2018-01-27 17:36:46.285;RO;AS117-AS1-20180127173533
2018-01-27 17:36:48.477;SP;AS117-AS1-20180127173533
2018-01-27 17:36:53.707;SQ;AS117-AS1-20180127173653
2018-01-27 17:37:30.800;RU;AS117-AS1-20180127173405
2018-01-27 17:37:31.715;RC;AS117-AS1-20180127173533
2018-01-27 17:37:33.786;VU;AS117-AS1-20180127173405
2018-01-27 17:37:34.222;SS;AS117-AS1-20180127173533
2018-01-27 17:38:18.636;RO;AS117-AS1-20180127173653
2018-01-27 17:38:20.535;SP;AS117-AS1-20180127173653
2018-01-27 17:38:24.282;SQ;AS117-AS1-20180127173824
2018-01-27 17:39:01.830;RU;AS117-AS1-20180127173533
2018-01-27 17:39:04.904;VU;AS117-AS1-20180127173533
2018-01-27 17:39:06.567;RC;AS117-AS1-20180127173653
2018-01-27 17:39:08.395;SS;AS117-AS1-20180127173653
2018-01-27 17:39:44.365;RO;AS117-AS1-20180127173824
2018-01-27 17:39:47.441;SP;AS117-AS1-20180127173824
2018-01-27 17:39:51.212;SQ;AS117-AS1-20180127173951
2018-01-27 17:40:21.693;RC;AS117-AS1-20180127173824
2018-01-27 17:40:23.245;SS;AS117-AS1-20180127173824
2018-01-27 17:40:33.025;RU;AS117-AS1-20180127173653
2018-01-27 17:40:37.240;VU;AS117-AS1-20180127173653
2018-01-27 17:41:14.407;RO;AS117-AS1-20180127173951
2018-01-27 17:41:16.534;SP;AS117-AS1-20180127173951
2018-01-27 17:41:22.829;SQ;AS117-AS1-20180127174122
2018-01-27 17:41:41.302;RU;AS117-AS1-20180127173824
2018-01-27 17:41:43.598;VU;AS117-AS1-20180127173824
2018-01-27 17:42:00.395;RC;AS117-AS1-20180127173951
2018-01-27 17:42:02.217;SS;AS117-AS1-20180127173951
2018-01-27 17:42:41.087;RO;AS117-AS1-20180127174122
2018-01-27 17:42:43.510;SP;AS117-AS1-20180127174122
2018-01-27 17:42:47.099;SQ;AS117-AS1-20180127174247
2018-01-27 17:43:20.262;RC;AS117-AS1-20180127174122
2018-01-27 17:43:22.605;SS;AS117-AS1-20180127174122
2018-01-27 17:43:32.322;RU;AS117-AS1-20180127173951
2018-01-27 17:43:35.144;VU;AS117-AS1-20180127173951
2018-01-27 17:44:07.882;RO;AS117-AS1-20180127174247
2018-01-27 17:44:10.781;SP;AS117-AS1-20180127174247
2018-01-27 17:44:15.320;SQ;AS117-AS1-20180127174415
2018-01-27 17:44:38.699;RC;AS117-AS1-20180127174247
2018-01-27 17:44:40.888;SS;AS117-AS1-20180127174247
2018-01-27 17:44:51.768;RU;AS117-AS1-20180127174122
2018-01-27 17:44:54.492;VU;AS117-AS1-20180127174122
2018-01-27 17:45:34.874;RO;AS117-AS1-20180127174415
2018-01-27 17:45:36.729;SP;AS117-AS1-20180127174415
2018-01-27 17:45:40.419;SQ;AS117-AS1-20180127174540
2018-01-27 17:45:51.923;RU;AS117-AS1-20180127174247
2018-01-27 17:45:54.757;VU;AS117-AS1-20180127174247
2018-01-27 17:46:22.661;RC;AS117-AS1-20180127174415
2018-01-27 17:46:24.570;SS;AS117-AS1-20180127174415
2018-01-27 17:46:55.805;RO;AS117-AS1-20180127174540
2018-01-27 17:46:57.677;SP;AS117-AS1-20180127174540
2018-01-27 17:47:01.498;SQ;AS117-AS1-20180127174701
2018-01-27 17:47:34.845;RC;AS117-AS1-20180127174540
2018-01-27 17:47:37.971;SS;AS117-AS1-20180127174540
2018-01-27 17:47:51.448;RU;AS117-AS1-20180127174415
2018-01-27 17:47:54.268;VU;AS117-AS1-20180127174415
2018-01-27 17:48:26.840;RO;AS117-AS1-20180127174701
2018-01-27 17:48:29.021;SP;AS117-AS1-20180127174701
2018-01-27 17:48:32.757;SQ;AS117-AS1-20180127174832
2018-01-27 17:49:03.144;RU;AS117-AS1-20180127174540
2018-01-27 17:49:05.990;VU;AS117-AS1-20180127174540
2018-01-27 17:49:09.649;RC;AS117-AS1-20180127174701
2018-01-27 17:49:11.831;SS;AS117-AS1-20180127174701
2018-01-27 17:49:47.395;RO;AS117-AS1-20180127174832
2018-01-27 17:49:49.209;SP;AS117-AS1-20180127174832
2018-01-27 17:49:52.969;SQ;AS117-AS1-20180127174952
2018-01-27 17:50:36.157;RU;AS117-AS1-20180127174701
2018-01-27 17:50:38.942;VU;AS117-AS1-20180127174701
2018-01-27 17:50:52.662;RO;AS117-AS1-20180127174952
2018-01-27 17:50:55.109;SP;AS117-AS1-20180127174952
2018-01-27 17:50:58.053;RC;AS117-AS1-20180127174832
2018-01-27 17:51:01.151;SS;AS117-AS1-20180127174832
2018-01-27 17:51:01.242;SQ;AS117-AS1-20180127175101
2018-01-27 17:51:36.705;RC;AS117-AS1-20180127174952
2018-01-27 17:51:38.525;SS;AS117-AS1-20180127174952
2018-01-27 17:52:19.257;RU;AS117-AS1-20180127174832
2018-01-27 17:52:22.298;VU;AS117-AS1-20180127174832
2018-01-27 17:52:42.634;RO;AS117-AS1-20180127175101
2018-01-27 17:52:45.211;SP;AS117-AS1-20180127175101
2018-01-27 17:52:49.837;SQ;AS117-AS1-20180127175249
2018-01-27 17:53:12.095;RU;AS117-AS1-20180127174952
2018-01-27 17:53:14.975;VU;AS117-AS1-20180127174952
2018-01-27 17:53:26.199;RC;AS117-AS1-20180127175101
2018-01-27 17:53:27.787;SS;AS117-AS1-20180127175101
2018-01-27 17:53:57.135;RO;AS117-AS1-20180127175249
2018-01-27 17:53:58.975;SP;AS117-AS1-20180127175249
2018-01-27 17:54:03.847;SQ;AS117-AS1-20180127175403
2018-01-27 17:54:29.222;RC;AS117-AS1-20180127175249
2018-01-27 17:54:31.028;SS;AS117-AS1-20180127175249
2018-01-27 17:54:52.488;RU;AS117-AS1-20180127175101
2018-01-27 17:54:55.178;VU;AS117-AS1-20180127175101
2018-01-27 17:55:18.484;RO;AS117-AS1-20180127175403
2018-01-27 17:55:20.753;SP;AS117-AS1-20180127175403
2018-01-27 17:55:26.075;SQ;AS117-AS1-20180127175526
2018-01-27 17:55:46.036;RU;AS117-AS1-20180127175249
2018-01-27 17:56:01.494;RC;AS117-AS1-20180127175403
2018-01-27 17:56:04.177;SS;AS117-AS1-20180127175403
2018-01-27 17:56:41.534;RO;AS117-AS1-20180127175526
2018-01-27 17:56:44.170;SP;AS117-AS1-20180127175526
2018-01-27 17:56:49.265;SQ;AS117-AS1-20180127175649
2018-01-27 17:57:24.100;RC;AS117-AS1-20180127175526
2018-01-27 17:57:29.049;SS;AS117-AS1-20180127175526
2018-01-27 17:57:49.710;RU;AS117-AS1-20180127175403
2018-01-27 17:57:53.173;VU;AS117-AS1-20180127175403
2018-01-27 17:58:12.045;RO;AS117-AS1-20180127175649
2018-01-27 17:58:15.147;SP;AS117-AS1-20180127175649
2018-01-27 17:58:20.307;SQ;AS117-AS1-20180127175820
2018-01-27 17:58:53.789;RC;AS117-AS1-20180127175649
2018-01-27 17:58:54.120;RU;AS117-AS1-20180127175526
2018-01-27 17:58:57.597;SS;AS117-AS1-20180127175649
2018-01-27 17:58:59.109;VU;AS117-AS1-20180127175526
2018-01-27 17:59:22.851;RO;AS117-AS1-20180127175820
2018-01-27 17:59:25.430;SP;AS117-AS1-20180127175820
2018-01-27 17:59:32.919;SQ;AS117-AS1-20180127175932
2018-01-27 17:59:57.533;RC;AS117-AS1-20180127175820
2018-01-27 18:00:01.138;SS;AS117-AS1-20180127175820
2018-01-27 18:00:12.766;RU;AS117-AS1-20180127175649
2018-01-27 18:00:16.940;VU;AS117-AS1-20180127175649
2018-01-27 18:00:31.056;RO;AS117-AS1-20180127175932
2018-01-27 18:00:35.355;SP;AS117-AS1-20180127175932
2018-01-27 18:00:48.766;RC;AS117-AS1-20180127175932
2018-01-27 18:00:49.229;RU;AS117-AS1-20180127175820
2018-01-27 18:00:52.205;SS;AS117-AS1-20180127175932
2018-01-27 18:00:53.731;VU;AS117-AS1-20180127175820
2018-01-27 18:01:08.972;RU;AS117-AS1-20180127175932
2018-01-27 18:01:12.411;VU;AS117-AS1-20180127175932
