2018-01-27 17:18:33.520;SQ;AS121-AS1-20180127171833
2018-01-27 17:19:04.531;RO;AS121-AS1-20180127171833
2018-01-27 17:19:05.364;SP;AS121-AS1-20180127171833
2018-01-27 17:19:06.978;SQ;AS121-AS1-20180127171906
2018-01-27 17:19:31.451;RC;AS121-AS1-20180127171833
2018-01-27 17:19:32.233;SS;AS121-AS1-20180127171833
2018-01-27 17:20:00.105;RO;AS121-AS1-20180127171906
2018-01-27 17:20:02.288;SP;AS121-AS1-20180127171906
2018-01-27 17:20:04.129;SQ;AS121-AS1-20180127172004
2018-01-27 17:20:40.808;RC;AS121-AS1-20180127171906
2018-01-27 17:20:41.625;SS;AS121-AS1-20180127171906
2018-01-27 17:20:48.407;RU;AS121-AS1-20180127171833
2018-01-27 17:20:51.101;VU;AS121-AS1-20180127171833
2018-01-27 17:21:11.622;RO;AS121-AS1-20180127172004
2018-01-27 17:21:12.502;SP;AS121-AS1-20180127172004
2018-01-27 17:21:14.097;SQ;AS121-AS1-20180127172114
2018-01-27 17:21:56.236;RC;AS121-AS1-20180127172004
2018-01-27 17:21:57.011;SS;AS121-AS1-20180127172004
2018-01-27 17:22:11.920;RU;AS121-AS1-20180127171906
2018-01-27 17:22:13.720;VU;AS121-AS1-20180127171906
2018-01-27 17:22:37.160;RO;AS121-AS1-20180127172114
2018-01-27 17:22:38.148;SP;AS121-AS1-20180127172114
2018-01-27 17:22:41.015;SQ;AS121-AS1-20180127172241
2018-01-27 17:23:16.339;RU;AS121-AS1-20180127172004
2018-01-27 17:23:18.131;VU;AS121-AS1-20180127172004
2018-01-27 17:23:22.974;RC;AS121-AS1-20180127172114
2018-01-27 17:23:23.775;SS;AS121-AS1-20180127172114
2018-01-27 17:23:54.354;RO;AS121-AS1-20180127172241
2018-01-27 17:23:55.873;SP;AS121-AS1-20180127172241
2018-01-27 17:23:58.507;SQ;AS121-AS1-20180127172358
2018-01-27 17:24:34.967;RC;AS121-AS1-20180127172241
2018-01-27 17:24:35.769;SS;AS121-AS1-20180127172241
2018-01-27 17:24:51.557;RU;AS121-AS1-20180127172114
2018-01-27 17:24:53.331;VU;AS121-AS1-20180127172114
2018-01-27 17:25:24.833;RO;AS121-AS1-20180127172358
2018-01-27 17:25:25.894;SP;AS121-AS1-20180127172358
2018-01-27 17:25:27.466;SQ;AS121-AS1-20180127172527
2018-01-27 17:26:03.709;RC;AS121-AS1-20180127172358
2018-01-27 17:26:04.492;SS;AS121-AS1-20180127172358
2018-01-27 17:26:09.378;RU;AS121-AS1-20180127172241
2018-01-27 17:26:11.182;VU;AS121-AS1-20180127172241
2018-01-27 17:26:55.356;RO;AS121-AS1-20180127172527
2018-01-27 17:26:56.370;SP;AS121-AS1-20180127172527
2018-01-27 17:26:57.971;SQ;AS121-AS1-20180127172657
2018-01-27 17:27:19.851;RU;AS121-AS1-20180127172358
2018-01-27 17:27:21.657;VU;AS121-AS1-20180127172358
2018-01-27 17:27:34.446;RC;AS121-AS1-20180127172527
2018-01-27 17:27:36.111;SS;AS121-AS1-20180127172527
2018-01-27 17:28:23.954;RO;AS121-AS1-20180127172657
2018-01-27 17:28:24.863;SP;AS121-AS1-20180127172657
2018-01-27 17:28:26.463;SQ;AS121-AS1-20180127172826
2018-01-27 17:28:58.645;RU;AS121-AS1-20180127172527
2018-01-27 17:29:00.417;VU;AS121-AS1-20180127172527
2018-01-27 17:29:12.851;RC;AS121-AS1-20180127172657
2018-01-27 17:29:13.655;SS;AS121-AS1-20180127172657
2018-01-27 17:29:47.588;RO;AS121-AS1-20180127172826
2018-01-27 17:29:48.847;SP;AS121-AS1-20180127172826
2018-01-27 17:29:50.457;SQ;AS121-AS1-20180127172950
2018-01-27 17:30:31.602;RC;AS121-AS1-20180127172826
2018-01-27 17:30:31.636;RU;AS121-AS1-20180127172657
2018-01-27 17:30:33.152;SS;AS121-AS1-20180127172826
2018-01-27 17:31:05.342;RO;AS121-AS1-20180127172950
2018-01-27 17:31:06.366;SP;AS121-AS1-20180127172950
2018-01-27 17:31:08.747;SQ;AS121-AS1-20180127173108
2018-01-27 17:31:50.481;RU;AS121-AS1-20180127172826
2018-01-27 17:31:52.532;VU;AS121-AS1-20180127172826
2018-01-27 17:32:16.503;RC;AS121-AS1-20180127172950
2018-01-27 17:32:17.561;SS;AS121-AS1-20180127172950
2018-01-27 17:32:37.728;RO;AS121-AS1-20180127173108
2018-01-27 17:32:38.679;SP;AS121-AS1-20180127173108
2018-01-27 17:32:41.096;SQ;AS121-AS1-20180127173241
2018-01-27 17:33:24.300;RC;AS121-AS1-20180127173108
2018-01-27 17:33:25.489;SS;AS121-AS1-20180127173108
2018-01-27 17:33:41.638;RU;AS121-AS1-20180127172950
2018-01-27 17:33:43.738;VU;AS121-AS1-20180127172950
2018-01-27 17:34:05.302;RO;AS121-AS1-20180127173241
2018-01-27 17:34:06.941;SP;AS121-AS1-20180127173241
2018-01-27 17:34:09.387;SQ;AS121-AS1-20180127173409
2018-01-27 17:34:43.713;RU;AS121-AS1-20180127173108
2018-01-27 17:34:46.302;VU;AS121-AS1-20180127173108
2018-01-27 17:34:54.349;RC;AS121-AS1-20180127173241
2018-01-27 17:34:55.929;SS;AS121-AS1-20180127173241
2018-01-27 17:35:34.122;RO;AS121-AS1-20180127173409
2018-01-27 17:35:36.935;SP;AS121-AS1-20180127173409
2018-01-27 17:35:40.371;SQ;AS121-AS1-20180127173540
2018-01-27 17:36:14.782;RU;AS121-AS1-20180127173241
2018-01-27 17:36:16.685;VU;AS121-AS1-20180127173241
2018-01-27 17:36:18.321;RC;AS121-AS1-20180127173409
2018-01-27 17:36:19.117;SS;AS121-AS1-20180127173409
2018-01-27 17:36:55.394;RO;AS121-AS1-20180127173540
2018-01-27 17:36:56.554;SP;AS121-AS1-20180127173540
2018-01-27 17:36:58.791;SQ;AS121-AS1-20180127173658
2018-01-27 17:37:40.756;RC;AS121-AS1-20180127173540
2018-01-27 17:37:41.080;RU;AS121-AS1-20180127173409
2018-01-27 17:37:42.251;SS;AS121-AS1-20180127173540
2018-01-27 17:37:43.842;VU;AS121-AS1-20180127173409
2018-01-27 17:38:13.864;RO;AS121-AS1-20180127173658
2018-01-27 17:38:14.685;SP;AS121-AS1-20180127173658
2018-01-27 17:38:17.144;SQ;AS121-AS1-20180127173817
2018-01-27 17:38:52.940;RC;AS121-AS1-20180127173658
2018-01-27 17:38:54.113;SS;AS121-AS1-20180127173658
2018-01-27 17:39:05.091;RU;AS121-AS1-20180127173540
2018-01-27 17:39:07.497;VU;AS121-AS1-20180127173540
2018-01-27 17:39:39.798;RO;AS121-AS1-20180127173817
2018-01-27 17:39:41.251;SP;AS121-AS1-20180127173817
2018-01-27 17:39:45.189;SQ;AS121-AS1-20180127173945
2018-01-27 17:40:18.861;RU;AS121-AS1-20180127173658
2018-01-27 17:40:20.916;VU;AS121-AS1-20180127173658
2018-01-27 17:40:21.938;RC;AS121-AS1-20180127173817
2018-01-27 17:40:23.075;SS;AS121-AS1-20180127173817
2018-01-27 17:41:12.651;RO;AS121-AS1-20180127173945
2018-01-27 17:41:14.343;SP;AS121-AS1-20180127173945
2018-01-27 17:41:16.589;SQ;AS121-AS1-20180127174116
2018-01-27 17:41:46.239;RC;AS121-AS1-20180127173945
2018-01-27 17:41:47.665;SS;AS121-AS1-20180127173945
2018-01-27 17:41:53.364;RU;AS121-AS1-20180127173817
2018-01-27 17:41:55.495;VU;AS121-AS1-20180127173817
2018-01-27 17:42:37.528;RO;AS121-AS1-20180127174116
2018-01-27 17:42:39.369;SP;AS121-AS1-20180127174116
2018-01-27 17:42:41.625;SQ;AS121-AS1-20180127174241
2018-01-27 17:43:19.022;RC;AS121-AS1-20180127174116
2018-01-27 17:43:20.126;SS;AS121-AS1-20180127174116
2018-01-27 17:43:46.370;RU;AS121-AS1-20180127173945
2018-01-27 17:43:48.439;VU;AS121-AS1-20180127173945
2018-01-27 17:44:09.049;RO;AS121-AS1-20180127174241
2018-01-27 17:44:11.453;SP;AS121-AS1-20180127174241
2018-01-27 17:44:14.297;SQ;AS121-AS1-20180127174414
2018-01-27 17:44:51.740;RC;AS121-AS1-20180127174241
2018-01-27 17:44:53.074;SS;AS121-AS1-20180127174241
2018-01-27 17:45:25.139;RU;AS121-AS1-20180127174116
2018-01-27 17:45:27.584;VU;AS121-AS1-20180127174116
2018-01-27 17:45:34.456;RO;AS121-AS1-20180127174414
2018-01-27 17:45:35.786;SP;AS121-AS1-20180127174414
2018-01-27 17:45:38.063;SQ;AS121-AS1-20180127174538
2018-01-27 17:46:22.486;RU;AS121-AS1-20180127174241
2018-01-27 17:46:22.657;RC;AS121-AS1-20180127174414
2018-01-27 17:46:24.592;SS;AS121-AS1-20180127174414
2018-01-27 17:46:25.393;VU;AS121-AS1-20180127174241
2018-01-27 17:46:57.263;RO;AS121-AS1-20180127174538
2018-01-27 17:46:58.459;SP;AS121-AS1-20180127174538
2018-01-27 17:47:00.879;SQ;AS121-AS1-20180127174700
2018-01-27 17:47:45.095;RC;AS121-AS1-20180127174538
2018-01-27 17:47:46.340;SS;AS121-AS1-20180127174538
2018-01-27 17:47:52.329;RU;AS121-AS1-20180127174414
2018-01-27 17:47:54.198;VU;AS121-AS1-20180127174414
2018-01-27 17:48:29.187;RO;AS121-AS1-20180127174700
2018-01-27 17:48:30.711;SP;AS121-AS1-20180127174700
2018-01-27 17:48:33.082;SQ;AS121-AS1-20180127174833
2018-01-27 17:49:08.367;RU;AS121-AS1-20180127174538
2018-01-27 17:49:10.722;RC;AS121-AS1-20180127174700
2018-01-27 17:49:11.400;VU;AS121-AS1-20180127174538
2018-01-27 17:49:11.604;SS;AS121-AS1-20180127174700
2018-01-27 17:50:34.219;RO;AS121-AS1-20180127174833
2018-01-27 17:50:34.829;RU;AS121-AS1-20180127174700
2018-01-27 17:50:35.461;SP;AS121-AS1-20180127174833
2018-01-27 17:50:38.294;VU;AS121-AS1-20180127174700
2018-01-27 17:50:38.474;SQ;AS121-AS1-20180127175038
2018-01-27 17:51:11.598;RC;AS121-AS1-20180127174833
2018-01-27 17:51:13.389;SS;AS121-AS1-20180127174833
2018-01-27 17:52:33.438;RO;AS121-AS1-20180127175038
2018-01-27 17:52:34.813;SP;AS121-AS1-20180127175038
2018-01-27 17:52:37.037;SQ;AS121-AS1-20180127175237
2018-01-27 17:52:38.431;RU;AS121-AS1-20180127174833
2018-01-27 17:52:40.805;VU;AS121-AS1-20180127174833
2018-01-27 17:53:42.067;RO;AS121-AS1-20180127175237
2018-01-27 17:53:43.598;SP;AS121-AS1-20180127175237
2018-01-27 17:53:45.897;SQ;AS121-AS1-20180127175345
2018-01-27 17:53:48.098;RC;AS121-AS1-20180127175038
2018-01-27 17:53:49.355;SS;AS121-AS1-20180127175038
2018-01-27 17:54:17.142;RC;AS121-AS1-20180127175237
2018-01-27 17:54:19.461;SS;AS121-AS1-20180127175237
2018-01-27 17:55:02.142;RO;AS121-AS1-20180127175345
2018-01-27 17:55:02.806;RU;AS121-AS1-20180127175038
2018-01-27 17:55:06.114;SP;AS121-AS1-20180127175345
2018-01-27 17:55:07.442;VU;AS121-AS1-20180127175038
2018-01-27 17:55:08.728;SQ;AS121-AS1-20180127175508
2018-01-27 17:55:35.561;RU;AS121-AS1-20180127175237
2018-01-27 17:55:39.273;VU;AS121-AS1-20180127175237
2018-01-27 17:55:44.699;RC;AS121-AS1-20180127175345
2018-01-27 17:55:46.270;SS;AS121-AS1-20180127175345
2018-01-27 17:57:06.861;RU;AS121-AS1-20180127175345
2018-01-27 17:57:09.325;VU;AS121-AS1-20180127175345
2018-01-27 17:57:23.398;RO;AS121-AS1-20180127175508
2018-01-27 17:57:24.688;SP;AS121-AS1-20180127175508
2018-01-27 17:57:28.991;SQ;AS121-AS1-20180127175728
2018-01-27 17:58:04.496;RC;AS121-AS1-20180127175508
2018-01-27 17:58:05.574;SS;AS121-AS1-20180127175508
2018-01-27 17:58:54.116;RO;AS121-AS1-20180127175728
2018-01-27 17:58:55.493;SP;AS121-AS1-20180127175728
2018-01-27 17:58:58.997;SQ;AS121-AS1-20180127175858
2018-01-27 17:59:07.720;RU;AS121-AS1-20180127175508
2018-01-27 17:59:09.710;VU;AS121-AS1-20180127175508
2018-01-27 17:59:25.579;RC;AS121-AS1-20180127175728
2018-01-27 17:59:26.927;SS;AS121-AS1-20180127175728
2018-01-27 18:00:00.706;RO;AS121-AS1-20180127175858
2018-01-27 18:00:03.252;SP;AS121-AS1-20180127175858
2018-01-27 18:00:05.664;SQ;AS121-AS1-20180127180005
2018-01-27 18:00:30.407;RC;AS121-AS1-20180127175858
2018-01-27 18:00:33.441;SS;AS121-AS1-20180127175858
2018-01-27 18:00:41.267;RU;AS121-AS1-20180127175728
2018-01-27 18:00:44.016;RO;AS121-AS1-20180127180005
2018-01-27 18:00:44.045;VU;AS121-AS1-20180127175728
2018-01-27 18:00:47.283;SP;AS121-AS1-20180127180005
2018-01-27 18:00:58.743;RU;AS121-AS1-20180127175858
2018-01-27 18:00:58.783;RC;AS121-AS1-20180127180005
2018-01-27 18:01:00.905;SS;AS121-AS1-20180127180005
2018-01-27 18:01:01.820;VU;AS121-AS1-20180127175858
2018-01-27 18:01:09.318;RU;AS121-AS1-20180127180005
2018-01-27 18:01:24.450;VU;AS121-AS1-20180127180005
