2018-01-27 17:18:29.465;SQ;AS148-AS1-20180127171829
2018-01-27 17:18:33.858;RO;AS148-AS1-20180127171829
2018-01-27 17:18:34.833;SP;AS148-AS1-20180127171829
2018-01-27 17:18:36.520;SQ;AS148-AS1-20180127171836
2018-01-27 17:18:47.995;RC;AS148-AS1-20180127171829
2018-01-27 17:18:48.879;SS;AS148-AS1-20180127171829
2018-01-27 17:19:10.296;RO;AS148-AS1-20180127171836
2018-01-27 17:19:11.425;SP;AS148-AS1-20180127171836
2018-01-27 17:19:13.562;SQ;AS148-AS1-20180127171913
2018-01-27 17:19:40.424;RC;AS148-AS1-20180127171836
2018-01-27 17:19:41.264;SS;AS148-AS1-20180127171836
2018-01-27 17:19:44.902;RU;AS148-AS1-20180127171829
2018-01-27 17:19:46.768;VU;AS148-AS1-20180127171829
2018-01-27 17:20:18.558;RO;AS148-AS1-20180127171913
2018-01-27 17:20:19.516;SP;AS148-AS1-20180127171913
2018-01-27 17:20:21.192;SQ;AS148-AS1-20180127172021
2018-01-27 17:20:40.517;RC;AS148-AS1-20180127171913
2018-01-27 17:20:41.368;SS;AS148-AS1-20180127171913
2018-01-27 17:20:54.820;RU;AS148-AS1-20180127171836
2018-01-27 17:21:40.727;RO;AS148-AS1-20180127172021
2018-01-27 17:21:42.105;SP;AS148-AS1-20180127172021
2018-01-27 17:21:44.686;SQ;AS148-AS1-20180127172144
2018-01-27 17:22:00.869;RU;AS148-AS1-20180127171913
2018-01-27 17:22:03.358;VU;AS148-AS1-20180127171913
2018-01-27 17:23:01.555;RC;AS148-AS1-20180127172021
2018-01-27 17:23:02.746;SS;AS148-AS1-20180127172021
2018-01-27 17:23:05.303;RO;AS148-AS1-20180127172144
2018-01-27 17:23:06.200;SP;AS148-AS1-20180127172144
2018-01-27 17:23:09.066;SQ;AS148-AS1-20180127172309
2018-01-27 17:23:51.113;RC;AS148-AS1-20180127172144
2018-01-27 17:23:52.291;SS;AS148-AS1-20180127172144
2018-01-27 17:24:20.484;RO;AS148-AS1-20180127172309
2018-01-27 17:24:21.686;SP;AS148-AS1-20180127172309
2018-01-27 17:24:24.218;SQ;AS148-AS1-20180127172424
2018-01-27 17:24:31.740;RU;AS148-AS1-20180127172021
2018-01-27 17:24:33.715;VU;AS148-AS1-20180127172021
2018-01-27 17:25:08.111;RC;AS148-AS1-20180127172309
2018-01-27 17:25:08.973;SS;AS148-AS1-20180127172309
2018-01-27 17:25:13.946;RU;AS148-AS1-20180127172144
2018-01-27 17:25:16.590;VU;AS148-AS1-20180127172144
2018-01-27 17:25:42.490;RO;AS148-AS1-20180127172424
2018-01-27 17:25:44.837;SP;AS148-AS1-20180127172424
2018-01-27 17:25:48.173;SQ;AS148-AS1-20180127172548
2018-01-27 17:26:28.165;RC;AS148-AS1-20180127172424
2018-01-27 17:26:28.523;RU;AS148-AS1-20180127172309
2018-01-27 17:26:29.609;SS;AS148-AS1-20180127172424
2018-01-27 17:26:31.383;VU;AS148-AS1-20180127172309
2018-01-27 17:27:09.899;RO;AS148-AS1-20180127172548
2018-01-27 17:27:11.167;SP;AS148-AS1-20180127172548
2018-01-27 17:27:13.774;SQ;AS148-AS1-20180127172713
2018-01-27 17:27:48.413;RU;AS148-AS1-20180127172424
2018-01-27 17:27:51.292;VU;AS148-AS1-20180127172424
2018-01-27 17:27:54.606;RC;AS148-AS1-20180127172548
2018-01-27 17:27:55.844;SS;AS148-AS1-20180127172548
2018-01-27 17:28:31.711;RO;AS148-AS1-20180127172713
2018-01-27 17:28:33.005;SP;AS148-AS1-20180127172713
2018-01-27 17:28:35.641;SQ;AS148-AS1-20180127172835
2018-01-27 17:29:18.083;RC;AS148-AS1-20180127172713
2018-01-27 17:29:18.537;RU;AS148-AS1-20180127172548
2018-01-27 17:29:19.802;SS;AS148-AS1-20180127172713
2018-01-27 17:29:21.766;VU;AS148-AS1-20180127172548
2018-01-27 17:29:59.414;RO;AS148-AS1-20180127172835
2018-01-27 17:30:01.075;SP;AS148-AS1-20180127172835
2018-01-27 17:30:03.782;SQ;AS148-AS1-20180127173003
2018-01-27 17:30:37.008;RC;AS148-AS1-20180127172835
2018-01-27 17:30:38.161;SS;AS148-AS1-20180127172835
2018-01-27 17:30:50.314;RU;AS148-AS1-20180127172713
2018-01-27 17:30:52.795;VU;AS148-AS1-20180127172713
2018-01-27 17:31:20.889;RO;AS148-AS1-20180127173003
2018-01-27 17:31:21.998;SP;AS148-AS1-20180127173003
2018-01-27 17:31:24.467;SQ;AS148-AS1-20180127173124
2018-01-27 17:32:04.576;RC;AS148-AS1-20180127173003
2018-01-27 17:32:05.504;SS;AS148-AS1-20180127173003
2018-01-27 17:32:06.491;RU;AS148-AS1-20180127172835
2018-01-27 17:32:08.488;VU;AS148-AS1-20180127172835
2018-01-27 17:32:47.343;RO;AS148-AS1-20180127173124
2018-01-27 17:32:48.812;SP;AS148-AS1-20180127173124
2018-01-27 17:32:51.398;SQ;AS148-AS1-20180127173251
2018-01-27 17:33:29.293;RC;AS148-AS1-20180127173124
2018-01-27 17:33:30.150;SS;AS148-AS1-20180127173124
2018-01-27 17:34:13.049;RU;AS148-AS1-20180127173003
2018-01-27 17:34:15.797;VU;AS148-AS1-20180127173003
2018-01-27 17:34:15.803;RO;AS148-AS1-20180127173251
2018-01-27 17:34:17.533;SP;AS148-AS1-20180127173251
2018-01-27 17:34:21.621;SQ;AS148-AS1-20180127173421
2018-01-27 17:34:48.438;RU;AS148-AS1-20180127173124
2018-01-27 17:34:51.420;VU;AS148-AS1-20180127173124
2018-01-27 17:34:56.521;RC;AS148-AS1-20180127173251
2018-01-27 17:34:57.410;SS;AS148-AS1-20180127173251
2018-01-27 17:35:47.247;RO;AS148-AS1-20180127173421
2018-01-27 17:35:49.168;SP;AS148-AS1-20180127173421
2018-01-27 17:35:53.375;SQ;AS148-AS1-20180127173553
2018-01-27 17:36:32.541;RU;AS148-AS1-20180127173251
2018-01-27 17:36:33.102;RC;AS148-AS1-20180127173421
2018-01-27 17:36:34.659;VU;AS148-AS1-20180127173251
2018-01-27 17:36:35.017;SS;AS148-AS1-20180127173421
2018-01-27 17:37:06.857;RO;AS148-AS1-20180127173553
2018-01-27 17:37:09.326;SP;AS148-AS1-20180127173553
2018-01-27 17:37:11.790;SQ;AS148-AS1-20180127173711
2018-01-27 17:37:49.890;RC;AS148-AS1-20180127173553
2018-01-27 17:37:51.566;SS;AS148-AS1-20180127173553
2018-01-27 17:38:02.743;RU;AS148-AS1-20180127173421
2018-01-27 17:38:05.341;VU;AS148-AS1-20180127173421
2018-01-27 17:38:28.623;RO;AS148-AS1-20180127173711
2018-01-27 17:38:29.901;SP;AS148-AS1-20180127173711
2018-01-27 17:38:32.321;SQ;AS148-AS1-20180127173832
2018-01-27 17:39:13.029;RC;AS148-AS1-20180127173711
2018-01-27 17:39:14.613;SS;AS148-AS1-20180127173711
2018-01-27 17:39:21.687;RU;AS148-AS1-20180127173553
2018-01-27 17:39:23.655;VU;AS148-AS1-20180127173553
2018-01-27 17:40:33.027;RU;AS148-AS1-20180127173711
2018-01-27 17:40:36.352;VU;AS148-AS1-20180127173711
2018-01-27 17:40:37.744;RO;AS148-AS1-20180127173832
2018-01-27 17:40:39.537;SP;AS148-AS1-20180127173832
2018-01-27 17:40:41.833;SQ;AS148-AS1-20180127174041
2018-01-27 17:41:14.911;RC;AS148-AS1-20180127173832
2018-01-27 17:41:15.977;SS;AS148-AS1-20180127173832
2018-01-27 17:42:07.558;RO;AS148-AS1-20180127174041
2018-01-27 17:42:09.612;SP;AS148-AS1-20180127174041
2018-01-27 17:42:12.212;SQ;AS148-AS1-20180127174212
2018-01-27 17:42:30.227;RU;AS148-AS1-20180127173832
2018-01-27 17:42:32.295;VU;AS148-AS1-20180127173832
2018-01-27 17:42:54.858;RC;AS148-AS1-20180127174041
2018-01-27 17:42:56.065;SS;AS148-AS1-20180127174041
2018-01-27 17:43:22.223;RO;AS148-AS1-20180127174212
2018-01-27 17:43:25.019;SP;AS148-AS1-20180127174212
2018-01-27 17:43:27.422;SQ;AS148-AS1-20180127174327
2018-01-27 17:44:07.603;RC;AS148-AS1-20180127174212
2018-01-27 17:44:09.249;SS;AS148-AS1-20180127174212
2018-01-27 17:44:18.845;RU;AS148-AS1-20180127174041
2018-01-27 17:44:20.996;VU;AS148-AS1-20180127174041
2018-01-27 17:44:51.753;RO;AS148-AS1-20180127174327
2018-01-27 17:44:52.911;SP;AS148-AS1-20180127174327
2018-01-27 17:44:55.517;SQ;AS148-AS1-20180127174455
2018-01-27 17:45:30.689;RC;AS148-AS1-20180127174327
2018-01-27 17:45:31.596;SS;AS148-AS1-20180127174327
2018-01-27 17:46:06.851;RU;AS148-AS1-20180127174212
2018-01-27 17:46:09.277;VU;AS148-AS1-20180127174212
2018-01-27 17:46:14.094;RO;AS148-AS1-20180127174455
2018-01-27 17:46:17.015;SP;AS148-AS1-20180127174455
2018-01-27 17:46:19.414;SQ;AS148-AS1-20180127174619
2018-01-27 17:46:55.819;RU;AS148-AS1-20180127174327
2018-01-27 17:46:58.370;VU;AS148-AS1-20180127174327
2018-01-27 17:47:00.305;RC;AS148-AS1-20180127174455
2018-01-27 17:47:02.161;SS;AS148-AS1-20180127174455
2018-01-27 17:48:29.196;RO;AS148-AS1-20180127174619
2018-01-27 17:48:30.790;SP;AS148-AS1-20180127174619
2018-01-27 17:48:33.235;SQ;AS148-AS1-20180127174833
2018-01-27 17:49:02.124;RU;AS148-AS1-20180127174455
2018-01-27 17:49:04.605;VU;AS148-AS1-20180127174455
2018-01-27 17:49:10.731;RC;AS148-AS1-20180127174619
2018-01-27 17:49:11.814;SS;AS148-AS1-20180127174619
2018-01-27 17:50:28.877;RO;AS148-AS1-20180127174833
2018-01-27 17:50:29.752;SP;AS148-AS1-20180127174833
2018-01-27 17:50:32.389;SQ;AS148-AS1-20180127175032
2018-01-27 17:50:43.886;RU;AS148-AS1-20180127174619
2018-01-27 17:50:45.946;VU;AS148-AS1-20180127174619
2018-01-27 17:51:12.421;RC;AS148-AS1-20180127174833
2018-01-27 17:51:14.475;SS;AS148-AS1-20180127174833
2018-01-27 17:51:46.341;RO;AS148-AS1-20180127175032
2018-01-27 17:51:47.849;SP;AS148-AS1-20180127175032
2018-01-27 17:51:50.478;SQ;AS148-AS1-20180127175150
2018-01-27 17:52:25.434;RC;AS148-AS1-20180127175032
2018-01-27 17:52:26.419;SS;AS148-AS1-20180127175032
2018-01-27 17:52:38.712;RU;AS148-AS1-20180127174833
2018-01-27 17:52:40.697;VU;AS148-AS1-20180127174833
2018-01-27 17:53:02.007;RO;AS148-AS1-20180127175150
2018-01-27 17:53:03.394;SP;AS148-AS1-20180127175150
2018-01-27 17:53:05.914;SQ;AS148-AS1-20180127175305
2018-01-27 17:53:42.301;RU;AS148-AS1-20180127175032
2018-01-27 17:53:43.236;RC;AS148-AS1-20180127175150
2018-01-27 17:53:44.203;VU;AS148-AS1-20180127175032
2018-01-27 17:53:44.754;SS;AS148-AS1-20180127175150
2018-01-27 17:54:14.942;RO;AS148-AS1-20180127175305
2018-01-27 17:54:16.503;SP;AS148-AS1-20180127175305
2018-01-27 17:54:20.680;SQ;AS148-AS1-20180127175420
2018-01-27 17:55:00.152;RC;AS148-AS1-20180127175305
2018-01-27 17:55:01.769;SS;AS148-AS1-20180127175305
2018-01-27 17:55:04.277;RU;AS148-AS1-20180127175150
2018-01-27 17:55:07.275;VU;AS148-AS1-20180127175150
2018-01-27 17:55:36.315;RO;AS148-AS1-20180127175420
2018-01-27 17:55:38.907;SP;AS148-AS1-20180127175420
2018-01-27 17:55:41.308;SQ;AS148-AS1-20180127175541
2018-01-27 17:56:07.253;RU;AS148-AS1-20180127175305
2018-01-27 17:56:10.378;VU;AS148-AS1-20180127175305
2018-01-27 17:56:16.135;RC;AS148-AS1-20180127175420
2018-01-27 17:56:17.717;SS;AS148-AS1-20180127175420
2018-01-27 17:57:02.315;RO;AS148-AS1-20180127175541
2018-01-27 17:57:03.698;SP;AS148-AS1-20180127175541
2018-01-27 17:57:06.298;SQ;AS148-AS1-20180127175706
2018-01-27 17:57:38.435;RC;AS148-AS1-20180127175541
2018-01-27 17:57:40.614;SS;AS148-AS1-20180127175541
2018-01-27 17:57:43.245;RU;AS148-AS1-20180127175420
2018-01-27 17:57:45.456;VU;AS148-AS1-20180127175420
2018-01-27 17:58:16.751;RO;AS148-AS1-20180127175706
2018-01-27 17:58:18.398;SP;AS148-AS1-20180127175706
2018-01-27 17:58:20.805;SQ;AS148-AS1-20180127175820
2018-01-27 17:58:54.125;RC;AS148-AS1-20180127175706
2018-01-27 17:58:55.234;SS;AS148-AS1-20180127175706
2018-01-27 17:58:56.512;RU;AS148-AS1-20180127175541
2018-01-27 17:58:58.753;VU;AS148-AS1-20180127175541
2018-01-27 17:59:23.955;RO;AS148-AS1-20180127175820
2018-01-27 17:59:25.383;SP;AS148-AS1-20180127175820
2018-01-27 17:59:56.198;RC;AS148-AS1-20180127175820
2018-01-27 17:59:57.433;SS;AS148-AS1-20180127175820
2018-01-27 18:00:03.012;RU;AS148-AS1-20180127175706
2018-01-27 18:00:04.889;VU;AS148-AS1-20180127175706
2018-01-27 18:00:41.562;RU;AS148-AS1-20180127175820
2018-01-27 18:00:44.765;VU;AS148-AS1-20180127175820
