2018-01-27 17:18:32.256;SQ;AS157-AS1-20180127171832
2018-01-27 17:18:55.822;RO;AS157-AS1-20180127171832
2018-01-27 17:18:57.122;SP;AS157-AS1-20180127171832
2018-01-27 17:18:58.766;SQ;AS157-AS1-20180127171858
2018-01-27 17:19:21.437;RC;AS157-AS1-20180127171832
2018-01-27 17:19:22.229;SS;AS157-AS1-20180127171832
2018-01-27 17:19:54.400;RO;AS157-AS1-20180127171858
2018-01-27 17:19:55.625;SP;AS157-AS1-20180127171858
2018-01-27 17:19:57.216;SQ;AS157-AS1-20180127171957
2018-01-27 17:20:31.209;RU;AS157-AS1-20180127171832
2018-01-27 17:20:32.239;RC;AS157-AS1-20180127171858
2018-01-27 17:20:32.988;VU;AS157-AS1-20180127171832
2018-01-27 17:20:33.237;SS;AS157-AS1-20180127171858
2018-01-27 17:21:13.092;RO;AS157-AS1-20180127171957
2018-01-27 17:21:14.097;SP;AS157-AS1-20180127171957
2018-01-27 17:21:15.722;SQ;AS157-AS1-20180127172115
2018-01-27 17:21:48.996;RU;AS157-AS1-20180127171858
2018-01-27 17:21:50.809;VU;AS157-AS1-20180127171858
2018-01-27 17:21:53.438;RC;AS157-AS1-20180127171957
2018-01-27 17:21:54.227;SS;AS157-AS1-20180127171957
2018-01-27 17:22:32.653;RO;AS157-AS1-20180127172115
2018-01-27 17:22:33.583;SP;AS157-AS1-20180127172115
2018-01-27 17:22:35.183;SQ;AS157-AS1-20180127172235
2018-01-27 17:23:15.292;RC;AS157-AS1-20180127172115
2018-01-27 17:23:16.087;SS;AS157-AS1-20180127172115
2018-01-27 17:23:22.064;RU;AS157-AS1-20180127171957
2018-01-27 17:23:23.867;VU;AS157-AS1-20180127171957
2018-01-27 17:23:53.300;RO;AS157-AS1-20180127172235
2018-01-27 17:23:54.557;SP;AS157-AS1-20180127172235
2018-01-27 17:23:57.568;SQ;AS157-AS1-20180127172357
2018-01-27 17:24:16.005;RC;AS157-AS1-20180127172235
2018-01-27 17:24:16.814;SS;AS157-AS1-20180127172235
2018-01-27 17:24:38.569;RU;AS157-AS1-20180127172115
2018-01-27 17:24:40.361;VU;AS157-AS1-20180127172115
2018-01-27 17:25:16.227;RO;AS157-AS1-20180127172357
2018-01-27 17:25:17.461;SP;AS157-AS1-20180127172357
2018-01-27 17:25:19.073;SQ;AS157-AS1-20180127172519
2018-01-27 17:25:49.175;RU;AS157-AS1-20180127172235
2018-01-27 17:25:50.967;VU;AS157-AS1-20180127172235
2018-01-27 17:26:09.627;RC;AS157-AS1-20180127172357
2018-01-27 17:26:10.413;SS;AS157-AS1-20180127172357
2018-01-27 17:26:50.202;RO;AS157-AS1-20180127172519
2018-01-27 17:26:51.463;SP;AS157-AS1-20180127172519
2018-01-27 17:26:53.046;SQ;AS157-AS1-20180127172653
2018-01-27 17:27:31.077;RU;AS157-AS1-20180127172357
2018-01-27 17:27:32.868;VU;AS157-AS1-20180127172357
2018-01-27 17:27:36.485;RC;AS157-AS1-20180127172519
2018-01-27 17:27:37.294;SS;AS157-AS1-20180127172519
2018-01-27 17:28:03.238;RO;AS157-AS1-20180127172653
2018-01-27 17:28:04.534;SP;AS157-AS1-20180127172653
2018-01-27 17:28:07.841;SQ;AS157-AS1-20180127172807
2018-01-27 17:28:46.755;RC;AS157-AS1-20180127172653
2018-01-27 17:28:47.572;SS;AS157-AS1-20180127172653
2018-01-27 17:29:04.413;RU;AS157-AS1-20180127172519
2018-01-27 17:29:06.193;VU;AS157-AS1-20180127172519
2018-01-27 17:29:25.947;RO;AS157-AS1-20180127172807
2018-01-27 17:29:27.223;SP;AS157-AS1-20180127172807
2018-01-27 17:29:28.812;SQ;AS157-AS1-20180127172928
2018-01-27 17:30:06.477;RC;AS157-AS1-20180127172807
2018-01-27 17:30:07.291;SS;AS157-AS1-20180127172807
2018-01-27 17:30:20.581;RU;AS157-AS1-20180127172653
2018-01-27 17:30:22.373;VU;AS157-AS1-20180127172653
2018-01-27 17:30:36.599;RO;AS157-AS1-20180127172928
2018-01-27 17:30:37.678;SP;AS157-AS1-20180127172928
2018-01-27 17:30:40.565;SQ;AS157-AS1-20180127173040
2018-01-27 17:31:37.547;RU;AS157-AS1-20180127172807
2018-01-27 17:31:39.319;VU;AS157-AS1-20180127172807
2018-01-27 17:31:42.015;RC;AS157-AS1-20180127172928
2018-01-27 17:31:43.452;SS;AS157-AS1-20180127172928
2018-01-27 17:32:06.696;RO;AS157-AS1-20180127173040
2018-01-27 17:32:07.958;SP;AS157-AS1-20180127173040
2018-01-27 17:32:09.603;SQ;AS157-AS1-20180127173209
2018-01-27 17:32:52.277;RC;AS157-AS1-20180127173040
2018-01-27 17:32:53.056;SS;AS157-AS1-20180127173040
2018-01-27 17:33:06.093;RU;AS157-AS1-20180127172928
2018-01-27 17:33:07.912;VU;AS157-AS1-20180127172928
2018-01-27 17:33:24.359;RO;AS157-AS1-20180127173209
2018-01-27 17:33:25.487;SP;AS157-AS1-20180127173209
2018-01-27 17:33:27.095;SQ;AS157-AS1-20180127173327
2018-01-27 17:34:02.841;RU;AS157-AS1-20180127173040
2018-01-27 17:34:03.614;RC;AS157-AS1-20180127173209
2018-01-27 17:34:05.744;SS;AS157-AS1-20180127173209
2018-01-27 17:34:06.404;VU;AS157-AS1-20180127173040
2018-01-27 17:34:54.348;RO;AS157-AS1-20180127173327
2018-01-27 17:34:55.480;SP;AS157-AS1-20180127173327
2018-01-27 17:34:57.062;SQ;AS157-AS1-20180127173457
2018-01-27 17:35:28.453;RU;AS157-AS1-20180127173209
2018-01-27 17:35:30.244;VU;AS157-AS1-20180127173209
2018-01-27 17:35:37.352;RC;AS157-AS1-20180127173327
2018-01-27 17:35:38.170;SS;AS157-AS1-20180127173327
2018-01-27 17:36:14.817;RO;AS157-AS1-20180127173457
2018-01-27 17:36:15.953;SP;AS157-AS1-20180127173457
2018-01-27 17:36:17.554;SQ;AS157-AS1-20180127173617
2018-01-27 17:37:01.084;RC;AS157-AS1-20180127173457
2018-01-27 17:37:01.876;SS;AS157-AS1-20180127173457
2018-01-27 17:37:02.374;RU;AS157-AS1-20180127173327
2018-01-27 17:37:04.177;VU;AS157-AS1-20180127173327
2018-01-27 17:37:46.170;RO;AS157-AS1-20180127173617
2018-01-27 17:37:47.434;SP;AS157-AS1-20180127173617
2018-01-27 17:37:49.027;SQ;AS157-AS1-20180127173749
2018-01-27 17:38:25.491;RC;AS157-AS1-20180127173617
2018-01-27 17:38:26.923;SS;AS157-AS1-20180127173617
2018-01-27 17:38:28.356;RU;AS157-AS1-20180127173457
2018-01-27 17:38:30.134;VU;AS157-AS1-20180127173457
2018-01-27 17:39:04.566;RO;AS157-AS1-20180127173749
2018-01-27 17:39:05.401;SP;AS157-AS1-20180127173749
2018-01-27 17:39:07.017;SQ;AS157-AS1-20180127173907
2018-01-27 17:39:40.677;RC;AS157-AS1-20180127173749
2018-01-27 17:39:41.465;SS;AS157-AS1-20180127173749
2018-01-27 17:39:55.385;RU;AS157-AS1-20180127173617
2018-01-27 17:39:57.156;VU;AS157-AS1-20180127173617
2018-01-27 17:40:32.560;RO;AS157-AS1-20180127173907
2018-01-27 17:40:34.348;SP;AS157-AS1-20180127173907
2018-01-27 17:40:35.936;SQ;AS157-AS1-20180127174035
2018-01-27 17:41:12.560;RU;AS157-AS1-20180127173749
2018-01-27 17:41:14.378;VU;AS157-AS1-20180127173749
2018-01-27 17:41:15.892;RC;AS157-AS1-20180127173907
2018-01-27 17:41:16.684;SS;AS157-AS1-20180127173907
2018-01-27 17:41:49.095;RO;AS157-AS1-20180127174035
2018-01-27 17:41:50.966;SP;AS157-AS1-20180127174035
2018-01-27 17:41:53.606;SQ;AS157-AS1-20180127174153
2018-01-27 17:42:31.090;RU;AS157-AS1-20180127173907
2018-01-27 17:42:32.872;VU;AS157-AS1-20180127173907
2018-01-27 17:42:33.533;RC;AS157-AS1-20180127174035
2018-01-27 17:42:34.323;SS;AS157-AS1-20180127174035
2018-01-27 17:43:23.098;RO;AS157-AS1-20180127174153
2018-01-27 17:43:23.993;SP;AS157-AS1-20180127174153
2018-01-27 17:43:25.574;SQ;AS157-AS1-20180127174325
2018-01-27 17:43:53.099;RU;AS157-AS1-20180127174035
2018-01-27 17:43:55.187;VU;AS157-AS1-20180127174035
2018-01-27 17:44:06.614;RC;AS157-AS1-20180127174153
2018-01-27 17:44:07.405;SS;AS157-AS1-20180127174153
2018-01-27 17:44:51.744;RO;AS157-AS1-20180127174325
2018-01-27 17:44:52.959;SP;AS157-AS1-20180127174325
2018-01-27 17:44:54.520;SQ;AS157-AS1-20180127174454
2018-01-27 17:45:24.721;RU;AS157-AS1-20180127174153
2018-01-27 17:45:26.522;VU;AS157-AS1-20180127174153
2018-01-27 17:45:30.679;RC;AS157-AS1-20180127174325
2018-01-27 17:45:31.485;SS;AS157-AS1-20180127174325
2018-01-27 17:46:13.919;RO;AS157-AS1-20180127174454
2018-01-27 17:46:15.809;SP;AS157-AS1-20180127174454
2018-01-27 17:46:17.842;SQ;AS157-AS1-20180127174617
2018-01-27 17:46:54.793;RU;AS157-AS1-20180127174325
2018-01-27 17:46:56.588;VU;AS157-AS1-20180127174325
2018-01-27 17:46:58.785;RC;AS157-AS1-20180127174454
2018-01-27 17:46:59.576;SS;AS157-AS1-20180127174454
2018-01-27 17:47:34.852;RO;AS157-AS1-20180127174617
2018-01-27 17:47:35.809;SP;AS157-AS1-20180127174617
2018-01-27 17:47:37.384;SQ;AS157-AS1-20180127174737
2018-01-27 17:48:14.189;RC;AS157-AS1-20180127174617
2018-01-27 17:48:14.976;SS;AS157-AS1-20180127174617
2018-01-27 17:48:20.163;RU;AS157-AS1-20180127174454
2018-01-27 17:48:22.377;VU;AS157-AS1-20180127174454
2018-01-27 17:49:01.166;RO;AS157-AS1-20180127174737
2018-01-27 17:49:02.267;SP;AS157-AS1-20180127174737
2018-01-27 17:49:03.851;SQ;AS157-AS1-20180127174903
2018-01-27 17:49:30.772;RC;AS157-AS1-20180127174737
2018-01-27 17:49:31.560;SS;AS157-AS1-20180127174737
2018-01-27 17:49:34.483;RU;AS157-AS1-20180127174617
2018-01-27 17:49:36.270;VU;AS157-AS1-20180127174617
2018-01-27 17:50:22.827;RO;AS157-AS1-20180127174903
2018-01-27 17:50:23.719;SP;AS157-AS1-20180127174903
2018-01-27 17:50:25.894;SQ;AS157-AS1-20180127175025
2018-01-27 17:50:50.474;RC;AS157-AS1-20180127174903
2018-01-27 17:50:51.244;SS;AS157-AS1-20180127174903
2018-01-27 17:50:52.320;RU;AS157-AS1-20180127174737
2018-01-27 17:50:54.091;VU;AS157-AS1-20180127174737
2018-01-27 17:51:38.977;RO;AS157-AS1-20180127175025
2018-01-27 17:51:40.285;SP;AS157-AS1-20180127175025
2018-01-27 17:51:41.900;SQ;AS157-AS1-20180127175141
2018-01-27 17:52:25.160;RC;AS157-AS1-20180127175025
2018-01-27 17:52:25.161;RU;AS157-AS1-20180127174903
2018-01-27 17:52:26.781;SS;AS157-AS1-20180127175025
2018-01-27 17:52:27.780;VU;AS157-AS1-20180127174903
2018-01-27 17:53:02.222;RO;AS157-AS1-20180127175141
2018-01-27 17:53:03.299;SP;AS157-AS1-20180127175141
2018-01-27 17:53:04.883;SQ;AS157-AS1-20180127175304
2018-01-27 17:53:42.212;RC;AS157-AS1-20180127175141
2018-01-27 17:53:43.014;SS;AS157-AS1-20180127175141
2018-01-27 17:53:54.338;RU;AS157-AS1-20180127175025
2018-01-27 17:53:56.111;VU;AS157-AS1-20180127175025
2018-01-27 17:54:17.396;RO;AS157-AS1-20180127175304
2018-01-27 17:54:19.216;SP;AS157-AS1-20180127175304
2018-01-27 17:54:21.455;SQ;AS157-AS1-20180127175421
2018-01-27 17:55:01.617;RU;AS157-AS1-20180127175141
2018-01-27 17:55:03.408;VU;AS157-AS1-20180127175141
2018-01-27 17:55:04.855;RC;AS157-AS1-20180127175304
2018-01-27 17:55:05.672;SS;AS157-AS1-20180127175304
2018-01-27 17:55:38.845;RO;AS157-AS1-20180127175421
2018-01-27 17:55:39.837;SP;AS157-AS1-20180127175421
2018-01-27 17:55:41.404;SQ;AS157-AS1-20180127175541
2018-01-27 17:56:06.474;RC;AS157-AS1-20180127175421
2018-01-27 17:56:08.354;SS;AS157-AS1-20180127175421
2018-01-27 17:56:21.227;RU;AS157-AS1-20180127175304
2018-01-27 17:56:23.528;VU;AS157-AS1-20180127175304
2018-01-27 17:57:02.783;RO;AS157-AS1-20180127175541
2018-01-27 17:57:03.794;SP;AS157-AS1-20180127175541
2018-01-27 17:57:05.412;SQ;AS157-AS1-20180127175705
2018-01-27 17:57:27.533;RU;AS157-AS1-20180127175421
2018-01-27 17:57:29.338;VU;AS157-AS1-20180127175421
2018-01-27 17:57:42.825;RC;AS157-AS1-20180127175541
2018-01-27 17:57:43.621;SS;AS157-AS1-20180127175541
2018-01-27 17:58:23.611;RO;AS157-AS1-20180127175705
2018-01-27 17:58:24.763;SP;AS157-AS1-20180127175705
2018-01-27 17:59:01.177;RC;AS157-AS1-20180127175705
2018-01-27 17:59:01.992;SS;AS157-AS1-20180127175705
2018-01-27 17:59:03.941;RU;AS157-AS1-20180127175541
2018-01-27 17:59:05.710;VU;AS157-AS1-20180127175541
2018-01-27 18:00:13.543;RU;AS157-AS1-20180127175705
2018-01-27 18:00:15.344;VU;AS157-AS1-20180127175705
