2018-01-27 17:18:44.169;SQ;AS155-AS1-20180127171844
2018-01-27 17:19:29.006;RO;AS155-AS1-20180127171844
2018-01-27 17:19:30.067;SP;AS155-AS1-20180127171844
2018-01-27 17:19:31.748;SQ;AS155-AS1-20180127171931
2018-01-27 17:20:01.233;RC;AS155-AS1-20180127171844
2018-01-27 17:20:02.576;SS;AS155-AS1-20180127171844
2018-01-27 17:20:44.737;RO;AS155-AS1-20180127171931
2018-01-27 17:20:45.703;SP;AS155-AS1-20180127171931
2018-01-27 17:20:47.414;SQ;AS155-AS1-20180127172047
2018-01-27 17:21:27.926;RC;AS155-AS1-20180127171931
2018-01-27 17:21:28.105;RU;AS155-AS1-20180127171844
2018-01-27 17:21:29.454;SS;AS155-AS1-20180127171931
2018-01-27 17:21:30.661;VU;AS155-AS1-20180127171844
2018-01-27 17:22:06.927;RO;AS155-AS1-20180127172047
2018-01-27 17:22:08.856;SP;AS155-AS1-20180127172047
2018-01-27 17:22:11.142;SQ;AS155-AS1-20180127172211
2018-01-27 17:22:43.463;RU;AS155-AS1-20180127171931
2018-01-27 17:22:45.318;VU;AS155-AS1-20180127171931
2018-01-27 17:22:54.004;RC;AS155-AS1-20180127172047
2018-01-27 17:22:55.474;SS;AS155-AS1-20180127172047
2018-01-27 17:23:39.926;RO;AS155-AS1-20180127172211
2018-01-27 17:23:42.013;SP;AS155-AS1-20180127172211
2018-01-27 17:23:44.598;SQ;AS155-AS1-20180127172344
2018-01-27 17:24:13.184;RU;AS155-AS1-20180127172047
2018-01-27 17:24:15.048;VU;AS155-AS1-20180127172047
2018-01-27 17:24:21.329;RC;AS155-AS1-20180127172211
2018-01-27 17:24:22.170;SS;AS155-AS1-20180127172211
2018-01-27 17:25:09.202;RO;AS155-AS1-20180127172344
2018-01-27 17:25:10.555;SP;AS155-AS1-20180127172344
2018-01-27 17:25:12.835;SQ;AS155-AS1-20180127172512
2018-01-27 17:25:49.749;RC;AS155-AS1-20180127172344
2018-01-27 17:25:50.635;SS;AS155-AS1-20180127172344
2018-01-27 17:25:52.469;RU;AS155-AS1-20180127172211
2018-01-27 17:25:54.331;VU;AS155-AS1-20180127172211
2018-01-27 17:26:30.224;RO;AS155-AS1-20180127172512
2018-01-27 17:26:31.286;SP;AS155-AS1-20180127172512
2018-01-27 17:26:34.206;SQ;AS155-AS1-20180127172634
2018-01-27 17:27:11.968;RC;AS155-AS1-20180127172512
2018-01-27 17:27:12.833;SS;AS155-AS1-20180127172512
2018-01-27 17:27:13.122;RU;AS155-AS1-20180127172344
2018-01-27 17:27:14.997;VU;AS155-AS1-20180127172344
2018-01-27 17:27:47.181;RO;AS155-AS1-20180127172634
2018-01-27 17:27:48.160;SP;AS155-AS1-20180127172634
2018-01-27 17:27:50.606;SQ;AS155-AS1-20180127172750
2018-01-27 17:28:30.822;RU;AS155-AS1-20180127172512
2018-01-27 17:28:31.801;RC;AS155-AS1-20180127172634
2018-01-27 17:28:32.658;SS;AS155-AS1-20180127172634
2018-01-27 17:28:32.683;VU;AS155-AS1-20180127172512
2018-01-27 17:29:08.099;RO;AS155-AS1-20180127172750
2018-01-27 17:29:09.596;SP;AS155-AS1-20180127172750
2018-01-27 17:29:11.319;SQ;AS155-AS1-20180127172911
2018-01-27 17:29:46.245;RU;AS155-AS1-20180127172634
2018-01-27 17:29:47.095;RC;AS155-AS1-20180127172750
2018-01-27 17:29:47.985;SS;AS155-AS1-20180127172750
2018-01-27 17:30:35.373;RO;AS155-AS1-20180127172911
2018-01-27 17:30:36.289;SP;AS155-AS1-20180127172911
2018-01-27 17:30:40.227;SQ;AS155-AS1-20180127173040
2018-01-27 17:31:09.875;RU;AS155-AS1-20180127172750
2018-01-27 17:31:11.924;VU;AS155-AS1-20180127172750
2018-01-27 17:31:21.315;RC;AS155-AS1-20180127172911
2018-01-27 17:31:22.888;SS;AS155-AS1-20180127172911
2018-01-27 17:32:05.970;RO;AS155-AS1-20180127173040
2018-01-27 17:32:07.625;SP;AS155-AS1-20180127173040
2018-01-27 17:32:10.109;SQ;AS155-AS1-20180127173210
2018-01-27 17:32:37.873;RU;AS155-AS1-20180127172911
2018-01-27 17:32:44.540;RC;AS155-AS1-20180127173040
2018-01-27 17:32:47.776;SS;AS155-AS1-20180127173040
2018-01-27 17:33:24.408;RO;AS155-AS1-20180127173210
2018-01-27 17:33:26.631;SP;AS155-AS1-20180127173210
2018-01-27 17:33:30.837;SQ;AS155-AS1-20180127173330
2018-01-27 17:34:12.986;RC;AS155-AS1-20180127173210
2018-01-27 17:34:14.812;SS;AS155-AS1-20180127173210
2018-01-27 17:34:46.451;RO;AS155-AS1-20180127173330
2018-01-27 17:34:47.710;RU;AS155-AS1-20180127173040
2018-01-27 17:34:49.645;SP;AS155-AS1-20180127173330
2018-01-27 17:34:52.705;VU;AS155-AS1-20180127173040
2018-01-27 17:34:54.661;SQ;AS155-AS1-20180127173454
2018-01-27 17:35:21.046;RU;AS155-AS1-20180127173210
2018-01-27 17:35:28.456;RC;AS155-AS1-20180127173330
2018-01-27 17:35:31.450;SS;AS155-AS1-20180127173330
2018-01-27 17:36:53.795;RO;AS155-AS1-20180127173454
2018-01-27 17:36:57.280;SP;AS155-AS1-20180127173454
2018-01-27 17:37:03.130;SQ;AS155-AS1-20180127173703
2018-01-27 17:37:03.249;RU;AS155-AS1-20180127173330
2018-01-27 17:37:07.012;VU;AS155-AS1-20180127173330
2018-01-27 17:37:46.797;RC;AS155-AS1-20180127173454
2018-01-27 17:37:49.585;SS;AS155-AS1-20180127173454
2018-01-27 17:38:18.991;RO;AS155-AS1-20180127173703
2018-01-27 17:38:21.981;SP;AS155-AS1-20180127173703
2018-01-27 17:38:29.432;SQ;AS155-AS1-20180127173829
2018-01-27 17:39:01.868;RC;AS155-AS1-20180127173703
2018-01-27 17:39:04.865;SS;AS155-AS1-20180127173703
2018-01-27 17:39:13.546;RU;AS155-AS1-20180127173454
2018-01-27 17:39:17.905;VU;AS155-AS1-20180127173454
2018-01-27 17:39:56.936;RO;AS155-AS1-20180127173829
2018-01-27 17:40:01.516;SP;AS155-AS1-20180127173829
2018-01-27 17:40:07.802;SQ;AS155-AS1-20180127174007
2018-01-27 17:40:27.762;RU;AS155-AS1-20180127173703
2018-01-27 17:40:31.691;VU;AS155-AS1-20180127173703
2018-01-27 17:40:41.955;RC;AS155-AS1-20180127173829
2018-01-27 17:40:44.505;SS;AS155-AS1-20180127173829
2018-01-27 17:41:18.458;RO;AS155-AS1-20180127174007
2018-01-27 17:41:23.269;SP;AS155-AS1-20180127174007
2018-01-27 17:41:28.587;SQ;AS155-AS1-20180127174128
2018-01-27 17:41:50.698;RC;AS155-AS1-20180127174007
2018-01-27 17:41:55.186;SS;AS155-AS1-20180127174007
2018-01-27 17:42:01.282;RU;AS155-AS1-20180127173829
2018-01-27 17:42:05.155;VU;AS155-AS1-20180127173829
2018-01-27 17:42:32.058;RO;AS155-AS1-20180127174128
2018-01-27 17:42:35.070;SP;AS155-AS1-20180127174128
2018-01-27 17:42:42.662;SQ;AS155-AS1-20180127174242
2018-01-27 17:43:17.007;RC;AS155-AS1-20180127174128
2018-01-27 17:43:19.888;SS;AS155-AS1-20180127174128
2018-01-27 17:43:20.726;RU;AS155-AS1-20180127174007
2018-01-27 17:43:25.954;VU;AS155-AS1-20180127174007
2018-01-27 17:44:10.176;RO;AS155-AS1-20180127174242
2018-01-27 17:44:14.426;SP;AS155-AS1-20180127174242
2018-01-27 17:44:18.421;SQ;AS155-AS1-20180127174418
2018-01-27 17:44:51.740;RU;AS155-AS1-20180127174128
2018-01-27 17:44:55.411;RC;AS155-AS1-20180127174242
2018-01-27 17:44:56.118;VU;AS155-AS1-20180127174128
2018-01-27 17:44:57.096;SS;AS155-AS1-20180127174242
2018-01-27 17:45:27.576;RO;AS155-AS1-20180127174418
2018-01-27 17:45:31.155;SP;AS155-AS1-20180127174418
2018-01-27 17:45:34.591;SQ;AS155-AS1-20180127174534
2018-01-27 17:46:09.283;RC;AS155-AS1-20180127174418
2018-01-27 17:46:11.124;SS;AS155-AS1-20180127174418
2018-01-27 17:46:13.548;RU;AS155-AS1-20180127174242
2018-01-27 17:46:17.460;VU;AS155-AS1-20180127174242
2018-01-27 17:46:46.889;RO;AS155-AS1-20180127174534
2018-01-27 17:46:50.784;SP;AS155-AS1-20180127174534
2018-01-27 17:46:55.159;SQ;AS155-AS1-20180127174655
2018-01-27 17:47:26.677;RC;AS155-AS1-20180127174534
2018-01-27 17:47:29.699;SS;AS155-AS1-20180127174534
2018-01-27 17:47:30.729;RU;AS155-AS1-20180127174418
2018-01-27 17:47:35.713;VU;AS155-AS1-20180127174418
2018-01-27 17:48:07.723;RO;AS155-AS1-20180127174655
2018-01-27 17:48:09.137;SP;AS155-AS1-20180127174655
2018-01-27 17:48:13.533;SQ;AS155-AS1-20180127174813
2018-01-27 17:48:45.212;RC;AS155-AS1-20180127174655
2018-01-27 17:48:47.770;SS;AS155-AS1-20180127174655
2018-01-27 17:48:55.504;RU;AS155-AS1-20180127174534
2018-01-27 17:48:57.382;VU;AS155-AS1-20180127174534
2018-01-27 17:49:33.649;RO;AS155-AS1-20180127174813
2018-01-27 17:49:36.832;SP;AS155-AS1-20180127174813
2018-01-27 17:49:42.798;SQ;AS155-AS1-20180127174942
2018-01-27 17:50:12.620;RC;AS155-AS1-20180127174813
2018-01-27 17:50:14.110;RU;AS155-AS1-20180127174655
2018-01-27 17:50:15.974;SS;AS155-AS1-20180127174813
2018-01-27 17:50:17.675;VU;AS155-AS1-20180127174655
2018-01-27 17:50:54.958;RO;AS155-AS1-20180127174942
2018-01-27 17:50:58.544;SP;AS155-AS1-20180127174942
2018-01-27 17:51:03.258;SQ;AS155-AS1-20180127175103
2018-01-27 17:51:37.700;RU;AS155-AS1-20180127174813
2018-01-27 17:51:40.270;VU;AS155-AS1-20180127174813
2018-01-27 17:51:41.154;RC;AS155-AS1-20180127174942
2018-01-27 17:51:43.528;SS;AS155-AS1-20180127174942
2018-01-27 17:52:56.875;RO;AS155-AS1-20180127175103
2018-01-27 17:53:00.352;SP;AS155-AS1-20180127175103
2018-01-27 17:53:04.250;RU;AS155-AS1-20180127174942
2018-01-27 17:53:07.507;SQ;AS155-AS1-20180127175307
2018-01-27 17:53:08.509;VU;AS155-AS1-20180127174942
2018-01-27 17:53:44.854;RC;AS155-AS1-20180127175103
2018-01-27 17:53:47.260;SS;AS155-AS1-20180127175103
2018-01-27 17:54:27.853;RO;AS155-AS1-20180127175307
2018-01-27 17:54:29.937;SP;AS155-AS1-20180127175307
2018-01-27 17:54:37.088;SQ;AS155-AS1-20180127175437
2018-01-27 17:55:10.479;RU;AS155-AS1-20180127175103
2018-01-27 17:55:14.741;VU;AS155-AS1-20180127175103
2018-01-27 17:55:18.056;RC;AS155-AS1-20180127175307
2018-01-27 17:55:21.004;SS;AS155-AS1-20180127175307
2018-01-27 17:55:59.737;RO;AS155-AS1-20180127175437
2018-01-27 17:56:02.400;SP;AS155-AS1-20180127175437
2018-01-27 17:56:07.304;SQ;AS155-AS1-20180127175607
2018-01-27 17:56:37.349;RU;AS155-AS1-20180127175307
2018-01-27 17:56:41.090;VU;AS155-AS1-20180127175307
2018-01-27 17:56:45.721;RC;AS155-AS1-20180127175437
2018-01-27 17:56:46.750;SS;AS155-AS1-20180127175437
2018-01-27 17:57:23.529;RO;AS155-AS1-20180127175607
2018-01-27 17:57:27.936;SP;AS155-AS1-20180127175607
2018-01-27 17:57:31.468;SQ;AS155-AS1-20180127175731
2018-01-27 17:58:05.663;RU;AS155-AS1-20180127175437
2018-01-27 17:58:09.213;VU;AS155-AS1-20180127175437
2018-01-27 17:58:39.242;RC;AS155-AS1-20180127175607
2018-01-27 17:58:42.418;SS;AS155-AS1-20180127175607
2018-01-27 17:58:52.841;RO;AS155-AS1-20180127175731
2018-01-27 17:58:56.060;SP;AS155-AS1-20180127175731
2018-01-27 17:59:03.872;SQ;AS155-AS1-20180127175903
2018-01-27 17:59:29.768;RC;AS155-AS1-20180127175731
2018-01-27 17:59:33.813;SS;AS155-AS1-20180127175731
2018-01-27 18:00:06.187;RO;AS155-AS1-20180127175903
2018-01-27 18:00:09.233;SP;AS155-AS1-20180127175903
2018-01-27 18:00:14.170;RU;AS155-AS1-20180127175607
2018-01-27 18:00:15.116;SQ;AS155-AS1-20180127180015
2018-01-27 18:00:20.596;VU;AS155-AS1-20180127175607
2018-01-27 18:00:31.106;RU;AS155-AS1-20180127175731
2018-01-27 18:00:33.224;RC;AS155-AS1-20180127175903
2018-01-27 18:00:36.672;VU;AS155-AS1-20180127175731
2018-01-27 18:00:36.947;SS;AS155-AS1-20180127175903
2018-01-27 18:00:58.234;RO;AS155-AS1-20180127180015
2018-01-27 18:01:02.045;SP;AS155-AS1-20180127180015
2018-01-27 18:01:07.350;RU;AS155-AS1-20180127175903
2018-01-27 18:01:09.166;RC;AS155-AS1-20180127180015
2018-01-27 18:01:13.360;SS;AS155-AS1-20180127180015
2018-01-27 18:01:13.558;VU;AS155-AS1-20180127175903
2018-01-27 18:01:17.758;RU;AS155-AS1-20180127180015
2018-01-27 18:01:26.495;VU;AS155-AS1-20180127180015
