2018-01-27 17:18:41.962;SQ;AS165-AS1-20180127171841
2018-01-27 17:19:27.999;RO;AS165-AS1-20180127171841
2018-01-27 17:19:29.236;SP;AS165-AS1-20180127171841
2018-01-27 17:19:31.126;SQ;AS165-AS1-20180127171931
2018-01-27 17:19:52.625;RC;AS165-AS1-20180127171841
2018-01-27 17:19:53.565;SS;AS165-AS1-20180127171841
2018-01-27 17:20:48.950;RO;AS165-AS1-20180127171931
2018-01-27 17:20:51.133;SP;AS165-AS1-20180127171931
2018-01-27 17:20:53.403;SQ;AS165-AS1-20180127172053
2018-01-27 17:21:14.059;RU;AS165-AS1-20180127171841
2018-01-27 17:21:15.943;VU;AS165-AS1-20180127171841
2018-01-27 17:21:41.267;RC;AS165-AS1-20180127171931
2018-01-27 17:21:42.165;SS;AS165-AS1-20180127171931
2018-01-27 17:22:17.662;RO;AS165-AS1-20180127172053
2018-01-27 17:22:18.905;SP;AS165-AS1-20180127172053
2018-01-27 17:22:20.744;SQ;AS165-AS1-20180127172220
2018-01-27 17:22:59.420;RC;AS165-AS1-20180127172053
2018-01-27 17:23:00.323;SS;AS165-AS1-20180127172053
2018-01-27 17:23:04.112;RU;AS165-AS1-20180127171931
2018-01-27 17:23:06.066;VU;AS165-AS1-20180127171931
2018-01-27 17:23:26.533;RO;AS165-AS1-20180127172220
2018-01-27 17:23:27.721;SP;AS165-AS1-20180127172220
2018-01-27 17:23:29.513;SQ;AS165-AS1-20180127172329
2018-01-27 17:24:11.702;RC;AS165-AS1-20180127172220
2018-01-27 17:24:12.624;SS;AS165-AS1-20180127172220
2018-01-27 17:24:22.277;RU;AS165-AS1-20180127172053
2018-01-27 17:24:24.163;VU;AS165-AS1-20180127172053
2018-01-27 17:24:46.453;RO;AS165-AS1-20180127172329
2018-01-27 17:24:47.522;SP;AS165-AS1-20180127172329
2018-01-27 17:24:49.341;SQ;AS165-AS1-20180127172449
2018-01-27 17:25:24.843;RC;AS165-AS1-20180127172329
2018-01-27 17:25:25.776;SS;AS165-AS1-20180127172329
2018-01-27 17:25:38.579;RU;AS165-AS1-20180127172220
2018-01-27 17:25:40.515;VU;AS165-AS1-20180127172220
2018-01-27 17:26:04.329;RO;AS165-AS1-20180127172449
2018-01-27 17:26:05.321;SP;AS165-AS1-20180127172449
2018-01-27 17:26:07.119;SQ;AS165-AS1-20180127172607
2018-01-27 17:26:46.946;RC;AS165-AS1-20180127172449
2018-01-27 17:26:48.698;SS;AS165-AS1-20180127172449
2018-01-27 17:26:50.923;RU;AS165-AS1-20180127172329
2018-01-27 17:26:52.805;VU;AS165-AS1-20180127172329
2018-01-27 17:28:00.264;RO;AS165-AS1-20180127172607
2018-01-27 17:28:01.693;SP;AS165-AS1-20180127172607
2018-01-27 17:28:03.528;SQ;AS165-AS1-20180127172803
2018-01-27 17:28:46.261;RC;AS165-AS1-20180127172607
2018-01-27 17:28:47.149;RU;AS165-AS1-20180127172449
2018-01-27 17:28:47.163;SS;AS165-AS1-20180127172607
2018-01-27 17:28:49.072;VU;AS165-AS1-20180127172449
2018-01-27 17:29:31.529;RO;AS165-AS1-20180127172803
2018-01-27 17:29:32.527;SP;AS165-AS1-20180127172803
2018-01-27 17:29:34.315;SQ;AS165-AS1-20180127172934
2018-01-27 17:30:17.000;RC;AS165-AS1-20180127172803
2018-01-27 17:30:17.945;SS;AS165-AS1-20180127172803
2018-01-27 17:30:19.186;RU;AS165-AS1-20180127172607
2018-01-27 17:30:21.091;VU;AS165-AS1-20180127172607
2018-01-27 17:30:54.502;RO;AS165-AS1-20180127172934
2018-01-27 17:30:55.809;SP;AS165-AS1-20180127172934
2018-01-27 17:30:57.646;SQ;AS165-AS1-20180127173057
2018-01-27 17:31:37.567;RC;AS165-AS1-20180127172934
2018-01-27 17:31:37.567;RU;AS165-AS1-20180127172803
2018-01-27 17:31:39.366;SS;AS165-AS1-20180127172934
2018-01-27 17:31:40.369;VU;AS165-AS1-20180127172803
2018-01-27 17:32:16.511;RO;AS165-AS1-20180127173057
2018-01-27 17:32:17.641;SP;AS165-AS1-20180127173057
2018-01-27 17:32:19.487;SQ;AS165-AS1-20180127173219
2018-01-27 17:32:52.730;RC;AS165-AS1-20180127173057
2018-01-27 17:32:53.586;SS;AS165-AS1-20180127173057
2018-01-27 17:33:01.218;RU;AS165-AS1-20180127172934
2018-01-27 17:33:03.111;VU;AS165-AS1-20180127172934
2018-01-27 17:33:28.938;RO;AS165-AS1-20180127173219
2018-01-27 17:33:29.954;SP;AS165-AS1-20180127173219
2018-01-27 17:33:31.706;SQ;AS165-AS1-20180127173331
2018-01-27 17:33:59.578;RC;AS165-AS1-20180127173219
2018-01-27 17:34:00.453;SS;AS165-AS1-20180127173219
2018-01-27 17:34:15.555;RU;AS165-AS1-20180127173057
2018-01-27 17:34:17.471;VU;AS165-AS1-20180127173057
2018-01-27 17:34:57.721;RO;AS165-AS1-20180127173331
2018-01-27 17:34:58.706;SP;AS165-AS1-20180127173331
2018-01-27 17:35:00.520;SQ;AS165-AS1-20180127173500
2018-01-27 17:35:14.997;RU;AS165-AS1-20180127173219
2018-01-27 17:35:16.931;VU;AS165-AS1-20180127173219
2018-01-27 17:35:46.846;RC;AS165-AS1-20180127173331
2018-01-27 17:35:47.745;SS;AS165-AS1-20180127173331
2018-01-27 17:36:16.462;RO;AS165-AS1-20180127173500
2018-01-27 17:36:17.494;SP;AS165-AS1-20180127173500
2018-01-27 17:36:19.301;SQ;AS165-AS1-20180127173619
2018-01-27 17:37:00.394;RC;AS165-AS1-20180127173500
2018-01-27 17:37:01.328;SS;AS165-AS1-20180127173500
2018-01-27 17:37:13.723;RU;AS165-AS1-20180127173331
2018-01-27 17:37:15.621;VU;AS165-AS1-20180127173331
2018-01-27 17:37:40.469;RO;AS165-AS1-20180127173619
2018-01-27 17:37:41.774;SP;AS165-AS1-20180127173619
2018-01-27 17:37:43.592;SQ;AS165-AS1-20180127173743
2018-01-27 17:38:19.096;RC;AS165-AS1-20180127173619
2018-01-27 17:38:19.996;SS;AS165-AS1-20180127173619
2018-01-27 17:38:29.506;RU;AS165-AS1-20180127173500
2018-01-27 17:38:31.404;VU;AS165-AS1-20180127173500
2018-01-27 17:38:56.969;RO;AS165-AS1-20180127173743
2018-01-27 17:38:58.161;SP;AS165-AS1-20180127173743
2018-01-27 17:38:59.991;SQ;AS165-AS1-20180127173859
2018-01-27 17:39:38.855;RU;AS165-AS1-20180127173619
2018-01-27 17:39:40.364;RC;AS165-AS1-20180127173743
2018-01-27 17:39:40.795;VU;AS165-AS1-20180127173619
2018-01-27 17:39:41.263;SS;AS165-AS1-20180127173743
2018-01-27 17:40:27.138;RO;AS165-AS1-20180127173859
2018-01-27 17:40:28.492;SP;AS165-AS1-20180127173859
2018-01-27 17:40:30.306;SQ;AS165-AS1-20180127174030
2018-01-27 17:41:12.571;RU;AS165-AS1-20180127173743
2018-01-27 17:41:14.485;VU;AS165-AS1-20180127173743
2018-01-27 17:41:42.118;RC;AS165-AS1-20180127173859
2018-01-27 17:41:43.002;SS;AS165-AS1-20180127173859
2018-01-27 17:41:46.713;RO;AS165-AS1-20180127174030
2018-01-27 17:41:47.763;SP;AS165-AS1-20180127174030
2018-01-27 17:41:49.522;SQ;AS165-AS1-20180127174149
2018-01-27 17:42:31.641;RC;AS165-AS1-20180127174030
2018-01-27 17:42:32.525;SS;AS165-AS1-20180127174030
2018-01-27 17:43:10.564;RU;AS165-AS1-20180127173859
2018-01-27 17:43:12.090;RO;AS165-AS1-20180127174149
2018-01-27 17:43:12.488;VU;AS165-AS1-20180127173859
2018-01-27 17:43:13.027;SP;AS165-AS1-20180127174149
2018-01-27 17:43:14.826;SQ;AS165-AS1-20180127174314
2018-01-27 17:43:49.609;RU;AS165-AS1-20180127174030
2018-01-27 17:43:51.514;VU;AS165-AS1-20180127174030
2018-01-27 17:44:06.608;RC;AS165-AS1-20180127174149
2018-01-27 17:44:07.532;SS;AS165-AS1-20180127174149
2018-01-27 17:44:51.771;RO;AS165-AS1-20180127174314
2018-01-27 17:44:52.821;SP;AS165-AS1-20180127174314
2018-01-27 17:44:54.659;SQ;AS165-AS1-20180127174454
2018-01-27 17:45:17.915;RU;AS165-AS1-20180127174149
2018-01-27 17:45:19.809;VU;AS165-AS1-20180127174149
2018-01-27 17:45:28.175;RC;AS165-AS1-20180127174314
2018-01-27 17:45:29.367;SS;AS165-AS1-20180127174314
2018-01-27 17:46:13.861;RO;AS165-AS1-20180127174454
2018-01-27 17:46:16.049;SP;AS165-AS1-20180127174454
2018-01-27 17:46:18.126;SQ;AS165-AS1-20180127174618
2018-01-27 17:46:46.904;RU;AS165-AS1-20180127174314
2018-01-27 17:46:49.067;VU;AS165-AS1-20180127174314
2018-01-27 17:47:00.918;RC;AS165-AS1-20180127174454
2018-01-27 17:47:01.887;SS;AS165-AS1-20180127174454
2018-01-27 17:48:16.039;RO;AS165-AS1-20180127174618
2018-01-27 17:48:17.138;SP;AS165-AS1-20180127174618
2018-01-27 17:48:18.880;SQ;AS165-AS1-20180127174818
2018-01-27 17:48:21.723;RU;AS165-AS1-20180127174454
2018-01-27 17:48:23.595;VU;AS165-AS1-20180127174454
2018-01-27 17:49:01.205;RC;AS165-AS1-20180127174618
2018-01-27 17:49:02.134;SS;AS165-AS1-20180127174618
2018-01-27 17:49:34.865;RO;AS165-AS1-20180127174818
2018-01-27 17:49:35.855;SP;AS165-AS1-20180127174818
2018-01-27 17:49:38.458;SQ;AS165-AS1-20180127174938
2018-01-27 17:50:08.764;RC;AS165-AS1-20180127174818
2018-01-27 17:50:09.666;SS;AS165-AS1-20180127174818
2018-01-27 17:50:19.489;RU;AS165-AS1-20180127174618
2018-01-27 17:50:21.404;VU;AS165-AS1-20180127174618
2018-01-27 17:50:59.226;RO;AS165-AS1-20180127174938
2018-01-27 17:51:00.481;SP;AS165-AS1-20180127174938
2018-01-27 17:51:02.326;SQ;AS165-AS1-20180127175102
2018-01-27 17:51:37.711;RU;AS165-AS1-20180127174818
2018-01-27 17:51:39.626;VU;AS165-AS1-20180127174818
2018-01-27 17:51:41.164;RC;AS165-AS1-20180127174938
2018-01-27 17:51:42.021;SS;AS165-AS1-20180127174938
2018-01-27 17:52:30.695;RO;AS165-AS1-20180127175102
2018-01-27 17:52:31.824;SP;AS165-AS1-20180127175102
2018-01-27 17:52:33.637;SQ;AS165-AS1-20180127175233
2018-01-27 17:52:56.896;RU;AS165-AS1-20180127174938
2018-01-27 17:52:58.790;VU;AS165-AS1-20180127174938
2018-01-27 17:53:12.809;RC;AS165-AS1-20180127175102
2018-01-27 17:53:13.713;SS;AS165-AS1-20180127175102
2018-01-27 17:53:47.699;RO;AS165-AS1-20180127175233
2018-01-27 17:53:48.638;SP;AS165-AS1-20180127175233
2018-01-27 17:53:50.453;SQ;AS165-AS1-20180127175350
2018-01-27 17:54:24.992;RC;AS165-AS1-20180127175233
2018-01-27 17:54:25.905;SS;AS165-AS1-20180127175233
2018-01-27 17:54:28.550;RU;AS165-AS1-20180127175102
2018-01-27 17:54:30.457;VU;AS165-AS1-20180127175102
2018-01-27 17:54:59.463;RO;AS165-AS1-20180127175350
2018-01-27 17:55:00.459;SP;AS165-AS1-20180127175350
2018-01-27 17:55:02.338;SQ;AS165-AS1-20180127175502
2018-01-27 17:55:44.266;RC;AS165-AS1-20180127175350
2018-01-27 17:55:45.159;SS;AS165-AS1-20180127175350
2018-01-27 17:55:46.040;RU;AS165-AS1-20180127175233
2018-01-27 17:55:47.910;VU;AS165-AS1-20180127175233
2018-01-27 17:56:10.167;RO;AS165-AS1-20180127175502
2018-01-27 17:56:11.338;SP;AS165-AS1-20180127175502
2018-01-27 17:56:13.115;SQ;AS165-AS1-20180127175613
2018-01-27 17:56:52.507;RC;AS165-AS1-20180127175502
2018-01-27 17:56:53.850;SS;AS165-AS1-20180127175502
2018-01-27 17:57:02.792;RU;AS165-AS1-20180127175350
2018-01-27 17:57:04.706;VU;AS165-AS1-20180127175350
2018-01-27 17:57:23.150;RO;AS165-AS1-20180127175613
2018-01-27 17:57:24.111;SP;AS165-AS1-20180127175613
2018-01-27 17:57:27.774;SQ;AS165-AS1-20180127175727
2018-01-27 17:58:04.507;RC;AS165-AS1-20180127175613
2018-01-27 17:58:05.387;SS;AS165-AS1-20180127175613
2018-01-27 17:58:16.740;RU;AS165-AS1-20180127175502
2018-01-27 17:58:18.650;VU;AS165-AS1-20180127175502
2018-01-27 17:58:40.536;RO;AS165-AS1-20180127175727
2018-01-27 17:58:41.919;SP;AS165-AS1-20180127175727
2018-01-27 17:58:45.491;SQ;AS165-AS1-20180127175845
2018-01-27 17:59:17.661;RC;AS165-AS1-20180127175727
2018-01-27 17:59:17.840;RU;AS165-AS1-20180127175613
2018-01-27 17:59:19.239;SS;AS165-AS1-20180127175727
2018-01-27 17:59:20.504;VU;AS165-AS1-20180127175613
2018-01-27 17:59:54.698;RO;AS165-AS1-20180127175845
2018-01-27 17:59:55.998;SP;AS165-AS1-20180127175845
2018-01-27 18:00:17.169;RC;AS165-AS1-20180127175845
2018-01-27 18:00:18.762;SS;AS165-AS1-20180127175845
2018-01-27 18:00:21.888;RU;AS165-AS1-20180127175727
2018-01-27 18:00:23.780;VU;AS165-AS1-20180127175727
2018-01-27 18:00:58.331;RU;AS165-AS1-20180127175845
2018-01-27 18:01:00.257;VU;AS165-AS1-20180127175845
