2018-01-27 17:18:35.171;SQ;AS179-AS1-20180127171835
2018-01-27 17:19:09.629;RO;AS179-AS1-20180127171835
2018-01-27 17:19:10.524;SP;AS179-AS1-20180127171835
2018-01-27 17:19:12.169;SQ;AS179-AS1-20180127171912
2018-01-27 17:19:36.239;RC;AS179-AS1-20180127171835
2018-01-27 17:19:37.064;SS;AS179-AS1-20180127171835
2018-01-27 17:20:23.262;RO;AS179-AS1-20180127171912
2018-01-27 17:20:24.571;SP;AS179-AS1-20180127171912
2018-01-27 17:20:26.186;SQ;AS179-AS1-20180127172026
2018-01-27 17:20:44.309;RU;AS179-AS1-20180127171835
2018-01-27 17:20:46.138;VU;AS179-AS1-20180127171835
2018-01-27 17:21:04.279;RC;AS179-AS1-20180127171912
2018-01-27 17:21:05.652;SS;AS179-AS1-20180127171912
2018-01-27 17:21:35.691;RO;AS179-AS1-20180127172026
2018-01-27 17:21:37.139;SP;AS179-AS1-20180127172026
2018-01-27 17:21:38.759;SQ;AS179-AS1-20180127172138
2018-01-27 17:22:17.526;RC;AS179-AS1-20180127172026
2018-01-27 17:22:18.353;SS;AS179-AS1-20180127172026
2018-01-27 17:22:23.401;RU;AS179-AS1-20180127171912
2018-01-27 17:22:25.364;VU;AS179-AS1-20180127171912
2018-01-27 17:22:59.391;RO;AS179-AS1-20180127172138
2018-01-27 17:23:00.649;SP;AS179-AS1-20180127172138
2018-01-27 17:23:02.267;SQ;AS179-AS1-20180127172302
2018-01-27 17:23:37.662;RC;AS179-AS1-20180127172138
2018-01-27 17:23:38.464;SS;AS179-AS1-20180127172138
2018-01-27 17:23:51.351;RU;AS179-AS1-20180127172026
2018-01-27 17:23:53.176;VU;AS179-AS1-20180127172026
2018-01-27 17:24:31.696;RO;AS179-AS1-20180127172302
2018-01-27 17:24:32.679;SP;AS179-AS1-20180127172302
2018-01-27 17:24:34.304;SQ;AS179-AS1-20180127172434
2018-01-27 17:25:10.005;RU;AS179-AS1-20180127172138
2018-01-27 17:25:11.820;VU;AS179-AS1-20180127172138
2018-01-27 17:25:16.907;RC;AS179-AS1-20180127172302
2018-01-27 17:25:17.719;SS;AS179-AS1-20180127172302
2018-01-27 17:25:49.458;RO;AS179-AS1-20180127172434
2018-01-27 17:25:50.710;SP;AS179-AS1-20180127172434
2018-01-27 17:25:52.328;SQ;AS179-AS1-20180127172552
2018-01-27 17:26:33.895;RC;AS179-AS1-20180127172434
2018-01-27 17:26:34.732;SS;AS179-AS1-20180127172434
2018-01-27 17:26:42.857;RU;AS179-AS1-20180127172302
2018-01-27 17:26:44.676;VU;AS179-AS1-20180127172302
2018-01-27 17:27:03.925;RO;AS179-AS1-20180127172552
2018-01-27 17:27:05.231;SP;AS179-AS1-20180127172552
2018-01-27 17:27:06.876;SQ;AS179-AS1-20180127172706
2018-01-27 17:27:42.114;RC;AS179-AS1-20180127172552
2018-01-27 17:27:42.936;SS;AS179-AS1-20180127172552
2018-01-27 17:28:00.266;RU;AS179-AS1-20180127172434
2018-01-27 17:28:02.075;VU;AS179-AS1-20180127172434
2018-01-27 17:28:23.156;RO;AS179-AS1-20180127172706
2018-01-27 17:28:24.284;SP;AS179-AS1-20180127172706
2018-01-27 17:28:25.914;SQ;AS179-AS1-20180127172825
2018-01-27 17:29:01.200;RC;AS179-AS1-20180127172706
2018-01-27 17:29:02.009;SS;AS179-AS1-20180127172706
2018-01-27 17:29:06.052;RU;AS179-AS1-20180127172552
2018-01-27 17:29:07.861;VU;AS179-AS1-20180127172552
2018-01-27 17:29:55.119;RO;AS179-AS1-20180127172825
2018-01-27 17:29:56.330;SP;AS179-AS1-20180127172825
2018-01-27 17:29:57.950;SQ;AS179-AS1-20180127172957
2018-01-27 17:30:31.523;RU;AS179-AS1-20180127172706
2018-01-27 17:30:33.341;VU;AS179-AS1-20180127172706
2018-01-27 17:30:37.833;RC;AS179-AS1-20180127172825
2018-01-27 17:30:39.203;SS;AS179-AS1-20180127172825
2018-01-27 17:31:21.459;RO;AS179-AS1-20180127172957
2018-01-27 17:31:22.347;SP;AS179-AS1-20180127172957
2018-01-27 17:31:23.956;SQ;AS179-AS1-20180127173123
2018-01-27 17:32:04.576;RU;AS179-AS1-20180127172825
2018-01-27 17:32:04.941;RC;AS179-AS1-20180127172957
2018-01-27 17:32:06.250;SS;AS179-AS1-20180127172957
2018-01-27 17:32:06.794;VU;AS179-AS1-20180127172825
2018-01-27 17:32:39.859;RO;AS179-AS1-20180127173123
2018-01-27 17:32:40.844;SP;AS179-AS1-20180127173123
2018-01-27 17:32:42.471;SQ;AS179-AS1-20180127173242
2018-01-27 17:33:09.886;RC;AS179-AS1-20180127173123
2018-01-27 17:33:10.723;SS;AS179-AS1-20180127173123
2018-01-27 17:33:17.793;RU;AS179-AS1-20180127172957
2018-01-27 17:33:19.617;VU;AS179-AS1-20180127172957
2018-01-27 17:33:58.343;RO;AS179-AS1-20180127173242
2018-01-27 17:33:59.371;SP;AS179-AS1-20180127173242
2018-01-27 17:34:00.983;SQ;AS179-AS1-20180127173400
2018-01-27 17:34:36.489;RU;AS179-AS1-20180127173123
2018-01-27 17:34:37.154;RC;AS179-AS1-20180127173242
2018-01-27 17:34:38.109;SS;AS179-AS1-20180127173242
2018-01-27 17:34:38.424;VU;AS179-AS1-20180127173123
2018-01-27 17:35:56.823;RU;AS179-AS1-20180127173242
2018-01-27 17:35:58.625;VU;AS179-AS1-20180127173242
2018-01-27 17:36:00.409;RO;AS179-AS1-20180127173400
2018-01-27 17:36:01.446;SP;AS179-AS1-20180127173400
2018-01-27 17:36:03.115;SQ;AS179-AS1-20180127173603
2018-01-27 17:36:45.245;RC;AS179-AS1-20180127173400
2018-01-27 17:36:46.041;SS;AS179-AS1-20180127173400
2018-01-27 17:37:30.524;RO;AS179-AS1-20180127173603
2018-01-27 17:37:31.538;SP;AS179-AS1-20180127173603
2018-01-27 17:37:33.165;SQ;AS179-AS1-20180127173733
2018-01-27 17:38:02.627;RU;AS179-AS1-20180127173400
2018-01-27 17:38:04.465;VU;AS179-AS1-20180127173400
2018-01-27 17:38:10.383;RC;AS179-AS1-20180127173603
2018-01-27 17:38:12.105;SS;AS179-AS1-20180127173603
2018-01-27 17:38:49.052;RO;AS179-AS1-20180127173733
2018-01-27 17:38:50.085;SP;AS179-AS1-20180127173733
2018-01-27 17:38:51.741;SQ;AS179-AS1-20180127173851
2018-01-27 17:39:31.079;RU;AS179-AS1-20180127173603
2018-01-27 17:39:31.524;RC;AS179-AS1-20180127173733
2018-01-27 17:39:32.710;SS;AS179-AS1-20180127173733
2018-01-27 17:39:33.183;VU;AS179-AS1-20180127173603
2018-01-27 17:40:14.404;RO;AS179-AS1-20180127173851
2018-01-27 17:40:15.667;SP;AS179-AS1-20180127173851
2018-01-27 17:40:18.052;SQ;AS179-AS1-20180127174018
2018-01-27 17:40:57.342;RU;AS179-AS1-20180127173733
2018-01-27 17:40:57.343;RC;AS179-AS1-20180127173851
2018-01-27 17:40:58.975;SS;AS179-AS1-20180127173851
2018-01-27 17:40:59.976;VU;AS179-AS1-20180127173733
2018-01-27 17:41:32.172;RO;AS179-AS1-20180127174018
2018-01-27 17:41:33.441;SP;AS179-AS1-20180127174018
2018-01-27 17:41:36.521;SQ;AS179-AS1-20180127174136
2018-01-27 17:42:12.467;RC;AS179-AS1-20180127174018
2018-01-27 17:42:13.270;SS;AS179-AS1-20180127174018
2018-01-27 17:42:19.635;RU;AS179-AS1-20180127173851
2018-01-27 17:42:21.908;VU;AS179-AS1-20180127173851
2018-01-27 17:43:32.337;RU;AS179-AS1-20180127174018
2018-01-27 17:43:33.724;RO;AS179-AS1-20180127174136
2018-01-27 17:43:34.138;VU;AS179-AS1-20180127174018
2018-01-27 17:43:34.963;SP;AS179-AS1-20180127174136
2018-01-27 17:43:36.559;SQ;AS179-AS1-20180127174336
2018-01-27 17:44:11.660;RC;AS179-AS1-20180127174136
2018-01-27 17:44:12.480;SS;AS179-AS1-20180127174136
2018-01-27 17:44:54.455;RO;AS179-AS1-20180127174336
2018-01-27 17:44:55.468;SP;AS179-AS1-20180127174336
2018-01-27 17:44:58.097;SQ;AS179-AS1-20180127174458
2018-01-27 17:45:27.987;RU;AS179-AS1-20180127174136
2018-01-27 17:45:30.326;VU;AS179-AS1-20180127174136
2018-01-27 17:45:34.878;RC;AS179-AS1-20180127174336
2018-01-27 17:45:35.703;SS;AS179-AS1-20180127174336
2018-01-27 17:46:02.188;RO;AS179-AS1-20180127174458
2018-01-27 17:46:03.488;SP;AS179-AS1-20180127174458
2018-01-27 17:46:05.100;SQ;AS179-AS1-20180127174605
2018-01-27 17:46:45.252;RC;AS179-AS1-20180127174458
2018-01-27 17:46:46.737;SS;AS179-AS1-20180127174458
2018-01-27 17:47:01.896;RU;AS179-AS1-20180127174336
2018-01-27 17:47:04.626;VU;AS179-AS1-20180127174336
2018-01-27 17:47:26.377;RO;AS179-AS1-20180127174605
2018-01-27 17:47:27.505;SP;AS179-AS1-20180127174605
2018-01-27 17:47:29.157;SQ;AS179-AS1-20180127174729
2018-01-27 17:48:04.471;RU;AS179-AS1-20180127174458
2018-01-27 17:48:07.292;RC;AS179-AS1-20180127174605
2018-01-27 17:48:07.353;VU;AS179-AS1-20180127174458
2018-01-27 17:48:08.110;SS;AS179-AS1-20180127174605
2018-01-27 17:48:50.984;RO;AS179-AS1-20180127174729
2018-01-27 17:48:52.913;SP;AS179-AS1-20180127174729
2018-01-27 17:48:54.936;SQ;AS179-AS1-20180127174854
2018-01-27 17:49:21.894;RC;AS179-AS1-20180127174729
2018-01-27 17:49:23.601;SS;AS179-AS1-20180127174729
2018-01-27 17:50:02.329;RU;AS179-AS1-20180127174605
2018-01-27 17:50:04.131;VU;AS179-AS1-20180127174605
2018-01-27 17:50:19.489;RO;AS179-AS1-20180127174854
2018-01-27 17:50:20.332;SP;AS179-AS1-20180127174854
2018-01-27 17:50:21.935;SQ;AS179-AS1-20180127175021
2018-01-27 17:50:40.032;RU;AS179-AS1-20180127174729
2018-01-27 17:50:42.744;VU;AS179-AS1-20180127174729
2018-01-27 17:50:50.481;RC;AS179-AS1-20180127174854
2018-01-27 17:50:51.299;SS;AS179-AS1-20180127174854
2018-01-27 17:51:37.119;RO;AS179-AS1-20180127175021
2018-01-27 17:51:38.325;SP;AS179-AS1-20180127175021
2018-01-27 17:51:39.948;SQ;AS179-AS1-20180127175139
2018-01-27 17:52:24.218;RU;AS179-AS1-20180127174854
2018-01-27 17:52:25.434;RC;AS179-AS1-20180127175021
2018-01-27 17:52:26.053;VU;AS179-AS1-20180127174854
2018-01-27 17:52:26.244;SS;AS179-AS1-20180127175021
2018-01-27 17:52:58.561;RO;AS179-AS1-20180127175139
2018-01-27 17:53:00.006;SP;AS179-AS1-20180127175139
2018-01-27 17:53:03.452;SQ;AS179-AS1-20180127175303
2018-01-27 17:53:30.906;RU;AS179-AS1-20180127175021
2018-01-27 17:53:33.488;VU;AS179-AS1-20180127175021
2018-01-27 17:53:41.610;RC;AS179-AS1-20180127175139
2018-01-27 17:53:42.414;SS;AS179-AS1-20180127175139
2018-01-27 17:54:16.233;RO;AS179-AS1-20180127175303
2018-01-27 17:54:17.412;SP;AS179-AS1-20180127175303
2018-01-27 17:54:20.720;SQ;AS179-AS1-20180127175420
2018-01-27 17:54:52.306;RC;AS179-AS1-20180127175303
2018-01-27 17:54:53.125;SS;AS179-AS1-20180127175303
2018-01-27 17:54:59.529;RU;AS179-AS1-20180127175139
2018-01-27 17:55:01.367;VU;AS179-AS1-20180127175139
2018-01-27 17:55:39.638;RO;AS179-AS1-20180127175420
2018-01-27 17:55:40.637;SP;AS179-AS1-20180127175420
2018-01-27 17:55:42.284;SQ;AS179-AS1-20180127175542
2018-01-27 17:56:09.981;RU;AS179-AS1-20180127175303
2018-01-27 17:56:11.797;VU;AS179-AS1-20180127175303
2018-01-27 17:56:19.115;RC;AS179-AS1-20180127175420
2018-01-27 17:56:19.952;SS;AS179-AS1-20180127175420
2018-01-27 17:57:02.303;RO;AS179-AS1-20180127175542
2018-01-27 17:57:03.195;SP;AS179-AS1-20180127175542
2018-01-27 17:57:04.848;SQ;AS179-AS1-20180127175704
2018-01-27 17:57:42.496;RC;AS179-AS1-20180127175542
2018-01-27 17:57:43.310;SS;AS179-AS1-20180127175542
2018-01-27 17:57:49.742;RU;AS179-AS1-20180127175420
2018-01-27 17:57:51.553;VU;AS179-AS1-20180127175420
2018-01-27 17:58:25.236;RO;AS179-AS1-20180127175704
2018-01-27 17:58:26.849;SP;AS179-AS1-20180127175704
2018-01-27 17:58:29.968;SQ;AS179-AS1-20180127175829
2018-01-27 17:59:01.176;RU;AS179-AS1-20180127175542
2018-01-27 17:59:02.991;VU;AS179-AS1-20180127175542
2018-01-27 17:59:03.867;RC;AS179-AS1-20180127175704
2018-01-27 17:59:04.680;SS;AS179-AS1-20180127175704
2018-01-27 17:59:23.285;RO;AS179-AS1-20180127175829
2018-01-27 17:59:24.346;SP;AS179-AS1-20180127175829
2018-01-27 17:59:53.712;RC;AS179-AS1-20180127175829
2018-01-27 17:59:54.520;SS;AS179-AS1-20180127175829
2018-01-27 18:00:13.761;RU;AS179-AS1-20180127175704
2018-01-27 18:00:15.592;VU;AS179-AS1-20180127175704
2018-01-27 18:00:41.049;RU;AS179-AS1-20180127175829
2018-01-27 18:00:43.002;VU;AS179-AS1-20180127175829
