2018-01-27 17:18:50.266;SQ;AS177-AS1-20180127171850
2018-01-27 17:19:29.247;RO;AS177-AS1-20180127171850
2018-01-27 17:19:30.125;SP;AS177-AS1-20180127171850
2018-01-27 17:19:31.729;SQ;AS177-AS1-20180127171931
2018-01-27 17:20:03.203;RC;AS177-AS1-20180127171850
2018-01-27 17:20:04.019;SS;AS177-AS1-20180127171850
2018-01-27 17:21:09.741;RU;AS177-AS1-20180127171850
2018-01-27 17:21:11.568;VU;AS177-AS1-20180127171850
2018-01-27 17:21:15.777;RO;AS177-AS1-20180127171931
2018-01-27 17:21:16.675;SP;AS177-AS1-20180127171931
2018-01-27 17:21:18.292;SQ;AS177-AS1-20180127172118
2018-01-27 17:22:03.152;RC;AS177-AS1-20180127171931
2018-01-27 17:22:03.962;SS;AS177-AS1-20180127171931
2018-01-27 17:22:32.735;RO;AS177-AS1-20180127172118
2018-01-27 17:22:33.696;SP;AS177-AS1-20180127172118
2018-01-27 17:22:35.314;SQ;AS177-AS1-20180127172235
2018-01-27 17:23:19.294;RC;AS177-AS1-20180127172118
2018-01-27 17:23:20.110;SS;AS177-AS1-20180127172118
2018-01-27 17:23:34.789;RU;AS177-AS1-20180127171931
2018-01-27 17:23:36.596;VU;AS177-AS1-20180127171931
2018-01-27 17:23:51.411;RO;AS177-AS1-20180127172235
2018-01-27 17:23:52.703;SP;AS177-AS1-20180127172235
2018-01-27 17:23:54.347;SQ;AS177-AS1-20180127172354
2018-01-27 17:24:32.572;RC;AS177-AS1-20180127172235
2018-01-27 17:24:33.405;SS;AS177-AS1-20180127172235
2018-01-27 17:25:14.538;RO;AS177-AS1-20180127172354
2018-01-27 17:25:15.771;SP;AS177-AS1-20180127172354
2018-01-27 17:25:17.420;SQ;AS177-AS1-20180127172517
2018-01-27 17:25:27.278;RU;AS177-AS1-20180127172118
2018-01-27 17:25:29.639;VU;AS177-AS1-20180127172118
2018-01-27 17:25:54.837;RU;AS177-AS1-20180127172235
2018-01-27 17:25:56.075;RC;AS177-AS1-20180127172354
2018-01-27 17:25:56.652;VU;AS177-AS1-20180127172235
2018-01-27 17:25:56.875;SS;AS177-AS1-20180127172354
2018-01-27 17:26:42.856;RO;AS177-AS1-20180127172517
2018-01-27 17:26:43.835;SP;AS177-AS1-20180127172517
2018-01-27 17:26:45.490;SQ;AS177-AS1-20180127172645
2018-01-27 17:27:14.588;RU;AS177-AS1-20180127172354
2018-01-27 17:27:16.421;VU;AS177-AS1-20180127172354
2018-01-27 17:27:22.287;RC;AS177-AS1-20180127172517
2018-01-27 17:27:23.087;SS;AS177-AS1-20180127172517
2018-01-27 17:28:05.831;RO;AS177-AS1-20180127172645
2018-01-27 17:28:06.981;SP;AS177-AS1-20180127172645
2018-01-27 17:28:08.646;SQ;AS177-AS1-20180127172808
2018-01-27 17:28:50.027;RC;AS177-AS1-20180127172645
2018-01-27 17:28:50.845;SS;AS177-AS1-20180127172645
2018-01-27 17:29:02.607;RU;AS177-AS1-20180127172517
2018-01-27 17:29:04.427;VU;AS177-AS1-20180127172517
2018-01-27 17:29:31.639;RO;AS177-AS1-20180127172808
2018-01-27 17:29:32.563;SP;AS177-AS1-20180127172808
2018-01-27 17:29:34.208;SQ;AS177-AS1-20180127172934
2018-01-27 17:30:19.063;RC;AS177-AS1-20180127172808
2018-01-27 17:30:19.877;SS;AS177-AS1-20180127172808
2018-01-27 17:30:20.473;RU;AS177-AS1-20180127172645
2018-01-27 17:30:22.299;VU;AS177-AS1-20180127172645
2018-01-27 17:30:50.472;RO;AS177-AS1-20180127172934
2018-01-27 17:30:51.602;SP;AS177-AS1-20180127172934
2018-01-27 17:30:53.232;SQ;AS177-AS1-20180127173053
2018-01-27 17:31:37.546;RC;AS177-AS1-20180127172934
2018-01-27 17:31:38.350;SS;AS177-AS1-20180127172934
2018-01-27 17:31:41.899;RU;AS177-AS1-20180127172808
2018-01-27 17:31:44.287;VU;AS177-AS1-20180127172808
2018-01-27 17:32:14.641;RO;AS177-AS1-20180127173053
2018-01-27 17:32:15.642;SP;AS177-AS1-20180127173053
2018-01-27 17:32:17.307;SQ;AS177-AS1-20180127173217
2018-01-27 17:32:57.362;RU;AS177-AS1-20180127172934
2018-01-27 17:32:57.826;RC;AS177-AS1-20180127173053
2018-01-27 17:32:59.503;VU;AS177-AS1-20180127172934
2018-01-27 17:32:59.568;SS;AS177-AS1-20180127173053
2018-01-27 17:33:41.657;RO;AS177-AS1-20180127173217
2018-01-27 17:33:42.723;SP;AS177-AS1-20180127173217
2018-01-27 17:33:44.353;SQ;AS177-AS1-20180127173344
2018-01-27 17:34:18.316;RC;AS177-AS1-20180127173217
2018-01-27 17:34:18.616;RU;AS177-AS1-20180127173053
2018-01-27 17:34:20.622;SS;AS177-AS1-20180127173217
2018-01-27 17:34:21.809;VU;AS177-AS1-20180127173053
2018-01-27 17:34:50.423;RO;AS177-AS1-20180127173344
2018-01-27 17:34:51.254;SP;AS177-AS1-20180127173344
2018-01-27 17:34:52.892;SQ;AS177-AS1-20180127173452
2018-01-27 17:35:47.039;RU;AS177-AS1-20180127173217
2018-01-27 17:35:48.844;VU;AS177-AS1-20180127173217
2018-01-27 17:36:12.114;RC;AS177-AS1-20180127173344
2018-01-27 17:36:12.915;SS;AS177-AS1-20180127173344
2018-01-27 17:36:14.171;RO;AS177-AS1-20180127173452
2018-01-27 17:36:15.275;SP;AS177-AS1-20180127173452
2018-01-27 17:36:16.875;SQ;AS177-AS1-20180127173616
2018-01-27 17:36:55.018;RC;AS177-AS1-20180127173452
2018-01-27 17:36:55.838;SS;AS177-AS1-20180127173452
2018-01-27 17:37:30.414;RO;AS177-AS1-20180127173616
2018-01-27 17:37:31.283;SP;AS177-AS1-20180127173616
2018-01-27 17:37:32.902;SQ;AS177-AS1-20180127173732
2018-01-27 17:37:36.849;RU;AS177-AS1-20180127173344
2018-01-27 17:37:38.878;VU;AS177-AS1-20180127173344
2018-01-27 17:38:09.338;RC;AS177-AS1-20180127173616
2018-01-27 17:38:10.978;SS;AS177-AS1-20180127173616
2018-01-27 17:38:14.192;RU;AS177-AS1-20180127173452
2018-01-27 17:38:16.024;VU;AS177-AS1-20180127173452
2018-01-27 17:38:51.480;RO;AS177-AS1-20180127173732
2018-01-27 17:38:52.319;SP;AS177-AS1-20180127173732
2018-01-27 17:38:53.972;SQ;AS177-AS1-20180127173853
2018-01-27 17:39:29.429;RU;AS177-AS1-20180127173616
2018-01-27 17:39:31.240;VU;AS177-AS1-20180127173616
2018-01-27 17:39:36.143;RC;AS177-AS1-20180127173732
2018-01-27 17:39:36.964;SS;AS177-AS1-20180127173732
2018-01-27 17:40:20.200;RO;AS177-AS1-20180127173853
2018-01-27 17:40:21.374;SP;AS177-AS1-20180127173853
2018-01-27 17:40:22.987;SQ;AS177-AS1-20180127174022
2018-01-27 17:40:58.270;RU;AS177-AS1-20180127173732
2018-01-27 17:41:00.095;VU;AS177-AS1-20180127173732
2018-01-27 17:41:02.732;RC;AS177-AS1-20180127173853
2018-01-27 17:41:04.453;SS;AS177-AS1-20180127173853
2018-01-27 17:41:41.782;RO;AS177-AS1-20180127174022
2018-01-27 17:41:42.907;SP;AS177-AS1-20180127174022
2018-01-27 17:41:44.517;SQ;AS177-AS1-20180127174144
2018-01-27 17:42:18.953;RU;AS177-AS1-20180127173853
2018-01-27 17:42:20.752;VU;AS177-AS1-20180127173853
2018-01-27 17:42:30.213;RC;AS177-AS1-20180127174022
2018-01-27 17:42:31.019;SS;AS177-AS1-20180127174022
2018-01-27 17:43:12.090;RO;AS177-AS1-20180127174144
2018-01-27 17:43:12.939;SP;AS177-AS1-20180127174144
2018-01-27 17:43:14.589;SQ;AS177-AS1-20180127174314
2018-01-27 17:43:49.199;RC;AS177-AS1-20180127174144
2018-01-27 17:43:50.042;SS;AS177-AS1-20180127174144
2018-01-27 17:43:52.628;RU;AS177-AS1-20180127174022
2018-01-27 17:43:54.454;VU;AS177-AS1-20180127174022
2018-01-27 17:44:38.520;RO;AS177-AS1-20180127174314
2018-01-27 17:44:39.504;SP;AS177-AS1-20180127174314
2018-01-27 17:44:41.982;SQ;AS177-AS1-20180127174441
2018-01-27 17:45:12.301;RC;AS177-AS1-20180127174314
2018-01-27 17:45:13.458;RU;AS177-AS1-20180127174144
2018-01-27 17:45:14.502;SS;AS177-AS1-20180127174314
2018-01-27 17:45:16.538;VU;AS177-AS1-20180127174144
2018-01-27 17:46:06.439;RO;AS177-AS1-20180127174441
2018-01-27 17:46:07.401;SP;AS177-AS1-20180127174441
2018-01-27 17:46:09.009;SQ;AS177-AS1-20180127174609
2018-01-27 17:46:30.304;RU;AS177-AS1-20180127174314
2018-01-27 17:46:32.975;VU;AS177-AS1-20180127174314
2018-01-27 17:46:43.636;RC;AS177-AS1-20180127174441
2018-01-27 17:46:44.467;SS;AS177-AS1-20180127174441
2018-01-27 17:47:20.200;RO;AS177-AS1-20180127174609
2018-01-27 17:47:21.393;SP;AS177-AS1-20180127174609
2018-01-27 17:47:23.047;SQ;AS177-AS1-20180127174723
2018-01-27 17:48:03.224;RU;AS177-AS1-20180127174441
2018-01-27 17:48:03.506;RC;AS177-AS1-20180127174609
2018-01-27 17:48:05.844;SS;AS177-AS1-20180127174609
2018-01-27 17:48:06.233;VU;AS177-AS1-20180127174441
2018-01-27 17:48:51.512;RO;AS177-AS1-20180127174723
2018-01-27 17:48:53.328;SP;AS177-AS1-20180127174723
2018-01-27 17:48:54.975;SQ;AS177-AS1-20180127174854
2018-01-27 17:49:31.369;RC;AS177-AS1-20180127174723
2018-01-27 17:49:32.189;SS;AS177-AS1-20180127174723
2018-01-27 17:49:33.680;RU;AS177-AS1-20180127174609
2018-01-27 17:49:35.488;VU;AS177-AS1-20180127174609
2018-01-27 17:50:06.962;RO;AS177-AS1-20180127174854
2018-01-27 17:50:07.884;SP;AS177-AS1-20180127174854
2018-01-27 17:50:09.507;SQ;AS177-AS1-20180127175009
2018-01-27 17:50:50.004;RC;AS177-AS1-20180127174854
2018-01-27 17:50:50.614;RU;AS177-AS1-20180127174723
2018-01-27 17:50:50.986;SS;AS177-AS1-20180127174854
2018-01-27 17:50:52.640;VU;AS177-AS1-20180127174723
2018-01-27 17:51:30.430;RO;AS177-AS1-20180127175009
2018-01-27 17:51:31.419;SP;AS177-AS1-20180127175009
2018-01-27 17:51:33.064;SQ;AS177-AS1-20180127175133
2018-01-27 17:52:11.010;RC;AS177-AS1-20180127175009
2018-01-27 17:52:11.815;SS;AS177-AS1-20180127175009
2018-01-27 17:52:19.262;RU;AS177-AS1-20180127174854
2018-01-27 17:52:21.103;VU;AS177-AS1-20180127174854
2018-01-27 17:52:52.605;RO;AS177-AS1-20180127175133
2018-01-27 17:52:53.478;SP;AS177-AS1-20180127175133
2018-01-27 17:52:55.122;SQ;AS177-AS1-20180127175255
2018-01-27 17:53:26.630;RC;AS177-AS1-20180127175133
2018-01-27 17:53:27.456;SS;AS177-AS1-20180127175133
2018-01-27 17:53:42.074;RU;AS177-AS1-20180127175009
2018-01-27 17:53:43.899;VU;AS177-AS1-20180127175009
2018-01-27 17:54:13.467;RO;AS177-AS1-20180127175255
2018-01-27 17:54:14.538;SP;AS177-AS1-20180127175255
2018-01-27 17:54:16.160;SQ;AS177-AS1-20180127175416
2018-01-27 17:54:30.631;RU;AS177-AS1-20180127175133
2018-01-27 17:54:49.667;RC;AS177-AS1-20180127175255
2018-01-27 17:54:51.685;SS;AS177-AS1-20180127175255
2018-01-27 17:55:34.759;RO;AS177-AS1-20180127175416
2018-01-27 17:55:37.809;SP;AS177-AS1-20180127175416
2018-01-27 17:55:40.787;SQ;AS177-AS1-20180127175540
2018-01-27 17:56:00.784;RU;AS177-AS1-20180127175255
2018-01-27 17:56:03.448;VU;AS177-AS1-20180127175255
2018-01-27 17:56:15.847;RC;AS177-AS1-20180127175416
2018-01-27 17:56:16.677;SS;AS177-AS1-20180127175416
2018-01-27 17:56:46.697;RO;AS177-AS1-20180127175540
2018-01-27 17:56:47.693;SP;AS177-AS1-20180127175540
2018-01-27 17:56:50.156;SQ;AS177-AS1-20180127175650
2018-01-27 17:57:25.345;RC;AS177-AS1-20180127175540
2018-01-27 17:57:27.990;SS;AS177-AS1-20180127175540
2018-01-27 17:57:32.409;RU;AS177-AS1-20180127175416
2018-01-27 17:57:34.311;VU;AS177-AS1-20180127175416
2018-01-27 17:57:55.390;RO;AS177-AS1-20180127175650
2018-01-27 17:57:57.952;SP;AS177-AS1-20180127175650
2018-01-27 17:58:00.305;SQ;AS177-AS1-20180127175800
2018-01-27 17:58:36.876;RC;AS177-AS1-20180127175650
2018-01-27 17:58:37.699;SS;AS177-AS1-20180127175650
2018-01-27 17:58:44.417;RU;AS177-AS1-20180127175540
2018-01-27 17:58:46.632;VU;AS177-AS1-20180127175540
2018-01-27 17:59:37.130;RU;AS177-AS1-20180127175650
2018-01-27 17:59:39.003;VU;AS177-AS1-20180127175650
2018-01-27 17:59:51.618;RO;AS177-AS1-20180127175800
2018-01-27 17:59:53.297;SP;AS177-AS1-20180127175800
2018-01-27 18:00:18.429;RC;AS177-AS1-20180127175800
2018-01-27 18:00:20.005;SS;AS177-AS1-20180127175800
2018-01-27 18:00:57.148;RU;AS177-AS1-20180127175800
2018-01-27 18:01:00.936;VU;AS177-AS1-20180127175800
