2018-01-27 17:18:41.016;SQ;AS175-AS1-20180127171841
2018-01-27 17:19:24.697;RO;AS175-AS1-20180127171841
2018-01-27 17:19:25.870;SP;AS175-AS1-20180127171841
2018-01-27 17:19:27.491;SQ;AS175-AS1-20180127171927
2018-01-27 17:20:03.774;RC;AS175-AS1-20180127171841
2018-01-27 17:20:04.633;SS;AS175-AS1-20180127171841
2018-01-27 17:20:40.807;RO;AS175-AS1-20180127171927
2018-01-27 17:20:41.885;SP;AS175-AS1-20180127171927
2018-01-27 17:20:43.529;SQ;AS175-AS1-20180127172043
2018-01-27 17:21:05.913;RU;AS175-AS1-20180127171841
2018-01-27 17:21:07.760;VU;AS175-AS1-20180127171841
2018-01-27 17:21:30.898;RC;AS175-AS1-20180127171927
2018-01-27 17:21:31.719;SS;AS175-AS1-20180127171927
2018-01-27 17:22:07.661;RO;AS175-AS1-20180127172043
2018-01-27 17:22:09.310;SP;AS175-AS1-20180127172043
2018-01-27 17:22:10.986;SQ;AS175-AS1-20180127172210
2018-01-27 17:22:53.872;RC;AS175-AS1-20180127172043
2018-01-27 17:22:54.073;RU;AS175-AS1-20180127171927
2018-01-27 17:22:56.212;SS;AS175-AS1-20180127172043
2018-01-27 17:22:57.348;VU;AS175-AS1-20180127171927
2018-01-27 17:24:16.005;RO;AS175-AS1-20180127172210
2018-01-27 17:24:16.950;SP;AS175-AS1-20180127172210
2018-01-27 17:24:18.613;SQ;AS175-AS1-20180127172418
2018-01-27 17:24:22.151;RU;AS175-AS1-20180127172043
2018-01-27 17:24:23.996;VU;AS175-AS1-20180127172043
2018-01-27 17:24:55.678;RC;AS175-AS1-20180127172210
2018-01-27 17:24:56.536;SS;AS175-AS1-20180127172210
2018-01-27 17:25:45.593;RO;AS175-AS1-20180127172418
2018-01-27 17:25:46.555;SP;AS175-AS1-20180127172418
2018-01-27 17:25:48.239;SQ;AS175-AS1-20180127172548
2018-01-27 17:26:22.043;RU;AS175-AS1-20180127172210
2018-01-27 17:26:23.860;VU;AS175-AS1-20180127172210
2018-01-27 17:26:28.281;RC;AS175-AS1-20180127172418
2018-01-27 17:26:29.128;SS;AS175-AS1-20180127172418
2018-01-27 17:27:09.626;RO;AS175-AS1-20180127172548
2018-01-27 17:27:10.675;SP;AS175-AS1-20180127172548
2018-01-27 17:27:12.320;SQ;AS175-AS1-20180127172712
2018-01-27 17:27:50.757;RU;AS175-AS1-20180127172418
2018-01-27 17:27:52.574;VU;AS175-AS1-20180127172418
2018-01-27 17:27:59.634;RC;AS175-AS1-20180127172548
2018-01-27 17:28:00.449;SS;AS175-AS1-20180127172548
2018-01-27 17:28:15.682;RO;AS175-AS1-20180127172712
2018-01-27 17:28:16.689;SP;AS175-AS1-20180127172712
2018-01-27 17:28:18.350;SQ;AS175-AS1-20180127172818
2018-01-27 17:28:59.068;RC;AS175-AS1-20180127172712
2018-01-27 17:28:59.877;SS;AS175-AS1-20180127172712
2018-01-27 17:29:31.941;RU;AS175-AS1-20180127172548
2018-01-27 17:29:33.768;VU;AS175-AS1-20180127172548
2018-01-27 17:29:46.489;RO;AS175-AS1-20180127172818
2018-01-27 17:29:47.772;SP;AS175-AS1-20180127172818
2018-01-27 17:29:49.402;SQ;AS175-AS1-20180127172949
2018-01-27 17:30:20.535;RU;AS175-AS1-20180127172712
2018-01-27 17:30:22.377;VU;AS175-AS1-20180127172712
2018-01-27 17:30:30.285;RC;AS175-AS1-20180127172818
2018-01-27 17:30:31.124;SS;AS175-AS1-20180127172818
2018-01-27 17:31:13.858;RO;AS175-AS1-20180127172949
2018-01-27 17:31:14.814;SP;AS175-AS1-20180127172949
2018-01-27 17:31:16.483;SQ;AS175-AS1-20180127173116
2018-01-27 17:31:50.629;RC;AS175-AS1-20180127172949
2018-01-27 17:31:51.472;SS;AS175-AS1-20180127172949
2018-01-27 17:31:52.125;RU;AS175-AS1-20180127172818
2018-01-27 17:31:53.945;VU;AS175-AS1-20180127172818
2018-01-27 17:32:33.243;RO;AS175-AS1-20180127173116
2018-01-27 17:32:34.400;SP;AS175-AS1-20180127173116
2018-01-27 17:32:36.029;SQ;AS175-AS1-20180127173236
2018-01-27 17:33:08.210;RU;AS175-AS1-20180127172949
2018-01-27 17:33:10.058;VU;AS175-AS1-20180127172949
2018-01-27 17:33:18.076;RC;AS175-AS1-20180127173116
2018-01-27 17:33:18.889;SS;AS175-AS1-20180127173116
2018-01-27 17:33:58.821;RO;AS175-AS1-20180127173236
2018-01-27 17:33:59.941;SP;AS175-AS1-20180127173236
2018-01-27 17:34:01.561;SQ;AS175-AS1-20180127173401
2018-01-27 17:34:32.072;RU;AS175-AS1-20180127173116
2018-01-27 17:34:33.873;VU;AS175-AS1-20180127173116
2018-01-27 17:34:39.020;RC;AS175-AS1-20180127173236
2018-01-27 17:34:39.843;SS;AS175-AS1-20180127173236
2018-01-27 17:35:27.746;RO;AS175-AS1-20180127173401
2018-01-27 17:35:28.983;SP;AS175-AS1-20180127173401
2018-01-27 17:35:30.622;SQ;AS175-AS1-20180127173530
2018-01-27 17:36:12.062;RC;AS175-AS1-20180127173401
2018-01-27 17:36:12.879;SS;AS175-AS1-20180127173401
2018-01-27 17:36:13.709;RU;AS175-AS1-20180127173236
2018-01-27 17:36:15.545;VU;AS175-AS1-20180127173236
2018-01-27 17:36:45.031;RO;AS175-AS1-20180127173530
2018-01-27 17:36:46.032;SP;AS175-AS1-20180127173530
2018-01-27 17:36:47.687;SQ;AS175-AS1-20180127173647
2018-01-27 17:37:22.795;RC;AS175-AS1-20180127173530
2018-01-27 17:37:23.965;SS;AS175-AS1-20180127173530
2018-01-27 17:37:34.720;RU;AS175-AS1-20180127173401
2018-01-27 17:37:36.536;VU;AS175-AS1-20180127173401
2018-01-27 17:38:08.722;RO;AS175-AS1-20180127173647
2018-01-27 17:38:09.845;SP;AS175-AS1-20180127173647
2018-01-27 17:38:13.246;SQ;AS175-AS1-20180127173813
2018-01-27 17:38:42.275;RC;AS175-AS1-20180127173647
2018-01-27 17:38:43.295;SS;AS175-AS1-20180127173647
2018-01-27 17:38:50.498;RU;AS175-AS1-20180127173530
2018-01-27 17:38:52.307;VU;AS175-AS1-20180127173530
2018-01-27 17:39:30.653;RO;AS175-AS1-20180127173813
2018-01-27 17:39:31.661;SP;AS175-AS1-20180127173813
2018-01-27 17:39:33.328;SQ;AS175-AS1-20180127173933
2018-01-27 17:40:14.395;RC;AS175-AS1-20180127173813
2018-01-27 17:40:14.839;RU;AS175-AS1-20180127173647
2018-01-27 17:40:15.546;SS;AS175-AS1-20180127173813
2018-01-27 17:40:17.058;VU;AS175-AS1-20180127173647
2018-01-27 17:40:56.346;RO;AS175-AS1-20180127173933
2018-01-27 17:40:57.240;SP;AS175-AS1-20180127173933
2018-01-27 17:40:58.888;SQ;AS175-AS1-20180127174058
2018-01-27 17:41:35.659;RU;AS175-AS1-20180127173813
2018-01-27 17:41:37.500;VU;AS175-AS1-20180127173813
2018-01-27 17:41:41.799;RC;AS175-AS1-20180127173933
2018-01-27 17:41:42.633;SS;AS175-AS1-20180127173933
2018-01-27 17:42:13.242;RO;AS175-AS1-20180127174058
2018-01-27 17:42:14.307;SP;AS175-AS1-20180127174058
2018-01-27 17:42:15.970;SQ;AS175-AS1-20180127174215
2018-01-27 17:42:52.656;RC;AS175-AS1-20180127174058
2018-01-27 17:42:53.492;SS;AS175-AS1-20180127174058
2018-01-27 17:43:19.371;RU;AS175-AS1-20180127173933
2018-01-27 17:43:21.200;VU;AS175-AS1-20180127173933
2018-01-27 17:43:34.480;RO;AS175-AS1-20180127174215
2018-01-27 17:43:35.372;SP;AS175-AS1-20180127174215
2018-01-27 17:43:37.316;SQ;AS175-AS1-20180127174337
2018-01-27 17:44:10.737;RU;AS175-AS1-20180127174058
2018-01-27 17:44:12.557;VU;AS175-AS1-20180127174058
2018-01-27 17:44:22.323;RC;AS175-AS1-20180127174215
2018-01-27 17:44:23.148;SS;AS175-AS1-20180127174215
2018-01-27 17:45:05.007;RO;AS175-AS1-20180127174337
2018-01-27 17:45:06.247;SP;AS175-AS1-20180127174337
2018-01-27 17:45:07.917;SQ;AS175-AS1-20180127174507
2018-01-27 17:45:36.204;RU;AS175-AS1-20180127174215
2018-01-27 17:45:38.011;VU;AS175-AS1-20180127174215
2018-01-27 17:45:51.918;RC;AS175-AS1-20180127174337
2018-01-27 17:45:52.726;SS;AS175-AS1-20180127174337
2018-01-27 17:46:33.843;RO;AS175-AS1-20180127174507
2018-01-27 17:46:34.827;SP;AS175-AS1-20180127174507
2018-01-27 17:46:36.480;SQ;AS175-AS1-20180127174636
2018-01-27 17:47:10.491;RU;AS175-AS1-20180127174337
2018-01-27 17:47:12.323;VU;AS175-AS1-20180127174337
2018-01-27 17:47:19.045;RC;AS175-AS1-20180127174507
2018-01-27 17:47:19.891;SS;AS175-AS1-20180127174507
2018-01-27 17:48:23.158;RO;AS175-AS1-20180127174636
2018-01-27 17:48:24.411;SP;AS175-AS1-20180127174636
2018-01-27 17:48:26.045;SQ;AS175-AS1-20180127174826
2018-01-27 17:48:45.237;RU;AS175-AS1-20180127174507
2018-01-27 17:48:47.068;VU;AS175-AS1-20180127174507
2018-01-27 17:49:08.308;RC;AS175-AS1-20180127174636
2018-01-27 17:49:09.117;SS;AS175-AS1-20180127174636
2018-01-27 17:49:45.947;RO;AS175-AS1-20180127174826
2018-01-27 17:49:46.962;SP;AS175-AS1-20180127174826
2018-01-27 17:49:48.572;SQ;AS175-AS1-20180127174948
2018-01-27 17:50:22.174;RC;AS175-AS1-20180127174826
2018-01-27 17:50:23.007;SS;AS175-AS1-20180127174826
2018-01-27 17:50:33.178;RU;AS175-AS1-20180127174636
2018-01-27 17:50:35.012;VU;AS175-AS1-20180127174636
2018-01-27 17:51:00.519;RO;AS175-AS1-20180127174948
2018-01-27 17:51:01.488;SP;AS175-AS1-20180127174948
2018-01-27 17:51:03.141;SQ;AS175-AS1-20180127175103
2018-01-27 17:51:39.536;RU;AS175-AS1-20180127174826
2018-01-27 17:51:41.372;VU;AS175-AS1-20180127174826
2018-01-27 17:51:44.610;RC;AS175-AS1-20180127174948
2018-01-27 17:51:45.441;SS;AS175-AS1-20180127174948
2018-01-27 17:52:25.364;RO;AS175-AS1-20180127175103
2018-01-27 17:52:26.583;SP;AS175-AS1-20180127175103
2018-01-27 17:52:28.253;SQ;AS175-AS1-20180127175228
2018-01-27 17:53:11.669;RU;AS175-AS1-20180127174948
2018-01-27 17:53:11.755;RC;AS175-AS1-20180127175103
2018-01-27 17:53:13.344;SS;AS175-AS1-20180127175103
2018-01-27 17:53:14.258;VU;AS175-AS1-20180127174948
2018-01-27 17:53:53.731;RO;AS175-AS1-20180127175228
2018-01-27 17:53:54.676;SP;AS175-AS1-20180127175228
2018-01-27 17:53:56.291;SQ;AS175-AS1-20180127175356
2018-01-27 17:54:28.282;RC;AS175-AS1-20180127175228
2018-01-27 17:54:29.095;SS;AS175-AS1-20180127175228
2018-01-27 17:54:36.456;RU;AS175-AS1-20180127175103
2018-01-27 17:54:38.313;VU;AS175-AS1-20180127175103
2018-01-27 17:55:12.772;RO;AS175-AS1-20180127175356
2018-01-27 17:55:13.701;SP;AS175-AS1-20180127175356
2018-01-27 17:55:15.347;SQ;AS175-AS1-20180127175515
2018-01-27 17:55:39.219;RU;AS175-AS1-20180127175228
2018-01-27 17:55:56.582;RC;AS175-AS1-20180127175356
2018-01-27 17:55:58.237;SS;AS175-AS1-20180127175356
2018-01-27 17:56:40.614;RO;AS175-AS1-20180127175515
2018-01-27 17:56:41.938;SP;AS175-AS1-20180127175515
2018-01-27 17:56:44.400;SQ;AS175-AS1-20180127175644
2018-01-27 17:57:19.359;RU;AS175-AS1-20180127175356
2018-01-27 17:57:20.496;RC;AS175-AS1-20180127175515
2018-01-27 17:57:21.398;VU;AS175-AS1-20180127175356
2018-01-27 17:57:21.793;SS;AS175-AS1-20180127175515
2018-01-27 17:58:04.497;RO;AS175-AS1-20180127175644
2018-01-27 17:58:05.642;SP;AS175-AS1-20180127175644
2018-01-27 17:58:08.150;SQ;AS175-AS1-20180127175808
2018-01-27 17:58:27.020;RU;AS175-AS1-20180127175515
2018-01-27 17:58:30.151;VU;AS175-AS1-20180127175515
2018-01-27 17:58:36.784;RC;AS175-AS1-20180127175644
2018-01-27 17:58:38.402;SS;AS175-AS1-20180127175644
2018-01-27 17:59:12.188;RO;AS175-AS1-20180127175808
2018-01-27 17:59:14.995;SP;AS175-AS1-20180127175808
2018-01-27 17:59:17.756;SQ;AS175-AS1-20180127175917
2018-01-27 17:59:41.762;RC;AS175-AS1-20180127175808
2018-01-27 17:59:42.708;SS;AS175-AS1-20180127175808
2018-01-27 18:00:19.796;RO;AS175-AS1-20180127175917
2018-01-27 18:00:20.747;SP;AS175-AS1-20180127175917
2018-01-27 18:00:34.028;RU;AS175-AS1-20180127175644
2018-01-27 18:00:36.180;VU;AS175-AS1-20180127175644
2018-01-27 18:00:39.543;RU;AS175-AS1-20180127175808
2018-01-27 18:00:41.350;VU;AS175-AS1-20180127175808
2018-01-27 18:00:41.861;RC;AS175-AS1-20180127175917
2018-01-27 18:00:44.858;SS;AS175-AS1-20180127175917
2018-01-27 18:01:09.133;RU;AS175-AS1-20180127175917
2018-01-27 18:01:11.191;VU;AS175-AS1-20180127175917
