2018-01-27 17:18:31.966;SQ;AS17-AS1-20180127171831
2018-01-27 17:18:57.495;RO;AS17-AS1-20180127171831
2018-01-27 17:18:58.319;SP;AS17-AS1-20180127171831
2018-01-27 17:18:59.938;SQ;AS17-AS1-20180127171859
2018-01-27 17:19:16.192;RC;AS17-AS1-20180127171831
2018-01-27 17:19:17.010;SS;AS17-AS1-20180127171831
2018-01-27 17:19:40.250;RO;AS17-AS1-20180127171859
2018-01-27 17:19:41.308;SP;AS17-AS1-20180127171859
2018-01-27 17:19:42.990;SQ;AS17-AS1-20180127171942
2018-01-27 17:20:19.614;RC;AS17-AS1-20180127171859
2018-01-27 17:20:20.458;SS;AS17-AS1-20180127171859
2018-01-27 17:20:32.564;RU;AS17-AS1-20180127171831
2018-01-27 17:20:34.925;VU;AS17-AS1-20180127171831
2018-01-27 17:21:04.505;RO;AS17-AS1-20180127171942
2018-01-27 17:21:06.096;SP;AS17-AS1-20180127171942
2018-01-27 17:21:07.781;SQ;AS17-AS1-20180127172107
2018-01-27 17:21:41.272;RC;AS17-AS1-20180127171942
2018-01-27 17:21:42.099;SS;AS17-AS1-20180127171942
2018-01-27 17:21:48.471;RU;AS17-AS1-20180127171859
2018-01-27 17:21:50.299;VU;AS17-AS1-20180127171859
2018-01-27 17:22:32.195;RO;AS17-AS1-20180127172107
2018-01-27 17:22:33.191;SP;AS17-AS1-20180127172107
2018-01-27 17:22:34.839;SQ;AS17-AS1-20180127172234
2018-01-27 17:23:01.016;RU;AS17-AS1-20180127171942
2018-01-27 17:23:02.851;VU;AS17-AS1-20180127171942
2018-01-27 17:23:13.426;RC;AS17-AS1-20180127172107
2018-01-27 17:23:14.252;SS;AS17-AS1-20180127172107
2018-01-27 17:23:39.549;RO;AS17-AS1-20180127172234
2018-01-27 17:23:41.680;SP;AS17-AS1-20180127172234
2018-01-27 17:23:44.566;SQ;AS17-AS1-20180127172344
2018-01-27 17:24:25.038;RC;AS17-AS1-20180127172234
2018-01-27 17:24:26.105;SS;AS17-AS1-20180127172234
2018-01-27 17:24:34.052;RU;AS17-AS1-20180127172107
2018-01-27 17:24:35.893;VU;AS17-AS1-20180127172107
2018-01-27 17:25:00.574;RO;AS17-AS1-20180127172344
2018-01-27 17:25:01.494;SP;AS17-AS1-20180127172344
2018-01-27 17:25:03.161;SQ;AS17-AS1-20180127172503
2018-01-27 17:25:45.465;RC;AS17-AS1-20180127172344
2018-01-27 17:25:46.273;SS;AS17-AS1-20180127172344
2018-01-27 17:25:49.138;RU;AS17-AS1-20180127172234
2018-01-27 17:25:50.954;VU;AS17-AS1-20180127172234
2018-01-27 17:26:28.314;RO;AS17-AS1-20180127172503
2018-01-27 17:26:29.606;SP;AS17-AS1-20180127172503
2018-01-27 17:26:31.302;SQ;AS17-AS1-20180127172631
2018-01-27 17:27:06.020;RC;AS17-AS1-20180127172503
2018-01-27 17:27:06.858;SS;AS17-AS1-20180127172503
2018-01-27 17:27:10.608;RU;AS17-AS1-20180127172344
2018-01-27 17:27:12.442;VU;AS17-AS1-20180127172344
2018-01-27 17:27:51.386;RO;AS17-AS1-20180127172631
2018-01-27 17:27:52.243;SP;AS17-AS1-20180127172631
2018-01-27 17:27:53.924;SQ;AS17-AS1-20180127172753
2018-01-27 17:28:31.807;RU;AS17-AS1-20180127172503
2018-01-27 17:28:33.642;VU;AS17-AS1-20180127172503
2018-01-27 17:28:34.766;RC;AS17-AS1-20180127172631
2018-01-27 17:28:35.827;SS;AS17-AS1-20180127172631
2018-01-27 17:29:05.975;RO;AS17-AS1-20180127172753
2018-01-27 17:29:06.835;SP;AS17-AS1-20180127172753
2018-01-27 17:29:10.035;SQ;AS17-AS1-20180127172910
2018-01-27 17:29:48.255;RC;AS17-AS1-20180127172753
2018-01-27 17:29:49.083;SS;AS17-AS1-20180127172753
2018-01-27 17:30:06.761;RU;AS17-AS1-20180127172631
2018-01-27 17:30:08.595;VU;AS17-AS1-20180127172631
2018-01-27 17:30:31.521;RO;AS17-AS1-20180127172910
2018-01-27 17:30:32.465;SP;AS17-AS1-20180127172910
2018-01-27 17:30:34.144;SQ;AS17-AS1-20180127173034
2018-01-27 17:31:07.947;RU;AS17-AS1-20180127172753
2018-01-27 17:31:09.775;VU;AS17-AS1-20180127172753
2018-01-27 17:31:14.356;RC;AS17-AS1-20180127172910
2018-01-27 17:31:15.207;SS;AS17-AS1-20180127172910
2018-01-27 17:31:50.035;RO;AS17-AS1-20180127173034
2018-01-27 17:31:51.036;SP;AS17-AS1-20180127173034
2018-01-27 17:31:52.724;SQ;AS17-AS1-20180127173152
2018-01-27 17:32:33.255;RC;AS17-AS1-20180127173034
2018-01-27 17:32:34.100;SS;AS17-AS1-20180127173034
2018-01-27 17:32:37.882;RU;AS17-AS1-20180127172910
2018-01-27 17:32:39.710;VU;AS17-AS1-20180127172910
2018-01-27 17:33:11.864;RO;AS17-AS1-20180127173152
2018-01-27 17:33:13.164;SP;AS17-AS1-20180127173152
2018-01-27 17:33:14.858;SQ;AS17-AS1-20180127173314
2018-01-27 17:33:55.906;RC;AS17-AS1-20180127173152
2018-01-27 17:33:56.720;SS;AS17-AS1-20180127173152
2018-01-27 17:34:07.235;RU;AS17-AS1-20180127173034
2018-01-27 17:34:09.090;VU;AS17-AS1-20180127173034
2018-01-27 17:34:38.047;RO;AS17-AS1-20180127173314
2018-01-27 17:34:39.254;SP;AS17-AS1-20180127173314
2018-01-27 17:34:40.921;SQ;AS17-AS1-20180127173440
2018-01-27 17:35:17.809;RC;AS17-AS1-20180127173314
2018-01-27 17:35:18.628;SS;AS17-AS1-20180127173314
2018-01-27 17:35:46.699;RU;AS17-AS1-20180127173152
2018-01-27 17:35:48.530;VU;AS17-AS1-20180127173152
2018-01-27 17:36:08.638;RO;AS17-AS1-20180127173440
2018-01-27 17:36:09.866;SP;AS17-AS1-20180127173440
2018-01-27 17:36:11.535;SQ;AS17-AS1-20180127173611
2018-01-27 17:36:45.544;RU;AS17-AS1-20180127173314
2018-01-27 17:36:47.361;VU;AS17-AS1-20180127173314
2018-01-27 17:36:47.811;RC;AS17-AS1-20180127173440
2018-01-27 17:36:48.642;SS;AS17-AS1-20180127173440
2018-01-27 17:37:30.876;RO;AS17-AS1-20180127173611
2018-01-27 17:37:31.972;SP;AS17-AS1-20180127173611
2018-01-27 17:37:33.617;SQ;AS17-AS1-20180127173733
2018-01-27 17:38:07.402;RC;AS17-AS1-20180127173611
2018-01-27 17:38:08.261;SS;AS17-AS1-20180127173611
2018-01-27 17:38:11.878;RU;AS17-AS1-20180127173440
2018-01-27 17:38:13.707;VU;AS17-AS1-20180127173440
2018-01-27 17:38:49.742;RO;AS17-AS1-20180127173733
2018-01-27 17:38:51.029;SP;AS17-AS1-20180127173733
2018-01-27 17:38:52.649;SQ;AS17-AS1-20180127173852
2018-01-27 17:39:21.686;RC;AS17-AS1-20180127173733
2018-01-27 17:39:22.500;SS;AS17-AS1-20180127173733
2018-01-27 17:39:36.142;RU;AS17-AS1-20180127173611
2018-01-27 17:39:37.960;VU;AS17-AS1-20180127173611
2018-01-27 17:40:15.191;RO;AS17-AS1-20180127173852
2018-01-27 17:40:16.061;SP;AS17-AS1-20180127173852
2018-01-27 17:40:18.895;SQ;AS17-AS1-20180127174018
2018-01-27 17:40:46.545;RU;AS17-AS1-20180127173733
2018-01-27 17:40:48.621;VU;AS17-AS1-20180127173733
2018-01-27 17:40:56.535;RC;AS17-AS1-20180127173852
2018-01-27 17:40:57.383;SS;AS17-AS1-20180127173852
2018-01-27 17:41:36.690;RO;AS17-AS1-20180127174018
2018-01-27 17:41:37.799;SP;AS17-AS1-20180127174018
2018-01-27 17:41:39.440;SQ;AS17-AS1-20180127174139
2018-01-27 17:42:12.467;RU;AS17-AS1-20180127173852
2018-01-27 17:42:14.295;VU;AS17-AS1-20180127173852
2018-01-27 17:42:21.072;RC;AS17-AS1-20180127174018
2018-01-27 17:42:22.340;SS;AS17-AS1-20180127174018
2018-01-27 17:43:07.368;RO;AS17-AS1-20180127174139
2018-01-27 17:43:08.554;SP;AS17-AS1-20180127174139
2018-01-27 17:43:10.225;SQ;AS17-AS1-20180127174310
2018-01-27 17:43:47.862;RU;AS17-AS1-20180127174018
2018-01-27 17:43:49.610;RC;AS17-AS1-20180127174139
2018-01-27 17:43:49.690;VU;AS17-AS1-20180127174018
2018-01-27 17:43:50.434;SS;AS17-AS1-20180127174139
2018-01-27 17:44:34.117;RO;AS17-AS1-20180127174310
2018-01-27 17:44:35.137;SP;AS17-AS1-20180127174310
2018-01-27 17:44:36.791;SQ;AS17-AS1-20180127174436
2018-01-27 17:45:07.490;RC;AS17-AS1-20180127174310
2018-01-27 17:45:08.335;SS;AS17-AS1-20180127174310
2018-01-27 17:45:17.319;RU;AS17-AS1-20180127174139
2018-01-27 17:45:19.144;VU;AS17-AS1-20180127174139
2018-01-27 17:45:55.249;RO;AS17-AS1-20180127174436
2018-01-27 17:45:56.191;SP;AS17-AS1-20180127174436
2018-01-27 17:45:57.811;SQ;AS17-AS1-20180127174557
2018-01-27 17:46:29.334;RU;AS17-AS1-20180127174310
2018-01-27 17:46:41.006;RC;AS17-AS1-20180127174436
2018-01-27 17:46:42.544;SS;AS17-AS1-20180127174436
2018-01-27 17:47:17.672;RO;AS17-AS1-20180127174557
2018-01-27 17:47:20.547;SP;AS17-AS1-20180127174557
2018-01-27 17:47:22.852;SQ;AS17-AS1-20180127174722
2018-01-27 17:48:03.224;RC;AS17-AS1-20180127174557
2018-01-27 17:48:05.063;SS;AS17-AS1-20180127174557
2018-01-27 17:48:05.702;RU;AS17-AS1-20180127174436
2018-01-27 17:48:08.733;VU;AS17-AS1-20180127174436
2018-01-27 17:48:43.858;RO;AS17-AS1-20180127174722
2018-01-27 17:48:44.880;SP;AS17-AS1-20180127174722
2018-01-27 17:48:47.414;SQ;AS17-AS1-20180127174847
2018-01-27 17:49:16.580;RC;AS17-AS1-20180127174722
2018-01-27 17:49:17.425;SS;AS17-AS1-20180127174722
2018-01-27 17:50:02.749;RO;AS17-AS1-20180127174847
2018-01-27 17:50:04.646;SP;AS17-AS1-20180127174847
2018-01-27 17:50:07.174;SQ;AS17-AS1-20180127175007
2018-01-27 17:50:13.310;RU;AS17-AS1-20180127174557
2018-01-27 17:50:15.571;VU;AS17-AS1-20180127174557
2018-01-27 17:50:34.850;RC;AS17-AS1-20180127174847
2018-01-27 17:50:35.691;SS;AS17-AS1-20180127174847
2018-01-27 17:50:43.669;RU;AS17-AS1-20180127174722
2018-01-27 17:50:45.815;VU;AS17-AS1-20180127174722
2018-01-27 17:51:22.287;RO;AS17-AS1-20180127175007
2018-01-27 17:51:24.312;SP;AS17-AS1-20180127175007
2018-01-27 17:51:26.840;SQ;AS17-AS1-20180127175126
2018-01-27 17:51:59.335;RU;AS17-AS1-20180127174847
2018-01-27 17:52:03.359;VU;AS17-AS1-20180127174847
2018-01-27 17:52:06.193;RC;AS17-AS1-20180127175007
2018-01-27 17:52:07.089;SS;AS17-AS1-20180127175007
2018-01-27 17:53:12.019;RU;AS17-AS1-20180127175007
2018-01-27 17:53:30.018;RO;AS17-AS1-20180127175126
2018-01-27 17:53:31.012;SP;AS17-AS1-20180127175126
2018-01-27 17:53:36.189;SQ;AS17-AS1-20180127175336
2018-01-27 17:54:14.797;RC;AS17-AS1-20180127175126
2018-01-27 17:54:16.643;SS;AS17-AS1-20180127175126
2018-01-27 17:54:47.674;RO;AS17-AS1-20180127175336
2018-01-27 17:54:51.896;SP;AS17-AS1-20180127175336
2018-01-27 17:54:55.400;SQ;AS17-AS1-20180127175455
2018-01-27 17:55:35.091;RC;AS17-AS1-20180127175336
2018-01-27 17:55:36.820;RU;AS17-AS1-20180127175126
2018-01-27 17:55:39.658;SS;AS17-AS1-20180127175336
2018-01-27 17:55:41.265;VU;AS17-AS1-20180127175126
2018-01-27 17:56:46.165;RO;AS17-AS1-20180127175455
2018-01-27 17:56:48.417;SP;AS17-AS1-20180127175455
2018-01-27 17:56:52.357;SQ;AS17-AS1-20180127175652
2018-01-27 17:56:55.419;RU;AS17-AS1-20180127175336
2018-01-27 17:56:59.125;VU;AS17-AS1-20180127175336
2018-01-27 17:57:32.407;RC;AS17-AS1-20180127175455
2018-01-27 17:57:33.915;SS;AS17-AS1-20180127175455
2018-01-27 17:58:30.006;RO;AS17-AS1-20180127175652
2018-01-27 17:58:32.120;SP;AS17-AS1-20180127175652
2018-01-27 17:58:35.878;SQ;AS17-AS1-20180127175835
2018-01-27 17:58:53.484;RU;AS17-AS1-20180127175455
2018-01-27 17:58:56.468;VU;AS17-AS1-20180127175455
2018-01-27 17:59:11.895;RC;AS17-AS1-20180127175652
2018-01-27 17:59:15.661;SS;AS17-AS1-20180127175652
2018-01-27 17:59:41.791;RO;AS17-AS1-20180127175835
2018-01-27 17:59:44.383;SP;AS17-AS1-20180127175835
2018-01-27 18:00:13.972;RC;AS17-AS1-20180127175835
2018-01-27 18:00:14.115;RU;AS17-AS1-20180127175652
2018-01-27 18:00:19.002;SS;AS17-AS1-20180127175835
2018-01-27 18:00:20.618;VU;AS17-AS1-20180127175652
2018-01-27 18:00:58.455;RU;AS17-AS1-20180127175835
2018-01-27 18:01:02.266;VU;AS17-AS1-20180127175835
