2018-01-27 17:18:30.862;SQ;AS172-AS1-20180127171830
2018-01-27 17:18:43.737;RO;AS172-AS1-20180127171830
2018-01-27 17:18:44.635;SP;AS172-AS1-20180127171830
2018-01-27 17:18:46.164;SQ;AS172-AS1-20180127171846
2018-01-27 17:19:04.275;RC;AS172-AS1-20180127171830
2018-01-27 17:19:05.057;SS;AS172-AS1-20180127171830
2018-01-27 17:19:33.114;RO;AS172-AS1-20180127171846
2018-01-27 17:19:34.022;SP;AS172-AS1-20180127171846
2018-01-27 17:19:35.567;SQ;AS172-AS1-20180127171935
2018-01-27 17:20:07.968;RC;AS172-AS1-20180127171846
2018-01-27 17:20:08.749;SS;AS172-AS1-20180127171846
2018-01-27 17:20:13.473;RU;AS172-AS1-20180127171830
2018-01-27 17:20:15.226;VU;AS172-AS1-20180127171830
2018-01-27 17:20:51.730;RO;AS172-AS1-20180127171935
2018-01-27 17:20:52.936;SP;AS172-AS1-20180127171935
2018-01-27 17:20:54.475;SQ;AS172-AS1-20180127172054
2018-01-27 17:21:23.329;RC;AS172-AS1-20180127171935
2018-01-27 17:21:24.115;SS;AS172-AS1-20180127171935
2018-01-27 17:21:28.119;RU;AS172-AS1-20180127171846
2018-01-27 17:21:29.914;VU;AS172-AS1-20180127171846
2018-01-27 17:22:20.721;RO;AS172-AS1-20180127172054
2018-01-27 17:22:22.176;SP;AS172-AS1-20180127172054
2018-01-27 17:22:25.336;SQ;AS172-AS1-20180127172225
2018-01-27 17:22:44.725;RU;AS172-AS1-20180127171935
2018-01-27 17:22:46.503;VU;AS172-AS1-20180127171935
2018-01-27 17:22:59.294;RC;AS172-AS1-20180127172054
2018-01-27 17:23:00.083;SS;AS172-AS1-20180127172054
2018-01-27 17:23:39.307;RO;AS172-AS1-20180127172225
2018-01-27 17:23:40.712;SP;AS172-AS1-20180127172225
2018-01-27 17:23:43.805;SQ;AS172-AS1-20180127172343
2018-01-27 17:24:21.416;RC;AS172-AS1-20180127172225
2018-01-27 17:24:22.220;SS;AS172-AS1-20180127172225
2018-01-27 17:24:24.675;RU;AS172-AS1-20180127172054
2018-01-27 17:24:26.470;VU;AS172-AS1-20180127172054
2018-01-27 17:25:09.376;RO;AS172-AS1-20180127172343
2018-01-27 17:25:10.184;SP;AS172-AS1-20180127172343
2018-01-27 17:25:11.748;SQ;AS172-AS1-20180127172511
2018-01-27 17:25:45.601;RU;AS172-AS1-20180127172225
2018-01-27 17:25:47.406;VU;AS172-AS1-20180127172225
2018-01-27 17:25:50.073;RC;AS172-AS1-20180127172343
2018-01-27 17:25:50.861;SS;AS172-AS1-20180127172343
2018-01-27 17:26:29.322;RO;AS172-AS1-20180127172511
2018-01-27 17:26:30.147;SP;AS172-AS1-20180127172511
2018-01-27 17:26:31.685;SQ;AS172-AS1-20180127172631
2018-01-27 17:27:12.237;RC;AS172-AS1-20180127172511
2018-01-27 17:27:13.027;SS;AS172-AS1-20180127172511
2018-01-27 17:27:14.585;RU;AS172-AS1-20180127172343
2018-01-27 17:27:16.373;VU;AS172-AS1-20180127172343
2018-01-27 17:27:52.107;RO;AS172-AS1-20180127172631
2018-01-27 17:27:53.059;SP;AS172-AS1-20180127172631
2018-01-27 17:27:54.586;SQ;AS172-AS1-20180127172754
2018-01-27 17:28:31.707;RC;AS172-AS1-20180127172631
2018-01-27 17:28:32.488;SS;AS172-AS1-20180127172631
2018-01-27 17:28:37.932;RU;AS172-AS1-20180127172511
2018-01-27 17:28:39.699;VU;AS172-AS1-20180127172511
2018-01-27 17:29:06.105;RO;AS172-AS1-20180127172754
2018-01-27 17:29:06.966;SP;AS172-AS1-20180127172754
2018-01-27 17:29:10.118;SQ;AS172-AS1-20180127172910
2018-01-27 17:29:48.472;RC;AS172-AS1-20180127172754
2018-01-27 17:29:49.270;SS;AS172-AS1-20180127172754
2018-01-27 17:30:04.517;RU;AS172-AS1-20180127172631
2018-01-27 17:30:06.317;VU;AS172-AS1-20180127172631
2018-01-27 17:30:34.473;RO;AS172-AS1-20180127172910
2018-01-27 17:30:35.499;SP;AS172-AS1-20180127172910
2018-01-27 17:30:37.053;SQ;AS172-AS1-20180127173037
2018-01-27 17:31:11.959;RU;AS172-AS1-20180127172754
2018-01-27 17:31:14.020;VU;AS172-AS1-20180127172754
2018-01-27 17:31:21.049;RC;AS172-AS1-20180127172910
2018-01-27 17:31:21.801;SS;AS172-AS1-20180127172910
2018-01-27 17:31:50.775;RO;AS172-AS1-20180127173037
2018-01-27 17:31:51.878;SP;AS172-AS1-20180127173037
2018-01-27 17:31:53.445;SQ;AS172-AS1-20180127173153
2018-01-27 17:32:30.243;RC;AS172-AS1-20180127173037
2018-01-27 17:32:31.021;SS;AS172-AS1-20180127173037
2018-01-27 17:32:38.710;RU;AS172-AS1-20180127172910
2018-01-27 17:32:40.497;VU;AS172-AS1-20180127172910
2018-01-27 17:33:00.722;RO;AS172-AS1-20180127173153
2018-01-27 17:33:01.821;SP;AS172-AS1-20180127173153
2018-01-27 17:33:03.397;SQ;AS172-AS1-20180127173303
2018-01-27 17:33:31.659;RC;AS172-AS1-20180127173153
2018-01-27 17:33:33.316;SS;AS172-AS1-20180127173153
2018-01-27 17:33:45.059;RU;AS172-AS1-20180127173037
2018-01-27 17:33:46.874;VU;AS172-AS1-20180127173037
2018-01-27 17:34:28.203;RO;AS172-AS1-20180127173303
2018-01-27 17:34:29.272;SP;AS172-AS1-20180127173303
2018-01-27 17:34:30.864;SQ;AS172-AS1-20180127173430
2018-01-27 17:34:54.354;RU;AS172-AS1-20180127173153
2018-01-27 17:34:56.122;VU;AS172-AS1-20180127173153
2018-01-27 17:35:46.863;RC;AS172-AS1-20180127173303
2018-01-27 17:35:47.620;SS;AS172-AS1-20180127173303
2018-01-27 17:35:52.436;RO;AS172-AS1-20180127173430
2018-01-27 17:35:53.204;SP;AS172-AS1-20180127173430
2018-01-27 17:35:54.735;SQ;AS172-AS1-20180127173554
2018-01-27 17:36:37.017;RC;AS172-AS1-20180127173430
2018-01-27 17:36:38.176;SS;AS172-AS1-20180127173430
2018-01-27 17:37:17.728;RU;AS172-AS1-20180127173303
2018-01-27 17:37:19.509;VU;AS172-AS1-20180127173303
2018-01-27 17:37:21.657;RO;AS172-AS1-20180127173554
2018-01-27 17:37:23.367;SP;AS172-AS1-20180127173554
2018-01-27 17:37:25.291;SQ;AS172-AS1-20180127173725
2018-01-27 17:37:55.522;RU;AS172-AS1-20180127173430
2018-01-27 17:37:57.307;VU;AS172-AS1-20180127173430
2018-01-27 17:38:02.029;RC;AS172-AS1-20180127173554
2018-01-27 17:38:02.766;SS;AS172-AS1-20180127173554
2018-01-27 17:38:37.768;RO;AS172-AS1-20180127173725
2018-01-27 17:38:38.634;SP;AS172-AS1-20180127173725
2018-01-27 17:38:40.207;SQ;AS172-AS1-20180127173840
2018-01-27 17:39:21.406;RC;AS172-AS1-20180127173725
2018-01-27 17:39:22.204;SS;AS172-AS1-20180127173725
2018-01-27 17:39:26.568;RU;AS172-AS1-20180127173554
2018-01-27 17:39:29.163;VU;AS172-AS1-20180127173554
2018-01-27 17:40:05.662;RO;AS172-AS1-20180127173840
2018-01-27 17:40:06.614;SP;AS172-AS1-20180127173840
2018-01-27 17:40:08.158;SQ;AS172-AS1-20180127174008
2018-01-27 17:40:43.206;RU;AS172-AS1-20180127173725
2018-01-27 17:40:44.999;VU;AS172-AS1-20180127173725
2018-01-27 17:40:46.541;RC;AS172-AS1-20180127173840
2018-01-27 17:40:47.470;SS;AS172-AS1-20180127173840
2018-01-27 17:41:31.166;RO;AS172-AS1-20180127174008
2018-01-27 17:41:32.068;SP;AS172-AS1-20180127174008
2018-01-27 17:41:33.674;SQ;AS172-AS1-20180127174133
2018-01-27 17:42:12.538;RC;AS172-AS1-20180127174008
2018-01-27 17:42:13.298;SS;AS172-AS1-20180127174008
2018-01-27 17:42:15.552;RU;AS172-AS1-20180127173840
2018-01-27 17:42:17.333;VU;AS172-AS1-20180127173840
2018-01-27 17:42:51.527;RO;AS172-AS1-20180127174133
2018-01-27 17:42:53.004;SP;AS172-AS1-20180127174133
2018-01-27 17:42:54.509;SQ;AS172-AS1-20180127174254
2018-01-27 17:43:24.055;RC;AS172-AS1-20180127174133
2018-01-27 17:43:24.828;SS;AS172-AS1-20180127174133
2018-01-27 17:43:34.907;RU;AS172-AS1-20180127174008
2018-01-27 17:43:36.688;VU;AS172-AS1-20180127174008
2018-01-27 17:44:13.790;RO;AS172-AS1-20180127174254
2018-01-27 17:44:14.855;SP;AS172-AS1-20180127174254
2018-01-27 17:44:16.425;SQ;AS172-AS1-20180127174416
2018-01-27 17:44:45.516;RU;AS172-AS1-20180127174133
2018-01-27 17:44:47.296;VU;AS172-AS1-20180127174133
2018-01-27 17:44:54.100;RC;AS172-AS1-20180127174254
2018-01-27 17:44:54.858;SS;AS172-AS1-20180127174254
2018-01-27 17:45:34.874;RO;AS172-AS1-20180127174416
2018-01-27 17:45:35.802;SP;AS172-AS1-20180127174416
2018-01-27 17:45:37.350;SQ;AS172-AS1-20180127174537
2018-01-27 17:46:08.781;RC;AS172-AS1-20180127174416
2018-01-27 17:46:09.577;SS;AS172-AS1-20180127174416
2018-01-27 17:46:21.788;RU;AS172-AS1-20180127174254
2018-01-27 17:46:23.623;VU;AS172-AS1-20180127174254
2018-01-27 17:46:55.157;RO;AS172-AS1-20180127174537
2018-01-27 17:46:56.235;SP;AS172-AS1-20180127174537
2018-01-27 17:46:57.852;SQ;AS172-AS1-20180127174657
2018-01-27 17:47:27.102;RC;AS172-AS1-20180127174537
2018-01-27 17:47:27.871;SS;AS172-AS1-20180127174537
2018-01-27 17:47:40.125;RU;AS172-AS1-20180127174416
2018-01-27 17:47:41.877;VU;AS172-AS1-20180127174416
2018-01-27 17:48:18.794;RO;AS172-AS1-20180127174657
2018-01-27 17:48:20.257;SP;AS172-AS1-20180127174657
2018-01-27 17:48:22.538;SQ;AS172-AS1-20180127174822
2018-01-27 17:49:01.174;RC;AS172-AS1-20180127174657
2018-01-27 17:49:01.175;RU;AS172-AS1-20180127174537
2018-01-27 17:49:02.792;SS;AS172-AS1-20180127174657
2018-01-27 17:49:45.273;RO;AS172-AS1-20180127174822
2018-01-27 17:49:47.125;SP;AS172-AS1-20180127174822
2018-01-27 17:49:49.296;SQ;AS172-AS1-20180127174949
2018-01-27 17:50:22.822;RU;AS172-AS1-20180127174657
2018-01-27 17:50:23.287;RC;AS172-AS1-20180127174822
2018-01-27 17:50:25.568;SS;AS172-AS1-20180127174822
2018-01-27 17:50:25.847;VU;AS172-AS1-20180127174657
2018-01-27 17:51:11.635;RO;AS172-AS1-20180127174949
2018-01-27 17:51:14.148;SP;AS172-AS1-20180127174949
2018-01-27 17:51:16.608;SQ;AS172-AS1-20180127175116
2018-01-27 17:51:43.419;RU;AS172-AS1-20180127174822
2018-01-27 17:51:47.040;VU;AS172-AS1-20180127174822
2018-01-27 17:51:57.383;RC;AS172-AS1-20180127174949
2018-01-27 17:51:58.468;SS;AS172-AS1-20180127174949
2018-01-27 17:52:39.047;RO;AS172-AS1-20180127175116
2018-01-27 17:52:40.554;SP;AS172-AS1-20180127175116
2018-01-27 17:52:42.633;SQ;AS172-AS1-20180127175242
2018-01-27 17:52:59.376;RC;AS172-AS1-20180127175116
2018-01-27 17:53:01.252;SS;AS172-AS1-20180127175116
2018-01-27 17:53:21.495;RU;AS172-AS1-20180127174949
2018-01-27 17:53:23.499;VU;AS172-AS1-20180127174949
2018-01-27 17:53:53.978;RO;AS172-AS1-20180127175242
2018-01-27 17:53:55.205;SP;AS172-AS1-20180127175242
2018-01-27 17:53:57.540;SQ;AS172-AS1-20180127175357
2018-01-27 17:54:25.384;RU;AS172-AS1-20180127175116
2018-01-27 17:54:27.218;VU;AS172-AS1-20180127175116
2018-01-27 17:54:34.852;RC;AS172-AS1-20180127175242
2018-01-27 17:54:35.869;SS;AS172-AS1-20180127175242
2018-01-27 17:55:20.543;RO;AS172-AS1-20180127175357
2018-01-27 17:55:22.903;SP;AS172-AS1-20180127175357
2018-01-27 17:55:24.945;SQ;AS172-AS1-20180127175524
2018-01-27 17:55:56.646;RU;AS172-AS1-20180127175242
2018-01-27 17:55:59.047;VU;AS172-AS1-20180127175242
2018-01-27 17:55:59.744;RC;AS172-AS1-20180127175357
2018-01-27 17:56:00.556;SS;AS172-AS1-20180127175357
2018-01-27 17:56:38.873;RO;AS172-AS1-20180127175524
2018-01-27 17:56:40.451;SP;AS172-AS1-20180127175524
2018-01-27 17:56:42.822;SQ;AS172-AS1-20180127175642
2018-01-27 17:57:02.789;RC;AS172-AS1-20180127175524
2018-01-27 17:57:03.550;SS;AS172-AS1-20180127175524
2018-01-27 17:57:25.336;RU;AS172-AS1-20180127175357
2018-01-27 17:57:28.445;VU;AS172-AS1-20180127175357
2018-01-27 17:57:56.573;RO;AS172-AS1-20180127175642
2018-01-27 17:57:57.908;SP;AS172-AS1-20180127175642
2018-01-27 17:58:18.294;RU;AS172-AS1-20180127175524
2018-01-27 17:58:20.665;VU;AS172-AS1-20180127175524
2018-01-27 17:58:27.340;RC;AS172-AS1-20180127175642
2018-01-27 17:58:29.725;SS;AS172-AS1-20180127175642
2018-01-27 17:59:40.314;RU;AS172-AS1-20180127175642
2018-01-27 17:59:42.539;VU;AS172-AS1-20180127175642
