2018-01-27 17:18:35.803;SQ;AS196-AS1-20180127171835
2018-01-27 17:19:33.467;RO;AS196-AS1-20180127171835
2018-01-27 17:19:34.685;SP;AS196-AS1-20180127171835
2018-01-27 17:19:36.365;SQ;AS196-AS1-20180127171936
2018-01-27 17:20:12.975;RC;AS196-AS1-20180127171835
2018-01-27 17:20:13.833;SS;AS196-AS1-20180127171835
2018-01-27 17:20:41.287;RO;AS196-AS1-20180127171936
2018-01-27 17:20:42.297;SP;AS196-AS1-20180127171936
2018-01-27 17:20:43.957;SQ;AS196-AS1-20180127172043
2018-01-27 17:21:29.382;RC;AS196-AS1-20180127171936
2018-01-27 17:21:30.243;SS;AS196-AS1-20180127171936
2018-01-27 17:21:36.705;RU;AS196-AS1-20180127171835
2018-01-27 17:21:38.564;VU;AS196-AS1-20180127171835
2018-01-27 17:22:17.704;RO;AS196-AS1-20180127172043
2018-01-27 17:22:18.887;SP;AS196-AS1-20180127172043
2018-01-27 17:22:20.578;SQ;AS196-AS1-20180127172220
2018-01-27 17:22:50.049;RU;AS196-AS1-20180127171936
2018-01-27 17:22:51.866;VU;AS196-AS1-20180127171936
2018-01-27 17:22:59.727;RC;AS196-AS1-20180127172043
2018-01-27 17:23:00.551;SS;AS196-AS1-20180127172043
2018-01-27 17:23:39.100;RO;AS196-AS1-20180127172220
2018-01-27 17:23:40.276;SP;AS196-AS1-20180127172220
2018-01-27 17:23:43.702;SQ;AS196-AS1-20180127172343
2018-01-27 17:24:20.954;RU;AS196-AS1-20180127172043
2018-01-27 17:24:22.108;RC;AS196-AS1-20180127172220
2018-01-27 17:24:22.816;VU;AS196-AS1-20180127172043
2018-01-27 17:24:22.926;SS;AS196-AS1-20180127172220
2018-01-27 17:25:32.723;RO;AS196-AS1-20180127172343
2018-01-27 17:25:33.670;SP;AS196-AS1-20180127172343
2018-01-27 17:25:35.338;SQ;AS196-AS1-20180127172535
2018-01-27 17:25:50.483;RU;AS196-AS1-20180127172220
2018-01-27 17:25:52.327;VU;AS196-AS1-20180127172220
2018-01-27 17:26:10.053;RC;AS196-AS1-20180127172343
2018-01-27 17:26:10.901;SS;AS196-AS1-20180127172343
2018-01-27 17:26:56.177;RO;AS196-AS1-20180127172535
2018-01-27 17:26:57.284;SP;AS196-AS1-20180127172535
2018-01-27 17:26:58.928;SQ;AS196-AS1-20180127172658
2018-01-27 17:27:34.719;RU;AS196-AS1-20180127172343
2018-01-27 17:27:37.144;VU;AS196-AS1-20180127172343
2018-01-27 17:28:19.457;RO;AS196-AS1-20180127172658
2018-01-27 17:28:20.729;SP;AS196-AS1-20180127172658
2018-01-27 17:28:21.348;RC;AS196-AS1-20180127172535
2018-01-27 17:28:23.777;SS;AS196-AS1-20180127172535
2018-01-27 17:28:24.307;SQ;AS196-AS1-20180127172824
2018-01-27 17:29:00.143;RC;AS196-AS1-20180127172658
2018-01-27 17:29:00.976;SS;AS196-AS1-20180127172658
2018-01-27 17:29:46.729;RO;AS196-AS1-20180127172824
2018-01-27 17:29:46.788;RU;AS196-AS1-20180127172535
2018-01-27 17:29:48.488;SP;AS196-AS1-20180127172824
2018-01-27 17:29:49.344;VU;AS196-AS1-20180127172535
2018-01-27 17:29:50.161;SQ;AS196-AS1-20180127172950
2018-01-27 17:30:25.665;RC;AS196-AS1-20180127172824
2018-01-27 17:30:26.507;SS;AS196-AS1-20180127172824
2018-01-27 17:30:31.611;RU;AS196-AS1-20180127172658
2018-01-27 17:30:33.462;VU;AS196-AS1-20180127172658
2018-01-27 17:31:07.505;RO;AS196-AS1-20180127172950
2018-01-27 17:31:08.596;SP;AS196-AS1-20180127172950
2018-01-27 17:31:10.268;SQ;AS196-AS1-20180127173110
2018-01-27 17:31:50.738;RC;AS196-AS1-20180127172950
2018-01-27 17:31:50.739;RU;AS196-AS1-20180127172824
2018-01-27 17:31:52.405;SS;AS196-AS1-20180127172950
2018-01-27 17:31:53.406;VU;AS196-AS1-20180127172824
2018-01-27 17:32:33.605;RO;AS196-AS1-20180127173110
2018-01-27 17:32:34.669;SP;AS196-AS1-20180127173110
2018-01-27 17:32:36.311;SQ;AS196-AS1-20180127173236
2018-01-27 17:33:17.508;RC;AS196-AS1-20180127173110
2018-01-27 17:33:18.540;SS;AS196-AS1-20180127173110
2018-01-27 17:33:44.039;RU;AS196-AS1-20180127172950
2018-01-27 17:33:45.878;VU;AS196-AS1-20180127172950
2018-01-27 17:33:56.707;RO;AS196-AS1-20180127173236
2018-01-27 17:33:57.728;SP;AS196-AS1-20180127173236
2018-01-27 17:33:59.411;SQ;AS196-AS1-20180127173359
2018-01-27 17:34:31.469;RU;AS196-AS1-20180127173110
2018-01-27 17:34:36.972;RC;AS196-AS1-20180127173236
2018-01-27 17:34:37.796;SS;AS196-AS1-20180127173236
2018-01-27 17:35:16.222;RO;AS196-AS1-20180127173359
2018-01-27 17:35:17.323;SP;AS196-AS1-20180127173359
2018-01-27 17:35:20.628;SQ;AS196-AS1-20180127173520
2018-01-27 17:35:48.691;RC;AS196-AS1-20180127173359
2018-01-27 17:35:49.633;SS;AS196-AS1-20180127173359
2018-01-27 17:36:05.042;RU;AS196-AS1-20180127173236
2018-01-27 17:36:08.274;VU;AS196-AS1-20180127173236
2018-01-27 17:36:46.909;RO;AS196-AS1-20180127173520
2018-01-27 17:36:48.212;SP;AS196-AS1-20180127173520
2018-01-27 17:36:50.620;SQ;AS196-AS1-20180127173650
2018-01-27 17:37:13.852;RU;AS196-AS1-20180127173359
2018-01-27 17:37:15.920;VU;AS196-AS1-20180127173359
2018-01-27 17:37:21.880;RC;AS196-AS1-20180127173520
2018-01-27 17:37:24.739;SS;AS196-AS1-20180127173520
2018-01-27 17:38:08.733;RO;AS196-AS1-20180127173650
2018-01-27 17:38:12.225;SP;AS196-AS1-20180127173650
2018-01-27 17:38:15.824;SQ;AS196-AS1-20180127173815
2018-01-27 17:38:49.726;RC;AS196-AS1-20180127173650
2018-01-27 17:38:49.731;RU;AS196-AS1-20180127173520
2018-01-27 17:38:51.870;SS;AS196-AS1-20180127173650
2018-01-27 17:38:52.870;VU;AS196-AS1-20180127173520
2018-01-27 17:39:36.144;RO;AS196-AS1-20180127173815
2018-01-27 17:39:37.293;SP;AS196-AS1-20180127173815
2018-01-27 17:39:39.821;SQ;AS196-AS1-20180127173939
2018-01-27 17:40:19.375;RC;AS196-AS1-20180127173815
2018-01-27 17:40:20.892;SS;AS196-AS1-20180127173815
2018-01-27 17:40:21.490;RU;AS196-AS1-20180127173650
2018-01-27 17:40:23.566;VU;AS196-AS1-20180127173650
2018-01-27 17:41:04.329;RO;AS196-AS1-20180127173939
2018-01-27 17:41:06.206;SP;AS196-AS1-20180127173939
2018-01-27 17:41:08.583;SQ;AS196-AS1-20180127174108
2018-01-27 17:41:32.171;RU;AS196-AS1-20180127173815
2018-01-27 17:41:34.295;VU;AS196-AS1-20180127173815
2018-01-27 17:41:43.249;RC;AS196-AS1-20180127173939
2018-01-27 17:41:44.374;SS;AS196-AS1-20180127173939
2018-01-27 17:42:21.074;RO;AS196-AS1-20180127174108
2018-01-27 17:42:23.284;SP;AS196-AS1-20180127174108
2018-01-27 17:42:25.621;SQ;AS196-AS1-20180127174225
2018-01-27 17:43:05.659;RU;AS196-AS1-20180127173939
2018-01-27 17:43:08.577;VU;AS196-AS1-20180127173939
2018-01-27 17:43:49.498;RC;AS196-AS1-20180127174108
2018-01-27 17:43:50.341;SS;AS196-AS1-20180127174108
2018-01-27 17:44:21.605;RO;AS196-AS1-20180127174225
2018-01-27 17:44:23.474;SP;AS196-AS1-20180127174225
2018-01-27 17:44:26.981;SQ;AS196-AS1-20180127174426
2018-01-27 17:45:05.039;RC;AS196-AS1-20180127174225
2018-01-27 17:45:06.505;SS;AS196-AS1-20180127174225
2018-01-27 17:45:12.268;RU;AS196-AS1-20180127174108
2018-01-27 17:46:11.188;RO;AS196-AS1-20180127174426
2018-01-27 17:46:13.330;SP;AS196-AS1-20180127174426
2018-01-27 17:46:19.128;SQ;AS196-AS1-20180127174619
2018-01-27 17:46:27.274;RU;AS196-AS1-20180127174225
2018-01-27 17:46:30.300;VU;AS196-AS1-20180127174225
2018-01-27 17:46:56.344;RC;AS196-AS1-20180127174426
2018-01-27 17:46:57.679;SS;AS196-AS1-20180127174426
2018-01-27 17:47:38.638;RO;AS196-AS1-20180127174619
2018-01-27 17:47:40.824;SP;AS196-AS1-20180127174619
2018-01-27 17:47:44.564;SQ;AS196-AS1-20180127174744
2018-01-27 17:48:11.978;RC;AS196-AS1-20180127174619
2018-01-27 17:48:13.873;SS;AS196-AS1-20180127174619
2018-01-27 17:48:20.972;RU;AS196-AS1-20180127174426
2018-01-27 17:48:24.286;VU;AS196-AS1-20180127174426
2018-01-27 17:49:29.781;RU;AS196-AS1-20180127174619
2018-01-27 17:49:31.886;VU;AS196-AS1-20180127174619
2018-01-27 17:49:39.843;RO;AS196-AS1-20180127174744
2018-01-27 17:49:41.301;SP;AS196-AS1-20180127174744
2018-01-27 17:49:44.949;SQ;AS196-AS1-20180127174944
2018-01-27 17:50:20.641;RC;AS196-AS1-20180127174744
2018-01-27 17:50:22.400;SS;AS196-AS1-20180127174744
2018-01-27 17:51:04.710;RO;AS196-AS1-20180127174944
2018-01-27 17:51:06.971;SP;AS196-AS1-20180127174944
2018-01-27 17:51:10.950;SQ;AS196-AS1-20180127175110
2018-01-27 17:51:46.320;RC;AS196-AS1-20180127174944
2018-01-27 17:51:47.613;RU;AS196-AS1-20180127174744
2018-01-27 17:51:48.832;SS;AS196-AS1-20180127174944
2018-01-27 17:51:50.964;VU;AS196-AS1-20180127174744
2018-01-27 17:52:38.333;RO;AS196-AS1-20180127175110
2018-01-27 17:52:40.444;SP;AS196-AS1-20180127175110
2018-01-27 17:52:44.607;SQ;AS196-AS1-20180127175244
2018-01-27 17:53:11.766;RU;AS196-AS1-20180127174944
2018-01-27 17:53:12.928;RC;AS196-AS1-20180127175110
2018-01-27 17:53:14.969;VU;AS196-AS1-20180127174944
2018-01-27 17:53:15.450;SS;AS196-AS1-20180127175110
2018-01-27 17:53:54.003;RO;AS196-AS1-20180127175244
2018-01-27 17:53:56.331;SP;AS196-AS1-20180127175244
2018-01-27 17:54:00.198;SQ;AS196-AS1-20180127175400
2018-01-27 17:54:43.402;RC;AS196-AS1-20180127175244
2018-01-27 17:54:43.644;RU;AS196-AS1-20180127175110
2018-01-27 17:54:45.928;SS;AS196-AS1-20180127175244
2018-01-27 17:54:47.421;VU;AS196-AS1-20180127175110
2018-01-27 17:55:14.487;RO;AS196-AS1-20180127175400
2018-01-27 17:55:16.316;SP;AS196-AS1-20180127175400
2018-01-27 17:55:21.420;SQ;AS196-AS1-20180127175521
2018-01-27 17:55:59.386;RU;AS196-AS1-20180127175244
2018-01-27 17:56:02.345;VU;AS196-AS1-20180127175244
2018-01-27 17:56:35.011;RC;AS196-AS1-20180127175400
2018-01-27 17:56:37.089;SS;AS196-AS1-20180127175400
2018-01-27 17:56:37.513;RO;AS196-AS1-20180127175521
2018-01-27 17:56:40.783;SP;AS196-AS1-20180127175521
2018-01-27 17:56:44.457;SQ;AS196-AS1-20180127175644
2018-01-27 17:57:18.634;RC;AS196-AS1-20180127175521
2018-01-27 17:57:20.432;SS;AS196-AS1-20180127175521
2018-01-27 17:57:50.701;RU;AS196-AS1-20180127175400
2018-01-27 17:57:53.705;VU;AS196-AS1-20180127175400
2018-01-27 17:58:07.935;RO;AS196-AS1-20180127175644
2018-01-27 17:58:10.352;SP;AS196-AS1-20180127175644
2018-01-27 17:58:15.613;SQ;AS196-AS1-20180127175815
2018-01-27 17:58:29.071;RU;AS196-AS1-20180127175521
2018-01-27 17:58:32.674;VU;AS196-AS1-20180127175521
2018-01-27 17:58:45.180;RC;AS196-AS1-20180127175644
2018-01-27 17:58:47.527;SS;AS196-AS1-20180127175644
2018-01-27 17:59:26.416;RO;AS196-AS1-20180127175815
2018-01-27 17:59:28.574;SP;AS196-AS1-20180127175815
2018-01-27 17:59:34.620;SQ;AS196-AS1-20180127175934
2018-01-27 17:59:57.934;RU;AS196-AS1-20180127175644
2018-01-27 17:59:59.509;RC;AS196-AS1-20180127175815
2018-01-27 18:00:02.329;VU;AS196-AS1-20180127175644
2018-01-27 18:00:04.265;SS;AS196-AS1-20180127175815
2018-01-27 18:00:30.988;RO;AS196-AS1-20180127175934
2018-01-27 18:00:34.480;SP;AS196-AS1-20180127175934
2018-01-27 18:00:38.340;SQ;AS196-AS1-20180127180038
2018-01-27 18:00:49.657;RC;AS196-AS1-20180127175934
2018-01-27 18:00:51.207;SS;AS196-AS1-20180127175934
2018-01-27 18:00:58.430;RU;AS196-AS1-20180127175815
2018-01-27 18:00:58.793;RO;AS196-AS1-20180127180038
2018-01-27 18:01:02.208;SP;AS196-AS1-20180127180038
2018-01-27 18:01:03.054;VU;AS196-AS1-20180127175815
2018-01-27 18:01:08.979;RU;AS196-AS1-20180127175934
2018-01-27 18:01:09.093;RC;AS196-AS1-20180127180038
2018-01-27 18:01:12.888;SS;AS196-AS1-20180127180038
2018-01-27 18:01:13.701;VU;AS196-AS1-20180127175934
2018-01-27 18:01:17.346;RU;AS196-AS1-20180127180038
2018-01-27 18:01:24.542;VU;AS196-AS1-20180127180038
