2018-01-27 17:18:35.019;SQ;AS191-AS1-20180127171835
2018-01-27 17:19:08.021;RO;AS191-AS1-20180127171835
2018-01-27 17:19:08.845;SP;AS191-AS1-20180127171835
2018-01-27 17:19:10.400;SQ;AS191-AS1-20180127171910
2018-01-27 17:19:37.336;RC;AS191-AS1-20180127171835
2018-01-27 17:19:38.128;SS;AS191-AS1-20180127171835
2018-01-27 17:20:08.986;RO;AS191-AS1-20180127171910
2018-01-27 17:20:10.259;SP;AS191-AS1-20180127171910
2018-01-27 17:20:11.833;SQ;AS191-AS1-20180127172011
2018-01-27 17:20:49.160;RC;AS191-AS1-20180127171910
2018-01-27 17:20:50.864;SS;AS191-AS1-20180127171910
2018-01-27 17:20:50.878;RU;AS191-AS1-20180127171835
2018-01-27 17:20:53.212;VU;AS191-AS1-20180127171835
2018-01-27 17:21:28.219;RO;AS191-AS1-20180127172011
2018-01-27 17:21:29.216;SP;AS191-AS1-20180127172011
2018-01-27 17:21:30.813;SQ;AS191-AS1-20180127172130
2018-01-27 17:22:08.132;RC;AS191-AS1-20180127172011
2018-01-27 17:22:09.288;SS;AS191-AS1-20180127172011
2018-01-27 17:22:10.007;RU;AS191-AS1-20180127171910
2018-01-27 17:22:11.812;VU;AS191-AS1-20180127171910
2018-01-27 17:22:45.275;RO;AS191-AS1-20180127172130
2018-01-27 17:22:46.171;SP;AS191-AS1-20180127172130
2018-01-27 17:22:47.758;SQ;AS191-AS1-20180127172247
2018-01-27 17:23:38.473;RU;AS191-AS1-20180127172011
2018-01-27 17:23:40.248;VU;AS191-AS1-20180127172011
2018-01-27 17:24:06.827;RC;AS191-AS1-20180127172130
2018-01-27 17:24:07.613;SS;AS191-AS1-20180127172130
2018-01-27 17:24:14.135;RO;AS191-AS1-20180127172247
2018-01-27 17:24:15.143;SP;AS191-AS1-20180127172247
2018-01-27 17:24:16.723;SQ;AS191-AS1-20180127172416
2018-01-27 17:24:54.488;RC;AS191-AS1-20180127172247
2018-01-27 17:24:55.272;SS;AS191-AS1-20180127172247
2018-01-27 17:25:30.708;RO;AS191-AS1-20180127172416
2018-01-27 17:25:31.577;SP;AS191-AS1-20180127172416
2018-01-27 17:25:33.162;SQ;AS191-AS1-20180127172533
2018-01-27 17:25:37.325;RU;AS191-AS1-20180127172130
2018-01-27 17:25:39.137;VU;AS191-AS1-20180127172130
2018-01-27 17:26:10.786;RU;AS191-AS1-20180127172247
2018-01-27 17:26:12.584;VU;AS191-AS1-20180127172247
2018-01-27 17:26:12.662;RC;AS191-AS1-20180127172416
2018-01-27 17:26:13.444;SS;AS191-AS1-20180127172416
2018-01-27 17:26:46.420;RO;AS191-AS1-20180127172533
2018-01-27 17:26:47.996;SP;AS191-AS1-20180127172533
2018-01-27 17:26:50.663;SQ;AS191-AS1-20180127172650
2018-01-27 17:27:31.825;RC;AS191-AS1-20180127172533
2018-01-27 17:27:32.601;SS;AS191-AS1-20180127172533
2018-01-27 17:27:41.612;RU;AS191-AS1-20180127172416
2018-01-27 17:27:43.385;VU;AS191-AS1-20180127172416
2018-01-27 17:28:13.944;RO;AS191-AS1-20180127172650
2018-01-27 17:28:15.048;SP;AS191-AS1-20180127172650
2018-01-27 17:28:16.624;SQ;AS191-AS1-20180127172816
2018-01-27 17:28:47.708;RU;AS191-AS1-20180127172533
2018-01-27 17:28:49.476;VU;AS191-AS1-20180127172533
2018-01-27 17:28:57.868;RC;AS191-AS1-20180127172650
2018-01-27 17:28:58.669;SS;AS191-AS1-20180127172650
2018-01-27 17:29:41.954;RO;AS191-AS1-20180127172816
2018-01-27 17:29:42.993;SP;AS191-AS1-20180127172816
2018-01-27 17:29:44.583;SQ;AS191-AS1-20180127172944
2018-01-27 17:30:20.576;RU;AS191-AS1-20180127172650
2018-01-27 17:30:22.367;VU;AS191-AS1-20180127172650
2018-01-27 17:30:24.939;RC;AS191-AS1-20180127172816
2018-01-27 17:30:25.717;SS;AS191-AS1-20180127172816
2018-01-27 17:30:53.713;RO;AS191-AS1-20180127172944
2018-01-27 17:30:55.335;SP;AS191-AS1-20180127172944
2018-01-27 17:30:56.917;SQ;AS191-AS1-20180127173056
2018-01-27 17:31:37.424;RC;AS191-AS1-20180127172944
2018-01-27 17:31:38.224;SS;AS191-AS1-20180127172944
2018-01-27 17:31:52.618;RU;AS191-AS1-20180127172816
2018-01-27 17:31:54.393;VU;AS191-AS1-20180127172816
2018-01-27 17:32:22.841;RO;AS191-AS1-20180127173056
2018-01-27 17:32:23.783;SP;AS191-AS1-20180127173056
2018-01-27 17:32:25.341;SQ;AS191-AS1-20180127173225
2018-01-27 17:32:54.624;RU;AS191-AS1-20180127172944
2018-01-27 17:32:56.423;VU;AS191-AS1-20180127172944
2018-01-27 17:32:57.549;RC;AS191-AS1-20180127173056
2018-01-27 17:32:58.318;SS;AS191-AS1-20180127173056
2018-01-27 17:33:43.770;RO;AS191-AS1-20180127173225
2018-01-27 17:33:44.702;SP;AS191-AS1-20180127173225
2018-01-27 17:33:46.253;SQ;AS191-AS1-20180127173346
2018-01-27 17:34:21.596;RU;AS191-AS1-20180127173056
2018-01-27 17:34:22.516;RC;AS191-AS1-20180127173225
2018-01-27 17:34:23.311;SS;AS191-AS1-20180127173225
2018-01-27 17:34:23.396;VU;AS191-AS1-20180127173056
2018-01-27 17:35:03.038;RO;AS191-AS1-20180127173346
2018-01-27 17:35:04.575;SP;AS191-AS1-20180127173346
2018-01-27 17:35:07.592;SQ;AS191-AS1-20180127173507
2018-01-27 17:35:39.483;RU;AS191-AS1-20180127173225
2018-01-27 17:35:41.273;VU;AS191-AS1-20180127173225
2018-01-27 17:35:46.664;RC;AS191-AS1-20180127173346
2018-01-27 17:35:47.447;SS;AS191-AS1-20180127173346
2018-01-27 17:36:21.794;RO;AS191-AS1-20180127173507
2018-01-27 17:36:23.194;SP;AS191-AS1-20180127173507
2018-01-27 17:36:24.787;SQ;AS191-AS1-20180127173624
2018-01-27 17:37:00.949;RC;AS191-AS1-20180127173507
2018-01-27 17:37:01.751;SS;AS191-AS1-20180127173507
2018-01-27 17:37:17.722;RU;AS191-AS1-20180127173346
2018-01-27 17:37:19.516;VU;AS191-AS1-20180127173346
2018-01-27 17:37:46.173;RO;AS191-AS1-20180127173624
2018-01-27 17:37:47.150;SP;AS191-AS1-20180127173624
2018-01-27 17:37:48.700;SQ;AS191-AS1-20180127173748
2018-01-27 17:38:19.843;RU;AS191-AS1-20180127173507
2018-01-27 17:38:25.796;RC;AS191-AS1-20180127173624
2018-01-27 17:38:27.767;SS;AS191-AS1-20180127173624
2018-01-27 17:39:01.935;RO;AS191-AS1-20180127173748
2018-01-27 17:39:03.910;SP;AS191-AS1-20180127173748
2018-01-27 17:39:06.060;SQ;AS191-AS1-20180127173906
2018-01-27 17:39:45.351;RU;AS191-AS1-20180127173624
2018-01-27 17:39:45.909;RC;AS191-AS1-20180127173748
2018-01-27 17:39:47.550;SS;AS191-AS1-20180127173748
2018-01-27 17:39:48.153;VU;AS191-AS1-20180127173624
2018-01-27 17:40:13.962;RO;AS191-AS1-20180127173906
2018-01-27 17:40:14.942;SP;AS191-AS1-20180127173906
2018-01-27 17:40:18.418;SQ;AS191-AS1-20180127174018
2018-01-27 17:40:50.573;RC;AS191-AS1-20180127173906
2018-01-27 17:40:52.013;SS;AS191-AS1-20180127173906
2018-01-27 17:40:59.236;RU;AS191-AS1-20180127173748
2018-01-27 17:41:01.176;VU;AS191-AS1-20180127173748
2018-01-27 17:41:33.470;RO;AS191-AS1-20180127174018
2018-01-27 17:41:35.676;SP;AS191-AS1-20180127174018
2018-01-27 17:41:38.406;SQ;AS191-AS1-20180127174138
2018-01-27 17:42:12.186;RU;AS191-AS1-20180127173906
2018-01-27 17:42:13.791;RC;AS191-AS1-20180127174018
2018-01-27 17:42:14.460;VU;AS191-AS1-20180127173906
2018-01-27 17:42:15.092;SS;AS191-AS1-20180127174018
2018-01-27 17:43:06.025;RO;AS191-AS1-20180127174138
2018-01-27 17:43:08.284;SP;AS191-AS1-20180127174138
2018-01-27 17:43:10.946;SQ;AS191-AS1-20180127174310
2018-01-27 17:43:46.385;RU;AS191-AS1-20180127174018
2018-01-27 17:43:48.184;RC;AS191-AS1-20180127174138
2018-01-27 17:43:48.908;VU;AS191-AS1-20180127174018
2018-01-27 17:43:48.989;SS;AS191-AS1-20180127174138
2018-01-27 17:44:34.240;RO;AS191-AS1-20180127174310
2018-01-27 17:44:36.114;SP;AS191-AS1-20180127174310
2018-01-27 17:44:38.364;SQ;AS191-AS1-20180127174438
2018-01-27 17:45:10.246;RU;AS191-AS1-20180127174138
2018-01-27 17:45:12.068;VU;AS191-AS1-20180127174138
2018-01-27 17:45:13.002;RC;AS191-AS1-20180127174310
2018-01-27 17:45:15.584;SS;AS191-AS1-20180127174310
2018-01-27 17:45:35.421;RO;AS191-AS1-20180127174438
2018-01-27 17:45:36.975;SP;AS191-AS1-20180127174438
2018-01-27 17:45:39.270;SQ;AS191-AS1-20180127174539
2018-01-27 17:46:22.668;RC;AS191-AS1-20180127174438
2018-01-27 17:46:23.671;SS;AS191-AS1-20180127174438
2018-01-27 17:46:41.008;RU;AS191-AS1-20180127174310
2018-01-27 17:46:43.557;VU;AS191-AS1-20180127174310
2018-01-27 17:46:56.532;RO;AS191-AS1-20180127174539
2018-01-27 17:46:58.278;SP;AS191-AS1-20180127174539
2018-01-27 17:47:00.696;SQ;AS191-AS1-20180127174700
2018-01-27 17:47:29.025;RC;AS191-AS1-20180127174539
2018-01-27 17:47:29.878;SS;AS191-AS1-20180127174539
2018-01-27 17:47:56.817;RU;AS191-AS1-20180127174438
2018-01-27 17:47:59.079;VU;AS191-AS1-20180127174438
2018-01-27 17:48:39.329;RO;AS191-AS1-20180127174700
2018-01-27 17:48:40.846;SP;AS191-AS1-20180127174700
2018-01-27 17:48:42.924;SQ;AS191-AS1-20180127174842
2018-01-27 17:48:59.745;RU;AS191-AS1-20180127174539
2018-01-27 17:49:02.023;VU;AS191-AS1-20180127174539
2018-01-27 17:49:18.030;RC;AS191-AS1-20180127174700
2018-01-27 17:49:19.000;SS;AS191-AS1-20180127174700
2018-01-27 17:50:02.685;RO;AS191-AS1-20180127174842
2018-01-27 17:50:03.943;SP;AS191-AS1-20180127174842
2018-01-27 17:50:06.372;SQ;AS191-AS1-20180127175006
2018-01-27 17:50:26.396;RU;AS191-AS1-20180127174700
2018-01-27 17:50:28.954;VU;AS191-AS1-20180127174700
2018-01-27 17:50:34.207;RC;AS191-AS1-20180127174842
2018-01-27 17:50:35.489;SS;AS191-AS1-20180127174842
2018-01-27 17:51:31.196;RO;AS191-AS1-20180127175006
2018-01-27 17:51:32.286;SP;AS191-AS1-20180127175006
2018-01-27 17:51:34.660;SQ;AS191-AS1-20180127175134
2018-01-27 17:52:13.148;RC;AS191-AS1-20180127175006
2018-01-27 17:52:14.050;SS;AS191-AS1-20180127175006
2018-01-27 17:52:38.406;RU;AS191-AS1-20180127174842
2018-01-27 17:52:40.187;VU;AS191-AS1-20180127174842
2018-01-27 17:52:51.635;RO;AS191-AS1-20180127175134
2018-01-27 17:52:52.570;SP;AS191-AS1-20180127175134
2018-01-27 17:52:54.924;SQ;AS191-AS1-20180127175254
2018-01-27 17:53:25.869;RU;AS191-AS1-20180127175006
2018-01-27 17:53:28.312;VU;AS191-AS1-20180127175006
2018-01-27 17:53:30.022;RC;AS191-AS1-20180127175134
2018-01-27 17:53:32.034;SS;AS191-AS1-20180127175134
2018-01-27 17:54:13.074;RO;AS191-AS1-20180127175254
2018-01-27 17:54:15.044;SP;AS191-AS1-20180127175254
2018-01-27 17:54:17.374;SQ;AS191-AS1-20180127175417
2018-01-27 17:54:51.900;RU;AS191-AS1-20180127175134
2018-01-27 17:54:52.994;RC;AS191-AS1-20180127175254
2018-01-27 17:54:53.827;VU;AS191-AS1-20180127175134
2018-01-27 17:54:54.403;SS;AS191-AS1-20180127175254
2018-01-27 17:55:32.912;RO;AS191-AS1-20180127175417
2018-01-27 17:55:34.341;SP;AS191-AS1-20180127175417
2018-01-27 17:55:38.666;SQ;AS191-AS1-20180127175538
2018-01-27 17:56:09.222;RC;AS191-AS1-20180127175417
2018-01-27 17:56:10.746;SS;AS191-AS1-20180127175417
2018-01-27 17:56:13.979;RU;AS191-AS1-20180127175254
2018-01-27 17:56:16.240;VU;AS191-AS1-20180127175254
2018-01-27 17:57:22.111;RO;AS191-AS1-20180127175538
2018-01-27 17:57:23.584;SP;AS191-AS1-20180127175538
2018-01-27 17:57:26.560;RU;AS191-AS1-20180127175417
2018-01-27 17:57:28.137;SQ;AS191-AS1-20180127175728
2018-01-27 17:57:29.778;VU;AS191-AS1-20180127175417
2018-01-27 17:58:04.506;RC;AS191-AS1-20180127175538
2018-01-27 17:58:05.759;SS;AS191-AS1-20180127175538
2018-01-27 17:58:41.991;RO;AS191-AS1-20180127175728
2018-01-27 17:58:45.027;SP;AS191-AS1-20180127175728
2018-01-27 17:59:22.344;RU;AS191-AS1-20180127175538
2018-01-27 17:59:22.396;RC;AS191-AS1-20180127175728
2018-01-27 17:59:24.286;SS;AS191-AS1-20180127175728
2018-01-27 17:59:25.229;VU;AS191-AS1-20180127175538
2018-01-27 18:00:17.469;RU;AS191-AS1-20180127175728
2018-01-27 18:00:20.930;VU;AS191-AS1-20180127175728
