2018-01-27 17:18:28.652;SQ;AS37-AS1-20180127171828
2018-01-27 17:18:30.745;RO;AS37-AS1-20180127171828
2018-01-27 17:18:31.966;SP;AS37-AS1-20180127171828
2018-01-27 17:18:33.596;SQ;AS37-AS1-20180127171833
2018-01-27 17:18:39.531;RC;AS37-AS1-20180127171828
2018-01-27 17:18:40.336;SS;AS37-AS1-20180127171828
2018-01-27 17:18:58.683;RO;AS37-AS1-20180127171833
2018-01-27 17:18:59.956;SP;AS37-AS1-20180127171833
2018-01-27 17:19:01.580;SQ;AS37-AS1-20180127171901
2018-01-27 17:19:22.845;RC;AS37-AS1-20180127171833
2018-01-27 17:19:23.676;SS;AS37-AS1-20180127171833
2018-01-27 17:19:28.314;RU;AS37-AS1-20180127171828
2018-01-27 17:19:30.459;VU;AS37-AS1-20180127171828
2018-01-27 17:19:47.557;RO;AS37-AS1-20180127171901
2018-01-27 17:19:48.448;SP;AS37-AS1-20180127171901
2018-01-27 17:19:50.107;SQ;AS37-AS1-20180127171950
2018-01-27 17:20:22.403;RC;AS37-AS1-20180127171901
2018-01-27 17:20:23.233;SS;AS37-AS1-20180127171901
2018-01-27 17:20:31.670;RU;AS37-AS1-20180127171833
2018-01-27 17:21:04.410;RO;AS37-AS1-20180127171950
2018-01-27 17:21:06.726;SP;AS37-AS1-20180127171950
2018-01-27 17:21:09.201;SQ;AS37-AS1-20180127172109
2018-01-27 17:21:45.014;RC;AS37-AS1-20180127171950
2018-01-27 17:21:46.250;SS;AS37-AS1-20180127171950
2018-01-27 17:21:48.041;RU;AS37-AS1-20180127171901
2018-01-27 17:21:50.328;VU;AS37-AS1-20180127171901
2018-01-27 17:22:32.693;RO;AS37-AS1-20180127172109
2018-01-27 17:22:34.453;SP;AS37-AS1-20180127172109
2018-01-27 17:22:36.646;SQ;AS37-AS1-20180127172236
2018-01-27 17:23:09.147;RC;AS37-AS1-20180127172109
2018-01-27 17:23:10.333;RU;AS37-AS1-20180127171950
2018-01-27 17:23:11.709;SS;AS37-AS1-20180127172109
2018-01-27 17:23:13.097;VU;AS37-AS1-20180127171950
2018-01-27 17:24:00.598;RO;AS37-AS1-20180127172236
2018-01-27 17:24:01.843;SP;AS37-AS1-20180127172236
2018-01-27 17:24:04.384;SQ;AS37-AS1-20180127172404
2018-01-27 17:24:36.471;RU;AS37-AS1-20180127172109
2018-01-27 17:24:38.661;VU;AS37-AS1-20180127172109
2018-01-27 17:24:43.565;RC;AS37-AS1-20180127172236
2018-01-27 17:24:44.656;SS;AS37-AS1-20180127172236
2018-01-27 17:25:25.191;RO;AS37-AS1-20180127172404
2018-01-27 17:25:26.392;SP;AS37-AS1-20180127172404
2018-01-27 17:25:30.456;SQ;AS37-AS1-20180127172530
2018-01-27 17:26:10.099;RC;AS37-AS1-20180127172404
2018-01-27 17:26:11.442;SS;AS37-AS1-20180127172404
2018-01-27 17:26:13.092;RU;AS37-AS1-20180127172236
2018-01-27 17:26:14.911;VU;AS37-AS1-20180127172236
2018-01-27 17:26:42.241;RO;AS37-AS1-20180127172530
2018-01-27 17:26:44.064;SP;AS37-AS1-20180127172530
2018-01-27 17:26:46.306;SQ;AS37-AS1-20180127172646
2018-01-27 17:27:23.509;RC;AS37-AS1-20180127172530
2018-01-27 17:27:24.611;SS;AS37-AS1-20180127172530
2018-01-27 17:28:00.259;RU;AS37-AS1-20180127172404
2018-01-27 17:28:02.270;VU;AS37-AS1-20180127172404
2018-01-27 17:28:08.486;RO;AS37-AS1-20180127172646
2018-01-27 17:28:09.750;SP;AS37-AS1-20180127172646
2018-01-27 17:28:12.232;SQ;AS37-AS1-20180127172812
2018-01-27 17:28:39.012;RU;AS37-AS1-20180127172530
2018-01-27 17:28:40.942;VU;AS37-AS1-20180127172530
2018-01-27 17:28:49.984;RC;AS37-AS1-20180127172646
2018-01-27 17:28:50.791;SS;AS37-AS1-20180127172646
2018-01-27 17:29:59.366;RU;AS37-AS1-20180127172646
2018-01-27 17:30:01.650;VU;AS37-AS1-20180127172646
2018-01-27 17:30:20.564;RO;AS37-AS1-20180127172812
2018-01-27 17:30:22.417;SP;AS37-AS1-20180127172812
2018-01-27 17:30:26.510;SQ;AS37-AS1-20180127173026
2018-01-27 17:31:01.035;RC;AS37-AS1-20180127172812
2018-01-27 17:31:01.857;SS;AS37-AS1-20180127172812
2018-01-27 17:31:45.569;RO;AS37-AS1-20180127173026
2018-01-27 17:31:46.445;SP;AS37-AS1-20180127173026
2018-01-27 17:31:48.916;SQ;AS37-AS1-20180127173148
2018-01-27 17:32:08.718;RU;AS37-AS1-20180127172812
2018-01-27 17:32:10.551;VU;AS37-AS1-20180127172812
2018-01-27 17:32:27.730;RC;AS37-AS1-20180127173026
2018-01-27 17:32:29.807;SS;AS37-AS1-20180127173026
2018-01-27 17:32:59.765;RO;AS37-AS1-20180127173148
2018-01-27 17:33:01.128;SP;AS37-AS1-20180127173148
2018-01-27 17:33:03.497;SQ;AS37-AS1-20180127173303
2018-01-27 17:33:43.068;RC;AS37-AS1-20180127173148
2018-01-27 17:33:44.414;SS;AS37-AS1-20180127173148
2018-01-27 17:33:56.700;RU;AS37-AS1-20180127173026
2018-01-27 17:33:58.702;VU;AS37-AS1-20180127173026
2018-01-27 17:34:54.350;RO;AS37-AS1-20180127173303
2018-01-27 17:34:55.733;SP;AS37-AS1-20180127173303
2018-01-27 17:34:58.099;SQ;AS37-AS1-20180127173458
2018-01-27 17:35:05.372;RU;AS37-AS1-20180127173148
2018-01-27 17:35:08.544;VU;AS37-AS1-20180127173148
2018-01-27 17:35:28.945;RC;AS37-AS1-20180127173303
2018-01-27 17:35:29.774;SS;AS37-AS1-20180127173303
2018-01-27 17:36:48.569;RO;AS37-AS1-20180127173458
2018-01-27 17:36:49.868;RU;AS37-AS1-20180127173303
2018-01-27 17:36:50.205;SP;AS37-AS1-20180127173458
2018-01-27 17:36:53.907;VU;AS37-AS1-20180127173303
2018-01-27 17:36:55.459;SQ;AS37-AS1-20180127173655
2018-01-27 17:37:21.377;RC;AS37-AS1-20180127173458
2018-01-27 17:37:23.140;SS;AS37-AS1-20180127173458
2018-01-27 17:38:10.553;RO;AS37-AS1-20180127173655
2018-01-27 17:38:13.428;SP;AS37-AS1-20180127173655
2018-01-27 17:38:15.677;SQ;AS37-AS1-20180127173815
2018-01-27 17:38:43.908;RU;AS37-AS1-20180127173458
2018-01-27 17:38:46.569;VU;AS37-AS1-20180127173458
2018-01-27 17:38:53.494;RC;AS37-AS1-20180127173655
2018-01-27 17:38:54.800;SS;AS37-AS1-20180127173655
2018-01-27 17:40:16.537;RO;AS37-AS1-20180127173815
2018-01-27 17:40:19.487;SP;AS37-AS1-20180127173815
2018-01-27 17:40:21.777;SQ;AS37-AS1-20180127174021
2018-01-27 17:40:26.726;RU;AS37-AS1-20180127173655
2018-01-27 17:40:29.088;VU;AS37-AS1-20180127173655
2018-01-27 17:40:59.505;RC;AS37-AS1-20180127173815
2018-01-27 17:41:01.098;SS;AS37-AS1-20180127173815
2018-01-27 17:41:41.771;RO;AS37-AS1-20180127174021
2018-01-27 17:41:42.740;SP;AS37-AS1-20180127174021
2018-01-27 17:41:45.227;SQ;AS37-AS1-20180127174145
2018-01-27 17:42:22.920;RU;AS37-AS1-20180127173815
2018-01-27 17:42:24.969;VU;AS37-AS1-20180127173815
2018-01-27 17:42:30.374;RC;AS37-AS1-20180127174021
2018-01-27 17:42:31.355;SS;AS37-AS1-20180127174021
2018-01-27 17:42:54.377;RO;AS37-AS1-20180127174145
2018-01-27 17:42:56.129;SP;AS37-AS1-20180127174145
2018-01-27 17:42:58.629;SQ;AS37-AS1-20180127174258
2018-01-27 17:43:33.924;RC;AS37-AS1-20180127174145
2018-01-27 17:43:35.277;SS;AS37-AS1-20180127174145
2018-01-27 17:43:52.199;RU;AS37-AS1-20180127174021
2018-01-27 17:43:55.007;VU;AS37-AS1-20180127174021
2018-01-27 17:44:10.046;RO;AS37-AS1-20180127174258
2018-01-27 17:44:12.454;SP;AS37-AS1-20180127174258
2018-01-27 17:44:14.645;SQ;AS37-AS1-20180127174414
2018-01-27 17:44:51.183;RC;AS37-AS1-20180127174258
2018-01-27 17:44:52.268;SS;AS37-AS1-20180127174258
2018-01-27 17:44:58.687;RU;AS37-AS1-20180127174145
2018-01-27 17:45:00.873;VU;AS37-AS1-20180127174145
2018-01-27 17:46:06.427;RU;AS37-AS1-20180127174258
2018-01-27 17:46:06.869;RO;AS37-AS1-20180127174414
2018-01-27 17:46:08.772;VU;AS37-AS1-20180127174258
2018-01-27 17:46:08.960;SP;AS37-AS1-20180127174414
2018-01-27 17:46:11.414;SQ;AS37-AS1-20180127174611
2018-01-27 17:46:47.765;RC;AS37-AS1-20180127174414
2018-01-27 17:46:49.239;SS;AS37-AS1-20180127174414
2018-01-27 17:47:25.348;RO;AS37-AS1-20180127174611
2018-01-27 17:47:26.718;SP;AS37-AS1-20180127174611
2018-01-27 17:47:29.031;SQ;AS37-AS1-20180127174729
2018-01-27 17:48:12.001;RU;AS37-AS1-20180127174414
2018-01-27 17:48:13.808;VU;AS37-AS1-20180127174414
2018-01-27 17:48:13.823;RC;AS37-AS1-20180127174611
2018-01-27 17:48:14.665;SS;AS37-AS1-20180127174611
2018-01-27 17:48:43.564;RO;AS37-AS1-20180127174729
2018-01-27 17:48:45.025;SP;AS37-AS1-20180127174729
2018-01-27 17:48:47.496;SQ;AS37-AS1-20180127174847
2018-01-27 17:49:20.413;RC;AS37-AS1-20180127174729
2018-01-27 17:49:21.481;SS;AS37-AS1-20180127174729
2018-01-27 17:49:33.629;RU;AS37-AS1-20180127174611
2018-01-27 17:49:35.467;VU;AS37-AS1-20180127174611
2018-01-27 17:50:02.557;RO;AS37-AS1-20180127174847
2018-01-27 17:50:03.955;SP;AS37-AS1-20180127174847
2018-01-27 17:50:06.289;SQ;AS37-AS1-20180127175006
2018-01-27 17:50:43.263;RU;AS37-AS1-20180127174729
2018-01-27 17:50:45.934;VU;AS37-AS1-20180127174729
2018-01-27 17:50:49.996;RC;AS37-AS1-20180127174847
2018-01-27 17:50:51.208;SS;AS37-AS1-20180127174847
2018-01-27 17:51:27.803;RO;AS37-AS1-20180127175006
2018-01-27 17:51:30.832;SP;AS37-AS1-20180127175006
2018-01-27 17:51:33.252;SQ;AS37-AS1-20180127175133
2018-01-27 17:52:14.915;RC;AS37-AS1-20180127175006
2018-01-27 17:52:17.378;SS;AS37-AS1-20180127175006
2018-01-27 17:52:32.716;RU;AS37-AS1-20180127174847
2018-01-27 17:52:34.532;VU;AS37-AS1-20180127174847
2018-01-27 17:52:48.165;RO;AS37-AS1-20180127175133
2018-01-27 17:52:49.176;SP;AS37-AS1-20180127175133
2018-01-27 17:52:51.705;SQ;AS37-AS1-20180127175251
2018-01-27 17:53:20.802;RC;AS37-AS1-20180127175133
2018-01-27 17:53:22.167;SS;AS37-AS1-20180127175133
2018-01-27 17:53:42.353;RU;AS37-AS1-20180127175006
2018-01-27 17:53:45.039;VU;AS37-AS1-20180127175006
2018-01-27 17:54:12.730;RO;AS37-AS1-20180127175251
2018-01-27 17:54:14.108;SP;AS37-AS1-20180127175251
2018-01-27 17:54:16.634;SQ;AS37-AS1-20180127175416
2018-01-27 17:54:35.814;RU;AS37-AS1-20180127175133
2018-01-27 17:54:38.198;VU;AS37-AS1-20180127175133
2018-01-27 17:54:44.970;RC;AS37-AS1-20180127175251
2018-01-27 17:54:46.439;SS;AS37-AS1-20180127175251
2018-01-27 17:55:19.561;RO;AS37-AS1-20180127175416
2018-01-27 17:55:22.589;SP;AS37-AS1-20180127175416
2018-01-27 17:55:25.121;SQ;AS37-AS1-20180127175525
2018-01-27 17:55:59.968;RC;AS37-AS1-20180127175416
2018-01-27 17:56:00.790;SS;AS37-AS1-20180127175416
2018-01-27 17:56:14.976;RU;AS37-AS1-20180127175251
2018-01-27 17:56:17.226;VU;AS37-AS1-20180127175251
2018-01-27 17:56:25.581;RO;AS37-AS1-20180127175525
2018-01-27 17:56:26.834;SP;AS37-AS1-20180127175525
2018-01-27 17:56:29.333;SQ;AS37-AS1-20180127175629
2018-01-27 17:57:02.511;RC;AS37-AS1-20180127175525
2018-01-27 17:57:03.884;SS;AS37-AS1-20180127175525
2018-01-27 17:57:19.590;RU;AS37-AS1-20180127175416
2018-01-27 17:57:22.088;VU;AS37-AS1-20180127175416
2018-01-27 17:57:49.746;RO;AS37-AS1-20180127175629
2018-01-27 17:57:51.107;SP;AS37-AS1-20180127175629
2018-01-27 17:57:53.611;SQ;AS37-AS1-20180127175753
2018-01-27 17:58:18.064;RU;AS37-AS1-20180127175525
2018-01-27 17:58:20.229;VU;AS37-AS1-20180127175525
2018-01-27 17:58:36.173;RC;AS37-AS1-20180127175629
2018-01-27 17:58:37.006;SS;AS37-AS1-20180127175629
2018-01-27 17:59:07.712;RO;AS37-AS1-20180127175753
2018-01-27 17:59:09.171;SP;AS37-AS1-20180127175753
2018-01-27 17:59:40.146;RC;AS37-AS1-20180127175753
2018-01-27 17:59:40.957;SS;AS37-AS1-20180127175753
2018-01-27 17:59:45.498;RU;AS37-AS1-20180127175629
2018-01-27 17:59:48.453;VU;AS37-AS1-20180127175629
2018-01-27 18:00:40.691;RU;AS37-AS1-20180127175753
2018-01-27 18:00:43.553;VU;AS37-AS1-20180127175753
