2018-01-27 17:18:34.228;SQ;AS39-AS1-20180127171834
2018-01-27 17:19:01.329;RO;AS39-AS1-20180127171834
2018-01-27 17:19:02.614;SP;AS39-AS1-20180127171834
2018-01-27 17:19:04.315;SQ;AS39-AS1-20180127171904
2018-01-27 17:19:22.843;RC;AS39-AS1-20180127171834
2018-01-27 17:19:23.681;SS;AS39-AS1-20180127171834
2018-01-27 17:20:08.739;RO;AS39-AS1-20180127171904
2018-01-27 17:20:09.728;SP;AS39-AS1-20180127171904
2018-01-27 17:20:11.418;SQ;AS39-AS1-20180127172011
2018-01-27 17:20:32.939;RU;AS39-AS1-20180127171834
2018-01-27 17:20:35.735;VU;AS39-AS1-20180127171834
2018-01-27 17:20:48.922;RC;AS39-AS1-20180127171904
2018-01-27 17:20:50.809;SS;AS39-AS1-20180127171904
2018-01-27 17:21:30.447;RO;AS39-AS1-20180127172011
2018-01-27 17:21:31.362;SP;AS39-AS1-20180127172011
2018-01-27 17:21:33.082;SQ;AS39-AS1-20180127172133
2018-01-27 17:22:12.237;RU;AS39-AS1-20180127171904
2018-01-27 17:22:14.095;VU;AS39-AS1-20180127171904
2018-01-27 17:22:16.839;RC;AS39-AS1-20180127172011
2018-01-27 17:22:17.691;SS;AS39-AS1-20180127172011
2018-01-27 17:23:23.703;RO;AS39-AS1-20180127172133
2018-01-27 17:23:25.188;SP;AS39-AS1-20180127172133
2018-01-27 17:23:28.135;SQ;AS39-AS1-20180127172328
2018-01-27 17:23:39.169;RU;AS39-AS1-20180127172011
2018-01-27 17:23:41.367;VU;AS39-AS1-20180127172011
2018-01-27 17:24:12.045;RC;AS39-AS1-20180127172133
2018-01-27 17:24:12.894;SS;AS39-AS1-20180127172133
2018-01-27 17:24:50.343;RO;AS39-AS1-20180127172328
2018-01-27 17:24:51.581;SP;AS39-AS1-20180127172328
2018-01-27 17:24:53.292;SQ;AS39-AS1-20180127172453
2018-01-27 17:25:25.251;RC;AS39-AS1-20180127172328
2018-01-27 17:25:26.101;SS;AS39-AS1-20180127172328
2018-01-27 17:25:37.179;RU;AS39-AS1-20180127172133
2018-01-27 17:25:39.015;VU;AS39-AS1-20180127172133
2018-01-27 17:26:19.972;RO;AS39-AS1-20180127172453
2018-01-27 17:26:21.241;SP;AS39-AS1-20180127172453
2018-01-27 17:26:22.929;SQ;AS39-AS1-20180127172622
2018-01-27 17:26:45.142;RU;AS39-AS1-20180127172328
2018-01-27 17:26:46.979;VU;AS39-AS1-20180127172328
2018-01-27 17:27:04.653;RC;AS39-AS1-20180127172453
2018-01-27 17:27:05.487;SS;AS39-AS1-20180127172453
2018-01-27 17:28:16.207;RU;AS39-AS1-20180127172453
2018-01-27 17:28:17.432;RO;AS39-AS1-20180127172622
2018-01-27 17:28:18.071;VU;AS39-AS1-20180127172453
2018-01-27 17:28:18.393;SP;AS39-AS1-20180127172622
2018-01-27 17:28:20.162;SQ;AS39-AS1-20180127172820
2018-01-27 17:29:05.721;RC;AS39-AS1-20180127172622
2018-01-27 17:29:06.552;SS;AS39-AS1-20180127172622
2018-01-27 17:29:46.721;RO;AS39-AS1-20180127172820
2018-01-27 17:29:47.588;SP;AS39-AS1-20180127172820
2018-01-27 17:29:49.307;SQ;AS39-AS1-20180127172949
2018-01-27 17:30:20.587;RC;AS39-AS1-20180127172820
2018-01-27 17:30:21.423;SS;AS39-AS1-20180127172820
2018-01-27 17:30:36.000;RU;AS39-AS1-20180127172622
2018-01-27 17:30:37.846;VU;AS39-AS1-20180127172622
2018-01-27 17:31:12.498;RO;AS39-AS1-20180127172949
2018-01-27 17:31:13.750;SP;AS39-AS1-20180127172949
2018-01-27 17:31:15.457;SQ;AS39-AS1-20180127173115
2018-01-27 17:31:37.476;RU;AS39-AS1-20180127172820
2018-01-27 17:31:55.376;RC;AS39-AS1-20180127172949
2018-01-27 17:31:56.526;SS;AS39-AS1-20180127172949
2018-01-27 17:32:26.345;RO;AS39-AS1-20180127173115
2018-01-27 17:32:27.367;SP;AS39-AS1-20180127173115
2018-01-27 17:32:32.161;SQ;AS39-AS1-20180127173232
2018-01-27 17:33:12.190;RC;AS39-AS1-20180127173115
2018-01-27 17:33:13.687;SS;AS39-AS1-20180127173115
2018-01-27 17:33:15.106;RU;AS39-AS1-20180127172949
2018-01-27 17:33:17.110;VU;AS39-AS1-20180127172949
2018-01-27 17:33:56.698;RO;AS39-AS1-20180127173232
2018-01-27 17:33:57.716;SP;AS39-AS1-20180127173232
2018-01-27 17:34:00.192;SQ;AS39-AS1-20180127173400
2018-01-27 17:34:33.948;RC;AS39-AS1-20180127173232
2018-01-27 17:34:36.495;SS;AS39-AS1-20180127173232
2018-01-27 17:34:38.791;RU;AS39-AS1-20180127173115
2018-01-27 17:34:41.241;VU;AS39-AS1-20180127173115
2018-01-27 17:35:15.491;RO;AS39-AS1-20180127173400
2018-01-27 17:35:17.434;SP;AS39-AS1-20180127173400
2018-01-27 17:35:20.272;SQ;AS39-AS1-20180127173520
2018-01-27 17:35:51.917;RC;AS39-AS1-20180127173400
2018-01-27 17:35:53.440;SS;AS39-AS1-20180127173400
2018-01-27 17:35:56.771;RU;AS39-AS1-20180127173232
2018-01-27 17:35:59.390;VU;AS39-AS1-20180127173232
2018-01-27 17:36:45.533;RO;AS39-AS1-20180127173520
2018-01-27 17:36:47.021;SP;AS39-AS1-20180127173520
2018-01-27 17:36:49.540;SQ;AS39-AS1-20180127173649
2018-01-27 17:37:20.442;RU;AS39-AS1-20180127173400
2018-01-27 17:37:22.708;VU;AS39-AS1-20180127173400
2018-01-27 17:37:34.061;RC;AS39-AS1-20180127173520
2018-01-27 17:37:35.244;SS;AS39-AS1-20180127173520
2018-01-27 17:38:06.001;RO;AS39-AS1-20180127173649
2018-01-27 17:38:07.500;SP;AS39-AS1-20180127173649
2018-01-27 17:38:10.530;SQ;AS39-AS1-20180127173810
2018-01-27 17:38:56.326;RU;AS39-AS1-20180127173520
2018-01-27 17:39:00.085;VU;AS39-AS1-20180127173520
2018-01-27 17:39:29.915;RC;AS39-AS1-20180127173649
2018-01-27 17:39:30.654;RO;AS39-AS1-20180127173810
2018-01-27 17:39:31.640;SS;AS39-AS1-20180127173649
2018-01-27 17:39:32.398;SP;AS39-AS1-20180127173810
2018-01-27 17:39:34.818;SQ;AS39-AS1-20180127173934
2018-01-27 17:40:20.345;RC;AS39-AS1-20180127173810
2018-01-27 17:40:21.671;SS;AS39-AS1-20180127173810
2018-01-27 17:40:57.333;RO;AS39-AS1-20180127173934
2018-01-27 17:40:58.165;RU;AS39-AS1-20180127173649
2018-01-27 17:40:58.764;SP;AS39-AS1-20180127173934
2018-01-27 17:41:01.288;VU;AS39-AS1-20180127173649
2018-01-27 17:41:01.918;SQ;AS39-AS1-20180127174101
2018-01-27 17:41:32.215;RC;AS39-AS1-20180127173934
2018-01-27 17:41:33.325;SS;AS39-AS1-20180127173934
2018-01-27 17:41:41.293;RU;AS39-AS1-20180127173810
2018-01-27 17:41:43.302;VU;AS39-AS1-20180127173810
2018-01-27 17:42:19.990;RO;AS39-AS1-20180127174101
2018-01-27 17:42:22.539;SP;AS39-AS1-20180127174101
2018-01-27 17:42:25.258;SQ;AS39-AS1-20180127174225
2018-01-27 17:42:51.463;RU;AS39-AS1-20180127173934
2018-01-27 17:42:54.924;VU;AS39-AS1-20180127173934
2018-01-27 17:42:59.052;RC;AS39-AS1-20180127174101
2018-01-27 17:43:00.560;SS;AS39-AS1-20180127174101
2018-01-27 17:43:39.224;RO;AS39-AS1-20180127174225
2018-01-27 17:43:40.567;SP;AS39-AS1-20180127174225
2018-01-27 17:43:43.156;SQ;AS39-AS1-20180127174343
2018-01-27 17:44:27.145;RC;AS39-AS1-20180127174225
2018-01-27 17:44:28.147;SS;AS39-AS1-20180127174225
2018-01-27 17:44:33.833;RU;AS39-AS1-20180127174101
2018-01-27 17:44:36.303;VU;AS39-AS1-20180127174101
2018-01-27 17:45:04.948;RO;AS39-AS1-20180127174343
2018-01-27 17:45:06.314;SP;AS39-AS1-20180127174343
2018-01-27 17:45:08.806;SQ;AS39-AS1-20180127174508
2018-01-27 17:45:46.543;RC;AS39-AS1-20180127174343
2018-01-27 17:45:47.746;SS;AS39-AS1-20180127174343
2018-01-27 17:45:51.917;RU;AS39-AS1-20180127174225
2018-01-27 17:45:54.619;VU;AS39-AS1-20180127174225
2018-01-27 17:46:24.125;RO;AS39-AS1-20180127174508
2018-01-27 17:46:26.004;SP;AS39-AS1-20180127174508
2018-01-27 17:46:28.525;SQ;AS39-AS1-20180127174628
2018-01-27 17:47:00.525;RC;AS39-AS1-20180127174508
2018-01-27 17:47:02.548;SS;AS39-AS1-20180127174508
2018-01-27 17:47:25.285;RU;AS39-AS1-20180127174343
2018-01-27 17:47:27.327;VU;AS39-AS1-20180127174343
2018-01-27 17:47:50.386;RO;AS39-AS1-20180127174628
2018-01-27 17:47:52.002;SP;AS39-AS1-20180127174628
2018-01-27 17:47:54.549;SQ;AS39-AS1-20180127174754
2018-01-27 17:48:11.677;RU;AS39-AS1-20180127174508
2018-01-27 17:48:13.565;VU;AS39-AS1-20180127174508
2018-01-27 17:48:23.581;RC;AS39-AS1-20180127174628
2018-01-27 17:48:24.570;SS;AS39-AS1-20180127174628
2018-01-27 17:49:11.977;RO;AS39-AS1-20180127174754
2018-01-27 17:49:13.247;SP;AS39-AS1-20180127174754
2018-01-27 17:49:15.878;SQ;AS39-AS1-20180127174915
2018-01-27 17:49:47.947;RU;AS39-AS1-20180127174628
2018-01-27 17:49:48.484;RC;AS39-AS1-20180127174754
2018-01-27 17:49:50.332;SS;AS39-AS1-20180127174754
2018-01-27 17:49:50.984;VU;AS39-AS1-20180127174628
2018-01-27 17:51:15.025;RU;AS39-AS1-20180127174754
2018-01-27 17:51:17.693;VU;AS39-AS1-20180127174754
2018-01-27 17:51:23.346;RO;AS39-AS1-20180127174915
2018-01-27 17:51:24.927;SP;AS39-AS1-20180127174915
2018-01-27 17:51:27.560;SQ;AS39-AS1-20180127175127
2018-01-27 17:52:07.677;RC;AS39-AS1-20180127174915
2018-01-27 17:52:09.179;SS;AS39-AS1-20180127174915
2018-01-27 17:52:38.343;RO;AS39-AS1-20180127175127
2018-01-27 17:52:39.742;SP;AS39-AS1-20180127175127
2018-01-27 17:52:42.302;SQ;AS39-AS1-20180127175242
2018-01-27 17:53:20.550;RC;AS39-AS1-20180127175127
2018-01-27 17:53:21.961;SS;AS39-AS1-20180127175127
2018-01-27 17:53:27.464;RU;AS39-AS1-20180127174915
2018-01-27 17:53:29.684;VU;AS39-AS1-20180127174915
2018-01-27 17:54:01.384;RO;AS39-AS1-20180127175242
2018-01-27 17:54:02.704;SP;AS39-AS1-20180127175242
2018-01-27 17:54:06.887;SQ;AS39-AS1-20180127175406
2018-01-27 17:54:42.141;RU;AS39-AS1-20180127175127
2018-01-27 17:54:44.430;VU;AS39-AS1-20180127175127
2018-01-27 17:54:47.011;RC;AS39-AS1-20180127175242
2018-01-27 17:54:48.161;SS;AS39-AS1-20180127175242
2018-01-27 17:55:24.210;RO;AS39-AS1-20180127175406
2018-01-27 17:55:25.478;SP;AS39-AS1-20180127175406
2018-01-27 17:55:28.048;SQ;AS39-AS1-20180127175528
2018-01-27 17:56:01.175;RU;AS39-AS1-20180127175242
2018-01-27 17:56:03.538;RC;AS39-AS1-20180127175406
2018-01-27 17:56:05.815;SS;AS39-AS1-20180127175406
2018-01-27 17:57:16.830;RO;AS39-AS1-20180127175528
2018-01-27 17:57:19.340;SP;AS39-AS1-20180127175528
2018-01-27 17:57:23.205;SQ;AS39-AS1-20180127175723
2018-01-27 17:57:24.097;RU;AS39-AS1-20180127175406
2018-01-27 17:57:29.141;VU;AS39-AS1-20180127175406
2018-01-27 17:57:57.028;RC;AS39-AS1-20180127175528
2018-01-27 17:57:59.316;SS;AS39-AS1-20180127175528
2018-01-27 17:58:41.161;RO;AS39-AS1-20180127175723
2018-01-27 17:58:45.532;SP;AS39-AS1-20180127175723
2018-01-27 17:58:49.541;SQ;AS39-AS1-20180127175849
2018-01-27 17:59:11.889;RU;AS39-AS1-20180127175528
2018-01-27 17:59:16.745;VU;AS39-AS1-20180127175528
2018-01-27 17:59:24.624;RC;AS39-AS1-20180127175723
2018-01-27 17:59:26.405;SS;AS39-AS1-20180127175723
2018-01-27 17:59:57.531;RO;AS39-AS1-20180127175849
2018-01-27 18:00:00.460;SP;AS39-AS1-20180127175849
2018-01-27 18:00:06.455;SQ;AS39-AS1-20180127180006
2018-01-27 18:00:23.471;RC;AS39-AS1-20180127175849
2018-01-27 18:00:24.582;SS;AS39-AS1-20180127175849
2018-01-27 18:00:31.064;RU;AS39-AS1-20180127175723
2018-01-27 18:00:35.049;VU;AS39-AS1-20180127175723
2018-01-27 18:00:44.370;RO;AS39-AS1-20180127180006
2018-01-27 18:00:47.939;SP;AS39-AS1-20180127180006
2018-01-27 18:00:58.153;RC;AS39-AS1-20180127180006
2018-01-27 18:00:58.480;RU;AS39-AS1-20180127175849
2018-01-27 18:01:01.976;SS;AS39-AS1-20180127180006
2018-01-27 18:01:03.191;VU;AS39-AS1-20180127175849
2018-01-27 18:01:12.306;RU;AS39-AS1-20180127180006
2018-01-27 18:01:24.996;VU;AS39-AS1-20180127180006
