2018-01-27 17:18:37.655;SQ;AS4-AS1-20180127171837
2018-01-27 17:19:16.322;RO;AS4-AS1-20180127171837
2018-01-27 17:19:17.527;SP;AS4-AS1-20180127171837
2018-01-27 17:19:19.182;SQ;AS4-AS1-20180127171919
2018-01-27 17:19:50.596;RC;AS4-AS1-20180127171837
2018-01-27 17:19:51.402;SS;AS4-AS1-20180127171837
2018-01-27 17:20:32.243;RO;AS4-AS1-20180127171919
2018-01-27 17:20:33.283;SP;AS4-AS1-20180127171919
2018-01-27 17:20:36.073;SQ;AS4-AS1-20180127172036
2018-01-27 17:20:56.346;RU;AS4-AS1-20180127171837
2018-01-27 17:20:58.146;VU;AS4-AS1-20180127171837
2018-01-27 17:21:11.070;RC;AS4-AS1-20180127171919
2018-01-27 17:21:11.884;SS;AS4-AS1-20180127171919
2018-01-27 17:21:53.241;RO;AS4-AS1-20180127172036
2018-01-27 17:21:54.461;SP;AS4-AS1-20180127172036
2018-01-27 17:21:56.033;SQ;AS4-AS1-20180127172156
2018-01-27 17:22:32.743;RU;AS4-AS1-20180127171919
2018-01-27 17:22:32.753;RC;AS4-AS1-20180127172036
2018-01-27 17:22:34.394;SS;AS4-AS1-20180127172036
2018-01-27 17:22:35.394;VU;AS4-AS1-20180127171919
2018-01-27 17:23:19.075;RO;AS4-AS1-20180127172156
2018-01-27 17:23:19.929;SP;AS4-AS1-20180127172156
2018-01-27 17:23:21.545;SQ;AS4-AS1-20180127172321
2018-01-27 17:24:03.668;RU;AS4-AS1-20180127172036
2018-01-27 17:24:05.502;VU;AS4-AS1-20180127172036
2018-01-27 17:24:06.282;RC;AS4-AS1-20180127172156
2018-01-27 17:24:07.085;SS;AS4-AS1-20180127172156
2018-01-27 17:24:51.650;RO;AS4-AS1-20180127172321
2018-01-27 17:24:52.954;SP;AS4-AS1-20180127172321
2018-01-27 17:24:54.564;SQ;AS4-AS1-20180127172454
2018-01-27 17:25:31.007;RC;AS4-AS1-20180127172321
2018-01-27 17:25:31.832;SS;AS4-AS1-20180127172321
2018-01-27 17:25:37.406;RU;AS4-AS1-20180127172156
2018-01-27 17:25:39.223;VU;AS4-AS1-20180127172156
2018-01-27 17:26:14.461;RO;AS4-AS1-20180127172454
2018-01-27 17:26:15.465;SP;AS4-AS1-20180127172454
2018-01-27 17:26:17.407;SQ;AS4-AS1-20180127172617
2018-01-27 17:26:55.147;RC;AS4-AS1-20180127172454
2018-01-27 17:26:55.378;RU;AS4-AS1-20180127172321
2018-01-27 17:26:56.471;SS;AS4-AS1-20180127172454
2018-01-27 17:26:57.796;VU;AS4-AS1-20180127172321
2018-01-27 17:27:22.070;RO;AS4-AS1-20180127172617
2018-01-27 17:27:23.254;SP;AS4-AS1-20180127172617
2018-01-27 17:27:24.871;SQ;AS4-AS1-20180127172724
2018-01-27 17:28:02.770;RC;AS4-AS1-20180127172617
2018-01-27 17:28:03.600;SS;AS4-AS1-20180127172617
2018-01-27 17:28:21.693;RU;AS4-AS1-20180127172454
2018-01-27 17:28:23.521;VU;AS4-AS1-20180127172454
2018-01-27 17:28:46.653;RO;AS4-AS1-20180127172724
2018-01-27 17:28:47.760;SP;AS4-AS1-20180127172724
2018-01-27 17:28:49.377;SQ;AS4-AS1-20180127172849
2018-01-27 17:29:02.208;RU;AS4-AS1-20180127172617
2018-01-27 17:29:04.021;VU;AS4-AS1-20180127172617
2018-01-27 17:29:31.492;RC;AS4-AS1-20180127172724
2018-01-27 17:29:32.277;SS;AS4-AS1-20180127172724
2018-01-27 17:30:07.354;RO;AS4-AS1-20180127172849
2018-01-27 17:30:08.952;SP;AS4-AS1-20180127172849
2018-01-27 17:30:11.524;SQ;AS4-AS1-20180127173011
2018-01-27 17:30:52.080;RU;AS4-AS1-20180127172724
2018-01-27 17:30:53.914;VU;AS4-AS1-20180127172724
2018-01-27 17:31:23.893;RC;AS4-AS1-20180127172849
2018-01-27 17:31:24.677;SS;AS4-AS1-20180127172849
2018-01-27 17:31:25.257;RO;AS4-AS1-20180127173011
2018-01-27 17:31:26.883;SP;AS4-AS1-20180127173011
2018-01-27 17:31:29.967;SQ;AS4-AS1-20180127173129
2018-01-27 17:32:52.726;RO;AS4-AS1-20180127173129
2018-01-27 17:32:52.726;RC;AS4-AS1-20180127173011
2018-01-27 17:32:53.947;SS;AS4-AS1-20180127173011
2018-01-27 17:32:54.368;SP;AS4-AS1-20180127173129
2018-01-27 17:32:56.003;SQ;AS4-AS1-20180127173256
2018-01-27 17:33:32.459;RU;AS4-AS1-20180127172849
2018-01-27 17:33:34.162;RC;AS4-AS1-20180127173129
2018-01-27 17:33:35.242;VU;AS4-AS1-20180127172849
2018-01-27 17:33:35.558;SS;AS4-AS1-20180127173129
2018-01-27 17:34:03.915;RO;AS4-AS1-20180127173256
2018-01-27 17:34:04.904;SP;AS4-AS1-20180127173256
2018-01-27 17:34:06.529;SQ;AS4-AS1-20180127173406
2018-01-27 17:34:37.233;RC;AS4-AS1-20180127173256
2018-01-27 17:34:38.041;SS;AS4-AS1-20180127173256
2018-01-27 17:34:43.709;RU;AS4-AS1-20180127173011
2018-01-27 17:34:45.530;VU;AS4-AS1-20180127173011
2018-01-27 17:34:58.641;RU;AS4-AS1-20180127173129
2018-01-27 17:35:00.426;VU;AS4-AS1-20180127173129
2018-01-27 17:35:27.951;RO;AS4-AS1-20180127173406
2018-01-27 17:35:28.943;SP;AS4-AS1-20180127173406
2018-01-27 17:35:30.559;SQ;AS4-AS1-20180127173530
2018-01-27 17:36:04.252;RU;AS4-AS1-20180127173256
2018-01-27 17:36:06.071;VU;AS4-AS1-20180127173256
2018-01-27 17:36:12.068;RC;AS4-AS1-20180127173406
2018-01-27 17:36:12.869;SS;AS4-AS1-20180127173406
2018-01-27 17:37:09.423;RO;AS4-AS1-20180127173530
2018-01-27 17:37:10.469;SP;AS4-AS1-20180127173530
2018-01-27 17:37:12.089;SQ;AS4-AS1-20180127173712
2018-01-27 17:37:31.687;RU;AS4-AS1-20180127173406
2018-01-27 17:37:33.471;VU;AS4-AS1-20180127173406
2018-01-27 17:37:49.906;RC;AS4-AS1-20180127173530
2018-01-27 17:37:50.690;SS;AS4-AS1-20180127173530
2018-01-27 17:38:19.846;RO;AS4-AS1-20180127173712
2018-01-27 17:38:20.970;SP;AS4-AS1-20180127173712
2018-01-27 17:38:22.588;SQ;AS4-AS1-20180127173822
2018-01-27 17:39:03.230;RC;AS4-AS1-20180127173712
2018-01-27 17:39:04.034;SS;AS4-AS1-20180127173712
2018-01-27 17:39:15.769;RU;AS4-AS1-20180127173530
2018-01-27 17:39:17.559;VU;AS4-AS1-20180127173530
2018-01-27 17:39:35.738;RO;AS4-AS1-20180127173822
2018-01-27 17:39:36.980;SP;AS4-AS1-20180127173822
2018-01-27 17:39:38.620;SQ;AS4-AS1-20180127173938
2018-01-27 17:40:20.196;RC;AS4-AS1-20180127173822
2018-01-27 17:40:21.010;SS;AS4-AS1-20180127173822
2018-01-27 17:40:21.485;RU;AS4-AS1-20180127173712
2018-01-27 17:40:23.322;VU;AS4-AS1-20180127173712
2018-01-27 17:40:48.615;RO;AS4-AS1-20180127173938
2018-01-27 17:40:49.513;SP;AS4-AS1-20180127173938
2018-01-27 17:40:51.144;SQ;AS4-AS1-20180127174051
2018-01-27 17:41:32.212;RC;AS4-AS1-20180127173938
2018-01-27 17:41:33.024;SS;AS4-AS1-20180127173938
2018-01-27 17:41:44.471;RU;AS4-AS1-20180127173822
2018-01-27 17:41:46.270;VU;AS4-AS1-20180127173822
2018-01-27 17:42:05.411;RO;AS4-AS1-20180127174051
2018-01-27 17:42:07.234;SP;AS4-AS1-20180127174051
2018-01-27 17:42:08.890;SQ;AS4-AS1-20180127174208
2018-01-27 17:42:48.705;RC;AS4-AS1-20180127174051
2018-01-27 17:42:49.512;SS;AS4-AS1-20180127174051
2018-01-27 17:42:59.187;RU;AS4-AS1-20180127173938
2018-01-27 17:43:00.991;VU;AS4-AS1-20180127173938
2018-01-27 17:43:34.908;RO;AS4-AS1-20180127174208
2018-01-27 17:43:35.793;SP;AS4-AS1-20180127174208
2018-01-27 17:43:38.108;SQ;AS4-AS1-20180127174338
2018-01-27 17:44:12.166;RU;AS4-AS1-20180127174051
2018-01-27 17:44:13.979;VU;AS4-AS1-20180127174051
2018-01-27 17:44:20.348;RC;AS4-AS1-20180127174208
2018-01-27 17:44:21.164;SS;AS4-AS1-20180127174208
2018-01-27 17:44:54.861;RO;AS4-AS1-20180127174338
2018-01-27 17:44:55.977;SP;AS4-AS1-20180127174338
2018-01-27 17:44:59.049;SQ;AS4-AS1-20180127174459
2018-01-27 17:45:34.873;RC;AS4-AS1-20180127174338
2018-01-27 17:45:35.677;SS;AS4-AS1-20180127174338
2018-01-27 17:45:36.907;RU;AS4-AS1-20180127174208
2018-01-27 17:46:22.194;RO;AS4-AS1-20180127174459
2018-01-27 17:46:24.245;SP;AS4-AS1-20180127174459
2018-01-27 17:46:26.472;SQ;AS4-AS1-20180127174626
2018-01-27 17:47:04.168;RU;AS4-AS1-20180127174338
2018-01-27 17:47:06.664;VU;AS4-AS1-20180127174338
2018-01-27 17:47:10.203;RC;AS4-AS1-20180127174459
2018-01-27 17:47:11.564;SS;AS4-AS1-20180127174459
2018-01-27 17:47:56.814;RO;AS4-AS1-20180127174626
2018-01-27 17:47:58.572;SP;AS4-AS1-20180127174626
2018-01-27 17:48:01.014;SQ;AS4-AS1-20180127174801
2018-01-27 17:48:28.593;RU;AS4-AS1-20180127174459
2018-01-27 17:48:29.932;RC;AS4-AS1-20180127174626
2018-01-27 17:48:30.751;VU;AS4-AS1-20180127174459
2018-01-27 17:48:31.069;SS;AS4-AS1-20180127174626
2018-01-27 17:49:21.165;RO;AS4-AS1-20180127174801
2018-01-27 17:49:23.667;SP;AS4-AS1-20180127174801
2018-01-27 17:49:26.520;SQ;AS4-AS1-20180127174926
2018-01-27 17:49:53.904;RU;AS4-AS1-20180127174626
2018-01-27 17:49:57.355;VU;AS4-AS1-20180127174626
2018-01-27 17:50:04.107;RC;AS4-AS1-20180127174801
2018-01-27 17:50:04.948;SS;AS4-AS1-20180127174801
2018-01-27 17:50:42.502;RO;AS4-AS1-20180127174926
2018-01-27 17:50:43.624;SP;AS4-AS1-20180127174926
2018-01-27 17:50:45.948;SQ;AS4-AS1-20180127175045
2018-01-27 17:51:23.041;RU;AS4-AS1-20180127174801
2018-01-27 17:51:24.306;RC;AS4-AS1-20180127174926
2018-01-27 17:51:25.343;SS;AS4-AS1-20180127174926
2018-01-27 17:51:25.711;VU;AS4-AS1-20180127174801
2018-01-27 17:51:59.145;RO;AS4-AS1-20180127175045
2018-01-27 17:52:02.364;SP;AS4-AS1-20180127175045
2018-01-27 17:52:04.619;SQ;AS4-AS1-20180127175204
2018-01-27 17:52:38.810;RC;AS4-AS1-20180127175045
2018-01-27 17:52:39.627;SS;AS4-AS1-20180127175045
2018-01-27 17:52:52.601;RU;AS4-AS1-20180127174926
2018-01-27 17:52:54.782;VU;AS4-AS1-20180127174926
2018-01-27 17:53:13.989;RO;AS4-AS1-20180127175204
2018-01-27 17:53:15.759;SP;AS4-AS1-20180127175204
2018-01-27 17:53:20.476;SQ;AS4-AS1-20180127175320
2018-01-27 17:53:42.215;RC;AS4-AS1-20180127175204
2018-01-27 17:53:43.278;SS;AS4-AS1-20180127175204
2018-01-27 17:53:58.924;RU;AS4-AS1-20180127175045
2018-01-27 17:54:01.125;VU;AS4-AS1-20180127175045
2018-01-27 17:54:33.563;RO;AS4-AS1-20180127175320
2018-01-27 17:54:35.968;SP;AS4-AS1-20180127175320
2018-01-27 17:54:38.303;SQ;AS4-AS1-20180127175438
2018-01-27 17:55:01.557;RU;AS4-AS1-20180127175204
2018-01-27 17:55:03.719;VU;AS4-AS1-20180127175204
2018-01-27 17:55:17.375;RC;AS4-AS1-20180127175320
2018-01-27 17:55:18.926;SS;AS4-AS1-20180127175320
2018-01-27 17:56:01.634;RO;AS4-AS1-20180127175438
2018-01-27 17:56:03.036;SP;AS4-AS1-20180127175438
2018-01-27 17:56:05.436;SQ;AS4-AS1-20180127175605
2018-01-27 17:56:37.505;RU;AS4-AS1-20180127175320
2018-01-27 17:56:41.397;VU;AS4-AS1-20180127175320
2018-01-27 17:56:47.822;RC;AS4-AS1-20180127175438
2018-01-27 17:56:48.622;SS;AS4-AS1-20180127175438
2018-01-27 17:57:10.523;RO;AS4-AS1-20180127175605
2018-01-27 17:57:11.334;SP;AS4-AS1-20180127175605
2018-01-27 17:57:13.860;SQ;AS4-AS1-20180127175713
2018-01-27 17:57:44.253;RC;AS4-AS1-20180127175605
2018-01-27 17:57:45.312;SS;AS4-AS1-20180127175605
2018-01-27 17:58:10.847;RU;AS4-AS1-20180127175438
2018-01-27 17:58:13.729;VU;AS4-AS1-20180127175438
2018-01-27 17:58:36.740;RO;AS4-AS1-20180127175713
2018-01-27 17:58:38.449;SP;AS4-AS1-20180127175713
2018-01-27 17:59:00.304;RU;AS4-AS1-20180127175605
2018-01-27 17:59:02.273;VU;AS4-AS1-20180127175605
2018-01-27 17:59:14.194;RC;AS4-AS1-20180127175713
2018-01-27 17:59:15.764;SS;AS4-AS1-20180127175713
2018-01-27 18:00:13.460;RU;AS4-AS1-20180127175713
2018-01-27 18:00:15.827;VU;AS4-AS1-20180127175713
