2018-01-27 17:18:32.848;SQ;AS53-AS1-20180127171832
2018-01-27 17:18:54.922;RO;AS53-AS1-20180127171832
2018-01-27 17:18:56.375;SP;AS53-AS1-20180127171832
2018-01-27 17:18:57.933;SQ;AS53-AS1-20180127171857
2018-01-27 17:19:22.255;RC;AS53-AS1-20180127171832
2018-01-27 17:19:23.036;SS;AS53-AS1-20180127171832
2018-01-27 17:19:50.024;RO;AS53-AS1-20180127171857
2018-01-27 17:19:51.278;SP;AS53-AS1-20180127171857
2018-01-27 17:19:52.859;SQ;AS53-AS1-20180127171952
2018-01-27 17:20:33.121;RC;AS53-AS1-20180127171857
2018-01-27 17:20:34.638;RU;AS53-AS1-20180127171832
2018-01-27 17:20:34.888;SS;AS53-AS1-20180127171857
2018-01-27 17:20:36.799;VU;AS53-AS1-20180127171832
2018-01-27 17:21:07.599;RO;AS53-AS1-20180127171952
2018-01-27 17:21:08.738;SP;AS53-AS1-20180127171952
2018-01-27 17:21:10.350;SQ;AS53-AS1-20180127172110
2018-01-27 17:21:51.955;RU;AS53-AS1-20180127171857
2018-01-27 17:21:52.483;RC;AS53-AS1-20180127171952
2018-01-27 17:21:54.277;SS;AS53-AS1-20180127171952
2018-01-27 17:21:54.953;VU;AS53-AS1-20180127171857
2018-01-27 17:22:35.448;RO;AS53-AS1-20180127172110
2018-01-27 17:22:36.734;SP;AS53-AS1-20180127172110
2018-01-27 17:22:38.767;SQ;AS53-AS1-20180127172238
2018-01-27 17:22:50.047;RU;AS53-AS1-20180127171952
2018-01-27 17:22:51.899;VU;AS53-AS1-20180127171952
2018-01-27 17:23:23.041;RC;AS53-AS1-20180127172110
2018-01-27 17:23:23.818;SS;AS53-AS1-20180127172110
2018-01-27 17:24:00.953;RO;AS53-AS1-20180127172238
2018-01-27 17:24:02.208;SP;AS53-AS1-20180127172238
2018-01-27 17:24:03.826;SQ;AS53-AS1-20180127172403
2018-01-27 17:24:46.338;RC;AS53-AS1-20180127172238
2018-01-27 17:24:47.122;SS;AS53-AS1-20180127172238
2018-01-27 17:24:53.221;RU;AS53-AS1-20180127172110
2018-01-27 17:24:55.034;VU;AS53-AS1-20180127172110
2018-01-27 17:25:27.880;RO;AS53-AS1-20180127172403
2018-01-27 17:25:29.496;SP;AS53-AS1-20180127172403
2018-01-27 17:25:31.283;SQ;AS53-AS1-20180127172531
2018-01-27 17:26:09.906;RU;AS53-AS1-20180127172238
2018-01-27 17:26:11.693;VU;AS53-AS1-20180127172238
2018-01-27 17:26:15.128;RC;AS53-AS1-20180127172403
2018-01-27 17:26:15.930;SS;AS53-AS1-20180127172403
2018-01-27 17:26:49.675;RO;AS53-AS1-20180127172531
2018-01-27 17:26:50.664;SP;AS53-AS1-20180127172531
2018-01-27 17:26:52.216;SQ;AS53-AS1-20180127172652
2018-01-27 17:27:31.129;RC;AS53-AS1-20180127172531
2018-01-27 17:27:31.821;RU;AS53-AS1-20180127172403
2018-01-27 17:27:31.973;SS;AS53-AS1-20180127172531
2018-01-27 17:27:33.689;VU;AS53-AS1-20180127172403
2018-01-27 17:28:15.233;RO;AS53-AS1-20180127172652
2018-01-27 17:28:16.086;SP;AS53-AS1-20180127172652
2018-01-27 17:28:17.666;SQ;AS53-AS1-20180127172817
2018-01-27 17:28:53.454;RC;AS53-AS1-20180127172652
2018-01-27 17:28:54.218;SS;AS53-AS1-20180127172652
2018-01-27 17:28:58.135;RU;AS53-AS1-20180127172531
2018-01-27 17:28:59.907;VU;AS53-AS1-20180127172531
2018-01-27 17:29:41.674;RO;AS53-AS1-20180127172817
2018-01-27 17:29:42.557;SP;AS53-AS1-20180127172817
2018-01-27 17:29:44.128;SQ;AS53-AS1-20180127172944
2018-01-27 17:30:20.592;RU;AS53-AS1-20180127172652
2018-01-27 17:30:22.371;RC;AS53-AS1-20180127172817
2018-01-27 17:30:22.420;VU;AS53-AS1-20180127172652
2018-01-27 17:30:23.537;SS;AS53-AS1-20180127172817
2018-01-27 17:31:09.797;RO;AS53-AS1-20180127172944
2018-01-27 17:31:11.193;SP;AS53-AS1-20180127172944
2018-01-27 17:31:14.132;SQ;AS53-AS1-20180127173114
2018-01-27 17:31:44.956;RU;AS53-AS1-20180127172817
2018-01-27 17:31:46.740;VU;AS53-AS1-20180127172817
2018-01-27 17:31:50.733;RC;AS53-AS1-20180127172944
2018-01-27 17:31:51.516;SS;AS53-AS1-20180127172944
2018-01-27 17:32:38.713;RO;AS53-AS1-20180127173114
2018-01-27 17:32:39.517;SP;AS53-AS1-20180127173114
2018-01-27 17:32:41.162;SQ;AS53-AS1-20180127173241
2018-01-27 17:33:13.495;RU;AS53-AS1-20180127172944
2018-01-27 17:33:15.339;VU;AS53-AS1-20180127172944
2018-01-27 17:33:23.488;RC;AS53-AS1-20180127173114
2018-01-27 17:33:24.299;SS;AS53-AS1-20180127173114
2018-01-27 17:34:05.343;RO;AS53-AS1-20180127173241
2018-01-27 17:34:06.552;SP;AS53-AS1-20180127173241
2018-01-27 17:34:08.132;SQ;AS53-AS1-20180127173408
2018-01-27 17:34:43.805;RU;AS53-AS1-20180127173114
2018-01-27 17:34:45.594;VU;AS53-AS1-20180127173114
2018-01-27 17:34:46.155;RC;AS53-AS1-20180127173241
2018-01-27 17:34:46.956;SS;AS53-AS1-20180127173241
2018-01-27 17:35:36.616;RO;AS53-AS1-20180127173408
2018-01-27 17:35:37.511;SP;AS53-AS1-20180127173408
2018-01-27 17:35:39.117;SQ;AS53-AS1-20180127173539
2018-01-27 17:36:15.916;RC;AS53-AS1-20180127173408
2018-01-27 17:36:16.691;SS;AS53-AS1-20180127173408
2018-01-27 17:36:19.204;RU;AS53-AS1-20180127173241
2018-01-27 17:36:21.020;VU;AS53-AS1-20180127173241
2018-01-27 17:37:00.947;RO;AS53-AS1-20180127173539
2018-01-27 17:37:02.021;SP;AS53-AS1-20180127173539
2018-01-27 17:37:03.605;SQ;AS53-AS1-20180127173703
2018-01-27 17:37:46.771;RU;AS53-AS1-20180127173408
2018-01-27 17:37:46.796;RC;AS53-AS1-20180127173539
2018-01-27 17:37:48.405;SS;AS53-AS1-20180127173539
2018-01-27 17:37:49.405;VU;AS53-AS1-20180127173408
2018-01-27 17:38:26.868;RO;AS53-AS1-20180127173703
2018-01-27 17:38:28.016;SP;AS53-AS1-20180127173703
2018-01-27 17:38:29.579;SQ;AS53-AS1-20180127173829
2018-01-27 17:39:06.569;RC;AS53-AS1-20180127173703
2018-01-27 17:39:07.411;SS;AS53-AS1-20180127173703
2018-01-27 17:39:07.626;RU;AS53-AS1-20180127173539
2018-01-27 17:39:09.407;VU;AS53-AS1-20180127173539
2018-01-27 17:39:47.407;RO;AS53-AS1-20180127173829
2018-01-27 17:39:48.481;SP;AS53-AS1-20180127173829
2018-01-27 17:39:50.049;SQ;AS53-AS1-20180127173950
2018-01-27 17:40:30.285;RC;AS53-AS1-20180127173829
2018-01-27 17:40:31.088;SS;AS53-AS1-20180127173829
2018-01-27 17:40:34.371;RU;AS53-AS1-20180127173703
2018-01-27 17:40:36.176;VU;AS53-AS1-20180127173703
2018-01-27 17:41:11.977;RO;AS53-AS1-20180127173950
2018-01-27 17:41:12.924;SP;AS53-AS1-20180127173950
2018-01-27 17:41:14.497;SQ;AS53-AS1-20180127174114
2018-01-27 17:41:50.736;RC;AS53-AS1-20180127173950
2018-01-27 17:41:52.146;SS;AS53-AS1-20180127173950
2018-01-27 17:42:00.367;RU;AS53-AS1-20180127173829
2018-01-27 17:42:02.217;VU;AS53-AS1-20180127173829
2018-01-27 17:42:30.390;RO;AS53-AS1-20180127174114
2018-01-27 17:42:31.348;SP;AS53-AS1-20180127174114
2018-01-27 17:42:32.895;SQ;AS53-AS1-20180127174232
2018-01-27 17:43:15.219;RC;AS53-AS1-20180127174114
2018-01-27 17:43:16.025;SS;AS53-AS1-20180127174114
2018-01-27 17:43:17.497;RU;AS53-AS1-20180127173950
2018-01-27 17:43:19.308;VU;AS53-AS1-20180127173950
2018-01-27 17:43:47.860;RO;AS53-AS1-20180127174232
2018-01-27 17:43:48.803;SP;AS53-AS1-20180127174232
2018-01-27 17:43:50.403;SQ;AS53-AS1-20180127174350
2018-01-27 17:44:34.114;RC;AS53-AS1-20180127174232
2018-01-27 17:44:34.887;SS;AS53-AS1-20180127174232
2018-01-27 17:44:40.827;RU;AS53-AS1-20180127174114
2018-01-27 17:44:43.526;VU;AS53-AS1-20180127174114
2018-01-27 17:45:10.739;RO;AS53-AS1-20180127174350
2018-01-27 17:45:11.847;SP;AS53-AS1-20180127174350
2018-01-27 17:45:15.207;SQ;AS53-AS1-20180127174515
2018-01-27 17:45:46.998;RU;AS53-AS1-20180127174232
2018-01-27 17:45:48.820;VU;AS53-AS1-20180127174232
2018-01-27 17:45:54.998;RC;AS53-AS1-20180127174350
2018-01-27 17:45:55.793;SS;AS53-AS1-20180127174350
2018-01-27 17:46:27.161;RO;AS53-AS1-20180127174515
2018-01-27 17:46:28.077;SP;AS53-AS1-20180127174515
2018-01-27 17:46:29.630;SQ;AS53-AS1-20180127174629
2018-01-27 17:47:13.676;RC;AS53-AS1-20180127174515
2018-01-27 17:47:14.451;SS;AS53-AS1-20180127174515
2018-01-27 17:47:56.805;RO;AS53-AS1-20180127174629
2018-01-27 17:47:58.033;SP;AS53-AS1-20180127174629
2018-01-27 17:47:59.690;SQ;AS53-AS1-20180127174759
2018-01-27 17:48:01.203;RU;AS53-AS1-20180127174350
2018-01-27 17:48:03.054;VU;AS53-AS1-20180127174350
2018-01-27 17:48:37.226;RC;AS53-AS1-20180127174629
2018-01-27 17:48:38.002;SS;AS53-AS1-20180127174629
2018-01-27 17:48:47.664;RU;AS53-AS1-20180127174515
2018-01-27 17:48:49.457;VU;AS53-AS1-20180127174515
2018-01-27 17:49:18.922;RO;AS53-AS1-20180127174759
2018-01-27 17:49:20.072;SP;AS53-AS1-20180127174759
2018-01-27 17:49:21.669;SQ;AS53-AS1-20180127174921
2018-01-27 17:49:55.858;RC;AS53-AS1-20180127174759
2018-01-27 17:49:56.627;SS;AS53-AS1-20180127174759
2018-01-27 17:50:10.881;RU;AS53-AS1-20180127174629
2018-01-27 17:50:13.303;VU;AS53-AS1-20180127174629
2018-01-27 17:50:38.773;RO;AS53-AS1-20180127174921
2018-01-27 17:50:40.098;SP;AS53-AS1-20180127174921
2018-01-27 17:50:43.550;SQ;AS53-AS1-20180127175043
2018-01-27 17:51:05.804;RU;AS53-AS1-20180127174759
2018-01-27 17:51:07.583;VU;AS53-AS1-20180127174759
2018-01-27 17:51:21.988;RC;AS53-AS1-20180127174921
2018-01-27 17:51:22.812;SS;AS53-AS1-20180127174921
2018-01-27 17:52:00.596;RO;AS53-AS1-20180127175043
2018-01-27 17:52:01.487;SP;AS53-AS1-20180127175043
2018-01-27 17:52:03.141;SQ;AS53-AS1-20180127175203
2018-01-27 17:52:41.507;RU;AS53-AS1-20180127174921
2018-01-27 17:52:41.852;RC;AS53-AS1-20180127175043
2018-01-27 17:52:43.096;SS;AS53-AS1-20180127175043
2018-01-27 17:52:43.663;VU;AS53-AS1-20180127174921
2018-01-27 17:53:17.007;RO;AS53-AS1-20180127175203
2018-01-27 17:53:18.461;SP;AS53-AS1-20180127175203
2018-01-27 17:53:20.067;SQ;AS53-AS1-20180127175320
2018-01-27 17:53:59.758;RC;AS53-AS1-20180127175203
2018-01-27 17:54:00.592;SS;AS53-AS1-20180127175203
2018-01-27 17:54:06.160;RU;AS53-AS1-20180127175043
2018-01-27 17:54:07.975;VU;AS53-AS1-20180127175043
2018-01-27 17:54:18.709;RO;AS53-AS1-20180127175320
2018-01-27 17:54:19.904;SP;AS53-AS1-20180127175320
2018-01-27 17:54:21.497;SQ;AS53-AS1-20180127175421
2018-01-27 17:55:02.588;RC;AS53-AS1-20180127175320
2018-01-27 17:55:03.671;SS;AS53-AS1-20180127175320
2018-01-27 17:55:05.814;RU;AS53-AS1-20180127175203
2018-01-27 17:55:07.628;VU;AS53-AS1-20180127175203
2018-01-27 17:55:33.297;RO;AS53-AS1-20180127175421
2018-01-27 17:55:34.371;SP;AS53-AS1-20180127175421
2018-01-27 17:55:37.019;SQ;AS53-AS1-20180127175537
2018-01-27 17:56:14.455;RC;AS53-AS1-20180127175421
2018-01-27 17:56:15.251;SS;AS53-AS1-20180127175421
2018-01-27 17:56:24.368;RU;AS53-AS1-20180127175320
2018-01-27 17:56:26.144;VU;AS53-AS1-20180127175320
2018-01-27 17:56:52.283;RO;AS53-AS1-20180127175537
2018-01-27 17:56:53.787;SP;AS53-AS1-20180127175537
2018-01-27 17:56:56.729;SQ;AS53-AS1-20180127175656
2018-01-27 17:57:16.841;RU;AS53-AS1-20180127175421
2018-01-27 17:57:18.627;VU;AS53-AS1-20180127175421
2018-01-27 17:57:36.407;RC;AS53-AS1-20180127175537
2018-01-27 17:57:37.179;SS;AS53-AS1-20180127175537
2018-01-27 17:58:06.292;RO;AS53-AS1-20180127175656
2018-01-27 17:58:07.117;SP;AS53-AS1-20180127175656
2018-01-27 17:58:44.604;RU;AS53-AS1-20180127175537
2018-01-27 17:58:46.419;VU;AS53-AS1-20180127175537
2018-01-27 17:59:14.323;RC;AS53-AS1-20180127175656
2018-01-27 17:59:15.137;SS;AS53-AS1-20180127175656
2018-01-27 18:00:14.357;RU;AS53-AS1-20180127175656
