2018-01-27 17:18:30.342;SQ;AS55-AS1-20180127171830
2018-01-27 17:18:37.389;RO;AS55-AS1-20180127171830
2018-01-27 17:18:38.603;SP;AS55-AS1-20180127171830
2018-01-27 17:18:40.110;SQ;AS55-AS1-20180127171840
2018-01-27 17:18:54.330;RC;AS55-AS1-20180127171830
2018-01-27 17:18:55.121;SS;AS55-AS1-20180127171830
2018-01-27 17:19:25.934;RO;AS55-AS1-20180127171840
2018-01-27 17:19:26.917;SP;AS55-AS1-20180127171840
2018-01-27 17:19:28.434;SQ;AS55-AS1-20180127171928
2018-01-27 17:19:47.641;RU;AS55-AS1-20180127171830
2018-01-27 17:19:49.382;VU;AS55-AS1-20180127171830
2018-01-27 17:20:00.118;RC;AS55-AS1-20180127171840
2018-01-27 17:20:01.261;SS;AS55-AS1-20180127171840
2018-01-27 17:20:44.307;RO;AS55-AS1-20180127171928
2018-01-27 17:20:45.309;SP;AS55-AS1-20180127171928
2018-01-27 17:20:46.880;SQ;AS55-AS1-20180127172046
2018-01-27 17:21:15.545;RU;AS55-AS1-20180127171840
2018-01-27 17:21:17.362;VU;AS55-AS1-20180127171840
2018-01-27 17:21:30.685;RC;AS55-AS1-20180127171928
2018-01-27 17:21:31.432;SS;AS55-AS1-20180127171928
2018-01-27 17:22:02.733;RO;AS55-AS1-20180127172046
2018-01-27 17:22:03.711;SP;AS55-AS1-20180127172046
2018-01-27 17:22:05.195;SQ;AS55-AS1-20180127172205
2018-01-27 17:22:36.422;RU;AS55-AS1-20180127171928
2018-01-27 17:22:38.186;VU;AS55-AS1-20180127171928
2018-01-27 17:22:47.808;RC;AS55-AS1-20180127172046
2018-01-27 17:22:48.546;SS;AS55-AS1-20180127172046
2018-01-27 17:23:24.815;RO;AS55-AS1-20180127172205
2018-01-27 17:23:26.537;SP;AS55-AS1-20180127172205
2018-01-27 17:23:28.036;SQ;AS55-AS1-20180127172328
2018-01-27 17:24:09.028;RC;AS55-AS1-20180127172205
2018-01-27 17:24:09.797;SS;AS55-AS1-20180127172205
2018-01-27 17:24:22.002;RU;AS55-AS1-20180127172046
2018-01-27 17:24:23.744;VU;AS55-AS1-20180127172046
2018-01-27 17:24:48.694;RO;AS55-AS1-20180127172328
2018-01-27 17:24:49.906;SP;AS55-AS1-20180127172328
2018-01-27 17:24:51.408;SQ;AS55-AS1-20180127172451
2018-01-27 17:25:30.649;RU;AS55-AS1-20180127172205
2018-01-27 17:25:32.390;VU;AS55-AS1-20180127172205
2018-01-27 17:25:37.202;RC;AS55-AS1-20180127172328
2018-01-27 17:25:37.963;SS;AS55-AS1-20180127172328
2018-01-27 17:26:11.455;RO;AS55-AS1-20180127172451
2018-01-27 17:26:12.264;SP;AS55-AS1-20180127172451
2018-01-27 17:26:13.838;SQ;AS55-AS1-20180127172613
2018-01-27 17:27:03.311;RU;AS55-AS1-20180127172328
2018-01-27 17:27:05.581;VU;AS55-AS1-20180127172328
2018-01-27 17:27:31.511;RC;AS55-AS1-20180127172451
2018-01-27 17:27:32.281;SS;AS55-AS1-20180127172451
2018-01-27 17:27:36.052;RO;AS55-AS1-20180127172613
2018-01-27 17:27:37.200;SP;AS55-AS1-20180127172613
2018-01-27 17:27:38.782;SQ;AS55-AS1-20180127172738
2018-01-27 17:28:21.691;RC;AS55-AS1-20180127172613
2018-01-27 17:28:22.453;SS;AS55-AS1-20180127172613
2018-01-27 17:28:59.123;RU;AS55-AS1-20180127172451
2018-01-27 17:29:00.898;VU;AS55-AS1-20180127172451
2018-01-27 17:29:05.720;RO;AS55-AS1-20180127172738
2018-01-27 17:29:06.666;SP;AS55-AS1-20180127172738
2018-01-27 17:29:09.374;SQ;AS55-AS1-20180127172909
2018-01-27 17:29:49.496;RU;AS55-AS1-20180127172613
2018-01-27 17:29:50.142;RC;AS55-AS1-20180127172738
2018-01-27 17:29:50.993;SS;AS55-AS1-20180127172738
2018-01-27 17:29:51.341;VU;AS55-AS1-20180127172613
2018-01-27 17:30:36.005;RO;AS55-AS1-20180127172909
2018-01-27 17:30:37.238;SP;AS55-AS1-20180127172909
2018-01-27 17:30:39.547;SQ;AS55-AS1-20180127173039
2018-01-27 17:31:21.065;RU;AS55-AS1-20180127172738
2018-01-27 17:31:21.652;RC;AS55-AS1-20180127172909
2018-01-27 17:31:22.543;SS;AS55-AS1-20180127172909
2018-01-27 17:31:22.947;VU;AS55-AS1-20180127172738
2018-01-27 17:32:04.633;RO;AS55-AS1-20180127173039
2018-01-27 17:32:05.435;SP;AS55-AS1-20180127173039
2018-01-27 17:32:06.931;SQ;AS55-AS1-20180127173206
2018-01-27 17:32:46.560;RC;AS55-AS1-20180127173039
2018-01-27 17:32:47.296;SS;AS55-AS1-20180127173039
2018-01-27 17:32:52.724;RU;AS55-AS1-20180127172909
2018-01-27 17:32:54.462;VU;AS55-AS1-20180127172909
2018-01-27 17:34:01.117;RO;AS55-AS1-20180127173206
2018-01-27 17:34:02.313;SP;AS55-AS1-20180127173206
2018-01-27 17:34:05.570;SQ;AS55-AS1-20180127173405
2018-01-27 17:34:14.037;RU;AS55-AS1-20180127173039
2018-01-27 17:34:15.817;VU;AS55-AS1-20180127173039
2018-01-27 17:34:47.295;RC;AS55-AS1-20180127173206
2018-01-27 17:34:48.218;SS;AS55-AS1-20180127173206
2018-01-27 17:35:36.620;RO;AS55-AS1-20180127173405
2018-01-27 17:35:37.425;SP;AS55-AS1-20180127173405
2018-01-27 17:35:38.953;SQ;AS55-AS1-20180127173538
2018-01-27 17:36:12.789;RC;AS55-AS1-20180127173405
2018-01-27 17:36:13.524;SS;AS55-AS1-20180127173405
2018-01-27 17:36:15.653;RU;AS55-AS1-20180127173206
2018-01-27 17:36:17.423;VU;AS55-AS1-20180127173206
2018-01-27 17:36:51.168;RO;AS55-AS1-20180127173538
2018-01-27 17:36:53.179;SP;AS55-AS1-20180127173538
2018-01-27 17:36:55.121;SQ;AS55-AS1-20180127173655
2018-01-27 17:37:36.844;RC;AS55-AS1-20180127173538
2018-01-27 17:37:37.731;SS;AS55-AS1-20180127173538
2018-01-27 17:37:46.911;RU;AS55-AS1-20180127173405
2018-01-27 17:37:48.668;VU;AS55-AS1-20180127173405
2018-01-27 17:38:09.000;RO;AS55-AS1-20180127173655
2018-01-27 17:38:10.577;SP;AS55-AS1-20180127173655
2018-01-27 17:38:13.655;SQ;AS55-AS1-20180127173813
2018-01-27 17:38:53.470;RC;AS55-AS1-20180127173655
2018-01-27 17:38:54.220;SS;AS55-AS1-20180127173655
2018-01-27 17:38:55.888;RU;AS55-AS1-20180127173538
2018-01-27 17:38:58.246;VU;AS55-AS1-20180127173538
2018-01-27 17:40:11.970;RO;AS55-AS1-20180127173813
2018-01-27 17:40:13.011;SP;AS55-AS1-20180127173813
2018-01-27 17:40:14.495;SQ;AS55-AS1-20180127174014
2018-01-27 17:40:17.851;RU;AS55-AS1-20180127173655
2018-01-27 17:40:19.746;VU;AS55-AS1-20180127173655
2018-01-27 17:40:58.525;RC;AS55-AS1-20180127173813
2018-01-27 17:40:59.306;SS;AS55-AS1-20180127173813
2018-01-27 17:42:07.549;RO;AS55-AS1-20180127174014
2018-01-27 17:42:08.370;SP;AS55-AS1-20180127174014
2018-01-27 17:42:09.881;SQ;AS55-AS1-20180127174209
2018-01-27 17:42:19.293;RU;AS55-AS1-20180127173813
2018-01-27 17:42:21.066;VU;AS55-AS1-20180127173813
2018-01-27 17:42:49.300;RC;AS55-AS1-20180127174014
2018-01-27 17:42:50.050;SS;AS55-AS1-20180127174014
2018-01-27 17:43:16.955;RO;AS55-AS1-20180127174209
2018-01-27 17:43:18.230;SP;AS55-AS1-20180127174209
2018-01-27 17:43:19.731;SQ;AS55-AS1-20180127174319
2018-01-27 17:43:46.976;RC;AS55-AS1-20180127174209
2018-01-27 17:43:47.765;SS;AS55-AS1-20180127174209
2018-01-27 17:44:04.939;RU;AS55-AS1-20180127174014
2018-01-27 17:44:06.716;VU;AS55-AS1-20180127174014
2018-01-27 17:44:41.318;RO;AS55-AS1-20180127174319
2018-01-27 17:44:42.495;SP;AS55-AS1-20180127174319
2018-01-27 17:44:44.032;SQ;AS55-AS1-20180127174444
2018-01-27 17:45:07.907;RU;AS55-AS1-20180127174209
2018-01-27 17:45:09.713;VU;AS55-AS1-20180127174209
2018-01-27 17:45:26.878;RC;AS55-AS1-20180127174319
2018-01-27 17:45:28.198;SS;AS55-AS1-20180127174319
2018-01-27 17:46:07.677;RO;AS55-AS1-20180127174444
2018-01-27 17:46:08.896;SP;AS55-AS1-20180127174444
2018-01-27 17:46:10.424;SQ;AS55-AS1-20180127174610
2018-01-27 17:46:49.557;RU;AS55-AS1-20180127174319
2018-01-27 17:46:51.312;VU;AS55-AS1-20180127174319
2018-01-27 17:46:55.821;RC;AS55-AS1-20180127174444
2018-01-27 17:46:56.592;SS;AS55-AS1-20180127174444
2018-01-27 17:47:25.287;RO;AS55-AS1-20180127174610
2018-01-27 17:47:26.287;SP;AS55-AS1-20180127174610
2018-01-27 17:47:27.803;SQ;AS55-AS1-20180127174727
2018-01-27 17:47:58.254;RC;AS55-AS1-20180127174610
2018-01-27 17:47:59.029;SS;AS55-AS1-20180127174610
2018-01-27 17:48:21.423;RU;AS55-AS1-20180127174444
2018-01-27 17:48:23.198;VU;AS55-AS1-20180127174444
2018-01-27 17:48:44.085;RO;AS55-AS1-20180127174727
2018-01-27 17:48:45.131;SP;AS55-AS1-20180127174727
2018-01-27 17:48:46.665;SQ;AS55-AS1-20180127174846
2018-01-27 17:49:17.514;RU;AS55-AS1-20180127174610
2018-01-27 17:49:19.290;VU;AS55-AS1-20180127174610
2018-01-27 17:50:04.883;RC;AS55-AS1-20180127174727
2018-01-27 17:50:05.665;SS;AS55-AS1-20180127174727
2018-01-27 17:50:10.627;RO;AS55-AS1-20180127174846
2018-01-27 17:50:12.324;SP;AS55-AS1-20180127174846
2018-01-27 17:50:13.853;SQ;AS55-AS1-20180127175013
2018-01-27 17:50:51.562;RC;AS55-AS1-20180127174846
2018-01-27 17:50:52.305;SS;AS55-AS1-20180127174846
2018-01-27 17:51:24.305;RU;AS55-AS1-20180127174727
2018-01-27 17:51:26.070;VU;AS55-AS1-20180127174727
2018-01-27 17:51:32.297;RO;AS55-AS1-20180127175013
2018-01-27 17:51:33.174;SP;AS55-AS1-20180127175013
2018-01-27 17:51:34.693;SQ;AS55-AS1-20180127175134
2018-01-27 17:52:11.381;RC;AS55-AS1-20180127175013
2018-01-27 17:52:11.382;RU;AS55-AS1-20180127174846
2018-01-27 17:52:12.979;SS;AS55-AS1-20180127175013
2018-01-27 17:52:13.980;VU;AS55-AS1-20180127174846
2018-01-27 17:52:41.502;RO;AS55-AS1-20180127175134
2018-01-27 17:52:42.523;SP;AS55-AS1-20180127175134
2018-01-27 17:52:44.032;SQ;AS55-AS1-20180127175244
2018-01-27 17:53:19.411;RC;AS55-AS1-20180127175134
2018-01-27 17:53:20.140;SS;AS55-AS1-20180127175134
2018-01-27 17:53:30.014;RU;AS55-AS1-20180127175013
2018-01-27 17:53:31.762;VU;AS55-AS1-20180127175013
2018-01-27 17:54:02.371;RO;AS55-AS1-20180127175244
2018-01-27 17:54:04.221;SP;AS55-AS1-20180127175244
2018-01-27 17:54:06.157;SQ;AS55-AS1-20180127175406
2018-01-27 17:54:34.618;RC;AS55-AS1-20180127175244
2018-01-27 17:54:35.399;SS;AS55-AS1-20180127175244
2018-01-27 17:55:04.746;RU;AS55-AS1-20180127175134
2018-01-27 17:55:06.524;VU;AS55-AS1-20180127175134
2018-01-27 17:55:10.501;RO;AS55-AS1-20180127175406
2018-01-27 17:55:11.506;SP;AS55-AS1-20180127175406
2018-01-27 17:55:13.073;SQ;AS55-AS1-20180127175513
2018-01-27 17:55:56.647;RC;AS55-AS1-20180127175406
2018-01-27 17:55:57.423;SS;AS55-AS1-20180127175406
2018-01-27 17:55:58.060;RU;AS55-AS1-20180127175244
2018-01-27 17:55:59.825;VU;AS55-AS1-20180127175244
2018-01-27 17:56:35.863;RO;AS55-AS1-20180127175513
2018-01-27 17:56:36.929;SP;AS55-AS1-20180127175513
2018-01-27 17:56:39.319;SQ;AS55-AS1-20180127175639
2018-01-27 17:57:16.114;RU;AS55-AS1-20180127175406
2018-01-27 17:57:17.881;VU;AS55-AS1-20180127175406
2018-01-27 17:57:49.754;RC;AS55-AS1-20180127175513
2018-01-27 17:57:50.519;SS;AS55-AS1-20180127175513
2018-01-27 17:57:52.092;RO;AS55-AS1-20180127175639
2018-01-27 17:57:53.140;SP;AS55-AS1-20180127175639
2018-01-27 17:57:54.768;SQ;AS55-AS1-20180127175754
2018-01-27 17:58:36.693;RC;AS55-AS1-20180127175639
2018-01-27 17:58:37.470;SS;AS55-AS1-20180127175639
2018-01-27 17:59:03.630;RU;AS55-AS1-20180127175513
2018-01-27 17:59:05.446;VU;AS55-AS1-20180127175513
2018-01-27 17:59:07.676;RO;AS55-AS1-20180127175754
2018-01-27 17:59:08.655;SP;AS55-AS1-20180127175754
2018-01-27 17:59:39.939;RC;AS55-AS1-20180127175754
2018-01-27 17:59:40.707;SS;AS55-AS1-20180127175754
2018-01-27 17:59:47.543;RU;AS55-AS1-20180127175639
2018-01-27 17:59:49.340;VU;AS55-AS1-20180127175639
2018-01-27 18:00:39.565;RU;AS55-AS1-20180127175754
2018-01-27 18:00:41.342;VU;AS55-AS1-20180127175754
