2018-01-27 17:18:29.580;SQ;AS75-AS1-20180127171829
2018-01-27 17:18:34.306;RO;AS75-AS1-20180127171829
2018-01-27 17:18:35.425;SP;AS75-AS1-20180127171829
2018-01-27 17:18:37.096;SQ;AS75-AS1-20180127171837
2018-01-27 17:18:47.500;RC;AS75-AS1-20180127171829
2018-01-27 17:18:48.315;SS;AS75-AS1-20180127171829
2018-01-27 17:19:12.843;RO;AS75-AS1-20180127171837
2018-01-27 17:19:14.103;SP;AS75-AS1-20180127171837
2018-01-27 17:19:15.748;SQ;AS75-AS1-20180127171915
2018-01-27 17:19:40.377;RU;AS75-AS1-20180127171829
2018-01-27 17:19:42.186;VU;AS75-AS1-20180127171829
2018-01-27 17:19:43.811;RC;AS75-AS1-20180127171837
2018-01-27 17:19:45.252;SS;AS75-AS1-20180127171837
2018-01-27 17:20:16.133;RO;AS75-AS1-20180127171915
2018-01-27 17:20:17.899;SP;AS75-AS1-20180127171915
2018-01-27 17:20:21.046;SQ;AS75-AS1-20180127172021
2018-01-27 17:20:54.810;RC;AS75-AS1-20180127171915
2018-01-27 17:20:55.634;SS;AS75-AS1-20180127171915
2018-01-27 17:20:55.793;RU;AS75-AS1-20180127171837
2018-01-27 17:20:57.636;VU;AS75-AS1-20180127171837
2018-01-27 17:21:39.785;RO;AS75-AS1-20180127172021
2018-01-27 17:21:40.953;SP;AS75-AS1-20180127172021
2018-01-27 17:21:42.607;SQ;AS75-AS1-20180127172142
2018-01-27 17:22:25.704;RU;AS75-AS1-20180127171915
2018-01-27 17:22:27.524;VU;AS75-AS1-20180127171915
2018-01-27 17:22:32.230;RC;AS75-AS1-20180127172021
2018-01-27 17:22:33.073;SS;AS75-AS1-20180127172021
2018-01-27 17:23:05.788;RO;AS75-AS1-20180127172142
2018-01-27 17:23:07.014;SP;AS75-AS1-20180127172142
2018-01-27 17:23:08.619;SQ;AS75-AS1-20180127172308
2018-01-27 17:23:51.584;RC;AS75-AS1-20180127172142
2018-01-27 17:23:52.388;SS;AS75-AS1-20180127172142
2018-01-27 17:24:00.624;RU;AS75-AS1-20180127172021
2018-01-27 17:24:02.437;VU;AS75-AS1-20180127172021
2018-01-27 17:24:21.997;RO;AS75-AS1-20180127172308
2018-01-27 17:24:23.019;SP;AS75-AS1-20180127172308
2018-01-27 17:24:24.670;SQ;AS75-AS1-20180127172424
2018-01-27 17:25:18.100;RU;AS75-AS1-20180127172142
2018-01-27 17:25:19.930;VU;AS75-AS1-20180127172142
2018-01-27 17:25:37.314;RC;AS75-AS1-20180127172308
2018-01-27 17:25:38.148;SS;AS75-AS1-20180127172308
2018-01-27 17:25:46.785;RO;AS75-AS1-20180127172424
2018-01-27 17:25:48.083;SP;AS75-AS1-20180127172424
2018-01-27 17:25:49.760;SQ;AS75-AS1-20180127172549
2018-01-27 17:26:28.809;RC;AS75-AS1-20180127172424
2018-01-27 17:26:29.643;SS;AS75-AS1-20180127172424
2018-01-27 17:27:05.312;RO;AS75-AS1-20180127172549
2018-01-27 17:27:05.314;RU;AS75-AS1-20180127172308
2018-01-27 17:27:07.007;SP;AS75-AS1-20180127172549
2018-01-27 17:27:08.005;VU;AS75-AS1-20180127172308
2018-01-27 17:27:08.643;SQ;AS75-AS1-20180127172708
2018-01-27 17:27:46.606;RC;AS75-AS1-20180127172549
2018-01-27 17:27:47.420;SS;AS75-AS1-20180127172549
2018-01-27 17:27:50.296;RU;AS75-AS1-20180127172424
2018-01-27 17:27:52.577;VU;AS75-AS1-20180127172424
2018-01-27 17:28:31.689;RO;AS75-AS1-20180127172708
2018-01-27 17:28:32.577;SP;AS75-AS1-20180127172708
2018-01-27 17:28:34.244;SQ;AS75-AS1-20180127172834
2018-01-27 17:29:18.457;RC;AS75-AS1-20180127172708
2018-01-27 17:29:18.472;RU;AS75-AS1-20180127172549
2018-01-27 17:29:20.099;SS;AS75-AS1-20180127172708
2018-01-27 17:29:21.100;VU;AS75-AS1-20180127172549
2018-01-27 17:30:00.535;RO;AS75-AS1-20180127172834
2018-01-27 17:30:01.652;SP;AS75-AS1-20180127172834
2018-01-27 17:30:03.329;SQ;AS75-AS1-20180127173003
2018-01-27 17:30:38.009;RC;AS75-AS1-20180127172834
2018-01-27 17:30:39.578;SS;AS75-AS1-20180127172834
2018-01-27 17:30:41.876;RU;AS75-AS1-20180127172708
2018-01-27 17:30:43.700;VU;AS75-AS1-20180127172708
2018-01-27 17:31:38.325;RO;AS75-AS1-20180127173003
2018-01-27 17:31:39.251;SP;AS75-AS1-20180127173003
2018-01-27 17:31:40.883;SQ;AS75-AS1-20180127173140
2018-01-27 17:32:00.614;RU;AS75-AS1-20180127172834
2018-01-27 17:32:02.424;VU;AS75-AS1-20180127172834
2018-01-27 17:32:22.832;RC;AS75-AS1-20180127173003
2018-01-27 17:32:23.644;SS;AS75-AS1-20180127173003
2018-01-27 17:33:05.080;RO;AS75-AS1-20180127173140
2018-01-27 17:33:06.332;SP;AS75-AS1-20180127173140
2018-01-27 17:33:07.962;SQ;AS75-AS1-20180127173307
2018-01-27 17:33:45.349;RC;AS75-AS1-20180127173140
2018-01-27 17:33:46.189;SS;AS75-AS1-20180127173140
2018-01-27 17:34:20.528;RU;AS75-AS1-20180127173003
2018-01-27 17:34:22.364;VU;AS75-AS1-20180127173003
2018-01-27 17:34:30.365;RO;AS75-AS1-20180127173307
2018-01-27 17:34:31.390;SP;AS75-AS1-20180127173307
2018-01-27 17:34:33.182;SQ;AS75-AS1-20180127173433
2018-01-27 17:34:56.252;RU;AS75-AS1-20180127173140
2018-01-27 17:34:58.074;VU;AS75-AS1-20180127173140
2018-01-27 17:35:12.639;RC;AS75-AS1-20180127173307
2018-01-27 17:35:13.466;SS;AS75-AS1-20180127173307
2018-01-27 17:35:51.905;RO;AS75-AS1-20180127173433
2018-01-27 17:35:53.121;SP;AS75-AS1-20180127173433
2018-01-27 17:35:54.810;SQ;AS75-AS1-20180127173554
2018-01-27 17:36:32.772;RC;AS75-AS1-20180127173433
2018-01-27 17:36:33.583;SS;AS75-AS1-20180127173433
2018-01-27 17:36:38.723;RU;AS75-AS1-20180127173307
2018-01-27 17:36:40.539;VU;AS75-AS1-20180127173307
2018-01-27 17:37:14.109;RO;AS75-AS1-20180127173554
2018-01-27 17:37:15.213;SP;AS75-AS1-20180127173554
2018-01-27 17:37:16.916;SQ;AS75-AS1-20180127173716
2018-01-27 17:37:56.157;RU;AS75-AS1-20180127173433
2018-01-27 17:37:56.324;RC;AS75-AS1-20180127173554
2018-01-27 17:37:57.811;SS;AS75-AS1-20180127173554
2018-01-27 17:37:58.572;VU;AS75-AS1-20180127173433
2018-01-27 17:38:28.048;RO;AS75-AS1-20180127173716
2018-01-27 17:38:29.306;SP;AS75-AS1-20180127173716
2018-01-27 17:38:30.945;SQ;AS75-AS1-20180127173830
2018-01-27 17:39:11.883;RC;AS75-AS1-20180127173716
2018-01-27 17:39:13.647;SS;AS75-AS1-20180127173716
2018-01-27 17:39:22.721;RU;AS75-AS1-20180127173554
2018-01-27 17:39:24.552;VU;AS75-AS1-20180127173554
2018-01-27 17:39:47.567;RO;AS75-AS1-20180127173830
2018-01-27 17:39:48.870;SP;AS75-AS1-20180127173830
2018-01-27 17:39:50.498;SQ;AS75-AS1-20180127173950
2018-01-27 17:40:27.761;RC;AS75-AS1-20180127173830
2018-01-27 17:40:28.573;SS;AS75-AS1-20180127173830
2018-01-27 17:40:36.043;RU;AS75-AS1-20180127173716
2018-01-27 17:40:37.860;VU;AS75-AS1-20180127173716
2018-01-27 17:41:12.494;RO;AS75-AS1-20180127173950
2018-01-27 17:41:13.413;SP;AS75-AS1-20180127173950
2018-01-27 17:41:15.074;SQ;AS75-AS1-20180127174115
2018-01-27 17:41:41.771;RU;AS75-AS1-20180127173830
2018-01-27 17:41:43.610;VU;AS75-AS1-20180127173830
2018-01-27 17:41:49.310;RC;AS75-AS1-20180127173950
2018-01-27 17:41:50.702;SS;AS75-AS1-20180127173950
2018-01-27 17:43:06.862;RO;AS75-AS1-20180127174115
2018-01-27 17:43:08.525;SP;AS75-AS1-20180127174115
2018-01-27 17:43:10.200;SQ;AS75-AS1-20180127174310
2018-01-27 17:43:16.428;RU;AS75-AS1-20180127173950
2018-01-27 17:43:18.245;VU;AS75-AS1-20180127173950
2018-01-27 17:43:32.927;RC;AS75-AS1-20180127174115
2018-01-27 17:43:33.770;SS;AS75-AS1-20180127174115
2018-01-27 17:44:34.193;RO;AS75-AS1-20180127174310
2018-01-27 17:44:35.126;SP;AS75-AS1-20180127174310
2018-01-27 17:44:36.753;SQ;AS75-AS1-20180127174436
2018-01-27 17:44:58.416;RU;AS75-AS1-20180127174115
2018-01-27 17:45:00.238;VU;AS75-AS1-20180127174115
2018-01-27 17:45:24.015;RC;AS75-AS1-20180127174310
2018-01-27 17:45:24.846;SS;AS75-AS1-20180127174310
2018-01-27 17:46:08.678;RO;AS75-AS1-20180127174436
2018-01-27 17:46:09.670;SP;AS75-AS1-20180127174436
2018-01-27 17:46:11.288;SQ;AS75-AS1-20180127174611
2018-01-27 17:46:40.996;RU;AS75-AS1-20180127174310
2018-01-27 17:46:42.823;VU;AS75-AS1-20180127174310
2018-01-27 17:46:57.264;RC;AS75-AS1-20180127174436
2018-01-27 17:46:58.106;SS;AS75-AS1-20180127174436
2018-01-27 17:47:34.182;RO;AS75-AS1-20180127174611
2018-01-27 17:47:35.969;SP;AS75-AS1-20180127174611
2018-01-27 17:47:37.628;SQ;AS75-AS1-20180127174737
2018-01-27 17:48:17.701;RU;AS75-AS1-20180127174436
2018-01-27 17:48:18.880;RC;AS75-AS1-20180127174611
2018-01-27 17:48:19.533;VU;AS75-AS1-20180127174436
2018-01-27 17:48:20.234;SS;AS75-AS1-20180127174611
2018-01-27 17:48:54.233;RO;AS75-AS1-20180127174737
2018-01-27 17:48:55.518;SP;AS75-AS1-20180127174737
2018-01-27 17:48:57.186;SQ;AS75-AS1-20180127174857
2018-01-27 17:49:31.805;RU;AS75-AS1-20180127174611
2018-01-27 17:49:39.605;RC;AS75-AS1-20180127174737
2018-01-27 17:49:40.761;SS;AS75-AS1-20180127174737
2018-01-27 17:50:23.530;RO;AS75-AS1-20180127174857
2018-01-27 17:50:25.416;SP;AS75-AS1-20180127174857
2018-01-27 17:50:29.635;SQ;AS75-AS1-20180127175029
2018-01-27 17:51:01.278;RU;AS75-AS1-20180127174737
2018-01-27 17:51:03.638;VU;AS75-AS1-20180127174737
2018-01-27 17:51:04.685;RC;AS75-AS1-20180127174857
2018-01-27 17:51:05.930;SS;AS75-AS1-20180127174857
2018-01-27 17:51:52.361;RO;AS75-AS1-20180127175029
2018-01-27 17:51:53.740;SP;AS75-AS1-20180127175029
2018-01-27 17:51:56.115;SQ;AS75-AS1-20180127175156
2018-01-27 17:52:30.170;RU;AS75-AS1-20180127174857
2018-01-27 17:52:33.219;VU;AS75-AS1-20180127174857
2018-01-27 17:52:38.332;RC;AS75-AS1-20180127175029
2018-01-27 17:52:39.440;SS;AS75-AS1-20180127175029
2018-01-27 17:53:13.692;RO;AS75-AS1-20180127175156
2018-01-27 17:53:15.279;SP;AS75-AS1-20180127175156
2018-01-27 17:53:20.066;SQ;AS75-AS1-20180127175320
2018-01-27 17:53:53.992;RC;AS75-AS1-20180127175156
2018-01-27 17:53:54.837;SS;AS75-AS1-20180127175156
2018-01-27 17:53:56.724;RU;AS75-AS1-20180127175029
2018-01-27 17:53:59.222;VU;AS75-AS1-20180127175029
2018-01-27 17:54:33.100;RO;AS75-AS1-20180127175320
2018-01-27 17:54:35.448;SP;AS75-AS1-20180127175320
2018-01-27 17:54:38.206;SQ;AS75-AS1-20180127175438
2018-01-27 17:55:10.509;RC;AS75-AS1-20180127175320
2018-01-27 17:55:11.988;SS;AS75-AS1-20180127175320
2018-01-27 17:55:44.254;RU;AS75-AS1-20180127175156
2018-01-27 17:55:46.466;VU;AS75-AS1-20180127175156
2018-01-27 17:56:00.749;RO;AS75-AS1-20180127175438
2018-01-27 17:56:02.426;SP;AS75-AS1-20180127175438
2018-01-27 17:56:04.646;SQ;AS75-AS1-20180127175604
2018-01-27 17:56:25.375;RU;AS75-AS1-20180127175320
2018-01-27 17:56:27.298;VU;AS75-AS1-20180127175320
2018-01-27 17:56:46.690;RC;AS75-AS1-20180127175438
2018-01-27 17:56:48.008;SS;AS75-AS1-20180127175438
2018-01-27 17:57:10.758;RO;AS75-AS1-20180127175604
2018-01-27 17:57:12.943;SP;AS75-AS1-20180127175604
2018-01-27 17:57:15.257;SQ;AS75-AS1-20180127175715
2018-01-27 17:57:54.315;RC;AS75-AS1-20180127175604
2018-01-27 17:57:57.027;SS;AS75-AS1-20180127175604
2018-01-27 17:58:12.986;RU;AS75-AS1-20180127175438
2018-01-27 17:58:15.093;VU;AS75-AS1-20180127175438
2018-01-27 17:58:22.683;RO;AS75-AS1-20180127175715
2018-01-27 17:58:24.367;SP;AS75-AS1-20180127175715
2018-01-27 17:59:16.589;RU;AS75-AS1-20180127175604
2018-01-27 17:59:19.158;VU;AS75-AS1-20180127175604
2018-01-27 17:59:38.156;RC;AS75-AS1-20180127175715
2018-01-27 17:59:39.439;SS;AS75-AS1-20180127175715
2018-01-27 18:00:39.245;RU;AS75-AS1-20180127175715
2018-01-27 18:00:41.825;VU;AS75-AS1-20180127175715
