2018-01-27 17:18:32.736;SQ;AS77-AS1-20180127171832
2018-01-27 17:18:57.692;RO;AS77-AS1-20180127171832
2018-01-27 17:18:58.532;SP;AS77-AS1-20180127171832
2018-01-27 17:19:00.055;SQ;AS77-AS1-20180127171900
2018-01-27 17:19:21.975;RC;AS77-AS1-20180127171832
2018-01-27 17:19:22.764;SS;AS77-AS1-20180127171832
2018-01-27 17:19:57.557;RO;AS77-AS1-20180127171900
2018-01-27 17:19:58.370;SP;AS77-AS1-20180127171900
2018-01-27 17:19:59.877;SQ;AS77-AS1-20180127171959
2018-01-27 17:20:32.571;RU;AS77-AS1-20180127171832
2018-01-27 17:20:34.913;VU;AS77-AS1-20180127171832
2018-01-27 17:20:41.840;RC;AS77-AS1-20180127171900
2018-01-27 17:20:42.637;SS;AS77-AS1-20180127171900
2018-01-27 17:21:15.548;RO;AS77-AS1-20180127171959
2018-01-27 17:21:16.758;SP;AS77-AS1-20180127171959
2018-01-27 17:21:18.350;SQ;AS77-AS1-20180127172118
2018-01-27 17:22:01.938;RU;AS77-AS1-20180127171900
2018-01-27 17:22:03.342;RC;AS77-AS1-20180127171959
2018-01-27 17:22:03.769;VU;AS77-AS1-20180127171900
2018-01-27 17:22:04.154;SS;AS77-AS1-20180127171959
2018-01-27 17:22:39.930;RO;AS77-AS1-20180127172118
2018-01-27 17:22:40.767;SP;AS77-AS1-20180127172118
2018-01-27 17:22:42.352;SQ;AS77-AS1-20180127172242
2018-01-27 17:23:23.736;RC;AS77-AS1-20180127172118
2018-01-27 17:23:25.141;SS;AS77-AS1-20180127172118
2018-01-27 17:24:00.953;RO;AS77-AS1-20180127172242
2018-01-27 17:24:01.099;RU;AS77-AS1-20180127171959
2018-01-27 17:24:02.701;SP;AS77-AS1-20180127172242
2018-01-27 17:24:03.315;VU;AS77-AS1-20180127171959
2018-01-27 17:24:04.237;SQ;AS77-AS1-20180127172404
2018-01-27 17:24:46.452;RU;AS77-AS1-20180127172118
2018-01-27 17:24:46.507;RC;AS77-AS1-20180127172242
2018-01-27 17:24:48.042;SS;AS77-AS1-20180127172242
2018-01-27 17:24:48.971;VU;AS77-AS1-20180127172118
2018-01-27 17:25:18.743;RO;AS77-AS1-20180127172404
2018-01-27 17:25:19.589;SP;AS77-AS1-20180127172404
2018-01-27 17:25:21.142;SQ;AS77-AS1-20180127172521
2018-01-27 17:26:09.946;RU;AS77-AS1-20180127172242
2018-01-27 17:26:10.278;RC;AS77-AS1-20180127172404
2018-01-27 17:26:11.564;SS;AS77-AS1-20180127172404
2018-01-27 17:26:12.129;VU;AS77-AS1-20180127172242
2018-01-27 17:26:42.833;RO;AS77-AS1-20180127172521
2018-01-27 17:26:43.998;SP;AS77-AS1-20180127172521
2018-01-27 17:26:45.541;SQ;AS77-AS1-20180127172645
2018-01-27 17:27:30.424;RC;AS77-AS1-20180127172521
2018-01-27 17:27:31.212;SS;AS77-AS1-20180127172521
2018-01-27 17:27:35.524;RU;AS77-AS1-20180127172404
2018-01-27 17:27:37.318;VU;AS77-AS1-20180127172404
2018-01-27 17:28:13.900;RO;AS77-AS1-20180127172645
2018-01-27 17:28:14.904;SP;AS77-AS1-20180127172645
2018-01-27 17:28:16.454;SQ;AS77-AS1-20180127172816
2018-01-27 17:28:46.764;RU;AS77-AS1-20180127172521
2018-01-27 17:28:48.545;VU;AS77-AS1-20180127172521
2018-01-27 17:28:59.080;RC;AS77-AS1-20180127172645
2018-01-27 17:28:59.862;SS;AS77-AS1-20180127172645
2018-01-27 17:29:31.247;RO;AS77-AS1-20180127172816
2018-01-27 17:29:32.338;SP;AS77-AS1-20180127172816
2018-01-27 17:29:33.909;SQ;AS77-AS1-20180127172933
2018-01-27 17:30:20.472;RC;AS77-AS1-20180127172816
2018-01-27 17:30:20.544;RU;AS77-AS1-20180127172645
2018-01-27 17:30:21.950;SS;AS77-AS1-20180127172816
2018-01-27 17:30:23.037;VU;AS77-AS1-20180127172645
2018-01-27 17:30:50.636;RO;AS77-AS1-20180127172933
2018-01-27 17:30:51.797;SP;AS77-AS1-20180127172933
2018-01-27 17:30:53.505;SQ;AS77-AS1-20180127173053
2018-01-27 17:31:37.423;RC;AS77-AS1-20180127172933
2018-01-27 17:31:38.204;SS;AS77-AS1-20180127172933
2018-01-27 17:32:22.348;RO;AS77-AS1-20180127173053
2018-01-27 17:32:23.389;SP;AS77-AS1-20180127173053
2018-01-27 17:32:24.925;SQ;AS77-AS1-20180127173224
2018-01-27 17:32:56.591;RU;AS77-AS1-20180127172816
2018-01-27 17:32:58.386;VU;AS77-AS1-20180127172816
2018-01-27 17:32:59.778;RC;AS77-AS1-20180127173053
2018-01-27 17:33:00.572;SS;AS77-AS1-20180127173053
2018-01-27 17:33:36.932;RU;AS77-AS1-20180127172933
2018-01-27 17:33:38.745;VU;AS77-AS1-20180127172933
2018-01-27 17:33:41.656;RO;AS77-AS1-20180127173224
2018-01-27 17:33:42.850;SP;AS77-AS1-20180127173224
2018-01-27 17:33:44.492;SQ;AS77-AS1-20180127173344
2018-01-27 17:34:18.066;RU;AS77-AS1-20180127173053
2018-01-27 17:34:20.586;VU;AS77-AS1-20180127173053
2018-01-27 17:35:01.720;RC;AS77-AS1-20180127173224
2018-01-27 17:35:02.537;SS;AS77-AS1-20180127173224
2018-01-27 17:35:03.329;RO;AS77-AS1-20180127173344
2018-01-27 17:35:05.053;SP;AS77-AS1-20180127173344
2018-01-27 17:35:07.762;SQ;AS77-AS1-20180127173507
2018-01-27 17:35:49.476;RC;AS77-AS1-20180127173344
2018-01-27 17:35:50.521;SS;AS77-AS1-20180127173344
2018-01-27 17:36:30.227;RO;AS77-AS1-20180127173507
2018-01-27 17:36:31.155;SP;AS77-AS1-20180127173507
2018-01-27 17:36:32.700;SQ;AS77-AS1-20180127173632
2018-01-27 17:36:34.449;RU;AS77-AS1-20180127173224
2018-01-27 17:36:36.222;VU;AS77-AS1-20180127173224
2018-01-27 17:37:18.412;RC;AS77-AS1-20180127173507
2018-01-27 17:37:19.199;SS;AS77-AS1-20180127173507
2018-01-27 17:37:21.015;RU;AS77-AS1-20180127173344
2018-01-27 17:37:22.783;VU;AS77-AS1-20180127173344
2018-01-27 17:37:52.583;RO;AS77-AS1-20180127173632
2018-01-27 17:37:54.389;SP;AS77-AS1-20180127173632
2018-01-27 17:37:56.650;SQ;AS77-AS1-20180127173756
2018-01-27 17:38:39.020;RC;AS77-AS1-20180127173632
2018-01-27 17:38:39.808;SS;AS77-AS1-20180127173632
2018-01-27 17:38:49.740;RU;AS77-AS1-20180127173507
2018-01-27 17:38:51.512;VU;AS77-AS1-20180127173507
2018-01-27 17:39:21.686;RO;AS77-AS1-20180127173756
2018-01-27 17:39:22.493;SP;AS77-AS1-20180127173756
2018-01-27 17:39:24.027;SQ;AS77-AS1-20180127173924
2018-01-27 17:40:07.460;RU;AS77-AS1-20180127173632
2018-01-27 17:40:09.288;VU;AS77-AS1-20180127173632
2018-01-27 17:40:09.407;RC;AS77-AS1-20180127173756
2018-01-27 17:40:10.180;SS;AS77-AS1-20180127173756
2018-01-27 17:40:46.967;RO;AS77-AS1-20180127173924
2018-01-27 17:40:48.702;SP;AS77-AS1-20180127173924
2018-01-27 17:40:50.922;SQ;AS77-AS1-20180127174050
2018-01-27 17:41:32.213;RC;AS77-AS1-20180127173924
2018-01-27 17:41:32.995;SS;AS77-AS1-20180127173924
2018-01-27 17:42:06.372;RU;AS77-AS1-20180127173756
2018-01-27 17:42:07.153;RO;AS77-AS1-20180127174050
2018-01-27 17:42:08.199;VU;AS77-AS1-20180127173756
2018-01-27 17:42:08.292;SP;AS77-AS1-20180127174050
2018-01-27 17:42:09.881;SQ;AS77-AS1-20180127174209
2018-01-27 17:42:48.706;RU;AS77-AS1-20180127173924
2018-01-27 17:42:49.960;RC;AS77-AS1-20180127174050
2018-01-27 17:42:50.473;VU;AS77-AS1-20180127173924
2018-01-27 17:42:50.735;SS;AS77-AS1-20180127174050
2018-01-27 17:43:24.978;RO;AS77-AS1-20180127174209
2018-01-27 17:43:26.233;SP;AS77-AS1-20180127174209
2018-01-27 17:43:27.765;SQ;AS77-AS1-20180127174327
2018-01-27 17:44:08.319;RC;AS77-AS1-20180127174209
2018-01-27 17:44:09.118;SS;AS77-AS1-20180127174209
2018-01-27 17:44:13.973;RU;AS77-AS1-20180127174050
2018-01-27 17:44:15.753;VU;AS77-AS1-20180127174050
2018-01-27 17:44:51.747;RO;AS77-AS1-20180127174327
2018-01-27 17:44:52.653;SP;AS77-AS1-20180127174327
2018-01-27 17:44:54.178;SQ;AS77-AS1-20180127174454
2018-01-27 17:45:26.886;RC;AS77-AS1-20180127174327
2018-01-27 17:45:27.546;RU;AS77-AS1-20180127174209
2018-01-27 17:45:28.682;SS;AS77-AS1-20180127174327
2018-01-27 17:45:30.623;VU;AS77-AS1-20180127174209
2018-01-27 17:46:09.775;RO;AS77-AS1-20180127174454
2018-01-27 17:46:11.080;SP;AS77-AS1-20180127174454
2018-01-27 17:46:12.632;SQ;AS77-AS1-20180127174612
2018-01-27 17:46:46.913;RU;AS77-AS1-20180127174327
2018-01-27 17:46:48.819;VU;AS77-AS1-20180127174327
2018-01-27 17:46:55.718;RC;AS77-AS1-20180127174454
2018-01-27 17:46:56.471;SS;AS77-AS1-20180127174454
2018-01-27 17:47:31.670;RO;AS77-AS1-20180127174612
2018-01-27 17:47:32.528;SP;AS77-AS1-20180127174612
2018-01-27 17:47:35.229;SQ;AS77-AS1-20180127174735
2018-01-27 17:48:11.950;RU;AS77-AS1-20180127174454
2018-01-27 17:48:13.707;VU;AS77-AS1-20180127174454
2018-01-27 17:48:14.654;RC;AS77-AS1-20180127174612
2018-01-27 17:48:15.465;SS;AS77-AS1-20180127174612
2018-01-27 17:49:36.631;RU;AS77-AS1-20180127174612
2018-01-27 17:49:38.949;VU;AS77-AS1-20180127174612
2018-01-27 17:49:40.041;RO;AS77-AS1-20180127174735
2018-01-27 17:49:41.185;SP;AS77-AS1-20180127174735
2018-01-27 17:49:42.814;SQ;AS77-AS1-20180127174942
2018-01-27 17:50:20.200;RC;AS77-AS1-20180127174735
2018-01-27 17:50:20.973;SS;AS77-AS1-20180127174735
2018-01-27 17:51:00.757;RO;AS77-AS1-20180127174942
2018-01-27 17:51:01.726;SP;AS77-AS1-20180127174942
2018-01-27 17:51:03.291;SQ;AS77-AS1-20180127175103
2018-01-27 17:51:38.670;RU;AS77-AS1-20180127174735
2018-01-27 17:51:40.465;VU;AS77-AS1-20180127174735
2018-01-27 17:51:46.553;RC;AS77-AS1-20180127174942
2018-01-27 17:51:47.318;SS;AS77-AS1-20180127174942
2018-01-27 17:52:25.358;RO;AS77-AS1-20180127175103
2018-01-27 17:52:26.150;SP;AS77-AS1-20180127175103
2018-01-27 17:52:27.706;SQ;AS77-AS1-20180127175227
2018-01-27 17:52:55.263;RU;AS77-AS1-20180127174942
2018-01-27 17:52:57.051;VU;AS77-AS1-20180127174942
2018-01-27 17:53:12.017;RC;AS77-AS1-20180127175103
2018-01-27 17:53:12.801;SS;AS77-AS1-20180127175103
2018-01-27 17:53:53.010;RO;AS77-AS1-20180127175227
2018-01-27 17:53:54.074;SP;AS77-AS1-20180127175227
2018-01-27 17:53:55.596;SQ;AS77-AS1-20180127175355
2018-01-27 17:54:24.990;RU;AS77-AS1-20180127175103
2018-01-27 17:54:26.776;VU;AS77-AS1-20180127175103
2018-01-27 17:54:34.084;RC;AS77-AS1-20180127175227
2018-01-27 17:54:34.858;SS;AS77-AS1-20180127175227
2018-01-27 17:55:06.302;RO;AS77-AS1-20180127175355
2018-01-27 17:55:07.460;SP;AS77-AS1-20180127175355
2018-01-27 17:55:08.991;SQ;AS77-AS1-20180127175508
2018-01-27 17:55:50.999;RU;AS77-AS1-20180127175227
2018-01-27 17:55:53.231;VU;AS77-AS1-20180127175227
2018-01-27 17:56:22.261;RC;AS77-AS1-20180127175355
2018-01-27 17:56:24.009;SS;AS77-AS1-20180127175355
2018-01-27 17:56:30.267;RO;AS77-AS1-20180127175508
2018-01-27 17:56:31.374;SP;AS77-AS1-20180127175508
2018-01-27 17:56:32.894;SQ;AS77-AS1-20180127175632
2018-01-27 17:57:08.974;RC;AS77-AS1-20180127175508
2018-01-27 17:57:10.364;SS;AS77-AS1-20180127175508
2018-01-27 17:57:40.128;RU;AS77-AS1-20180127175355
2018-01-27 17:57:42.852;VU;AS77-AS1-20180127175355
2018-01-27 17:57:49.800;RO;AS77-AS1-20180127175632
2018-01-27 17:57:50.789;SP;AS77-AS1-20180127175632
2018-01-27 17:57:52.348;SQ;AS77-AS1-20180127175752
2018-01-27 17:58:28.846;RU;AS77-AS1-20180127175508
2018-01-27 17:58:29.377;RC;AS77-AS1-20180127175632
2018-01-27 17:58:30.385;SS;AS77-AS1-20180127175632
2018-01-27 17:58:30.845;VU;AS77-AS1-20180127175508
2018-01-27 17:59:00.012;RO;AS77-AS1-20180127175752
2018-01-27 17:59:01.237;SP;AS77-AS1-20180127175752
2018-01-27 17:59:38.521;RC;AS77-AS1-20180127175752
2018-01-27 17:59:39.030;RU;AS77-AS1-20180127175632
2018-01-27 17:59:39.615;SS;AS77-AS1-20180127175752
2018-01-27 17:59:41.179;VU;AS77-AS1-20180127175632
2018-01-27 18:00:39.245;RU;AS77-AS1-20180127175752
2018-01-27 18:00:41.031;VU;AS77-AS1-20180127175752
