2018-01-27 17:18:31.235;SQ;AS84-AS1-20180127171831
2018-01-27 17:18:51.944;RO;AS84-AS1-20180127171831
2018-01-27 17:18:53.101;SP;AS84-AS1-20180127171831
2018-01-27 17:18:54.773;SQ;AS84-AS1-20180127171854
2018-01-27 17:19:19.039;RC;AS84-AS1-20180127171831
2018-01-27 17:19:19.874;SS;AS84-AS1-20180127171831
2018-01-27 17:19:41.559;RO;AS84-AS1-20180127171854
2018-01-27 17:19:42.682;SP;AS84-AS1-20180127171854
2018-01-27 17:19:44.638;SQ;AS84-AS1-20180127171944
2018-01-27 17:20:21.358;RU;AS84-AS1-20180127171831
2018-01-27 17:20:23.179;VU;AS84-AS1-20180127171831
2018-01-27 17:20:30.702;RC;AS84-AS1-20180127171854
2018-01-27 17:20:31.534;SS;AS84-AS1-20180127171854
2018-01-27 17:20:45.925;RO;AS84-AS1-20180127171944
2018-01-27 17:20:47.032;SP;AS84-AS1-20180127171944
2018-01-27 17:20:49.574;SQ;AS84-AS1-20180127172049
2018-01-27 17:21:35.657;RC;AS84-AS1-20180127171944
2018-01-27 17:21:37.151;SS;AS84-AS1-20180127171944
2018-01-27 17:21:50.343;RU;AS84-AS1-20180127171854
2018-01-27 17:21:52.440;VU;AS84-AS1-20180127171854
2018-01-27 17:22:17.659;RO;AS84-AS1-20180127172049
2018-01-27 17:22:18.509;SP;AS84-AS1-20180127172049
2018-01-27 17:22:20.216;SQ;AS84-AS1-20180127172220
2018-01-27 17:22:59.407;RU;AS84-AS1-20180127171944
2018-01-27 17:22:59.965;RC;AS84-AS1-20180127172049
2018-01-27 17:23:01.054;SS;AS84-AS1-20180127172049
2018-01-27 17:23:01.454;VU;AS84-AS1-20180127171944
2018-01-27 17:23:51.363;RO;AS84-AS1-20180127172220
2018-01-27 17:23:52.675;SP;AS84-AS1-20180127172220
2018-01-27 17:23:54.338;SQ;AS84-AS1-20180127172354
2018-01-27 17:24:21.252;RU;AS84-AS1-20180127172049
2018-01-27 17:24:23.102;VU;AS84-AS1-20180127172049
2018-01-27 17:24:31.641;RC;AS84-AS1-20180127172220
2018-01-27 17:24:32.456;SS;AS84-AS1-20180127172220
2018-01-27 17:25:18.733;RO;AS84-AS1-20180127172354
2018-01-27 17:25:19.755;SP;AS84-AS1-20180127172354
2018-01-27 17:25:21.408;SQ;AS84-AS1-20180127172521
2018-01-27 17:25:46.960;RU;AS84-AS1-20180127172220
2018-01-27 17:25:48.810;VU;AS84-AS1-20180127172220
2018-01-27 17:26:09.558;RC;AS84-AS1-20180127172354
2018-01-27 17:26:10.385;SS;AS84-AS1-20180127172354
2018-01-27 17:26:35.869;RO;AS84-AS1-20180127172521
2018-01-27 17:26:36.820;SP;AS84-AS1-20180127172521
2018-01-27 17:26:38.486;SQ;AS84-AS1-20180127172638
2018-01-27 17:27:11.968;RC;AS84-AS1-20180127172521
2018-01-27 17:27:12.795;SS;AS84-AS1-20180127172521
2018-01-27 17:27:41.689;RU;AS84-AS1-20180127172354
2018-01-27 17:27:43.502;VU;AS84-AS1-20180127172354
2018-01-27 17:28:00.641;RO;AS84-AS1-20180127172638
2018-01-27 17:28:01.950;SP;AS84-AS1-20180127172638
2018-01-27 17:28:03.616;SQ;AS84-AS1-20180127172803
2018-01-27 17:28:39.480;RU;AS84-AS1-20180127172521
2018-01-27 17:28:41.298;VU;AS84-AS1-20180127172521
2018-01-27 17:28:46.678;RC;AS84-AS1-20180127172638
2018-01-27 17:28:47.489;SS;AS84-AS1-20180127172638
2018-01-27 17:29:18.540;RO;AS84-AS1-20180127172803
2018-01-27 17:29:19.541;SP;AS84-AS1-20180127172803
2018-01-27 17:29:21.213;SQ;AS84-AS1-20180127172921
2018-01-27 17:30:01.329;RC;AS84-AS1-20180127172803
2018-01-27 17:30:02.175;SS;AS84-AS1-20180127172803
2018-01-27 17:30:20.533;RU;AS84-AS1-20180127172638
2018-01-27 17:30:22.362;VU;AS84-AS1-20180127172638
2018-01-27 17:30:41.365;RO;AS84-AS1-20180127172921
2018-01-27 17:30:42.622;SP;AS84-AS1-20180127172921
2018-01-27 17:30:44.260;SQ;AS84-AS1-20180127173044
2018-01-27 17:31:24.429;RC;AS84-AS1-20180127172921
2018-01-27 17:31:25.264;SS;AS84-AS1-20180127172921
2018-01-27 17:31:30.327;RU;AS84-AS1-20180127172803
2018-01-27 17:31:32.150;VU;AS84-AS1-20180127172803
2018-01-27 17:32:05.971;RO;AS84-AS1-20180127173044
2018-01-27 17:32:07.223;SP;AS84-AS1-20180127173044
2018-01-27 17:32:08.913;SQ;AS84-AS1-20180127173208
2018-01-27 17:32:41.761;RC;AS84-AS1-20180127173044
2018-01-27 17:32:42.595;SS;AS84-AS1-20180127173044
2018-01-27 17:32:52.719;RU;AS84-AS1-20180127172921
2018-01-27 17:32:54.555;VU;AS84-AS1-20180127172921
2018-01-27 17:33:22.967;RO;AS84-AS1-20180127173208
2018-01-27 17:33:23.833;SP;AS84-AS1-20180127173208
2018-01-27 17:33:25.471;SQ;AS84-AS1-20180127173325
2018-01-27 17:34:06.360;RU;AS84-AS1-20180127173044
2018-01-27 17:34:08.185;VU;AS84-AS1-20180127173044
2018-01-27 17:34:32.035;RC;AS84-AS1-20180127173208
2018-01-27 17:34:32.845;SS;AS84-AS1-20180127173208
2018-01-27 17:35:20.780;RO;AS84-AS1-20180127173325
2018-01-27 17:35:21.947;SP;AS84-AS1-20180127173325
2018-01-27 17:35:23.638;SQ;AS84-AS1-20180127173523
2018-01-27 17:35:57.407;RU;AS84-AS1-20180127173208
2018-01-27 17:35:59.261;VU;AS84-AS1-20180127173208
2018-01-27 17:36:05.994;RC;AS84-AS1-20180127173325
2018-01-27 17:36:07.551;SS;AS84-AS1-20180127173325
2018-01-27 17:36:33.034;RO;AS84-AS1-20180127173523
2018-01-27 17:36:34.043;SP;AS84-AS1-20180127173523
2018-01-27 17:36:35.666;SQ;AS84-AS1-20180127173635
2018-01-27 17:37:17.024;RU;AS84-AS1-20180127173325
2018-01-27 17:37:18.838;VU;AS84-AS1-20180127173325
2018-01-27 17:37:19.397;RC;AS84-AS1-20180127173523
2018-01-27 17:37:20.248;SS;AS84-AS1-20180127173523
2018-01-27 17:37:54.988;RO;AS84-AS1-20180127173635
2018-01-27 17:37:56.079;SP;AS84-AS1-20180127173635
2018-01-27 17:37:57.734;SQ;AS84-AS1-20180127173757
2018-01-27 17:38:39.905;RC;AS84-AS1-20180127173635
2018-01-27 17:38:40.758;SS;AS84-AS1-20180127173635
2018-01-27 17:38:49.716;RU;AS84-AS1-20180127173523
2018-01-27 17:38:51.533;VU;AS84-AS1-20180127173523
2018-01-27 17:39:22.884;RO;AS84-AS1-20180127173757
2018-01-27 17:39:24.195;SP;AS84-AS1-20180127173757
2018-01-27 17:39:25.877;SQ;AS84-AS1-20180127173925
2018-01-27 17:40:07.036;RU;AS84-AS1-20180127173635
2018-01-27 17:40:08.860;VU;AS84-AS1-20180127173635
2018-01-27 17:40:11.309;RC;AS84-AS1-20180127173757
2018-01-27 17:40:12.166;SS;AS84-AS1-20180127173757
2018-01-27 17:40:49.376;RO;AS84-AS1-20180127173925
2018-01-27 17:40:50.296;SP;AS84-AS1-20180127173925
2018-01-27 17:40:51.943;SQ;AS84-AS1-20180127174051
2018-01-27 17:41:32.181;RC;AS84-AS1-20180127173925
2018-01-27 17:41:33.012;SS;AS84-AS1-20180127173925
2018-01-27 17:41:33.451;RU;AS84-AS1-20180127173757
2018-01-27 17:41:35.941;VU;AS84-AS1-20180127173757
2018-01-27 17:42:12.857;RO;AS84-AS1-20180127174051
2018-01-27 17:42:13.860;SP;AS84-AS1-20180127174051
2018-01-27 17:42:15.561;SQ;AS84-AS1-20180127174215
2018-01-27 17:42:53.010;RC;AS84-AS1-20180127174051
2018-01-27 17:42:53.857;SS;AS84-AS1-20180127174051
2018-01-27 17:42:59.246;RU;AS84-AS1-20180127173925
2018-01-27 17:43:01.088;VU;AS84-AS1-20180127173925
2018-01-27 17:43:31.941;RO;AS84-AS1-20180127174215
2018-01-27 17:43:32.958;SP;AS84-AS1-20180127174215
2018-01-27 17:43:34.625;SQ;AS84-AS1-20180127174334
2018-01-27 17:44:18.523;RC;AS84-AS1-20180127174215
2018-01-27 17:44:18.524;RU;AS84-AS1-20180127174051
2018-01-27 17:44:20.210;SS;AS84-AS1-20180127174215
2018-01-27 17:44:21.216;VU;AS84-AS1-20180127174051
2018-01-27 17:44:44.325;RO;AS84-AS1-20180127174334
2018-01-27 17:44:45.560;SP;AS84-AS1-20180127174334
2018-01-27 17:44:47.227;SQ;AS84-AS1-20180127174447
2018-01-27 17:45:30.551;RC;AS84-AS1-20180127174334
2018-01-27 17:45:31.373;SS;AS84-AS1-20180127174334
2018-01-27 17:46:06.866;RO;AS84-AS1-20180127174447
2018-01-27 17:46:06.867;RU;AS84-AS1-20180127174215
2018-01-27 17:46:08.549;SP;AS84-AS1-20180127174447
2018-01-27 17:46:11.091;SQ;AS84-AS1-20180127174611
2018-01-27 17:46:47.765;RU;AS84-AS1-20180127174334
2018-01-27 17:46:49.929;VU;AS84-AS1-20180127174334
2018-01-27 17:46:50.218;RC;AS84-AS1-20180127174447
2018-01-27 17:46:51.068;SS;AS84-AS1-20180127174447
2018-01-27 17:47:31.525;RO;AS84-AS1-20180127174611
2018-01-27 17:47:33.270;SP;AS84-AS1-20180127174611
2018-01-27 17:47:37.725;SQ;AS84-AS1-20180127174737
2018-01-27 17:48:14.644;RC;AS84-AS1-20180127174611
2018-01-27 17:48:16.214;SS;AS84-AS1-20180127174611
2018-01-27 17:48:18.058;RU;AS84-AS1-20180127174447
2018-01-27 17:48:19.971;VU;AS84-AS1-20180127174447
2018-01-27 17:49:34.112;RO;AS84-AS1-20180127174737
2018-01-27 17:49:35.933;SP;AS84-AS1-20180127174737
2018-01-27 17:49:39.438;SQ;AS84-AS1-20180127174939
2018-01-27 17:49:47.866;RU;AS84-AS1-20180127174611
2018-01-27 17:49:50.047;VU;AS84-AS1-20180127174611
2018-01-27 17:50:14.111;RC;AS84-AS1-20180127174737
2018-01-27 17:50:15.579;SS;AS84-AS1-20180127174737
2018-01-27 17:50:58.532;RO;AS84-AS1-20180127174939
2018-01-27 17:50:59.703;SP;AS84-AS1-20180127174939
2018-01-27 17:51:02.143;SQ;AS84-AS1-20180127175102
2018-01-27 17:51:25.929;RU;AS84-AS1-20180127174737
2018-01-27 17:51:28.200;VU;AS84-AS1-20180127174737
2018-01-27 17:51:38.132;RC;AS84-AS1-20180127174939
2018-01-27 17:51:39.553;SS;AS84-AS1-20180127174939
2018-01-27 17:52:25.365;RO;AS84-AS1-20180127175102
2018-01-27 17:52:26.579;SP;AS84-AS1-20180127175102
2018-01-27 17:52:29.107;SQ;AS84-AS1-20180127175229
2018-01-27 17:52:59.369;RU;AS84-AS1-20180127174939
2018-01-27 17:53:02.508;VU;AS84-AS1-20180127174939
2018-01-27 17:53:11.291;RC;AS84-AS1-20180127175102
2018-01-27 17:53:12.686;SS;AS84-AS1-20180127175102
2018-01-27 17:54:24.793;RO;AS84-AS1-20180127175229
2018-01-27 17:54:26.106;SP;AS84-AS1-20180127175229
2018-01-27 17:54:28.650;SQ;AS84-AS1-20180127175428
2018-01-27 17:54:30.705;RU;AS84-AS1-20180127175102
2018-01-27 17:54:33.182;VU;AS84-AS1-20180127175102
2018-01-27 17:55:10.469;RC;AS84-AS1-20180127175229
2018-01-27 17:55:11.796;SS;AS84-AS1-20180127175229
2018-01-27 17:55:46.543;RO;AS84-AS1-20180127175428
2018-01-27 17:55:47.942;SP;AS84-AS1-20180127175428
2018-01-27 17:55:50.558;SQ;AS84-AS1-20180127175550
2018-01-27 17:56:24.574;RC;AS84-AS1-20180127175428
2018-01-27 17:56:25.407;SS;AS84-AS1-20180127175428
2018-01-27 17:56:31.384;RU;AS84-AS1-20180127175229
2018-01-27 17:56:33.692;VU;AS84-AS1-20180127175229
2018-01-27 17:57:05.314;RO;AS84-AS1-20180127175550
2018-01-27 17:57:07.060;SP;AS84-AS1-20180127175550
2018-01-27 17:57:10.821;SQ;AS84-AS1-20180127175710
2018-01-27 17:57:39.420;RC;AS84-AS1-20180127175550
2018-01-27 17:57:42.320;SS;AS84-AS1-20180127175550
2018-01-27 17:57:49.795;RU;AS84-AS1-20180127175428
2018-01-27 17:57:52.065;VU;AS84-AS1-20180127175428
2018-01-27 17:58:26.534;RO;AS84-AS1-20180127175710
2018-01-27 17:58:28.978;SP;AS84-AS1-20180127175710
2018-01-27 17:58:31.924;SQ;AS84-AS1-20180127175831
2018-01-27 17:59:07.710;RU;AS84-AS1-20180127175550
2018-01-27 17:59:07.711;RC;AS84-AS1-20180127175710
2018-01-27 17:59:09.862;SS;AS84-AS1-20180127175710
2018-01-27 17:59:10.863;VU;AS84-AS1-20180127175550
2018-01-27 17:59:38.514;RO;AS84-AS1-20180127175831
2018-01-27 17:59:40.325;SP;AS84-AS1-20180127175831
2018-01-27 18:00:12.420;RC;AS84-AS1-20180127175831
2018-01-27 18:00:13.463;RU;AS84-AS1-20180127175710
2018-01-27 18:00:13.948;SS;AS84-AS1-20180127175831
2018-01-27 18:00:58.158;RU;AS84-AS1-20180127175831
2018-01-27 18:01:01.769;VU;AS84-AS1-20180127175831
