2018-01-27 17:18:39.566;SQ;AS87-AS1-20180127171839
2018-01-27 17:19:22.546;RO;AS87-AS1-20180127171839
2018-01-27 17:19:23.476;SP;AS87-AS1-20180127171839
2018-01-27 17:19:25.164;SQ;AS87-AS1-20180127171925
2018-01-27 17:19:45.953;RC;AS87-AS1-20180127171839
2018-01-27 17:19:46.811;SS;AS87-AS1-20180127171839
2018-01-27 17:20:40.808;RO;AS87-AS1-20180127171925
2018-01-27 17:20:42.096;SP;AS87-AS1-20180127171925
2018-01-27 17:20:43.837;SQ;AS87-AS1-20180127172043
2018-01-27 17:20:49.927;RU;AS87-AS1-20180127171839
2018-01-27 17:20:52.470;VU;AS87-AS1-20180127171839
2018-01-27 17:21:28.085;RC;AS87-AS1-20180127171925
2018-01-27 17:21:28.924;SS;AS87-AS1-20180127171925
2018-01-27 17:22:10.270;RO;AS87-AS1-20180127172043
2018-01-27 17:22:11.305;SP;AS87-AS1-20180127172043
2018-01-27 17:22:13.029;SQ;AS87-AS1-20180127172213
2018-01-27 17:22:46.413;RC;AS87-AS1-20180127172043
2018-01-27 17:22:47.260;SS;AS87-AS1-20180127172043
2018-01-27 17:22:59.393;RU;AS87-AS1-20180127171925
2018-01-27 17:23:01.265;VU;AS87-AS1-20180127171925
2018-01-27 17:23:34.427;RO;AS87-AS1-20180127172213
2018-01-27 17:23:35.488;SP;AS87-AS1-20180127172213
2018-01-27 17:23:37.201;SQ;AS87-AS1-20180127172337
2018-01-27 17:24:05.617;RU;AS87-AS1-20180127172043
2018-01-27 17:24:07.485;VU;AS87-AS1-20180127172043
2018-01-27 17:24:10.613;RC;AS87-AS1-20180127172213
2018-01-27 17:24:12.310;SS;AS87-AS1-20180127172213
2018-01-27 17:25:37.224;RU;AS87-AS1-20180127172213
2018-01-27 17:25:39.097;VU;AS87-AS1-20180127172213
2018-01-27 17:25:50.371;RO;AS87-AS1-20180127172337
2018-01-27 17:25:51.694;SP;AS87-AS1-20180127172337
2018-01-27 17:25:53.432;SQ;AS87-AS1-20180127172553
2018-01-27 17:26:32.378;RC;AS87-AS1-20180127172337
2018-01-27 17:26:34.099;SS;AS87-AS1-20180127172337
2018-01-27 17:27:03.683;RO;AS87-AS1-20180127172553
2018-01-27 17:27:04.869;SP;AS87-AS1-20180127172553
2018-01-27 17:27:06.573;SQ;AS87-AS1-20180127172706
2018-01-27 17:27:42.170;RC;AS87-AS1-20180127172553
2018-01-27 17:27:43.029;SS;AS87-AS1-20180127172553
2018-01-27 17:28:00.256;RU;AS87-AS1-20180127172337
2018-01-27 17:28:02.099;VU;AS87-AS1-20180127172337
2018-01-27 17:28:18.118;RO;AS87-AS1-20180127172706
2018-01-27 17:28:19.025;SP;AS87-AS1-20180127172706
2018-01-27 17:28:21.622;SQ;AS87-AS1-20180127172821
2018-01-27 17:29:03.909;RU;AS87-AS1-20180127172553
2018-01-27 17:29:05.778;VU;AS87-AS1-20180127172553
2018-01-27 17:29:40.682;RC;AS87-AS1-20180127172706
2018-01-27 17:29:41.527;SS;AS87-AS1-20180127172706
2018-01-27 17:29:47.095;RO;AS87-AS1-20180127172821
2018-01-27 17:29:48.087;SP;AS87-AS1-20180127172821
2018-01-27 17:29:49.789;SQ;AS87-AS1-20180127172949
2018-01-27 17:30:32.430;RC;AS87-AS1-20180127172821
2018-01-27 17:30:33.303;SS;AS87-AS1-20180127172821
2018-01-27 17:31:03.939;RU;AS87-AS1-20180127172706
2018-01-27 17:31:05.779;VU;AS87-AS1-20180127172706
2018-01-27 17:31:06.393;RO;AS87-AS1-20180127172949
2018-01-27 17:31:07.719;SP;AS87-AS1-20180127172949
2018-01-27 17:31:09.455;SQ;AS87-AS1-20180127173109
2018-01-27 17:31:52.811;RC;AS87-AS1-20180127172949
2018-01-27 17:31:53.683;SS;AS87-AS1-20180127172949
2018-01-27 17:32:38.465;RU;AS87-AS1-20180127172821
2018-01-27 17:32:40.342;VU;AS87-AS1-20180127172821
2018-01-27 17:32:52.721;RO;AS87-AS1-20180127173109
2018-01-27 17:32:53.937;SP;AS87-AS1-20180127173109
2018-01-27 17:32:55.647;SQ;AS87-AS1-20180127173255
2018-01-27 17:33:25.607;RU;AS87-AS1-20180127172949
2018-01-27 17:33:27.483;VU;AS87-AS1-20180127172949
2018-01-27 17:33:36.696;RC;AS87-AS1-20180127173109
2018-01-27 17:33:37.563;SS;AS87-AS1-20180127173109
2018-01-27 17:34:54.690;RO;AS87-AS1-20180127173255
2018-01-27 17:34:55.514;RU;AS87-AS1-20180127173109
2018-01-27 17:34:55.708;SP;AS87-AS1-20180127173255
2018-01-27 17:34:58.189;SQ;AS87-AS1-20180127173458
2018-01-27 17:34:58.231;VU;AS87-AS1-20180127173109
2018-01-27 17:35:28.944;RC;AS87-AS1-20180127173255
2018-01-27 17:35:29.805;SS;AS87-AS1-20180127173255
2018-01-27 17:36:29.855;RO;AS87-AS1-20180127173458
2018-01-27 17:36:31.132;SP;AS87-AS1-20180127173458
2018-01-27 17:36:32.798;SQ;AS87-AS1-20180127173632
2018-01-27 17:36:50.645;RU;AS87-AS1-20180127173255
2018-01-27 17:36:53.104;VU;AS87-AS1-20180127173255
2018-01-27 17:37:13.806;RC;AS87-AS1-20180127173458
2018-01-27 17:37:14.680;SS;AS87-AS1-20180127173458
2018-01-27 17:37:50.842;RO;AS87-AS1-20180127173632
2018-01-27 17:37:51.748;SP;AS87-AS1-20180127173632
2018-01-27 17:37:54.268;SQ;AS87-AS1-20180127173754
2018-01-27 17:38:38.513;RC;AS87-AS1-20180127173632
2018-01-27 17:38:38.732;RU;AS87-AS1-20180127173458
2018-01-27 17:38:39.961;SS;AS87-AS1-20180127173632
2018-01-27 17:38:41.255;VU;AS87-AS1-20180127173458
2018-01-27 17:39:19.381;RO;AS87-AS1-20180127173754
2018-01-27 17:39:20.725;SP;AS87-AS1-20180127173754
2018-01-27 17:39:22.444;SQ;AS87-AS1-20180127173922
2018-01-27 17:39:54.397;RC;AS87-AS1-20180127173754
2018-01-27 17:39:55.261;SS;AS87-AS1-20180127173754
2018-01-27 17:39:58.501;RU;AS87-AS1-20180127173632
2018-01-27 17:40:01.278;VU;AS87-AS1-20180127173632
2018-01-27 17:40:45.014;RO;AS87-AS1-20180127173922
2018-01-27 17:40:45.901;SP;AS87-AS1-20180127173922
2018-01-27 17:40:48.121;SQ;AS87-AS1-20180127174048
2018-01-27 17:41:14.184;RU;AS87-AS1-20180127173754
2018-01-27 17:41:16.042;VU;AS87-AS1-20180127173754
2018-01-27 17:41:32.204;RC;AS87-AS1-20180127173922
2018-01-27 17:41:33.043;SS;AS87-AS1-20180127173922
2018-01-27 17:42:00.359;RO;AS87-AS1-20180127174048
2018-01-27 17:42:01.587;SP;AS87-AS1-20180127174048
2018-01-27 17:42:03.309;SQ;AS87-AS1-20180127174203
2018-01-27 17:42:47.081;RC;AS87-AS1-20180127174048
2018-01-27 17:42:47.116;RU;AS87-AS1-20180127173922
2018-01-27 17:42:48.816;SS;AS87-AS1-20180127174048
2018-01-27 17:42:49.820;VU;AS87-AS1-20180127173922
2018-01-27 17:43:22.211;RO;AS87-AS1-20180127174203
2018-01-27 17:43:23.995;SP;AS87-AS1-20180127174203
2018-01-27 17:43:25.675;SQ;AS87-AS1-20180127174325
2018-01-27 17:44:07.210;RC;AS87-AS1-20180127174203
2018-01-27 17:44:07.210;RU;AS87-AS1-20180127174048
2018-01-27 17:44:08.955;SS;AS87-AS1-20180127174203
2018-01-27 17:44:09.955;VU;AS87-AS1-20180127174048
2018-01-27 17:44:51.738;RO;AS87-AS1-20180127174325
2018-01-27 17:44:52.615;SP;AS87-AS1-20180127174325
2018-01-27 17:44:54.313;SQ;AS87-AS1-20180127174454
2018-01-27 17:45:25.138;RU;AS87-AS1-20180127174203
2018-01-27 17:45:26.984;VU;AS87-AS1-20180127174203
2018-01-27 17:45:30.031;RC;AS87-AS1-20180127174325
2018-01-27 17:45:30.871;SS;AS87-AS1-20180127174325
2018-01-27 17:46:11.926;RO;AS87-AS1-20180127174454
2018-01-27 17:46:13.283;SP;AS87-AS1-20180127174454
2018-01-27 17:46:16.140;SQ;AS87-AS1-20180127174616
2018-01-27 17:46:55.826;RC;AS87-AS1-20180127174454
2018-01-27 17:46:55.827;RU;AS87-AS1-20180127174325
2018-01-27 17:46:57.553;SS;AS87-AS1-20180127174454
2018-01-27 17:46:58.555;VU;AS87-AS1-20180127174325
2018-01-27 17:47:40.118;RO;AS87-AS1-20180127174616
2018-01-27 17:47:41.074;SP;AS87-AS1-20180127174616
2018-01-27 17:47:42.786;SQ;AS87-AS1-20180127174742
2018-01-27 17:48:14.212;RU;AS87-AS1-20180127174454
2018-01-27 17:48:16.071;VU;AS87-AS1-20180127174454
2018-01-27 17:48:17.940;RC;AS87-AS1-20180127174616
2018-01-27 17:48:18.811;SS;AS87-AS1-20180127174616
2018-01-27 17:49:01.179;RO;AS87-AS1-20180127174742
2018-01-27 17:49:02.246;SP;AS87-AS1-20180127174742
2018-01-27 17:49:03.954;SQ;AS87-AS1-20180127174903
2018-01-27 17:49:37.615;RU;AS87-AS1-20180127174616
2018-01-27 17:49:45.947;RC;AS87-AS1-20180127174742
2018-01-27 17:49:47.669;SS;AS87-AS1-20180127174742
2018-01-27 17:50:26.386;RO;AS87-AS1-20180127174903
2018-01-27 17:50:28.103;SP;AS87-AS1-20180127174903
2018-01-27 17:50:30.698;SQ;AS87-AS1-20180127175030
2018-01-27 17:51:05.619;RC;AS87-AS1-20180127174903
2018-01-27 17:51:06.542;SS;AS87-AS1-20180127174903
2018-01-27 17:51:12.932;RU;AS87-AS1-20180127174742
2018-01-27 17:51:16.182;VU;AS87-AS1-20180127174742
2018-01-27 17:51:47.565;RO;AS87-AS1-20180127175030
2018-01-27 17:51:48.829;SP;AS87-AS1-20180127175030
2018-01-27 17:51:51.376;SQ;AS87-AS1-20180127175151
2018-01-27 17:52:26.505;RC;AS87-AS1-20180127175030
2018-01-27 17:52:27.152;RU;AS87-AS1-20180127174903
2018-01-27 17:52:27.944;SS;AS87-AS1-20180127175030
2018-01-27 17:52:30.116;VU;AS87-AS1-20180127174903
2018-01-27 17:53:04.109;RO;AS87-AS1-20180127175151
2018-01-27 17:53:05.361;SP;AS87-AS1-20180127175151
2018-01-27 17:53:07.938;SQ;AS87-AS1-20180127175307
2018-01-27 17:53:42.139;RU;AS87-AS1-20180127175030
2018-01-27 17:53:44.444;VU;AS87-AS1-20180127175030
2018-01-27 17:53:44.897;RC;AS87-AS1-20180127175151
2018-01-27 17:53:45.774;SS;AS87-AS1-20180127175151
2018-01-27 17:54:20.159;RO;AS87-AS1-20180127175307
2018-01-27 17:54:21.734;SP;AS87-AS1-20180127175307
2018-01-27 17:54:24.226;SQ;AS87-AS1-20180127175424
2018-01-27 17:54:52.726;RU;AS87-AS1-20180127175151
2018-01-27 17:54:54.614;VU;AS87-AS1-20180127175151
2018-01-27 17:55:04.955;RC;AS87-AS1-20180127175307
2018-01-27 17:55:06.620;SS;AS87-AS1-20180127175307
2018-01-27 17:55:36.031;RO;AS87-AS1-20180127175424
2018-01-27 17:55:38.636;SP;AS87-AS1-20180127175424
2018-01-27 17:55:41.125;SQ;AS87-AS1-20180127175541
2018-01-27 17:56:15.923;RC;AS87-AS1-20180127175424
2018-01-27 17:56:17.003;SS;AS87-AS1-20180127175424
2018-01-27 17:56:31.373;RU;AS87-AS1-20180127175307
2018-01-27 17:56:33.467;VU;AS87-AS1-20180127175307
2018-01-27 17:56:56.606;RO;AS87-AS1-20180127175541
2018-01-27 17:56:58.435;SP;AS87-AS1-20180127175541
2018-01-27 17:57:00.922;SQ;AS87-AS1-20180127175700
2018-01-27 17:57:33.532;RC;AS87-AS1-20180127175541
2018-01-27 17:57:34.715;SS;AS87-AS1-20180127175541
2018-01-27 17:57:41.171;RU;AS87-AS1-20180127175424
2018-01-27 17:57:44.206;VU;AS87-AS1-20180127175424
2018-01-27 17:58:10.744;RO;AS87-AS1-20180127175700
2018-01-27 17:58:12.866;SP;AS87-AS1-20180127175700
2018-01-27 17:58:15.406;SQ;AS87-AS1-20180127175815
2018-01-27 17:58:53.477;RC;AS87-AS1-20180127175700
2018-01-27 17:58:54.580;SS;AS87-AS1-20180127175700
2018-01-27 17:58:55.794;RU;AS87-AS1-20180127175541
2018-01-27 17:58:58.052;VU;AS87-AS1-20180127175541
2018-01-27 17:59:25.765;RO;AS87-AS1-20180127175815
2018-01-27 17:59:27.094;SP;AS87-AS1-20180127175815
2018-01-27 17:59:31.992;SQ;AS87-AS1-20180127175931
2018-01-27 17:59:56.413;RU;AS87-AS1-20180127175700
2018-01-27 17:59:59.148;VU;AS87-AS1-20180127175700
2018-01-27 17:59:59.920;RC;AS87-AS1-20180127175815
2018-01-27 18:00:02.530;SS;AS87-AS1-20180127175815
2018-01-27 18:00:30.505;RO;AS87-AS1-20180127175931
2018-01-27 18:00:33.544;SP;AS87-AS1-20180127175931
2018-01-27 18:00:49.836;RU;AS87-AS1-20180127175815
2018-01-27 18:00:49.913;RC;AS87-AS1-20180127175931
2018-01-27 18:00:52.330;SS;AS87-AS1-20180127175931
2018-01-27 18:00:53.034;VU;AS87-AS1-20180127175815
2018-01-27 18:01:09.088;RU;AS87-AS1-20180127175931
2018-01-27 18:01:11.195;VU;AS87-AS1-20180127175931
