2018-01-27 17:18:30.083;SQ;AS88-AS1-20180127171830
2018-01-27 17:18:40.918;RO;AS88-AS1-20180127171830
2018-01-27 17:18:41.954;SP;AS88-AS1-20180127171830
2018-01-27 17:18:43.635;SQ;AS88-AS1-20180127171843
2018-01-27 17:18:59.501;RC;AS88-AS1-20180127171830
2018-01-27 17:19:00.345;SS;AS88-AS1-20180127171830
2018-01-27 17:19:31.451;RO;AS88-AS1-20180127171843
2018-01-27 17:19:32.549;SP;AS88-AS1-20180127171843
2018-01-27 17:19:34.212;SQ;AS88-AS1-20180127171934
2018-01-27 17:19:48.214;RU;AS88-AS1-20180127171830
2018-01-27 17:19:50.063;VU;AS88-AS1-20180127171830
2018-01-27 17:20:07.331;RC;AS88-AS1-20180127171843
2018-01-27 17:20:08.166;SS;AS88-AS1-20180127171843
2018-01-27 17:20:45.042;RO;AS88-AS1-20180127171934
2018-01-27 17:20:46.124;SP;AS88-AS1-20180127171934
2018-01-27 17:20:47.822;SQ;AS88-AS1-20180127172047
2018-01-27 17:21:14.049;RU;AS88-AS1-20180127171843
2018-01-27 17:21:15.894;VU;AS88-AS1-20180127171843
2018-01-27 17:21:33.275;RC;AS88-AS1-20180127171934
2018-01-27 17:21:34.132;SS;AS88-AS1-20180127171934
2018-01-27 17:22:50.834;RO;AS88-AS1-20180127172047
2018-01-27 17:22:51.815;SP;AS88-AS1-20180127172047
2018-01-27 17:22:53.556;SQ;AS88-AS1-20180127172253
2018-01-27 17:23:13.476;RU;AS88-AS1-20180127171934
2018-01-27 17:23:14.789;RC;AS88-AS1-20180127172047
2018-01-27 17:23:15.325;VU;AS88-AS1-20180127171934
2018-01-27 17:23:15.648;SS;AS88-AS1-20180127172047
2018-01-27 17:24:16.565;RO;AS88-AS1-20180127172253
2018-01-27 17:24:17.502;SP;AS88-AS1-20180127172253
2018-01-27 17:24:19.162;SQ;AS88-AS1-20180127172419
2018-01-27 17:24:34.653;RU;AS88-AS1-20180127172047
2018-01-27 17:24:36.517;VU;AS88-AS1-20180127172047
2018-01-27 17:25:08.101;RC;AS88-AS1-20180127172253
2018-01-27 17:25:08.932;SS;AS88-AS1-20180127172253
2018-01-27 17:26:29.316;RU;AS88-AS1-20180127172253
2018-01-27 17:26:29.397;RO;AS88-AS1-20180127172419
2018-01-27 17:26:31.026;SP;AS88-AS1-20180127172419
2018-01-27 17:26:31.442;VU;AS88-AS1-20180127172253
2018-01-27 17:26:33.442;SQ;AS88-AS1-20180127172633
2018-01-27 17:27:05.314;RC;AS88-AS1-20180127172419
2018-01-27 17:27:06.166;SS;AS88-AS1-20180127172419
2018-01-27 17:28:00.952;RO;AS88-AS1-20180127172633
2018-01-27 17:28:01.925;SP;AS88-AS1-20180127172633
2018-01-27 17:28:03.599;SQ;AS88-AS1-20180127172803
2018-01-27 17:28:23.168;RU;AS88-AS1-20180127172419
2018-01-27 17:28:25.024;VU;AS88-AS1-20180127172419
2018-01-27 17:29:21.715;RC;AS88-AS1-20180127172633
2018-01-27 17:29:22.822;SS;AS88-AS1-20180127172633
2018-01-27 17:29:32.043;RO;AS88-AS1-20180127172803
2018-01-27 17:29:33.034;SP;AS88-AS1-20180127172803
2018-01-27 17:29:34.709;SQ;AS88-AS1-20180127172934
2018-01-27 17:30:10.484;RC;AS88-AS1-20180127172803
2018-01-27 17:30:11.352;SS;AS88-AS1-20180127172803
2018-01-27 17:30:37.869;RU;AS88-AS1-20180127172633
2018-01-27 17:30:40.415;VU;AS88-AS1-20180127172633
2018-01-27 17:31:00.099;RO;AS88-AS1-20180127172934
2018-01-27 17:31:01.136;SP;AS88-AS1-20180127172934
2018-01-27 17:31:02.799;SQ;AS88-AS1-20180127173102
2018-01-27 17:31:23.452;RU;AS88-AS1-20180127172803
2018-01-27 17:31:25.290;VU;AS88-AS1-20180127172803
2018-01-27 17:31:40.582;RC;AS88-AS1-20180127172934
2018-01-27 17:31:41.411;SS;AS88-AS1-20180127172934
2018-01-27 17:32:22.813;RO;AS88-AS1-20180127173102
2018-01-27 17:32:23.727;SP;AS88-AS1-20180127173102
2018-01-27 17:32:25.408;SQ;AS88-AS1-20180127173225
2018-01-27 17:33:05.350;RC;AS88-AS1-20180127173102
2018-01-27 17:33:06.184;SS;AS88-AS1-20180127173102
2018-01-27 17:33:08.728;RU;AS88-AS1-20180127172934
2018-01-27 17:33:10.553;VU;AS88-AS1-20180127172934
2018-01-27 17:33:47.851;RO;AS88-AS1-20180127173225
2018-01-27 17:33:49.002;SP;AS88-AS1-20180127173225
2018-01-27 17:33:50.670;SQ;AS88-AS1-20180127173350
2018-01-27 17:34:22.785;RU;AS88-AS1-20180127173102
2018-01-27 17:34:24.618;VU;AS88-AS1-20180127173102
2018-01-27 17:34:32.481;RC;AS88-AS1-20180127173225
2018-01-27 17:34:33.801;SS;AS88-AS1-20180127173225
2018-01-27 17:35:04.587;RO;AS88-AS1-20180127173350
2018-01-27 17:35:06.587;SP;AS88-AS1-20180127173350
2018-01-27 17:35:08.261;SQ;AS88-AS1-20180127173508
2018-01-27 17:35:47.754;RC;AS88-AS1-20180127173350
2018-01-27 17:35:48.592;SS;AS88-AS1-20180127173350
2018-01-27 17:35:55.884;RU;AS88-AS1-20180127173225
2018-01-27 17:35:57.772;VU;AS88-AS1-20180127173225
2018-01-27 17:36:29.731;RO;AS88-AS1-20180127173508
2018-01-27 17:36:30.686;SP;AS88-AS1-20180127173508
2018-01-27 17:36:32.355;SQ;AS88-AS1-20180127173632
2018-01-27 17:37:08.745;RC;AS88-AS1-20180127173508
2018-01-27 17:37:09.582;SS;AS88-AS1-20180127173508
2018-01-27 17:37:17.402;RU;AS88-AS1-20180127173350
2018-01-27 17:37:19.223;VU;AS88-AS1-20180127173350
2018-01-27 17:37:53.119;RO;AS88-AS1-20180127173632
2018-01-27 17:37:55.302;SP;AS88-AS1-20180127173632
2018-01-27 17:37:56.993;SQ;AS88-AS1-20180127173756
2018-01-27 17:38:22.729;RU;AS88-AS1-20180127173508
2018-01-27 17:38:24.589;VU;AS88-AS1-20180127173508
2018-01-27 17:38:36.199;RC;AS88-AS1-20180127173632
2018-01-27 17:38:37.056;SS;AS88-AS1-20180127173632
2018-01-27 17:39:13.838;RO;AS88-AS1-20180127173756
2018-01-27 17:39:14.931;SP;AS88-AS1-20180127173756
2018-01-27 17:39:16.627;SQ;AS88-AS1-20180127173916
2018-01-27 17:39:59.232;RU;AS88-AS1-20180127173632
2018-01-27 17:40:01.899;VU;AS88-AS1-20180127173632
2018-01-27 17:40:32.268;RO;AS88-AS1-20180127173916
2018-01-27 17:40:34.433;SP;AS88-AS1-20180127173916
2018-01-27 17:40:36.105;SQ;AS88-AS1-20180127174036
2018-01-27 17:40:37.364;RC;AS88-AS1-20180127173756
2018-01-27 17:40:38.197;SS;AS88-AS1-20180127173756
2018-01-27 17:41:12.826;RC;AS88-AS1-20180127173916
2018-01-27 17:41:13.656;SS;AS88-AS1-20180127173916
2018-01-27 17:41:48.402;RO;AS88-AS1-20180127174036
2018-01-27 17:41:49.526;SP;AS88-AS1-20180127174036
2018-01-27 17:41:52.906;SQ;AS88-AS1-20180127174152
2018-01-27 17:42:00.369;RU;AS88-AS1-20180127173756
2018-01-27 17:42:02.219;VU;AS88-AS1-20180127173756
2018-01-27 17:42:30.977;RU;AS88-AS1-20180127173916
2018-01-27 17:42:32.822;VU;AS88-AS1-20180127173916
2018-01-27 17:42:37.080;RC;AS88-AS1-20180127174036
2018-01-27 17:42:38.175;SS;AS88-AS1-20180127174036
2018-01-27 17:43:15.414;RO;AS88-AS1-20180127174152
2018-01-27 17:43:16.344;SP;AS88-AS1-20180127174152
2018-01-27 17:43:17.987;SQ;AS88-AS1-20180127174317
2018-01-27 17:43:58.847;RC;AS88-AS1-20180127174152
2018-01-27 17:43:59.675;SS;AS88-AS1-20180127174152
2018-01-27 17:44:06.157;RU;AS88-AS1-20180127174036
2018-01-27 17:44:07.993;VU;AS88-AS1-20180127174036
2018-01-27 17:44:39.265;RO;AS88-AS1-20180127174317
2018-01-27 17:44:40.530;SP;AS88-AS1-20180127174317
2018-01-27 17:44:43.613;SQ;AS88-AS1-20180127174443
2018-01-27 17:45:23.306;RU;AS88-AS1-20180127174152
2018-01-27 17:45:24.967;RC;AS88-AS1-20180127174317
2018-01-27 17:45:25.154;VU;AS88-AS1-20180127174152
2018-01-27 17:45:25.797;SS;AS88-AS1-20180127174317
2018-01-27 17:46:07.675;RO;AS88-AS1-20180127174443
2018-01-27 17:46:08.543;SP;AS88-AS1-20180127174443
2018-01-27 17:46:10.185;SQ;AS88-AS1-20180127174610
2018-01-27 17:46:42.106;RU;AS88-AS1-20180127174317
2018-01-27 17:46:43.931;VU;AS88-AS1-20180127174317
2018-01-27 17:46:48.257;RC;AS88-AS1-20180127174443
2018-01-27 17:46:49.104;SS;AS88-AS1-20180127174443
2018-01-27 17:47:36.037;RO;AS88-AS1-20180127174610
2018-01-27 17:47:37.114;SP;AS88-AS1-20180127174610
2018-01-27 17:47:38.761;SQ;AS88-AS1-20180127174738
2018-01-27 17:48:00.438;RU;AS88-AS1-20180127174443
2018-01-27 17:48:02.268;VU;AS88-AS1-20180127174443
2018-01-27 17:48:15.948;RC;AS88-AS1-20180127174610
2018-01-27 17:48:16.771;SS;AS88-AS1-20180127174610
2018-01-27 17:49:01.194;RO;AS88-AS1-20180127174738
2018-01-27 17:49:02.180;SP;AS88-AS1-20180127174738
2018-01-27 17:49:03.827;SQ;AS88-AS1-20180127174903
2018-01-27 17:49:45.585;RU;AS88-AS1-20180127174610
2018-01-27 17:49:47.433;VU;AS88-AS1-20180127174610
2018-01-27 17:49:48.243;RC;AS88-AS1-20180127174738
2018-01-27 17:49:49.086;SS;AS88-AS1-20180127174738
2018-01-27 17:50:22.182;RO;AS88-AS1-20180127174903
2018-01-27 17:50:23.270;SP;AS88-AS1-20180127174903
2018-01-27 17:50:25.141;SQ;AS88-AS1-20180127175025
2018-01-27 17:51:04.688;RC;AS88-AS1-20180127174903
2018-01-27 17:51:05.538;SS;AS88-AS1-20180127174903
2018-01-27 17:51:06.696;RU;AS88-AS1-20180127174738
2018-01-27 17:51:08.556;VU;AS88-AS1-20180127174738
2018-01-27 17:51:45.811;RO;AS88-AS1-20180127175025
2018-01-27 17:51:47.090;SP;AS88-AS1-20180127175025
2018-01-27 17:51:48.779;SQ;AS88-AS1-20180127175148
2018-01-27 17:52:10.355;RC;AS88-AS1-20180127175025
2018-01-27 17:52:11.221;SS;AS88-AS1-20180127175025
2018-01-27 17:52:26.897;RU;AS88-AS1-20180127174903
2018-01-27 17:52:28.730;VU;AS88-AS1-20180127174903
2018-01-27 17:53:29.608;RU;AS88-AS1-20180127175025
2018-01-27 17:53:31.433;VU;AS88-AS1-20180127175025
2018-01-27 17:53:43.614;RO;AS88-AS1-20180127175148
2018-01-27 17:53:44.743;SP;AS88-AS1-20180127175148
2018-01-27 17:53:46.400;SQ;AS88-AS1-20180127175346
2018-01-27 17:54:26.974;RC;AS88-AS1-20180127175148
2018-01-27 17:54:27.825;SS;AS88-AS1-20180127175148
2018-01-27 17:55:05.353;RO;AS88-AS1-20180127175346
2018-01-27 17:55:06.356;SP;AS88-AS1-20180127175346
2018-01-27 17:55:08.037;SQ;AS88-AS1-20180127175508
2018-01-27 17:55:46.544;RC;AS88-AS1-20180127175346
2018-01-27 17:55:47.388;SS;AS88-AS1-20180127175346
2018-01-27 17:55:51.645;RU;AS88-AS1-20180127175148
2018-01-27 17:55:53.510;VU;AS88-AS1-20180127175148
2018-01-27 17:57:02.308;RO;AS88-AS1-20180127175508
2018-01-27 17:57:02.309;RU;AS88-AS1-20180127175346
2018-01-27 17:57:04.010;SP;AS88-AS1-20180127175508
2018-01-27 17:57:04.595;VU;AS88-AS1-20180127175346
2018-01-27 17:57:05.669;SQ;AS88-AS1-20180127175705
2018-01-27 17:57:41.086;RC;AS88-AS1-20180127175508
2018-01-27 17:57:41.935;SS;AS88-AS1-20180127175508
2018-01-27 17:58:53.789;RO;AS88-AS1-20180127175705
2018-01-27 17:58:54.645;SP;AS88-AS1-20180127175705
2018-01-27 17:58:56.367;SQ;AS88-AS1-20180127175856
2018-01-27 17:59:01.500;RU;AS88-AS1-20180127175508
2018-01-27 17:59:03.332;VU;AS88-AS1-20180127175508
2018-01-27 17:59:29.737;RC;AS88-AS1-20180127175705
2018-01-27 17:59:30.964;SS;AS88-AS1-20180127175705
2018-01-27 18:00:05.123;RO;AS88-AS1-20180127175856
2018-01-27 18:00:06.286;SP;AS88-AS1-20180127175856
2018-01-27 18:00:07.953;SQ;AS88-AS1-20180127180007
2018-01-27 18:00:31.051;RU;AS88-AS1-20180127175705
2018-01-27 18:00:31.496;RC;AS88-AS1-20180127175856
2018-01-27 18:00:33.613;SS;AS88-AS1-20180127175856
2018-01-27 18:00:34.330;VU;AS88-AS1-20180127175705
2018-01-27 18:00:47.785;RO;AS88-AS1-20180127180007
2018-01-27 18:00:48.839;SP;AS88-AS1-20180127180007
2018-01-27 18:00:58.851;RC;AS88-AS1-20180127180007
2018-01-27 18:00:59.694;SS;AS88-AS1-20180127180007
2018-01-27 18:01:05.464;RU;AS88-AS1-20180127175856
2018-01-27 18:01:09.171;RU;AS88-AS1-20180127180007
2018-01-27 18:01:10.100;VU;AS88-AS1-20180127175856
2018-01-27 18:01:11.043;VU;AS88-AS1-20180127180007
