2018-01-27 17:18:31.586;SQ;AS92-AS1-20180127171831
2018-01-27 17:18:48.280;RO;AS92-AS1-20180127171831
2018-01-27 17:18:49.421;SP;AS92-AS1-20180127171831
2018-01-27 17:18:51.045;SQ;AS92-AS1-20180127171851
2018-01-27 17:19:14.700;RC;AS92-AS1-20180127171831
2018-01-27 17:19:15.493;SS;AS92-AS1-20180127171831
2018-01-27 17:19:40.159;RO;AS92-AS1-20180127171851
2018-01-27 17:19:41.397;SP;AS92-AS1-20180127171851
2018-01-27 17:19:43.038;SQ;AS92-AS1-20180127171943
2018-01-27 17:20:16.645;RC;AS92-AS1-20180127171851
2018-01-27 17:20:18.225;SS;AS92-AS1-20180127171851
2018-01-27 17:20:19.324;RU;AS92-AS1-20180127171831
2018-01-27 17:20:21.109;VU;AS92-AS1-20180127171831
2018-01-27 17:20:49.938;RO;AS92-AS1-20180127171943
2018-01-27 17:20:51.353;SP;AS92-AS1-20180127171943
2018-01-27 17:20:52.959;SQ;AS92-AS1-20180127172052
2018-01-27 17:21:37.017;RC;AS92-AS1-20180127171943
2018-01-27 17:21:37.842;SS;AS92-AS1-20180127171943
2018-01-27 17:21:40.713;RU;AS92-AS1-20180127171851
2018-01-27 17:21:42.482;VU;AS92-AS1-20180127171851
2018-01-27 17:22:21.577;RO;AS92-AS1-20180127172052
2018-01-27 17:22:23.656;SP;AS92-AS1-20180127172052
2018-01-27 17:22:25.749;SQ;AS92-AS1-20180127172225
2018-01-27 17:23:06.059;RU;AS92-AS1-20180127171943
2018-01-27 17:23:07.290;RC;AS92-AS1-20180127172052
2018-01-27 17:23:07.838;VU;AS92-AS1-20180127171943
2018-01-27 17:23:08.078;SS;AS92-AS1-20180127172052
2018-01-27 17:23:54.678;RO;AS92-AS1-20180127172225
2018-01-27 17:23:56.409;SP;AS92-AS1-20180127172225
2018-01-27 17:23:58.530;SQ;AS92-AS1-20180127172358
2018-01-27 17:24:33.211;RU;AS92-AS1-20180127172052
2018-01-27 17:24:35.005;VU;AS92-AS1-20180127172052
2018-01-27 17:24:35.465;RC;AS92-AS1-20180127172225
2018-01-27 17:24:36.271;SS;AS92-AS1-20180127172225
2018-01-27 17:25:23.917;RO;AS92-AS1-20180127172358
2018-01-27 17:25:24.926;SP;AS92-AS1-20180127172358
2018-01-27 17:25:26.469;SQ;AS92-AS1-20180127172526
2018-01-27 17:26:01.922;RU;AS92-AS1-20180127172225
2018-01-27 17:26:02.116;RC;AS92-AS1-20180127172358
2018-01-27 17:26:04.075;SS;AS92-AS1-20180127172358
2018-01-27 17:26:04.956;VU;AS92-AS1-20180127172225
2018-01-27 17:26:45.844;RO;AS92-AS1-20180127172526
2018-01-27 17:26:46.823;SP;AS92-AS1-20180127172526
2018-01-27 17:26:49.773;SQ;AS92-AS1-20180127172649
2018-01-27 17:27:30.554;RU;AS92-AS1-20180127172358
2018-01-27 17:27:31.824;RC;AS92-AS1-20180127172526
2018-01-27 17:27:32.351;VU;AS92-AS1-20180127172358
2018-01-27 17:27:32.626;SS;AS92-AS1-20180127172526
2018-01-27 17:28:14.081;RO;AS92-AS1-20180127172649
2018-01-27 17:28:15.153;SP;AS92-AS1-20180127172649
2018-01-27 17:28:16.721;SQ;AS92-AS1-20180127172816
2018-01-27 17:28:48.748;RC;AS92-AS1-20180127172649
2018-01-27 17:28:49.549;SS;AS92-AS1-20180127172649
2018-01-27 17:28:51.398;RU;AS92-AS1-20180127172526
2018-01-27 17:28:54.088;VU;AS92-AS1-20180127172526
2018-01-27 17:29:40.553;RO;AS92-AS1-20180127172816
2018-01-27 17:29:41.595;SP;AS92-AS1-20180127172816
2018-01-27 17:29:43.142;SQ;AS92-AS1-20180127172943
2018-01-27 17:30:20.505;RU;AS92-AS1-20180127172649
2018-01-27 17:30:22.319;VU;AS92-AS1-20180127172649
2018-01-27 17:30:24.773;RC;AS92-AS1-20180127172816
2018-01-27 17:30:25.571;SS;AS92-AS1-20180127172816
2018-01-27 17:31:11.777;RO;AS92-AS1-20180127172943
2018-01-27 17:31:13.065;SP;AS92-AS1-20180127172943
2018-01-27 17:31:14.647;SQ;AS92-AS1-20180127173114
2018-01-27 17:31:50.783;RU;AS92-AS1-20180127172816
2018-01-27 17:31:52.572;VU;AS92-AS1-20180127172816
2018-01-27 17:31:56.751;RC;AS92-AS1-20180127172943
2018-01-27 17:31:57.683;SS;AS92-AS1-20180127172943
2018-01-27 17:32:41.835;RO;AS92-AS1-20180127173114
2018-01-27 17:32:43.024;SP;AS92-AS1-20180127173114
2018-01-27 17:32:45.916;SQ;AS92-AS1-20180127173245
2018-01-27 17:33:17.136;RU;AS92-AS1-20180127172943
2018-01-27 17:33:19.353;VU;AS92-AS1-20180127172943
2018-01-27 17:33:25.243;RC;AS92-AS1-20180127173114
2018-01-27 17:33:26.046;SS;AS92-AS1-20180127173114
2018-01-27 17:34:43.723;RO;AS92-AS1-20180127173245
2018-01-27 17:34:44.854;SP;AS92-AS1-20180127173245
2018-01-27 17:34:46.396;SQ;AS92-AS1-20180127173446
2018-01-27 17:34:54.700;RU;AS92-AS1-20180127173114
2018-01-27 17:34:56.475;VU;AS92-AS1-20180127173114
2018-01-27 17:35:18.787;RC;AS92-AS1-20180127173245
2018-01-27 17:35:19.739;SS;AS92-AS1-20180127173245
2018-01-27 17:36:12.069;RO;AS92-AS1-20180127173446
2018-01-27 17:36:13.261;SP;AS92-AS1-20180127173446
2018-01-27 17:36:14.868;SQ;AS92-AS1-20180127173614
2018-01-27 17:36:45.953;RU;AS92-AS1-20180127173245
2018-01-27 17:36:47.732;VU;AS92-AS1-20180127173245
2018-01-27 17:36:53.463;RC;AS92-AS1-20180127173446
2018-01-27 17:36:54.260;SS;AS92-AS1-20180127173446
2018-01-27 17:37:35.059;RO;AS92-AS1-20180127173614
2018-01-27 17:37:36.244;SP;AS92-AS1-20180127173614
2018-01-27 17:37:38.231;SQ;AS92-AS1-20180127173738
2018-01-27 17:38:19.026;RC;AS92-AS1-20180127173614
2018-01-27 17:38:19.026;RU;AS92-AS1-20180127173446
2018-01-27 17:38:20.600;SS;AS92-AS1-20180127173614
2018-01-27 17:38:21.600;VU;AS92-AS1-20180127173446
2018-01-27 17:38:58.112;RO;AS92-AS1-20180127173738
2018-01-27 17:38:59.103;SP;AS92-AS1-20180127173738
2018-01-27 17:39:00.654;SQ;AS92-AS1-20180127173900
2018-01-27 17:39:38.623;RU;AS92-AS1-20180127173614
2018-01-27 17:39:40.428;VU;AS92-AS1-20180127173614
2018-01-27 17:39:43.204;RC;AS92-AS1-20180127173738
2018-01-27 17:39:44.767;SS;AS92-AS1-20180127173738
2018-01-27 17:40:13.487;RO;AS92-AS1-20180127173900
2018-01-27 17:40:14.521;SP;AS92-AS1-20180127173900
2018-01-27 17:40:16.077;SQ;AS92-AS1-20180127174016
2018-01-27 17:40:50.574;RC;AS92-AS1-20180127173900
2018-01-27 17:40:51.371;SS;AS92-AS1-20180127173900
2018-01-27 17:41:12.615;RU;AS92-AS1-20180127173738
2018-01-27 17:41:14.434;VU;AS92-AS1-20180127173738
2018-01-27 17:41:37.502;RO;AS92-AS1-20180127174016
2018-01-27 17:41:38.436;SP;AS92-AS1-20180127174016
2018-01-27 17:41:39.976;SQ;AS92-AS1-20180127174139
2018-01-27 17:42:12.464;RU;AS92-AS1-20180127173900
2018-01-27 17:42:14.272;VU;AS92-AS1-20180127173900
2018-01-27 17:42:20.628;RC;AS92-AS1-20180127174016
2018-01-27 17:42:22.272;SS;AS92-AS1-20180127174016
2018-01-27 17:43:08.421;RO;AS92-AS1-20180127174139
2018-01-27 17:43:09.356;SP;AS92-AS1-20180127174139
2018-01-27 17:43:10.984;SQ;AS92-AS1-20180127174310
2018-01-27 17:43:41.028;RU;AS92-AS1-20180127174016
2018-01-27 17:43:42.820;VU;AS92-AS1-20180127174016
2018-01-27 17:43:48.625;RC;AS92-AS1-20180127174139
2018-01-27 17:43:49.420;SS;AS92-AS1-20180127174139
2018-01-27 17:44:34.151;RO;AS92-AS1-20180127174310
2018-01-27 17:44:35.377;SP;AS92-AS1-20180127174310
2018-01-27 17:44:36.944;SQ;AS92-AS1-20180127174436
2018-01-27 17:45:12.760;RC;AS92-AS1-20180127174310
2018-01-27 17:45:14.417;SS;AS92-AS1-20180127174310
2018-01-27 17:45:15.090;RU;AS92-AS1-20180127174139
2018-01-27 17:45:16.869;VU;AS92-AS1-20180127174139
2018-01-27 17:45:53.559;RO;AS92-AS1-20180127174436
2018-01-27 17:45:54.820;SP;AS92-AS1-20180127174436
2018-01-27 17:45:56.367;SQ;AS92-AS1-20180127174556
2018-01-27 17:46:31.294;RU;AS92-AS1-20180127174310
2018-01-27 17:46:33.078;VU;AS92-AS1-20180127174310
2018-01-27 17:46:40.771;RC;AS92-AS1-20180127174436
2018-01-27 17:46:41.603;SS;AS92-AS1-20180127174436
2018-01-27 17:47:25.293;RO;AS92-AS1-20180127174556
2018-01-27 17:47:26.300;SP;AS92-AS1-20180127174556
2018-01-27 17:47:27.974;SQ;AS92-AS1-20180127174727
2018-01-27 17:48:03.225;RC;AS92-AS1-20180127174556
2018-01-27 17:48:03.699;RU;AS92-AS1-20180127174436
2018-01-27 17:48:04.819;SS;AS92-AS1-20180127174556
2018-01-27 17:48:06.692;VU;AS92-AS1-20180127174436
2018-01-27 17:48:45.991;RO;AS92-AS1-20180127174727
2018-01-27 17:48:46.844;SP;AS92-AS1-20180127174727
2018-01-27 17:48:48.406;SQ;AS92-AS1-20180127174848
2018-01-27 17:49:17.273;RU;AS92-AS1-20180127174556
2018-01-27 17:49:19.074;VU;AS92-AS1-20180127174556
2018-01-27 17:49:24.725;RC;AS92-AS1-20180127174727
2018-01-27 17:49:25.534;SS;AS92-AS1-20180127174727
2018-01-27 17:50:04.112;RO;AS92-AS1-20180127174848
2018-01-27 17:50:05.310;SP;AS92-AS1-20180127174848
2018-01-27 17:50:06.940;SQ;AS92-AS1-20180127175006
2018-01-27 17:50:50.425;RC;AS92-AS1-20180127174848
2018-01-27 17:50:51.200;SS;AS92-AS1-20180127174848
2018-01-27 17:50:51.567;RU;AS92-AS1-20180127174727
2018-01-27 17:50:53.344;VU;AS92-AS1-20180127174727
2018-01-27 17:51:14.186;RO;AS92-AS1-20180127175006
2018-01-27 17:51:15.287;SP;AS92-AS1-20180127175006
2018-01-27 17:51:16.870;SQ;AS92-AS1-20180127175116
2018-01-27 17:51:55.648;RC;AS92-AS1-20180127175006
2018-01-27 17:51:56.432;SS;AS92-AS1-20180127175006
2018-01-27 17:52:06.893;RU;AS92-AS1-20180127174848
2018-01-27 17:52:08.702;VU;AS92-AS1-20180127174848
2018-01-27 17:52:32.947;RO;AS92-AS1-20180127175116
2018-01-27 17:52:33.762;SP;AS92-AS1-20180127175116
2018-01-27 17:52:35.419;SQ;AS92-AS1-20180127175235
2018-01-27 17:53:14.326;RC;AS92-AS1-20180127175116
2018-01-27 17:53:15.116;SS;AS92-AS1-20180127175116
2018-01-27 17:53:15.692;RU;AS92-AS1-20180127175006
2018-01-27 17:53:18.379;VU;AS92-AS1-20180127175006
2018-01-27 17:53:53.743;RO;AS92-AS1-20180127175235
2018-01-27 17:53:54.796;SP;AS92-AS1-20180127175235
2018-01-27 17:53:56.338;SQ;AS92-AS1-20180127175356
2018-01-27 17:54:32.150;RC;AS92-AS1-20180127175235
2018-01-27 17:54:33.111;RU;AS92-AS1-20180127175116
2018-01-27 17:54:33.626;SS;AS92-AS1-20180127175235
2018-01-27 17:54:35.877;VU;AS92-AS1-20180127175116
2018-01-27 17:55:11.427;RO;AS92-AS1-20180127175356
2018-01-27 17:55:12.214;SP;AS92-AS1-20180127175356
2018-01-27 17:55:13.839;SQ;AS92-AS1-20180127175513
2018-01-27 17:55:49.122;RC;AS92-AS1-20180127175356
2018-01-27 17:55:49.887;SS;AS92-AS1-20180127175356
2018-01-27 17:55:51.584;RU;AS92-AS1-20180127175235
2018-01-27 17:55:53.353;VU;AS92-AS1-20180127175235
2018-01-27 17:56:24.055;RO;AS92-AS1-20180127175513
2018-01-27 17:56:25.198;SP;AS92-AS1-20180127175513
2018-01-27 17:56:26.770;SQ;AS92-AS1-20180127175626
2018-01-27 17:57:04.233;RC;AS92-AS1-20180127175513
2018-01-27 17:57:05.013;SS;AS92-AS1-20180127175513
2018-01-27 17:57:10.539;RU;AS92-AS1-20180127175356
2018-01-27 17:57:12.346;VU;AS92-AS1-20180127175356
2018-01-27 17:58:16.766;RU;AS92-AS1-20180127175513
2018-01-27 17:58:18.562;VU;AS92-AS1-20180127175513
2018-01-27 17:58:21.680;RO;AS92-AS1-20180127175626
2018-01-27 17:58:22.689;SP;AS92-AS1-20180127175626
2018-01-27 17:58:24.265;SQ;AS92-AS1-20180127175824
2018-01-27 17:59:01.177;RC;AS92-AS1-20180127175626
2018-01-27 17:59:01.997;SS;AS92-AS1-20180127175626
2018-01-27 17:59:28.057;RO;AS92-AS1-20180127175824
2018-01-27 17:59:29.903;SP;AS92-AS1-20180127175824
2018-01-27 17:59:55.471;RC;AS92-AS1-20180127175824
2018-01-27 17:59:56.246;SS;AS92-AS1-20180127175824
2018-01-27 18:00:13.565;RU;AS92-AS1-20180127175626
2018-01-27 18:00:15.363;VU;AS92-AS1-20180127175626
2018-01-27 18:00:39.676;RU;AS92-AS1-20180127175824
2018-01-27 18:00:41.478;VU;AS92-AS1-20180127175824
