2018-01-27 17:18:38.760;SQ;AS100-AS1-20180127171838
2018-01-27 17:19:19.987;RO;AS100-AS1-20180127171838
2018-01-27 17:19:21.155;SP;AS100-AS1-20180127171838
2018-01-27 17:19:22.819;SQ;AS100-AS1-20180127171922
2018-01-27 17:19:53.140;RC;AS100-AS1-20180127171838
2018-01-27 17:19:53.963;SS;AS100-AS1-20180127171838
2018-01-27 17:20:31.306;RO;AS100-AS1-20180127171922
2018-01-27 17:20:32.223;SP;AS100-AS1-20180127171922
2018-01-27 17:20:35.076;SQ;AS100-AS1-20180127172035
2018-01-27 17:21:09.953;RC;AS100-AS1-20180127171922
2018-01-27 17:21:10.694;RU;AS100-AS1-20180127171838
2018-01-27 17:21:10.879;SS;AS100-AS1-20180127171922
2018-01-27 17:21:47.219;RO;AS100-AS1-20180127172035
2018-01-27 17:21:48.941;SP;AS100-AS1-20180127172035
2018-01-27 17:21:51.906;SQ;AS100-AS1-20180127172151
2018-01-27 17:22:33.972;RC;AS100-AS1-20180127172035
2018-01-27 17:22:35.511;SS;AS100-AS1-20180127172035
2018-01-27 17:22:36.417;RU;AS100-AS1-20180127171922
2018-01-27 17:22:39.194;VU;AS100-AS1-20180127171922
2018-01-27 17:23:01.198;RO;AS100-AS1-20180127172151
2018-01-27 17:23:02.726;SP;AS100-AS1-20180127172151
2018-01-27 17:23:05.156;SQ;AS100-AS1-20180127172305
2018-01-27 17:23:35.172;RC;AS100-AS1-20180127172151
2018-01-27 17:23:36.022;SS;AS100-AS1-20180127172151
2018-01-27 17:24:05.128;RU;AS100-AS1-20180127172035
2018-01-27 17:24:07.304;VU;AS100-AS1-20180127172035
2018-01-27 17:24:35.336;RO;AS100-AS1-20180127172305
2018-01-27 17:24:36.903;SP;AS100-AS1-20180127172305
2018-01-27 17:24:39.260;SQ;AS100-AS1-20180127172439
2018-01-27 17:25:01.024;RU;AS100-AS1-20180127172151
2018-01-27 17:25:03.664;VU;AS100-AS1-20180127172151
2018-01-27 17:25:12.570;RC;AS100-AS1-20180127172305
2018-01-27 17:25:15.499;SS;AS100-AS1-20180127172305
2018-01-27 17:26:09.668;RO;AS100-AS1-20180127172439
2018-01-27 17:26:11.400;SP;AS100-AS1-20180127172439
2018-01-27 17:26:13.711;SQ;AS100-AS1-20180127172613
2018-01-27 17:26:41.986;RU;AS100-AS1-20180127172305
2018-01-27 17:26:44.032;VU;AS100-AS1-20180127172305
2018-01-27 17:26:49.025;RC;AS100-AS1-20180127172439
2018-01-27 17:26:50.471;SS;AS100-AS1-20180127172439
2018-01-27 17:27:35.530;RO;AS100-AS1-20180127172613
2018-01-27 17:27:36.998;SP;AS100-AS1-20180127172613
2018-01-27 17:27:39.509;SQ;AS100-AS1-20180127172739
2018-01-27 17:28:01.762;RU;AS100-AS1-20180127172439
2018-01-27 17:28:22.428;RC;AS100-AS1-20180127172613
2018-01-27 17:28:24.495;SS;AS100-AS1-20180127172613
2018-01-27 17:29:31.229;RO;AS100-AS1-20180127172739
2018-01-27 17:29:33.666;SP;AS100-AS1-20180127172739
2018-01-27 17:29:37.534;SQ;AS100-AS1-20180127172937
2018-01-27 17:29:52.467;RU;AS100-AS1-20180127172613
2018-01-27 17:29:57.043;VU;AS100-AS1-20180127172613
2018-01-27 17:30:20.505;RC;AS100-AS1-20180127172739
2018-01-27 17:30:22.554;SS;AS100-AS1-20180127172739
2018-01-27 17:31:06.442;RO;AS100-AS1-20180127172937
2018-01-27 17:31:08.104;SP;AS100-AS1-20180127172937
2018-01-27 17:31:13.585;SQ;AS100-AS1-20180127173113
2018-01-27 17:31:43.665;RU;AS100-AS1-20180127172739
2018-01-27 17:31:47.557;VU;AS100-AS1-20180127172739
2018-01-27 17:32:31.957;RC;AS100-AS1-20180127172937
2018-01-27 17:32:33.766;SS;AS100-AS1-20180127172937
2018-01-27 17:32:37.434;RO;AS100-AS1-20180127173113
2018-01-27 17:32:39.786;SP;AS100-AS1-20180127173113
2018-01-27 17:32:43.582;SQ;AS100-AS1-20180127173243
2018-01-27 17:33:25.108;RC;AS100-AS1-20180127173113
2018-01-27 17:33:27.064;SS;AS100-AS1-20180127173113
2018-01-27 17:34:05.344;RU;AS100-AS1-20180127172937
2018-01-27 17:34:06.364;RO;AS100-AS1-20180127173243
2018-01-27 17:34:09.018;VU;AS100-AS1-20180127172937
2018-01-27 17:34:09.291;SP;AS100-AS1-20180127173243
2018-01-27 17:34:13.288;SQ;AS100-AS1-20180127173413
2018-01-27 17:34:58.527;RC;AS100-AS1-20180127173243
2018-01-27 17:34:59.202;RU;AS100-AS1-20180127173113
2018-01-27 17:35:00.396;SS;AS100-AS1-20180127173243
2018-01-27 17:35:02.878;VU;AS100-AS1-20180127173113
2018-01-27 17:35:27.955;RO;AS100-AS1-20180127173413
2018-01-27 17:35:30.434;SP;AS100-AS1-20180127173413
2018-01-27 17:35:34.235;SQ;AS100-AS1-20180127173534
2018-01-27 17:36:14.064;RC;AS100-AS1-20180127173413
2018-01-27 17:36:15.690;SS;AS100-AS1-20180127173413
2018-01-27 17:36:29.557;RU;AS100-AS1-20180127173243
2018-01-27 17:36:32.292;VU;AS100-AS1-20180127173243
2018-01-27 17:36:55.061;RO;AS100-AS1-20180127173534
2018-01-27 17:36:57.576;SP;AS100-AS1-20180127173534
2018-01-27 17:37:01.373;SQ;AS100-AS1-20180127173701
2018-01-27 17:37:36.401;RC;AS100-AS1-20180127173534
2018-01-27 17:37:38.962;SS;AS100-AS1-20180127173534
2018-01-27 17:38:18.631;RU;AS100-AS1-20180127173413
2018-01-27 17:38:21.455;VU;AS100-AS1-20180127173413
2018-01-27 17:38:27.097;RO;AS100-AS1-20180127173701
2018-01-27 17:38:29.839;SP;AS100-AS1-20180127173701
2018-01-27 17:38:33.678;SQ;AS100-AS1-20180127173833
2018-01-27 17:39:04.921;RU;AS100-AS1-20180127173534
2018-01-27 17:39:07.744;VU;AS100-AS1-20180127173534
2018-01-27 17:39:11.306;RC;AS100-AS1-20180127173701
2018-01-27 17:39:15.048;SS;AS100-AS1-20180127173701
2018-01-27 17:39:55.844;RO;AS100-AS1-20180127173833
2018-01-27 17:39:58.291;SP;AS100-AS1-20180127173833
2018-01-27 17:40:04.245;SQ;AS100-AS1-20180127174004
2018-01-27 17:40:35.901;RU;AS100-AS1-20180127173701
2018-01-27 17:40:38.858;VU;AS100-AS1-20180127173701
2018-01-27 17:40:41.839;RC;AS100-AS1-20180127173833
2018-01-27 17:40:43.856;SS;AS100-AS1-20180127173833
2018-01-27 17:41:54.738;RO;AS100-AS1-20180127174004
2018-01-27 17:41:56.881;SP;AS100-AS1-20180127174004
2018-01-27 17:42:00.369;RU;AS100-AS1-20180127173833
2018-01-27 17:42:00.774;SQ;AS100-AS1-20180127174200
2018-01-27 17:42:03.488;VU;AS100-AS1-20180127173833
2018-01-27 17:42:40.235;RC;AS100-AS1-20180127174004
2018-01-27 17:42:42.264;SS;AS100-AS1-20180127174004
2018-01-27 17:43:31.950;RO;AS100-AS1-20180127174200
2018-01-27 17:43:34.332;SP;AS100-AS1-20180127174200
2018-01-27 17:43:39.502;SQ;AS100-AS1-20180127174339
2018-01-27 17:44:06.652;RU;AS100-AS1-20180127174004
2018-01-27 17:44:09.427;VU;AS100-AS1-20180127174004
2018-01-27 17:44:18.851;RC;AS100-AS1-20180127174200
2018-01-27 17:44:20.699;SS;AS100-AS1-20180127174200
2018-01-27 17:44:58.032;RO;AS100-AS1-20180127174339
2018-01-27 17:45:00.654;SP;AS100-AS1-20180127174339
2018-01-27 17:45:04.676;SQ;AS100-AS1-20180127174504
2018-01-27 17:45:38.736;RU;AS100-AS1-20180127174200
2018-01-27 17:45:41.231;VU;AS100-AS1-20180127174200
2018-01-27 17:45:45.950;RC;AS100-AS1-20180127174339
2018-01-27 17:45:48.051;SS;AS100-AS1-20180127174339
2018-01-27 17:46:11.971;RO;AS100-AS1-20180127174504
2018-01-27 17:46:14.762;SP;AS100-AS1-20180127174504
2018-01-27 17:46:19.803;SQ;AS100-AS1-20180127174619
2018-01-27 17:46:59.118;RC;AS100-AS1-20180127174504
2018-01-27 17:47:19.481;RU;AS100-AS1-20180127174339
2018-01-27 17:47:45.206;RO;AS100-AS1-20180127174619
2018-01-27 17:48:04.457;SS;AS100-AS1-20180127174504
2018-01-27 17:48:43.991;VU;AS100-AS1-20180127174339
2018-01-27 17:48:55.672;SP;AS100-AS1-20180127174619
2018-01-27 17:49:29.417;RU;AS100-AS1-20180127174504
2018-01-27 17:49:35.441;RC;AS100-AS1-20180127174619
2018-01-27 17:50:10.197;SS;AS100-AS1-20180127174619
2018-01-27 17:50:11.552;SQ;AS100-AS1-20180127175011
2018-01-27 17:51:27.356;RO;AS100-AS1-20180127175011
2018-01-27 17:51:28.465;VU;AS100-AS1-20180127174504
2018-01-27 17:51:31.790;RU;AS100-AS1-20180127174619
2018-01-27 17:52:43.136;SP;AS100-AS1-20180127175011
2018-01-27 17:53:21.821;RC;AS100-AS1-20180127175011
2018-01-27 17:55:00.591;SS;AS100-AS1-20180127175011
2018-01-27 17:55:39.525;SQ;AS100-AS1-20180127175539
2018-01-27 17:56:13.310;RU;AS100-AS1-20180127175011
2018-01-27 17:56:46.319;RO;AS100-AS1-20180127175539
2018-01-27 17:58:30.128;SP;AS100-AS1-20180127175539
2018-01-27 17:58:30.698;VU;AS100-AS1-20180127174619
2018-01-27 17:59:08.759;RC;AS100-AS1-20180127175539
2018-01-27 18:00:24.219;SS;AS100-AS1-20180127175539
2018-01-27 18:00:58.360;RU;AS100-AS1-20180127175539
2018-01-27 18:01:29.468;SQ;AS100-AS1-20180127180129
2018-01-27 18:01:30.778;RO;AS100-AS1-20180127180129
2018-01-27 18:03:03.686;SP;AS100-AS1-20180127180129
2018-01-27 18:03:04.339;RC;AS100-AS1-20180127180129
2018-01-27 18:05:04.528;SS;AS100-AS1-20180127180129
2018-01-27 18:05:08.825;RU;AS100-AS1-20180127180129
2018-01-27 18:07:15.701;SQ;AS100-AS1-20180127180715
2018-01-27 18:07:17.048;RO;A