2018-01-27 17:18:41.327;SQ;AS109-AS1-20180127171841
2018-01-27 17:19:17.243;RO;AS109-AS1-20180127171841
2018-01-27 17:19:18.171;SP;AS109-AS1-20180127171841
2018-01-27 17:19:19.765;SQ;AS109-AS1-20180127171919
2018-01-27 17:19:42.012;RC;AS109-AS1-20180127171841
2018-01-27 17:19:42.799;SS;AS109-AS1-20180127171841
2018-01-27 17:20:50.658;RO;AS109-AS1-20180127171919
2018-01-27 17:20:51.662;SP;AS109-AS1-20180127171919
2018-01-27 17:20:53.262;SQ;AS109-AS1-20180127172053
2018-01-27 17:21:10.782;RU;AS109-AS1-20180127171841
2018-01-27 17:21:12.610;VU;AS109-AS1-20180127171841
2018-01-27 17:21:21.426;RC;AS109-AS1-20180127171919
2018-01-27 17:21:22.224;SS;AS109-AS1-20180127171919
2018-01-27 17:22:18.779;RO;AS109-AS1-20180127172053
2018-01-27 17:22:19.663;SP;AS109-AS1-20180127172053
2018-01-27 17:22:21.258;SQ;AS109-AS1-20180127172221
2018-01-27 17:22:48.610;RU;AS109-AS1-20180127171919
2018-01-27 17:22:50.428;VU;AS109-AS1-20180127171919
2018-01-27 17:22:56.835;RC;AS109-AS1-20180127172053
2018-01-27 17:22:57.641;SS;AS109-AS1-20180127172053
2018-01-27 17:23:51.181;RO;AS109-AS1-20180127172221
2018-01-27 17:23:52.160;SP;AS109-AS1-20180127172221
2018-01-27 17:23:53.780;SQ;AS109-AS1-20180127172353
2018-01-27 17:24:22.508;RU;AS109-AS1-20180127172053
2018-01-27 17:24:24.339;VU;AS109-AS1-20180127172053
2018-01-27 17:24:32.470;RC;AS109-AS1-20180127172221
2018-01-27 17:24:33.285;SS;AS109-AS1-20180127172221
2018-01-27 17:25:10.571;RO;AS109-AS1-20180127172353
2018-01-27 17:25:11.674;SP;AS109-AS1-20180127172353
2018-01-27 17:25:15.003;SQ;AS109-AS1-20180127172515
2018-01-27 17:25:52.478;RU;AS109-AS1-20180127172221
2018-01-27 17:25:54.261;VU;AS109-AS1-20180127172221
2018-01-27 17:25:54.943;RC;AS109-AS1-20180127172353
2018-01-27 17:25:55.726;SS;AS109-AS1-20180127172353
2018-01-27 17:26:22.014;RO;AS109-AS1-20180127172515
2018-01-27 17:26:22.896;SP;AS109-AS1-20180127172515
2018-01-27 17:26:24.512;SQ;AS109-AS1-20180127172624
2018-01-27 17:27:09.131;RC;AS109-AS1-20180127172515
2018-01-27 17:27:09.931;SS;AS109-AS1-20180127172515
2018-01-27 17:27:21.363;RU;AS109-AS1-20180127172353
2018-01-27 17:27:23.153;VU;AS109-AS1-20180127172353
2018-01-27 17:27:43.389;RO;AS109-AS1-20180127172624
2018-01-27 17:27:44.407;SP;AS109-AS1-20180127172624
2018-01-27 17:27:45.981;SQ;AS109-AS1-20180127172745
2018-01-27 17:28:21.270;RC;AS109-AS1-20180127172624
2018-01-27 17:28:22.166;SS;AS109-AS1-20180127172624
2018-01-27 17:28:32.618;RU;AS109-AS1-20180127172515
2018-01-27 17:28:34.433;VU;AS109-AS1-20180127172515
2018-01-27 17:29:06.808;RO;AS109-AS1-20180127172745
2018-01-27 17:29:08.686;SP;AS109-AS1-20180127172745
2018-01-27 17:29:11.070;SQ;AS109-AS1-20180127172911
2018-01-27 17:29:40.022;RU;AS109-AS1-20180127172624
2018-01-27 17:29:41.830;VU;AS109-AS1-20180127172624
2018-01-27 17:29:51.049;RC;AS109-AS1-20180127172745
2018-01-27 17:29:51.841;SS;AS109-AS1-20180127172745
2018-01-27 17:30:24.109;RO;AS109-AS1-20180127172911
2018-01-27 17:30:25.131;SP;AS109-AS1-20180127172911
2018-01-27 17:30:26.783;SQ;AS109-AS1-20180127173026
2018-01-27 17:31:09.607;RC;AS109-AS1-20180127172911
2018-01-27 17:31:10.404;SS;AS109-AS1-20180127172911
2018-01-27 17:31:23.898;RU;AS109-AS1-20180127172745
2018-01-27 17:31:25.679;VU;AS109-AS1-20180127172745
2018-01-27 17:31:41.405;RO;AS109-AS1-20180127173026
2018-01-27 17:31:43.195;SP;AS109-AS1-20180127173026
2018-01-27 17:31:45.695;SQ;AS109-AS1-20180127173145
2018-01-27 17:32:27.755;RC;AS109-AS1-20180127173026
2018-01-27 17:32:29.247;SS;AS109-AS1-20180127173026
2018-01-27 17:32:33.284;RU;AS109-AS1-20180127172911
2018-01-27 17:32:35.089;VU;AS109-AS1-20180127172911
2018-01-27 17:33:11.220;RO;AS109-AS1-20180127173145
2018-01-27 17:33:12.093;SP;AS109-AS1-20180127173145
2018-01-27 17:33:13.697;SQ;AS109-AS1-20180127173313
2018-01-27 17:33:43.576;RC;AS109-AS1-20180127173145
2018-01-27 17:33:44.364;SS;AS109-AS1-20180127173145
2018-01-27 17:33:56.010;RU;AS109-AS1-20180127173026
2018-01-27 17:33:57.832;VU;AS109-AS1-20180127173026
2018-01-27 17:34:30.480;RO;AS109-AS1-20180127173313
2018-01-27 17:34:31.600;SP;AS109-AS1-20180127173313
2018-01-27 17:34:33.614;SQ;AS109-AS1-20180127173433
2018-01-27 17:34:54.700;RU;AS109-AS1-20180127173145
2018-01-27 17:34:56.516;VU;AS109-AS1-20180127173145
2018-01-27 17:35:14.556;RC;AS109-AS1-20180127173313
2018-01-27 17:35:15.366;SS;AS109-AS1-20180127173313
2018-01-27 17:35:56.871;RO;AS109-AS1-20180127173433
2018-01-27 17:35:58.005;SP;AS109-AS1-20180127173433
2018-01-27 17:35:59.605;SQ;AS109-AS1-20180127173559
2018-01-27 17:36:39.204;RU;AS109-AS1-20180127173313
2018-01-27 17:36:40.992;VU;AS109-AS1-20180127173313
2018-01-27 17:36:45.565;RC;AS109-AS1-20180127173433
2018-01-27 17:36:46.355;SS;AS109-AS1-20180127173433
2018-01-27 17:37:15.294;RO;AS109-AS1-20180127173559
2018-01-27 17:37:16.503;SP;AS109-AS1-20180127173559
2018-01-27 17:37:18.097;SQ;AS109-AS1-20180127173718
2018-01-27 17:37:56.047;RC;AS109-AS1-20180127173559
2018-01-27 17:37:56.853;SS;AS109-AS1-20180127173559
2018-01-27 17:38:02.964;RU;AS109-AS1-20180127173433
2018-01-27 17:38:04.765;VU;AS109-AS1-20180127173433
2018-01-27 17:38:43.918;RO;AS109-AS1-20180127173718
2018-01-27 17:38:45.003;SP;AS109-AS1-20180127173718
2018-01-27 17:38:46.607;SQ;AS109-AS1-20180127173846
2018-01-27 17:39:19.924;RU;AS109-AS1-20180127173559
2018-01-27 17:39:21.750;VU;AS109-AS1-20180127173559
2018-01-27 17:39:25.868;RC;AS109-AS1-20180127173718
2018-01-27 17:39:26.910;SS;AS109-AS1-20180127173718
2018-01-27 17:40:07.867;RO;AS109-AS1-20180127173846
2018-01-27 17:40:09.028;SP;AS109-AS1-20180127173846
2018-01-27 17:40:10.627;SQ;AS109-AS1-20180127174010
2018-01-27 17:40:42.992;RC;AS109-AS1-20180127173846
2018-01-27 17:40:43.813;SS;AS109-AS1-20180127173846
2018-01-27 17:40:56.685;RU;AS109-AS1-20180127173718
2018-01-27 17:40:58.500;VU;AS109-AS1-20180127173718
2018-01-27 17:41:30.760;RO;AS109-AS1-20180127174010
2018-01-27 17:41:32.031;SP;AS109-AS1-20180127174010
2018-01-27 17:41:33.644;SQ;AS109-AS1-20180127174133
2018-01-27 17:42:13.260;RU;AS109-AS1-20180127173846
2018-01-27 17:42:14.849;RC;AS109-AS1-20180127174010
2018-01-27 17:42:15.064;VU;AS109-AS1-20180127173846
2018-01-27 17:42:15.643;SS;AS109-AS1-20180127174010
2018-01-27 17:42:39.873;RO;AS109-AS1-20180127174133
2018-01-27 17:42:41.046;SP;AS109-AS1-20180127174133
2018-01-27 17:42:42.677;SQ;AS109-AS1-20180127174242
2018-01-27 17:43:31.587;RC;AS109-AS1-20180127174133
2018-01-27 17:43:32.394;SS;AS109-AS1-20180127174133
2018-01-27 17:43:40.317;RU;AS109-AS1-20180127174010
2018-01-27 17:43:42.110;VU;AS109-AS1-20180127174010
2018-01-27 17:44:06.642;RO;AS109-AS1-20180127174242
2018-01-27 17:44:07.581;SP;AS109-AS1-20180127174242
2018-01-27 17:44:09.230;SQ;AS109-AS1-20180127174409
2018-01-27 17:44:51.764;RU;AS109-AS1-20180127174133
2018-01-27 17:44:53.574;VU;AS109-AS1-20180127174133
2018-01-27 17:45:17.929;RC;AS109-AS1-20180127174242
2018-01-27 17:45:18.726;SS;AS109-AS1-20180127174242
2018-01-27 17:45:25.421;RO;AS109-AS1-20180127174409
2018-01-27 17:45:26.596;SP;AS109-AS1-20180127174409
2018-01-27 17:45:29.515;SQ;AS109-AS1-20180127174529
2018-01-27 17:46:07.344;RC;AS109-AS1-20180127174409
2018-01-27 17:46:08.145;SS;AS109-AS1-20180127174409
2018-01-27 17:46:40.623;RU;AS109-AS1-20180127174242
2018-01-27 17:46:42.407;VU;AS109-AS1-20180127174242
2018-01-27 17:46:46.923;RO;AS109-AS1-20180127174529
2018-01-27 17:46:48.021;SP;AS109-AS1-20180127174529
2018-01-27 17:46:49.643;SQ;AS109-AS1-20180127174649
2018-01-27 17:47:16.868;RC;AS109-AS1-20180127174529
2018-01-27 17:47:18.047;SS;AS109-AS1-20180127174529
2018-01-27 17:47:28.218;RU;AS109-AS1-20180127174409
2018-01-27 17:48:12.158;RO;AS109-AS1-20180127174649
2018-01-27 17:48:13.580;SP;AS109-AS1-20180127174649
2018-01-27 17:48:15.823;SQ;AS109-AS1-20180127174815
2018-01-27 17:48:43.026;RU;AS109-AS1-20180127174529
2018-01-27 17:48:45.495;VU;AS109-AS1-20180127174529
2018-01-27 17:48:49.548;RC;AS109-AS1-20180127174649
2018-01-27 17:48:50.489;SS;AS109-AS1-20180127174649
2018-01-27 17:49:25.363;RO;AS109-AS1-20180127174815
2018-01-27 17:49:26.910;SP;AS109-AS1-20180127174815
2018-01-27 17:49:29.034;SQ;AS109-AS1-20180127174929
2018-01-27 17:50:07.011;RC;AS109-AS1-20180127174815
2018-01-27 17:50:07.807;SS;AS109-AS1-20180127174815
2018-01-27 17:50:14.129;RU;AS109-AS1-20180127174649
2018-01-27 17:50:16.472;VU;AS109-AS1-20180127174649
2018-01-27 17:50:44.683;RO;AS109-AS1-20180127174929
2018-01-27 17:50:46.481;SP;AS109-AS1-20180127174929
2018-01-27 17:50:48.698;SQ;AS109-AS1-20180127175048
2018-01-27 17:51:21.075;RU;AS109-AS1-20180127174815
2018-01-27 17:51:23.177;VU;AS109-AS1-20180127174815
2018-01-27 17:51:31.689;RC;AS109-AS1-20180127174929
2018-01-27 17:51:32.481;SS;AS109-AS1-20180127174929
2018-01-27 17:52:06.468;RO;AS109-AS1-20180127175048
2018-01-27 17:52:08.259;SP;AS109-AS1-20180127175048
2018-01-27 17:52:10.514;SQ;AS109-AS1-20180127175210
2018-01-27 17:52:44.693;RC;AS109-AS1-20180127175048
2018-01-27 17:52:46.963;SS;AS109-AS1-20180127175048
2018-01-27 17:52:53.034;RU;AS109-AS1-20180127174929
2018-01-27 17:52:54.916;VU;AS109-AS1-20180127174929
2018-01-27 17:53:30.628;RO;AS109-AS1-20180127175210
2018-01-27 17:53:33.623;SP;AS109-AS1-20180127175210
2018-01-27 17:53:36.191;SQ;AS109-AS1-20180127175336
2018-01-27 17:53:55.757;RU;AS109-AS1-20180127175048
2018-01-27 17:53:57.627;VU;AS109-AS1-20180127175048
2018-01-27 17:54:12.772;RC;AS109-AS1-20180127175210
2018-01-27 17:54:13.788;SS;AS109-AS1-20180127175210
2018-01-27 17:54:59.471;RO;AS109-AS1-20180127175336
2018-01-27 17:55:00.946;SP;AS109-AS1-20180127175336
2018-01-27 17:55:03.380;SQ;AS109-AS1-20180127175503
2018-01-27 17:55:36.838;RU;AS109-AS1-20180127175210
2018-01-27 17:55:39.591;VU;AS109-AS1-20180127175210
2018-01-27 17:55:44.267;RC;AS109-AS1-20180127175336
2018-01-27 17:55:45.484;SS;AS109-AS1-20180127175336
2018-01-27 17:56:18.289;RO;AS109-AS1-20180127175503
2018-01-27 17:56:19.637;SP;AS109-AS1-20180127175503
2018-01-27 17:56:22.482;SQ;AS109-AS1-20180127175622
2018-01-27 17:57:02.319;RC;AS109-AS1-20180127175503
2018-01-27 17:57:03.235;SS;AS109-AS1-20180127175503
2018-01-27 17:57:03.626;RU;AS109-AS1-20180127175336
2018-01-27 17:57:06.126;VU;AS109-AS1-20180127175336
2018-01-27 17:57:32.430;RO;AS109-AS1-20180127175622
2018-01-27 17:57:34.144;SP;AS109-AS1-20180127175622
2018-01-27 17:57:36.402;SQ;AS109-AS1-20180127175736
2018-01-27 17:58:16.368;RC;AS109-AS1-20180127175622
2018-01-27 17:58:17.851;SS;AS109-AS1-20180127175622
2018-01-27 17:58:18.994;RU;AS109-AS1-20180127175503
2018-01-27 17:58:21.646;VU;AS109-AS1-20180127175503
2018-01-27 17:58:46.244;RO;AS109-AS1-20180127175736
2018-01-27 17:58:47.538;SP;AS109-AS1-20180127175736
2018-01-27 17:59:26.769;RC;AS109-AS1-20180127175736
2018-01-27 17:59:28.433;SS;AS109-AS1-20180127175736
2018-01-27 17:59:30.190;RU;AS109-AS1-20180127175622
2018-01-27 17:59:32.820;VU;AS109-AS1-20180127175622
2018-01-27 18:00:31.074;RU;AS109-AS1-20180127175736
2018-01-27 18:00:34.244;VU;AS109-AS1-20180127175736
