2018-01-27 17:18:43.234;SQ;AS103-AS1-20180127171843
2018-01-27 17:19:18.088;RO;AS103-AS1-20180127171843
2018-01-27 17:19:19.136;SP;AS103-AS1-20180127171843
2018-01-27 17:19:20.786;SQ;AS103-AS1-20180127171920
2018-01-27 17:19:48.811;RC;AS103-AS1-20180127171843
2018-01-27 17:19:49.634;SS;AS103-AS1-20180127171843
2018-01-27 17:20:34.168;RO;AS103-AS1-20180127171920
2018-01-27 17:20:35.226;SP;AS103-AS1-20180127171920
2018-01-27 17:20:36.882;SQ;AS103-AS1-20180127172036
2018-01-27 17:20:55.299;RU;AS103-AS1-20180127171843
2018-01-27 17:20:57.165;VU;AS103-AS1-20180127171843
2018-01-27 17:21:14.058;RC;AS103-AS1-20180127171920
2018-01-27 17:21:14.912;SS;AS103-AS1-20180127171920
2018-01-27 17:22:01.326;RO;AS103-AS1-20180127172036
2018-01-27 17:22:02.323;SP;AS103-AS1-20180127172036
2018-01-27 17:22:03.958;SQ;AS103-AS1-20180127172203
2018-01-27 17:22:43.346;RC;AS103-AS1-20180127172036
2018-01-27 17:22:44.155;SS;AS103-AS1-20180127172036
2018-01-27 17:22:44.626;RU;AS103-AS1-20180127171920
2018-01-27 17:22:46.481;VU;AS103-AS1-20180127171920
2018-01-27 17:23:25.433;RO;AS103-AS1-20180127172203
2018-01-27 17:23:26.693;SP;AS103-AS1-20180127172203
2018-01-27 17:23:28.321;SQ;AS103-AS1-20180127172328
2018-01-27 17:24:03.273;RU;AS103-AS1-20180127172036
2018-01-27 17:24:04.758;RC;AS103-AS1-20180127172203
2018-01-27 17:24:05.117;VU;AS103-AS1-20180127172036
2018-01-27 17:24:05.593;SS;AS103-AS1-20180127172203
2018-01-27 17:24:54.875;RO;AS103-AS1-20180127172328
2018-01-27 17:24:55.750;SP;AS103-AS1-20180127172328
2018-01-27 17:24:58.393;SQ;AS103-AS1-20180127172458
2018-01-27 17:25:25.865;RU;AS103-AS1-20180127172203
2018-01-27 17:25:27.685;VU;AS103-AS1-20180127172203
2018-01-27 17:25:37.254;RC;AS103-AS1-20180127172328
2018-01-27 17:25:38.073;SS;AS103-AS1-20180127172328
2018-01-27 17:26:16.278;RO;AS103-AS1-20180127172458
2018-01-27 17:26:17.999;SP;AS103-AS1-20180127172458
2018-01-27 17:26:20.784;SQ;AS103-AS1-20180127172620
2018-01-27 17:26:55.664;RC;AS103-AS1-20180127172458
2018-01-27 17:26:56.194;RU;AS103-AS1-20180127172328
2018-01-27 17:26:56.774;SS;AS103-AS1-20180127172458
2018-01-27 17:26:58.337;VU;AS103-AS1-20180127172328
2018-01-27 17:27:42.104;RO;AS103-AS1-20180127172620
2018-01-27 17:27:43.212;SP;AS103-AS1-20180127172620
2018-01-27 17:27:44.904;SQ;AS103-AS1-20180127172744
2018-01-27 17:28:14.142;RU;AS103-AS1-20180127172458
2018-01-27 17:28:15.976;VU;AS103-AS1-20180127172458
2018-01-27 17:28:23.271;RC;AS103-AS1-20180127172620
2018-01-27 17:28:24.092;SS;AS103-AS1-20180127172620
2018-01-27 17:29:01.892;RO;AS103-AS1-20180127172744
2018-01-27 17:29:02.843;SP;AS103-AS1-20180127172744
2018-01-27 17:29:04.539;SQ;AS103-AS1-20180127172904
2018-01-27 17:29:32.642;RU;AS103-AS1-20180127172620
2018-01-27 17:29:34.455;VU;AS103-AS1-20180127172620
2018-01-27 17:29:46.832;RC;AS103-AS1-20180127172744
2018-01-27 17:29:47.640;SS;AS103-AS1-20180127172744
2018-01-27 17:30:26.558;RO;AS103-AS1-20180127172904
2018-01-27 17:30:27.479;SP;AS103-AS1-20180127172904
2018-01-27 17:30:29.147;SQ;AS103-AS1-20180127173029
2018-01-27 17:31:06.404;RC;AS103-AS1-20180127172904
2018-01-27 17:31:07.214;SS;AS103-AS1-20180127172904
2018-01-27 17:31:39.600;RU;AS103-AS1-20180127172744
2018-01-27 17:31:41.421;VU;AS103-AS1-20180127172744
2018-01-27 17:31:50.251;RO;AS103-AS1-20180127173029
2018-01-27 17:31:51.543;SP;AS103-AS1-20180127173029
2018-01-27 17:31:53.195;SQ;AS103-AS1-20180127173153
2018-01-27 17:32:28.009;RC;AS103-AS1-20180127173029
2018-01-27 17:32:29.791;SS;AS103-AS1-20180127173029
2018-01-27 17:32:39.356;RU;AS103-AS1-20180127172904
2018-01-27 17:32:41.175;VU;AS103-AS1-20180127172904
2018-01-27 17:33:24.338;RO;AS103-AS1-20180127173153
2018-01-27 17:33:25.635;SP;AS103-AS1-20180127173153
2018-01-27 17:33:27.297;SQ;AS103-AS1-20180127173327
2018-01-27 17:33:56.712;RU;AS103-AS1-20180127173029
2018-01-27 17:33:58.547;VU;AS103-AS1-20180127173029
2018-01-27 17:34:12.507;RC;AS103-AS1-20180127173153
2018-01-27 17:34:13.347;SS;AS103-AS1-20180127173153
2018-01-27 17:34:54.371;RO;AS103-AS1-20180127173327
2018-01-27 17:34:55.212;SP;AS103-AS1-20180127173327
2018-01-27 17:34:56.892;SQ;AS103-AS1-20180127173456
2018-01-27 17:35:34.196;RC;AS103-AS1-20180127173327
2018-01-27 17:35:35.157;SS;AS103-AS1-20180127173327
2018-01-27 17:35:35.497;RU;AS103-AS1-20180127173153
2018-01-27 17:35:38.296;VU;AS103-AS1-20180127173153
2018-01-27 17:36:22.904;RO;AS103-AS1-20180127173456
2018-01-27 17:36:23.827;SP;AS103-AS1-20180127173456
2018-01-27 17:36:25.488;SQ;AS103-AS1-20180127173625
2018-01-27 17:36:55.404;RU;AS103-AS1-20180127173327
2018-01-27 17:36:57.248;VU;AS103-AS1-20180127173327
2018-01-27 17:37:00.939;RC;AS103-AS1-20180127173456
2018-01-27 17:37:01.771;SS;AS103-AS1-20180127173456
2018-01-27 17:37:49.071;RO;AS103-AS1-20180127173625
2018-01-27 17:37:49.911;SP;AS103-AS1-20180127173625
2018-01-27 17:37:51.536;SQ;AS103-AS1-20180127173751
2018-01-27 17:38:25.242;RC;AS103-AS1-20180127173625
2018-01-27 17:38:26.917;SS;AS103-AS1-20180127173625
2018-01-27 17:38:29.507;RU;AS103-AS1-20180127173456
2018-01-27 17:38:31.307;VU;AS103-AS1-20180127173456
2018-01-27 17:39:19.515;RO;AS103-AS1-20180127173751
2018-01-27 17:39:20.490;SP;AS103-AS1-20180127173751
2018-01-27 17:39:22.155;SQ;AS103-AS1-20180127173922
2018-01-27 17:39:45.103;RU;AS103-AS1-20180127173625
2018-01-27 17:39:46.942;VU;AS103-AS1-20180127173625
2018-01-27 17:39:59.876;RC;AS103-AS1-20180127173751
2018-01-27 17:40:01.082;SS;AS103-AS1-20180127173751
2018-01-27 17:40:42.010;RO;AS103-AS1-20180127173922
2018-01-27 17:40:43.078;SP;AS103-AS1-20180127173922
2018-01-27 17:40:44.773;SQ;AS103-AS1-20180127174044
2018-01-27 17:41:14.527;RC;AS103-AS1-20180127173922
2018-01-27 17:41:15.356;SS;AS103-AS1-20180127173922
2018-01-27 17:41:22.612;RU;AS103-AS1-20180127173751
2018-01-27 17:41:24.432;VU;AS103-AS1-20180127173751
2018-01-27 17:41:50.523;RO;AS103-AS1-20180127174044
2018-01-27 17:41:52.192;SP;AS103-AS1-20180127174044
2018-01-27 17:41:53.853;SQ;AS103-AS1-20180127174153
2018-01-27 17:42:30.340;RU;AS103-AS1-20180127173922
2018-01-27 17:42:32.164;VU;AS103-AS1-20180127173922
2018-01-27 17:42:32.890;RC;AS103-AS1-20180127174044
2018-01-27 17:42:33.719;SS;AS103-AS1-20180127174044
2018-01-27 17:43:50.936;RU;AS103-AS1-20180127174044
2018-01-27 17:43:52.740;VU;AS103-AS1-20180127174044
2018-01-27 17:43:55.198;RO;AS103-AS1-20180127174153
2018-01-27 17:43:56.337;SP;AS103-AS1-20180127174153
2018-01-27 17:43:57.959;SQ;AS103-AS1-20180127174357
2018-01-27 17:44:34.304;RC;AS103-AS1-20180127174153
2018-01-27 17:44:35.138;SS;AS103-AS1-20180127174153
2018-01-27 17:45:25.139;RO;AS103-AS1-20180127174357
2018-01-27 17:45:26.372;SP;AS103-AS1-20180127174357
2018-01-27 17:45:28.958;SQ;AS103-AS1-20180127174528
2018-01-27 17:45:51.933;RU;AS103-AS1-20180127174153
2018-01-27 17:45:53.762;VU;AS103-AS1-20180127174153
2018-01-27 17:46:00.829;RC;AS103-AS1-20180127174357
2018-01-27 17:46:01.683;SS;AS103-AS1-20180127174357
2018-01-27 17:46:41.436;RO;AS103-AS1-20180127174528
2018-01-27 17:46:42.387;SP;AS103-AS1-20180127174528
2018-01-27 17:46:43.987;SQ;AS103-AS1-20180127174643
2018-01-27 17:47:25.294;RC;AS103-AS1-20180127174528
2018-01-27 17:47:25.661;RU;AS103-AS1-20180127174357
2018-01-27 17:47:26.470;SS;AS103-AS1-20180127174528
2018-01-27 17:47:27.932;VU;AS103-AS1-20180127174357
2018-01-27 17:48:05.202;RO;AS103-AS1-20180127174643
2018-01-27 17:48:06.432;SP;AS103-AS1-20180127174643
2018-01-27 17:48:08.094;SQ;AS103-AS1-20180127174808
2018-01-27 17:48:43.025;RC;AS103-AS1-20180127174643
2018-01-27 17:48:43.870;SS;AS103-AS1-20180127174643
2018-01-27 17:48:59.157;RU;AS103-AS1-20180127174528
2018-01-27 17:49:00.966;VU;AS103-AS1-20180127174528
2018-01-27 17:50:02.173;RO;AS103-AS1-20180127174808
2018-01-27 17:50:03.062;SP;AS103-AS1-20180127174808
2018-01-27 17:50:03.688;RU;AS103-AS1-20180127174643
2018-01-27 17:50:05.597;SQ;AS103-AS1-20180127175005
2018-01-27 17:50:06.362;VU;AS103-AS1-20180127174643
2018-01-27 17:50:41.048;RC;AS103-AS1-20180127174808
2018-01-27 17:50:42.826;SS;AS103-AS1-20180127174808
2018-01-27 17:51:00.850;RO;AS103-AS1-20180127175005
2018-01-27 17:51:02.013;SP;AS103-AS1-20180127175005
2018-01-27 17:51:03.693;SQ;AS103-AS1-20180127175103
2018-01-27 17:51:37.117;RC;AS103-AS1-20180127175005
2018-01-27 17:51:37.956;SS;AS103-AS1-20180127175005
2018-01-27 17:51:56.421;RU;AS103-AS1-20180127174808
2018-01-27 17:51:58.245;VU;AS103-AS1-20180127174808
2018-01-27 17:52:48.495;RU;AS103-AS1-20180127175005
2018-01-27 17:52:50.312;VU;AS103-AS1-20180127175005
2018-01-27 17:52:54.561;RO;AS103-AS1-20180127175103
2018-01-27 17:52:55.637;SP;AS103-AS1-20180127175103
2018-01-27 17:52:57.256;SQ;AS103-AS1-20180127175257
2018-01-27 17:53:28.712;RC;AS103-AS1-20180127175103
2018-01-27 17:53:29.531;SS;AS103-AS1-20180127175103
2018-01-27 17:54:15.825;RO;AS103-AS1-20180127175257
2018-01-27 17:54:16.648;SP;AS103-AS1-20180127175257
2018-01-27 17:54:19.383;SQ;AS103-AS1-20180127175419
2018-01-27 17:54:46.277;RU;AS103-AS1-20180127175103
2018-01-27 17:54:48.089;VU;AS103-AS1-20180127175103
2018-01-27 17:54:50.896;RC;AS103-AS1-20180127175257
2018-01-27 17:54:51.711;SS;AS103-AS1-20180127175257
2018-01-27 17:55:20.557;RO;AS103-AS1-20180127175419
2018-01-27 17:55:22.261;SP;AS103-AS1-20180127175419
2018-01-27 17:55:23.916;SQ;AS103-AS1-20180127175523
2018-01-27 17:56:02.593;RC;AS103-AS1-20180127175419
2018-01-27 17:56:03.420;SS;AS103-AS1-20180127175419
2018-01-27 17:56:14.995;RU;AS103-AS1-20180127175257
2018-01-27 17:56:16.825;VU;AS103-AS1-20180127175257
2018-01-27 17:56:40.631;RO;AS103-AS1-20180127175523
2018-01-27 17:56:41.849;SP;AS103-AS1-20180127175523
2018-01-27 17:56:43.488;SQ;AS103-AS1-20180127175643
2018-01-27 17:57:17.542;RU;AS103-AS1-20180127175419
2018-01-27 17:57:17.918;RC;AS103-AS1-20180127175523
2018-01-27 17:57:19.273;SS;AS103-AS1-20180127175523
2018-01-27 17:57:19.839;VU;AS103-AS1-20180127175419
2018-01-27 17:57:50.867;RO;AS103-AS1-20180127175643
2018-01-27 17:57:51.903;SP;AS103-AS1-20180127175643
2018-01-27 17:57:53.525;SQ;AS103-AS1-20180127175753
2018-01-27 17:58:29.404;RC;AS103-AS1-20180127175643
2018-01-27 17:58:30.223;SS;AS103-AS1-20180127175643
2018-01-27 17:58:36.182;RU;AS103-AS1-20180127175523
2018-01-27 17:58:38.006;VU;AS103-AS1-20180127175523
2018-01-27 17:59:07.710;RO;AS103-AS1-20180127175753
2018-01-27 17:59:08.919;SP;AS103-AS1-20180127175753
2018-01-27 17:59:10.560;SQ;AS103-AS1-20180127175910
2018-01-27 17:59:29.229;RU;AS103-AS1-20180127175643
2018-01-27 17:59:31.990;VU;AS103-AS1-20180127175643
2018-01-27 17:59:39.033;RC;AS103-AS1-20180127175753
2018-01-27 17:59:39.861;SS;AS103-AS1-20180127175753
2018-01-27 18:00:11.234;RO;AS103-AS1-20180127175910
2018-01-27 18:00:12.473;SP;AS103-AS1-20180127175910
2018-01-27 18:00:33.418;RU;AS103-AS1-20180127175753
2018-01-27 18:00:34.239;RC;AS103-AS1-20180127175910
2018-01-27 18:00:35.102;SS;AS103-AS1-20180127175910
2018-01-27 18:00:35.320;VU;AS103-AS1-20180127175753
2018-01-27 18:01:08.737;RU;AS103-AS1-20180127175910
2018-01-27 18:01:10.594;VU;AS103-AS1-20180127175910
