2018-01-27 17:18:33.266;SQ;AS104-AS1-20180127171833
2018-01-27 17:18:58.176;RO;AS104-AS1-20180127171833
2018-01-27 17:18:59.154;SP;AS104-AS1-20180127171833
2018-01-27 17:19:00.846;SQ;AS104-AS1-20180127171900
2018-01-27 17:19:20.409;RC;AS104-AS1-20180127171833
2018-01-27 17:19:21.234;SS;AS104-AS1-20180127171833
2018-01-27 17:19:43.126;RO;AS104-AS1-20180127171900
2018-01-27 17:19:44.399;SP;AS104-AS1-20180127171900
2018-01-27 17:19:46.658;SQ;AS104-AS1-20180127171946
2018-01-27 17:20:21.795;RC;AS104-AS1-20180127171900
2018-01-27 17:20:22.627;SS;AS104-AS1-20180127171900
2018-01-27 17:20:34.273;RU;AS104-AS1-20180127171833
2018-01-27 17:20:36.167;VU;AS104-AS1-20180127171833
2018-01-27 17:21:09.285;RO;AS104-AS1-20180127171946
2018-01-27 17:21:10.600;SP;AS104-AS1-20180127171946
2018-01-27 17:21:12.297;SQ;AS104-AS1-20180127172112
2018-01-27 17:21:45.690;RC;AS104-AS1-20180127171946
2018-01-27 17:21:46.532;SS;AS104-AS1-20180127171946
2018-01-27 17:21:48.552;RU;AS104-AS1-20180127171900
2018-01-27 17:21:50.388;VU;AS104-AS1-20180127171900
2018-01-27 17:23:13.215;RU;AS104-AS1-20180127171946
2018-01-27 17:23:14.315;RO;AS104-AS1-20180127172112
2018-01-27 17:23:15.055;VU;AS104-AS1-20180127171946
2018-01-27 17:23:15.258;SP;AS104-AS1-20180127172112
2018-01-27 17:23:16.922;SQ;AS104-AS1-20180127172316
2018-01-27 17:23:54.869;RC;AS104-AS1-20180127172112
2018-01-27 17:23:56.543;SS;AS104-AS1-20180127172112
2018-01-27 17:24:31.744;RO;AS104-AS1-20180127172316
2018-01-27 17:24:32.828;SP;AS104-AS1-20180127172316
2018-01-27 17:24:34.492;SQ;AS104-AS1-20180127172434
2018-01-27 17:25:14.675;RC;AS104-AS1-20180127172316
2018-01-27 17:25:15.533;SS;AS104-AS1-20180127172316
2018-01-27 17:25:28.524;RU;AS104-AS1-20180127172112
2018-01-27 17:25:30.844;VU;AS104-AS1-20180127172112
2018-01-27 17:26:28.371;RO;AS104-AS1-20180127172434
2018-01-27 17:26:29.469;SP;AS104-AS1-20180127172434
2018-01-27 17:26:31.169;SQ;AS104-AS1-20180127172631
2018-01-27 17:26:42.824;RU;AS104-AS1-20180127172316
2018-01-27 17:26:44.648;VU;AS104-AS1-20180127172316
2018-01-27 17:27:11.489;RC;AS104-AS1-20180127172434
2018-01-27 17:27:12.319;SS;AS104-AS1-20180127172434
2018-01-27 17:28:31.356;RO;AS104-AS1-20180127172631
2018-01-27 17:28:32.625;SP;AS104-AS1-20180127172631
2018-01-27 17:28:34.270;SQ;AS104-AS1-20180127172834
2018-01-27 17:28:46.061;RU;AS104-AS1-20180127172434
2018-01-27 17:28:47.923;VU;AS104-AS1-20180127172434
2018-01-27 17:29:11.398;RC;AS104-AS1-20180127172631
2018-01-27 17:29:12.252;SS;AS104-AS1-20180127172631
2018-01-27 17:29:59.327;RO;AS104-AS1-20180127172834
2018-01-27 17:30:00.198;SP;AS104-AS1-20180127172834
2018-01-27 17:30:01.915;SQ;AS104-AS1-20180127173001
2018-01-27 17:30:31.340;RU;AS104-AS1-20180127172631
2018-01-27 17:30:33.174;VU;AS104-AS1-20180127172631
2018-01-27 17:30:39.603;RC;AS104-AS1-20180127172834
2018-01-27 17:30:40.968;SS;AS104-AS1-20180127172834
2018-01-27 17:31:26.898;RO;AS104-AS1-20180127173001
2018-01-27 17:31:28.844;SP;AS104-AS1-20180127173001
2018-01-27 17:31:30.550;SQ;AS104-AS1-20180127173130
2018-01-27 17:32:09.179;RU;AS104-AS1-20180127172834
2018-01-27 17:32:11.049;VU;AS104-AS1-20180127172834
2018-01-27 17:32:38.137;RC;AS104-AS1-20180127173001
2018-01-27 17:32:38.978;SS;AS104-AS1-20180127173001
2018-01-27 17:32:53.946;RO;AS104-AS1-20180127173130
2018-01-27 17:32:54.969;SP;AS104-AS1-20180127173130
2018-01-27 17:32:56.636;SQ;AS104-AS1-20180127173256
2018-01-27 17:33:41.648;RC;AS104-AS1-20180127173130
2018-01-27 17:33:42.500;SS;AS104-AS1-20180127173130
2018-01-27 17:34:14.026;RU;AS104-AS1-20180127173001
2018-01-27 17:34:15.879;VU;AS104-AS1-20180127173001
2018-01-27 17:34:16.738;RO;AS104-AS1-20180127173256
2018-01-27 17:34:18.407;SP;AS104-AS1-20180127173256
2018-01-27 17:34:21.145;SQ;AS104-AS1-20180127173421
2018-01-27 17:34:54.690;RU;AS104-AS1-20180127173130
2018-01-27 17:34:56.545;VU;AS104-AS1-20180127173130
2018-01-27 17:34:59.308;RC;AS104-AS1-20180127173256
2018-01-27 17:35:00.161;SS;AS104-AS1-20180127173256
2018-01-27 17:35:46.686;RO;AS104-AS1-20180127173421
2018-01-27 17:35:47.609;SP;AS104-AS1-20180127173421
2018-01-27 17:35:49.300;SQ;AS104-AS1-20180127173549
2018-01-27 17:36:24.904;RC;AS104-AS1-20180127173421
2018-01-27 17:36:25.734;SS;AS104-AS1-20180127173421
2018-01-27 17:36:33.075;RU;AS104-AS1-20180127173256
2018-01-27 17:36:34.906;VU;AS104-AS1-20180127173256
2018-01-27 17:37:08.560;RO;AS104-AS1-20180127173549
2018-01-27 17:37:09.716;SP;AS104-AS1-20180127173549
2018-01-27 17:37:11.375;SQ;AS104-AS1-20180127173711
2018-01-27 17:37:46.227;RU;AS104-AS1-20180127173421
2018-01-27 17:37:48.081;VU;AS104-AS1-20180127173421
2018-01-27 17:37:51.651;RC;AS104-AS1-20180127173549
2018-01-27 17:37:52.478;SS;AS104-AS1-20180127173549
2018-01-27 17:38:21.617;RO;AS104-AS1-20180127173711
2018-01-27 17:38:22.775;SP;AS104-AS1-20180127173711
2018-01-27 17:38:24.469;SQ;AS104-AS1-20180127173824
2018-01-27 17:39:07.442;RC;AS104-AS1-20180127173711
2018-01-27 17:39:08.291;SS;AS104-AS1-20180127173711
2018-01-27 17:39:20.510;RU;AS104-AS1-20180127173549
2018-01-27 17:39:22.351;VU;AS104-AS1-20180127173549
2018-01-27 17:39:43.768;RO;AS104-AS1-20180127173824
2018-01-27 17:39:45.219;SP;AS104-AS1-20180127173824
2018-01-27 17:39:46.923;SQ;AS104-AS1-20180127173946
2018-01-27 17:40:28.809;RC;AS104-AS1-20180127173824
2018-01-27 17:40:29.641;SS;AS104-AS1-20180127173824
2018-01-27 17:40:34.357;RU;AS104-AS1-20180127173711
2018-01-27 17:40:36.213;VU;AS104-AS1-20180127173711
2018-01-27 17:41:02.909;RO;AS104-AS1-20180127173946
2018-01-27 17:41:04.924;SP;AS104-AS1-20180127173946
2018-01-27 17:41:06.622;SQ;AS104-AS1-20180127174106
2018-01-27 17:41:42.109;RC;AS104-AS1-20180127173946
2018-01-27 17:41:42.963;SS;AS104-AS1-20180127173946
2018-01-27 17:41:53.756;RU;AS104-AS1-20180127173824
2018-01-27 17:41:55.615;VU;AS104-AS1-20180127173824
2018-01-27 17:42:16.862;RO;AS104-AS1-20180127174106
2018-01-27 17:42:18.070;SP;AS104-AS1-20180127174106
2018-01-27 17:42:19.746;SQ;AS104-AS1-20180127174219
2018-01-27 17:43:03.019;RC;AS104-AS1-20180127174106
2018-01-27 17:43:03.862;SS;AS104-AS1-20180127174106
2018-01-27 17:43:04.209;RU;AS104-AS1-20180127173946
2018-01-27 17:43:06.043;VU;AS104-AS1-20180127173946
2018-01-27 17:43:40.268;RO;AS104-AS1-20180127174219
2018-01-27 17:43:41.150;SP;AS104-AS1-20180127174219
2018-01-27 17:43:42.838;SQ;AS104-AS1-20180127174342
2018-01-27 17:44:18.836;RU;AS104-AS1-20180127174106
2018-01-27 17:44:20.665;VU;AS104-AS1-20180127174106
2018-01-27 17:44:26.248;RC;AS104-AS1-20180127174219
2018-01-27 17:44:27.109;SS;AS104-AS1-20180127174219
2018-01-27 17:45:37.989;RO;AS104-AS1-20180127174342
2018-01-27 17:45:39.292;SP;AS104-AS1-20180127174342
2018-01-27 17:45:40.968;SQ;AS104-AS1-20180127174540
2018-01-27 17:45:42.326;RU;AS104-AS1-20180127174219
2018-01-27 17:45:44.778;VU;AS104-AS1-20180127174219
2018-01-27 17:46:24.757;RC;AS104-AS1-20180127174342
2018-01-27 17:46:25.597;SS;AS104-AS1-20180127174342
2018-01-27 17:46:57.174;RO;AS104-AS1-20180127174540
2018-01-27 17:46:58.422;SP;AS104-AS1-20180127174540
2018-01-27 17:47:00.118;SQ;AS104-AS1-20180127174700
2018-01-27 17:47:38.460;RC;AS104-AS1-20180127174540
2018-01-27 17:47:39.308;SS;AS104-AS1-20180127174540
2018-01-27 17:47:49.686;RU;AS104-AS1-20180127174342
2018-01-27 17:48:54.234;RU;AS104-AS1-20180127174540
2018-01-27 17:48:56.543;VU;AS104-AS1-20180127174540
2018-01-27 17:49:04.249;RO;AS104-AS1-20180127174700
2018-01-27 17:49:05.114;SP;AS104-AS1-20180127174700
2018-01-27 17:49:08.902;SQ;AS104-AS1-20180127174908
2018-01-27 17:49:51.806;RC;AS104-AS1-20180127174700
2018-01-27 17:49:53.149;SS;AS104-AS1-20180127174700
2018-01-27 17:50:26.419;RO;AS104-AS1-20180127174908
2018-01-27 17:50:28.057;SP;AS104-AS1-20180127174908
2018-01-27 17:50:30.592;SQ;AS104-AS1-20180127175030
2018-01-27 17:51:08.133;RC;AS104-AS1-20180127174908
2018-01-27 17:51:09.320;SS;AS104-AS1-20180127174908
2018-01-27 17:51:21.921;RU;AS104-AS1-20180127174700
2018-01-27 17:51:24.143;VU;AS104-AS1-20180127174700
2018-01-27 17:51:52.363;RO;AS104-AS1-20180127175030
2018-01-27 17:51:54.393;SP;AS104-AS1-20180127175030
2018-01-27 17:51:56.751;SQ;AS104-AS1-20180127175156
2018-01-27 17:52:27.706;RU;AS104-AS1-20180127174908
2018-01-27 17:52:29.726;VU;AS104-AS1-20180127174908
2018-01-27 17:52:31.805;RC;AS104-AS1-20180127175030
2018-01-27 17:52:33.407;SS;AS104-AS1-20180127175030
2018-01-27 17:53:17.271;RO;AS104-AS1-20180127175156
2018-01-27 17:53:19.823;SP;AS104-AS1-20180127175156
2018-01-27 17:53:22.219;SQ;AS104-AS1-20180127175322
2018-01-27 17:53:53.736;RU;AS104-AS1-20180127175030
2018-01-27 17:53:54.335;RC;AS104-AS1-20180127175156
2018-01-27 17:53:56.067;SS;AS104-AS1-20180127175156
2018-01-27 17:53:56.408;VU;AS104-AS1-20180127175030
2018-01-27 17:54:32.141;RO;AS104-AS1-20180127175322
2018-01-27 17:54:35.352;SP;AS104-AS1-20180127175322
2018-01-27 17:54:38.379;SQ;AS104-AS1-20180127175438
2018-01-27 17:55:13.774;RU;AS104-AS1-20180127175156
2018-01-27 17:55:15.776;RC;AS104-AS1-20180127175322
2018-01-27 17:55:16.441;VU;AS104-AS1-20180127175156
2018-01-27 17:55:16.811;SS;AS104-AS1-20180127175322
2018-01-27 17:55:59.966;RO;AS104-AS1-20180127175438
2018-01-27 17:56:01.461;SP;AS104-AS1-20180127175438
2018-01-27 17:56:04.029;SQ;AS104-AS1-20180127175604
2018-01-27 17:56:34.785;RC;AS104-AS1-20180127175438
2018-01-27 17:56:36.070;SS;AS104-AS1-20180127175438
2018-01-27 17:56:39.094;RU;AS104-AS1-20180127175322
2018-01-27 17:56:41.717;VU;AS104-AS1-20180127175322
2018-01-27 17:57:23.902;RO;AS104-AS1-20180127175604
2018-01-27 17:57:26.503;SP;AS104-AS1-20180127175604
2018-01-27 17:57:29.750;SQ;AS104-AS1-20180127175729
2018-01-27 17:57:49.459;RC;AS104-AS1-20180127175604
2018-01-27 17:57:49.710;RU;AS104-AS1-20180127175438
2018-01-27 17:57:51.371;SS;AS104-AS1-20180127175604
2018-01-27 17:58:38.271;RO;AS104-AS1-20180127175729
2018-01-27 17:58:40.578;SP;AS104-AS1-20180127175729
2018-01-27 17:58:46.572;SQ;AS104-AS1-20180127175846
2018-01-27 17:59:16.950;RU;AS104-AS1-20180127175604
2018-01-27 17:59:17.753;RC;AS104-AS1-20180127175729
2018-01-27 17:59:20.208;VU;AS104-AS1-20180127175604
2018-01-27 17:59:20.498;SS;AS104-AS1-20180127175729
2018-01-27 17:59:53.704;RO;AS104-AS1-20180127175846
2018-01-27 17:59:56.019;SP;AS104-AS1-20180127175846
2018-01-27 18:00:01.109;SQ;AS104-AS1-20180127180001
2018-01-27 18:00:16.137;RU;AS104-AS1-20180127175729
2018-01-27 18:00:16.577;RC;AS104-AS1-20180127175846
2018-01-27 18:00:21.583;SS;AS104-AS1-20180127175846
2018-01-27 18:00:22.171;VU;AS104-AS1-20180127175729
2018-01-27 18:00:44.668;RO;AS104-AS1-20180127180001
2018-01-27 18:00:48.482;SP;AS104-AS1-20180127180001
2018-01-27 18:00:55.392;RU;AS104-AS1-20180127175846
2018-01-27 18:00:58.798;RC;AS104-AS1-20180127180001
2018-01-27 18:01:02.411;SS;AS104-AS1-20180127180001
2018-01-27 18:01:03.067;VU;AS104-AS1-20180127175846
2018-01-27 18:01:13.191;RU;AS104-AS1-20180127180001
2018-01-27 18:01:25.004;VU;AS104-AS1-20180127180001
