2018-01-27 17:18:44.737;SQ;AS101-AS1-20180127171844
2018-01-27 17:19:22.557;RO;AS101-AS1-20180127171844
2018-01-27 17:19:23.607;SP;AS101-AS1-20180127171844
2018-01-27 17:19:25.222;SQ;AS101-AS1-20180127171925
2018-01-27 17:19:47.541;RC;AS101-AS1-20180127171844
2018-01-27 17:19:48.345;SS;AS101-AS1-20180127171844
2018-01-27 17:20:43.568;RO;AS101-AS1-20180127171925
2018-01-27 17:20:44.627;SP;AS101-AS1-20180127171925
2018-01-27 17:20:46.269;SQ;AS101-AS1-20180127172046
2018-01-27 17:21:16.523;RU;AS101-AS1-20180127171844
2018-01-27 17:21:18.339;VU;AS101-AS1-20180127171844
2018-01-27 17:21:54.192;RO;AS101-AS1-20180127172046
2018-01-27 17:21:55.153;SP;AS101-AS1-20180127172046
2018-01-27 17:21:56.802;SQ;AS101-AS1-20180127172156
2018-01-27 17:22:11.475;RC;AS101-AS1-20180127171925
2018-01-27 17:22:12.275;SS;AS101-AS1-20180127171925
2018-01-27 17:22:32.682;RC;AS101-AS1-20180127172046
2018-01-27 17:22:33.511;SS;AS101-AS1-20180127172046
2018-01-27 17:23:13.439;RO;AS101-AS1-20180127172156
2018-01-27 17:23:14.731;SP;AS101-AS1-20180127172156
2018-01-27 17:23:16.361;SQ;AS101-AS1-20180127172316
2018-01-27 17:23:34.407;RU;AS101-AS1-20180127171925
2018-01-27 17:23:36.222;VU;AS101-AS1-20180127171925
2018-01-27 17:23:53.309;RC;AS101-AS1-20180127172156
2018-01-27 17:23:54.125;SS;AS101-AS1-20180127172156
2018-01-27 17:23:56.191;RU;AS101-AS1-20180127172046
2018-01-27 17:23:58.240;VU;AS101-AS1-20180127172046
2018-01-27 17:24:41.939;RO;AS101-AS1-20180127172316
2018-01-27 17:24:43.003;SP;AS101-AS1-20180127172316
2018-01-27 17:24:44.658;SQ;AS101-AS1-20180127172444
2018-01-27 17:25:14.868;RU;AS101-AS1-20180127172156
2018-01-27 17:25:16.691;VU;AS101-AS1-20180127172156
2018-01-27 17:25:24.277;RC;AS101-AS1-20180127172316
2018-01-27 17:25:25.088;SS;AS101-AS1-20180127172316
2018-01-27 17:26:09.969;RO;AS101-AS1-20180127172444
2018-01-27 17:26:11.053;SP;AS101-AS1-20180127172444
2018-01-27 17:26:12.672;SQ;AS101-AS1-20180127172612
2018-01-27 17:26:54.515;RU;AS101-AS1-20180127172316
2018-01-27 17:26:56.247;RC;AS101-AS1-20180127172444
2018-01-27 17:26:56.354;VU;AS101-AS1-20180127172316
2018-01-27 17:26:57.052;SS;AS101-AS1-20180127172444
2018-01-27 17:27:33.603;RO;AS101-AS1-20180127172612
2018-01-27 17:27:35.302;SP;AS101-AS1-20180127172612
2018-01-27 17:27:37.664;SQ;AS101-AS1-20180127172737
2018-01-27 17:28:16.906;RC;AS101-AS1-20180127172612
2018-01-27 17:28:17.739;SS;AS101-AS1-20180127172612
2018-01-27 17:28:21.696;RU;AS101-AS1-20180127172444
2018-01-27 17:28:23.513;VU;AS101-AS1-20180127172444
2018-01-27 17:29:04.031;RO;AS101-AS1-20180127172737
2018-01-27 17:29:05.073;SP;AS101-AS1-20180127172737
2018-01-27 17:29:06.743;SQ;AS101-AS1-20180127172906
2018-01-27 17:29:35.682;RU;AS101-AS1-20180127172612
2018-01-27 17:29:36.668;RC;AS101-AS1-20180127172737
2018-01-27 17:29:37.474;SS;AS101-AS1-20180127172737
2018-01-27 17:29:37.505;VU;AS101-AS1-20180127172612
2018-01-27 17:30:24.774;RO;AS101-AS1-20180127172906
2018-01-27 17:30:25.657;SP;AS101-AS1-20180127172906
2018-01-27 17:30:27.277;SQ;AS101-AS1-20180127173027
2018-01-27 17:31:02.709;RU;AS101-AS1-20180127172737
2018-01-27 17:31:04.529;VU;AS101-AS1-20180127172737
2018-01-27 17:31:06.035;RC;AS101-AS1-20180127172906
2018-01-27 17:31:06.853;SS;AS101-AS1-20180127172906
2018-01-27 17:31:44.563;RO;AS101-AS1-20180127173027
2018-01-27 17:31:45.703;SP;AS101-AS1-20180127173027
2018-01-27 17:31:47.378;SQ;AS101-AS1-20180127173147
2018-01-27 17:32:28.010;RC;AS101-AS1-20180127173027
2018-01-27 17:32:29.746;SS;AS101-AS1-20180127173027
2018-01-27 17:32:30.707;RU;AS101-AS1-20180127172906
2018-01-27 17:32:32.528;VU;AS101-AS1-20180127172906
2018-01-27 17:33:05.679;RO;AS101-AS1-20180127173147
2018-01-27 17:33:06.802;SP;AS101-AS1-20180127173147
2018-01-27 17:33:08.418;SQ;AS101-AS1-20180127173308
2018-01-27 17:33:46.871;RC;AS101-AS1-20180127173147
2018-01-27 17:33:48.646;SS;AS101-AS1-20180127173147
2018-01-27 17:33:55.905;RU;AS101-AS1-20180127173027
2018-01-27 17:33:57.738;VU;AS101-AS1-20180127173027
2018-01-27 17:34:28.320;RO;AS101-AS1-20180127173308
2018-01-27 17:34:29.333;SP;AS101-AS1-20180127173308
2018-01-27 17:34:30.977;SQ;AS101-AS1-20180127173430
2018-01-27 17:35:06.282;RC;AS101-AS1-20180127173308
2018-01-27 17:35:07.105;SS;AS101-AS1-20180127173308
2018-01-27 17:35:07.591;RU;AS101-AS1-20180127173147
2018-01-27 17:35:09.435;VU;AS101-AS1-20180127173147
2018-01-27 17:35:48.775;RO;AS101-AS1-20180127173430
2018-01-27 17:35:49.867;SP;AS101-AS1-20180127173430
2018-01-27 17:35:52.921;SQ;AS101-AS1-20180127173552
2018-01-27 17:36:15.669;RU;AS101-AS1-20180127173308
2018-01-27 17:36:17.506;VU;AS101-AS1-20180127173308
2018-01-27 17:36:35.706;RC;AS101-AS1-20180127173430
2018-01-27 17:36:37.299;SS;AS101-AS1-20180127173430
2018-01-27 17:37:46.843;RO;AS101-AS1-20180127173552
2018-01-27 17:37:47.873;SP;AS101-AS1-20180127173552
2018-01-27 17:37:49.493;SQ;AS101-AS1-20180127173749
2018-01-27 17:38:01.967;RU;AS101-AS1-20180127173430
2018-01-27 17:38:03.795;VU;AS101-AS1-20180127173430
2018-01-27 17:38:34.459;RC;AS101-AS1-20180127173552
2018-01-27 17:38:35.285;SS;AS101-AS1-20180127173552
2018-01-27 17:39:14.895;RO;AS101-AS1-20180127173749
2018-01-27 17:39:15.902;SP;AS101-AS1-20180127173749
2018-01-27 17:39:17.518;SQ;AS101-AS1-20180127173917
2018-01-27 17:39:53.717;RC;AS101-AS1-20180127173749
2018-01-27 17:39:54.541;SS;AS101-AS1-20180127173749
2018-01-27 17:39:56.910;RU;AS101-AS1-20180127173552
2018-01-27 17:40:27.698;RO;AS101-AS1-20180127173917
2018-01-27 17:40:29.056;SP;AS101-AS1-20180127173917
2018-01-27 17:40:31.525;SQ;AS101-AS1-20180127174031
2018-01-27 17:41:01.223;RU;AS101-AS1-20180127173749
2018-01-27 17:41:03.997;VU;AS101-AS1-20180127173749
2018-01-27 17:41:12.505;RC;AS101-AS1-20180127173917
2018-01-27 17:41:13.391;SS;AS101-AS1-20180127173917
2018-01-27 17:41:46.867;RO;AS101-AS1-20180127174031
2018-01-27 17:41:48.009;SP;AS101-AS1-20180127174031
2018-01-27 17:41:51.726;SQ;AS101-AS1-20180127174151
2018-01-27 17:42:31.642;RU;AS101-AS1-20180127173917
2018-01-27 17:42:34.071;VU;AS101-AS1-20180127173917
2018-01-27 17:42:34.496;RC;AS101-AS1-20180127174031
2018-01-27 17:42:35.391;SS;AS101-AS1-20180127174031
2018-01-27 17:43:15.553;RO;AS101-AS1-20180127174151
2018-01-27 17:43:16.782;SP;AS101-AS1-20180127174151
2018-01-27 17:43:19.181;SQ;AS101-AS1-20180127174319
2018-01-27 17:43:51.162;RC;AS101-AS1-20180127174151
2018-01-27 17:43:52.275;SS;AS101-AS1-20180127174151
2018-01-27 17:43:58.769;RU;AS101-AS1-20180127174031
2018-01-27 17:44:01.007;VU;AS101-AS1-20180127174031
2018-01-27 17:44:18.848;RO;AS101-AS1-20180127174319
2018-01-27 17:44:20.617;SP;AS101-AS1-20180127174319
2018-01-27 17:44:22.919;SQ;AS101-AS1-20180127174422
2018-01-27 17:45:04.958;RU;AS101-AS1-20180127174151
2018-01-27 17:45:04.960;RC;AS101-AS1-20180127174319
2018-01-27 17:45:07.301;SS;AS101-AS1-20180127174319
2018-01-27 17:45:46.278;RO;AS101-AS1-20180127174422
2018-01-27 17:45:48.669;SP;AS101-AS1-20180127174422
2018-01-27 17:45:52.206;SQ;AS101-AS1-20180127174552
2018-01-27 17:46:24.768;RC;AS101-AS1-20180127174422
2018-01-27 17:46:25.496;RU;AS101-AS1-20180127174319
2018-01-27 17:46:27.145;SS;AS101-AS1-20180127174422
2018-01-27 17:46:29.175;VU;AS101-AS1-20180127174319
2018-01-27 17:47:17.275;RO;AS101-AS1-20180127174552
2018-01-27 17:47:21.042;SP;AS101-AS1-20180127174552
2018-01-27 17:47:24.379;SQ;AS101-AS1-20180127174724
2018-01-27 17:47:45.104;RC;AS101-AS1-20180127174552
2018-01-27 17:47:47.193;SS;AS101-AS1-20180127174552
2018-01-27 17:47:57.254;RU;AS101-AS1-20180127174422
2018-01-27 17:48:00.059;VU;AS101-AS1-20180127174422
2018-01-27 17:48:43.590;RO;AS101-AS1-20180127174724
2018-01-27 17:48:45.764;SP;AS101-AS1-20180127174724
2018-01-27 17:48:49.840;SQ;AS101-AS1-20180127174849
2018-01-27 17:49:00.046;RU;AS101-AS1-20180127174552
2018-01-27 17:49:02.599;VU;AS101-AS1-20180127174552
2018-01-27 17:49:32.298;RC;AS101-AS1-20180127174724
2018-01-27 17:49:34.256;SS;AS101-AS1-20180127174724
2018-01-27 17:50:06.730;RO;AS101-AS1-20180127174849
2018-01-27 17:50:08.629;SP;AS101-AS1-20180127174849
2018-01-27 17:50:14.999;SQ;AS101-AS1-20180127175014
2018-01-27 17:50:50.481;RC;AS101-AS1-20180127174849
2018-01-27 17:50:52.045;SS;AS101-AS1-20180127174849
2018-01-27 17:50:55.702;RU;AS101-AS1-20180127174724
2018-01-27 17:51:00.199;VU;AS101-AS1-20180127174724
2018-01-27 17:51:29.737;RO;AS101-AS1-20180127175014
2018-01-27 17:51:32.578;SP;AS101-AS1-20180127175014
2018-01-27 17:51:36.330;SQ;AS101-AS1-20180127175136
2018-01-27 17:52:18.673;RC;AS101-AS1-20180127175014
2018-01-27 17:52:20.090;SS;AS101-AS1-20180127175014
2018-01-27 17:52:23.168;RU;AS101-AS1-20180127174849
2018-01-27 17:52:25.661;VU;AS101-AS1-20180127174849
2018-01-27 17:52:51.634;RO;AS101-AS1-20180127175136
2018-01-27 17:52:53.891;SP;AS101-AS1-20180127175136
2018-01-27 17:52:57.588;SQ;AS101-AS1-20180127175257
2018-01-27 17:53:32.574;RC;AS101-AS1-20180127175136
2018-01-27 17:53:35.261;SS;AS101-AS1-20180127175136
2018-01-27 17:53:42.074;RU;AS101-AS1-20180127175014
2018-01-27 17:53:44.906;VU;AS101-AS1-20180127175014
2018-01-27 17:54:12.777;RO;AS101-AS1-20180127175257
2018-01-27 17:54:14.695;SP;AS101-AS1-20180127175257
2018-01-27 17:54:20.054;SQ;AS101-AS1-20180127175420
2018-01-27 17:54:50.904;RC;AS101-AS1-20180127175257
2018-01-27 17:54:53.491;SS;AS101-AS1-20180127175257
2018-01-27 17:54:59.430;RU;AS101-AS1-20180127175136
2018-01-27 17:55:02.384;VU;AS101-AS1-20180127175136
2018-01-27 17:55:37.720;RO;AS101-AS1-20180127175420
2018-01-27 17:55:40.510;SP;AS101-AS1-20180127175420
2018-01-27 17:55:44.316;SQ;AS101-AS1-20180127175544
2018-01-27 17:56:14.429;RU;AS101-AS1-20180127175257
2018-01-27 17:56:20.289;RC;AS101-AS1-20180127175420
2018-01-27 17:56:21.869;SS;AS101-AS1-20180127175420
2018-01-27 17:57:01.828;RO;AS101-AS1-20180127175544
2018-01-27 17:57:04.519;SP;AS101-AS1-20180127175544
2018-01-27 17:57:09.173;SQ;AS101-AS1-20180127175709
2018-01-27 17:57:44.742;RC;AS101-AS1-20180127175544
2018-01-27 17:57:47.346;SS;AS101-AS1-20180127175544
2018-01-27 17:57:49.713;RU;AS101-AS1-20180127175420
2018-01-27 17:57:53.439;VU;AS101-AS1-20180127175420
2018-01-27 17:58:24.884;RO;AS101-AS1-20180127175709
2018-01-27 17:58:30.305;SP;AS101-AS1-20180127175709
2018-01-27 17:58:35.534;SQ;AS101-AS1-20180127175835
2018-01-27 17:58:58.166;RU;AS101-AS1-20180127175544
2018-01-27 17:59:03.611;VU;AS101-AS1-20180127175544
2018-01-27 17:59:07.280;RC;AS101-AS1-20180127175709
2018-01-27 17:59:09.974;SS;AS101-AS1-20180127175709
2018-01-27 17:59:38.520;RO;AS101-AS1-20180127175835
2018-01-27 17:59:41.165;SP;AS101-AS1-20180127175835
2018-01-27 18:00:13.760;RC;AS101-AS1-20180127175835
2018-01-27 18:00:13.972;RU;AS101-AS1-20180127175709
2018-01-27 18:00:19.416;SS;AS101-AS1-20180127175835
2018-01-27 18:00:21.738;VU;AS101-AS1-20180127175709
2018-01-27 18:00:58.603;RU;AS101-AS1-20180127175835
2018-01-27 18:01:02.875;VU;AS101-AS1-20180127175835
