2018-01-27 17:18:46.618;SQ;AS102-AS1-20180127171846
2018-01-27 17:19:34.051;RO;AS102-AS1-20180127171846
2018-01-27 17:19:34.970;SP;AS102-AS1-20180127171846
2018-01-27 17:19:36.591;SQ;AS102-AS1-20180127171936
2018-01-27 17:20:13.194;RC;AS102-AS1-20180127171846
2018-01-27 17:20:13.992;SS;AS102-AS1-20180127171846
2018-01-27 17:20:47.657;RO;AS102-AS1-20180127171936
2018-01-27 17:20:49.050;SP;AS102-AS1-20180127171936
2018-01-27 17:20:52.425;SQ;AS102-AS1-20180127172052
2018-01-27 17:21:30.970;RC;AS102-AS1-20180127171936
2018-01-27 17:21:31.783;SS;AS102-AS1-20180127171936
2018-01-27 17:22:04.678;RU;AS102-AS1-20180127171846
2018-01-27 17:22:05.778;RO;AS102-AS1-20180127172052
2018-01-27 17:22:06.476;VU;AS102-AS1-20180127171846
2018-01-27 17:22:07.247;SP;AS102-AS1-20180127172052
2018-01-27 17:22:10.571;SQ;AS102-AS1-20180127172210
2018-01-27 17:22:47.540;RU;AS102-AS1-20180127171936
2018-01-27 17:22:49.331;VU;AS102-AS1-20180127171936
2018-01-27 17:22:54.379;RC;AS102-AS1-20180127172052
2018-01-27 17:22:55.423;SS;AS102-AS1-20180127172052
2018-01-27 17:23:34.428;RO;AS102-AS1-20180127172210
2018-01-27 17:23:35.469;SP;AS102-AS1-20180127172210
2018-01-27 17:23:37.045;SQ;AS102-AS1-20180127172337
2018-01-27 17:24:16.587;RU;AS102-AS1-20180127172052
2018-01-27 17:24:24.130;RC;AS102-AS1-20180127172210
2018-01-27 17:24:25.418;SS;AS102-AS1-20180127172210
2018-01-27 17:24:56.193;RO;AS102-AS1-20180127172337
2018-01-27 17:25:00.008;SP;AS102-AS1-20180127172337
2018-01-27 17:25:02.965;SQ;AS102-AS1-20180127172502
2018-01-27 17:25:44.000;RC;AS102-AS1-20180127172337
2018-01-27 17:25:46.562;SS;AS102-AS1-20180127172337
2018-01-27 17:25:53.601;RU;AS102-AS1-20180127172210
2018-01-27 17:25:55.637;VU;AS102-AS1-20180127172210
2018-01-27 17:26:28.646;RO;AS102-AS1-20180127172502
2018-01-27 17:26:30.286;SP;AS102-AS1-20180127172502
2018-01-27 17:26:33.581;SQ;AS102-AS1-20180127172633
2018-01-27 17:26:59.369;RU;AS102-AS1-20180127172337
2018-01-27 17:27:12.073;RC;AS102-AS1-20180127172502
2018-01-27 17:27:13.696;SS;AS102-AS1-20180127172502
2018-01-27 17:27:59.657;RO;AS102-AS1-20180127172633
2018-01-27 17:28:01.870;SP;AS102-AS1-20180127172633
2018-01-27 17:28:07.146;SQ;AS102-AS1-20180127172807
2018-01-27 17:28:46.374;RC;AS102-AS1-20180127172633
2018-01-27 17:28:46.387;RU;AS102-AS1-20180127172502
2018-01-27 17:28:49.025;SS;AS102-AS1-20180127172633
2018-01-27 17:28:50.026;VU;AS102-AS1-20180127172502
2018-01-27 17:29:20.985;RO;AS102-AS1-20180127172807
2018-01-27 17:29:24.118;SP;AS102-AS1-20180127172807
2018-01-27 17:29:28.766;SQ;AS102-AS1-20180127172928
2018-01-27 17:30:03.355;RC;AS102-AS1-20180127172807
2018-01-27 17:30:05.184;SS;AS102-AS1-20180127172807
2018-01-27 17:30:12.810;RU;AS102-AS1-20180127172633
2018-01-27 17:30:15.676;VU;AS102-AS1-20180127172633
2018-01-27 17:31:02.700;RO;AS102-AS1-20180127172928
2018-01-27 17:31:04.665;SP;AS102-AS1-20180127172928
2018-01-27 17:31:08.310;SQ;AS102-AS1-20180127173108
2018-01-27 17:31:25.798;RU;AS102-AS1-20180127172807
2018-01-27 17:31:31.113;VU;AS102-AS1-20180127172807
2018-01-27 17:31:50.482;RC;AS102-AS1-20180127172928
2018-01-27 17:31:52.437;SS;AS102-AS1-20180127172928
2018-01-27 17:32:32.414;RO;AS102-AS1-20180127173108
2018-01-27 17:32:34.103;SP;AS102-AS1-20180127173108
2018-01-27 17:32:38.094;SQ;AS102-AS1-20180127173238
2018-01-27 17:33:11.984;RU;AS102-AS1-20180127172928
2018-01-27 17:33:14.903;VU;AS102-AS1-20180127172928
2018-01-27 17:33:24.748;RC;AS102-AS1-20180127173108
2018-01-27 17:33:26.363;SS;AS102-AS1-20180127173108
2018-01-27 17:33:56.702;RO;AS102-AS1-20180127173238
2018-01-27 17:33:58.169;SP;AS102-AS1-20180127173238
2018-01-27 17:34:01.791;SQ;AS102-AS1-20180127173401
2018-01-27 17:34:36.500;RC;AS102-AS1-20180127173238
2018-01-27 17:34:38.428;SS;AS102-AS1-20180127173238
2018-01-27 17:34:56.269;RU;AS102-AS1-20180127173108
2018-01-27 17:34:58.766;VU;AS102-AS1-20180127173108
2018-01-27 17:35:21.046;RO;AS102-AS1-20180127173401
2018-01-27 17:35:24.231;SP;AS102-AS1-20180127173401
2018-01-27 17:35:27.854;SQ;AS102-AS1-20180127173527
2018-01-27 17:36:04.333;RU;AS102-AS1-20180127173238
2018-01-27 17:36:06.916;RC;AS102-AS1-20180127173401
2018-01-27 17:36:08.218;VU;AS102-AS1-20180127173238
2018-01-27 17:36:09.528;SS;AS102-AS1-20180127173401
2018-01-27 17:36:50.177;RO;AS102-AS1-20180127173527
2018-01-27 17:36:53.981;SP;AS102-AS1-20180127173527
2018-01-27 17:36:58.339;SQ;AS102-AS1-20180127173658
2018-01-27 17:37:32.829;RC;AS102-AS1-20180127173527
2018-01-27 17:37:34.606;SS;AS102-AS1-20180127173527
2018-01-27 17:37:34.660;RU;AS102-AS1-20180127173401
2018-01-27 17:37:37.605;VU;AS102-AS1-20180127173401
2018-01-27 17:38:09.405;RO;AS102-AS1-20180127173658
2018-01-27 17:38:14.353;SP;AS102-AS1-20180127173658
2018-01-27 17:38:17.910;SQ;AS102-AS1-20180127173817
2018-01-27 17:38:53.798;RC;AS102-AS1-20180127173658
2018-01-27 17:38:54.956;RU;AS102-AS1-20180127173527
2018-01-27 17:38:55.809;SS;AS102-AS1-20180127173658
2018-01-27 17:38:59.574;VU;AS102-AS1-20180127173527
2018-01-27 17:39:36.372;RO;AS102-AS1-20180127173817
2018-01-27 17:39:38.454;SP;AS102-AS1-20180127173817
2018-01-27 17:39:42.137;SQ;AS102-AS1-20180127173942
2018-01-27 17:40:20.555;RC;AS102-AS1-20180127173817
2018-01-27 17:40:22.849;SS;AS102-AS1-20180127173817
2018-01-27 17:40:26.080;RU;AS102-AS1-20180127173658
2018-01-27 17:40:29.274;VU;AS102-AS1-20180127173658
2018-01-27 17:41:05.474;RO;AS102-AS1-20180127173942
2018-01-27 17:41:07.793;SP;AS102-AS1-20180127173942
2018-01-27 17:41:11.622;SQ;AS102-AS1-20180127174111
2018-01-27 17:41:47.172;RC;AS102-AS1-20180127173942
2018-01-27 17:41:48.867;SS;AS102-AS1-20180127173942
2018-01-27 17:41:54.961;RU;AS102-AS1-20180127173817
2018-01-27 17:41:57.769;VU;AS102-AS1-20180127173817
2018-01-27 17:42:23.024;RO;AS102-AS1-20180127174111
2018-01-27 17:42:24.311;SP;AS102-AS1-20180127174111
2018-01-27 17:42:27.758;SQ;AS102-AS1-20180127174227
2018-01-27 17:43:08.432;RU;AS102-AS1-20180127173942
2018-01-27 17:43:10.560;RC;AS102-AS1-20180127174111
2018-01-27 17:43:11.908;VU;AS102-AS1-20180127173942
2018-01-27 17:43:12.532;SS;AS102-AS1-20180127174111
2018-01-27 17:44:24.541;RO;AS102-AS1-20180127174227
2018-01-27 17:44:28.386;SP;AS102-AS1-20180127174227
2018-01-27 17:44:32.021;SQ;AS102-AS1-20180127174432
2018-01-27 17:44:39.501;RU;AS102-AS1-20180127174111
2018-01-27 17:44:43.399;VU;AS102-AS1-20180127174111
2018-01-27 17:45:10.317;RC;AS102-AS1-20180127174227
2018-01-27 17:45:11.805;SS;AS102-AS1-20180127174227
2018-01-27 17:45:53.330;RO;AS102-AS1-20180127174432
2018-01-27 17:45:55.459;SP;AS102-AS1-20180127174432
2018-01-27 17:46:01.366;SQ;AS102-AS1-20180127174601
2018-01-27 17:46:40.999;RU;AS102-AS1-20180127174227
2018-01-27 17:46:41.003;RC;AS102-AS1-20180127174432
2018-01-27 17:46:43.944;SS;AS102-AS1-20180127174432
2018-01-27 17:46:44.856;VU;AS102-AS1-20180127174227
2018-01-27 17:47:25.348;RO;AS102-AS1-20180127174601
2018-01-27 17:47:27.345;SP;AS102-AS1-20180127174601
2018-01-27 17:47:30.970;SQ;AS102-AS1-20180127174730
2018-01-27 17:48:12.491;RU;AS102-AS1-20180127174432
2018-01-27 17:48:14.645;RC;AS102-AS1-20180127174601
2018-01-27 17:48:15.489;VU;AS102-AS1-20180127174432
2018-01-27 17:48:16.000;SS;AS102-AS1-20180127174601
2018-01-27 17:48:44.092;RO;AS102-AS1-20180127174730
2018-01-27 17:48:45.484;SP;AS102-AS1-20180127174730
2018-01-27 17:48:49.213;SQ;AS102-AS1-20180127174849
2018-01-27 17:49:23.138;RC;AS102-AS1-20180127174730
2018-01-27 17:49:26.050;SS;AS102-AS1-20180127174730
2018-01-27 17:49:39.272;RU;AS102-AS1-20180127174601
2018-01-27 17:49:42.505;VU;AS102-AS1-20180127174601
2018-01-27 17:50:08.071;RO;AS102-AS1-20180127174849
2018-01-27 17:50:10.919;SP;AS102-AS1-20180127174849
2018-01-27 17:50:16.453;SQ;AS102-AS1-20180127175016
2018-01-27 17:50:41.419;RC;AS102-AS1-20180127174849
2018-01-27 17:50:44.889;SS;AS102-AS1-20180127174849
2018-01-27 17:50:50.462;RU;AS102-AS1-20180127174730
2018-01-27 17:50:53.362;VU;AS102-AS1-20180127174730
2018-01-27 17:51:38.486;RO;AS102-AS1-20180127175016
2018-01-27 17:51:40.471;SP;AS102-AS1-20180127175016
2018-01-27 17:51:45.726;SQ;AS102-AS1-20180127175145
2018-01-27 17:52:17.840;RU;AS102-AS1-20180127174849
2018-01-27 17:52:20.154;VU;AS102-AS1-20180127174849
2018-01-27 17:52:53.980;RC;AS102-AS1-20180127175016
2018-01-27 17:52:55.854;SS;AS102-AS1-20180127175016
2018-01-27 17:53:12.008;RO;AS102-AS1-20180127175145
2018-01-27 17:53:13.874;SP;AS102-AS1-20180127175145
2018-01-27 17:53:20.103;SQ;AS102-AS1-20180127175320
2018-01-27 17:53:47.938;RC;AS102-AS1-20180127175145
2018-01-27 17:53:50.317;SS;AS102-AS1-20180127175145
2018-01-27 17:54:13.841;RU;AS102-AS1-20180127175016
2018-01-27 17:54:16.308;VU;AS102-AS1-20180127175016
2018-01-27 17:54:29.857;RO;AS102-AS1-20180127175320
2018-01-27 17:54:31.956;SP;AS102-AS1-20180127175320
2018-01-27 17:54:37.798;SQ;AS102-AS1-20180127175437
2018-01-27 17:55:04.260;RU;AS102-AS1-20180127175145
2018-01-27 17:55:08.094;VU;AS102-AS1-20180127175145
2018-01-27 17:55:13.347;RC;AS102-AS1-20180127175320
2018-01-27 17:55:15.032;SS;AS102-AS1-20180127175320
2018-01-27 17:55:59.968;RO;AS102-AS1-20180127175437
2018-01-27 17:56:02.381;SP;AS102-AS1-20180127175437
2018-01-27 17:56:06.487;SQ;AS102-AS1-20180127175606
2018-01-27 17:56:22.823;RU;AS102-AS1-20180127175320
2018-01-27 17:56:27.007;VU;AS102-AS1-20180127175320
2018-01-27 17:56:46.222;RC;AS102-AS1-20180127175437
2018-01-27 17:56:48.229;SS;AS102-AS1-20180127175437
2018-01-27 17:57:16.108;RO;AS102-AS1-20180127175606
2018-01-27 17:57:18.081;SP;AS102-AS1-20180127175606
2018-01-27 17:57:21.826;SQ;AS102-AS1-20180127175721
2018-01-27 17:57:52.085;RC;AS102-AS1-20180127175606
2018-01-27 17:57:53.946;SS;AS102-AS1-20180127175606
2018-01-27 17:58:08.213;RU;AS102-AS1-20180127175437
2018-01-27 17:58:11.316;VU;AS102-AS1-20180127175437
2018-01-27 17:58:36.816;RO;AS102-AS1-20180127175721
2018-01-27 17:58:39.052;SP;AS102-AS1-20180127175721
2018-01-27 17:58:43.665;SQ;AS102-AS1-20180127175843
2018-01-27 17:59:00.421;RC;AS102-AS1-20180127175721
2018-01-27 17:59:02.956;SS;AS102-AS1-20180127175721
2018-01-27 17:59:46.939;RU;AS102-AS1-20180127175606
2018-01-27 17:59:50.273;VU;AS102-AS1-20180127175606
2018-01-27 17:59:52.013;RO;AS102-AS1-20180127175843
2018-01-27 17:59:53.992;SP;AS102-AS1-20180127175843
2018-01-27 17:59:57.633;SQ;AS102-AS1-20180127175957
2018-01-27 18:00:13.070;RU;AS102-AS1-20180127175721
2018-01-27 18:00:15.988;VU;AS102-AS1-20180127175721
2018-01-27 18:00:18.713;RC;AS102-AS1-20180127175843
2018-01-27 18:00:21.740;SS;AS102-AS1-20180127175843
2018-01-27 18:00:58.192;RO;AS102-AS1-20180127175957
2018-01-27 18:00:58.680;RU;AS102-AS1-20180127175843
2018-01-27 18:01:01.686;SP;AS102-AS1-20180127175957
2018-01-27 18:01:02.898;VU;AS102-AS1-20180127175843
2018-01-27 18:01:09.178;RC;AS102-AS1-20180127175957
2018-01-27 18:01:11.542;SS;AS102-AS1-20180127175957
2018-01-27 18:01:15.894;RU;AS102-AS1-20180127175957
2018-01-27 18:01:24.927;VU;AS102-AS1-20180127175957
