2018-01-27 17:18:43.168;SQ;AS119-AS1-20180127171843
2018-01-27 17:19:25.611;RO;AS119-AS1-20180127171843
2018-01-27 17:19:26.506;SP;AS119-AS1-20180127171843
2018-01-27 17:19:28.074;SQ;AS119-AS1-20180127171928
2018-01-27 17:19:55.166;RC;AS119-AS1-20180127171843
2018-01-27 17:19:55.967;SS;AS119-AS1-20180127171843
2018-01-27 17:20:31.897;RO;AS119-AS1-20180127171928
2018-01-27 17:20:32.911;SP;AS119-AS1-20180127171928
2018-01-27 17:20:35.926;SQ;AS119-AS1-20180127172035
2018-01-27 17:21:12.586;RC;AS119-AS1-20180127171928
2018-01-27 17:21:13.364;SS;AS119-AS1-20180127171928
2018-01-27 17:21:16.744;RU;AS119-AS1-20180127171843
2018-01-27 17:21:18.545;VU;AS119-AS1-20180127171843
2018-01-27 17:21:56.333;RO;AS119-AS1-20180127172035
2018-01-27 17:21:57.303;SP;AS119-AS1-20180127172035
2018-01-27 17:21:58.904;SQ;AS119-AS1-20180127172158
2018-01-27 17:22:25.508;RU;AS119-AS1-20180127171928
2018-01-27 17:22:27.305;VU;AS119-AS1-20180127171928
2018-01-27 17:22:39.453;RC;AS119-AS1-20180127172035
2018-01-27 17:22:40.249;SS;AS119-AS1-20180127172035
2018-01-27 17:23:16.949;RO;AS119-AS1-20180127172158
2018-01-27 17:23:17.816;SP;AS119-AS1-20180127172158
2018-01-27 17:23:19.471;SQ;AS119-AS1-20180127172319
2018-01-27 17:24:06.740;RC;AS119-AS1-20180127172158
2018-01-27 17:24:07.537;SS;AS119-AS1-20180127172158
2018-01-27 17:24:08.082;RU;AS119-AS1-20180127172035
2018-01-27 17:24:09.878;VU;AS119-AS1-20180127172035
2018-01-27 17:24:46.482;RO;AS119-AS1-20180127172319
2018-01-27 17:24:47.398;SP;AS119-AS1-20180127172319
2018-01-27 17:24:49.023;SQ;AS119-AS1-20180127172449
2018-01-27 17:25:25.241;RU;AS119-AS1-20180127172158
2018-01-27 17:25:25.243;RC;AS119-AS1-20180127172319
2018-01-27 17:25:26.871;SS;AS119-AS1-20180127172319
2018-01-27 17:25:27.873;VU;AS119-AS1-20180127172158
2018-01-27 17:26:14.239;RO;AS119-AS1-20180127172449
2018-01-27 17:26:15.443;SP;AS119-AS1-20180127172449
2018-01-27 17:26:17.333;SQ;AS119-AS1-20180127172617
2018-01-27 17:26:42.833;RU;AS119-AS1-20180127172319
2018-01-27 17:26:44.630;VU;AS119-AS1-20180127172319
2018-01-27 17:26:57.148;RC;AS119-AS1-20180127172449
2018-01-27 17:26:57.957;SS;AS119-AS1-20180127172449
2018-01-27 17:28:20.119;RO;AS119-AS1-20180127172617
2018-01-27 17:28:22.191;SP;AS119-AS1-20180127172617
2018-01-27 17:28:23.770;SQ;AS119-AS1-20180127172823
2018-01-27 17:28:24.953;RU;AS119-AS1-20180127172449
2018-01-27 17:28:26.745;VU;AS119-AS1-20180127172449
2018-01-27 17:29:05.725;RC;AS119-AS1-20180127172617
2018-01-27 17:29:06.559;SS;AS119-AS1-20180127172617
2018-01-27 17:29:37.884;RO;AS119-AS1-20180127172823
2018-01-27 17:29:39.992;SP;AS119-AS1-20180127172823
2018-01-27 17:29:41.646;SQ;AS119-AS1-20180127172941
2018-01-27 17:30:20.588;RC;AS119-AS1-20180127172823
2018-01-27 17:30:21.381;SS;AS119-AS1-20180127172823
2018-01-27 17:30:34.485;RU;AS119-AS1-20180127172617
2018-01-27 17:30:36.293;VU;AS119-AS1-20180127172617
2018-01-27 17:31:02.022;RO;AS119-AS1-20180127172941
2018-01-27 17:31:03.062;SP;AS119-AS1-20180127172941
2018-01-27 17:31:04.695;SQ;AS119-AS1-20180127173104
2018-01-27 17:31:44.034;RU;AS119-AS1-20180127172823
2018-01-27 17:31:45.858;VU;AS119-AS1-20180127172823
2018-01-27 17:31:50.738;RC;AS119-AS1-20180127172941
2018-01-27 17:31:51.565;SS;AS119-AS1-20180127172941
2018-01-27 17:32:22.838;RO;AS119-AS1-20180127173104
2018-01-27 17:32:24.078;SP;AS119-AS1-20180127173104
2018-01-27 17:32:25.664;SQ;AS119-AS1-20180127173225
2018-01-27 17:33:05.823;RC;AS119-AS1-20180127173104
2018-01-27 17:33:06.645;SS;AS119-AS1-20180127173104
2018-01-27 17:33:11.211;RU;AS119-AS1-20180127172941
2018-01-27 17:33:47.255;RO;AS119-AS1-20180127173225
2018-01-27 17:33:49.833;SP;AS119-AS1-20180127173225
2018-01-27 17:33:52.010;SQ;AS119-AS1-20180127173352
2018-01-27 17:34:29.695;RU;AS119-AS1-20180127173104
2018-01-27 17:34:31.519;RC;AS119-AS1-20180127173225
2018-01-27 17:34:32.111;VU;AS119-AS1-20180127173104
2018-01-27 17:34:32.706;SS;AS119-AS1-20180127173225
2018-01-27 17:35:14.556;RO;AS119-AS1-20180127173352
2018-01-27 17:35:15.582;SP;AS119-AS1-20180127173352
2018-01-27 17:35:18.058;SQ;AS119-AS1-20180127173518
2018-01-27 17:35:49.659;RU;AS119-AS1-20180127173225
2018-01-27 17:35:52.762;VU;AS119-AS1-20180127173225
2018-01-27 17:36:00.197;RC;AS119-AS1-20180127173352
2018-01-27 17:36:00.997;SS;AS119-AS1-20180127173352
2018-01-27 17:36:37.716;RO;AS119-AS1-20180127173518
2018-01-27 17:36:39.057;SP;AS119-AS1-20180127173518
2018-01-27 17:36:41.530;SQ;AS119-AS1-20180127173641
2018-01-27 17:37:19.338;RC;AS119-AS1-20180127173518
2018-01-27 17:37:20.419;SS;AS119-AS1-20180127173518
2018-01-27 17:37:30.405;RU;AS119-AS1-20180127173352
2018-01-27 17:37:32.698;VU;AS119-AS1-20180127173352
2018-01-27 17:38:04.186;RO;AS119-AS1-20180127173641
2018-01-27 17:38:06.275;SP;AS119-AS1-20180127173641
2018-01-27 17:38:08.530;SQ;AS119-AS1-20180127173808
2018-01-27 17:38:43.918;RC;AS119-AS1-20180127173641
2018-01-27 17:38:44.954;SS;AS119-AS1-20180127173641
2018-01-27 17:38:49.721;RU;AS119-AS1-20180127173518
2018-01-27 17:38:51.799;VU;AS119-AS1-20180127173518
2018-01-27 17:39:29.926;RO;AS119-AS1-20180127173808
2018-01-27 17:39:31.093;SP;AS119-AS1-20180127173808
2018-01-27 17:39:33.538;SQ;AS119-AS1-20180127173933
2018-01-27 17:40:15.370;RC;AS119-AS1-20180127173808
2018-01-27 17:40:15.511;RU;AS119-AS1-20180127173641
2018-01-27 17:40:18.226;SS;AS119-AS1-20180127173808
2018-01-27 17:40:19.914;VU;AS119-AS1-20180127173641
2018-01-27 17:40:43.271;RO;AS119-AS1-20180127173933
2018-01-27 17:40:44.502;SP;AS119-AS1-20180127173933
2018-01-27 17:40:46.846;SQ;AS119-AS1-20180127174046
2018-01-27 17:41:22.329;RC;AS119-AS1-20180127173933
2018-01-27 17:41:23.485;SS;AS119-AS1-20180127173933
2018-01-27 17:41:42.835;RU;AS119-AS1-20180127173808
2018-01-27 17:41:45.073;VU;AS119-AS1-20180127173808
2018-01-27 17:42:08.412;RO;AS119-AS1-20180127174046
2018-01-27 17:42:09.881;SP;AS119-AS1-20180127174046
2018-01-27 17:42:12.337;SQ;AS119-AS1-20180127174212
2018-01-27 17:42:33.924;RU;AS119-AS1-20180127173933
2018-01-27 17:42:36.301;VU;AS119-AS1-20180127173933
2018-01-27 17:42:47.029;RC;AS119-AS1-20180127174046
2018-01-27 17:42:48.021;SS;AS119-AS1-20180127174046
2018-01-27 17:43:24.060;RO;AS119-AS1-20180127174212
2018-01-27 17:43:25.555;SP;AS119-AS1-20180127174212
2018-01-27 17:43:27.804;SQ;AS119-AS1-20180127174327
2018-01-27 17:44:06.650;RU;AS119-AS1-20180127174046
2018-01-27 17:44:08.320;RC;AS119-AS1-20180127174212
2018-01-27 17:44:08.463;VU;AS119-AS1-20180127174046
2018-01-27 17:44:09.139;SS;AS119-AS1-20180127174212
2018-01-27 17:44:51.192;RO;AS119-AS1-20180127174327
2018-01-27 17:44:52.865;SP;AS119-AS1-20180127174327
2018-01-27 17:44:55.331;SQ;AS119-AS1-20180127174455
2018-01-27 17:45:29.578;RC;AS119-AS1-20180127174327
2018-01-27 17:45:30.690;SS;AS119-AS1-20180127174327
2018-01-27 17:45:34.879;RU;AS119-AS1-20180127174212
2018-01-27 17:45:36.722;VU;AS119-AS1-20180127174212
2018-01-27 17:46:10.987;RO;AS119-AS1-20180127174455
2018-01-27 17:46:12.318;SP;AS119-AS1-20180127174455
2018-01-27 17:46:16.110;SQ;AS119-AS1-20180127174616
2018-01-27 17:46:47.395;RU;AS119-AS1-20180127174327
2018-01-27 17:46:50.068;VU;AS119-AS1-20180127174327
2018-01-27 17:46:55.811;RC;AS119-AS1-20180127174455
2018-01-27 17:46:57.103;SS;AS119-AS1-20180127174455
2018-01-27 17:47:34.862;RO;AS119-AS1-20180127174616
2018-01-27 17:47:37.308;SP;AS119-AS1-20180127174616
2018-01-27 17:47:39.524;SQ;AS119-AS1-20180127174739
2018-01-27 17:48:20.174;RU;AS119-AS1-20180127174455
2018-01-27 17:48:23.150;VU;AS119-AS1-20180127174455
2018-01-27 17:48:23.592;RC;AS119-AS1-20180127174616
2018-01-27 17:48:24.527;SS;AS119-AS1-20180127174616
2018-01-27 17:48:51.518;RO;AS119-AS1-20180127174739
2018-01-27 17:48:53.980;SP;AS119-AS1-20180127174739
2018-01-27 17:48:56.320;SQ;AS119-AS1-20180127174856
2018-01-27 17:49:29.781;RC;AS119-AS1-20180127174739
2018-01-27 17:49:30.699;SS;AS119-AS1-20180127174739
2018-01-27 17:49:48.263;RU;AS119-AS1-20180127174616
2018-01-27 17:49:50.088;VU;AS119-AS1-20180127174616
2018-01-27 17:50:19.448;RO;AS119-AS1-20180127174856
2018-01-27 17:50:20.929;SP;AS119-AS1-20180127174856
2018-01-27 17:50:23.361;SQ;AS119-AS1-20180127175023
2018-01-27 17:50:50.482;RU;AS119-AS1-20180127174739
2018-01-27 17:50:53.018;VU;AS119-AS1-20180127174739
2018-01-27 17:50:55.366;RC;AS119-AS1-20180127174856
2018-01-27 17:50:57.094;SS;AS119-AS1-20180127174856
2018-01-27 17:51:37.104;RO;AS119-AS1-20180127175023
2018-01-27 17:51:38.389;SP;AS119-AS1-20180127175023
2018-01-27 17:51:40.732;SQ;AS119-AS1-20180127175140
2018-01-27 17:52:16.546;RC;AS119-AS1-20180127175023
2018-01-27 17:52:17.362;SS;AS119-AS1-20180127175023
2018-01-27 17:52:24.219;RU;AS119-AS1-20180127174856
2018-01-27 17:52:26.271;VU;AS119-AS1-20180127174856
2018-01-27 17:52:57.425;RO;AS119-AS1-20180127175140
2018-01-27 17:52:59.018;SP;AS119-AS1-20180127175140
2018-01-27 17:53:03.759;SQ;AS119-AS1-20180127175303
2018-01-27 17:53:32.415;RU;AS119-AS1-20180127175023
2018-01-27 17:53:35.234;VU;AS119-AS1-20180127175023
2018-01-27 17:53:36.699;RC;AS119-AS1-20180127175140
2018-01-27 17:53:37.575;SS;AS119-AS1-20180127175140
2018-01-27 17:54:14.242;RO;AS119-AS1-20180127175303
2018-01-27 17:54:15.756;SP;AS119-AS1-20180127175303
2018-01-27 17:54:18.518;SQ;AS119-AS1-20180127175418
2018-01-27 17:54:59.561;RU;AS119-AS1-20180127175140
2018-01-27 17:54:59.732;RC;AS119-AS1-20180127175303
2018-01-27 17:55:02.073;SS;AS119-AS1-20180127175303
2018-01-27 17:55:02.991;VU;AS119-AS1-20180127175140
2018-01-27 17:55:35.789;RO;AS119-AS1-20180127175418
2018-01-27 17:55:38.249;SP;AS119-AS1-20180127175418
2018-01-27 17:55:40.579;SQ;AS119-AS1-20180127175540
2018-01-27 17:56:17.994;RC;AS119-AS1-20180127175418
2018-01-27 17:56:19.492;SS;AS119-AS1-20180127175418
2018-01-27 17:56:20.450;RU;AS119-AS1-20180127175303
2018-01-27 17:56:23.147;VU;AS119-AS1-20180127175303
2018-01-27 17:56:51.811;RO;AS119-AS1-20180127175540
2018-01-27 17:56:53.030;SP;AS119-AS1-20180127175540
2018-01-27 17:56:57.296;SQ;AS119-AS1-20180127175657
2018-01-27 17:57:36.911;RC;AS119-AS1-20180127175540
2018-01-27 17:57:37.704;SS;AS119-AS1-20180127175540
2018-01-27 17:57:42.213;RU;AS119-AS1-20180127175418
2018-01-27 17:57:44.608;VU;AS119-AS1-20180127175418
2018-01-27 17:58:08.216;RO;AS119-AS1-20180127175657
2018-01-27 17:58:09.591;SP;AS119-AS1-20180127175657
2018-01-27 17:58:13.487;SQ;AS119-AS1-20180127175813
2018-01-27 17:58:46.019;RC;AS119-AS1-20180127175657
2018-01-27 17:58:46.819;SS;AS119-AS1-20180127175657
2018-01-27 17:58:54.892;RU;AS119-AS1-20180127175540
2018-01-27 17:58:56.675;VU;AS119-AS1-20180127175540
2018-01-27 17:59:09.213;RO;AS119-AS1-20180127175813
2018-01-27 17:59:10.839;SP;AS119-AS1-20180127175813
2018-01-27 17:59:40.873;RC;AS119-AS1-20180127175813
2018-01-27 17:59:41.991;SS;AS119-AS1-20180127175813
2018-01-27 17:59:55.181;RU;AS119-AS1-20180127175657
2018-01-27 17:59:57.702;VU;AS119-AS1-20180127175657
2018-01-27 18:00:39.481;RU;AS119-AS1-20180127175813
2018-01-27 18:00:41.286;VU;AS119-AS1-20180127175813
