2018-01-27 17:18:37.895;SQ;AS115-AS1-20180127171837
2018-01-27 17:19:16.724;RO;AS115-AS1-20180127171837
2018-01-27 17:19:17.691;SP;AS115-AS1-20180127171837
2018-01-27 17:19:19.220;SQ;AS115-AS1-20180127171919
2018-01-27 17:19:47.870;RC;AS115-AS1-20180127171837
2018-01-27 17:19:48.655;SS;AS115-AS1-20180127171837
2018-01-27 17:21:04.418;RO;AS115-AS1-20180127171919
2018-01-27 17:21:05.990;SP;AS115-AS1-20180127171919
2018-01-27 17:21:07.547;SQ;AS115-AS1-20180127172107
2018-01-27 17:21:11.761;RU;AS115-AS1-20180127171837
2018-01-27 17:21:13.556;VU;AS115-AS1-20180127171837
2018-01-27 17:21:46.310;RC;AS115-AS1-20180127171919
2018-01-27 17:21:47.073;SS;AS115-AS1-20180127171919
2018-01-27 17:22:34.659;RO;AS115-AS1-20180127172107
2018-01-27 17:22:35.917;SP;AS115-AS1-20180127172107
2018-01-27 17:22:37.432;SQ;AS115-AS1-20180127172237
2018-01-27 17:23:18.832;RU;AS115-AS1-20180127171919
2018-01-27 17:23:20.621;VU;AS115-AS1-20180127171919
2018-01-27 17:23:23.713;RC;AS115-AS1-20180127172107
2018-01-27 17:23:25.002;SS;AS115-AS1-20180127172107
2018-01-27 17:23:44.877;RO;AS115-AS1-20180127172237
2018-01-27 17:23:45.762;SP;AS115-AS1-20180127172237
2018-01-27 17:23:47.324;SQ;AS115-AS1-20180127172347
2018-01-27 17:24:25.612;RC;AS115-AS1-20180127172237
2018-01-27 17:24:27.170;SS;AS115-AS1-20180127172237
2018-01-27 17:24:50.775;RU;AS115-AS1-20180127172107
2018-01-27 17:24:52.539;VU;AS115-AS1-20180127172107
2018-01-27 17:25:14.868;RO;AS115-AS1-20180127172347
2018-01-27 17:25:15.709;SP;AS115-AS1-20180127172347
2018-01-27 17:25:17.247;SQ;AS115-AS1-20180127172517
2018-01-27 17:25:45.055;RC;AS115-AS1-20180127172347
2018-01-27 17:25:45.829;SS;AS115-AS1-20180127172347
2018-01-27 17:25:49.083;RU;AS115-AS1-20180127172237
2018-01-27 17:25:50.837;VU;AS115-AS1-20180127172237
2018-01-27 17:26:42.832;RO;AS115-AS1-20180127172517
2018-01-27 17:26:43.632;SP;AS115-AS1-20180127172517
2018-01-27 17:26:45.155;SQ;AS115-AS1-20180127172645
2018-01-27 17:27:11.317;RU;AS115-AS1-20180127172347
2018-01-27 17:27:13.110;VU;AS115-AS1-20180127172347
2018-01-27 17:27:21.526;RC;AS115-AS1-20180127172517
2018-01-27 17:27:22.286;SS;AS115-AS1-20180127172517
2018-01-27 17:28:00.266;RO;AS115-AS1-20180127172645
2018-01-27 17:28:01.523;SP;AS115-AS1-20180127172645
2018-01-27 17:28:03.088;SQ;AS115-AS1-20180127172803
2018-01-27 17:28:34.195;RU;AS115-AS1-20180127172517
2018-01-27 17:28:35.963;VU;AS115-AS1-20180127172517
2018-01-27 17:28:46.777;RC;AS115-AS1-20180127172645
2018-01-27 17:28:47.529;SS;AS115-AS1-20180127172645
2018-01-27 17:29:23.752;RO;AS115-AS1-20180127172803
2018-01-27 17:29:24.981;SP;AS115-AS1-20180127172803
2018-01-27 17:29:26.548;SQ;AS115-AS1-20180127172926
2018-01-27 17:29:59.841;RU;AS115-AS1-20180127172645
2018-01-27 17:30:01.619;VU;AS115-AS1-20180127172645
2018-01-27 17:30:08.415;RC;AS115-AS1-20180127172803
2018-01-27 17:30:10.075;SS;AS115-AS1-20180127172803
2018-01-27 17:30:50.277;RO;AS115-AS1-20180127172926
2018-01-27 17:30:51.415;SP;AS115-AS1-20180127172926
2018-01-27 17:30:52.966;SQ;AS115-AS1-20180127173052
2018-01-27 17:31:26.003;RC;AS115-AS1-20180127172926
2018-01-27 17:31:27.619;SS;AS115-AS1-20180127172926
2018-01-27 17:31:37.559;RU;AS115-AS1-20180127172803
2018-01-27 17:31:39.374;VU;AS115-AS1-20180127172803
2018-01-27 17:32:15.830;RO;AS115-AS1-20180127173052
2018-01-27 17:32:16.816;SP;AS115-AS1-20180127173052
2018-01-27 17:32:18.320;SQ;AS115-AS1-20180127173218
2018-01-27 17:32:40.966;RU;AS115-AS1-20180127172926
2018-01-27 17:32:42.742;VU;AS115-AS1-20180127172926
2018-01-27 17:32:52.731;RC;AS115-AS1-20180127173052
2018-01-27 17:32:53.519;SS;AS115-AS1-20180127173052
2018-01-27 17:33:33.397;RO;AS115-AS1-20180127173218
2018-01-27 17:33:34.495;SP;AS115-AS1-20180127173218
2018-01-27 17:33:36.049;SQ;AS115-AS1-20180127173336
2018-01-27 17:34:14.113;RC;AS115-AS1-20180127173218
2018-01-27 17:34:14.898;SS;AS115-AS1-20180127173218
2018-01-27 17:34:16.569;RU;AS115-AS1-20180127173052
2018-01-27 17:34:18.359;VU;AS115-AS1-20180127173052
2018-01-27 17:34:48.943;RO;AS115-AS1-20180127173336
2018-01-27 17:34:49.903;SP;AS115-AS1-20180127173336
2018-01-27 17:34:51.453;SQ;AS115-AS1-20180127173451
2018-01-27 17:35:27.946;RC;AS115-AS1-20180127173336
2018-01-27 17:35:28.724;SS;AS115-AS1-20180127173336
2018-01-27 17:35:40.526;RU;AS115-AS1-20180127173218
2018-01-27 17:35:42.289;VU;AS115-AS1-20180127173218
2018-01-27 17:36:13.854;RO;AS115-AS1-20180127173451
2018-01-27 17:36:14.833;SP;AS115-AS1-20180127173451
2018-01-27 17:36:16.379;SQ;AS115-AS1-20180127173616
2018-01-27 17:36:52.814;RU;AS115-AS1-20180127173336
2018-01-27 17:36:54.596;VU;AS115-AS1-20180127173336
2018-01-27 17:37:00.396;RC;AS115-AS1-20180127173451
2018-01-27 17:37:01.180;SS;AS115-AS1-20180127173451
2018-01-27 17:37:34.680;RO;AS115-AS1-20180127173616
2018-01-27 17:37:35.726;SP;AS115-AS1-20180127173616
2018-01-27 17:37:37.256;SQ;AS115-AS1-20180127173737
2018-01-27 17:38:20.705;RC;AS115-AS1-20180127173616
2018-01-27 17:38:21.488;SS;AS115-AS1-20180127173616
2018-01-27 17:38:27.096;RU;AS115-AS1-20180127173451
2018-01-27 17:38:28.880;VU;AS115-AS1-20180127173451
2018-01-27 17:38:58.688;RO;AS115-AS1-20180127173737
2018-01-27 17:38:59.629;SP;AS115-AS1-20180127173737
2018-01-27 17:39:01.201;SQ;AS115-AS1-20180127173901
2018-01-27 17:39:46.499;RC;AS115-AS1-20180127173737
2018-01-27 17:39:47.276;SS;AS115-AS1-20180127173737
2018-01-27 17:39:53.178;RU;AS115-AS1-20180127173616
2018-01-27 17:39:54.964;VU;AS115-AS1-20180127173616
2018-01-27 17:40:18.882;RO;AS115-AS1-20180127173901
2018-01-27 17:40:20.070;SP;AS115-AS1-20180127173901
2018-01-27 17:40:21.583;SQ;AS115-AS1-20180127174021
2018-01-27 17:40:57.290;RU;AS115-AS1-20180127173737
2018-01-27 17:40:59.039;VU;AS115-AS1-20180127173737
2018-01-27 17:41:00.465;RC;AS115-AS1-20180127173901
2018-01-27 17:41:01.260;SS;AS115-AS1-20180127173901
2018-01-27 17:41:38.032;RO;AS115-AS1-20180127174021
2018-01-27 17:41:38.918;SP;AS115-AS1-20180127174021
2018-01-27 17:41:40.513;SQ;AS115-AS1-20180127174140
2018-01-27 17:42:08.152;RC;AS115-AS1-20180127174021
2018-01-27 17:42:08.950;SS;AS115-AS1-20180127174021
2018-01-27 17:42:29.799;RU;AS115-AS1-20180127173901
2018-01-27 17:42:31.572;VU;AS115-AS1-20180127173901
2018-01-27 17:43:09.047;RO;AS115-AS1-20180127174140
2018-01-27 17:43:09.891;SP;AS115-AS1-20180127174140
2018-01-27 17:43:11.480;SQ;AS115-AS1-20180127174311
2018-01-27 17:43:32.299;RU;AS115-AS1-20180127174021
2018-01-27 17:43:34.088;VU;AS115-AS1-20180127174021
2018-01-27 17:44:22.106;RC;AS115-AS1-20180127174140
2018-01-27 17:44:22.847;SS;AS115-AS1-20180127174140
2018-01-27 17:44:34.110;RO;AS115-AS1-20180127174311
2018-01-27 17:44:35.354;SP;AS115-AS1-20180127174311
2018-01-27 17:44:36.926;SQ;AS115-AS1-20180127174436
2018-01-27 17:45:14.852;RC;AS115-AS1-20180127174311
2018-01-27 17:45:15.625;SS;AS115-AS1-20180127174311
2018-01-27 17:45:44.817;RU;AS115-AS1-20180127174140
2018-01-27 17:45:46.610;VU;AS115-AS1-20180127174140
2018-01-27 17:45:51.926;RO;AS115-AS1-20180127174436
2018-01-27 17:45:52.787;SP;AS115-AS1-20180127174436
2018-01-27 17:45:54.365;SQ;AS115-AS1-20180127174554
2018-01-27 17:46:40.293;RC;AS115-AS1-20180127174436
2018-01-27 17:46:40.614;RU;AS115-AS1-20180127174311
2018-01-27 17:46:41.460;SS;AS115-AS1-20180127174436
2018-01-27 17:46:42.852;VU;AS115-AS1-20180127174311
2018-01-27 17:47:21.042;RO;AS115-AS1-20180127174554
2018-01-27 17:47:22.233;SP;AS115-AS1-20180127174554
2018-01-27 17:47:23.780;SQ;AS115-AS1-20180127174723
2018-01-27 17:47:56.817;RC;AS115-AS1-20180127174554
2018-01-27 17:47:57.580;SS;AS115-AS1-20180127174554
2018-01-27 17:48:04.072;RU;AS115-AS1-20180127174436
2018-01-27 17:48:06.819;VU;AS115-AS1-20180127174436
2018-01-27 17:48:43.088;RO;AS115-AS1-20180127174723
2018-01-27 17:48:44.150;SP;AS115-AS1-20180127174723
2018-01-27 17:48:45.681;SQ;AS115-AS1-20180127174845
2018-01-27 17:49:22.665;RC;AS115-AS1-20180127174723
2018-01-27 17:49:23.144;RU;AS115-AS1-20180127174554
2018-01-27 17:49:24.643;SS;AS115-AS1-20180127174723
2018-01-27 17:49:25.926;VU;AS115-AS1-20180127174554
2018-01-27 17:50:02.839;RO;AS115-AS1-20180127174845
2018-01-27 17:50:04.084;SP;AS115-AS1-20180127174845
2018-01-27 17:50:05.675;SQ;AS115-AS1-20180127175005
2018-01-27 17:50:39.743;RU;AS115-AS1-20180127174723
2018-01-27 17:50:42.154;VU;AS115-AS1-20180127174723
2018-01-27 17:50:44.427;RC;AS115-AS1-20180127174845
2018-01-27 17:50:45.203;SS;AS115-AS1-20180127174845
2018-01-27 17:51:21.226;RO;AS115-AS1-20180127175005
2018-01-27 17:51:22.051;SP;AS115-AS1-20180127175005
2018-01-27 17:51:23.571;SQ;AS115-AS1-20180127175123
2018-01-27 17:52:05.797;RC;AS115-AS1-20180127175005
2018-01-27 17:52:06.468;RU;AS115-AS1-20180127174845
2018-01-27 17:52:06.668;SS;AS115-AS1-20180127175005
2018-01-27 17:52:08.367;VU;AS115-AS1-20180127174845
2018-01-27 17:52:38.548;RO;AS115-AS1-20180127175123
2018-01-27 17:52:39.434;SP;AS115-AS1-20180127175123
2018-01-27 17:52:40.996;SQ;AS115-AS1-20180127175240
2018-01-27 17:53:12.544;RC;AS115-AS1-20180127175123
2018-01-27 17:53:13.322;SS;AS115-AS1-20180127175123
2018-01-27 17:53:26.529;RU;AS115-AS1-20180127175005
2018-01-27 17:53:28.323;VU;AS115-AS1-20180127175005
2018-01-27 17:53:48.927;RO;AS115-AS1-20180127175240
2018-01-27 17:53:49.861;SP;AS115-AS1-20180127175240
2018-01-27 17:53:51.403;SQ;AS115-AS1-20180127175351
2018-01-27 17:54:27.117;RC;AS115-AS1-20180127175240
2018-01-27 17:54:27.906;SS;AS115-AS1-20180127175240
2018-01-27 17:54:34.181;RU;AS115-AS1-20180127175123
2018-01-27 17:54:35.949;VU;AS115-AS1-20180127175123
2018-01-27 17:55:02.795;RO;AS115-AS1-20180127175351
2018-01-27 17:55:04.459;SP;AS115-AS1-20180127175351
2018-01-27 17:55:06.771;SQ;AS115-AS1-20180127175506
2018-01-27 17:55:46.075;RC;AS115-AS1-20180127175351
2018-01-27 17:55:46.856;SS;AS115-AS1-20180127175351
2018-01-27 17:55:50.056;RU;AS115-AS1-20180127175240
2018-01-27 17:55:52.689;VU;AS115-AS1-20180127175240
2018-01-27 17:56:23.079;RO;AS115-AS1-20180127175506
2018-01-27 17:56:24.164;SP;AS115-AS1-20180127175506
2018-01-27 17:56:25.723;SQ;AS115-AS1-20180127175625
2018-01-27 17:57:02.257;RU;AS115-AS1-20180127175351
2018-01-27 17:57:02.793;RC;AS115-AS1-20180127175506
2018-01-27 17:57:03.853;SS;AS115-AS1-20180127175506
2018-01-27 17:57:04.260;VU;AS115-AS1-20180127175351
2018-01-27 17:57:38.736;RO;AS115-AS1-20180127175625
2018-01-27 17:57:39.833;SP;AS115-AS1-20180127175625
2018-01-27 17:57:42.926;SQ;AS115-AS1-20180127175742
2018-01-27 17:58:23.119;RC;AS115-AS1-20180127175625
2018-01-27 17:58:23.883;SS;AS115-AS1-20180127175625
2018-01-27 17:58:25.536;RU;AS115-AS1-20180127175506
2018-01-27 17:58:27.939;VU;AS115-AS1-20180127175506
2018-01-27 17:58:54.918;RO;AS115-AS1-20180127175742
2018-01-27 17:58:55.769;SP;AS115-AS1-20180127175742
2018-01-27 17:59:29.838;RC;AS115-AS1-20180127175742
2018-01-27 17:59:30.835;SS;AS115-AS1-20180127175742
2018-01-27 17:59:38.309;RU;AS115-AS1-20180127175625
2018-01-27 17:59:40.095;VU;AS115-AS1-20180127175625
2018-01-27 18:00:30.975;RU;AS115-AS1-20180127175742
2018-01-27 18:00:33.574;VU;AS115-AS1-20180127175742
