2018-01-27 17:18:33.796;SQ;AS11-AS1-20180127171833
2018-01-27 17:19:22.556;RO;AS11-AS1-20180127171833
2018-01-27 17:19:23.654;SP;AS11-AS1-20180127171833
2018-01-27 17:19:25.349;SQ;AS11-AS1-20180127171925
2018-01-27 17:19:58.110;RC;AS11-AS1-20180127171833
2018-01-27 17:19:58.926;SS;AS11-AS1-20180127171833
2018-01-27 17:20:40.813;RO;AS11-AS1-20180127171925
2018-01-27 17:20:41.762;SP;AS11-AS1-20180127171925
2018-01-27 17:20:43.434;SQ;AS11-AS1-20180127172043
2018-01-27 17:21:13.670;RU;AS11-AS1-20180127171833
2018-01-27 17:21:15.510;VU;AS11-AS1-20180127171833
2018-01-27 17:21:27.980;RC;AS11-AS1-20180127171925
2018-01-27 17:21:28.810;SS;AS11-AS1-20180127171925
2018-01-27 17:21:56.556;RO;AS11-AS1-20180127172043
2018-01-27 17:21:57.865;SP;AS11-AS1-20180127172043
2018-01-27 17:21:59.505;SQ;AS11-AS1-20180127172159
2018-01-27 17:22:39.699;RC;AS11-AS1-20180127172043
2018-01-27 17:22:40.535;SS;AS11-AS1-20180127172043
2018-01-27 17:22:46.422;RU;AS11-AS1-20180127171925
2018-01-27 17:22:48.243;VU;AS11-AS1-20180127171925
2018-01-27 17:23:24.074;RO;AS11-AS1-20180127172159
2018-01-27 17:23:25.921;SP;AS11-AS1-20180127172159
2018-01-27 17:23:28.393;SQ;AS11-AS1-20180127172328
2018-01-27 17:24:00.951;RC;AS11-AS1-20180127172159
2018-01-27 17:24:01.778;SS;AS11-AS1-20180127172159
2018-01-27 17:24:03.008;RU;AS11-AS1-20180127172043
2018-01-27 17:24:04.829;VU;AS11-AS1-20180127172043
2018-01-27 17:24:54.091;RO;AS11-AS1-20180127172328
2018-01-27 17:24:55.306;SP;AS11-AS1-20180127172328
2018-01-27 17:24:57.559;SQ;AS11-AS1-20180127172457
2018-01-27 17:25:28.023;RU;AS11-AS1-20180127172159
2018-01-27 17:25:30.797;VU;AS11-AS1-20180127172159
2018-01-27 17:25:37.166;RC;AS11-AS1-20180127172328
2018-01-27 17:25:38.015;SS;AS11-AS1-20180127172328
2018-01-27 17:26:10.136;RO;AS11-AS1-20180127172457
2018-01-27 17:26:11.000;SP;AS11-AS1-20180127172457
2018-01-27 17:26:12.665;SQ;AS11-AS1-20180127172612
2018-01-27 17:26:45.872;RC;AS11-AS1-20180127172457
2018-01-27 17:26:46.702;SS;AS11-AS1-20180127172457
2018-01-27 17:27:02.649;RU;AS11-AS1-20180127172328
2018-01-27 17:27:05.328;VU;AS11-AS1-20180127172328
2018-01-27 17:28:00.954;RO;AS11-AS1-20180127172612
2018-01-27 17:28:02.130;SP;AS11-AS1-20180127172612
2018-01-27 17:28:03.811;SQ;AS11-AS1-20180127172803
2018-01-27 17:28:14.222;RU;AS11-AS1-20180127172457
2018-01-27 17:28:16.034;VU;AS11-AS1-20180127172457
2018-01-27 17:28:45.811;RC;AS11-AS1-20180127172612
2018-01-27 17:28:46.653;SS;AS11-AS1-20180127172612
2018-01-27 17:29:26.261;RO;AS11-AS1-20180127172803
2018-01-27 17:29:27.225;SP;AS11-AS1-20180127172803
2018-01-27 17:29:28.856;SQ;AS11-AS1-20180127172928
2018-01-27 17:30:12.155;RC;AS11-AS1-20180127172803
2018-01-27 17:30:13.005;SS;AS11-AS1-20180127172803
2018-01-27 17:30:20.595;RU;AS11-AS1-20180127172612
2018-01-27 17:30:22.444;VU;AS11-AS1-20180127172612
2018-01-27 17:30:50.694;RO;AS11-AS1-20180127172928
2018-01-27 17:30:51.779;SP;AS11-AS1-20180127172928
2018-01-27 17:30:53.618;SQ;AS11-AS1-20180127173053
2018-01-27 17:31:36.863;RU;AS11-AS1-20180127172803
2018-01-27 17:31:37.536;RC;AS11-AS1-20180127172928
2018-01-27 17:31:38.488;SS;AS11-AS1-20180127172928
2018-01-27 17:31:38.792;VU;AS11-AS1-20180127172803
2018-01-27 17:32:12.819;RO;AS11-AS1-20180127173053
2018-01-27 17:32:15.024;SP;AS11-AS1-20180127173053
2018-01-27 17:32:16.707;SQ;AS11-AS1-20180127173216
2018-01-27 17:32:52.732;RC;AS11-AS1-20180127173053
2018-01-27 17:32:53.550;SS;AS11-AS1-20180127173053
2018-01-27 17:33:09.106;RU;AS11-AS1-20180127172928
2018-01-27 17:33:10.966;VU;AS11-AS1-20180127172928
2018-01-27 17:33:29.751;RO;AS11-AS1-20180127173216
2018-01-27 17:33:30.615;SP;AS11-AS1-20180127173216
2018-01-27 17:33:32.999;SQ;AS11-AS1-20180127173332
2018-01-27 17:34:14.760;RU;AS11-AS1-20180127173053
2018-01-27 17:34:15.810;RC;AS11-AS1-20180127173216
2018-01-27 17:34:16.605;VU;AS11-AS1-20180127173053
2018-01-27 17:34:16.652;SS;AS11-AS1-20180127173216
2018-01-27 17:34:59.556;RO;AS11-AS1-20180127173332
2018-01-27 17:35:00.429;SP;AS11-AS1-20180127173332
2018-01-27 17:35:02.136;SQ;AS11-AS1-20180127173502
2018-01-27 17:35:18.814;RU;AS11-AS1-20180127173216
2018-01-27 17:35:46.709;RC;AS11-AS1-20180127173332
2018-01-27 17:35:47.596;SS;AS11-AS1-20180127173332
2018-01-27 17:36:12.855;RO;AS11-AS1-20180127173502
2018-01-27 17:36:14.123;SP;AS11-AS1-20180127173502
2018-01-27 17:36:16.643;SQ;AS11-AS1-20180127173616
2018-01-27 17:36:55.859;RC;AS11-AS1-20180127173502
2018-01-27 17:36:56.946;SS;AS11-AS1-20180127173502
2018-01-27 17:37:07.979;RU;AS11-AS1-20180127173332
2018-01-27 17:37:10.755;VU;AS11-AS1-20180127173332
2018-01-27 17:37:31.691;RO;AS11-AS1-20180127173616
2018-01-27 17:37:33.312;SP;AS11-AS1-20180127173616
2018-01-27 17:37:35.815;SQ;AS11-AS1-20180127173735
2018-01-27 17:38:09.007;RC;AS11-AS1-20180127173616
2018-01-27 17:38:11.475;SS;AS11-AS1-20180127173616
2018-01-27 17:38:19.001;RU;AS11-AS1-20180127173502
2018-01-27 17:38:21.202;VU;AS11-AS1-20180127173502
2018-01-27 17:38:50.507;RO;AS11-AS1-20180127173735
2018-01-27 17:38:51.899;SP;AS11-AS1-20180127173735
2018-01-27 17:38:54.212;SQ;AS11-AS1-20180127173854
2018-01-27 17:39:36.373;RU;AS11-AS1-20180127173616
2018-01-27 17:39:36.373;RC;AS11-AS1-20180127173735
2018-01-27 17:39:38.538;SS;AS11-AS1-20180127173735
2018-01-27 17:39:39.538;VU;AS11-AS1-20180127173616
2018-01-27 17:40:11.901;RO;AS11-AS1-20180127173854
2018-01-27 17:40:13.522;SP;AS11-AS1-20180127173854
2018-01-27 17:40:15.915;SQ;AS11-AS1-20180127174015
2018-01-27 17:40:50.572;RC;AS11-AS1-20180127173854
2018-01-27 17:40:52.100;SS;AS11-AS1-20180127173854
2018-01-27 17:41:15.876;RU;AS11-AS1-20180127173735
2018-01-27 17:41:18.241;VU;AS11-AS1-20180127173735
2018-01-27 17:41:37.359;RO;AS11-AS1-20180127174015
2018-01-27 17:41:38.940;SP;AS11-AS1-20180127174015
2018-01-27 17:41:41.278;SQ;AS11-AS1-20180127174141
2018-01-27 17:42:17.117;RU;AS11-AS1-20180127173854
2018-01-27 17:42:18.954;RC;AS11-AS1-20180127174015
2018-01-27 17:42:19.384;VU;AS11-AS1-20180127173854
2018-01-27 17:42:19.771;SS;AS11-AS1-20180127174015
2018-01-27 17:43:32.337;RO;AS11-AS1-20180127174141
2018-01-27 17:43:33.948;SP;AS11-AS1-20180127174141
2018-01-27 17:43:36.462;SQ;AS11-AS1-20180127174336
2018-01-27 17:43:46.985;RU;AS11-AS1-20180127174015
2018-01-27 17:43:49.035;VU;AS11-AS1-20180127174015
2018-01-27 17:44:19.118;RC;AS11-AS1-20180127174141
2018-01-27 17:44:20.522;SS;AS11-AS1-20180127174141
2018-01-27 17:44:55.889;RO;AS11-AS1-20180127174336
2018-01-27 17:44:58.809;SP;AS11-AS1-20180127174336
2018-01-27 17:45:01.704;SQ;AS11-AS1-20180127174501
2018-01-27 17:45:39.845;RU;AS11-AS1-20180127174141
2018-01-27 17:45:42.090;VU;AS11-AS1-20180127174141
2018-01-27 17:45:43.368;RC;AS11-AS1-20180127174336
2018-01-27 17:45:45.988;SS;AS11-AS1-20180127174336
2018-01-27 17:46:08.230;RO;AS11-AS1-20180127174501
2018-01-27 17:46:09.899;SP;AS11-AS1-20180127174501
2018-01-27 17:46:12.448;SQ;AS11-AS1-20180127174612
2018-01-27 17:46:55.810;RC;AS11-AS1-20180127174501
2018-01-27 17:46:57.494;SS;AS11-AS1-20180127174501
2018-01-27 17:47:11.039;RU;AS11-AS1-20180127174336
2018-01-27 17:47:13.043;VU;AS11-AS1-20180127174336
2018-01-27 17:47:32.342;RO;AS11-AS1-20180127174612
2018-01-27 17:47:34.235;SP;AS11-AS1-20180127174612
2018-01-27 17:47:38.418;SQ;AS11-AS1-20180127174738
2018-01-27 17:48:12.446;RC;AS11-AS1-20180127174612
2018-01-27 17:48:13.647;SS;AS11-AS1-20180127174612
2018-01-27 17:48:18.640;RU;AS11-AS1-20180127174501
2018-01-27 17:48:22.132;VU;AS11-AS1-20180127174501
2018-01-27 17:49:01.494;RO;AS11-AS1-20180127174738
2018-01-27 17:49:02.648;SP;AS11-AS1-20180127174738
2018-01-27 17:49:05.204;SQ;AS11-AS1-20180127174905
2018-01-27 17:49:20.458;RU;AS11-AS1-20180127174612
2018-01-27 17:49:22.282;VU;AS11-AS1-20180127174612
2018-01-27 17:49:39.615;RC;AS11-AS1-20180127174738
2018-01-27 17:49:40.534;SS;AS11-AS1-20180127174738
2018-01-27 17:50:51.835;RU;AS11-AS1-20180127174738
2018-01-27 17:50:53.639;RO;AS11-AS1-20180127174905
2018-01-27 17:50:54.376;VU;AS11-AS1-20180127174738
2018-01-27 17:50:55.151;SP;AS11-AS1-20180127174905
2018-01-27 17:50:59.467;SQ;AS11-AS1-20180127175059
2018-01-27 17:52:06.463;RO;AS11-AS1-20180127175059
2018-01-27 17:52:07.173;RC;AS11-AS1-20180127174905
2018-01-27 17:52:07.598;SP;AS11-AS1-20180127175059
2018-01-27 17:52:09.546;SS;AS11-AS1-20180127174905
2018-01-27 17:52:10.871;SQ;AS11-AS1-20180127175210
2018-01-27 17:52:45.557;RC;AS11-AS1-20180127175059
2018-01-27 17:52:47.420;SS;AS11-AS1-20180127175059
2018-01-27 17:53:29.555;RO;AS11-AS1-20180127175210
2018-01-27 17:53:30.839;SP;AS11-AS1-20180127175210
2018-01-27 17:53:35.075;SQ;AS11-AS1-20180127175335
2018-01-27 17:53:35.566;RU;AS11-AS1-20180127174905
2018-01-27 17:53:37.618;VU;AS11-AS1-20180127174905
2018-01-27 17:54:06.659;RC;AS11-AS1-20180127175210
2018-01-27 17:54:07.491;SS;AS11-AS1-20180127175210
2018-01-27 17:54:12.236;RU;AS11-AS1-20180127175059
2018-01-27 17:54:14.067;VU;AS11-AS1-20180127175059
2018-01-27 17:54:52.775;RO;AS11-AS1-20180127175335
2018-01-27 17:54:54.123;SP;AS11-AS1-20180127175335
2018-01-27 17:54:56.507;SQ;AS11-AS1-20180127175456
2018-01-27 17:55:25.261;RU;AS11-AS1-20180127175210
2018-01-27 17:55:27.491;VU;AS11-AS1-20180127175210
2018-01-27 17:55:32.936;RC;AS11-AS1-20180127175335
2018-01-27 17:55:34.070;SS;AS11-AS1-20180127175335
2018-01-27 17:56:14.451;RO;AS11-AS1-20180127175456
2018-01-27 17:56:16.155;SP;AS11-AS1-20180127175456
2018-01-27 17:56:18.676;SQ;AS11-AS1-20180127175618
2018-01-27 17:57:02.493;RC;AS11-AS1-20180127175456
2018-01-27 17:57:02.505;RU;AS11-AS1-20180127175335
2018-01-27 17:57:04.692;SS;AS11-AS1-20180127175456
2018-01-27 17:57:05.693;VU;AS11-AS1-20180127175335
2018-01-27 17:57:37.324;RO;AS11-AS1-20180127175618
2018-01-27 17:57:38.845;SP;AS11-AS1-20180127175618
2018-01-27 17:57:43.180;SQ;AS11-AS1-20180127175743
2018-01-27 17:58:16.942;RC;AS11-AS1-20180127175618
2018-01-27 17:58:17.777;SS;AS11-AS1-20180127175618
2018-01-27 17:58:27.342;RU;AS11-AS1-20180127175456
2018-01-27 17:58:30.645;VU;AS11-AS1-20180127175456
2018-01-27 17:58:53.483;RO;AS11-AS1-20180127175743
2018-01-27 17:58:55.206;SP;AS11-AS1-20180127175743
2018-01-27 17:58:58.148;SQ;AS11-AS1-20180127175858
2018-01-27 17:59:29.766;RU;AS11-AS1-20180127175618
2018-01-27 17:59:30.458;RC;AS11-AS1-20180127175743
2018-01-27 17:59:33.267;VU;AS11-AS1-20180127175618
2018-01-27 17:59:33.298;SS;AS11-AS1-20180127175743
2018-01-27 18:00:14.353;RO;AS11-AS1-20180127175858
2018-01-27 18:00:17.225;SP;AS11-AS1-20180127175858
2018-01-27 18:00:28.957;RU;AS11-AS1-20180127175743
2018-01-27 18:00:30.858;VU;AS11-AS1-20180127175743
2018-01-27 18:00:38.770;RC;AS11-AS1-20180127175858
2018-01-27 18:00:39.702;SS;AS11-AS1-20180127175858
2018-01-27 18:01:05.470;RU;AS11-AS1-20180127175858
2018-01-27 18:01:11.586;VU;AS11-AS1-20180127175858
