2018-01-27 17:18:32.036;SQ;AS112-AS1-20180127171832
2018-01-27 17:18:54.437;RO;AS112-AS1-20180127171832
2018-01-27 17:18:55.414;SP;AS112-AS1-20180127171832
2018-01-27 17:18:57.374;SQ;AS112-AS1-20180127171857
2018-01-27 17:19:18.947;RC;AS112-AS1-20180127171832
2018-01-27 17:19:19.796;SS;AS112-AS1-20180127171832
2018-01-27 17:19:49.354;RO;AS112-AS1-20180127171857
2018-01-27 17:19:50.303;SP;AS112-AS1-20180127171857
2018-01-27 17:19:52.009;SQ;AS112-AS1-20180127171952
2018-01-27 17:20:21.795;RU;AS112-AS1-20180127171832
2018-01-27 17:20:23.643;VU;AS112-AS1-20180127171832
2018-01-27 17:20:24.036;RC;AS112-AS1-20180127171857
2018-01-27 17:20:24.902;SS;AS112-AS1-20180127171857
2018-01-27 17:21:07.729;RO;AS112-AS1-20180127171952
2018-01-27 17:21:08.940;SP;AS112-AS1-20180127171952
2018-01-27 17:21:10.678;SQ;AS112-AS1-20180127172110
2018-01-27 17:21:47.641;RU;AS112-AS1-20180127171857
2018-01-27 17:21:49.504;VU;AS112-AS1-20180127171857
2018-01-27 17:21:53.119;RC;AS112-AS1-20180127171952
2018-01-27 17:21:53.967;SS;AS112-AS1-20180127171952
2018-01-27 17:22:32.393;RO;AS112-AS1-20180127172110
2018-01-27 17:22:33.640;SP;AS112-AS1-20180127172110
2018-01-27 17:22:35.370;SQ;AS112-AS1-20180127172235
2018-01-27 17:23:09.892;RC;AS112-AS1-20180127172110
2018-01-27 17:23:10.762;SS;AS112-AS1-20180127172110
2018-01-27 17:23:22.255;RU;AS112-AS1-20180127171952
2018-01-27 17:23:24.103;VU;AS112-AS1-20180127171952
2018-01-27 17:23:51.307;RO;AS112-AS1-20180127172235
2018-01-27 17:23:52.295;SP;AS112-AS1-20180127172235
2018-01-27 17:23:53.990;SQ;AS112-AS1-20180127172353
2018-01-27 17:24:33.614;RC;AS112-AS1-20180127172235
2018-01-27 17:24:34.494;SS;AS112-AS1-20180127172235
2018-01-27 17:24:38.350;RU;AS112-AS1-20180127172110
2018-01-27 17:24:40.220;VU;AS112-AS1-20180127172110
2018-01-27 17:25:14.915;RO;AS112-AS1-20180127172353
2018-01-27 17:25:15.949;SP;AS112-AS1-20180127172353
2018-01-27 17:25:17.667;SQ;AS112-AS1-20180127172517
2018-01-27 17:25:54.447;RU;AS112-AS1-20180127172235
2018-01-27 17:25:56.300;VU;AS112-AS1-20180127172235
2018-01-27 17:25:59.791;RC;AS112-AS1-20180127172353
2018-01-27 17:26:00.664;SS;AS112-AS1-20180127172353
2018-01-27 17:27:09.333;RO;AS112-AS1-20180127172517
2018-01-27 17:27:10.663;SP;AS112-AS1-20180127172517
2018-01-27 17:27:12.365;SQ;AS112-AS1-20180127172712
2018-01-27 17:27:16.485;RU;AS112-AS1-20180127172353
2018-01-27 17:27:18.331;VU;AS112-AS1-20180127172353
2018-01-27 17:27:34.708;RC;AS112-AS1-20180127172517
2018-01-27 17:27:36.160;SS;AS112-AS1-20180127172517
2018-01-27 17:28:31.081;RO;AS112-AS1-20180127172712
2018-01-27 17:28:32.312;SP;AS112-AS1-20180127172712
2018-01-27 17:28:34.036;SQ;AS112-AS1-20180127172834
2018-01-27 17:28:58.656;RU;AS112-AS1-20180127172517
2018-01-27 17:29:00.511;VU;AS112-AS1-20180127172517
2018-01-27 17:29:18.476;RC;AS112-AS1-20180127172712
2018-01-27 17:29:19.322;SS;AS112-AS1-20180127172712
2018-01-27 17:29:58.976;RO;AS112-AS1-20180127172834
2018-01-27 17:29:59.982;SP;AS112-AS1-20180127172834
2018-01-27 17:30:01.688;SQ;AS112-AS1-20180127173001
2018-01-27 17:30:36.001;RC;AS112-AS1-20180127172834
2018-01-27 17:30:36.867;SS;AS112-AS1-20180127172834
2018-01-27 17:30:50.562;RU;AS112-AS1-20180127172712
2018-01-27 17:30:52.428;VU;AS112-AS1-20180127172712
2018-01-27 17:31:28.790;RO;AS112-AS1-20180127173001
2018-01-27 17:31:30.167;SP;AS112-AS1-20180127173001
2018-01-27 17:31:31.877;SQ;AS112-AS1-20180127173131
2018-01-27 17:31:53.718;RU;AS112-AS1-20180127172834
2018-01-27 17:32:06.782;RC;AS112-AS1-20180127173001
2018-01-27 17:32:07.623;SS;AS112-AS1-20180127173001
2018-01-27 17:32:52.373;RO;AS112-AS1-20180127173131
2018-01-27 17:32:53.781;SP;AS112-AS1-20180127173131
2018-01-27 17:32:56.217;SQ;AS112-AS1-20180127173256
2018-01-27 17:33:37.778;RC;AS112-AS1-20180127173131
2018-01-27 17:33:38.842;SS;AS112-AS1-20180127173131
2018-01-27 17:34:13.128;RU;AS112-AS1-20180127173001
2018-01-27 17:34:14.971;VU;AS112-AS1-20180127173001
2018-01-27 17:34:17.601;RO;AS112-AS1-20180127173256
2018-01-27 17:34:20.881;SP;AS112-AS1-20180127173256
2018-01-27 17:34:23.447;SQ;AS112-AS1-20180127173423
2018-01-27 17:35:02.774;RU;AS112-AS1-20180127173131
2018-01-27 17:35:03.599;RC;AS112-AS1-20180127173256
2018-01-27 17:35:04.771;VU;AS112-AS1-20180127173131
2018-01-27 17:35:06.986;SS;AS112-AS1-20180127173256
2018-01-27 17:35:56.813;RO;AS112-AS1-20180127173423
2018-01-27 17:35:58.830;SP;AS112-AS1-20180127173423
2018-01-27 17:36:01.308;SQ;AS112-AS1-20180127173601
2018-01-27 17:36:14.911;RU;AS112-AS1-20180127173256
2018-01-27 17:36:16.923;VU;AS112-AS1-20180127173256
2018-01-27 17:36:45.535;RC;AS112-AS1-20180127173423
2018-01-27 17:36:46.979;SS;AS112-AS1-20180127173423
2018-01-27 17:37:16.453;RO;AS112-AS1-20180127173601
2018-01-27 17:37:18.339;SP;AS112-AS1-20180127173601
2018-01-27 17:37:20.729;SQ;AS112-AS1-20180127173720
2018-01-27 17:37:54.987;RC;AS112-AS1-20180127173601
2018-01-27 17:37:56.186;SS;AS112-AS1-20180127173601
2018-01-27 17:38:08.240;RU;AS112-AS1-20180127173423
2018-01-27 17:38:10.371;VU;AS112-AS1-20180127173423
2018-01-27 17:38:42.357;RO;AS112-AS1-20180127173720
2018-01-27 17:38:44.652;SP;AS112-AS1-20180127173720
2018-01-27 17:38:47.123;SQ;AS112-AS1-20180127173847
2018-01-27 17:39:19.593;RU;AS112-AS1-20180127173601
2018-01-27 17:39:21.661;VU;AS112-AS1-20180127173601
2018-01-27 17:40:05.710;RC;AS112-AS1-20180127173720
2018-01-27 17:40:07.247;SS;AS112-AS1-20180127173720
2018-01-27 17:40:12.694;RO;AS112-AS1-20180127173847
2018-01-27 17:40:13.708;SP;AS112-AS1-20180127173847
2018-01-27 17:40:16.248;SQ;AS112-AS1-20180127174016
2018-01-27 17:40:57.281;RC;AS112-AS1-20180127173847
2018-01-27 17:40:58.666;SS;AS112-AS1-20180127173847
2018-01-27 17:41:31.102;RO;AS112-AS1-20180127174016
2018-01-27 17:41:32.161;RU;AS112-AS1-20180127173720
2018-01-27 17:41:32.755;SP;AS112-AS1-20180127174016
2018-01-27 17:41:36.091;VU;AS112-AS1-20180127173720
2018-01-27 17:41:37.753;SQ;AS112-AS1-20180127174137
2018-01-27 17:42:14.499;RU;AS112-AS1-20180127173847
2018-01-27 17:42:14.847;RC;AS112-AS1-20180127174016
2018-01-27 17:42:16.962;SS;AS112-AS1-20180127174016
2018-01-27 17:42:17.727;VU;AS112-AS1-20180127173847
2018-01-27 17:43:15.415;RO;AS112-AS1-20180127174137
2018-01-27 17:43:17.238;SP;AS112-AS1-20180127174137
2018-01-27 17:43:19.844;SQ;AS112-AS1-20180127174319
2018-01-27 17:44:06.641;RC;AS112-AS1-20180127174137
2018-01-27 17:44:07.779;SS;AS112-AS1-20180127174137
2018-01-27 17:44:19.107;RU;AS112-AS1-20180127174016
2018-01-27 17:44:20.958;VU;AS112-AS1-20180127174016
2018-01-27 17:44:50.128;RO;AS112-AS1-20180127174319
2018-01-27 17:44:51.485;SP;AS112-AS1-20180127174319
2018-01-27 17:44:54.009;SQ;AS112-AS1-20180127174454
2018-01-27 17:45:30.500;RC;AS112-AS1-20180127174319
2018-01-27 17:45:31.839;SS;AS112-AS1-20180127174319
2018-01-27 17:46:06.868;RO;AS112-AS1-20180127174454
2018-01-27 17:46:08.504;SP;AS112-AS1-20180127174454
2018-01-27 17:46:09.284;RU;AS112-AS1-20180127174137
2018-01-27 17:46:12.340;VU;AS112-AS1-20180127174137
2018-01-27 17:46:12.341;SQ;AS112-AS1-20180127174612
2018-01-27 17:46:46.326;RC;AS112-AS1-20180127174454
2018-01-27 17:46:49.057;SS;AS112-AS1-20180127174454
2018-01-27 17:46:55.680;RU;AS112-AS1-20180127174319
2018-01-27 17:46:58.370;VU;AS112-AS1-20180127174319
2018-01-27 17:47:31.658;RO;AS112-AS1-20180127174612
2018-01-27 17:47:33.880;SP;AS112-AS1-20180127174612
2018-01-27 17:47:38.370;SQ;AS112-AS1-20180127174738
2018-01-27 17:48:12.725;RU;AS112-AS1-20180127174454
2018-01-27 17:48:14.867;VU;AS112-AS1-20180127174454
2018-01-27 17:48:19.655;RC;AS112-AS1-20180127174612
2018-01-27 17:48:22.375;SS;AS112-AS1-20180127174612
2018-01-27 17:48:48.543;RO;AS112-AS1-20180127174738
2018-01-27 17:48:50.399;SP;AS112-AS1-20180127174738
2018-01-27 17:48:54.668;SQ;AS112-AS1-20180127174854
2018-01-27 17:49:31.806;RC;AS112-AS1-20180127174738
2018-01-27 17:49:33.080;SS;AS112-AS1-20180127174738
2018-01-27 17:49:35.483;RU;AS112-AS1-20180127174612
2018-01-27 17:49:37.355;VU;AS112-AS1-20180127174612
2018-01-27 17:50:19.479;RO;AS112-AS1-20180127174854
2018-01-27 17:50:21.386;SP;AS112-AS1-20180127174854
2018-01-27 17:50:24.001;SQ;AS112-AS1-20180127175024
2018-01-27 17:50:55.355;RU;AS112-AS1-20180127174738
2018-01-27 17:50:58.409;VU;AS112-AS1-20180127174738
2018-01-27 17:51:04.698;RC;AS112-AS1-20180127174854
2018-01-27 17:51:05.650;SS;AS112-AS1-20180127174854
2018-01-27 17:51:31.677;RO;AS112-AS1-20180127175024
2018-01-27 17:51:33.041;SP;AS112-AS1-20180127175024
2018-01-27 17:51:35.569;SQ;AS112-AS1-20180127175135
2018-01-27 17:52:10.355;RC;AS112-AS1-20180127175024
2018-01-27 17:52:11.389;SS;AS112-AS1-20180127175024
2018-01-27 17:52:52.598;RO;AS112-AS1-20180127175135
2018-01-27 17:52:53.963;SP;AS112-AS1-20180127175135
2018-01-27 17:52:56.604;SQ;AS112-AS1-20180127175256
2018-01-27 17:53:11.322;RU;AS112-AS1-20180127174854
2018-01-27 17:53:13.891;VU;AS112-AS1-20180127174854
2018-01-27 17:53:26.517;RU;AS112-AS1-20180127175024
2018-01-27 17:53:28.627;VU;AS112-AS1-20180127175024
2018-01-27 17:54:12.777;RC;AS112-AS1-20180127175135
2018-01-27 17:54:14.419;SS;AS112-AS1-20180127175135
2018-01-27 17:54:17.647;RO;AS112-AS1-20180127175256
2018-01-27 17:54:20.793;SP;AS112-AS1-20180127175256
2018-01-27 17:54:23.221;SQ;AS112-AS1-20180127175423
2018-01-27 17:54:59.586;RC;AS112-AS1-20180127175256
2018-01-27 17:55:01.312;SS;AS112-AS1-20180127175256
2018-01-27 17:55:25.188;RU;AS112-AS1-20180127175135
2018-01-27 17:55:27.135;VU;AS112-AS1-20180127175135
2018-01-27 17:55:39.661;RO;AS112-AS1-20180127175423
2018-01-27 17:55:41.259;SP;AS112-AS1-20180127175423
2018-01-27 17:55:43.677;SQ;AS112-AS1-20180127175543
2018-01-27 17:56:14.708;RU;AS112-AS1-20180127175256
2018-01-27 17:56:17.458;VU;AS112-AS1-20180127175256
2018-01-27 17:56:54.487;RO;AS112-AS1-20180127175543
2018-01-27 17:56:54.567;RC;AS112-AS1-20180127175423
2018-01-27 17:56:57.520;SP;AS112-AS1-20180127175543
2018-01-27 17:56:57.520;SS;AS112-AS1-20180127175423
2018-01-27 17:57:00.149;SQ;AS112-AS1-20180127175700
2018-01-27 17:57:39.421;RC;AS112-AS1-20180127175543
2018-01-27 17:57:42.032;SS;AS112-AS1-20180127175543
2018-01-27 17:58:09.802;RO;AS112-AS1-20180127175700
2018-01-27 17:58:10.844;RU;AS112-AS1-20180127175423
2018-01-27 17:58:13.576;SP;AS112-AS1-20180127175700
2018-01-27 17:58:15.053;VU;AS112-AS1-20180127175423
2018-01-27 17:58:16.289;SQ;AS112-AS1-20180127175816
2018-01-27 17:58:58.200;RU;AS112-AS1-20180127175543
2018-01-27 17:59:01.398;VU;AS112-AS1-20180127175543
2018-01-27 17:59:25.579;RC;AS112-AS1-20180127175700
2018-01-27 17:59:25.883;RO;AS112-AS1-20180127175816
2018-01-27 17:59:27.397;SS;AS112-AS1-20180127175700
2018-01-27 17:59:28.214;SP;AS112-AS1-20180127175816
2018-01-27 18:00:01.375;RC;AS112-AS1-20180127175816
2018-01-27 18:00:03.864;SS;AS112-AS1-20180127175816
2018-01-27 18:00:23.750;RU;AS112-AS1-20180127175700
2018-01-27 18:00:25.710;VU;AS112-AS1-20180127175700
2018-01-27 18:00:47.293;RU;AS112-AS1-20180127175816
2018-01-27 18:00:49.850;VU;AS112-AS1-20180127175816
