2018-01-27 17:18:46.588;SQ;AS110-AS1-20180127171846
2018-01-27 17:19:31.622;RO;AS110-AS1-20180127171846
2018-01-27 17:19:32.481;SP;AS110-AS1-20180127171846
2018-01-27 17:19:34.144;SQ;AS110-AS1-20180127171934
2018-01-27 17:20:01.989;RC;AS110-AS1-20180127171846
2018-01-27 17:20:02.824;SS;AS110-AS1-20180127171846
2018-01-27 17:20:43.789;RO;AS110-AS1-20180127171934
2018-01-27 17:20:45.084;SP;AS110-AS1-20180127171934
2018-01-27 17:20:46.760;SQ;AS110-AS1-20180127172046
2018-01-27 17:21:19.320;RC;AS110-AS1-20180127171934
2018-01-27 17:21:20.635;SS;AS110-AS1-20180127171934
2018-01-27 17:21:28.016;RU;AS110-AS1-20180127171846
2018-01-27 17:21:29.866;VU;AS110-AS1-20180127171846
2018-01-27 17:22:09.464;RO;AS110-AS1-20180127172046
2018-01-27 17:22:10.701;SP;AS110-AS1-20180127172046
2018-01-27 17:22:12.398;SQ;AS110-AS1-20180127172212
2018-01-27 17:22:46.962;RU;AS110-AS1-20180127171934
2018-01-27 17:22:48.797;VU;AS110-AS1-20180127171934
2018-01-27 17:22:50.029;RC;AS110-AS1-20180127172046
2018-01-27 17:22:50.855;SS;AS110-AS1-20180127172046
2018-01-27 17:23:37.064;RO;AS110-AS1-20180127172212
2018-01-27 17:23:38.314;SP;AS110-AS1-20180127172212
2018-01-27 17:23:40.320;SQ;AS110-AS1-20180127172340
2018-01-27 17:24:21.296;RU;AS110-AS1-20180127172046
2018-01-27 17:24:23.134;VU;AS110-AS1-20180127172046
2018-01-27 17:24:24.642;RC;AS110-AS1-20180127172212
2018-01-27 17:24:25.454;SS;AS110-AS1-20180127172212
2018-01-27 17:24:58.308;RO;AS110-AS1-20180127172340
2018-01-27 17:24:59.519;SP;AS110-AS1-20180127172340
2018-01-27 17:25:01.195;SQ;AS110-AS1-20180127172501
2018-01-27 17:25:41.625;RC;AS110-AS1-20180127172340
2018-01-27 17:25:42.482;SS;AS110-AS1-20180127172340
2018-01-27 17:25:46.774;RU;AS110-AS1-20180127172212
2018-01-27 17:25:48.625;VU;AS110-AS1-20180127172212
2018-01-27 17:26:18.111;RO;AS110-AS1-20180127172501
2018-01-27 17:26:19.426;SP;AS110-AS1-20180127172501
2018-01-27 17:26:21.105;SQ;AS110-AS1-20180127172621
2018-01-27 17:27:04.648;RC;AS110-AS1-20180127172501
2018-01-27 17:27:05.505;SS;AS110-AS1-20180127172501
2018-01-27 17:27:11.979;RU;AS110-AS1-20180127172340
2018-01-27 17:27:13.808;VU;AS110-AS1-20180127172340
2018-01-27 17:27:42.435;RO;AS110-AS1-20180127172621
2018-01-27 17:27:43.529;SP;AS110-AS1-20180127172621
2018-01-27 17:27:45.176;SQ;AS110-AS1-20180127172745
2018-01-27 17:28:18.322;RC;AS110-AS1-20180127172621
2018-01-27 17:28:19.175;SS;AS110-AS1-20180127172621
2018-01-27 17:28:32.093;RU;AS110-AS1-20180127172501
2018-01-27 17:28:33.952;VU;AS110-AS1-20180127172501
2018-01-27 17:29:00.952;RO;AS110-AS1-20180127172745
2018-01-27 17:29:02.112;SP;AS110-AS1-20180127172745
2018-01-27 17:29:03.786;SQ;AS110-AS1-20180127172903
2018-01-27 17:29:34.291;RC;AS110-AS1-20180127172745
2018-01-27 17:29:35.109;SS;AS110-AS1-20180127172745
2018-01-27 17:29:48.475;RU;AS110-AS1-20180127172621
2018-01-27 17:29:50.300;VU;AS110-AS1-20180127172621
2018-01-27 17:30:22.160;RO;AS110-AS1-20180127172903
2018-01-27 17:30:23.618;SP;AS110-AS1-20180127172903
2018-01-27 17:30:26.389;SQ;AS110-AS1-20180127173026
2018-01-27 17:31:02.116;RU;AS110-AS1-20180127172745
2018-01-27 17:31:03.940;VU;AS110-AS1-20180127172745
2018-01-27 17:31:10.603;RC;AS110-AS1-20180127172903
2018-01-27 17:31:12.064;SS;AS110-AS1-20180127172903
2018-01-27 17:31:37.515;RO;AS110-AS1-20180127173026
2018-01-27 17:31:38.805;SP;AS110-AS1-20180127173026
2018-01-27 17:31:40.456;SQ;AS110-AS1-20180127173140
2018-01-27 17:32:15.743;RC;AS110-AS1-20180127173026
2018-01-27 17:32:16.564;SS;AS110-AS1-20180127173026
2018-01-27 17:32:32.858;RU;AS110-AS1-20180127172903
2018-01-27 17:32:34.688;VU;AS110-AS1-20180127172903
2018-01-27 17:33:34.598;RU;AS110-AS1-20180127173026
2018-01-27 17:33:36.443;VU;AS110-AS1-20180127173026
2018-01-27 17:33:41.658;RO;AS110-AS1-20180127173140
2018-01-27 17:33:42.903;SP;AS110-AS1-20180127173140
2018-01-27 17:33:44.548;SQ;AS110-AS1-20180127173344
2018-01-27 17:34:18.318;RC;AS110-AS1-20180127173140
2018-01-27 17:34:20.023;SS;AS110-AS1-20180127173140
2018-01-27 17:35:05.381;RO;AS110-AS1-20180127173344
2018-01-27 17:35:06.498;SP;AS110-AS1-20180127173344
2018-01-27 17:35:08.198;SQ;AS110-AS1-20180127173508
2018-01-27 17:35:46.697;RC;AS110-AS1-20180127173344
2018-01-27 17:35:47.520;SS;AS110-AS1-20180127173344
2018-01-27 17:36:12.037;RU;AS110-AS1-20180127173140
2018-01-27 17:36:13.856;VU;AS110-AS1-20180127173140
2018-01-27 17:36:30.035;RO;AS110-AS1-20180127173508
2018-01-27 17:36:31.127;SP;AS110-AS1-20180127173508
2018-01-27 17:36:32.765;SQ;AS110-AS1-20180127173632
2018-01-27 17:37:17.329;RC;AS110-AS1-20180127173508
2018-01-27 17:37:18.152;SS;AS110-AS1-20180127173508
2018-01-27 17:37:33.995;RU;AS110-AS1-20180127173344
2018-01-27 17:37:35.831;VU;AS110-AS1-20180127173344
2018-01-27 17:37:49.591;RO;AS110-AS1-20180127173632
2018-01-27 17:37:50.694;SP;AS110-AS1-20180127173632
2018-01-27 17:37:52.384;SQ;AS110-AS1-20180127173752
2018-01-27 17:38:36.257;RC;AS110-AS1-20180127173632
2018-01-27 17:38:37.118;SS;AS110-AS1-20180127173632
2018-01-27 17:38:38.814;RU;AS110-AS1-20180127173508
2018-01-27 17:38:40.633;VU;AS110-AS1-20180127173508
2018-01-27 17:39:19.537;RO;AS110-AS1-20180127173752
2018-01-27 17:39:20.819;SP;AS110-AS1-20180127173752
2018-01-27 17:39:22.461;SQ;AS110-AS1-20180127173922
2018-01-27 17:39:46.255;RU;AS110-AS1-20180127173632
2018-01-27 17:39:48.115;VU;AS110-AS1-20180127173632
2018-01-27 17:40:04.949;RC;AS110-AS1-20180127173752
2018-01-27 17:40:05.800;SS;AS110-AS1-20180127173752
2018-01-27 17:40:31.148;RO;AS110-AS1-20180127173922
2018-01-27 17:40:32.750;SP;AS110-AS1-20180127173922
2018-01-27 17:40:35.671;SQ;AS110-AS1-20180127174035
2018-01-27 17:41:12.533;RC;AS110-AS1-20180127173922
2018-01-27 17:41:13.355;SS;AS110-AS1-20180127173922
2018-01-27 17:41:30.204;RU;AS110-AS1-20180127173752
2018-01-27 17:41:32.060;VU;AS110-AS1-20180127173752
2018-01-27 17:42:23.446;RU;AS110-AS1-20180127173922
2018-01-27 17:42:25.273;VU;AS110-AS1-20180127173922
2018-01-27 17:42:29.713;RO;AS110-AS1-20180127174035
2018-01-27 17:42:30.636;SP;AS110-AS1-20180127174035
2018-01-27 17:42:32.294;SQ;AS110-AS1-20180127174232
2018-01-27 17:43:06.808;RC;AS110-AS1-20180127174035
2018-01-27 17:43:08.564;SS;AS110-AS1-20180127174035
2018-01-27 17:43:46.987;RO;AS110-AS1-20180127174232
2018-01-27 17:43:48.219;SP;AS110-AS1-20180127174232
2018-01-27 17:43:49.884;SQ;AS110-AS1-20180127174349
2018-01-27 17:44:27.371;RU;AS110-AS1-20180127174035
2018-01-27 17:44:29.226;VU;AS110-AS1-20180127174035
2018-01-27 17:44:33.943;RC;AS110-AS1-20180127174232
2018-01-27 17:44:34.777;SS;AS110-AS1-20180127174232
2018-01-27 17:45:34.802;RO;AS110-AS1-20180127174349
2018-01-27 17:45:35.834;SP;AS110-AS1-20180127174349
2018-01-27 17:45:37.490;SQ;AS110-AS1-20180127174537
2018-01-27 17:45:51.568;RU;AS110-AS1-20180127174232
2018-01-27 17:45:53.388;VU;AS110-AS1-20180127174232
2018-01-27 17:46:22.668;RC;AS110-AS1-20180127174349
2018-01-27 17:46:23.499;SS;AS110-AS1-20180127174349
2018-01-27 17:47:11.071;RO;AS110-AS1-20180127174537
2018-01-27 17:47:11.947;SP;AS110-AS1-20180127174537
2018-01-27 17:47:13.599;SQ;AS110-AS1-20180127174713
2018-01-27 17:47:40.424;RU;AS110-AS1-20180127174349
2018-01-27 17:47:42.273;VU;AS110-AS1-20180127174349
2018-01-27 17:47:56.468;RC;AS110-AS1-20180127174537
2018-01-27 17:47:57.315;SS;AS110-AS1-20180127174537
2018-01-27 17:48:28.074;RO;AS110-AS1-20180127174713
2018-01-27 17:48:29.001;SP;AS110-AS1-20180127174713
2018-01-27 17:48:30.667;SQ;AS110-AS1-20180127174830
2018-01-27 17:49:07.648;RC;AS110-AS1-20180127174713
2018-01-27 17:49:09.125;SS;AS110-AS1-20180127174713
2018-01-27 17:49:15.945;RU;AS110-AS1-20180127174537
2018-01-27 17:49:17.773;VU;AS110-AS1-20180127174537
2018-01-27 17:50:02.635;RO;AS110-AS1-20180127174830
2018-01-27 17:50:03.583;SP;AS110-AS1-20180127174830
2018-01-27 17:50:05.249;SQ;AS110-AS1-20180127175005
2018-01-27 17:50:34.251;RU;AS110-AS1-20180127174713
2018-01-27 17:50:36.092;VU;AS110-AS1-20180127174713
2018-01-27 17:50:50.413;RC;AS110-AS1-20180127174830
2018-01-27 17:50:51.240;SS;AS110-AS1-20180127174830
2018-01-27 17:51:21.942;RO;AS110-AS1-20180127175005
2018-01-27 17:51:23.159;SP;AS110-AS1-20180127175005
2018-01-27 17:51:24.818;SQ;AS110-AS1-20180127175124
2018-01-27 17:52:06.196;RC;AS110-AS1-20180127175005
2018-01-27 17:52:07.031;SS;AS110-AS1-20180127175005
2018-01-27 17:52:12.333;RU;AS110-AS1-20180127174830
2018-01-27 17:52:14.158;VU;AS110-AS1-20180127174830
2018-01-27 17:52:52.520;RO;AS110-AS1-20180127175124
2018-01-27 17:52:53.730;SP;AS110-AS1-20180127175124
2018-01-27 17:52:55.397;SQ;AS110-AS1-20180127175255
2018-01-27 17:53:20.137;RU;AS110-AS1-20180127175005
2018-01-27 17:53:21.956;VU;AS110-AS1-20180127175005
2018-01-27 17:53:30.019;RC;AS110-AS1-20180127175124
2018-01-27 17:53:30.877;SS;AS110-AS1-20180127175124
2018-01-27 17:54:05.110;RO;AS110-AS1-20180127175255
2018-01-27 17:54:06.287;SP;AS110-AS1-20180127175255
2018-01-27 17:54:07.942;SQ;AS110-AS1-20180127175407
2018-01-27 17:54:43.405;RC;AS110-AS1-20180127175255
2018-01-27 17:54:44.224;SS;AS110-AS1-20180127175255
2018-01-27 17:54:50.092;RU;AS110-AS1-20180127175124
2018-01-27 17:54:51.940;VU;AS110-AS1-20180127175124
2018-01-27 17:55:22.888;RO;AS110-AS1-20180127175407
2018-01-27 17:55:23.885;SP;AS110-AS1-20180127175407
2018-01-27 17:55:25.522;SQ;AS110-AS1-20180127175525
2018-01-27 17:56:07.719;RC;AS110-AS1-20180127175407
2018-01-27 17:56:08.490;RU;AS110-AS1-20180127175255
2018-01-27 17:56:08.615;SS;AS110-AS1-20180127175407
2018-01-27 17:56:10.398;VU;AS110-AS1-20180127175255
2018-01-27 17:56:49.286;RO;AS110-AS1-20180127175525
2018-01-27 17:56:50.483;SP;AS110-AS1-20180127175525
2018-01-27 17:56:52.133;SQ;AS110-AS1-20180127175652
2018-01-27 17:57:23.559;RC;AS110-AS1-20180127175525
2018-01-27 17:57:24.574;SS;AS110-AS1-20180127175525
2018-01-27 17:57:27.403;RU;AS110-AS1-20180127175407
2018-01-27 17:57:29.238;VU;AS110-AS1-20180127175407
2018-01-27 17:58:10.755;RO;AS110-AS1-20180127175652
2018-01-27 17:58:12.063;SP;AS110-AS1-20180127175652
2018-01-27 17:58:13.741;SQ;AS110-AS1-20180127175813
2018-01-27 17:58:43.636;RU;AS110-AS1-20180127175525
2018-01-27 17:58:44.787;RC;AS110-AS1-20180127175652
2018-01-27 17:58:45.484;VU;AS110-AS1-20180127175525
2018-01-27 17:58:45.612;SS;AS110-AS1-20180127175652
2018-01-27 17:59:28.635;RO;AS110-AS1-20180127175813
2018-01-27 17:59:30.570;SP;AS110-AS1-20180127175813
2018-01-27 17:59:32.654;SQ;AS110-AS1-20180127175932
2018-01-27 17:59:57.540;RU;AS110-AS1-20180127175652
2018-01-27 17:59:59.377;VU;AS110-AS1-20180127175652
2018-01-27 18:00:02.423;RC;AS110-AS1-20180127175813
2018-01-27 18:00:03.236;SS;AS110-AS1-20180127175813
2018-01-27 18:00:21.863;RO;AS110-AS1-20180127175932
2018-01-27 18:00:23.033;SP;AS110-AS1-20180127175932
2018-01-27 18:00:41.559;RC;AS110-AS1-20180127175932
2018-01-27 18:00:43.058;SS;AS110-AS1-20180127175932
2018-01-27 18:00:48.575;RU;AS110-AS1-20180127175813
2018-01-27 18:00:50.396;VU;AS110-AS1-20180127175813
2018-01-27 18:01:07.221;RU;AS110-AS1-20180127175932
2018-01-27 18:01:09.069;VU;AS110-AS1-20180127175932
