2018-01-27 17:18:35.621;SQ;AS116-AS1-20180127171835
2018-01-27 17:19:07.666;RO;AS116-AS1-20180127171835
2018-01-27 17:19:08.957;SP;AS116-AS1-20180127171835
2018-01-27 17:19:10.586;SQ;AS116-AS1-20180127171910
2018-01-27 17:19:37.666;RC;AS116-AS1-20180127171835
2018-01-27 17:19:38.471;SS;AS116-AS1-20180127171835
2018-01-27 17:20:17.431;RO;AS116-AS1-20180127171910
2018-01-27 17:20:19.350;SP;AS116-AS1-20180127171910
2018-01-27 17:20:20.913;SQ;AS116-AS1-20180127172020
2018-01-27 17:20:50.419;RU;AS116-AS1-20180127171835
2018-01-27 17:20:52.337;VU;AS116-AS1-20180127171835
2018-01-27 17:20:57.590;RC;AS116-AS1-20180127171910
2018-01-27 17:20:58.424;SS;AS116-AS1-20180127171910
2018-01-27 17:21:42.997;RO;AS116-AS1-20180127172020
2018-01-27 17:21:43.815;SP;AS116-AS1-20180127172020
2018-01-27 17:21:45.456;SQ;AS116-AS1-20180127172145
2018-01-27 17:22:32.678;RC;AS116-AS1-20180127172020
2018-01-27 17:22:33.341;RU;AS116-AS1-20180127171910
2018-01-27 17:22:33.657;SS;AS116-AS1-20180127172020
2018-01-27 17:22:35.306;VU;AS116-AS1-20180127171910
2018-01-27 17:23:07.835;RO;AS116-AS1-20180127172145
2018-01-27 17:23:09.202;SP;AS116-AS1-20180127172145
2018-01-27 17:23:11.458;SQ;AS116-AS1-20180127172311
2018-01-27 17:23:50.849;RC;AS116-AS1-20180127172145
2018-01-27 17:23:51.655;SS;AS116-AS1-20180127172145
2018-01-27 17:24:00.940;RU;AS116-AS1-20180127172020
2018-01-27 17:24:02.760;VU;AS116-AS1-20180127172020
2018-01-27 17:24:32.920;RO;AS116-AS1-20180127172311
2018-01-27 17:24:33.853;SP;AS116-AS1-20180127172311
2018-01-27 17:24:35.453;SQ;AS116-AS1-20180127172435
2018-01-27 17:25:11.450;RC;AS116-AS1-20180127172311
2018-01-27 17:25:12.890;SS;AS116-AS1-20180127172311
2018-01-27 17:25:24.531;RU;AS116-AS1-20180127172145
2018-01-27 17:25:26.379;VU;AS116-AS1-20180127172145
2018-01-27 17:26:04.450;RO;AS116-AS1-20180127172435
2018-01-27 17:26:05.350;SP;AS116-AS1-20180127172435
2018-01-27 17:26:07.015;SQ;AS116-AS1-20180127172607
2018-01-27 17:26:28.919;RC;AS116-AS1-20180127172435
2018-01-27 17:26:29.704;SS;AS116-AS1-20180127172435
2018-01-27 17:26:37.347;RU;AS116-AS1-20180127172311
2018-01-27 17:26:39.175;VU;AS116-AS1-20180127172311
2018-01-27 17:27:30.517;RO;AS116-AS1-20180127172607
2018-01-27 17:27:31.391;SP;AS116-AS1-20180127172607
2018-01-27 17:27:33.020;SQ;AS116-AS1-20180127172733
2018-01-27 17:27:50.786;RU;AS116-AS1-20180127172435
2018-01-27 17:27:52.586;VU;AS116-AS1-20180127172435
2018-01-27 17:28:05.540;RC;AS116-AS1-20180127172607
2018-01-27 17:28:06.877;SS;AS116-AS1-20180127172607
2018-01-27 17:28:50.366;RO;AS116-AS1-20180127172733
2018-01-27 17:28:51.584;SP;AS116-AS1-20180127172733
2018-01-27 17:28:54.247;SQ;AS116-AS1-20180127172854
2018-01-27 17:29:34.170;RU;AS116-AS1-20180127172607
2018-01-27 17:29:35.947;VU;AS116-AS1-20180127172607
2018-01-27 17:29:36.200;RC;AS116-AS1-20180127172733
2018-01-27 17:29:36.999;SS;AS116-AS1-20180127172733
2018-01-27 17:30:09.032;RO;AS116-AS1-20180127172854
2018-01-27 17:30:10.180;SP;AS116-AS1-20180127172854
2018-01-27 17:30:11.853;SQ;AS116-AS1-20180127173011
2018-01-27 17:30:49.322;RC;AS116-AS1-20180127172854
2018-01-27 17:30:50.103;SS;AS116-AS1-20180127172854
2018-01-27 17:31:02.468;RU;AS116-AS1-20180127172733
2018-01-27 17:31:04.293;VU;AS116-AS1-20180127172733
2018-01-27 17:31:30.585;RO;AS116-AS1-20180127173011
2018-01-27 17:31:31.740;SP;AS116-AS1-20180127173011
2018-01-27 17:31:33.364;SQ;AS116-AS1-20180127173133
2018-01-27 17:31:55.902;RU;AS116-AS1-20180127172854
2018-01-27 17:31:57.694;VU;AS116-AS1-20180127172854
2018-01-27 17:32:07.792;RC;AS116-AS1-20180127173011
2018-01-27 17:32:08.631;SS;AS116-AS1-20180127173011
2018-01-27 17:32:52.725;RO;AS116-AS1-20180127173133
2018-01-27 17:32:53.746;SP;AS116-AS1-20180127173133
2018-01-27 17:32:55.341;SQ;AS116-AS1-20180127173255
2018-01-27 17:33:35.697;RC;AS116-AS1-20180127173133
2018-01-27 17:33:36.494;SS;AS116-AS1-20180127173133
2018-01-27 17:33:41.601;RU;AS116-AS1-20180127173011
2018-01-27 17:33:43.405;VU;AS116-AS1-20180127173011
2018-01-27 17:34:21.992;RO;AS116-AS1-20180127173255
2018-01-27 17:34:23.210;SP;AS116-AS1-20180127173255
2018-01-27 17:34:24.765;SQ;AS116-AS1-20180127173424
2018-01-27 17:34:54.778;RU;AS116-AS1-20180127173133
2018-01-27 17:34:56.562;VU;AS116-AS1-20180127173133
2018-01-27 17:35:36.623;RC;AS116-AS1-20180127173255
2018-01-27 17:35:37.530;SS;AS116-AS1-20180127173255
2018-01-27 17:35:46.746;RO;AS116-AS1-20180127173424
2018-01-27 17:35:47.653;SP;AS116-AS1-20180127173424
2018-01-27 17:35:49.221;SQ;AS116-AS1-20180127173549
2018-01-27 17:36:24.648;RC;AS116-AS1-20180127173424
2018-01-27 17:36:25.456;SS;AS116-AS1-20180127173424
2018-01-27 17:37:00.946;RU;AS116-AS1-20180127173255
2018-01-27 17:37:02.758;VU;AS116-AS1-20180127173255
2018-01-27 17:37:09.695;RO;AS116-AS1-20180127173549
2018-01-27 17:37:10.636;SP;AS116-AS1-20180127173549
2018-01-27 17:37:12.230;SQ;AS116-AS1-20180127173712
2018-01-27 17:37:46.798;RC;AS116-AS1-20180127173549
2018-01-27 17:37:47.586;SS;AS116-AS1-20180127173549
2018-01-27 17:37:50.787;RU;AS116-AS1-20180127173424
2018-01-27 17:37:52.619;VU;AS116-AS1-20180127173424
2018-01-27 17:38:27.703;RO;AS116-AS1-20180127173712
2018-01-27 17:38:28.595;SP;AS116-AS1-20180127173712
2018-01-27 17:38:30.232;SQ;AS116-AS1-20180127173830
2018-01-27 17:39:02.846;RU;AS116-AS1-20180127173549
2018-01-27 17:39:04.665;VU;AS116-AS1-20180127173549
2018-01-27 17:39:06.568;RC;AS116-AS1-20180127173712
2018-01-27 17:39:07.402;SS;AS116-AS1-20180127173712
2018-01-27 17:39:53.684;RO;AS116-AS1-20180127173830
2018-01-27 17:39:54.616;SP;AS116-AS1-20180127173830
2018-01-27 17:39:56.171;SQ;AS116-AS1-20180127173956
2018-01-27 17:40:26.547;RC;AS116-AS1-20180127173830
2018-01-27 17:40:27.342;SS;AS116-AS1-20180127173830
2018-01-27 17:40:37.675;RU;AS116-AS1-20180127173712
2018-01-27 17:40:39.493;VU;AS116-AS1-20180127173712
2018-01-27 17:41:12.501;RO;AS116-AS1-20180127173956
2018-01-27 17:41:13.579;SP;AS116-AS1-20180127173956
2018-01-27 17:41:15.185;SQ;AS116-AS1-20180127174115
2018-01-27 17:41:38.028;RU;AS116-AS1-20180127173830
2018-01-27 17:41:39.845;VU;AS116-AS1-20180127173830
2018-01-27 17:42:30.242;RC;AS116-AS1-20180127173956
2018-01-27 17:42:30.393;RO;AS116-AS1-20180127174115
2018-01-27 17:42:31.313;SS;AS116-AS1-20180127173956
2018-01-27 17:42:31.881;SP;AS116-AS1-20180127174115
2018-01-27 17:42:33.479;SQ;AS116-AS1-20180127174233
2018-01-27 17:43:16.001;RC;AS116-AS1-20180127174115
2018-01-27 17:43:16.809;SS;AS116-AS1-20180127174115
2018-01-27 17:43:52.625;RU;AS116-AS1-20180127173956
2018-01-27 17:43:54.428;VU;AS116-AS1-20180127173956
2018-01-27 17:44:37.822;RU;AS116-AS1-20180127174115
2018-01-27 17:44:39.629;VU;AS116-AS1-20180127174115
2018-01-27 17:44:40.456;RO;AS116-AS1-20180127174233
2018-01-27 17:44:42.316;SP;AS116-AS1-20180127174233
2018-01-27 17:44:44.205;SQ;AS116-AS1-20180127174444
2018-01-27 17:45:25.145;RC;AS116-AS1-20180127174233
2018-01-27 17:45:25.942;SS;AS116-AS1-20180127174233
2018-01-27 17:46:01.502;RO;AS116-AS1-20180127174444
2018-01-27 17:46:02.583;SP;AS116-AS1-20180127174444
2018-01-27 17:46:04.222;SQ;AS116-AS1-20180127174604
2018-01-27 17:46:42.881;RU;AS116-AS1-20180127174233
2018-01-27 17:46:44.651;VU;AS116-AS1-20180127174233
2018-01-27 17:46:45.716;RC;AS116-AS1-20180127174444
2018-01-27 17:46:47.384;SS;AS116-AS1-20180127174444
2018-01-27 17:47:26.004;RO;AS116-AS1-20180127174604
2018-01-27 17:47:27.108;SP;AS116-AS1-20180127174604
2018-01-27 17:47:28.702;SQ;AS116-AS1-20180127174728
2018-01-27 17:48:11.808;RU;AS116-AS1-20180127174444
2018-01-27 17:48:12.063;RC;AS116-AS1-20180127174604
2018-01-27 17:48:13.420;SS;AS116-AS1-20180127174604
2018-01-27 17:48:14.095;VU;AS116-AS1-20180127174444
2018-01-27 17:48:47.570;RO;AS116-AS1-20180127174728
2018-01-27 17:48:48.575;SP;AS116-AS1-20180127174728
2018-01-27 17:48:50.170;SQ;AS116-AS1-20180127174850
2018-01-27 17:49:33.117;RC;AS116-AS1-20180127174728
2018-01-27 17:49:33.911;SS;AS116-AS1-20180127174728
2018-01-27 17:49:36.647;RU;AS116-AS1-20180127174604
2018-01-27 17:49:38.924;VU;AS116-AS1-20180127174604
2018-01-27 17:50:02.788;RO;AS116-AS1-20180127174850
2018-01-27 17:50:04.061;SP;AS116-AS1-20180127174850
2018-01-27 17:50:05.698;SQ;AS116-AS1-20180127175005
2018-01-27 17:50:36.987;RC;AS116-AS1-20180127174850
2018-01-27 17:50:37.767;SS;AS116-AS1-20180127174850
2018-01-27 17:51:00.698;RU;AS116-AS1-20180127174728
2018-01-27 17:51:02.523;VU;AS116-AS1-20180127174728
2018-01-27 17:51:43.933;RO;AS116-AS1-20180127175005
2018-01-27 17:51:45.248;SP;AS116-AS1-20180127175005
2018-01-27 17:51:46.831;SQ;AS116-AS1-20180127175146
2018-01-27 17:51:52.876;RU;AS116-AS1-20180127174850
2018-01-27 17:51:54.669;VU;AS116-AS1-20180127174850
2018-01-27 17:52:25.372;RC;AS116-AS1-20180127175005
2018-01-27 17:52:26.163;SS;AS116-AS1-20180127175005
2018-01-27 17:52:59.161;RO;AS116-AS1-20180127175146
2018-01-27 17:53:00.782;SP;AS116-AS1-20180127175146
2018-01-27 17:53:03.761;SQ;AS116-AS1-20180127175303
2018-01-27 17:53:44.252;RC;AS116-AS1-20180127175146
2018-01-27 17:53:45.042;SS;AS116-AS1-20180127175146
2018-01-27 17:54:15.369;RU;AS116-AS1-20180127175005
2018-01-27 17:54:16.536;RO;AS116-AS1-20180127175303
2018-01-27 17:54:17.151;VU;AS116-AS1-20180127175005
2018-01-27 17:54:17.970;SP;AS116-AS1-20180127175303
2018-01-27 17:54:20.881;SQ;AS116-AS1-20180127175420
2018-01-27 17:54:48.436;RU;AS116-AS1-20180127175146
2018-01-27 17:54:51.124;VU;AS116-AS1-20180127175146
2018-01-27 17:54:59.468;RC;AS116-AS1-20180127175303
2018-01-27 17:55:00.271;SS;AS116-AS1-20180127175303
2018-01-27 17:56:17.687;RO;AS116-AS1-20180127175420
2018-01-27 17:56:18.532;RU;AS116-AS1-20180127175303
2018-01-27 17:56:19.046;SP;AS116-AS1-20180127175420
2018-01-27 17:56:21.170;VU;AS116-AS1-20180127175303
2018-01-27 17:56:21.278;SQ;AS116-AS1-20180127175621
2018-01-27 17:57:02.304;RC;AS116-AS1-20180127175420
2018-01-27 17:57:03.106;SS;AS116-AS1-20180127175420
2018-01-27 17:57:40.594;RO;AS116-AS1-20180127175621
2018-01-27 17:57:41.963;SP;AS116-AS1-20180127175621
2018-01-27 17:57:43.546;SQ;AS116-AS1-20180127175743
2018-01-27 17:58:19.715;RC;AS116-AS1-20180127175621
2018-01-27 17:58:20.524;SS;AS116-AS1-20180127175621
2018-01-27 17:58:23.840;RU;AS116-AS1-20180127175420
2018-01-27 17:58:25.667;VU;AS116-AS1-20180127175420
2018-01-27 17:58:59.343;RO;AS116-AS1-20180127175743
2018-01-27 17:59:00.443;SP;AS116-AS1-20180127175743
2018-01-27 17:59:02.105;SQ;AS116-AS1-20180127175902
2018-01-27 17:59:25.251;RC;AS116-AS1-20180127175743
2018-01-27 17:59:26.050;SS;AS116-AS1-20180127175743
2018-01-27 17:59:31.181;RU;AS116-AS1-20180127175621
2018-01-27 17:59:32.991;VU;AS116-AS1-20180127175621
2018-01-27 18:00:01.091;RO;AS116-AS1-20180127175902
2018-01-27 18:00:02.223;SP;AS116-AS1-20180127175902
2018-01-27 18:00:20.148;RU;AS116-AS1-20180127175743
2018-01-27 18:00:21.942;VU;AS116-AS1-20180127175743
2018-01-27 18:00:30.257;RC;AS116-AS1-20180127175902
2018-01-27 18:00:31.814;SS;AS116-AS1-20180127175902
2018-01-27 18:00:58.747;RU;AS116-AS1-20180127175902
2018-01-27 18:01:00.556;VU;AS116-AS1-20180127175902
