2018-01-27 17:18:32.467;SQ;AS125-AS1-20180127171832
2018-01-27 17:19:00.408;RO;AS125-AS1-20180127171832
2018-01-27 17:19:01.336;SP;AS125-AS1-20180127171832
2018-01-27 17:19:02.993;SQ;AS125-AS1-20180127171902
2018-01-27 17:19:31.457;RC;AS125-AS1-20180127171832
2018-01-27 17:19:32.263;SS;AS125-AS1-20180127171832
2018-01-27 17:19:59.079;RO;AS125-AS1-20180127171902
2018-01-27 17:20:00.382;SP;AS125-AS1-20180127171902
2018-01-27 17:20:03.206;SQ;AS125-AS1-20180127172003
2018-01-27 17:20:52.206;RU;AS125-AS1-20180127171832
2018-01-27 17:20:54.020;VU;AS125-AS1-20180127171832
2018-01-27 17:21:13.668;RC;AS125-AS1-20180127171902
2018-01-27 17:21:14.498;SS;AS125-AS1-20180127171902
2018-01-27 17:21:47.647;RO;AS125-AS1-20180127172003
2018-01-27 17:21:48.635;SP;AS125-AS1-20180127172003
2018-01-27 17:21:50.285;SQ;AS125-AS1-20180127172150
2018-01-27 17:22:35.625;RC;AS125-AS1-20180127172003
2018-01-27 17:22:36.459;SS;AS125-AS1-20180127172003
2018-01-27 17:22:43.335;RU;AS125-AS1-20180127171902
2018-01-27 17:22:45.168;VU;AS125-AS1-20180127171902
2018-01-27 17:22:59.295;RO;AS125-AS1-20180127172150
2018-01-27 17:23:00.195;SP;AS125-AS1-20180127172150
2018-01-27 17:23:01.870;SQ;AS125-AS1-20180127172301
2018-01-27 17:23:37.170;RC;AS125-AS1-20180127172150
2018-01-27 17:23:37.989;SS;AS125-AS1-20180127172150
2018-01-27 17:24:03.262;RU;AS125-AS1-20180127172003
2018-01-27 17:24:05.098;VU;AS125-AS1-20180127172003
2018-01-27 17:24:20.200;RO;AS125-AS1-20180127172301
2018-01-27 17:24:21.286;SP;AS125-AS1-20180127172301
2018-01-27 17:24:22.962;SQ;AS125-AS1-20180127172422
2018-01-27 17:24:58.637;RC;AS125-AS1-20180127172301
2018-01-27 17:24:59.552;SS;AS125-AS1-20180127172301
2018-01-27 17:25:09.350;RU;AS125-AS1-20180127172150
2018-01-27 17:25:11.190;VU;AS125-AS1-20180127172150
2018-01-27 17:25:43.855;RO;AS125-AS1-20180127172422
2018-01-27 17:25:45.884;SP;AS125-AS1-20180127172422
2018-01-27 17:25:47.524;SQ;AS125-AS1-20180127172547
2018-01-27 17:26:18.554;RU;AS125-AS1-20180127172301
2018-01-27 17:26:21.333;RC;AS125-AS1-20180127172422
2018-01-27 17:26:22.157;SS;AS125-AS1-20180127172422
2018-01-27 17:26:57.238;RO;AS125-AS1-20180127172547
2018-01-27 17:26:58.840;SP;AS125-AS1-20180127172547
2018-01-27 17:27:01.189;SQ;AS125-AS1-20180127172701
2018-01-27 17:27:42.434;RC;AS125-AS1-20180127172547
2018-01-27 17:27:43.584;SS;AS125-AS1-20180127172547
2018-01-27 17:27:44.472;RU;AS125-AS1-20180127172422
2018-01-27 17:27:46.688;VU;AS125-AS1-20180127172422
2018-01-27 17:28:14.462;RO;AS125-AS1-20180127172701
2018-01-27 17:28:15.874;SP;AS125-AS1-20180127172701
2018-01-27 17:28:18.266;SQ;AS125-AS1-20180127172818
2018-01-27 17:29:02.515;RU;AS125-AS1-20180127172547
2018-01-27 17:29:03.191;RC;AS125-AS1-20180127172701
2018-01-27 17:29:05.002;VU;AS125-AS1-20180127172547
2018-01-27 17:29:05.042;SS;AS125-AS1-20180127172701
2018-01-27 17:29:41.027;RO;AS125-AS1-20180127172818
2018-01-27 17:29:42.726;SP;AS125-AS1-20180127172818
2018-01-27 17:29:45.233;SQ;AS125-AS1-20180127172945
2018-01-27 17:30:20.469;RC;AS125-AS1-20180127172818
2018-01-27 17:30:20.543;RU;AS125-AS1-20180127172701
2018-01-27 17:30:22.814;SS;AS125-AS1-20180127172818
2018-01-27 17:30:23.816;VU;AS125-AS1-20180127172701
2018-01-27 17:30:59.707;RO;AS125-AS1-20180127172945
2018-01-27 17:31:01.147;SP;AS125-AS1-20180127172945
2018-01-27 17:31:03.538;SQ;AS125-AS1-20180127173103
2018-01-27 17:31:44.036;RC;AS125-AS1-20180127172945
2018-01-27 17:31:45.356;SS;AS125-AS1-20180127172945
2018-01-27 17:31:50.491;RU;AS125-AS1-20180127172818
2018-01-27 17:31:52.343;VU;AS125-AS1-20180127172818
2018-01-27 17:32:22.834;RO;AS125-AS1-20180127173103
2018-01-27 17:32:24.574;SP;AS125-AS1-20180127173103
2018-01-27 17:32:26.850;SQ;AS125-AS1-20180127173226
2018-01-27 17:33:07.666;RU;AS125-AS1-20180127172945
2018-01-27 17:33:08.726;RC;AS125-AS1-20180127173103
2018-01-27 17:33:10.565;SS;AS125-AS1-20180127173103
2018-01-27 17:33:47.717;RO;AS125-AS1-20180127173226
2018-01-27 17:33:50.992;SP;AS125-AS1-20180127173226
2018-01-27 17:33:54.674;SQ;AS125-AS1-20180127173354
2018-01-27 17:34:28.201;RU;AS125-AS1-20180127173103
2018-01-27 17:34:28.320;RC;AS125-AS1-20180127173226
2018-01-27 17:34:31.400;SS;AS125-AS1-20180127173226
2018-01-27 17:34:32.129;VU;AS125-AS1-20180127173103
2018-01-27 17:35:12.650;RO;AS125-AS1-20180127173354
2018-01-27 17:35:14.582;SP;AS125-AS1-20180127173354
2018-01-27 17:35:18.466;SQ;AS125-AS1-20180127173518
2018-01-27 17:35:52.233;RU;AS125-AS1-20180127173226
2018-01-27 17:35:55.378;VU;AS125-AS1-20180127173226
2018-01-27 17:35:56.818;RC;AS125-AS1-20180127173354
2018-01-27 17:35:58.762;SS;AS125-AS1-20180127173354
2018-01-27 17:36:29.568;RO;AS125-AS1-20180127173518
2018-01-27 17:36:31.270;SP;AS125-AS1-20180127173518
2018-01-27 17:36:35.145;SQ;AS125-AS1-20180127173635
2018-01-27 17:37:15.228;RC;AS125-AS1-20180127173518
2018-01-27 17:37:17.315;SS;AS125-AS1-20180127173518
2018-01-27 17:37:34.362;RU;AS125-AS1-20180127173354
2018-01-27 17:37:37.386;VU;AS125-AS1-20180127173354
2018-01-27 17:37:50.711;RO;AS125-AS1-20180127173635
2018-01-27 17:37:52.976;SP;AS125-AS1-20180127173635
2018-01-27 17:37:58.549;SQ;AS125-AS1-20180127173758
2018-01-27 17:38:34.457;RC;AS125-AS1-20180127173635
2018-01-27 17:38:35.942;SS;AS125-AS1-20180127173635
2018-01-27 17:38:42.280;RU;AS125-AS1-20180127173518
2018-01-27 17:38:46.369;VU;AS125-AS1-20180127173518
2018-01-27 17:39:15.616;RO;AS125-AS1-20180127173758
2018-01-27 17:39:17.799;SP;AS125-AS1-20180127173758
2018-01-27 17:39:21.406;SQ;AS125-AS1-20180127173921
2018-01-27 17:39:54.759;RU;AS125-AS1-20180127173635
2018-01-27 17:39:57.756;VU;AS125-AS1-20180127173635
2018-01-27 17:39:58.439;RC;AS125-AS1-20180127173758
2018-01-27 17:40:02.579;SS;AS125-AS1-20180127173758
2018-01-27 17:40:41.873;RO;AS125-AS1-20180127173921
2018-01-27 17:40:44.035;SP;AS125-AS1-20180127173921
2018-01-27 17:40:48.568;SQ;AS125-AS1-20180127174048
2018-01-27 17:41:16.969;RU;AS125-AS1-20180127173758
2018-01-27 17:41:32.210;RC;AS125-AS1-20180127173921
2018-01-27 17:41:36.227;SS;AS125-AS1-20180127173921
2018-01-27 17:42:08.148;RO;AS125-AS1-20180127174048
2018-01-27 17:42:10.725;SP;AS125-AS1-20180127174048
2018-01-27 17:42:16.044;SQ;AS125-AS1-20180127174216
2018-01-27 17:42:46.794;RU;AS125-AS1-20180127173921
2018-01-27 17:42:50.526;VU;AS125-AS1-20180127173921
2018-01-27 17:42:52.253;RC;AS125-AS1-20180127174048
2018-01-27 17:42:56.028;SS;AS125-AS1-20180127174048
2018-01-27 17:43:39.971;RO;AS125-AS1-20180127174216
2018-01-27 17:43:43.145;SP;AS125-AS1-20180127174216
2018-01-27 17:43:48.521;SQ;AS125-AS1-20180127174348
2018-01-27 17:43:59.252;RU;AS125-AS1-20180127174048
2018-01-27 17:44:23.869;RC;AS125-AS1-20180127174216
2018-01-27 17:44:29.060;SS;AS125-AS1-20180127174216
2018-01-27 17:45:04.680;RO;AS125-AS1-20180127174348
2018-01-27 17:45:08.498;SP;AS125-AS1-20180127174348
2018-01-27 17:45:18.329;SQ;AS125-AS1-20180127174518
2018-01-27 17:45:52.846;RC;AS125-AS1-20180127174348
2018-01-27 17:45:55.356;RU;AS125-AS1-20180127174216
2018-01-27 17:45:56.616;SS;AS125-AS1-20180127174348
2018-01-27 17:46:01.396;VU;AS125-AS1-20180127174216
2018-01-27 17:46:33.911;RO;AS125-AS1-20180127174518
2018-01-27 17:46:37.309;SP;AS125-AS1-20180127174518
2018-01-27 17:46:44.282;SQ;AS125-AS1-20180127174644
2018-01-27 17:47:18.841;RC;AS125-AS1-20180127174518
2018-01-27 17:47:19.052;RU;AS125-AS1-20180127174348
2018-01-27 17:47:24.466;SS;AS125-AS1-20180127174518
2018-01-27 17:47:25.812;VU;AS125-AS1-20180127174348
2018-01-27 17:48:14.908;RO;AS125-AS1-20180127174644
2018-01-27 17:48:18.147;SP;AS125-AS1-20180127174644
2018-01-27 17:48:26.729;SQ;AS125-AS1-20180127174826
2018-01-27 17:48:51.520;RU;AS125-AS1-20180127174518
2018-01-27 17:48:57.707;VU;AS125-AS1-20180127174518
2018-01-27 17:49:01.201;RC;AS125-AS1-20180127174644
2018-01-27 17:49:04.724;SS;AS125-AS1-20180127174644
2018-01-27 17:49:46.476;RO;AS125-AS1-20180127174826
2018-01-27 17:49:50.521;SP;AS125-AS1-20180127174826
2018-01-27 17:49:59.391;SQ;AS125-AS1-20180127174959
2018-01-27 17:50:19.600;RU;AS125-AS1-20180127174644
2018-01-27 17:50:24.271;VU;AS125-AS1-20180127174644
2018-01-27 17:50:34.273;RC;AS125-AS1-20180127174826
2018-01-27 17:50:37.676;SS;AS125-AS1-20180127174826
2018-01-27 17:51:08.484;RO;AS125-AS1-20180127174959
2018-01-27 17:51:12.225;SP;AS125-AS1-20180127174959
2018-01-27 17:51:20.725;SQ;AS125-AS1-20180127175120
2018-01-27 17:51:52.267;RC;AS125-AS1-20180127174959
2018-01-27 17:51:55.706;SS;AS125-AS1-20180127174959
2018-01-27 17:52:09.404;RU;AS125-AS1-20180127174826
2018-01-27 17:52:13.766;VU;AS125-AS1-20180127174826
2018-01-27 17:52:43.748;RO;AS125-AS1-20180127175120
2018-01-27 17:52:48.569;SP;AS125-AS1-20180127175120
2018-01-27 17:52:55.398;SQ;AS125-AS1-20180127175255
2018-01-27 17:53:12.003;RU;AS125-AS1-20180127174959
2018-01-27 17:53:16.349;VU;AS125-AS1-20180127174959
2018-01-27 17:53:27.985;RC;AS125-AS1-20180127175120
2018-01-27 17:53:32.182;SS;AS125-AS1-20180127175120
2018-01-27 17:54:12.737;RO;AS125-AS1-20180127175255
2018-01-27 17:54:16.581;SP;AS125-AS1-20180127175255
2018-01-27 17:54:25.359;SQ;AS125-AS1-20180127175425
2018-01-27 17:54:47.118;RU;AS125-AS1-20180127175120
2018-01-27 17:54:53.658;VU;AS125-AS1-20180127175120
2018-01-27 17:54:59.710;RC;AS125-AS1-20180127175255
2018-01-27 17:55:03.177;SS;AS125-AS1-20180127175255
2018-01-27 17:55:39.271;RO;AS125-AS1-20180127175425
2018-01-27 17:55:42.964;SP;AS125-AS1-20180127175425
2018-01-27 17:55:50.032;SQ;AS125-AS1-20180127175550
2018-01-27 17:56:17.707;RU;AS125-AS1-20180127175255
2018-01-27 17:56:22.304;VU;AS125-AS1-20180127175255
2018-01-27 17:56:23.864;RC;AS125-AS1-20180127175425
2018-01-27 17:56:28.185;SS;AS125-AS1-20180127175425
2018-01-27 17:57:08.824;RO;AS125-AS1-20180127175550
2018-01-27 17:57:13.628;SP;AS125-AS1-20180127175550
2018-01-27 17:57:20.504;SQ;AS125-AS1-20180127175720
2018-01-27 17:57:50.661;RC;AS125-AS1-20180127175550
2018-01-27 17:57:54.038;SS;AS125-AS1-20180127175550
2018-01-27 17:57:56.085;RU;AS125-AS1-20180127175425
2018-01-27 17:58:01.780;VU;AS125-AS1-20180127175425
2018-01-27 17:58:26.288;RO;AS125-AS1-20180127175720
2018-01-27 17:58:32.013;SP;AS125-AS1-20180127175720
2018-01-27 17:58:38.801;SQ;AS125-AS1-20180127175838
2018-01-27 17:59:07.655;RC;AS125-AS1-20180127175720
2018-01-27 17:59:11.248;SS;AS125-AS1-20180127175720
2018-01-27 17:59:13.718;RU;AS125-AS1-20180127175550
2018-01-27 17:59:19.343;VU;AS125-AS1-20180127175550
2018-01-27 17:59:42.188;RO;AS125-AS1-20180127175838
2018-01-27 17:59:47.928;SP;AS125-AS1-20180127175838
2018-01-27 18:00:13.929;RC;AS125-AS1-20180127175838
2018-01-27 18:00:20.600;SS;AS125-AS1-20180127175838
2018-01-27 18:00:34.346;RU;AS125-AS1-20180127175720
2018-01-27 18:00:38.374;VU;AS125-AS1-20180127175720
2018-01-27 18:00:58.827;RU;AS125-AS1-20180127175838
2018-01-27 18:01:03.537;VU;AS125-AS1-20180127175838
