2018-01-27 17:18:32.288;SQ;AS122-AS1-20180127171832
2018-01-27 17:18:51.943;RO;AS122-AS1-20180127171832
2018-01-27 17:18:53.068;SP;AS122-AS1-20180127171832
2018-01-27 17:18:54.568;SQ;AS122-AS1-20180127171854
2018-01-27 17:19:15.606;RC;AS122-AS1-20180127171832
2018-01-27 17:19:16.374;SS;AS122-AS1-20180127171832
2018-01-27 17:19:45.050;RO;AS122-AS1-20180127171854
2018-01-27 17:19:45.887;SP;AS122-AS1-20180127171854
2018-01-27 17:19:47.459;SQ;AS122-AS1-20180127171947
2018-01-27 17:20:17.539;RU;AS122-AS1-20180127171832
2018-01-27 17:20:19.074;RC;AS122-AS1-20180127171854
2018-01-27 17:20:20.128;SS;AS122-AS1-20180127171854
2018-01-27 17:21:07.598;RO;AS122-AS1-20180127171947
2018-01-27 17:21:08.897;SP;AS122-AS1-20180127171947
2018-01-27 17:21:11.210;SQ;AS122-AS1-20180127172111
2018-01-27 17:21:43.063;RU;AS122-AS1-20180127171854
2018-01-27 17:21:45.490;VU;AS122-AS1-20180127171854
2018-01-27 17:21:49.902;RC;AS122-AS1-20180127171947
2018-01-27 17:21:50.658;SS;AS122-AS1-20180127171947
2018-01-27 17:22:32.728;RO;AS122-AS1-20180127172111
2018-01-27 17:22:33.583;SP;AS122-AS1-20180127172111
2018-01-27 17:22:35.852;SQ;AS122-AS1-20180127172235
2018-01-27 17:23:17.781;RU;AS122-AS1-20180127171947
2018-01-27 17:23:19.277;RC;AS122-AS1-20180127172111
2018-01-27 17:23:19.585;VU;AS122-AS1-20180127171947
2018-01-27 17:23:20.407;SS;AS122-AS1-20180127172111
2018-01-27 17:23:52.507;RO;AS122-AS1-20180127172235
2018-01-27 17:23:54.061;SP;AS122-AS1-20180127172235
2018-01-27 17:23:57.973;SQ;AS122-AS1-20180127172357
2018-01-27 17:24:31.719;RC;AS122-AS1-20180127172235
2018-01-27 17:24:32.887;SS;AS122-AS1-20180127172235
2018-01-27 17:24:43.694;RU;AS122-AS1-20180127172111
2018-01-27 17:24:46.017;VU;AS122-AS1-20180127172111
2018-01-27 17:25:26.830;RO;AS122-AS1-20180127172357
2018-01-27 17:25:29.600;SP;AS122-AS1-20180127172357
2018-01-27 17:25:32.205;SQ;AS122-AS1-20180127172532
2018-01-27 17:25:55.585;RU;AS122-AS1-20180127172235
2018-01-27 17:25:57.804;VU;AS122-AS1-20180127172235
2018-01-27 17:26:14.252;RC;AS122-AS1-20180127172357
2018-01-27 17:26:15.737;SS;AS122-AS1-20180127172357
2018-01-27 17:26:43.999;RO;AS122-AS1-20180127172532
2018-01-27 17:26:45.133;SP;AS122-AS1-20180127172532
2018-01-27 17:26:47.756;SQ;AS122-AS1-20180127172647
2018-01-27 17:27:36.843;RU;AS122-AS1-20180127172357
2018-01-27 17:27:39.209;VU;AS122-AS1-20180127172357
2018-01-27 17:28:02.778;RC;AS122-AS1-20180127172532
2018-01-27 17:28:04.304;SS;AS122-AS1-20180127172532
2018-01-27 17:28:07.283;RO;AS122-AS1-20180127172647
2018-01-27 17:28:08.381;SP;AS122-AS1-20180127172647
2018-01-27 17:28:10.617;SQ;AS122-AS1-20180127172810
2018-01-27 17:28:46.779;RC;AS122-AS1-20180127172647
2018-01-27 17:28:47.888;SS;AS122-AS1-20180127172647
2018-01-27 17:29:17.695;RO;AS122-AS1-20180127172810
2018-01-27 17:29:18.989;SP;AS122-AS1-20180127172810
2018-01-27 17:29:21.252;SQ;AS122-AS1-20180127172921
2018-01-27 17:29:34.335;RU;AS122-AS1-20180127172532
2018-01-27 17:29:36.834;VU;AS122-AS1-20180127172532
2018-01-27 17:29:59.796;RU;AS122-AS1-20180127172647
2018-01-27 17:30:01.767;VU;AS122-AS1-20180127172647
2018-01-27 17:30:04.058;RC;AS122-AS1-20180127172810
2018-01-27 17:30:04.896;SS;AS122-AS1-20180127172810
2018-01-27 17:30:49.988;RO;AS122-AS1-20180127172921
2018-01-27 17:30:51.709;SP;AS122-AS1-20180127172921
2018-01-27 17:30:54.852;SQ;AS122-AS1-20180127173054
2018-01-27 17:31:15.743;RU;AS122-AS1-20180127172810
2018-01-27 17:31:18.039;VU;AS122-AS1-20180127172810
2018-01-27 17:31:37.558;RC;AS122-AS1-20180127172921
2018-01-27 17:31:38.332;SS;AS122-AS1-20180127172921
2018-01-27 17:32:21.976;RO;AS122-AS1-20180127173054
2018-01-27 17:32:23.292;SP;AS122-AS1-20180127173054
2018-01-27 17:32:25.530;SQ;AS122-AS1-20180127173225
2018-01-27 17:32:46.264;RU;AS122-AS1-20180127172921
2018-01-27 17:32:48.476;VU;AS122-AS1-20180127172921
2018-01-27 17:33:05.324;RC;AS122-AS1-20180127173054
2018-01-27 17:33:06.374;SS;AS122-AS1-20180127173054
2018-01-27 17:33:41.928;RO;AS122-AS1-20180127173225
2018-01-27 17:33:42.957;SP;AS122-AS1-20180127173225
2018-01-27 17:33:45.259;SQ;AS122-AS1-20180127173345
2018-01-27 17:34:28.194;RU;AS122-AS1-20180127173054
2018-01-27 17:34:28.400;RC;AS122-AS1-20180127173225
2018-01-27 17:34:30.255;SS;AS122-AS1-20180127173225
2018-01-27 17:34:31.157;VU;AS122-AS1-20180127173054
2018-01-27 17:35:13.278;RO;AS122-AS1-20180127173345
2018-01-27 17:35:14.171;SP;AS122-AS1-20180127173345
2018-01-27 17:35:16.524;SQ;AS122-AS1-20180127173516
2018-01-27 17:35:56.308;RC;AS122-AS1-20180127173345
2018-01-27 17:35:57.383;SS;AS122-AS1-20180127173345
2018-01-27 17:35:59.252;RU;AS122-AS1-20180127173225
2018-01-27 17:36:01.351;VU;AS122-AS1-20180127173225
2018-01-27 17:37:04.190;RO;AS122-AS1-20180127173516
2018-01-27 17:37:06.228;SP;AS122-AS1-20180127173516
2018-01-27 17:37:10.062;SQ;AS122-AS1-20180127173710
2018-01-27 17:37:22.798;RU;AS122-AS1-20180127173345
2018-01-27 17:37:25.438;VU;AS122-AS1-20180127173345
2018-01-27 17:37:40.472;RC;AS122-AS1-20180127173516
2018-01-27 17:37:41.713;SS;AS122-AS1-20180127173516
2018-01-27 17:38:29.135;RO;AS122-AS1-20180127173710
2018-01-27 17:38:30.233;SP;AS122-AS1-20180127173710
2018-01-27 17:38:32.353;SQ;AS122-AS1-20180127173832
2018-01-27 17:38:51.861;RU;AS122-AS1-20180127173516
2018-01-27 17:38:53.810;VU;AS122-AS1-20180127173516
2018-01-27 17:39:11.295;RC;AS122-AS1-20180127173710
2018-01-27 17:39:14.471;SS;AS122-AS1-20180127173710
2018-01-27 17:39:58.423;RO;AS122-AS1-20180127173832
2018-01-27 17:40:00.705;SP;AS122-AS1-20180127173832
2018-01-27 17:40:03.582;SQ;AS122-AS1-20180127174003
2018-01-27 17:40:37.362;RU;AS122-AS1-20180127173710
2018-01-27 17:40:39.219;VU;AS122-AS1-20180127173710
2018-01-27 17:41:22.039;RC;AS122-AS1-20180127173832
2018-01-27 17:41:22.578;RO;AS122-AS1-20180127174003
2018-01-27 17:41:24.009;SS;AS122-AS1-20180127173832
2018-01-27 17:41:24.360;SP;AS122-AS1-20180127174003
2018-01-27 17:41:26.783;SQ;AS122-AS1-20180127174126
2018-01-27 17:41:53.454;RC;AS122-AS1-20180127174003
2018-01-27 17:41:54.849;SS;AS122-AS1-20180127174003
2018-01-27 17:42:34.485;RO;AS122-AS1-20180127174126
2018-01-27 17:42:35.801;SP;AS122-AS1-20180127174126
2018-01-27 17:42:39.691;SQ;AS122-AS1-20180127174239
2018-01-27 17:42:40.214;RU;AS122-AS1-20180127173832
2018-01-27 17:42:42.479;VU;AS122-AS1-20180127173832
2018-01-27 17:43:21.272;RC;AS122-AS1-20180127174126
2018-01-27 17:43:21.695;RU;AS122-AS1-20180127174003
2018-01-27 17:43:24.102;SS;AS122-AS1-20180127174126
2018-01-27 17:43:26.005;VU;AS122-AS1-20180127174003
2018-01-27 17:44:06.162;RO;AS122-AS1-20180127174239
2018-01-27 17:44:07.405;SP;AS122-AS1-20180127174239
2018-01-27 17:44:10.172;SQ;AS122-AS1-20180127174410
2018-01-27 17:44:38.685;RC;AS122-AS1-20180127174239
2018-01-27 17:44:39.436;SS;AS122-AS1-20180127174239
2018-01-27 17:44:42.031;RU;AS122-AS1-20180127174126
2018-01-27 17:44:44.322;VU;AS122-AS1-20180127174126
2018-01-27 17:46:06.866;RO;AS122-AS1-20180127174410
2018-01-27 17:46:06.915;RU;AS122-AS1-20180127174239
2018-01-27 17:46:08.932;SP;AS122-AS1-20180127174410
2018-01-27 17:46:08.962;VU;AS122-AS1-20180127174239
2018-01-27 17:46:10.916;SQ;AS122-AS1-20180127174610
2018-01-27 17:46:41.424;RC;AS122-AS1-20180127174410
2018-01-27 17:46:42.198;SS;AS122-AS1-20180127174410
2018-01-27 17:47:15.563;RO;AS122-AS1-20180127174610
2018-01-27 17:47:16.804;SP;AS122-AS1-20180127174610
2018-01-27 17:47:20.611;SQ;AS122-AS1-20180127174720
2018-01-27 17:47:58.009;RC;AS122-AS1-20180127174610
2018-01-27 17:47:58.858;SS;AS122-AS1-20180127174610
2018-01-27 17:48:06.015;RU;AS122-AS1-20180127174410
2018-01-27 17:48:08.138;VU;AS122-AS1-20180127174410
2018-01-27 17:49:15.540;RO;AS122-AS1-20180127174720
2018-01-27 17:49:16.694;SP;AS122-AS1-20180127174720
2018-01-27 17:49:17.095;RU;AS122-AS1-20180127174610
2018-01-27 17:49:20.072;SQ;AS122-AS1-20180127174920
2018-01-27 17:49:20.101;VU;AS122-AS1-20180127174610
2018-01-27 17:50:25.101;RO;AS122-AS1-20180127174920
2018-01-27 17:50:27.131;SP;AS122-AS1-20180127174920
2018-01-27 17:50:29.568;SQ;AS122-AS1-20180127175029
2018-01-27 17:50:34.137;RC;AS122-AS1-20180127174720
2018-01-27 17:50:35.057;SS;AS122-AS1-20180127174720
2018-01-27 17:51:06.966;RC;AS122-AS1-20180127174920
2018-01-27 17:51:08.006;SS;AS122-AS1-20180127174920
2018-01-27 17:51:42.994;RO;AS122-AS1-20180127175029
2018-01-27 17:51:45.946;SP;AS122-AS1-20180127175029
2018-01-27 17:51:47.894;SQ;AS122-AS1-20180127175147
2018-01-27 17:52:06.455;RU;AS122-AS1-20180127174720
2018-01-27 17:52:08.283;VU;AS122-AS1-20180127174720
2018-01-27 17:52:25.364;RC;AS122-AS1-20180127175029
2018-01-27 17:52:26.148;SS;AS122-AS1-20180127175029
2018-01-27 17:52:38.332;RU;AS122-AS1-20180127174920
2018-01-27 17:52:40.339;VU;AS122-AS1-20180127174920
2018-01-27 17:53:11.253;RO;AS122-AS1-20180127175147
2018-01-27 17:53:13.004;SP;AS122-AS1-20180127175147
2018-01-27 17:53:15.107;SQ;AS122-AS1-20180127175315
2018-01-27 17:53:53.993;RC;AS122-AS1-20180127175147
2018-01-27 17:53:54.969;SS;AS122-AS1-20180127175147
2018-01-27 17:54:24.981;RU;AS122-AS1-20180127175029
2018-01-27 17:54:27.490;VU;AS122-AS1-20180127175029
2018-01-27 17:54:33.088;RO;AS122-AS1-20180127175315
2018-01-27 17:54:35.787;SP;AS122-AS1-20180127175315
2018-01-27 17:54:38.052;SQ;AS122-AS1-20180127175438
2018-01-27 17:55:09.708;RU;AS122-AS1-20180127175147
2018-01-27 17:55:11.785;VU;AS122-AS1-20180127175147
2018-01-27 17:55:19.312;RC;AS122-AS1-20180127175315
2018-01-27 17:55:21.231;SS;AS122-AS1-20180127175315
2018-01-27 17:55:52.393;RO;AS122-AS1-20180127175438
2018-01-27 17:55:53.624;SP;AS122-AS1-20180127175438
2018-01-27 17:55:55.871;SQ;AS122-AS1-20180127175555
2018-01-27 17:56:31.484;RC;AS122-AS1-20180127175438
2018-01-27 17:56:32.691;SS;AS122-AS1-20180127175438
2018-01-27 17:56:35.857;RU;AS122-AS1-20180127175315
2018-01-27 17:56:37.627;VU;AS122-AS1-20180127175315
2018-01-27 17:57:16.831;RO;AS122-AS1-20180127175555
2018-01-27 17:57:18.216;SP;AS122-AS1-20180127175555
2018-01-27 17:57:20.566;SQ;AS122-AS1-20180127175720
2018-01-27 17:57:49.460;RU;AS122-AS1-20180127175438
2018-01-27 17:57:51.928;VU;AS122-AS1-20180127175438
2018-01-27 17:57:52.615;RC;AS122-AS1-20180127175555
2018-01-27 17:57:53.527;SS;AS122-AS1-20180127175555
2018-01-27 17:58:24.893;RO;AS122-AS1-20180127175720
2018-01-27 17:58:27.710;SP;AS122-AS1-20180127175720
2018-01-27 17:58:31.022;SQ;AS122-AS1-20180127175831
2018-01-27 17:59:02.433;RC;AS122-AS1-20180127175720
2018-01-27 17:59:03.418;SS;AS122-AS1-20180127175720
2018-01-27 17:59:08.282;RU;AS122-AS1-20180127175555
2018-01-27 17:59:10.021;VU;AS122-AS1-20180127175555
2018-01-27 17:59:57.524;RO;AS122-AS1-20180127175831
2018-01-27 17:59:58.837;SP;AS122-AS1-20180127175831
2018-01-27 18:00:13.577;RU;AS122-AS1-20180127175720
2018-01-27 18:00:15.716;VU;AS122-AS1-20180127175720
2018-01-27 18:00:30.513;RC;AS122-AS1-20180127175831
2018-01-27 18:00:33.257;SS;AS122-AS1-20180127175831
2018-01-27 18:00:58.812;RU;AS122-AS1-20180127175831
2018-01-27 18:01:00.713;VU;AS122-AS1-20180127175831
