2018-01-27 17:18:32.399;SQ;AS135-AS1-20180127171832
2018-01-27 17:19:01.396;RO;AS135-AS1-20180127171832
2018-01-27 17:19:02.240;SP;AS135-AS1-20180127171832
2018-01-27 17:19:03.831;SQ;AS135-AS1-20180127171903
2018-01-27 17:19:24.739;RC;AS135-AS1-20180127171832
2018-01-27 17:19:25.506;SS;AS135-AS1-20180127171832
2018-01-27 17:20:03.811;RO;AS135-AS1-20180127171903
2018-01-27 17:20:04.735;SP;AS135-AS1-20180127171903
2018-01-27 17:20:06.382;SQ;AS135-AS1-20180127172006
2018-01-27 17:20:40.819;RC;AS135-AS1-20180127171903
2018-01-27 17:20:41.607;SS;AS135-AS1-20180127171903
2018-01-27 17:20:45.849;RU;AS135-AS1-20180127171832
2018-01-27 17:20:47.643;VU;AS135-AS1-20180127171832
2018-01-27 17:21:10.364;RO;AS135-AS1-20180127172006
2018-01-27 17:21:11.272;SP;AS135-AS1-20180127172006
2018-01-27 17:21:12.863;SQ;AS135-AS1-20180127172112
2018-01-27 17:21:52.316;RC;AS135-AS1-20180127172006
2018-01-27 17:21:53.580;SS;AS135-AS1-20180127172006
2018-01-27 17:22:03.956;RU;AS135-AS1-20180127171903
2018-01-27 17:22:05.752;VU;AS135-AS1-20180127171903
2018-01-27 17:22:35.467;RO;AS135-AS1-20180127172112
2018-01-27 17:22:36.774;SP;AS135-AS1-20180127172112
2018-01-27 17:22:39.014;SQ;AS135-AS1-20180127172239
2018-01-27 17:23:16.172;RU;AS135-AS1-20180127172006
2018-01-27 17:23:18.011;VU;AS135-AS1-20180127172006
2018-01-27 17:23:24.281;RC;AS135-AS1-20180127172112
2018-01-27 17:23:25.941;SS;AS135-AS1-20180127172112
2018-01-27 17:24:03.448;RO;AS135-AS1-20180127172239
2018-01-27 17:24:04.422;SP;AS135-AS1-20180127172239
2018-01-27 17:24:06.051;SQ;AS135-AS1-20180127172406
2018-01-27 17:24:46.582;RU;AS135-AS1-20180127172112
2018-01-27 17:24:48.400;VU;AS135-AS1-20180127172112
2018-01-27 17:24:49.632;RC;AS135-AS1-20180127172239
2018-01-27 17:24:50.427;SS;AS135-AS1-20180127172239
2018-01-27 17:25:25.525;RO;AS135-AS1-20180127172406
2018-01-27 17:25:26.417;SP;AS135-AS1-20180127172406
2018-01-27 17:25:28.478;SQ;AS135-AS1-20180127172528
2018-01-27 17:26:10.225;RU;AS135-AS1-20180127172239
2018-01-27 17:26:11.754;RC;AS135-AS1-20180127172406
2018-01-27 17:26:13.002;SS;AS135-AS1-20180127172406
2018-01-27 17:26:55.658;RO;AS135-AS1-20180127172528
2018-01-27 17:26:57.266;SP;AS135-AS1-20180127172528
2018-01-27 17:26:59.621;SQ;AS135-AS1-20180127172659
2018-01-27 17:27:33.897;RU;AS135-AS1-20180127172406
2018-01-27 17:27:37.788;RC;AS135-AS1-20180127172528
2018-01-27 17:27:37.863;VU;AS135-AS1-20180127172406
2018-01-27 17:27:39.278;SS;AS135-AS1-20180127172528
2018-01-27 17:28:20.879;RO;AS135-AS1-20180127172659
2018-01-27 17:28:23.104;SP;AS135-AS1-20180127172659
2018-01-27 17:28:25.598;SQ;AS135-AS1-20180127172825
2018-01-27 17:29:06.413;RU;AS135-AS1-20180127172528
2018-01-27 17:29:08.349;VU;AS135-AS1-20180127172528
2018-01-27 17:29:09.508;RC;AS135-AS1-20180127172659
2018-01-27 17:29:10.717;SS;AS135-AS1-20180127172659
2018-01-27 17:29:49.612;RO;AS135-AS1-20180127172825
2018-01-27 17:29:50.919;SP;AS135-AS1-20180127172825
2018-01-27 17:29:54.019;SQ;AS135-AS1-20180127172954
2018-01-27 17:30:32.818;RU;AS135-AS1-20180127172659
2018-01-27 17:30:34.824;VU;AS135-AS1-20180127172659
2018-01-27 17:30:37.007;RC;AS135-AS1-20180127172825
2018-01-27 17:30:38.637;SS;AS135-AS1-20180127172825
2018-01-27 17:31:08.845;RO;AS135-AS1-20180127172954
2018-01-27 17:31:10.069;SP;AS135-AS1-20180127172954
2018-01-27 17:31:14.168;SQ;AS135-AS1-20180127173114
2018-01-27 17:31:54.775;RC;AS135-AS1-20180127172954
2018-01-27 17:31:55.615;SS;AS135-AS1-20180127172954
2018-01-27 17:31:56.463;RU;AS135-AS1-20180127172825
2018-01-27 17:31:58.285;VU;AS135-AS1-20180127172825
2018-01-27 17:32:29.368;RO;AS135-AS1-20180127173114
2018-01-27 17:32:31.431;SP;AS135-AS1-20180127173114
2018-01-27 17:32:33.916;SQ;AS135-AS1-20180127173233
2018-01-27 17:33:18.295;RC;AS135-AS1-20180127173114
2018-01-27 17:33:19.452;SS;AS135-AS1-20180127173114
2018-01-27 17:33:23.719;RU;AS135-AS1-20180127172954
2018-01-27 17:33:26.209;VU;AS135-AS1-20180127172954
2018-01-27 17:34:00.463;RO;AS135-AS1-20180127173233
2018-01-27 17:34:01.962;SP;AS135-AS1-20180127173233
2018-01-27 17:34:06.187;SQ;AS135-AS1-20180127173406
2018-01-27 17:34:43.153;RC;AS135-AS1-20180127173233
2018-01-27 17:34:43.657;RU;AS135-AS1-20180127173114
2018-01-27 17:34:44.463;SS;AS135-AS1-20180127173233
2018-01-27 17:34:46.505;VU;AS135-AS1-20180127173114
2018-01-27 17:35:28.464;RO;AS135-AS1-20180127173406
2018-01-27 17:35:29.635;SP;AS135-AS1-20180127173406
2018-01-27 17:35:31.994;SQ;AS135-AS1-20180127173531
2018-01-27 17:36:04.255;RU;AS135-AS1-20180127173233
2018-01-27 17:36:06.400;VU;AS135-AS1-20180127173233
2018-01-27 17:36:12.794;RC;AS135-AS1-20180127173406
2018-01-27 17:36:13.612;SS;AS135-AS1-20180127173406
2018-01-27 17:36:52.272;RO;AS135-AS1-20180127173531
2018-01-27 17:36:54.429;SP;AS135-AS1-20180127173531
2018-01-27 17:36:56.774;SQ;AS135-AS1-20180127173656
2018-01-27 17:37:35.535;RC;AS135-AS1-20180127173531
2018-01-27 17:37:37.109;SS;AS135-AS1-20180127173531
2018-01-27 17:37:39.399;RU;AS135-AS1-20180127173406
2018-01-27 17:37:41.652;VU;AS135-AS1-20180127173406
2018-01-27 17:38:26.502;RO;AS135-AS1-20180127173656
2018-01-27 17:38:27.675;SP;AS135-AS1-20180127173656
2018-01-27 17:38:30.042;SQ;AS135-AS1-20180127173830
2018-01-27 17:39:07.617;RU;AS135-AS1-20180127173531
2018-01-27 17:39:10.183;VU;AS135-AS1-20180127173531
2018-01-27 17:39:14.533;RC;AS135-AS1-20180127173656
2018-01-27 17:39:16.134;SS;AS135-AS1-20180127173656
2018-01-27 17:39:53.669;RO;AS135-AS1-20180127173830
2018-01-27 17:39:55.563;SP;AS135-AS1-20180127173830
2018-01-27 17:39:57.911;SQ;AS135-AS1-20180127173957
2018-01-27 17:40:35.037;RC;AS135-AS1-20180127173830
2018-01-27 17:40:36.601;SS;AS135-AS1-20180127173830
2018-01-27 17:40:37.520;RU;AS135-AS1-20180127173656
2018-01-27 17:40:39.967;VU;AS135-AS1-20180127173656
2018-01-27 17:41:12.570;RO;AS135-AS1-20180127173957
2018-01-27 17:41:14.272;SP;AS135-AS1-20180127173957
2018-01-27 17:41:16.783;SQ;AS135-AS1-20180127174116
2018-01-27 17:41:46.298;RU;AS135-AS1-20180127173830
2018-01-27 17:41:48.036;RC;AS135-AS1-20180127173957
2018-01-27 17:41:48.473;VU;AS135-AS1-20180127173830
2018-01-27 17:41:49.554;SS;AS135-AS1-20180127173957
2018-01-27 17:42:34.771;RO;AS135-AS1-20180127174116
2018-01-27 17:42:35.989;SP;AS135-AS1-20180127174116
2018-01-27 17:42:39.898;SQ;AS135-AS1-20180127174239
2018-01-27 17:43:15.401;RC;AS135-AS1-20180127174116
2018-01-27 17:43:17.005;SS;AS135-AS1-20180127174116
2018-01-27 17:43:18.220;RU;AS135-AS1-20180127173957
2018-01-27 17:43:20.541;VU;AS135-AS1-20180127173957
2018-01-27 17:44:39.015;RO;AS135-AS1-20180127174239
2018-01-27 17:44:40.225;RU;AS135-AS1-20180127174116
2018-01-27 17:44:40.867;SP;AS135-AS1-20180127174239
2018-01-27 17:44:44.544;VU;AS135-AS1-20180127174116
2018-01-27 17:44:45.153;SQ;AS135-AS1-20180127174445
2018-01-27 17:45:24.942;RC;AS135-AS1-20180127174239
2018-01-27 17:45:26.491;SS;AS135-AS1-20180127174239
2018-01-27 17:46:06.878;RO;AS135-AS1-20180127174445
2018-01-27 17:46:08.368;SP;AS135-AS1-20180127174445
2018-01-27 17:46:10.658;SQ;AS135-AS1-20180127174610
2018-01-27 17:46:41.775;RU;AS135-AS1-20180127174239
2018-01-27 17:46:43.556;VU;AS135-AS1-20180127174239
2018-01-27 17:46:49.080;RC;AS135-AS1-20180127174445
2018-01-27 17:46:50.646;SS;AS135-AS1-20180127174445
2018-01-27 17:47:35.095;RO;AS135-AS1-20180127174610
2018-01-27 17:47:37.285;SP;AS135-AS1-20180127174610
2018-01-27 17:47:39.387;SQ;AS135-AS1-20180127174739
2018-01-27 17:48:11.956;RU;AS135-AS1-20180127174445
2018-01-27 17:48:14.108;VU;AS135-AS1-20180127174445
2018-01-27 17:48:22.364;RC;AS135-AS1-20180127174610
2018-01-27 17:48:23.925;SS;AS135-AS1-20180127174610
2018-01-27 17:49:01.191;RO;AS135-AS1-20180127174739
2018-01-27 17:49:02.709;SP;AS135-AS1-20180127174739
2018-01-27 17:49:05.233;SQ;AS135-AS1-20180127174905
2018-01-27 17:49:46.430;RC;AS135-AS1-20180127174739
2018-01-27 17:49:46.843;RU;AS135-AS1-20180127174610
2018-01-27 17:49:47.695;SS;AS135-AS1-20180127174739
2018-01-27 17:49:49.635;VU;AS135-AS1-20180127174610
2018-01-27 17:50:22.835;RO;AS135-AS1-20180127174905
2018-01-27 17:50:24.255;SP;AS135-AS1-20180127174905
2018-01-27 17:50:28.574;SQ;AS135-AS1-20180127175028
2018-01-27 17:51:05.835;RC;AS135-AS1-20180127174905
2018-01-27 17:51:07.430;SS;AS135-AS1-20180127174905
2018-01-27 17:51:21.927;RU;AS135-AS1-20180127174739
2018-01-27 17:51:24.319;VU;AS135-AS1-20180127174739
2018-01-27 17:51:38.419;RO;AS135-AS1-20180127175028
2018-01-27 17:51:39.805;SP;AS135-AS1-20180127175028
2018-01-27 17:51:42.225;SQ;AS135-AS1-20180127175142
2018-01-27 17:52:24.901;RC;AS135-AS1-20180127175028
2018-01-27 17:52:26.426;SS;AS135-AS1-20180127175028
2018-01-27 17:52:31.297;RU;AS135-AS1-20180127174905
2018-01-27 17:52:33.447;VU;AS135-AS1-20180127174905
2018-01-27 17:53:31.964;RO;AS135-AS1-20180127175142
2018-01-27 17:53:34.314;SP;AS135-AS1-20180127175142
2018-01-27 17:53:36.745;SQ;AS135-AS1-20180127175336
2018-01-27 17:53:53.011;RU;AS135-AS1-20180127175028
2018-01-27 17:53:54.815;VU;AS135-AS1-20180127175028
2018-01-27 17:54:15.318;RC;AS135-AS1-20180127175142
2018-01-27 17:54:16.541;SS;AS135-AS1-20180127175142
2018-01-27 17:54:43.638;RO;AS135-AS1-20180127175336
2018-01-27 17:54:45.419;SP;AS135-AS1-20180127175336
2018-01-27 17:54:47.635;SQ;AS135-AS1-20180127175447
2018-01-27 17:55:31.882;RC;AS135-AS1-20180127175336
2018-01-27 17:55:32.856;SS;AS135-AS1-20180127175336
2018-01-27 17:55:39.593;RU;AS135-AS1-20180127175142
2018-01-27 17:55:42.265;VU;AS135-AS1-20180127175142
2018-01-27 17:56:14.715;RO;AS135-AS1-20180127175447
2018-01-27 17:56:16.145;SP;AS135-AS1-20180127175447
2018-01-27 17:56:18.517;SQ;AS135-AS1-20180127175618
2018-01-27 17:56:48.282;RU;AS135-AS1-20180127175336
2018-01-27 17:56:50.486;RC;AS135-AS1-20180127175447
2018-01-27 17:56:52.092;SS;AS135-AS1-20180127175447
2018-01-27 17:57:43.246;RO;AS135-AS1-20180127175618
2018-01-27 17:57:45.259;SP;AS135-AS1-20180127175618
2018-01-27 17:57:49.071;SQ;AS135-AS1-20180127175749
2018-01-27 17:58:12.527;RU;AS135-AS1-20180127175447
2018-01-27 17:58:15.361;VU;AS135-AS1-20180127175447
2018-01-27 17:58:21.484;RC;AS135-AS1-20180127175618
2018-01-27 17:58:23.340;SS;AS135-AS1-20180127175618
2018-01-27 17:59:00.803;RO;AS135-AS1-20180127175749
2018-01-27 17:59:03.070;SP;AS135-AS1-20180127175749
2018-01-27 17:59:06.791;SQ;AS135-AS1-20180127175906
2018-01-27 17:59:38.483;RC;AS135-AS1-20180127175749
2018-01-27 17:59:38.539;RU;AS135-AS1-20180127175618
2018-01-27 17:59:41.129;SS;AS135-AS1-20180127175749
2018-01-27 17:59:42.316;VU;AS135-AS1-20180127175618
2018-01-27 18:00:13.086;RO;AS135-AS1-20180127175906
2018-01-27 18:00:15.581;SP;AS135-AS1-20180127175906
2018-01-27 18:00:38.982;RU;AS135-AS1-20180127175749
2018-01-27 18:00:41.905;VU;AS135-AS1-20180127175749
2018-01-27 18:00:57.928;RC;AS135-AS1-20180127175906
2018-01-27 18:01:00.755;SS;AS135-AS1-20180127175906
2018-01-27 18:01:09.292;RU;AS135-AS1-20180127175906
2018-01-27 18:01:12.716;VU;AS135-AS1-20180127175906
