2018-01-27 17:18:38.307;SQ;AS132-AS1-20180127171838
2018-01-27 17:19:16.462;RO;AS132-AS1-20180127171838
2018-01-27 17:19:17.660;SP;AS132-AS1-20180127171838
2018-01-27 17:19:19.329;SQ;AS132-AS1-20180127171919
2018-01-27 17:19:50.066;RC;AS132-AS1-20180127171838
2018-01-27 17:19:50.883;SS;AS132-AS1-20180127171838
2018-01-27 17:20:34.178;RO;AS132-AS1-20180127171919
2018-01-27 17:20:35.235;SP;AS132-AS1-20180127171919
2018-01-27 17:20:36.862;SQ;AS132-AS1-20180127172036
2018-01-27 17:21:08.469;RU;AS132-AS1-20180127171838
2018-01-27 17:21:10.299;VU;AS132-AS1-20180127171838
2018-01-27 17:21:14.670;RC;AS132-AS1-20180127171919
2018-01-27 17:21:15.503;SS;AS132-AS1-20180127171919
2018-01-27 17:22:04.431;RO;AS132-AS1-20180127172036
2018-01-27 17:22:05.293;SP;AS132-AS1-20180127172036
2018-01-27 17:22:07.703;SQ;AS132-AS1-20180127172207
2018-01-27 17:22:45.132;RC;AS132-AS1-20180127172036
2018-01-27 17:22:45.458;RU;AS132-AS1-20180127171919
2018-01-27 17:22:46.365;SS;AS132-AS1-20180127172036
2018-01-27 17:22:47.810;VU;AS132-AS1-20180127171919
2018-01-27 17:23:34.438;RO;AS132-AS1-20180127172207
2018-01-27 17:23:35.637;SP;AS132-AS1-20180127172207
2018-01-27 17:23:37.315;SQ;AS132-AS1-20180127172337
2018-01-27 17:24:18.084;RU;AS132-AS1-20180127172036
2018-01-27 17:24:18.775;RC;AS132-AS1-20180127172207
2018-01-27 17:24:19.763;SS;AS132-AS1-20180127172207
2018-01-27 17:24:20.054;VU;AS132-AS1-20180127172036
2018-01-27 17:25:01.025;RO;AS132-AS1-20180127172337
2018-01-27 17:25:02.270;SP;AS132-AS1-20180127172337
2018-01-27 17:25:03.965;SQ;AS132-AS1-20180127172503
2018-01-27 17:25:44.475;RU;AS132-AS1-20180127172207
2018-01-27 17:25:46.256;RC;AS132-AS1-20180127172337
2018-01-27 17:25:47.209;SS;AS132-AS1-20180127172337
2018-01-27 17:26:28.674;RO;AS132-AS1-20180127172503
2018-01-27 17:26:30.766;SP;AS132-AS1-20180127172503
2018-01-27 17:26:34.367;SQ;AS132-AS1-20180127172634
2018-01-27 17:27:13.159;RC;AS132-AS1-20180127172503
2018-01-27 17:27:14.801;SS;AS132-AS1-20180127172503
2018-01-27 17:27:15.801;RU;AS132-AS1-20180127172337
2018-01-27 17:27:18.400;VU;AS132-AS1-20180127172337
2018-01-27 17:28:00.265;RO;AS132-AS1-20180127172634
2018-01-27 17:28:01.312;SP;AS132-AS1-20180127172634
2018-01-27 17:28:03.845;SQ;AS132-AS1-20180127172803
2018-01-27 17:28:31.712;RU;AS132-AS1-20180127172503
2018-01-27 17:28:33.910;VU;AS132-AS1-20180127172503
2018-01-27 17:28:46.764;RC;AS132-AS1-20180127172634
2018-01-27 17:28:48.074;SS;AS132-AS1-20180127172634
2018-01-27 17:29:18.140;RO;AS132-AS1-20180127172803
2018-01-27 17:29:20.008;SP;AS132-AS1-20180127172803
2018-01-27 17:29:22.324;SQ;AS132-AS1-20180127172922
2018-01-27 17:30:01.287;RC;AS132-AS1-20180127172803
2018-01-27 17:30:02.275;SS;AS132-AS1-20180127172803
2018-01-27 17:30:20.486;RU;AS132-AS1-20180127172634
2018-01-27 17:30:22.651;VU;AS132-AS1-20180127172634
2018-01-27 17:30:50.471;RO;AS132-AS1-20180127172922
2018-01-27 17:30:52.559;SP;AS132-AS1-20180127172922
2018-01-27 17:30:56.316;SQ;AS132-AS1-20180127173056
2018-01-27 17:31:37.569;RC;AS132-AS1-20180127172922
2018-01-27 17:31:37.570;RU;AS132-AS1-20180127172803
2018-01-27 17:31:39.898;SS;AS132-AS1-20180127172922
2018-01-27 17:31:40.899;VU;AS132-AS1-20180127172803
2018-01-27 17:32:22.838;RO;AS132-AS1-20180127173056
2018-01-27 17:32:24.432;SP;AS132-AS1-20180127173056
2018-01-27 17:32:26.725;SQ;AS132-AS1-20180127173226
2018-01-27 17:33:05.337;RU;AS132-AS1-20180127172922
2018-01-27 17:33:07.356;RC;AS132-AS1-20180127173056
2018-01-27 17:33:07.682;VU;AS132-AS1-20180127172922
2018-01-27 17:33:08.953;SS;AS132-AS1-20180127173056
2018-01-27 17:33:45.567;RO;AS132-AS1-20180127173226
2018-01-27 17:33:47.688;SP;AS132-AS1-20180127173226
2018-01-27 17:33:51.491;SQ;AS132-AS1-20180127173351
2018-01-27 17:34:17.756;RC;AS132-AS1-20180127173226
2018-01-27 17:34:19.953;SS;AS132-AS1-20180127173226
2018-01-27 17:34:29.696;RU;AS132-AS1-20180127173056
2018-01-27 17:35:07.315;RO;AS132-AS1-20180127173351
2018-01-27 17:35:09.660;SP;AS132-AS1-20180127173351
2018-01-27 17:35:13.439;SQ;AS132-AS1-20180127173513
2018-01-27 17:35:46.812;RC;AS132-AS1-20180127173351
2018-01-27 17:35:46.852;RU;AS132-AS1-20180127173226
2018-01-27 17:35:49.986;SS;AS132-AS1-20180127173351
2018-01-27 17:35:50.988;VU;AS132-AS1-20180127173226
2018-01-27 17:36:31.646;RO;AS132-AS1-20180127173513
2018-01-27 17:36:34.109;SP;AS132-AS1-20180127173513
2018-01-27 17:36:39.679;SQ;AS132-AS1-20180127173639
2018-01-27 17:37:07.352;RC;AS132-AS1-20180127173513
2018-01-27 17:37:10.512;SS;AS132-AS1-20180127173513
2018-01-27 17:37:21.662;RU;AS132-AS1-20180127173351
2018-01-27 17:37:25.901;VU;AS132-AS1-20180127173351
2018-01-27 17:38:07.446;RO;AS132-AS1-20180127173639
2018-01-27 17:38:10.148;SP;AS132-AS1-20180127173639
2018-01-27 17:38:16.441;SQ;AS132-AS1-20180127173816
2018-01-27 17:38:21.220;RU;AS132-AS1-20180127173513
2018-01-27 17:38:24.065;VU;AS132-AS1-20180127173513
2018-01-27 17:38:54.856;RC;AS132-AS1-20180127173639
2018-01-27 17:38:56.724;SS;AS132-AS1-20180127173639
2018-01-27 17:39:36.376;RO;AS132-AS1-20180127173816
2018-01-27 17:39:38.109;SP;AS132-AS1-20180127173816
2018-01-27 17:39:42.101;SQ;AS132-AS1-20180127173942
2018-01-27 17:40:21.246;RC;AS132-AS1-20180127173816
2018-01-27 17:40:23.102;SS;AS132-AS1-20180127173816
2018-01-27 17:40:26.738;RU;AS132-AS1-20180127173639
2018-01-27 17:40:29.782;VU;AS132-AS1-20180127173639
2018-01-27 17:40:56.689;RO;AS132-AS1-20180127173942
2018-01-27 17:40:58.358;SP;AS132-AS1-20180127173942
2018-01-27 17:41:02.599;SQ;AS132-AS1-20180127174102
2018-01-27 17:41:37.579;RC;AS132-AS1-20180127173942
2018-01-27 17:41:39.497;SS;AS132-AS1-20180127173942
2018-01-27 17:41:54.540;RU;AS132-AS1-20180127173816
2018-01-27 17:41:57.418;VU;AS132-AS1-20180127173816
2018-01-27 17:42:20.629;RO;AS132-AS1-20180127174102
2018-01-27 17:42:24.003;SP;AS132-AS1-20180127174102
2018-01-27 17:42:27.724;SQ;AS132-AS1-20180127174227
2018-01-27 17:43:06.888;RU;AS132-AS1-20180127173942
2018-01-27 17:43:07.689;RC;AS132-AS1-20180127174102
2018-01-27 17:43:11.520;SS;AS132-AS1-20180127174102
2018-01-27 17:43:11.912;VU;AS132-AS1-20180127173942
2018-01-27 17:43:46.987;RO;AS132-AS1-20180127174227
2018-01-27 17:43:49.212;SP;AS132-AS1-20180127174227
2018-01-27 17:43:53.199;SQ;AS132-AS1-20180127174353
2018-01-27 17:44:21.157;RC;AS132-AS1-20180127174227
2018-01-27 17:44:23.137;SS;AS132-AS1-20180127174227
2018-01-27 17:44:26.044;RU;AS132-AS1-20180127174102
2018-01-27 17:44:29.873;VU;AS132-AS1-20180127174102
2018-01-27 17:45:07.173;RO;AS132-AS1-20180127174353
2018-01-27 17:45:09.466;SP;AS132-AS1-20180127174353
2018-01-27 17:45:14.796;SQ;AS132-AS1-20180127174514
2018-01-27 17:45:41.859;RU;AS132-AS1-20180127174227
2018-01-27 17:45:46.228;VU;AS132-AS1-20180127174227
2018-01-27 17:45:52.096;RC;AS132-AS1-20180127174353
2018-01-27 17:45:54.068;SS;AS132-AS1-20180127174353
2018-01-27 17:46:30.686;RO;AS132-AS1-20180127174514
2018-01-27 17:46:34.156;SP;AS132-AS1-20180127174514
2018-01-27 17:46:37.816;SQ;AS132-AS1-20180127174637
2018-01-27 17:47:11.007;RC;AS132-AS1-20180127174514
2018-01-27 17:47:12.685;SS;AS132-AS1-20180127174514
2018-01-27 17:47:13.681;RU;AS132-AS1-20180127174353
2018-01-27 17:47:16.018;VU;AS132-AS1-20180127174353
2018-01-27 17:48:00.450;RO;AS132-AS1-20180127174637
2018-01-27 17:48:02.305;SP;AS132-AS1-20180127174637
2018-01-27 17:48:08.297;SQ;AS132-AS1-20180127174808
2018-01-27 17:48:37.236;RC;AS132-AS1-20180127174637
2018-01-27 17:48:40.352;SS;AS132-AS1-20180127174637
2018-01-27 17:48:45.154;RU;AS132-AS1-20180127174514
2018-01-27 17:48:47.577;VU;AS132-AS1-20180127174514
2018-01-27 17:49:22.223;RO;AS132-AS1-20180127174808
2018-01-27 17:49:25.927;SP;AS132-AS1-20180127174808
2018-01-27 17:49:29.621;SQ;AS132-AS1-20180127174929
2018-01-27 17:50:02.773;RC;AS132-AS1-20180127174808
2018-01-27 17:50:02.788;RU;AS132-AS1-20180127174637
2018-01-27 17:50:05.756;SS;AS132-AS1-20180127174808
2018-01-27 17:50:06.758;VU;AS132-AS1-20180127174637
2018-01-27 17:50:44.684;RO;AS132-AS1-20180127174929
2018-01-27 17:50:46.256;SP;AS132-AS1-20180127174929
2018-01-27 17:50:50.148;SQ;AS132-AS1-20180127175050
2018-01-27 17:51:23.357;RU;AS132-AS1-20180127174808
2018-01-27 17:51:36.650;RC;AS132-AS1-20180127174929
2018-01-27 17:51:39.284;SS;AS132-AS1-20180127174929
2018-01-27 17:52:12.737;RO;AS132-AS1-20180127175050
2018-01-27 17:52:17.033;SP;AS132-AS1-20180127175050
2018-01-27 17:52:22.627;SQ;AS132-AS1-20180127175222
2018-01-27 17:52:42.524;RC;AS132-AS1-20180127175050
2018-01-27 17:52:45.940;SS;AS132-AS1-20180127175050
2018-01-27 17:52:59.171;RU;AS132-AS1-20180127174929
2018-01-27 17:53:04.878;VU;AS132-AS1-20180127174929
2018-01-27 17:53:44.167;RO;AS132-AS1-20180127175222
2018-01-27 17:53:47.376;SP;AS132-AS1-20180127175222
2018-01-27 17:53:53.729;SQ;AS132-AS1-20180127175353
2018-01-27 17:53:55.501;RU;AS132-AS1-20180127175050
2018-01-27 17:53:59.123;VU;AS132-AS1-20180127175050
2018-01-27 17:54:29.230;RC;AS132-AS1-20180127175222
2018-01-27 17:54:32.100;SS;AS132-AS1-20180127175222
2018-01-27 17:55:44.361;RO;AS132-AS1-20180127175353
2018-01-27 17:55:47.211;SP;AS132-AS1-20180127175353
2018-01-27 17:55:54.365;SQ;AS132-AS1-20180127175554
2018-01-27 17:55:59.023;RU;AS132-AS1-20180127175222
2018-01-27 17:56:02.680;VU;AS132-AS1-20180127175222
2018-01-27 17:56:19.913;RC;AS132-AS1-20180127175353
2018-01-27 17:56:23.093;SS;AS132-AS1-20180127175353
2018-01-27 17:57:34.492;RU;AS132-AS1-20180127175353
2018-01-27 17:57:49.758;RO;AS132-AS1-20180127175554
2018-01-27 17:57:53.596;SP;AS132-AS1-20180127175554
2018-01-27 17:58:02.408;SQ;AS132-AS1-20180127175802
2018-01-27 17:58:36.748;RC;AS132-AS1-20180127175554
2018-01-27 17:58:40.392;SS;AS132-AS1-20180127175554
2018-01-27 17:59:09.223;RO;AS132-AS1-20180127175802
2018-01-27 17:59:13.890;SP;AS132-AS1-20180127175802
2018-01-27 17:59:22.002;SQ;AS132-AS1-20180127175922
2018-01-27 17:59:44.440;RC;AS132-AS1-20180127175802
2018-01-27 17:59:49.708;SS;AS132-AS1-20180127175802
2018-01-27 17:59:56.422;RU;AS132-AS1-20180127175554
2018-01-27 18:00:02.010;VU;AS132-AS1-20180127175554
2018-01-27 18:00:14.746;RO;AS132-AS1-20180127175922
2018-01-27 18:00:21.390;SP;AS132-AS1-20180127175922
2018-01-27 18:00:27.978;SQ;AS132-AS1-20180127180027
2018-01-27 18:00:41.019;RC;AS132-AS1-20180127175922
2018-01-27 18:00:41.025;RU;AS132-AS1-20180127175802
2018-01-27 18:00:49.024;SS;AS132-AS1-20180127175922
2018-01-27 18:00:50.021;VU;AS132-AS1-20180127175802
2018-01-27 18:00:57.573;RO;AS132-AS1-20180127180027
2018-01-27 18:01:02.516;SP;AS132-AS1-20180127180027
2018-01-27 18:01:08.181;RU;AS132-AS1-20180127175922
2018-01-27 18:01:09.189;RC;AS132-AS1-20180127180027
2018-01-27 18:01:14.115;SS;AS132-AS1-20180127180027
2018-01-27 18:01:14.701;VU;AS132-AS1-20180127175922
2018-01-27 18:01:18.519;RU;AS132-AS1-20180127180027
2018-01-27 18:01:24.789;VU;AS132-AS1-20180127180027
