2018-01-27 17:18:34.150;SQ;AS145-AS1-20180127171834
2018-01-27 17:19:05.622;RO;AS145-AS1-20180127171834
2018-01-27 17:19:06.516;SP;AS145-AS1-20180127171834
2018-01-27 17:19:08.154;SQ;AS145-AS1-20180127171908
2018-01-27 17:19:33.595;RC;AS145-AS1-20180127171834
2018-01-27 17:19:34.427;SS;AS145-AS1-20180127171834
2018-01-27 17:19:57.706;RO;AS145-AS1-20180127171908
2018-01-27 17:19:58.556;SP;AS145-AS1-20180127171908
2018-01-27 17:20:00.211;SQ;AS145-AS1-20180127172000
2018-01-27 17:20:40.812;RC;AS145-AS1-20180127171908
2018-01-27 17:20:41.631;SS;AS145-AS1-20180127171908
2018-01-27 17:20:48.732;RU;AS145-AS1-20180127171834
2018-01-27 17:20:51.447;VU;AS145-AS1-20180127171834
2018-01-27 17:21:08.055;RO;AS145-AS1-20180127172000
2018-01-27 17:21:09.138;SP;AS145-AS1-20180127172000
2018-01-27 17:21:10.840;SQ;AS145-AS1-20180127172110
2018-01-27 17:21:49.369;RC;AS145-AS1-20180127172000
2018-01-27 17:21:50.212;SS;AS145-AS1-20180127172000
2018-01-27 17:22:08.858;RU;AS145-AS1-20180127171908
2018-01-27 17:22:10.730;VU;AS145-AS1-20180127171908
2018-01-27 17:22:32.582;RO;AS145-AS1-20180127172110
2018-01-27 17:22:33.784;SP;AS145-AS1-20180127172110
2018-01-27 17:22:35.414;SQ;AS145-AS1-20180127172235
2018-01-27 17:23:13.499;RC;AS145-AS1-20180127172110
2018-01-27 17:23:14.337;SS;AS145-AS1-20180127172110
2018-01-27 17:23:16.928;RU;AS145-AS1-20180127172000
2018-01-27 17:23:18.745;VU;AS145-AS1-20180127172000
2018-01-27 17:23:55.124;RO;AS145-AS1-20180127172235
2018-01-27 17:23:57.240;SP;AS145-AS1-20180127172235
2018-01-27 17:23:58.896;SQ;AS145-AS1-20180127172358
2018-01-27 17:24:35.560;RU;AS145-AS1-20180127172110
2018-01-27 17:24:37.384;VU;AS145-AS1-20180127172110
2018-01-27 17:24:38.505;RC;AS145-AS1-20180127172235
2018-01-27 17:24:39.354;SS;AS145-AS1-20180127172235
2018-01-27 17:25:27.286;RO;AS145-AS1-20180127172358
2018-01-27 17:25:29.100;SP;AS145-AS1-20180127172358
2018-01-27 17:25:31.359;SQ;AS145-AS1-20180127172531
2018-01-27 17:25:58.440;RU;AS145-AS1-20180127172235
2018-01-27 17:26:00.305;VU;AS145-AS1-20180127172235
2018-01-27 17:26:09.385;RC;AS145-AS1-20180127172358
2018-01-27 17:26:10.202;SS;AS145-AS1-20180127172358
2018-01-27 17:26:56.162;RO;AS145-AS1-20180127172531
2018-01-27 17:26:57.291;SP;AS145-AS1-20180127172531
2018-01-27 17:26:58.962;SQ;AS145-AS1-20180127172658
2018-01-27 17:27:31.816;RU;AS145-AS1-20180127172358
2018-01-27 17:27:33.650;VU;AS145-AS1-20180127172358
2018-01-27 17:27:36.489;RC;AS145-AS1-20180127172531
2018-01-27 17:27:37.321;SS;AS145-AS1-20180127172531
2018-01-27 17:28:22.387;RO;AS145-AS1-20180127172658
2018-01-27 17:28:23.390;SP;AS145-AS1-20180127172658
2018-01-27 17:28:25.044;SQ;AS145-AS1-20180127172825
2018-01-27 17:28:59.072;RC;AS145-AS1-20180127172658
2018-01-27 17:28:59.891;SS;AS145-AS1-20180127172658
2018-01-27 17:29:03.923;RU;AS145-AS1-20180127172531
2018-01-27 17:29:05.745;VU;AS145-AS1-20180127172531
2018-01-27 17:29:47.102;RO;AS145-AS1-20180127172825
2018-01-27 17:29:47.977;SP;AS145-AS1-20180127172825
2018-01-27 17:29:49.619;SQ;AS145-AS1-20180127172949
2018-01-27 17:30:31.219;RU;AS145-AS1-20180127172658
2018-01-27 17:30:31.505;RC;AS145-AS1-20180127172825
2018-01-27 17:30:32.904;SS;AS145-AS1-20180127172825
2018-01-27 17:30:33.532;VU;AS145-AS1-20180127172658
2018-01-27 17:31:07.499;RO;AS145-AS1-20180127172949
2018-01-27 17:31:08.560;SP;AS145-AS1-20180127172949
2018-01-27 17:31:10.253;SQ;AS145-AS1-20180127173110
2018-01-27 17:31:42.020;RC;AS145-AS1-20180127172949
2018-01-27 17:31:43.533;SS;AS145-AS1-20180127172949
2018-01-27 17:32:00.621;RU;AS145-AS1-20180127172825
2018-01-27 17:32:02.433;VU;AS145-AS1-20180127172825
2018-01-27 17:32:33.601;RO;AS145-AS1-20180127173110
2018-01-27 17:32:34.667;SP;AS145-AS1-20180127173110
2018-01-27 17:32:36.335;SQ;AS145-AS1-20180127173236
2018-01-27 17:33:10.761;RU;AS145-AS1-20180127172949
2018-01-27 17:33:12.577;VU;AS145-AS1-20180127172949
2018-01-27 17:33:19.012;RC;AS145-AS1-20180127173110
2018-01-27 17:33:19.856;SS;AS145-AS1-20180127173110
2018-01-27 17:33:59.251;RO;AS145-AS1-20180127173236
2018-01-27 17:34:00.266;SP;AS145-AS1-20180127173236
2018-01-27 17:34:01.934;SQ;AS145-AS1-20180127173401
2018-01-27 17:34:43.708;RU;AS145-AS1-20180127173110
2018-01-27 17:34:44.254;RC;AS145-AS1-20180127173236
2018-01-27 17:34:45.422;SS;AS145-AS1-20180127173236
2018-01-27 17:34:45.832;VU;AS145-AS1-20180127173110
2018-01-27 17:35:20.431;RO;AS145-AS1-20180127173401
2018-01-27 17:35:21.839;SP;AS145-AS1-20180127173401
2018-01-27 17:35:23.480;SQ;AS145-AS1-20180127173523
2018-01-27 17:36:03.483;RC;AS145-AS1-20180127173401
2018-01-27 17:36:04.320;SS;AS145-AS1-20180127173401
2018-01-27 17:36:08.635;RU;AS145-AS1-20180127173236
2018-01-27 17:36:10.485;VU;AS145-AS1-20180127173236
2018-01-27 17:36:39.691;RO;AS145-AS1-20180127173523
2018-01-27 17:36:40.886;SP;AS145-AS1-20180127173523
2018-01-27 17:36:42.547;SQ;AS145-AS1-20180127173642
2018-01-27 17:37:24.562;RC;AS145-AS1-20180127173523
2018-01-27 17:37:25.378;SS;AS145-AS1-20180127173523
2018-01-27 17:37:31.713;RU;AS145-AS1-20180127173401
2018-01-27 17:37:33.531;VU;AS145-AS1-20180127173401
2018-01-27 17:38:02.738;RO;AS145-AS1-20180127173642
2018-01-27 17:38:03.954;SP;AS145-AS1-20180127173642
2018-01-27 17:38:05.621;SQ;AS145-AS1-20180127173805
2018-01-27 17:38:41.652;RU;AS145-AS1-20180127173523
2018-01-27 17:38:44.331;VU;AS145-AS1-20180127173523
2018-01-27 17:38:49.737;RC;AS145-AS1-20180127173642
2018-01-27 17:38:50.575;SS;AS145-AS1-20180127173642
2018-01-27 17:39:23.942;RO;AS145-AS1-20180127173805
2018-01-27 17:39:25.030;SP;AS145-AS1-20180127173805
2018-01-27 17:39:26.978;SQ;AS145-AS1-20180127173926
2018-01-27 17:40:08.798;RU;AS145-AS1-20180127173642
2018-01-27 17:40:09.054;RC;AS145-AS1-20180127173805
2018-01-27 17:40:10.506;SS;AS145-AS1-20180127173805
2018-01-27 17:40:11.194;VU;AS145-AS1-20180127173642
2018-01-27 17:40:56.704;RO;AS145-AS1-20180127173926
2018-01-27 17:40:57.934;SP;AS145-AS1-20180127173926
2018-01-27 17:40:59.602;SQ;AS145-AS1-20180127174059
2018-01-27 17:41:22.381;RU;AS145-AS1-20180127173805
2018-01-27 17:41:33.448;RC;AS145-AS1-20180127173926
2018-01-27 17:41:36.267;SS;AS145-AS1-20180127173926
2018-01-27 17:42:12.461;RO;AS145-AS1-20180127174059
2018-01-27 17:42:13.690;SP;AS145-AS1-20180127174059
2018-01-27 17:42:16.212;SQ;AS145-AS1-20180127174216
2018-01-27 17:42:59.182;RC;AS145-AS1-20180127174059
2018-01-27 17:42:59.221;RU;AS145-AS1-20180127173926
2018-01-27 17:43:01.347;SS;AS145-AS1-20180127174059
2018-01-27 17:43:02.476;VU;AS145-AS1-20180127173926
2018-01-27 17:43:31.828;RO;AS145-AS1-20180127174216
2018-01-27 17:43:32.958;SP;AS145-AS1-20180127174216
2018-01-27 17:43:35.376;SQ;AS145-AS1-20180127174335
2018-01-27 17:44:13.663;RC;AS145-AS1-20180127174216
2018-01-27 17:44:14.484;SS;AS145-AS1-20180127174216
2018-01-27 17:44:18.840;RU;AS145-AS1-20180127174059
2018-01-27 17:44:20.856;VU;AS145-AS1-20180127174059
2018-01-27 17:44:59.739;RO;AS145-AS1-20180127174335
2018-01-27 17:45:00.874;SP;AS145-AS1-20180127174335
2018-01-27 17:45:03.440;SQ;AS145-AS1-20180127174503
2018-01-27 17:45:34.874;RU;AS145-AS1-20180127174216
2018-01-27 17:45:37.211;VU;AS145-AS1-20180127174216
2018-01-27 17:45:37.250;RC;AS145-AS1-20180127174335
2018-01-27 17:45:38.523;SS;AS145-AS1-20180127174335
2018-01-27 17:46:22.491;RO;AS145-AS1-20180127174503
2018-01-27 17:46:24.040;SP;AS145-AS1-20180127174503
2018-01-27 17:46:26.350;SQ;AS145-AS1-20180127174626
2018-01-27 17:47:04.948;RU;AS145-AS1-20180127174335
2018-01-27 17:47:07.597;VU;AS145-AS1-20180127174335
2018-01-27 17:47:10.496;RC;AS145-AS1-20180127174503
2018-01-27 17:47:11.388;SS;AS145-AS1-20180127174503
2018-01-27 17:47:56.772;RO;AS145-AS1-20180127174626
2018-01-27 17:47:58.039;SP;AS145-AS1-20180127174626
2018-01-27 17:48:00.447;SQ;AS145-AS1-20180127174800
2018-01-27 17:48:30.995;RU;AS145-AS1-20180127174503
2018-01-27 17:48:33.020;VU;AS145-AS1-20180127174503
2018-01-27 17:48:37.815;RC;AS145-AS1-20180127174626
2018-01-27 17:48:38.980;SS;AS145-AS1-20180127174626
2018-01-27 17:49:51.794;RO;AS145-AS1-20180127174800
2018-01-27 17:49:52.932;SP;AS145-AS1-20180127174800
2018-01-27 17:49:57.257;SQ;AS145-AS1-20180127174957
2018-01-27 17:50:34.294;RC;AS145-AS1-20180127174800
2018-01-27 17:50:35.296;SS;AS145-AS1-20180127174800
2018-01-27 17:50:36.496;RU;AS145-AS1-20180127174626
2018-01-27 17:50:38.345;VU;AS145-AS1-20180127174626
2018-01-27 17:51:05.932;RO;AS145-AS1-20180127174957
2018-01-27 17:51:07.984;SP;AS145-AS1-20180127174957
2018-01-27 17:51:10.331;SQ;AS145-AS1-20180127175110
2018-01-27 17:51:38.757;RC;AS145-AS1-20180127174957
2018-01-27 17:51:39.946;SS;AS145-AS1-20180127174957
2018-01-27 17:52:00.606;RU;AS145-AS1-20180127174800
2018-01-27 17:52:03.325;VU;AS145-AS1-20180127174800
2018-01-27 17:52:31.171;RO;AS145-AS1-20180127175110
2018-01-27 17:52:32.826;SP;AS145-AS1-20180127175110
2018-01-27 17:52:35.146;SQ;AS145-AS1-20180127175235
2018-01-27 17:52:53.214;RU;AS145-AS1-20180127174957
2018-01-27 17:52:55.631;VU;AS145-AS1-20180127174957
2018-01-27 17:53:12.119;RC;AS145-AS1-20180127175110
2018-01-27 17:53:13.123;SS;AS145-AS1-20180127175110
2018-01-27 17:53:42.277;RO;AS145-AS1-20180127175235
2018-01-27 17:53:44.203;SP;AS145-AS1-20180127175235
2018-01-27 17:53:46.490;SQ;AS145-AS1-20180127175346
2018-01-27 17:54:20.182;RC;AS145-AS1-20180127175235
2018-01-27 17:54:21.025;SS;AS145-AS1-20180127175235
2018-01-27 17:54:29.223;RU;AS145-AS1-20180127175110
2018-01-27 17:54:31.076;VU;AS145-AS1-20180127175110
2018-01-27 17:55:03.211;RO;AS145-AS1-20180127175346
2018-01-27 17:55:05.995;SP;AS145-AS1-20180127175346
2018-01-27 17:55:08.512;SQ;AS145-AS1-20180127175508
2018-01-27 17:55:34.867;RU;AS145-AS1-20180127175235
2018-01-27 17:55:38.649;VU;AS145-AS1-20180127175235
2018-01-27 17:55:48.170;RC;AS145-AS1-20180127175346
2018-01-27 17:55:49.635;SS;AS145-AS1-20180127175346
2018-01-27 17:56:19.923;RO;AS145-AS1-20180127175508
2018-01-27 17:56:21.890;SP;AS145-AS1-20180127175508
2018-01-27 17:56:26.006;SQ;AS145-AS1-20180127175626
2018-01-27 17:56:52.852;RC;AS145-AS1-20180127175508
2018-01-27 17:56:55.688;SS;AS145-AS1-20180127175508
2018-01-27 17:57:11.543;RU;AS145-AS1-20180127175346
2018-01-27 17:57:13.555;VU;AS145-AS1-20180127175346
2018-01-27 17:57:49.710;RO;AS145-AS1-20180127175626
2018-01-27 17:57:51.190;SP;AS145-AS1-20180127175626
2018-01-27 17:57:53.554;SQ;AS145-AS1-20180127175753
2018-01-27 17:58:04.596;RU;AS145-AS1-20180127175508
2018-01-27 17:58:06.452;VU;AS145-AS1-20180127175508
2018-01-27 17:58:30.445;RC;AS145-AS1-20180127175626
2018-01-27 17:58:32.050;SS;AS145-AS1-20180127175626
2018-01-27 17:59:07.987;RO;AS145-AS1-20180127175753
2018-01-27 17:59:09.665;SP;AS145-AS1-20180127175753
2018-01-27 17:59:41.268;RU;AS145-AS1-20180127175626
2018-01-27 17:59:43.939;VU;AS145-AS1-20180127175626
2018-01-27 17:59:47.558;RC;AS145-AS1-20180127175753
2018-01-27 17:59:48.387;SS;AS145-AS1-20180127175753
2018-01-27 18:00:39.545;RU;AS145-AS1-20180127175753
2018-01-27 18:00:41.943;VU;AS145-AS1-20180127175753
