2018-01-27 17:18:33.166;SQ;AS143-AS1-20180127171833
2018-01-27 17:19:01.017;RO;AS143-AS1-20180127171833
2018-01-27 17:19:02.033;SP;AS143-AS1-20180127171833
2018-01-27 17:19:03.715;SQ;AS143-AS1-20180127171903
2018-01-27 17:19:20.942;RC;AS143-AS1-20180127171833
2018-01-27 17:19:21.762;SS;AS143-AS1-20180127171833
2018-01-27 17:20:01.622;RO;AS143-AS1-20180127171903
2018-01-27 17:20:02.620;SP;AS143-AS1-20180127171903
2018-01-27 17:20:04.317;SQ;AS143-AS1-20180127172004
2018-01-27 17:20:31.776;RU;AS143-AS1-20180127171833
2018-01-27 17:20:33.623;VU;AS143-AS1-20180127171833
2018-01-27 17:20:35.905;RC;AS143-AS1-20180127171903
2018-01-27 17:20:36.761;SS;AS143-AS1-20180127171903
2018-01-27 17:22:05.447;RU;AS143-AS1-20180127171903
2018-01-27 17:22:07.291;VU;AS143-AS1-20180127171903
2018-01-27 17:22:39.699;RO;AS143-AS1-20180127172004
2018-01-27 17:22:40.850;SP;AS143-AS1-20180127172004
2018-01-27 17:22:42.531;SQ;AS143-AS1-20180127172242
2018-01-27 17:23:25.973;RC;AS143-AS1-20180127172004
2018-01-27 17:23:26.808;SS;AS143-AS1-20180127172004
2018-01-27 17:24:09.483;RO;AS143-AS1-20180127172242
2018-01-27 17:24:10.452;SP;AS143-AS1-20180127172242
2018-01-27 17:24:13.265;SQ;AS143-AS1-20180127172413
2018-01-27 17:24:42.280;RU;AS143-AS1-20180127172004
2018-01-27 17:24:44.105;VU;AS143-AS1-20180127172004
2018-01-27 17:24:51.658;RC;AS143-AS1-20180127172242
2018-01-27 17:24:52.493;SS;AS143-AS1-20180127172242
2018-01-27 17:25:37.234;RO;AS143-AS1-20180127172413
2018-01-27 17:25:38.173;SP;AS143-AS1-20180127172413
2018-01-27 17:25:39.828;SQ;AS143-AS1-20180127172539
2018-01-27 17:26:18.539;RC;AS143-AS1-20180127172413
2018-01-27 17:26:19.417;SS;AS143-AS1-20180127172413
2018-01-27 17:26:23.017;RU;AS143-AS1-20180127172242
2018-01-27 17:26:24.840;VU;AS143-AS1-20180127172242
2018-01-27 17:27:04.998;RO;AS143-AS1-20180127172539
2018-01-27 17:27:06.236;SP;AS143-AS1-20180127172539
2018-01-27 17:27:07.938;SQ;AS143-AS1-20180127172707
2018-01-27 17:27:42.683;RU;AS143-AS1-20180127172413
2018-01-27 17:27:44.475;RC;AS143-AS1-20180127172539
2018-01-27 17:27:44.505;VU;AS143-AS1-20180127172413
2018-01-27 17:27:45.281;SS;AS143-AS1-20180127172539
2018-01-27 17:28:31.712;RO;AS143-AS1-20180127172707
2018-01-27 17:28:32.968;SP;AS143-AS1-20180127172707
2018-01-27 17:28:34.630;SQ;AS143-AS1-20180127172834
2018-01-27 17:29:09.533;RU;AS143-AS1-20180127172539
2018-01-27 17:29:11.390;VU;AS143-AS1-20180127172539
2018-01-27 17:29:18.579;RC;AS143-AS1-20180127172707
2018-01-27 17:29:19.424;SS;AS143-AS1-20180127172707
2018-01-27 17:29:53.531;RO;AS143-AS1-20180127172834
2018-01-27 17:29:54.845;SP;AS143-AS1-20180127172834
2018-01-27 17:29:56.548;SQ;AS143-AS1-20180127172956
2018-01-27 17:30:32.827;RC;AS143-AS1-20180127172834
2018-01-27 17:30:33.636;SS;AS143-AS1-20180127172834
2018-01-27 17:30:50.277;RU;AS143-AS1-20180127172707
2018-01-27 17:30:52.123;VU;AS143-AS1-20180127172707
2018-01-27 17:31:14.478;RO;AS143-AS1-20180127172956
2018-01-27 17:31:15.469;SP;AS143-AS1-20180127172956
2018-01-27 17:31:17.128;SQ;AS143-AS1-20180127173117
2018-01-27 17:31:56.825;RC;AS143-AS1-20180127172956
2018-01-27 17:31:57.924;SS;AS143-AS1-20180127172956
2018-01-27 17:32:04.575;RU;AS143-AS1-20180127172834
2018-01-27 17:32:06.406;VU;AS143-AS1-20180127172834
2018-01-27 17:32:44.352;RO;AS143-AS1-20180127173117
2018-01-27 17:32:45.859;SP;AS143-AS1-20180127173117
2018-01-27 17:32:47.552;SQ;AS143-AS1-20180127173247
2018-01-27 17:33:15.435;RU;AS143-AS1-20180127172956
2018-01-27 17:33:17.267;VU;AS143-AS1-20180127172956
2018-01-27 17:33:24.310;RC;AS143-AS1-20180127173117
2018-01-27 17:33:25.154;SS;AS143-AS1-20180127173117
2018-01-27 17:34:12.980;RO;AS143-AS1-20180127173247
2018-01-27 17:34:13.982;SP;AS143-AS1-20180127173247
2018-01-27 17:34:15.647;SQ;AS143-AS1-20180127173415
2018-01-27 17:34:43.725;RU;AS143-AS1-20180127173117
2018-01-27 17:34:45.543;VU;AS143-AS1-20180127173117
2018-01-27 17:34:54.361;RC;AS143-AS1-20180127173247
2018-01-27 17:34:55.185;SS;AS143-AS1-20180127173247
2018-01-27 17:35:34.132;RO;AS143-AS1-20180127173415
2018-01-27 17:35:35.239;SP;AS143-AS1-20180127173415
2018-01-27 17:35:38.645;SQ;AS143-AS1-20180127173538
2018-01-27 17:36:12.070;RU;AS143-AS1-20180127173247
2018-01-27 17:36:13.921;VU;AS143-AS1-20180127173247
2018-01-27 17:36:18.604;RC;AS143-AS1-20180127173415
2018-01-27 17:36:19.434;SS;AS143-AS1-20180127173415
2018-01-27 17:37:22.656;RO;AS143-AS1-20180127173538
2018-01-27 17:37:23.943;SP;AS143-AS1-20180127173538
2018-01-27 17:37:25.604;SQ;AS143-AS1-20180127173725
2018-01-27 17:37:39.805;RU;AS143-AS1-20180127173415
2018-01-27 17:37:41.647;VU;AS143-AS1-20180127173415
2018-01-27 17:38:02.142;RC;AS143-AS1-20180127173538
2018-01-27 17:38:02.978;SS;AS143-AS1-20180127173538
2018-01-27 17:38:37.731;RO;AS143-AS1-20180127173725
2018-01-27 17:38:39.040;SP;AS143-AS1-20180127173725
2018-01-27 17:38:40.734;SQ;AS143-AS1-20180127173840
2018-01-27 17:39:22.011;RC;AS143-AS1-20180127173725
2018-01-27 17:39:22.136;RU;AS143-AS1-20180127173538
2018-01-27 17:39:23.606;SS;AS143-AS1-20180127173725
2018-01-27 17:39:24.723;VU;AS143-AS1-20180127173538
2018-01-27 17:40:05.718;RO;AS143-AS1-20180127173840
2018-01-27 17:40:06.647;SP;AS143-AS1-20180127173840
2018-01-27 17:40:08.327;SQ;AS143-AS1-20180127174008
2018-01-27 17:40:43.953;RU;AS143-AS1-20180127173725
2018-01-27 17:40:45.783;VU;AS143-AS1-20180127173725
2018-01-27 17:40:48.619;RC;AS143-AS1-20180127173840
2018-01-27 17:40:49.445;SS;AS143-AS1-20180127173840
2018-01-27 17:41:19.913;RO;AS143-AS1-20180127174008
2018-01-27 17:41:21.244;SP;AS143-AS1-20180127174008
2018-01-27 17:41:22.900;SQ;AS143-AS1-20180127174122
2018-01-27 17:42:00.370;RC;AS143-AS1-20180127174008
2018-01-27 17:42:00.428;RU;AS143-AS1-20180127173840
2018-01-27 17:42:02.175;SS;AS143-AS1-20180127174008
2018-01-27 17:42:03.281;VU;AS143-AS1-20180127173840
2018-01-27 17:42:46.789;RO;AS143-AS1-20180127174122
2018-01-27 17:42:47.830;SP;AS143-AS1-20180127174122
2018-01-27 17:42:49.500;SQ;AS143-AS1-20180127174249
2018-01-27 17:43:20.115;RC;AS143-AS1-20180127174122
2018-01-27 17:43:20.938;SS;AS143-AS1-20180127174122
2018-01-27 17:43:31.326;RU;AS143-AS1-20180127174008
2018-01-27 17:43:33.156;VU;AS143-AS1-20180127174008
2018-01-27 17:44:07.287;RO;AS143-AS1-20180127174249
2018-01-27 17:44:08.418;SP;AS143-AS1-20180127174249
2018-01-27 17:44:11.231;SQ;AS143-AS1-20180127174411
2018-01-27 17:44:51.782;RU;AS143-AS1-20180127174122
2018-01-27 17:44:52.072;RC;AS143-AS1-20180127174249
2018-01-27 17:44:53.442;SS;AS143-AS1-20180127174249
2018-01-27 17:44:54.072;VU;AS143-AS1-20180127174122
2018-01-27 17:45:34.867;RO;AS143-AS1-20180127174411
2018-01-27 17:45:36.162;SP;AS143-AS1-20180127174411
2018-01-27 17:45:37.845;SQ;AS143-AS1-20180127174537
2018-01-27 17:46:16.755;RU;AS143-AS1-20180127174249
2018-01-27 17:46:18.575;VU;AS143-AS1-20180127174249
2018-01-27 17:46:21.786;RC;AS143-AS1-20180127174411
2018-01-27 17:46:22.620;SS;AS143-AS1-20180127174411
2018-01-27 17:47:01.737;RO;AS143-AS1-20180127174537
2018-01-27 17:47:03.617;SP;AS143-AS1-20180127174537
2018-01-27 17:47:05.537;SQ;AS143-AS1-20180127174705
2018-01-27 17:47:38.638;RU;AS143-AS1-20180127174411
2018-01-27 17:47:45.120;RC;AS143-AS1-20180127174537
2018-01-27 17:47:45.957;SS;AS143-AS1-20180127174537
2018-01-27 17:48:18.507;RO;AS143-AS1-20180127174705
2018-01-27 17:48:20.855;SP;AS143-AS1-20180127174705
2018-01-27 17:48:23.966;SQ;AS143-AS1-20180127174823
2018-01-27 17:49:03.266;RC;AS143-AS1-20180127174705
2018-01-27 17:49:03.766;RU;AS143-AS1-20180127174537
2018-01-27 17:49:05.395;SS;AS143-AS1-20180127174705
2018-01-27 17:49:06.671;VU;AS143-AS1-20180127174537
2018-01-27 17:49:37.338;RO;AS143-AS1-20180127174823
2018-01-27 17:49:39.560;SP;AS143-AS1-20180127174823
2018-01-27 17:49:42.184;SQ;AS143-AS1-20180127174942
2018-01-27 17:50:29.159;RU;AS143-AS1-20180127174705
2018-01-27 17:50:30.970;VU;AS143-AS1-20180127174705
2018-01-27 17:50:44.426;RO;AS143-AS1-20180127174942
2018-01-27 17:50:45.663;SP;AS143-AS1-20180127174942
2018-01-27 17:50:48.192;SQ;AS143-AS1-20180127175048
2018-01-27 17:50:50.616;RC;AS143-AS1-20180127174823
2018-01-27 17:50:52.146;SS;AS143-AS1-20180127174823
2018-01-27 17:51:15.933;RC;AS143-AS1-20180127174942
2018-01-27 17:51:17.066;SS;AS143-AS1-20180127174942
2018-01-27 17:52:16.077;RO;AS143-AS1-20180127175048
2018-01-27 17:52:17.403;SP;AS143-AS1-20180127175048
2018-01-27 17:52:19.930;SQ;AS143-AS1-20180127175219
2018-01-27 17:52:24.902;RU;AS143-AS1-20180127174823
2018-01-27 17:52:26.719;VU;AS143-AS1-20180127174823
2018-01-27 17:52:32.000;RU;AS143-AS1-20180127174942
2018-01-27 17:52:34.396;VU;AS143-AS1-20180127174942
2018-01-27 17:52:59.030;RC;AS143-AS1-20180127175048
2018-01-27 17:53:01.294;SS;AS143-AS1-20180127175048
2018-01-27 17:53:36.519;RO;AS143-AS1-20180127175219
2018-01-27 17:53:37.438;SP;AS143-AS1-20180127175219
2018-01-27 17:53:39.996;SQ;AS143-AS1-20180127175339
2018-01-27 17:54:19.450;RC;AS143-AS1-20180127175219
2018-01-27 17:54:19.833;RU;AS143-AS1-20180127175048
2018-01-27 17:54:21.587;SS;AS143-AS1-20180127175219
2018-01-27 17:54:22.845;VU;AS143-AS1-20180127175048
2018-01-27 17:54:51.340;RO;AS143-AS1-20180127175339
2018-01-27 17:54:52.643;SP;AS143-AS1-20180127175339
2018-01-27 17:54:55.190;SQ;AS143-AS1-20180127175455
2018-01-27 17:55:33.298;RC;AS143-AS1-20180127175339
2018-01-27 17:55:34.126;SS;AS143-AS1-20180127175339
2018-01-27 17:55:52.403;RU;AS143-AS1-20180127175219
2018-01-27 17:55:54.784;VU;AS143-AS1-20180127175219
2018-01-27 17:56:09.233;RO;AS143-AS1-20180127175455
2018-01-27 17:56:10.284;SP;AS143-AS1-20180127175455
2018-01-27 17:56:12.761;SQ;AS143-AS1-20180127175612
2018-01-27 17:56:46.180;RU;AS143-AS1-20180127175339
2018-01-27 17:56:46.700;RC;AS143-AS1-20180127175455
2018-01-27 17:56:48.550;SS;AS143-AS1-20180127175455
2018-01-27 17:56:49.184;VU;AS143-AS1-20180127175339
2018-01-27 17:57:21.189;RO;AS143-AS1-20180127175612
2018-01-27 17:57:22.499;SP;AS143-AS1-20180127175612
2018-01-27 17:57:25.776;SQ;AS143-AS1-20180127175725
2018-01-27 17:57:56.136;RC;AS143-AS1-20180127175612
2018-01-27 17:57:57.976;SS;AS143-AS1-20180127175612
2018-01-27 17:58:04.507;RU;AS143-AS1-20180127175455
2018-01-27 17:58:06.555;VU;AS143-AS1-20180127175455
2018-01-27 17:58:36.795;RO;AS143-AS1-20180127175725
2018-01-27 17:58:38.573;SP;AS143-AS1-20180127175725
2018-01-27 17:58:40.879;SQ;AS143-AS1-20180127175840
2018-01-27 17:59:14.089;RC;AS143-AS1-20180127175725
2018-01-27 17:59:14.849;RU;AS143-AS1-20180127175612
2018-01-27 17:59:16.054;SS;AS143-AS1-20180127175725
2018-01-27 17:59:17.688;VU;AS143-AS1-20180127175612
2018-01-27 17:59:51.567;RO;AS143-AS1-20180127175840
2018-01-27 17:59:52.925;SP;AS143-AS1-20180127175840
2018-01-27 18:00:15.087;RU;AS143-AS1-20180127175725
2018-01-27 18:00:18.611;VU;AS143-AS1-20180127175725
2018-01-27 18:00:19.806;RC;AS143-AS1-20180127175840
2018-01-27 18:00:20.656;SS;AS143-AS1-20180127175840
2018-01-27 18:00:58.646;RU;AS143-AS1-20180127175840
2018-01-27 18:01:00.898;VU;AS143-AS1-20180127175840
