2018-01-27 17:18:45.602;SQ;AS149-AS1-20180127171845
2018-01-27 17:19:33.784;RO;AS149-AS1-20180127171845
2018-01-27 17:19:34.956;SP;AS149-AS1-20180127171845
2018-01-27 17:19:36.603;SQ;AS149-AS1-20180127171936
2018-01-27 17:20:13.941;RC;AS149-AS1-20180127171845
2018-01-27 17:20:14.756;SS;AS149-AS1-20180127171845
2018-01-27 17:20:50.661;RO;AS149-AS1-20180127171936
2018-01-27 17:20:51.518;SP;AS149-AS1-20180127171936
2018-01-27 17:20:53.152;SQ;AS149-AS1-20180127172053
2018-01-27 17:21:27.709;RC;AS149-AS1-20180127171936
2018-01-27 17:21:28.537;SS;AS149-AS1-20180127171936
2018-01-27 17:21:38.043;RU;AS149-AS1-20180127171845
2018-01-27 17:21:39.860;VU;AS149-AS1-20180127171845
2018-01-27 17:22:17.506;RO;AS149-AS1-20180127172053
2018-01-27 17:22:18.541;SP;AS149-AS1-20180127172053
2018-01-27 17:22:20.201;SQ;AS149-AS1-20180127172220
2018-01-27 17:22:50.170;RU;AS149-AS1-20180127171936
2018-01-27 17:22:51.999;VU;AS149-AS1-20180127171936
2018-01-27 17:22:55.971;RC;AS149-AS1-20180127172053
2018-01-27 17:22:56.801;SS;AS149-AS1-20180127172053
2018-01-27 17:23:27.154;RO;AS149-AS1-20180127172220
2018-01-27 17:23:28.095;SP;AS149-AS1-20180127172220
2018-01-27 17:23:29.727;SQ;AS149-AS1-20180127172329
2018-01-27 17:24:16.566;RU;AS149-AS1-20180127172053
2018-01-27 17:24:18.385;VU;AS149-AS1-20180127172053
2018-01-27 17:24:49.696;RC;AS149-AS1-20180127172220
2018-01-27 17:24:50.538;SS;AS149-AS1-20180127172220
2018-01-27 17:24:55.171;RO;AS149-AS1-20180127172329
2018-01-27 17:24:56.137;SP;AS149-AS1-20180127172329
2018-01-27 17:24:59.397;SQ;AS149-AS1-20180127172459
2018-01-27 17:25:37.415;RC;AS149-AS1-20180127172329
2018-01-27 17:25:38.240;SS;AS149-AS1-20180127172329
2018-01-27 17:26:10.128;RO;AS149-AS1-20180127172459
2018-01-27 17:26:11.292;SP;AS149-AS1-20180127172459
2018-01-27 17:26:12.953;SQ;AS149-AS1-20180127172612
2018-01-27 17:26:16.735;RU;AS149-AS1-20180127172220
2018-01-27 17:26:19.411;VU;AS149-AS1-20180127172220
2018-01-27 17:26:55.824;RC;AS149-AS1-20180127172459
2018-01-27 17:26:56.167;RU;AS149-AS1-20180127172329
2018-01-27 17:26:57.093;SS;AS149-AS1-20180127172459
2018-01-27 17:26:58.512;VU;AS149-AS1-20180127172329
2018-01-27 17:27:35.567;RO;AS149-AS1-20180127172612
2018-01-27 17:27:36.891;SP;AS149-AS1-20180127172612
2018-01-27 17:27:38.493;SQ;AS149-AS1-20180127172738
2018-01-27 17:28:18.843;RC;AS149-AS1-20180127172612
2018-01-27 17:28:19.670;SS;AS149-AS1-20180127172612
2018-01-27 17:28:22.723;RU;AS149-AS1-20180127172459
2018-01-27 17:28:24.532;VU;AS149-AS1-20180127172459
2018-01-27 17:29:25.397;RO;AS149-AS1-20180127172738
2018-01-27 17:29:26.444;SP;AS149-AS1-20180127172738
2018-01-27 17:29:28.102;SQ;AS149-AS1-20180127172928
2018-01-27 17:29:51.050;RU;AS149-AS1-20180127172612
2018-01-27 17:29:52.881;VU;AS149-AS1-20180127172612
2018-01-27 17:30:07.074;RC;AS149-AS1-20180127172738
2018-01-27 17:30:08.204;SS;AS149-AS1-20180127172738
2018-01-27 17:30:54.769;RO;AS149-AS1-20180127172928
2018-01-27 17:30:56.035;SP;AS149-AS1-20180127172928
2018-01-27 17:30:57.658;SQ;AS149-AS1-20180127173057
2018-01-27 17:31:36.572;RU;AS149-AS1-20180127172738
2018-01-27 17:31:37.548;RC;AS149-AS1-20180127172928
2018-01-27 17:31:38.356;SS;AS149-AS1-20180127172928
2018-01-27 17:31:38.413;VU;AS149-AS1-20180127172738
2018-01-27 17:32:21.381;RO;AS149-AS1-20180127173057
2018-01-27 17:32:22.557;SP;AS149-AS1-20180127173057
2018-01-27 17:32:24.204;SQ;AS149-AS1-20180127173224
2018-01-27 17:33:05.088;RC;AS149-AS1-20180127173057
2018-01-27 17:33:05.927;SS;AS149-AS1-20180127173057
2018-01-27 17:33:07.386;RU;AS149-AS1-20180127172928
2018-01-27 17:33:09.228;VU;AS149-AS1-20180127172928
2018-01-27 17:33:42.776;RO;AS149-AS1-20180127173224
2018-01-27 17:33:43.603;SP;AS149-AS1-20180127173224
2018-01-27 17:33:45.248;SQ;AS149-AS1-20180127173345
2018-01-27 17:34:21.177;RC;AS149-AS1-20180127173224
2018-01-27 17:34:21.988;SS;AS149-AS1-20180127173224
2018-01-27 17:34:28.206;RU;AS149-AS1-20180127173057
2018-01-27 17:34:30.020;VU;AS149-AS1-20180127173057
2018-01-27 17:35:12.704;RO;AS149-AS1-20180127173345
2018-01-27 17:35:13.684;SP;AS149-AS1-20180127173345
2018-01-27 17:35:15.351;SQ;AS149-AS1-20180127173515
2018-01-27 17:35:35.409;RU;AS149-AS1-20180127173224
2018-01-27 17:35:38.165;VU;AS149-AS1-20180127173224
2018-01-27 17:35:56.870;RC;AS149-AS1-20180127173345
2018-01-27 17:35:57.700;SS;AS149-AS1-20180127173345
2018-01-27 17:36:37.211;RO;AS149-AS1-20180127173515
2018-01-27 17:36:38.249;SP;AS149-AS1-20180127173515
2018-01-27 17:36:39.870;SQ;AS149-AS1-20180127173639
2018-01-27 17:37:13.835;RU;AS149-AS1-20180127173345
2018-01-27 17:37:14.414;RC;AS149-AS1-20180127173515
2018-01-27 17:37:15.469;SS;AS149-AS1-20180127173515
2018-01-27 17:37:15.860;VU;AS149-AS1-20180127173345
2018-01-27 17:37:50.496;RO;AS149-AS1-20180127173639
2018-01-27 17:37:51.795;SP;AS149-AS1-20180127173639
2018-01-27 17:37:54.335;SQ;AS149-AS1-20180127173754
2018-01-27 17:38:37.320;RC;AS149-AS1-20180127173639
2018-01-27 17:38:38.154;SS;AS149-AS1-20180127173639
2018-01-27 17:38:49.052;RU;AS149-AS1-20180127173515
2018-01-27 17:38:50.858;VU;AS149-AS1-20180127173515
2018-01-27 17:39:12.141;RO;AS149-AS1-20180127173754
2018-01-27 17:39:13.603;SP;AS149-AS1-20180127173754
2018-01-27 17:39:15.230;SQ;AS149-AS1-20180127173915
2018-01-27 17:39:55.688;RC;AS149-AS1-20180127173754
2018-01-27 17:39:56.507;SS;AS149-AS1-20180127173754
2018-01-27 17:40:05.720;RU;AS149-AS1-20180127173639
2018-01-27 17:40:07.553;VU;AS149-AS1-20180127173639
2018-01-27 17:40:30.677;RO;AS149-AS1-20180127173915
2018-01-27 17:40:31.621;SP;AS149-AS1-20180127173915
2018-01-27 17:40:34.623;SQ;AS149-AS1-20180127174034
2018-01-27 17:41:12.584;RC;AS149-AS1-20180127173915
2018-01-27 17:41:12.616;RU;AS149-AS1-20180127173754
2018-01-27 17:41:14.327;SS;AS149-AS1-20180127173915
2018-01-27 17:41:15.330;VU;AS149-AS1-20180127173754
2018-01-27 17:41:48.037;RO;AS149-AS1-20180127174034
2018-01-27 17:41:49.015;SP;AS149-AS1-20180127174034
2018-01-27 17:41:51.774;SQ;AS149-AS1-20180127174151
2018-01-27 17:42:36.280;RC;AS149-AS1-20180127174034
2018-01-27 17:42:37.905;RU;AS149-AS1-20180127173915
2018-01-27 17:42:38.075;SS;AS149-AS1-20180127174034
2018-01-27 17:42:40.127;VU;AS149-AS1-20180127173915
2018-01-27 17:43:07.689;RO;AS149-AS1-20180127174151
2018-01-27 17:43:08.712;SP;AS149-AS1-20180127174151
2018-01-27 17:43:10.360;SQ;AS149-AS1-20180127174310
2018-01-27 17:43:46.985;RC;AS149-AS1-20180127174151
2018-01-27 17:43:47.807;SS;AS149-AS1-20180127174151
2018-01-27 17:44:06.653;RU;AS149-AS1-20180127174034
2018-01-27 17:44:08.476;VU;AS149-AS1-20180127174034
2018-01-27 17:44:34.238;RO;AS149-AS1-20180127174310
2018-01-27 17:44:35.262;SP;AS149-AS1-20180127174310
2018-01-27 17:44:36.899;SQ;AS149-AS1-20180127174436
2018-01-27 17:45:07.812;RU;AS149-AS1-20180127174151
2018-01-27 17:45:09.632;VU;AS149-AS1-20180127174151
2018-01-27 17:45:10.836;RC;AS149-AS1-20180127174310
2018-01-27 17:45:11.679;SS;AS149-AS1-20180127174310
2018-01-27 17:46:00.822;RO;AS149-AS1-20180127174436
2018-01-27 17:46:01.850;SP;AS149-AS1-20180127174436
2018-01-27 17:46:03.516;SQ;AS149-AS1-20180127174603
2018-01-27 17:46:22.669;RU;AS149-AS1-20180127174310
2018-01-27 17:46:24.497;VU;AS149-AS1-20180127174310
2018-01-27 17:46:41.007;RC;AS149-AS1-20180127174436
2018-01-27 17:46:41.842;SS;AS149-AS1-20180127174436
2018-01-27 17:47:20.575;RO;AS149-AS1-20180127174603
2018-01-27 17:47:21.402;SP;AS149-AS1-20180127174603
2018-01-27 17:47:23.033;SQ;AS149-AS1-20180127174723
2018-01-27 17:47:59.487;RU;AS149-AS1-20180127174436
2018-01-27 17:48:01.308;VU;AS149-AS1-20180127174436
2018-01-27 17:48:03.227;RC;AS149-AS1-20180127174603
2018-01-27 17:48:04.231;SS;AS149-AS1-20180127174603
2018-01-27 17:48:42.880;RO;AS149-AS1-20180127174723
2018-01-27 17:48:43.916;SP;AS149-AS1-20180127174723
2018-01-27 17:48:45.563;SQ;AS149-AS1-20180127174845
2018-01-27 17:49:15.730;RC;AS149-AS1-20180127174723
2018-01-27 17:49:16.560;SS;AS149-AS1-20180127174723
2018-01-27 17:49:29.772;RU;AS149-AS1-20180127174603
2018-01-27 17:49:31.567;VU;AS149-AS1-20180127174603
2018-01-27 17:49:50.220;RO;AS149-AS1-20180127174845
2018-01-27 17:49:51.445;SP;AS149-AS1-20180127174845
2018-01-27 17:49:53.064;SQ;AS149-AS1-20180127174953
2018-01-27 17:50:34.148;RC;AS149-AS1-20180127174845
2018-01-27 17:50:34.956;SS;AS149-AS1-20180127174845
2018-01-27 17:50:43.284;RU;AS149-AS1-20180127174723
2018-01-27 17:50:45.081;VU;AS149-AS1-20180127174723
2018-01-27 17:51:21.264;RO;AS149-AS1-20180127174953
2018-01-27 17:51:22.498;SP;AS149-AS1-20180127174953
2018-01-27 17:51:24.149;SQ;AS149-AS1-20180127175124
2018-01-27 17:51:52.039;RU;AS149-AS1-20180127174845
2018-01-27 17:51:53.875;VU;AS149-AS1-20180127174845
2018-01-27 17:51:55.865;RC;AS149-AS1-20180127174953
2018-01-27 17:51:56.692;SS;AS149-AS1-20180127174953
2018-01-27 17:52:37.786;RO;AS149-AS1-20180127175124
2018-01-27 17:52:39.037;SP;AS149-AS1-20180127175124
2018-01-27 17:52:40.647;SQ;AS149-AS1-20180127175240
2018-01-27 17:53:13.883;RC;AS149-AS1-20180127175124
2018-01-27 17:53:14.685;SS;AS149-AS1-20180127175124
2018-01-27 17:53:15.143;RU;AS149-AS1-20180127174953
2018-01-27 17:53:57.143;RO;AS149-AS1-20180127175240
2018-01-27 17:53:58.197;SP;AS149-AS1-20180127175240
2018-01-27 17:54:00.596;SQ;AS149-AS1-20180127175400
2018-01-27 17:54:24.657;RU;AS149-AS1-20180127175124
2018-01-27 17:54:27.194;VU;AS149-AS1-20180127175124
2018-01-27 17:54:43.627;RC;AS149-AS1-20180127175240
2018-01-27 17:54:44.629;SS;AS149-AS1-20180127175240
2018-01-27 17:55:23.254;RO;AS149-AS1-20180127175400
2018-01-27 17:55:25.036;SP;AS149-AS1-20180127175400
2018-01-27 17:55:27.465;SQ;AS149-AS1-20180127175527
2018-01-27 17:56:02.242;RC;AS149-AS1-20180127175400
2018-01-27 17:56:02.602;RU;AS149-AS1-20180127175240
2018-01-27 17:56:04.143;SS;AS149-AS1-20180127175400
2018-01-27 17:56:05.517;VU;AS149-AS1-20180127175240
2018-01-27 17:56:37.111;RO;AS149-AS1-20180127175527
2018-01-27 17:56:40.476;SP;AS149-AS1-20180127175527
2018-01-27 17:56:42.971;SQ;AS149-AS1-20180127175642
2018-01-27 17:57:16.149;RC;AS149-AS1-20180127175527
2018-01-27 17:57:17.841;SS;AS149-AS1-20180127175527
2018-01-27 17:57:32.708;RU;AS149-AS1-20180127175400
2018-01-27 17:57:35.197;VU;AS149-AS1-20180127175400
2018-01-27 17:57:59.636;RO;AS149-AS1-20180127175642
2018-01-27 17:58:01.587;SP;AS149-AS1-20180127175642
2018-01-27 17:58:03.866;SQ;AS149-AS1-20180127175803
2018-01-27 17:58:36.868;RU;AS149-AS1-20180127175527
2018-01-27 17:58:37.804;RC;AS149-AS1-20180127175642
2018-01-27 17:58:38.696;VU;AS149-AS1-20180127175527
2018-01-27 17:58:39.454;SS;AS149-AS1-20180127175642
2018-01-27 17:59:13.214;RO;AS149-AS1-20180127175803
2018-01-27 17:59:15.647;SP;AS149-AS1-20180127175803
2018-01-27 17:59:47.149;RC;AS149-AS1-20180127175803
2018-01-27 17:59:47.271;RU;AS149-AS1-20180127175642
2018-01-27 17:59:49.007;SS;AS149-AS1-20180127175803
2018-01-27 17:59:50.368;VU;AS149-AS1-20180127175642
2018-01-27 18:00:41.020;RU;AS149-AS1-20180127175803
2018-01-27 18:00:43.997;VU;AS149-AS1-20180127175803
