2018-01-27 17:18:47.416;SQ;AS156-AS1-20180127171847
2018-01-27 17:19:32.253;RO;AS156-AS1-20180127171847
2018-01-27 17:19:33.230;SP;AS156-AS1-20180127171847
2018-01-27 17:19:34.813;SQ;AS156-AS1-20180127171934
2018-01-27 17:20:07.222;RC;AS156-AS1-20180127171847
2018-01-27 17:20:08.011;SS;AS156-AS1-20180127171847
2018-01-27 17:20:45.053;RO;AS156-AS1-20180127171934
2018-01-27 17:20:46.185;SP;AS156-AS1-20180127171934
2018-01-27 17:20:47.728;SQ;AS156-AS1-20180127172047
2018-01-27 17:21:28.038;RU;AS156-AS1-20180127171847
2018-01-27 17:21:29.841;VU;AS156-AS1-20180127171847
2018-01-27 17:21:30.682;RC;AS156-AS1-20180127171934
2018-01-27 17:21:31.445;SS;AS156-AS1-20180127171934
2018-01-27 17:22:09.463;RO;AS156-AS1-20180127172047
2018-01-27 17:22:10.623;SP;AS156-AS1-20180127172047
2018-01-27 17:22:12.171;SQ;AS156-AS1-20180127172212
2018-01-27 17:22:52.026;RC;AS156-AS1-20180127172047
2018-01-27 17:22:52.818;SS;AS156-AS1-20180127172047
2018-01-27 17:22:59.293;RU;AS156-AS1-20180127171934
2018-01-27 17:23:38.171;RO;AS156-AS1-20180127172212
2018-01-27 17:23:39.672;SP;AS156-AS1-20180127172212
2018-01-27 17:23:44.228;SQ;AS156-AS1-20180127172344
2018-01-27 17:24:16.050;RU;AS156-AS1-20180127172047
2018-01-27 17:24:17.950;VU;AS156-AS1-20180127172047
2018-01-27 17:24:21.621;RC;AS156-AS1-20180127172212
2018-01-27 17:24:22.629;SS;AS156-AS1-20180127172212
2018-01-27 17:25:08.706;RO;AS156-AS1-20180127172344
2018-01-27 17:25:09.663;SP;AS156-AS1-20180127172344
2018-01-27 17:25:12.424;SQ;AS156-AS1-20180127172512
2018-01-27 17:25:49.554;RU;AS156-AS1-20180127172212
2018-01-27 17:25:51.349;VU;AS156-AS1-20180127172212
2018-01-27 17:25:53.862;RC;AS156-AS1-20180127172344
2018-01-27 17:25:55.453;SS;AS156-AS1-20180127172344
2018-01-27 17:27:10.604;RO;AS156-AS1-20180127172512
2018-01-27 17:27:11.397;SP;AS156-AS1-20180127172512
2018-01-27 17:27:13.722;SQ;AS156-AS1-20180127172713
2018-01-27 17:27:14.328;RU;AS156-AS1-20180127172344
2018-01-27 17:27:16.613;VU;AS156-AS1-20180127172344
2018-01-27 17:27:43.938;RC;AS156-AS1-20180127172512
2018-01-27 17:27:45.204;SS;AS156-AS1-20180127172512
2018-01-27 17:28:24.029;RO;AS156-AS1-20180127172713
2018-01-27 17:28:25.520;SP;AS156-AS1-20180127172713
2018-01-27 17:28:27.702;SQ;AS156-AS1-20180127172827
2018-01-27 17:29:10.653;RC;AS156-AS1-20180127172713
2018-01-27 17:29:12.087;SS;AS156-AS1-20180127172713
2018-01-27 17:29:18.498;RU;AS156-AS1-20180127172512
2018-01-27 17:29:20.725;VU;AS156-AS1-20180127172512
2018-01-27 17:29:50.364;RO;AS156-AS1-20180127172827
2018-01-27 17:29:51.779;SP;AS156-AS1-20180127172827
2018-01-27 17:29:55.450;SQ;AS156-AS1-20180127172955
2018-01-27 17:30:31.346;RC;AS156-AS1-20180127172827
2018-01-27 17:30:31.608;RU;AS156-AS1-20180127172713
2018-01-27 17:30:33.196;SS;AS156-AS1-20180127172827
2018-01-27 17:30:34.708;VU;AS156-AS1-20180127172713
2018-01-27 17:31:42.020;RO;AS156-AS1-20180127172955
2018-01-27 17:31:44.376;SP;AS156-AS1-20180127172955
2018-01-27 17:31:47.092;SQ;AS156-AS1-20180127173147
2018-01-27 17:31:50.733;RU;AS156-AS1-20180127172827
2018-01-27 17:32:25.543;RC;AS156-AS1-20180127172955
2018-01-27 17:32:27.133;SS;AS156-AS1-20180127172955
2018-01-27 17:33:11.259;RO;AS156-AS1-20180127173147
2018-01-27 17:33:13.697;SP;AS156-AS1-20180127173147
2018-01-27 17:33:18.112;SQ;AS156-AS1-20180127173318
2018-01-27 17:33:56.850;RC;AS156-AS1-20180127173147
2018-01-27 17:33:58.338;RU;AS156-AS1-20180127172955
2018-01-27 17:33:58.568;SS;AS156-AS1-20180127173147
2018-01-27 17:34:01.337;VU;AS156-AS1-20180127172955
2018-01-27 17:34:36.070;RO;AS156-AS1-20180127173318
2018-01-27 17:34:38.172;SP;AS156-AS1-20180127173318
2018-01-27 17:34:41.731;SQ;AS156-AS1-20180127173441
2018-01-27 17:35:04.180;RU;AS156-AS1-20180127173147
2018-01-27 17:35:17.805;RC;AS156-AS1-20180127173318
2018-01-27 17:35:21.374;SS;AS156-AS1-20180127173318
2018-01-27 17:36:07.877;RO;AS156-AS1-20180127173441
2018-01-27 17:36:10.884;SP;AS156-AS1-20180127173441
2018-01-27 17:36:16.102;SQ;AS156-AS1-20180127173616
2018-01-27 17:36:45.705;RU;AS156-AS1-20180127173318
2018-01-27 17:36:46.321;RC;AS156-AS1-20180127173441
2018-01-27 17:36:49.632;SS;AS156-AS1-20180127173441
2018-01-27 17:36:49.763;VU;AS156-AS1-20180127173318
2018-01-27 17:38:11.196;RU;AS156-AS1-20180127173441
2018-01-27 17:38:16.426;VU;AS156-AS1-20180127173441
2018-01-27 17:38:23.880;RO;AS156-AS1-20180127173616
2018-01-27 17:38:28.551;SP;AS156-AS1-20180127173616
2018-01-27 17:38:33.337;SQ;AS156-AS1-20180127173833
2018-01-27 17:39:11.891;RC;AS156-AS1-20180127173616
2018-01-27 17:39:16.000;SS;AS156-AS1-20180127173616
2018-01-27 17:39:54.403;RO;AS156-AS1-20180127173833
2018-01-27 17:39:56.932;SP;AS156-AS1-20180127173833
2018-01-27 17:40:04.156;SQ;AS156-AS1-20180127174004
2018-01-27 17:40:35.897;RU;AS156-AS1-20180127173616
2018-01-27 17:40:39.027;VU;AS156-AS1-20180127173616
2018-01-27 17:40:41.886;RC;AS156-AS1-20180127173833
2018-01-27 17:40:44.203;SS;AS156-AS1-20180127173833
2018-01-27 17:41:31.152;RO;AS156-AS1-20180127174004
2018-01-27 17:41:33.823;SP;AS156-AS1-20180127174004
2018-01-27 17:41:40.464;SQ;AS156-AS1-20180127174140
2018-01-27 17:42:12.532;RU;AS156-AS1-20180127173833
2018-01-27 17:42:15.958;VU;AS156-AS1-20180127173833
2018-01-27 17:42:19.631;RC;AS156-AS1-20180127174004
2018-01-27 17:42:23.775;SS;AS156-AS1-20180127174004
2018-01-27 17:43:00.123;RO;AS156-AS1-20180127174140
2018-01-27 17:43:02.661;SP;AS156-AS1-20180127174140
2018-01-27 17:43:09.312;SQ;AS156-AS1-20180127174309
2018-01-27 17:43:45.627;RU;AS156-AS1-20180127174004
2018-01-27 17:43:46.362;RC;AS156-AS1-20180127174140
2018-01-27 17:43:49.545;SS;AS156-AS1-20180127174140
2018-01-27 17:43:49.615;VU;AS156-AS1-20180127174004
2018-01-27 17:44:34.232;RO;AS156-AS1-20180127174309
2018-01-27 17:44:36.945;SP;AS156-AS1-20180127174309
2018-01-27 17:44:43.558;SQ;AS156-AS1-20180127174443
2018-01-27 17:45:05.028;RU;AS156-AS1-20180127174140
2018-01-27 17:45:08.554;VU;AS156-AS1-20180127174140
2018-01-27 17:45:24.393;RC;AS156-AS1-20180127174309
2018-01-27 17:45:26.849;SS;AS156-AS1-20180127174309
2018-01-27 17:46:02.588;RO;AS156-AS1-20180127174443
2018-01-27 17:46:05.266;SP;AS156-AS1-20180127174443
2018-01-27 17:46:10.184;SQ;AS156-AS1-20180127174610
2018-01-27 17:46:40.288;RU;AS156-AS1-20180127174309
2018-01-27 17:46:41.004;RC;AS156-AS1-20180127174443
2018-01-27 17:46:44.040;VU;AS156-AS1-20180127174309
2018-01-27 17:46:44.429;SS;AS156-AS1-20180127174443
2018-01-27 17:47:30.239;RO;AS156-AS1-20180127174610
2018-01-27 17:47:32.817;SP;AS156-AS1-20180127174610
2018-01-27 17:47:40.148;SQ;AS156-AS1-20180127174740
2018-01-27 17:48:11.882;RU;AS156-AS1-20180127174443
2018-01-27 17:48:15.334;VU;AS156-AS1-20180127174443
2018-01-27 17:48:45.814;RC;AS156-AS1-20180127174610
2018-01-27 17:48:48.192;SS;AS156-AS1-20180127174610
2018-01-27 17:49:01.173;RO;AS156-AS1-20180127174740
2018-01-27 17:49:03.799;SP;AS156-AS1-20180127174740
2018-01-27 17:49:11.059;SQ;AS156-AS1-20180127174911
2018-01-27 17:49:31.811;RC;AS156-AS1-20180127174740
2018-01-27 17:49:34.101;SS;AS156-AS1-20180127174740
2018-01-27 17:50:09.758;RU;AS156-AS1-20180127174610
2018-01-27 17:50:15.417;VU;AS156-AS1-20180127174610
2018-01-27 17:50:58.540;RO;AS156-AS1-20180127174911
2018-01-27 17:50:59.147;RU;AS156-AS1-20180127174740
2018-01-27 17:51:01.750;SP;AS156-AS1-20180127174911
2018-01-27 17:51:03.481;VU;AS156-AS1-20180127174740
2018-01-27 17:51:07.131;SQ;AS156-AS1-20180127175107
2018-01-27 17:52:17.218;RC;AS156-AS1-20180127174911
2018-01-27 17:52:19.640;SS;AS156-AS1-20180127174911
2018-01-27 17:52:26.083;RO;AS156-AS1-20180127175107
2018-01-27 17:52:28.695;SP;AS156-AS1-20180127175107
2018-01-27 17:52:35.226;SQ;AS156-AS1-20180127175235
2018-01-27 17:53:12.197;RC;AS156-AS1-20180127175107
2018-01-27 17:53:14.795;SS;AS156-AS1-20180127175107
2018-01-27 17:53:42.306;RU;AS156-AS1-20180127174911
2018-01-27 17:53:45.804;VU;AS156-AS1-20180127174911
2018-01-27 17:53:53.737;RO;AS156-AS1-20180127175235
2018-01-27 17:53:56.399;SP;AS156-AS1-20180127175235
2018-01-27 17:54:01.153;SQ;AS156-AS1-20180127175401
2018-01-27 17:54:29.424;RU;AS156-AS1-20180127175107
2018-01-27 17:54:32.768;VU;AS156-AS1-20180127175107
2018-01-27 17:54:36.460;RC;AS156-AS1-20180127175235
2018-01-27 17:54:38.663;SS;AS156-AS1-20180127175235
2018-01-27 17:55:22.655;RO;AS156-AS1-20180127175401
2018-01-27 17:55:25.469;SP;AS156-AS1-20180127175401
2018-01-27 17:55:30.332;SQ;AS156-AS1-20180127175530
2018-01-27 17:55:56.968;RU;AS156-AS1-20180127175235
2018-01-27 17:56:00.156;VU;AS156-AS1-20180127175235
2018-01-27 17:56:04.516;RC;AS156-AS1-20180127175401
2018-01-27 17:56:08.778;SS;AS156-AS1-20180127175401
2018-01-27 17:56:46.250;RO;AS156-AS1-20180127175530
2018-01-27 17:56:48.889;SP;AS156-AS1-20180127175530
2018-01-27 17:56:55.208;SQ;AS156-AS1-20180127175655
2018-01-27 17:57:24.663;RU;AS156-AS1-20180127175401
2018-01-27 17:57:26.628;RC;AS156-AS1-20180127175530
2018-01-27 17:57:30.507;SS;AS156-AS1-20180127175530
2018-01-27 17:57:30.578;VU;AS156-AS1-20180127175401
2018-01-27 17:58:41.668;RU;AS156-AS1-20180127175530
2018-01-27 17:58:43.940;RO;AS156-AS1-20180127175655
2018-01-27 17:58:47.530;VU;AS156-AS1-20180127175530
2018-01-27 17:58:47.847;SP;AS156-AS1-20180127175655
2018-01-27 17:58:52.896;SQ;AS156-AS1-20180127175852
2018-01-27 17:59:22.784;RC;AS156-AS1-20180127175655
2018-01-27 17:59:25.142;SS;AS156-AS1-20180127175655
2018-01-27 17:59:53.250;RO;AS156-AS1-20180127175852
2018-01-27 17:59:55.916;SP;AS156-AS1-20180127175852
2018-01-27 18:00:03.040;SQ;AS156-AS1-20180127180003
2018-01-27 18:00:20.292;RC;AS156-AS1-20180127175852
2018-01-27 18:00:22.690;SS;AS156-AS1-20180127175852
2018-01-27 18:00:23.469;RU;AS156-AS1-20180127175655
2018-01-27 18:00:26.700;VU;AS156-AS1-20180127175655
2018-01-27 18:00:45.330;RO;AS156-AS1-20180127180003
2018-01-27 18:00:49.289;SP;AS156-AS1-20180127180003
2018-01-27 18:00:54.312;SQ;AS156-AS1-20180127180054
2018-01-27 18:00:58.636;RU;AS156-AS1-20180127175852
2018-01-27 18:00:58.786;RC;AS156-AS1-20180127180003
2018-01-27 18:00:59.865;RO;AS156-AS1-20180127180054
2018-01-27 18:01:03.373;SS;AS156-AS1-20180127180003
2018-01-27 18:01:04.217;VU;AS156-AS1-20180127175852
2018-01-27 18:01:04.455;SP;AS156-AS1-20180127180054
2018-01-27 18:01:09.206;RC;AS156-AS1-20180127180054
2018-01-27 18:01:13.029;SS;AS156-AS1-20180127180054
2018-01-27 18:01:13.163;RU;AS156-AS1-20180127180003
2018-01-27 18:01:13.520;SQ;AS156-AS1-20180127180113
2018-01-27 18:01:14.906;RO;AS156-AS1-20180127180113
2018-01-27 18:01:17.469;RU;AS156-AS1-20180127180054
2018-01-27 18:01:18.148;SP;AS156-AS1-20180127180113
2018-01-27 18:01:18.787;RC;AS156-AS1-20180127180113
2018-01-27 18:01:24.181;VU;AS156-AS1-20180127180003
2018-01-27 18:01:24.355;VU;AS156-AS1-20180127180054
2018-01-27 18:01:24.355;SS;AS156-AS1-20180127180113
2018-01-27 18:01:28.656;RU;AS156-AS1-20180127180113
2018-01-27 18:01:44.225;VU;AS156-AS1-20180127180113
