2018-01-27 17:18:41.475;SQ;AS150-AS1-20180127171841
2018-01-27 17:19:26.189;RO;AS150-AS1-20180127171841
2018-01-27 17:19:27.326;SP;AS150-AS1-20180127171841
2018-01-27 17:19:29.291;SQ;AS150-AS1-20180127171929
2018-01-27 17:20:01.153;RC;AS150-AS1-20180127171841
2018-01-27 17:20:02.490;SS;AS150-AS1-20180127171841
2018-01-27 17:20:48.409;RO;AS150-AS1-20180127171929
2018-01-27 17:20:50.629;SP;AS150-AS1-20180127171929
2018-01-27 17:20:53.042;SQ;AS150-AS1-20180127172053
2018-01-27 17:21:23.027;RU;AS150-AS1-20180127171841
2018-01-27 17:21:24.848;VU;AS150-AS1-20180127171841
2018-01-27 17:21:35.897;RC;AS150-AS1-20180127171929
2018-01-27 17:21:37.064;SS;AS150-AS1-20180127171929
2018-01-27 17:21:53.031;RO;AS150-AS1-20180127172053
2018-01-27 17:21:53.913;SP;AS150-AS1-20180127172053
2018-01-27 17:21:55.527;SQ;AS150-AS1-20180127172155
2018-01-27 17:22:21.032;RC;AS150-AS1-20180127172053
2018-01-27 17:22:22.218;SS;AS150-AS1-20180127172053
2018-01-27 17:22:55.160;RU;AS150-AS1-20180127171929
2018-01-27 17:22:56.972;VU;AS150-AS1-20180127171929
2018-01-27 17:23:14.193;RO;AS150-AS1-20180127172155
2018-01-27 17:23:15.433;SP;AS150-AS1-20180127172155
2018-01-27 17:23:17.060;SQ;AS150-AS1-20180127172317
2018-01-27 17:23:51.455;RU;AS150-AS1-20180127172053
2018-01-27 17:23:53.273;VU;AS150-AS1-20180127172053
2018-01-27 17:23:55.468;RC;AS150-AS1-20180127172155
2018-01-27 17:23:57.269;SS;AS150-AS1-20180127172155
2018-01-27 17:24:31.963;RO;AS150-AS1-20180127172317
2018-01-27 17:24:32.948;SP;AS150-AS1-20180127172317
2018-01-27 17:24:34.578;SQ;AS150-AS1-20180127172434
2018-01-27 17:25:08.146;RC;AS150-AS1-20180127172317
2018-01-27 17:25:08.988;SS;AS150-AS1-20180127172317
2018-01-27 17:25:25.233;RU;AS150-AS1-20180127172155
2018-01-27 17:25:27.044;VU;AS150-AS1-20180127172155
2018-01-27 17:25:49.074;RO;AS150-AS1-20180127172434
2018-01-27 17:25:49.987;SP;AS150-AS1-20180127172434
2018-01-27 17:25:51.633;SQ;AS150-AS1-20180127172551
2018-01-27 17:26:18.887;RC;AS150-AS1-20180127172434
2018-01-27 17:26:19.729;SS;AS150-AS1-20180127172434
2018-01-27 17:26:36.345;RU;AS150-AS1-20180127172317
2018-01-27 17:26:38.168;VU;AS150-AS1-20180127172317
2018-01-27 17:27:10.198;RO;AS150-AS1-20180127172551
2018-01-27 17:27:11.035;SP;AS150-AS1-20180127172551
2018-01-27 17:27:12.642;SQ;AS150-AS1-20180127172712
2018-01-27 17:27:49.021;RC;AS150-AS1-20180127172551
2018-01-27 17:27:50.527;SS;AS150-AS1-20180127172551
2018-01-27 17:28:13.891;RU;AS150-AS1-20180127172434
2018-01-27 17:28:15.711;VU;AS150-AS1-20180127172434
2018-01-27 17:28:31.357;RO;AS150-AS1-20180127172712
2018-01-27 17:28:32.539;SP;AS150-AS1-20180127172712
2018-01-27 17:28:34.163;SQ;AS150-AS1-20180127172834
2018-01-27 17:29:09.611;RU;AS150-AS1-20180127172551
2018-01-27 17:29:11.355;RC;AS150-AS1-20180127172712
2018-01-27 17:29:12.950;SS;AS150-AS1-20180127172712
2018-01-27 17:30:02.876;RO;AS150-AS1-20180127172834
2018-01-27 17:30:04.933;SP;AS150-AS1-20180127172834
2018-01-27 17:30:07.387;SQ;AS150-AS1-20180127173007
2018-01-27 17:30:39.978;RU;AS150-AS1-20180127172712
2018-01-27 17:30:42.110;RC;AS150-AS1-20180127172834
2018-01-27 17:30:42.725;VU;AS150-AS1-20180127172712
2018-01-27 17:30:43.581;SS;AS150-AS1-20180127172834
2018-01-27 17:31:35.969;RO;AS150-AS1-20180127173007
2018-01-27 17:31:37.390;SP;AS150-AS1-20180127173007
2018-01-27 17:31:39.889;SQ;AS150-AS1-20180127173139
2018-01-27 17:32:06.043;RU;AS150-AS1-20180127172834
2018-01-27 17:32:08.627;VU;AS150-AS1-20180127172834
2018-01-27 17:32:14.225;RC;AS150-AS1-20180127173007
2018-01-27 17:32:16.094;SS;AS150-AS1-20180127173007
2018-01-27 17:33:37.778;RU;AS150-AS1-20180127173007
2018-01-27 17:33:39.704;VU;AS150-AS1-20180127173007
2018-01-27 17:33:41.631;RO;AS150-AS1-20180127173139
2018-01-27 17:33:43.086;SP;AS150-AS1-20180127173139
2018-01-27 17:33:45.483;SQ;AS150-AS1-20180127173345
2018-01-27 17:34:14.929;RC;AS150-AS1-20180127173139
2018-01-27 17:34:15.991;SS;AS150-AS1-20180127173139
2018-01-27 17:35:06.614;RO;AS150-AS1-20180127173345
2018-01-27 17:35:08.585;SP;AS150-AS1-20180127173345
2018-01-27 17:35:11.106;SQ;AS150-AS1-20180127173511
2018-01-27 17:35:39.279;RU;AS150-AS1-20180127173139
2018-01-27 17:35:41.562;VU;AS150-AS1-20180127173139
2018-01-27 17:35:46.745;RC;AS150-AS1-20180127173345
2018-01-27 17:35:47.734;SS;AS150-AS1-20180127173345
2018-01-27 17:36:30.898;RO;AS150-AS1-20180127173511
2018-01-27 17:36:32.864;SP;AS150-AS1-20180127173511
2018-01-27 17:36:35.121;SQ;AS150-AS1-20180127173635
2018-01-27 17:37:02.220;RU;AS150-AS1-20180127173345
2018-01-27 17:37:04.324;VU;AS150-AS1-20180127173345
2018-01-27 17:37:17.320;RC;AS150-AS1-20180127173511
2018-01-27 17:37:18.545;SS;AS150-AS1-20180127173511
2018-01-27 17:38:02.056;RO;AS150-AS1-20180127173635
2018-01-27 17:38:03.074;SP;AS150-AS1-20180127173635
2018-01-27 17:38:05.571;SQ;AS150-AS1-20180127173805
2018-01-27 17:38:40.974;RC;AS150-AS1-20180127173635
2018-01-27 17:38:43.976;SS;AS150-AS1-20180127173635
2018-01-27 17:38:49.707;RU;AS150-AS1-20180127173511
2018-01-27 17:38:52.087;VU;AS150-AS1-20180127173511
2018-01-27 17:39:25.206;RO;AS150-AS1-20180127173805
2018-01-27 17:39:27.114;SP;AS150-AS1-20180127173805
2018-01-27 17:39:30.910;SQ;AS150-AS1-20180127173930
2018-01-27 17:40:05.113;RU;AS150-AS1-20180127173635
2018-01-27 17:40:06.566;RC;AS150-AS1-20180127173805
2018-01-27 17:40:07.183;VU;AS150-AS1-20180127173635
2018-01-27 17:40:07.631;SS;AS150-AS1-20180127173805
2018-01-27 17:41:31.347;RO;AS150-AS1-20180127173930
2018-01-27 17:41:32.486;SP;AS150-AS1-20180127173930
2018-01-27 17:41:36.463;SQ;AS150-AS1-20180127174136
2018-01-27 17:42:12.455;RU;AS150-AS1-20180127173805
2018-01-27 17:42:14.765;VU;AS150-AS1-20180127173805
2018-01-27 17:42:15.547;RC;AS150-AS1-20180127173930
2018-01-27 17:42:16.606;SS;AS150-AS1-20180127173930
2018-01-27 17:43:01.345;RO;AS150-AS1-20180127174136
2018-01-27 17:43:02.597;SP;AS150-AS1-20180127174136
2018-01-27 17:43:05.119;SQ;AS150-AS1-20180127174305
2018-01-27 17:43:34.473;RC;AS150-AS1-20180127174136
2018-01-27 17:43:35.588;SS;AS150-AS1-20180127174136
2018-01-27 17:44:18.407;RO;AS150-AS1-20180127174305
2018-01-27 17:44:20.086;SP;AS150-AS1-20180127174305
2018-01-27 17:44:22.548;SQ;AS150-AS1-20180127174422
2018-01-27 17:44:22.702;RU;AS150-AS1-20180127173930
2018-01-27 17:44:24.616;VU;AS150-AS1-20180127173930
2018-01-27 17:44:57.215;RU;AS150-AS1-20180127174136
2018-01-27 17:44:57.670;RC;AS150-AS1-20180127174305
2018-01-27 17:45:00.559;SS;AS150-AS1-20180127174305
2018-01-27 17:45:00.927;VU;AS150-AS1-20180127174136
2018-01-27 17:45:38.725;RO;AS150-AS1-20180127174422
2018-01-27 17:45:40.224;SP;AS150-AS1-20180127174422
2018-01-27 17:45:42.709;SQ;AS150-AS1-20180127174542
2018-01-27 17:46:16.745;RU;AS150-AS1-20180127174305
2018-01-27 17:46:18.573;VU;AS150-AS1-20180127174305
2018-01-27 17:46:24.018;RC;AS150-AS1-20180127174422
2018-01-27 17:46:24.863;SS;AS150-AS1-20180127174422
2018-01-27 17:47:04.257;RO;AS150-AS1-20180127174542
2018-01-27 17:47:05.412;SP;AS150-AS1-20180127174542
2018-01-27 17:47:07.932;SQ;AS150-AS1-20180127174707
2018-01-27 17:47:45.652;RC;AS150-AS1-20180127174542
2018-01-27 17:47:46.583;SS;AS150-AS1-20180127174542
2018-01-27 17:48:31.346;RO;AS150-AS1-20180127174707
2018-01-27 17:48:33.114;SP;AS150-AS1-20180127174707
2018-01-27 17:48:35.038;RU;AS150-AS1-20180127174422
2018-01-27 17:48:36.711;SQ;AS150-AS1-20180127174836
2018-01-27 17:48:39.144;VU;AS150-AS1-20180127174422
2018-01-27 17:49:07.485;RU;AS150-AS1-20180127174542
2018-01-27 17:49:10.976;VU;AS150-AS1-20180127174542
2018-01-27 17:49:18.389;RC;AS150-AS1-20180127174707
2018-01-27 17:49:19.638;SS;AS150-AS1-20180127174707
2018-01-27 17:49:53.600;RO;AS150-AS1-20180127174836
2018-01-27 17:49:56.080;SP;AS150-AS1-20180127174836
2018-01-27 17:49:58.789;SQ;AS150-AS1-20180127174958
2018-01-27 17:50:21.431;RU;AS150-AS1-20180127174707
2018-01-27 17:50:34.300;RC;AS150-AS1-20180127174836
2018-01-27 17:50:35.651;SS;AS150-AS1-20180127174836
2018-01-27 17:51:05.795;RO;AS150-AS1-20180127174958
2018-01-27 17:51:07.515;SP;AS150-AS1-20180127174958
2018-01-27 17:51:10.841;SQ;AS150-AS1-20180127175110
2018-01-27 17:51:51.985;RC;AS150-AS1-20180127174958
2018-01-27 17:51:52.363;RU;AS150-AS1-20180127174836
2018-01-27 17:51:53.525;SS;AS150-AS1-20180127174958
2018-01-27 17:51:56.038;VU;AS150-AS1-20180127174836
2018-01-27 17:52:27.281;RO;AS150-AS1-20180127175110
2018-01-27 17:52:28.834;SP;AS150-AS1-20180127175110
2018-01-27 17:52:33.667;SQ;AS150-AS1-20180127175233
2018-01-27 17:53:12.008;RC;AS150-AS1-20180127175110
2018-01-27 17:53:13.461;SS;AS150-AS1-20180127175110
2018-01-27 17:53:21.152;RU;AS150-AS1-20180127174958
2018-01-27 17:53:23.910;VU;AS150-AS1-20180127174958
2018-01-27 17:53:47.137;RO;AS150-AS1-20180127175233
2018-01-27 17:53:49.705;SP;AS150-AS1-20180127175233
2018-01-27 17:53:53.119;SQ;AS150-AS1-20180127175353
2018-01-27 17:54:26.200;RC;AS150-AS1-20180127175233
2018-01-27 17:54:28.168;SS;AS150-AS1-20180127175233
2018-01-27 17:54:43.393;RU;AS150-AS1-20180127175110
2018-01-27 17:54:46.497;VU;AS150-AS1-20180127175110
2018-01-27 17:55:10.512;RO;AS150-AS1-20180127175353
2018-01-27 17:55:12.349;SP;AS150-AS1-20180127175353
2018-01-27 17:55:15.668;SQ;AS150-AS1-20180127175515
2018-01-27 17:55:50.320;RC;AS150-AS1-20180127175353
2018-01-27 17:55:50.992;RU;AS150-AS1-20180127175233
2018-01-27 17:55:54.043;SS;AS150-AS1-20180127175353
2018-01-27 17:55:55.947;VU;AS150-AS1-20180127175233
2018-01-27 17:56:31.374;RO;AS150-AS1-20180127175515
2018-01-27 17:56:33.325;SP;AS150-AS1-20180127175515
2018-01-27 17:56:37.395;SQ;AS150-AS1-20180127175637
2018-01-27 17:57:09.991;RC;AS150-AS1-20180127175515
2018-01-27 17:57:12.443;SS;AS150-AS1-20180127175515
2018-01-27 17:57:16.125;RU;AS150-AS1-20180127175353
2018-01-27 17:57:19.184;VU;AS150-AS1-20180127175353
2018-01-27 17:57:49.462;RO;AS150-AS1-20180127175637
2018-01-27 17:57:51.346;SP;AS150-AS1-20180127175637
2018-01-27 17:57:56.345;SQ;AS150-AS1-20180127175756
2018-01-27 17:58:27.393;RC;AS150-AS1-20180127175637
2018-01-27 17:58:30.722;SS;AS150-AS1-20180127175637
2018-01-27 17:58:36.734;RU;AS150-AS1-20180127175515
2018-01-27 17:58:39.653;VU;AS150-AS1-20180127175515
2018-01-27 17:59:10.439;RO;AS150-AS1-20180127175756
2018-01-27 17:59:11.933;SP;AS150-AS1-20180127175756
2018-01-27 17:59:17.706;SQ;AS150-AS1-20180127175917
2018-01-27 17:59:44.433;RC;AS150-AS1-20180127175756
2018-01-27 17:59:45.165;RU;AS150-AS1-20180127175637
2018-01-27 17:59:48.701;SS;AS150-AS1-20180127175756
2018-01-27 17:59:50.314;VU;AS150-AS1-20180127175637
2018-01-27 18:00:17.503;RO;AS150-AS1-20180127175917
2018-01-27 18:00:20.868;SP;AS150-AS1-20180127175917
2018-01-27 18:00:40.080;RU;AS150-AS1-20180127175756
2018-01-27 18:00:41.010;RC;AS150-AS1-20180127175917
2018-01-27 18:00:42.662;VU;AS150-AS1-20180127175756
2018-01-27 18:00:45.245;SS;AS150-AS1-20180127175917
2018-01-27 18:01:09.036;RU;AS150-AS1-20180127175917
2018-01-27 18:01:12.294;VU;AS150-AS1-20180127175917
