2018-01-27 17:18:34.566;SQ;AS152-AS1-20180127171834
2018-01-27 17:19:05.285;RO;AS152-AS1-20180127171834
2018-01-27 17:19:06.429;SP;AS152-AS1-20180127171834
2018-01-27 17:19:08.083;SQ;AS152-AS1-20180127171908
2018-01-27 17:19:34.182;RC;AS152-AS1-20180127171834
2018-01-27 17:19:34.972;SS;AS152-AS1-20180127171834
2018-01-27 17:20:42.573;RO;AS152-AS1-20180127171908
2018-01-27 17:20:43.492;SP;AS152-AS1-20180127171908
2018-01-27 17:20:45.087;SQ;AS152-AS1-20180127172045
2018-01-27 17:20:52.640;RU;AS152-AS1-20180127171834
2018-01-27 17:20:54.437;VU;AS152-AS1-20180127171834
2018-01-27 17:21:28.204;RC;AS152-AS1-20180127171908
2018-01-27 17:21:29.010;SS;AS152-AS1-20180127171908
2018-01-27 17:22:17.502;RO;AS152-AS1-20180127172045
2018-01-27 17:22:18.469;SP;AS152-AS1-20180127172045
2018-01-27 17:22:20.065;SQ;AS152-AS1-20180127172220
2018-01-27 17:22:50.531;RU;AS152-AS1-20180127171908
2018-01-27 17:22:52.315;VU;AS152-AS1-20180127171908
2018-01-27 17:22:55.167;RC;AS152-AS1-20180127172045
2018-01-27 17:22:55.959;SS;AS152-AS1-20180127172045
2018-01-27 17:23:35.685;RO;AS152-AS1-20180127172220
2018-01-27 17:23:36.920;SP;AS152-AS1-20180127172220
2018-01-27 17:23:38.480;SQ;AS152-AS1-20180127172338
2018-01-27 17:24:13.583;RU;AS152-AS1-20180127172045
2018-01-27 17:24:15.405;VU;AS152-AS1-20180127172045
2018-01-27 17:24:25.015;RC;AS152-AS1-20180127172220
2018-01-27 17:24:26.041;SS;AS152-AS1-20180127172220
2018-01-27 17:25:08.770;RO;AS152-AS1-20180127172338
2018-01-27 17:25:09.887;SP;AS152-AS1-20180127172338
2018-01-27 17:25:11.458;SQ;AS152-AS1-20180127172511
2018-01-27 17:25:55.124;RU;AS152-AS1-20180127172220
2018-01-27 17:25:56.932;VU;AS152-AS1-20180127172220
2018-01-27 17:26:14.244;RC;AS152-AS1-20180127172338
2018-01-27 17:26:15.068;SS;AS152-AS1-20180127172338
2018-01-27 17:26:28.353;RO;AS152-AS1-20180127172511
2018-01-27 17:26:29.336;SP;AS152-AS1-20180127172511
2018-01-27 17:26:30.928;SQ;AS152-AS1-20180127172630
2018-01-27 17:27:09.317;RC;AS152-AS1-20180127172511
2018-01-27 17:27:10.100;SS;AS152-AS1-20180127172511
2018-01-27 17:27:42.487;RU;AS152-AS1-20180127172338
2018-01-27 17:27:44.271;VU;AS152-AS1-20180127172338
2018-01-27 17:27:48.112;RO;AS152-AS1-20180127172630
2018-01-27 17:27:49.359;SP;AS152-AS1-20180127172630
2018-01-27 17:27:52.426;SQ;AS152-AS1-20180127172752
2018-01-27 17:28:31.410;RU;AS152-AS1-20180127172511
2018-01-27 17:28:31.772;RC;AS152-AS1-20180127172630
2018-01-27 17:28:33.022;SS;AS152-AS1-20180127172630
2018-01-27 17:28:33.557;VU;AS152-AS1-20180127172511
2018-01-27 17:29:17.860;RO;AS152-AS1-20180127172752
2018-01-27 17:29:18.840;SP;AS152-AS1-20180127172752
2018-01-27 17:29:20.436;SQ;AS152-AS1-20180127172920
2018-01-27 17:30:01.613;RC;AS152-AS1-20180127172752
2018-01-27 17:30:02.439;SS;AS152-AS1-20180127172752
2018-01-27 17:30:36.007;RU;AS152-AS1-20180127172630
2018-01-27 17:30:37.805;VU;AS152-AS1-20180127172630
2018-01-27 17:30:38.630;RO;AS152-AS1-20180127172920
2018-01-27 17:30:40.637;SP;AS152-AS1-20180127172920
2018-01-27 17:30:42.552;SQ;AS152-AS1-20180127173042
2018-01-27 17:31:20.619;RU;AS152-AS1-20180127172752
2018-01-27 17:31:22.407;VU;AS152-AS1-20180127172752
2018-01-27 17:31:24.376;RC;AS152-AS1-20180127172920
2018-01-27 17:31:25.186;SS;AS152-AS1-20180127172920
2018-01-27 17:32:09.465;RO;AS152-AS1-20180127173042
2018-01-27 17:32:10.467;SP;AS152-AS1-20180127173042
2018-01-27 17:32:12.079;SQ;AS152-AS1-20180127173212
2018-01-27 17:32:47.935;RU;AS152-AS1-20180127172920
2018-01-27 17:32:49.733;VU;AS152-AS1-20180127172920
2018-01-27 17:32:54.134;RC;AS152-AS1-20180127173042
2018-01-27 17:32:54.921;SS;AS152-AS1-20180127173042
2018-01-27 17:33:34.424;RO;AS152-AS1-20180127173212
2018-01-27 17:33:35.465;SP;AS152-AS1-20180127173212
2018-01-27 17:33:37.043;SQ;AS152-AS1-20180127173337
2018-01-27 17:34:13.103;RU;AS152-AS1-20180127173042
2018-01-27 17:34:20.966;RC;AS152-AS1-20180127173212
2018-01-27 17:34:22.599;SS;AS152-AS1-20180127173212
2018-01-27 17:34:54.708;RO;AS152-AS1-20180127173337
2018-01-27 17:34:56.679;SP;AS152-AS1-20180127173337
2018-01-27 17:34:58.760;SQ;AS152-AS1-20180127173458
2018-01-27 17:35:38.169;RC;AS152-AS1-20180127173337
2018-01-27 17:35:39.385;SS;AS152-AS1-20180127173337
2018-01-27 17:35:46.832;RU;AS152-AS1-20180127173212
2018-01-27 17:35:48.811;VU;AS152-AS1-20180127173212
2018-01-27 17:36:24.051;RO;AS152-AS1-20180127173458
2018-01-27 17:36:25.412;SP;AS152-AS1-20180127173458
2018-01-27 17:36:27.649;SQ;AS152-AS1-20180127173627
2018-01-27 17:37:00.390;RC;AS152-AS1-20180127173458
2018-01-27 17:37:01.431;SS;AS152-AS1-20180127173458
2018-01-27 17:37:04.263;RU;AS152-AS1-20180127173337
2018-01-27 17:37:06.227;VU;AS152-AS1-20180127173337
2018-01-27 17:37:41.005;RO;AS152-AS1-20180127173627
2018-01-27 17:37:42.185;SP;AS152-AS1-20180127173627
2018-01-27 17:37:44.476;SQ;AS152-AS1-20180127173744
2018-01-27 17:38:22.639;RC;AS152-AS1-20180127173627
2018-01-27 17:38:23.883;SS;AS152-AS1-20180127173627
2018-01-27 17:38:26.674;RU;AS152-AS1-20180127173458
2018-01-27 17:38:29.060;VU;AS152-AS1-20180127173458
2018-01-27 17:39:02.846;RO;AS152-AS1-20180127173744
2018-01-27 17:39:04.196;SP;AS152-AS1-20180127173744
2018-01-27 17:39:06.578;SQ;AS152-AS1-20180127173906
2018-01-27 17:39:43.627;RC;AS152-AS1-20180127173744
2018-01-27 17:39:45.642;SS;AS152-AS1-20180127173744
2018-01-27 17:39:53.683;RU;AS152-AS1-20180127173627
2018-01-27 17:39:55.592;VU;AS152-AS1-20180127173627
2018-01-27 17:40:28.479;RO;AS152-AS1-20180127173906
2018-01-27 17:40:30.220;SP;AS152-AS1-20180127173906
2018-01-27 17:40:32.796;SQ;AS152-AS1-20180127174032
2018-01-27 17:41:04.671;RU;AS152-AS1-20180127173744
2018-01-27 17:41:07.007;VU;AS152-AS1-20180127173744
2018-01-27 17:41:15.244;RC;AS152-AS1-20180127173906
2018-01-27 17:41:16.232;SS;AS152-AS1-20180127173906
2018-01-27 17:41:51.916;RO;AS152-AS1-20180127174032
2018-01-27 17:41:53.201;SP;AS152-AS1-20180127174032
2018-01-27 17:41:55.641;SQ;AS152-AS1-20180127174155
2018-01-27 17:42:38.319;RC;AS152-AS1-20180127174032
2018-01-27 17:42:39.613;SS;AS152-AS1-20180127174032
2018-01-27 17:42:40.833;RU;AS152-AS1-20180127173906
2018-01-27 17:42:42.806;VU;AS152-AS1-20180127173906
2018-01-27 17:44:05.495;RU;AS152-AS1-20180127174032
2018-01-27 17:44:07.582;VU;AS152-AS1-20180127174032
2018-01-27 17:44:09.477;RO;AS152-AS1-20180127174155
2018-01-27 17:44:12.438;SP;AS152-AS1-20180127174155
2018-01-27 17:44:14.540;SQ;AS152-AS1-20180127174414
2018-01-27 17:44:52.909;RC;AS152-AS1-20180127174155
2018-01-27 17:44:53.830;SS;AS152-AS1-20180127174155
2018-01-27 17:46:00.824;RU;AS152-AS1-20180127174155
2018-01-27 17:46:06.872;RO;AS152-AS1-20180127174414
2018-01-27 17:46:08.552;SP;AS152-AS1-20180127174414
2018-01-27 17:46:11.813;SQ;AS152-AS1-20180127174611
2018-01-27 17:46:55.714;RC;AS152-AS1-20180127174414
2018-01-27 17:46:56.489;SS;AS152-AS1-20180127174414
2018-01-27 17:47:31.302;RO;AS152-AS1-20180127174611
2018-01-27 17:47:32.343;SP;AS152-AS1-20180127174611
2018-01-27 17:47:37.719;SQ;AS152-AS1-20180127174737
2018-01-27 17:48:15.214;RC;AS152-AS1-20180127174611
2018-01-27 17:48:16.833;SS;AS152-AS1-20180127174611
2018-01-27 17:48:21.939;RU;AS152-AS1-20180127174414
2018-01-27 17:48:24.270;VU;AS152-AS1-20180127174414
2018-01-27 17:48:59.944;RO;AS152-AS1-20180127174737
2018-01-27 17:49:02.144;SP;AS152-AS1-20180127174737
2018-01-27 17:49:06.119;SQ;AS152-AS1-20180127174906
2018-01-27 17:49:34.472;RU;AS152-AS1-20180127174611
2018-01-27 17:49:34.530;RC;AS152-AS1-20180127174737
2018-01-27 17:49:37.527;SS;AS152-AS1-20180127174737
2018-01-27 17:49:38.223;VU;AS152-AS1-20180127174611
2018-01-27 17:50:35.384;RO;AS152-AS1-20180127174906
2018-01-27 17:50:37.511;SP;AS152-AS1-20180127174906
2018-01-27 17:50:42.719;SQ;AS152-AS1-20180127175042
2018-01-27 17:50:50.471;RU;AS152-AS1-20180127174737
2018-01-27 17:50:53.147;VU;AS152-AS1-20180127174737
2018-01-27 17:51:21.940;RC;AS152-AS1-20180127174906
2018-01-27 17:51:23.908;SS;AS152-AS1-20180127174906
2018-01-27 17:52:08.491;RO;AS152-AS1-20180127175042
2018-01-27 17:52:10.531;SP;AS152-AS1-20180127175042
2018-01-27 17:52:14.699;SQ;AS152-AS1-20180127175214
2018-01-27 17:52:38.529;RC;AS152-AS1-20180127175042
2018-01-27 17:52:39.996;SS;AS152-AS1-20180127175042
2018-01-27 17:52:43.604;RU;AS152-AS1-20180127174906
2018-01-27 17:52:46.991;VU;AS152-AS1-20180127174906
2018-01-27 17:53:31.002;RO;AS152-AS1-20180127175214
2018-01-27 17:53:34.894;SP;AS152-AS1-20180127175214
2018-01-27 17:53:37.500;SQ;AS152-AS1-20180127175337
2018-01-27 17:53:54.857;RU;AS152-AS1-20180127175042
2018-01-27 17:53:56.738;VU;AS152-AS1-20180127175042
2018-01-27 17:54:17.176;RC;AS152-AS1-20180127175214
2018-01-27 17:54:20.931;SS;AS152-AS1-20180127175214
2018-01-27 17:54:51.898;RO;AS152-AS1-20180127175337
2018-01-27 17:54:53.640;SP;AS152-AS1-20180127175337
2018-01-27 17:54:56.900;SQ;AS152-AS1-20180127175456
2018-01-27 17:55:32.916;RC;AS152-AS1-20180127175337
2018-01-27 17:55:34.443;SS;AS152-AS1-20180127175337
2018-01-27 17:55:38.160;RU;AS152-AS1-20180127175214
2018-01-27 17:55:40.258;VU;AS152-AS1-20180127175214
2018-01-27 17:56:13.965;RO;AS152-AS1-20180127175456
2018-01-27 17:56:15.689;SP;AS152-AS1-20180127175456
2018-01-27 17:56:18.959;SQ;AS152-AS1-20180127175618
2018-01-27 17:56:46.167;RC;AS152-AS1-20180127175456
2018-01-27 17:56:46.963;SS;AS152-AS1-20180127175456
2018-01-27 17:56:49.811;RU;AS152-AS1-20180127175337
2018-01-27 17:56:52.923;VU;AS152-AS1-20180127175337
2018-01-27 17:58:09.298;RO;AS152-AS1-20180127175618
2018-01-27 17:58:13.170;SP;AS152-AS1-20180127175618
2018-01-27 17:58:16.417;SQ;AS152-AS1-20180127175816
2018-01-27 17:58:24.115;RU;AS152-AS1-20180127175456
2018-01-27 17:58:27.363;VU;AS152-AS1-20180127175456
2018-01-27 17:58:46.978;RC;AS152-AS1-20180127175618
2018-01-27 17:58:49.002;SS;AS152-AS1-20180127175618
2018-01-27 17:59:27.191;RO;AS152-AS1-20180127175816
2018-01-27 17:59:30.326;SP;AS152-AS1-20180127175816
2018-01-27 17:59:34.709;SQ;AS152-AS1-20180127175934
2018-01-27 18:00:00.735;RC;AS152-AS1-20180127175816
2018-01-27 18:00:01.376;RU;AS152-AS1-20180127175618
2018-01-27 18:00:05.212;SS;AS152-AS1-20180127175816
2018-01-27 18:00:06.465;VU;AS152-AS1-20180127175618
2018-01-27 18:00:18.959;RO;AS152-AS1-20180127175934
2018-01-27 18:00:21.783;SP;AS152-AS1-20180127175934
2018-01-27 18:00:25.404;SQ;AS152-AS1-20180127180025
2018-01-27 18:00:41.018;RC;AS152-AS1-20180127175934
2018-01-27 18:00:44.696;SS;AS152-AS1-20180127175934
2018-01-27 18:00:46.322;RU;AS152-AS1-20180127175816
2018-01-27 18:00:50.026;VU;AS152-AS1-20180127175816
2018-01-27 18:00:58.299;RO;AS152-AS1-20180127180025
2018-01-27 18:01:00.984;SP;AS152-AS1-20180127180025
2018-01-27 18:01:05.541;RC;AS152-AS1-20180127180025
2018-01-27 18:01:08.529;RU;AS152-AS1-20180127175934
2018-01-27 18:01:10.224;SS;AS152-AS1-20180127180025
2018-01-27 18:01:12.722;VU;AS152-AS1-20180127175934
2018-01-27 18:01:14.710;RU;AS152-AS1-20180127180025
2018-01-27 18:01:25.022;VU;AS152-AS1-20180127180025
