2018-01-27 17:18:33.657;SQ;AS159-AS1-20180127171833
2018-01-27 17:18:59.238;RO;AS159-AS1-20180127171833
2018-01-27 17:19:00.499;SP;AS159-AS1-20180127171833
2018-01-27 17:19:02.151;SQ;AS159-AS1-20180127171902
2018-01-27 17:19:24.310;RC;AS159-AS1-20180127171833
2018-01-27 17:19:25.123;SS;AS159-AS1-20180127171833
2018-01-27 17:19:45.959;RO;AS159-AS1-20180127171902
2018-01-27 17:19:46.992;SP;AS159-AS1-20180127171902
2018-01-27 17:19:48.629;SQ;AS159-AS1-20180127171948
2018-01-27 17:20:32.484;RC;AS159-AS1-20180127171902
2018-01-27 17:20:33.787;SS;AS159-AS1-20180127171902
2018-01-27 17:20:42.572;RU;AS159-AS1-20180127171833
2018-01-27 17:20:44.401;VU;AS159-AS1-20180127171833
2018-01-27 17:21:04.554;RO;AS159-AS1-20180127171948
2018-01-27 17:21:06.077;SP;AS159-AS1-20180127171948
2018-01-27 17:21:07.726;SQ;AS159-AS1-20180127172107
2018-01-27 17:21:41.679;RC;AS159-AS1-20180127171948
2018-01-27 17:21:42.508;SS;AS159-AS1-20180127171948
2018-01-27 17:21:48.767;RU;AS159-AS1-20180127171902
2018-01-27 17:21:50.598;VU;AS159-AS1-20180127171902
2018-01-27 17:22:18.437;RO;AS159-AS1-20180127172107
2018-01-27 17:22:19.638;SP;AS159-AS1-20180127172107
2018-01-27 17:22:21.286;SQ;AS159-AS1-20180127172221
2018-01-27 17:23:04.105;RU;AS159-AS1-20180127171948
2018-01-27 17:23:05.333;RC;AS159-AS1-20180127172107
2018-01-27 17:23:05.930;VU;AS159-AS1-20180127171948
2018-01-27 17:23:06.153;SS;AS159-AS1-20180127172107
2018-01-27 17:23:51.314;RO;AS159-AS1-20180127172221
2018-01-27 17:23:52.191;SP;AS159-AS1-20180127172221
2018-01-27 17:23:53.862;SQ;AS159-AS1-20180127172353
2018-01-27 17:24:16.018;RU;AS159-AS1-20180127172107
2018-01-27 17:24:17.832;VU;AS159-AS1-20180127172107
2018-01-27 17:24:36.107;RC;AS159-AS1-20180127172221
2018-01-27 17:24:36.922;SS;AS159-AS1-20180127172221
2018-01-27 17:25:11.450;RO;AS159-AS1-20180127172353
2018-01-27 17:25:13.716;SP;AS159-AS1-20180127172353
2018-01-27 17:25:16.302;SQ;AS159-AS1-20180127172516
2018-01-27 17:25:58.439;RC;AS159-AS1-20180127172353
2018-01-27 17:25:59.261;SS;AS159-AS1-20180127172353
2018-01-27 17:26:02.458;RU;AS159-AS1-20180127172221
2018-01-27 17:26:04.389;VU;AS159-AS1-20180127172221
2018-01-27 17:26:42.861;RO;AS159-AS1-20180127172516
2018-01-27 17:26:43.738;SP;AS159-AS1-20180127172516
2018-01-27 17:26:45.392;SQ;AS159-AS1-20180127172645
2018-01-27 17:27:15.796;RU;AS159-AS1-20180127172353
2018-01-27 17:27:17.602;VU;AS159-AS1-20180127172353
2018-01-27 17:28:00.660;RC;AS159-AS1-20180127172516
2018-01-27 17:28:01.493;SS;AS159-AS1-20180127172516
2018-01-27 17:28:13.849;RO;AS159-AS1-20180127172645
2018-01-27 17:28:14.813;SP;AS159-AS1-20180127172645
2018-01-27 17:28:16.431;SQ;AS159-AS1-20180127172816
2018-01-27 17:28:59.074;RC;AS159-AS1-20180127172645
2018-01-27 17:28:59.879;SS;AS159-AS1-20180127172645
2018-01-27 17:29:31.473;RU;AS159-AS1-20180127172516
2018-01-27 17:29:33.283;VU;AS159-AS1-20180127172516
2018-01-27 17:29:38.597;RO;AS159-AS1-20180127172816
2018-01-27 17:29:40.067;SP;AS159-AS1-20180127172816
2018-01-27 17:29:41.719;SQ;AS159-AS1-20180127172941
2018-01-27 17:30:20.590;RC;AS159-AS1-20180127172816
2018-01-27 17:30:21.413;SS;AS159-AS1-20180127172816
2018-01-27 17:30:23.972;RU;AS159-AS1-20180127172645
2018-01-27 17:30:26.177;VU;AS159-AS1-20180127172645
2018-01-27 17:31:00.092;RO;AS159-AS1-20180127172941
2018-01-27 17:31:01.122;SP;AS159-AS1-20180127172941
2018-01-27 17:31:02.736;SQ;AS159-AS1-20180127173102
2018-01-27 17:31:39.236;RC;AS159-AS1-20180127172941
2018-01-27 17:31:40.058;SS;AS159-AS1-20180127172941
2018-01-27 17:31:40.270;RU;AS159-AS1-20180127172816
2018-01-27 17:31:42.077;VU;AS159-AS1-20180127172816
2018-01-27 17:32:27.256;RO;AS159-AS1-20180127173102
2018-01-27 17:32:28.444;SP;AS159-AS1-20180127173102
2018-01-27 17:32:31.659;SQ;AS159-AS1-20180127173231
2018-01-27 17:33:05.023;RU;AS159-AS1-20180127172941
2018-01-27 17:33:06.832;VU;AS159-AS1-20180127172941
2018-01-27 17:33:08.103;RC;AS159-AS1-20180127173102
2018-01-27 17:33:08.912;SS;AS159-AS1-20180127173102
2018-01-27 17:33:56.706;RO;AS159-AS1-20180127173231
2018-01-27 17:33:57.558;SP;AS159-AS1-20180127173231
2018-01-27 17:33:59.189;SQ;AS159-AS1-20180127173359
2018-01-27 17:34:31.100;RC;AS159-AS1-20180127173231
2018-01-27 17:34:31.924;SS;AS159-AS1-20180127173231
2018-01-27 17:34:43.721;RU;AS159-AS1-20180127173102
2018-01-27 17:34:45.532;VU;AS159-AS1-20180127173102
2018-01-27 17:35:15.860;RO;AS159-AS1-20180127173359
2018-01-27 17:35:17.087;SP;AS159-AS1-20180127173359
2018-01-27 17:35:18.740;SQ;AS159-AS1-20180127173518
2018-01-27 17:35:59.649;RU;AS159-AS1-20180127173231
2018-01-27 17:36:00.974;RC;AS159-AS1-20180127173359
2018-01-27 17:36:01.458;VU;AS159-AS1-20180127173231
2018-01-27 17:36:01.839;SS;AS159-AS1-20180127173359
2018-01-27 17:36:39.519;RO;AS159-AS1-20180127173518
2018-01-27 17:36:40.655;SP;AS159-AS1-20180127173518
2018-01-27 17:36:42.287;SQ;AS159-AS1-20180127173642
2018-01-27 17:37:24.555;RC;AS159-AS1-20180127173518
2018-01-27 17:37:25.360;RU;AS159-AS1-20180127173359
2018-01-27 17:37:25.404;SS;AS159-AS1-20180127173518
2018-01-27 17:37:27.212;VU;AS159-AS1-20180127173359
2018-01-27 17:38:09.730;RO;AS159-AS1-20180127173642
2018-01-27 17:38:11.666;SP;AS159-AS1-20180127173642
2018-01-27 17:38:14.303;SQ;AS159-AS1-20180127173814
2018-01-27 17:38:43.912;RU;AS159-AS1-20180127173518
2018-01-27 17:38:45.742;VU;AS159-AS1-20180127173518
2018-01-27 17:38:53.475;RC;AS159-AS1-20180127173642
2018-01-27 17:38:54.319;SS;AS159-AS1-20180127173642
2018-01-27 17:39:36.137;RO;AS159-AS1-20180127173814
2018-01-27 17:39:37.229;SP;AS159-AS1-20180127173814
2018-01-27 17:39:38.891;SQ;AS159-AS1-20180127173938
2018-01-27 17:40:12.277;RU;AS159-AS1-20180127173642
2018-01-27 17:40:14.109;VU;AS159-AS1-20180127173642
2018-01-27 17:40:26.731;RC;AS159-AS1-20180127173814
2018-01-27 17:40:27.538;SS;AS159-AS1-20180127173814
2018-01-27 17:40:55.647;RO;AS159-AS1-20180127173938
2018-01-27 17:40:56.777;SP;AS159-AS1-20180127173938
2018-01-27 17:40:58.406;SQ;AS159-AS1-20180127174058
2018-01-27 17:41:36.923;RC;AS159-AS1-20180127173938
2018-01-27 17:41:37.727;SS;AS159-AS1-20180127173938
2018-01-27 17:41:55.315;RU;AS159-AS1-20180127173814
2018-01-27 17:41:57.146;VU;AS159-AS1-20180127173814
2018-01-27 17:42:19.632;RO;AS159-AS1-20180127174058
2018-01-27 17:42:21.630;SP;AS159-AS1-20180127174058
2018-01-27 17:42:23.879;SQ;AS159-AS1-20180127174223
2018-01-27 17:43:02.195;RU;AS159-AS1-20180127173938
2018-01-27 17:43:03.994;VU;AS159-AS1-20180127173938
2018-01-27 17:43:07.711;RC;AS159-AS1-20180127174058
2018-01-27 17:43:08.549;SS;AS159-AS1-20180127174058
2018-01-27 17:43:49.828;RO;AS159-AS1-20180127174223
2018-01-27 17:43:50.782;SP;AS159-AS1-20180127174223
2018-01-27 17:43:52.403;SQ;AS159-AS1-20180127174352
2018-01-27 17:44:34.111;RC;AS159-AS1-20180127174223
2018-01-27 17:44:34.234;RU;AS159-AS1-20180127174058
2018-01-27 17:44:35.587;SS;AS159-AS1-20180127174223
2018-01-27 17:44:36.762;VU;AS159-AS1-20180127174058
2018-01-27 17:45:08.872;RO;AS159-AS1-20180127174352
2018-01-27 17:45:09.819;SP;AS159-AS1-20180127174352
2018-01-27 17:45:11.452;SQ;AS159-AS1-20180127174511
2018-01-27 17:45:51.394;RU;AS159-AS1-20180127174223
2018-01-27 17:45:51.922;RC;AS159-AS1-20180127174352
2018-01-27 17:45:53.055;SS;AS159-AS1-20180127174352
2018-01-27 17:45:53.461;VU;AS159-AS1-20180127174223
2018-01-27 17:46:34.805;RO;AS159-AS1-20180127174511
2018-01-27 17:46:35.854;SP;AS159-AS1-20180127174511
2018-01-27 17:46:37.520;SQ;AS159-AS1-20180127174637
2018-01-27 17:47:12.210;RU;AS159-AS1-20180127174352
2018-01-27 17:47:14.043;VU;AS159-AS1-20180127174352
2018-01-27 17:47:16.371;RC;AS159-AS1-20180127174511
2018-01-27 17:47:17.178;SS;AS159-AS1-20180127174511
2018-01-27 17:47:45.089;RO;AS159-AS1-20180127174637
2018-01-27 17:47:45.903;SP;AS159-AS1-20180127174637
2018-01-27 17:47:47.560;SQ;AS159-AS1-20180127174747
2018-01-27 17:48:26.521;RC;AS159-AS1-20180127174637
2018-01-27 17:48:27.330;SS;AS159-AS1-20180127174637
2018-01-27 17:48:43.020;RU;AS159-AS1-20180127174511
2018-01-27 17:48:44.852;VU;AS159-AS1-20180127174511
2018-01-27 17:49:15.611;RO;AS159-AS1-20180127174747
2018-01-27 17:49:16.486;SP;AS159-AS1-20180127174747
2018-01-27 17:49:18.100;SQ;AS159-AS1-20180127174918
2018-01-27 17:49:46.272;RU;AS159-AS1-20180127174637
2018-01-27 17:49:48.104;VU;AS159-AS1-20180127174637
2018-01-27 17:49:52.826;RC;AS159-AS1-20180127174747
2018-01-27 17:49:54.002;SS;AS159-AS1-20180127174747
2018-01-27 17:50:34.142;RO;AS159-AS1-20180127174918
2018-01-27 17:50:34.990;SP;AS159-AS1-20180127174918
2018-01-27 17:50:36.614;SQ;AS159-AS1-20180127175036
2018-01-27 17:51:14.130;RU;AS159-AS1-20180127174747
2018-01-27 17:51:15.972;VU;AS159-AS1-20180127174747
2018-01-27 17:51:21.940;RC;AS159-AS1-20180127174918
2018-01-27 17:51:22.774;SS;AS159-AS1-20180127174918
2018-01-27 17:52:06.458;RO;AS159-AS1-20180127175036
2018-01-27 17:52:07.529;SP;AS159-AS1-20180127175036
2018-01-27 17:52:09.162;SQ;AS159-AS1-20180127175209
2018-01-27 17:52:42.517;RC;AS159-AS1-20180127175036
2018-01-27 17:52:43.325;SS;AS159-AS1-20180127175036
2018-01-27 17:52:46.290;RU;AS159-AS1-20180127174918
2018-01-27 17:52:48.124;VU;AS159-AS1-20180127174918
2018-01-27 17:53:26.200;RO;AS159-AS1-20180127175209
2018-01-27 17:53:27.047;SP;AS159-AS1-20180127175209
2018-01-27 17:53:28.714;SQ;AS159-AS1-20180127175328
2018-01-27 17:53:54.051;RU;AS159-AS1-20180127175036
2018-01-27 17:53:55.852;VU;AS159-AS1-20180127175036
2018-01-27 17:54:35.819;RC;AS159-AS1-20180127175209
2018-01-27 17:54:36.646;SS;AS159-AS1-20180127175209
2018-01-27 17:54:51.446;RO;AS159-AS1-20180127175328
2018-01-27 17:54:52.622;SP;AS159-AS1-20180127175328
2018-01-27 17:54:54.247;SQ;AS159-AS1-20180127175454
2018-01-27 17:55:33.841;RC;AS159-AS1-20180127175328
2018-01-27 17:55:34.664;SS;AS159-AS1-20180127175328
2018-01-27 17:55:59.015;RU;AS159-AS1-20180127175209
2018-01-27 17:56:00.821;VU;AS159-AS1-20180127175209
2018-01-27 17:56:14.979;RO;AS159-AS1-20180127175454
2018-01-27 17:56:16.143;SP;AS159-AS1-20180127175454
2018-01-27 17:56:17.774;SQ;AS159-AS1-20180127175617
2018-01-27 17:56:49.934;RU;AS159-AS1-20180127175328
2018-01-27 17:56:51.744;VU;AS159-AS1-20180127175328
2018-01-27 17:56:55.875;RC;AS159-AS1-20180127175454
2018-01-27 17:56:56.690;SS;AS159-AS1-20180127175454
2018-01-27 17:57:40.125;RO;AS159-AS1-20180127175617
2018-01-27 17:57:42.028;SP;AS159-AS1-20180127175617
2018-01-27 17:57:43.679;SQ;AS159-AS1-20180127175743
2018-01-27 17:58:11.192;RU;AS159-AS1-20180127175454
2018-01-27 17:58:13.033;VU;AS159-AS1-20180127175454
2018-01-27 17:58:18.987;RC;AS159-AS1-20180127175617
2018-01-27 17:58:19.798;SS;AS159-AS1-20180127175617
2018-01-27 17:58:54.091;RO;AS159-AS1-20180127175743
2018-01-27 17:58:55.055;SP;AS159-AS1-20180127175743
2018-01-27 17:59:23.081;RC;AS159-AS1-20180127175743
2018-01-27 17:59:23.907;SS;AS159-AS1-20180127175743
2018-01-27 17:59:30.470;RU;AS159-AS1-20180127175617
2018-01-27 17:59:32.294;VU;AS159-AS1-20180127175617
2018-01-27 18:00:30.236;RU;AS159-AS1-20180127175743
2018-01-27 18:00:32.818;VU;AS159-AS1-20180127175743
