2018-01-27 17:18:37.176;SQ;AS158-AS1-20180127171837
2018-01-27 17:19:12.252;RO;AS158-AS1-20180127171837
2018-01-27 17:19:13.985;SP;AS158-AS1-20180127171837
2018-01-27 17:19:15.543;SQ;AS158-AS1-20180127171915
2018-01-27 17:19:43.345;RC;AS158-AS1-20180127171837
2018-01-27 17:19:44.132;SS;AS158-AS1-20180127171837
2018-01-27 17:20:22.810;RO;AS158-AS1-20180127171915
2018-01-27 17:20:23.923;SP;AS158-AS1-20180127171915
2018-01-27 17:20:25.492;SQ;AS158-AS1-20180127172025
2018-01-27 17:20:55.611;RU;AS158-AS1-20180127171837
2018-01-27 17:20:57.383;VU;AS158-AS1-20180127171837
2018-01-27 17:21:04.548;RC;AS158-AS1-20180127171915
2018-01-27 17:21:05.997;SS;AS158-AS1-20180127171915
2018-01-27 17:21:42.546;RO;AS158-AS1-20180127172025
2018-01-27 17:21:43.371;SP;AS158-AS1-20180127172025
2018-01-27 17:21:44.930;SQ;AS158-AS1-20180127172144
2018-01-27 17:22:26.339;RC;AS158-AS1-20180127172025
2018-01-27 17:22:27.123;SS;AS158-AS1-20180127172025
2018-01-27 17:22:32.660;RU;AS158-AS1-20180127171915
2018-01-27 17:22:34.445;VU;AS158-AS1-20180127171915
2018-01-27 17:23:14.346;RO;AS158-AS1-20180127172144
2018-01-27 17:23:15.313;SP;AS158-AS1-20180127172144
2018-01-27 17:23:16.884;SQ;AS158-AS1-20180127172316
2018-01-27 17:23:53.308;RC;AS158-AS1-20180127172144
2018-01-27 17:23:54.086;SS;AS158-AS1-20180127172144
2018-01-27 17:23:56.619;RU;AS158-AS1-20180127172025
2018-01-27 17:23:58.416;VU;AS158-AS1-20180127172025
2018-01-27 17:24:33.327;RO;AS158-AS1-20180127172316
2018-01-27 17:24:34.247;SP;AS158-AS1-20180127172316
2018-01-27 17:24:35.838;SQ;AS158-AS1-20180127172435
2018-01-27 17:25:07.388;RC;AS158-AS1-20180127172316
2018-01-27 17:25:08.169;SS;AS158-AS1-20180127172316
2018-01-27 17:25:09.409;RU;AS158-AS1-20180127172144
2018-01-27 17:25:11.209;VU;AS158-AS1-20180127172144
2018-01-27 17:25:49.492;RO;AS158-AS1-20180127172435
2018-01-27 17:25:50.708;SP;AS158-AS1-20180127172435
2018-01-27 17:25:52.246;SQ;AS158-AS1-20180127172552
2018-01-27 17:26:13.363;RU;AS158-AS1-20180127172316
2018-01-27 17:26:32.355;RC;AS158-AS1-20180127172435
2018-01-27 17:26:35.119;SS;AS158-AS1-20180127172435
2018-01-27 17:27:09.502;RO;AS158-AS1-20180127172552
2018-01-27 17:27:10.684;SP;AS158-AS1-20180127172552
2018-01-27 17:27:13.114;SQ;AS158-AS1-20180127172713
2018-01-27 17:27:51.827;RC;AS158-AS1-20180127172552
2018-01-27 17:27:53.370;SS;AS158-AS1-20180127172552
2018-01-27 17:27:59.691;RU;AS158-AS1-20180127172435
2018-01-27 17:28:02.211;VU;AS158-AS1-20180127172435
2018-01-27 17:28:47.107;RO;AS158-AS1-20180127172713
2018-01-27 17:28:48.688;SP;AS158-AS1-20180127172713
2018-01-27 17:28:50.807;SQ;AS158-AS1-20180127172850
2018-01-27 17:29:17.756;RU;AS158-AS1-20180127172552
2018-01-27 17:29:19.860;VU;AS158-AS1-20180127172552
2018-01-27 17:29:31.267;RC;AS158-AS1-20180127172713
2018-01-27 17:29:32.173;SS;AS158-AS1-20180127172713
2018-01-27 17:30:12.544;RO;AS158-AS1-20180127172850
2018-01-27 17:30:13.861;SP;AS158-AS1-20180127172850
2018-01-27 17:30:16.234;SQ;AS158-AS1-20180127173016
2018-01-27 17:30:50.298;RU;AS158-AS1-20180127172713
2018-01-27 17:30:52.695;RC;AS158-AS1-20180127172850
2018-01-27 17:30:52.849;VU;AS158-AS1-20180127172713
2018-01-27 17:30:55.035;SS;AS158-AS1-20180127172850
2018-01-27 17:31:30.602;RO;AS158-AS1-20180127173016
2018-01-27 17:31:32.053;SP;AS158-AS1-20180127173016
2018-01-27 17:31:34.440;SQ;AS158-AS1-20180127173134
2018-01-27 17:32:09.009;RU;AS158-AS1-20180127172850
2018-01-27 17:32:10.447;RC;AS158-AS1-20180127173016
2018-01-27 17:32:11.226;VU;AS158-AS1-20180127172850
2018-01-27 17:32:11.394;SS;AS158-AS1-20180127173016
2018-01-27 17:32:52.729;RO;AS158-AS1-20180127173134
2018-01-27 17:32:53.943;SP;AS158-AS1-20180127173134
2018-01-27 17:32:56.221;SQ;AS158-AS1-20180127173256
2018-01-27 17:33:34.598;RC;AS158-AS1-20180127173134
2018-01-27 17:33:36.028;SS;AS158-AS1-20180127173134
2018-01-27 17:33:41.659;RU;AS158-AS1-20180127173016
2018-01-27 17:33:43.928;VU;AS158-AS1-20180127173016
2018-01-27 17:34:14.940;RO;AS158-AS1-20180127173256
2018-01-27 17:34:16.289;SP;AS158-AS1-20180127173256
2018-01-27 17:34:20.156;SQ;AS158-AS1-20180127173420
2018-01-27 17:34:54.944;RC;AS158-AS1-20180127173256
2018-01-27 17:34:56.335;SS;AS158-AS1-20180127173256
2018-01-27 17:34:59.556;RU;AS158-AS1-20180127173134
2018-01-27 17:35:01.922;VU;AS158-AS1-20180127173134
2018-01-27 17:35:46.836;RO;AS158-AS1-20180127173420
2018-01-27 17:35:48.695;SP;AS158-AS1-20180127173420
2018-01-27 17:35:52.226;SQ;AS158-AS1-20180127173552
2018-01-27 17:36:12.052;RU;AS158-AS1-20180127173256
2018-01-27 17:36:14.506;VU;AS158-AS1-20180127173256
2018-01-27 17:36:34.710;RC;AS158-AS1-20180127173420
2018-01-27 17:36:36.358;SS;AS158-AS1-20180127173420
2018-01-27 17:37:07.979;RO;AS158-AS1-20180127173552
2018-01-27 17:37:09.439;SP;AS158-AS1-20180127173552
2018-01-27 17:37:11.818;SQ;AS158-AS1-20180127173711
2018-01-27 17:37:51.662;RC;AS158-AS1-20180127173552
2018-01-27 17:37:52.972;SS;AS158-AS1-20180127173552
2018-01-27 17:38:02.758;RU;AS158-AS1-20180127173420
2018-01-27 17:38:04.861;VU;AS158-AS1-20180127173420
2018-01-27 17:38:22.124;RO;AS158-AS1-20180127173711
2018-01-27 17:38:23.602;SP;AS158-AS1-20180127173711
2018-01-27 17:38:27.911;SQ;AS158-AS1-20180127173827
2018-01-27 17:39:01.830;RC;AS158-AS1-20180127173711
2018-01-27 17:39:02.633;SS;AS158-AS1-20180127173711
2018-01-27 17:39:19.349;RU;AS158-AS1-20180127173552
2018-01-27 17:39:21.464;VU;AS158-AS1-20180127173552
2018-01-27 17:39:53.667;RO;AS158-AS1-20180127173827
2018-01-27 17:39:55.537;SP;AS158-AS1-20180127173827
2018-01-27 17:39:57.629;SQ;AS158-AS1-20180127173957
2018-01-27 17:40:28.117;RU;AS158-AS1-20180127173711
2018-01-27 17:40:29.889;VU;AS158-AS1-20180127173711
2018-01-27 17:40:36.340;RC;AS158-AS1-20180127173827
2018-01-27 17:40:37.309;SS;AS158-AS1-20180127173827
2018-01-27 17:41:49.379;RO;AS158-AS1-20180127173957
2018-01-27 17:41:53.079;SP;AS158-AS1-20180127173957
2018-01-27 17:41:55.127;SQ;AS158-AS1-20180127174155
2018-01-27 17:42:00.395;RU;AS158-AS1-20180127173827
2018-01-27 17:42:02.657;VU;AS158-AS1-20180127173827
2018-01-27 17:42:36.002;RC;AS158-AS1-20180127173957
2018-01-27 17:42:39.051;SS;AS158-AS1-20180127173957
2018-01-27 17:43:22.346;RO;AS158-AS1-20180127174155
2018-01-27 17:43:24.802;SP;AS158-AS1-20180127174155
2018-01-27 17:43:27.226;SQ;AS158-AS1-20180127174327
2018-01-27 17:44:06.652;RU;AS158-AS1-20180127173957
2018-01-27 17:44:08.444;VU;AS158-AS1-20180127173957
2018-01-27 17:44:51.753;RC;AS158-AS1-20180127174155
2018-01-27 17:44:52.779;SS;AS158-AS1-20180127174155
2018-01-27 17:45:24.976;RO;AS158-AS1-20180127174327
2018-01-27 17:45:26.779;SP;AS158-AS1-20180127174327
2018-01-27 17:45:30.777;SQ;AS158-AS1-20180127174530
2018-01-27 17:46:06.440;RC;AS158-AS1-20180127174327
2018-01-27 17:46:07.482;SS;AS158-AS1-20180127174327
2018-01-27 17:46:16.302;RU;AS158-AS1-20180127174155
2018-01-27 17:46:18.093;VU;AS158-AS1-20180127174155
2018-01-27 17:46:42.797;RO;AS158-AS1-20180127174530
2018-01-27 17:46:43.992;SP;AS158-AS1-20180127174530
2018-01-27 17:46:47.238;SQ;AS158-AS1-20180127174647
2018-01-27 17:47:25.334;RC;AS158-AS1-20180127174530
2018-01-27 17:47:26.345;SS;AS158-AS1-20180127174530
2018-01-27 17:47:29.391;RU;AS158-AS1-20180127174327
2018-01-27 17:47:31.166;VU;AS158-AS1-20180127174327
2018-01-27 17:48:07.324;RO;AS158-AS1-20180127174647
2018-01-27 17:48:08.549;SP;AS158-AS1-20180127174647
2018-01-27 17:48:10.941;SQ;AS158-AS1-20180127174810
2018-01-27 17:48:43.089;RC;AS158-AS1-20180127174647
2018-01-27 17:48:44.160;SS;AS158-AS1-20180127174647
2018-01-27 17:48:51.517;RU;AS158-AS1-20180127174530
2018-01-27 17:48:55.136;VU;AS158-AS1-20180127174530
2018-01-27 17:49:29.772;RO;AS158-AS1-20180127174810
2018-01-27 17:49:31.094;SP;AS158-AS1-20180127174810
2018-01-27 17:49:33.349;SQ;AS158-AS1-20180127174933
2018-01-27 17:50:07.399;RU;AS158-AS1-20180127174647
2018-01-27 17:50:08.765;RC;AS158-AS1-20180127174810
2018-01-27 17:50:09.658;VU;AS158-AS1-20180127174647
2018-01-27 17:50:10.352;SS;AS158-AS1-20180127174810
2018-01-27 17:50:55.364;RO;AS158-AS1-20180127174933
2018-01-27 17:50:58.067;SP;AS158-AS1-20180127174933
2018-01-27 17:51:00.755;SQ;AS158-AS1-20180127175100
2018-01-27 17:51:30.432;RU;AS158-AS1-20180127174810
2018-01-27 17:51:32.245;VU;AS158-AS1-20180127174810
2018-01-27 17:51:38.261;RC;AS158-AS1-20180127174933
2018-01-27 17:51:39.575;SS;AS158-AS1-20180127174933
2018-01-27 17:52:13.385;RO;AS158-AS1-20180127175100
2018-01-27 17:52:15.912;SP;AS158-AS1-20180127175100
2018-01-27 17:52:18.852;SQ;AS158-AS1-20180127175218
2018-01-27 17:52:47.621;RC;AS158-AS1-20180127175100
2018-01-27 17:52:48.913;SS;AS158-AS1-20180127175100
2018-01-27 17:53:11.717;RU;AS158-AS1-20180127174933
2018-01-27 17:53:13.968;VU;AS158-AS1-20180127174933
2018-01-27 17:54:04.192;RO;AS158-AS1-20180127175218
2018-01-27 17:54:05.934;SP;AS158-AS1-20180127175218
2018-01-27 17:54:07.090;RU;AS158-AS1-20180127175100
2018-01-27 17:54:09.060;SQ;AS158-AS1-20180127175409
2018-01-27 17:54:10.170;VU;AS158-AS1-20180127175100
2018-01-27 17:54:43.641;RC;AS158-AS1-20180127175218
2018-01-27 17:54:44.883;SS;AS158-AS1-20180127175218
2018-01-27 17:55:20.547;RO;AS158-AS1-20180127175409
2018-01-27 17:55:23.068;SP;AS158-AS1-20180127175409
2018-01-27 17:55:25.144;SQ;AS158-AS1-20180127175525
2018-01-27 17:55:56.635;RC;AS158-AS1-20180127175409
2018-01-27 17:55:56.761;RU;AS158-AS1-20180127175218
2018-01-27 17:55:58.636;SS;AS158-AS1-20180127175409
2018-01-27 17:56:00.004;VU;AS158-AS1-20180127175218
2018-01-27 17:56:34.410;RO;AS158-AS1-20180127175525
2018-01-27 17:56:35.521;SP;AS158-AS1-20180127175525
2018-01-27 17:56:40.823;SQ;AS158-AS1-20180127175640
2018-01-27 17:57:16.149;RC;AS158-AS1-20180127175525
2018-01-27 17:57:17.103;SS;AS158-AS1-20180127175525
2018-01-27 17:57:18.633;RU;AS158-AS1-20180127175409
2018-01-27 17:57:21.094;VU;AS158-AS1-20180127175409
2018-01-27 17:57:55.392;RO;AS158-AS1-20180127175640
2018-01-27 17:57:57.893;SP;AS158-AS1-20180127175640
2018-01-27 17:58:00.204;SQ;AS158-AS1-20180127175800
2018-01-27 17:58:23.842;RC;AS158-AS1-20180127175640
2018-01-27 17:58:25.269;SS;AS158-AS1-20180127175640
2018-01-27 17:58:38.548;RU;AS158-AS1-20180127175525
2018-01-27 17:58:40.338;VU;AS158-AS1-20180127175525
2018-01-27 17:59:14.848;RO;AS158-AS1-20180127175800
2018-01-27 17:59:16.268;SP;AS158-AS1-20180127175800
2018-01-27 17:59:18.514;SQ;AS158-AS1-20180127175918
2018-01-27 17:59:37.540;RU;AS158-AS1-20180127175640
2018-01-27 17:59:39.878;VU;AS158-AS1-20180127175640
2018-01-27 17:59:42.885;RC;AS158-AS1-20180127175800
2018-01-27 17:59:45.039;SS;AS158-AS1-20180127175800
2018-01-27 18:00:18.280;RO;AS158-AS1-20180127175918
2018-01-27 18:00:19.650;SP;AS158-AS1-20180127175918
2018-01-27 18:00:31.111;RU;AS158-AS1-20180127175800
2018-01-27 18:00:39.494;RC;AS158-AS1-20180127175918
2018-01-27 18:00:41.374;SS;AS158-AS1-20180127175918
2018-01-27 18:01:06.199;RU;AS158-AS1-20180127175918
2018-01-27 18:01:11.266;VU;AS158-AS1-20180127175918
