2018-01-27 17:18:49.067;SQ;AS166-AS1-20180127171849
2018-01-27 17:19:37.599;RO;AS166-AS1-20180127171849
2018-01-27 17:19:38.421;SP;AS166-AS1-20180127171849
2018-01-27 17:19:40.045;SQ;AS166-AS1-20180127171940
2018-01-27 17:20:18.060;RC;AS166-AS1-20180127171849
2018-01-27 17:20:19.514;SS;AS166-AS1-20180127171849
2018-01-27 17:20:55.353;RO;AS166-AS1-20180127171940
2018-01-27 17:20:56.444;SP;AS166-AS1-20180127171940
2018-01-27 17:20:58.025;SQ;AS166-AS1-20180127172058
2018-01-27 17:21:42.989;RU;AS166-AS1-20180127171849
2018-01-27 17:21:43.590;RC;AS166-AS1-20180127171940
2018-01-27 17:21:44.614;SS;AS166-AS1-20180127171940
2018-01-27 17:21:45.002;VU;AS166-AS1-20180127171849
2018-01-27 17:22:32.171;RO;AS166-AS1-20180127172058
2018-01-27 17:22:33.455;SP;AS166-AS1-20180127172058
2018-01-27 17:22:35.059;SQ;AS166-AS1-20180127172235
2018-01-27 17:23:07.279;RU;AS166-AS1-20180127171940
2018-01-27 17:23:09.097;VU;AS166-AS1-20180127171940
2018-01-27 17:23:16.681;RC;AS166-AS1-20180127172058
2018-01-27 17:23:17.502;SS;AS166-AS1-20180127172058
2018-01-27 17:24:01.090;RO;AS166-AS1-20180127172235
2018-01-27 17:24:01.951;SP;AS166-AS1-20180127172235
2018-01-27 17:24:03.573;SQ;AS166-AS1-20180127172403
2018-01-27 17:24:43.331;RU;AS166-AS1-20180127172058
2018-01-27 17:24:45.143;VU;AS166-AS1-20180127172058
2018-01-27 17:24:46.435;RC;AS166-AS1-20180127172235
2018-01-27 17:24:47.248;SS;AS166-AS1-20180127172235
2018-01-27 17:25:32.273;RO;AS166-AS1-20180127172403
2018-01-27 17:25:33.472;SP;AS166-AS1-20180127172403
2018-01-27 17:25:35.068;SQ;AS166-AS1-20180127172535
2018-01-27 17:26:10.045;RU;AS166-AS1-20180127172235
2018-01-27 17:26:11.864;VU;AS166-AS1-20180127172235
2018-01-27 17:26:15.862;RC;AS166-AS1-20180127172403
2018-01-27 17:26:16.666;SS;AS166-AS1-20180127172403
2018-01-27 17:26:50.614;RO;AS166-AS1-20180127172535
2018-01-27 17:26:51.456;SP;AS166-AS1-20180127172535
2018-01-27 17:26:53.096;SQ;AS166-AS1-20180127172653
2018-01-27 17:27:30.664;RU;AS166-AS1-20180127172403
2018-01-27 17:27:32.461;VU;AS166-AS1-20180127172403
2018-01-27 17:28:05.563;RC;AS166-AS1-20180127172535
2018-01-27 17:28:06.965;SS;AS166-AS1-20180127172535
2018-01-27 17:28:14.031;RO;AS166-AS1-20180127172653
2018-01-27 17:28:15.002;SP;AS166-AS1-20180127172653
2018-01-27 17:28:16.596;SQ;AS166-AS1-20180127172816
2018-01-27 17:29:31.593;RO;AS166-AS1-20180127172816
2018-01-27 17:29:31.865;RU;AS166-AS1-20180127172535
2018-01-27 17:29:33.053;SP;AS166-AS1-20180127172816
2018-01-27 17:29:33.877;RC;AS166-AS1-20180127172653
2018-01-27 17:29:34.534;VU;AS166-AS1-20180127172535
2018-01-27 17:29:35.512;SS;AS166-AS1-20180127172653
2018-01-27 17:29:35.778;SQ;AS166-AS1-20180127172935
2018-01-27 17:30:08.113;RC;AS166-AS1-20180127172816
2018-01-27 17:30:09.824;SS;AS166-AS1-20180127172816
2018-01-27 17:31:01.747;RO;AS166-AS1-20180127172935
2018-01-27 17:31:02.377;RU;AS166-AS1-20180127172653
2018-01-27 17:31:02.901;SP;AS166-AS1-20180127172935
2018-01-27 17:31:05.008;VU;AS166-AS1-20180127172653
2018-01-27 17:31:05.122;SQ;AS166-AS1-20180127173105
2018-01-27 17:31:38.317;RU;AS166-AS1-20180127172816
2018-01-27 17:31:40.110;VU;AS166-AS1-20180127172816
2018-01-27 17:31:40.361;RC;AS166-AS1-20180127172935
2018-01-27 17:31:41.172;SS;AS166-AS1-20180127172935
2018-01-27 17:32:30.005;RO;AS166-AS1-20180127173105
2018-01-27 17:32:31.016;SP;AS166-AS1-20180127173105
2018-01-27 17:32:32.641;SQ;AS166-AS1-20180127173232
2018-01-27 17:33:11.853;RU;AS166-AS1-20180127172935
2018-01-27 17:33:13.666;VU;AS166-AS1-20180127172935
2018-01-27 17:33:15.642;RC;AS166-AS1-20180127173105
2018-01-27 17:33:16.439;SS;AS166-AS1-20180127173105
2018-01-27 17:33:56.702;RO;AS166-AS1-20180127173232
2018-01-27 17:33:57.532;SP;AS166-AS1-20180127173232
2018-01-27 17:33:59.119;SQ;AS166-AS1-20180127173359
2018-01-27 17:34:32.830;RC;AS166-AS1-20180127173232
2018-01-27 17:34:34.444;SS;AS166-AS1-20180127173232
2018-01-27 17:34:43.713;RU;AS166-AS1-20180127173105
2018-01-27 17:34:45.531;VU;AS166-AS1-20180127173105
2018-01-27 17:35:12.767;RO;AS166-AS1-20180127173359
2018-01-27 17:35:14.014;SP;AS166-AS1-20180127173359
2018-01-27 17:35:15.624;SQ;AS166-AS1-20180127173515
2018-01-27 17:35:56.297;RC;AS166-AS1-20180127173359
2018-01-27 17:35:57.089;SS;AS166-AS1-20180127173359
2018-01-27 17:35:57.402;RU;AS166-AS1-20180127173232
2018-01-27 17:35:59.220;VU;AS166-AS1-20180127173232
2018-01-27 17:36:35.436;RO;AS166-AS1-20180127173515
2018-01-27 17:36:37.308;SP;AS166-AS1-20180127173515
2018-01-27 17:36:39.764;SQ;AS166-AS1-20180127173639
2018-01-27 17:37:13.679;RU;AS166-AS1-20180127173359
2018-01-27 17:37:15.468;VU;AS166-AS1-20180127173359
2018-01-27 17:37:20.459;RC;AS166-AS1-20180127173515
2018-01-27 17:37:21.257;SS;AS166-AS1-20180127173515
2018-01-27 17:37:56.323;RO;AS166-AS1-20180127173639
2018-01-27 17:37:57.168;SP;AS166-AS1-20180127173639
2018-01-27 17:37:58.751;SQ;AS166-AS1-20180127173758
2018-01-27 17:38:43.907;RU;AS166-AS1-20180127173515
2018-01-27 17:38:43.931;RC;AS166-AS1-20180127173639
2018-01-27 17:38:45.560;SS;AS166-AS1-20180127173639
2018-01-27 17:38:46.556;VU;AS166-AS1-20180127173515
2018-01-27 17:39:11.561;RO;AS166-AS1-20180127173758
2018-01-27 17:39:13.589;SP;AS166-AS1-20180127173758
2018-01-27 17:39:15.207;SQ;AS166-AS1-20180127173915
2018-01-27 17:39:52.854;RC;AS166-AS1-20180127173758
2018-01-27 17:39:53.645;SS;AS166-AS1-20180127173758
2018-01-27 17:40:13.403;RU;AS166-AS1-20180127173639
2018-01-27 17:40:15.196;VU;AS166-AS1-20180127173639
2018-01-27 17:40:27.129;RO;AS166-AS1-20180127173915
2018-01-27 17:40:28.094;SP;AS166-AS1-20180127173915
2018-01-27 17:40:29.718;SQ;AS166-AS1-20180127174029
2018-01-27 17:41:05.942;RC;AS166-AS1-20180127173915
2018-01-27 17:41:06.738;SS;AS166-AS1-20180127173915
2018-01-27 17:41:20.197;RU;AS166-AS1-20180127173758
2018-01-27 17:41:22.001;VU;AS166-AS1-20180127173758
2018-01-27 17:41:44.435;RO;AS166-AS1-20180127174029
2018-01-27 17:41:45.625;SP;AS166-AS1-20180127174029
2018-01-27 17:41:47.246;SQ;AS166-AS1-20180127174147
2018-01-27 17:42:24.052;RU;AS166-AS1-20180127173915
2018-01-27 17:42:25.879;VU;AS166-AS1-20180127173915
2018-01-27 17:42:34.485;RC;AS166-AS1-20180127174029
2018-01-27 17:42:35.297;SS;AS166-AS1-20180127174029
2018-01-27 17:43:09.120;RO;AS166-AS1-20180127174147
2018-01-27 17:43:10.140;SP;AS166-AS1-20180127174147
2018-01-27 17:43:11.768;SQ;AS166-AS1-20180127174311
2018-01-27 17:43:49.599;RU;AS166-AS1-20180127174029
2018-01-27 17:43:50.585;RC;AS166-AS1-20180127174147
2018-01-27 17:43:51.384;SS;AS166-AS1-20180127174147
2018-01-27 17:44:28.455;RO;AS166-AS1-20180127174311
2018-01-27 17:44:29.729;SP;AS166-AS1-20180127174311
2018-01-27 17:44:32.112;SQ;AS166-AS1-20180127174432
2018-01-27 17:45:05.801;RC;AS166-AS1-20180127174311
2018-01-27 17:45:06.829;SS;AS166-AS1-20180127174311
2018-01-27 17:45:17.726;RU;AS166-AS1-20180127174147
2018-01-27 17:45:19.603;VU;AS166-AS1-20180127174147
2018-01-27 17:45:35.410;RO;AS166-AS1-20180127174432
2018-01-27 17:45:37.280;SP;AS166-AS1-20180127174432
2018-01-27 17:45:39.433;SQ;AS166-AS1-20180127174539
2018-01-27 17:46:21.851;RC;AS166-AS1-20180127174432
2018-01-27 17:46:22.681;SS;AS166-AS1-20180127174432
2018-01-27 17:46:25.390;RU;AS166-AS1-20180127174311
2018-01-27 17:46:27.179;VU;AS166-AS1-20180127174311
2018-01-27 17:47:28.178;RO;AS166-AS1-20180127174539
2018-01-27 17:47:29.500;SP;AS166-AS1-20180127174539
2018-01-27 17:47:31.834;SQ;AS166-AS1-20180127174731
2018-01-27 17:47:45.083;RU;AS166-AS1-20180127174432
2018-01-27 17:47:47.305;VU;AS166-AS1-20180127174432
2018-01-27 17:48:13.827;RC;AS166-AS1-20180127174539
2018-01-27 17:48:14.639;SS;AS166-AS1-20180127174539
2018-01-27 17:48:52.647;RO;AS166-AS1-20180127174731
2018-01-27 17:48:54.480;SP;AS166-AS1-20180127174731
2018-01-27 17:48:56.913;SQ;AS166-AS1-20180127174856
2018-01-27 17:49:30.770;RU;AS166-AS1-20180127174539
2018-01-27 17:49:33.187;VU;AS166-AS1-20180127174539
2018-01-27 17:49:35.388;RC;AS166-AS1-20180127174731
2018-01-27 17:49:36.392;SS;AS166-AS1-20180127174731
2018-01-27 17:50:26.675;RO;AS166-AS1-20180127174856
2018-01-27 17:50:28.705;SP;AS166-AS1-20180127174856
2018-01-27 17:50:30.850;SQ;AS166-AS1-20180127175030
2018-01-27 17:50:58.046;RU;AS166-AS1-20180127174731
2018-01-27 17:50:59.858;VU;AS166-AS1-20180127174731
2018-01-27 17:51:45.300;RC;AS166-AS1-20180127174856
2018-01-27 17:51:46.232;SS;AS166-AS1-20180127174856
2018-01-27 17:51:55.121;RO;AS166-AS1-20180127175030
2018-01-27 17:51:57.001;SP;AS166-AS1-20180127175030
2018-01-27 17:51:59.607;SQ;AS166-AS1-20180127175159
2018-01-27 17:52:38.332;RC;AS166-AS1-20180127175030
2018-01-27 17:52:39.239;SS;AS166-AS1-20180127175030
2018-01-27 17:53:03.718;RU;AS166-AS1-20180127174856
2018-01-27 17:53:05.585;VU;AS166-AS1-20180127174856
2018-01-27 17:53:11.963;RO;AS166-AS1-20180127175159
2018-01-27 17:53:13.710;SP;AS166-AS1-20180127175159
2018-01-27 17:53:16.689;SQ;AS166-AS1-20180127175316
2018-01-27 17:53:43.656;RU;AS166-AS1-20180127175030
2018-01-27 17:53:45.466;VU;AS166-AS1-20180127175030
2018-01-27 17:53:53.992;RC;AS166-AS1-20180127175159
2018-01-27 17:53:55.586;SS;AS166-AS1-20180127175159
2018-01-27 17:54:31.150;RO;AS166-AS1-20180127175316
2018-01-27 17:54:32.251;SP;AS166-AS1-20180127175316
2018-01-27 17:54:36.573;SQ;AS166-AS1-20180127175436
2018-01-27 17:55:10.413;RC;AS166-AS1-20180127175316
2018-01-27 17:55:11.492;SS;AS166-AS1-20180127175316
2018-01-27 17:55:17.373;RU;AS166-AS1-20180127175159
2018-01-27 17:55:20.019;VU;AS166-AS1-20180127175159
2018-01-27 17:55:56.639;RO;AS166-AS1-20180127175436
2018-01-27 17:55:57.987;SP;AS166-AS1-20180127175436
2018-01-27 17:56:00.215;SQ;AS166-AS1-20180127175600
2018-01-27 17:56:35.475;RC;AS166-AS1-20180127175436
2018-01-27 17:56:36.420;SS;AS166-AS1-20180127175436
2018-01-27 17:56:50.967;RU;AS166-AS1-20180127175316
2018-01-27 17:56:52.839;VU;AS166-AS1-20180127175316
2018-01-27 17:57:52.624;RO;AS166-AS1-20180127175600
2018-01-27 17:57:54.504;SP;AS166-AS1-20180127175600
2018-01-27 17:57:55.667;RU;AS166-AS1-20180127175436
2018-01-27 17:57:59.658;SQ;AS166-AS1-20180127175759
2018-01-27 17:58:00.391;VU;AS166-AS1-20180127175436
2018-01-27 17:58:29.009;RC;AS166-AS1-20180127175600
2018-01-27 17:58:30.318;SS;AS166-AS1-20180127175600
2018-01-27 17:59:15.770;RO;AS166-AS1-20180127175759
2018-01-27 17:59:17.077;SP;AS166-AS1-20180127175759
2018-01-27 17:59:19.538;SQ;AS166-AS1-20180127175919
2018-01-27 17:59:43.179;RU;AS166-AS1-20180127175600
2018-01-27 17:59:45.823;VU;AS166-AS1-20180127175600
2018-01-27 17:59:51.487;RC;AS166-AS1-20180127175759
2018-01-27 17:59:52.397;SS;AS166-AS1-20180127175759
2018-01-27 18:00:13.069;RO;AS166-AS1-20180127175919
2018-01-27 18:00:14.276;SP;AS166-AS1-20180127175919
2018-01-27 18:00:39.445;RC;AS166-AS1-20180127175919
2018-01-27 18:00:40.723;SS;AS166-AS1-20180127175919
2018-01-27 18:00:42.651;RU;AS166-AS1-20180127175759
2018-01-27 18:00:46.092;VU;AS166-AS1-20180127175759
2018-01-27 18:01:07.283;RU;AS166-AS1-20180127175919
2018-01-27 18:01:10.234;VU;AS166-AS1-20180127175919
