2018-01-27 17:18:35.305;SQ;AS168-AS1-20180127171835
2018-01-27 17:19:08.365;RO;AS168-AS1-20180127171835
2018-01-27 17:19:09.658;SP;AS168-AS1-20180127171835
2018-01-27 17:19:11.323;SQ;AS168-AS1-20180127171911
2018-01-27 17:19:36.497;RC;AS168-AS1-20180127171835
2018-01-27 17:19:37.288;SS;AS168-AS1-20180127171835
2018-01-27 17:20:10.071;RO;AS168-AS1-20180127171911
2018-01-27 17:20:11.197;SP;AS168-AS1-20180127171911
2018-01-27 17:20:12.805;SQ;AS168-AS1-20180127172012
2018-01-27 17:20:50.204;RU;AS168-AS1-20180127171835
2018-01-27 17:20:52.374;VU;AS168-AS1-20180127171835
2018-01-27 17:20:52.640;RC;AS168-AS1-20180127171911
2018-01-27 17:20:53.445;SS;AS168-AS1-20180127171911
2018-01-27 17:21:28.135;RO;AS168-AS1-20180127172012
2018-01-27 17:21:29.217;SP;AS168-AS1-20180127172012
2018-01-27 17:21:30.854;SQ;AS168-AS1-20180127172130
2018-01-27 17:22:02.194;RC;AS168-AS1-20180127172012
2018-01-27 17:22:02.999;SS;AS168-AS1-20180127172012
2018-01-27 17:22:22.203;RU;AS168-AS1-20180127171911
2018-01-27 17:22:24.968;VU;AS168-AS1-20180127171911
2018-01-27 17:22:43.392;RO;AS168-AS1-20180127172130
2018-01-27 17:22:44.244;SP;AS168-AS1-20180127172130
2018-01-27 17:22:45.868;SQ;AS168-AS1-20180127172245
2018-01-27 17:23:22.072;RC;AS168-AS1-20180127172130
2018-01-27 17:23:22.886;SS;AS168-AS1-20180127172130
2018-01-27 17:23:27.645;RU;AS168-AS1-20180127172012
2018-01-27 17:23:29.476;VU;AS168-AS1-20180127172012
2018-01-27 17:24:03.445;RO;AS168-AS1-20180127172245
2018-01-27 17:24:04.263;SP;AS168-AS1-20180127172245
2018-01-27 17:24:05.849;SQ;AS168-AS1-20180127172405
2018-01-27 17:24:49.934;RU;AS168-AS1-20180127172130
2018-01-27 17:24:50.773;RC;AS168-AS1-20180127172245
2018-01-27 17:24:51.583;SS;AS168-AS1-20180127172245
2018-01-27 17:24:51.723;VU;AS168-AS1-20180127172130
2018-01-27 17:25:25.237;RO;AS168-AS1-20180127172405
2018-01-27 17:25:26.244;SP;AS168-AS1-20180127172405
2018-01-27 17:25:28.124;SQ;AS168-AS1-20180127172528
2018-01-27 17:26:01.077;RC;AS168-AS1-20180127172405
2018-01-27 17:26:02.934;SS;AS168-AS1-20180127172405
2018-01-27 17:26:10.982;RU;AS168-AS1-20180127172245
2018-01-27 17:26:12.789;VU;AS168-AS1-20180127172245
2018-01-27 17:26:47.342;RO;AS168-AS1-20180127172528
2018-01-27 17:26:49.362;SP;AS168-AS1-20180127172528
2018-01-27 17:26:50.984;SQ;AS168-AS1-20180127172650
2018-01-27 17:27:15.797;RC;AS168-AS1-20180127172528
2018-01-27 17:27:16.602;SS;AS168-AS1-20180127172528
2018-01-27 17:27:18.720;RU;AS168-AS1-20180127172405
2018-01-27 17:27:21.431;VU;AS168-AS1-20180127172405
2018-01-27 17:28:13.895;RO;AS168-AS1-20180127172650
2018-01-27 17:28:14.901;SP;AS168-AS1-20180127172650
2018-01-27 17:28:16.532;SQ;AS168-AS1-20180127172816
2018-01-27 17:28:40.227;RU;AS168-AS1-20180127172528
2018-01-27 17:28:42.059;VU;AS168-AS1-20180127172528
2018-01-27 17:28:57.875;RC;AS168-AS1-20180127172650
2018-01-27 17:28:58.672;SS;AS168-AS1-20180127172650
2018-01-27 17:29:38.336;RO;AS168-AS1-20180127172816
2018-01-27 17:29:40.045;SP;AS168-AS1-20180127172816
2018-01-27 17:29:41.687;SQ;AS168-AS1-20180127172941
2018-01-27 17:30:20.505;RU;AS168-AS1-20180127172650
2018-01-27 17:30:22.306;VU;AS168-AS1-20180127172650
2018-01-27 17:30:22.369;RC;AS168-AS1-20180127172816
2018-01-27 17:30:23.559;SS;AS168-AS1-20180127172816
2018-01-27 17:31:00.109;RO;AS168-AS1-20180127172941
2018-01-27 17:31:01.071;SP;AS168-AS1-20180127172941
2018-01-27 17:31:02.681;SQ;AS168-AS1-20180127173102
2018-01-27 17:31:38.847;RC;AS168-AS1-20180127172941
2018-01-27 17:31:39.661;SS;AS168-AS1-20180127172941
2018-01-27 17:31:50.820;RU;AS168-AS1-20180127172816
2018-01-27 17:31:52.614;VU;AS168-AS1-20180127172816
2018-01-27 17:32:25.166;RO;AS168-AS1-20180127173102
2018-01-27 17:32:26.111;SP;AS168-AS1-20180127173102
2018-01-27 17:32:27.703;SQ;AS168-AS1-20180127173227
2018-01-27 17:33:05.185;RU;AS168-AS1-20180127172941
2018-01-27 17:33:07.011;VU;AS168-AS1-20180127172941
2018-01-27 17:33:09.981;RC;AS168-AS1-20180127173102
2018-01-27 17:33:10.775;SS;AS168-AS1-20180127173102
2018-01-27 17:33:45.345;RO;AS168-AS1-20180127173227
2018-01-27 17:33:46.579;SP;AS168-AS1-20180127173227
2018-01-27 17:33:49.649;SQ;AS168-AS1-20180127173349
2018-01-27 17:34:28.325;RU;AS168-AS1-20180127173102
2018-01-27 17:34:28.701;RC;AS168-AS1-20180127173227
2018-01-27 17:34:29.920;SS;AS168-AS1-20180127173227
2018-01-27 17:34:30.492;VU;AS168-AS1-20180127173102
2018-01-27 17:35:13.320;RO;AS168-AS1-20180127173349
2018-01-27 17:35:14.567;SP;AS168-AS1-20180127173349
2018-01-27 17:35:16.160;SQ;AS168-AS1-20180127173516
2018-01-27 17:35:56.865;RU;AS168-AS1-20180127173227
2018-01-27 17:35:58.195;RC;AS168-AS1-20180127173349
2018-01-27 17:35:58.673;VU;AS168-AS1-20180127173227
2018-01-27 17:35:59.005;SS;AS168-AS1-20180127173349
2018-01-27 17:36:45.542;RO;AS168-AS1-20180127173516
2018-01-27 17:36:46.562;SP;AS168-AS1-20180127173516
2018-01-27 17:36:48.186;SQ;AS168-AS1-20180127173648
2018-01-27 17:37:30.782;RU;AS168-AS1-20180127173349
2018-01-27 17:37:30.946;RC;AS168-AS1-20180127173516
2018-01-27 17:37:32.410;SS;AS168-AS1-20180127173516
2018-01-27 17:37:33.176;VU;AS168-AS1-20180127173349
2018-01-27 17:38:49.771;RO;AS168-AS1-20180127173648
2018-01-27 17:38:50.628;SP;AS168-AS1-20180127173648
2018-01-27 17:38:52.228;SQ;AS168-AS1-20180127173852
2018-01-27 17:39:29.519;RC;AS168-AS1-20180127173648
2018-01-27 17:39:30.299;SS;AS168-AS1-20180127173648
2018-01-27 17:39:30.828;RU;AS168-AS1-20180127173516
2018-01-27 17:39:32.632;VU;AS168-AS1-20180127173516
2018-01-27 17:40:09.838;RO;AS168-AS1-20180127173852
2018-01-27 17:40:11.101;SP;AS168-AS1-20180127173852
2018-01-27 17:40:12.692;SQ;AS168-AS1-20180127174012
2018-01-27 17:40:56.566;RU;AS168-AS1-20180127173648
2018-01-27 17:40:56.680;RC;AS168-AS1-20180127173852
2018-01-27 17:40:58.236;SS;AS168-AS1-20180127173852
2018-01-27 17:41:33.486;RO;AS168-AS1-20180127174012
2018-01-27 17:41:36.283;SP;AS168-AS1-20180127174012
2018-01-27 17:41:38.977;SQ;AS168-AS1-20180127174138
2018-01-27 17:42:08.149;RC;AS168-AS1-20180127174012
2018-01-27 17:42:09.708;SS;AS168-AS1-20180127174012
2018-01-27 17:42:30.873;RU;AS168-AS1-20180127173852
2018-01-27 17:42:33.403;VU;AS168-AS1-20180127173852
2018-01-27 17:43:02.567;RO;AS168-AS1-20180127174138
2018-01-27 17:43:03.439;SP;AS168-AS1-20180127174138
2018-01-27 17:43:05.826;SQ;AS168-AS1-20180127174305
2018-01-27 17:43:31.945;RU;AS168-AS1-20180127174012
2018-01-27 17:43:34.060;VU;AS168-AS1-20180127174012
2018-01-27 17:43:45.739;RC;AS168-AS1-20180127174138
2018-01-27 17:43:46.742;SS;AS168-AS1-20180127174138
2018-01-27 17:44:27.143;RO;AS168-AS1-20180127174305
2018-01-27 17:44:28.436;SP;AS168-AS1-20180127174305
2018-01-27 17:44:30.834;SQ;AS168-AS1-20180127174430
2018-01-27 17:45:06.789;RC;AS168-AS1-20180127174305
2018-01-27 17:45:07.907;SS;AS168-AS1-20180127174305
2018-01-27 17:45:08.779;RU;AS168-AS1-20180127174138
2018-01-27 17:45:10.775;VU;AS168-AS1-20180127174138
2018-01-27 17:45:41.594;RO;AS168-AS1-20180127174430
2018-01-27 17:45:43.877;SP;AS168-AS1-20180127174430
2018-01-27 17:45:47.730;SQ;AS168-AS1-20180127174547
2018-01-27 17:46:22.194;RU;AS168-AS1-20180127174305
2018-01-27 17:46:23.045;RC;AS168-AS1-20180127174430
2018-01-27 17:46:24.622;SS;AS168-AS1-20180127174430
2018-01-27 17:46:24.811;VU;AS168-AS1-20180127174305
2018-01-27 17:47:17.679;RO;AS168-AS1-20180127174547
2018-01-27 17:47:20.650;SP;AS168-AS1-20180127174547
2018-01-27 17:47:22.963;SQ;AS168-AS1-20180127174722
2018-01-27 17:47:45.101;RU;AS168-AS1-20180127174430
2018-01-27 17:47:47.556;VU;AS168-AS1-20180127174430
2018-01-27 17:47:59.799;RC;AS168-AS1-20180127174547
2018-01-27 17:48:00.782;SS;AS168-AS1-20180127174547
2018-01-27 17:48:43.022;RO;AS168-AS1-20180127174722
2018-01-27 17:48:44.386;SP;AS168-AS1-20180127174722
2018-01-27 17:48:46.592;SQ;AS168-AS1-20180127174846
2018-01-27 17:49:16.591;RU;AS168-AS1-20180127174547
2018-01-27 17:49:18.741;VU;AS168-AS1-20180127174547
2018-01-27 17:49:30.915;RC;AS168-AS1-20180127174722
2018-01-27 17:49:32.069;SS;AS168-AS1-20180127174722
2018-01-27 17:50:07.524;RO;AS168-AS1-20180127174846
2018-01-27 17:50:08.980;SP;AS168-AS1-20180127174846
2018-01-27 17:50:13.882;SQ;AS168-AS1-20180127175013
2018-01-27 17:50:45.117;RC;AS168-AS1-20180127174846
2018-01-27 17:50:46.676;SS;AS168-AS1-20180127174846
2018-01-27 17:50:53.082;RU;AS168-AS1-20180127174722
2018-01-27 17:50:55.573;VU;AS168-AS1-20180127174722
2018-01-27 17:51:37.118;RO;AS168-AS1-20180127175013
2018-01-27 17:51:38.816;SP;AS168-AS1-20180127175013
2018-01-27 17:51:41.075;SQ;AS168-AS1-20180127175141
2018-01-27 17:52:08.208;RU;AS168-AS1-20180127174846
2018-01-27 17:52:18.189;RC;AS168-AS1-20180127175013
2018-01-27 17:52:19.882;SS;AS168-AS1-20180127175013
2018-01-27 17:53:03.909;RO;AS168-AS1-20180127175141
2018-01-27 17:53:06.059;SP;AS168-AS1-20180127175141
2018-01-27 17:53:09.763;SQ;AS168-AS1-20180127175309
2018-01-27 17:53:30.029;RU;AS168-AS1-20180127175013
2018-01-27 17:53:33.994;VU;AS168-AS1-20180127175013
2018-01-27 17:53:43.755;RC;AS168-AS1-20180127175141
2018-01-27 17:53:45.701;SS;AS168-AS1-20180127175141
2018-01-27 17:54:16.232;RO;AS168-AS1-20180127175309
2018-01-27 17:54:18.596;SP;AS168-AS1-20180127175309
2018-01-27 17:54:22.907;SQ;AS168-AS1-20180127175422
2018-01-27 17:55:01.993;RC;AS168-AS1-20180127175309
2018-01-27 17:55:03.907;SS;AS168-AS1-20180127175309
2018-01-27 17:55:05.812;RU;AS168-AS1-20180127175141
2018-01-27 17:55:08.448;VU;AS168-AS1-20180127175141
2018-01-27 17:55:34.606;RO;AS168-AS1-20180127175422
2018-01-27 17:55:38.883;SP;AS168-AS1-20180127175422
2018-01-27 17:55:42.267;SQ;AS168-AS1-20180127175542
2018-01-27 17:56:23.078;RU;AS168-AS1-20180127175309
2018-01-27 17:56:27.121;VU;AS168-AS1-20180127175309
2018-01-27 17:56:51.424;RC;AS168-AS1-20180127175422
2018-01-27 17:56:53.533;SS;AS168-AS1-20180127175422
2018-01-27 17:56:56.983;RO;AS168-AS1-20180127175542
2018-01-27 17:56:58.984;SP;AS168-AS1-20180127175542
2018-01-27 17:57:02.903;SQ;AS168-AS1-20180127175702
2018-01-27 17:57:36.166;RC;AS168-AS1-20180127175542
2018-01-27 17:57:37.704;SS;AS168-AS1-20180127175542
2018-01-27 17:58:10.131;RU;AS168-AS1-20180127175422
2018-01-27 17:58:14.431;VU;AS168-AS1-20180127175422
2018-01-27 17:58:17.042;RO;AS168-AS1-20180127175702
2018-01-27 17:58:18.680;SP;AS168-AS1-20180127175702
2018-01-27 17:58:22.592;SQ;AS168-AS1-20180127175822
2018-01-27 17:58:53.486;RC;AS168-AS1-20180127175702
2018-01-27 17:58:55.003;SS;AS168-AS1-20180127175702
2018-01-27 17:58:59.343;RU;AS168-AS1-20180127175542
2018-01-27 17:59:03.549;VU;AS168-AS1-20180127175542
2018-01-27 17:59:29.228;RO;AS168-AS1-20180127175822
2018-01-27 17:59:32.721;SP;AS168-AS1-20180127175822
2018-01-27 17:59:59.533;RU;AS168-AS1-20180127175702
2018-01-27 17:59:59.732;RC;AS168-AS1-20180127175822
2018-01-27 18:00:04.901;SS;AS168-AS1-20180127175822
2018-01-27 18:00:05.741;VU;AS168-AS1-20180127175702
2018-01-27 18:00:47.119;RU;AS168-AS1-20180127175822
2018-01-27 18:00:49.877;VU;AS168-AS1-20180127175822
