2018-01-27 17:18:41.511;SQ;AS162-AS1-20180127171841
2018-01-27 17:19:24.833;RO;AS162-AS1-20180127171841
2018-01-27 17:19:25.833;SP;AS162-AS1-20180127171841
2018-01-27 17:19:27.407;SQ;AS162-AS1-20180127171927
2018-01-27 17:19:58.111;RC;AS162-AS1-20180127171841
2018-01-27 17:19:58.883;SS;AS162-AS1-20180127171841
2018-01-27 17:20:42.805;RO;AS162-AS1-20180127171927
2018-01-27 17:20:43.786;SP;AS162-AS1-20180127171927
2018-01-27 17:20:45.367;SQ;AS162-AS1-20180127172045
2018-01-27 17:21:07.733;RU;AS162-AS1-20180127171841
2018-01-27 17:21:09.503;VU;AS162-AS1-20180127171841
2018-01-27 17:21:30.305;RC;AS162-AS1-20180127171927
2018-01-27 17:21:31.103;SS;AS162-AS1-20180127171927
2018-01-27 17:22:17.579;RO;AS162-AS1-20180127172045
2018-01-27 17:22:18.749;SP;AS162-AS1-20180127172045
2018-01-27 17:22:20.308;SQ;AS162-AS1-20180127172220
2018-01-27 17:23:03.093;RU;AS162-AS1-20180127171927
2018-01-27 17:23:04.884;VU;AS162-AS1-20180127171927
2018-01-27 17:23:35.575;RO;AS162-AS1-20180127172220
2018-01-27 17:23:35.576;RC;AS162-AS1-20180127172045
2018-01-27 17:23:36.719;SS;AS162-AS1-20180127172045
2018-01-27 17:23:37.142;SP;AS162-AS1-20180127172220
2018-01-27 17:23:38.702;SQ;AS162-AS1-20180127172338
2018-01-27 17:24:04.644;RC;AS162-AS1-20180127172220
2018-01-27 17:24:05.430;SS;AS162-AS1-20180127172220
2018-01-27 17:24:55.072;RO;AS162-AS1-20180127172338
2018-01-27 17:24:56.050;SP;AS162-AS1-20180127172338
2018-01-27 17:24:58.948;SQ;AS162-AS1-20180127172458
2018-01-27 17:25:09.342;RU;AS162-AS1-20180127172045
2018-01-27 17:25:11.144;VU;AS162-AS1-20180127172045
2018-01-27 17:25:27.105;RC;AS162-AS1-20180127172338
2018-01-27 17:25:28.215;SS;AS162-AS1-20180127172338
2018-01-27 17:25:28.841;RU;AS162-AS1-20180127172220
2018-01-27 17:25:31.002;VU;AS162-AS1-20180127172220
2018-01-27 17:26:22.628;RO;AS162-AS1-20180127172458
2018-01-27 17:26:23.802;SP;AS162-AS1-20180127172458
2018-01-27 17:26:25.348;SQ;AS162-AS1-20180127172625
2018-01-27 17:26:56.266;RU;AS162-AS1-20180127172338
2018-01-27 17:26:58.041;VU;AS162-AS1-20180127172338
2018-01-27 17:27:09.623;RC;AS162-AS1-20180127172458
2018-01-27 17:27:10.405;SS;AS162-AS1-20180127172458
2018-01-27 17:27:42.111;RO;AS162-AS1-20180127172625
2018-01-27 17:27:43.201;SP;AS162-AS1-20180127172625
2018-01-27 17:27:44.742;SQ;AS162-AS1-20180127172744
2018-01-27 17:28:25.344;RC;AS162-AS1-20180127172625
2018-01-27 17:28:26.099;SS;AS162-AS1-20180127172625
2018-01-27 17:28:30.751;RU;AS162-AS1-20180127172458
2018-01-27 17:28:32.544;VU;AS162-AS1-20180127172458
2018-01-27 17:29:10.919;RO;AS162-AS1-20180127172744
2018-01-27 17:29:12.111;SP;AS162-AS1-20180127172744
2018-01-27 17:29:13.686;SQ;AS162-AS1-20180127172913
2018-01-27 17:29:51.737;RC;AS162-AS1-20180127172744
2018-01-27 17:29:52.494;RU;AS162-AS1-20180127172625
2018-01-27 17:29:52.555;SS;AS162-AS1-20180127172744
2018-01-27 17:29:55.114;VU;AS162-AS1-20180127172625
2018-01-27 17:30:41.289;RO;AS162-AS1-20180127172913
2018-01-27 17:30:42.554;SP;AS162-AS1-20180127172913
2018-01-27 17:30:44.123;SQ;AS162-AS1-20180127173044
2018-01-27 17:31:21.700;RU;AS162-AS1-20180127172744
2018-01-27 17:31:23.479;VU;AS162-AS1-20180127172744
2018-01-27 17:31:25.484;RC;AS162-AS1-20180127172913
2018-01-27 17:31:26.575;SS;AS162-AS1-20180127172913
2018-01-27 17:32:14.639;RO;AS162-AS1-20180127173044
2018-01-27 17:32:15.498;SP;AS162-AS1-20180127173044
2018-01-27 17:32:17.063;SQ;AS162-AS1-20180127173217
2018-01-27 17:32:46.170;RC;AS162-AS1-20180127173044
2018-01-27 17:32:46.961;SS;AS162-AS1-20180127173044
2018-01-27 17:32:54.360;RU;AS162-AS1-20180127172913
2018-01-27 17:32:56.129;VU;AS162-AS1-20180127172913
2018-01-27 17:33:29.616;RO;AS162-AS1-20180127173217
2018-01-27 17:33:30.402;SP;AS162-AS1-20180127173217
2018-01-27 17:33:32.209;SQ;AS162-AS1-20180127173332
2018-01-27 17:34:02.482;RU;AS162-AS1-20180127173044
2018-01-27 17:34:05.116;VU;AS162-AS1-20180127173044
2018-01-27 17:34:13.135;RC;AS162-AS1-20180127173217
2018-01-27 17:34:13.941;SS;AS162-AS1-20180127173217
2018-01-27 17:34:54.342;RO;AS162-AS1-20180127173332
2018-01-27 17:34:55.596;SP;AS162-AS1-20180127173332
2018-01-27 17:34:57.132;SQ;AS162-AS1-20180127173457
2018-01-27 17:35:46.694;RC;AS162-AS1-20180127173332
2018-01-27 17:35:46.783;RU;AS162-AS1-20180127173217
2018-01-27 17:35:48.143;SS;AS162-AS1-20180127173332
2018-01-27 17:35:49.283;VU;AS162-AS1-20180127173217
2018-01-27 17:36:29.975;RO;AS162-AS1-20180127173457
2018-01-27 17:36:31.031;SP;AS162-AS1-20180127173457
2018-01-27 17:36:32.595;SQ;AS162-AS1-20180127173632
2018-01-27 17:37:13.895;RU;AS162-AS1-20180127173332
2018-01-27 17:37:14.111;RC;AS162-AS1-20180127173457
2018-01-27 17:37:15.455;SS;AS162-AS1-20180127173457
2018-01-27 17:37:16.163;VU;AS162-AS1-20180127173332
2018-01-27 17:38:02.003;RO;AS162-AS1-20180127173632
2018-01-27 17:38:02.974;SP;AS162-AS1-20180127173632
2018-01-27 17:38:04.527;SQ;AS162-AS1-20180127173804
2018-01-27 17:38:36.067;RU;AS162-AS1-20180127173457
2018-01-27 17:38:36.252;RC;AS162-AS1-20180127173632
2018-01-27 17:38:37.630;SS;AS162-AS1-20180127173632
2018-01-27 17:38:38.359;VU;AS162-AS1-20180127173457
2018-01-27 17:39:25.588;RO;AS162-AS1-20180127173804
2018-01-27 17:39:26.382;SP;AS162-AS1-20180127173804
2018-01-27 17:39:29.602;SQ;AS162-AS1-20180127173929
2018-01-27 17:40:05.109;RU;AS162-AS1-20180127173632
2018-01-27 17:40:06.896;VU;AS162-AS1-20180127173632
2018-01-27 17:40:08.420;RC;AS162-AS1-20180127173804
2018-01-27 17:40:09.224;SS;AS162-AS1-20180127173804
2018-01-27 17:40:41.563;RO;AS162-AS1-20180127173929
2018-01-27 17:40:42.472;SP;AS162-AS1-20180127173929
2018-01-27 17:40:44.062;SQ;AS162-AS1-20180127174044
2018-01-27 17:41:22.045;RC;AS162-AS1-20180127173929
2018-01-27 17:41:22.833;SS;AS162-AS1-20180127173929
2018-01-27 17:41:30.580;RU;AS162-AS1-20180127173804
2018-01-27 17:41:32.368;VU;AS162-AS1-20180127173804
2018-01-27 17:42:02.912;RO;AS162-AS1-20180127174044
2018-01-27 17:42:03.911;SP;AS162-AS1-20180127174044
2018-01-27 17:42:06.104;SQ;AS162-AS1-20180127174206
2018-01-27 17:42:47.384;RC;AS162-AS1-20180127174044
2018-01-27 17:42:47.384;RU;AS162-AS1-20180127173929
2018-01-27 17:42:48.974;SS;AS162-AS1-20180127174044
2018-01-27 17:42:49.975;VU;AS162-AS1-20180127173929
2018-01-27 17:43:20.058;RO;AS162-AS1-20180127174206
2018-01-27 17:43:20.949;SP;AS162-AS1-20180127174206
2018-01-27 17:43:23.577;SQ;AS162-AS1-20180127174323
2018-01-27 17:44:07.895;RC;AS162-AS1-20180127174206
2018-01-27 17:44:08.664;SS;AS162-AS1-20180127174206
2018-01-27 17:44:18.817;RU;AS162-AS1-20180127174044
2018-01-27 17:44:20.579;VU;AS162-AS1-20180127174044
2018-01-27 17:44:40.823;RO;AS162-AS1-20180127174323
2018-01-27 17:44:42.595;SP;AS162-AS1-20180127174323
2018-01-27 17:44:44.171;SQ;AS162-AS1-20180127174444
2018-01-27 17:45:24.063;RU;AS162-AS1-20180127174206
2018-01-27 17:45:24.938;RC;AS162-AS1-20180127174323
2018-01-27 17:45:25.718;SS;AS162-AS1-20180127174323
2018-01-27 17:45:25.832;VU;AS162-AS1-20180127174206
2018-01-27 17:46:00.294;RO;AS162-AS1-20180127174444
2018-01-27 17:46:01.529;SP;AS162-AS1-20180127174444
2018-01-27 17:46:03.102;SQ;AS162-AS1-20180127174603
2018-01-27 17:46:41.432;RC;AS162-AS1-20180127174444
2018-01-27 17:46:42.213;SS;AS162-AS1-20180127174444
2018-01-27 17:46:55.077;RU;AS162-AS1-20180127174323
2018-01-27 17:46:56.833;VU;AS162-AS1-20180127174323
2018-01-27 17:47:25.348;RO;AS162-AS1-20180127174603
2018-01-27 17:47:26.460;SP;AS162-AS1-20180127174603
2018-01-27 17:47:28.000;SQ;AS162-AS1-20180127174728
2018-01-27 17:48:11.882;RC;AS162-AS1-20180127174603
2018-01-27 17:48:12.203;RU;AS162-AS1-20180127174444
2018-01-27 17:48:13.048;SS;AS162-AS1-20180127174603
2018-01-27 17:48:14.448;VU;AS162-AS1-20180127174444
2018-01-27 17:49:29.729;RO;AS162-AS1-20180127174728
2018-01-27 17:49:29.862;RU;AS162-AS1-20180127174603
2018-01-27 17:49:31.411;SP;AS162-AS1-20180127174728
2018-01-27 17:49:32.067;VU;AS162-AS1-20180127174603
2018-01-27 17:49:32.998;SQ;AS162-AS1-20180127174932
2018-01-27 17:50:06.730;RC;AS162-AS1-20180127174728
2018-01-27 17:50:07.538;SS;AS162-AS1-20180127174728
2018-01-27 17:50:42.504;RO;AS162-AS1-20180127174932
2018-01-27 17:50:43.360;SP;AS162-AS1-20180127174932
2018-01-27 17:50:44.921;SQ;AS162-AS1-20180127175044
2018-01-27 17:51:26.572;RC;AS162-AS1-20180127174932
2018-01-27 17:51:27.344;SS;AS162-AS1-20180127174932
2018-01-27 17:51:37.710;RU;AS162-AS1-20180127174728
2018-01-27 17:51:39.497;VU;AS162-AS1-20180127174728
2018-01-27 17:52:01.511;RO;AS162-AS1-20180127175044
2018-01-27 17:52:02.816;SP;AS162-AS1-20180127175044
2018-01-27 17:52:04.389;SQ;AS162-AS1-20180127175204
2018-01-27 17:52:38.094;RU;AS162-AS1-20180127174932
2018-01-27 17:52:39.900;VU;AS162-AS1-20180127174932
2018-01-27 17:53:17.618;RC;AS162-AS1-20180127175044
2018-01-27 17:53:18.460;SS;AS162-AS1-20180127175044
2018-01-27 17:53:19.371;RO;AS162-AS1-20180127175204
2018-01-27 17:53:20.244;SP;AS162-AS1-20180127175204
2018-01-27 17:53:21.840;SQ;AS162-AS1-20180127175321
2018-01-27 17:53:58.285;RC;AS162-AS1-20180127175204
2018-01-27 17:53:59.049;SS;AS162-AS1-20180127175204
2018-01-27 17:54:31.298;RU;AS162-AS1-20180127175044
2018-01-27 17:54:32.638;RO;AS162-AS1-20180127175321
2018-01-27 17:54:33.067;VU;AS162-AS1-20180127175044
2018-01-27 17:54:34.653;SP;AS162-AS1-20180127175321
2018-01-27 17:54:36.663;SQ;AS162-AS1-20180127175436
2018-01-27 17:55:11.256;RC;AS162-AS1-20180127175321
2018-01-27 17:55:12.026;SS;AS162-AS1-20180127175321
2018-01-27 17:55:20.546;RU;AS162-AS1-20180127175204
2018-01-27 17:55:23.190;VU;AS162-AS1-20180127175204
2018-01-27 17:55:49.578;RO;AS162-AS1-20180127175436
2018-01-27 17:55:51.050;SP;AS162-AS1-20180127175436
2018-01-27 17:55:53.479;SQ;AS162-AS1-20180127175553
2018-01-27 17:56:31.382;RU;AS162-AS1-20180127175321
2018-01-27 17:56:33.176;VU;AS162-AS1-20180127175321
2018-01-27 17:56:33.863;RC;AS162-AS1-20180127175436
2018-01-27 17:56:34.653;SS;AS162-AS1-20180127175436
2018-01-27 17:57:05.301;RO;AS162-AS1-20180127175553
2018-01-27 17:57:06.347;SP;AS162-AS1-20180127175553
2018-01-27 17:57:07.947;SQ;AS162-AS1-20180127175707
2018-01-27 17:57:44.258;RC;AS162-AS1-20180127175553
2018-01-27 17:57:45.050;SS;AS162-AS1-20180127175553
2018-01-27 17:57:52.728;RU;AS162-AS1-20180127175436
2018-01-27 17:57:54.490;VU;AS162-AS1-20180127175436
2018-01-27 17:58:29.018;RO;AS162-AS1-20180127175707
2018-01-27 17:58:29.806;SP;AS162-AS1-20180127175707
2018-01-27 17:58:31.340;SQ;AS162-AS1-20180127175831
2018-01-27 17:59:00.784;RC;AS162-AS1-20180127175707
2018-01-27 17:59:01.598;SS;AS162-AS1-20180127175707
2018-01-27 17:59:02.629;RU;AS162-AS1-20180127175553
2018-01-27 17:59:04.398;VU;AS162-AS1-20180127175553
2018-01-27 17:59:41.910;RO;AS162-AS1-20180127175831
2018-01-27 17:59:42.694;SP;AS162-AS1-20180127175831
2018-01-27 18:00:13.467;RU;AS162-AS1-20180127175707
2018-01-27 18:00:14.889;RC;AS162-AS1-20180127175831
2018-01-27 18:00:15.259;VU;AS162-AS1-20180127175707
2018-01-27 18:00:16.159;SS;AS162-AS1-20180127175831
2018-01-27 18:00:58.393;RU;AS162-AS1-20180127175831
2018-01-27 18:01:00.193;VU;AS162-AS1-20180127175831
