2018-01-27 17:18:32.620;SQ;AS16-AS1-20180127171832
2018-01-27 17:18:59.865;RO;AS16-AS1-20180127171832
2018-01-27 17:19:00.978;SP;AS16-AS1-20180127171832
2018-01-27 17:19:02.650;SQ;AS16-AS1-20180127171902
2018-01-27 17:19:26.906;RC;AS16-AS1-20180127171832
2018-01-27 17:19:27.743;SS;AS16-AS1-20180127171832
2018-01-27 17:20:34.886;RO;AS16-AS1-20180127171902
2018-01-27 17:20:36.121;SP;AS16-AS1-20180127171902
2018-01-27 17:20:37.777;SQ;AS16-AS1-20180127172037
2018-01-27 17:20:40.802;RU;AS16-AS1-20180127171832
2018-01-27 17:21:20.667;RC;AS16-AS1-20180127171902
2018-01-27 17:21:22.981;SS;AS16-AS1-20180127171902
2018-01-27 17:22:01.973;RO;AS16-AS1-20180127172037
2018-01-27 17:22:03.797;SP;AS16-AS1-20180127172037
2018-01-27 17:22:06.396;SQ;AS16-AS1-20180127172206
2018-01-27 17:22:46.563;RU;AS16-AS1-20180127171902
2018-01-27 17:22:47.310;RC;AS16-AS1-20180127172037
2018-01-27 17:22:49.152;SS;AS16-AS1-20180127172037
2018-01-27 17:22:49.507;VU;AS16-AS1-20180127171902
2018-01-27 17:23:17.787;RO;AS16-AS1-20180127172206
2018-01-27 17:23:18.840;SP;AS16-AS1-20180127172206
2018-01-27 17:23:21.362;SQ;AS16-AS1-20180127172321
2018-01-27 17:24:03.673;RC;AS16-AS1-20180127172206
2018-01-27 17:24:04.582;SS;AS16-AS1-20180127172206
2018-01-27 17:24:25.472;RU;AS16-AS1-20180127172037
2018-01-27 17:24:29.180;VU;AS16-AS1-20180127172037
2018-01-27 17:24:43.447;RO;AS16-AS1-20180127172321
2018-01-27 17:24:44.534;SP;AS16-AS1-20180127172321
2018-01-27 17:24:46.930;SQ;AS16-AS1-20180127172446
2018-01-27 17:25:25.240;RC;AS16-AS1-20180127172321
2018-01-27 17:25:26.186;SS;AS16-AS1-20180127172321
2018-01-27 17:26:04.847;RU;AS16-AS1-20180127172206
2018-01-27 17:26:06.967;VU;AS16-AS1-20180127172206
2018-01-27 17:26:09.683;RO;AS16-AS1-20180127172446
2018-01-27 17:26:11.078;SP;AS16-AS1-20180127172446
2018-01-27 17:26:13.621;SQ;AS16-AS1-20180127172613
2018-01-27 17:26:48.146;RU;AS16-AS1-20180127172321
2018-01-27 17:26:51.256;VU;AS16-AS1-20180127172321
2018-01-27 17:26:54.893;RC;AS16-AS1-20180127172446
2018-01-27 17:26:56.123;SS;AS16-AS1-20180127172446
2018-01-27 17:27:37.787;RO;AS16-AS1-20180127172613
2018-01-27 17:27:39.435;SP;AS16-AS1-20180127172613
2018-01-27 17:27:41.853;SQ;AS16-AS1-20180127172741
2018-01-27 17:28:16.294;RU;AS16-AS1-20180127172446
2018-01-27 17:28:18.532;VU;AS16-AS1-20180127172446
2018-01-27 17:28:19.455;RC;AS16-AS1-20180127172613
2018-01-27 17:28:21.451;SS;AS16-AS1-20180127172613
2018-01-27 17:29:06.411;RO;AS16-AS1-20180127172741
2018-01-27 17:29:07.762;SP;AS16-AS1-20180127172741
2018-01-27 17:29:11.646;SQ;AS16-AS1-20180127172911
2018-01-27 17:29:42.660;RC;AS16-AS1-20180127172741
2018-01-27 17:29:44.036;SS;AS16-AS1-20180127172741
2018-01-27 17:29:51.117;RU;AS16-AS1-20180127172613
2018-01-27 17:29:53.610;VU;AS16-AS1-20180127172613
2018-01-27 17:30:32.438;RO;AS16-AS1-20180127172911
2018-01-27 17:30:33.777;SP;AS16-AS1-20180127172911
2018-01-27 17:30:36.382;SQ;AS16-AS1-20180127173036
2018-01-27 17:31:14.355;RU;AS16-AS1-20180127172741
2018-01-27 17:31:16.722;VU;AS16-AS1-20180127172741
2018-01-27 17:31:21.245;RC;AS16-AS1-20180127172911
2018-01-27 17:31:22.282;SS;AS16-AS1-20180127172911
2018-01-27 17:31:50.033;RO;AS16-AS1-20180127173036
2018-01-27 17:31:51.539;SP;AS16-AS1-20180127173036
2018-01-27 17:31:54.051;SQ;AS16-AS1-20180127173154
2018-01-27 17:32:32.189;RC;AS16-AS1-20180127173036
2018-01-27 17:32:33.305;SS;AS16-AS1-20180127173036
2018-01-27 17:32:46.176;RU;AS16-AS1-20180127172911
2018-01-27 17:32:48.106;VU;AS16-AS1-20180127172911
2018-01-27 17:33:24.857;RO;AS16-AS1-20180127173154
2018-01-27 17:33:26.577;SP;AS16-AS1-20180127173154
2018-01-27 17:33:28.882;SQ;AS16-AS1-20180127173328
2018-01-27 17:34:03.647;RU;AS16-AS1-20180127173036
2018-01-27 17:34:06.930;VU;AS16-AS1-20180127173036
2018-01-27 17:34:13.034;RC;AS16-AS1-20180127173154
2018-01-27 17:34:13.870;SS;AS16-AS1-20180127173154
2018-01-27 17:34:54.708;RO;AS16-AS1-20180127173328
2018-01-27 17:34:56.272;SP;AS16-AS1-20180127173328
2018-01-27 17:34:58.862;SQ;AS16-AS1-20180127173458
2018-01-27 17:35:39.308;RU;AS16-AS1-20180127173154
2018-01-27 17:35:39.347;RC;AS16-AS1-20180127173328
2018-01-27 17:35:41.615;SS;AS16-AS1-20180127173328
2018-01-27 17:35:42.616;VU;AS16-AS1-20180127173154
2018-01-27 17:36:29.741;RO;AS16-AS1-20180127173458
2018-01-27 17:36:31.567;SP;AS16-AS1-20180127173458
2018-01-27 17:36:34.104;SQ;AS16-AS1-20180127173634
2018-01-27 17:37:14.072;RU;AS16-AS1-20180127173328
2018-01-27 17:37:14.881;RC;AS16-AS1-20180127173458
2018-01-27 17:37:16.649;SS;AS16-AS1-20180127173458
2018-01-27 17:37:17.003;VU;AS16-AS1-20180127173328
2018-01-27 17:37:55.945;RO;AS16-AS1-20180127173634
2018-01-27 17:37:57.847;SP;AS16-AS1-20180127173634
2018-01-27 17:38:00.148;SQ;AS16-AS1-20180127173800
2018-01-27 17:38:37.430;RU;AS16-AS1-20180127173458
2018-01-27 17:38:38.523;RC;AS16-AS1-20180127173634
2018-01-27 17:38:39.762;VU;AS16-AS1-20180127173458
2018-01-27 17:38:39.871;SS;AS16-AS1-20180127173634
2018-01-27 17:39:19.481;RO;AS16-AS1-20180127173800
2018-01-27 17:39:20.958;SP;AS16-AS1-20180127173800
2018-01-27 17:39:23.443;SQ;AS16-AS1-20180127173923
2018-01-27 17:39:54.404;RU;AS16-AS1-20180127173634
2018-01-27 17:39:57.045;VU;AS16-AS1-20180127173634
2018-01-27 17:39:58.180;RC;AS16-AS1-20180127173800
2018-01-27 17:40:00.203;SS;AS16-AS1-20180127173800
2018-01-27 17:41:15.899;RO;AS16-AS1-20180127173923
2018-01-27 17:41:17.168;SP;AS16-AS1-20180127173923
2018-01-27 17:41:19.912;RU;AS16-AS1-20180127173800
2018-01-27 17:41:22.766;SQ;AS16-AS1-20180127174122
2018-01-27 17:41:23.980;VU;AS16-AS1-20180127173800
2018-01-27 17:41:54.147;RC;AS16-AS1-20180127173923
2018-01-27 17:41:55.537;SS;AS16-AS1-20180127173923
2018-01-27 17:42:40.933;RO;AS16-AS1-20180127174122
2018-01-27 17:42:42.722;SP;AS16-AS1-20180127174122
2018-01-27 17:42:45.273;SQ;AS16-AS1-20180127174245
2018-01-27 17:43:08.673;RU;AS16-AS1-20180127173923
2018-01-27 17:43:10.529;VU;AS16-AS1-20180127173923
2018-01-27 17:43:23.164;RC;AS16-AS1-20180127174122
2018-01-27 17:43:24.887;SS;AS16-AS1-20180127174122
2018-01-27 17:44:07.831;RO;AS16-AS1-20180127174245
2018-01-27 17:44:09.434;SP;AS16-AS1-20180127174245
2018-01-27 17:44:13.942;SQ;AS16-AS1-20180127174413
2018-01-27 17:44:45.147;RU;AS16-AS1-20180127174122
2018-01-27 17:44:47.268;VU;AS16-AS1-20180127174122
2018-01-27 17:44:53.621;RC;AS16-AS1-20180127174245
2018-01-27 17:44:55.069;SS;AS16-AS1-20180127174245
2018-01-27 17:46:01.593;RO;AS16-AS1-20180127174413
2018-01-27 17:46:03.022;SP;AS16-AS1-20180127174413
2018-01-27 17:46:05.511;SQ;AS16-AS1-20180127174605
2018-01-27 17:46:12.005;RU;AS16-AS1-20180127174245
2018-01-27 17:46:13.843;VU;AS16-AS1-20180127174245
2018-01-27 17:46:41.006;RC;AS16-AS1-20180127174413
2018-01-27 17:46:42.035;SS;AS16-AS1-20180127174413
2018-01-27 17:47:26.687;RO;AS16-AS1-20180127174605
2018-01-27 17:47:28.550;SP;AS16-AS1-20180127174605
2018-01-27 17:47:30.849;SQ;AS16-AS1-20180127174730
2018-01-27 17:47:56.817;RU;AS16-AS1-20180127174413
2018-01-27 17:47:58.783;VU;AS16-AS1-20180127174413
2018-01-27 17:48:15.487;RC;AS16-AS1-20180127174605
2018-01-27 17:48:16.628;SS;AS16-AS1-20180127174605
2018-01-27 17:48:51.513;RO;AS16-AS1-20180127174730
2018-01-27 17:48:54.122;SP;AS16-AS1-20180127174730
2018-01-27 17:48:56.470;SQ;AS16-AS1-20180127174856
2018-01-27 17:49:30.186;RC;AS16-AS1-20180127174730
2018-01-27 17:49:31.135;SS;AS16-AS1-20180127174730
2018-01-27 17:49:39.330;RU;AS16-AS1-20180127174605
2018-01-27 17:49:41.516;VU;AS16-AS1-20180127174605
2018-01-27 17:50:26.078;RO;AS16-AS1-20180127174856
2018-01-27 17:50:28.091;SP;AS16-AS1-20180127174856
2018-01-27 17:50:30.637;SQ;AS16-AS1-20180127175030
2018-01-27 17:50:49.923;RU;AS16-AS1-20180127174730
2018-01-27 17:50:51.907;VU;AS16-AS1-20180127174730
2018-01-27 17:51:06.976;RC;AS16-AS1-20180127174856
2018-01-27 17:51:08.066;SS;AS16-AS1-20180127174856
2018-01-27 17:51:42.386;RO;AS16-AS1-20180127175030
2018-01-27 17:51:45.118;SP;AS16-AS1-20180127175030
2018-01-27 17:51:48.259;SQ;AS16-AS1-20180127175148
2018-01-27 17:52:25.375;RU;AS16-AS1-20180127174856
2018-01-27 17:52:25.382;RC;AS16-AS1-20180127175030
2018-01-27 17:52:27.524;SS;AS16-AS1-20180127175030
2018-01-27 17:52:28.525;VU;AS16-AS1-20180127174856
2018-01-27 17:53:11.199;RO;AS16-AS1-20180127175148
2018-01-27 17:53:12.220;SP;AS16-AS1-20180127175148
2018-01-27 17:53:14.786;SQ;AS16-AS1-20180127175314
2018-01-27 17:53:46.483;RC;AS16-AS1-20180127175148
2018-01-27 17:53:49.054;SS;AS16-AS1-20180127175148
2018-01-27 17:53:49.531;RU;AS16-AS1-20180127175030
2018-01-27 17:53:51.488;VU;AS16-AS1-20180127175030
2018-01-27 17:54:25.875;RO;AS16-AS1-20180127175314
2018-01-27 17:54:26.720;SP;AS16-AS1-20180127175314
2018-01-27 17:54:29.352;SQ;AS16-AS1-20180127175429
2018-01-27 17:55:03.771;RU;AS16-AS1-20180127175148
2018-01-27 17:55:06.776;VU;AS16-AS1-20180127175148
2018-01-27 17:55:10.457;RC;AS16-AS1-20180127175314
2018-01-27 17:55:11.317;SS;AS16-AS1-20180127175314
2018-01-27 17:55:44.265;RO;AS16-AS1-20180127175429
2018-01-27 17:55:45.913;SP;AS16-AS1-20180127175429
2018-01-27 17:55:48.314;SQ;AS16-AS1-20180127175548
2018-01-27 17:56:26.312;RC;AS16-AS1-20180127175429
2018-01-27 17:56:27.251;SS;AS16-AS1-20180127175429
2018-01-27 17:56:31.396;RU;AS16-AS1-20180127175314
2018-01-27 17:56:33.553;VU;AS16-AS1-20180127175314
2018-01-27 17:57:03.966;RO;AS16-AS1-20180127175548
2018-01-27 17:57:05.672;SP;AS16-AS1-20180127175548
2018-01-27 17:57:08.208;SQ;AS16-AS1-20180127175708
2018-01-27 17:57:49.744;RC;AS16-AS1-20180127175548
2018-01-27 17:57:50.179;RU;AS16-AS1-20180127175429
2018-01-27 17:57:51.341;SS;AS16-AS1-20180127175548
2018-01-27 17:57:53.325;VU;AS16-AS1-20180127175429
2018-01-27 17:58:29.455;RO;AS16-AS1-20180127175708
2018-01-27 17:58:30.775;SP;AS16-AS1-20180127175708
2018-01-27 17:58:33.178;SQ;AS16-AS1-20180127175833
2018-01-27 17:59:09.205;RC;AS16-AS1-20180127175708
2018-01-27 17:59:09.268;RU;AS16-AS1-20180127175548
2018-01-27 17:59:11.223;SS;AS16-AS1-20180127175708
2018-01-27 17:59:12.230;VU;AS16-AS1-20180127175548
2018-01-27 17:59:38.313;RO;AS16-AS1-20180127175833
2018-01-27 17:59:40.520;SP;AS16-AS1-20180127175833
2018-01-27 17:59:42.930;SQ;AS16-AS1-20180127175942
2018-01-27 18:00:12.367;RC;AS16-AS1-20180127175833
2018-01-27 18:00:13.546;RU;AS16-AS1-20180127175708
2018-01-27 18:00:13.655;SS;AS16-AS1-20180127175833
2018-01-27 18:00:15.755;VU;AS16-AS1-20180127175708
2018-01-27 18:00:31.917;RO;AS16-AS1-20180127175942
2018-01-27 18:00:33.870;SP;AS16-AS1-20180127175942
2018-01-27 18:00:55.401;RU;AS16-AS1-20180127175833
2018-01-27 18:00:57.146;RC;AS16-AS1-20180127175942
2018-01-27 18:00:57.560;VU;AS16-AS1-20180127175833
2018-01-27 18:00:59.972;SS;AS16-AS1-20180127175942
2018-01-27 18:01:09.220;RU;AS16-AS1-20180127175942
2018-01-27 18:01:11.207;VU;AS16-AS1-20180127175942
