2018-01-27 17:18:33.927;SQ;AS161-AS1-20180127171833
2018-01-27 17:18:57.450;RO;AS161-AS1-20180127171833
2018-01-27 17:18:58.329;SP;AS161-AS1-20180127171833
2018-01-27 17:19:00.032;SQ;AS161-AS1-20180127171900
2018-01-27 17:19:22.556;RC;AS161-AS1-20180127171833
2018-01-27 17:19:23.421;SS;AS161-AS1-20180127171833
2018-01-27 17:20:07.080;RO;AS161-AS1-20180127171900
2018-01-27 17:20:07.965;SP;AS161-AS1-20180127171900
2018-01-27 17:20:09.697;SQ;AS161-AS1-20180127172009
2018-01-27 17:20:32.248;RU;AS161-AS1-20180127171833
2018-01-27 17:20:34.360;VU;AS161-AS1-20180127171833
2018-01-27 17:20:45.472;RC;AS161-AS1-20180127171900
2018-01-27 17:20:46.350;SS;AS161-AS1-20180127171900
2018-01-27 17:21:20.969;RO;AS161-AS1-20180127172009
2018-01-27 17:21:22.137;SP;AS161-AS1-20180127172009
2018-01-27 17:21:23.863;SQ;AS161-AS1-20180127172123
2018-01-27 17:22:01.474;RC;AS161-AS1-20180127172009
2018-01-27 17:22:02.355;SS;AS161-AS1-20180127172009
2018-01-27 17:22:19.050;RU;AS161-AS1-20180127171900
2018-01-27 17:22:20.937;VU;AS161-AS1-20180127171900
2018-01-27 17:22:44.617;RO;AS161-AS1-20180127172123
2018-01-27 17:22:45.826;SP;AS161-AS1-20180127172123
2018-01-27 17:22:47.528;SQ;AS161-AS1-20180127172247
2018-01-27 17:23:24.881;RC;AS161-AS1-20180127172123
2018-01-27 17:23:26.779;SS;AS161-AS1-20180127172123
2018-01-27 17:23:33.915;RU;AS161-AS1-20180127172009
2018-01-27 17:23:35.796;VU;AS161-AS1-20180127172009
2018-01-27 17:24:39.121;RU;AS161-AS1-20180127172123
2018-01-27 17:24:40.972;VU;AS161-AS1-20180127172123
2018-01-27 17:24:50.353;RO;AS161-AS1-20180127172247
2018-01-27 17:24:51.528;SP;AS161-AS1-20180127172247
2018-01-27 17:24:53.253;SQ;AS161-AS1-20180127172453
2018-01-27 17:25:37.187;RC;AS161-AS1-20180127172247
2018-01-27 17:25:38.032;SS;AS161-AS1-20180127172247
2018-01-27 17:26:04.328;RO;AS161-AS1-20180127172453
2018-01-27 17:26:05.205;SP;AS161-AS1-20180127172453
2018-01-27 17:26:06.946;SQ;AS161-AS1-20180127172606
2018-01-27 17:26:41.818;RC;AS161-AS1-20180127172453
2018-01-27 17:26:42.697;SS;AS161-AS1-20180127172453
2018-01-27 17:26:47.346;RU;AS161-AS1-20180127172247
2018-01-27 17:26:50.174;VU;AS161-AS1-20180127172247
2018-01-27 17:27:31.103;RO;AS161-AS1-20180127172606
2018-01-27 17:27:32.418;SP;AS161-AS1-20180127172606
2018-01-27 17:27:34.444;SQ;AS161-AS1-20180127172734
2018-01-27 17:28:08.739;RC;AS161-AS1-20180127172606
2018-01-27 17:28:09.591;SS;AS161-AS1-20180127172606
2018-01-27 17:28:15.235;RU;AS161-AS1-20180127172453
2018-01-27 17:28:17.081;VU;AS161-AS1-20180127172453
2018-01-27 17:28:53.654;RO;AS161-AS1-20180127172734
2018-01-27 17:28:54.901;SP;AS161-AS1-20180127172734
2018-01-27 17:28:56.611;SQ;AS161-AS1-20180127172856
2018-01-27 17:29:23.544;RC;AS161-AS1-20180127172734
2018-01-27 17:29:24.731;SS;AS161-AS1-20180127172734
2018-01-27 17:29:31.450;RU;AS161-AS1-20180127172606
2018-01-27 17:29:33.302;VU;AS161-AS1-20180127172606
2018-01-27 17:30:09.931;RO;AS161-AS1-20180127172856
2018-01-27 17:30:11.043;SP;AS161-AS1-20180127172856
2018-01-27 17:30:12.775;SQ;AS161-AS1-20180127173012
2018-01-27 17:30:37.715;RU;AS161-AS1-20180127172734
2018-01-27 17:30:40.008;VU;AS161-AS1-20180127172734
2018-01-27 17:30:53.713;RC;AS161-AS1-20180127172856
2018-01-27 17:30:55.442;SS;AS161-AS1-20180127172856
2018-01-27 17:32:04.574;RO;AS161-AS1-20180127173012
2018-01-27 17:32:05.771;SP;AS161-AS1-20180127173012
2018-01-27 17:32:07.496;SQ;AS161-AS1-20180127173207
2018-01-27 17:32:22.473;RU;AS161-AS1-20180127172856
2018-01-27 17:32:24.360;VU;AS161-AS1-20180127172856
2018-01-27 17:32:45.721;RC;AS161-AS1-20180127173012
2018-01-27 17:32:46.600;SS;AS161-AS1-20180127173012
2018-01-27 17:33:29.882;RO;AS161-AS1-20180127173207
2018-01-27 17:33:30.968;SP;AS161-AS1-20180127173207
2018-01-27 17:33:33.893;SQ;AS161-AS1-20180127173333
2018-01-27 17:33:56.708;RU;AS161-AS1-20180127173012
2018-01-27 17:33:58.585;VU;AS161-AS1-20180127173012
2018-01-27 17:34:17.611;RC;AS161-AS1-20180127173207
2018-01-27 17:34:19.236;SS;AS161-AS1-20180127173207
2018-01-27 17:34:54.357;RO;AS161-AS1-20180127173333
2018-01-27 17:34:55.325;SP;AS161-AS1-20180127173333
2018-01-27 17:34:57.043;SQ;AS161-AS1-20180127173457
2018-01-27 17:35:37.077;RC;AS161-AS1-20180127173333
2018-01-27 17:35:37.940;SS;AS161-AS1-20180127173333
2018-01-27 17:35:46.835;RU;AS161-AS1-20180127173207
2018-01-27 17:35:48.683;VU;AS161-AS1-20180127173207
2018-01-27 17:36:22.398;RO;AS161-AS1-20180127173457
2018-01-27 17:36:23.498;SP;AS161-AS1-20180127173457
2018-01-27 17:36:25.228;SQ;AS161-AS1-20180127173625
2018-01-27 17:36:45.709;RU;AS161-AS1-20180127173333
2018-01-27 17:36:47.566;VU;AS161-AS1-20180127173333
2018-01-27 17:37:02.810;RC;AS161-AS1-20180127173457
2018-01-27 17:37:03.671;SS;AS161-AS1-20180127173457
2018-01-27 17:37:46.804;RO;AS161-AS1-20180127173625
2018-01-27 17:37:47.664;SP;AS161-AS1-20180127173625
2018-01-27 17:37:49.376;SQ;AS161-AS1-20180127173749
2018-01-27 17:38:28.821;RU;AS161-AS1-20180127173457
2018-01-27 17:38:28.918;RC;AS161-AS1-20180127173625
2018-01-27 17:38:30.565;SS;AS161-AS1-20180127173625
2018-01-27 17:38:31.448;VU;AS161-AS1-20180127173457
2018-01-27 17:39:14.051;RO;AS161-AS1-20180127173749
2018-01-27 17:39:15.342;SP;AS161-AS1-20180127173749
2018-01-27 17:39:17.063;SQ;AS161-AS1-20180127173917
2018-01-27 17:39:53.698;RC;AS161-AS1-20180127173749
2018-01-27 17:39:54.591;SS;AS161-AS1-20180127173749
2018-01-27 17:39:56.997;RU;AS161-AS1-20180127173625
2018-01-27 17:39:58.850;VU;AS161-AS1-20180127173625
2018-01-27 17:40:33.491;RO;AS161-AS1-20180127173917
2018-01-27 17:40:34.503;SP;AS161-AS1-20180127173917
2018-01-27 17:40:36.243;SQ;AS161-AS1-20180127174036
2018-01-27 17:41:16.844;RC;AS161-AS1-20180127173917
2018-01-27 17:41:18.000;SS;AS161-AS1-20180127173917
2018-01-27 17:41:19.912;RU;AS161-AS1-20180127173749
2018-01-27 17:41:21.782;VU;AS161-AS1-20180127173749
2018-01-27 17:41:54.737;RO;AS161-AS1-20180127174036
2018-01-27 17:41:55.682;SP;AS161-AS1-20180127174036
2018-01-27 17:41:57.417;SQ;AS161-AS1-20180127174157
2018-01-27 17:42:37.805;RC;AS161-AS1-20180127174036
2018-01-27 17:42:38.678;SS;AS161-AS1-20180127174036
2018-01-27 17:43:09.798;RU;AS161-AS1-20180127173917
2018-01-27 17:43:11.670;VU;AS161-AS1-20180127173917
2018-01-27 17:43:23.370;RO;AS161-AS1-20180127174157
2018-01-27 17:43:24.371;SP;AS161-AS1-20180127174157
2018-01-27 17:43:26.101;SQ;AS161-AS1-20180127174326
2018-01-27 17:44:06.638;RU;AS161-AS1-20180127174036
2018-01-27 17:44:07.200;RC;AS161-AS1-20180127174157
2018-01-27 17:44:08.396;SS;AS161-AS1-20180127174157
2018-01-27 17:44:08.777;VU;AS161-AS1-20180127174036
2018-01-27 17:44:53.001;RO;AS161-AS1-20180127174326
2018-01-27 17:44:54.055;SP;AS161-AS1-20180127174326
2018-01-27 17:44:55.780;SQ;AS161-AS1-20180127174455
2018-01-27 17:45:24.012;RU;AS161-AS1-20180127174157
2018-01-27 17:45:25.890;VU;AS161-AS1-20180127174157
2018-01-27 17:45:30.042;RC;AS161-AS1-20180127174326
2018-01-27 17:45:30.916;SS;AS161-AS1-20180127174326
2018-01-27 17:46:14.513;RO;AS161-AS1-20180127174455
2018-01-27 17:46:16.249;SP;AS161-AS1-20180127174455
2018-01-27 17:46:17.975;SQ;AS161-AS1-20180127174617
2018-01-27 17:46:57.184;RU;AS161-AS1-20180127174326
2018-01-27 17:46:59.057;VU;AS161-AS1-20180127174326
2018-01-27 17:47:00.942;RC;AS161-AS1-20180127174455
2018-01-27 17:47:01.798;SS;AS161-AS1-20180127174455
2018-01-27 17:47:39.227;RO;AS161-AS1-20180127174617
2018-01-27 17:47:40.427;SP;AS161-AS1-20180127174617
2018-01-27 17:47:42.171;SQ;AS161-AS1-20180127174742
2018-01-27 17:48:16.738;RC;AS161-AS1-20180127174617
2018-01-27 17:48:17.591;SS;AS161-AS1-20180127174617
2018-01-27 17:48:28.597;RU;AS161-AS1-20180127174455
2018-01-27 17:48:30.475;VU;AS161-AS1-20180127174455
2018-01-27 17:49:30.918;RU;AS161-AS1-20180127174617
2018-01-27 17:49:32.794;VU;AS161-AS1-20180127174617
2018-01-27 17:49:44.047;RO;AS161-AS1-20180127174742
2018-01-27 17:49:45.155;SP;AS161-AS1-20180127174742
2018-01-27 17:49:46.889;SQ;AS161-AS1-20180127174946
2018-01-27 17:50:28.223;RC;AS161-AS1-20180127174742
2018-01-27 17:50:29.068;SS;AS161-AS1-20180127174742
2018-01-27 17:51:01.287;RO;AS161-AS1-20180127174946
2018-01-27 17:51:02.314;SP;AS161-AS1-20180127174946
2018-01-27 17:51:04.042;SQ;AS161-AS1-20180127175104
2018-01-27 17:51:37.131;RC;AS161-AS1-20180127174946
2018-01-27 17:51:37.983;SS;AS161-AS1-20180127174946
2018-01-27 17:51:45.148;RU;AS161-AS1-20180127174742
2018-01-27 17:51:47.022;VU;AS161-AS1-20180127174742
2018-01-27 17:52:25.399;RO;AS161-AS1-20180127175104
2018-01-27 17:52:26.474;SP;AS161-AS1-20180127175104
2018-01-27 17:52:28.230;SQ;AS161-AS1-20180127175228
2018-01-27 17:52:52.606;RU;AS161-AS1-20180127174946
2018-01-27 17:52:54.498;VU;AS161-AS1-20180127174946
2018-01-27 17:53:02.735;RC;AS161-AS1-20180127175104
2018-01-27 17:53:03.601;SS;AS161-AS1-20180127175104
2018-01-27 17:53:48.534;RO;AS161-AS1-20180127175228
2018-01-27 17:53:49.693;SP;AS161-AS1-20180127175228
2018-01-27 17:53:51.409;SQ;AS161-AS1-20180127175351
2018-01-27 17:54:24.830;RU;AS161-AS1-20180127175104
2018-01-27 17:54:26.700;VU;AS161-AS1-20180127175104
2018-01-27 17:54:31.490;RC;AS161-AS1-20180127175228
2018-01-27 17:54:32.341;SS;AS161-AS1-20180127175228
2018-01-27 17:55:06.383;RO;AS161-AS1-20180127175351
2018-01-27 17:55:07.377;SP;AS161-AS1-20180127175351
2018-01-27 17:55:09.098;SQ;AS161-AS1-20180127175509
2018-01-27 17:55:47.051;RC;AS161-AS1-20180127175351
2018-01-27 17:55:47.893;SS;AS161-AS1-20180127175351
2018-01-27 17:55:56.581;RU;AS161-AS1-20180127175228
2018-01-27 17:55:58.437;VU;AS161-AS1-20180127175228
2018-01-27 17:56:31.394;RO;AS161-AS1-20180127175509
2018-01-27 17:56:32.566;SP;AS161-AS1-20180127175509
2018-01-27 17:56:34.311;SQ;AS161-AS1-20180127175634
2018-01-27 17:57:09.999;RC;AS161-AS1-20180127175509
2018-01-27 17:57:10.867;SS;AS161-AS1-20180127175509
2018-01-27 17:57:11.927;RU;AS161-AS1-20180127175351
2018-01-27 17:57:13.790;VU;AS161-AS1-20180127175351
2018-01-27 17:57:54.930;RO;AS161-AS1-20180127175634
2018-01-27 17:57:57.153;SP;AS161-AS1-20180127175634
2018-01-27 17:57:58.857;SQ;AS161-AS1-20180127175758
2018-01-27 17:58:36.793;RC;AS161-AS1-20180127175634
2018-01-27 17:58:37.655;SS;AS161-AS1-20180127175634
2018-01-27 17:59:00.499;RU;AS161-AS1-20180127175509
2018-01-27 17:59:02.368;VU;AS161-AS1-20180127175509
2018-01-27 17:59:14.086;RO;AS161-AS1-20180127175758
2018-01-27 17:59:15.306;SP;AS161-AS1-20180127175758
2018-01-27 17:59:17.029;SQ;AS161-AS1-20180127175917
2018-01-27 17:59:41.796;RU;AS161-AS1-20180127175634
2018-01-27 17:59:43.656;VU;AS161-AS1-20180127175634
2018-01-27 17:59:51.264;RC;AS161-AS1-20180127175758
2018-01-27 17:59:52.127;SS;AS161-AS1-20180127175758
2018-01-27 18:00:15.324;RO;AS161-AS1-20180127175917
2018-01-27 18:00:17.454;SP;AS161-AS1-20180127175917
2018-01-27 18:00:34.343;RU;AS161-AS1-20180127175758
2018-01-27 18:00:39.533;RC;AS161-AS1-20180127175917
2018-01-27 18:00:40.808;SS;AS161-AS1-20180127175917
2018-01-27 18:01:05.877;RU;AS161-AS1-20180127175917
2018-01-27 18:01:11.794;VU;AS161-AS1-20180127175917
