2018-01-27 17:18:33.671;SQ;AS170-AS1-20180127171833
2018-01-27 17:19:02.859;RO;AS170-AS1-20180127171833
2018-01-27 17:19:03.993;SP;AS170-AS1-20180127171833
2018-01-27 17:19:05.599;SQ;AS170-AS1-20180127171905
2018-01-27 17:19:31.617;RC;AS170-AS1-20180127171833
2018-01-27 17:19:32.368;SS;AS170-AS1-20180127171833
2018-01-27 17:20:00.122;RO;AS170-AS1-20180127171905
2018-01-27 17:20:01.407;SP;AS170-AS1-20180127171905
2018-01-27 17:20:03.711;SQ;AS170-AS1-20180127172003
2018-01-27 17:20:40.957;RC;AS170-AS1-20180127171905
2018-01-27 17:20:41.704;SS;AS170-AS1-20180127171905
2018-01-27 17:20:49.029;RU;AS170-AS1-20180127171833
2018-01-27 17:20:51.744;VU;AS170-AS1-20180127171833
2018-01-27 17:21:09.947;RO;AS170-AS1-20180127172003
2018-01-27 17:21:11.086;SP;AS170-AS1-20180127172003
2018-01-27 17:21:12.638;SQ;AS170-AS1-20180127172112
2018-01-27 17:21:53.700;RC;AS170-AS1-20180127172003
2018-01-27 17:21:54.467;SS;AS170-AS1-20180127172003
2018-01-27 17:22:06.402;RU;AS170-AS1-20180127171905
2018-01-27 17:22:08.967;VU;AS170-AS1-20180127171905
2018-01-27 17:22:32.550;RO;AS170-AS1-20180127172112
2018-01-27 17:22:33.488;SP;AS170-AS1-20180127172112
2018-01-27 17:22:35.044;SQ;AS170-AS1-20180127172235
2018-01-27 17:23:10.366;RC;AS170-AS1-20180127172112
2018-01-27 17:23:11.143;SS;AS170-AS1-20180127172112
2018-01-27 17:23:20.514;RU;AS170-AS1-20180127172003
2018-01-27 17:23:22.299;VU;AS170-AS1-20180127172003
2018-01-27 17:23:53.107;RO;AS170-AS1-20180127172235
2018-01-27 17:23:53.866;SP;AS170-AS1-20180127172235
2018-01-27 17:23:55.982;SQ;AS170-AS1-20180127172355
2018-01-27 17:24:28.900;RC;AS170-AS1-20180127172235
2018-01-27 17:24:29.659;SS;AS170-AS1-20180127172235
2018-01-27 17:24:35.908;RU;AS170-AS1-20180127172112
2018-01-27 17:24:37.675;VU;AS170-AS1-20180127172112
2018-01-27 17:25:15.367;RO;AS170-AS1-20180127172355
2018-01-27 17:25:16.343;SP;AS170-AS1-20180127172355
2018-01-27 17:25:17.894;SQ;AS170-AS1-20180127172517
2018-01-27 17:25:38.881;RU;AS170-AS1-20180127172235
2018-01-27 17:25:40.629;VU;AS170-AS1-20180127172235
2018-01-27 17:25:54.301;RC;AS170-AS1-20180127172355
2018-01-27 17:25:55.056;SS;AS170-AS1-20180127172355
2018-01-27 17:27:10.125;RU;AS170-AS1-20180127172355
2018-01-27 17:27:11.909;VU;AS170-AS1-20180127172355
2018-01-27 17:27:15.794;RO;AS170-AS1-20180127172517
2018-01-27 17:27:16.772;SP;AS170-AS1-20180127172517
2018-01-27 17:27:18.646;SQ;AS170-AS1-20180127172718
2018-01-27 17:27:53.859;RC;AS170-AS1-20180127172517
2018-01-27 17:27:54.661;SS;AS170-AS1-20180127172517
2018-01-27 17:28:31.704;RO;AS170-AS1-20180127172718
2018-01-27 17:28:32.466;SP;AS170-AS1-20180127172718
2018-01-27 17:28:33.974;SQ;AS170-AS1-20180127172833
2018-01-27 17:29:17.762;RU;AS170-AS1-20180127172517
2018-01-27 17:29:18.480;RC;AS170-AS1-20180127172718
2018-01-27 17:29:19.284;SS;AS170-AS1-20180127172718
2018-01-27 17:29:19.574;VU;AS170-AS1-20180127172517
2018-01-27 17:30:01.991;RO;AS170-AS1-20180127172833
2018-01-27 17:30:02.857;SP;AS170-AS1-20180127172833
2018-01-27 17:30:04.448;SQ;AS170-AS1-20180127173004
2018-01-27 17:30:34.489;RU;AS170-AS1-20180127172718
2018-01-27 17:30:36.266;VU;AS170-AS1-20180127172718
2018-01-27 17:30:40.961;RC;AS170-AS1-20180127172833
2018-01-27 17:30:41.730;SS;AS170-AS1-20180127172833
2018-01-27 17:31:21.697;RO;AS170-AS1-20180127173004
2018-01-27 17:31:22.815;SP;AS170-AS1-20180127173004
2018-01-27 17:31:24.338;SQ;AS170-AS1-20180127173124
2018-01-27 17:32:00.317;RU;AS170-AS1-20180127172833
2018-01-27 17:32:02.105;VU;AS170-AS1-20180127172833
2018-01-27 17:32:04.893;RC;AS170-AS1-20180127173004
2018-01-27 17:32:05.688;SS;AS170-AS1-20180127173004
2018-01-27 17:32:43.502;RO;AS170-AS1-20180127173124
2018-01-27 17:32:45.539;SP;AS170-AS1-20180127173124
2018-01-27 17:32:47.351;SQ;AS170-AS1-20180127173247
2018-01-27 17:33:26.440;RC;AS170-AS1-20180127173124
2018-01-27 17:33:27.245;SS;AS170-AS1-20180127173124
2018-01-27 17:33:32.697;RU;AS170-AS1-20180127173004
2018-01-27 17:33:35.552;VU;AS170-AS1-20180127173004
2018-01-27 17:33:56.606;RO;AS170-AS1-20180127173247
2018-01-27 17:33:57.713;SP;AS170-AS1-20180127173247
2018-01-27 17:33:59.235;SQ;AS170-AS1-20180127173359
2018-01-27 17:34:38.130;RC;AS170-AS1-20180127173247
2018-01-27 17:34:38.917;SS;AS170-AS1-20180127173247
2018-01-27 17:34:54.691;RU;AS170-AS1-20180127173124
2018-01-27 17:34:56.451;VU;AS170-AS1-20180127173124
2018-01-27 17:35:18.780;RO;AS170-AS1-20180127173359
2018-01-27 17:35:19.821;SP;AS170-AS1-20180127173359
2018-01-27 17:35:22.723;SQ;AS170-AS1-20180127173522
2018-01-27 17:36:06.729;RU;AS170-AS1-20180127173247
2018-01-27 17:36:08.502;VU;AS170-AS1-20180127173247
2018-01-27 17:36:39.494;RO;AS170-AS1-20180127173522
2018-01-27 17:36:40.543;SP;AS170-AS1-20180127173522
2018-01-27 17:36:41.401;RC;AS170-AS1-20180127173359
2018-01-27 17:36:42.623;SQ;AS170-AS1-20180127173642
2018-01-27 17:36:42.783;SS;AS170-AS1-20180127173359
2018-01-27 17:37:19.330;RC;AS170-AS1-20180127173522
2018-01-27 17:37:20.121;SS;AS170-AS1-20180127173522
2018-01-27 17:38:02.751;RU;AS170-AS1-20180127173359
2018-01-27 17:38:04.490;VU;AS170-AS1-20180127173359
2018-01-27 17:38:11.987;RO;AS170-AS1-20180127173642
2018-01-27 17:38:12.995;SP;AS170-AS1-20180127173642
2018-01-27 17:38:14.545;SQ;AS170-AS1-20180127173814
2018-01-27 17:38:53.498;RC;AS170-AS1-20180127173642
2018-01-27 17:38:54.254;SS;AS170-AS1-20180127173642
2018-01-27 17:39:12.525;RU;AS170-AS1-20180127173522
2018-01-27 17:39:14.509;VU;AS170-AS1-20180127173522
2018-01-27 17:39:31.097;RO;AS170-AS1-20180127173814
2018-01-27 17:39:31.914;SP;AS170-AS1-20180127173814
2018-01-27 17:39:33.422;SQ;AS170-AS1-20180127173933
2018-01-27 17:40:11.547;RC;AS170-AS1-20180127173814
2018-01-27 17:40:12.349;SS;AS170-AS1-20180127173814
2018-01-27 17:40:14.114;RU;AS170-AS1-20180127173642
2018-01-27 17:40:15.897;VU;AS170-AS1-20180127173642
2018-01-27 17:40:47.410;RO;AS170-AS1-20180127173933
2018-01-27 17:40:49.050;SP;AS170-AS1-20180127173933
2018-01-27 17:40:50.856;SQ;AS170-AS1-20180127174050
2018-01-27 17:41:30.781;RC;AS170-AS1-20180127173933
2018-01-27 17:41:31.556;SS;AS170-AS1-20180127173933
2018-01-27 17:41:41.824;RU;AS170-AS1-20180127173814
2018-01-27 17:41:43.584;VU;AS170-AS1-20180127173814
2018-01-27 17:42:08.146;RO;AS170-AS1-20180127174050
2018-01-27 17:42:09.199;SP;AS170-AS1-20180127174050
2018-01-27 17:42:10.725;SQ;AS170-AS1-20180127174210
2018-01-27 17:42:49.303;RC;AS170-AS1-20180127174050
2018-01-27 17:42:50.050;SS;AS170-AS1-20180127174050
2018-01-27 17:43:31.944;RU;AS170-AS1-20180127173933
2018-01-27 17:43:32.321;RO;AS170-AS1-20180127174210
2018-01-27 17:43:33.570;SP;AS170-AS1-20180127174210
2018-01-27 17:43:33.735;VU;AS170-AS1-20180127173933
2018-01-27 17:43:35.105;SQ;AS170-AS1-20180127174335
2018-01-27 17:44:06.642;RU;AS170-AS1-20180127174050
2018-01-27 17:44:08.420;VU;AS170-AS1-20180127174050
2018-01-27 17:44:18.814;RC;AS170-AS1-20180127174210
2018-01-27 17:44:19.548;SS;AS170-AS1-20180127174210
2018-01-27 17:44:55.599;RO;AS170-AS1-20180127174335
2018-01-27 17:44:56.799;SP;AS170-AS1-20180127174335
2018-01-27 17:44:59.416;SQ;AS170-AS1-20180127174459
2018-01-27 17:45:30.554;RU;AS170-AS1-20180127174210
2018-01-27 17:45:32.305;VU;AS170-AS1-20180127174210
2018-01-27 17:45:36.904;RC;AS170-AS1-20180127174335
2018-01-27 17:45:37.666;SS;AS170-AS1-20180127174335
2018-01-27 17:46:11.559;RO;AS170-AS1-20180127174459
2018-01-27 17:46:12.768;SP;AS170-AS1-20180127174459
2018-01-27 17:46:14.707;SQ;AS170-AS1-20180127174614
2018-01-27 17:46:48.754;RC;AS170-AS1-20180127174459
2018-01-27 17:46:49.530;SS;AS170-AS1-20180127174459
2018-01-27 17:46:59.339;RU;AS170-AS1-20180127174335
2018-01-27 17:47:01.116;VU;AS170-AS1-20180127174335
2018-01-27 17:48:11.847;RU;AS170-AS1-20180127174459
2018-01-27 17:48:13.605;VU;AS170-AS1-20180127174459
2018-01-27 17:48:16.966;RO;AS170-AS1-20180127174614
2018-01-27 17:48:18.106;SP;AS170-AS1-20180127174614
2018-01-27 17:48:20.058;SQ;AS170-AS1-20180127174820
2018-01-27 17:49:03.260;RC;AS170-AS1-20180127174614
2018-01-27 17:49:04.068;SS;AS170-AS1-20180127174614
2018-01-27 17:49:45.575;RO;AS170-AS1-20180127174820
2018-01-27 17:49:46.424;SP;AS170-AS1-20180127174820
2018-01-27 17:49:47.894;SQ;AS170-AS1-20180127174947
2018-01-27 17:50:21.891;RC;AS170-AS1-20180127174820
2018-01-27 17:50:22.671;SS;AS170-AS1-20180127174820
2018-01-27 17:50:25.225;RU;AS170-AS1-20180127174614
2018-01-27 17:50:27.945;VU;AS170-AS1-20180127174614
2018-01-27 17:51:09.016;RO;AS170-AS1-20180127174947
2018-01-27 17:51:10.270;SP;AS170-AS1-20180127174947
2018-01-27 17:51:11.812;SQ;AS170-AS1-20180127175111
2018-01-27 17:51:38.979;RU;AS170-AS1-20180127174820
2018-01-27 17:51:40.749;VU;AS170-AS1-20180127174820
2018-01-27 17:51:52.178;RC;AS170-AS1-20180127174947
2018-01-27 17:51:52.927;SS;AS170-AS1-20180127174947
2018-01-27 17:52:33.624;RO;AS170-AS1-20180127175111
2018-01-27 17:52:34.685;SP;AS170-AS1-20180127175111
2018-01-27 17:52:36.204;SQ;AS170-AS1-20180127175236
2018-01-27 17:53:12.014;RC;AS170-AS1-20180127175111
2018-01-27 17:53:12.758;SS;AS170-AS1-20180127175111
2018-01-27 17:53:17.454;RU;AS170-AS1-20180127174947
2018-01-27 17:53:19.358;VU;AS170-AS1-20180127174947
2018-01-27 17:53:49.903;RO;AS170-AS1-20180127175236
2018-01-27 17:53:51.057;SP;AS170-AS1-20180127175236
2018-01-27 17:53:52.647;SQ;AS170-AS1-20180127175352
2018-01-27 17:54:30.139;RC;AS170-AS1-20180127175236
2018-01-27 17:54:30.904;SS;AS170-AS1-20180127175236
2018-01-27 17:54:43.398;RU;AS170-AS1-20180127175111
2018-01-27 17:54:45.202;VU;AS170-AS1-20180127175111
2018-01-27 17:55:10.417;RO;AS170-AS1-20180127175352
2018-01-27 17:55:11.552;SP;AS170-AS1-20180127175352
2018-01-27 17:55:13.128;SQ;AS170-AS1-20180127175513
2018-01-27 17:55:51.297;RU;AS170-AS1-20180127175236
2018-01-27 17:55:53.119;RC;AS170-AS1-20180127175352
2018-01-27 17:55:53.206;VU;AS170-AS1-20180127175236
2018-01-27 17:55:53.912;SS;AS170-AS1-20180127175352
2018-01-27 17:56:36.009;RO;AS170-AS1-20180127175513
2018-01-27 17:56:37.005;SP;AS170-AS1-20180127175513
2018-01-27 17:56:39.669;SQ;AS170-AS1-20180127175639
2018-01-27 17:57:10.761;RU;AS170-AS1-20180127175352
2018-01-27 17:57:12.526;VU;AS170-AS1-20180127175352
2018-01-27 17:57:16.105;RC;AS170-AS1-20180127175513
2018-01-27 17:57:16.846;SS;AS170-AS1-20180127175513
2018-01-27 17:57:52.090;RO;AS170-AS1-20180127175639
2018-01-27 17:57:53.014;SP;AS170-AS1-20180127175639
2018-01-27 17:57:54.596;SQ;AS170-AS1-20180127175754
2018-01-27 17:58:30.444;RC;AS170-AS1-20180127175639
2018-01-27 17:58:31.210;SS;AS170-AS1-20180127175639
2018-01-27 17:58:36.737;RU;AS170-AS1-20180127175513
2018-01-27 17:58:38.514;VU;AS170-AS1-20180127175513
2018-01-27 17:59:07.731;RO;AS170-AS1-20180127175754
2018-01-27 17:59:08.936;SP;AS170-AS1-20180127175754
2018-01-27 17:59:42.879;RC;AS170-AS1-20180127175754
2018-01-27 17:59:43.653;SS;AS170-AS1-20180127175754
2018-01-27 17:59:46.725;RU;AS170-AS1-20180127175639
2018-01-27 17:59:48.463;VU;AS170-AS1-20180127175639
2018-01-27 18:00:39.792;RU;AS170-AS1-20180127175754
2018-01-27 18:00:41.563;VU;AS170-AS1-20180127175754
