2018-01-27 17:18:35.899;SQ;AS173-AS1-20180127171835
2018-01-27 17:19:06.781;RO;AS173-AS1-20180127171835
2018-01-27 17:19:07.737;SP;AS173-AS1-20180127171835
2018-01-27 17:19:09.393;SQ;AS173-AS1-20180127171909
2018-01-27 17:19:34.195;RC;AS173-AS1-20180127171835
2018-01-27 17:19:35.011;SS;AS173-AS1-20180127171835
2018-01-27 17:20:10.563;RO;AS173-AS1-20180127171909
2018-01-27 17:20:11.772;SP;AS173-AS1-20180127171909
2018-01-27 17:20:13.416;SQ;AS173-AS1-20180127172013
2018-01-27 17:20:43.552;RU;AS173-AS1-20180127171835
2018-01-27 17:20:44.667;RC;AS173-AS1-20180127171909
2018-01-27 17:20:45.379;VU;AS173-AS1-20180127171835
2018-01-27 17:20:45.488;SS;AS173-AS1-20180127171909
2018-01-27 17:21:28.218;RO;AS173-AS1-20180127172013
2018-01-27 17:21:29.322;SP;AS173-AS1-20180127172013
2018-01-27 17:21:30.935;SQ;AS173-AS1-20180127172130
2018-01-27 17:22:07.418;RC;AS173-AS1-20180127172013
2018-01-27 17:22:09.103;SS;AS173-AS1-20180127172013
2018-01-27 17:22:17.639;RU;AS173-AS1-20180127171909
2018-01-27 17:22:19.459;VU;AS173-AS1-20180127171909
2018-01-27 17:22:48.191;RO;AS173-AS1-20180127172130
2018-01-27 17:22:49.356;SP;AS173-AS1-20180127172130
2018-01-27 17:22:50.979;SQ;AS173-AS1-20180127172250
2018-01-27 17:23:26.828;RC;AS173-AS1-20180127172130
2018-01-27 17:23:27.632;SS;AS173-AS1-20180127172130
2018-01-27 17:23:36.471;RU;AS173-AS1-20180127172013
2018-01-27 17:23:38.270;VU;AS173-AS1-20180127172013
2018-01-27 17:24:16.044;RO;AS173-AS1-20180127172250
2018-01-27 17:24:16.890;SP;AS173-AS1-20180127172250
2018-01-27 17:24:18.513;SQ;AS173-AS1-20180127172418
2018-01-27 17:24:51.925;RU;AS173-AS1-20180127172130
2018-01-27 17:24:53.293;RC;AS173-AS1-20180127172250
2018-01-27 17:24:53.739;VU;AS173-AS1-20180127172130
2018-01-27 17:24:54.103;SS;AS173-AS1-20180127172250
2018-01-27 17:25:37.321;RO;AS173-AS1-20180127172418
2018-01-27 17:25:38.433;SP;AS173-AS1-20180127172418
2018-01-27 17:25:40.048;SQ;AS173-AS1-20180127172540
2018-01-27 17:26:18.100;RC;AS173-AS1-20180127172418
2018-01-27 17:26:19.371;SS;AS173-AS1-20180127172418
2018-01-27 17:26:23.006;RU;AS173-AS1-20180127172250
2018-01-27 17:26:24.823;VU;AS173-AS1-20180127172250
2018-01-27 17:26:56.889;RO;AS173-AS1-20180127172540
2018-01-27 17:26:57.928;SP;AS173-AS1-20180127172540
2018-01-27 17:26:59.558;SQ;AS173-AS1-20180127172659
2018-01-27 17:27:42.428;RC;AS173-AS1-20180127172540
2018-01-27 17:27:43.222;SS;AS173-AS1-20180127172540
2018-01-27 17:27:48.042;RU;AS173-AS1-20180127172418
2018-01-27 17:27:49.872;VU;AS173-AS1-20180127172418
2018-01-27 17:28:15.348;RO;AS173-AS1-20180127172659
2018-01-27 17:28:16.453;SP;AS173-AS1-20180127172659
2018-01-27 17:28:18.096;SQ;AS173-AS1-20180127172818
2018-01-27 17:29:00.086;RC;AS173-AS1-20180127172659
2018-01-27 17:29:00.907;SS;AS173-AS1-20180127172659
2018-01-27 17:29:18.301;RU;AS173-AS1-20180127172540
2018-01-27 17:29:20.128;VU;AS173-AS1-20180127172540
2018-01-27 17:29:38.409;RO;AS173-AS1-20180127172818
2018-01-27 17:29:40.059;SP;AS173-AS1-20180127172818
2018-01-27 17:29:41.668;SQ;AS173-AS1-20180127172941
2018-01-27 17:30:22.833;RC;AS173-AS1-20180127172818
2018-01-27 17:30:23.095;RU;AS173-AS1-20180127172659
2018-01-27 17:30:25.890;SS;AS173-AS1-20180127172818
2018-01-27 17:30:27.009;VU;AS173-AS1-20180127172659
2018-01-27 17:31:00.102;RO;AS173-AS1-20180127172941
2018-01-27 17:31:01.080;SP;AS173-AS1-20180127172941
2018-01-27 17:31:02.718;SQ;AS173-AS1-20180127173102
2018-01-27 17:31:38.765;RC;AS173-AS1-20180127172941
2018-01-27 17:31:39.576;SS;AS173-AS1-20180127172941
2018-01-27 17:31:54.131;RU;AS173-AS1-20180127172818
2018-01-27 17:31:55.964;VU;AS173-AS1-20180127172818
2018-01-27 17:32:23.963;RO;AS173-AS1-20180127173102
2018-01-27 17:32:25.130;SP;AS173-AS1-20180127173102
2018-01-27 17:32:26.741;SQ;AS173-AS1-20180127173226
2018-01-27 17:33:05.327;RU;AS173-AS1-20180127172941
2018-01-27 17:33:07.148;VU;AS173-AS1-20180127172941
2018-01-27 17:33:10.417;RC;AS173-AS1-20180127173102
2018-01-27 17:33:11.234;SS;AS173-AS1-20180127173102
2018-01-27 17:33:56.699;RO;AS173-AS1-20180127173226
2018-01-27 17:33:57.647;SP;AS173-AS1-20180127173226
2018-01-27 17:33:59.279;SQ;AS173-AS1-20180127173359
2018-01-27 17:34:28.197;RU;AS173-AS1-20180127173102
2018-01-27 17:34:30.005;VU;AS173-AS1-20180127173102
2018-01-27 17:34:43.712;RC;AS173-AS1-20180127173226
2018-01-27 17:34:44.513;SS;AS173-AS1-20180127173226
2018-01-27 17:35:13.484;RO;AS173-AS1-20180127173359
2018-01-27 17:35:14.685;SP;AS173-AS1-20180127173359
2018-01-27 17:35:16.339;SQ;AS173-AS1-20180127173516
2018-01-27 17:36:00.968;RC;AS173-AS1-20180127173359
2018-01-27 17:36:01.854;SS;AS173-AS1-20180127173359
2018-01-27 17:36:29.161;RO;AS173-AS1-20180127173516
2018-01-27 17:36:30.242;SP;AS173-AS1-20180127173516
2018-01-27 17:36:31.869;SQ;AS173-AS1-20180127173631
2018-01-27 17:36:50.403;RU;AS173-AS1-20180127173226
2018-01-27 17:36:52.594;VU;AS173-AS1-20180127173226
2018-01-27 17:37:13.735;RC;AS173-AS1-20180127173516
2018-01-27 17:37:14.536;SS;AS173-AS1-20180127173516
2018-01-27 17:37:19.408;RU;AS173-AS1-20180127173359
2018-01-27 17:37:50.476;RO;AS173-AS1-20180127173631
2018-01-27 17:37:52.122;SP;AS173-AS1-20180127173631
2018-01-27 17:37:56.720;SQ;AS173-AS1-20180127173756
2018-01-27 17:38:36.211;RC;AS173-AS1-20180127173631
2018-01-27 17:38:37.483;SS;AS173-AS1-20180127173631
2018-01-27 17:38:40.988;RU;AS173-AS1-20180127173516
2018-01-27 17:38:44.528;VU;AS173-AS1-20180127173516
2018-01-27 17:39:19.381;RO;AS173-AS1-20180127173756
2018-01-27 17:39:21.249;SP;AS173-AS1-20180127173756
2018-01-27 17:39:23.462;SQ;AS173-AS1-20180127173923
2018-01-27 17:39:54.015;RU;AS173-AS1-20180127173631
2018-01-27 17:39:56.482;VU;AS173-AS1-20180127173631
2018-01-27 17:40:04.657;RC;AS173-AS1-20180127173756
2018-01-27 17:40:05.847;SS;AS173-AS1-20180127173756
2018-01-27 17:40:49.297;RO;AS173-AS1-20180127173923
2018-01-27 17:40:50.392;SP;AS173-AS1-20180127173923
2018-01-27 17:40:52.868;SQ;AS173-AS1-20180127174052
2018-01-27 17:41:30.695;RC;AS173-AS1-20180127173923
2018-01-27 17:41:32.006;SS;AS173-AS1-20180127173923
2018-01-27 17:41:32.203;RU;AS173-AS1-20180127173756
2018-01-27 17:41:34.184;VU;AS173-AS1-20180127173756
2018-01-27 17:42:12.454;RO;AS173-AS1-20180127174052
2018-01-27 17:42:13.700;SP;AS173-AS1-20180127174052
2018-01-27 17:42:16.141;SQ;AS173-AS1-20180127174216
2018-01-27 17:42:53.009;RU;AS173-AS1-20180127173923
2018-01-27 17:42:54.431;RC;AS173-AS1-20180127174052
2018-01-27 17:42:55.135;VU;AS173-AS1-20180127173923
2018-01-27 17:42:55.651;SS;AS173-AS1-20180127174052
2018-01-27 17:43:36.414;RO;AS173-AS1-20180127174216
2018-01-27 17:43:38.965;SP;AS173-AS1-20180127174216
2018-01-27 17:43:42.137;SQ;AS173-AS1-20180127174342
2018-01-27 17:44:07.209;RU;AS173-AS1-20180127174052
2018-01-27 17:44:09.194;VU;AS173-AS1-20180127174052
2018-01-27 17:44:19.287;RC;AS173-AS1-20180127174216
2018-01-27 17:44:20.168;SS;AS173-AS1-20180127174216
2018-01-27 17:44:40.214;RO;AS173-AS1-20180127174342
2018-01-27 17:44:42.824;SP;AS173-AS1-20180127174342
2018-01-27 17:44:45.346;SQ;AS173-AS1-20180127174445
2018-01-27 17:45:24.896;RC;AS173-AS1-20180127174342
2018-01-27 17:45:26.472;SS;AS173-AS1-20180127174342
2018-01-27 17:45:43.868;RU;AS173-AS1-20180127174216
2018-01-27 17:45:47.094;VU;AS173-AS1-20180127174216
2018-01-27 17:46:00.446;RO;AS173-AS1-20180127174445
2018-01-27 17:46:01.300;SP;AS173-AS1-20180127174445
2018-01-27 17:46:03.835;SQ;AS173-AS1-20180127174603
2018-01-27 17:46:46.913;RC;AS173-AS1-20180127174445
2018-01-27 17:46:48.754;RU;AS173-AS1-20180127174342
2018-01-27 17:46:49.157;SS;AS173-AS1-20180127174445
2018-01-27 17:46:51.552;VU;AS173-AS1-20180127174342
2018-01-27 17:47:25.342;RO;AS173-AS1-20180127174603
2018-01-27 17:47:26.648;SP;AS173-AS1-20180127174603
2018-01-27 17:47:29.036;SQ;AS173-AS1-20180127174729
2018-01-27 17:48:05.192;RU;AS173-AS1-20180127174445
2018-01-27 17:48:06.020;RC;AS173-AS1-20180127174603
2018-01-27 17:48:08.103;SS;AS173-AS1-20180127174603
2018-01-27 17:48:08.890;VU;AS173-AS1-20180127174445
2018-01-27 17:48:51.925;RO;AS173-AS1-20180127174729
2018-01-27 17:48:54.211;SP;AS173-AS1-20180127174729
2018-01-27 17:48:56.414;SQ;AS173-AS1-20180127174856
2018-01-27 17:49:29.761;RU;AS173-AS1-20180127174603
2018-01-27 17:49:31.626;VU;AS173-AS1-20180127174603
2018-01-27 17:49:31.805;RC;AS173-AS1-20180127174729
2018-01-27 17:49:32.818;SS;AS173-AS1-20180127174729
2018-01-27 17:50:09.360;RO;AS173-AS1-20180127174856
2018-01-27 17:50:12.163;SP;AS173-AS1-20180127174856
2018-01-27 17:50:14.990;SQ;AS173-AS1-20180127175014
2018-01-27 17:50:55.990;RC;AS173-AS1-20180127174856
2018-01-27 17:50:56.628;RU;AS173-AS1-20180127174729
2018-01-27 17:50:59.055;SS;AS173-AS1-20180127174856
2018-01-27 17:51:00.760;VU;AS173-AS1-20180127174729
2018-01-27 17:51:37.111;RO;AS173-AS1-20180127175014
2018-01-27 17:51:38.586;SP;AS173-AS1-20180127175014
2018-01-27 17:51:40.945;SQ;AS173-AS1-20180127175140
2018-01-27 17:52:09.881;RU;AS173-AS1-20180127174856
2018-01-27 17:52:12.340;VU;AS173-AS1-20180127174856
2018-01-27 17:52:24.919;RC;AS173-AS1-20180127175014
2018-01-27 17:52:25.905;SS;AS173-AS1-20180127175014
2018-01-27 17:53:12.093;RO;AS173-AS1-20180127175140
2018-01-27 17:53:13.770;SP;AS173-AS1-20180127175140
2018-01-27 17:53:16.738;SQ;AS173-AS1-20180127175316
2018-01-27 17:53:44.966;RU;AS173-AS1-20180127175014
2018-01-27 17:53:46.771;VU;AS173-AS1-20180127175014
2018-01-27 17:53:54.849;RC;AS173-AS1-20180127175140
2018-01-27 17:53:56.266;SS;AS173-AS1-20180127175140
2018-01-27 17:54:28.780;RO;AS173-AS1-20180127175316
2018-01-27 17:54:29.855;SP;AS173-AS1-20180127175316
2018-01-27 17:54:32.353;SQ;AS173-AS1-20180127175432
2018-01-27 17:55:10.389;RC;AS173-AS1-20180127175316
2018-01-27 17:55:11.597;SS;AS173-AS1-20180127175316
2018-01-27 17:55:18.128;RU;AS173-AS1-20180127175140
2018-01-27 17:55:20.191;VU;AS173-AS1-20180127175140
2018-01-27 17:55:45.011;RO;AS173-AS1-20180127175432
2018-01-27 17:55:46.675;SP;AS173-AS1-20180127175432
2018-01-27 17:55:49.185;SQ;AS173-AS1-20180127175549
2018-01-27 17:56:30.260;RC;AS173-AS1-20180127175432
2018-01-27 17:56:31.384;RU;AS173-AS1-20180127175316
2018-01-27 17:56:31.872;SS;AS173-AS1-20180127175432
2018-01-27 17:56:33.752;VU;AS173-AS1-20180127175316
2018-01-27 17:57:07.334;RO;AS173-AS1-20180127175549
2018-01-27 17:57:09.493;SP;AS173-AS1-20180127175549
2018-01-27 17:57:12.576;SQ;AS173-AS1-20180127175712
2018-01-27 17:57:40.395;RU;AS173-AS1-20180127175432
2018-01-27 17:57:43.779;VU;AS173-AS1-20180127175432
2018-01-27 17:57:49.242;RC;AS173-AS1-20180127175549
2018-01-27 17:57:50.585;SS;AS173-AS1-20180127175549
2018-01-27 17:58:28.327;RO;AS173-AS1-20180127175712
2018-01-27 17:58:30.125;SP;AS173-AS1-20180127175712
2018-01-27 17:59:07.416;RC;AS173-AS1-20180127175712
2018-01-27 17:59:08.860;SS;AS173-AS1-20180127175712
2018-01-27 17:59:12.703;RU;AS173-AS1-20180127175549
2018-01-27 17:59:16.151;VU;AS173-AS1-20180127175549
2018-01-27 18:00:13.459;RU;AS173-AS1-20180127175712
2018-01-27 18:00:15.691;VU;AS173-AS1-20180127175712
