2018-01-27 17:18:42.218;SQ;AS174-AS1-20180127171842
2018-01-27 17:19:24.948;RO;AS174-AS1-20180127171842
2018-01-27 17:19:26.103;SP;AS174-AS1-20180127171842
2018-01-27 17:19:27.755;SQ;AS174-AS1-20180127171927
2018-01-27 17:20:07.347;RC;AS174-AS1-20180127171842
2018-01-27 17:20:08.177;SS;AS174-AS1-20180127171842
2018-01-27 17:20:18.056;RO;AS174-AS1-20180127171927
2018-01-27 17:20:19.541;SP;AS174-AS1-20180127171927
2018-01-27 17:20:21.226;SQ;AS174-AS1-20180127172021
2018-01-27 17:21:04.543;RC;AS174-AS1-20180127171927
2018-01-27 17:21:06.055;SS;AS174-AS1-20180127171927
2018-01-27 17:21:29.122;RU;AS174-AS1-20180127171842
2018-01-27 17:21:30.978;VU;AS174-AS1-20180127171842
2018-01-27 17:21:43.000;RO;AS174-AS1-20180127172021
2018-01-27 17:21:44.142;SP;AS174-AS1-20180127172021
2018-01-27 17:21:45.853;SQ;AS174-AS1-20180127172145
2018-01-27 17:22:32.304;RU;AS174-AS1-20180127171927
2018-01-27 17:22:34.124;VU;AS174-AS1-20180127171927
2018-01-27 17:22:59.883;RC;AS174-AS1-20180127172021
2018-01-27 17:23:00.705;SS;AS174-AS1-20180127172021
2018-01-27 17:23:07.453;RO;AS174-AS1-20180127172145
2018-01-27 17:23:08.968;SP;AS174-AS1-20180127172145
2018-01-27 17:23:11.486;SQ;AS174-AS1-20180127172311
2018-01-27 17:23:51.242;RC;AS174-AS1-20180127172145
2018-01-27 17:23:52.066;SS;AS174-AS1-20180127172145
2018-01-27 17:24:22.745;RU;AS174-AS1-20180127172021
2018-01-27 17:24:24.561;VU;AS174-AS1-20180127172021
2018-01-27 17:24:34.630;RO;AS174-AS1-20180127172311
2018-01-27 17:24:35.922;SP;AS174-AS1-20180127172311
2018-01-27 17:24:37.613;SQ;AS174-AS1-20180127172437
2018-01-27 17:25:09.168;RU;AS174-AS1-20180127172145
2018-01-27 17:25:11.008;VU;AS174-AS1-20180127172145
2018-01-27 17:25:17.135;RC;AS174-AS1-20180127172311
2018-01-27 17:25:17.958;SS;AS174-AS1-20180127172311
2018-01-27 17:25:54.837;RO;AS174-AS1-20180127172437
2018-01-27 17:25:56.047;SP;AS174-AS1-20180127172437
2018-01-27 17:25:57.750;SQ;AS174-AS1-20180127172557
2018-01-27 17:26:29.642;RC;AS174-AS1-20180127172437
2018-01-27 17:26:30.474;SS;AS174-AS1-20180127172437
2018-01-27 17:26:48.427;RU;AS174-AS1-20180127172311
2018-01-27 17:26:50.429;VU;AS174-AS1-20180127172311
2018-01-27 17:27:59.555;RU;AS174-AS1-20180127172437
2018-01-27 17:28:01.389;VU;AS174-AS1-20180127172437
2018-01-27 17:28:02.056;RO;AS174-AS1-20180127172557
2018-01-27 17:28:03.222;SP;AS174-AS1-20180127172557
2018-01-27 17:28:05.499;SQ;AS174-AS1-20180127172805
2018-01-27 17:28:51.055;RC;AS174-AS1-20180127172557
2018-01-27 17:28:52.554;SS;AS174-AS1-20180127172557
2018-01-27 17:29:31.317;RO;AS174-AS1-20180127172805
2018-01-27 17:29:32.430;SP;AS174-AS1-20180127172805
2018-01-27 17:29:34.095;SQ;AS174-AS1-20180127172934
2018-01-27 17:30:00.258;RC;AS174-AS1-20180127172805
2018-01-27 17:30:01.107;SS;AS174-AS1-20180127172805
2018-01-27 17:30:10.908;RU;AS174-AS1-20180127172557
2018-01-27 17:30:12.738;VU;AS174-AS1-20180127172557
2018-01-27 17:30:50.919;RO;AS174-AS1-20180127172934
2018-01-27 17:30:52.003;SP;AS174-AS1-20180127172934
2018-01-27 17:30:54.074;SQ;AS174-AS1-20180127173054
2018-01-27 17:31:07.947;RU;AS174-AS1-20180127172805
2018-01-27 17:31:09.784;VU;AS174-AS1-20180127172805
2018-01-27 17:31:37.568;RC;AS174-AS1-20180127172934
2018-01-27 17:31:38.403;SS;AS174-AS1-20180127172934
2018-01-27 17:32:51.743;RO;AS174-AS1-20180127173054
2018-01-27 17:32:53.047;SP;AS174-AS1-20180127173054
2018-01-27 17:32:54.010;RU;AS174-AS1-20180127172934
2018-01-27 17:32:55.297;SQ;AS174-AS1-20180127173255
2018-01-27 17:32:56.512;VU;AS174-AS1-20180127172934
2018-01-27 17:33:25.633;RC;AS174-AS1-20180127173054
2018-01-27 17:33:26.461;SS;AS174-AS1-20180127173054
2018-01-27 17:34:23.394;RO;AS174-AS1-20180127173255
2018-01-27 17:34:24.234;SP;AS174-AS1-20180127173255
2018-01-27 17:34:25.910;SQ;AS174-AS1-20180127173425
2018-01-27 17:34:44.655;RU;AS174-AS1-20180127173054
2018-01-27 17:34:46.486;VU;AS174-AS1-20180127173054
2018-01-27 17:35:13.294;RC;AS174-AS1-20180127173255
2018-01-27 17:35:14.143;SS;AS174-AS1-20180127173255
2018-01-27 17:35:46.697;RO;AS174-AS1-20180127173425
2018-01-27 17:35:47.816;SP;AS174-AS1-20180127173425
2018-01-27 17:35:49.478;SQ;AS174-AS1-20180127173549
2018-01-27 17:36:29.742;RC;AS174-AS1-20180127173425
2018-01-27 17:36:30.241;RU;AS174-AS1-20180127173255
2018-01-27 17:36:30.825;SS;AS174-AS1-20180127173425
2018-01-27 17:36:32.394;VU;AS174-AS1-20180127173255
2018-01-27 17:37:15.233;RO;AS174-AS1-20180127173549
2018-01-27 17:37:16.394;SP;AS174-AS1-20180127173549
2018-01-27 17:37:18.059;SQ;AS174-AS1-20180127173718
2018-01-27 17:37:49.115;RC;AS174-AS1-20180127173549
2018-01-27 17:37:49.919;SS;AS174-AS1-20180127173549
2018-01-27 17:37:52.255;RU;AS174-AS1-20180127173425
2018-01-27 17:38:36.760;RO;AS174-AS1-20180127173718
2018-01-27 17:38:38.802;SP;AS174-AS1-20180127173718
2018-01-27 17:38:41.471;SQ;AS174-AS1-20180127173841
2018-01-27 17:39:19.423;RU;AS174-AS1-20180127173549
2018-01-27 17:39:21.276;VU;AS174-AS1-20180127173549
2018-01-27 17:39:56.943;RC;AS174-AS1-20180127173718
2018-01-27 17:39:58.445;SS;AS174-AS1-20180127173718
2018-01-27 17:40:07.055;RO;AS174-AS1-20180127173841
2018-01-27 17:40:08.391;SP;AS174-AS1-20180127173841
2018-01-27 17:40:10.719;SQ;AS174-AS1-20180127174010
2018-01-27 17:41:29.549;RU;AS174-AS1-20180127173718
2018-01-27 17:41:31.510;VU;AS174-AS1-20180127173718
2018-01-27 17:41:33.453;RO;AS174-AS1-20180127174010
2018-01-27 17:41:36.713;SP;AS174-AS1-20180127174010
2018-01-27 17:41:39.051;SQ;AS174-AS1-20180127174139
2018-01-27 17:41:49.106;RC;AS174-AS1-20180127173841
2018-01-27 17:41:50.697;SS;AS174-AS1-20180127173841
2018-01-27 17:42:12.508;RC;AS174-AS1-20180127174010
2018-01-27 17:42:13.635;SS;AS174-AS1-20180127174010
2018-01-27 17:43:01.803;RO;AS174-AS1-20180127174139
2018-01-27 17:43:03.330;SP;AS174-AS1-20180127174139
2018-01-27 17:43:05.839;SQ;AS174-AS1-20180127174305
2018-01-27 17:43:09.798;RU;AS174-AS1-20180127173841
2018-01-27 17:43:11.967;VU;AS174-AS1-20180127173841
2018-01-27 17:43:39.735;RU;AS174-AS1-20180127174010
2018-01-27 17:43:41.638;VU;AS174-AS1-20180127174010
2018-01-27 17:43:46.985;RC;AS174-AS1-20180127174139
2018-01-27 17:43:47.819;SS;AS174-AS1-20180127174139
2018-01-27 17:44:18.847;RO;AS174-AS1-20180127174305
2018-01-27 17:44:20.641;SP;AS174-AS1-20180127174305
2018-01-27 17:44:23.011;SQ;AS174-AS1-20180127174423
2018-01-27 17:45:07.465;RU;AS174-AS1-20180127174139
2018-01-27 17:45:09.307;VU;AS174-AS1-20180127174139
2018-01-27 17:45:34.880;RC;AS174-AS1-20180127174305
2018-01-27 17:45:35.723;SS;AS174-AS1-20180127174305
2018-01-27 17:45:43.273;RO;AS174-AS1-20180127174423
2018-01-27 17:45:46.140;SP;AS174-AS1-20180127174423
2018-01-27 17:45:48.645;SQ;AS174-AS1-20180127174548
2018-01-27 17:46:25.624;RC;AS174-AS1-20180127174423
2018-01-27 17:46:26.735;SS;AS174-AS1-20180127174423
2018-01-27 17:47:02.971;RU;AS174-AS1-20180127174305
2018-01-27 17:47:05.835;VU;AS174-AS1-20180127174305
2018-01-27 17:47:19.913;RO;AS174-AS1-20180127174548
2018-01-27 17:47:21.506;SP;AS174-AS1-20180127174548
2018-01-27 17:47:24.006;SQ;AS174-AS1-20180127174724
2018-01-27 17:47:45.038;RU;AS174-AS1-20180127174423
2018-01-27 17:47:46.992;VU;AS174-AS1-20180127174423
2018-01-27 17:48:00.449;RC;AS174-AS1-20180127174548
2018-01-27 17:48:01.515;SS;AS174-AS1-20180127174548
2018-01-27 17:48:46.136;RO;AS174-AS1-20180127174724
2018-01-27 17:48:47.683;SP;AS174-AS1-20180127174724
2018-01-27 17:48:50.083;SQ;AS174-AS1-20180127174850
2018-01-27 17:49:30.430;RU;AS174-AS1-20180127174548
2018-01-27 17:49:31.075;RC;AS174-AS1-20180127174724
2018-01-27 17:49:32.958;SS;AS174-AS1-20180127174724
2018-01-27 17:49:33.047;VU;AS174-AS1-20180127174548
2018-01-27 17:50:02.791;RO;AS174-AS1-20180127174850
2018-01-27 17:50:04.715;SP;AS174-AS1-20180127174850
2018-01-27 17:50:07.204;SQ;AS174-AS1-20180127175007
2018-01-27 17:50:37.176;RC;AS174-AS1-20180127174850
2018-01-27 17:50:38.637;SS;AS174-AS1-20180127174850
2018-01-27 17:50:56.698;RU;AS174-AS1-20180127174724
2018-01-27 17:50:59.724;VU;AS174-AS1-20180127174724
2018-01-27 17:51:24.895;RO;AS174-AS1-20180127175007
2018-01-27 17:51:26.164;SP;AS174-AS1-20180127175007
2018-01-27 17:51:30.228;SQ;AS174-AS1-20180127175130
2018-01-27 17:52:01.807;RC;AS174-AS1-20180127175007
2018-01-27 17:52:03.212;SS;AS174-AS1-20180127175007
2018-01-27 17:52:06.467;RU;AS174-AS1-20180127174850
2018-01-27 17:52:08.311;VU;AS174-AS1-20180127174850
2018-01-27 17:52:52.061;RO;AS174-AS1-20180127175130
2018-01-27 17:52:53.226;SP;AS174-AS1-20180127175130
2018-01-27 17:52:55.741;SQ;AS174-AS1-20180127175255
2018-01-27 17:53:12.187;RU;AS174-AS1-20180127175007
2018-01-27 17:53:14.129;VU;AS174-AS1-20180127175007
2018-01-27 17:53:29.597;RC;AS174-AS1-20180127175130
2018-01-27 17:53:30.821;SS;AS174-AS1-20180127175130
2018-01-27 17:54:46.848;RU;AS174-AS1-20180127175130
2018-01-27 17:54:48.956;VU;AS174-AS1-20180127175130
2018-01-27 17:54:52.496;RO;AS174-AS1-20180127175255
2018-01-27 17:54:53.839;SP;AS174-AS1-20180127175255
2018-01-27 17:54:56.380;SQ;AS174-AS1-20180127175456
2018-01-27 17:55:34.048;RC;AS174-AS1-20180127175255
2018-01-27 17:55:34.871;SS;AS174-AS1-20180127175255
2018-01-27 17:56:09.554;RO;AS174-AS1-20180127175456
2018-01-27 17:56:10.897;SP;AS174-AS1-20180127175456
2018-01-27 17:56:13.356;SQ;AS174-AS1-20180127175613
2018-01-27 17:56:50.481;RC;AS174-AS1-20180127175456
2018-01-27 17:56:51.642;SS;AS174-AS1-20180127175456
2018-01-27 17:56:55.420;RU;AS174-AS1-20180127175255
2018-01-27 17:56:57.540;VU;AS174-AS1-20180127175255
2018-01-27 17:57:24.969;RO;AS174-AS1-20180127175613
2018-01-27 17:57:27.766;SP;AS174-AS1-20180127175613
2018-01-27 17:57:30.291;SQ;AS174-AS1-20180127175730
2018-01-27 17:58:06.741;RC;AS174-AS1-20180127175613
2018-01-27 17:58:07.535;RU;AS174-AS1-20180127175456
2018-01-27 17:58:07.623;SS;AS174-AS1-20180127175613
2018-01-27 17:58:10.265;VU;AS174-AS1-20180127175456
2018-01-27 17:58:42.902;RO;AS174-AS1-20180127175730
2018-01-27 17:58:45.408;SP;AS174-AS1-20180127175730
2018-01-27 17:58:47.719;SQ;AS174-AS1-20180127175847
2018-01-27 17:59:22.417;RC;AS174-AS1-20180127175730
2018-01-27 17:59:23.349;RU;AS174-AS1-20180127175613
2018-01-27 17:59:24.255;SS;AS174-AS1-20180127175730
2018-01-27 17:59:25.947;VU;AS174-AS1-20180127175613
2018-01-27 17:59:51.683;RO;AS174-AS1-20180127175847
2018-01-27 17:59:53.027;SP;AS174-AS1-20180127175847
2018-01-27 17:59:55.560;SQ;AS174-AS1-20180127175955
2018-01-27 18:00:17.928;RC;AS174-AS1-20180127175847
2018-01-27 18:00:20.128;SS;AS174-AS1-20180127175847
2018-01-27 18:00:20.340;RU;AS174-AS1-20180127175730
2018-01-27 18:00:22.184;VU;AS174-AS1-20180127175730
2018-01-27 18:00:42.769;RO;AS174-AS1-20180127175955
2018-01-27 18:00:45.869;SP;AS174-AS1-20180127175955
2018-01-27 18:00:58.659;RC;AS174-AS1-20180127175955
2018-01-27 18:00:58.733;RU;AS174-AS1-20180127175847
2018-01-27 18:01:01.104;SS;AS174-AS1-20180127175955
2018-01-27 18:01:02.105;VU;AS174-AS1-20180127175847
2018-01-27 18:01:09.443;RU;AS174-AS1-20180127175955
2018-01-27 18:01:25.054;VU;AS174-AS1-20180127175955
