2018-01-27 17:18:38.403;SQ;AS188-AS1-20180127171838
2018-01-27 17:19:17.482;RO;AS188-AS1-20180127171838
2018-01-27 17:19:18.807;SP;AS188-AS1-20180127171838
2018-01-27 17:19:20.480;SQ;AS188-AS1-20180127171920
2018-01-27 17:19:48.516;RC;AS188-AS1-20180127171838
2018-01-27 17:19:49.339;SS;AS188-AS1-20180127171838
2018-01-27 17:20:32.940;RO;AS188-AS1-20180127171920
2018-01-27 17:20:34.825;SP;AS188-AS1-20180127171920
2018-01-27 17:20:36.822;SQ;AS188-AS1-20180127172036
2018-01-27 17:21:10.802;RU;AS188-AS1-20180127171838
2018-01-27 17:21:12.630;VU;AS188-AS1-20180127171838
2018-01-27 17:21:18.633;RC;AS188-AS1-20180127171920
2018-01-27 17:21:19.463;SS;AS188-AS1-20180127171920
2018-01-27 17:22:03.745;RO;AS188-AS1-20180127172036
2018-01-27 17:22:04.753;SP;AS188-AS1-20180127172036
2018-01-27 17:22:06.407;SQ;AS188-AS1-20180127172206
2018-01-27 17:22:45.266;RU;AS188-AS1-20180127171920
2018-01-27 17:22:47.088;VU;AS188-AS1-20180127171920
2018-01-27 17:22:53.380;RC;AS188-AS1-20180127172036
2018-01-27 17:22:55.077;SS;AS188-AS1-20180127172036
2018-01-27 17:23:33.881;RO;AS188-AS1-20180127172206
2018-01-27 17:23:34.842;SP;AS188-AS1-20180127172206
2018-01-27 17:23:36.509;SQ;AS188-AS1-20180127172336
2018-01-27 17:24:17.410;RC;AS188-AS1-20180127172206
2018-01-27 17:24:18.250;SS;AS188-AS1-20180127172206
2018-01-27 17:24:23.662;RU;AS188-AS1-20180127172036
2018-01-27 17:24:25.501;VU;AS188-AS1-20180127172036
2018-01-27 17:24:55.595;RO;AS188-AS1-20180127172336
2018-01-27 17:24:57.343;SP;AS188-AS1-20180127172336
2018-01-27 17:25:00.840;SQ;AS188-AS1-20180127172500
2018-01-27 17:25:39.158;RC;AS188-AS1-20180127172336
2018-01-27 17:25:39.979;SS;AS188-AS1-20180127172336
2018-01-27 17:25:56.416;RU;AS188-AS1-20180127172206
2018-01-27 17:25:58.239;VU;AS188-AS1-20180127172206
2018-01-27 17:26:11.745;RO;AS188-AS1-20180127172500
2018-01-27 17:26:12.767;SP;AS188-AS1-20180127172500
2018-01-27 17:26:14.469;SQ;AS188-AS1-20180127172614
2018-01-27 17:26:46.950;RC;AS188-AS1-20180127172500
2018-01-27 17:26:48.555;SS;AS188-AS1-20180127172500
2018-01-27 17:26:55.722;RU;AS188-AS1-20180127172336
2018-01-27 17:27:32.516;RO;AS188-AS1-20180127172614
2018-01-27 17:27:33.855;SP;AS188-AS1-20180127172614
2018-01-27 17:27:37.785;SQ;AS188-AS1-20180127172737
2018-01-27 17:28:03.643;RU;AS188-AS1-20180127172500
2018-01-27 17:28:06.205;VU;AS188-AS1-20180127172500
2018-01-27 17:28:15.226;RC;AS188-AS1-20180127172614
2018-01-27 17:28:16.792;SS;AS188-AS1-20180127172614
2018-01-27 17:28:49.956;RO;AS188-AS1-20180127172737
2018-01-27 17:28:52.237;SP;AS188-AS1-20180127172737
2018-01-27 17:28:55.642;SQ;AS188-AS1-20180127172855
2018-01-27 17:29:31.441;RC;AS188-AS1-20180127172737
2018-01-27 17:29:32.654;SS;AS188-AS1-20180127172737
2018-01-27 17:29:38.929;RU;AS188-AS1-20180127172614
2018-01-27 17:29:42.135;VU;AS188-AS1-20180127172614
2018-01-27 17:30:08.624;RO;AS188-AS1-20180127172855
2018-01-27 17:30:11.027;SP;AS188-AS1-20180127172855
2018-01-27 17:30:13.377;SQ;AS188-AS1-20180127173013
2018-01-27 17:30:50.260;RC;AS188-AS1-20180127172855
2018-01-27 17:30:51.073;SS;AS188-AS1-20180127172855
2018-01-27 17:30:56.109;RU;AS188-AS1-20180127172737
2018-01-27 17:30:58.063;VU;AS188-AS1-20180127172737
2018-01-27 17:31:28.269;RO;AS188-AS1-20180127173013
2018-01-27 17:31:29.917;SP;AS188-AS1-20180127173013
2018-01-27 17:31:32.419;SQ;AS188-AS1-20180127173132
2018-01-27 17:31:57.522;RU;AS188-AS1-20180127172855
2018-01-27 17:32:14.805;RC;AS188-AS1-20180127173013
2018-01-27 17:32:16.811;SS;AS188-AS1-20180127173013
2018-01-27 17:32:52.721;RO;AS188-AS1-20180127173132
2018-01-27 17:32:55.131;SP;AS188-AS1-20180127173132
2018-01-27 17:32:59.335;SQ;AS188-AS1-20180127173259
2018-01-27 17:33:31.360;RU;AS188-AS1-20180127173013
2018-01-27 17:33:36.132;VU;AS188-AS1-20180127173013
2018-01-27 17:33:41.240;RC;AS188-AS1-20180127173132
2018-01-27 17:33:42.979;SS;AS188-AS1-20180127173132
2018-01-27 17:34:03.611;RO;AS188-AS1-20180127173259
2018-01-27 17:34:07.384;SP;AS188-AS1-20180127173259
2018-01-27 17:34:11.145;SQ;AS188-AS1-20180127173411
2018-01-27 17:34:54.349;RC;AS188-AS1-20180127173259
2018-01-27 17:34:56.161;SS;AS188-AS1-20180127173259
2018-01-27 17:35:01.934;RU;AS188-AS1-20180127173132
2018-01-27 17:35:05.221;VU;AS188-AS1-20180127173132
2018-01-27 17:35:30.906;RO;AS188-AS1-20180127173411
2018-01-27 17:35:33.045;SP;AS188-AS1-20180127173411
2018-01-27 17:35:39.344;SQ;AS188-AS1-20180127173539
2018-01-27 17:36:16.476;RC;AS188-AS1-20180127173411
2018-01-27 17:36:17.567;RU;AS188-AS1-20180127173259
2018-01-27 17:36:18.215;SS;AS188-AS1-20180127173411
2018-01-27 17:36:20.860;VU;AS188-AS1-20180127173259
2018-01-27 17:37:03.088;RO;AS188-AS1-20180127173539
2018-01-27 17:37:05.367;SP;AS188-AS1-20180127173539
2018-01-27 17:37:10.965;SQ;AS188-AS1-20180127173710
2018-01-27 17:37:31.071;RU;AS188-AS1-20180127173411
2018-01-27 17:37:33.496;VU;AS188-AS1-20180127173411
2018-01-27 17:37:46.987;RC;AS188-AS1-20180127173539
2018-01-27 17:37:48.867;SS;AS188-AS1-20180127173539
2018-01-27 17:38:28.910;RO;AS188-AS1-20180127173710
2018-01-27 17:38:30.665;SP;AS188-AS1-20180127173710
2018-01-27 17:38:34.593;SQ;AS188-AS1-20180127173834
2018-01-27 17:39:12.489;RU;AS188-AS1-20180127173539
2018-01-27 17:39:13.548;RC;AS188-AS1-20180127173710
2018-01-27 17:39:16.825;SS;AS188-AS1-20180127173710
2018-01-27 17:39:17.239;VU;AS188-AS1-20180127173539
2018-01-27 17:39:54.401;RO;AS188-AS1-20180127173834
2018-01-27 17:39:56.553;SP;AS188-AS1-20180127173834
2018-01-27 17:40:02.808;SQ;AS188-AS1-20180127174002
2018-01-27 17:40:37.483;RU;AS188-AS1-20180127173710
2018-01-27 17:40:40.606;VU;AS188-AS1-20180127173710
2018-01-27 17:40:41.784;RC;AS188-AS1-20180127173834
2018-01-27 17:40:43.433;SS;AS188-AS1-20180127173834
2018-01-27 17:41:14.902;RO;AS188-AS1-20180127174002
2018-01-27 17:41:16.804;SP;AS188-AS1-20180127174002
2018-01-27 17:41:22.817;SQ;AS188-AS1-20180127174122
2018-01-27 17:42:00.370;RU;AS188-AS1-20180127173834
2018-01-27 17:42:00.390;RC;AS188-AS1-20180127174002
2018-01-27 17:42:03.281;SS;AS188-AS1-20180127174002
2018-01-27 17:42:04.086;VU;AS188-AS1-20180127173834
2018-01-27 17:42:32.060;RO;AS188-AS1-20180127174122
2018-01-27 17:42:33.818;SP;AS188-AS1-20180127174122
2018-01-27 17:42:40.235;SQ;AS188-AS1-20180127174240
2018-01-27 17:43:21.773;RC;AS188-AS1-20180127174122
2018-01-27 17:43:25.680;SS;AS188-AS1-20180127174122
2018-01-27 17:43:32.322;RU;AS188-AS1-20180127174002
2018-01-27 17:43:34.883;VU;AS188-AS1-20180127174002
2018-01-27 17:43:54.163;RO;AS188-AS1-20180127174240
2018-01-27 17:43:58.293;SP;AS188-AS1-20180127174240
2018-01-27 17:44:02.110;SQ;AS188-AS1-20180127174402
2018-01-27 17:44:45.152;RC;AS188-AS1-20180127174240
2018-01-27 17:44:46.705;SS;AS188-AS1-20180127174240
2018-01-27 17:44:52.942;RU;AS188-AS1-20180127174122
2018-01-27 17:44:56.107;VU;AS188-AS1-20180127174122
2018-01-27 17:45:14.340;RO;AS188-AS1-20180127174402
2018-01-27 17:45:17.594;SP;AS188-AS1-20180127174402
2018-01-27 17:45:21.559;SQ;AS188-AS1-20180127174521
2018-01-27 17:45:57.181;RC;AS188-AS1-20180127174402
2018-01-27 17:45:59.877;SS;AS188-AS1-20180127174402
2018-01-27 17:46:09.510;RU;AS188-AS1-20180127174240
2018-01-27 17:46:11.501;VU;AS188-AS1-20180127174240
2018-01-27 17:46:29.997;RO;AS188-AS1-20180127174521
2018-01-27 17:46:34.096;SP;AS188-AS1-20180127174521
2018-01-27 17:46:37.221;SQ;AS188-AS1-20180127174637
2018-01-27 17:47:17.572;RU;AS188-AS1-20180127174402
2018-01-27 17:47:18.401;RC;AS188-AS1-20180127174521
2018-01-27 17:47:22.542;SS;AS188-AS1-20180127174521
2018-01-27 17:47:23.401;VU;AS188-AS1-20180127174402
2018-01-27 17:47:57.616;RO;AS188-AS1-20180127174637
2018-01-27 17:47:59.993;SP;AS188-AS1-20180127174637
2018-01-27 17:48:02.712;SQ;AS188-AS1-20180127174802
2018-01-27 17:48:43.017;RC;AS188-AS1-20180127174637
2018-01-27 17:48:44.951;SS;AS188-AS1-20180127174637
2018-01-27 17:48:47.752;RU;AS188-AS1-20180127174521
2018-01-27 17:48:50.161;VU;AS188-AS1-20180127174521
2018-01-27 17:49:18.240;RO;AS188-AS1-20180127174802
2018-01-27 17:49:19.413;SP;AS188-AS1-20180127174802
2018-01-27 17:49:24.255;SQ;AS188-AS1-20180127174924
2018-01-27 17:49:54.015;RC;AS188-AS1-20180127174802
2018-01-27 17:49:57.015;SS;AS188-AS1-20180127174802
2018-01-27 17:50:41.903;RO;AS188-AS1-20180127174924
2018-01-27 17:50:44.407;SP;AS188-AS1-20180127174924
2018-01-27 17:50:47.809;SQ;AS188-AS1-20180127175047
2018-01-27 17:50:50.418;RU;AS188-AS1-20180127174637
2018-01-27 17:50:53.025;VU;AS188-AS1-20180127174637
2018-01-27 17:51:21.880;RU;AS188-AS1-20180127174802
2018-01-27 17:51:27.461;RC;AS188-AS1-20180127174924
2018-01-27 17:51:29.564;SS;AS188-AS1-20180127174924
2018-01-27 17:52:09.883;RO;AS188-AS1-20180127175047
2018-01-27 17:52:11.260;SP;AS188-AS1-20180127175047
2018-01-27 17:52:17.829;SQ;AS188-AS1-20180127175217
2018-01-27 17:52:45.833;RU;AS188-AS1-20180127174924
2018-01-27 17:52:50.052;VU;AS188-AS1-20180127174924
2018-01-27 17:52:54.490;RC;AS188-AS1-20180127175047
2018-01-27 17:52:56.261;SS;AS188-AS1-20180127175047
2018-01-27 17:54:03.835;RO;AS188-AS1-20180127175217
2018-01-27 17:54:07.080;SP;AS188-AS1-20180127175217
2018-01-27 17:54:11.385;SQ;AS188-AS1-20180127175411
2018-01-27 17:54:13.066;RU;AS188-AS1-20180127175047
2018-01-27 17:54:16.700;VU;AS188-AS1-20180127175047
2018-01-27 17:54:43.390;RC;AS188-AS1-20180127175217
2018-01-27 17:54:45.435;SS;AS188-AS1-20180127175217
2018-01-27 17:55:20.000;RO;AS188-AS1-20180127175411
2018-01-27 17:55:24.474;SP;AS188-AS1-20180127175411
2018-01-27 17:55:28.682;SQ;AS188-AS1-20180127175528
2018-01-27 17:55:58.048;RC;AS188-AS1-20180127175411
2018-01-27 17:55:59.210;SS;AS188-AS1-20180127175411
2018-01-27 17:56:15.018;RU;AS188-AS1-20180127175217
2018-01-27 17:56:19.029;VU;AS188-AS1-20180127175217
2018-01-27 17:56:37.311;RO;AS188-AS1-20180127175528
2018-01-27 17:56:42.404;SP;AS188-AS1-20180127175528
2018-01-27 17:56:45.877;SQ;AS188-AS1-20180127175645
2018-01-27 17:57:18.340;RC;AS188-AS1-20180127175528
2018-01-27 17:57:20.113;SS;AS188-AS1-20180127175528
2018-01-27 17:57:20.957;RU;AS188-AS1-20180127175411
2018-01-27 17:57:25.093;VU;AS188-AS1-20180127175411
2018-01-27 17:57:56.466;RO;AS188-AS1-20180127175645
2018-01-27 17:57:59.727;SP;AS188-AS1-20180127175645
2018-01-27 17:58:04.008;SQ;AS188-AS1-20180127175804
2018-01-27 17:58:36.787;RC;AS188-AS1-20180127175645
2018-01-27 17:58:36.818;RU;AS188-AS1-20180127175528
2018-01-27 17:58:40.157;SS;AS188-AS1-20180127175645
2018-01-27 17:58:41.159;VU;AS188-AS1-20180127175528
2018-01-27 17:59:17.652;RO;AS188-AS1-20180127175804
2018-01-27 17:59:19.805;SP;AS188-AS1-20180127175804
2018-01-27 17:59:45.733;RU;AS188-AS1-20180127175645
2018-01-27 17:59:49.479;VU;AS188-AS1-20180127175645
2018-01-27 17:59:51.300;RC;AS188-AS1-20180127175804
2018-01-27 17:59:52.299;SS;AS188-AS1-20180127175804
2018-01-27 18:00:42.233;RU;AS188-AS1-20180127175804
2018-01-27 18:00:49.054;VU;AS188-AS1-20180127175804
