2018-01-27 17:18:41.924;SQ;AS18-AS1-20180127171841
2018-01-27 17:19:58.554;RO;AS18-AS1-20180127171841
2018-01-27 17:19:59.883;SP;AS18-AS1-20180127171841
2018-01-27 17:20:02.781;SQ;AS18-AS1-20180127172002
2018-01-27 17:20:40.820;RC;AS18-AS1-20180127171841
2018-01-27 17:20:41.708;SS;AS18-AS1-20180127171841
2018-01-27 17:21:21.949;RO;AS18-AS1-20180127172002
2018-01-27 17:21:23.255;SP;AS18-AS1-20180127172002
2018-01-27 17:21:25.039;SQ;AS18-AS1-20180127172125
2018-01-27 17:22:01.982;RU;AS18-AS1-20180127171841
2018-01-27 17:22:03.847;VU;AS18-AS1-20180127171841
2018-01-27 17:22:44.628;RC;AS18-AS1-20180127172002
2018-01-27 17:22:45.528;SS;AS18-AS1-20180127172002
2018-01-27 17:22:48.930;RO;AS18-AS1-20180127172125
2018-01-27 17:22:49.995;SP;AS18-AS1-20180127172125
2018-01-27 17:22:51.707;SQ;AS18-AS1-20180127172251
2018-01-27 17:24:00.946;RU;AS18-AS1-20180127172002
2018-01-27 17:24:00.956;RC;AS18-AS1-20180127172125
2018-01-27 17:24:02.707;SS;AS18-AS1-20180127172125
2018-01-27 17:24:03.709;VU;AS18-AS1-20180127172002
2018-01-27 17:24:20.205;RO;AS18-AS1-20180127172251
2018-01-27 17:24:21.154;SP;AS18-AS1-20180127172251
2018-01-27 17:24:22.841;SQ;AS18-AS1-20180127172422
2018-01-27 17:25:08.817;RC;AS18-AS1-20180127172251
2018-01-27 17:25:09.694;SS;AS18-AS1-20180127172251
2018-01-27 17:25:28.950;RU;AS18-AS1-20180127172125
2018-01-27 17:25:30.811;VU;AS18-AS1-20180127172125
2018-01-27 17:25:41.190;RO;AS18-AS1-20180127172422
2018-01-27 17:25:42.299;SP;AS18-AS1-20180127172422
2018-01-27 17:25:44.506;SQ;AS18-AS1-20180127172544
2018-01-27 17:26:28.177;RC;AS18-AS1-20180127172422
2018-01-27 17:26:29.018;SS;AS18-AS1-20180127172422
2018-01-27 17:26:36.032;RU;AS18-AS1-20180127172251
2018-01-27 17:26:37.918;VU;AS18-AS1-20180127172251
2018-01-27 17:26:56.234;RO;AS18-AS1-20180127172544
2018-01-27 17:26:57.483;SP;AS18-AS1-20180127172544
2018-01-27 17:26:59.242;SQ;AS18-AS1-20180127172659
2018-01-27 17:27:43.577;RC;AS18-AS1-20180127172544
2018-01-27 17:27:44.439;SS;AS18-AS1-20180127172544
2018-01-27 17:27:54.225;RU;AS18-AS1-20180127172422
2018-01-27 17:28:59.078;RO;AS18-AS1-20180127172659
2018-01-27 17:29:00.406;SP;AS18-AS1-20180127172659
2018-01-27 17:29:01.388;RU;AS18-AS1-20180127172544
2018-01-27 17:29:04.471;VU;AS18-AS1-20180127172544
2018-01-27 17:29:04.478;SQ;AS18-AS1-20180127172904
2018-01-27 17:29:38.937;RC;AS18-AS1-20180127172659
2018-01-27 17:29:41.171;SS;AS18-AS1-20180127172659
2018-01-27 17:30:31.440;RO;AS18-AS1-20180127172904
2018-01-27 17:30:32.927;SP;AS18-AS1-20180127172904
2018-01-27 17:30:35.566;SQ;AS18-AS1-20180127173035
2018-01-27 17:31:08.288;RU;AS18-AS1-20180127172659
2018-01-27 17:31:10.434;VU;AS18-AS1-20180127172659
2018-01-27 17:31:12.515;RC;AS18-AS1-20180127172904
2018-01-27 17:31:14.158;SS;AS18-AS1-20180127172904
2018-01-27 17:31:50.645;RO;AS18-AS1-20180127173035
2018-01-27 17:31:51.735;SP;AS18-AS1-20180127173035
2018-01-27 17:31:54.378;SQ;AS18-AS1-20180127173154
2018-01-27 17:32:29.972;RC;AS18-AS1-20180127173035
2018-01-27 17:32:32.013;SS;AS18-AS1-20180127173035
2018-01-27 17:32:39.860;RU;AS18-AS1-20180127172904
2018-01-27 17:32:41.987;VU;AS18-AS1-20180127172904
2018-01-27 17:33:08.731;RO;AS18-AS1-20180127173154
2018-01-27 17:33:10.030;SP;AS18-AS1-20180127173154
2018-01-27 17:33:12.713;SQ;AS18-AS1-20180127173312
2018-01-27 17:33:47.022;RC;AS18-AS1-20180127173154
2018-01-27 17:33:49.787;SS;AS18-AS1-20180127173154
2018-01-27 17:33:57.560;RU;AS18-AS1-20180127173035
2018-01-27 17:34:00.211;VU;AS18-AS1-20180127173035
2018-01-27 17:34:36.461;RO;AS18-AS1-20180127173312
2018-01-27 17:34:38.375;SP;AS18-AS1-20180127173312
2018-01-27 17:34:41.024;SQ;AS18-AS1-20180127173441
2018-01-27 17:35:01.566;RU;AS18-AS1-20180127173154
2018-01-27 17:35:03.622;VU;AS18-AS1-20180127173154
2018-01-27 17:35:27.797;RC;AS18-AS1-20180127173312
2018-01-27 17:35:28.643;SS;AS18-AS1-20180127173312
2018-01-27 17:36:03.877;RO;AS18-AS1-20180127173441
2018-01-27 17:36:06.271;SP;AS18-AS1-20180127173441
2018-01-27 17:36:09.987;SQ;AS18-AS1-20180127173609
2018-01-27 17:36:45.557;RC;AS18-AS1-20180127173441
2018-01-27 17:36:47.304;SS;AS18-AS1-20180127173441
2018-01-27 17:36:51.474;RU;AS18-AS1-20180127173312
2018-01-27 17:36:55.697;VU;AS18-AS1-20180127173312
2018-01-27 17:37:31.704;RO;AS18-AS1-20180127173609
2018-01-27 17:37:33.387;SP;AS18-AS1-20180127173609
2018-01-27 17:37:35.915;SQ;AS18-AS1-20180127173735
2018-01-27 17:38:15.553;RC;AS18-AS1-20180127173609
2018-01-27 17:38:16.647;SS;AS18-AS1-20180127173609
2018-01-27 17:38:49.744;RU;AS18-AS1-20180127173441
2018-01-27 17:38:52.470;VU;AS18-AS1-20180127173441
2018-01-27 17:39:01.716;RO;AS18-AS1-20180127173735
2018-01-27 17:39:03.191;SP;AS18-AS1-20180127173735
2018-01-27 17:39:05.728;SQ;AS18-AS1-20180127173905
2018-01-27 17:39:39.479;RC;AS18-AS1-20180127173735
2018-01-27 17:39:40.993;SS;AS18-AS1-20180127173735
2018-01-27 17:39:43.225;RU;AS18-AS1-20180127173609
2018-01-27 17:39:46.983;VU;AS18-AS1-20180127173609
2018-01-27 17:41:01.775;RO;AS18-AS1-20180127173905
2018-01-27 17:41:04.038;SP;AS18-AS1-20180127173905
2018-01-27 17:41:07.831;SQ;AS18-AS1-20180127174107
2018-01-27 17:41:13.369;RU;AS18-AS1-20180127173735
2018-01-27 17:41:15.608;VU;AS18-AS1-20180127173735
2018-01-27 17:41:46.252;RC;AS18-AS1-20180127173905
2018-01-27 17:41:47.703;SS;AS18-AS1-20180127173905
2018-01-27 17:42:29.746;RO;AS18-AS1-20180127174107
2018-01-27 17:42:30.947;SP;AS18-AS1-20180127174107
2018-01-27 17:42:33.451;SQ;AS18-AS1-20180127174233
2018-01-27 17:43:08.677;RC;AS18-AS1-20180127174107
2018-01-27 17:43:09.578;SS;AS18-AS1-20180127174107
2018-01-27 17:43:15.404;RU;AS18-AS1-20180127173905
2018-01-27 17:43:18.065;VU;AS18-AS1-20180127173905
2018-01-27 17:43:51.636;RO;AS18-AS1-20180127174233
2018-01-27 17:43:53.494;SP;AS18-AS1-20180127174233
2018-01-27 17:43:58.169;SQ;AS18-AS1-20180127174358
2018-01-27 17:44:35.058;RU;AS18-AS1-20180127174107
2018-01-27 17:44:36.692;RC;AS18-AS1-20180127174233
2018-01-27 17:44:37.528;VU;AS18-AS1-20180127174107
2018-01-27 17:44:37.700;SS;AS18-AS1-20180127174233
2018-01-27 17:45:11.402;RO;AS18-AS1-20180127174358
2018-01-27 17:45:14.232;SP;AS18-AS1-20180127174358
2018-01-27 17:45:17.575;SQ;AS18-AS1-20180127174517
2018-01-27 17:45:51.930;RC;AS18-AS1-20180127174358
2018-01-27 17:45:53.053;SS;AS18-AS1-20180127174358
2018-01-27 17:45:57.950;RU;AS18-AS1-20180127174233
2018-01-27 17:46:02.323;VU;AS18-AS1-20180127174233
2018-01-27 17:46:27.169;RO;AS18-AS1-20180127174517
2018-01-27 17:46:29.196;SP;AS18-AS1-20180127174517
2018-01-27 17:46:33.697;SQ;AS18-AS1-20180127174633
2018-01-27 17:47:16.524;RC;AS18-AS1-20180127174517
2018-01-27 17:47:18.403;SS;AS18-AS1-20180127174517
2018-01-27 17:47:28.684;RU;AS18-AS1-20180127174358
2018-01-27 17:47:31.121;VU;AS18-AS1-20180127174358
2018-01-27 17:47:51.236;RO;AS18-AS1-20180127174633
2018-01-27 17:47:52.342;SP;AS18-AS1-20180127174633
2018-01-27 17:47:54.930;SQ;AS18-AS1-20180127174754
2018-01-27 17:48:28.073;RC;AS18-AS1-20180127174633
2018-01-27 17:48:29.821;SS;AS18-AS1-20180127174633
2018-01-27 17:48:43.575;RU;AS18-AS1-20180127174517
2018-01-27 17:48:46.023;VU;AS18-AS1-20180127174517
2018-01-27 17:49:06.301;RO;AS18-AS1-20180127174754
2018-01-27 17:49:09.400;SP;AS18-AS1-20180127174754
2018-01-27 17:49:12.324;SQ;AS18-AS1-20180127174912
2018-01-27 17:49:45.582;RU;AS18-AS1-20180127174633
2018-01-27 17:49:46.430;RC;AS18-AS1-20180127174754
2018-01-27 17:49:47.617;VU;AS18-AS1-20180127174633
2018-01-27 17:49:47.973;SS;AS18-AS1-20180127174754
2018-01-27 17:50:34.838;RO;AS18-AS1-20180127174912
2018-01-27 17:50:36.091;SP;AS18-AS1-20180127174912
2018-01-27 17:50:38.766;SQ;AS18-AS1-20180127175038
2018-01-27 17:51:04.719;RU;AS18-AS1-20180127174754
2018-01-27 17:51:07.132;VU;AS18-AS1-20180127174754
2018-01-27 17:51:22.052;RC;AS18-AS1-20180127174912
2018-01-27 17:51:22.935;SS;AS18-AS1-20180127174912
2018-01-27 17:52:01.347;RO;AS18-AS1-20180127175038
2018-01-27 17:52:02.445;SP;AS18-AS1-20180127175038
2018-01-27 17:52:05.112;SQ;AS18-AS1-20180127175205
2018-01-27 17:52:41.207;RC;AS18-AS1-20180127175038
2018-01-27 17:52:41.878;RU;AS18-AS1-20180127174912
2018-01-27 17:52:42.667;SS;AS18-AS1-20180127175038
2018-01-27 17:52:44.613;VU;AS18-AS1-20180127174912
2018-01-27 17:53:16.566;RO;AS18-AS1-20180127175205
2018-01-27 17:53:19.608;SP;AS18-AS1-20180127175205
2018-01-27 17:53:22.092;SQ;AS18-AS1-20180127175322
2018-01-27 17:53:58.642;RC;AS18-AS1-20180127175205
2018-01-27 17:53:59.853;SS;AS18-AS1-20180127175205
2018-01-27 17:54:31.160;RU;AS18-AS1-20180127175038
2018-01-27 17:54:33.032;VU;AS18-AS1-20180127175038
2018-01-27 17:54:34.354;RO;AS18-AS1-20180127175322
2018-01-27 17:54:36.469;SP;AS18-AS1-20180127175322
2018-01-27 17:54:39.121;SQ;AS18-AS1-20180127175439
2018-01-27 17:55:16.133;RC;AS18-AS1-20180127175322
2018-01-27 17:55:17.204;SS;AS18-AS1-20180127175322
2018-01-27 17:55:22.118;RU;AS18-AS1-20180127175205
2018-01-27 17:55:24.953;VU;AS18-AS1-20180127175205
2018-01-27 17:56:01.640;RO;AS18-AS1-20180127175439
2018-01-27 17:56:02.815;SP;AS18-AS1-20180127175439
2018-01-27 17:56:05.394;SQ;AS18-AS1-20180127175605
2018-01-27 17:56:37.511;RU;AS18-AS1-20180127175322
2018-01-27 17:56:40.960;VU;AS18-AS1-20180127175322
2018-01-27 17:56:45.717;RC;AS18-AS1-20180127175439
2018-01-27 17:56:47.190;SS;AS18-AS1-20180127175439
2018-01-27 17:57:16.175;RO;AS18-AS1-20180127175605
2018-01-27 17:57:17.534;SP;AS18-AS1-20180127175605
2018-01-27 17:57:20.135;SQ;AS18-AS1-20180127175720
2018-01-27 17:57:54.322;RC;AS18-AS1-20180127175605
2018-01-27 17:57:56.562;SS;AS18-AS1-20180127175605
2018-01-27 17:58:07.685;RU;AS18-AS1-20180127175439
2018-01-27 17:58:10.187;VU;AS18-AS1-20180127175439
2018-01-27 17:58:27.030;RO;AS18-AS1-20180127175720
2018-01-27 17:58:29.653;SP;AS18-AS1-20180127175720
2018-01-27 17:58:32.163;SQ;AS18-AS1-20180127175832
2018-01-27 17:58:56.342;RC;AS18-AS1-20180127175720
2018-01-27 17:58:57.770;SS;AS18-AS1-20180127175720
2018-01-27 17:58:59.812;RU;AS18-AS1-20180127175605
2018-01-27 17:59:02.682;VU;AS18-AS1-20180127175605
2018-01-27 17:59:31.647;RO;AS18-AS1-20180127175832
2018-01-27 17:59:33.087;SP;AS18-AS1-20180127175832
2018-01-27 17:59:35.715;SQ;AS18-AS1-20180127175935
2018-01-27 18:00:05.485;RC;AS18-AS1-20180127175832
2018-01-27 18:00:06.402;SS;AS18-AS1-20180127175832
2018-01-27 18:00:13.564;RU;AS18-AS1-20180127175720
2018-01-27 18:00:15.983;VU;AS18-AS1-20180127175720
2018-01-27 18:00:31.215;RO;AS18-AS1-20180127175935
2018-01-27 18:00:33.689;SP;AS18-AS1-20180127175935
2018-01-27 18:00:47.419;RC;AS18-AS1-20180127175935
2018-01-27 18:00:48.561;RU;AS18-AS1-20180127175832
2018-01-27 18:00:49.546;SS;AS18-AS1-20180127175935
2018-01-27 18:00:51.060;VU;AS18-AS1-20180127175832
2018-01-27 18:01:08.950;RU;AS18-AS1-20180127175935
2018-01-27 18:01:11.532;VU;AS18-AS1-20180127175935
