2018-01-27 17:18:42.328;SQ;AS185-AS1-20180127171842
2018-01-27 17:20:03.689;RO;AS185-AS1-20180127171842
2018-01-27 17:20:04.726;SP;AS185-AS1-20180127171842
2018-01-27 17:20:06.416;SQ;AS185-AS1-20180127172006
2018-01-27 17:20:41.649;RC;AS185-AS1-20180127171842
2018-01-27 17:20:42.469;SS;AS185-AS1-20180127171842
2018-01-27 17:21:24.158;RO;AS185-AS1-20180127172006
2018-01-27 17:21:25.335;SP;AS185-AS1-20180127172006
2018-01-27 17:21:26.959;SQ;AS185-AS1-20180127172126
2018-01-27 17:22:02.789;RC;AS185-AS1-20180127172006
2018-01-27 17:22:03.598;SS;AS185-AS1-20180127172006
2018-01-27 17:22:39.071;RO;AS185-AS1-20180127172126
2018-01-27 17:22:40.363;SP;AS185-AS1-20180127172126
2018-01-27 17:22:41.992;SQ;AS185-AS1-20180127172241
2018-01-27 17:22:49.503;RU;AS185-AS1-20180127171842
2018-01-27 17:22:51.329;VU;AS185-AS1-20180127171842
2018-01-27 17:23:20.091;RC;AS185-AS1-20180127172126
2018-01-27 17:23:20.891;SS;AS185-AS1-20180127172126
2018-01-27 17:23:28.253;RU;AS185-AS1-20180127172006
2018-01-27 17:23:30.081;VU;AS185-AS1-20180127172006
2018-01-27 17:24:08.711;RO;AS185-AS1-20180127172241
2018-01-27 17:24:09.906;SP;AS185-AS1-20180127172241
2018-01-27 17:24:12.707;SQ;AS185-AS1-20180127172412
2018-01-27 17:24:31.963;RC;AS185-AS1-20180127172241
2018-01-27 17:24:32.767;SS;AS185-AS1-20180127172241
2018-01-27 17:24:36.737;RU;AS185-AS1-20180127172126
2018-01-27 17:24:38.553;VU;AS185-AS1-20180127172126
2018-01-27 17:25:39.563;RO;AS185-AS1-20180127172412
2018-01-27 17:25:40.641;SP;AS185-AS1-20180127172412
2018-01-27 17:25:42.288;SQ;AS185-AS1-20180127172542
2018-01-27 17:25:51.091;RU;AS185-AS1-20180127172241
2018-01-27 17:25:52.896;VU;AS185-AS1-20180127172241
2018-01-27 17:26:28.547;RC;AS185-AS1-20180127172412
2018-01-27 17:26:29.346;SS;AS185-AS1-20180127172412
2018-01-27 17:27:00.079;RO;AS185-AS1-20180127172542
2018-01-27 17:27:01.194;SP;AS185-AS1-20180127172542
2018-01-27 17:27:03.373;SQ;AS185-AS1-20180127172703
2018-01-27 17:27:42.437;RU;AS185-AS1-20180127172412
2018-01-27 17:27:43.719;RC;AS185-AS1-20180127172542
2018-01-27 17:27:44.261;VU;AS185-AS1-20180127172412
2018-01-27 17:27:44.517;SS;AS185-AS1-20180127172542
2018-01-27 17:28:31.807;RO;AS185-AS1-20180127172703
2018-01-27 17:28:32.772;SP;AS185-AS1-20180127172703
2018-01-27 17:28:34.398;SQ;AS185-AS1-20180127172834
2018-01-27 17:29:05.976;RU;AS185-AS1-20180127172542
2018-01-27 17:29:06.808;RC;AS185-AS1-20180127172703
2018-01-27 17:29:07.790;VU;AS185-AS1-20180127172542
2018-01-27 17:29:08.161;SS;AS185-AS1-20180127172703
2018-01-27 17:29:59.575;RO;AS185-AS1-20180127172834
2018-01-27 17:30:00.804;SP;AS185-AS1-20180127172834
2018-01-27 17:30:02.440;SQ;AS185-AS1-20180127173002
2018-01-27 17:30:31.351;RU;AS185-AS1-20180127172703
2018-01-27 17:30:33.165;VU;AS185-AS1-20180127172703
2018-01-27 17:30:42.576;RC;AS185-AS1-20180127172834
2018-01-27 17:30:43.413;SS;AS185-AS1-20180127172834
2018-01-27 17:31:21.111;RO;AS185-AS1-20180127173002
2018-01-27 17:31:22.354;SP;AS185-AS1-20180127173002
2018-01-27 17:31:23.978;SQ;AS185-AS1-20180127173123
2018-01-27 17:32:06.549;RC;AS185-AS1-20180127173002
2018-01-27 17:32:07.372;SS;AS185-AS1-20180127173002
2018-01-27 17:32:13.803;RU;AS185-AS1-20180127172834
2018-01-27 17:32:16.011;VU;AS185-AS1-20180127172834
2018-01-27 17:32:52.268;RO;AS185-AS1-20180127173123
2018-01-27 17:32:53.405;SP;AS185-AS1-20180127173123
2018-01-27 17:32:54.995;SQ;AS185-AS1-20180127173254
2018-01-27 17:33:33.092;RC;AS185-AS1-20180127173123
2018-01-27 17:33:34.694;SS;AS185-AS1-20180127173123
2018-01-27 17:33:36.432;RU;AS185-AS1-20180127173002
2018-01-27 17:33:38.252;VU;AS185-AS1-20180127173002
2018-01-27 17:34:14.639;RO;AS185-AS1-20180127173254
2018-01-27 17:34:15.887;SP;AS185-AS1-20180127173254
2018-01-27 17:34:17.522;SQ;AS185-AS1-20180127173417
2018-01-27 17:34:58.526;RU;AS185-AS1-20180127173123
2018-01-27 17:35:00.352;VU;AS185-AS1-20180127173123
2018-01-27 17:35:01.005;RC;AS185-AS1-20180127173254
2018-01-27 17:35:01.826;SS;AS185-AS1-20180127173254
2018-01-27 17:35:46.847;RO;AS185-AS1-20180127173417
2018-01-27 17:35:47.930;SP;AS185-AS1-20180127173417
2018-01-27 17:35:49.539;SQ;AS185-AS1-20180127173549
2018-01-27 17:36:29.967;RU;AS185-AS1-20180127173254
2018-01-27 17:36:31.797;VU;AS185-AS1-20180127173254
2018-01-27 17:36:34.708;RC;AS185-AS1-20180127173417
2018-01-27 17:36:35.514;SS;AS185-AS1-20180127173417
2018-01-27 17:37:05.333;RO;AS185-AS1-20180127173549
2018-01-27 17:37:06.544;SP;AS185-AS1-20180127173549
2018-01-27 17:37:09.668;SQ;AS185-AS1-20180127173709
2018-01-27 17:37:49.872;RC;AS185-AS1-20180127173549
2018-01-27 17:37:50.706;SS;AS185-AS1-20180127173549
2018-01-27 17:38:06.304;RU;AS185-AS1-20180127173417
2018-01-27 17:38:08.112;VU;AS185-AS1-20180127173417
2018-01-27 17:38:35.087;RO;AS185-AS1-20180127173709
2018-01-27 17:38:36.084;SP;AS185-AS1-20180127173709
2018-01-27 17:38:37.732;SQ;AS185-AS1-20180127173837
2018-01-27 17:39:19.417;RC;AS185-AS1-20180127173709
2018-01-27 17:39:20.221;SS;AS185-AS1-20180127173709
2018-01-27 17:39:53.612;RU;AS185-AS1-20180127173549
2018-01-27 17:39:55.448;VU;AS185-AS1-20180127173549
2018-01-27 17:40:01.292;RO;AS185-AS1-20180127173837
2018-01-27 17:40:02.144;SP;AS185-AS1-20180127173837
2018-01-27 17:40:03.779;SQ;AS185-AS1-20180127174003
2018-01-27 17:40:41.991;RU;AS185-AS1-20180127173709
2018-01-27 17:40:43.799;VU;AS185-AS1-20180127173709
2018-01-27 17:40:44.424;RC;AS185-AS1-20180127173837
2018-01-27 17:40:45.262;SS;AS185-AS1-20180127173837
2018-01-27 17:41:14.031;RO;AS185-AS1-20180127174003
2018-01-27 17:41:15.178;SP;AS185-AS1-20180127174003
2018-01-27 17:41:16.822;SQ;AS185-AS1-20180127174116
2018-01-27 17:42:00.350;RU;AS185-AS1-20180127173837
2018-01-27 17:42:02.153;VU;AS185-AS1-20180127173837
2018-01-27 17:42:23.563;RO;AS185-AS1-20180127174116
2018-01-27 17:42:24.741;SP;AS185-AS1-20180127174116
2018-01-27 17:42:26.363;SQ;AS185-AS1-20180127174226
2018-01-27 17:42:32.653;RC;AS185-AS1-20180127174003
2018-01-27 17:42:33.479;SS;AS185-AS1-20180127174003
2018-01-27 17:42:59.240;RC;AS185-AS1-20180127174116
2018-01-27 17:43:00.036;SS;AS185-AS1-20180127174116
2018-01-27 17:43:52.199;RO;AS185-AS1-20180127174226
2018-01-27 17:43:53.283;SP;AS185-AS1-20180127174226
2018-01-27 17:43:55.012;RU;AS185-AS1-20180127174003
2018-01-27 17:43:57.469;SQ;AS185-AS1-20180127174357
2018-01-27 17:43:58.667;VU;AS185-AS1-20180127174003
2018-01-27 17:44:22.334;RU;AS185-AS1-20180127174116
2018-01-27 17:44:24.139;VU;AS185-AS1-20180127174116
2018-01-27 17:44:34.027;RC;AS185-AS1-20180127174226
2018-01-27 17:44:34.854;SS;AS185-AS1-20180127174226
2018-01-27 17:45:16.483;RO;AS185-AS1-20180127174357
2018-01-27 17:45:17.362;SP;AS185-AS1-20180127174357
2018-01-27 17:45:19.003;SQ;AS185-AS1-20180127174519
2018-01-27 17:45:42.986;RU;AS185-AS1-20180127174226
2018-01-27 17:45:45.666;VU;AS185-AS1-20180127174226
2018-01-27 17:45:55.001;RC;AS185-AS1-20180127174357
2018-01-27 17:45:55.806;SS;AS185-AS1-20180127174357
2018-01-27 17:47:10.544;RO;AS185-AS1-20180127174519
2018-01-27 17:47:11.452;SP;AS185-AS1-20180127174519
2018-01-27 17:47:13.109;SQ;AS185-AS1-20180127174713
2018-01-27 17:47:14.930;RU;AS185-AS1-20180127174357
2018-01-27 17:47:16.755;VU;AS185-AS1-20180127174357
2018-01-27 17:47:56.817;RC;AS185-AS1-20180127174519
2018-01-27 17:47:57.648;SS;AS185-AS1-20180127174519
2018-01-27 17:48:27.239;RO;AS185-AS1-20180127174713
2018-01-27 17:48:28.524;SP;AS185-AS1-20180127174713
2018-01-27 17:48:30.160;SQ;AS185-AS1-20180127174830
2018-01-27 17:49:02.489;RC;AS185-AS1-20180127174713
2018-01-27 17:49:03.328;SS;AS185-AS1-20180127174713
2018-01-27 17:49:20.911;RU;AS185-AS1-20180127174519
2018-01-27 17:49:22.744;VU;AS185-AS1-20180127174519
2018-01-27 17:49:44.834;RO;AS185-AS1-20180127174830
2018-01-27 17:49:46.042;SP;AS185-AS1-20180127174830
2018-01-27 17:49:47.677;SQ;AS185-AS1-20180127174947
2018-01-27 17:50:27.165;RC;AS185-AS1-20180127174830
2018-01-27 17:50:27.957;SS;AS185-AS1-20180127174830
2018-01-27 17:50:29.156;RU;AS185-AS1-20180127174713
2018-01-27 17:50:30.964;VU;AS185-AS1-20180127174713
2018-01-27 17:51:38.418;RU;AS185-AS1-20180127174830
2018-01-27 17:51:39.267;RO;AS185-AS1-20180127174947
2018-01-27 17:51:40.115;SP;AS185-AS1-20180127174947
2018-01-27 17:51:40.224;VU;AS185-AS1-20180127174830
2018-01-27 17:51:41.764;SQ;AS185-AS1-20180127175141
2018-01-27 17:52:24.467;RC;AS185-AS1-20180127174947
2018-01-27 17:52:25.286;SS;AS185-AS1-20180127174947
2018-01-27 17:53:00.309;RO;AS185-AS1-20180127175141
2018-01-27 17:53:02.045;SP;AS185-AS1-20180127175141
2018-01-27 17:53:04.101;SQ;AS185-AS1-20180127175304
2018-01-27 17:53:43.236;RC;AS185-AS1-20180127175141
2018-01-27 17:53:44.037;SS;AS185-AS1-20180127175141
2018-01-27 17:53:44.062;RU;AS185-AS1-20180127174947
2018-01-27 17:53:45.861;VU;AS185-AS1-20180127174947
2018-01-27 17:54:24.852;RO;AS185-AS1-20180127175304
2018-01-27 17:54:26.016;SP;AS185-AS1-20180127175304
2018-01-27 17:54:27.655;SQ;AS185-AS1-20180127175427
2018-01-27 17:54:59.745;RU;AS185-AS1-20180127175141
2018-01-27 17:55:01.553;VU;AS185-AS1-20180127175141
2018-01-27 17:55:06.615;RC;AS185-AS1-20180127175304
2018-01-27 17:55:07.426;SS;AS185-AS1-20180127175304
2018-01-27 17:55:44.275;RO;AS185-AS1-20180127175427
2018-01-27 17:55:45.566;SP;AS185-AS1-20180127175427
2018-01-27 17:55:47.188;SQ;AS185-AS1-20180127175547
2018-01-27 17:56:24.806;RC;AS185-AS1-20180127175427
2018-01-27 17:56:25.623;SS;AS185-AS1-20180127175427
2018-01-27 17:56:31.382;RU;AS185-AS1-20180127175304
2018-01-27 17:56:33.201;VU;AS185-AS1-20180127175304
2018-01-27 17:57:01.514;RO;AS185-AS1-20180127175547
2018-01-27 17:57:02.589;SP;AS185-AS1-20180127175547
2018-01-27 17:57:04.273;SQ;AS185-AS1-20180127175704
2018-01-27 17:57:38.733;RC;AS185-AS1-20180127175547
2018-01-27 17:57:39.692;SS;AS185-AS1-20180127175547
2018-01-27 17:58:20.100;RU;AS185-AS1-20180127175427
2018-01-27 17:58:21.922;VU;AS185-AS1-20180127175427
2018-01-27 17:58:29.390;RO;AS185-AS1-20180127175704
2018-01-27 17:58:30.702;SP;AS185-AS1-20180127175704
2018-01-27 17:58:32.327;SQ;AS185-AS1-20180127175832
2018-01-27 17:58:57.102;RU;AS185-AS1-20180127175547
2018-01-27 17:58:59.765;VU;AS185-AS1-20180127175547
2018-01-27 17:59:04.291;RC;AS185-AS1-20180127175704
2018-01-27 17:59:05.112;SS;AS185-AS1-20180127175704
2018-01-27 17:59:26.496;RO;AS185-AS1-20180127175832
2018-01-27 17:59:27.703;SP;AS185-AS1-20180127175832
2018-01-27 17:59:30.274;SQ;AS185-AS1-20180127175930
2018-01-27 17:59:51.797;RC;AS185-AS1-20180127175832
2018-01-27 17:59:52.634;SS;AS185-AS1-20180127175832
2018-01-27 18:00:06.103;RU;AS185-AS1-20180127175704
2018-01-27 18:00:07.942;VU;AS185-AS1-20180127175704
2018-01-27 18:00:22.899;RO;AS185-AS1-20180127175930
2018-01-27 18:00:24.133;SP;AS185-AS1-20180127175930
2018-01-27 18:00:41.014;RU;AS185-AS1-20180127175832
2018-01-27 18:00:42.658;RC;AS185-AS1-20180127175930
2018-01-27 18:00:42.831;VU;AS185-AS1-20180127175832
2018-01-27 18:00:44.401;SS;AS185-AS1-20180127175930
2018-01-27 18:01:09.038;RU;AS185-AS1-20180127175930
2018-01-27 18:01:10.898;VU;AS185-AS1-20180127175930
