2018-01-27 17:18:39.491;SQ;AS187-AS1-20180127171839
2018-01-27 17:19:39.927;RO;AS187-AS1-20180127171839
2018-01-27 17:19:40.927;SP;AS187-AS1-20180127171839
2018-01-27 17:19:42.613;SQ;AS187-AS1-20180127171942
2018-01-27 17:20:11.295;RC;AS187-AS1-20180127171839
2018-01-27 17:20:12.140;SS;AS187-AS1-20180127171839
2018-01-27 17:20:48.182;RO;AS187-AS1-20180127171942
2018-01-27 17:20:49.953;SP;AS187-AS1-20180127171942
2018-01-27 17:20:53.223;SQ;AS187-AS1-20180127172053
2018-01-27 17:21:34.266;RU;AS187-AS1-20180127171839
2018-01-27 17:21:36.163;VU;AS187-AS1-20180127171839
2018-01-27 17:21:36.655;RC;AS187-AS1-20180127171942
2018-01-27 17:21:37.492;SS;AS187-AS1-20180127171942
2018-01-27 17:22:20.723;RO;AS187-AS1-20180127172053
2018-01-27 17:22:21.715;SP;AS187-AS1-20180127172053
2018-01-27 17:22:25.344;SQ;AS187-AS1-20180127172225
2018-01-27 17:23:00.435;RC;AS187-AS1-20180127172053
2018-01-27 17:23:01.276;SS;AS187-AS1-20180127172053
2018-01-27 17:23:04.164;RU;AS187-AS1-20180127171942
2018-01-27 17:23:06.002;VU;AS187-AS1-20180127171942
2018-01-27 17:24:11.357;RO;AS187-AS1-20180127172225
2018-01-27 17:24:12.405;SP;AS187-AS1-20180127172225
2018-01-27 17:24:14.097;SQ;AS187-AS1-20180127172414
2018-01-27 17:24:23.670;RU;AS187-AS1-20180127172053
2018-01-27 17:24:25.498;VU;AS187-AS1-20180127172053
2018-01-27 17:24:55.605;RC;AS187-AS1-20180127172225
2018-01-27 17:24:56.436;SS;AS187-AS1-20180127172225
2018-01-27 17:26:10.786;RU;AS187-AS1-20180127172225
2018-01-27 17:26:12.647;VU;AS187-AS1-20180127172225
2018-01-27 17:26:15.598;RO;AS187-AS1-20180127172414
2018-01-27 17:26:16.584;SP;AS187-AS1-20180127172414
2018-01-27 17:26:19.805;SQ;AS187-AS1-20180127172619
2018-01-27 17:26:59.456;RC;AS187-AS1-20180127172414
2018-01-27 17:27:00.284;SS;AS187-AS1-20180127172414
2018-01-27 17:27:34.054;RO;AS187-AS1-20180127172619
2018-01-27 17:27:36.158;SP;AS187-AS1-20180127172619
2018-01-27 17:27:37.855;SQ;AS187-AS1-20180127172737
2018-01-27 17:28:18.844;RC;AS187-AS1-20180127172619
2018-01-27 17:28:19.671;SS;AS187-AS1-20180127172619
2018-01-27 17:28:22.816;RU;AS187-AS1-20180127172414
2018-01-27 17:28:24.661;VU;AS187-AS1-20180127172414
2018-01-27 17:28:58.662;RO;AS187-AS1-20180127172737
2018-01-27 17:28:59.785;SP;AS187-AS1-20180127172737
2018-01-27 17:29:01.471;SQ;AS187-AS1-20180127172901
2018-01-27 17:29:34.558;RC;AS187-AS1-20180127172737
2018-01-27 17:29:35.420;SS;AS187-AS1-20180127172737
2018-01-27 17:29:46.973;RU;AS187-AS1-20180127172619
2018-01-27 17:29:48.836;VU;AS187-AS1-20180127172619
2018-01-27 17:30:23.967;RO;AS187-AS1-20180127172901
2018-01-27 17:30:25.207;SP;AS187-AS1-20180127172901
2018-01-27 17:30:26.917;SQ;AS187-AS1-20180127173026
2018-01-27 17:31:00.426;RU;AS187-AS1-20180127172737
2018-01-27 17:31:02.282;VU;AS187-AS1-20180127172737
2018-01-27 17:31:07.496;RC;AS187-AS1-20180127172901
2018-01-27 17:31:08.345;SS;AS187-AS1-20180127172901
2018-01-27 17:31:45.572;RO;AS187-AS1-20180127173026
2018-01-27 17:31:46.829;SP;AS187-AS1-20180127173026
2018-01-27 17:31:48.479;SQ;AS187-AS1-20180127173148
2018-01-27 17:32:30.654;RC;AS187-AS1-20180127173026
2018-01-27 17:32:31.502;SS;AS187-AS1-20180127173026
2018-01-27 17:32:31.839;RU;AS187-AS1-20180127172901
2018-01-27 17:32:33.669;VU;AS187-AS1-20180127172901
2018-01-27 17:33:11.864;RO;AS187-AS1-20180127173148
2018-01-27 17:33:12.920;SP;AS187-AS1-20180127173148
2018-01-27 17:33:14.637;SQ;AS187-AS1-20180127173314
2018-01-27 17:33:46.027;RC;AS187-AS1-20180127173148
2018-01-27 17:33:46.961;SS;AS187-AS1-20180127173148
2018-01-27 17:34:28.207;RU;AS187-AS1-20180127173026
2018-01-27 17:34:30.066;VU;AS187-AS1-20180127173026
2018-01-27 17:34:34.883;RO;AS187-AS1-20180127173314
2018-01-27 17:34:36.078;SP;AS187-AS1-20180127173314
2018-01-27 17:34:37.726;SQ;AS187-AS1-20180127173437
2018-01-27 17:35:06.981;RU;AS187-AS1-20180127173148
2018-01-27 17:35:08.851;VU;AS187-AS1-20180127173148
2018-01-27 17:35:14.081;RC;AS187-AS1-20180127173314
2018-01-27 17:35:14.942;SS;AS187-AS1-20180127173314
2018-01-27 17:36:03.640;RO;AS187-AS1-20180127173437
2018-01-27 17:36:04.681;SP;AS187-AS1-20180127173437
2018-01-27 17:36:07.382;SQ;AS187-AS1-20180127173607
2018-01-27 17:36:19.919;RU;AS187-AS1-20180127173314
2018-01-27 17:36:21.761;VU;AS187-AS1-20180127173314
2018-01-27 17:37:21.661;RO;AS187-AS1-20180127173607
2018-01-27 17:37:23.462;RC;AS187-AS1-20180127173437
2018-01-27 17:37:23.920;SP;AS187-AS1-20180127173607
2018-01-27 17:37:25.393;SS;AS187-AS1-20180127173437
2018-01-27 17:37:26.473;SQ;AS187-AS1-20180127173726
2018-01-27 17:38:06.044;RC;AS187-AS1-20180127173607
2018-01-27 17:38:06.874;SS;AS187-AS1-20180127173607
2018-01-27 17:38:49.662;RU;AS187-AS1-20180127173437
2018-01-27 17:38:49.744;RO;AS187-AS1-20180127173726
2018-01-27 17:38:51.334;SP;AS187-AS1-20180127173726
2018-01-27 17:38:51.856;VU;AS187-AS1-20180127173437
2018-01-27 17:38:53.060;SQ;AS187-AS1-20180127173853
2018-01-27 17:39:28.973;RU;AS187-AS1-20180127173607
2018-01-27 17:39:30.807;VU;AS187-AS1-20180127173607
2018-01-27 17:39:37.923;RC;AS187-AS1-20180127173726
2018-01-27 17:39:38.753;SS;AS187-AS1-20180127173726
2018-01-27 17:40:13.026;RO;AS187-AS1-20180127173853
2018-01-27 17:40:13.997;SP;AS187-AS1-20180127173853
2018-01-27 17:40:15.709;SQ;AS187-AS1-20180127174015
2018-01-27 17:40:57.332;RC;AS187-AS1-20180127173853
2018-01-27 17:40:58.143;SS;AS187-AS1-20180127173853
2018-01-27 17:41:02.798;RU;AS187-AS1-20180127173726
2018-01-27 17:41:05.575;VU;AS187-AS1-20180127173726
2018-01-27 17:41:41.779;RO;AS187-AS1-20180127174015
2018-01-27 17:41:42.615;SP;AS187-AS1-20180127174015
2018-01-27 17:41:44.246;SQ;AS187-AS1-20180127174144
2018-01-27 17:42:12.481;RU;AS187-AS1-20180127173853
2018-01-27 17:42:14.303;VU;AS187-AS1-20180127173853
2018-01-27 17:42:24.416;RC;AS187-AS1-20180127174015
2018-01-27 17:42:25.270;SS;AS187-AS1-20180127174015
2018-01-27 17:43:10.200;RO;AS187-AS1-20180127174144
2018-01-27 17:43:11.167;SP;AS187-AS1-20180127174144
2018-01-27 17:43:12.840;SQ;AS187-AS1-20180127174312
2018-01-27 17:43:57.215;RC;AS187-AS1-20180127174144
2018-01-27 17:43:58.072;SS;AS187-AS1-20180127174144
2018-01-27 17:43:59.068;RU;AS187-AS1-20180127174015
2018-01-27 17:44:00.912;VU;AS187-AS1-20180127174015
2018-01-27 17:44:34.277;RO;AS187-AS1-20180127174312
2018-01-27 17:44:35.287;SP;AS187-AS1-20180127174312
2018-01-27 17:44:36.935;SQ;AS187-AS1-20180127174436
2018-01-27 17:45:12.270;RC;AS187-AS1-20180127174312
2018-01-27 17:45:14.106;SS;AS187-AS1-20180127174312
2018-01-27 17:45:24.797;RU;AS187-AS1-20180127174144
2018-01-27 17:45:26.621;VU;AS187-AS1-20180127174144
2018-01-27 17:45:57.053;RO;AS187-AS1-20180127174436
2018-01-27 17:45:58.962;SP;AS187-AS1-20180127174436
2018-01-27 17:46:01.791;SQ;AS187-AS1-20180127174601
2018-01-27 17:46:28.754;RU;AS187-AS1-20180127174312
2018-01-27 17:46:30.581;VU;AS187-AS1-20180127174312
2018-01-27 17:46:44.155;RC;AS187-AS1-20180127174436
2018-01-27 17:46:45.004;SS;AS187-AS1-20180127174436
2018-01-27 17:47:19.087;RO;AS187-AS1-20180127174601
2018-01-27 17:47:20.226;SP;AS187-AS1-20180127174601
2018-01-27 17:47:21.871;SQ;AS187-AS1-20180127174721
2018-01-27 17:47:50.709;RC;AS187-AS1-20180127174601
2018-01-27 17:47:51.551;SS;AS187-AS1-20180127174601
2018-01-27 17:48:15.836;RU;AS187-AS1-20180127174436
2018-01-27 17:48:17.689;VU;AS187-AS1-20180127174436
2018-01-27 17:48:38.774;RO;AS187-AS1-20180127174721
2018-01-27 17:48:39.793;SP;AS187-AS1-20180127174721
2018-01-27 17:48:41.496;SQ;AS187-AS1-20180127174841
2018-01-27 17:49:05.128;RU;AS187-AS1-20180127174601
2018-01-27 17:49:06.955;VU;AS187-AS1-20180127174601
2018-01-27 17:49:23.145;RC;AS187-AS1-20180127174721
2018-01-27 17:49:24.131;SS;AS187-AS1-20180127174721
2018-01-27 17:50:02.763;RO;AS187-AS1-20180127174841
2018-01-27 17:50:03.958;SP;AS187-AS1-20180127174841
2018-01-27 17:50:05.640;SQ;AS187-AS1-20180127175005
2018-01-27 17:50:41.954;RC;AS187-AS1-20180127174841
2018-01-27 17:50:42.817;SS;AS187-AS1-20180127174841
2018-01-27 17:51:15.524;RU;AS187-AS1-20180127174721
2018-01-27 17:51:17.371;VU;AS187-AS1-20180127174721
2018-01-27 17:51:58.564;RO;AS187-AS1-20180127175005
2018-01-27 17:52:00.494;SP;AS187-AS1-20180127175005
2018-01-27 17:52:03.292;SQ;AS187-AS1-20180127175203
2018-01-27 17:52:06.195;RU;AS187-AS1-20180127174841
2018-01-27 17:52:08.040;VU;AS187-AS1-20180127174841
2018-01-27 17:52:39.009;RC;AS187-AS1-20180127175005
2018-01-27 17:52:39.830;SS;AS187-AS1-20180127175005
2018-01-27 17:53:20.562;RO;AS187-AS1-20180127175203
2018-01-27 17:53:21.727;SP;AS187-AS1-20180127175203
2018-01-27 17:53:23.368;SQ;AS187-AS1-20180127175323
2018-01-27 17:53:55.503;RU;AS187-AS1-20180127175005
2018-01-27 17:53:57.344;VU;AS187-AS1-20180127175005
2018-01-27 17:54:00.253;RC;AS187-AS1-20180127175203
2018-01-27 17:54:01.074;SS;AS187-AS1-20180127175203
2018-01-27 17:54:43.397;RO;AS187-AS1-20180127175323
2018-01-27 17:54:44.286;SP;AS187-AS1-20180127175323
2018-01-27 17:54:45.966;SQ;AS187-AS1-20180127175445
2018-01-27 17:55:10.508;RU;AS187-AS1-20180127175203
2018-01-27 17:55:12.354;VU;AS187-AS1-20180127175203
2018-01-27 17:55:32.914;RC;AS187-AS1-20180127175323
2018-01-27 17:55:33.725;SS;AS187-AS1-20180127175323
2018-01-27 17:56:09.234;RO;AS187-AS1-20180127175445
2018-01-27 17:56:10.375;SP;AS187-AS1-20180127175445
2018-01-27 17:56:12.036;SQ;AS187-AS1-20180127175612
2018-01-27 17:56:46.223;RC;AS187-AS1-20180127175445
2018-01-27 17:56:47.048;SS;AS187-AS1-20180127175445
2018-01-27 17:56:50.391;RU;AS187-AS1-20180127175323
2018-01-27 17:56:52.242;VU;AS187-AS1-20180127175323
2018-01-27 17:57:21.460;RO;AS187-AS1-20180127175612
2018-01-27 17:57:22.447;SP;AS187-AS1-20180127175612
2018-01-27 17:57:24.149;SQ;AS187-AS1-20180127175724
2018-01-27 17:57:55.394;RC;AS187-AS1-20180127175612
2018-01-27 17:57:57.118;SS;AS187-AS1-20180127175612
2018-01-27 17:58:04.976;RU;AS187-AS1-20180127175445
2018-01-27 17:58:06.809;VU;AS187-AS1-20180127175445
2018-01-27 17:58:36.138;RO;AS187-AS1-20180127175724
2018-01-27 17:58:37.088;SP;AS187-AS1-20180127175724
2018-01-27 17:58:38.751;SQ;AS187-AS1-20180127175838
2018-01-27 17:59:09.662;RC;AS187-AS1-20180127175724
2018-01-27 17:59:10.489;SS;AS187-AS1-20180127175724
2018-01-27 17:59:14.535;RU;AS187-AS1-20180127175612
2018-01-27 17:59:16.404;VU;AS187-AS1-20180127175612
2018-01-27 17:59:44.690;RO;AS187-AS1-20180127175838
2018-01-27 17:59:46.460;SP;AS187-AS1-20180127175838
2018-01-27 17:59:48.173;SQ;AS187-AS1-20180127175948
2018-01-27 18:00:13.967;RC;AS187-AS1-20180127175838
2018-01-27 18:00:14.358;RU;AS187-AS1-20180127175724
2018-01-27 18:00:15.207;SS;AS187-AS1-20180127175838
2018-01-27 18:00:17.193;VU;AS187-AS1-20180127175724
2018-01-27 18:00:41.019;RO;AS187-AS1-20180127175948
2018-01-27 18:00:42.441;SP;AS187-AS1-20180127175948
2018-01-27 18:00:57.531;RC;AS187-AS1-20180127175948
2018-01-27 18:00:58.009;RU;AS187-AS1-20180127175838
2018-01-27 18:00:59.685;SS;AS187-AS1-20180127175948
2018-01-27 18:01:00.988;VU;AS187-AS1-20180127175838
2018-01-27 18:01:09.220;RU;AS187-AS1-20180127175948
2018-01-27 18:01:11.071;VU;AS187-AS1-20180127175948
