2018-01-27 17:18:45.882;SQ;AS198-AS1-20180127171845
2018-01-27 17:19:22.255;RO;AS198-AS1-20180127171845
2018-01-27 17:19:23.259;SP;AS198-AS1-20180127171845
2018-01-27 17:19:24.923;SQ;AS198-AS1-20180127171924
2018-01-27 17:19:56.551;RC;AS198-AS1-20180127171845
2018-01-27 17:19:57.374;SS;AS198-AS1-20180127171845
2018-01-27 17:20:40.817;RO;AS198-AS1-20180127171924
2018-01-27 17:20:41.847;SP;AS198-AS1-20180127171924
2018-01-27 17:20:43.493;SQ;AS198-AS1-20180127172043
2018-01-27 17:21:19.691;RU;AS198-AS1-20180127171845
2018-01-27 17:21:22.397;VU;AS198-AS1-20180127171845
2018-01-27 17:21:23.036;RC;AS198-AS1-20180127171924
2018-01-27 17:21:23.881;SS;AS198-AS1-20180127171924
2018-01-27 17:22:02.843;RO;AS198-AS1-20180127172043
2018-01-27 17:22:03.938;SP;AS198-AS1-20180127172043
2018-01-27 17:22:05.607;SQ;AS198-AS1-20180127172205
2018-01-27 17:22:40.215;RU;AS198-AS1-20180127171924
2018-01-27 17:22:42.067;VU;AS198-AS1-20180127171924
2018-01-27 17:22:44.626;RC;AS198-AS1-20180127172043
2018-01-27 17:22:45.478;SS;AS198-AS1-20180127172043
2018-01-27 17:23:33.889;RO;AS198-AS1-20180127172205
2018-01-27 17:23:35.046;SP;AS198-AS1-20180127172205
2018-01-27 17:23:36.686;SQ;AS198-AS1-20180127172336
2018-01-27 17:24:15.747;RC;AS198-AS1-20180127172205
2018-01-27 17:24:15.987;RU;AS198-AS1-20180127172043
2018-01-27 17:24:17.120;SS;AS198-AS1-20180127172205
2018-01-27 17:24:18.426;VU;AS198-AS1-20180127172043
2018-01-27 17:25:09.168;RO;AS198-AS1-20180127172336
2018-01-27 17:25:10.114;SP;AS198-AS1-20180127172336
2018-01-27 17:25:11.876;SQ;AS198-AS1-20180127172511
2018-01-27 17:25:37.152;RU;AS198-AS1-20180127172205
2018-01-27 17:25:38.997;VU;AS198-AS1-20180127172205
2018-01-27 17:25:53.038;RC;AS198-AS1-20180127172336
2018-01-27 17:25:53.880;SS;AS198-AS1-20180127172336
2018-01-27 17:26:34.158;RO;AS198-AS1-20180127172511
2018-01-27 17:26:35.304;SP;AS198-AS1-20180127172511
2018-01-27 17:26:36.984;SQ;AS198-AS1-20180127172636
2018-01-27 17:27:10.976;RU;AS198-AS1-20180127172336
2018-01-27 17:27:12.828;VU;AS198-AS1-20180127172336
2018-01-27 17:27:13.867;RC;AS198-AS1-20180127172511
2018-01-27 17:27:14.716;SS;AS198-AS1-20180127172511
2018-01-27 17:28:33.227;RO;AS198-AS1-20180127172636
2018-01-27 17:28:34.431;SP;AS198-AS1-20180127172636
2018-01-27 17:28:36.868;RU;AS198-AS1-20180127172511
2018-01-27 17:28:36.962;SQ;AS198-AS1-20180127172836
2018-01-27 17:28:39.605;VU;AS198-AS1-20180127172511
2018-01-27 17:29:18.336;RC;AS198-AS1-20180127172636
2018-01-27 17:29:19.178;SS;AS198-AS1-20180127172636
2018-01-27 17:30:02.483;RO;AS198-AS1-20180127172836
2018-01-27 17:30:03.391;SP;AS198-AS1-20180127172836
2018-01-27 17:30:05.075;SQ;AS198-AS1-20180127173005
2018-01-27 17:30:42.479;RU;AS198-AS1-20180127172636
2018-01-27 17:30:43.689;RC;AS198-AS1-20180127172836
2018-01-27 17:30:44.301;VU;AS198-AS1-20180127172636
2018-01-27 17:30:44.533;SS;AS198-AS1-20180127172836
2018-01-27 17:31:28.799;RO;AS198-AS1-20180127173005
2018-01-27 17:31:30.010;SP;AS198-AS1-20180127173005
2018-01-27 17:31:31.666;SQ;AS198-AS1-20180127173131
2018-01-27 17:32:09.063;RC;AS198-AS1-20180127173005
2018-01-27 17:32:09.900;SS;AS198-AS1-20180127173005
2018-01-27 17:32:11.658;RU;AS198-AS1-20180127172836
2018-01-27 17:32:13.484;VU;AS198-AS1-20180127172836
2018-01-27 17:32:52.729;RO;AS198-AS1-20180127173131
2018-01-27 17:32:53.586;SP;AS198-AS1-20180127173131
2018-01-27 17:32:55.249;SQ;AS198-AS1-20180127173255
2018-01-27 17:33:26.643;RC;AS198-AS1-20180127173131
2018-01-27 17:33:27.492;SS;AS198-AS1-20180127173131
2018-01-27 17:33:32.242;RU;AS198-AS1-20180127173005
2018-01-27 17:33:35.097;VU;AS198-AS1-20180127173005
2018-01-27 17:34:13.025;RO;AS198-AS1-20180127173255
2018-01-27 17:34:14.184;SP;AS198-AS1-20180127173255
2018-01-27 17:34:15.883;SQ;AS198-AS1-20180127173415
2018-01-27 17:34:46.871;RU;AS198-AS1-20180127173131
2018-01-27 17:34:48.692;VU;AS198-AS1-20180127173131
2018-01-27 17:35:35.566;RC;AS198-AS1-20180127173255
2018-01-27 17:35:37.303;SS;AS198-AS1-20180127173255
2018-01-27 17:35:38.663;RO;AS198-AS1-20180127173415
2018-01-27 17:35:39.801;SP;AS198-AS1-20180127173415
2018-01-27 17:35:41.443;SQ;AS198-AS1-20180127173541
2018-01-27 17:36:17.112;RC;AS198-AS1-20180127173415
2018-01-27 17:36:17.937;SS;AS198-AS1-20180127173415
2018-01-27 17:37:00.931;RU;AS198-AS1-20180127173255
2018-01-27 17:37:02.765;VU;AS198-AS1-20180127173255
2018-01-27 17:37:13.761;RO;AS198-AS1-20180127173541
2018-01-27 17:37:14.886;SP;AS198-AS1-20180127173541
2018-01-27 17:37:16.562;SQ;AS198-AS1-20180127173716
2018-01-27 17:37:46.520;RU;AS198-AS1-20180127173415
2018-01-27 17:37:48.369;VU;AS198-AS1-20180127173415
2018-01-27 17:37:56.093;RC;AS198-AS1-20180127173541
2018-01-27 17:37:56.932;SS;AS198-AS1-20180127173541
2018-01-27 17:38:36.099;RO;AS198-AS1-20180127173716
2018-01-27 17:38:37.000;SP;AS198-AS1-20180127173716
2018-01-27 17:38:38.704;SQ;AS198-AS1-20180127173838
2018-01-27 17:39:08.373;RU;AS198-AS1-20180127173541
2018-01-27 17:39:10.194;VU;AS198-AS1-20180127173541
2018-01-27 17:39:19.243;RC;AS198-AS1-20180127173716
2018-01-27 17:39:20.063;SS;AS198-AS1-20180127173716
2018-01-27 17:40:01.903;RO;AS198-AS1-20180127173838
2018-01-27 17:40:03.124;SP;AS198-AS1-20180127173838
2018-01-27 17:40:04.785;SQ;AS198-AS1-20180127174004
2018-01-27 17:40:47.221;RU;AS198-AS1-20180127173716
2018-01-27 17:40:47.840;RC;AS198-AS1-20180127173838
2018-01-27 17:40:50.313;SS;AS198-AS1-20180127173838
2018-01-27 17:40:51.111;VU;AS198-AS1-20180127173716
2018-01-27 17:41:30.591;RO;AS198-AS1-20180127174004
2018-01-27 17:41:31.736;SP;AS198-AS1-20180127174004
2018-01-27 17:41:33.396;SQ;AS198-AS1-20180127174133
2018-01-27 17:42:06.371;RC;AS198-AS1-20180127174004
2018-01-27 17:42:07.248;SS;AS198-AS1-20180127174004
2018-01-27 17:42:07.772;RU;AS198-AS1-20180127173838
2018-01-27 17:42:09.625;VU;AS198-AS1-20180127173838
2018-01-27 17:42:51.295;RO;AS198-AS1-20180127174133
2018-01-27 17:42:53.236;SP;AS198-AS1-20180127174133
2018-01-27 17:42:54.955;SQ;AS198-AS1-20180127174254
2018-01-27 17:43:32.338;RC;AS198-AS1-20180127174133
2018-01-27 17:43:33.162;SS;AS198-AS1-20180127174133
2018-01-27 17:43:33.217;RU;AS198-AS1-20180127174004
2018-01-27 17:43:35.066;VU;AS198-AS1-20180127174004
2018-01-27 17:44:10.055;RO;AS198-AS1-20180127174254
2018-01-27 17:44:11.605;SP;AS198-AS1-20180127174254
2018-01-27 17:44:13.254;SQ;AS198-AS1-20180127174413
2018-01-27 17:44:51.781;RC;AS198-AS1-20180127174254
2018-01-27 17:44:52.593;SS;AS198-AS1-20180127174254
2018-01-27 17:45:00.298;RU;AS198-AS1-20180127174133
2018-01-27 17:45:02.118;VU;AS198-AS1-20180127174133
2018-01-27 17:45:34.367;RO;AS198-AS1-20180127174413
2018-01-27 17:45:35.697;SP;AS198-AS1-20180127174413
2018-01-27 17:45:37.389;SQ;AS198-AS1-20180127174537
2018-01-27 17:46:07.771;RU;AS198-AS1-20180127174254
2018-01-27 17:46:09.593;VU;AS198-AS1-20180127174254
2018-01-27 17:46:21.785;RC;AS198-AS1-20180127174413
2018-01-27 17:46:22.611;SS;AS198-AS1-20180127174413
2018-01-27 17:46:55.809;RO;AS198-AS1-20180127174537
2018-01-27 17:46:56.810;SP;AS198-AS1-20180127174537
2018-01-27 17:46:58.477;SQ;AS198-AS1-20180127174658
2018-01-27 17:47:26.007;RU;AS198-AS1-20180127174413
2018-01-27 17:47:27.833;VU;AS198-AS1-20180127174413
2018-01-27 17:47:38.637;RC;AS198-AS1-20180127174537
2018-01-27 17:47:39.482;SS;AS198-AS1-20180127174537
2018-01-27 17:48:14.942;RO;AS198-AS1-20180127174658
2018-01-27 17:48:15.904;SP;AS198-AS1-20180127174658
2018-01-27 17:48:17.594;SQ;AS198-AS1-20180127174817
2018-01-27 17:48:52.796;RC;AS198-AS1-20180127174658
2018-01-27 17:48:53.642;SS;AS198-AS1-20180127174658
2018-01-27 17:49:01.188;RU;AS198-AS1-20180127174537
2018-01-27 17:49:03.029;VU;AS198-AS1-20180127174537
2018-01-27 17:49:30.426;RO;AS198-AS1-20180127174817
2018-01-27 17:49:31.508;SP;AS198-AS1-20180127174817
2018-01-27 17:49:33.167;SQ;AS198-AS1-20180127174933
2018-01-27 17:49:57.583;RU;AS198-AS1-20180127174658
2018-01-27 17:49:59.431;VU;AS198-AS1-20180127174658
2018-01-27 17:50:06.962;RC;AS198-AS1-20180127174817
2018-01-27 17:50:07.811;SS;AS198-AS1-20180127174817
2018-01-27 17:50:53.436;RO;AS198-AS1-20180127174933
2018-01-27 17:50:54.581;SP;AS198-AS1-20180127174933
2018-01-27 17:50:56.780;SQ;AS198-AS1-20180127175056
2018-01-27 17:51:23.373;RU;AS198-AS1-20180127174817
2018-01-27 17:51:25.200;VU;AS198-AS1-20180127174817
2018-01-27 17:51:31.021;RC;AS198-AS1-20180127174933
2018-01-27 17:51:31.881;SS;AS198-AS1-20180127174933
2018-01-27 17:52:06.463;RO;AS198-AS1-20180127175056
2018-01-27 17:52:07.701;SP;AS198-AS1-20180127175056
2018-01-27 17:52:09.391;SQ;AS198-AS1-20180127175209
2018-01-27 17:52:52.602;RC;AS198-AS1-20180127175056
2018-01-27 17:52:53.418;SS;AS198-AS1-20180127175056
2018-01-27 17:52:59.788;RU;AS198-AS1-20180127174933
2018-01-27 17:53:02.511;VU;AS198-AS1-20180127174933
2018-01-27 17:53:26.580;RO;AS198-AS1-20180127175209
2018-01-27 17:53:27.814;SP;AS198-AS1-20180127175209
2018-01-27 17:53:29.485;SQ;AS198-AS1-20180127175329
2018-01-27 17:54:06.366;RU;AS198-AS1-20180127175056
2018-01-27 17:54:12.736;RC;AS198-AS1-20180127175209
2018-01-27 17:54:13.587;SS;AS198-AS1-20180127175209
2018-01-27 17:55:24.184;RO;AS198-AS1-20180127175329
2018-01-27 17:55:25.584;SP;AS198-AS1-20180127175329
2018-01-27 17:55:28.162;SQ;AS198-AS1-20180127175528
2018-01-27 17:55:39.971;RU;AS198-AS1-20180127175209
2018-01-27 17:55:42.066;VU;AS198-AS1-20180127175209
2018-01-27 17:56:05.353;RC;AS198-AS1-20180127175329
2018-01-27 17:56:08.145;SS;AS198-AS1-20180127175329
2018-01-27 17:56:49.284;RO;AS198-AS1-20180127175528
2018-01-27 17:56:50.529;SP;AS198-AS1-20180127175528
2018-01-27 17:56:52.894;SQ;AS198-AS1-20180127175652
2018-01-27 17:57:32.097;RC;AS198-AS1-20180127175528
2018-01-27 17:57:32.407;RU;AS198-AS1-20180127175329
2018-01-27 17:57:34.128;SS;AS198-AS1-20180127175528
2018-01-27 17:57:35.376;VU;AS198-AS1-20180127175329
2018-01-27 17:58:16.940;RO;AS198-AS1-20180127175652
2018-01-27 17:58:18.452;SP;AS198-AS1-20180127175652
2018-01-27 17:58:20.991;SQ;AS198-AS1-20180127175820
2018-01-27 17:58:54.123;RC;AS198-AS1-20180127175652
2018-01-27 17:58:54.123;RU;AS198-AS1-20180127175528
2018-01-27 17:58:56.340;SS;AS198-AS1-20180127175652
2018-01-27 17:58:57.341;VU;AS198-AS1-20180127175528
2018-01-27 17:59:29.775;RO;AS198-AS1-20180127175820
2018-01-27 17:59:31.966;SP;AS198-AS1-20180127175820
2018-01-27 17:59:34.369;SQ;AS198-AS1-20180127175934
2018-01-27 18:00:05.620;RC;AS198-AS1-20180127175820
2018-01-27 18:00:06.797;SS;AS198-AS1-20180127175820
2018-01-27 18:00:22.582;RU;AS198-AS1-20180127175652
2018-01-27 18:00:24.896;VU;AS198-AS1-20180127175652
2018-01-27 18:00:31.004;RO;AS198-AS1-20180127175934
2018-01-27 18:00:33.528;SP;AS198-AS1-20180127175934
2018-01-27 18:00:48.304;RC;AS198-AS1-20180127175934
2018-01-27 18:00:49.147;SS;AS198-AS1-20180127175934
2018-01-27 18:00:49.648;RU;AS198-AS1-20180127175820
2018-01-27 18:00:51.868;VU;AS198-AS1-20180127175820
2018-01-27 18:01:08.992;RU;AS198-AS1-20180127175934
2018-01-27 18:01:10.832;VU;AS198-AS1-20180127175934
