2018-01-27 17:18:45.798;SQ;AS194-AS1-20180127171845
2018-01-27 17:19:16.053;RO;AS194-AS1-20180127171845
2018-01-27 17:19:17.168;SP;AS194-AS1-20180127171845
2018-01-27 17:19:18.805;SQ;AS194-AS1-20180127171918
2018-01-27 17:19:49.385;RC;AS194-AS1-20180127171845
2018-01-27 17:19:50.218;SS;AS194-AS1-20180127171845
2018-01-27 17:20:18.071;RO;AS194-AS1-20180127171918
2018-01-27 17:20:19.458;SP;AS194-AS1-20180127171918
2018-01-27 17:20:21.071;SQ;AS194-AS1-20180127172021
2018-01-27 17:20:57.025;RC;AS194-AS1-20180127171918
2018-01-27 17:20:57.825;SS;AS194-AS1-20180127171918
2018-01-27 17:21:27.952;RO;AS194-AS1-20180127172021
2018-01-27 17:21:28.937;SP;AS194-AS1-20180127172021
2018-01-27 17:21:30.572;SQ;AS194-AS1-20180127172130
2018-01-27 17:21:51.665;RU;AS194-AS1-20180127171845
2018-01-27 17:21:54.299;VU;AS194-AS1-20180127171845
2018-01-27 17:22:09.213;RC;AS194-AS1-20180127172021
2018-01-27 17:22:10.058;SS;AS194-AS1-20180127172021
2018-01-27 17:22:23.784;RU;AS194-AS1-20180127171918
2018-01-27 17:22:25.614;VU;AS194-AS1-20180127171918
2018-01-27 17:22:50.050;RO;AS194-AS1-20180127172130
2018-01-27 17:22:50.958;SP;AS194-AS1-20180127172130
2018-01-27 17:22:52.587;SQ;AS194-AS1-20180127172252
2018-01-27 17:23:33.892;RC;AS194-AS1-20180127172130
2018-01-27 17:23:34.455;RU;AS194-AS1-20180127172021
2018-01-27 17:23:34.913;SS;AS194-AS1-20180127172130
2018-01-27 17:23:36.552;VU;AS194-AS1-20180127172021
2018-01-27 17:24:11.358;RO;AS194-AS1-20180127172252
2018-01-27 17:24:12.497;SP;AS194-AS1-20180127172252
2018-01-27 17:24:14.167;SQ;AS194-AS1-20180127172414
2018-01-27 17:24:46.592;RC;AS194-AS1-20180127172252
2018-01-27 17:24:47.379;SS;AS194-AS1-20180127172252
2018-01-27 17:25:09.315;RU;AS194-AS1-20180127172130
2018-01-27 17:25:11.086;VU;AS194-AS1-20180127172130
2018-01-27 17:26:10.223;RU;AS194-AS1-20180127172252
2018-01-27 17:26:12.064;VU;AS194-AS1-20180127172252
2018-01-27 17:26:35.852;RO;AS194-AS1-20180127172414
2018-01-27 17:26:37.128;SP;AS194-AS1-20180127172414
2018-01-27 17:26:38.774;SQ;AS194-AS1-20180127172638
2018-01-27 17:27:11.041;RC;AS194-AS1-20180127172414
2018-01-27 17:27:11.823;SS;AS194-AS1-20180127172414
2018-01-27 17:28:02.631;RO;AS194-AS1-20180127172638
2018-01-27 17:28:03.683;SP;AS194-AS1-20180127172638
2018-01-27 17:28:06.468;SQ;AS194-AS1-20180127172806
2018-01-27 17:28:32.094;RU;AS194-AS1-20180127172414
2018-01-27 17:28:33.934;VU;AS194-AS1-20180127172414
2018-01-27 17:28:50.221;RC;AS194-AS1-20180127172638
2018-01-27 17:28:51.014;SS;AS194-AS1-20180127172638
2018-01-27 17:29:32.372;RO;AS194-AS1-20180127172806
2018-01-27 17:29:33.387;SP;AS194-AS1-20180127172806
2018-01-27 17:29:34.978;SQ;AS194-AS1-20180127172934
2018-01-27 17:30:12.545;RU;AS194-AS1-20180127172638
2018-01-27 17:30:14.384;VU;AS194-AS1-20180127172638
2018-01-27 17:30:20.597;RC;AS194-AS1-20180127172806
2018-01-27 17:30:21.411;SS;AS194-AS1-20180127172806
2018-01-27 17:30:56.120;RO;AS194-AS1-20180127172934
2018-01-27 17:30:57.342;SP;AS194-AS1-20180127172934
2018-01-27 17:30:58.893;SQ;AS194-AS1-20180127173058
2018-01-27 17:31:38.499;RU;AS194-AS1-20180127172806
2018-01-27 17:31:40.304;VU;AS194-AS1-20180127172806
2018-01-27 17:31:44.037;RC;AS194-AS1-20180127172934
2018-01-27 17:31:44.861;SS;AS194-AS1-20180127172934
2018-01-27 17:32:22.495;RO;AS194-AS1-20180127173058
2018-01-27 17:32:23.791;SP;AS194-AS1-20180127173058
2018-01-27 17:32:25.416;SQ;AS194-AS1-20180127173225
2018-01-27 17:33:05.173;RC;AS194-AS1-20180127173058
2018-01-27 17:33:05.414;RU;AS194-AS1-20180127172934
2018-01-27 17:33:06.504;SS;AS194-AS1-20180127173058
2018-01-27 17:33:07.838;VU;AS194-AS1-20180127172934
2018-01-27 17:33:50.085;RO;AS194-AS1-20180127173225
2018-01-27 17:33:51.282;SP;AS194-AS1-20180127173225
2018-01-27 17:33:52.849;SQ;AS194-AS1-20180127173352
2018-01-27 17:34:28.149;RU;AS194-AS1-20180127173058
2018-01-27 17:34:28.206;RC;AS194-AS1-20180127173225
2018-01-27 17:34:29.790;SS;AS194-AS1-20180127173225
2018-01-27 17:35:13.348;RO;AS194-AS1-20180127173352
2018-01-27 17:35:14.639;SP;AS194-AS1-20180127173352
2018-01-27 17:35:17.187;SQ;AS194-AS1-20180127173517
2018-01-27 17:35:51.698;RU;AS194-AS1-20180127173225
2018-01-27 17:35:54.166;VU;AS194-AS1-20180127173225
2018-01-27 17:35:58.716;RC;AS194-AS1-20180127173352
2018-01-27 17:35:59.850;SS;AS194-AS1-20180127173352
2018-01-27 17:36:29.207;RO;AS194-AS1-20180127173517
2018-01-27 17:36:30.639;SP;AS194-AS1-20180127173517
2018-01-27 17:36:32.945;SQ;AS194-AS1-20180127173632
2018-01-27 17:37:13.603;RC;AS194-AS1-20180127173517
2018-01-27 17:37:14.954;SS;AS194-AS1-20180127173517
2018-01-27 17:37:52.554;RO;AS194-AS1-20180127173632
2018-01-27 17:37:55.301;SP;AS194-AS1-20180127173632
2018-01-27 17:37:56.093;RU;AS194-AS1-20180127173352
2018-01-27 17:37:59.153;SQ;AS194-AS1-20180127173759
2018-01-27 17:37:59.324;VU;AS194-AS1-20180127173352
2018-01-27 17:38:36.655;RC;AS194-AS1-20180127173632
2018-01-27 17:38:38.025;SS;AS194-AS1-20180127173632
2018-01-27 17:38:49.739;RU;AS194-AS1-20180127173517
2018-01-27 17:38:52.004;VU;AS194-AS1-20180127173517
2018-01-27 17:39:14.281;RO;AS194-AS1-20180127173759
2018-01-27 17:39:15.653;SP;AS194-AS1-20180127173759
2018-01-27 17:39:18.153;SQ;AS194-AS1-20180127173918
2018-01-27 17:39:47.295;RU;AS194-AS1-20180127173632
2018-01-27 17:39:57.012;RC;AS194-AS1-20180127173759
2018-01-27 17:39:58.620;SS;AS194-AS1-20180127173759
2018-01-27 17:40:28.115;RO;AS194-AS1-20180127173918
2018-01-27 17:40:30.184;SP;AS194-AS1-20180127173918
2018-01-27 17:40:35.898;SQ;AS194-AS1-20180127174035
2018-01-27 17:41:05.736;RC;AS194-AS1-20180127173918
2018-01-27 17:41:07.159;SS;AS194-AS1-20180127173918
2018-01-27 17:41:23.326;RU;AS194-AS1-20180127173759
2018-01-27 17:41:26.319;VU;AS194-AS1-20180127173759
2018-01-27 17:42:00.810;RO;AS194-AS1-20180127174035
2018-01-27 17:42:03.010;SP;AS194-AS1-20180127174035
2018-01-27 17:42:08.724;SQ;AS194-AS1-20180127174208
2018-01-27 17:42:30.201;RU;AS194-AS1-20180127173918
2018-01-27 17:42:32.869;VU;AS194-AS1-20180127173918
2018-01-27 17:42:41.938;RC;AS194-AS1-20180127174035
2018-01-27 17:42:43.723;SS;AS194-AS1-20180127174035
2018-01-27 17:43:34.480;RO;AS194-AS1-20180127174208
2018-01-27 17:43:36.762;SP;AS194-AS1-20180127174208
2018-01-27 17:43:42.710;SQ;AS194-AS1-20180127174342
2018-01-27 17:44:11.224;RU;AS194-AS1-20180127174035
2018-01-27 17:44:14.676;VU;AS194-AS1-20180127174035
2018-01-27 17:44:23.871;RC;AS194-AS1-20180127174208
2018-01-27 17:44:26.832;SS;AS194-AS1-20180127174208
2018-01-27 17:45:13.729;RO;AS194-AS1-20180127174342
2018-01-27 17:45:17.181;SP;AS194-AS1-20180127174342
2018-01-27 17:45:20.873;SQ;AS194-AS1-20180127174520
2018-01-27 17:45:27.988;RU;AS194-AS1-20180127174208
2018-01-27 17:45:31.996;VU;AS194-AS1-20180127174208
2018-01-27 17:45:53.899;RC;AS194-AS1-20180127174342
2018-01-27 17:45:55.792;SS;AS194-AS1-20180127174342
2018-01-27 17:46:34.938;RO;AS194-AS1-20180127174520
2018-01-27 17:46:36.933;SP;AS194-AS1-20180127174520
2018-01-27 17:46:40.451;SQ;AS194-AS1-20180127174640
2018-01-27 17:47:11.001;RU;AS194-AS1-20180127174342
2018-01-27 17:47:17.684;RC;AS194-AS1-20180127174520
2018-01-27 17:47:22.070;SS;AS194-AS1-20180127174520
2018-01-27 17:48:07.325;RO;AS194-AS1-20180127174640
2018-01-27 17:48:10.345;SP;AS194-AS1-20180127174640
2018-01-27 17:48:15.678;SQ;AS194-AS1-20180127174815
2018-01-27 17:48:37.568;RU;AS194-AS1-20180127174520
2018-01-27 17:48:42.232;VU;AS194-AS1-20180127174520
2018-01-27 17:48:50.430;RC;AS194-AS1-20180127174640
2018-01-27 17:48:54.983;SS;AS194-AS1-20180127174640
2018-01-27 17:49:26.658;RO;AS194-AS1-20180127174815
2018-01-27 17:49:29.846;SP;AS194-AS1-20180127174815
2018-01-27 17:49:34.749;SQ;AS194-AS1-20180127174934
2018-01-27 17:50:07.529;RU;AS194-AS1-20180127174640
2018-01-27 17:50:11.426;RC;AS194-AS1-20180127174815
2018-01-27 17:50:11.520;VU;AS194-AS1-20180127174640
2018-01-27 17:50:15.604;SS;AS194-AS1-20180127174815
2018-01-27 17:50:59.225;RO;AS194-AS1-20180127174934
2018-01-27 17:51:01.852;SP;AS194-AS1-20180127174934
2018-01-27 17:51:07.286;SQ;AS194-AS1-20180127175107
2018-01-27 17:51:42.765;RC;AS194-AS1-20180127174934
2018-01-27 17:51:47.324;SS;AS194-AS1-20180127174934
2018-01-27 17:52:06.196;RU;AS194-AS1-20180127174815
2018-01-27 17:52:09.521;VU;AS194-AS1-20180127174815
2018-01-27 17:52:32.945;RO;AS194-AS1-20180127175107
2018-01-27 17:52:35.217;SP;AS194-AS1-20180127175107
2018-01-27 17:52:40.507;SQ;AS194-AS1-20180127175240
2018-01-27 17:53:12.018;RU;AS194-AS1-20180127174934
2018-01-27 17:53:15.484;VU;AS194-AS1-20180127174934
2018-01-27 17:53:15.916;RC;AS194-AS1-20180127175107
2018-01-27 17:53:20.910;SS;AS194-AS1-20180127175107
2018-01-27 17:54:02.232;RO;AS194-AS1-20180127175240
2018-01-27 17:54:07.064;SP;AS194-AS1-20180127175240
2018-01-27 17:54:12.258;SQ;AS194-AS1-20180127175412
2018-01-27 17:54:43.399;RU;AS194-AS1-20180127175107
2018-01-27 17:54:46.804;VU;AS194-AS1-20180127175107
2018-01-27 17:54:48.676;RC;AS194-AS1-20180127175240
2018-01-27 17:54:52.923;SS;AS194-AS1-20180127175240
2018-01-27 17:55:18.977;RO;AS194-AS1-20180127175412
2018-01-27 17:55:24.193;SP;AS194-AS1-20180127175412
2018-01-27 17:55:29.273;SQ;AS194-AS1-20180127175529
2018-01-27 17:56:04.528;RC;AS194-AS1-20180127175412
2018-01-27 17:56:08.580;SS;AS194-AS1-20180127175412
2018-01-27 17:56:14.720;RU;AS194-AS1-20180127175240
2018-01-27 17:56:18.336;VU;AS194-AS1-20180127175240
2018-01-27 17:56:40.253;RO;AS194-AS1-20180127175529
2018-01-27 17:56:42.883;SP;AS194-AS1-20180127175529
2018-01-27 17:56:48.266;SQ;AS194-AS1-20180127175648
2018-01-27 17:57:21.188;RC;AS194-AS1-20180127175529
2018-01-27 17:57:23.772;SS;AS194-AS1-20180127175529
2018-01-27 17:57:32.408;RU;AS194-AS1-20180127175412
2018-01-27 17:57:35.927;VU;AS194-AS1-20180127175412
2018-01-27 17:58:06.379;RO;AS194-AS1-20180127175648
2018-01-27 17:58:09.158;SP;AS194-AS1-20180127175648
2018-01-27 17:58:15.463;SQ;AS194-AS1-20180127175815
2018-01-27 17:58:44.970;RU;AS194-AS1-20180127175529
2018-01-27 17:58:48.551;VU;AS194-AS1-20180127175529
2018-01-27 17:58:52.857;RC;AS194-AS1-20180127175648
2018-01-27 17:58:55.683;SS;AS194-AS1-20180127175648
2018-01-27 17:59:22.759;RO;AS194-AS1-20180127175815
2018-01-27 17:59:25.481;SP;AS194-AS1-20180127175815
2018-01-27 17:59:32.381;SQ;AS194-AS1-20180127175932
2018-01-27 18:00:00.572;RC;AS194-AS1-20180127175815
2018-01-27 18:00:05.314;SS;AS194-AS1-20180127175815
2018-01-27 18:00:06.040;RU;AS194-AS1-20180127175648
2018-01-27 18:00:09.565;VU;AS194-AS1-20180127175648
2018-01-27 18:00:31.124;RO;AS194-AS1-20180127175932
2018-01-27 18:00:35.288;SP;AS194-AS1-20180127175932
2018-01-27 18:00:49.233;RU;AS194-AS1-20180127175815
2018-01-27 18:00:52.617;VU;AS194-AS1-20180127175815
2018-01-27 18:00:57.136;RC;AS194-AS1-20180127175932
2018-01-27 18:01:01.241;SS;AS194-AS1-20180127175932
2018-01-27 18:01:10.039;RU;AS194-AS1-20180127175932
2018-01-27 18:01:25.252;VU;AS194-AS1-20180127175932
