2018-01-27 17:18:34.845;SQ;AS195-AS1-20180127171834
2018-01-27 17:19:04.895;RO;AS195-AS1-20180127171834
2018-01-27 17:19:06.218;SP;AS195-AS1-20180127171834
2018-01-27 17:19:07.897;SQ;AS195-AS1-20180127171907
2018-01-27 17:19:32.010;RC;AS195-AS1-20180127171834
2018-01-27 17:19:32.820;SS;AS195-AS1-20180127171834
2018-01-27 17:20:08.248;RO;AS195-AS1-20180127171907
2018-01-27 17:20:09.303;SP;AS195-AS1-20180127171907
2018-01-27 17:20:10.972;SQ;AS195-AS1-20180127172010
2018-01-27 17:20:43.116;RC;AS195-AS1-20180127171907
2018-01-27 17:20:43.938;SS;AS195-AS1-20180127171907
2018-01-27 17:20:51.722;RU;AS195-AS1-20180127171834
2018-01-27 17:20:53.540;VU;AS195-AS1-20180127171834
2018-01-27 17:22:01.930;RO;AS195-AS1-20180127172010
2018-01-27 17:22:02.910;SP;AS195-AS1-20180127172010
2018-01-27 17:22:04.552;SQ;AS195-AS1-20180127172204
2018-01-27 17:22:12.160;RU;AS195-AS1-20180127171907
2018-01-27 17:22:14.004;VU;AS195-AS1-20180127171907
2018-01-27 17:22:41.883;RC;AS195-AS1-20180127172010
2018-01-27 17:22:42.695;SS;AS195-AS1-20180127172010
2018-01-27 17:23:15.981;RO;AS195-AS1-20180127172204
2018-01-27 17:23:16.957;SP;AS195-AS1-20180127172204
2018-01-27 17:23:18.619;SQ;AS195-AS1-20180127172318
2018-01-27 17:23:56.181;RC;AS195-AS1-20180127172204
2018-01-27 17:23:57.193;SS;AS195-AS1-20180127172204
2018-01-27 17:24:05.699;RU;AS195-AS1-20180127172010
2018-01-27 17:24:07.530;VU;AS195-AS1-20180127172010
2018-01-27 17:24:38.350;RO;AS195-AS1-20180127172318
2018-01-27 17:24:39.511;SP;AS195-AS1-20180127172318
2018-01-27 17:24:41.129;SQ;AS195-AS1-20180127172441
2018-01-27 17:25:11.921;RC;AS195-AS1-20180127172318
2018-01-27 17:25:13.713;SS;AS195-AS1-20180127172318
2018-01-27 17:25:29.073;RU;AS195-AS1-20180127172204
2018-01-27 17:25:30.916;VU;AS195-AS1-20180127172204
2018-01-27 17:26:08.194;RO;AS195-AS1-20180127172441
2018-01-27 17:26:09.040;SP;AS195-AS1-20180127172441
2018-01-27 17:26:10.672;SQ;AS195-AS1-20180127172610
2018-01-27 17:26:38.308;RU;AS195-AS1-20180127172318
2018-01-27 17:26:40.147;VU;AS195-AS1-20180127172318
2018-01-27 17:26:42.825;RC;AS195-AS1-20180127172441
2018-01-27 17:26:43.641;SS;AS195-AS1-20180127172441
2018-01-27 17:28:00.277;RU;AS195-AS1-20180127172441
2018-01-27 17:28:02.087;VU;AS195-AS1-20180127172441
2018-01-27 17:28:14.201;RO;AS195-AS1-20180127172610
2018-01-27 17:28:15.137;SP;AS195-AS1-20180127172610
2018-01-27 17:28:16.783;SQ;AS195-AS1-20180127172816
2018-01-27 17:29:31.486;RC;AS195-AS1-20180127172610
2018-01-27 17:29:32.316;SS;AS195-AS1-20180127172610
2018-01-27 17:29:36.773;RO;AS195-AS1-20180127172816
2018-01-27 17:29:37.993;SP;AS195-AS1-20180127172816
2018-01-27 17:29:41.182;SQ;AS195-AS1-20180127172941
2018-01-27 17:30:22.150;RC;AS195-AS1-20180127172816
2018-01-27 17:30:23.154;SS;AS195-AS1-20180127172816
2018-01-27 17:30:50.910;RU;AS195-AS1-20180127172610
2018-01-27 17:30:52.742;VU;AS195-AS1-20180127172610
2018-01-27 17:31:01.735;RO;AS195-AS1-20180127172941
2018-01-27 17:31:02.580;SP;AS195-AS1-20180127172941
2018-01-27 17:31:04.250;SQ;AS195-AS1-20180127173104
2018-01-27 17:31:39.396;RC;AS195-AS1-20180127172941
2018-01-27 17:31:40.210;SS;AS195-AS1-20180127172941
2018-01-27 17:31:49.675;RU;AS195-AS1-20180127172816
2018-01-27 17:31:51.495;VU;AS195-AS1-20180127172816
2018-01-27 17:32:16.074;RO;AS195-AS1-20180127173104
2018-01-27 17:32:17.165;SP;AS195-AS1-20180127173104
2018-01-27 17:32:18.818;SQ;AS195-AS1-20180127173218
2018-01-27 17:32:55.484;RC;AS195-AS1-20180127173104
2018-01-27 17:32:56.310;SS;AS195-AS1-20180127173104
2018-01-27 17:33:05.682;RU;AS195-AS1-20180127172941
2018-01-27 17:33:07.524;VU;AS195-AS1-20180127172941
2018-01-27 17:33:28.334;RO;AS195-AS1-20180127173218
2018-01-27 17:33:29.245;SP;AS195-AS1-20180127173218
2018-01-27 17:33:30.920;SQ;AS195-AS1-20180127173330
2018-01-27 17:34:13.126;RC;AS195-AS1-20180127173218
2018-01-27 17:34:13.127;RU;AS195-AS1-20180127173104
2018-01-27 17:34:14.787;SS;AS195-AS1-20180127173218
2018-01-27 17:34:15.791;VU;AS195-AS1-20180127173104
2018-01-27 17:34:43.711;RO;AS195-AS1-20180127173330
2018-01-27 17:34:44.835;SP;AS195-AS1-20180127173330
2018-01-27 17:34:46.485;SQ;AS195-AS1-20180127173446
2018-01-27 17:35:27.731;RC;AS195-AS1-20180127173330
2018-01-27 17:35:28.554;SS;AS195-AS1-20180127173330
2018-01-27 17:35:46.785;RU;AS195-AS1-20180127173218
2018-01-27 17:35:48.611;VU;AS195-AS1-20180127173218
2018-01-27 17:36:07.869;RO;AS195-AS1-20180127173446
2018-01-27 17:36:08.924;SP;AS195-AS1-20180127173446
2018-01-27 17:36:10.609;SQ;AS195-AS1-20180127173610
2018-01-27 17:36:39.511;RU;AS195-AS1-20180127173330
2018-01-27 17:36:45.713;RC;AS195-AS1-20180127173446
2018-01-27 17:36:46.654;SS;AS195-AS1-20180127173446
2018-01-27 17:38:19.015;RU;AS195-AS1-20180127173446
2018-01-27 17:38:21.095;VU;AS195-AS1-20180127173446
2018-01-27 17:38:41.640;RO;AS195-AS1-20180127173610
2018-01-27 17:38:43.837;SP;AS195-AS1-20180127173610
2018-01-27 17:38:46.523;SQ;AS195-AS1-20180127173846
2018-01-27 17:39:24.298;RC;AS195-AS1-20180127173610
2018-01-27 17:39:25.765;SS;AS195-AS1-20180127173610
2018-01-27 17:39:53.691;RO;AS195-AS1-20180127173846
2018-01-27 17:39:55.490;SP;AS195-AS1-20180127173846
2018-01-27 17:39:58.018;SQ;AS195-AS1-20180127173958
2018-01-27 17:40:36.067;RC;AS195-AS1-20180127173846
2018-01-27 17:40:37.145;SS;AS195-AS1-20180127173846
2018-01-27 17:40:47.993;RU;AS195-AS1-20180127173610
2018-01-27 17:40:51.078;VU;AS195-AS1-20180127173610
2018-01-27 17:41:12.493;RO;AS195-AS1-20180127173958
2018-01-27 17:41:14.246;SP;AS195-AS1-20180127173958
2018-01-27 17:41:16.444;SQ;AS195-AS1-20180127174116
2018-01-27 17:41:54.546;RC;AS195-AS1-20180127173958
2018-01-27 17:41:55.838;SS;AS195-AS1-20180127173958
2018-01-27 17:42:00.388;RU;AS195-AS1-20180127173846
2018-01-27 17:42:02.496;VU;AS195-AS1-20180127173846
2018-01-27 17:42:35.961;RO;AS195-AS1-20180127174116
2018-01-27 17:42:39.104;SP;AS195-AS1-20180127174116
2018-01-27 17:42:41.565;SQ;AS195-AS1-20180127174241
2018-01-27 17:43:20.405;RU;AS195-AS1-20180127173958
2018-01-27 17:43:22.567;RC;AS195-AS1-20180127174116
2018-01-27 17:43:23.179;VU;AS195-AS1-20180127173958
2018-01-27 17:43:24.830;SS;AS195-AS1-20180127174116
2018-01-27 17:44:05.490;RO;AS195-AS1-20180127174241
2018-01-27 17:44:06.567;SP;AS195-AS1-20180127174241
2018-01-27 17:44:08.988;SQ;AS195-AS1-20180127174408
2018-01-27 17:44:41.009;RC;AS195-AS1-20180127174241
2018-01-27 17:44:43.315;SS;AS195-AS1-20180127174241
2018-01-27 17:45:25.315;RO;AS195-AS1-20180127174408
2018-01-27 17:45:26.885;RU;AS195-AS1-20180127174116
2018-01-27 17:45:27.801;SP;AS195-AS1-20180127174408
2018-01-27 17:45:31.189;VU;AS195-AS1-20180127174116
2018-01-27 17:45:31.914;SQ;AS195-AS1-20180127174531
2018-01-27 17:45:53.459;RU;AS195-AS1-20180127174241
2018-01-27 17:45:55.913;VU;AS195-AS1-20180127174241
2018-01-27 17:46:07.334;RC;AS195-AS1-20180127174408
2018-01-27 17:46:08.913;SS;AS195-AS1-20180127174408
2018-01-27 17:46:49.553;RO;AS195-AS1-20180127174531
2018-01-27 17:46:51.281;SP;AS195-AS1-20180127174531
2018-01-27 17:46:53.573;SQ;AS195-AS1-20180127174653
2018-01-27 17:47:32.045;RC;AS195-AS1-20180127174531
2018-01-27 17:47:33.018;SS;AS195-AS1-20180127174531
2018-01-27 17:47:33.092;RU;AS195-AS1-20180127174408
2018-01-27 17:47:37.362;VU;AS195-AS1-20180127174408
2018-01-27 17:48:02.097;RO;AS195-AS1-20180127174653
2018-01-27 17:48:03.156;SP;AS195-AS1-20180127174653
2018-01-27 17:48:07.319;SQ;AS195-AS1-20180127174807
2018-01-27 17:48:34.516;RC;AS195-AS1-20180127174653
2018-01-27 17:48:36.949;SS;AS195-AS1-20180127174653
2018-01-27 17:48:52.188;RU;AS195-AS1-20180127174531
2018-01-27 17:48:55.157;VU;AS195-AS1-20180127174531
2018-01-27 17:49:19.067;RO;AS195-AS1-20180127174807
2018-01-27 17:49:20.924;SP;AS195-AS1-20180127174807
2018-01-27 17:49:24.924;SQ;AS195-AS1-20180127174924
2018-01-27 17:50:02.809;RU;AS195-AS1-20180127174653
2018-01-27 17:50:05.051;VU;AS195-AS1-20180127174653
2018-01-27 17:50:05.141;RC;AS195-AS1-20180127174807
2018-01-27 17:50:06.170;SS;AS195-AS1-20180127174807
2018-01-27 17:50:49.914;RO;AS195-AS1-20180127174924
2018-01-27 17:50:51.072;SP;AS195-AS1-20180127174924
2018-01-27 17:50:53.623;SQ;AS195-AS1-20180127175053
2018-01-27 17:51:21.093;RU;AS195-AS1-20180127174807
2018-01-27 17:51:23.573;VU;AS195-AS1-20180127174807
2018-01-27 17:51:28.868;RC;AS195-AS1-20180127174924
2018-01-27 17:51:30.943;SS;AS195-AS1-20180127174924
2018-01-27 17:52:13.139;RO;AS195-AS1-20180127175053
2018-01-27 17:52:15.310;SP;AS195-AS1-20180127175053
2018-01-27 17:52:18.884;SQ;AS195-AS1-20180127175218
2018-01-27 17:52:51.995;RU;AS195-AS1-20180127174924
2018-01-27 17:52:52.761;RC;AS195-AS1-20180127175053
2018-01-27 17:52:53.975;VU;AS195-AS1-20180127174924
2018-01-27 17:52:54.282;SS;AS195-AS1-20180127175053
2018-01-27 17:53:36.921;RO;AS195-AS1-20180127175218
2018-01-27 17:53:37.994;SP;AS195-AS1-20180127175218
2018-01-27 17:53:40.530;SQ;AS195-AS1-20180127175340
2018-01-27 17:54:05.956;RC;AS195-AS1-20180127175218
2018-01-27 17:54:07.070;SS;AS195-AS1-20180127175218
2018-01-27 17:54:12.728;RU;AS195-AS1-20180127175053
2018-01-27 17:54:14.970;VU;AS195-AS1-20180127175053
2018-01-27 17:54:49.665;RO;AS195-AS1-20180127175340
2018-01-27 17:54:51.546;SP;AS195-AS1-20180127175340
2018-01-27 17:54:54.075;SQ;AS195-AS1-20180127175454
2018-01-27 17:55:23.489;RU;AS195-AS1-20180127175218
2018-01-27 17:55:25.719;VU;AS195-AS1-20180127175218
2018-01-27 17:55:32.948;RC;AS195-AS1-20180127175340
2018-01-27 17:55:34.069;SS;AS195-AS1-20180127175340
2018-01-27 17:56:16.479;RO;AS195-AS1-20180127175454
2018-01-27 17:56:17.892;SP;AS195-AS1-20180127175454
2018-01-27 17:56:20.412;SQ;AS195-AS1-20180127175620
2018-01-27 17:56:46.692;RU;AS195-AS1-20180127175340
2018-01-27 17:56:48.991;VU;AS195-AS1-20180127175340
2018-01-27 17:56:52.889;RC;AS195-AS1-20180127175454
2018-01-27 17:56:55.117;SS;AS195-AS1-20180127175454
2018-01-27 17:57:34.105;RO;AS195-AS1-20180127175620
2018-01-27 17:57:35.330;SP;AS195-AS1-20180127175620
2018-01-27 17:57:37.874;SQ;AS195-AS1-20180127175737
2018-01-27 17:58:08.823;RU;AS195-AS1-20180127175454
2018-01-27 17:58:17.047;RC;AS195-AS1-20180127175620
2018-01-27 17:58:19.002;SS;AS195-AS1-20180127175620
2018-01-27 17:58:53.283;RO;AS195-AS1-20180127175737
2018-01-27 17:58:55.202;SP;AS195-AS1-20180127175737
2018-01-27 17:59:01.712;SQ;AS195-AS1-20180127175901
2018-01-27 17:59:31.597;RC;AS195-AS1-20180127175737
2018-01-27 17:59:33.454;SS;AS195-AS1-20180127175737
2018-01-27 17:59:38.739;RU;AS195-AS1-20180127175620
2018-01-27 17:59:41.118;VU;AS195-AS1-20180127175620
2018-01-27 18:00:06.254;RO;AS195-AS1-20180127175901
2018-01-27 18:00:08.229;SP;AS195-AS1-20180127175901
2018-01-27 18:00:30.885;RC;AS195-AS1-20180127175901
2018-01-27 18:00:31.497;RU;AS195-AS1-20180127175737
2018-01-27 18:00:35.212;SS;AS195-AS1-20180127175901
2018-01-27 18:00:36.523;VU;AS195-AS1-20180127175737
2018-01-27 18:00:58.810;RU;AS195-AS1-20180127175901
2018-01-27 18:01:02.117;VU;AS195-AS1-20180127175901
