2018-01-27 17:18:34.511;SQ;AS2-AS1-20180127171834
2018-01-27 17:19:07.359;RO;AS2-AS1-20180127171834
2018-01-27 17:19:08.379;SP;AS2-AS1-20180127171834
2018-01-27 17:19:10.009;SQ;AS2-AS1-20180127171910
2018-01-27 17:19:34.468;RC;AS2-AS1-20180127171834
2018-01-27 17:19:35.296;SS;AS2-AS1-20180127171834
2018-01-27 17:20:11.556;RO;AS2-AS1-20180127171910
2018-01-27 17:20:12.423;SP;AS2-AS1-20180127171910
2018-01-27 17:20:14.095;SQ;AS2-AS1-20180127172014
2018-01-27 17:20:50.205;RC;AS2-AS1-20180127171910
2018-01-27 17:20:51.407;SS;AS2-AS1-20180127171910
2018-01-27 17:20:55.362;RU;AS2-AS1-20180127171834
2018-01-27 17:20:57.191;VU;AS2-AS1-20180127171834
2018-01-27 17:21:29.356;RO;AS2-AS1-20180127172014
2018-01-27 17:21:30.465;SP;AS2-AS1-20180127172014
2018-01-27 17:21:32.073;SQ;AS2-AS1-20180127172132
2018-01-27 17:22:10.790;RC;AS2-AS1-20180127172014
2018-01-27 17:22:11.648;SS;AS2-AS1-20180127172014
2018-01-27 17:22:22.608;RU;AS2-AS1-20180127171910
2018-01-27 17:22:25.291;VU;AS2-AS1-20180127171910
2018-01-27 17:22:56.497;RO;AS2-AS1-20180127172132
2018-01-27 17:22:57.503;SP;AS2-AS1-20180127172132
2018-01-27 17:22:59.171;SQ;AS2-AS1-20180127172259
2018-01-27 17:23:37.662;RC;AS2-AS1-20180127172132
2018-01-27 17:23:38.438;SS;AS2-AS1-20180127172132
2018-01-27 17:23:44.592;RU;AS2-AS1-20180127172014
2018-01-27 17:23:46.391;VU;AS2-AS1-20180127172014
2018-01-27 17:24:21.261;RO;AS2-AS1-20180127172259
2018-01-27 17:24:22.539;SP;AS2-AS1-20180127172259
2018-01-27 17:24:24.139;SQ;AS2-AS1-20180127172424
2018-01-27 17:25:08.811;RC;AS2-AS1-20180127172259
2018-01-27 17:25:09.346;RU;AS2-AS1-20180127172132
2018-01-27 17:25:09.864;SS;AS2-AS1-20180127172259
2018-01-27 17:25:11.437;VU;AS2-AS1-20180127172132
2018-01-27 17:25:31.750;RO;AS2-AS1-20180127172424
2018-01-27 17:25:33.004;SP;AS2-AS1-20180127172424
2018-01-27 17:25:34.619;SQ;AS2-AS1-20180127172534
2018-01-27 17:26:15.607;RC;AS2-AS1-20180127172424
2018-01-27 17:26:16.418;SS;AS2-AS1-20180127172424
2018-01-27 17:26:29.636;RU;AS2-AS1-20180127172259
2018-01-27 17:26:31.444;VU;AS2-AS1-20180127172259
2018-01-27 17:26:59.378;RO;AS2-AS1-20180127172534
2018-01-27 17:27:00.507;SP;AS2-AS1-20180127172534
2018-01-27 17:27:02.170;SQ;AS2-AS1-20180127172702
2018-01-27 17:27:42.467;RC;AS2-AS1-20180127172534
2018-01-27 17:27:43.300;SS;AS2-AS1-20180127172534
2018-01-27 17:28:07.294;RU;AS2-AS1-20180127172424
2018-01-27 17:28:09.077;VU;AS2-AS1-20180127172424
2018-01-27 17:28:17.643;RO;AS2-AS1-20180127172702
2018-01-27 17:28:18.543;SP;AS2-AS1-20180127172702
2018-01-27 17:28:20.303;SQ;AS2-AS1-20180127172820
2018-01-27 17:29:03.919;RC;AS2-AS1-20180127172702
2018-01-27 17:29:04.742;SS;AS2-AS1-20180127172702
2018-01-27 17:29:07.735;RU;AS2-AS1-20180127172534
2018-01-27 17:29:10.486;VU;AS2-AS1-20180127172534
2018-01-27 17:29:38.978;RO;AS2-AS1-20180127172820
2018-01-27 17:29:40.209;SP;AS2-AS1-20180127172820
2018-01-27 17:29:41.784;SQ;AS2-AS1-20180127172941
2018-01-27 17:30:22.373;RC;AS2-AS1-20180127172820
2018-01-27 17:30:23.480;SS;AS2-AS1-20180127172820
2018-01-27 17:30:32.441;RU;AS2-AS1-20180127172702
2018-01-27 17:30:34.233;VU;AS2-AS1-20180127172702
2018-01-27 17:31:21.688;RO;AS2-AS1-20180127172941
2018-01-27 17:31:22.690;SP;AS2-AS1-20180127172941
2018-01-27 17:31:24.299;SQ;AS2-AS1-20180127173124
2018-01-27 17:31:50.476;RU;AS2-AS1-20180127172820
2018-01-27 17:31:50.737;RC;AS2-AS1-20180127172941
2018-01-27 17:31:52.137;SS;AS2-AS1-20180127172941
2018-01-27 17:31:52.811;VU;AS2-AS1-20180127172820
2018-01-27 17:32:38.146;RO;AS2-AS1-20180127173124
2018-01-27 17:32:39.203;SP;AS2-AS1-20180127173124
2018-01-27 17:32:40.799;SQ;AS2-AS1-20180127173240
2018-01-27 17:33:15.107;RU;AS2-AS1-20180127172941
2018-01-27 17:33:16.916;VU;AS2-AS1-20180127172941
2018-01-27 17:33:24.310;RC;AS2-AS1-20180127173124
2018-01-27 17:33:25.114;SS;AS2-AS1-20180127173124
2018-01-27 17:34:04.144;RO;AS2-AS1-20180127173240
2018-01-27 17:34:05.227;SP;AS2-AS1-20180127173240
2018-01-27 17:34:06.866;SQ;AS2-AS1-20180127173406
2018-01-27 17:34:39.257;RC;AS2-AS1-20180127173240
2018-01-27 17:34:40.093;SS;AS2-AS1-20180127173240
2018-01-27 17:34:54.360;RU;AS2-AS1-20180127173124
2018-01-27 17:34:56.208;VU;AS2-AS1-20180127173124
2018-01-27 17:35:31.438;RO;AS2-AS1-20180127173406
2018-01-27 17:35:32.264;SP;AS2-AS1-20180127173406
2018-01-27 17:35:33.837;SQ;AS2-AS1-20180127173533
2018-01-27 17:36:08.639;RU;AS2-AS1-20180127173240
2018-01-27 17:36:10.429;VU;AS2-AS1-20180127173240
2018-01-27 17:36:15.917;RC;AS2-AS1-20180127173406
2018-01-27 17:36:16.700;SS;AS2-AS1-20180127173406
2018-01-27 17:36:51.340;RO;AS2-AS1-20180127173533
2018-01-27 17:36:53.240;SP;AS2-AS1-20180127173533
2018-01-27 17:36:55.396;SQ;AS2-AS1-20180127173655
2018-01-27 17:37:33.612;RC;AS2-AS1-20180127173533
2018-01-27 17:37:34.397;SS;AS2-AS1-20180127173533
2018-01-27 17:37:46.531;RU;AS2-AS1-20180127173406
2018-01-27 17:37:48.310;VU;AS2-AS1-20180127173406
2018-01-27 17:38:13.879;RO;AS2-AS1-20180127173655
2018-01-27 17:38:14.809;SP;AS2-AS1-20180127173655
2018-01-27 17:38:16.425;SQ;AS2-AS1-20180127173816
2018-01-27 17:38:49.909;RC;AS2-AS1-20180127173655
2018-01-27 17:38:50.719;SS;AS2-AS1-20180127173655
2018-01-27 17:38:58.414;RU;AS2-AS1-20180127173533
2018-01-27 17:39:00.232;VU;AS2-AS1-20180127173533
2018-01-27 17:39:27.813;RO;AS2-AS1-20180127173816
2018-01-27 17:39:28.780;SP;AS2-AS1-20180127173816
2018-01-27 17:39:30.381;SQ;AS2-AS1-20180127173930
2018-01-27 17:40:09.795;RC;AS2-AS1-20180127173816
2018-01-27 17:40:10.617;SS;AS2-AS1-20180127173816
2018-01-27 17:40:13.961;RU;AS2-AS1-20180127173655
2018-01-27 17:40:15.778;VU;AS2-AS1-20180127173655
2018-01-27 17:40:58.915;RO;AS2-AS1-20180127173930
2018-01-27 17:40:59.802;SP;AS2-AS1-20180127173930
2018-01-27 17:41:01.449;SQ;AS2-AS1-20180127174101
2018-01-27 17:41:17.890;RU;AS2-AS1-20180127173816
2018-01-27 17:41:20.625;VU;AS2-AS1-20180127173816
2018-01-27 17:41:44.233;RC;AS2-AS1-20180127173930
2018-01-27 17:41:45.013;SS;AS2-AS1-20180127173930
2018-01-27 17:42:18.133;RO;AS2-AS1-20180127174101
2018-01-27 17:42:19.318;SP;AS2-AS1-20180127174101
2018-01-27 17:42:21.756;SQ;AS2-AS1-20180127174221
2018-01-27 17:43:02.565;RU;AS2-AS1-20180127173930
2018-01-27 17:43:03.214;RC;AS2-AS1-20180127174101
2018-01-27 17:43:04.221;SS;AS2-AS1-20180127174101
2018-01-27 17:43:04.552;VU;AS2-AS1-20180127173930
2018-01-27 17:43:32.300;RO;AS2-AS1-20180127174221
2018-01-27 17:43:33.156;SP;AS2-AS1-20180127174221
2018-01-27 17:43:34.835;SQ;AS2-AS1-20180127174334
2018-01-27 17:44:13.974;RC;AS2-AS1-20180127174221
2018-01-27 17:44:14.784;SS;AS2-AS1-20180127174221
2018-01-27 17:44:20.657;RU;AS2-AS1-20180127174101
2018-01-27 17:44:22.464;VU;AS2-AS1-20180127174101
2018-01-27 17:44:57.359;RO;AS2-AS1-20180127174334
2018-01-27 17:44:58.365;SP;AS2-AS1-20180127174334
2018-01-27 17:44:59.965;SQ;AS2-AS1-20180127174459
2018-01-27 17:45:38.996;RC;AS2-AS1-20180127174334
2018-01-27 17:45:39.788;SS;AS2-AS1-20180127174334
2018-01-27 17:46:11.565;RU;AS2-AS1-20180127174221
2018-01-27 17:46:13.699;RO;AS2-AS1-20180127174459
2018-01-27 17:46:16.155;SP;AS2-AS1-20180127174459
2018-01-27 17:46:19.021;SQ;AS2-AS1-20180127174619
2018-01-27 17:47:00.261;RC;AS2-AS1-20180127174459
2018-01-27 17:47:01.267;SS;AS2-AS1-20180127174459
2018-01-27 17:47:05.290;RU;AS2-AS1-20180127174334
2018-01-27 17:47:07.634;VU;AS2-AS1-20180127174334
2018-01-27 17:47:47.184;RO;AS2-AS1-20180127174619
2018-01-27 17:47:48.800;SP;AS2-AS1-20180127174619
2018-01-27 17:47:52.599;SQ;AS2-AS1-20180127174752
2018-01-27 17:48:27.571;RC;AS2-AS1-20180127174619
2018-01-27 17:48:29.242;SS;AS2-AS1-20180127174619
2018-01-27 17:48:31.357;RU;AS2-AS1-20180127174459
2018-01-27 17:48:33.293;VU;AS2-AS1-20180127174459
2018-01-27 17:49:06.987;RO;AS2-AS1-20180127174752
2018-01-27 17:49:09.905;SP;AS2-AS1-20180127174752
2018-01-27 17:49:12.432;SQ;AS2-AS1-20180127174912
2018-01-27 17:49:51.535;RU;AS2-AS1-20180127174619
2018-01-27 17:49:51.777;RC;AS2-AS1-20180127174752
2018-01-27 17:49:54.144;SS;AS2-AS1-20180127174752
2018-01-27 17:49:54.477;VU;AS2-AS1-20180127174619
2018-01-27 17:50:34.201;RO;AS2-AS1-20180127174912
2018-01-27 17:50:36.024;SP;AS2-AS1-20180127174912
2018-01-27 17:50:38.308;SQ;AS2-AS1-20180127175038
2018-01-27 17:51:21.083;RC;AS2-AS1-20180127174912
2018-01-27 17:51:21.942;RU;AS2-AS1-20180127174752
2018-01-27 17:51:22.040;SS;AS2-AS1-20180127174912
2018-01-27 17:51:24.601;VU;AS2-AS1-20180127174752
2018-01-27 17:51:52.372;RO;AS2-AS1-20180127175038
2018-01-27 17:51:53.566;SP;AS2-AS1-20180127175038
2018-01-27 17:51:56.087;SQ;AS2-AS1-20180127175156
2018-01-27 17:52:28.529;RC;AS2-AS1-20180127175038
2018-01-27 17:52:30.339;SS;AS2-AS1-20180127175038
2018-01-27 17:52:38.818;RU;AS2-AS1-20180127174912
2018-01-27 17:52:40.828;VU;AS2-AS1-20180127174912
2018-01-27 17:53:16.606;RO;AS2-AS1-20180127175156
2018-01-27 17:53:19.035;SP;AS2-AS1-20180127175156
2018-01-27 17:53:21.992;SQ;AS2-AS1-20180127175321
2018-01-27 17:53:53.367;RU;AS2-AS1-20180127175038
2018-01-27 17:53:55.755;RC;AS2-AS1-20180127175156
2018-01-27 17:53:55.972;VU;AS2-AS1-20180127175038
2018-01-27 17:53:57.333;SS;AS2-AS1-20180127175156
2018-01-27 17:54:34.610;RO;AS2-AS1-20180127175321
2018-01-27 17:54:36.048;SP;AS2-AS1-20180127175321
2018-01-27 17:54:38.369;SQ;AS2-AS1-20180127175438
2018-01-27 17:55:10.972;RU;AS2-AS1-20180127175156
2018-01-27 17:55:13.260;VU;AS2-AS1-20180127175156
2018-01-27 17:55:16.493;RC;AS2-AS1-20180127175321
2018-01-27 17:55:17.318;SS;AS2-AS1-20180127175321
2018-01-27 17:56:03.037;RO;AS2-AS1-20180127175438
2018-01-27 17:56:04.935;SP;AS2-AS1-20180127175438
2018-01-27 17:56:09.352;SQ;AS2-AS1-20180127175609
2018-01-27 17:56:36.861;RU;AS2-AS1-20180127175321
2018-01-27 17:56:40.295;VU;AS2-AS1-20180127175321
2018-01-27 17:56:49.748;RC;AS2-AS1-20180127175438
2018-01-27 17:56:51.103;SS;AS2-AS1-20180127175438
2018-01-27 17:57:32.412;RO;AS2-AS1-20180127175609
2018-01-27 17:57:33.889;SP;AS2-AS1-20180127175609
2018-01-27 17:57:36.379;SQ;AS2-AS1-20180127175736
2018-01-27 17:58:07.743;RC;AS2-AS1-20180127175609
2018-01-27 17:58:09.333;SS;AS2-AS1-20180127175609
2018-01-27 17:58:12.524;RU;AS2-AS1-20180127175438
2018-01-27 17:58:14.697;VU;AS2-AS1-20180127175438
2018-01-27 17:58:53.799;RO;AS2-AS1-20180127175736
2018-01-27 17:58:54.838;SP;AS2-AS1-20180127175736
2018-01-27 17:59:30.429;RU;AS2-AS1-20180127175609
2018-01-27 17:59:30.550;RC;AS2-AS1-20180127175736
2018-01-27 17:59:32.629;SS;AS2-AS1-20180127175736
2018-01-27 17:59:33.630;VU;AS2-AS1-20180127175609
2018-01-27 18:00:40.648;RU;AS2-AS1-20180127175736
2018-01-27 18:00:43.826;VU;AS2-AS1-20180127175736
