2018-01-27 17:18:32.697;SQ;AS20-AS1-20180127171832
2018-01-27 17:19:00.042;RO;AS20-AS1-20180127171832
2018-01-27 17:19:01.073;SP;AS20-AS1-20180127171832
2018-01-27 17:19:02.739;SQ;AS20-AS1-20180127171902
2018-01-27 17:19:27.283;RC;AS20-AS1-20180127171832
2018-01-27 17:19:28.109;SS;AS20-AS1-20180127171832
2018-01-27 17:19:54.089;RO;AS20-AS1-20180127171902
2018-01-27 17:19:55.089;SP;AS20-AS1-20180127171902
2018-01-27 17:19:56.677;SQ;AS20-AS1-20180127171956
2018-01-27 17:20:32.938;RC;AS20-AS1-20180127171902
2018-01-27 17:20:34.669;SS;AS20-AS1-20180127171902
2018-01-27 17:20:40.816;RU;AS20-AS1-20180127171832
2018-01-27 17:20:42.609;VU;AS20-AS1-20180127171832
2018-01-27 17:21:13.808;RO;AS20-AS1-20180127171956
2018-01-27 17:21:15.075;SP;AS20-AS1-20180127171956
2018-01-27 17:21:16.698;SQ;AS20-AS1-20180127172116
2018-01-27 17:21:55.368;RC;AS20-AS1-20180127171956
2018-01-27 17:21:56.164;SS;AS20-AS1-20180127171956
2018-01-27 17:22:00.917;RU;AS20-AS1-20180127171902
2018-01-27 17:22:02.751;VU;AS20-AS1-20180127171902
2018-01-27 17:22:17.460;RO;AS20-AS1-20180127172116
2018-01-27 17:22:18.588;SP;AS20-AS1-20180127172116
2018-01-27 17:22:20.236;SQ;AS20-AS1-20180127172220
2018-01-27 17:23:01.651;RC;AS20-AS1-20180127172116
2018-01-27 17:23:02.500;SS;AS20-AS1-20180127172116
2018-01-27 17:23:17.789;RU;AS20-AS1-20180127171956
2018-01-27 17:23:19.633;VU;AS20-AS1-20180127171956
2018-01-27 17:23:38.970;RO;AS20-AS1-20180127172220
2018-01-27 17:23:40.622;SP;AS20-AS1-20180127172220
2018-01-27 17:23:44.104;SQ;AS20-AS1-20180127172344
2018-01-27 17:24:24.464;RU;AS20-AS1-20180127172116
2018-01-27 17:24:25.289;RC;AS20-AS1-20180127172220
2018-01-27 17:24:26.329;VU;AS20-AS1-20180127172116
2018-01-27 17:24:26.632;SS;AS20-AS1-20180127172220
2018-01-27 17:25:08.171;RO;AS20-AS1-20180127172344
2018-01-27 17:25:09.034;SP;AS20-AS1-20180127172344
2018-01-27 17:25:10.665;SQ;AS20-AS1-20180127172510
2018-01-27 17:25:27.870;RU;AS20-AS1-20180127172220
2018-01-27 17:25:30.531;VU;AS20-AS1-20180127172220
2018-01-27 17:26:29.007;RC;AS20-AS1-20180127172344
2018-01-27 17:26:29.850;SS;AS20-AS1-20180127172344
2018-01-27 17:26:31.438;RO;AS20-AS1-20180127172510
2018-01-27 17:26:33.284;SP;AS20-AS1-20180127172510
2018-01-27 17:26:35.698;SQ;AS20-AS1-20180127172635
2018-01-27 17:27:09.341;RC;AS20-AS1-20180127172510
2018-01-27 17:27:10.164;SS;AS20-AS1-20180127172510
2018-01-27 17:27:49.474;RU;AS20-AS1-20180127172344
2018-01-27 17:27:51.386;RO;AS20-AS1-20180127172635
2018-01-27 17:27:52.155;VU;AS20-AS1-20180127172344
2018-01-27 17:27:52.605;SP;AS20-AS1-20180127172635
2018-01-27 17:27:54.208;SQ;AS20-AS1-20180127172754
2018-01-27 17:28:31.357;RC;AS20-AS1-20180127172635
2018-01-27 17:28:32.149;SS;AS20-AS1-20180127172635
2018-01-27 17:28:35.776;RU;AS20-AS1-20180127172510
2018-01-27 17:28:38.446;VU;AS20-AS1-20180127172510
2018-01-27 17:29:18.486;RO;AS20-AS1-20180127172754
2018-01-27 17:29:19.614;SP;AS20-AS1-20180127172754
2018-01-27 17:29:21.232;SQ;AS20-AS1-20180127172921
2018-01-27 17:29:38.979;RU;AS20-AS1-20180127172635
2018-01-27 17:29:40.979;VU;AS20-AS1-20180127172635
2018-01-27 17:30:01.344;RC;AS20-AS1-20180127172754
2018-01-27 17:30:02.186;SS;AS20-AS1-20180127172754
2018-01-27 17:30:36.215;RO;AS20-AS1-20180127172921
2018-01-27 17:30:37.157;SP;AS20-AS1-20180127172921
2018-01-27 17:30:39.555;SQ;AS20-AS1-20180127173039
2018-01-27 17:31:21.794;RC;AS20-AS1-20180127172921
2018-01-27 17:31:22.614;SS;AS20-AS1-20180127172921
2018-01-27 17:31:37.560;RU;AS20-AS1-20180127172754
2018-01-27 17:31:39.407;VU;AS20-AS1-20180127172754
2018-01-27 17:31:57.316;RO;AS20-AS1-20180127173039
2018-01-27 17:31:59.314;SP;AS20-AS1-20180127173039
2018-01-27 17:32:01.212;SQ;AS20-AS1-20180127173201
2018-01-27 17:32:38.147;RC;AS20-AS1-20180127173039
2018-01-27 17:32:38.977;SS;AS20-AS1-20180127173039
2018-01-27 17:32:52.730;RU;AS20-AS1-20180127172921
2018-01-27 17:32:54.545;VU;AS20-AS1-20180127172921
2018-01-27 17:33:24.759;RO;AS20-AS1-20180127173201
2018-01-27 17:33:25.626;SP;AS20-AS1-20180127173201
2018-01-27 17:33:27.233;SQ;AS20-AS1-20180127173327
2018-01-27 17:34:03.621;RC;AS20-AS1-20180127173201
2018-01-27 17:34:03.885;RU;AS20-AS1-20180127173039
2018-01-27 17:34:05.651;SS;AS20-AS1-20180127173201
2018-01-27 17:34:06.830;VU;AS20-AS1-20180127173039
2018-01-27 17:34:54.700;RO;AS20-AS1-20180127173327
2018-01-27 17:34:55.649;SP;AS20-AS1-20180127173327
2018-01-27 17:34:57.325;SQ;AS20-AS1-20180127173457
2018-01-27 17:35:20.646;RU;AS20-AS1-20180127173201
2018-01-27 17:35:22.789;VU;AS20-AS1-20180127173201
2018-01-27 17:35:40.311;RC;AS20-AS1-20180127173327
2018-01-27 17:35:41.107;SS;AS20-AS1-20180127173327
2018-01-27 17:36:22.401;RO;AS20-AS1-20180127173457
2018-01-27 17:36:23.263;SP;AS20-AS1-20180127173457
2018-01-27 17:36:24.907;SQ;AS20-AS1-20180127173624
2018-01-27 17:37:07.979;RC;AS20-AS1-20180127173457
2018-01-27 17:37:08.834;SS;AS20-AS1-20180127173457
2018-01-27 17:37:13.834;RU;AS20-AS1-20180127173327
2018-01-27 17:37:15.654;VU;AS20-AS1-20180127173327
2018-01-27 17:37:47.684;RO;AS20-AS1-20180127173624
2018-01-27 17:37:48.832;SP;AS20-AS1-20180127173624
2018-01-27 17:37:50.477;SQ;AS20-AS1-20180127173750
2018-01-27 17:38:28.936;RU;AS20-AS1-20180127173457
2018-01-27 17:38:30.732;VU;AS20-AS1-20180127173457
2018-01-27 17:38:34.718;RC;AS20-AS1-20180127173624
2018-01-27 17:38:35.537;SS;AS20-AS1-20180127173624
2018-01-27 17:39:19.444;RO;AS20-AS1-20180127173750
2018-01-27 17:39:20.357;SP;AS20-AS1-20180127173750
2018-01-27 17:39:21.965;SQ;AS20-AS1-20180127173921
2018-01-27 17:39:53.669;RC;AS20-AS1-20180127173750
2018-01-27 17:39:54.470;SS;AS20-AS1-20180127173750
2018-01-27 17:39:58.183;RU;AS20-AS1-20180127173624
2018-01-27 17:40:00.487;VU;AS20-AS1-20180127173624
2018-01-27 17:40:41.834;RO;AS20-AS1-20180127173921
2018-01-27 17:40:42.852;SP;AS20-AS1-20180127173921
2018-01-27 17:40:44.496;SQ;AS20-AS1-20180127174044
2018-01-27 17:41:04.142;RU;AS20-AS1-20180127173750
2018-01-27 17:41:05.970;VU;AS20-AS1-20180127173750
2018-01-27 17:41:18.583;RC;AS20-AS1-20180127173921
2018-01-27 17:41:20.125;SS;AS20-AS1-20180127173921
2018-01-27 17:42:05.885;RO;AS20-AS1-20180127174044
2018-01-27 17:42:07.164;SP;AS20-AS1-20180127174044
2018-01-27 17:42:08.796;SQ;AS20-AS1-20180127174208
2018-01-27 17:42:37.440;RU;AS20-AS1-20180127173921
2018-01-27 17:42:39.296;VU;AS20-AS1-20180127173921
2018-01-27 17:42:51.916;RC;AS20-AS1-20180127174044
2018-01-27 17:42:53.139;SS;AS20-AS1-20180127174044
2018-01-27 17:43:23.372;RO;AS20-AS1-20180127174208
2018-01-27 17:43:24.211;SP;AS20-AS1-20180127174208
2018-01-27 17:43:25.833;SQ;AS20-AS1-20180127174325
2018-01-27 17:44:06.653;RC;AS20-AS1-20180127174208
2018-01-27 17:44:07.462;SS;AS20-AS1-20180127174208
2018-01-27 17:44:10.401;RU;AS20-AS1-20180127174044
2018-01-27 17:44:12.564;VU;AS20-AS1-20180127174044
2018-01-27 17:44:36.685;RO;AS20-AS1-20180127174325
2018-01-27 17:44:37.735;SP;AS20-AS1-20180127174325
2018-01-27 17:44:39.359;SQ;AS20-AS1-20180127174439
2018-01-27 17:45:24.629;RC;AS20-AS1-20180127174325
2018-01-27 17:45:25.424;SS;AS20-AS1-20180127174325
2018-01-27 17:45:30.052;RU;AS20-AS1-20180127174208
2018-01-27 17:45:31.861;VU;AS20-AS1-20180127174208
2018-01-27 17:45:52.850;RO;AS20-AS1-20180127174439
2018-01-27 17:45:53.741;SP;AS20-AS1-20180127174439
2018-01-27 17:45:55.374;SQ;AS20-AS1-20180127174555
2018-01-27 17:46:41.010;RC;AS20-AS1-20180127174439
2018-01-27 17:46:41.866;SS;AS20-AS1-20180127174439
2018-01-27 17:46:55.094;RU;AS20-AS1-20180127174325
2018-01-27 17:46:56.933;VU;AS20-AS1-20180127174325
2018-01-27 17:47:21.192;RO;AS20-AS1-20180127174555
2018-01-27 17:47:22.295;SP;AS20-AS1-20180127174555
2018-01-27 17:47:23.936;SQ;AS20-AS1-20180127174723
2018-01-27 17:47:56.816;RU;AS20-AS1-20180127174439
2018-01-27 17:47:58.608;VU;AS20-AS1-20180127174439
2018-01-27 17:48:11.589;RC;AS20-AS1-20180127174555
2018-01-27 17:48:12.429;SS;AS20-AS1-20180127174555
2018-01-27 17:48:43.575;RO;AS20-AS1-20180127174723
2018-01-27 17:48:44.816;SP;AS20-AS1-20180127174723
2018-01-27 17:48:46.407;SQ;AS20-AS1-20180127174846
2018-01-27 17:49:23.606;RC;AS20-AS1-20180127174723
2018-01-27 17:49:24.435;SS;AS20-AS1-20180127174723
2018-01-27 17:49:34.161;RU;AS20-AS1-20180127174555
2018-01-27 17:49:35.968;VU;AS20-AS1-20180127174555
2018-01-27 17:50:12.256;RO;AS20-AS1-20180127174846
2018-01-27 17:50:13.345;SP;AS20-AS1-20180127174846
2018-01-27 17:50:15.023;SQ;AS20-AS1-20180127175015
2018-01-27 17:50:42.089;RU;AS20-AS1-20180127174723
2018-01-27 17:50:43.926;VU;AS20-AS1-20180127174723
2018-01-27 17:50:54.368;RC;AS20-AS1-20180127174846
2018-01-27 17:50:55.189;SS;AS20-AS1-20180127174846
2018-01-27 17:51:37.880;RO;AS20-AS1-20180127175015
2018-01-27 17:51:38.936;SP;AS20-AS1-20180127175015
2018-01-27 17:51:40.552;SQ;AS20-AS1-20180127175140
2018-01-27 17:52:14.924;RC;AS20-AS1-20180127175015
2018-01-27 17:52:16.408;SS;AS20-AS1-20180127175015
2018-01-27 17:52:18.193;RU;AS20-AS1-20180127174846
2018-01-27 17:52:20.034;VU;AS20-AS1-20180127174846
2018-01-27 17:52:57.286;RO;AS20-AS1-20180127175140
2018-01-27 17:52:58.458;SP;AS20-AS1-20180127175140
2018-01-27 17:53:00.455;SQ;AS20-AS1-20180127175300
2018-01-27 17:53:34.419;RU;AS20-AS1-20180127175015
2018-01-27 17:53:36.244;VU;AS20-AS1-20180127175015
2018-01-27 17:53:42.151;RC;AS20-AS1-20180127175140
2018-01-27 17:53:42.942;SS;AS20-AS1-20180127175140
2018-01-27 17:54:18.851;RO;AS20-AS1-20180127175300
2018-01-27 17:54:19.863;SP;AS20-AS1-20180127175300
2018-01-27 17:54:21.498;SQ;AS20-AS1-20180127175421
2018-01-27 17:54:52.496;RC;AS20-AS1-20180127175300
2018-01-27 17:54:53.308;SS;AS20-AS1-20180127175300
2018-01-27 17:55:01.603;RU;AS20-AS1-20180127175140
2018-01-27 17:55:03.474;VU;AS20-AS1-20180127175140
2018-01-27 17:55:39.230;RO;AS20-AS1-20180127175421
2018-01-27 17:55:40.402;SP;AS20-AS1-20180127175421
2018-01-27 17:55:42.071;SQ;AS20-AS1-20180127175542
2018-01-27 17:56:14.715;RU;AS20-AS1-20180127175300
2018-01-27 17:56:16.524;VU;AS20-AS1-20180127175300
2018-01-27 17:56:18.778;RC;AS20-AS1-20180127175421
2018-01-27 17:56:19.580;SS;AS20-AS1-20180127175421
2018-01-27 17:57:01.831;RO;AS20-AS1-20180127175542
2018-01-27 17:57:02.985;SP;AS20-AS1-20180127175542
2018-01-27 17:57:04.620;SQ;AS20-AS1-20180127175704
2018-01-27 17:57:36.461;RC;AS20-AS1-20180127175542
2018-01-27 17:57:37.257;SS;AS20-AS1-20180127175542
2018-01-27 17:57:49.756;RU;AS20-AS1-20180127175421
2018-01-27 17:57:51.574;VU;AS20-AS1-20180127175421
2018-01-27 17:58:26.309;RO;AS20-AS1-20180127175704
2018-01-27 17:58:28.488;SP;AS20-AS1-20180127175704
2018-01-27 17:58:55.806;RU;AS20-AS1-20180127175542
2018-01-27 17:58:57.601;VU;AS20-AS1-20180127175542
2018-01-27 17:59:07.652;RC;AS20-AS1-20180127175704
2018-01-27 17:59:08.458;SS;AS20-AS1-20180127175704
2018-01-27 18:00:14.119;RU;AS20-AS1-20180127175704
2018-01-27 18:00:15.982;VU;AS20-AS1-20180127175704
