2018-01-27 17:18:37.391;SQ;AS22-AS1-20180127171837
2018-01-27 17:19:11.125;RO;AS22-AS1-20180127171837
2018-01-27 17:19:12.251;SP;AS22-AS1-20180127171837
2018-01-27 17:19:14.350;SQ;AS22-AS1-20180127171914
2018-01-27 17:20:16.976;RC;AS22-AS1-20180127171837
2018-01-27 17:20:18.631;SS;AS22-AS1-20180127171837
2018-01-27 17:20:32.547;RO;AS22-AS1-20180127171914
2018-01-27 17:20:34.531;SP;AS22-AS1-20180127171914
2018-01-27 17:20:36.596;SQ;AS22-AS1-20180127172036
2018-01-27 17:21:05.054;RC;AS22-AS1-20180127171914
2018-01-27 17:21:05.982;SS;AS22-AS1-20180127171914
2018-01-27 17:21:43.004;RU;AS22-AS1-20180127171837
2018-01-27 17:21:44.783;VU;AS22-AS1-20180127171837
2018-01-27 17:22:01.364;RO;AS22-AS1-20180127172036
2018-01-27 17:22:02.481;SP;AS22-AS1-20180127172036
2018-01-27 17:22:04.042;SQ;AS22-AS1-20180127172204
2018-01-27 17:22:32.647;RU;AS22-AS1-20180127171914
2018-01-27 17:22:34.426;VU;AS22-AS1-20180127171914
2018-01-27 17:22:43.572;RC;AS22-AS1-20180127172036
2018-01-27 17:22:44.366;SS;AS22-AS1-20180127172036
2018-01-27 17:23:17.787;RO;AS22-AS1-20180127172204
2018-01-27 17:23:18.873;SP;AS22-AS1-20180127172204
2018-01-27 17:23:20.428;SQ;AS22-AS1-20180127172320
2018-01-27 17:23:51.462;RU;AS22-AS1-20180127172036
2018-01-27 17:24:01.190;RC;AS22-AS1-20180127172204
2018-01-27 17:24:02.506;SS;AS22-AS1-20180127172204
2018-01-27 17:24:47.342;RO;AS22-AS1-20180127172320
2018-01-27 17:24:48.314;SP;AS22-AS1-20180127172320
2018-01-27 17:24:50.648;SQ;AS22-AS1-20180127172450
2018-01-27 17:25:18.280;RC;AS22-AS1-20180127172320
2018-01-27 17:25:19.620;SS;AS22-AS1-20180127172320
2018-01-27 17:25:53.376;RU;AS22-AS1-20180127172204
2018-01-27 17:25:55.367;VU;AS22-AS1-20180127172204
2018-01-27 17:26:01.923;RO;AS22-AS1-20180127172450
2018-01-27 17:26:04.120;SP;AS22-AS1-20180127172450
2018-01-27 17:26:06.540;SQ;AS22-AS1-20180127172606
2018-01-27 17:26:43.703;RC;AS22-AS1-20180127172450
2018-01-27 17:26:44.904;SS;AS22-AS1-20180127172450
2018-01-27 17:26:50.622;RU;AS22-AS1-20180127172320
2018-01-27 17:26:52.944;VU;AS22-AS1-20180127172320
2018-01-27 17:27:24.004;RO;AS22-AS1-20180127172606
2018-01-27 17:27:25.426;SP;AS22-AS1-20180127172606
2018-01-27 17:27:27.707;SQ;AS22-AS1-20180127172727
2018-01-27 17:28:01.365;RC;AS22-AS1-20180127172606
2018-01-27 17:28:02.249;SS;AS22-AS1-20180127172606
2018-01-27 17:28:16.960;RU;AS22-AS1-20180127172450
2018-01-27 17:28:19.055;VU;AS22-AS1-20180127172450
2018-01-27 17:28:40.587;RO;AS22-AS1-20180127172727
2018-01-27 17:28:41.899;SP;AS22-AS1-20180127172727
2018-01-27 17:28:44.256;SQ;AS22-AS1-20180127172844
2018-01-27 17:29:19.785;RC;AS22-AS1-20180127172727
2018-01-27 17:29:21.280;SS;AS22-AS1-20180127172727
2018-01-27 17:29:31.700;RU;AS22-AS1-20180127172606
2018-01-27 17:29:34.140;VU;AS22-AS1-20180127172606
2018-01-27 17:29:49.292;RO;AS22-AS1-20180127172844
2018-01-27 17:29:50.777;SP;AS22-AS1-20180127172844
2018-01-27 17:29:53.317;SQ;AS22-AS1-20180127172953
2018-01-27 17:30:31.348;RC;AS22-AS1-20180127172844
2018-01-27 17:30:32.618;SS;AS22-AS1-20180127172844
2018-01-27 17:30:50.464;RU;AS22-AS1-20180127172727
2018-01-27 17:30:52.630;VU;AS22-AS1-20180127172727
2018-01-27 17:31:12.683;RO;AS22-AS1-20180127172953
2018-01-27 17:31:13.881;SP;AS22-AS1-20180127172953
2018-01-27 17:31:16.208;SQ;AS22-AS1-20180127173116
2018-01-27 17:31:56.468;RC;AS22-AS1-20180127172953
2018-01-27 17:31:57.508;SS;AS22-AS1-20180127172953
2018-01-27 17:32:04.573;RU;AS22-AS1-20180127172844
2018-01-27 17:32:06.644;VU;AS22-AS1-20180127172844
2018-01-27 17:32:38.472;RO;AS22-AS1-20180127173116
2018-01-27 17:32:39.631;SP;AS22-AS1-20180127173116
2018-01-27 17:32:41.987;SQ;AS22-AS1-20180127173241
2018-01-27 17:33:24.307;RC;AS22-AS1-20180127173116
2018-01-27 17:33:24.808;RU;AS22-AS1-20180127172953
2018-01-27 17:33:26.330;SS;AS22-AS1-20180127173116
2018-01-27 17:33:28.577;VU;AS22-AS1-20180127172953
2018-01-27 17:34:02.291;RO;AS22-AS1-20180127173241
2018-01-27 17:34:27.419;SP;AS22-AS1-20180127173241
2018-01-27 17:34:59.421;RU;AS22-AS1-20180127173116
2018-01-27 17:35:07.264;SQ;AS22-AS1-20180127173507
2018-01-27 17:35:12.169;VU;AS22-AS1-20180127173116
2018-01-27 17:35