2018-01-27 17:18:30.506;SQ;AS23-AS1-20180127171830
2018-01-27 17:18:40.410;RO;AS23-AS1-20180127171830
2018-01-27 17:18:41.326;SP;AS23-AS1-20180127171830
2018-01-27 17:18:42.933;SQ;AS23-AS1-20180127171842
2018-01-27 17:18:59.081;RC;AS23-AS1-20180127171830
2018-01-27 17:18:59.870;SS;AS23-AS1-20180127171830
2018-01-27 17:19:25.498;RO;AS23-AS1-20180127171842
2018-01-27 17:19:26.794;SP;AS23-AS1-20180127171842
2018-01-27 17:19:28.418;SQ;AS23-AS1-20180127171928
2018-01-27 17:19:57.743;RC;AS23-AS1-20180127171842
2018-01-27 17:19:58.540;RU;AS23-AS1-20180127171830
2018-01-27 17:19:58.540;SS;AS23-AS1-20180127171842
2018-01-27 17:20:00.329;VU;AS23-AS1-20180127171830
2018-01-27 17:20:42.208;RO;AS23-AS1-20180127171928
2018-01-27 17:20:43.294;SP;AS23-AS1-20180127171928
2018-01-27 17:20:44.920;SQ;AS23-AS1-20180127172044
2018-01-27 17:21:13.425;RU;AS23-AS1-20180127171842
2018-01-27 17:21:15.219;VU;AS23-AS1-20180127171842
2018-01-27 17:21:29.757;RC;AS23-AS1-20180127171928
2018-01-27 17:21:30.564;SS;AS23-AS1-20180127171928
2018-01-27 17:22:04.875;RO;AS23-AS1-20180127172044
2018-01-27 17:22:05.825;SP;AS23-AS1-20180127172044
2018-01-27 17:22:08.662;SQ;AS23-AS1-20180127172208
2018-01-27 17:22:48.889;RC;AS23-AS1-20180127172044
2018-01-27 17:22:49.684;SS;AS23-AS1-20180127172044
2018-01-27 17:22:56.824;RU;AS23-AS1-20180127171928
2018-01-27 17:22:58.615;VU;AS23-AS1-20180127171928
2018-01-27 17:23:26.829;RO;AS23-AS1-20180127172208
2018-01-27 17:23:28.058;SP;AS23-AS1-20180127172208
2018-01-27 17:23:29.665;SQ;AS23-AS1-20180127172329
2018-01-27 17:24:05.125;RU;AS23-AS1-20180127172044
2018-01-27 17:24:11.200;RC;AS23-AS1-20180127172208
2018-01-27 17:24:13.282;SS;AS23-AS1-20180127172208
2018-01-27 17:24:54.241;RO;AS23-AS1-20180127172329
2018-01-27 17:24:55.314;SP;AS23-AS1-20180127172329
2018-01-27 17:25:00.043;SQ;AS23-AS1-20180127172500
2018-01-27 17:25:28.608;RU;AS23-AS1-20180127172208
2018-01-27 17:25:31.002;RC;AS23-AS1-20180127172329
2018-01-27 17:25:31.541;VU;AS23-AS1-20180127172208
2018-01-27 17:25:32.221;SS;AS23-AS1-20180127172329
2018-01-27 17:26:17.385;RO;AS23-AS1-20180127172500
2018-01-27 17:26:20.198;SP;AS23-AS1-20180127172500
2018-01-27 17:26:22.460;SQ;AS23-AS1-20180127172622
2018-01-27 17:26:36.988;RU;AS23-AS1-20180127172329
2018-01-27 17:26:39.430;VU;AS23-AS1-20180127172329
2018-01-27 17:27:01.084;RC;AS23-AS1-20180127172500
2018-01-27 17:27:01.899;SS;AS23-AS1-20180127172500
2018-01-27 17:27:37.607;RO;AS23-AS1-20180127172622
2018-01-27 17:27:39.113;SP;AS23-AS1-20180127172622
2018-01-27 17:27:41.394;SQ;AS23-AS1-20180127172741
2018-01-27 17:28:21.272;RC;AS23-AS1-20180127172622
2018-01-27 17:28:23.059;SS;AS23-AS1-20180127172622
2018-01-27 17:28:29.950;RU;AS23-AS1-20180127172500
2018-01-27 17:28:31.770;VU;AS23-AS1-20180127172500
2018-01-27 17:28:58.611;RO;AS23-AS1-20180127172741
2018-01-27 17:28:59.800;SP;AS23-AS1-20180127172741
2018-01-27 17:29:02.238;SQ;AS23-AS1-20180127172902
2018-01-27 17:29:41.084;RC;AS23-AS1-20180127172741
2018-01-27 17:29:42.657;SS;AS23-AS1-20180127172741
2018-01-27 17:29:50.069;RU;AS23-AS1-20180127172622
2018-01-27 17:29:51.957;VU;AS23-AS1-20180127172622
2018-01-27 17:30:26.549;RO;AS23-AS1-20180127172902
2018-01-27 17:30:27.788;SP;AS23-AS1-20180127172902
2018-01-27 17:30:30.233;SQ;AS23-AS1-20180127173030
2018-01-27 17:31:06.850;RC;AS23-AS1-20180127172902
2018-01-27 17:31:08.447;SS;AS23-AS1-20180127172902
2018-01-27 17:31:15.442;RU;AS23-AS1-20180127172741
2018-01-27 17:31:50.788;RO;AS23-AS1-20180127173030
2018-01-27 17:31:52.061;VU;AS23-AS1-20180127172741
2018-01-27 17:32:23.615;RU;AS23-AS1-20180127172902
2018-01-27 17:32:32.391;SP;AS23-AS1-20180127173030
2018-01-27 17:33:18.566;RC;AS23-AS1-20180127173030
2018-01-27 17:34:31.776;VU;AS23-AS1-20180127172902
2018-01-27 17:34:34.694;SS;AS23-AS1-20180127173030
2018-01-27 17:34:37.438;SQ;AS23-AS1-20180127173437
2018-01-27 17:36:00.196;RU;AS23-AS1-20180127173030
2018-01-27 17:36:01.304;RO;AS23-AS1-20180127173437
2018-01-27 17:36:55.510;SP;AS23-AS1-20180127173437
2018-01-27 17:37:36.375;RC;AS23-AS1-20180127173437
2018-01-27 17:38:49.513;SS;AS23-AS1-20180127173437
2018-01-27 17:39