2018-01-27 17:18:40.512;SQ;AS25-AS1-20180127171840
2018-01-27 17:19:22.090;RO;AS25-AS1-20180127171840
2018-01-27 17:19:23.384;SP;AS25-AS1-20180127171840
2018-01-27 17:19:25.067;SQ;AS25-AS1-20180127171925
2018-01-27 17:19:57.084;RC;AS25-AS1-20180127171840
2018-01-27 17:19:57.893;SS;AS25-AS1-20180127171840
2018-01-27 17:20:35.386;RO;AS25-AS1-20180127171925
2018-01-27 17:20:36.483;SP;AS25-AS1-20180127171925
2018-01-27 17:20:38.170;SQ;AS25-AS1-20180127172038
2018-01-27 17:21:18.366;RC;AS25-AS1-20180127171925
2018-01-27 17:21:19.211;SS;AS25-AS1-20180127171925
2018-01-27 17:21:23.847;RU;AS25-AS1-20180127171840
2018-01-27 17:21:25.682;VU;AS25-AS1-20180127171840
2018-01-27 17:21:55.494;RO;AS25-AS1-20180127172038
2018-01-27 17:21:56.580;SP;AS25-AS1-20180127172038
2018-01-27 17:21:58.218;SQ;AS25-AS1-20180127172158
2018-01-27 17:22:36.662;RC;AS25-AS1-20180127172038
2018-01-27 17:22:37.507;SS;AS25-AS1-20180127172038
2018-01-27 17:22:51.338;RU;AS25-AS1-20180127171925
2018-01-27 17:22:53.171;VU;AS25-AS1-20180127171925
2018-01-27 17:23:20.520;RO;AS25-AS1-20180127172158
2018-01-27 17:23:21.653;SP;AS25-AS1-20180127172158
2018-01-27 17:23:23.354;SQ;AS25-AS1-20180127172323
2018-01-27 17:24:02.880;RU;AS25-AS1-20180127172038
2018-01-27 17:24:04.717;VU;AS25-AS1-20180127172038
2018-01-27 17:24:08.082;RC;AS25-AS1-20180127172158
2018-01-27 17:24:08.897;SS;AS25-AS1-20180127172158
2018-01-27 17:24:31.863;RO;AS25-AS1-20180127172323
2018-01-27 17:24:32.774;SP;AS25-AS1-20180127172323
2018-01-27 17:24:34.450;SQ;AS25-AS1-20180127172434
2018-01-27 17:25:13.945;RC;AS25-AS1-20180127172323
2018-01-27 17:25:14.781;SS;AS25-AS1-20180127172323
2018-01-27 17:25:37.315;RU;AS25-AS1-20180127172158
2018-01-27 17:25:39.137;VU;AS25-AS1-20180127172158
2018-01-27 17:25:53.379;RO;AS25-AS1-20180127172434
2018-01-27 17:25:54.368;SP;AS25-AS1-20180127172434
2018-01-27 17:25:56.031;SQ;AS25-AS1-20180127172556
2018-01-27 17:26:28.319;RU;AS25-AS1-20180127172323
2018-01-27 17:26:30.166;VU;AS25-AS1-20180127172323
2018-01-27 17:26:37.286;RC;AS25-AS1-20180127172434
2018-01-27 17:26:38.105;SS;AS25-AS1-20180127172434
2018-01-27 17:27:10.353;RO;AS25-AS1-20180127172556
2018-01-27 17:27:11.454;SP;AS25-AS1-20180127172556
2018-01-27 17:27:13.103;SQ;AS25-AS1-20180127172713
2018-01-27 17:27:42.183;RC;AS25-AS1-20180127172556
2018-01-27 17:27:42.997;SS;AS25-AS1-20180127172556
2018-01-27 17:28:00.265;RU;AS25-AS1-20180127172434
2018-01-27 17:28:02.114;VU;AS25-AS1-20180127172434
2018-01-27 17:28:31.365;RO;AS25-AS1-20180127172713
2018-01-27 17:28:32.515;SP;AS25-AS1-20180127172713
2018-01-27 17:28:34.182;SQ;AS25-AS1-20180127172834
2018-01-27 17:28:59.080;RU;AS25-AS1-20180127172556
2018-01-27 17:29:00.914;VU;AS25-AS1-20180127172556
2018-01-27 17:30:00.911;RO;AS25-AS1-20180127172834
2018-01-27 17:30:02.130;SP;AS25-AS1-20180127172834
2018-01-27 17:30:03.823;SQ;AS25-AS1-20180127173003
2018-01-27 17:30:31.231;RC;AS25-AS1-20180127172713
2018-01-27 17:30:32.056;SS;AS25-AS1-20180127172713
2018-01-27 17:30:50.575;RC;AS25-AS1-20180127172834
2018-01-27 17:30:51.391;SS;AS25-AS1-20180127172834
2018-01-27 17:31:37.559;RO;AS25-AS1-20180127173003
2018-01-27 17:31:38.770;SP;AS25-AS1-20180127173003
2018-01-27 17:31:40.444;SQ;AS25-AS1-20180127173140
2018-01-27 17:31:54.529;RU;AS25-AS1-20180127172713
2018-01-27 17:31:56.370;VU;AS25-AS1-20180127172713
2018-01-27 17:32:22.134;RC;AS25-AS1-20180127173003
2018-01-27 17:32:22.841;RU;AS25-AS1-20180127172834
2018-01-27 17:32:23.095;SS;AS25-AS1-20180127173003
2018-01-27 17:32:24.834;VU;AS25-AS1-20180127172834
2018-01-27 17:33:00.124;RO;AS25-AS1-20180127173140
2018-01-27 17:33:01.359;SP;AS25-AS1-20180127173140
2018-01-27 17:33:03.017;SQ;AS25-AS1-20180127173303
2018-01-27 17:33:34.428;RC;AS25-AS1-20180127173140
2018-01-27 17:33:35.245;SS;AS25-AS1-20180127173140
2018-01-27 17:33:49.494;RU;AS25-AS1-20180127173003
2018-01-27 17:33:51.350;VU;AS25-AS1-20180127173003
2018-01-27 17:34:13.082;RO;AS25-AS1-20180127173303
2018-01-27 17:34:13.956;SP;AS25-AS1-20180127173303
2018-01-27 17:34:15.606;SQ;AS25-AS1-20180127173415
2018-01-27 17:34:54.668;RC;AS25-AS1-20180127173303
2018-01-27 17:34:55.497;SS;AS25-AS1-20180127173303
2018-01-27 17:34:57.285;RU;AS25-AS1-20180127173140
2018-01-27 17:34:59.128;VU;AS25-AS1-20180127173140
2018-01-27 17:35:28.552;RO;AS25-AS1-20180127173415
2018-01-27 17:35:29.525;SP;AS25-AS1-20180127173415
2018-01-27 17:35:31.156;SQ;AS25-AS1-20180127173531
2018-01-27 17:36:03.631;RC;AS25-AS1-20180127173415
2018-01-27 17:36:04.456;SS;AS25-AS1-20180127173415
2018-01-27 17:36:08.643;RU;AS25-AS1-20180127173303
2018-01-27 17:36:10.471;VU;AS25-AS1-20180127173303
2018-01-27 17:36:46.290;RO;AS25-AS1-20180127173531
2018-01-27 17:36:47.576;SP;AS25-AS1-20180127173531
2018-01-27 17:36:49.255;SQ;AS25-AS1-20180127173649
2018-01-27 17:37:25.364;RU;AS25-AS1-20180127173415
2018-01-27 17:37:27.183;VU;AS25-AS1-20180127173415
2018-01-27 17:37:32.420;RC;AS25-AS1-20180127173531
2018-01-27 17:37:33.268;SS;AS25-AS1-20180127173531
2018-01-27 17:38:49.660;RO;AS25-AS1-20180127173649
2018-01-27 17:38:50.724;SP;AS25-AS1-20180127173649
2018-01-27 17:38:52.390;SQ;AS25-AS1-20180127173852
2018-01-27 17:38:56.971;RU;AS25-AS1-20180127173531
2018-01-27 17:38:59.044;VU;AS25-AS1-20180127173531
2018-01-27 17:39:19.503;RC;AS25-AS1-20180127173649
2018-01-27 17:39:20.324;SS;AS25-AS1-20180127173649
2018-01-27 17:40:14.404;RO;AS25-AS1-20180127173852
2018-01-27 17:40:15.310;SP;AS25-AS1-20180127173852
2018-01-27 17:40:17.454;SQ;AS25-AS1-20180127174017
2018-01-27 17:40:31.841;RU;AS25-AS1-20180127173649
2018-01-27 17:40:34.383;VU;AS25-AS1-20180127173649
2018-01-27 17:40:57.321;RC;AS25-AS1-20180127173852
2018-01-27 17:40:58.152;SS;AS25-AS1-20180127173852
2018-01-27 17:41:36.625;RO;AS25-AS1-20180127174017
2018-01-27 17:41:37.878;SP;AS25-AS1-20180127174017
2018-01-27 17:41:39.512;SQ;AS25-AS1-20180127174139
2018-01-27 17:42:04.727;RU;AS25-AS1-20180127173852
2018-01-27 17:42:19.026;RC;AS25-AS1-20180127174017
2018-01-27 17:42:20.065;SS;AS25-AS1-20180127174017
2018-01-27 17:43:04.581;RO;AS25-AS1-20180127174139
2018-01-27 17:43:05.734;SP;AS25-AS1-20180127174139
2018-01-27 17:43:10.115;SQ;AS25-AS1-20180127174310
2018-01-27 17:43:37.964;RU;AS25-AS1-20180127174017
2018-01-27 17:43:41.409;VU;AS25-AS1-20180127174017
2018-01-27 17:44:18.854;RO;AS25-AS1-20180127174310
2018-01-27 17:44:20.132;SP;AS25-AS1-20180127174310
2018-01-27 17:44:20.859;RC;AS25-AS1-20180127174139
2018-01-27 17:44:22.947;SS;AS25-AS1-20180127174139
2018-01-27 17:44:23.831;SQ;AS25-AS1-20180127174423
2018-01-27 17:45:24.977;RC;AS25-AS1-20180127174310
2018-01-27 17:45:25.991;SS;AS25-AS1-20180127174310
2018-01-27 17:45:35.452;RU;AS25-AS1-20180127174139
2018-01-27 17:45:37.780;VU;AS25-AS1-20180127174139
2018-01-27 17:45:38.628;RO;AS25-AS1-20180127174423
2018-01-27 17:45:39.835;SP;AS25-AS1-20180127174423
2018-01-27 17:45:42.364;SQ;AS25-AS1-20180127174542
2018-01-27 17:46:24.323;RC;AS25-AS1-20180127174423
2018-01-27 17:46:25.448;SS;AS25-AS1-20180127174423
2018-01-27 17:46:47.380;RU;AS25-AS1-20180127174310
2018-01-27 17:46:50.158;VU;AS25-AS1-20180127174310
2018-01-27 17:47:02.057;RO;AS25-AS1-20180127174542
2018-01-27 17:47:04.672;SP;AS25-AS1-20180127174542
2018-01-27 17:47:07.040;SQ;AS25-AS1-20180127174707
2018-01-27 17:47:39.653;RC;AS25-AS1-20180127174542
2018-01-27 17:47:41.219;SS;AS25-AS1-20180127174542
2018-01-27 17:47:45.106;RU;AS25-AS1-20180127174423
2018-01-27 17:47:47.100;VU;AS25-AS1-20180127174423
2018-01-27 17:48:26.870;RO;AS25-AS1-20180127174707
2018-01-27 17:48:28.023;SP;AS25-AS1-20180127174707
2018-01-27 17:48:30.501;SQ;AS25-AS1-20180127174830
2018-01-27 17:48:51.029;RU;AS25-AS1-20180127174542
2018-01-27 17:48:54.296;VU;AS25-AS1-20180127174542
2018-01-27 17:49:01.192;RC;AS25-AS1-20180127174707
2018-01-27 17:49:02.467;SS;AS25-AS1-20180127174707
2018-01-27 17:49:53.914;RO;AS25-AS1-20180127174830
2018-01-27 17:49:56.143;SP;AS25-AS1-20180127174830
2018-01-27 17:49:59.012;SQ;AS25-AS1-20180127174959
2018-01-27 17:50:23.560;RU;AS25-AS1-20180127174707
2018-01-27 17:50:25.675;VU;AS25-AS1-20180127174707
2018-01-27 17:50:37.092;RC;AS25-AS1-20180127174830
2018-01-27 17:50:37.975;SS;AS25-AS1-20180127174830
2018-01-27 17:51:10.935;RO;AS25-AS1-20180127174959
2018-01-27 17:51:15.847;SP;AS25-AS1-20180127174959
2018-01-27 17:51:52.591;RC;AS25-AS1-20180127174959
2018-01-27 17:52:01.388;RU;AS25-AS1-20180127174830
2018-01-27 17:52:15.054;SQ;AS25-AS1-20180127175215
2018-01-27 17:52:57.042;SS;AS25-AS1-20180127174959
2018-01-27 17:53:00.103;VU;AS25-AS1-20180127174830
2018-01-27 17:53:34.201;RO;AS25-AS1-20180127175215
2018-01-27 17:54:08.274;SP;AS25-AS1-20180127175215
2018-01-27 17:54:24.870;RU;AS25-AS1-20180127174959
2018-01-27 17:54:46.906;RC;AS25-AS1-20180127175215
2018-01-27 17:55:08.392;SS;AS25-AS1-20180127175215
2018-01-27 17:55:09.486;SQ;AS25-AS1-20180127175509
2018-01-27 17:56:24.912;RO;AS25-AS1-20180127175509
2018-01-27 17:56:31.416;RU;AS25-AS1-20180127175215
2018-01-27 17:57:34.339;SP;AS25-AS1-20180127175509
2018-01-27 17:57:47.224;VU;AS25-AS1-20180127174959
2018-01-27 17:58:17.867;RC;AS25-AS1-20180127175509
2018-01-27 17:59:32.630;SS;AS25-AS1-20180127175509
2018-01-27 17:59:48.381;SQ;AS25-AS1-20180127175948
2018-01-27 18:00:31.556;RU;AS25-AS1-20180127175509
2018-01-27 18:00:40.520;RO;AS25-AS1-20180127175948
2018-01-27 18:01:52.640;SP;AS25-AS1-20180127175948
2018-01-27 18:01:53.296;RC;AS25-AS1-20180127175948
2018-01-27 18:02:46.327;VU;AS25-AS1-20180127175215
2018-01-27 18:03:18.557;SS;AS25-AS1-20180127175948
2018-01-27 18:03:22.932;RU;AS25-AS1-20180127175948
2018-01-27 18:04:40.615;SQ;AS25-AS1-20180127180440
2018-01-27 18:04:41.964;RO;AS25-AS1-20180127180440
2018-01-27 18:05:52.370;SP;AS25-AS1-20180127180440
2018-01-27 18:05:53.147;RC;AS25-AS1-20180127180440
2018-01-27 18:07:28.947;SS;AS25-AS1-20180127180440
2018-01-27 18:07:33.325;RU;AS25-AS1-20180127180440
2018-01-27 18:08:51.279;SQ;AS25-AS1-20180127180851
2018-01-27 18:08:52.630;RO;AS25-AS1-20180127180851
2018-01-27 18:10:31.208;SP;AS25-AS1-20180127180851
2018-01-27 18:10:31.901;RC;AS25-AS1-20180127180851
2018-01-27 18:12:29.725;SS;AS25-AS1-20180127180851
2018-01-27 18:12:34.097;RU;AS25-AS1-20180127180851
2018-01-27 18:14:19.115;SQ;AS25-AS1-20180127181419
2018-01-27 18:14:20.386;RO;AS25-AS1-20180127181419
2018-01-27 18:16:08.021;SP;AS25-AS1-20180127181419
2018-01-27 18:16:08.672;RC;AS25-AS1-20180127181419
2018-01-27 18:17:20.824;VU;AS25-AS1-20180127175509
2018-01-27 18:18:01.491;SS;AS25-AS1-20180127181419
2018-01-27 18:18:05.827;RU;AS25-AS1-20180127181419
