2018-01-27 17:18:28.366;SQ;AS29-AS1-20180127171828
2018-01-27 17:18:30.021;RO;AS29-AS1-20180127171828
2018-01-27 17:18:31.202;SP;AS29-AS1-20180127171828
2018-01-27 17:18:32.845;SQ;AS29-AS1-20180127171832
2018-01-27 17:18:35.896;RC;AS29-AS1-20180127171828
2018-01-27 17:18:36.727;SS;AS29-AS1-20180127171828
2018-01-27 17:19:02.593;RO;AS29-AS1-20180127171832
2018-01-27 17:19:03.692;SP;AS29-AS1-20180127171832
2018-01-27 17:19:05.347;SQ;AS29-AS1-20180127171905
2018-01-27 17:19:09.993;RU;AS29-AS1-20180127171828
2018-01-27 17:19:11.836;VU;AS29-AS1-20180127171828
2018-01-27 17:19:29.680;RC;AS29-AS1-20180127171832
2018-01-27 17:19:30.518;SS;AS29-AS1-20180127171832
2018-01-27 17:20:13.650;RO;AS29-AS1-20180127171905
2018-01-27 17:20:14.738;SP;AS29-AS1-20180127171905
2018-01-27 17:20:16.411;SQ;AS29-AS1-20180127172016
2018-01-27 17:20:44.397;RC;AS29-AS1-20180127171905
2018-01-27 17:20:45.231;SS;AS29-AS1-20180127171905
2018-01-27 17:21:15.539;RU;AS29-AS1-20180127171832
2018-01-27 17:21:17.364;VU;AS29-AS1-20180127171832
2018-01-27 17:21:35.610;RO;AS29-AS1-20180127172016
2018-01-27 17:21:37.141;SP;AS29-AS1-20180127172016
2018-01-27 17:21:38.832;SQ;AS29-AS1-20180127172138
2018-01-27 17:22:11.905;RU;AS29-AS1-20180127171905
2018-01-27 17:22:13.773;VU;AS29-AS1-20180127171905
2018-01-27 17:22:19.730;RC;AS29-AS1-20180127172016
2018-01-27 17:22:20.551;SS;AS29-AS1-20180127172016
2018-01-27 17:22:53.953;RO;AS29-AS1-20180127172138
2018-01-27 17:22:55.475;SP;AS29-AS1-20180127172138
2018-01-27 17:22:57.129;SQ;AS29-AS1-20180127172257
2018-01-27 17:23:34.397;RC;AS29-AS1-20180127172138
2018-01-27 17:23:35.220;SS;AS29-AS1-20180127172138
2018-01-27 17:23:51.455;RU;AS29-AS1-20180127172016
2018-01-27 17:23:53.284;VU;AS29-AS1-20180127172016
2018-01-27 17:24:17.091;RO;AS29-AS1-20180127172257
2018-01-27 17:24:18.072;SP;AS29-AS1-20180127172257
2018-01-27 17:24:19.758;SQ;AS29-AS1-20180127172419
2018-01-27 17:25:00.181;RU;AS29-AS1-20180127172138
2018-01-27 17:25:02.002;VU;AS29-AS1-20180127172138
2018-01-27 17:25:07.800;RC;AS29-AS1-20180127172257
2018-01-27 17:25:08.643;SS;AS29-AS1-20180127172257
2018-01-27 17:25:45.472;RO;AS29-AS1-20180127172419
2018-01-27 17:25:46.681;SP;AS29-AS1-20180127172419
2018-01-27 17:25:48.352;SQ;AS29-AS1-20180127172548
2018-01-27 17:26:22.526;RU;AS29-AS1-20180127172257
2018-01-27 17:26:24.348;VU;AS29-AS1-20180127172257
2018-01-27 17:26:28.678;RC;AS29-AS1-20180127172419
2018-01-27 17:26:29.518;SS;AS29-AS1-20180127172419
2018-01-27 17:27:09.616;RO;AS29-AS1-20180127172548
2018-01-27 17:27:10.771;SP;AS29-AS1-20180127172548
2018-01-27 17:27:12.457;SQ;AS29-AS1-20180127172712
2018-01-27 17:27:45.776;RC;AS29-AS1-20180127172548
2018-01-27 17:27:46.593;SS;AS29-AS1-20180127172548
2018-01-27 17:27:47.428;RU;AS29-AS1-20180127172419
2018-01-27 17:27:49.284;VU;AS29-AS1-20180127172419
2018-01-27 17:28:31.761;RO;AS29-AS1-20180127172712
2018-01-27 17:28:32.884;SP;AS29-AS1-20180127172712
2018-01-27 17:28:34.560;SQ;AS29-AS1-20180127172834
2018-01-27 17:29:06.797;RU;AS29-AS1-20180127172548
2018-01-27 17:29:07.740;RC;AS29-AS1-20180127172712
2018-01-27 17:29:09.615;VU;AS29-AS1-20180127172548
2018-01-27 17:29:09.722;SS;AS29-AS1-20180127172712
2018-01-27 17:29:59.506;RO;AS29-AS1-20180127172834
2018-01-27 17:30:00.495;SP;AS29-AS1-20180127172834
2018-01-27 17:30:02.205;SQ;AS29-AS1-20180127173002
2018-01-27 17:30:31.211;RU;AS29-AS1-20180127172712
2018-01-27 17:30:31.513;RC;AS29-AS1-20180127172834
2018-01-27 17:30:32.891;SS;AS29-AS1-20180127172834
2018-01-27 17:30:33.506;VU;AS29-AS1-20180127172712
2018-01-27 17:31:54.299;RO;AS29-AS1-20180127173002
2018-01-27 17:31:55.176;SP;AS29-AS1-20180127173002
2018-01-27 17:31:56.853;SQ;AS29-AS1-20180127173156
2018-01-27 17:31:58.129;RU;AS29-AS1-20180127172834
2018-01-27 17:32:00.600;VU;AS29-AS1-20180127172834
2018-01-27 17:32:32.946;RC;AS29-AS1-20180127173002
2018-01-27 17:32:33.797;SS;AS29-AS1-20180127173002
2018-01-27 17:33:24.798;RO;AS29-AS1-20180127173156
2018-01-27 17:33:25.774;SP;AS29-AS1-20180127173156
2018-01-27 17:33:27.425;SQ;AS29-AS1-20180127173327
2018-01-27 17:34:04.135;RC;AS29-AS1-20180127173156
2018-01-27 17:34:04.984;SS;AS29-AS1-20180127173156
2018-01-27 17:34:05.565;RU;AS29-AS1-20180127173002
2018-01-27 17:34:07.418;VU;AS29-AS1-20180127173002
2018-01-27 17:34:53.767;RO;AS29-AS1-20180127173327
2018-01-27 17:34:54.845;SP;AS29-AS1-20180127173327
2018-01-27 17:34:56.509;SQ;AS29-AS1-20180127173456
2018-01-27 17:35:14.621;RU;AS29-AS1-20180127173156
2018-01-27 17:35:16.469;VU;AS29-AS1-20180127173156
2018-01-27 17:35:30.122;RC;AS29-AS1-20180127173327
2018-01-27 17:35:30.986;SS;AS29-AS1-20180127173327
2018-01-27 17:36:18.265;RO;AS29-AS1-20180127173456
2018-01-27 17:36:19.442;SP;AS29-AS1-20180127173456
2018-01-27 17:36:21.590;SQ;AS29-AS1-20180127173621
2018-01-27 17:37:00.929;RC;AS29-AS1-20180127173456
2018-01-27 17:37:01.425;RU;AS29-AS1-20180127173327
2018-01-27 17:37:02.057;SS;AS29-AS1-20180127173456
2018-01-27 17:37:03.620;VU;AS29-AS1-20180127173327
2018-01-27 17:37:48.394;RO;AS29-AS1-20180127173621
2018-01-27 17:37:49.518;SP;AS29-AS1-20180127173621
2018-01-27 17:37:51.208;SQ;AS29-AS1-20180127173751
2018-01-27 17:38:29.627;RU;AS29-AS1-20180127173456
2018-01-27 17:38:31.450;VU;AS29-AS1-20180127173456
2018-01-27 17:38:36.212;RC;AS29-AS1-20180127173621
2018-01-27 17:38:37.053;SS;AS29-AS1-20180127173621
2018-01-27 17:39:04.077;RO;AS29-AS1-20180127173751
2018-01-27 17:39:05.116;SP;AS29-AS1-20180127173751
2018-01-27 17:39:06.779;SQ;AS29-AS1-20180127173906
2018-01-27 17:39:45.900;RC;AS29-AS1-20180127173751
2018-01-27 17:39:46.734;SS;AS29-AS1-20180127173751
2018-01-27 17:40:09.399;RU;AS29-AS1-20180127173621
2018-01-27 17:40:11.230;VU;AS29-AS1-20180127173621
2018-01-27 17:40:29.845;RO;AS29-AS1-20180127173906
2018-01-27 17:40:30.697;SP;AS29-AS1-20180127173906
2018-01-27 17:40:32.754;SQ;AS29-AS1-20180127174032
2018-01-27 17:41:05.729;RU;AS29-AS1-20180127173751
2018-01-27 17:41:07.576;VU;AS29-AS1-20180127173751
2018-01-27 17:41:12.558;RC;AS29-AS1-20180127173906
2018-01-27 17:41:13.408;SS;AS29-AS1-20180127173906
2018-01-27 17:41:53.356;RO;AS29-AS1-20180127174032
2018-01-27 17:41:54.687;SP;AS29-AS1-20180127174032
2018-01-27 17:41:56.396;SQ;AS29-AS1-20180127174156
2018-01-27 17:42:30.126;RU;AS29-AS1-20180127173906
2018-01-27 17:42:31.939;VU;AS29-AS1-20180127173906
2018-01-27 17:42:39.055;RC;AS29-AS1-20180127174032
2018-01-27 17:42:39.889;SS;AS29-AS1-20180127174032
2018-01-27 17:43:10.192;RO;AS29-AS1-20180127174156
2018-01-27 17:43:11.296;SP;AS29-AS1-20180127174156
2018-01-27 17:43:12.981;SQ;AS29-AS1-20180127174312
2018-01-27 17:43:52.404;RC;AS29-AS1-20180127174156
2018-01-27 17:43:53.258;SS;AS29-AS1-20180127174156
2018-01-27 17:44:07.209;RU;AS29-AS1-20180127174032
2018-01-27 17:44:09.052;VU;AS29-AS1-20180127174032
2018-01-27 17:44:38.316;RO;AS29-AS1-20180127174312
2018-01-27 17:44:39.424;SP;AS29-AS1-20180127174312
2018-01-27 17:44:41.881;SQ;AS29-AS1-20180127174441
2018-01-27 17:45:16.491;RC;AS29-AS1-20180127174312
2018-01-27 17:45:17.314;SS;AS29-AS1-20180127174312
2018-01-27 17:45:24.805;RU;AS29-AS1-20180127174156
2018-01-27 17:45:26.670;VU;AS29-AS1-20180127174156
2018-01-27 17:46:06.867;RO;AS29-AS1-20180127174441
2018-01-27 17:46:07.777;SP;AS29-AS1-20180127174441
2018-01-27 17:46:09.435;SQ;AS29-AS1-20180127174609
2018-01-27 17:46:50.218;RC;AS29-AS1-20180127174441
2018-01-27 17:46:51.033;SS;AS29-AS1-20180127174441
2018-01-27 17:47:18.397;RU;AS29-AS1-20180127174312
2018-01-27 17:47:20.776;RO;AS29-AS1-20180127174609
2018-01-27 17:47:20.820;VU;AS29-AS1-20180127174312
2018-01-27 17:47:21.833;SP;AS29-AS1-20180127174609
2018-01-27 17:47:23.493;SQ;AS29-AS1-20180127174723
2018-01-27 17:48:07.349;RC;AS29-AS1-20180127174609
2018-01-27 17:48:08.170;SS;AS29-AS1-20180127174609
2018-01-27 17:48:16.342;RU;AS29-AS1-20180127174441
2018-01-27 17:48:18.160;VU;AS29-AS1-20180127174441
2018-01-27 17:48:46.139;RO;AS29-AS1-20180127174723
2018-01-27 17:48:47.415;SP;AS29-AS1-20180127174723
2018-01-27 17:48:49.070;SQ;AS29-AS1-20180127174849
2018-01-27 17:49:16.571;RU;AS29-AS1-20180127174609
2018-01-27 17:49:18.400;VU;AS29-AS1-20180127174609
2018-01-27 17:49:29.762;RC;AS29-AS1-20180127174723
2018-01-27 17:49:30.618;SS;AS29-AS1-20180127174723
2018-01-27 17:50:12.068;RO;AS29-AS1-20180127174849
2018-01-27 17:50:13.011;SP;AS29-AS1-20180127174849
2018-01-27 17:50:14.649;SQ;AS29-AS1-20180127175014
2018-01-27 17:50:50.401;RU;AS29-AS1-20180127174723
2018-01-27 17:50:52.224;VU;AS29-AS1-20180127174723
2018-01-27 17:50:55.087;RC;AS29-AS1-20180127174849
2018-01-27 17:50:56.128;SS;AS29-AS1-20180127174849
2018-01-27 17:51:37.109;RO;AS29-AS1-20180127175014
2018-01-27 17:51:38.076;SP;AS29-AS1-20180127175014
2018-01-27 17:51:39.769;SQ;AS29-AS1-20180127175139
2018-01-27 17:52:16.086;RC;AS29-AS1-20180127175014
2018-01-27 17:52:16.914;SS;AS29-AS1-20180127175014
2018-01-27 17:52:24.458;RU;AS29-AS1-20180127174849
2018-01-27 17:52:26.309;VU;AS29-AS1-20180127174849
2018-01-27 17:53:26.949;RU;AS29-AS1-20180127175014
2018-01-27 17:53:28.769;VU;AS29-AS1-20180127175014
2018-01-27 17:53:34.697;RO;AS29-AS1-20180127175139
2018-01-27 17:53:35.730;SP;AS29-AS1-20180127175139
2018-01-27 17:53:37.408;SQ;AS29-AS1-20180127175337
2018-01-27 17:54:13.034;RC;AS29-AS1-20180127175139
2018-01-27 17:54:13.866;SS;AS29-AS1-20180127175139
2018-01-27 17:55:00.740;RO;AS29-AS1-20180127175337
2018-01-27 17:55:01.829;SP;AS29-AS1-20180127175337
2018-01-27 17:55:04.004;SQ;AS29-AS1-20180127175504
2018-01-27 17:55:38.312;RC;AS29-AS1-20180127175337
2018-01-27 17:55:39.155;SS;AS29-AS1-20180127175337
2018-01-27 17:55:46.955;RU;AS29-AS1-20180127175139
2018-01-27 17:55:48.776;VU;AS29-AS1-20180127175139
2018-01-27 17:56:14.706;RO;AS29-AS1-20180127175504
2018-01-27 17:56:15.923;SP;AS29-AS1-20180127175504
2018-01-27 17:56:17.601;SQ;AS29-AS1-20180127175617
2018-01-27 17:56:52.848;RC;AS29-AS1-20180127175504
2018-01-27 17:56:54.376;SS;AS29-AS1-20180127175504
2018-01-27 17:57:01.819;RU;AS29-AS1-20180127175337
2018-01-27 17:57:03.642;VU;AS29-AS1-20180127175337
2018-01-27 17:57:43.236;RO;AS29-AS1-20180127175617
2018-01-27 17:57:44.517;SP;AS29-AS1-20180127175617
2018-01-27 17:57:46.180;SQ;AS29-AS1-20180127175746
2018-01-27 17:58:17.161;RU;AS29-AS1-20180127175504
2018-01-27 17:58:19.002;VU;AS29-AS1-20180127175504
2018-01-27 17:58:26.299;RC;AS29-AS1-20180127175617
2018-01-27 17:58:27.988;SS;AS29-AS1-20180127175617
2018-01-27 17:58:55.795;RO;AS29-AS1-20180127175746
2018-01-27 17:58:57.113;SP;AS29-AS1-20180127175746
2018-01-27 17:59:33.004;RC;AS29-AS1-20180127175746
2018-01-27 17:59:33.852;SS;AS29-AS1-20180127175746
2018-01-27 17:59:39.202;RU;AS29-AS1-20180127175617
2018-01-27 17:59:41.028;VU;AS29-AS1-20180127175617
2018-01-27 18:00:29.382;RU;AS29-AS1-20180127175746
2018-01-27 18:00:31.208;VU;AS29-AS1-20180127175746
