2018-01-27 17:18:29.339;SQ;AS32-AS1-20180127171829
2018-01-27 17:18:33.261;RO;AS32-AS1-20180127171829
2018-01-27 17:18:34.181;SP;AS32-AS1-20180127171829
2018-01-27 17:18:35.830;SQ;AS32-AS1-20180127171835
2018-01-27 17:18:45.441;RC;AS32-AS1-20180127171829
2018-01-27 17:18:46.265;SS;AS32-AS1-20180127171829
2018-01-27 17:19:09.759;RO;AS32-AS1-20180127171835
2018-01-27 17:19:10.702;SP;AS32-AS1-20180127171835
2018-01-27 17:19:12.379;SQ;AS32-AS1-20180127171912
2018-01-27 17:19:36.725;RC;AS32-AS1-20180127171835
2018-01-27 17:19:37.539;SS;AS32-AS1-20180127171835
2018-01-27 17:19:40.740;RU;AS32-AS1-20180127171829
2018-01-27 17:19:42.591;VU;AS32-AS1-20180127171829
2018-01-27 17:20:17.507;RO;AS32-AS1-20180127171912
2018-01-27 17:20:19.543;SP;AS32-AS1-20180127171912
2018-01-27 17:20:21.192;SQ;AS32-AS1-20180127172021
2018-01-27 17:20:48.073;RU;AS32-AS1-20180127171835
2018-01-27 17:20:50.820;VU;AS32-AS1-20180127171835
2018-01-27 17:20:56.563;RC;AS32-AS1-20180127171912
2018-01-27 17:20:57.399;SS;AS32-AS1-20180127171912
2018-01-27 17:21:39.936;RO;AS32-AS1-20180127172021
2018-01-27 17:21:41.094;SP;AS32-AS1-20180127172021
2018-01-27 17:21:42.769;SQ;AS32-AS1-20180127172142
2018-01-27 17:22:24.980;RU;AS32-AS1-20180127171912
2018-01-27 17:22:25.207;RC;AS32-AS1-20180127172021
2018-01-27 17:22:26.673;SS;AS32-AS1-20180127172021
2018-01-27 17:22:27.380;VU;AS32-AS1-20180127171912
2018-01-27 17:22:59.721;RO;AS32-AS1-20180127172142
2018-01-27 17:23:00.684;SP;AS32-AS1-20180127172142
2018-01-27 17:23:02.387;SQ;AS32-AS1-20180127172302
2018-01-27 17:23:39.406;RC;AS32-AS1-20180127172142
2018-01-27 17:23:40.797;SS;AS32-AS1-20180127172142
2018-01-27 17:24:10.375;RO;AS32-AS1-20180127172302
2018-01-27 17:24:12.202;SP;AS32-AS1-20180127172302
2018-01-27 17:24:14.085;SQ;AS32-AS1-20180127172414
2018-01-27 17:24:35.555;RU;AS32-AS1-20180127172021
2018-01-27 17:24:37.395;VU;AS32-AS1-20180127172021
2018-01-27 17:24:55.071;RC;AS32-AS1-20180127172302
2018-01-27 17:24:55.911;SS;AS32-AS1-20180127172302
2018-01-27 17:25:08.187;RU;AS32-AS1-20180127172142
2018-01-27 17:25:10.015;VU;AS32-AS1-20180127172142
2018-01-27 17:26:10.982;RO;AS32-AS1-20180127172414
2018-01-27 17:26:12.041;SP;AS32-AS1-20180127172414
2018-01-27 17:26:13.705;SQ;AS32-AS1-20180127172613
2018-01-27 17:26:48.107;RU;AS32-AS1-20180127172302
2018-01-27 17:26:55.598;RC;AS32-AS1-20180127172414
2018-01-27 17:26:56.960;SS;AS32-AS1-20180127172414
2018-01-27 17:27:33.155;RO;AS32-AS1-20180127172613
2018-01-27 17:27:34.379;SP;AS32-AS1-20180127172613
2018-01-27 17:27:38.073;SQ;AS32-AS1-20180127172738
2018-01-27 17:28:05.828;RU;AS32-AS1-20180127172414
2018-01-27 17:28:08.945;VU;AS32-AS1-20180127172414
2018-01-27 17:28:15.688;RC;AS32-AS1-20180127172613
2018-01-27 17:28:17.221;SS;AS32-AS1-20180127172613
2018-01-27 17:28:57.956;RO;AS32-AS1-20180127172738
2018-01-27 17:28:59.279;SP;AS32-AS1-20180127172738
2018-01-27 17:29:01.671;SQ;AS32-AS1-20180127172901
2018-01-27 17:29:38.606;RC;AS32-AS1-20180127172738
2018-01-27 17:29:40.955;SS;AS32-AS1-20180127172738
2018-01-27 17:29:48.056;RU;AS32-AS1-20180127172613
2018-01-27 17:29:49.872;VU;AS32-AS1-20180127172613
2018-01-27 17:30:20.397;RO;AS32-AS1-20180127172901
2018-01-27 17:30:22.044;SP;AS32-AS1-20180127172901
2018-01-27 17:30:26.094;SQ;AS32-AS1-20180127173026
2018-01-27 17:31:04.125;RC;AS32-AS1-20180127172901
2018-01-27 17:31:05.028;SS;AS32-AS1-20180127172901
2018-01-27 17:31:06.857;RU;AS32-AS1-20180127172738
2018-01-27 17:31:09.507;VU;AS32-AS1-20180127172738
2018-01-27 17:31:50.489;RO;AS32-AS1-20180127173026
2018-01-27 17:31:52.330;SP;AS32-AS1-20180127173026
2018-01-27 17:31:54.732;SQ;AS32-AS1-20180127173154
2018-01-27 17:32:38.953;RC;AS32-AS1-20180127173026
2018-01-27 17:32:40.619;SS;AS32-AS1-20180127173026
2018-01-27 17:32:52.728;RU;AS32-AS1-20180127172901
2018-01-27 17:32:54.556;VU;AS32-AS1-20180127172901
2018-01-27 17:33:15.649;RO;AS32-AS1-20180127173154
2018-01-27 17:33:18.072;SP;AS32-AS1-20180127173154
2018-01-27 17:33:21.166;SQ;AS32-AS1-20180127173321
2018-01-27 17:33:58.335;RC;AS32-AS1-20180127173154
2018-01-27 17:33:59.161;SS;AS32-AS1-20180127173154
2018-01-27 17:34:03.390;RU;AS32-AS1-20180127173026
2018-01-27 17:34:06.910;VU;AS32-AS1-20180127173026
2018-01-27 17:34:46.912;RO;AS32-AS1-20180127173321
2018-01-27 17:34:49.147;SP;AS32-AS1-20180127173321
2018-01-27 17:34:52.060;SQ;AS32-AS1-20180127173452
2018-01-27 17:35:13.492;RU;AS32-AS1-20180127173154
2018-01-27 17:35:16.177;VU;AS32-AS1-20180127173154
2018-01-27 17:35:28.511;RC;AS32-AS1-20180127173321
2018-01-27 17:35:29.807;SS;AS32-AS1-20180127173321
2018-01-27 17:36:12.793;RO;AS32-AS1-20180127173452
2018-01-27 17:36:14.411;SP;AS32-AS1-20180127173452
2018-01-27 17:36:16.967;SQ;AS32-AS1-20180127173616
2018-01-27 17:36:48.400;RU;AS32-AS1-20180127173321
2018-01-27 17:36:59.819;RC;AS32-AS1-20180127173452
2018-01-27 17:37:00.662;SS;AS32-AS1-20180127173452
2018-01-27 17:37:41.006;RO;AS32-AS1-20180127173616
2018-01-27 17:37:42.219;SP;AS32-AS1-20180127173616
2018-01-27 17:37:45.295;SQ;AS32-AS1-20180127173745
2018-01-27 17:38:21.556;RC;AS32-AS1-20180127173616
2018-01-27 17:38:22.473;SS;AS32-AS1-20180127173616
2018-01-27 17:38:27.333;RU;AS32-AS1-20180127173452
2018-01-27 17:38:29.722;VU;AS32-AS1-20180127173452
2018-01-27 17:39:07.267;RO;AS32-AS1-20180127173745
2018-01-27 17:39:08.543;SP;AS32-AS1-20180127173745
2018-01-27 17:39:18.809;SQ;AS32-AS1-20180127173918
2018-01-27 17:39:52.888;RU;AS32-AS1-20180127173616
2018-01-27 17:39:53.667;RC;AS32-AS1-20180127173745
2018-01-27 17:40:10.579;SS;AS32-AS1-20180127173745
2018-01-27 17:40:10.968;VU;AS32-AS1-20180127173616
2018-01-27 17:40:35.907;RO;AS32-AS1-20180127173918
2018-01-27 17:41:01.848;SP;AS32-AS1-20180127173918
2018-01-27 17:41:22.594;RU;AS32-AS1-20180127173745
2018-01-27 17:41:42.198;RC;AS32-AS1-20180127173918
2018-01-27 17:42:49.272;VU;AS32-AS1-20180127173745
2018-01-27 17:43:09.459;SS;AS32-AS1-20180127173918
2018-01-27 17:43:18.950;SQ;AS32-AS1-20180127174318
2018-01-27 17:44:27.282;RU;AS32-AS1-20180127173918
2018-01-27 17:44:38.704;RO;AS32-AS1-20180127174318
2018-01-27 17:45:42.975;SP;AS32-AS1-20180127174318
2018-01-27 17:46:22.715;RC;AS32-AS1-20180127174318
2018-01-27 17:47:27.079;SS;AS32-AS1-20180127174318
2018-01-27 17:48:31.785;SQ;AS32-AS1-20180127174831
2018-01-27 17:48:54.281;RU;AS32-AS1-20180127174318
2018-01-27 17:49:49.702;RO;AS32-AS1-20180127174831
2018-01-27 17:51:18.410;VU;AS32-AS1-20180127173918
2018-01-27 17:51:22.095;SP;AS32-AS1-20180127174831
2018-01-27 17:52:06.500;RC;AS32-AS1-20180127174831
2018-01-27 17:53:36.471;SS;AS32-AS1-20180127174831
2018-01-27 17:54:08.906;SQ;AS32-AS1-20180127175408
2018-01-27 17:54:59.353;RU;AS32-AS1-20180127174831
2018-01-27 17:55:20.627;RO;AS32-AS1-20180127175408
2018-01-27 17:56:51.798;SP;AS32-AS1-20180127175408
2018-01-27 17:57:32.445;RC;AS32-AS1-20180127175408
2018-01-27 17:59:29.562;SS;AS32-AS1-20180127175408
2018-01-27 18:00:23.389;RU;AS32-AS1-20180127175408
2018-01-27 18:00:25.652;SQ;AS32-AS1-20180127180025
2018-01-27 18:00:56.191;RO;AS32-AS1-20180127180025
2018-01-27 18:02:26.140;VU;AS32-AS1-20180127174318
2018-01-27 18:02:42.886;SP;AS32-AS1-20180127180025
2018-01-27 18:02:43.579;RC;AS32-AS1-20180127180025
2018-01-27 18:04:39.229;SS;AS32-AS1-20180127180025
2018-01-27 18:04:43.573;RU;AS32-AS1-20180127180025
2018-01-27 18:05:12.971;SQ;AS32-AS1-20180127180512
2018-01-27 18:05:14.250;RO;AS32-AS1-20180127180512
2018-01-27 18:06:46.042;SP;AS32-AS1-20180127180512
2018-01-27 18:06:46.739;RC;AS32-AS1-20180127180512
2018-01-27 18:09:04.103;SS;AS32-AS1-20180127180512
2018-01-27 18:09:08.418;RU;AS32-AS1-20180127180512
2018-01-27 18:11:18.221;SQ;AS32-AS1-20180127181118
2018-01-27 18:11:19.530;RO;AS32-AS1-20180127181118
2018-01-27 18:13:52.322;SP;AS32-AS1-20180127181118
2018-01-27 18:13:52.980;RC;AS32-AS1-20180127181118
2018-01-27 18:16:29.147;SS;AS32-AS1-20180127181118
2018-01-27 18:16:33.496;RU;AS32-AS1-20180127181118
2018-01-27 18:19:13.821;VU;AS32-AS1-20180127174831
2018-01-27 18:19:21.352;SQ;AS32-AS1-20180127181921
2018-01-27 18:19:22.661;RO;AS32-AS1-20180127181921
2018-01-27 18:21:34.893;SP;AS32-AS1-20180127181921
2018-01-27 18:21:36.080;RC;AS32-AS1-20180127181921
2018-01-27 18:24:12.948;SS;AS32-AS1-20180127181921
2018-01-27 18:24:17.245;RU;AS32-