2018-01-27 17:18:38.191;SQ;AS36-AS1-20180127171838
2018-01-27 17:19:14.574;RO;AS36-AS1-20180127171838
2018-01-27 17:19:15.561;SP;AS36-AS1-20180127171838
2018-01-27 17:19:17.256;SQ;AS36-AS1-20180127171917
2018-01-27 17:19:41.789;RC;AS36-AS1-20180127171838
2018-01-27 17:19:42.619;SS;AS36-AS1-20180127171838
2018-01-27 17:20:18.659;RO;AS36-AS1-20180127171917
2018-01-27 17:20:19.691;SP;AS36-AS1-20180127171917
2018-01-27 17:20:21.388;SQ;AS36-AS1-20180127172021
2018-01-27 17:20:57.562;RU;AS36-AS1-20180127171838
2018-01-27 17:20:59.392;VU;AS36-AS1-20180127171838
2018-01-27 17:21:04.498;RC;AS36-AS1-20180127171917
2018-01-27 17:21:05.988;SS;AS36-AS1-20180127171917
2018-01-27 17:21:49.005;RO;AS36-AS1-20180127172021
2018-01-27 17:21:50.330;SP;AS36-AS1-20180127172021
2018-01-27 17:21:53.137;SQ;AS36-AS1-20180127172153
2018-01-27 17:22:17.642;RU;AS36-AS1-20180127171917
2018-01-27 17:22:19.475;VU;AS36-AS1-20180127171917
2018-01-27 17:22:32.333;RC;AS36-AS1-20180127172021
2018-01-27 17:22:33.158;SS;AS36-AS1-20180127172021
2018-01-27 17:23:15.777;RO;AS36-AS1-20180127172153
2018-01-27 17:23:17.090;SP;AS36-AS1-20180127172153
2018-01-27 17:23:18.778;SQ;AS36-AS1-20180127172318
2018-01-27 17:23:55.490;RU;AS36-AS1-20180127172021
2018-01-27 17:23:58.272;VU;AS36-AS1-20180127172021
2018-01-27 17:24:03.897;RC;AS36-AS1-20180127172153
2018-01-27 17:24:04.717;SS;AS36-AS1-20180127172153
2018-01-27 17:24:41.939;RO;AS36-AS1-20180127172318
2018-01-27 17:24:43.252;SP;AS36-AS1-20180127172318
2018-01-27 17:24:44.917;SQ;AS36-AS1-20180127172444
2018-01-27 17:25:25.241;RC;AS36-AS1-20180127172318
2018-01-27 17:25:26.115;SS;AS36-AS1-20180127172318
2018-01-27 17:25:28.534;RU;AS36-AS1-20180127172153
2018-01-27 17:25:30.825;VU;AS36-AS1-20180127172153
2018-01-27 17:26:08.978;RO;AS36-AS1-20180127172444
2018-01-27 17:26:09.874;SP;AS36-AS1-20180127172444
2018-01-27 17:26:11.546;SQ;AS36-AS1-20180127172611
2018-01-27 17:26:44.009;RU;AS36-AS1-20180127172318
2018-01-27 17:26:45.862;VU;AS36-AS1-20180127172318
2018-01-27 17:27:11.500;RC;AS36-AS1-20180127172444
2018-01-27 17:27:12.360;SS;AS36-AS1-20180127172444
2018-01-27 17:27:52.136;RO;AS36-AS1-20180127172611
2018-01-27 17:27:53.008;SP;AS36-AS1-20180127172611
2018-01-27 17:27:54.670;SQ;AS36-AS1-20180127172754
2018-01-27 17:28:31.356;RC;AS36-AS1-20180127172611
2018-01-27 17:28:32.210;SS;AS36-AS1-20180127172611
2018-01-27 17:28:46.004;RU;AS36-AS1-20180127172444
2018-01-27 17:28:47.847;VU;AS36-AS1-20180127172444
2018-01-27 17:29:18.508;RO;AS36-AS1-20180127172754
2018-01-27 17:29:19.612;SP;AS36-AS1-20180127172754
2018-01-27 17:29:21.324;SQ;AS36-AS1-20180127172921
2018-01-27 17:30:01.616;RU;AS36-AS1-20180127172611
2018-01-27 17:30:03.478;VU;AS36-AS1-20180127172611
2018-01-27 17:30:35.383;RC;AS36-AS1-20180127172754
2018-01-27 17:30:36.231;SS;AS36-AS1-20180127172754
2018-01-27 17:30:50.319;RO;AS36-AS1-20180127172921
2018-01-27 17:30:51.270;SP;AS36-AS1-20180127172921
2018-01-27 17:30:52.927;SQ;AS36-AS1-20180127173052
2018-01-27 17:31:27.114;RC;AS36-AS1-20180127172921
2018-01-27 17:31:28.815;SS;AS36-AS1-20180127172921
2018-01-27 17:31:55.949;RU;AS36-AS1-20180127172754
2018-01-27 17:32:12.336;RO;AS36-AS1-20180127173052
2018-01-27 17:32:14.857;SP;AS36-AS1-20180127173052
2018-01-27 17:32:17.758;SQ;AS36-AS1-20180127173217
2018-01-27 17:32:55.502;RC;AS36-AS1-20180127173052
2018-01-27 17:32:56.558;SS;AS36-AS1-20180127173052
2018-01-27 17:33:41.936;RO;AS36-AS1-20180127173217
2018-01-27 17:33:43.942;SP;AS36-AS1-20180127173217
2018-01-27 17:33:46.250;SQ;AS36-AS1-20180127173346
2018-01-27 17:34:13.127;RU;AS36-AS1-20180127172921
2018-01-27 17:34:15.645;VU;AS36-AS1-20180127172921
2018-01-27 17:34:23.403;RU;AS36-AS1-20180127173052
2018-01-27 17:34:25.959;VU;AS36-AS1-20180127173052
2018-01-27 17:35:03.606;RC;AS36-AS1-20180127173217
2018-01-27 17:35:06.812;SS;AS36-AS1-20180127173217
2018-01-27 17:35:13.289;RO;AS36-AS1-20180127173346
2018-01-27 17:35:15.108;SP;AS36-AS1-20180127173346
2018-01-27 17:35:17.512;SQ;AS36-AS1-20180127173517
2018-01-27 17:35:56.783;RC;AS36-AS1-20180127173346
2018-01-27 17:35:57.785;SS;AS36-AS1-20180127173346
2018-01-27 17:36:31.647;RU;AS36-AS1-20180127173217
2018-01-27 17:36:33.869;VU;AS36-AS1-20180127173217
2018-01-27 17:37:30.265;RU;AS36-AS1-20180127173346
2018-01-27 17:37:32.694;VU;AS36-AS1-20180127173346
2018-01-27 17:37:46.531;RO;AS36-AS1-20180127173517
2018-01-27 17:37:48.140;SP;AS36-AS1-20180127173517
2018-01-27 17:37:50.655;SQ;AS36-AS1-20180127173750
2018-01-27 17:38:27.098;RC;AS36-AS1-20180127173517
2018-01-27 17:38:28.177;SS;AS36-AS1-20180127173517
2018-01-27 17:39:08.848;RO;AS36-AS1-20180127173750
2018-01-27 17:39:10.097;SP;AS36-AS1-20180127173750
2018-01-27 17:39:14.640;SQ;AS36-AS1-20180127173914
2018-01-27 17:39:47.651;RC;AS36-AS1-20180127173750
2018-01-27 17:39:49.200;SS;AS36-AS1-20180127173750
2018-01-27 17:39:54.408;RU;AS36-AS1-20180127173517
2018-01-27 17:39:56.368;VU;AS36-AS1-20180127173517
2018-01-27 17:40:20.297;RO;AS36-AS1-20180127173914
2018-01-27 17:40:21.588;SP;AS36-AS1-20180127173914
2018-01-27 17:40:24.089;SQ;AS36-AS1-20180127174024
2018-01-27 17:41:12.665;RU;AS36-AS1-20180127173750
2018-01-27 17:41:15.301;VU;AS36-AS1-20180127173750
2018-01-27 17:41:34.124;RC;AS36-AS1-20180127173914
2018-01-27 17:41:36.656;SS;AS36-AS1-20180127173914
2018-01-27 17:41:41.819;RO;AS36-AS1-20180127174024
2018-01-27 17:41:43.367;SP;AS36-AS1-20180127174024
2018-01-27 17:41:45.904;SQ;AS36-AS1-20180127174145
2018-01-27 17:42:53.048;RU;AS36-AS1-20180127173914
2018-01-27 17:42:55.112;VU;AS36-AS1-20180127173914
2018-01-27 17:42:59.235;RO;AS36-AS1-20180127174145
2018-01-27 17:43:00.749;SP;AS36-AS1-20180127174145
2018-01-27 17:43:02.553;RC;AS36-AS1-20180127174024
2018-01-27 17:43:03.386;SQ;AS36-AS1-20180127174303
2018-01-27 17:43:04.632;SS;AS36-AS1-20180127174024
2018-01-27 17:43:32.941;RC;AS36-AS1-20180127174145
2018-01-27 17:43:34.099;SS;AS36-AS1-20180127174145
2018-01-27 17:44:19.905;RO;AS36-AS1-20180127174303
2018-01-27 17:44:21.353;SP;AS36-AS1-20180127174303
2018-01-27 17:44:23.936;SQ;AS36-AS1-20180127174423
2018-01-27 17:44:33.852;RU;AS36-AS1-20180127174024
2018-01-27 17:44:35.678;VU;AS36-AS1-20180127174024
2018-01-27 17:45:00.321;RU;AS36-AS1-20180127174145
2018-01-27 17:45:02.963;VU;AS36-AS1-20180127174145
2018-01-27 17:45:05.272;RC;AS36-AS1-20180127174303
2018-01-27 17:45:06.442;SS;AS36-AS1-20180127174303
2018-01-27 17:45:30.267;RO;AS36-AS1-20180127174423
2018-01-27 17:45:31.997;SP;AS36-AS1-20180127174423
2018-01-27 17:45:34.554;SQ;AS36-AS1-20180127174534
2018-01-27 17:46:13.579;RC;AS36-AS1-20180127174423
2018-01-27 17:46:15.871;SS;AS36-AS1-20180127174423
2018-01-27 17:46:34.036;RU;AS36-AS1-20180127174303
2018-01-27 17:46:35.939;VU;AS36-AS1-20180127174303
2018-01-27 17:46:55.830;RO;AS36-AS1-20180127174534
2018-01-27 17:46:57.554;SP;AS36-AS1-20180127174534
2018-01-27 17:46:59.926;SQ;AS36-AS1-20180127174659
2018-01-27 17:47:35.101;RC;AS36-AS1-20180127174534
2018-01-27 17:47:36.843;SS;AS36-AS1-20180127174534
2018-01-27 17:48:18.893;RU;AS36-AS1-20180127174423
2018-01-27 17:48:20.559;RO;AS36-AS1-20180127174659
2018-01-27 17:48:22.883;SP;AS36-AS1-20180127174659
2018-01-27 17:48:23.235;VU;AS36-AS1-20180127174423
2018-01-27 17:48:25.446;SQ;AS36-AS1-20180127174825
2018-01-27 17:49:01.194;RU;AS36-AS1-20180127174534
2018-01-27 17:49:03.519;RC;AS36-AS1-20180127174659
2018-01-27 17:49:03.603;VU;AS36-AS1-20180127174534
2018-01-27 17:49:04.943;SS;AS36-AS1-20180127174659
2018-01-27 17:49:45.594;RO;AS36-AS1-20180127174825
2018-01-27 17:49:47.752;SP;AS36-AS1-20180127174825
2018-01-27 17:49:50.068;SQ;AS36-AS1-20180127174950
2018-01-27 17:50:09.155;RC;AS36-AS1-20180127174825
2018-01-27 17:50:11.185;SS;AS36-AS1-20180127174825
2018-01-27 17:50:22.826;RU;AS36-AS1-20180127174659
2018-01-27 17:50:25.389;VU;AS36-AS1-20180127174659
2018-01-27 17:51:08.145;RO;AS36-AS1-20180127174950
2018-01-27 17:51:09.895;SP;AS36-AS1-20180127174950
2018-01-27 17:51:12.578;SQ;AS36-AS1-20180127175112
2018-01-27 17:51:31.197;RU;AS36-AS1-20180127174825
2018-01-27 17:51:33.713;VU;AS36-AS1-20180127174825
2018-01-27 17:51:52.270;RC;AS36-AS1-20180127174950
2018-01-27 17:51:53.535;SS;AS36-AS1-20180127174950
2018-01-27 17:52:31.581;RO;AS36-AS1-20180127175112
2018-01-27 17:52:32.538;SP;AS36-AS1-20180127175112
2018-01-27 17:52:35.130;SQ;AS36-AS1-20180127175235
2018-01-27 17:53:02.052;RU;AS36-AS1-20180127174950
2018-01-27 17:53:04.751;VU;AS36-AS1-20180127174950
2018-01-27 17:53:12.057;RC;AS36-AS1-20180127175112
2018-01-27 17:53:13.137;SS;AS36-AS1-20180127175112
2018-01-27 17:53:56.413;RO;AS36-AS1-20180127175235
2018-01-27 17:53:58.153;SP;AS36-AS1-20180127175235
2018-01-27 17:54:00.498;SQ;AS36-AS1-20180127175400
2018-01-27 17:54:36.466;RC;AS36-AS1-20180127175235
2018-01-27 17:54:37.495;SS;AS36-AS1-20180127175235
2018-01-27 17:54:42.105;RU;AS36-AS1-20180127175112
2018-01-27 17:54:44.153;VU;AS36-AS1-20180127175112
2018-01-27 17:55:10.522;RO;AS36-AS1-20180127175400
2018-01-27 17:55:12.313;SP;AS36-AS1-20180127175400
2018-01-27 17:55:14.693;SQ;AS36-AS1-20180127175514
2018-01-27 17:55:48.187;RC;AS36-AS1-20180127175400
2018-01-27 17:55:49.006;SS;AS36-AS1-20180127175400
2018-01-27 17:55:56.571;RU;AS36-AS1-20180127175235
2018-01-27 17:55:58.691;VU;AS36-AS1-20180127175235
2018-01-27 17:56:34.796;RO;AS36-AS1-20180127175514
2018-01-27 17:56:36.107;SP;AS36-AS1-20180127175514
2018-01-27 17:56:39.553;SQ;AS36-AS1-20180127175639
2018-01-27 17:57:11.073;RU;AS36-AS1-20180127175400
2018-01-27 17:57:13.334;VU;AS36-AS1-20180127175400
2018-01-27 17:57:16.137;RC;AS36-AS1-20180127175514
2018-01-27 17:57:17.304;SS;AS36-AS1-20180127175514
2018-01-27 17:57:54.901;RO;AS36-AS1-20180127175639
2018-01-27 17:57:57.421;SP;AS36-AS1-20180127175639
2018-01-27 17:58:00.366;SQ;AS36-AS1-20180127175800
2018-01-27 17:58:36.138;RU;AS36-AS1-20180127175514
2018-01-27 17:58:38.283;RC;AS36-AS1-20180127175639
2018-01-27 17:58:38.379;VU;AS36-AS1-20180127175514
2018-01-27 17:58:39.504;SS;AS36-AS1-20180127175639
2018-01-27 17:59:11.897;RO;AS36-AS1-20180127175800
2018-01-27 17:59:14.035;SP;AS36-AS1-20180127175800
2018-01-27 17:59:17.346;SQ;AS36-AS1-20180127175917
2018-01-27 17:59:51.637;RC;AS36-AS1-20180127175800
2018-01-27 17:59:51.639;RU;AS36-AS1-20180127175639
2018-01-27 17:59:54.069;SS;AS36-AS1-20180127175800
2018-01-27 17:59:55.070;VU;AS36-AS1-20180127175639
2018-01-27 18:00:19.307;RO;AS36-AS1-20180127175917
2018-01-27 18:00:20.280;SP;AS36-AS1-20180127175917
2018-01-27 18:00:39.445;RC;AS36-AS1-20180127175917
2018-01-27 18:00:39.523;RU;AS36-AS1-20180127175800
2018-01-27 18:00:42.051;SS;AS36-AS1-20180127175917
2018-01-27 18:00:43.055;VU;AS36-AS1-20180127175800
2018-01-27 18:01:07.150;RU;AS36-AS1-20180127175917
2018-01-27 18:01:10.558;VU;AS36-AS1-20180127175917
