2018-01-27 17:18:29.038;SQ;AS40-AS1-20180127171829
2018-01-27 17:18:31.941;RO;AS40-AS1-20180127171829
2018-01-27 17:18:32.834;SP;AS40-AS1-20180127171829
2018-01-27 17:18:34.415;SQ;AS40-AS1-20180127171834
2018-01-27 17:18:40.817;RC;AS40-AS1-20180127171829
2018-01-27 17:18:41.624;SS;AS40-AS1-20180127171829
2018-01-27 17:19:02.797;RO;AS40-AS1-20180127171834
2018-01-27 17:19:03.725;SP;AS40-AS1-20180127171834
2018-01-27 17:19:05.284;SQ;AS40-AS1-20180127171905
2018-01-27 17:19:20.342;RU;AS40-AS1-20180127171829
2018-01-27 17:19:22.144;VU;AS40-AS1-20180127171829
2018-01-27 17:19:25.798;RC;AS40-AS1-20180127171834
2018-01-27 17:19:26.584;SS;AS40-AS1-20180127171834
2018-01-27 17:20:07.960;RO;AS40-AS1-20180127171905
2018-01-27 17:20:09.133;SP;AS40-AS1-20180127171905
2018-01-27 17:20:10.729;SQ;AS40-AS1-20180127172010
2018-01-27 17:20:40.954;RU;AS40-AS1-20180127171834
2018-01-27 17:20:43.617;RC;AS40-AS1-20180127171905
2018-01-27 17:20:44.443;SS;AS40-AS1-20180127171905
2018-01-27 17:21:20.657;RO;AS40-AS1-20180127172010
2018-01-27 17:21:22.731;SP;AS40-AS1-20180127172010
2018-01-27 17:21:25.083;SQ;AS40-AS1-20180127172125
2018-01-27 17:22:04.079;RC;AS40-AS1-20180127172010
2018-01-27 17:22:04.904;SS;AS40-AS1-20180127172010
2018-01-27 17:22:06.929;RU;AS40-AS1-20180127171905
2018-01-27 17:22:11.071;VU;AS40-AS1-20180127171905
2018-01-27 17:22:38.941;RO;AS40-AS1-20180127172125
2018-01-27 17:22:40.769;SP;AS40-AS1-20180127172125
2018-01-27 17:22:43.139;SQ;AS40-AS1-20180127172243
2018-01-27 17:23:28.955;RU;AS40-AS1-20180127172010
2018-01-27 17:23:31.051;VU;AS40-AS1-20180127172010
2018-01-27 17:23:54.679;RC;AS40-AS1-20180127172125
2018-01-27 17:23:57.469;SS;AS40-AS1-20180127172125
2018-01-27 17:24:07.383;RO;AS40-AS1-20180127172243
2018-01-27 17:24:09.134;SP;AS40-AS1-20180127172243
2018-01-27 17:24:12.392;SQ;AS40-AS1-20180127172412
2018-01-27 17:24:46.708;RC;AS40-AS1-20180127172243
2018-01-27 17:24:47.702;SS;AS40-AS1-20180127172243
2018-01-27 17:25:26.830;RU;AS40-AS1-20180127172125
2018-01-27 17:25:29.394;VU;AS40-AS1-20180127172125
2018-01-27 17:25:36.931;RO;AS40-AS1-20180127172412
2018-01-27 17:25:38.250;SP;AS40-AS1-20180127172412
2018-01-27 17:25:40.386;SQ;AS40-AS1-20180127172540
2018-01-27 17:26:04.319;RU;AS40-AS1-20180127172243
2018-01-27 17:26:06.296;VU;AS40-AS1-20180127172243
2018-01-27 17:26:19.586;RC;AS40-AS1-20180127172412
2018-01-27 17:26:20.478;SS;AS40-AS1-20180127172412
2018-01-27 17:27:09.649;RO;AS40-AS1-20180127172540
2018-01-27 17:27:10.807;SP;AS40-AS1-20180127172540
2018-01-27 17:27:13.222;SQ;AS40-AS1-20180127172713
2018-01-27 17:27:44.465;RC;AS40-AS1-20180127172540
2018-01-27 17:27:45.243;SS;AS40-AS1-20180127172540
2018-01-27 17:27:49.365;RU;AS40-AS1-20180127172412
2018-01-27 17:27:53.096;VU;AS40-AS1-20180127172412
2018-01-27 17:28:23.256;RO;AS40-AS1-20180127172713
2018-01-27 17:28:24.670;SP;AS40-AS1-20180127172713
2018-01-27 17:28:27.044;SQ;AS40-AS1-20180127172827
2018-01-27 17:29:05.136;RU;AS40-AS1-20180127172540
2018-01-27 17:29:07.593;VU;AS40-AS1-20180127172540
2018-01-27 17:29:11.355;RC;AS40-AS1-20180127172713
2018-01-27 17:29:12.485;SS;AS40-AS1-20180127172713
2018-01-27 17:30:25.284;RO;AS40-AS1-20180127172827
2018-01-27 17:30:26.934;SP;AS40-AS1-20180127172827
2018-01-27 17:30:29.155;SQ;AS40-AS1-20180127173029
2018-01-27 17:30:38.463;RU;AS40-AS1-20180127172713
2018-01-27 17:30:41.653;VU;AS40-AS1-20180127172713
2018-01-27 17:31:10.540;RC;AS40-AS1-20180127172827
2018-01-27 17:31:13.217;SS;AS40-AS1-20180127172827
2018-01-27 17:31:50.023;RO;AS40-AS1-20180127173029
2018-01-27 17:31:51.068;SP;AS40-AS1-20180127173029
2018-01-27 17:31:53.414;SQ;AS40-AS1-20180127173153
2018-01-27 17:32:33.243;RC;AS40-AS1-20180127173029
2018-01-27 17:32:34.354;SS;AS40-AS1-20180127173029
2018-01-27 17:33:09.619;RU;AS40-AS1-20180127172827
2018-01-27 17:33:11.486;VU;AS40-AS1-20180127172827
2018-01-27 17:33:50.292;RO;AS40-AS1-20180127173153
2018-01-27 17:33:51.668;SP;AS40-AS1-20180127173153
2018-01-27 17:33:54.142;SQ;AS40-AS1-20180127173354
2018-01-27 17:33:57.457;RU;AS40-AS1-20180127173029
2018-01-27 17:33:59.291;VU;AS40-AS1-20180127173029
2018-01-27 17:34:23.220;RC;AS40-AS1-20180127173153
2018-01-27 17:34:24.790;SS;AS40-AS1-20180127173153
2018-01-27 17:35:13.273;RO;AS40-AS1-20180127173354
2018-01-27 17:35:14.643;SP;AS40-AS1-20180127173354
2018-01-27 17:35:17.038;SQ;AS40-AS1-20180127173517
2018-01-27 17:35:40.515;RU;AS40-AS1-20180127173153
2018-01-27 17:35:42.982;VU;AS40-AS1-20180127173153
2018-01-27 17:35:47.031;RC;AS40-AS1-20180127173354
2018-01-27 17:35:48.258;SS;AS40-AS1-20180127173354
2018-01-27 17:36:37.538;RO;AS40-AS1-20180127173517
2018-01-27 17:36:39.088;SP;AS40-AS1-20180127173517
2018-01-27 17:36:41.514;SQ;AS40-AS1-20180127173641
2018-01-27 17:37:17.022;RU;AS40-AS1-20180127173354
2018-01-27 17:37:18.433;RC;AS40-AS1-20180127173517
2018-01-27 17:37:19.429;SS;AS40-AS1-20180127173517
2018-01-27 17:37:19.585;VU;AS40-AS1-20180127173354
2018-01-27 17:37:56.035;RO;AS40-AS1-20180127173641
2018-01-27 17:37:57.432;SP;AS40-AS1-20180127173641
2018-01-27 17:37:59.853;SQ;AS40-AS1-20180127173759
2018-01-27 17:38:36.876;RC;AS40-AS1-20180127173641
2018-01-27 17:38:38.172;SS;AS40-AS1-20180127173641
2018-01-27 17:38:41.638;RU;AS40-AS1-20180127173517
2018-01-27 17:38:44.593;VU;AS40-AS1-20180127173517
2018-01-27 17:39:57.738;RO;AS40-AS1-20180127173759
2018-01-27 17:39:59.369;SP;AS40-AS1-20180127173759
2018-01-27 17:40:01.383;RU;AS40-AS1-20180127173641
2018-01-27 17:40:04.531;SQ;AS40-AS1-20180127174004
2018-01-27 17:40:04.857;VU;AS40-AS1-20180127173641
2018-01-27 17:40:45.015;RC;AS40-AS1-20180127173759
2018-01-27 17:40:45.846;SS;AS40-AS1-20180127173759
2018-01-27 17:41:18.456;RO;AS40-AS1-20180127174004
2018-01-27 17:41:20.908;SP;AS40-AS1-20180127174004
2018-01-27 17:41:23.294;SQ;AS40-AS1-20180127174123
2018-01-27 17:41:52.742;RU;AS40-AS1-20180127173759
2018-01-27 17:41:54.792;VU;AS40-AS1-20180127173759
2018-01-27 17:42:00.356;RC;AS40-AS1-20180127174004
2018-01-27 17:42:01.153;SS;AS40-AS1-20180127174004
2018-01-27 17:42:40.627;RO;AS40-AS1-20180127174123
2018-01-27 17:42:41.679;SP;AS40-AS1-20180127174123
2018-01-27 17:42:44.016;SQ;AS40-AS1-20180127174244
2018-01-27 17:43:12.079;RC;AS40-AS1-20180127174123
2018-01-27 17:43:12.917;SS;AS40-AS1-20180127174123
2018-01-27 17:43:24.967;RU;AS40-AS1-20180127174004
2018-01-27 17:43:27.380;VU;AS40-AS1-20180127174004
2018-01-27 17:44:07.207;RO;AS40-AS1-20180127174244
2018-01-27 17:44:08.641;SP;AS40-AS1-20180127174244
2018-01-27 17:44:12.843;SQ;AS40-AS1-20180127174412
2018-01-27 17:44:34.117;RU;AS40-AS1-20180127174123
2018-01-27 17:44:36.070;VU;AS40-AS1-20180127174123
2018-01-27 17:44:52.062;RC;AS40-AS1-20180127174244
2018-01-27 17:44:53.598;SS;AS40-AS1-20180127174244
2018-01-27 17:45:30.256;RO;AS40-AS1-20180127174412
2018-01-27 17:45:31.624;SP;AS40-AS1-20180127174412
2018-01-27 17:45:33.934;SQ;AS40-AS1-20180127174533
2018-01-27 17:46:11.943;RC;AS40-AS1-20180127174412
2018-01-27 17:46:12.915;SS;AS40-AS1-20180127174412
2018-01-27 17:46:15.244;RU;AS40-AS1-20180127174244
2018-01-27 17:46:18.037;VU;AS40-AS1-20180127174244
2018-01-27 17:46:55.117;RO;AS40-AS1-20180127174533
2018-01-27 17:46:57.068;SP;AS40-AS1-20180127174533
2018-01-27 17:46:59.375;SQ;AS40-AS1-20180127174659
2018-01-27 17:47:32.611;RU;AS40-AS1-20180127174412
2018-01-27 17:47:35.876;RC;AS40-AS1-20180127174533
2018-01-27 17:47:36.419;VU;AS40-AS1-20180127174412
2018-01-27 17:47:37.590;SS;AS40-AS1-20180127174533
2018-01-27 17:48:22.374;RO;AS40-AS1-20180127174659
2018-01-27 17:48:23.867;SP;AS40-AS1-20180127174659
2018-01-27 17:48:26.240;SQ;AS40-AS1-20180127174826
2018-01-27 17:48:59.577;RU;AS40-AS1-20180127174533
2018-01-27 17:49:02.138;VU;AS40-AS1-20180127174533
2018-01-27 17:49:02.641;RC;AS40-AS1-20180127174659
2018-01-27 17:49:03.771;SS;AS40-AS1-20180127174659
2018-01-27 17:49:46.285;RO;AS40-AS1-20180127174826
2018-01-27 17:49:47.182;SP;AS40-AS1-20180127174826
2018-01-27 17:49:49.616;SQ;AS40-AS1-20180127174949
2018-01-27 17:50:19.439;RU;AS40-AS1-20180127174659
2018-01-27 17:50:21.444;VU;AS40-AS1-20180127174659
2018-01-27 17:50:25.104;RC;AS40-AS1-20180127174826
2018-01-27 17:50:27.214;SS;AS40-AS1-20180127174826
2018-01-27 17:51:06.324;RO;AS40-AS1-20180127174949
2018-01-27 17:51:08.052;SP;AS40-AS1-20180127174949
2018-01-27 17:51:10.488;SQ;AS40-AS1-20180127175110
2018-01-27 17:51:52.361;RU;AS40-AS1-20180127174826
2018-01-27 17:51:52.363;RC;AS40-AS1-20180127174949
2018-01-27 17:51:54.492;SS;AS40-AS1-20180127174949
2018-01-27 17:51:55.498;VU;AS40-AS1-20180127174826
2018-01-27 17:52:27.418;RO;AS40-AS1-20180127175110
2018-01-27 17:52:28.730;SP;AS40-AS1-20180127175110
2018-01-27 17:52:32.839;SQ;AS40-AS1-20180127175232
2018-01-27 17:53:11.995;RC;AS40-AS1-20180127175110
2018-01-27 17:53:13.364;SS;AS40-AS1-20180127175110
2018-01-27 17:53:19.713;RU;AS40-AS1-20180127174949
2018-01-27 17:53:21.624;VU;AS40-AS1-20180127174949
2018-01-27 17:53:53.733;RO;AS40-AS1-20180127175232
2018-01-27 17:53:54.938;SP;AS40-AS1-20180127175232
2018-01-27 17:53:57.190;SQ;AS40-AS1-20180127175357
2018-01-27 17:54:34.561;RU;AS40-AS1-20180127175110
2018-01-27 17:54:35.900;RC;AS40-AS1-20180127175232
2018-01-27 17:54:37.055;VU;AS40-AS1-20180127175110
2018-01-27 17:54:37.590;SS;AS40-AS1-20180127175232
2018-01-27 17:55:15.776;RO;AS40-AS1-20180127175357
2018-01-27 17:55:17.254;SP;AS40-AS1-20180127175357
2018-01-27 17:55:19.291;SQ;AS40-AS1-20180127175519
2018-01-27 17:55:57.098;RC;AS40-AS1-20180127175357
2018-01-27 17:55:58.459;SS;AS40-AS1-20180127175357
2018-01-27 17:56:02.231;RU;AS40-AS1-20180127175232
2018-01-27 17:56:04.258;VU;AS40-AS1-20180127175232
2018-01-27 17:56:39.254;RO;AS40-AS1-20180127175519
2018-01-27 17:56:40.910;SP;AS40-AS1-20180127175519
2018-01-27 17:56:43.026;SQ;AS40-AS1-20180127175643
2018-01-27 17:57:20.209;RU;AS40-AS1-20180127175357
2018-01-27 17:57:21.580;RC;AS40-AS1-20180127175519
2018-01-27 17:57:22.393;VU;AS40-AS1-20180127175357
2018-01-27 17:57:22.803;SS;AS40-AS1-20180127175519
2018-01-27 17:57:56.076;RO;AS40-AS1-20180127175643
2018-01-27 17:57:58.014;SP;AS40-AS1-20180127175643
2018-01-27 17:58:00.314;SQ;AS40-AS1-20180127175800
2018-01-27 17:58:36.734;RC;AS40-AS1-20180127175643
2018-01-27 17:58:37.489;SS;AS40-AS1-20180127175643
2018-01-27 17:58:43.692;RU;AS40-AS1-20180127175519
2018-01-27 17:58:46.269;VU;AS40-AS1-20180127175519
2018-01-27 17:59:10.045;RO;AS40-AS1-20180127175800
2018-01-27 17:59:11.981;SP;AS40-AS1-20180127175800
2018-01-27 17:59:45.984;RC;AS40-AS1-20180127175800
2018-01-27 17:59:47.315;SS;AS40-AS1-20180127175800
2018-01-27 17:59:51.217;RU;AS40-AS1-20180127175643
2018-01-27 17:59:53.498;VU;AS40-AS1-20180127175643
2018-01-27 18:00:30.805;RU;AS40-AS1-20180127175800
2018-01-27 18:00:34.413;VU;AS40-AS1-20180127175800
