2018-01-27 17:18:32.508;SQ;AS43-AS1-20180127171832
2018-01-27 17:19:00.976;RO;AS43-AS1-20180127171832
2018-01-27 17:19:01.834;SP;AS43-AS1-20180127171832
2018-01-27 17:19:03.407;SQ;AS43-AS1-20180127171903
2018-01-27 17:19:18.457;RC;AS43-AS1-20180127171832
2018-01-27 17:19:19.225;SS;AS43-AS1-20180127171832
2018-01-27 17:20:32.238;RU;AS43-AS1-20180127171832
2018-01-27 17:20:34.124;VU;AS43-AS1-20180127171832
2018-01-27 17:20:36.491;RO;AS43-AS1-20180127171903
2018-01-27 17:20:37.309;SP;AS43-AS1-20180127171903
2018-01-27 17:20:38.862;SQ;AS43-AS1-20180127172038
2018-01-27 17:21:14.049;RC;AS43-AS1-20180127171903
2018-01-27 17:21:14.863;SS;AS43-AS1-20180127171903
2018-01-27 17:21:52.356;RO;AS43-AS1-20180127172038
2018-01-27 17:21:53.505;SP;AS43-AS1-20180127172038
2018-01-27 17:21:55.090;SQ;AS43-AS1-20180127172155
2018-01-27 17:22:32.733;RC;AS43-AS1-20180127172038
2018-01-27 17:22:33.504;SS;AS43-AS1-20180127172038
2018-01-27 17:22:43.964;RU;AS43-AS1-20180127171903
2018-01-27 17:22:45.776;VU;AS43-AS1-20180127171903
2018-01-27 17:23:14.985;RO;AS43-AS1-20180127172155
2018-01-27 17:23:16.001;SP;AS43-AS1-20180127172155
2018-01-27 17:23:17.578;SQ;AS43-AS1-20180127172317
2018-01-27 17:23:51.375;RU;AS43-AS1-20180127172038
2018-01-27 17:23:53.168;VU;AS43-AS1-20180127172038
2018-01-27 17:24:00.943;RC;AS43-AS1-20180127172155
2018-01-27 17:24:01.746;SS;AS43-AS1-20180127172155
2018-01-27 17:24:43.438;RO;AS43-AS1-20180127172317
2018-01-27 17:24:44.488;SP;AS43-AS1-20180127172317
2018-01-27 17:24:46.048;SQ;AS43-AS1-20180127172446
2018-01-27 17:25:25.514;RC;AS43-AS1-20180127172317
2018-01-27 17:25:26.308;SS;AS43-AS1-20180127172317
2018-01-27 17:25:28.524;RU;AS43-AS1-20180127172155
2018-01-27 17:25:30.731;VU;AS43-AS1-20180127172155
2018-01-27 17:26:10.088;RO;AS43-AS1-20180127172446
2018-01-27 17:26:10.924;SP;AS43-AS1-20180127172446
2018-01-27 17:26:12.524;SQ;AS43-AS1-20180127172612
2018-01-27 17:26:43.844;RC;AS43-AS1-20180127172446
2018-01-27 17:26:44.607;SS;AS43-AS1-20180127172446
2018-01-27 17:26:56.159;RU;AS43-AS1-20180127172317
2018-01-27 17:26:57.951;VU;AS43-AS1-20180127172317
2018-01-27 17:27:34.387;RO;AS43-AS1-20180127172612
2018-01-27 17:27:36.003;SP;AS43-AS1-20180127172612
2018-01-27 17:27:37.610;SQ;AS43-AS1-20180127172737
2018-01-27 17:28:05.820;RU;AS43-AS1-20180127172446
2018-01-27 17:28:07.871;VU;AS43-AS1-20180127172446
2018-01-27 17:28:18.831;RC;AS43-AS1-20180127172612
2018-01-27 17:28:19.606;SS;AS43-AS1-20180127172612
2018-01-27 17:29:02.296;RO;AS43-AS1-20180127172737
2018-01-27 17:29:03.480;SP;AS43-AS1-20180127172737
2018-01-27 17:29:05.037;SQ;AS43-AS1-20180127172905
2018-01-27 17:29:39.355;RU;AS43-AS1-20180127172612
2018-01-27 17:29:41.154;VU;AS43-AS1-20180127172612
2018-01-27 17:29:46.887;RC;AS43-AS1-20180127172737
2018-01-27 17:29:47.689;SS;AS43-AS1-20180127172737
2018-01-27 17:30:06.957;RO;AS43-AS1-20180127172905
2018-01-27 17:30:08.134;SP;AS43-AS1-20180127172905
2018-01-27 17:30:11.062;SQ;AS43-AS1-20180127173011
2018-01-27 17:30:50.259;RC;AS43-AS1-20180127172905
2018-01-27 17:30:51.055;SS;AS43-AS1-20180127172905
2018-01-27 17:31:08.276;RU;AS43-AS1-20180127172737
2018-01-27 17:31:10.047;VU;AS43-AS1-20180127172737
2018-01-27 17:31:36.176;RO;AS43-AS1-20180127173011
2018-01-27 17:31:37.448;SP;AS43-AS1-20180127173011
2018-01-27 17:31:39.014;SQ;AS43-AS1-20180127173139
2018-01-27 17:32:05.970;RU;AS43-AS1-20180127172905
2018-01-27 17:32:07.744;VU;AS43-AS1-20180127172905
2018-01-27 17:32:22.827;RC;AS43-AS1-20180127173011
2018-01-27 17:32:23.609;SS;AS43-AS1-20180127173011
2018-01-27 17:33:05.436;RO;AS43-AS1-20180127173139
2018-01-27 17:33:06.385;SP;AS43-AS1-20180127173139
2018-01-27 17:33:07.961;SQ;AS43-AS1-20180127173307
2018-01-27 17:33:32.453;RU;AS43-AS1-20180127173011
2018-01-27 17:33:35.226;VU;AS43-AS1-20180127173011
2018-01-27 17:33:45.017;RC;AS43-AS1-20180127173139
2018-01-27 17:33:45.813;SS;AS43-AS1-20180127173139
2018-01-27 17:34:55.079;RO;AS43-AS1-20180127173307
2018-01-27 17:34:55.863;SP;AS43-AS1-20180127173307
2018-01-27 17:34:57.415;SQ;AS43-AS1-20180127173457
2018-01-27 17:35:03.596;RU;AS43-AS1-20180127173139
2018-01-27 17:35:06.113;VU;AS43-AS1-20180127173139
2018-01-27 17:35:37.860;RC;AS43-AS1-20180127173307
2018-01-27 17:35:38.645;SS;AS43-AS1-20180127173307
2018-01-27 17:36:29.730;RO;AS43-AS1-20180127173457
2018-01-27 17:36:30.800;SP;AS43-AS1-20180127173457
2018-01-27 17:36:32.357;SQ;AS43-AS1-20180127173632
2018-01-27 17:37:06.782;RU;AS43-AS1-20180127173307
2018-01-27 17:37:09.407;VU;AS43-AS1-20180127173307
2018-01-27 17:37:45.048;RO;AS43-AS1-20180127173632
2018-01-27 17:37:46.225;SP;AS43-AS1-20180127173632
2018-01-27 17:37:47.673;RC;AS43-AS1-20180127173457
2018-01-27 17:37:47.828;SQ;AS43-AS1-20180127173747
2018-01-27 17:37:48.513;SS;AS43-AS1-20180127173457
2018-01-27 17:38:19.009;RC;AS43-AS1-20180127173632
2018-01-27 17:38:19.817;SS;AS43-AS1-20180127173632
2018-01-27 17:39:08.316;RO;AS43-AS1-20180127173747
2018-01-27 17:39:08.372;RU;AS43-AS1-20180127173457
2018-01-27 17:39:09.980;SP;AS43-AS1-20180127173747
2018-01-27 17:39:10.893;VU;AS43-AS1-20180127173457
2018-01-27 17:39:12.000;SQ;AS43-AS1-20180127173912
2018-01-27 17:39:43.767;RU;AS43-AS1-20180127173632
2018-01-27 17:39:46.154;VU;AS43-AS1-20180127173632
2018-01-27 17:39:53.699;RC;AS43-AS1-20180127173747
2018-01-27 17:39:54.476;SS;AS43-AS1-20180127173747
2018-01-27 17:40:34.545;RO;AS43-AS1-20180127173912
2018-01-27 17:40:35.376;SP;AS43-AS1-20180127173912
2018-01-27 17:40:36.974;SQ;AS43-AS1-20180127174036
2018-01-27 17:41:12.557;RU;AS43-AS1-20180127173747
2018-01-27 17:41:14.339;VU;AS43-AS1-20180127173747
2018-01-27 17:41:17.324;RC;AS43-AS1-20180127173912
2018-01-27 17:41:18.868;SS;AS43-AS1-20180127173912
2018-01-27 17:42:00.376;RO;AS43-AS1-20180127174036
2018-01-27 17:42:01.368;SP;AS43-AS1-20180127174036
2018-01-27 17:42:02.987;SQ;AS43-AS1-20180127174202
2018-01-27 17:42:30.385;RU;AS43-AS1-20180127173912
2018-01-27 17:42:32.162;VU;AS43-AS1-20180127173912
2018-01-27 17:42:47.081;RC;AS43-AS1-20180127174036
2018-01-27 17:42:47.876;SS;AS43-AS1-20180127174036
2018-01-27 17:43:25.773;RO;AS43-AS1-20180127174202
2018-01-27 17:43:26.844;SP;AS43-AS1-20180127174202
2018-01-27 17:43:28.384;SQ;AS43-AS1-20180127174328
2018-01-27 17:44:05.905;RC;AS43-AS1-20180127174202
2018-01-27 17:44:06.686;SS;AS43-AS1-20180127174202
2018-01-27 17:44:09.470;RU;AS43-AS1-20180127174036
2018-01-27 17:44:12.243;VU;AS43-AS1-20180127174036
2018-01-27 17:44:43.657;RO;AS43-AS1-20180127174328
2018-01-27 17:44:44.755;SP;AS43-AS1-20180127174328
2018-01-27 17:44:46.326;SQ;AS43-AS1-20180127174446
2018-01-27 17:45:24.998;RC;AS43-AS1-20180127174328
2018-01-27 17:45:25.787;SS;AS43-AS1-20180127174328
2018-01-27 17:45:31.163;RU;AS43-AS1-20180127174202
2018-01-27 17:45:32.952;VU;AS43-AS1-20180127174202
2018-01-27 17:46:06.868;RO;AS43-AS1-20180127174446
2018-01-27 17:46:07.727;SP;AS43-AS1-20180127174446
2018-01-27 17:46:09.372;SQ;AS43-AS1-20180127174609
2018-01-27 17:46:41.456;RU;AS43-AS1-20180127174328
2018-01-27 17:46:43.227;VU;AS43-AS1-20180127174328
2018-01-27 17:46:45.832;RC;AS43-AS1-20180127174446
2018-01-27 17:46:47.521;SS;AS43-AS1-20180127174446
2018-01-27 17:47:25.784;RO;AS43-AS1-20180127174609
2018-01-27 17:47:26.751;SP;AS43-AS1-20180127174609
2018-01-27 17:47:28.357;SQ;AS43-AS1-20180127174728
2018-01-27 17:48:08.195;RC;AS43-AS1-20180127174609
2018-01-27 17:48:08.983;SS;AS43-AS1-20180127174609
2018-01-27 17:48:11.084;RU;AS43-AS1-20180127174446
2018-01-27 17:48:12.886;VU;AS43-AS1-20180127174446
2018-01-27 17:48:36.308;RO;AS43-AS1-20180127174728
2018-01-27 17:48:37.600;SP;AS43-AS1-20180127174728
2018-01-27 17:48:39.206;SQ;AS43-AS1-20180127174839
2018-01-27 17:49:23.155;RC;AS43-AS1-20180127174728
2018-01-27 17:49:23.981;SS;AS43-AS1-20180127174728
2018-01-27 17:49:29.761;RU;AS43-AS1-20180127174609
2018-01-27 17:49:31.545;VU;AS43-AS1-20180127174609
2018-01-27 17:49:51.779;RO;AS43-AS1-20180127174839
2018-01-27 17:49:52.586;SP;AS43-AS1-20180127174839
2018-01-27 17:49:55.121;SQ;AS43-AS1-20180127174955
2018-01-27 17:50:34.272;RC;AS43-AS1-20180127174839
2018-01-27 17:50:35.051;SS;AS43-AS1-20180127174839
2018-01-27 17:50:42.495;RU;AS43-AS1-20180127174728
2018-01-27 17:51:10.634;RO;AS43-AS1-20180127174955
2018-01-27 17:51:11.499;SP;AS43-AS1-20180127174955
2018-01-27 17:51:15.402;SQ;AS43-AS1-20180127175115
2018-01-27 17:51:56.913;RU;AS43-AS1-20180127174839
2018-01-27 17:51:59.192;VU;AS43-AS1-20180127174839
2018-01-27 17:52:25.425;RC;AS43-AS1-20180127174955
2018-01-27 17:52:26.597;SS;AS43-AS1-20180127174955
2018-01-27 17:52:27.877;RO;AS43-AS1-20180127175115
2018-01-27 17:52:30.024;SP;AS43-AS1-20180127175115
2018-01-27 17:52:33.555;SQ;AS43-AS1-20180127175233
2018-01-27 17:53:12.008;RC;AS43-AS1-20180127175115
2018-01-27 17:53:13.479;SS;AS43-AS1-20180127175115
2018-01-27 17:53:46.489;RO;AS43-AS1-20180127175233
2018-01-27 17:53:49.228;SP;AS43-AS1-20180127175233
2018-01-27 17:53:51.671;SQ;AS43-AS1-20180127175351
2018-01-27 17:53:55.492;RU;AS43-AS1-20180127174955
2018-01-27 17:53:57.353;VU;AS43-AS1-20180127174955
2018-01-27 17:54:26.199;RC;AS43-AS1-20180127175233
2018-01-27 17:54:27.420;SS;AS43-AS1-20180127175233
2018-01-27 17:54:30.420;RU;AS43-AS1-20180127175115
2018-01-27 17:54:32.740;VU;AS43-AS1-20180127175115
2018-01-27 17:55:10.480;RO;AS43-AS1-20180127175351
2018-01-27 17:55:11.574;SP;AS43-AS1-20180127175351
2018-01-27 17:55:14.022;SQ;AS43-AS1-20180127175514
2018-01-27 17:55:44.257;RU;AS43-AS1-20180127175233
2018-01-27 17:55:46.154;VU;AS43-AS1-20180127175233
2018-01-27 17:55:47.278;RC;AS43-AS1-20180127175351
2018-01-27 17:55:48.405;SS;AS43-AS1-20180127175351
2018-01-27 17:56:31.374;RO;AS43-AS1-20180127175514
2018-01-27 17:56:32.437;SP;AS43-AS1-20180127175514
2018-01-27 17:56:34.845;SQ;AS43-AS1-20180127175634
2018-01-27 17:57:08.045;RU;AS43-AS1-20180127175351
2018-01-27 17:57:09.249;RC;AS43-AS1-20180127175514
2018-01-27 17:57:11.156;VU;AS43-AS1-20180127175351
2018-01-27 17:57:11.723;SS;AS43-AS1-20180127175514
2018-01-27 17:57:39.420;RO;AS43-AS1-20180127175634
2018-01-27 17:57:41.660;SP;AS43-AS1-20180127175634
2018-01-27 17:57:44.552;SQ;AS43-AS1-20180127175744
2018-01-27 17:58:18.063;RC;AS43-AS1-20180127175634
2018-01-27 17:58:19.497;SS;AS43-AS1-20180127175634
2018-01-27 17:58:36.816;RU;AS43-AS1-20180127175514
2018-01-27 17:58:38.610;VU;AS43-AS1-20180127175514
2018-01-27 17:58:59.985;RO;AS43-AS1-20180127175744
2018-01-27 17:59:00.993;SP;AS43-AS1-20180127175744
2018-01-27 17:59:37.841;RU;AS43-AS1-20180127175634
2018-01-27 17:59:38.512;RC;AS43-AS1-20180127175744
2018-01-27 17:59:39.814;VU;AS43-AS1-20180127175634
2018-01-27 17:59:40.229;SS;AS43-AS1-20180127175744
2018-01-27 18:00:31.506;RU;AS43-AS1-20180127175744
2018-01-27 18:00:34.476;VU;AS43-AS1-20180127175744
