2018-01-27 17:18:41.372;SQ;AS46-AS1-20180127171841
2018-01-27 17:19:22.321;RO;AS46-AS1-20180127171841
2018-01-27 17:19:23.284;SP;AS46-AS1-20180127171841
2018-01-27 17:19:25.018;SQ;AS46-AS1-20180127171925
2018-01-27 17:19:52.943;RC;AS46-AS1-20180127171841
2018-01-27 17:19:53.778;SS;AS46-AS1-20180127171841
2018-01-27 17:20:36.995;RO;AS46-AS1-20180127171925
2018-01-27 17:20:37.934;SP;AS46-AS1-20180127171925
2018-01-27 17:20:39.613;SQ;AS46-AS1-20180127172039
2018-01-27 17:21:13.813;RU;AS46-AS1-20180127171841
2018-01-27 17:21:15.685;VU;AS46-AS1-20180127171841
2018-01-27 17:21:24.118;RC;AS46-AS1-20180127171925
2018-01-27 17:21:24.997;SS;AS46-AS1-20180127171925
2018-01-27 17:21:49.744;RO;AS46-AS1-20180127172039
2018-01-27 17:21:51.041;SP;AS46-AS1-20180127172039
2018-01-27 17:21:54.513;SQ;AS46-AS1-20180127172154
2018-01-27 17:22:32.695;RC;AS46-AS1-20180127172039
2018-01-27 17:22:33.542;SS;AS46-AS1-20180127172039
2018-01-27 17:22:50.383;RU;AS46-AS1-20180127171925
2018-01-27 17:22:52.226;VU;AS46-AS1-20180127171925
2018-01-27 17:23:14.515;RO;AS46-AS1-20180127172154
2018-01-27 17:23:15.451;SP;AS46-AS1-20180127172154
2018-01-27 17:23:17.139;SQ;AS46-AS1-20180127172317
2018-01-27 17:23:51.562;RU;AS46-AS1-20180127172039
2018-01-27 17:23:53.422;VU;AS46-AS1-20180127172039
2018-01-27 17:23:56.679;RC;AS46-AS1-20180127172154
2018-01-27 17:23:57.537;SS;AS46-AS1-20180127172154
2018-01-27 17:25:09.167;RO;AS46-AS1-20180127172317
2018-01-27 17:25:10.117;SP;AS46-AS1-20180127172317
2018-01-27 17:25:11.980;SQ;AS46-AS1-20180127172511
2018-01-27 17:25:29.772;RU;AS46-AS1-20180127172154
2018-01-27 17:25:31.590;VU;AS46-AS1-20180127172154
2018-01-27 17:25:53.039;RC;AS46-AS1-20180127172317
2018-01-27 17:25:53.880;SS;AS46-AS1-20180127172317
2018-01-27 17:26:33.492;RO;AS46-AS1-20180127172511
2018-01-27 17:26:34.432;SP;AS46-AS1-20180127172511
2018-01-27 17:26:36.169;SQ;AS46-AS1-20180127172636
2018-01-27 17:27:02.291;RU;AS46-AS1-20180127172317
2018-01-27 17:27:15.262;RC;AS46-AS1-20180127172511
2018-01-27 17:27:16.126;SS;AS46-AS1-20180127172511
2018-01-27 17:28:00.267;RO;AS46-AS1-20180127172636
2018-01-27 17:28:01.227;SP;AS46-AS1-20180127172636
2018-01-27 17:28:03.804;SQ;AS46-AS1-20180127172803
2018-01-27 17:28:40.439;RU;AS46-AS1-20180127172511
2018-01-27 17:28:42.414;VU;AS46-AS1-20180127172511
2018-01-27 17:28:46.619;RC;AS46-AS1-20180127172636
2018-01-27 17:28:48.010;SS;AS46-AS1-20180127172636
2018-01-27 17:29:31.477;RO;AS46-AS1-20180127172803
2018-01-27 17:29:33.519;SP;AS46-AS1-20180127172803
2018-01-27 17:29:36.147;SQ;AS46-AS1-20180127172936
2018-01-27 17:30:20.508;RC;AS46-AS1-20180127172803
2018-01-27 17:30:21.045;RU;AS46-AS1-20180127172636
2018-01-27 17:30:22.588;SS;AS46-AS1-20180127172803
2018-01-27 17:30:23.915;VU;AS46-AS1-20180127172636
2018-01-27 17:31:00.107;RO;AS46-AS1-20180127172936
2018-01-27 17:31:01.791;SP;AS46-AS1-20180127172936
2018-01-27 17:31:04.373;SQ;AS46-AS1-20180127173104
2018-01-27 17:31:50.491;RC;AS46-AS1-20180127172936
2018-01-27 17:31:52.116;SS;AS46-AS1-20180127172936
2018-01-27 17:32:27.740;RU;AS46-AS1-20180127172803
2018-01-27 17:32:29.363;RO;AS46-AS1-20180127173104
2018-01-27 17:32:31.918;VU;AS46-AS1-20180127172803
2018-01-27 17:32:32.160;SP;AS46-AS1-20180127173104
2018-01-27 17:32:34.636;SQ;AS46-AS1-20180127173234
2018-01-27 17:33:13.171;RU;AS46-AS1-20180127172936
2018-01-27 17:33:14.821;RC;AS46-AS1-20180127173104
2018-01-27 17:33:15.181;VU;AS46-AS1-20180127172936
2018-01-27 17:33:16.196;SS;AS46-AS1-20180127173104
2018-01-27 17:34:06.363;RO;AS46-AS1-20180127173234
2018-01-27 17:34:07.912;SP;AS46-AS1-20180127173234
2018-01-27 17:34:10.535;SQ;AS46-AS1-20180127173410
2018-01-27 17:34:38.403;RU;AS46-AS1-20180127173104
2018-01-27 17:34:41.118;VU;AS46-AS1-20180127173104
2018-01-27 17:34:57.626;RC;AS46-AS1-20180127173234
2018-01-27 17:34:58.791;SS;AS46-AS1-20180127173234
2018-01-27 17:35:32.706;RO;AS46-AS1-20180127173410
2018-01-27 17:35:34.308;SP;AS46-AS1-20180127173410
2018-01-27 17:35:38.972;SQ;AS46-AS1-20180127173538
2018-01-27 17:36:12.479;RC;AS46-AS1-20180127173410
2018-01-27 17:36:14.155;SS;AS46-AS1-20180127173410
2018-01-27 17:36:23.727;RU;AS46-AS1-20180127173234
2018-01-27 17:36:26.131;VU;AS46-AS1-20180127173234
2018-01-27 17:36:53.521;RO;AS46-AS1-20180127173538
2018-01-27 17:36:54.927;SP;AS46-AS1-20180127173538
2018-01-27 17:36:57.438;SQ;AS46-AS1-20180127173657
2018-01-27 17:37:31.075;RU;AS46-AS1-20180127173410
2018-01-27 17:37:33.188;VU;AS46-AS1-20180127173410
2018-01-27 17:37:46.532;RC;AS46-AS1-20180127173538
2018-01-27 17:37:48.141;SS;AS46-AS1-20180127173538
2018-01-27 17:38:11.547;RO;AS46-AS1-20180127173657
2018-01-27 17:38:13.686;SP;AS46-AS1-20180127173657
2018-01-27 17:38:16.091;SQ;AS46-AS1-20180127173816
2018-01-27 17:38:57.204;RC;AS46-AS1-20180127173657
2018-01-27 17:38:58.874;SS;AS46-AS1-20180127173657
2018-01-27 17:39:20.519;RU;AS46-AS1-20180127173538
2018-01-27 17:39:23.163;VU;AS46-AS1-20180127173538
2018-01-27 17:39:36.072;RO;AS46-AS1-20180127173816
2018-01-27 17:39:37.132;SP;AS46-AS1-20180127173816
2018-01-27 17:39:39.577;SQ;AS46-AS1-20180127173939
2018-01-27 17:40:20.567;RC;AS46-AS1-20180127173816
2018-01-27 17:40:21.555;SS;AS46-AS1-20180127173816
2018-01-27 17:40:26.476;RU;AS46-AS1-20180127173657
2018-01-27 17:40:28.674;VU;AS46-AS1-20180127173657
2018-01-27 17:40:50.582;RO;AS46-AS1-20180127173939
2018-01-27 17:40:52.308;SP;AS46-AS1-20180127173939
2018-01-27 17:40:54.671;SQ;AS46-AS1-20180127174054
2018-01-27 17:41:35.663;RC;AS46-AS1-20180127173939
2018-01-27 17:41:36.828;SS;AS46-AS1-20180127173939
2018-01-27 17:41:41.781;RU;AS46-AS1-20180127173816
2018-01-27 17:41:43.633;VU;AS46-AS1-20180127173816
2018-01-27 17:42:08.551;RO;AS46-AS1-20180127174054
2018-01-27 17:42:10.034;SP;AS46-AS1-20180127174054
2018-01-27 17:42:12.604;SQ;AS46-AS1-20180127174212
2018-01-27 17:43:00.949;RU;AS46-AS1-20180127173939
2018-01-27 17:43:02.845;VU;AS46-AS1-20180127173939
2018-01-27 17:43:21.332;RO;AS46-AS1-20180127174212
2018-01-27 17:43:24.087;SP;AS46-AS1-20180127174212
2018-01-27 17:43:26.821;SQ;AS46-AS1-20180127174326
2018-01-27 17:43:32.328;RC;AS46-AS1-20180127174054
2018-01-27 17:43:33.771;SS;AS46-AS1-20180127174054
2018-01-27 17:44:08.785;RC;AS46-AS1-20180127174212
2018-01-27 17:44:10.768;SS;AS46-AS1-20180127174212
2018-01-27 17:44:44.023;RU;AS46-AS1-20180127174054
2018-01-27 17:44:46.270;VU;AS46-AS1-20180127174054
2018-01-27 17:44:51.785;RO;AS46-AS1-20180127174326
2018-01-27 17:44:52.997;SP;AS46-AS1-20180127174326
2018-01-27 17:44:55.595;SQ;AS46-AS1-20180127174455
2018-01-27 17:45:29.452;RU;AS46-AS1-20180127174212
2018-01-27 17:45:30.542;RC;AS46-AS1-20180127174326
2018-01-27 17:45:31.312;VU;AS46-AS1-20180127174212
2018-01-27 17:45:32.044;SS;AS46-AS1-20180127174326
2018-01-27 17:46:09.518;RO;AS46-AS1-20180127174455
2018-01-27 17:46:10.892;SP;AS46-AS1-20180127174455
2018-01-27 17:46:13.472;SQ;AS46-AS1-20180127174613
2018-01-27 17:46:56.343;RC;AS46-AS1-20180127174455
2018-01-27 17:46:56.916;RU;AS46-AS1-20180127174326
2018-01-27 17:46:58.181;SS;AS46-AS1-20180127174455
2018-01-27 17:46:59.825;VU;AS46-AS1-20180127174326
2018-01-27 17:47:32.056;RO;AS46-AS1-20180127174613
2018-01-27 17:47:34.278;SP;AS46-AS1-20180127174613
2018-01-27 17:47:38.449;SQ;AS46-AS1-20180127174738
2018-01-27 17:48:20.620;RC;AS46-AS1-20180127174613
2018-01-27 17:48:21.943;RU;AS46-AS1-20180127174455
2018-01-27 17:48:22.713;SS;AS46-AS1-20180127174613
2018-01-27 17:48:24.393;VU;AS46-AS1-20180127174455
2018-01-27 17:49:01.205;RO;AS46-AS1-20180127174738
2018-01-27 17:49:02.563;SP;AS46-AS1-20180127174738
2018-01-27 17:49:05.156;SQ;AS46-AS1-20180127174905
2018-01-27 17:49:46.275;RC;AS46-AS1-20180127174738
2018-01-27 17:49:47.673;RU;AS46-AS1-20180127174613
2018-01-27 17:49:48.120;SS;AS46-AS1-20180127174738
2018-01-27 17:49:49.839;VU;AS46-AS1-20180127174613
2018-01-27 17:50:19.489;RO;AS46-AS1-20180127174905
2018-01-27 17:50:20.860;SP;AS46-AS1-20180127174905
2018-01-27 17:50:23.300;SQ;AS46-AS1-20180127175023
2018-01-27 17:51:10.910;RU;AS46-AS1-20180127174738
2018-01-27 17:51:12.829;VU;AS46-AS1-20180127174738
2018-01-27 17:51:37.712;RC;AS46-AS1-20180127174905
2018-01-27 17:51:38.962;SS;AS46-AS1-20180127174905
2018-01-27 17:51:43.379;RO;AS46-AS1-20180127175023
2018-01-27 17:51:45.758;SP;AS46-AS1-20180127175023
2018-01-27 17:51:48.600;SQ;AS46-AS1-20180127175148
2018-01-27 17:52:25.172;RC;AS46-AS1-20180127175023
2018-01-27 17:52:26.887;SS;AS46-AS1-20180127175023
2018-01-27 17:53:11.429;RO;AS46-AS1-20180127175148
2018-01-27 17:53:11.905;RU;AS46-AS1-20180127174905
2018-01-27 17:53:13.485;SP;AS46-AS1-20180127175148
2018-01-27 17:53:14.966;VU;AS46-AS1-20180127174905
2018-01-27 17:53:17.087;SQ;AS46-AS1-20180127175317
2018-01-27 17:53:48.535;RU;AS46-AS1-20180127175023
2018-01-27 17:53:50.406;VU;AS46-AS1-20180127175023
2018-01-27 17:53:55.912;RC;AS46-AS1-20180127175148
2018-01-27 17:53:56.858;SS;AS46-AS1-20180127175148
2018-01-27 17:55:10.509;RU;AS46-AS1-20180127175148
2018-01-27 17:55:12.530;VU;AS46-AS1-20180127175148
2018-01-27 17:55:15.832;RO;AS46-AS1-20180127175317
2018-01-27 17:55:17.214;SP;AS46-AS1-20180127175317
2018-01-27 17:55:20.091;SQ;AS46-AS1-20180127175520
2018-01-27 17:56:00.811;RC;AS46-AS1-20180127175317
2018-01-27 17:56:01.761;SS;AS46-AS1-20180127175317
2018-01-27 17:56:32.380;RO;AS46-AS1-20180127175520
2018-01-27 17:56:34.463;SP;AS46-AS1-20180127175520
2018-01-27 17:56:36.964;SQ;AS46-AS1-20180127175636
2018-01-27 17:57:16.119;RC;AS46-AS1-20180127175520
2018-01-27 17:57:16.133;RU;AS46-AS1-20180127175317
2018-01-27 17:57:18.382;SS;AS46-AS1-20180127175520
2018-01-27 17:57:19.384;VU;AS46-AS1-20180127175317
2018-01-27 17:57:44.751;RO;AS46-AS1-20180127175636
2018-01-27 17:57:46.461;SP;AS46-AS1-20180127175636
2018-01-27 17:57:48.787;SQ;AS46-AS1-20180127175748
2018-01-27 17:58:21.379;RC;AS46-AS1-20180127175636
2018-01-27 17:58:22.904;SS;AS46-AS1-20180127175636
2018-01-27 17:58:40.537;RU;AS46-AS1-20180127175520
2018-01-27 17:58:42.411;VU;AS46-AS1-20180127175520
2018-01-27 17:59:37.842;RO;AS46-AS1-20180127175748
2018-01-27 17:59:38.983;SP;AS46-AS1-20180127175748
2018-01-27 17:59:39.943;RU;AS46-AS1-20180127175636
2018-01-27 17:59:42.954;VU;AS46-AS1-20180127175636
2018-01-27 17:59:42.959;SQ;AS46-AS1-20180127175942
2018-01-27 18:00:13.529;RC;AS46-AS1-20180127175748
2018-01-27 18:00:14.915;SS;AS46-AS1-20180127175748
2018-01-27 18:00:40.649;RO;AS46-AS1-20180127175942
2018-01-27 18:00:41.955;SP;AS46-AS1-20180127175942
2018-01-27 18:00:42.609;RU;AS46-AS1-20180127175748
2018-01-27 18:00:46.354;VU;AS46-AS1-20180127175748
2018-01-27 18:00:58.160;RC;AS46-AS1-20180127175942
2018-01-27 18:00:59.926;SS;AS46-AS1-20180127175942
2018-01-27 18:01:09.201;RU;AS46-AS1-20180127175942
2018-01-27 18:01:11.376;VU;AS46-AS1-20180127175942
