2018-01-27 17:18:30.120;SQ;AS47-AS1-20180127171830
2018-01-27 17:18:36.991;RO;AS47-AS1-20180127171830
2018-01-27 17:18:37.946;SP;AS47-AS1-20180127171830
2018-01-27 17:18:39.561;SQ;AS47-AS1-20180127171839
2018-01-27 17:18:53.611;RC;AS47-AS1-20180127171830
2018-01-27 17:18:54.435;SS;AS47-AS1-20180127171830
2018-01-27 17:19:22.852;RO;AS47-AS1-20180127171839
2018-01-27 17:19:23.917;SP;AS47-AS1-20180127171839
2018-01-27 17:19:25.557;SQ;AS47-AS1-20180127171925
2018-01-27 17:19:47.864;RU;AS47-AS1-20180127171830
2018-01-27 17:19:49.675;VU;AS47-AS1-20180127171830
2018-01-27 17:19:58.551;RC;AS47-AS1-20180127171839
2018-01-27 17:19:59.356;SS;AS47-AS1-20180127171839
2018-01-27 17:21:09.741;RO;AS47-AS1-20180127171925
2018-01-27 17:21:10.995;SP;AS47-AS1-20180127171925
2018-01-27 17:21:12.664;SQ;AS47-AS1-20180127172112
2018-01-27 17:21:17.481;RU;AS47-AS1-20180127171839
2018-01-27 17:21:19.307;VU;AS47-AS1-20180127171839
2018-01-27 17:21:54.456;RC;AS47-AS1-20180127171925
2018-01-27 17:21:55.260;SS;AS47-AS1-20180127171925
2018-01-27 17:22:32.721;RO;AS47-AS1-20180127172112
2018-01-27 17:22:33.563;SP;AS47-AS1-20180127172112
2018-01-27 17:22:35.211;SQ;AS47-AS1-20180127172235
2018-01-27 17:23:03.521;RU;AS47-AS1-20180127171925
2018-01-27 17:23:05.318;VU;AS47-AS1-20180127171925
2018-01-27 17:23:16.357;RC;AS47-AS1-20180127172112
2018-01-27 17:23:17.180;SS;AS47-AS1-20180127172112
2018-01-27 17:24:38.969;RO;AS47-AS1-20180127172235
2018-01-27 17:24:39.561;RU;AS47-AS1-20180127172112
2018-01-27 17:24:40.699;SP;AS47-AS1-20180127172235
2018-01-27 17:24:42.218;VU;AS47-AS1-20180127172112
2018-01-27 17:24:43.556;SQ;AS47-AS1-20180127172443
2018-01-27 17:25:12.562;RC;AS47-AS1-20180127172235
2018-01-27 17:25:14.179;SS;AS47-AS1-20180127172235
2018-01-27 17:26:32.567;RU;AS47-AS1-20180127172235
2018-01-27 17:26:35.296;VU;AS47-AS1-20180127172235
2018-01-27 17:26:35.347;RO;AS47-AS1-20180127172443
2018-01-27 17:26:36.484;SP;AS47-AS1-20180127172443
2018-01-27 17:26:38.114;SQ;AS47-AS1-20180127172638
2018-01-27 17:27:20.924;RC;AS47-AS1-20180127172443
2018-01-27 17:27:21.733;SS;AS47-AS1-20180127172443
2018-01-27 17:28:00.264;RO;AS47-AS1-20180127172638
2018-01-27 17:28:01.524;SP;AS47-AS1-20180127172638
2018-01-27 17:28:03.126;SQ;AS47-AS1-20180127172803
2018-01-27 17:28:35.412;RC;AS47-AS1-20180127172638
2018-01-27 17:28:37.056;SS;AS47-AS1-20180127172638
2018-01-27 17:28:46.623;RU;AS47-AS1-20180127172443
2018-01-27 17:28:48.424;VU;AS47-AS1-20180127172443
2018-01-27 17:29:26.391;RO;AS47-AS1-20180127172803
2018-01-27 17:29:27.531;SP;AS47-AS1-20180127172803
2018-01-27 17:29:29.155;SQ;AS47-AS1-20180127172929
2018-01-27 17:30:10.127;RU;AS47-AS1-20180127172638
2018-01-27 17:30:11.954;VU;AS47-AS1-20180127172638
2018-01-27 17:30:38.471;RC;AS47-AS1-20180127172803
2018-01-27 17:30:40.227;SS;AS47-AS1-20180127172803
2018-01-27 17:31:00.425;RO;AS47-AS1-20180127172929
2018-01-27 17:31:01.551;SP;AS47-AS1-20180127172929
2018-01-27 17:31:03.154;SQ;AS47-AS1-20180127173103
2018-01-27 17:31:40.917;RC;AS47-AS1-20180127172929
2018-01-27 17:31:41.709;SS;AS47-AS1-20180127172929
2018-01-27 17:32:04.103;RU;AS47-AS1-20180127172803
2018-01-27 17:32:05.907;VU;AS47-AS1-20180127172803
2018-01-27 17:32:22.837;RO;AS47-AS1-20180127173103
2018-01-27 17:32:24.052;SP;AS47-AS1-20180127173103
2018-01-27 17:32:25.636;SQ;AS47-AS1-20180127173225
2018-01-27 17:33:05.026;RC;AS47-AS1-20180127173103
2018-01-27 17:33:05.839;SS;AS47-AS1-20180127173103
2018-01-27 17:33:08.106;RU;AS47-AS1-20180127172929
2018-01-27 17:33:09.927;VU;AS47-AS1-20180127172929
2018-01-27 17:33:56.017;RO;AS47-AS1-20180127173225
2018-01-27 17:33:57.042;SP;AS47-AS1-20180127173225
2018-01-27 17:33:58.684;SQ;AS47-AS1-20180127173358
2018-01-27 17:34:31.992;RU;AS47-AS1-20180127173103
2018-01-27 17:34:32.558;RC;AS47-AS1-20180127173225
2018-01-27 17:34:34.138;VU;AS47-AS1-20180127173103
2018-01-27 17:34:34.307;SS;AS47-AS1-20180127173225
2018-01-27 17:35:13.381;RO;AS47-AS1-20180127173358
2018-01-27 17:35:14.583;SP;AS47-AS1-20180127173358
2018-01-27 17:35:16.181;SQ;AS47-AS1-20180127173516
2018-01-27 17:35:56.869;RC;AS47-AS1-20180127173358
2018-01-27 17:35:57.648;SS;AS47-AS1-20180127173358
2018-01-27 17:36:05.582;RU;AS47-AS1-20180127173225
2018-01-27 17:36:08.256;VU;AS47-AS1-20180127173225
2018-01-27 17:36:34.440;RO;AS47-AS1-20180127173516
2018-01-27 17:36:35.566;SP;AS47-AS1-20180127173516
2018-01-27 17:36:38.717;SQ;AS47-AS1-20180127173638
2018-01-27 17:37:18.888;RC;AS47-AS1-20180127173516
2018-01-27 17:37:19.712;SS;AS47-AS1-20180127173516
2018-01-27 17:37:21.661;RU;AS47-AS1-20180127173358
2018-01-27 17:37:24.157;VU;AS47-AS1-20180127173358
2018-01-27 17:38:00.525;RO;AS47-AS1-20180127173638
2018-01-27 17:38:01.615;SP;AS47-AS1-20180127173638
2018-01-27 17:38:03.252;SQ;AS47-AS1-20180127173803
2018-01-27 17:38:35.181;RU;AS47-AS1-20180127173516
2018-01-27 17:38:36.972;VU;AS47-AS1-20180127173516
2018-01-27 17:38:38.626;RC;AS47-AS1-20180127173638
2018-01-27 17:38:39.403;SS;AS47-AS1-20180127173638
2018-01-27 17:39:19.250;RO;AS47-AS1-20180127173803
2018-01-27 17:39:20.142;SP;AS47-AS1-20180127173803
2018-01-27 17:39:21.775;SQ;AS47-AS1-20180127173921
2018-01-27 17:39:57.921;RU;AS47-AS1-20180127173638
2018-01-27 17:39:58.863;RC;AS47-AS1-20180127173803
2018-01-27 17:40:00.158;VU;AS47-AS1-20180127173638
2018-01-27 17:40:00.553;SS;AS47-AS1-20180127173803
2018-01-27 17:41:21.368;RO;AS47-AS1-20180127173921
2018-01-27 17:41:22.226;SP;AS47-AS1-20180127173921
2018-01-27 17:41:23.819;SQ;AS47-AS1-20180127174123
2018-01-27 17:41:31.119;RU;AS47-AS1-20180127173803
2018-01-27 17:41:32.904;VU;AS47-AS1-20180127173803
2018-01-27 17:42:01.511;RC;AS47-AS1-20180127173921
2018-01-27 17:42:02.350;SS;AS47-AS1-20180127173921
2018-01-27 17:42:40.233;RO;AS47-AS1-20180127174123
2018-01-27 17:42:41.193;SP;AS47-AS1-20180127174123
2018-01-27 17:42:42.774;SQ;AS47-AS1-20180127174242
2018-01-27 17:43:20.688;RC;AS47-AS1-20180127174123
2018-01-27 17:43:21.493;SS;AS47-AS1-20180127174123
2018-01-27 17:44:06.173;RU;AS47-AS1-20180127173921
2018-01-27 17:44:07.990;VU;AS47-AS1-20180127173921
2018-01-27 17:44:34.238;RO;AS47-AS1-20180127174242
2018-01-27 17:44:35.204;SP;AS47-AS1-20180127174242
2018-01-27 17:44:36.811;SQ;AS47-AS1-20180127174436
2018-01-27 17:44:39.518;RU;AS47-AS1-20180127174123
2018-01-27 17:44:41.331;VU;AS47-AS1-20180127174123
2018-01-27 17:45:13.391;RC;AS47-AS1-20180127174242
2018-01-27 17:45:14.668;SS;AS47-AS1-20180127174242
2018-01-27 17:45:44.941;RO;AS47-AS1-20180127174436
2018-01-27 17:45:46.168;SP;AS47-AS1-20180127174436
2018-01-27 17:45:47.753;SQ;AS47-AS1-20180127174547
2018-01-27 17:46:27.213;RC;AS47-AS1-20180127174436
2018-01-27 17:46:27.991;SS;AS47-AS1-20180127174436
2018-01-27 17:46:31.637;RU;AS47-AS1-20180127174242
2018-01-27 17:46:33.441;VU;AS47-AS1-20180127174242
2018-01-27 17:47:11.291;RO;AS47-AS1-20180127174547
2018-01-27 17:47:12.160;SP;AS47-AS1-20180127174547
2018-01-27 17:47:13.761;SQ;AS47-AS1-20180127174713
2018-01-27 17:47:52.340;RC;AS47-AS1-20180127174547
2018-01-27 17:47:53.119;SS;AS47-AS1-20180127174547
2018-01-27 17:47:56.817;RU;AS47-AS1-20180127174436
2018-01-27 17:47:58.628;VU;AS47-AS1-20180127174436
2018-01-27 17:48:12.458;RO;AS47-AS1-20180127174713
2018-01-27 17:48:13.644;SP;AS47-AS1-20180127174713
2018-01-27 17:48:15.255;SQ;AS47-AS1-20180127174815
2018-01-27 17:48:53.066;RC;AS47-AS1-20180127174713
2018-01-27 17:48:53.852;SS;AS47-AS1-20180127174713
2018-01-27 17:49:16.682;RU;AS47-AS1-20180127174547
2018-01-27 17:49:18.507;VU;AS47-AS1-20180127174547
2018-01-27 17:49:46.276;RO;AS47-AS1-20180127174815
2018-01-27 17:49:47.151;SP;AS47-AS1-20180127174815
2018-01-27 17:49:48.720;SQ;AS47-AS1-20180127174948
2018-01-27 17:50:19.518;RU;AS47-AS1-20180127174713
2018-01-27 17:50:21.312;VU;AS47-AS1-20180127174713
2018-01-27 17:50:33.678;RC;AS47-AS1-20180127174815
2018-01-27 17:50:34.462;SS;AS47-AS1-20180127174815
2018-01-27 17:51:00.492;RO;AS47-AS1-20180127174948
2018-01-27 17:51:01.619;SP;AS47-AS1-20180127174948
2018-01-27 17:51:03.227;SQ;AS47-AS1-20180127175103
2018-01-27 17:51:45.311;RC;AS47-AS1-20180127174948
2018-01-27 17:51:46.117;SS;AS47-AS1-20180127174948
2018-01-27 17:51:55.114;RU;AS47-AS1-20180127174815
2018-01-27 17:51:56.929;VU;AS47-AS1-20180127174815
2018-01-27 17:52:25.376;RO;AS47-AS1-20180127175103
2018-01-27 17:52:26.600;SP;AS47-AS1-20180127175103
2018-01-27 17:52:28.198;SQ;AS47-AS1-20180127175228
2018-01-27 17:53:12.018;RU;AS47-AS1-20180127174948
2018-01-27 17:53:13.828;VU;AS47-AS1-20180127174948
2018-01-27 17:53:43.661;RC;AS47-AS1-20180127175103
2018-01-27 17:53:44.453;SS;AS47-AS1-20180127175103
2018-01-27 17:53:48.535;RO;AS47-AS1-20180127175228
2018-01-27 17:53:49.594;SP;AS47-AS1-20180127175228
2018-01-27 17:53:51.186;SQ;AS47-AS1-20180127175351
2018-01-27 17:54:28.647;RC;AS47-AS1-20180127175228
2018-01-27 17:54:29.449;SS;AS47-AS1-20180127175228
2018-01-27 17:54:59.728;RO;AS47-AS1-20180127175351
2018-01-27 17:54:59.877;RU;AS47-AS1-20180127175103
2018-01-27 17:55:01.219;SP;AS47-AS1-20180127175351
2018-01-27 17:55:02.511;VU;AS47-AS1-20180127175103
2018-01-27 17:55:03.008;SQ;AS47-AS1-20180127175503
2018-01-27 17:55:36.022;RC;AS47-AS1-20180127175351
2018-01-27 17:55:37.510;SS;AS47-AS1-20180127175351
2018-01-27 17:55:56.660;RU;AS47-AS1-20180127175228
2018-01-27 17:55:58.501;VU;AS47-AS1-20180127175228
2018-01-27 17:56:17.250;RO;AS47-AS1-20180127175503
2018-01-27 17:56:18.395;SP;AS47-AS1-20180127175503
2018-01-27 17:56:19.969;SQ;AS47-AS1-20180127175619
2018-01-27 17:57:02.304;RC;AS47-AS1-20180127175503
2018-01-27 17:57:02.317;RU;AS47-AS1-20180127175351
2018-01-27 17:57:03.918;SS;AS47-AS1-20180127175503
2018-01-27 17:57:04.921;VU;AS47-AS1-20180127175351
2018-01-27 17:57:32.397;RO;AS47-AS1-20180127175619
2018-01-27 17:57:33.337;SP;AS47-AS1-20180127175619
2018-01-27 17:57:34.951;SQ;AS47-AS1-20180127175734
2018-01-27 17:58:07.242;RC;AS47-AS1-20180127175619
2018-01-27 17:58:08.064;SS;AS47-AS1-20180127175619
2018-01-27 17:58:30.793;RU;AS47-AS1-20180127175503
2018-01-27 17:58:32.597;VU;AS47-AS1-20180127175503
2018-01-27 17:58:54.126;RO;AS47-AS1-20180127175734
2018-01-27 17:58:55.315;SP;AS47-AS1-20180127175734
2018-01-27 17:58:56.910;SQ;AS47-AS1-20180127175856
2018-01-27 17:59:22.773;RU;AS47-AS1-20180127175619
2018-01-27 17:59:24.572;VU;AS47-AS1-20180127175619
2018-01-27 17:59:31.685;RC;AS47-AS1-20180127175734
2018-01-27 17:59:32.463;SS;AS47-AS1-20180127175734
2018-01-27 18:00:03.603;RO;AS47-AS1-20180127175856
2018-01-27 18:00:04.789;SP;AS47-AS1-20180127175856
2018-01-27 18:00:29.261;RC;AS47-AS1-20180127175856
2018-01-27 18:00:30.078;SS;AS47-AS1-20180127175856
2018-01-27 18:00:31.062;RU;AS47-AS1-20180127175734
2018-01-27 18:00:33.639;VU;AS47-AS1-20180127175734
2018-01-27 18:00:58.747;RU;AS47-AS1-20180127175856
2018-01-27 18:01:00.574;VU;AS47-AS1-20180127175856
