2018-01-27 17:18:31.325;SQ;AS48-AS1-20180127171831
2018-01-27 17:18:47.209;RO;AS48-AS1-20180127171831
2018-01-27 17:18:48.141;SP;AS48-AS1-20180127171831
2018-01-27 17:18:49.789;SQ;AS48-AS1-20180127171849
2018-01-27 17:19:02.432;RC;AS48-AS1-20180127171831
2018-01-27 17:19:03.258;SS;AS48-AS1-20180127171831
2018-01-27 17:19:43.327;RO;AS48-AS1-20180127171849
2018-01-27 17:19:44.254;SP;AS48-AS1-20180127171849
2018-01-27 17:19:46.511;SQ;AS48-AS1-20180127171946
2018-01-27 17:20:08.023;RU;AS48-AS1-20180127171831
2018-01-27 17:20:09.863;VU;AS48-AS1-20180127171831
2018-01-27 17:20:31.813;RC;AS48-AS1-20180127171849
2018-01-27 17:20:32.638;SS;AS48-AS1-20180127171849
2018-01-27 17:21:04.495;RO;AS48-AS1-20180127171946
2018-01-27 17:21:06.058;SP;AS48-AS1-20180127171946
2018-01-27 17:21:07.699;SQ;AS48-AS1-20180127172107
2018-01-27 17:21:39.714;RC;AS48-AS1-20180127171946
2018-01-27 17:21:40.523;SS;AS48-AS1-20180127171946
2018-01-27 17:21:49.674;RU;AS48-AS1-20180127171849
2018-01-27 17:21:51.497;VU;AS48-AS1-20180127171849
2018-01-27 17:22:17.640;RO;AS48-AS1-20180127172107
2018-01-27 17:22:18.620;SP;AS48-AS1-20180127172107
2018-01-27 17:22:20.263;SQ;AS48-AS1-20180127172220
2018-01-27 17:22:59.297;RC;AS48-AS1-20180127172107
2018-01-27 17:23:00.128;SS;AS48-AS1-20180127172107
2018-01-27 17:23:18.633;RU;AS48-AS1-20180127171946
2018-01-27 17:23:20.439;VU;AS48-AS1-20180127171946
2018-01-27 17:23:50.899;RO;AS48-AS1-20180127172220
2018-01-27 17:23:52.164;SP;AS48-AS1-20180127172220
2018-01-27 17:23:53.812;SQ;AS48-AS1-20180127172353
2018-01-27 17:24:25.922;RU;AS48-AS1-20180127172107
2018-01-27 17:24:28.681;VU;AS48-AS1-20180127172107
2018-01-27 17:24:35.922;RC;AS48-AS1-20180127172220
2018-01-27 17:24:36.721;SS;AS48-AS1-20180127172220
2018-01-27 17:25:07.102;RO;AS48-AS1-20180127172353
2018-01-27 17:25:08.223;SP;AS48-AS1-20180127172353
2018-01-27 17:25:09.842;SQ;AS48-AS1-20180127172509
2018-01-27 17:25:44.646;RC;AS48-AS1-20180127172353
2018-01-27 17:25:45.833;SS;AS48-AS1-20180127172353
2018-01-27 17:25:51.887;RU;AS48-AS1-20180127172220
2018-01-27 17:25:53.712;VU;AS48-AS1-20180127172220
2018-01-27 17:26:33.191;RO;AS48-AS1-20180127172509
2018-01-27 17:26:34.278;SP;AS48-AS1-20180127172509
2018-01-27 17:26:35.927;SQ;AS48-AS1-20180127172635
2018-01-27 17:26:47.343;RU;AS48-AS1-20180127172353
2018-01-27 17:26:50.103;VU;AS48-AS1-20180127172353
2018-01-27 17:27:05.362;RC;AS48-AS1-20180127172509
2018-01-27 17:27:06.168;SS;AS48-AS1-20180127172509
2018-01-27 17:27:45.792;RO;AS48-AS1-20180127172635
2018-01-27 17:27:46.798;SP;AS48-AS1-20180127172635
2018-01-27 17:27:48.464;SQ;AS48-AS1-20180127172748
2018-01-27 17:28:25.619;RC;AS48-AS1-20180127172635
2018-01-27 17:28:26.422;SS;AS48-AS1-20180127172635
2018-01-27 17:28:31.353;RU;AS48-AS1-20180127172509
2018-01-27 17:28:33.149;VU;AS48-AS1-20180127172509
2018-01-27 17:29:18.082;RO;AS48-AS1-20180127172748
2018-01-27 17:29:19.372;SP;AS48-AS1-20180127172748
2018-01-27 17:29:21.003;SQ;AS48-AS1-20180127172921
2018-01-27 17:29:59.409;RU;AS48-AS1-20180127172635
2018-01-27 17:30:01.203;VU;AS48-AS1-20180127172635
2018-01-27 17:30:02.104;RC;AS48-AS1-20180127172748
2018-01-27 17:30:02.902;SS;AS48-AS1-20180127172748
2018-01-27 17:30:37.833;RO;AS48-AS1-20180127172921
2018-01-27 17:30:39.798;SP;AS48-AS1-20180127172921
2018-01-27 17:30:42.525;SQ;AS48-AS1-20180127173042
2018-01-27 17:31:21.716;RC;AS48-AS1-20180127172921
2018-01-27 17:31:22.512;SS;AS48-AS1-20180127172921
2018-01-27 17:31:24.360;RU;AS48-AS1-20180127172748
2018-01-27 17:31:26.181;VU;AS48-AS1-20180127172748
2018-01-27 17:32:04.908;RO;AS48-AS1-20180127173042
2018-01-27 17:32:05.925;SP;AS48-AS1-20180127173042
2018-01-27 17:32:07.573;SQ;AS48-AS1-20180127173207
2018-01-27 17:32:38.710;RU;AS48-AS1-20180127172921
2018-01-27 17:32:40.501;VU;AS48-AS1-20180127172921
2018-01-27 17:32:52.726;RC;AS48-AS1-20180127173042
2018-01-27 17:32:53.547;SS;AS48-AS1-20180127173042
2018-01-27 17:34:02.482;RO;AS48-AS1-20180127173207
2018-01-27 17:34:04.467;SP;AS48-AS1-20180127173207
2018-01-27 17:34:06.361;RU;AS48-AS1-20180127173042
2018-01-27 17:34:06.854;SQ;AS48-AS1-20180127173406
2018-01-27 17:34:08.440;VU;AS48-AS1-20180127173042
2018-01-27 17:34:43.655;RC;AS48-AS1-20180127173207
2018-01-27 17:34:44.461;SS;AS48-AS1-20180127173207
2018-01-27 17:35:17.880;RO;AS48-AS1-20180127173406
2018-01-27 17:35:18.761;SP;AS48-AS1-20180127173406
2018-01-27 17:35:21.482;SQ;AS48-AS1-20180127173521
2018-01-27 17:35:58.516;RC;AS48-AS1-20180127173406
2018-01-27 17:35:59.328;SS;AS48-AS1-20180127173406
2018-01-27 17:36:02.012;RU;AS48-AS1-20180127173207
2018-01-27 17:36:03.831;VU;AS48-AS1-20180127173207
2018-01-27 17:37:13.757;RO;AS48-AS1-20180127173521
2018-01-27 17:37:14.907;SP;AS48-AS1-20180127173521
2018-01-27 17:37:16.537;SQ;AS48-AS1-20180127173716
2018-01-27 17:37:23.372;RU;AS48-AS1-20180127173406
2018-01-27 17:37:25.216;VU;AS48-AS1-20180127173406
2018-01-27 17:37:50.462;RC;AS48-AS1-20180127173521
2018-01-27 17:37:51.279;SS;AS48-AS1-20180127173521
2018-01-27 17:38:36.755;RO;AS48-AS1-20180127173716
2018-01-27 17:38:37.913;SP;AS48-AS1-20180127173716
2018-01-27 17:38:39.549;SQ;AS48-AS1-20180127173839
2018-01-27 17:39:14.295;RC;AS48-AS1-20180127173716
2018-01-27 17:39:15.106;SS;AS48-AS1-20180127173716
2018-01-27 17:39:21.681;RU;AS48-AS1-20180127173521
2018-01-27 17:39:23.497;VU;AS48-AS1-20180127173521
2018-01-27 17:40:05.110;RO;AS48-AS1-20180127173839
2018-01-27 17:40:05.954;SP;AS48-AS1-20180127173839
2018-01-27 17:40:07.622;SQ;AS48-AS1-20180127174007
2018-01-27 17:40:42.007;RU;AS48-AS1-20180127173716
2018-01-27 17:40:43.820;VU;AS48-AS1-20180127173716
2018-01-27 17:40:46.137;RC;AS48-AS1-20180127173839
2018-01-27 17:40:46.957;SS;AS48-AS1-20180127173839
2018-01-27 17:41:14.028;RO;AS48-AS1-20180127174007
2018-01-27 17:41:15.005;SP;AS48-AS1-20180127174007
2018-01-27 17:41:16.613;SQ;AS48-AS1-20180127174116
2018-01-27 17:41:53.448;RC;AS48-AS1-20180127174007
2018-01-27 17:41:54.250;SS;AS48-AS1-20180127174007
2018-01-27 17:42:13.480;RU;AS48-AS1-20180127173839
2018-01-27 17:42:15.294;VU;AS48-AS1-20180127173839
2018-01-27 17:42:30.874;RO;AS48-AS1-20180127174116
2018-01-27 17:42:32.020;SP;AS48-AS1-20180127174116
2018-01-27 17:42:33.668;SQ;AS48-AS1-20180127174233
2018-01-27 17:43:09.912;RC;AS48-AS1-20180127174116
2018-01-27 17:43:10.712;SS;AS48-AS1-20180127174116
2018-01-27 17:43:15.218;RU;AS48-AS1-20180127174007
2018-01-27 17:43:17.048;VU;AS48-AS1-20180127174007
2018-01-27 17:43:54.868;RO;AS48-AS1-20180127174233
2018-01-27 17:43:56.288;SP;AS48-AS1-20180127174233
2018-01-27 17:43:57.931;SQ;AS48-AS1-20180127174357
2018-01-27 17:44:37.813;RU;AS48-AS1-20180127174116
2018-01-27 17:44:38.022;RC;AS48-AS1-20180127174233
2018-01-27 17:44:39.437;SS;AS48-AS1-20180127174233
2018-01-27 17:44:40.154;VU;AS48-AS1-20180127174116
2018-01-27 17:45:24.903;RO;AS48-AS1-20180127174357
2018-01-27 17:45:25.842;SP;AS48-AS1-20180127174357
2018-01-27 17:45:27.838;SQ;AS48-AS1-20180127174527
2018-01-27 17:45:53.467;RU;AS48-AS1-20180127174233
2018-01-27 17:46:06.436;RC;AS48-AS1-20180127174357
2018-01-27 17:46:07.595;SS;AS48-AS1-20180127174357
2018-01-27 17:46:46.902;RO;AS48-AS1-20180127174527
2018-01-27 17:46:48.980;SP;AS48-AS1-20180127174527
2018-01-27 17:46:51.334;SQ;AS48-AS1-20180127174651
2018-01-27 17:47:30.368;RC;AS48-AS1-20180127174527
2018-01-27 17:47:30.736;RU;AS48-AS1-20180127174357
2018-01-27 17:47:31.764;SS;AS48-AS1-20180127174527
2018-01-27 17:47:33.724;VU;AS48-AS1-20180127174357
2018-01-27 17:48:20.990;RO;AS48-AS1-20180127174651
2018-01-27 17:48:22.271;SP;AS48-AS1-20180127174651
2018-01-27 17:48:24.761;SQ;AS48-AS1-20180127174824
2018-01-27 17:48:55.512;RC;AS48-AS1-20180127174651
2018-01-27 17:48:56.497;SS;AS48-AS1-20180127174651
2018-01-27 17:49:03.587;RU;AS48-AS1-20180127174527
2018-01-27 17:49:06.221;VU;AS48-AS1-20180127174527
2018-01-27 17:49:38.419;RO;AS48-AS1-20180127174824
2018-01-27 17:49:40.121;SP;AS48-AS1-20180127174824
2018-01-27 17:49:42.568;SQ;AS48-AS1-20180127174942
2018-01-27 17:50:10.376;RC;AS48-AS1-20180127174824
2018-01-27 17:50:12.770;SS;AS48-AS1-20180127174824
2018-01-27 17:50:29.156;RU;AS48-AS1-20180127174651
2018-01-27 17:50:30.963;VU;AS48-AS1-20180127174651
2018-01-27 17:51:00.025;RO;AS48-AS1-20180127174942
2018-01-27 17:51:01.188;SP;AS48-AS1-20180127174942
2018-01-27 17:51:03.485;SQ;AS48-AS1-20180127175103
2018-01-27 17:51:36.707;RU;AS48-AS1-20180127174824
2018-01-27 17:51:38.633;VU;AS48-AS1-20180127174824
2018-01-27 17:51:41.173;RC;AS48-AS1-20180127174942
2018-01-27 17:51:42.411;SS;AS48-AS1-20180127174942
2018-01-27 17:52:25.781;RO;AS48-AS1-20180127175103
2018-01-27 17:52:27.254;SP;AS48-AS1-20180127175103
2018-01-27 17:52:30.030;SQ;AS48-AS1-20180127175230
2018-01-27 17:52:58.397;RU;AS48-AS1-20180127174942
2018-01-27 17:53:01.231;VU;AS48-AS1-20180127174942
2018-01-27 17:53:12.003;RC;AS48-AS1-20180127175103
2018-01-27 17:53:12.813;SS;AS48-AS1-20180127175103
2018-01-27 17:54:19.489;RO;AS48-AS1-20180127175230
2018-01-27 17:54:20.738;SP;AS48-AS1-20180127175230
2018-01-27 17:54:23.132;SQ;AS48-AS1-20180127175423
2018-01-27 17:54:33.564;RU;AS48-AS1-20180127175103
2018-01-27 17:54:37.101;VU;AS48-AS1-20180127175103
2018-01-27 17:55:02.477;RC;AS48-AS1-20180127175230
2018-01-27 17:55:03.976;SS;AS48-AS1-20180127175230
2018-01-27 17:55:47.316;RO;AS48-AS1-20180127175423
2018-01-27 17:55:48.680;SP;AS48-AS1-20180127175423
2018-01-27 17:55:53.050;SQ;AS48-AS1-20180127175553
2018-01-27 17:56:21.142;RU;AS48-AS1-20180127175230
2018-01-27 17:56:24.036;VU;AS48-AS1-20180127175230
2018-01-27 17:56:30.538;RC;AS48-AS1-20180127175423
2018-01-27 17:56:31.898;SS;AS48-AS1-20180127175423
2018-01-27 17:57:05.324;RO;AS48-AS1-20180127175553
2018-01-27 17:57:07.022;SP;AS48-AS1-20180127175553
2018-01-27 17:57:10.493;SQ;AS48-AS1-20180127175710
2018-01-27 17:57:43.618;RU;AS48-AS1-20180127175423
2018-01-27 17:57:46.175;VU;AS48-AS1-20180127175423
2018-01-27 17:57:49.754;RC;AS48-AS1-20180127175553
2018-01-27 17:57:51.377;SS;AS48-AS1-20180127175553
2018-01-27 17:58:17.218;RO;AS48-AS1-20180127175710
2018-01-27 17:58:19.022;SP;AS48-AS1-20180127175710
2018-01-27 17:58:21.515;SQ;AS48-AS1-20180127175821
2018-01-27 17:58:55.420;RC;AS48-AS1-20180127175710
2018-01-27 17:58:56.596;SS;AS48-AS1-20180127175710
2018-01-27 17:59:16.097;RU;AS48-AS1-20180127175553
2018-01-27 17:59:17.917;VU;AS48-AS1-20180127175553
2018-01-27 17:59:26.416;RO;AS48-AS1-20180127175821
2018-01-27 17:59:27.759;SP;AS48-AS1-20180127175821
2018-01-27 18:00:02.426;RC;AS48-AS1-20180127175821
2018-01-27 18:00:03.661;SS;AS48-AS1-20180127175821
2018-01-27 18:00:13.762;RU;AS48-AS1-20180127175710
2018-01-27 18:00:15.782;VU;AS48-AS1-20180127175710
2018-01-27 18:00:50.067;RU;AS48-AS1-20180127175821
2018-01-27 18:00:51.866;VU;AS48-AS1-20180127175821
