2018-01-27 17:18:31.699;SQ;AS57-AS1-20180127171831
2018-01-27 17:18:52.460;RO;AS57-AS1-20180127171831
2018-01-27 17:18:53.511;SP;AS57-AS1-20180127171831
2018-01-27 17:18:55.084;SQ;AS57-AS1-20180127171855
2018-01-27 17:19:14.564;RC;AS57-AS1-20180127171831
2018-01-27 17:19:15.385;SS;AS57-AS1-20180127171831
2018-01-27 17:19:45.697;RO;AS57-AS1-20180127171855
2018-01-27 17:19:46.926;SP;AS57-AS1-20180127171855
2018-01-27 17:19:48.498;SQ;AS57-AS1-20180127171948
2018-01-27 17:20:15.197;RU;AS57-AS1-20180127171831
2018-01-27 17:20:17.040;VU;AS57-AS1-20180127171831
2018-01-27 17:20:19.105;RC;AS57-AS1-20180127171855
2018-01-27 17:20:19.915;SS;AS57-AS1-20180127171855
2018-01-27 17:20:54.167;RO;AS57-AS1-20180127171948
2018-01-27 17:20:55.401;SP;AS57-AS1-20180127171948
2018-01-27 17:20:57.033;SQ;AS57-AS1-20180127172057
2018-01-27 17:21:39.784;RU;AS57-AS1-20180127171855
2018-01-27 17:21:40.212;RC;AS57-AS1-20180127171948
2018-01-27 17:21:41.381;SS;AS57-AS1-20180127171948
2018-01-27 17:21:41.889;VU;AS57-AS1-20180127171855
2018-01-27 17:22:32.629;RO;AS57-AS1-20180127172057
2018-01-27 17:22:33.424;SP;AS57-AS1-20180127172057
2018-01-27 17:22:35.010;SQ;AS57-AS1-20180127172235
2018-01-27 17:23:01.545;RU;AS57-AS1-20180127171948
2018-01-27 17:23:03.387;VU;AS57-AS1-20180127171948
2018-01-27 17:23:13.468;RC;AS57-AS1-20180127172057
2018-01-27 17:23:14.280;SS;AS57-AS1-20180127172057
2018-01-27 17:23:51.095;RO;AS57-AS1-20180127172235
2018-01-27 17:23:52.395;SP;AS57-AS1-20180127172235
2018-01-27 17:23:53.977;SQ;AS57-AS1-20180127172353
2018-01-27 17:24:38.838;RC;AS57-AS1-20180127172235
2018-01-27 17:24:39.634;SS;AS57-AS1-20180127172235
2018-01-27 17:25:09.333;RU;AS57-AS1-20180127172057
2018-01-27 17:25:11.167;VU;AS57-AS1-20180127172057
2018-01-27 17:25:13.153;RO;AS57-AS1-20180127172353
2018-01-27 17:25:14.485;SP;AS57-AS1-20180127172353
2018-01-27 17:25:16.069;SQ;AS57-AS1-20180127172516
2018-01-27 17:25:50.377;RC;AS57-AS1-20180127172353
2018-01-27 17:25:51.158;SS;AS57-AS1-20180127172353
2018-01-27 17:26:09.381;RU;AS57-AS1-20180127172235
2018-01-27 17:26:11.176;VU;AS57-AS1-20180127172235
2018-01-27 17:26:33.483;RO;AS57-AS1-20180127172516
2018-01-27 17:26:34.465;SP;AS57-AS1-20180127172516
2018-01-27 17:26:36.040;SQ;AS57-AS1-20180127172636
2018-01-27 17:27:12.992;RC;AS57-AS1-20180127172516
2018-01-27 17:27:13.822;SS;AS57-AS1-20180127172516
2018-01-27 17:27:14.335;RU;AS57-AS1-20180127172353
2018-01-27 17:27:16.127;VU;AS57-AS1-20180127172353
2018-01-27 17:27:50.549;RO;AS57-AS1-20180127172636
2018-01-27 17:27:51.412;SP;AS57-AS1-20180127172636
2018-01-27 17:27:52.976;SQ;AS57-AS1-20180127172752
2018-01-27 17:28:34.280;RC;AS57-AS1-20180127172636
2018-01-27 17:28:35.073;SS;AS57-AS1-20180127172636
2018-01-27 17:28:46.319;RU;AS57-AS1-20180127172516
2018-01-27 17:28:48.100;VU;AS57-AS1-20180127172516
2018-01-27 17:29:10.280;RO;AS57-AS1-20180127172752
2018-01-27 17:29:11.412;SP;AS57-AS1-20180127172752
2018-01-27 17:29:13.058;SQ;AS57-AS1-20180127172913
2018-01-27 17:29:53.183;RC;AS57-AS1-20180127172752
2018-01-27 17:29:54.746;SS;AS57-AS1-20180127172752
2018-01-27 17:30:01.812;RU;AS57-AS1-20180127172636
2018-01-27 17:30:03.607;VU;AS57-AS1-20180127172636
2018-01-27 17:30:39.907;RO;AS57-AS1-20180127172913
2018-01-27 17:30:40.991;SP;AS57-AS1-20180127172913
2018-01-27 17:30:42.639;SQ;AS57-AS1-20180127173042
2018-01-27 17:31:02.385;RU;AS57-AS1-20180127172752
2018-01-27 17:31:04.194;VU;AS57-AS1-20180127172752
2018-01-27 17:31:21.121;RC;AS57-AS1-20180127172913
2018-01-27 17:31:21.943;SS;AS57-AS1-20180127172913
2018-01-27 17:32:11.024;RO;AS57-AS1-20180127173042
2018-01-27 17:32:12.017;SP;AS57-AS1-20180127173042
2018-01-27 17:32:14.882;SQ;AS57-AS1-20180127173214
2018-01-27 17:32:52.721;RU;AS57-AS1-20180127172913
2018-01-27 17:32:52.722;RC;AS57-AS1-20180127173042
2018-01-27 17:32:54.328;SS;AS57-AS1-20180127173042
2018-01-27 17:32:55.328;VU;AS57-AS1-20180127172913
2018-01-27 17:33:41.650;RO;AS57-AS1-20180127173214
2018-01-27 17:33:42.756;SP;AS57-AS1-20180127173214
2018-01-27 17:33:44.414;SQ;AS57-AS1-20180127173344
2018-01-27 17:34:12.513;RU;AS57-AS1-20180127173042
2018-01-27 17:34:14.286;VU;AS57-AS1-20180127173042
2018-01-27 17:34:28.198;RC;AS57-AS1-20180127173214
2018-01-27 17:34:28.992;SS;AS57-AS1-20180127173214
2018-01-27 17:35:03.596;RO;AS57-AS1-20180127173344
2018-01-27 17:35:05.714;SP;AS57-AS1-20180127173344
2018-01-27 17:35:08.087;SQ;AS57-AS1-20180127173508
2018-01-27 17:35:46.687;RU;AS57-AS1-20180127173214
2018-01-27 17:35:46.688;RC;AS57-AS1-20180127173344
2018-01-27 17:35:48.305;SS;AS57-AS1-20180127173344
2018-01-27 17:35:49.304;VU;AS57-AS1-20180127173214
2018-01-27 17:36:23.891;RO;AS57-AS1-20180127173508
2018-01-27 17:36:24.953;SP;AS57-AS1-20180127173508
2018-01-27 17:36:26.530;SQ;AS57-AS1-20180127173626
2018-01-27 17:37:05.755;RC;AS57-AS1-20180127173508
2018-01-27 17:37:06.763;SS;AS57-AS1-20180127173508
2018-01-27 17:37:15.201;RU;AS57-AS1-20180127173344
2018-01-27 17:37:16.976;VU;AS57-AS1-20180127173344
2018-01-27 17:37:46.803;RO;AS57-AS1-20180127173626
2018-01-27 17:37:47.931;SP;AS57-AS1-20180127173626
2018-01-27 17:37:49.499;SQ;AS57-AS1-20180127173749
2018-01-27 17:39:02.860;RC;AS57-AS1-20180127173626
2018-01-27 17:39:03.643;SS;AS57-AS1-20180127173626
2018-01-27 17:39:10.332;RU;AS57-AS1-20180127173508
2018-01-27 17:39:12.168;VU;AS57-AS1-20180127173508
2018-01-27 17:39:22.126;RO;AS57-AS1-20180127173749
2018-01-27 17:39:23.384;SP;AS57-AS1-20180127173749
2018-01-27 17:39:24.987;SQ;AS57-AS1-20180127173924
2018-01-27 17:40:05.710;RC;AS57-AS1-20180127173749
2018-01-27 17:40:06.536;SS;AS57-AS1-20180127173749
2018-01-27 17:40:16.953;RU;AS57-AS1-20180127173626
2018-01-27 17:40:19.585;VU;AS57-AS1-20180127173626
2018-01-27 17:41:12.572;RO;AS57-AS1-20180127173924
2018-01-27 17:41:13.443;SP;AS57-AS1-20180127173924
2018-01-27 17:41:15.078;SQ;AS57-AS1-20180127174115
2018-01-27 17:41:17.598;RU;AS57-AS1-20180127173749
2018-01-27 17:41:20.316;VU;AS57-AS1-20180127173749
2018-01-27 17:41:47.930;RC;AS57-AS1-20180127173924
2018-01-27 17:41:48.760;SS;AS57-AS1-20180127173924
2018-01-27 17:43:07.682;RO;AS57-AS1-20180127174115
2018-01-27 17:43:08.548;SP;AS57-AS1-20180127174115
2018-01-27 17:43:10.190;SQ;AS57-AS1-20180127174310
2018-01-27 17:43:15.413;RU;AS57-AS1-20180127173924
2018-01-27 17:43:17.203;VU;AS57-AS1-20180127173924
2018-01-27 17:43:50.314;RC;AS57-AS1-20180127174115
2018-01-27 17:43:51.098;SS;AS57-AS1-20180127174115
2018-01-27 17:44:55.315;RO;AS57-AS1-20180127174310
2018-01-27 17:44:57.112;SP;AS57-AS1-20180127174310
2018-01-27 17:44:59.615;SQ;AS57-AS1-20180127174459
2018-01-27 17:45:17.308;RU;AS57-AS1-20180127174115
2018-01-27 17:45:19.145;VU;AS57-AS1-20180127174115
2018-01-27 17:45:41.549;RC;AS57-AS1-20180127174310
2018-01-27 17:45:42.385;SS;AS57-AS1-20180127174310
2018-01-27 17:46:10.638;RO;AS57-AS1-20180127174459
2018-01-27 17:46:11.528;SP;AS57-AS1-20180127174459
2018-01-27 17:46:13.194;SQ;AS57-AS1-20180127174613
2018-01-27 17:46:41.976;RC;AS57-AS1-20180127174459
2018-01-27 17:46:42.761;SS;AS57-AS1-20180127174459
2018-01-27 17:47:11.038;RU;AS57-AS1-20180127174310
2018-01-27 17:47:12.849;VU;AS57-AS1-20180127174310
2018-01-27 17:47:30.921;RO;AS57-AS1-20180127174613
2018-01-27 17:47:32.072;SP;AS57-AS1-20180127174613
2018-01-27 17:47:34.340;SQ;AS57-AS1-20180127174734
2018-01-27 17:48:07.986;RU;AS57-AS1-20180127174459
2018-01-27 17:48:09.810;VU;AS57-AS1-20180127174459
2018-01-27 17:48:18.630;RC;AS57-AS1-20180127174613
2018-01-27 17:48:19.632;SS;AS57-AS1-20180127174613
2018-01-27 17:48:53.796;RO;AS57-AS1-20180127174734
2018-01-27 17:48:54.713;SP;AS57-AS1-20180127174734
2018-01-27 17:48:56.302;SQ;AS57-AS1-20180127174856
2018-01-27 17:49:36.623;RU;AS57-AS1-20180127174613
2018-01-27 17:49:36.665;RC;AS57-AS1-20180127174734
2018-01-27 17:49:39.345;SS;AS57-AS1-20180127174734
2018-01-27 17:49:40.337;VU;AS57-AS1-20180127174613
2018-01-27 17:50:19.437;RO;AS57-AS1-20180127174856
2018-01-27 17:50:20.693;SP;AS57-AS1-20180127174856
2018-01-27 17:50:22.304;SQ;AS57-AS1-20180127175022
2018-01-27 17:50:57.563;RC;AS57-AS1-20180127174856
2018-01-27 17:50:58.428;SS;AS57-AS1-20180127174856
2018-01-27 17:51:24.801;RU;AS57-AS1-20180127174734
2018-01-27 17:51:26.573;VU;AS57-AS1-20180127174734
2018-01-27 17:51:37.701;RO;AS57-AS1-20180127175022
2018-01-27 17:51:38.692;SP;AS57-AS1-20180127175022
2018-01-27 17:51:40.296;SQ;AS57-AS1-20180127175140
2018-01-27 17:52:16.067;RU;AS57-AS1-20180127174856
2018-01-27 17:52:17.894;VU;AS57-AS1-20180127174856
2018-01-27 17:52:18.886;RC;AS57-AS1-20180127175022
2018-01-27 17:52:19.668;SS;AS57-AS1-20180127175022
2018-01-27 17:52:52.080;RO;AS57-AS1-20180127175140
2018-01-27 17:52:53.215;SP;AS57-AS1-20180127175140
2018-01-27 17:52:54.816;SQ;AS57-AS1-20180127175254
2018-01-27 17:53:30.009;RU;AS57-AS1-20180127175022
2018-01-27 17:53:31.822;VU;AS57-AS1-20180127175022
2018-01-27 17:53:33.669;RC;AS57-AS1-20180127175140
2018-01-27 17:53:34.470;SS;AS57-AS1-20180127175140
2018-01-27 17:54:14.790;RO;AS57-AS1-20180127175254
2018-01-27 17:54:15.698;SP;AS57-AS1-20180127175254
2018-01-27 17:54:17.260;SQ;AS57-AS1-20180127175417
2018-01-27 17:54:46.309;RU;AS57-AS1-20180127175140
2018-01-27 17:54:48.106;VU;AS57-AS1-20180127175140
2018-01-27 17:54:52.298;RC;AS57-AS1-20180127175254
2018-01-27 17:54:53.105;SS;AS57-AS1-20180127175254
2018-01-27 17:55:31.921;RO;AS57-AS1-20180127175417
2018-01-27 17:55:33.109;SP;AS57-AS1-20180127175417
2018-01-27 17:55:34.681;SQ;AS57-AS1-20180127175534
2018-01-27 17:56:14.521;RC;AS57-AS1-20180127175417
2018-01-27 17:56:14.705;RU;AS57-AS1-20180127175254
2018-01-27 17:56:15.992;SS;AS57-AS1-20180127175417
2018-01-27 17:56:17.263;VU;AS57-AS1-20180127175254
2018-01-27 17:56:41.220;RO;AS57-AS1-20180127175534
2018-01-27 17:56:42.108;SP;AS57-AS1-20180127175534
2018-01-27 17:56:43.746;SQ;AS57-AS1-20180127175643
2018-01-27 17:57:21.784;RC;AS57-AS1-20180127175534
2018-01-27 17:57:22.594;SS;AS57-AS1-20180127175534
2018-01-27 17:57:33.106;RU;AS57-AS1-20180127175417
2018-01-27 17:57:34.911;VU;AS57-AS1-20180127175417
2018-01-27 17:57:57.662;RO;AS57-AS1-20180127175643
2018-01-27 17:57:58.648;SP;AS57-AS1-20180127175643
2018-01-27 17:58:00.265;SQ;AS57-AS1-20180127175800
2018-01-27 17:58:36.734;RC;AS57-AS1-20180127175643
2018-01-27 17:58:37.511;SS;AS57-AS1-20180127175643
2018-01-27 17:58:46.012;RU;AS57-AS1-20180127175534
2018-01-27 17:58:47.806;VU;AS57-AS1-20180127175534
2018-01-27 17:59:07.672;RO;AS57-AS1-20180127175800
2018-01-27 17:59:08.618;SP;AS57-AS1-20180127175800
2018-01-27 17:59:37.841;RC;AS57-AS1-20180127175800
2018-01-27 17:59:38.665;SS;AS57-AS1-20180127175800
2018-01-27 17:59:43.680;RU;AS57-AS1-20180127175643
2018-01-27 17:59:46.400;VU;AS57-AS1-20180127175643
2018-01-27 18:00:31.053;RU;AS57-AS1-20180127175800
2018-01-27 18:00:33.579;VU;AS57-AS1-20180127175800
