2018-01-27 17:18:35.328;SQ;AS58-AS1-20180127171835
2018-01-27 17:19:35.193;RO;AS58-AS1-20180127171835
2018-01-27 17:19:36.220;SP;AS58-AS1-20180127171835
2018-01-27 17:19:37.820;SQ;AS58-AS1-20180127171937
2018-01-27 17:20:10.073;RC;AS58-AS1-20180127171835
2018-01-27 17:20:10.904;SS;AS58-AS1-20180127171835
2018-01-27 17:20:54.058;RO;AS58-AS1-20180127171937
2018-01-27 17:20:55.190;SP;AS58-AS1-20180127171937
2018-01-27 17:20:56.763;SQ;AS58-AS1-20180127172056
2018-01-27 17:21:23.331;RU;AS58-AS1-20180127171835
2018-01-27 17:21:25.129;VU;AS58-AS1-20180127171835
2018-01-27 17:21:44.756;RC;AS58-AS1-20180127171937
2018-01-27 17:21:45.524;SS;AS58-AS1-20180127171937
2018-01-27 17:22:31.697;RO;AS58-AS1-20180127172056
2018-01-27 17:22:32.663;SP;AS58-AS1-20180127172056
2018-01-27 17:22:34.260;SQ;AS58-AS1-20180127172234
2018-01-27 17:22:56.229;RU;AS58-AS1-20180127171937
2018-01-27 17:22:58.013;VU;AS58-AS1-20180127171937
2018-01-27 17:23:07.291;RC;AS58-AS1-20180127172056
2018-01-27 17:23:08.087;SS;AS58-AS1-20180127172056
2018-01-27 17:23:58.328;RO;AS58-AS1-20180127172234
2018-01-27 17:23:59.139;SP;AS58-AS1-20180127172234
2018-01-27 17:24:00.660;SQ;AS58-AS1-20180127172400
2018-01-27 17:24:31.983;RU;AS58-AS1-20180127172056
2018-01-27 17:24:33.747;VU;AS58-AS1-20180127172056
2018-01-27 17:24:38.969;RC;AS58-AS1-20180127172234
2018-01-27 17:24:39.740;SS;AS58-AS1-20180127172234
2018-01-27 17:25:17.474;RO;AS58-AS1-20180127172400
2018-01-27 17:25:18.526;SP;AS58-AS1-20180127172400
2018-01-27 17:25:20.124;SQ;AS58-AS1-20180127172520
2018-01-27 17:26:04.451;RC;AS58-AS1-20180127172400
2018-01-27 17:26:05.246;SS;AS58-AS1-20180127172400
2018-01-27 17:26:42.251;RO;AS58-AS1-20180127172520
2018-01-27 17:26:43.396;RU;AS58-AS1-20180127172234
2018-01-27 17:26:43.582;SP;AS58-AS1-20180127172520
2018-01-27 17:26:45.871;SQ;AS58-AS1-20180127172645
2018-01-27 17:26:45.955;VU;AS58-AS1-20180127172234
2018-01-27 17:27:22.499;RC;AS58-AS1-20180127172520
2018-01-27 17:27:23.298;SS;AS58-AS1-20180127172520
2018-01-27 17:27:23.795;RU;AS58-AS1-20180127172400
2018-01-27 17:27:25.564;VU;AS58-AS1-20180127172400
2018-01-27 17:27:59.433;RO;AS58-AS1-20180127172645
2018-01-27 17:28:00.241;SP;AS58-AS1-20180127172645
2018-01-27 17:28:01.889;SQ;AS58-AS1-20180127172801
2018-01-27 17:28:38.565;RC;AS58-AS1-20180127172645
2018-01-27 17:28:39.321;SS;AS58-AS1-20180127172645
2018-01-27 17:28:46.776;RU;AS58-AS1-20180127172520
2018-01-27 17:28:48.592;VU;AS58-AS1-20180127172520
2018-01-27 17:29:23.544;RO;AS58-AS1-20180127172801
2018-01-27 17:29:24.806;SP;AS58-AS1-20180127172801
2018-01-27 17:29:26.415;SQ;AS58-AS1-20180127172926
2018-01-27 17:29:59.497;RC;AS58-AS1-20180127172801
2018-01-27 17:30:00.273;SS;AS58-AS1-20180127172801
2018-01-27 17:30:07.349;RU;AS58-AS1-20180127172645
2018-01-27 17:30:09.685;VU;AS58-AS1-20180127172645
2018-01-27 17:30:50.279;RO;AS58-AS1-20180127172926
2018-01-27 17:30:51.299;SP;AS58-AS1-20180127172926
2018-01-27 17:30:52.863;SQ;AS58-AS1-20180127173052
2018-01-27 17:31:15.411;RU;AS58-AS1-20180127172801
2018-01-27 17:31:17.242;VU;AS58-AS1-20180127172801
2018-01-27 17:31:23.192;RC;AS58-AS1-20180127172926
2018-01-27 17:31:23.993;SS;AS58-AS1-20180127172926
2018-01-27 17:32:14.867;RO;AS58-AS1-20180127173052
2018-01-27 17:32:15.745;SP;AS58-AS1-20180127173052
2018-01-27 17:32:17.327;SQ;AS58-AS1-20180127173217
2018-01-27 17:32:52.731;RU;AS58-AS1-20180127172926
2018-01-27 17:32:54.497;VU;AS58-AS1-20180127172926
2018-01-27 17:32:55.493;RC;AS58-AS1-20180127173052
2018-01-27 17:32:56.292;SS;AS58-AS1-20180127173052
2018-01-27 17:33:30.458;RO;AS58-AS1-20180127173217
2018-01-27 17:33:31.682;SP;AS58-AS1-20180127173217
2018-01-27 17:33:35.021;SQ;AS58-AS1-20180127173335
2018-01-27 17:34:17.143;RU;AS58-AS1-20180127173052
2018-01-27 17:34:19.180;VU;AS58-AS1-20180127173052
2018-01-27 17:34:22.517;RC;AS58-AS1-20180127173217
2018-01-27 17:34:23.323;SS;AS58-AS1-20180127173217
2018-01-27 17:35:34.131;RO;AS58-AS1-20180127173335
2018-01-27 17:35:34.951;SP;AS58-AS1-20180127173335
2018-01-27 17:35:38.304;SQ;AS58-AS1-20180127173538
2018-01-27 17:35:51.174;RU;AS58-AS1-20180127173217
2018-01-27 17:35:53.168;VU;AS58-AS1-20180127173217
2018-01-27 17:36:15.659;RC;AS58-AS1-20180127173335
2018-01-27 17:36:16.456;SS;AS58-AS1-20180127173335
2018-01-27 17:36:49.910;RO;AS58-AS1-20180127173538
2018-01-27 17:36:51.454;SP;AS58-AS1-20180127173538
2018-01-27 17:36:54.668;SQ;AS58-AS1-20180127173654
2018-01-27 17:37:24.558;RC;AS58-AS1-20180127173538
2018-01-27 17:37:25.340;SS;AS58-AS1-20180127173538
2018-01-27 17:37:46.531;RU;AS58-AS1-20180127173335
2018-01-27 17:37:48.315;VU;AS58-AS1-20180127173335
2018-01-27 17:38:13.855;RO;AS58-AS1-20180127173654
2018-01-27 17:38:15.066;SP;AS58-AS1-20180127173654
2018-01-27 17:38:16.634;SQ;AS58-AS1-20180127173816
2018-01-27 17:38:38.796;RU;AS58-AS1-20180127173538
2018-01-27 17:38:40.593;VU;AS58-AS1-20180127173538
2018-01-27 17:38:53.909;RC;AS58-AS1-20180127173654
2018-01-27 17:38:54.691;SS;AS58-AS1-20180127173654
2018-01-27 17:39:37.615;RO;AS58-AS1-20180127173816
2018-01-27 17:39:38.501;SP;AS58-AS1-20180127173816
2018-01-27 17:39:40.094;SQ;AS58-AS1-20180127173940
2018-01-27 17:40:21.000;RC;AS58-AS1-20180127173816
2018-01-27 17:40:21.775;SS;AS58-AS1-20180127173816
2018-01-27 17:40:26.581;RU;AS58-AS1-20180127173654
2018-01-27 17:40:28.366;VU;AS58-AS1-20180127173654
2018-01-27 17:41:12.574;RO;AS58-AS1-20180127173940
2018-01-27 17:41:13.481;SP;AS58-AS1-20180127173940
2018-01-27 17:41:15.023;SQ;AS58-AS1-20180127174115
2018-01-27 17:41:42.419;RU;AS58-AS1-20180127173816
2018-01-27 17:41:44.194;VU;AS58-AS1-20180127173816
2018-01-27 17:41:49.331;RC;AS58-AS1-20180127173940
2018-01-27 17:41:50.526;SS;AS58-AS1-20180127173940
2018-01-27 17:42:23.690;RO;AS58-AS1-20180127174115
2018-01-27 17:42:24.894;SP;AS58-AS1-20180127174115
2018-01-27 17:42:26.507;SQ;AS58-AS1-20180127174226
2018-01-27 17:43:07.485;RU;AS58-AS1-20180127173940
2018-01-27 17:43:09.479;VU;AS58-AS1-20180127173940
2018-01-27 17:43:10.313;RC;AS58-AS1-20180127174115
2018-01-27 17:43:11.095;SS;AS58-AS1-20180127174115
2018-01-27 17:43:46.981;RO;AS58-AS1-20180127174226
2018-01-27 17:43:47.871;SP;AS58-AS1-20180127174226
2018-01-27 17:43:49.436;SQ;AS58-AS1-20180127174349
2018-01-27 17:44:34.272;RC;AS58-AS1-20180127174226
2018-01-27 17:44:35.104;SS;AS58-AS1-20180127174226
2018-01-27 17:44:40.454;RU;AS58-AS1-20180127174115
2018-01-27 17:44:43.183;VU;AS58-AS1-20180127174115
2018-01-27 17:45:06.801;RO;AS58-AS1-20180127174349
2018-01-27 17:45:07.827;SP;AS58-AS1-20180127174349
2018-01-27 17:45:09.451;SQ;AS58-AS1-20180127174509
2018-01-27 17:45:45.946;RU;AS58-AS1-20180127174226
2018-01-27 17:45:46.554;RC;AS58-AS1-20180127174349
2018-01-27 17:45:47.513;SS;AS58-AS1-20180127174349
2018-01-27 17:45:47.891;VU;AS58-AS1-20180127174226
2018-01-27 17:46:25.408;RO;AS58-AS1-20180127174509
2018-01-27 17:46:26.314;SP;AS58-AS1-20180127174509
2018-01-27 17:46:27.910;SQ;AS58-AS1-20180127174627
2018-01-27 17:47:10.254;RU;AS58-AS1-20180127174349
2018-01-27 17:47:11.535;RC;AS58-AS1-20180127174509
2018-01-27 17:47:12.061;VU;AS58-AS1-20180127174349
2018-01-27 17:47:12.350;SS;AS58-AS1-20180127174509
2018-01-27 17:48:16.982;RO;AS58-AS1-20180127174627
2018-01-27 17:48:17.819;SP;AS58-AS1-20180127174627
2018-01-27 17:48:19.639;SQ;AS58-AS1-20180127174819
2018-01-27 17:48:30.587;RU;AS58-AS1-20180127174509
2018-01-27 17:48:32.354;VU;AS58-AS1-20180127174509
2018-01-27 17:49:02.033;RC;AS58-AS1-20180127174627
2018-01-27 17:49:02.813;SS;AS58-AS1-20180127174627
2018-01-27 17:49:45.595;RO;AS58-AS1-20180127174819
2018-01-27 17:49:46.514;SP;AS58-AS1-20180127174819
2018-01-27 17:49:48.139;SQ;AS58-AS1-20180127174948
2018-01-27 17:50:19.511;RU;AS58-AS1-20180127174627
2018-01-27 17:50:21.308;VU;AS58-AS1-20180127174627
2018-01-27 17:50:28.320;RC;AS58-AS1-20180127174819
2018-01-27 17:50:29.102;SS;AS58-AS1-20180127174819
2018-01-27 17:51:10.337;RO;AS58-AS1-20180127174948
2018-01-27 17:51:11.533;SP;AS58-AS1-20180127174948
2018-01-27 17:51:14.494;SQ;AS58-AS1-20180127175114
2018-01-27 17:51:41.647;RC;AS58-AS1-20180127174948
2018-01-27 17:51:42.420;SS;AS58-AS1-20180127174948
2018-01-27 17:51:46.676;RU;AS58-AS1-20180127174819
2018-01-27 17:51:48.465;VU;AS58-AS1-20180127174819
2018-01-27 17:52:38.519;RO;AS58-AS1-20180127175114
2018-01-27 17:52:39.398;SP;AS58-AS1-20180127175114
2018-01-27 17:52:41.000;SQ;AS58-AS1-20180127175241
2018-01-27 17:53:11.199;RU;AS58-AS1-20180127174948
2018-01-27 17:53:12.981;VU;AS58-AS1-20180127174948
2018-01-27 17:53:19.319;RC;AS58-AS1-20180127175114
2018-01-27 17:53:20.116;SS;AS58-AS1-20180127175114
2018-01-27 17:54:02.230;RO;AS58-AS1-20180127175241
2018-01-27 17:54:04.263;SP;AS58-AS1-20180127175241
2018-01-27 17:54:06.282;SQ;AS58-AS1-20180127175406
2018-01-27 17:54:24.852;RU;AS58-AS1-20180127175114
2018-01-27 17:54:26.620;VU;AS58-AS1-20180127175114
2018-01-27 17:55:22.670;RC;AS58-AS1-20180127175241
2018-01-27 17:55:23.458;SS;AS58-AS1-20180127175241
2018-01-27 17:55:32.492;RO;AS58-AS1-20180127175406
2018-01-27 17:55:33.648;SP;AS58-AS1-20180127175406
2018-01-27 17:55:35.514;SQ;AS58-AS1-20180127175535
2018-01-27 17:56:14.455;RC;AS58-AS1-20180127175406
2018-01-27 17:56:15.235;SS;AS58-AS1-20180127175406
2018-01-27 17:56:49.739;RO;AS58-AS1-20180127175535
2018-01-27 17:56:50.860;SP;AS58-AS1-20180127175535
2018-01-27 17:56:52.419;SQ;AS58-AS1-20180127175652
2018-01-27 17:57:16.120;RU;AS58-AS1-20180127175241
2018-01-27 17:57:17.895;VU;AS58-AS1-20180127175241
2018-01-27 17:57:32.101;RU;AS58-AS1-20180127175406
2018-01-27 17:57:33.875;VU;AS58-AS1-20180127175406
2018-01-27 17:57:35.678;RC;AS58-AS1-20180127175535
2018-01-27 17:57:36.446;SS;AS58-AS1-20180127175535
2018-01-27 17:58:10.755;RO;AS58-AS1-20180127175652
2018-01-27 17:58:11.799;SP;AS58-AS1-20180127175652
2018-01-27 17:58:13.386;SQ;AS58-AS1-20180127175813
2018-01-27 17:58:46.031;RC;AS58-AS1-20180127175652
2018-01-27 17:58:46.845;SS;AS58-AS1-20180127175652
2018-01-27 17:58:53.798;RU;AS58-AS1-20180127175535
2018-01-27 17:58:55.594;VU;AS58-AS1-20180127175535
2018-01-27 17:59:17.737;RO;AS58-AS1-20180127175813
2018-01-27 17:59:18.735;SP;AS58-AS1-20180127175813
2018-01-27 17:59:20.309;SQ;AS58-AS1-20180127175920
2018-01-27 17:59:51.835;RC;AS58-AS1-20180127175813
2018-01-27 17:59:51.913;RU;AS58-AS1-20180127175652
2018-01-27 17:59:53.334;SS;AS58-AS1-20180127175813
2018-01-27 17:59:54.458;VU;AS58-AS1-20180127175652
2018-01-27 18:00:14.023;RO;AS58-AS1-20180127175920
2018-01-27 18:00:15.193;SP;AS58-AS1-20180127175920
2018-01-27 18:00:33.431;RC;AS58-AS1-20180127175920
2018-01-27 18:00:34.220;SS;AS58-AS1-20180127175920
2018-01-27 18:00:41.514;RU;AS58-AS1-20180127175813
2018-01-27 18:00:43.927;VU;AS58-AS1-20180127175813
2018-01-27 18:00:58.671;RU;AS58-AS1-20180127175920
2018-01-27 18:01:00.451;VU;AS58-AS1-20180127175920
