2018-01-27 17:18:34.371;SQ;AS59-AS1-20180127171834
2018-01-27 17:19:07.865;RO;AS59-AS1-20180127171834
2018-01-27 17:19:08.709;SP;AS59-AS1-20180127171834
2018-01-27 17:19:10.280;SQ;AS59-AS1-20180127171910
2018-01-27 17:19:36.116;RC;AS59-AS1-20180127171834
2018-01-27 17:19:36.907;SS;AS59-AS1-20180127171834
2018-01-27 17:20:14.899;RO;AS59-AS1-20180127171910
2018-01-27 17:20:16.158;SP;AS59-AS1-20180127171910
2018-01-27 17:20:19.136;SQ;AS59-AS1-20180127172019
2018-01-27 17:20:40.816;RU;AS59-AS1-20180127171834
2018-01-27 17:20:42.633;VU;AS59-AS1-20180127171834
2018-01-27 17:20:53.978;RC;AS59-AS1-20180127171910
2018-01-27 17:20:54.780;SS;AS59-AS1-20180127171910
2018-01-27 17:21:36.721;RO;AS59-AS1-20180127172019
2018-01-27 17:21:37.496;SP;AS59-AS1-20180127172019
2018-01-27 17:21:39.070;SQ;AS59-AS1-20180127172139
2018-01-27 17:22:17.375;RC;AS59-AS1-20180127172019
2018-01-27 17:22:18.159;SS;AS59-AS1-20180127172019
2018-01-27 17:23:01.081;RO;AS59-AS1-20180127172139
2018-01-27 17:23:01.950;SP;AS59-AS1-20180127172139
2018-01-27 17:23:03.523;SQ;AS59-AS1-20180127172303
2018-01-27 17:23:06.056;RU;AS59-AS1-20180127171910
2018-01-27 17:23:07.829;VU;AS59-AS1-20180127171910
2018-01-27 17:23:39.580;RC;AS59-AS1-20180127172139
2018-01-27 17:23:39.598;RU;AS59-AS1-20180127172019
2018-01-27 17:23:42.729;SS;AS59-AS1-20180127172139
2018-01-27 17:23:43.733;VU;AS59-AS1-20180127172019
2018-01-27 17:24:32.221;RO;AS59-AS1-20180127172303
2018-01-27 17:24:33.408;SP;AS59-AS1-20180127172303
2018-01-27 17:24:34.997;SQ;AS59-AS1-20180127172434
2018-01-27 17:25:01.196;RU;AS59-AS1-20180127172139
2018-01-27 17:25:03.019;VU;AS59-AS1-20180127172139
2018-01-27 17:25:09.126;RC;AS59-AS1-20180127172303
2018-01-27 17:25:09.927;SS;AS59-AS1-20180127172303
2018-01-27 17:26:02.972;RO;AS59-AS1-20180127172434
2018-01-27 17:26:03.895;SP;AS59-AS1-20180127172434
2018-01-27 17:26:05.450;SQ;AS59-AS1-20180127172605
2018-01-27 17:26:31.996;RU;AS59-AS1-20180127172303
2018-01-27 17:26:34.785;VU;AS59-AS1-20180127172303
2018-01-27 17:26:38.056;RC;AS59-AS1-20180127172434
2018-01-27 17:26:38.854;SS;AS59-AS1-20180127172434
2018-01-27 17:27:18.437;RO;AS59-AS1-20180127172605
2018-01-27 17:27:20.156;SP;AS59-AS1-20180127172605
2018-01-27 17:27:21.993;SQ;AS59-AS1-20180127172721
2018-01-27 17:28:00.680;RU;AS59-AS1-20180127172434
2018-01-27 17:28:01.364;RC;AS59-AS1-20180127172605
2018-01-27 17:28:02.300;SS;AS59-AS1-20180127172605
2018-01-27 17:28:02.553;VU;AS59-AS1-20180127172434
2018-01-27 17:28:31.710;RO;AS59-AS1-20180127172721
2018-01-27 17:28:32.878;SP;AS59-AS1-20180127172721
2018-01-27 17:28:34.462;SQ;AS59-AS1-20180127172834
2018-01-27 17:29:18.415;RC;AS59-AS1-20180127172721
2018-01-27 17:29:19.213;SS;AS59-AS1-20180127172721
2018-01-27 17:29:20.634;RU;AS59-AS1-20180127172605
2018-01-27 17:30:02.055;RO;AS59-AS1-20180127172834
2018-01-27 17:30:03.076;SP;AS59-AS1-20180127172834
2018-01-27 17:30:05.352;SQ;AS59-AS1-20180127173005
2018-01-27 17:30:50.469;RC;AS59-AS1-20180127172834
2018-01-27 17:30:50.474;RU;AS59-AS1-20180127172721
2018-01-27 17:30:52.667;SS;AS59-AS1-20180127172834
2018-01-27 17:30:53.639;VU;AS59-AS1-20180127172721
2018-01-27 17:32:09.733;RO;AS59-AS1-20180127173005
2018-01-27 17:32:11.303;SP;AS59-AS1-20180127173005
2018-01-27 17:32:14.837;SQ;AS59-AS1-20180127173214
2018-01-27 17:32:15.418;RU;AS59-AS1-20180127172834
2018-01-27 17:32:17.690;VU;AS59-AS1-20180127172834
2018-01-27 17:32:45.870;RC;AS59-AS1-20180127173005
2018-01-27 17:32:46.844;SS;AS59-AS1-20180127173005
2018-01-27 17:33:36.027;RO;AS59-AS1-20180127173214
2018-01-27 17:33:38.010;SP;AS59-AS1-20180127173214
2018-01-27 17:33:40.084;SQ;AS59-AS1-20180127173340
2018-01-27 17:34:13.133;RU;AS59-AS1-20180127173005
2018-01-27 17:34:15.609;VU;AS59-AS1-20180127173005
2018-01-27 17:34:20.773;RC;AS59-AS1-20180127173214
2018-01-27 17:34:21.582;SS;AS59-AS1-20180127173214
2018-01-27 17:34:57.230;RO;AS59-AS1-20180127173340
2018-01-27 17:34:58.738;SP;AS59-AS1-20180127173340
2018-01-27 17:35:01.176;SQ;AS59-AS1-20180127173501
2018-01-27 17:35:46.696;RC;AS59-AS1-20180127173340
2018-01-27 17:35:47.757;SS;AS59-AS1-20180127173340
2018-01-27 17:35:50.117;RU;AS59-AS1-20180127173214
2018-01-27 17:35:53.371;VU;AS59-AS1-20180127173214
2018-01-27 17:36:29.367;RO;AS59-AS1-20180127173501
2018-01-27 17:36:30.799;SP;AS59-AS1-20180127173501
2018-01-27 17:36:33.212;SQ;AS59-AS1-20180127173633
2018-01-27 17:37:07.346;RU;AS59-AS1-20180127173340
2018-01-27 17:37:10.401;VU;AS59-AS1-20180127173340
2018-01-27 17:37:13.653;RC;AS59-AS1-20180127173501
2018-01-27 17:37:14.712;SS;AS59-AS1-20180127173501
2018-01-27 17:37:54.755;RO;AS59-AS1-20180127173633
2018-01-27 17:37:56.033;SP;AS59-AS1-20180127173633
2018-01-27 17:37:58.432;SQ;AS59-AS1-20180127173758
2018-01-27 17:38:36.251;RC;AS59-AS1-20180127173633
2018-01-27 17:38:37.412;SS;AS59-AS1-20180127173633
2018-01-27 17:39:19.227;RO;AS59-AS1-20180127173758
2018-01-27 17:39:19.346;RU;AS59-AS1-20180127173501
2018-01-27 17:39:21.674;SP;AS59-AS1-20180127173758
2018-01-27 17:39:22.115;VU;AS59-AS1-20180127173501
2018-01-27 17:39:23.781;SQ;AS59-AS1-20180127173923
2018-01-27 17:40:05.715;RU;AS59-AS1-20180127173633
2018-01-27 17:40:07.810;VU;AS59-AS1-20180127173633
2018-01-27 17:40:43.415;RO;AS59-AS1-20180127173923
2018-01-27 17:40:44.945;SP;AS59-AS1-20180127173923
2018-01-27 17:40:46.298;RC;AS59-AS1-20180127173758
2018-01-27 17:40:49.356;SQ;AS59-AS1-20180127174049
2018-01-27 17:40:49.591;SS;AS59-AS1-20180127173758
2018-01-27 17:41:32.166;RC;AS59-AS1-20180127173923
2018-01-27 17:41:33.598;SS;AS59-AS1-20180127173923
2018-01-27 17:42:03.914;RO;AS59-AS1-20180127174049
2018-01-27 17:42:05.268;SP;AS59-AS1-20180127174049
2018-01-27 17:42:09.271;SQ;AS59-AS1-20180127174209
2018-01-27 17:42:13.585;RU;AS59-AS1-20180127173758
2018-01-27 17:42:15.522;VU;AS59-AS1-20180127173758
2018-01-27 17:42:35.729;RC;AS59-AS1-20180127174049
2018-01-27 17:42:38.407;SS;AS59-AS1-20180127174049
2018-01-27 17:42:59.271;RU;AS59-AS1-20180127173923
2018-01-27 17:43:01.064;VU;AS59-AS1-20180127173923
2018-01-27 17:43:31.321;RO;AS59-AS1-20180127174209
2018-01-27 17:43:32.531;SP;AS59-AS1-20180127174209
2018-01-27 17:43:34.689;SQ;AS59-AS1-20180127174334
2018-01-27 17:44:06.636;RU;AS59-AS1-20180127174049
2018-01-27 17:44:09.094;VU;AS59-AS1-20180127174049
2018-01-27 17:44:19.294;RC;AS59-AS1-20180127174209
2018-01-27 17:44:20.697;SS;AS59-AS1-20180127174209
2018-01-27 17:44:56.218;RO;AS59-AS1-20180127174334
2018-01-27 17:44:59.215;SP;AS59-AS1-20180127174334
2018-01-27 17:45:01.344;SQ;AS59-AS1-20180127174501
2018-01-27 17:45:36.209;RC;AS59-AS1-20180127174334
2018-01-27 17:45:37.100;SS;AS59-AS1-20180127174334
2018-01-27 17:45:37.856;RU;AS59-AS1-20180127174209
2018-01-27 17:45:39.626;VU;AS59-AS1-20180127174209
2018-01-27 17:46:26.186;RO;AS59-AS1-20180127174501
2018-01-27 17:46:27.233;SP;AS59-AS1-20180127174501
2018-01-27 17:46:29.614;SQ;AS59-AS1-20180127174629
2018-01-27 17:47:02.798;RU;AS59-AS1-20180127174334
2018-01-27 17:47:05.664;VU;AS59-AS1-20180127174334
2018-01-27 17:47:10.496;RC;AS59-AS1-20180127174501
2018-01-27 17:47:11.846;SS;AS59-AS1-20180127174501
2018-01-27 17:48:28.820;RU;AS59-AS1-20180127174501
2018-01-27 17:48:29.935;RO;AS59-AS1-20180127174629
2018-01-27 17:48:30.654;VU;AS59-AS1-20180127174501
2018-01-27 17:48:31.200;SP;AS59-AS1-20180127174629
2018-01-27 17:48:33.566;SQ;AS59-AS1-20180127174833
2018-01-27 17:49:09.539;RC;AS59-AS1-20180127174629
2018-01-27 17:49:11.095;SS;AS59-AS1-20180127174629
2018-01-27 17:50:02.814;RO;AS59-AS1-20180127174833
2018-01-27 17:50:03.992;SP;AS59-AS1-20180127174833
2018-01-27 17:50:06.398;SQ;AS59-AS1-20180127175006
2018-01-27 17:50:23.749;RU;AS59-AS1-20180127174629
2018-01-27 17:50:44.999;RC;AS59-AS1-20180127174833
2018-01-27 17:50:47.089;SS;AS59-AS1-20180127174833
2018-01-27 17:51:23.607;RO;AS59-AS1-20180127175006
2018-01-27 17:51:25.904;SP;AS59-AS1-20180127175006
2018-01-27 17:51:31.260;SQ;AS59-AS1-20180127175131
2018-01-27 17:52:06.195;RU;AS59-AS1-20180127174833
2018-01-27 17:52:06.465;RC;AS59-AS1-20180127175006
2018-01-27 17:52:09.292;SS;AS59-AS1-20180127175006
2018-01-27 17:52:09.773;VU;AS59-AS1-20180127174833
2018-01-27 17:52:47.891;RO;AS59-AS1-20180127175131
2018-01-27 17:52:50.326;SP;AS59-AS1-20180127175131
2018-01-27 17:52:53.723;SQ;AS59-AS1-20180127175253
2018-01-27 17:53:26.958;RC;AS59-AS1-20180127175131
2018-01-27 17:53:28.175;RU;AS59-AS1-20180127175006
2018-01-27 17:53:28.992;SS;AS59-AS1-20180127175131
2018-01-27 17:53:31.451;VU;AS59-AS1-20180127175006
2018-01-27 17:54:06.487;RO;AS59-AS1-20180127175253
2018-01-27 17:54:08.700;SP;AS59-AS1-20180127175253
2018-01-27 17:54:12.373;SQ;AS59-AS1-20180127175412
2018-01-27 17:54:44.211;RC;AS59-AS1-20180127175253
2018-01-27 17:54:46.101;SS;AS59-AS1-20180127175253
2018-01-27 17:54:46.819;RU;AS59-AS1-20180127175131
2018-01-27 17:54:50.202;VU;AS59-AS1-20180127175131
2018-01-27 17:55:25.197;RO;AS59-AS1-20180127175412
2018-01-27 17:55:27.382;SP;AS59-AS1-20180127175412
2018-01-27 17:55:30.845;SQ;AS59-AS1-20180127175530
2018-01-27 17:55:57.372;RC;AS59-AS1-20180127175412
2018-01-27 17:55:59.095;SS;AS59-AS1-20180127175412
2018-01-27 17:56:07.886;RU;AS59-AS1-20180127175253
2018-01-27 17:56:11.183;VU;AS59-AS1-20180127175253
2018-01-27 17:56:41.744;RO;AS59-AS1-20180127175530
2018-01-27 17:56:43.708;SP;AS59-AS1-20180127175530
2018-01-27 17:56:47.457;SQ;AS59-AS1-20180127175647
2018-01-27 17:57:16.147;RU;AS59-AS1-20180127175412
2018-01-27 17:57:19.030;VU;AS59-AS1-20180127175412
2018-01-27 17:57:22.534;RC;AS59-AS1-20180127175530
2018-01-27 17:57:23.944;SS;AS59-AS1-20180127175530
2018-01-27 17:58:04.504;RO;AS59-AS1-20180127175647
2018-01-27 17:58:05.968;SP;AS59-AS1-20180127175647
2018-01-27 17:58:09.514;SQ;AS59-AS1-20180127175809
2018-01-27 17:58:41.650;RC;AS59-AS1-20180127175647
2018-01-27 17:58:45.651;RU;AS59-AS1-20180127175530
2018-01-27 17:58:45.662;SS;AS59-AS1-20180127175647
2018-01-27 17:58:48.006;VU;AS59-AS1-20180127175530
2018-01-27 17:59:07.722;RO;AS59-AS1-20180127175809
2018-01-27 17:59:10.017;SP;AS59-AS1-20180127175809
2018-01-27 17:59:14.851;SQ;AS59-AS1-20180127175914
2018-01-27 17:59:46.981;RC;AS59-AS1-20180127175809
2018-01-27 17:59:49.111;SS;AS59-AS1-20180127175809
2018-01-27 17:59:57.990;RU;AS59-AS1-20180127175647
2018-01-27 18:00:01.880;VU;AS59-AS1-20180127175647
2018-01-27 18:00:04.693;RO;AS59-AS1-20180127175914
2018-01-27 18:00:06.999;SP;AS59-AS1-20180127175914
2018-01-27 18:00:30.653;RC;AS59-AS1-20180127175914
2018-01-27 18:00:34.084;SS;AS59-AS1-20180127175914
2018-01-27 18:00:41.103;RU;AS59-AS1-20180127175809
2018-01-27 18:00:44.418;VU;AS59-AS1-20180127175809
2018-01-27 18:00:58.837;RU;AS59-AS1-20180127175914
2018-01-27 18:01:01.703;VU;AS59-AS1-20180127175914
