2018-01-27 17:18:43.783;SQ;AS60-AS1-20180127171843
2018-01-27 17:19:17.989;RO;AS60-AS1-20180127171843
2018-01-27 17:19:19.156;SP;AS60-AS1-20180127171843
2018-01-27 17:19:20.780;SQ;AS60-AS1-20180127171920
2018-01-27 17:19:52.623;RC;AS60-AS1-20180127171843
2018-01-27 17:19:53.433;SS;AS60-AS1-20180127171843
2018-01-27 17:20:32.936;RO;AS60-AS1-20180127171920
2018-01-27 17:20:35.019;SP;AS60-AS1-20180127171920
2018-01-27 17:20:36.821;SQ;AS60-AS1-20180127172036
2018-01-27 17:21:05.382;RU;AS60-AS1-20180127171843
2018-01-27 17:21:07.218;VU;AS60-AS1-20180127171843
2018-01-27 17:21:13.447;RC;AS60-AS1-20180127171920
2018-01-27 17:21:14.273;SS;AS60-AS1-20180127171920
2018-01-27 17:22:32.008;RO;AS60-AS1-20180127172036
2018-01-27 17:22:33.267;SP;AS60-AS1-20180127172036
2018-01-27 17:22:34.890;SQ;AS60-AS1-20180127172234
2018-01-27 17:22:37.170;RU;AS60-AS1-20180127171920
2018-01-27 17:22:39.158;VU;AS60-AS1-20180127171920
2018-01-27 17:23:13.852;RC;AS60-AS1-20180127172036
2018-01-27 17:23:14.640;SS;AS60-AS1-20180127172036
2018-01-27 17:23:52.031;RO;AS60-AS1-20180127172234
2018-01-27 17:23:53.258;SP;AS60-AS1-20180127172234
2018-01-27 17:23:54.853;SQ;AS60-AS1-20180127172354
2018-01-27 17:24:34.391;RU;AS60-AS1-20180127172036
2018-01-27 17:24:36.111;RC;AS60-AS1-20180127172234
2018-01-27 17:24:36.181;VU;AS60-AS1-20180127172036
2018-01-27 17:24:36.925;SS;AS60-AS1-20180127172234
2018-01-27 17:25:18.109;RO;AS60-AS1-20180127172354
2018-01-27 17:25:19.242;SP;AS60-AS1-20180127172354
2018-01-27 17:25:20.868;SQ;AS60-AS1-20180127172520
2018-01-27 17:26:09.390;RC;AS60-AS1-20180127172354
2018-01-27 17:26:10.106;RU;AS60-AS1-20180127172234
2018-01-27 17:26:10.266;SS;AS60-AS1-20180127172354
2018-01-27 17:26:12.027;VU;AS60-AS1-20180127172234
2018-01-27 17:26:45.744;RO;AS60-AS1-20180127172520
2018-01-27 17:26:46.773;SP;AS60-AS1-20180127172520
2018-01-27 17:26:49.946;SQ;AS60-AS1-20180127172649
2018-01-27 17:27:24.608;RU;AS60-AS1-20180127172354
2018-01-27 17:27:26.402;VU;AS60-AS1-20180127172354
2018-01-27 17:27:30.638;RC;AS60-AS1-20180127172520
2018-01-27 17:27:31.458;SS;AS60-AS1-20180127172520
2018-01-27 17:27:44.832;RO;AS60-AS1-20180127172649
2018-01-27 17:27:45.825;SP;AS60-AS1-20180127172649
2018-01-27 17:27:47.426;SQ;AS60-AS1-20180127172747
2018-01-27 17:28:24.291;RC;AS60-AS1-20180127172649
2018-01-27 17:28:25.078;SS;AS60-AS1-20180127172649
2018-01-27 17:28:53.429;RU;AS60-AS1-20180127172520
2018-01-27 17:28:55.251;VU;AS60-AS1-20180127172520
2018-01-27 17:29:03.563;RO;AS60-AS1-20180127172747
2018-01-27 17:29:04.808;SP;AS60-AS1-20180127172747
2018-01-27 17:29:06.408;SQ;AS60-AS1-20180127172906
2018-01-27 17:29:46.521;RC;AS60-AS1-20180127172747
2018-01-27 17:29:47.335;SS;AS60-AS1-20180127172747
2018-01-27 17:29:50.111;RU;AS60-AS1-20180127172649
2018-01-27 17:29:51.901;VU;AS60-AS1-20180127172649
2018-01-27 17:30:31.436;RO;AS60-AS1-20180127172906
2018-01-27 17:30:32.318;SP;AS60-AS1-20180127172906
2018-01-27 17:30:33.967;SQ;AS60-AS1-20180127173033
2018-01-27 17:31:05.353;RC;AS60-AS1-20180127172906
2018-01-27 17:31:06.157;SS;AS60-AS1-20180127172906
2018-01-27 17:31:10.857;RU;AS60-AS1-20180127172747
2018-01-27 17:31:13.587;VU;AS60-AS1-20180127172747
2018-01-27 17:31:58.338;RO;AS60-AS1-20180127173033
2018-01-27 17:31:59.583;SP;AS60-AS1-20180127173033
2018-01-27 17:32:01.198;SQ;AS60-AS1-20180127173201
2018-01-27 17:32:29.788;RU;AS60-AS1-20180127172906
2018-01-27 17:32:31.574;VU;AS60-AS1-20180127172906
2018-01-27 17:32:41.771;RC;AS60-AS1-20180127173033
2018-01-27 17:32:42.559;SS;AS60-AS1-20180127173033
2018-01-27 17:33:17.991;RO;AS60-AS1-20180127173201
2018-01-27 17:33:19.089;SP;AS60-AS1-20180127173201
2018-01-27 17:33:20.656;SQ;AS60-AS1-20180127173320
2018-01-27 17:34:02.232;RC;AS60-AS1-20180127173201
2018-01-27 17:34:03.804;RU;AS60-AS1-20180127173033
2018-01-27 17:34:03.887;SS;AS60-AS1-20180127173201
2018-01-27 17:34:06.673;VU;AS60-AS1-20180127173033
2018-01-27 17:34:28.318;RO;AS60-AS1-20180127173320
2018-01-27 17:34:29.563;SP;AS60-AS1-20180127173320
2018-01-27 17:34:31.177;SQ;AS60-AS1-20180127173431
2018-01-27 17:35:13.496;RC;AS60-AS1-20180127173320
2018-01-27 17:35:14.290;SS;AS60-AS1-20180127173320
2018-01-27 17:35:32.257;RU;AS60-AS1-20180127173201
2018-01-27 17:35:34.053;VU;AS60-AS1-20180127173201
2018-01-27 17:35:55.895;RO;AS60-AS1-20180127173431
2018-01-27 17:35:57.091;SP;AS60-AS1-20180127173431
2018-01-27 17:35:58.694;SQ;AS60-AS1-20180127173558
2018-01-27 17:36:35.499;RC;AS60-AS1-20180127173431
2018-01-27 17:36:36.830;SS;AS60-AS1-20180127173431
2018-01-27 17:37:03.834;RU;AS60-AS1-20180127173320
2018-01-27 17:37:14.227;RO;AS60-AS1-20180127173558
2018-01-27 17:37:15.102;SP;AS60-AS1-20180127173558
2018-01-27 17:37:17.556;SQ;AS60-AS1-20180127173717
2018-01-27 17:37:46.908;RC;AS60-AS1-20180127173558
2018-01-27 17:37:47.857;SS;AS60-AS1-20180127173558
2018-01-27 17:38:36.209;RO;AS60-AS1-20180127173717
2018-01-27 17:38:38.173;SP;AS60-AS1-20180127173717
2018-01-27 17:38:38.775;RU;AS60-AS1-20180127173431
2018-01-27 17:38:41.814;SQ;AS60-AS1-20180127173841
2018-01-27 17:38:42.380;VU;AS60-AS1-20180127173431
2018-01-27 17:39:08.848;RU;AS60-AS1-20180127173558
2018-01-27 17:39:11.459;VU;AS60-AS1-20180127173558
2018-01-27 17:39:20.694;RC;AS60-AS1-20180127173717
2018-01-27 17:39:21.531;SS;AS60-AS1-20180127173717
2018-01-27 17:39:44.049;RO;AS60-AS1-20180127173841
2018-01-27 17:39:46.399;SP;AS60-AS1-20180127173841
2018-01-27 17:39:48.551;SQ;AS60-AS1-20180127173948
2018-01-27 17:40:19.376;RC;AS60-AS1-20180127173841
2018-01-27 17:40:20.193;SS;AS60-AS1-20180127173841
2018-01-27 17:40:46.140;RU;AS60-AS1-20180127173717
2018-01-27 17:40:48.872;VU;AS60-AS1-20180127173717
2018-01-27 17:41:12.680;RO;AS60-AS1-20180127173948
2018-01-27 17:41:14.267;SP;AS60-AS1-20180127173948
2018-01-27 17:41:16.586;SQ;AS60-AS1-20180127174116
2018-01-27 17:41:41.783;RU;AS60-AS1-20180127173841
2018-01-27 17:41:44.174;VU;AS60-AS1-20180127173841
2018-01-27 17:42:00.387;RC;AS60-AS1-20180127173948
2018-01-27 17:42:01.530;SS;AS60-AS1-20180127173948
2018-01-27 17:42:34.010;RO;AS60-AS1-20180127174116
2018-01-27 17:42:35.338;SP;AS60-AS1-20180127174116
2018-01-27 17:42:39.626;SQ;AS60-AS1-20180127174239
2018-01-27 17:43:19.034;RC;AS60-AS1-20180127174116
2018-01-27 17:43:19.988;SS;AS60-AS1-20180127174116
2018-01-27 17:43:32.437;RU;AS60-AS1-20180127173948
2018-01-27 17:43:34.766;VU;AS60-AS1-20180127173948
2018-01-27 17:43:54.871;RO;AS60-AS1-20180127174239
2018-01-27 17:43:57.467;SP;AS60-AS1-20180127174239
2018-01-27 17:43:59.723;SQ;AS60-AS1-20180127174359
2018-01-27 17:44:38.523;RC;AS60-AS1-20180127174239
2018-01-27 17:44:40.051;SS;AS60-AS1-20180127174239
2018-01-27 17:44:43.582;RU;AS60-AS1-20180127174116
2018-01-27 17:44:46.156;VU;AS60-AS1-20180127174116
2018-01-27 17:45:17.737;RO;AS60-AS1-20180127174359
2018-01-27 17:45:18.719;SP;AS60-AS1-20180127174359
2018-01-27 17:45:21.069;SQ;AS60-AS1-20180127174521
2018-01-27 17:45:58.182;RC;AS60-AS1-20180127174359
2018-01-27 17:46:01.010;SS;AS60-AS1-20180127174359
2018-01-27 17:46:06.874;RU;AS60-AS1-20180127174239
2018-01-27 17:46:08.692;VU;AS60-AS1-20180127174239
2018-01-27 17:46:35.800;RO;AS60-AS1-20180127174521
2018-01-27 17:46:37.557;SP;AS60-AS1-20180127174521
2018-01-27 17:46:39.799;SQ;AS60-AS1-20180127174639
2018-01-27 17:47:16.604;RU;AS60-AS1-20180127174359
2018-01-27 17:47:18.852;VU;AS60-AS1-20180127174359
2018-01-27 17:47:20.574;RC;AS60-AS1-20180127174521
2018-01-27 17:47:21.687;SS;AS60-AS1-20180127174521
2018-01-27 17:48:04.157;RO;AS60-AS1-20180127174639
2018-01-27 17:48:06.589;SP;AS60-AS1-20180127174639
2018-01-27 17:48:09.323;SQ;AS60-AS1-20180127174809
2018-01-27 17:48:43.576;RC;AS60-AS1-20180127174639
2018-01-27 17:48:44.852;SS;AS60-AS1-20180127174639
2018-01-27 17:48:50.434;RU;AS60-AS1-20180127174521
2018-01-27 17:48:53.173;VU;AS60-AS1-20180127174521
2018-01-27 17:49:20.762;RO;AS60-AS1-20180127174809
2018-01-27 17:49:22.309;SP;AS60-AS1-20180127174809
2018-01-27 17:49:26.007;SQ;AS60-AS1-20180127174926
2018-01-27 17:50:02.677;RC;AS60-AS1-20180127174809
2018-01-27 17:50:03.877;SS;AS60-AS1-20180127174809
2018-01-27 17:50:07.399;RU;AS60-AS1-20180127174639
2018-01-27 17:50:09.352;VU;AS60-AS1-20180127174639
2018-01-27 17:50:38.775;RO;AS60-AS1-20180127174926
2018-01-27 17:50:41.294;SP;AS60-AS1-20180127174926
2018-01-27 17:50:45.080;SQ;AS60-AS1-20180127175045
2018-01-27 17:51:21.915;RU;AS60-AS1-20180127174809
2018-01-27 17:51:21.941;RC;AS60-AS1-20180127174926
2018-01-27 17:51:23.939;SS;AS60-AS1-20180127174926
2018-01-27 17:51:24.836;VU;AS60-AS1-20180127174809
2018-01-27 17:51:52.208;RO;AS60-AS1-20180127175045
2018-01-27 17:51:54.157;SP;AS60-AS1-20180127175045
2018-01-27 17:51:56.610;SQ;AS60-AS1-20180127175156
2018-01-27 17:52:29.383;RC;AS60-AS1-20180127175045
2018-01-27 17:52:31.937;SS;AS60-AS1-20180127175045
2018-01-27 17:52:52.606;RU;AS60-AS1-20180127174926
2018-01-27 17:52:54.429;VU;AS60-AS1-20180127174926
2018-01-27 17:53:17.294;RO;AS60-AS1-20180127175156
2018-01-27 17:53:19.671;SP;AS60-AS1-20180127175156
2018-01-27 17:53:21.986;SQ;AS60-AS1-20180127175321
2018-01-27 17:53:49.907;RU;AS60-AS1-20180127175045
2018-01-27 17:53:52.352;VU;AS60-AS1-20180127175045
2018-01-27 17:54:00.254;RC;AS60-AS1-20180127175156
2018-01-27 17:54:01.367;SS;AS60-AS1-20180127175156
2018-01-27 17:54:43.404;RO;AS60-AS1-20180127175321
2018-01-27 17:54:45.099;SP;AS60-AS1-20180127175321
2018-01-27 17:54:47.218;SQ;AS60-AS1-20180127175447
2018-01-27 17:55:20.010;RU;AS60-AS1-20180127175156
2018-01-27 17:55:23.259;RC;AS60-AS1-20180127175321
2018-01-27 17:55:23.267;VU;AS60-AS1-20180127175156
2018-01-27 17:55:24.362;SS;AS60-AS1-20180127175321
2018-01-27 17:56:06.091;RO;AS60-AS1-20180127175447
2018-01-27 17:56:09.317;SP;AS60-AS1-20180127175447
2018-01-27 17:56:11.643;SQ;AS60-AS1-20180127175611
2018-01-27 17:56:46.180;RC;AS60-AS1-20180127175447
2018-01-27 17:56:47.055;SS;AS60-AS1-20180127175447
2018-01-27 17:56:48.785;RU;AS60-AS1-20180127175321
2018-01-27 17:56:51.418;VU;AS60-AS1-20180127175321
2018-01-27 17:57:26.894;RO;AS60-AS1-20180127175611
2018-01-27 17:57:28.204;SP;AS60-AS1-20180127175611
2018-01-27 17:57:30.660;SQ;AS60-AS1-20180127175730
2018-01-27 17:57:56.810;RU;AS60-AS1-20180127175447
2018-01-27 17:57:59.042;VU;AS60-AS1-20180127175447
2018-01-27 17:58:09.982;RC;AS60-AS1-20180127175611
2018-01-27 17:58:12.517;SS;AS60-AS1-20180127175611
2018-01-27 17:58:44.787;RO;AS60-AS1-20180127175730
2018-01-27 17:58:46.525;SP;AS60-AS1-20180127175730
2018-01-27 17:59:23.288;RC;AS60-AS1-20180127175730
2018-01-27 17:59:24.485;SS;AS60-AS1-20180127175730
2018-01-27 17:59:27.192;RU;AS60-AS1-20180127175611
2018-01-27 17:59:29.422;VU;AS60-AS1-20180127175611
2018-01-27 18:00:16.630;RU;AS60-AS1-20180127175730
2018-01-27 18:00:19.894;VU;AS60-AS1-20180127175730
