2018-01-27 17:18:30.602;SQ;AS63-AS1-20180127171830
2018-01-27 17:18:42.490;RO;AS63-AS1-20180127171830
2018-01-27 17:18:43.477;SP;AS63-AS1-20180127171830
2018-01-27 17:18:45.127;SQ;AS63-AS1-20180127171845
2018-01-27 17:19:01.338;RC;AS63-AS1-20180127171830
2018-01-27 17:19:02.206;SS;AS63-AS1-20180127171830
2018-01-27 17:19:28.974;RO;AS63-AS1-20180127171845
2018-01-27 17:19:30.035;SP;AS63-AS1-20180127171845
2018-01-27 17:19:31.731;SQ;AS63-AS1-20180127171931
2018-01-27 17:19:59.048;RC;AS63-AS1-20180127171845
2018-01-27 17:19:59.912;SS;AS63-AS1-20180127171845
2018-01-27 17:20:07.124;RU;AS63-AS1-20180127171830
2018-01-27 17:20:08.954;VU;AS63-AS1-20180127171830
2018-01-27 17:20:45.075;RO;AS63-AS1-20180127171931
2018-01-27 17:20:46.148;SP;AS63-AS1-20180127171931
2018-01-27 17:20:47.843;SQ;AS63-AS1-20180127172047
2018-01-27 17:21:24.074;RU;AS63-AS1-20180127171845
2018-01-27 17:21:25.922;VU;AS63-AS1-20180127171845
2018-01-27 17:21:32.202;RC;AS63-AS1-20180127171931
2018-01-27 17:21:33.038;SS;AS63-AS1-20180127171931
2018-01-27 17:22:19.525;RO;AS63-AS1-20180127172047
2018-01-27 17:22:20.779;SP;AS63-AS1-20180127172047
2018-01-27 17:22:23.394;SQ;AS63-AS1-20180127172223
2018-01-27 17:22:59.724;RC;AS63-AS1-20180127172047
2018-01-27 17:23:00.583;SS;AS63-AS1-20180127172047
2018-01-27 17:23:05.651;RU;AS63-AS1-20180127171931
2018-01-27 17:23:07.500;VU;AS63-AS1-20180127171931
2018-01-27 17:23:37.676;RO;AS63-AS1-20180127172223
2018-01-27 17:23:38.841;SP;AS63-AS1-20180127172223
2018-01-27 17:23:41.342;SQ;AS63-AS1-20180127172341
2018-01-27 17:24:25.518;RU;AS63-AS1-20180127172047
2018-01-27 17:24:26.137;RC;AS63-AS1-20180127172223
2018-01-27 17:24:28.709;SS;AS63-AS1-20180127172223
2018-01-27 17:25:09.350;RO;AS63-AS1-20180127172341
2018-01-27 17:25:10.727;SP;AS63-AS1-20180127172341
2018-01-27 17:25:14.736;SQ;AS63-AS1-20180127172514
2018-01-27 17:25:37.278;RU;AS63-AS1-20180127172223
2018-01-27 17:25:39.116;VU;AS63-AS1-20180127172223
2018-01-27 17:25:49.188;RC;AS63-AS1-20180127172341
2018-01-27 17:25:50.124;SS;AS63-AS1-20180127172341
2018-01-27 17:26:33.896;RO;AS63-AS1-20180127172514
2018-01-27 17:26:35.230;SP;AS63-AS1-20180127172514
2018-01-27 17:26:37.796;SQ;AS63-AS1-20180127172637
2018-01-27 17:27:04.078;RU;AS63-AS1-20180127172341
2018-01-27 17:27:06.604;VU;AS63-AS1-20180127172341
2018-01-27 17:27:13.793;RC;AS63-AS1-20180127172514
2018-01-27 17:27:15.086;SS;AS63-AS1-20180127172514
2018-01-27 17:28:00.264;RO;AS63-AS1-20180127172637
2018-01-27 17:28:01.705;SP;AS63-AS1-20180127172637
2018-01-27 17:28:04.287;SQ;AS63-AS1-20180127172804
2018-01-27 17:28:38.575;RU;AS63-AS1-20180127172514
2018-01-27 17:28:40.081;RC;AS63-AS1-20180127172637
2018-01-27 17:28:40.931;VU;AS63-AS1-20180127172514
2018-01-27 17:28:41.159;SS;AS63-AS1-20180127172637
2018-01-27 17:29:59.443;RU;AS63-AS1-20180127172637
2018-01-27 17:30:09.874;RO;AS63-AS1-20180127172804
2018-01-27 17:30:12.533;SP;AS63-AS1-20180127172804
2018-01-27 17:30:16.543;SQ;AS63-AS1-20180127173016
2018-01-27 17:30:50.353;RC;AS63-AS1-20180127172804
2018-01-27 17:30:52.476;SS;AS63-AS1-20180127172804
2018-01-27 17:31:37.517;RO;AS63-AS1-20180127173016
2018-01-27 17:31:39.800;SP;AS63-AS1-20180127173016
2018-01-27 17:31:45.511;SQ;AS63-AS1-20180127173145
2018-01-27 17:32:21.947;RU;AS63-AS1-20180127172804
2018-01-27 17:32:24.336;RC;AS63-AS1-20180127173016
2018-01-27 17:32:24.976;VU;AS63-AS1-20180127172804
2018-01-27 17:32:26.275;SS;AS63-AS1-20180127173016
2018-01-27 17:33:04.119;RO;AS63-AS1-20180127173145
2018-01-27 17:33:06.413;SP;AS63-AS1-20180127173145
2018-01-27 17:33:10.158;SQ;AS63-AS1-20180127173310
2018-01-27 17:33:41.658;RC;AS63-AS1-20180127173145
2018-01-27 17:33:43.130;SS;AS63-AS1-20180127173145
2018-01-27 17:33:49.497;RU;AS63-AS1-20180127173016
2018-01-27 17:33:51.907;VU;AS63-AS1-20180127173016
2018-01-27 17:34:28.302;RO;AS63-AS1-20180127173310
2018-01-27 17:34:30.174;SP;AS63-AS1-20180127173310
2018-01-27 17:34:35.430;SQ;AS63-AS1-20180127173435
2018-01-27 17:34:54.358;RU;AS63-AS1-20180127173145
2018-01-27 17:34:57.205;VU;AS63-AS1-20180127173145
2018-01-27 17:35:12.612;RC;AS63-AS1-20180127173310
2018-01-27 17:35:14.693;SS;AS63-AS1-20180127173310
2018-01-27 17:35:48.289;RO;AS63-AS1-20180127173435
2018-01-27 17:35:50.982;SP;AS63-AS1-20180127173435
2018-01-27 17:35:55.975;SQ;AS63-AS1-20180127173555
2018-01-27 17:36:35.908;RC;AS63-AS1-20180127173435
2018-01-27 17:36:36.241;RU;AS63-AS1-20180127173310
2018-01-27 17:36:40.450;SS;AS63-AS1-20180127173435
2018-01-27 17:36:41.915;VU;AS63-AS1-20180127173310
2018-01-27 17:37:18.163;RO;AS63-AS1-20180127173555
2018-01-27 17:37:20.696;SP;AS63-AS1-20180127173555
2018-01-27 17:37:25.919;SQ;AS63-AS1-20180127173725
2018-01-27 17:38:02.682;RC;AS63-AS1-20180127173555
2018-01-27 17:38:04.611;SS;AS63-AS1-20180127173555
2018-01-27 17:38:07.827;RU;AS63-AS1-20180127173435
2018-01-27 17:38:11.441;VU;AS63-AS1-20180127173435
2018-01-27 17:38:36.088;RO;AS63-AS1-20180127173725
2018-01-27 17:38:38.340;SP;AS63-AS1-20180127173725
2018-01-27 17:38:44.369;SQ;AS63-AS1-20180127173844
2018-01-27 17:39:22.289;RU;AS63-AS1-20180127173555
2018-01-27 17:39:57.751;RC;AS63-AS1-20180127173725
2018-01-27 17:40:02.515;SS;AS63-AS1-20180127173725
2018-01-27 17:40:11.319;RO;AS63-AS1-20180127173844
2018-01-27 17:40:14.332;SP;AS63-AS1-20180127173844
2018-01-27 17:40:24.080;SQ;AS63-AS1-20180127174024
2018-01-27 17:40:56.720;RC;AS63-AS1-20180127173844
2018-01-27 17:40:59.174;SS;AS63-AS1-20180127173844
2018-01-27 17:41:17.363;RU;AS63-AS1-20180127173725
2018-01-27 17:41:23.337;VU;AS63-AS1-20180127173725
2018-01-27 17:41:41.783;RO;AS63-AS1-20180127174024
2018-01-27 17:41:45.035;SP;AS63-AS1-20180127174024
2018-01-27 17:41:50.996;SQ;AS63-AS1-20180127174150
2018-01-27 17:42:21.335;RU;AS63-AS1-20180127173844
2018-01-27 17:42:26.245;VU;AS63-AS1-20180127173844
2018-01-27 17:42:30.657;RC;AS63-AS1-20180127174024
2018-01-27 17:42:33.351;SS;AS63-AS1-20180127174024
2018-01-27 17:43:16.962;RO;AS63-AS1-20180127174150
2018-01-27 17:43:19.722;SP;AS63-AS1-20180127174150
2018-01-27 17:43:26.918;SQ;AS63-AS1-20180127174326
2018-01-27 17:43:53.945;RU;AS63-AS1-20180127174024
2018-01-27 17:43:59.979;VU;AS63-AS1-20180127174024
2018-01-27 17:44:06.650;RC;AS63-AS1-20180127174150
2018-01-27 17:44:09.943;SS;AS63-AS1-20180127174150
2018-01-27 17:44:52.458;RO;AS63-AS1-20180127174326
2018-01-27 17:44:55.206;SP;AS63-AS1-20180127174326
2018-01-27 17:45:02.293;SQ;AS63-AS1-20180127174502
2018-01-27 17:45:34.905;RC;AS63-AS1-20180127174326
2018-01-27 17:45:36.215;RU;AS63-AS1-20180127174150
2018-01-27 17:45:37.781;SS;AS63-AS1-20180127174326
2018-01-27 17:45:40.621;VU;AS63-AS1-20180127174150
2018-01-27 17:46:16.002;RO;AS63-AS1-20180127174502
2018-01-27 17:46:19.469;SP;AS63-AS1-20180127174502
2018-01-27 17:46:24.751;SQ;AS63-AS1-20180127174624
2018-01-27 17:47:03.354;RC;AS63-AS1-20180127174502
2018-01-27 17:47:06.657;SS;AS63-AS1-20180127174502
2018-01-27 17:47:10.740;RU;AS63-AS1-20180127174326
2018-01-27 17:47:14.418;VU;AS63-AS1-20180127174326
2018-01-27 17:47:45.119;RO;AS63-AS1-20180127174624
2018-01-27 17:47:48.055;SP;AS63-AS1-20180127174624
2018-01-27 17:47:54.772;SQ;AS63-AS1-20180127174754
2018-01-27 17:48:26.869;RU;AS63-AS1-20180127174502
2018-01-27 17:48:26.879;RC;AS63-AS1-20180127174624
2018-01-27 17:48:30.699;SS;AS63-AS1-20180127174624
2018-01-27 17:48:31.835;VU;AS63-AS1-20180127174502
2018-01-27 17:49:18.401;RO;AS63-AS1-20180127174754
2018-01-27 17:49:21.140;SP;AS63-AS1-20180127174754
2018-01-27 17:49:27.895;SQ;AS63-AS1-20180127174927
2018-01-27 17:50:02.676;RU;AS63-AS1-20180127174624
2018-01-27 17:50:02.760;RC;AS63-AS1-20180127174754
2018-01-27 17:50:06.655;SS;AS63-AS1-20180127174754
2018-01-27 17:50:07.656;VU;AS63-AS1-20180127174624
2018-01-27 17:50:53.059;RO;AS63-AS1-20180127174927
2018-01-27 17:50:56.226;SP;AS63-AS1-20180127174927
2018-01-27 17:51:03.153;SQ;AS63-AS1-20180127175103
2018-01-27 17:51:21.941;RU;AS63-AS1-20180127174754
2018-01-27 17:51:25.558;VU;AS63-AS1-20180127174754
2018-01-27 17:51:28.345;RC;AS63-AS1-20180127174927
2018-01-27 17:51:32.327;SS;AS63-AS1-20180127174927
2018-01-27 17:52:13.149;RO;AS63-AS1-20180127175103
2018-01-27 17:52:17.872;SP;AS63-AS1-20180127175103
2018-01-27 17:52:23.071;SQ;AS63-AS1-20180127175223
2018-01-27 17:52:52.564;RU;AS63-AS1-20180127174927
2018-01-27 17:52:53.673;RC;AS63-AS1-20180127175103
2018-01-27 17:53:45.618;RO;AS63-AS1-20180127175223
2018-01-27 17:54:24.188;SS;AS63-AS1-20180127175103
2018-01-27 17:54:33.561;VU;AS63-AS1-20180127174927
2018-01-27 17:55:03.718;SP;AS63-AS1-20180127175223
2018-01-27 17:55:16.467;SQ;AS63-AS1-20180127175516
2018-01-27 17:55:44.263;RC;AS63-AS1-20180127175223
2018-01-27 17:55:47.717;RU;AS63-AS1-20180127175103
2018-01-27 17:56:32.455;RO;AS63-AS1-20180127175516
2018-01-27 17:57:30.275;SS;AS63-AS1-20180127175223
2018-01-27 17:58:09.538;SP;AS63-AS1-20180127175516
2018-01-27 17:58:38.041;RC;AS63-AS1-20180127175516
2018-01-27 17:58:45.030;RU;AS63-AS1-20180127175223
2018-01-27 17:59:07.377;VU;AS63-AS1-20180127175103
2018-01-27 18:00:32.212;SS;AS63-AS1-20180127175516
2018-01-27 18:00:57.926;RU;AS63-AS1-20180127175516
2018-01-27 18:01:38.376;SQ;AS63-AS1-20180127180138
2018-01-27 18:01:39.811;RO;AS63-AS1-20180127180138
2018-01-27 18:03:29.607;SP;AS63-AS1-20180127180138
2018-01-27 18:03:30.262;RC;AS63-AS1-20180127180138
2018-01-27 18:05:56.041;SS;AS63-AS1-20180127180138
2018-01-27 18:06:00.430;RU;AS63-AS1-20180127180138
2018-01-27 18:06:33.303;VU;AS63-AS1-20180127175223
2018-01-27 18:07:35.503;SQ;AS63-AS1-20180127180735
2018-01-27 18:07:36.856;RO;AS63-AS1-20180127180735
2018-01-27 18:09:30.111;SP;AS63-AS1-20180127180735
2018-01-27 18:09:30.850;RC;AS63-AS1-20180127180735
2018-01-27 18:11:42.639;SS;AS63-AS1-20180127180735
2018-01-27 18:11:46.956;RU;AS63-AS1-20180127180735
2018-01-27 18:14:15.148;SQ;AS63-AS1-20180127181415
2018-01-27 18:14:16.416;RO;AS63-AS1-20180127181415
2018-01-27 18:15:28.631;VU;AS63-AS1-20180127175516
2018-01-27 18:16:39.246;SP;AS63-AS1-20180127181415
2018-01-27 18:16:40.021;RC;AS63-AS1-20180127181415
2018-01-27 18:18:38.448;SS;AS63-AS1-20180127181415
2018-01-27 18:18:42.788;RU;AS63-AS1-20180127181415
2018-01-27 18:18:46.849;VU;AS63-AS1-20180127180138
2018-01-27 18:19:10.490;VU;AS63-AS1-20180127180735
2018-01-27 18:19:41.232;VU;AS63-AS1-20180127181415
2018-01-27 18:19:45.203;SQ;AS63-AS1-20180127181945
2018-01-27 18:19:46.519;RO;AS63-AS1-20180127181945
2018-01-27 18:20:27.258;SP;AS63-AS1-20180127181945
2018-01-27 18:20:27.913;RC;AS63-AS1-20180127181945
2018-01-27 18:21:07.493;SS;AS63-AS1-20180127181945
2018-01-27 18:21:11.967;RU;AS63-AS1-20180127181945
2018-01-27 18:21:49.905;VU;AS63-AS1-20180127181945
