2018-01-27 17:18:30.790;SQ;AS64-AS1-20180127171830
2018-01-27 17:18:41.858;RO;AS64-AS1-20180127171830
2018-01-27 17:18:43.088;SP;AS64-AS1-20180127171830
2018-01-27 17:18:44.628;SQ;AS64-AS1-20180127171844
2018-01-27 17:19:02.698;RC;AS64-AS1-20180127171830
2018-01-27 17:19:03.470;SS;AS64-AS1-20180127171830
2018-01-27 17:19:29.057;RO;AS64-AS1-20180127171844
2018-01-27 17:19:29.903;SP;AS64-AS1-20180127171844
2018-01-27 17:19:31.401;SQ;AS64-AS1-20180127171931
2018-01-27 17:20:06.654;RU;AS64-AS1-20180127171830
2018-01-27 17:20:08.251;RC;AS64-AS1-20180127171844
2018-01-27 17:20:08.410;VU;AS64-AS1-20180127171830
2018-01-27 17:20:08.989;SS;AS64-AS1-20180127171844
2018-01-27 17:20:41.510;RO;AS64-AS1-20180127171931
2018-01-27 17:20:42.752;SP;AS64-AS1-20180127171931
2018-01-27 17:20:44.304;SQ;AS64-AS1-20180127172044
2018-01-27 17:21:28.036;RC;AS64-AS1-20180127171931
2018-01-27 17:21:28.810;SS;AS64-AS1-20180127171931
2018-01-27 17:21:31.333;RU;AS64-AS1-20180127171844
2018-01-27 17:21:33.066;VU;AS64-AS1-20180127171844
2018-01-27 17:22:07.020;RO;AS64-AS1-20180127172044
2018-01-27 17:22:08.941;SP;AS64-AS1-20180127172044
2018-01-27 17:22:10.748;SQ;AS64-AS1-20180127172210
2018-01-27 17:22:48.200;RU;AS64-AS1-20180127171931
2018-01-27 17:22:49.947;VU;AS64-AS1-20180127171931
2018-01-27 17:22:51.237;RC;AS64-AS1-20180127172044
2018-01-27 17:22:51.975;SS;AS64-AS1-20180127172044
2018-01-27 17:23:34.453;RO;AS64-AS1-20180127172210
2018-01-27 17:23:35.587;SP;AS64-AS1-20180127172210
2018-01-27 17:23:37.095;SQ;AS64-AS1-20180127172337
2018-01-27 17:24:01.858;RU;AS64-AS1-20180127172044
2018-01-27 17:24:03.657;VU;AS64-AS1-20180127172044
2018-01-27 17:24:18.922;RC;AS64-AS1-20180127172210
2018-01-27 17:24:19.651;SS;AS64-AS1-20180127172210
2018-01-27 17:24:56.449;RO;AS64-AS1-20180127172337
2018-01-27 17:24:58.295;SP;AS64-AS1-20180127172337
2018-01-27 17:25:00.930;SQ;AS64-AS1-20180127172500
2018-01-27 17:25:38.221;RC;AS64-AS1-20180127172337
2018-01-27 17:25:38.961;SS;AS64-AS1-20180127172337
2018-01-27 17:25:53.075;RU;AS64-AS1-20180127172210
2018-01-27 17:25:54.853;VU;AS64-AS1-20180127172210
2018-01-27 17:26:28.655;RO;AS64-AS1-20180127172500
2018-01-27 17:26:29.760;SP;AS64-AS1-20180127172500
2018-01-27 17:26:31.263;SQ;AS64-AS1-20180127172631
2018-01-27 17:26:58.463;RU;AS64-AS1-20180127172337
2018-01-27 17:27:00.215;VU;AS64-AS1-20180127172337
2018-01-27 17:27:11.317;RC;AS64-AS1-20180127172500
2018-01-27 17:27:12.041;SS;AS64-AS1-20180127172500
2018-01-27 17:27:49.474;RO;AS64-AS1-20180127172631
2018-01-27 17:27:51.451;SP;AS64-AS1-20180127172631
2018-01-27 17:27:52.942;SQ;AS64-AS1-20180127172752
2018-01-27 17:28:31.699;RC;AS64-AS1-20180127172631
2018-01-27 17:28:32.447;SS;AS64-AS1-20180127172631
2018-01-27 17:28:34.947;RU;AS64-AS1-20180127172500
2018-01-27 17:28:37.056;VU;AS64-AS1-20180127172500
2018-01-27 17:29:10.319;RO;AS64-AS1-20180127172752
2018-01-27 17:29:11.287;SP;AS64-AS1-20180127172752
2018-01-27 17:29:12.783;SQ;AS64-AS1-20180127172912
2018-01-27 17:29:54.911;RC;AS64-AS1-20180127172752
2018-01-27 17:29:55.637;SS;AS64-AS1-20180127172752
2018-01-27 17:29:59.527;RU;AS64-AS1-20180127172631
2018-01-27 17:30:01.270;VU;AS64-AS1-20180127172631
2018-01-27 17:30:35.589;RO;AS64-AS1-20180127172912
2018-01-27 17:30:36.596;SP;AS64-AS1-20180127172912
2018-01-27 17:30:38.057;SQ;AS64-AS1-20180127173038
2018-01-27 17:31:11.366;RU;AS64-AS1-20180127172752
2018-01-27 17:31:13.939;VU;AS64-AS1-20180127172752
2018-01-27 17:31:21.193;RC;AS64-AS1-20180127172912
2018-01-27 17:31:21.959;SS;AS64-AS1-20180127172912
2018-01-27 17:31:55.048;RO;AS64-AS1-20180127173038
2018-01-27 17:31:55.897;SP;AS64-AS1-20180127173038
2018-01-27 17:31:57.439;SQ;AS64-AS1-20180127173157
2018-01-27 17:32:37.738;RC;AS64-AS1-20180127173038
2018-01-27 17:32:38.470;SS;AS64-AS1-20180127173038
2018-01-27 17:32:38.713;RU;AS64-AS1-20180127172912
2018-01-27 17:33:16.012;RO;AS64-AS1-20180127173157
2018-01-27 17:33:17.479;SP;AS64-AS1-20180127173157
2018-01-27 17:33:20.387;SQ;AS64-AS1-20180127173320
2018-01-27 17:33:56.669;RC;AS64-AS1-20180127173157
2018-01-27 17:33:57.593;SS;AS64-AS1-20180127173157
2018-01-27 17:34:00.795;RU;AS64-AS1-20180127173038
2018-01-27 17:34:03.182;VU;AS64-AS1-20180127173038
2018-01-27 17:34:43.787;RO;AS64-AS1-20180127173320
2018-01-27 17:34:44.992;SP;AS64-AS1-20180127173320
2018-01-27 17:34:47.083;SQ;AS64-AS1-20180127173447
2018-01-27 17:35:16.222;RU;AS64-AS1-20180127173157
2018-01-27 17:35:18.678;VU;AS64-AS1-20180127173157
2018-01-27 17:35:28.464;RC;AS64-AS1-20180127173320
2018-01-27 17:35:29.656;SS;AS64-AS1-20180127173320
2018-01-27 17:36:12.071;RO;AS64-AS1-20180127173447
2018-01-27 17:36:12.917;SP;AS64-AS1-20180127173447
2018-01-27 17:36:15.132;SQ;AS64-AS1-20180127173615
2018-01-27 17:36:40.216;RC;AS64-AS1-20180127173447
2018-01-27 17:36:41.024;SS;AS64-AS1-20180127173447
2018-01-27 17:36:46.819;RU;AS64-AS1-20180127173320
2018-01-27 17:36:49.023;VU;AS64-AS1-20180127173320
2018-01-27 17:37:38.284;RO;AS64-AS1-20180127173615
2018-01-27 17:37:40.455;SP;AS64-AS1-20180127173615
2018-01-27 17:37:42.747;SQ;AS64-AS1-20180127173742
2018-01-27 17:38:03.628;RU;AS64-AS1-20180127173447
2018-01-27 17:38:06.067;VU;AS64-AS1-20180127173447
2018-01-27 17:38:23.904;RC;AS64-AS1-20180127173615
2018-01-27 17:38:25.036;SS;AS64-AS1-20180127173615
2018-01-27 17:39:04.863;RO;AS64-AS1-20180127173742
2018-01-27 17:39:05.592;SP;AS64-AS1-20180127173742
2018-01-27 17:39:07.854;SQ;AS64-AS1-20180127173907
2018-01-27 17:39:52.761;RC;AS64-AS1-20180127173742
2018-01-27 17:39:53.711;RU;AS64-AS1-20180127173615
2018-01-27 17:39:54.413;SS;AS64-AS1-20180127173742
2018-01-27 17:39:56.022;VU;AS64-AS1-20180127173615
2018-01-27 17:40:33.565;RO;AS64-AS1-20180127173907
2018-01-27 17:40:35.438;SP;AS64-AS1-20180127173907
2018-01-27 17:40:37.681;SQ;AS64-AS1-20180127174037
2018-01-27 17:41:15.832;RU;AS64-AS1-20180127173742
2018-01-27 17:41:16.160;RC;AS64-AS1-20180127173907
2018-01-27 17:41:18.864;SS;AS64-AS1-20180127173907
2018-01-27 17:41:19.453;VU;AS64-AS1-20180127173742
2018-01-27 17:41:55.319;RO;AS64-AS1-20180127174037
2018-01-27 17:41:56.539;SP;AS64-AS1-20180127174037
2018-01-27 17:41:58.832;SQ;AS64-AS1-20180127174158
2018-01-27 17:42:47.094;RC;AS64-AS1-20180127174037
2018-01-27 17:42:48.291;SS;AS64-AS1-20180127174037
2018-01-27 17:43:16.425;RU;AS64-AS1-20180127173907
2018-01-27 17:43:18.918;VU;AS64-AS1-20180127173907
2018-01-27 17:43:31.084;RO;AS64-AS1-20180127174158
2018-01-27 17:43:32.572;SP;AS64-AS1-20180127174158
2018-01-27 17:43:34.580;SQ;AS64-AS1-20180127174334
2018-01-27 17:44:14.578;RU;AS64-AS1-20180127174037
2018-01-27 17:44:16.336;VU;AS64-AS1-20180127174037
2018-01-27 17:44:18.821;RC;AS64-AS1-20180127174158
2018-01-27 17:44:20.295;SS;AS64-AS1-20180127174158
2018-01-27 17:44:52.073;RO;AS64-AS1-20180127174334
2018-01-27 17:44:53.619;SP;AS64-AS1-20180127174334
2018-01-27 17:44:55.517;SQ;AS64-AS1-20180127174455
2018-01-27 17:45:30.263;RC;AS64-AS1-20180127174334
2018-01-27 17:45:31.687;SS;AS64-AS1-20180127174334
2018-01-27 17:45:34.881;RU;AS64-AS1-20180127174158
2018-01-27 17:45:36.999;VU;AS64-AS1-20180127174158
2018-01-27 17:46:07.345;RO;AS64-AS1-20180127174455
2018-01-27 17:46:08.846;SP;AS64-AS1-20180127174455
2018-01-27 17:46:10.834;SQ;AS64-AS1-20180127174610
2018-01-27 17:46:45.407;RC;AS64-AS1-20180127174455
2018-01-27 17:46:48.222;SS;AS64-AS1-20180127174455
2018-01-27 17:46:55.268;RU;AS64-AS1-20180127174334
2018-01-27 17:46:57.394;VU;AS64-AS1-20180127174334
2018-01-27 17:47:37.439;RO;AS64-AS1-20180127174610
2018-01-27 17:47:38.399;SP;AS64-AS1-20180127174610
2018-01-27 17:47:40.480;SQ;AS64-AS1-20180127174740
2018-01-27 17:48:00.449;RU;AS64-AS1-20180127174455
2018-01-27 17:48:02.646;VU;AS64-AS1-20180127174455
2018-01-27 17:48:21.959;RC;AS64-AS1-20180127174610
2018-01-27 17:48:23.073;SS;AS64-AS1-20180127174610
2018-01-27 17:49:45.594;RO;AS64-AS1-20180127174740
2018-01-27 17:49:46.275;RU;AS64-AS1-20180127174610
2018-01-27 17:49:47.234;SP;AS64-AS1-20180127174740
2018-01-27 17:49:49.018;VU;AS64-AS1-20180127174610
2018-01-27 17:49:49.828;SQ;AS64-AS1-20180127174949
2018-01-27 17:50:22.183;RC;AS64-AS1-20180127174740
2018-01-27 17:50:23.252;SS;AS64-AS1-20180127174740
2018-01-27 17:50:58.048;RO;AS64-AS1-20180127174949
2018-01-27 17:50:59.631;SP;AS64-AS1-20180127174949
2018-01-27 17:51:01.996;SQ;AS64-AS1-20180127175101
2018-01-27 17:51:36.648;RC;AS64-AS1-20180127174949
2018-01-27 17:51:37.688;SS;AS64-AS1-20180127174949
2018-01-27 17:51:37.710;RU;AS64-AS1-20180127174740
2018-01-27 17:51:39.850;VU;AS64-AS1-20180127174740
2018-01-27 17:52:15.775;RO;AS64-AS1-20180127175101
2018-01-27 17:52:17.317;SP;AS64-AS1-20180127175101
2018-01-27 17:52:19.316;SQ;AS64-AS1-20180127175219
2018-01-27 17:52:55.931;RU;AS64-AS1-20180127174949
2018-01-27 17:52:57.840;RC;AS64-AS1-20180127175101
2018-01-27 17:52:58.226;VU;AS64-AS1-20180127174949
2018-01-27 17:52:59.105;SS;AS64-AS1-20180127175101
2018-01-27 17:53:34.705;RO;AS64-AS1-20180127175219
2018-01-27 17:53:35.807;SP;AS64-AS1-20180127175219
2018-01-27 17:53:38.114;SQ;AS64-AS1-20180127175338
2018-01-27 17:54:14.526;RC;AS64-AS1-20180127175219
2018-01-27 17:54:15.949;SS;AS64-AS1-20180127175219
2018-01-27 17:54:27.772;RU;AS64-AS1-20180127175101
2018-01-27 17:54:29.897;VU;AS64-AS1-20180127175101
2018-01-27 17:54:51.455;RO;AS64-AS1-20180127175338
2018-01-27 17:54:52.463;SP;AS64-AS1-20180127175338
2018-01-27 17:54:54.658;SQ;AS64-AS1-20180127175454
2018-01-27 17:55:34.101;RC;AS64-AS1-20180127175338
2018-01-27 17:55:34.829;SS;AS64-AS1-20180127175338
2018-01-27 17:55:37.134;RU;AS64-AS1-20180127175219
2018-01-27 17:55:39.568;VU;AS64-AS1-20180127175219
2018-01-27 17:56:03.686;RO;AS64-AS1-20180127175454
2018-01-27 17:56:04.804;SP;AS64-AS1-20180127175454
2018-01-27 17:56:08.381;SQ;AS64-AS1-20180127175608
2018-01-27 17:56:46.276;RC;AS64-AS1-20180127175454
2018-01-27 17:56:47.413;SS;AS64-AS1-20180127175454
2018-01-27 17:56:50.403;RU;AS64-AS1-20180127175338
2018-01-27 17:57:19.308;RO;AS64-AS1-20180127175608
2018-01-27 17:57:20.829;SP;AS64-AS1-20180127175608
2018-01-27 17:57:23.922;SQ;AS64-AS1-20180127175723
2018-01-27 17:57:59.850;RC;AS64-AS1-20180127175608
2018-01-27 17:58:01.536;SS;AS64-AS1-20180127175608
2018-01-27 17:58:04.058;RU;AS64-AS1-20180127175454
2018-01-27 17:58:06.240;VU;AS64-AS1-20180127175454
2018-01-27 17:58:36.743;RO;AS64-AS1-20180127175723
2018-01-27 17:58:38.797;SP;AS64-AS1-20180127175723
2018-01-27 17:59:17.259;RC;AS64-AS1-20180127175723
2018-01-27 17:59:19.005;SS;AS64-AS1-20180127175723
2018-01-27 17:59:22.411;RU;AS64-AS1-20180127175608
2018-01-27 17:59:25.163;VU;AS64-AS1-20180127175608
2018-01-27 18:00:15.359;RU;AS64-AS1-20180127175723
2018-01-27 18:00:20.370;VU;AS64-AS1-20180127175723
