2018-01-27 17:18:32.791;SQ;AS65-AS1-20180127171832
2018-01-27 17:18:57.714;RO;AS65-AS1-20180127171832
2018-01-27 17:18:58.582;SP;AS65-AS1-20180127171832
2018-01-27 17:19:00.123;SQ;AS65-AS1-20180127171900
2018-01-27 17:19:22.846;RC;AS65-AS1-20180127171832
2018-01-27 17:19:23.581;SS;AS65-AS1-20180127171832
2018-01-27 17:19:47.866;RO;AS65-AS1-20180127171900
2018-01-27 17:19:48.918;SP;AS65-AS1-20180127171900
2018-01-27 17:19:50.463;SQ;AS65-AS1-20180127171950
2018-01-27 17:20:33.117;RC;AS65-AS1-20180127171900
2018-01-27 17:20:34.730;SS;AS65-AS1-20180127171900
2018-01-27 17:20:40.958;RU;AS65-AS1-20180127171832
2018-01-27 17:20:42.740;VU;AS65-AS1-20180127171832
2018-01-27 17:20:49.431;RO;AS65-AS1-20180127171950
2018-01-27 17:20:51.218;SP;AS65-AS1-20180127171950
2018-01-27 17:20:52.758;SQ;AS65-AS1-20180127172052
2018-01-27 17:21:32.273;RC;AS65-AS1-20180127171950
2018-01-27 17:21:33.027;SS;AS65-AS1-20180127171950
2018-01-27 17:21:55.207;RU;AS65-AS1-20180127171900
2018-01-27 17:21:56.974;VU;AS65-AS1-20180127171900
2018-01-27 17:22:11.909;RO;AS65-AS1-20180127172052
2018-01-27 17:22:13.094;SP;AS65-AS1-20180127172052
2018-01-27 17:22:14.556;SQ;AS65-AS1-20180127172214
2018-01-27 17:22:52.784;RU;AS65-AS1-20180127171950
2018-01-27 17:22:54.449;RC;AS65-AS1-20180127172052
2018-01-27 17:22:54.703;VU;AS65-AS1-20180127171950
2018-01-27 17:22:55.408;SS;AS65-AS1-20180127172052
2018-01-27 17:23:33.885;RO;AS65-AS1-20180127172214
2018-01-27 17:23:34.910;SP;AS65-AS1-20180127172214
2018-01-27 17:23:36.442;SQ;AS65-AS1-20180127172336
2018-01-27 17:24:16.487;RU;AS65-AS1-20180127172052
2018-01-27 17:24:16.775;RC;AS65-AS1-20180127172214
2018-01-27 17:24:18.032;SS;AS65-AS1-20180127172214
2018-01-27 17:24:18.644;VU;AS65-AS1-20180127172052
2018-01-27 17:24:58.636;RO;AS65-AS1-20180127172336
2018-01-27 17:24:59.787;SP;AS65-AS1-20180127172336
2018-01-27 17:25:01.307;SQ;AS65-AS1-20180127172501
2018-01-27 17:25:28.285;RU;AS65-AS1-20180127172214
2018-01-27 17:25:30.687;VU;AS65-AS1-20180127172214
2018-01-27 17:25:41.621;RC;AS65-AS1-20180127172336
2018-01-27 17:25:42.365;SS;AS65-AS1-20180127172336
2018-01-27 17:26:19.592;RO;AS65-AS1-20180127172501
2018-01-27 17:26:20.659;SP;AS65-AS1-20180127172501
2018-01-27 17:26:22.177;SQ;AS65-AS1-20180127172622
2018-01-27 17:27:03.309;RC;AS65-AS1-20180127172501
2018-01-27 17:27:04.447;SS;AS65-AS1-20180127172501
2018-01-27 17:27:13.521;RU;AS65-AS1-20180127172336
2018-01-27 17:27:15.271;VU;AS65-AS1-20180127172336
2018-01-27 17:28:18.317;RO;AS65-AS1-20180127172622
2018-01-27 17:28:19.570;SP;AS65-AS1-20180127172622
2018-01-27 17:28:22.494;SQ;AS65-AS1-20180127172822
2018-01-27 17:28:36.681;RU;AS65-AS1-20180127172501
2018-01-27 17:28:38.919;VU;AS65-AS1-20180127172501
2018-01-27 17:29:07.732;RC;AS65-AS1-20180127172622
2018-01-27 17:29:09.361;SS;AS65-AS1-20180127172622
2018-01-27 17:29:48.883;RO;AS65-AS1-20180127172822
2018-01-27 17:29:49.895;SP;AS65-AS1-20180127172822
2018-01-27 17:29:51.419;SQ;AS65-AS1-20180127172951
2018-01-27 17:30:20.512;RU;AS65-AS1-20180127172622
2018-01-27 17:30:35.078;RC;AS65-AS1-20180127172822
2018-01-27 17:30:36.347;SS;AS65-AS1-20180127172822
2018-01-27 17:31:07.501;RO;AS65-AS1-20180127172951
2018-01-27 17:31:08.442;SP;AS65-AS1-20180127172951
2018-01-27 17:31:10.757;SQ;AS65-AS1-20180127173110
2018-01-27 17:31:43.746;RC;AS65-AS1-20180127172951
2018-01-27 17:31:45.105;SS;AS65-AS1-20180127172951
2018-01-27 17:32:04.894;RU;AS65-AS1-20180127172822
2018-01-27 17:32:06.650;VU;AS65-AS1-20180127172822
2018-01-27 17:32:25.503;RO;AS65-AS1-20180127173110
2018-01-27 17:32:27.001;SP;AS65-AS1-20180127173110
2018-01-27 17:32:31.349;SQ;AS65-AS1-20180127173231
2018-01-27 17:33:09.980;RU;AS65-AS1-20180127172951
2018-01-27 17:33:12.363;VU;AS65-AS1-20180127172951
2018-01-27 17:33:13.494;RC;AS65-AS1-20180127173110
2018-01-27 17:33:14.245;SS;AS65-AS1-20180127173110
2018-01-27 17:33:56.683;RO;AS65-AS1-20180127173231
2018-01-27 17:33:58.330;SP;AS65-AS1-20180127173231
2018-01-27 17:34:00.272;SQ;AS65-AS1-20180127173400
2018-01-27 17:34:38.398;RU;AS65-AS1-20180127173110
2018-01-27 17:34:40.136;VU;AS65-AS1-20180127173110
2018-01-27 17:34:43.721;RC;AS65-AS1-20180127173231
2018-01-27 17:34:44.470;SS;AS65-AS1-20180127173231
2018-01-27 17:35:22.130;RO;AS65-AS1-20180127173400
2018-01-27 17:35:23.940;SP;AS65-AS1-20180127173400
2018-01-27 17:35:26.005;SQ;AS65-AS1-20180127173526
2018-01-27 17:36:04.251;RC;AS65-AS1-20180127173400
2018-01-27 17:36:04.986;RU;AS65-AS1-20180127173231
2018-01-27 17:36:05.946;SS;AS65-AS1-20180127173400
2018-01-27 17:36:08.669;VU;AS65-AS1-20180127173231
2018-01-27 17:36:38.513;RO;AS65-AS1-20180127173526
2018-01-27 17:36:39.598;SP;AS65-AS1-20180127173526
2018-01-27 17:36:41.708;SQ;AS65-AS1-20180127173641
2018-01-27 17:37:18.780;RC;AS65-AS1-20180127173526
2018-01-27 17:37:20.278;SS;AS65-AS1-20180127173526
2018-01-27 17:37:22.356;RU;AS65-AS1-20180127173400
2018-01-27 17:37:25.370;VU;AS65-AS1-20180127173400
2018-01-27 17:38:08.729;RO;AS65-AS1-20180127173641
2018-01-27 17:38:09.931;SP;AS65-AS1-20180127173641
2018-01-27 17:38:14.086;SQ;AS65-AS1-20180127173814
2018-01-27 17:38:40.685;RU;AS65-AS1-20180127173526
2018-01-27 17:38:43.711;VU;AS65-AS1-20180127173526
2018-01-27 17:38:50.217;RC;AS65-AS1-20180127173641
2018-01-27 17:38:51.320;SS;AS65-AS1-20180127173641
2018-01-27 17:39:27.694;RO;AS65-AS1-20180127173814
2018-01-27 17:39:29.899;SP;AS65-AS1-20180127173814
2018-01-27 17:39:31.870;SQ;AS65-AS1-20180127173931
2018-01-27 17:40:09.440;RU;AS65-AS1-20180127173641
2018-01-27 17:40:11.341;VU;AS65-AS1-20180127173641
2018-01-27 17:40:12.700;RC;AS65-AS1-20180127173814
2018-01-27 17:40:13.466;SS;AS65-AS1-20180127173814
2018-01-27 17:40:56.433;RO;AS65-AS1-20180127173931
2018-01-27 17:40:57.587;SP;AS65-AS1-20180127173931
2018-01-27 17:40:59.675;SQ;AS65-AS1-20180127174059
2018-01-27 17:41:32.198;RU;AS65-AS1-20180127173814
2018-01-27 17:41:33.965;VU;AS65-AS1-20180127173814
2018-01-27 17:41:34.110;RC;AS65-AS1-20180127173931
2018-01-27 17:41:36.270;SS;AS65-AS1-20180127173931
2018-01-27 17:42:21.073;RO;AS65-AS1-20180127174059
2018-01-27 17:42:22.936;SP;AS65-AS1-20180127174059
2018-01-27 17:42:25.051;SQ;AS65-AS1-20180127174225
2018-01-27 17:43:01.354;RU;AS65-AS1-20180127173931
2018-01-27 17:43:03.861;VU;AS65-AS1-20180127173931
2018-01-27 17:43:09.927;RC;AS65-AS1-20180127174059
2018-01-27 17:43:11.077;SS;AS65-AS1-20180127174059
2018-01-27 17:43:46.929;RO;AS65-AS1-20180127174225
2018-01-27 17:43:48.214;SP;AS65-AS1-20180127174225
2018-01-27 17:43:50.494;SQ;AS65-AS1-20180127174350
2018-01-27 17:44:33.957;RC;AS65-AS1-20180127174225
2018-01-27 17:44:34.272;RU;AS65-AS1-20180127174059
2018-01-27 17:44:36.026;SS;AS65-AS1-20180127174225
2018-01-27 17:44:37.236;VU;AS65-AS1-20180127174059
2018-01-27 17:45:39.727;RO;AS65-AS1-20180127174350
2018-01-27 17:45:41.142;SP;AS65-AS1-20180127174350
2018-01-27 17:45:44.226;SQ;AS65-AS1-20180127174544
2018-01-27 17:46:00.817;RU;AS65-AS1-20180127174225
2018-01-27 17:46:02.630;VU;AS65-AS1-20180127174225
2018-01-27 17:46:25.171;RC;AS65-AS1-20180127174350
2018-01-27 17:46:26.568;SS;AS65-AS1-20180127174350
2018-01-27 17:47:03.350;RO;AS65-AS1-20180127174544
2018-01-27 17:47:04.613;SP;AS65-AS1-20180127174544
2018-01-27 17:47:06.887;SQ;AS65-AS1-20180127174706
2018-01-27 17:47:45.090;RC;AS65-AS1-20180127174544
2018-01-27 17:47:45.851;SS;AS65-AS1-20180127174544
2018-01-27 17:47:47.593;RU;AS65-AS1-20180127174350
2018-01-27 17:47:50.223;VU;AS65-AS1-20180127174350
2018-01-27 17:48:26.853;RO;AS65-AS1-20180127174706
2018-01-27 17:48:27.940;SP;AS65-AS1-20180127174706
2018-01-27 17:48:30.182;SQ;AS65-AS1-20180127174830
2018-01-27 17:49:04.445;RC;AS65-AS1-20180127174706
2018-01-27 17:49:05.431;SS;AS65-AS1-20180127174706
2018-01-27 17:49:11.419;RU;AS65-AS1-20180127174544
2018-01-27 17:49:13.853;VU;AS65-AS1-20180127174544
2018-01-27 17:49:47.179;RO;AS65-AS1-20180127174830
2018-01-27 17:49:48.476;SP;AS65-AS1-20180127174830
2018-01-27 17:49:50.743;SQ;AS65-AS1-20180127174950
2018-01-27 17:50:20.198;RU;AS65-AS1-20180127174706
2018-01-27 17:50:22.282;VU;AS65-AS1-20180127174706
2018-01-27 17:50:27.682;RC;AS65-AS1-20180127174830
2018-01-27 17:50:28.886;SS;AS65-AS1-20180127174830
2018-01-27 17:51:01.283;RO;AS65-AS1-20180127174950
2018-01-27 17:51:02.478;SP;AS65-AS1-20180127174950
2018-01-27 17:51:04.564;SQ;AS65-AS1-20180127175104
2018-01-27 17:51:42.357;RC;AS65-AS1-20180127174950
2018-01-27 17:51:44.193;SS;AS65-AS1-20180127174950
2018-01-27 17:51:52.366;RU;AS65-AS1-20180127174830
2018-01-27 17:51:54.287;VU;AS65-AS1-20180127174830
2018-01-27 17:52:25.152;RO;AS65-AS1-20180127175104
2018-01-27 17:52:25.971;SP;AS65-AS1-20180127175104
2018-01-27 17:52:28.277;SQ;AS65-AS1-20180127175228
2018-01-27 17:53:04.187;RC;AS65-AS1-20180127175104
2018-01-27 17:53:05.698;SS;AS65-AS1-20180127175104
2018-01-27 17:53:11.950;RU;AS65-AS1-20180127174950
2018-01-27 17:53:14.457;VU;AS65-AS1-20180127174950
2018-01-27 17:54:12.774;RU;AS65-AS1-20180127175104
2018-01-27 17:54:15.070;VU;AS65-AS1-20180127175104
2018-01-27 17:54:25.084;RO;AS65-AS1-20180127175228
2018-01-27 17:54:26.262;SP;AS65-AS1-20180127175228
2018-01-27 17:54:28.545;SQ;AS65-AS1-20180127175428
2018-01-27 17:55:05.808;RC;AS65-AS1-20180127175228
2018-01-27 17:55:06.790;SS;AS65-AS1-20180127175228
2018-01-27 17:55:44.353;RO;AS65-AS1-20180127175428
2018-01-27 17:55:45.655;SP;AS65-AS1-20180127175428
2018-01-27 17:55:47.725;SQ;AS65-AS1-20180127175547
2018-01-27 17:56:24.577;RC;AS65-AS1-20180127175428
2018-01-27 17:56:25.949;SS;AS65-AS1-20180127175428
2018-01-27 17:56:31.015;RU;AS65-AS1-20180127175228
2018-01-27 17:56:33.142;VU;AS65-AS1-20180127175228
2018-01-27 17:57:08.612;RO;AS65-AS1-20180127175547
2018-01-27 17:57:10.930;SP;AS65-AS1-20180127175547
2018-01-27 17:57:13.100;SQ;AS65-AS1-20180127175713
2018-01-27 17:57:32.578;RU;AS65-AS1-20180127175428
2018-01-27 17:57:50.272;RC;AS65-AS1-20180127175547
2018-01-27 17:57:52.042;SS;AS65-AS1-20180127175547
2018-01-27 17:58:29.386;RO;AS65-AS1-20180127175713
2018-01-27 17:58:31.423;SP;AS65-AS1-20180127175713
2018-01-27 17:58:34.955;SQ;AS65-AS1-20180127175834
2018-01-27 17:59:03.113;RC;AS65-AS1-20180127175713
2018-01-27 17:59:04.598;SS;AS65-AS1-20180127175713
2018-01-27 17:59:11.575;RU;AS65-AS1-20180127175547
2018-01-27 17:59:14.562;VU;AS65-AS1-20180127175547
2018-01-27 17:59:38.139;RO;AS65-AS1-20180127175834
2018-01-27 17:59:39.786;SP;AS65-AS1-20180127175834
2018-01-27 18:00:12.416;RC;AS65-AS1-20180127175834
2018-01-27 18:00:13.945;RU;AS65-AS1-20180127175713
2018-01-27 18:00:14.330;SS;AS65-AS1-20180127175834
2018-01-27 18:00:17.291;VU;AS65-AS1-20180127175713
2018-01-27 18:00:58.166;RU;AS65-AS1-20180127175834
2018-01-27 18:01:01.768;VU;AS65-AS1-20180127175834
