2018-01-27 17:18:31.777;SQ;AS68-AS1-20180127171831
2018-01-27 17:18:50.682;RO;AS68-AS1-20180127171831
2018-01-27 17:18:51.633;SP;AS68-AS1-20180127171831
2018-01-27 17:18:53.319;SQ;AS68-AS1-20180127171853
2018-01-27 17:19:12.253;RC;AS68-AS1-20180127171831
2018-01-27 17:19:13.420;SS;AS68-AS1-20180127171831
2018-01-27 17:19:47.541;RO;AS68-AS1-20180127171853
2018-01-27 17:19:48.720;SP;AS68-AS1-20180127171853
2018-01-27 17:19:50.435;SQ;AS68-AS1-20180127171950
2018-01-27 17:20:03.573;RU;AS68-AS1-20180127171831
2018-01-27 17:20:05.432;VU;AS68-AS1-20180127171831
2018-01-27 17:20:32.490;RC;AS68-AS1-20180127171853
2018-01-27 17:20:33.869;SS;AS68-AS1-20180127171853
2018-01-27 17:20:54.692;RO;AS68-AS1-20180127171950
2018-01-27 17:20:55.849;SP;AS68-AS1-20180127171950
2018-01-27 17:20:57.588;SQ;AS68-AS1-20180127172057
2018-01-27 17:21:40.315;RC;AS68-AS1-20180127171950
2018-01-27 17:21:41.166;SS;AS68-AS1-20180127171950
2018-01-27 17:21:51.988;RU;AS68-AS1-20180127171853
2018-01-27 17:21:54.667;VU;AS68-AS1-20180127171853
2018-01-27 17:22:25.550;RO;AS68-AS1-20180127172057
2018-01-27 17:22:26.536;SP;AS68-AS1-20180127172057
2018-01-27 17:22:28.250;SQ;AS68-AS1-20180127172228
2018-01-27 17:22:52.415;RU;AS68-AS1-20180127171950
2018-01-27 17:23:04.074;RC;AS68-AS1-20180127172057
2018-01-27 17:23:05.685;SS;AS68-AS1-20180127172057
2018-01-27 17:23:51.353;RO;AS68-AS1-20180127172228
2018-01-27 17:23:53.557;SP;AS68-AS1-20180127172228
2018-01-27 17:23:57.233;SQ;AS68-AS1-20180127172357
2018-01-27 17:24:18.535;RU;AS68-AS1-20180127172057
2018-01-27 17:24:20.671;VU;AS68-AS1-20180127172057
2018-01-27 17:24:28.716;RC;AS68-AS1-20180127172228
2018-01-27 17:24:29.991;SS;AS68-AS1-20180127172228
2018-01-27 17:25:12.586;RO;AS68-AS1-20180127172357
2018-01-27 17:25:15.607;SP;AS68-AS1-20180127172357
2018-01-27 17:25:18.205;SQ;AS68-AS1-20180127172518
2018-01-27 17:25:55.504;RU;AS68-AS1-20180127172228
2018-01-27 17:25:55.939;RC;AS68-AS1-20180127172357
2018-01-27 17:25:58.132;SS;AS68-AS1-20180127172357
2018-01-27 17:25:58.349;VU;AS68-AS1-20180127172228
2018-01-27 17:26:41.755;RO;AS68-AS1-20180127172518
2018-01-27 17:26:42.831;SP;AS68-AS1-20180127172518
2018-01-27 17:26:45.347;SQ;AS68-AS1-20180127172645
2018-01-27 17:27:09.931;RU;AS68-AS1-20180127172357
2018-01-27 17:27:12.106;VU;AS68-AS1-20180127172357
2018-01-27 17:27:19.289;RC;AS68-AS1-20180127172518
2018-01-27 17:27:21.399;SS;AS68-AS1-20180127172518
2018-01-27 17:27:59.663;RO;AS68-AS1-20180127172645
2018-01-27 17:28:01.401;SP;AS68-AS1-20180127172645
2018-01-27 17:28:03.843;SQ;AS68-AS1-20180127172803
2018-01-27 17:28:46.595;RC;AS68-AS1-20180127172645
2018-01-27 17:28:48.010;SS;AS68-AS1-20180127172645
2018-01-27 17:29:21.965;RU;AS68-AS1-20180127172518
2018-01-27 17:29:24.909;VU;AS68-AS1-20180127172518
2018-01-27 17:29:31.544;RO;AS68-AS1-20180127172803
2018-01-27 17:29:33.387;SP;AS68-AS1-20180127172803
2018-01-27 17:29:35.766;SQ;AS68-AS1-20180127172935
2018-01-27 17:30:11.819;RU;AS68-AS1-20180127172645
2018-01-27 17:30:13.966;VU;AS68-AS1-20180127172645
2018-01-27 17:30:20.401;RC;AS68-AS1-20180127172803
2018-01-27 17:30:21.718;SS;AS68-AS1-20180127172803
2018-01-27 17:31:00.424;RO;AS68-AS1-20180127172935
2018-01-27 17:31:02.488;SP;AS68-AS1-20180127172935
2018-01-27 17:31:05.055;SQ;AS68-AS1-20180127173105
2018-01-27 17:31:40.288;RC;AS68-AS1-20180127172935
2018-01-27 17:31:41.122;SS;AS68-AS1-20180127172935
2018-01-27 17:31:50.067;RU;AS68-AS1-20180127172803
2018-01-27 17:31:51.992;VU;AS68-AS1-20180127172803
2018-01-27 17:33:05.525;RU;AS68-AS1-20180127172935
2018-01-27 17:33:07.625;VU;AS68-AS1-20180127172935
2018-01-27 17:33:09.690;RO;AS68-AS1-20180127173105
2018-01-27 17:33:10.577;SP;AS68-AS1-20180127173105
2018-01-27 17:33:13.147;SQ;AS68-AS1-20180127173313
2018-01-27 17:33:55.737;RC;AS68-AS1-20180127173105
2018-01-27 17:33:57.004;SS;AS68-AS1-20180127173105
2018-01-27 17:34:38.802;RO;AS68-AS1-20180127173313
2018-01-27 17:34:40.222;SP;AS68-AS1-20180127173313
2018-01-27 17:34:42.693;SQ;AS68-AS1-20180127173442
2018-01-27 17:35:08.032;RU;AS68-AS1-20180127173105
2018-01-27 17:35:10.421;VU;AS68-AS1-20180127173105
2018-01-27 17:35:27.638;RC;AS68-AS1-20180127173313
2018-01-27 17:35:28.548;SS;AS68-AS1-20180127173313
2018-01-27 17:36:12.110;RO;AS68-AS1-20180127173442
2018-01-27 17:36:13.468;SP;AS68-AS1-20180127173442
2018-01-27 17:36:16.089;SQ;AS68-AS1-20180127173616
2018-01-27 17:36:39.697;RC;AS68-AS1-20180127173442
2018-01-27 17:36:40.700;SS;AS68-AS1-20180127173442
2018-01-27 17:36:48.109;RU;AS68-AS1-20180127173313
2018-01-27 17:36:50.734;VU;AS68-AS1-20180127173313
2018-01-27 17:37:36.229;RO;AS68-AS1-20180127173616
2018-01-27 17:37:38.134;SP;AS68-AS1-20180127173616
2018-01-27 17:37:41.896;SQ;AS68-AS1-20180127173741
2018-01-27 17:38:03.537;RU;AS68-AS1-20180127173442
2018-01-27 17:38:06.030;VU;AS68-AS1-20180127173442
2018-01-27 17:38:18.642;RC;AS68-AS1-20180127173616
2018-01-27 17:38:19.847;SS;AS68-AS1-20180127173616
2018-01-27 17:39:01.796;RO;AS68-AS1-20180127173741
2018-01-27 17:39:02.854;SP;AS68-AS1-20180127173741
2018-01-27 17:39:05.455;SQ;AS68-AS1-20180127173905
2018-01-27 17:39:43.928;RC;AS68-AS1-20180127173741
2018-01-27 17:39:46.154;RU;AS68-AS1-20180127173616
2018-01-27 17:39:46.378;SS;AS68-AS1-20180127173741
2018-01-27 17:39:48.925;VU;AS68-AS1-20180127173616
2018-01-27 17:40:19.643;RO;AS68-AS1-20180127173905
2018-01-27 17:40:21.705;SP;AS68-AS1-20180127173905
2018-01-27 17:40:24.281;SQ;AS68-AS1-20180127174024
2018-01-27 17:41:03.757;RC;AS68-AS1-20180127173905
2018-01-27 17:41:06.003;SS;AS68-AS1-20180127173905
2018-01-27 17:41:11.919;RU;AS68-AS1-20180127173741
2018-01-27 17:41:13.762;VU;AS68-AS1-20180127173741
2018-01-27 17:41:48.806;RO;AS68-AS1-20180127174024
2018-01-27 17:41:50.218;SP;AS68-AS1-20180127174024
2018-01-27 17:41:54.290;SQ;AS68-AS1-20180127174154
2018-01-27 17:42:22.931;RU;AS68-AS1-20180127173905
2018-01-27 17:42:24.942;VU;AS68-AS1-20180127173905
2018-01-27 17:42:38.107;RC;AS68-AS1-20180127174024
2018-01-27 17:42:39.313;SS;AS68-AS1-20180127174024
2018-01-27 17:43:31.325;RO;AS68-AS1-20180127174154
2018-01-27 17:43:32.295;SP;AS68-AS1-20180127174154
2018-01-27 17:43:34.840;SQ;AS68-AS1-20180127174334
2018-01-27 17:44:06.641;RU;AS68-AS1-20180127174024
2018-01-27 17:44:09.256;VU;AS68-AS1-20180127174024
2018-01-27 17:44:18.848;RC;AS68-AS1-20180127174154
2018-01-27 17:44:19.761;SS;AS68-AS1-20180127174154
2018-01-27 17:44:52.913;RO;AS68-AS1-20180127174334
2018-01-27 17:44:54.701;SP;AS68-AS1-20180127174334
2018-01-27 17:44:58.080;SQ;AS68-AS1-20180127174458
2018-01-27 17:45:36.216;RC;AS68-AS1-20180127174334
2018-01-27 17:45:37.583;SS;AS68-AS1-20180127174334
2018-01-27 17:45:44.947;RU;AS68-AS1-20180127174154
2018-01-27 17:45:47.187;VU;AS68-AS1-20180127174154
2018-01-27 17:46:22.199;RO;AS68-AS1-20180127174458
2018-01-27 17:46:23.723;SP;AS68-AS1-20180127174458
2018-01-27 17:46:26.191;SQ;AS68-AS1-20180127174626
2018-01-27 17:47:01.739;RU;AS68-AS1-20180127174334
2018-01-27 17:47:05.418;VU;AS68-AS1-20180127174334
2018-01-27 17:47:10.498;RC;AS68-AS1-20180127174458
2018-01-27 17:47:12.062;SS;AS68-AS1-20180127174458
2018-01-27 17:47:45.106;RO;AS68-AS1-20180127174626
2018-01-27 17:47:46.307;SP;AS68-AS1-20180127174626
2018-01-27 17:47:48.759;SQ;AS68-AS1-20180127174748
2018-01-27 17:48:32.808;RC;AS68-AS1-20180127174626
2018-01-27 17:48:33.755;SS;AS68-AS1-20180127174626
2018-01-27 17:48:44.066;RU;AS68-AS1-20180127174458
2018-01-27 17:48:46.576;VU;AS68-AS1-20180127174458
2018-01-27 17:49:03.521;RO;AS68-AS1-20180127174748
2018-01-27 17:49:05.340;SP;AS68-AS1-20180127174748
2018-01-27 17:49:09.432;SQ;AS68-AS1-20180127174909
2018-01-27 17:49:45.595;RC;AS68-AS1-20180127174748
2018-01-27 17:49:46.463;SS;AS68-AS1-20180127174748
2018-01-27 17:50:02.710;RU;AS68-AS1-20180127174626
2018-01-27 17:50:04.961;VU;AS68-AS1-20180127174626
2018-01-27 17:50:33.603;RO;AS68-AS1-20180127174909
2018-01-27 17:50:35.479;SP;AS68-AS1-20180127174909
2018-01-27 17:50:38.103;SQ;AS68-AS1-20180127175038
2018-01-27 17:51:00.700;RU;AS68-AS1-20180127174748
2018-01-27 17:51:03.229;VU;AS68-AS1-20180127174748
2018-01-27 17:51:21.940;RC;AS68-AS1-20180127174909
2018-01-27 17:51:22.919;SS;AS68-AS1-20180127174909
2018-01-27 17:51:56.405;RO;AS68-AS1-20180127175038
2018-01-27 17:51:57.565;SP;AS68-AS1-20180127175038
2018-01-27 17:52:02.029;SQ;AS68-AS1-20180127175202
2018-01-27 17:52:40.357;RC;AS68-AS1-20180127175038
2018-01-27 17:52:42.032;SS;AS68-AS1-20180127175038
2018-01-27 17:52:49.354;RU;AS68-AS1-20180127174909
2018-01-27 17:52:51.891;VU;AS68-AS1-20180127174909
2018-01-27 17:53:17.265;RO;AS68-AS1-20180127175202
2018-01-27 17:53:19.888;SP;AS68-AS1-20180127175202
2018-01-27 17:53:22.407;SQ;AS68-AS1-20180127175322
2018-01-27 17:53:58.831;RU;AS68-AS1-20180127175038
2018-01-27 17:54:01.313;VU;AS68-AS1-20180127175038
2018-01-27 17:54:02.376;RC;AS68-AS1-20180127175202
2018-01-27 17:54:05.782;SS;AS68-AS1-20180127175202
2018-01-27 17:54:43.640;RO;AS68-AS1-20180127175322
2018-01-27 17:54:45.650;SP;AS68-AS1-20180127175322
2018-01-27 17:54:48.401;SQ;AS68-AS1-20180127175448
2018-01-27 17:55:21.262;RU;AS68-AS1-20180127175202
2018-01-27 17:55:24.348;VU;AS68-AS1-20180127175202
2018-01-27 17:55:24.716;RC;AS68-AS1-20180127175322
2018-01-27 17:55:25.722;SS;AS68-AS1-20180127175322
2018-01-27 17:56:14.714;RO;AS68-AS1-20180127175448
2018-01-27 17:56:16.409;SP;AS68-AS1-20180127175448
2018-01-27 17:56:18.993;SQ;AS68-AS1-20180127175618
2018-01-27 17:56:46.180;RU;AS68-AS1-20180127175322
2018-01-27 17:56:48.081;VU;AS68-AS1-20180127175322
2018-01-27 17:57:17.920;RC;AS68-AS1-20180127175448
2018-01-27 17:57:19.075;SS;AS68-AS1-20180127175448
2018-01-27 17:57:39.423;RO;AS68-AS1-20180127175618
2018-01-27 17:57:42.338;SP;AS68-AS1-20180127175618
2018-01-27 17:57:45.071;SQ;AS68-AS1-20180127175745
2018-01-27 17:58:17.276;RC;AS68-AS1-20180127175618
2018-01-27 17:58:18.562;SS;AS68-AS1-20180127175618
2018-01-27 17:58:40.151;RU;AS68-AS1-20180127175448
2018-01-27 17:58:42.293;VU;AS68-AS1-20180127175448
2018-01-27 17:58:53.292;RO;AS68-AS1-20180127175745
2018-01-27 17:58:55.266;SP;AS68-AS1-20180127175745
2018-01-27 17:58:58.354;SQ;AS68-AS1-20180127175858
2018-01-27 17:59:28.966;RC;AS68-AS1-20180127175745
2018-01-27 17:59:31.913;SS;AS68-AS1-20180127175745
2018-01-27 17:59:37.851;RU;AS68-AS1-20180127175618
2018-01-27 17:59:40.052;VU;AS68-AS1-20180127175618
2018-01-27 18:00:00.780;RO;AS68-AS1-20180127175858
2018-01-27 18:00:03.251;SP;AS68-AS1-20180127175858
2018-01-27 18:00:30.763;RC;AS68-AS1-20180127175858
2018-01-27 18:00:31.065;RU;AS68-AS1-20180127175745
2018-01-27 18:00:34.118;SS;AS68-AS1-20180127175858
2018-01-27 18:00:35.569;VU;AS68-AS1-20180127175745
2018-01-27 18:00:58.825;RU;AS68-AS1-20180127175858
2018-01-27 18:01:01.132;VU;AS68-AS1-20180127175858
