2018-01-27 17:18:39.281;SQ;AS72-AS1-20180127171839
2018-01-27 17:19:51.539;RO;AS72-AS1-20180127171839
2018-01-27 17:19:52.657;SP;AS72-AS1-20180127171839
2018-01-27 17:19:54.240;SQ;AS72-AS1-20180127171954
2018-01-27 17:20:33.116;RC;AS72-AS1-20180127171839
2018-01-27 17:20:34.844;SS;AS72-AS1-20180127171839
2018-01-27 17:21:11.151;RO;AS72-AS1-20180127171954
2018-01-27 17:21:12.138;SP;AS72-AS1-20180127171954
2018-01-27 17:21:13.734;SQ;AS72-AS1-20180127172113
2018-01-27 17:21:45.814;RC;AS72-AS1-20180127171954
2018-01-27 17:21:46.586;SS;AS72-AS1-20180127171954
2018-01-27 17:21:47.221;RU;AS72-AS1-20180127171839
2018-01-27 17:21:49.002;VU;AS72-AS1-20180127171839
2018-01-27 17:22:34.693;RO;AS72-AS1-20180127172113
2018-01-27 17:22:35.590;SP;AS72-AS1-20180127172113
2018-01-27 17:22:37.164;SQ;AS72-AS1-20180127172237
2018-01-27 17:23:10.522;RC;AS72-AS1-20180127172113
2018-01-27 17:23:11.311;SS;AS72-AS1-20180127172113
2018-01-27 17:23:18.635;RU;AS72-AS1-20180127171954
2018-01-27 17:23:20.428;VU;AS72-AS1-20180127171954
2018-01-27 17:24:09.032;RO;AS72-AS1-20180127172237
2018-01-27 17:24:10.046;SP;AS72-AS1-20180127172237
2018-01-27 17:24:12.764;SQ;AS72-AS1-20180127172412
2018-01-27 17:24:31.961;RU;AS72-AS1-20180127172113
2018-01-27 17:24:33.748;VU;AS72-AS1-20180127172113
2018-01-27 17:24:51.659;RC;AS72-AS1-20180127172237
2018-01-27 17:24:52.441;SS;AS72-AS1-20180127172237
2018-01-27 17:25:37.880;RO;AS72-AS1-20180127172412
2018-01-27 17:25:39.155;SP;AS72-AS1-20180127172412
2018-01-27 17:25:40.721;SQ;AS72-AS1-20180127172540
2018-01-27 17:26:17.190;RU;AS72-AS1-20180127172237
2018-01-27 17:26:18.113;RC;AS72-AS1-20180127172412
2018-01-27 17:26:20.191;SS;AS72-AS1-20180127172412
2018-01-27 17:26:20.482;VU;AS72-AS1-20180127172237
2018-01-27 17:26:58.792;RO;AS72-AS1-20180127172540
2018-01-27 17:26:59.607;SP;AS72-AS1-20180127172540
2018-01-27 17:27:01.164;SQ;AS72-AS1-20180127172701
2018-01-27 17:27:44.191;RC;AS72-AS1-20180127172540
2018-01-27 17:27:45.004;SS;AS72-AS1-20180127172540
2018-01-27 17:27:48.593;RU;AS72-AS1-20180127172412
2018-01-27 17:27:50.568;VU;AS72-AS1-20180127172412
2018-01-27 17:28:31.793;RO;AS72-AS1-20180127172701
2018-01-27 17:28:33.096;SP;AS72-AS1-20180127172701
2018-01-27 17:28:34.663;SQ;AS72-AS1-20180127172834
2018-01-27 17:29:18.280;RC;AS72-AS1-20180127172701
2018-01-27 17:29:18.337;RU;AS72-AS1-20180127172540
2018-01-27 17:29:19.797;SS;AS72-AS1-20180127172701
2018-01-27 17:29:20.851;VU;AS72-AS1-20180127172540
2018-01-27 17:29:59.529;RO;AS72-AS1-20180127172834
2018-01-27 17:30:00.547;SP;AS72-AS1-20180127172834
2018-01-27 17:30:02.132;SQ;AS72-AS1-20180127173002
2018-01-27 17:30:39.612;RC;AS72-AS1-20180127172834
2018-01-27 17:30:40.875;SS;AS72-AS1-20180127172834
2018-01-27 17:30:50.472;RU;AS72-AS1-20180127172701
2018-01-27 17:30:52.244;VU;AS72-AS1-20180127172701
2018-01-27 17:31:21.383;RO;AS72-AS1-20180127173002
2018-01-27 17:31:22.535;SP;AS72-AS1-20180127173002
2018-01-27 17:31:24.141;SQ;AS72-AS1-20180127173124
2018-01-27 17:31:59.364;RC;AS72-AS1-20180127173002
2018-01-27 17:32:00.197;SS;AS72-AS1-20180127173002
2018-01-27 17:32:09.190;RU;AS72-AS1-20180127172834
2018-01-27 17:32:11.005;VU;AS72-AS1-20180127172834
2018-01-27 17:32:52.093;RO;AS72-AS1-20180127173124
2018-01-27 17:32:53.046;SP;AS72-AS1-20180127173124
2018-01-27 17:32:54.593;SQ;AS72-AS1-20180127173254
2018-01-27 17:33:16.543;RU;AS72-AS1-20180127173002
2018-01-27 17:33:19.262;VU;AS72-AS1-20180127173002
2018-01-27 17:33:33.676;RC;AS72-AS1-20180127173124
2018-01-27 17:33:34.551;SS;AS72-AS1-20180127173124
2018-01-27 17:34:15.811;RO;AS72-AS1-20180127173254
2018-01-27 17:34:16.972;SP;AS72-AS1-20180127173254
2018-01-27 17:34:19.517;SQ;AS72-AS1-20180127173419
2018-01-27 17:34:58.527;RC;AS72-AS1-20180127173254
2018-01-27 17:34:59.306;SS;AS72-AS1-20180127173254
2018-01-27 17:35:02.824;RU;AS72-AS1-20180127173124
2018-01-27 17:35:04.643;VU;AS72-AS1-20180127173124
2018-01-27 17:35:48.459;RO;AS72-AS1-20180127173419
2018-01-27 17:35:49.398;SP;AS72-AS1-20180127173419
2018-01-27 17:35:52.007;SQ;AS72-AS1-20180127173552
2018-01-27 17:36:30.354;RU;AS72-AS1-20180127173254
2018-01-27 17:36:32.143;VU;AS72-AS1-20180127173254
2018-01-27 17:37:08.468;RC;AS72-AS1-20180127173419
2018-01-27 17:37:09.252;SS;AS72-AS1-20180127173419
2018-01-27 17:37:19.562;RO;AS72-AS1-20180127173552
2018-01-27 17:37:20.403;SP;AS72-AS1-20180127173552
2018-01-27 17:37:21.989;SQ;AS72-AS1-20180127173721
2018-01-27 17:38:02.474;RC;AS72-AS1-20180127173552
2018-01-27 17:38:03.272;SS;AS72-AS1-20180127173552
2018-01-27 17:38:28.027;RU;AS72-AS1-20180127173419
2018-01-27 17:38:29.800;VU;AS72-AS1-20180127173419
2018-01-27 17:38:40.486;RO;AS72-AS1-20180127173721
2018-01-27 17:38:41.881;SP;AS72-AS1-20180127173721
2018-01-27 17:38:44.498;SQ;AS72-AS1-20180127173844
2018-01-27 17:39:28.973;RC;AS72-AS1-20180127173721
2018-01-27 17:39:29.750;SS;AS72-AS1-20180127173721
2018-01-27 17:39:35.337;RU;AS72-AS1-20180127173552
2018-01-27 17:39:37.135;VU;AS72-AS1-20180127173552
2018-01-27 17:39:57.347;RO;AS72-AS1-20180127173844
2018-01-27 17:39:58.343;SP;AS72-AS1-20180127173844
2018-01-27 17:40:01.497;SQ;AS72-AS1-20180127174001
2018-01-27 17:40:35.903;RC;AS72-AS1-20180127173844
2018-01-27 17:40:36.673;SS;AS72-AS1-20180127173844
2018-01-27 17:40:56.761;RU;AS72-AS1-20180127173721
2018-01-27 17:40:58.543;VU;AS72-AS1-20180127173721
2018-01-27 17:41:13.547;RO;AS72-AS1-20180127174001
2018-01-27 17:41:14.396;SP;AS72-AS1-20180127174001
2018-01-27 17:41:15.979;SQ;AS72-AS1-20180127174115
2018-01-27 17:41:52.981;RC;AS72-AS1-20180127174001
2018-01-27 17:41:53.751;SS;AS72-AS1-20180127174001
2018-01-27 17:42:00.400;RU;AS72-AS1-20180127173844
2018-01-27 17:42:02.215;VU;AS72-AS1-20180127173844
2018-01-27 17:42:40.840;RO;AS72-AS1-20180127174115
2018-01-27 17:42:41.865;SP;AS72-AS1-20180127174115
2018-01-27 17:42:43.498;SQ;AS72-AS1-20180127174243
2018-01-27 17:43:21.060;RU;AS72-AS1-20180127174001
2018-01-27 17:43:23.281;VU;AS72-AS1-20180127174001
2018-01-27 17:43:31.148;RC;AS72-AS1-20180127174115
2018-01-27 17:43:31.969;SS;AS72-AS1-20180127174115
2018-01-27 17:44:06.610;RO;AS72-AS1-20180127174243
2018-01-27 17:44:07.881;SP;AS72-AS1-20180127174243
2018-01-27 17:44:09.939;SQ;AS72-AS1-20180127174409
2018-01-27 17:44:41.335;RC;AS72-AS1-20180127174243
2018-01-27 17:44:42.565;SS;AS72-AS1-20180127174243
2018-01-27 17:44:58.792;RU;AS72-AS1-20180127174115
2018-01-27 17:45:00.580;VU;AS72-AS1-20180127174115
2018-01-27 17:45:29.462;RO;AS72-AS1-20180127174409
2018-01-27 17:45:30.307;SP;AS72-AS1-20180127174409
2018-01-27 17:45:31.863;SQ;AS72-AS1-20180127174531
2018-01-27 17:46:02.377;RC;AS72-AS1-20180127174409
2018-01-27 17:46:03.186;SS;AS72-AS1-20180127174409
2018-01-27 17:46:06.876;RU;AS72-AS1-20180127174243
2018-01-27 17:46:08.691;VU;AS72-AS1-20180127174243
2018-01-27 17:46:48.196;RO;AS72-AS1-20180127174531
2018-01-27 17:46:49.206;SP;AS72-AS1-20180127174531
2018-01-27 17:46:50.743;SQ;AS72-AS1-20180127174650
2018-01-27 17:47:20.355;RU;AS72-AS1-20180127174409
2018-01-27 17:47:22.157;VU;AS72-AS1-20180127174409
2018-01-27 17:47:28.683;RC;AS72-AS1-20180127174531
2018-01-27 17:47:29.475;SS;AS72-AS1-20180127174531
2018-01-27 17:48:05.613;RO;AS72-AS1-20180127174650
2018-01-27 17:48:06.620;SP;AS72-AS1-20180127174650
2018-01-27 17:48:08.200;SQ;AS72-AS1-20180127174808
2018-01-27 17:48:47.246;RC;AS72-AS1-20180127174650
2018-01-27 17:48:48.053;SS;AS72-AS1-20180127174650
2018-01-27 17:48:54.539;RU;AS72-AS1-20180127174531
2018-01-27 17:48:56.351;VU;AS72-AS1-20180127174531
2018-01-27 17:49:17.521;RO;AS72-AS1-20180127174808
2018-01-27 17:49:18.589;SP;AS72-AS1-20180127174808
2018-01-27 17:49:20.143;SQ;AS72-AS1-20180127174920
2018-01-27 17:49:57.081;RC;AS72-AS1-20180127174808
2018-01-27 17:49:57.897;SS;AS72-AS1-20180127174808
2018-01-27 17:50:19.490;RU;AS72-AS1-20180127174650
2018-01-27 17:50:21.266;VU;AS72-AS1-20180127174650
2018-01-27 17:50:38.216;RO;AS72-AS1-20180127174920
2018-01-27 17:50:39.021;SP;AS72-AS1-20180127174920
2018-01-27 17:50:41.363;SQ;AS72-AS1-20180127175041
2018-01-27 17:51:21.938;RU;AS72-AS1-20180127174808
2018-01-27 17:51:23.752;VU;AS72-AS1-20180127174808
2018-01-27 17:51:24.326;RC;AS72-AS1-20180127174920
2018-01-27 17:51:25.096;SS;AS72-AS1-20180127174920
2018-01-27 17:52:01.346;RO;AS72-AS1-20180127175041
2018-01-27 17:52:02.275;SP;AS72-AS1-20180127175041
2018-01-27 17:52:03.853;SQ;AS72-AS1-20180127175203
2018-01-27 17:52:30.654;RC;AS72-AS1-20180127175041
2018-01-27 17:52:31.465;SS;AS72-AS1-20180127175041
2018-01-27 17:52:41.848;RU;AS72-AS1-20180127174920
2018-01-27 17:52:43.656;VU;AS72-AS1-20180127174920
2018-01-27 17:53:20.016;RO;AS72-AS1-20180127175203
2018-01-27 17:53:21.233;SP;AS72-AS1-20180127175203
2018-01-27 17:53:22.825;SQ;AS72-AS1-20180127175322
2018-01-27 17:53:54.857;RU;AS72-AS1-20180127175041
2018-01-27 17:53:56.627;VU;AS72-AS1-20180127175041
2018-01-27 17:54:00.243;RC;AS72-AS1-20180127175203
2018-01-27 17:54:01.055;SS;AS72-AS1-20180127175203
2018-01-27 17:54:43.639;RO;AS72-AS1-20180127175322
2018-01-27 17:54:44.716;SP;AS72-AS1-20180127175322
2018-01-27 17:54:46.303;SQ;AS72-AS1-20180127175446
2018-01-27 17:55:20.544;RU;AS72-AS1-20180127175203
2018-01-27 17:55:23.178;VU;AS72-AS1-20180127175203
2018-01-27 17:55:32.911;RC;AS72-AS1-20180127175322
2018-01-27 17:55:33.698;SS;AS72-AS1-20180127175322
2018-01-27 17:56:14.713;RO;AS72-AS1-20180127175446
2018-01-27 17:56:15.676;SP;AS72-AS1-20180127175446
2018-01-27 17:56:17.253;SQ;AS72-AS1-20180127175617
2018-01-27 17:56:40.251;RC;AS72-AS1-20180127175446
2018-01-27 17:56:41.019;SS;AS72-AS1-20180127175446
2018-01-27 17:56:54.538;RU;AS72-AS1-20180127175322
2018-01-27 17:56:56.547;VU;AS72-AS1-20180127175322
2018-01-27 17:57:32.381;RO;AS72-AS1-20180127175617
2018-01-27 17:57:33.611;SP;AS72-AS1-20180127175617
2018-01-27 17:57:35.132;SQ;AS72-AS1-20180127175735
2018-01-27 17:57:57.670;RU;AS72-AS1-20180127175446
2018-01-27 17:57:59.479;VU;AS72-AS1-20180127175446
2018-01-27 17:58:07.078;RC;AS72-AS1-20180127175617
2018-01-27 17:58:07.844;SS;AS72-AS1-20180127175617
2018-01-27 17:58:53.290;RO;AS72-AS1-20180127175735
2018-01-27 17:58:54.489;SP;AS72-AS1-20180127175735
2018-01-27 17:58:56.027;SQ;AS72-AS1-20180127175856
2018-01-27 17:59:22.410;RU;AS72-AS1-20180127175617
2018-01-27 17:59:24.205;VU;AS72-AS1-20180127175617
2018-01-27 17:59:26.768;RC;AS72-AS1-20180127175735
2018-01-27 17:59:27.562;SS;AS72-AS1-20180127175735
2018-01-27 17:59:48.044;RO;AS72-AS1-20180127175856
2018-01-27 17:59:48.864;SP;AS72-AS1-20180127175856
2018-01-27 18:00:30.878;RU;AS72-AS1-20180127175735
2018-01-27 18:00:33.579;VU;AS72-AS1-20180127175735
2018-01-27 18:00:39.500;RC;AS72-AS1-20180127175856
2018-01-27 18:00:40.272;SS;AS72-AS1-20180127175856
2018-01-27 18:01:08.948;RU;AS72-AS1-20180127175856
2018-01-27 18:01:10.737;VU;AS72-AS1-20180127175856
