2018-01-27 17:18:44.808;SQ;AS74-AS1-20180127171844
2018-01-27 17:19:29.670;RO;AS74-AS1-20180127171844
2018-01-27 17:19:30.711;SP;AS74-AS1-20180127171844
2018-01-27 17:19:32.345;SQ;AS74-AS1-20180127171932
2018-01-27 17:20:07.846;RC;AS74-AS1-20180127171844
2018-01-27 17:20:08.693;SS;AS74-AS1-20180127171844
2018-01-27 17:20:41.509;RO;AS74-AS1-20180127171932
2018-01-27 17:20:42.747;SP;AS74-AS1-20180127171932
2018-01-27 17:20:44.376;SQ;AS74-AS1-20180127172044
2018-01-27 17:21:17.475;RU;AS74-AS1-20180127171844
2018-01-27 17:21:19.308;VU;AS74-AS1-20180127171844
2018-01-27 17:21:29.130;RC;AS74-AS1-20180127171932
2018-01-27 17:21:29.973;SS;AS74-AS1-20180127171932
2018-01-27 17:22:01.934;RO;AS74-AS1-20180127172044
2018-01-27 17:22:02.766;SP;AS74-AS1-20180127172044
2018-01-27 17:22:04.390;SQ;AS74-AS1-20180127172204
2018-01-27 17:22:40.427;RC;AS74-AS1-20180127172044
2018-01-27 17:22:41.255;SS;AS74-AS1-20180127172044
2018-01-27 17:22:49.708;RU;AS74-AS1-20180127171932
2018-01-27 17:22:51.524;VU;AS74-AS1-20180127171932
2018-01-27 17:23:28.960;RO;AS74-AS1-20180127172204
2018-01-27 17:23:29.819;SP;AS74-AS1-20180127172204
2018-01-27 17:23:31.490;SQ;AS74-AS1-20180127172331
2018-01-27 17:24:16.008;RU;AS74-AS1-20180127172044
2018-01-27 17:24:17.855;VU;AS74-AS1-20180127172044
2018-01-27 17:24:33.471;RO;AS74-AS1-20180127172331
2018-01-27 17:24:34.403;SP;AS74-AS1-20180127172331
2018-01-27 17:24:36.053;SQ;AS74-AS1-20180127172436
2018-01-27 17:24:56.643;RC;AS74-AS1-20180127172204
2018-01-27 17:24:58.356;SS;AS74-AS1-20180127172204
2018-01-27 17:25:15.181;RC;AS74-AS1-20180127172331
2018-01-27 17:25:15.998;SS;AS74-AS1-20180127172331
2018-01-27 17:26:20.756;RU;AS74-AS1-20180127172204
2018-01-27 17:26:22.587;VU;AS74-AS1-20180127172204
2018-01-27 17:26:42.424;RO;AS74-AS1-20180127172436
2018-01-27 17:26:42.828;RU;AS74-AS1-20180127172331
2018-01-27 17:26:44.247;SP;AS74-AS1-20180127172436
2018-01-27 17:26:45.564;VU;AS74-AS1-20180127172331
2018-01-27 17:26:46.066;SQ;AS74-AS1-20180127172646
2018-01-27 17:27:31.055;RC;AS74-AS1-20180127172436
2018-01-27 17:27:31.884;SS;AS74-AS1-20180127172436
2018-01-27 17:28:02.050;RO;AS74-AS1-20180127172646
2018-01-27 17:28:02.985;SP;AS74-AS1-20180127172646
2018-01-27 17:28:05.068;SQ;AS74-AS1-20180127172805
2018-01-27 17:28:39.486;RC;AS74-AS1-20180127172646
2018-01-27 17:28:40.320;SS;AS74-AS1-20180127172646
2018-01-27 17:28:49.298;RU;AS74-AS1-20180127172436
2018-01-27 17:28:51.134;VU;AS74-AS1-20180127172436
2018-01-27 17:29:23.169;RO;AS74-AS1-20180127172805
2018-01-27 17:29:24.754;SP;AS74-AS1-20180127172805
2018-01-27 17:29:26.419;SQ;AS74-AS1-20180127172926
2018-01-27 17:29:59.690;RU;AS74-AS1-20180127172646
2018-01-27 17:30:01.506;VU;AS74-AS1-20180127172646
2018-01-27 17:30:11.185;RC;AS74-AS1-20180127172805
2018-01-27 17:30:11.996;SS;AS74-AS1-20180127172805
2018-01-27 17:31:21.684;RO;AS74-AS1-20180127172926
2018-01-27 17:31:22.858;SP;AS74-AS1-20180127172926
2018-01-27 17:31:24.501;SQ;AS74-AS1-20180127173124
2018-01-27 17:31:37.513;RU;AS74-AS1-20180127172805
2018-01-27 17:31:39.355;VU;AS74-AS1-20180127172805
2018-01-27 17:32:04.896;RC;AS74-AS1-20180127172926
2018-01-27 17:32:05.717;SS;AS74-AS1-20180127172926
2018-01-27 17:32:42.417;RO;AS74-AS1-20180127173124
2018-01-27 17:32:43.398;SP;AS74-AS1-20180127173124
2018-01-27 17:32:46.751;SQ;AS74-AS1-20180127173246
2018-01-27 17:33:24.753;RU;AS74-AS1-20180127172926
2018-01-27 17:33:26.586;VU;AS74-AS1-20180127172926
2018-01-27 17:33:28.919;RC;AS74-AS1-20180127173124
2018-01-27 17:33:29.724;SS;AS74-AS1-20180127173124
2018-01-27 17:34:04.803;RO;AS74-AS1-20180127173246
2018-01-27 17:34:05.652;SP;AS74-AS1-20180127173246
2018-01-27 17:34:07.274;SQ;AS74-AS1-20180127173407
2018-01-27 17:34:36.055;RU;AS74-AS1-20180127173124
2018-01-27 17:34:37.879;VU;AS74-AS1-20180127173124
2018-01-27 17:34:43.708;RC;AS74-AS1-20180127173246
2018-01-27 17:34:44.555;SS;AS74-AS1-20180127173246
2018-01-27 17:35:14.770;RO;AS74-AS1-20180127173407
2018-01-27 17:35:15.658;SP;AS74-AS1-20180127173407
2018-01-27 17:35:17.350;SQ;AS74-AS1-20180127173517
2018-01-27 17:35:56.779;RU;AS74-AS1-20180127173246
2018-01-27 17:35:58.608;VU;AS74-AS1-20180127173246
2018-01-27 17:36:03.223;RC;AS74-AS1-20180127173407
2018-01-27 17:36:04.029;SS;AS74-AS1-20180127173407
2018-01-27 17:36:36.090;RO;AS74-AS1-20180127173517
2018-01-27 17:36:38.271;SP;AS74-AS1-20180127173517
2018-01-27 17:36:39.910;SQ;AS74-AS1-20180127173639
2018-01-27 17:37:23.435;RC;AS74-AS1-20180127173517
2018-01-27 17:37:24.242;SS;AS74-AS1-20180127173517
2018-01-27 17:37:36.380;RU;AS74-AS1-20180127173407
2018-01-27 17:37:38.219;VU;AS74-AS1-20180127173407
2018-01-27 17:37:48.133;RO;AS74-AS1-20180127173639
2018-01-27 17:37:49.322;SP;AS74-AS1-20180127173639
2018-01-27 17:37:50.962;SQ;AS74-AS1-20180127173750
2018-01-27 17:38:36.240;RC;AS74-AS1-20180127173639
2018-01-27 17:38:37.076;SS;AS74-AS1-20180127173639
2018-01-27 17:38:49.734;RU;AS74-AS1-20180127173517
2018-01-27 17:38:51.544;VU;AS74-AS1-20180127173517
2018-01-27 17:39:01.618;RO;AS74-AS1-20180127173750
2018-01-27 17:39:02.868;SP;AS74-AS1-20180127173750
2018-01-27 17:39:04.470;SQ;AS74-AS1-20180127173904
2018-01-27 17:39:36.623;RC;AS74-AS1-20180127173750
2018-01-27 17:39:37.435;SS;AS74-AS1-20180127173750
2018-01-27 17:40:00.334;RU;AS74-AS1-20180127173639
2018-01-27 17:40:02.165;VU;AS74-AS1-20180127173639
2018-01-27 17:40:21.943;RO;AS74-AS1-20180127173904
2018-01-27 17:40:22.867;SP;AS74-AS1-20180127173904
2018-01-27 17:40:24.538;SQ;AS74-AS1-20180127174024
2018-01-27 17:40:57.287;RU;AS74-AS1-20180127173750
2018-01-27 17:40:59.104;VU;AS74-AS1-20180127173750
2018-01-27 17:41:04.493;RC;AS74-AS1-20180127173904
2018-01-27 17:41:05.314;SS;AS74-AS1-20180127173904
2018-01-27 17:41:38.026;RO;AS74-AS1-20180127174024
2018-01-27 17:41:38.926;SP;AS74-AS1-20180127174024
2018-01-27 17:41:40.559;SQ;AS74-AS1-20180127174140
2018-01-27 17:42:12.459;RU;AS74-AS1-20180127173904
2018-01-27 17:42:14.281;VU;AS74-AS1-20180127173904
2018-01-27 17:42:17.347;RC;AS74-AS1-20180127174024
2018-01-27 17:42:18.185;SS;AS74-AS1-20180127174024
2018-01-27 17:43:00.610;RO;AS74-AS1-20180127174140
2018-01-27 17:43:01.476;SP;AS74-AS1-20180127174140
2018-01-27 17:43:03.138;SQ;AS74-AS1-20180127174303
2018-01-27 17:43:37.847;RU;AS74-AS1-20180127174024
2018-01-27 17:43:39.231;RC;AS74-AS1-20180127174140
2018-01-27 17:43:40.263;SS;AS74-AS1-20180127174140
2018-01-27 17:43:40.604;VU;AS74-AS1-20180127174024
2018-01-27 17:44:18.816;RO;AS74-AS1-20180127174303
2018-01-27 17:44:20.035;SP;AS74-AS1-20180127174303
2018-01-27 17:44:21.706;SQ;AS74-AS1-20180127174421
2018-01-27 17:45:00.294;RU;AS74-AS1-20180127174140
2018-01-27 17:45:02.101;VU;AS74-AS1-20180127174140
2018-01-27 17:45:05.047;RC;AS74-AS1-20180127174303
2018-01-27 17:45:05.861;SS;AS74-AS1-20180127174303
2018-01-27 17:45:30.722;RO;AS74-AS1-20180127174421
2018-01-27 17:45:31.610;SP;AS74-AS1-20180127174421
2018-01-27 17:45:33.247;SQ;AS74-AS1-20180127174533
2018-01-27 17:46:17.233;RC;AS74-AS1-20180127174421
2018-01-27 17:46:18.041;SS;AS74-AS1-20180127174421
2018-01-27 17:46:31.290;RU;AS74-AS1-20180127174303
2018-01-27 17:46:33.230;VU;AS74-AS1-20180127174303
2018-01-27 17:46:56.957;RO;AS74-AS1-20180127174533
2018-01-27 17:46:58.162;SP;AS74-AS1-20180127174533
2018-01-27 17:46:59.801;SQ;AS74-AS1-20180127174659
2018-01-27 17:47:38.485;RU;AS74-AS1-20180127174421
2018-01-27 17:47:45.089;RC;AS74-AS1-20180127174533
2018-01-27 17:47:46.052;SS;AS74-AS1-20180127174533
2018-01-27 17:48:06.731;RO;AS74-AS1-20180127174659
2018-01-27 17:48:07.973;SP;AS74-AS1-20180127174659
2018-01-27 17:48:10.314;SQ;AS74-AS1-20180127174810
2018-01-27 17:48:49.013;RC;AS74-AS1-20180127174659
2018-01-27 17:48:50.288;SS;AS74-AS1-20180127174659
2018-01-27 17:49:07.642;RU;AS74-AS1-20180127174533
2018-01-27 17:49:10.696;VU;AS74-AS1-20180127174533
2018-01-27 17:49:24.996;RO;AS74-AS1-20180127174810
2018-01-27 17:49:26.852;SP;AS74-AS1-20180127174810
2018-01-27 17:49:29.370;SQ;AS74-AS1-20180127174929
2018-01-27 17:50:02.677;RU;AS74-AS1-20180127174659
2018-01-27 17:50:10.141;RC;AS74-AS1-20180127174810
2018-01-27 17:50:13.941;SS;AS74-AS1-20180127174810
2018-01-27 17:50:50.444;RO;AS74-AS1-20180127174929
2018-01-27 17:50:51.977;SP;AS74-AS1-20180127174929
2018-01-27 17:50:55.330;SQ;AS74-AS1-20180127175055
2018-01-27 17:51:31.190;RC;AS74-AS1-20180127174929
2018-01-27 17:51:33.154;SS;AS74-AS1-20180127174929
2018-01-27 17:51:37.707;RU;AS74-AS1-20180127174810
2018-01-27 17:51:39.712;VU;AS74-AS1-20180127174810
2018-01-27 17:52:11.490;RO;AS74-AS1-20180127175055
2018-01-27 17:52:14.081;SP;AS74-AS1-20180127175055
2018-01-27 17:52:19.629;SQ;AS74-AS1-20180127175219
2018-01-27 17:52:47.959;RC;AS74-AS1-20180127175055
2018-01-27 17:52:49.522;SS;AS74-AS1-20180127175055
2018-01-27 17:53:00.539;RU;AS74-AS1-20180127174929
2018-01-27 17:53:05.442;VU;AS74-AS1-20180127174929
2018-01-27 17:53:35.337;RO;AS74-AS1-20180127175219
2018-01-27 17:53:37.671;SP;AS74-AS1-20180127175219
2018-01-27 17:53:41.185;SQ;AS74-AS1-20180127175341
2018-01-27 17:54:04.916;RU;AS74-AS1-20180127175055
2018-01-27 17:54:08.094;VU;AS74-AS1-20180127175055
2018-01-27 17:54:24.623;RC;AS74-AS1-20180127175219
2018-01-27 17:54:26.714;SS;AS74-AS1-20180127175219
2018-01-27 17:55:05.963;RO;AS74-AS1-20180127175341
2018-01-27 17:55:08.217;SP;AS74-AS1-20180127175341
2018-01-27 17:55:12.173;SQ;AS74-AS1-20180127175512
2018-01-27 17:55:44.351;RC;AS74-AS1-20180127175341
2018-01-27 17:55:46.325;SS;AS74-AS1-20180127175341
2018-01-27 17:55:56.645;RU;AS74-AS1-20180127175219
2018-01-27 17:55:59.649;VU;AS74-AS1-20180127175219
2018-01-27 17:56:16.129;RO;AS74-AS1-20180127175512
2018-01-27 17:56:17.816;SP;AS74-AS1-20180127175512
2018-01-27 17:56:22.145;SQ;AS74-AS1-20180127175622
2018-01-27 17:56:54.836;RC;AS74-AS1-20180127175512
2018-01-27 17:56:58.005;SS;AS74-AS1-20180127175512
2018-01-27 17:57:05.296;RU;AS74-AS1-20180127175341
2018-01-27 17:57:07.701;VU;AS74-AS1-20180127175341
2018-01-27 17:57:38.730;RO;AS74-AS1-20180127175622
2018-01-27 17:57:41.858;SP;AS74-AS1-20180127175622
2018-01-27 17:57:46.171;SQ;AS74-AS1-20180127175746
2018-01-27 17:58:05.328;RU;AS74-AS1-20180127175512
2018-01-27 17:58:16.937;RC;AS74-AS1-20180127175622
2018-01-27 17:58:19.345;SS;AS74-AS1-20180127175622
2018-01-27 17:59:00.786;RO;AS74-AS1-20180127175746
2018-01-27 17:59:03.525;SP;AS74-AS1-20180127175746
2018-01-27 17:59:31.936;RU;AS74-AS1-20180127175622
2018-01-27 17:59:35.554;VU;AS74-AS1-20180127175622
2018-01-27 17:59:38.160;RC;AS74-AS1-20180127175746
2018-01-27 17:59:40.829;SS;AS74-AS1-20180127175746
2018-01-27 18:00:40.107;RU;AS74-AS1-20180127175746
2018-01-27 18:00:44.972;VU;AS74-AS1-20180127175746
