2018-01-27 17:18:32.334;SQ;AS76-AS1-20180127171832
2018-01-27 17:18:56.613;RO;AS76-AS1-20180127171832
2018-01-27 17:18:57.697;SP;AS76-AS1-20180127171832
2018-01-27 17:18:59.352;SQ;AS76-AS1-20180127171859
2018-01-27 17:19:22.706;RC;AS76-AS1-20180127171832
2018-01-27 17:19:23.510;SS;AS76-AS1-20180127171832
2018-01-27 17:19:50.596;RO;AS76-AS1-20180127171859
2018-01-27 17:19:51.737;SP;AS76-AS1-20180127171859
2018-01-27 17:19:53.402;SQ;AS76-AS1-20180127171953
2018-01-27 17:20:33.385;RC;AS76-AS1-20180127171859
2018-01-27 17:20:35.183;SS;AS76-AS1-20180127171859
2018-01-27 17:20:40.814;RU;AS76-AS1-20180127171832
2018-01-27 17:20:42.639;VU;AS76-AS1-20180127171832
2018-01-27 17:21:04.593;RO;AS76-AS1-20180127171953
2018-01-27 17:21:06.077;SP;AS76-AS1-20180127171953
2018-01-27 17:21:07.745;SQ;AS76-AS1-20180127172107
2018-01-27 17:21:47.662;RC;AS76-AS1-20180127171953
2018-01-27 17:21:48.482;SS;AS76-AS1-20180127171953
2018-01-27 17:21:56.247;RU;AS76-AS1-20180127171859
2018-01-27 17:21:58.056;VU;AS76-AS1-20180127171859
2018-01-27 17:22:32.605;RO;AS76-AS1-20180127172107
2018-01-27 17:22:33.660;SP;AS76-AS1-20180127172107
2018-01-27 17:22:35.328;SQ;AS76-AS1-20180127172235
2018-01-27 17:23:13.308;RU;AS76-AS1-20180127171953
2018-01-27 17:23:15.161;VU;AS76-AS1-20180127171953
2018-01-27 17:23:15.718;RC;AS76-AS1-20180127172107
2018-01-27 17:23:16.566;SS;AS76-AS1-20180127172107
2018-01-27 17:24:31.860;RO;AS76-AS1-20180127172235
2018-01-27 17:24:32.807;SP;AS76-AS1-20180127172235
2018-01-27 17:24:34.504;SQ;AS76-AS1-20180127172434
2018-01-27 17:24:37.212;RU;AS76-AS1-20180127172107
2018-01-27 17:24:39.043;VU;AS76-AS1-20180127172107
2018-01-27 17:25:18.106;RC;AS76-AS1-20180127172235
2018-01-27 17:25:18.954;SS;AS76-AS1-20180127172235
2018-01-27 17:25:55.385;RO;AS76-AS1-20180127172434
2018-01-27 17:25:56.408;SP;AS76-AS1-20180127172434
2018-01-27 17:25:58.062;SQ;AS76-AS1-20180127172558
2018-01-27 17:26:33.488;RC;AS76-AS1-20180127172434
2018-01-27 17:26:34.316;SS;AS76-AS1-20180127172434
2018-01-27 17:26:48.424;RU;AS76-AS1-20180127172235
2018-01-27 17:26:50.463;VU;AS76-AS1-20180127172235
2018-01-27 17:27:09.297;RO;AS76-AS1-20180127172558
2018-01-27 17:27:10.483;SP;AS76-AS1-20180127172558
2018-01-27 17:27:12.151;SQ;AS76-AS1-20180127172712
2018-01-27 17:27:44.100;RC;AS76-AS1-20180127172558
2018-01-27 17:27:44.945;SS;AS76-AS1-20180127172558
2018-01-27 17:27:50.555;RU;AS76-AS1-20180127172434
2018-01-27 17:27:52.596;VU;AS76-AS1-20180127172434
2018-01-27 17:28:35.055;RO;AS76-AS1-20180127172712
2018-01-27 17:28:36.858;SP;AS76-AS1-20180127172712
2018-01-27 17:28:39.710;SQ;AS76-AS1-20180127172839
2018-01-27 17:29:05.260;RU;AS76-AS1-20180127172558
2018-01-27 17:29:07.103;VU;AS76-AS1-20180127172558
2018-01-27 17:29:18.273;RC;AS76-AS1-20180127172712
2018-01-27 17:29:19.121;SS;AS76-AS1-20180127172712
2018-01-27 17:29:53.528;RO;AS76-AS1-20180127172839
2018-01-27 17:29:54.801;SP;AS76-AS1-20180127172839
2018-01-27 17:29:56.450;SQ;AS76-AS1-20180127172956
2018-01-27 17:30:37.260;RU;AS76-AS1-20180127172712
2018-01-27 17:30:38.898;RC;AS76-AS1-20180127172839
2018-01-27 17:30:39.079;VU;AS76-AS1-20180127172712
2018-01-27 17:30:40.632;SS;AS76-AS1-20180127172839
2018-01-27 17:31:21.687;RO;AS76-AS1-20180127172956
2018-01-27 17:31:22.906;SP;AS76-AS1-20180127172956
2018-01-27 17:31:24.535;SQ;AS76-AS1-20180127173124
2018-01-27 17:31:58.973;RC;AS76-AS1-20180127172956
2018-01-27 17:31:59.798;SS;AS76-AS1-20180127172956
2018-01-27 17:32:04.636;RU;AS76-AS1-20180127172839
2018-01-27 17:32:06.473;VU;AS76-AS1-20180127172839
2018-01-27 17:32:46.978;RO;AS76-AS1-20180127173124
2018-01-27 17:32:47.992;SP;AS76-AS1-20180127173124
2018-01-27 17:32:49.665;SQ;AS76-AS1-20180127173249
2018-01-27 17:33:24.355;RU;AS76-AS1-20180127172956
2018-01-27 17:33:26.183;VU;AS76-AS1-20180127172956
2018-01-27 17:33:26.436;RC;AS76-AS1-20180127173124
2018-01-27 17:33:27.266;SS;AS76-AS1-20180127173124
2018-01-27 17:34:04.720;RO;AS76-AS1-20180127173249
2018-01-27 17:34:05.591;SP;AS76-AS1-20180127173249
2018-01-27 17:34:07.236;SQ;AS76-AS1-20180127173407
2018-01-27 17:34:45.661;RC;AS76-AS1-20180127173249
2018-01-27 17:34:46.472;RU;AS76-AS1-20180127173124
2018-01-27 17:34:46.523;SS;AS76-AS1-20180127173249
2018-01-27 17:34:48.318;VU;AS76-AS1-20180127173124
2018-01-27 17:35:30.191;RO;AS76-AS1-20180127173407
2018-01-27 17:35:31.162;SP;AS76-AS1-20180127173407
2018-01-27 17:35:32.798;SQ;AS76-AS1-20180127173532
2018-01-27 17:36:12.068;RC;AS76-AS1-20180127173407
2018-01-27 17:36:12.890;SS;AS76-AS1-20180127173407
2018-01-27 17:36:16.987;RU;AS76-AS1-20180127173249
2018-01-27 17:36:18.831;VU;AS76-AS1-20180127173249
2018-01-27 17:36:55.833;RO;AS76-AS1-20180127173532
2018-01-27 17:36:56.718;SP;AS76-AS1-20180127173532
2018-01-27 17:36:58.373;SQ;AS76-AS1-20180127173658
2018-01-27 17:37:24.793;RU;AS76-AS1-20180127173407
2018-01-27 17:37:26.642;VU;AS76-AS1-20180127173407
2018-01-27 17:37:35.096;RC;AS76-AS1-20180127173532
2018-01-27 17:37:35.899;SS;AS76-AS1-20180127173532
2018-01-27 17:38:26.292;RO;AS76-AS1-20180127173658
2018-01-27 17:38:27.291;SP;AS76-AS1-20180127173658
2018-01-27 17:38:28.933;SQ;AS76-AS1-20180127173828
2018-01-27 17:39:01.831;RU;AS76-AS1-20180127173532
2018-01-27 17:39:03.681;VU;AS76-AS1-20180127173532
2018-01-27 17:39:04.460;RC;AS76-AS1-20180127173658
2018-01-27 17:39:05.297;SS;AS76-AS1-20180127173658
2018-01-27 17:39:46.282;RO;AS76-AS1-20180127173828
2018-01-27 17:39:47.355;SP;AS76-AS1-20180127173828
2018-01-27 17:39:49.034;SQ;AS76-AS1-20180127173949
2018-01-27 17:40:28.480;RC;AS76-AS1-20180127173828
2018-01-27 17:40:29.309;SS;AS76-AS1-20180127173828
2018-01-27 17:41:12.530;RU;AS76-AS1-20180127173658
2018-01-27 17:41:13.069;RO;AS76-AS1-20180127173949
2018-01-27 17:41:14.228;SP;AS76-AS1-20180127173949
2018-01-27 17:41:14.568;VU;AS76-AS1-20180127173658
2018-01-27 17:41:15.901;SQ;AS76-AS1-20180127174115
2018-01-27 17:41:51.532;RC;AS76-AS1-20180127173949
2018-01-27 17:41:52.384;SS;AS76-AS1-20180127173949
2018-01-27 17:41:52.748;RU;AS76-AS1-20180127173828
2018-01-27 17:41:54.586;VU;AS76-AS1-20180127173828
2018-01-27 17:42:37.536;RO;AS76-AS1-20180127174115
2018-01-27 17:42:38.807;SP;AS76-AS1-20180127174115
2018-01-27 17:42:40.419;SQ;AS76-AS1-20180127174240
2018-01-27 17:43:15.421;RC;AS76-AS1-20180127174115
2018-01-27 17:43:16.240;SS;AS76-AS1-20180127174115
2018-01-27 17:43:17.014;RU;AS76-AS1-20180127173949
2018-01-27 17:43:18.846;VU;AS76-AS1-20180127173949
2018-01-27 17:43:56.769;RO;AS76-AS1-20180127174240
2018-01-27 17:43:57.831;SP;AS76-AS1-20180127174240
2018-01-27 17:43:59.492;SQ;AS76-AS1-20180127174359
2018-01-27 17:44:34.301;RU;AS76-AS1-20180127174115
2018-01-27 17:44:36.143;VU;AS76-AS1-20180127174115
2018-01-27 17:44:40.224;RC;AS76-AS1-20180127174240
2018-01-27 17:44:41.882;SS;AS76-AS1-20180127174240
2018-01-27 17:45:24.775;RO;AS76-AS1-20180127174359
2018-01-27 17:45:25.925;SP;AS76-AS1-20180127174359
2018-01-27 17:45:28.073;SQ;AS76-AS1-20180127174528
2018-01-27 17:46:02.185;RC;AS76-AS1-20180127174359
2018-01-27 17:46:03.014;SS;AS76-AS1-20180127174359
2018-01-27 17:46:06.876;RU;AS76-AS1-20180127174240
2018-01-27 17:46:08.725;VU;AS76-AS1-20180127174240
2018-01-27 17:46:41.005;RO;AS76-AS1-20180127174528
2018-01-27 17:46:42.001;SP;AS76-AS1-20180127174528
2018-01-27 17:46:43.635;SQ;AS76-AS1-20180127174643
2018-01-27 17:47:25.349;RC;AS76-AS1-20180127174528
2018-01-27 17:47:26.168;SS;AS76-AS1-20180127174528
2018-01-27 17:48:06.723;RU;AS76-AS1-20180127174359
2018-01-27 17:48:08.549;VU;AS76-AS1-20180127174359
2018-01-27 17:48:11.874;RO;AS76-AS1-20180127174643
2018-01-27 17:48:13.055;SP;AS76-AS1-20180127174643
2018-01-27 17:48:14.761;SQ;AS76-AS1-20180127174814
2018-01-27 17:48:52.195;RU;AS76-AS1-20180127174528
2018-01-27 17:48:54.290;VU;AS76-AS1-20180127174528
2018-01-27 17:48:55.080;RC;AS76-AS1-20180127174643
2018-01-27 17:48:55.898;SS;AS76-AS1-20180127174643
2018-01-27 17:49:18.919;RO;AS76-AS1-20180127174814
2018-01-27 17:49:20.138;SP;AS76-AS1-20180127174814
2018-01-27 17:49:21.803;SQ;AS76-AS1-20180127174921
2018-01-27 17:49:50.164;RC;AS76-AS1-20180127174814
2018-01-27 17:49:51.006;SS;AS76-AS1-20180127174814
2018-01-27 17:50:23.537;RU;AS76-AS1-20180127174643
2018-01-27 17:50:25.351;VU;AS76-AS1-20180127174643
2018-01-27 17:50:41.945;RO;AS76-AS1-20180127174921
2018-01-27 17:50:43.206;SP;AS76-AS1-20180127174921
2018-01-27 17:50:44.841;SQ;AS76-AS1-20180127175044
2018-01-27 17:51:10.134;RU;AS76-AS1-20180127174814
2018-01-27 17:51:11.951;VU;AS76-AS1-20180127174814
2018-01-27 17:51:25.648;RC;AS76-AS1-20180127174921
2018-01-27 17:51:26.482;SS;AS76-AS1-20180127174921
2018-01-27 17:51:57.788;RO;AS76-AS1-20180127175044
2018-01-27 17:51:58.765;SP;AS76-AS1-20180127175044
2018-01-27 17:52:02.348;SQ;AS76-AS1-20180127175202
2018-01-27 17:52:38.387;RC;AS76-AS1-20180127175044
2018-01-27 17:52:39.224;SS;AS76-AS1-20180127175044
2018-01-27 17:52:45.520;RU;AS76-AS1-20180127174921
2018-01-27 17:52:47.582;VU;AS76-AS1-20180127174921
2018-01-27 17:53:13.354;RO;AS76-AS1-20180127175202
2018-01-27 17:53:14.272;SP;AS76-AS1-20180127175202
2018-01-27 17:53:16.197;SQ;AS76-AS1-20180127175316
2018-01-27 17:53:53.742;RU;AS76-AS1-20180127175044
2018-01-27 17:53:54.855;RC;AS76-AS1-20180127175202
2018-01-27 17:53:55.589;VU;AS76-AS1-20180127175044
2018-01-27 17:53:55.659;SS;AS76-AS1-20180127175202
2018-01-27 17:54:34.352;RO;AS76-AS1-20180127175316
2018-01-27 17:54:35.613;SP;AS76-AS1-20180127175316
2018-01-27 17:54:37.258;SQ;AS76-AS1-20180127175437
2018-01-27 17:55:10.517;RU;AS76-AS1-20180127175202
2018-01-27 17:55:12.343;VU;AS76-AS1-20180127175202
2018-01-27 17:55:16.704;RC;AS76-AS1-20180127175316
2018-01-27 17:55:17.563;SS;AS76-AS1-20180127175316
2018-01-27 17:55:52.198;RO;AS76-AS1-20180127175437
2018-01-27 17:55:53.186;SP;AS76-AS1-20180127175437
2018-01-27 17:55:54.806;SQ;AS76-AS1-20180127175554
2018-01-27 17:56:33.835;RC;AS76-AS1-20180127175437
2018-01-27 17:56:34.659;SS;AS76-AS1-20180127175437
2018-01-27 17:57:11.546;RO;AS76-AS1-20180127175554
2018-01-27 17:57:12.732;SP;AS76-AS1-20180127175554
2018-01-27 17:57:14.403;SQ;AS76-AS1-20180127175714
2018-01-27 17:57:16.146;RU;AS76-AS1-20180127175316
2018-01-27 17:57:17.978;VU;AS76-AS1-20180127175316
2018-01-27 17:57:49.755;RU;AS76-AS1-20180127175437
2018-01-27 17:57:51.591;VU;AS76-AS1-20180127175437
2018-01-27 17:57:57.676;RC;AS76-AS1-20180127175554
2018-01-27 17:57:58.506;SS;AS76-AS1-20180127175554
2018-01-27 17:58:28.333;RO;AS76-AS1-20180127175714
2018-01-27 17:58:29.319;SP;AS76-AS1-20180127175714
2018-01-27 17:58:56.781;RC;AS76-AS1-20180127175714
2018-01-27 17:58:58.205;SS;AS76-AS1-20180127175714
2018-01-27 17:59:13.715;RU;AS76-AS1-20180127175554
2018-01-27 17:59:15.628;VU;AS76-AS1-20180127175554
2018-01-27 18:00:00.009;RU;AS76-AS1-20180127175714
2018-01-27 18:00:02.854;VU;AS76-AS1-20180127175714
