2018-01-27 17:18:36.575;SQ;AS79-AS1-20180127171836
2018-01-27 17:19:13.495;RO;AS79-AS1-20180127171836
2018-01-27 17:19:14.466;SP;AS79-AS1-20180127171836
2018-01-27 17:19:16.141;SQ;AS79-AS1-20180127171916
2018-01-27 17:19:42.282;RC;AS79-AS1-20180127171836
2018-01-27 17:19:43.112;SS;AS79-AS1-20180127171836
2018-01-27 17:20:52.635;RO;AS79-AS1-20180127171916
2018-01-27 17:20:53.589;SP;AS79-AS1-20180127171916
2018-01-27 17:20:55.254;SQ;AS79-AS1-20180127172055
2018-01-27 17:21:04.413;RU;AS79-AS1-20180127171836
2018-01-27 17:21:06.931;VU;AS79-AS1-20180127171836
2018-01-27 17:21:37.835;RC;AS79-AS1-20180127171916
2018-01-27 17:21:38.652;SS;AS79-AS1-20180127171916
2018-01-27 17:22:17.996;RO;AS79-AS1-20180127172055
2018-01-27 17:22:19.184;SP;AS79-AS1-20180127172055
2018-01-27 17:22:20.856;SQ;AS79-AS1-20180127172220
2018-01-27 17:22:59.718;RU;AS79-AS1-20180127171916
2018-01-27 17:23:00.685;RC;AS79-AS1-20180127172055
2018-01-27 17:23:01.522;SS;AS79-AS1-20180127172055
2018-01-27 17:23:01.581;VU;AS79-AS1-20180127171916
2018-01-27 17:23:39.093;RO;AS79-AS1-20180127172220
2018-01-27 17:23:40.873;SP;AS79-AS1-20180127172220
2018-01-27 17:23:44.264;SQ;AS79-AS1-20180127172344
2018-01-27 17:24:16.008;RC;AS79-AS1-20180127172220
2018-01-27 17:24:16.818;SS;AS79-AS1-20180127172220
2018-01-27 17:24:51.356;RU;AS79-AS1-20180127172055
2018-01-27 17:24:53.191;VU;AS79-AS1-20180127172055
2018-01-27 17:24:59.752;RO;AS79-AS1-20180127172344
2018-01-27 17:25:00.710;SP;AS79-AS1-20180127172344
2018-01-27 17:25:02.379;SQ;AS79-AS1-20180127172502
2018-01-27 17:25:42.737;RC;AS79-AS1-20180127172344
2018-01-27 17:25:43.567;SS;AS79-AS1-20180127172344
2018-01-27 17:25:53.032;RU;AS79-AS1-20180127172220
2018-01-27 17:25:54.853;VU;AS79-AS1-20180127172220
2018-01-27 17:27:10.601;RO;AS79-AS1-20180127172502
2018-01-27 17:27:11.826;SP;AS79-AS1-20180127172502
2018-01-27 17:27:13.487;SQ;AS79-AS1-20180127172713
2018-01-27 17:27:13.519;RU;AS79-AS1-20180127172344
2018-01-27 17:27:15.344;VU;AS79-AS1-20180127172344
2018-01-27 17:27:59.541;RC;AS79-AS1-20180127172502
2018-01-27 17:28:00.361;SS;AS79-AS1-20180127172502
2018-01-27 17:28:46.682;RO;AS79-AS1-20180127172713
2018-01-27 17:28:47.936;SP;AS79-AS1-20180127172713
2018-01-27 17:28:49.588;SQ;AS79-AS1-20180127172849
2018-01-27 17:29:24.920;RU;AS79-AS1-20180127172502
2018-01-27 17:29:26.766;VU;AS79-AS1-20180127172502
2018-01-27 17:30:09.474;RC;AS79-AS1-20180127172713
2018-01-27 17:30:10.339;SS;AS79-AS1-20180127172713
2018-01-27 17:30:12.537;RO;AS79-AS1-20180127172849
2018-01-27 17:30:13.500;SP;AS79-AS1-20180127172849
2018-01-27 17:30:15.139;SQ;AS79-AS1-20180127173015
2018-01-27 17:30:50.913;RC;AS79-AS1-20180127172849
2018-01-27 17:30:51.752;SS;AS79-AS1-20180127172849
2018-01-27 17:31:37.552;RO;AS79-AS1-20180127173015
2018-01-27 17:31:38.548;SP;AS79-AS1-20180127173015
2018-01-27 17:31:40.235;SQ;AS79-AS1-20180127173140
2018-01-27 17:32:08.261;RU;AS79-AS1-20180127172713
2018-01-27 17:32:10.107;VU;AS79-AS1-20180127172713
2018-01-27 17:32:22.835;RU;AS79-AS1-20180127172849
2018-01-27 17:32:22.835;RC;AS79-AS1-20180127173015
2018-01-27 17:32:24.540;SS;AS79-AS1-20180127173015
2018-01-27 17:32:25.540;VU;AS79-AS1-20180127172849
2018-01-27 17:33:05.333;RO;AS79-AS1-20180127173140
2018-01-27 17:33:06.650;SP;AS79-AS1-20180127173140
2018-01-27 17:33:08.287;SQ;AS79-AS1-20180127173308
2018-01-27 17:33:43.869;RC;AS79-AS1-20180127173140
2018-01-27 17:33:44.686;SS;AS79-AS1-20180127173140
2018-01-27 17:33:45.023;RU;AS79-AS1-20180127173015
2018-01-27 17:33:46.871;VU;AS79-AS1-20180127173015
2018-01-27 17:34:21.591;RO;AS79-AS1-20180127173308
2018-01-27 17:34:22.718;SP;AS79-AS1-20180127173308
2018-01-27 17:34:24.357;SQ;AS79-AS1-20180127173424
2018-01-27 17:35:02.834;RU;AS79-AS1-20180127173140
2018-01-27 17:35:04.683;VU;AS79-AS1-20180127173140
2018-01-27 17:35:05.635;RC;AS79-AS1-20180127173308
2018-01-27 17:35:06.495;SS;AS79-AS1-20180127173308
2018-01-27 17:35:47.215;RO;AS79-AS1-20180127173424
2018-01-27 17:35:48.283;SP;AS79-AS1-20180127173424
2018-01-27 17:35:49.979;SQ;AS79-AS1-20180127173549
2018-01-27 17:36:16.480;RU;AS79-AS1-20180127173308
2018-01-27 17:36:18.331;VU;AS79-AS1-20180127173308
2018-01-27 17:36:30.020;RC;AS79-AS1-20180127173424
2018-01-27 17:36:30.839;SS;AS79-AS1-20180127173424
2018-01-27 17:37:07.976;RO;AS79-AS1-20180127173549
2018-01-27 17:37:08.884;SP;AS79-AS1-20180127173549
2018-01-27 17:37:10.555;SQ;AS79-AS1-20180127173710
2018-01-27 17:37:47.008;RC;AS79-AS1-20180127173549
2018-01-27 17:37:47.855;SS;AS79-AS1-20180127173549
2018-01-27 17:37:54.151;RU;AS79-AS1-20180127173424
2018-01-27 17:37:56.302;VU;AS79-AS1-20180127173424
2018-01-27 17:39:08.555;RO;AS79-AS1-20180127173710
2018-01-27 17:39:09.526;SP;AS79-AS1-20180127173710
2018-01-27 17:39:11.200;SQ;AS79-AS1-20180127173911
2018-01-27 17:39:18.863;RU;AS79-AS1-20180127173549
2018-01-27 17:39:20.698;VU;AS79-AS1-20180127173549
2018-01-27 17:39:54.022;RC;AS79-AS1-20180127173710
2018-01-27 17:39:54.863;SS;AS79-AS1-20180127173710
2018-01-27 17:40:36.337;RO;AS79-AS1-20180127173911
2018-01-27 17:40:37.652;SP;AS79-AS1-20180127173911
2018-01-27 17:40:39.323;SQ;AS79-AS1-20180127174039
2018-01-27 17:41:12.595;RU;AS79-AS1-20180127173710
2018-01-27 17:41:14.422;VU;AS79-AS1-20180127173710
2018-01-27 17:41:16.816;RC;AS79-AS1-20180127173911
2018-01-27 17:41:17.926;SS;AS79-AS1-20180127173911
2018-01-27 17:42:30.383;RO;AS79-AS1-20180127174039
2018-01-27 17:42:31.287;SP;AS79-AS1-20180127174039
2018-01-27 17:42:32.941;SQ;AS79-AS1-20180127174232
2018-01-27 17:42:37.505;RU;AS79-AS1-20180127173911
2018-01-27 17:42:39.319;VU;AS79-AS1-20180127173911
2018-01-27 17:43:06.834;RC;AS79-AS1-20180127174039
2018-01-27 17:43:08.594;SS;AS79-AS1-20180127174039
2018-01-27 17:43:49.494;RO;AS79-AS1-20180127174232
2018-01-27 17:43:50.344;SP;AS79-AS1-20180127174232
2018-01-27 17:43:52.008;SQ;AS79-AS1-20180127174352
2018-01-27 17:44:18.816;RU;AS79-AS1-20180127174039
2018-01-27 17:44:20.627;VU;AS79-AS1-20180127174039
2018-01-27 17:44:34.328;RC;AS79-AS1-20180127174232
2018-01-27 17:44:35.162;SS;AS79-AS1-20180127174232
2018-01-27 17:45:51.924;RO;AS79-AS1-20180127174352
2018-01-27 17:45:51.933;RU;AS79-AS1-20180127174232
2018-01-27 17:45:53.619;SP;AS79-AS1-20180127174352
2018-01-27 17:45:54.360;VU;AS79-AS1-20180127174232
2018-01-27 17:45:55.288;SQ;AS79-AS1-20180127174555
2018-01-27 17:46:40.290;RC;AS79-AS1-20180127174352
2018-01-27 17:46:41.139;SS;AS79-AS1-20180127174352
2018-01-27 17:47:18.613;RO;AS79-AS1-20180127174555
2018-01-27 17:47:19.830;SP;AS79-AS1-20180127174555
2018-01-27 17:47:21.534;SQ;AS79-AS1-20180127174721
2018-01-27 17:47:58.515;RC;AS79-AS1-20180127174555
2018-01-27 17:47:59.333;SS;AS79-AS1-20180127174555
2018-01-27 17:48:13.383;RU;AS79-AS1-20180127174352
2018-01-27 17:48:15.223;VU;AS79-AS1-20180127174352
2018-01-27 17:48:37.565;RO;AS79-AS1-20180127174721
2018-01-27 17:48:38.457;SP;AS79-AS1-20180127174721
2018-01-27 17:48:40.149;SQ;AS79-AS1-20180127174840
2018-01-27 17:49:19.701;RC;AS79-AS1-20180127174721
2018-01-27 17:49:20.504;SS;AS79-AS1-20180127174721
2018-01-27 17:49:29.768;RU;AS79-AS1-20180127174555
2018-01-27 17:49:31.616;VU;AS79-AS1-20180127174555
2018-01-27 17:50:02.253;RO;AS79-AS1-20180127174840
2018-01-27 17:50:03.582;SP;AS79-AS1-20180127174840
2018-01-27 17:50:05.249;SQ;AS79-AS1-20180127175005
2018-01-27 17:50:33.662;RC;AS79-AS1-20180127174840
2018-01-27 17:50:34.510;SS;AS79-AS1-20180127174840
2018-01-27 17:50:42.701;RU;AS79-AS1-20180127174721
2018-01-27 17:50:44.525;VU;AS79-AS1-20180127174721
2018-01-27 17:51:20.634;RO;AS79-AS1-20180127175005
2018-01-27 17:51:21.652;SP;AS79-AS1-20180127175005
2018-01-27 17:51:23.312;SQ;AS79-AS1-20180127175123
2018-01-27 17:51:55.624;RU;AS79-AS1-20180127174840
2018-01-27 17:51:57.444;VU;AS79-AS1-20180127174840
2018-01-27 17:52:06.195;RC;AS79-AS1-20180127175005
2018-01-27 17:52:07.031;SS;AS79-AS1-20180127175005
2018-01-27 17:52:39.050;RO;AS79-AS1-20180127175123
2018-01-27 17:52:40.233;SP;AS79-AS1-20180127175123
2018-01-27 17:52:41.896;SQ;AS79-AS1-20180127175241
2018-01-27 17:53:26.450;RC;AS79-AS1-20180127175123
2018-01-27 17:53:27.294;SS;AS79-AS1-20180127175123
2018-01-27 17:53:29.180;RU;AS79-AS1-20180127175005
2018-01-27 17:53:31.009;VU;AS79-AS1-20180127175005
2018-01-27 17:53:59.702;RO;AS79-AS1-20180127175241
2018-01-27 17:54:00.829;SP;AS79-AS1-20180127175241
2018-01-27 17:54:02.891;SQ;AS79-AS1-20180127175402
2018-01-27 17:54:33.565;RC;AS79-AS1-20180127175241
2018-01-27 17:54:35.151;SS;AS79-AS1-20180127175241
2018-01-27 17:54:50.264;RU;AS79-AS1-20180127175123
2018-01-27 17:54:52.111;VU;AS79-AS1-20180127175123
2018-01-27 17:55:23.819;RO;AS79-AS1-20180127175402
2018-01-27 17:55:24.793;SP;AS79-AS1-20180127175402
2018-01-27 17:55:26.422;SQ;AS79-AS1-20180127175526
2018-01-27 17:55:57.373;RU;AS79-AS1-20180127175241
2018-01-27 17:55:59.183;VU;AS79-AS1-20180127175241
2018-01-27 17:56:03.482;RC;AS79-AS1-20180127175402
2018-01-27 17:56:04.299;SS;AS79-AS1-20180127175402
2018-01-27 17:56:40.362;RO;AS79-AS1-20180127175526
2018-01-27 17:56:41.315;SP;AS79-AS1-20180127175526
2018-01-27 17:56:42.920;SQ;AS79-AS1-20180127175642
2018-01-27 17:57:16.114;RC;AS79-AS1-20180127175526
2018-01-27 17:57:16.921;SS;AS79-AS1-20180127175526
2018-01-27 17:57:23.572;RU;AS79-AS1-20180127175402
2018-01-27 17:57:25.625;VU;AS79-AS1-20180127175402
2018-01-27 17:57:56.108;RO;AS79-AS1-20180127175642
2018-01-27 17:57:57.339;SP;AS79-AS1-20180127175642
2018-01-27 17:57:58.970;SQ;AS79-AS1-20180127175758
2018-01-27 17:58:37.317;RC;AS79-AS1-20180127175642
2018-01-27 17:58:38.152;SS;AS79-AS1-20180127175642
2018-01-27 17:58:39.541;RU;AS79-AS1-20180127175526
2018-01-27 17:58:41.392;VU;AS79-AS1-20180127175526
2018-01-27 17:59:11.637;RO;AS79-AS1-20180127175758
2018-01-27 17:59:13.548;SP;AS79-AS1-20180127175758
2018-01-27 17:59:16.127;SQ;AS79-AS1-20180127175916
2018-01-27 17:59:40.874;RU;AS79-AS1-20180127175642
2018-01-27 17:59:42.698;VU;AS79-AS1-20180127175642
2018-01-27 17:59:45.507;RC;AS79-AS1-20180127175758
2018-01-27 17:59:46.366;SS;AS79-AS1-20180127175758
2018-01-27 18:00:13.929;RO;AS79-AS1-20180127175916
2018-01-27 18:00:15.024;SP;AS79-AS1-20180127175916
2018-01-27 18:00:18.362;SQ;AS79-AS1-20180127180018
2018-01-27 18:00:31.505;RC;AS79-AS1-20180127175916
2018-01-27 18:00:32.722;SS;AS79-AS1-20180127175916
2018-01-27 18:00:33.929;RU;AS79-AS1-20180127175758
2018-01-27 18:00:35.772;VU;AS79-AS1-20180127175758
2018-01-27 18:00:58.146;RO;AS79-AS1-20180127180018
2018-01-27 18:00:58.193;RU;AS79-AS1-20180127175916
2018-01-27 18:00:59.904;SP;AS79-AS1-20180127180018
2018-01-27 18:01:00.602;VU;AS79-AS1-20180127175916
2018-01-27 18:01:00.972;RC;AS79-AS1-20180127180018
2018-01-27 18:01:01.792;SS;AS79-AS1-20180127180018
2018-01-27 18:01:11.888;RU;AS79-AS1-20180127180018
2018-01-27 18:01:23.573;VU;AS79-AS1-20180127180018
