2018-01-27 17:18:31.292;SQ;AS81-AS1-20180127171831
2018-01-27 17:18:51.066;RO;AS81-AS1-20180127171831
2018-01-27 17:18:52.103;SP;AS81-AS1-20180127171831
2018-01-27 17:18:53.700;SQ;AS81-AS1-20180127171853
2018-01-27 17:19:12.246;RC;AS81-AS1-20180127171831
2018-01-27 17:19:13.330;SS;AS81-AS1-20180127171831
2018-01-27 17:19:50.602;RO;AS81-AS1-20180127171853
2018-01-27 17:19:51.569;SP;AS81-AS1-20180127171853
2018-01-27 17:19:53.171;SQ;AS81-AS1-20180127171953
2018-01-27 17:20:15.560;RU;AS81-AS1-20180127171831
2018-01-27 17:20:31.799;RC;AS81-AS1-20180127171853
2018-01-27 17:20:32.606;SS;AS81-AS1-20180127171853
2018-01-27 17:21:07.721;RO;AS81-AS1-20180127171953
2018-01-27 17:21:09.320;SP;AS81-AS1-20180127171953
2018-01-27 17:21:11.631;SQ;AS81-AS1-20180127172111
2018-01-27 17:21:45.383;RC;AS81-AS1-20180127171953
2018-01-27 17:21:46.999;SS;AS81-AS1-20180127171953
2018-01-27 17:21:51.318;RU;AS81-AS1-20180127171853
2018-01-27 17:21:55.306;VU;AS81-AS1-20180127171853
2018-01-27 17:22:21.119;RO;AS81-AS1-20180127172111
2018-01-27 17:22:23.165;SP;AS81-AS1-20180127172111
2018-01-27 17:22:26.935;SQ;AS81-AS1-20180127172226
2018-01-27 17:23:01.869;RU;AS81-AS1-20180127171953
2018-01-27 17:23:04.525;VU;AS81-AS1-20180127171953
2018-01-27 17:23:08.267;RC;AS81-AS1-20180127172111
2018-01-27 17:23:10.771;SS;AS81-AS1-20180127172111
2018-01-27 17:23:51.464;RO;AS81-AS1-20180127172226
2018-01-27 17:23:53.145;SP;AS81-AS1-20180127172226
2018-01-27 17:23:55.827;SQ;AS81-AS1-20180127172355
2018-01-27 17:24:25.907;RU;AS81-AS1-20180127172111
2018-01-27 17:24:29.472;VU;AS81-AS1-20180127172111
2018-01-27 17:24:38.071;RC;AS81-AS1-20180127172226
2018-01-27 17:24:38.981;SS;AS81-AS1-20180127172226
2018-01-27 17:25:24.284;RO;AS81-AS1-20180127172355
2018-01-27 17:25:26.038;SP;AS81-AS1-20180127172355
2018-01-27 17:25:28.878;SQ;AS81-AS1-20180127172528
2018-01-27 17:26:00.471;RC;AS81-AS1-20180127172355
2018-01-27 17:26:02.176;SS;AS81-AS1-20180127172355
2018-01-27 17:26:10.785;RU;AS81-AS1-20180127172226
2018-01-27 17:26:12.579;VU;AS81-AS1-20180127172226
2018-01-27 17:26:42.241;RO;AS81-AS1-20180127172528
2018-01-27 17:26:43.930;SP;AS81-AS1-20180127172528
2018-01-27 17:26:46.348;SQ;AS81-AS1-20180127172646
2018-01-27 17:27:23.793;RU;AS81-AS1-20180127172355
2018-01-27 17:27:25.832;VU;AS81-AS1-20180127172355
2018-01-27 17:27:30.551;RC;AS81-AS1-20180127172528
2018-01-27 17:27:31.672;SS;AS81-AS1-20180127172528
2018-01-27 17:28:14.081;RO;AS81-AS1-20180127172646
2018-01-27 17:28:15.674;SP;AS81-AS1-20180127172646
2018-01-27 17:28:17.947;SQ;AS81-AS1-20180127172817
2018-01-27 17:28:58.605;RC;AS81-AS1-20180127172646
2018-01-27 17:28:59.076;RU;AS81-AS1-20180127172528
2018-01-27 17:29:00.081;SS;AS81-AS1-20180127172646
2018-01-27 17:29:01.752;VU;AS81-AS1-20180127172528
2018-01-27 17:29:36.203;RO;AS81-AS1-20180127172817
2018-01-27 17:29:38.941;SP;AS81-AS1-20180127172817
2018-01-27 17:29:42.389;SQ;AS81-AS1-20180127172942
2018-01-27 17:30:20.575;RC;AS81-AS1-20180127172817
2018-01-27 17:30:21.801;SS;AS81-AS1-20180127172817
2018-01-27 17:30:59.879;RO;AS81-AS1-20180127172942
2018-01-27 17:31:01.609;SP;AS81-AS1-20180127172942
2018-01-27 17:31:03.813;SQ;AS81-AS1-20180127173103
2018-01-27 17:31:08.109;RU;AS81-AS1-20180127172646
2018-01-27 17:31:10.107;VU;AS81-AS1-20180127172646
2018-01-27 17:31:39.405;RU;AS81-AS1-20180127172817
2018-01-27 17:31:41.838;VU;AS81-AS1-20180127172817
2018-01-27 17:31:42.964;RC;AS81-AS1-20180127172942
2018-01-27 17:31:45.149;SS;AS81-AS1-20180127172942
2018-01-27 17:32:13.474;RO;AS81-AS1-20180127173103
2018-01-27 17:32:15.827;SP;AS81-AS1-20180127173103
2018-01-27 17:32:18.250;SQ;AS81-AS1-20180127173218
2018-01-27 17:32:58.026;RC;AS81-AS1-20180127173103
2018-01-27 17:32:59.662;SS;AS81-AS1-20180127173103
2018-01-27 17:33:12.992;RU;AS81-AS1-20180127172942
2018-01-27 17:33:15.119;VU;AS81-AS1-20180127172942
2018-01-27 17:33:36.932;RO;AS81-AS1-20180127173218
2018-01-27 17:33:38.223;SP;AS81-AS1-20180127173218
2018-01-27 17:33:40.550;SQ;AS81-AS1-20180127173340
2018-01-27 17:34:13.125;RU;AS81-AS1-20180127173103
2018-01-27 17:34:15.340;VU;AS81-AS1-20180127173103
2018-01-27 17:34:28.219;RC;AS81-AS1-20180127173218
2018-01-27 17:34:29.787;SS;AS81-AS1-20180127173218
2018-01-27 17:34:53.373;RO;AS81-AS1-20180127173340
2018-01-27 17:34:54.659;SP;AS81-AS1-20180127173340
2018-01-27 17:34:56.991;SQ;AS81-AS1-20180127173456
2018-01-27 17:35:37.877;RC;AS81-AS1-20180127173340
2018-01-27 17:35:39.142;SS;AS81-AS1-20180127173340
2018-01-27 17:35:51.698;RU;AS81-AS1-20180127173218
2018-01-27 17:35:54.153;VU;AS81-AS1-20180127173218
2018-01-27 17:36:06.736;RO;AS81-AS1-20180127173456
2018-01-27 17:36:08.419;SP;AS81-AS1-20180127173456
2018-01-27 17:36:10.922;SQ;AS81-AS1-20180127173610
2018-01-27 17:36:45.709;RC;AS81-AS1-20180127173456
2018-01-27 17:36:47.244;SS;AS81-AS1-20180127173456
2018-01-27 17:37:00.395;RU;AS81-AS1-20180127173340
2018-01-27 17:37:02.837;VU;AS81-AS1-20180127173340
2018-01-27 17:37:30.848;RO;AS81-AS1-20180127173610
2018-01-27 17:37:32.291;SP;AS81-AS1-20180127173610
2018-01-27 17:37:34.696;SQ;AS81-AS1-20180127173734
2018-01-27 17:38:09.944;RU;AS81-AS1-20180127173456
2018-01-27 17:38:11.439;RC;AS81-AS1-20180127173610
2018-01-27 17:38:13.741;VU;AS81-AS1-20180127173456
2018-01-27 17:38:14.684;SS;AS81-AS1-20180127173610
2018-01-27 17:38:52.769;RO;AS81-AS1-20180127173734
2018-01-27 17:38:53.845;SP;AS81-AS1-20180127173734
2018-01-27 17:38:56.305;SQ;AS81-AS1-20180127173856
2018-01-27 17:39:36.372;RC;AS81-AS1-20180127173734
2018-01-27 17:39:37.523;SS;AS81-AS1-20180127173734
2018-01-27 17:39:40.180;RU;AS81-AS1-20180127173610
2018-01-27 17:39:42.184;VU;AS81-AS1-20180127173610
2018-01-27 17:40:12.861;RO;AS81-AS1-20180127173856
2018-01-27 17:40:14.065;SP;AS81-AS1-20180127173856
2018-01-27 17:40:16.283;SQ;AS81-AS1-20180127174016
2018-01-27 17:40:57.358;RC;AS81-AS1-20180127173856
2018-01-27 17:40:58.676;SS;AS81-AS1-20180127173856
2018-01-27 17:41:02.081;RU;AS81-AS1-20180127173734
2018-01-27 17:41:05.540;VU;AS81-AS1-20180127173734
2018-01-27 17:41:35.641;RO;AS81-AS1-20180127174016
2018-01-27 17:41:36.903;SP;AS81-AS1-20180127174016
2018-01-27 17:41:39.306;SQ;AS81-AS1-20180127174139
2018-01-27 17:42:18.527;RC;AS81-AS1-20180127174016
2018-01-27 17:42:19.300;RU;AS81-AS1-20180127173856
2018-01-27 17:42:19.580;SS;AS81-AS1-20180127174016
2018-01-27 17:42:22.862;VU;AS81-AS1-20180127173856
2018-01-27 17:43:00.556;RO;AS81-AS1-20180127174139
2018-01-27 17:43:01.748;SP;AS81-AS1-20180127174139
2018-01-27 17:43:04.158;SQ;AS81-AS1-20180127174304
2018-01-27 17:43:46.381;RC;AS81-AS1-20180127174139
2018-01-27 17:43:47.958;SS;AS81-AS1-20180127174139
2018-01-27 17:44:06.649;RU;AS81-AS1-20180127174016
2018-01-27 17:44:08.735;VU;AS81-AS1-20180127174016
2018-01-27 17:44:22.334;RO;AS81-AS1-20180127174304
2018-01-27 17:44:23.695;SP;AS81-AS1-20180127174304
2018-01-27 17:44:27.811;SQ;AS81-AS1-20180127174427
2018-01-27 17:45:05.030;RC;AS81-AS1-20180127174304
2018-01-27 17:45:06.560;SS;AS81-AS1-20180127174304
2018-01-27 17:45:10.246;RU;AS81-AS1-20180127174139
2018-01-27 17:45:12.070;VU;AS81-AS1-20180127174139
2018-01-27 17:45:46.554;RO;AS81-AS1-20180127174427
2018-01-27 17:45:47.816;SP;AS81-AS1-20180127174427
2018-01-27 17:45:50.147;SQ;AS81-AS1-20180127174550
2018-01-27 17:46:22.666;RU;AS81-AS1-20180127174304
2018-01-27 17:46:24.918;VU;AS81-AS1-20180127174304
2018-01-27 17:46:40.785;RC;AS81-AS1-20180127174427
2018-01-27 17:46:41.587;SS;AS81-AS1-20180127174427
2018-01-27 17:47:11.026;RO;AS81-AS1-20180127174550
2018-01-27 17:47:12.067;SP;AS81-AS1-20180127174550
2018-01-27 17:47:14.528;SQ;AS81-AS1-20180127174714
2018-01-27 17:47:46.379;RC;AS81-AS1-20180127174550
2018-01-27 17:47:47.313;SS;AS81-AS1-20180127174550
2018-01-27 17:47:57.300;RU;AS81-AS1-20180127174427
2018-01-27 17:47:59.680;VU;AS81-AS1-20180127174427
2018-01-27 17:48:37.820;RO;AS81-AS1-20180127174714
2018-01-27 17:48:39.473;SP;AS81-AS1-20180127174714
2018-01-27 17:48:41.889;SQ;AS81-AS1-20180127174841
2018-01-27 17:49:00.577;RU;AS81-AS1-20180127174550
2018-01-27 17:49:02.378;VU;AS81-AS1-20180127174550
2018-01-27 17:49:17.089;RC;AS81-AS1-20180127174714
2018-01-27 17:49:18.548;SS;AS81-AS1-20180127174714
2018-01-27 17:50:02.963;RO;AS81-AS1-20180127174841
2018-01-27 17:50:04.258;SP;AS81-AS1-20180127174841
2018-01-27 17:50:06.721;SQ;AS81-AS1-20180127175006
2018-01-27 17:50:35.388;RU;AS81-AS1-20180127174714
2018-01-27 17:50:37.191;VU;AS81-AS1-20180127174714
2018-01-27 17:50:41.113;RC;AS81-AS1-20180127174841
2018-01-27 17:50:43.210;SS;AS81-AS1-20180127174841
2018-01-27 17:51:21.413;RO;AS81-AS1-20180127175006
2018-01-27 17:51:22.605;SP;AS81-AS1-20180127175006
2018-01-27 17:51:25.032;SQ;AS81-AS1-20180127175125
2018-01-27 17:51:57.792;RC;AS81-AS1-20180127175006
2018-01-27 17:51:59.274;SS;AS81-AS1-20180127175006
2018-01-27 17:52:02.166;RU;AS81-AS1-20180127174841
2018-01-27 17:52:04.745;VU;AS81-AS1-20180127174841
2018-01-27 17:52:40.356;RO;AS81-AS1-20180127175125
2018-01-27 17:52:42.067;SP;AS81-AS1-20180127175125
2018-01-27 17:52:44.462;SQ;AS81-AS1-20180127175244
2018-01-27 17:53:21.080;RU;AS81-AS1-20180127175006
2018-01-27 17:53:22.898;VU;AS81-AS1-20180127175006
2018-01-27 17:53:26.530;RC;AS81-AS1-20180127175125
2018-01-27 17:53:27.343;SS;AS81-AS1-20180127175125
2018-01-27 17:54:04.189;RO;AS81-AS1-20180127175244
2018-01-27 17:54:05.629;SP;AS81-AS1-20180127175244
2018-01-27 17:54:08.076;SQ;AS81-AS1-20180127175408
2018-01-27 17:54:43.626;RU;AS81-AS1-20180127175125
2018-01-27 17:54:44.048;RC;AS81-AS1-20180127175244
2018-01-27 17:54:45.748;SS;AS81-AS1-20180127175244
2018-01-27 17:54:45.881;VU;AS81-AS1-20180127175125
2018-01-27 17:55:20.007;RO;AS81-AS1-20180127175408
2018-01-27 17:55:22.459;SP;AS81-AS1-20180127175408
2018-01-27 17:55:25.211;SQ;AS81-AS1-20180127175525
2018-01-27 17:56:02.254;RC;AS81-AS1-20180127175408
2018-01-27 17:56:02.265;RU;AS81-AS1-20180127175244
2018-01-27 17:56:04.669;SS;AS81-AS1-20180127175408
2018-01-27 17:56:05.670;VU;AS81-AS1-20180127175244
2018-01-27 17:56:35.009;RO;AS81-AS1-20180127175525
2018-01-27 17:56:36.102;SP;AS81-AS1-20180127175525
2018-01-27 17:56:40.033;SQ;AS81-AS1-20180127175640
2018-01-27 17:57:09.403;RC;AS81-AS1-20180127175525
2018-01-27 17:57:11.159;SS;AS81-AS1-20180127175525
2018-01-27 17:57:25.362;RU;AS81-AS1-20180127175408
2018-01-27 17:57:43.257;RO;AS81-AS1-20180127175640
2018-01-27 17:57:45.778;SP;AS81-AS1-20180127175640
2018-01-27 17:58:21.679;RC;AS81-AS1-20180127175640
2018-01-27 17:58:23.259;SS;AS81-AS1-20180127175640
2018-01-27 17:58:29.769;RU;AS81-AS1-20180127175525
2018-01-27 17:58:32.782;VU;AS81-AS1-20180127175525
2018-01-27 17:59:26.418;RU;AS81-AS1-20180127175640
2018-01-27 17:59:28.561;VU;AS81-AS1-20180127175640
