2018-01-27 17:18:31.717;SQ;AS82-AS1-20180127171831
2018-01-27 17:18:53.275;RO;AS82-AS1-20180127171831
2018-01-27 17:18:54.565;SP;AS82-AS1-20180127171831
2018-01-27 17:18:56.454;SQ;AS82-AS1-20180127171856
2018-01-27 17:19:19.703;RC;AS82-AS1-20180127171831
2018-01-27 17:19:20.507;SS;AS82-AS1-20180127171831
2018-01-27 17:19:49.734;RO;AS82-AS1-20180127171856
2018-01-27 17:19:50.823;SP;AS82-AS1-20180127171856
2018-01-27 17:19:52.427;SQ;AS82-AS1-20180127171952
2018-01-27 17:20:23.580;RU;AS82-AS1-20180127171831
2018-01-27 17:20:24.222;RC;AS82-AS1-20180127171856
2018-01-27 17:20:25.221;SS;AS82-AS1-20180127171856
2018-01-27 17:20:25.572;VU;AS82-AS1-20180127171831
2018-01-27 17:21:09.731;RO;AS82-AS1-20180127171952
2018-01-27 17:21:10.842;SP;AS82-AS1-20180127171952
2018-01-27 17:21:12.466;SQ;AS82-AS1-20180127172112
2018-01-27 17:21:47.208;RC;AS82-AS1-20180127171952
2018-01-27 17:21:47.928;RU;AS82-AS1-20180127171856
2018-01-27 17:21:48.167;SS;AS82-AS1-20180127171952
2018-01-27 17:21:49.884;VU;AS82-AS1-20180127171856
2018-01-27 17:22:32.610;RO;AS82-AS1-20180127172112
2018-01-27 17:22:33.897;SP;AS82-AS1-20180127172112
2018-01-27 17:22:35.588;SQ;AS82-AS1-20180127172235
2018-01-27 17:23:16.095;RC;AS82-AS1-20180127172112
2018-01-27 17:23:16.952;SS;AS82-AS1-20180127172112
2018-01-27 17:23:17.777;RU;AS82-AS1-20180127171952
2018-01-27 17:23:19.592;VU;AS82-AS1-20180127171952
2018-01-27 17:24:06.818;RO;AS82-AS1-20180127172235
2018-01-27 17:24:08.008;SP;AS82-AS1-20180127172235
2018-01-27 17:24:09.637;SQ;AS82-AS1-20180127172409
2018-01-27 17:24:47.627;RU;AS82-AS1-20180127172112
2018-01-27 17:24:49.467;VU;AS82-AS1-20180127172112
2018-01-27 17:24:50.765;RC;AS82-AS1-20180127172235
2018-01-27 17:24:51.578;SS;AS82-AS1-20180127172235
2018-01-27 17:25:32.229;RO;AS82-AS1-20180127172409
2018-01-27 17:25:33.522;SP;AS82-AS1-20180127172409
2018-01-27 17:25:35.156;SQ;AS82-AS1-20180127172535
2018-01-27 17:26:15.119;RC;AS82-AS1-20180127172409
2018-01-27 17:26:15.926;SS;AS82-AS1-20180127172409
2018-01-27 17:26:18.782;RU;AS82-AS1-20180127172235
2018-01-27 17:26:20.612;VU;AS82-AS1-20180127172235
2018-01-27 17:26:55.377;RO;AS82-AS1-20180127172535
2018-01-27 17:26:56.556;SP;AS82-AS1-20180127172535
2018-01-27 17:26:58.178;SQ;AS82-AS1-20180127172658
2018-01-27 17:27:42.314;RU;AS82-AS1-20180127172409
2018-01-27 17:27:42.424;RC;AS82-AS1-20180127172535
2018-01-27 17:27:43.948;SS;AS82-AS1-20180127172535
2018-01-27 17:27:44.808;VU;AS82-AS1-20180127172409
2018-01-27 17:28:13.585;RO;AS82-AS1-20180127172658
2018-01-27 17:28:14.576;SP;AS82-AS1-20180127172658
2018-01-27 17:28:16.200;SQ;AS82-AS1-20180127172816
2018-01-27 17:28:59.068;RC;AS82-AS1-20180127172658
2018-01-27 17:28:59.854;SS;AS82-AS1-20180127172658
2018-01-27 17:29:18.519;RU;AS82-AS1-20180127172535
2018-01-27 17:29:20.336;VU;AS82-AS1-20180127172535
2018-01-27 17:29:35.821;RO;AS82-AS1-20180127172816
2018-01-27 17:29:37.096;SP;AS82-AS1-20180127172816
2018-01-27 17:29:40.125;SQ;AS82-AS1-20180127172940
2018-01-27 17:30:21.979;RC;AS82-AS1-20180127172816
2018-01-27 17:30:22.787;SS;AS82-AS1-20180127172816
2018-01-27 17:30:31.340;RU;AS82-AS1-20180127172658
2018-01-27 17:30:33.170;VU;AS82-AS1-20180127172658
2018-01-27 17:31:02.009;RO;AS82-AS1-20180127172940
2018-01-27 17:31:03.022;SP;AS82-AS1-20180127172940
2018-01-27 17:31:04.683;SQ;AS82-AS1-20180127173104
2018-01-27 17:31:50.024;RU;AS82-AS1-20180127172816
2018-01-27 17:31:50.483;RC;AS82-AS1-20180127172940
2018-01-27 17:31:51.671;SS;AS82-AS1-20180127172940
2018-01-27 17:31:52.158;VU;AS82-AS1-20180127172816
2018-01-27 17:32:56.582;RO;AS82-AS1-20180127173104
2018-01-27 17:32:57.636;SP;AS82-AS1-20180127173104
2018-01-27 17:32:59.962;SQ;AS82-AS1-20180127173259
2018-01-27 17:33:14.579;RU;AS82-AS1-20180127172940
2018-01-27 17:33:16.400;VU;AS82-AS1-20180127172940
2018-01-27 17:33:44.029;RC;AS82-AS1-20180127173104
2018-01-27 17:33:44.839;SS;AS82-AS1-20180127173104
2018-01-27 17:34:13.403;RO;AS82-AS1-20180127173259
2018-01-27 17:34:14.360;SP;AS82-AS1-20180127173259
2018-01-27 17:34:15.993;SQ;AS82-AS1-20180127173415
2018-01-27 17:34:56.253;RC;AS82-AS1-20180127173259
2018-01-27 17:34:57.077;SS;AS82-AS1-20180127173259
2018-01-27 17:35:03.029;RU;AS82-AS1-20180127173104
2018-01-27 17:35:04.983;VU;AS82-AS1-20180127173104
2018-01-27 17:36:12.417;RO;AS82-AS1-20180127173415
2018-01-27 17:36:13.441;SP;AS82-AS1-20180127173415
2018-01-27 17:36:15.085;SQ;AS82-AS1-20180127173615
2018-01-27 17:36:32.021;RU;AS82-AS1-20180127173259
2018-01-27 17:36:33.812;VU;AS82-AS1-20180127173259
2018-01-27 17:36:51.359;RC;AS82-AS1-20180127173415
2018-01-27 17:36:53.084;SS;AS82-AS1-20180127173415
2018-01-27 17:38:02.753;RO;AS82-AS1-20180127173615
2018-01-27 17:38:04.009;SP;AS82-AS1-20180127173615
2018-01-27 17:38:05.609;SQ;AS82-AS1-20180127173805
2018-01-27 17:38:22.633;RU;AS82-AS1-20180127173415
2018-01-27 17:38:24.460;VU;AS82-AS1-20180127173415
2018-01-27 17:38:49.731;RC;AS82-AS1-20180127173615
2018-01-27 17:38:50.556;SS;AS82-AS1-20180127173615
2018-01-27 17:39:27.173;RO;AS82-AS1-20180127173805
2018-01-27 17:39:28.822;SP;AS82-AS1-20180127173805
2018-01-27 17:39:30.447;SQ;AS82-AS1-20180127173930
2018-01-27 17:40:05.708;RU;AS82-AS1-20180127173615
2018-01-27 17:40:07.408;RC;AS82-AS1-20180127173805
2018-01-27 17:40:07.537;VU;AS82-AS1-20180127173615
2018-01-27 17:40:08.224;SS;AS82-AS1-20180127173805
2018-01-27 17:40:43.409;RO;AS82-AS1-20180127173930
2018-01-27 17:40:44.330;SP;AS82-AS1-20180127173930
2018-01-27 17:40:45.946;SQ;AS82-AS1-20180127174045
2018-01-27 17:41:15.922;RC;AS82-AS1-20180127173930
2018-01-27 17:41:16.734;SS;AS82-AS1-20180127173930
2018-01-27 17:41:35.654;RU;AS82-AS1-20180127173805
2018-01-27 17:41:37.456;VU;AS82-AS1-20180127173805
2018-01-27 17:42:00.340;RO;AS82-AS1-20180127174045
2018-01-27 17:42:01.380;SP;AS82-AS1-20180127174045
2018-01-27 17:42:03.047;SQ;AS82-AS1-20180127174203
2018-01-27 17:42:36.463;RU;AS82-AS1-20180127173930
2018-01-27 17:42:39.129;VU;AS82-AS1-20180127173930
2018-01-27 17:42:47.201;RC;AS82-AS1-20180127174045
2018-01-27 17:42:48.044;SS;AS82-AS1-20180127174045
2018-01-27 17:43:21.694;RO;AS82-AS1-20180127174203
2018-01-27 17:43:23.844;SP;AS82-AS1-20180127174203
2018-01-27 17:43:25.472;SQ;AS82-AS1-20180127174325
2018-01-27 17:43:54.862;RC;AS82-AS1-20180127174203
2018-01-27 17:43:56.285;SS;AS82-AS1-20180127174203
2018-01-27 17:44:10.162;RU;AS82-AS1-20180127174045
2018-01-27 17:44:12.558;VU;AS82-AS1-20180127174045
2018-01-27 17:44:51.403;RO;AS82-AS1-20180127174325
2018-01-27 17:44:52.386;SP;AS82-AS1-20180127174325
2018-01-27 17:44:53.960;SQ;AS82-AS1-20180127174453
2018-01-27 17:45:24.817;RU;AS82-AS1-20180127174203
2018-01-27 17:45:26.633;VU;AS82-AS1-20180127174203
2018-01-27 17:45:26.885;RC;AS82-AS1-20180127174325
2018-01-27 17:45:28.338;SS;AS82-AS1-20180127174325
2018-01-27 17:46:14.082;RO;AS82-AS1-20180127174453
2018-01-27 17:46:16.151;SP;AS82-AS1-20180127174453
2018-01-27 17:46:17.799;SQ;AS82-AS1-20180127174617
2018-01-27 17:46:48.752;RU;AS82-AS1-20180127174325
2018-01-27 17:46:50.549;VU;AS82-AS1-20180127174325
2018-01-27 17:47:00.909;RC;AS82-AS1-20180127174453
2018-01-27 17:47:01.747;SS;AS82-AS1-20180127174453
2018-01-27 17:47:37.129;RO;AS82-AS1-20180127174617
2018-01-27 17:47:38.195;SP;AS82-AS1-20180127174617
2018-01-27 17:47:39.793;SQ;AS82-AS1-20180127174739
2018-01-27 17:48:23.582;RC;AS82-AS1-20180127174617
2018-01-27 17:48:24.417;SS;AS82-AS1-20180127174617
2018-01-27 17:48:26.830;RU;AS82-AS1-20180127174453
2018-01-27 17:48:28.668;VU;AS82-AS1-20180127174453
2018-01-27 17:49:00.572;RO;AS82-AS1-20180127174739
2018-01-27 17:49:01.722;SP;AS82-AS1-20180127174739
2018-01-27 17:49:03.384;SQ;AS82-AS1-20180127174903
2018-01-27 17:49:46.266;RC;AS82-AS1-20180127174739
2018-01-27 17:49:47.059;SS;AS82-AS1-20180127174739
2018-01-27 17:50:05.311;RU;AS82-AS1-20180127174617
2018-01-27 17:50:07.124;VU;AS82-AS1-20180127174617
2018-01-27 17:50:24.877;RO;AS82-AS1-20180127174903
2018-01-27 17:50:26.780;SP;AS82-AS1-20180127174903
2018-01-27 17:50:28.762;SQ;AS82-AS1-20180127175028
2018-01-27 17:50:54.958;RU;AS82-AS1-20180127174739
2018-01-27 17:50:56.771;VU;AS82-AS1-20180127174739
2018-01-27 17:51:05.005;RC;AS82-AS1-20180127174903
2018-01-27 17:51:05.827;SS;AS82-AS1-20180127174903
2018-01-27 17:51:52.362;RO;AS82-AS1-20180127175028
2018-01-27 17:51:53.663;SP;AS82-AS1-20180127175028
2018-01-27 17:51:55.299;SQ;AS82-AS1-20180127175155
2018-01-27 17:52:30.774;RU;AS82-AS1-20180127174903
2018-01-27 17:52:32.613;VU;AS82-AS1-20180127174903
2018-01-27 17:52:38.344;RC;AS82-AS1-20180127175028
2018-01-27 17:52:39.157;SS;AS82-AS1-20180127175028
2018-01-27 17:53:11.053;RO;AS82-AS1-20180127175155
2018-01-27 17:53:12.237;SP;AS82-AS1-20180127175155
2018-01-27 17:53:13.868;SQ;AS82-AS1-20180127175313
2018-01-27 17:53:49.313;RC;AS82-AS1-20180127175155
2018-01-27 17:53:50.162;SS;AS82-AS1-20180127175155
2018-01-27 17:54:00.912;RU;AS82-AS1-20180127175028
2018-01-27 17:54:02.759;VU;AS82-AS1-20180127175028
2018-01-27 17:54:27.106;RO;AS82-AS1-20180127175313
2018-01-27 17:54:28.252;SP;AS82-AS1-20180127175313
2018-01-27 17:54:29.862;SQ;AS82-AS1-20180127175429
2018-01-27 17:54:59.450;RU;AS82-AS1-20180127175155
2018-01-27 17:55:01.277;VU;AS82-AS1-20180127175155
2018-01-27 17:55:10.510;RC;AS82-AS1-20180127175313
2018-01-27 17:55:11.328;SS;AS82-AS1-20180127175313
2018-01-27 17:55:46.824;RO;AS82-AS1-20180127175429
2018-01-27 17:55:47.737;SP;AS82-AS1-20180127175429
2018-01-27 17:55:49.317;SQ;AS82-AS1-20180127175549
2018-01-27 17:56:24.045;RU;AS82-AS1-20180127175313
2018-01-27 17:56:25.888;VU;AS82-AS1-20180127175313
2018-01-27 17:56:26.296;RC;AS82-AS1-20180127175429
2018-01-27 17:56:27.104;SS;AS82-AS1-20180127175429
2018-01-27 17:57:02.502;RO;AS82-AS1-20180127175549
2018-01-27 17:57:03.709;SP;AS82-AS1-20180127175549
2018-01-27 17:57:05.355;SQ;AS82-AS1-20180127175705
2018-01-27 17:57:32.387;RC;AS82-AS1-20180127175549
2018-01-27 17:57:33.200;SS;AS82-AS1-20180127175549
2018-01-27 17:57:49.461;RU;AS82-AS1-20180127175429
2018-01-27 17:57:51.278;VU;AS82-AS1-20180127175429
2018-01-27 17:58:20.075;RO;AS82-AS1-20180127175705
2018-01-27 17:58:21.252;SP;AS82-AS1-20180127175705
2018-01-27 17:58:22.868;SQ;AS82-AS1-20180127175822
2018-01-27 17:58:53.787;RC;AS82-AS1-20180127175705
2018-01-27 17:58:53.788;RU;AS82-AS1-20180127175549
2018-01-27 17:58:55.476;SS;AS82-AS1-20180127175705
2018-01-27 17:58:56.480;VU;AS82-AS1-20180127175549
2018-01-27 17:59:38.106;RO;AS82-AS1-20180127175822
2018-01-27 17:59:39.246;SP;AS82-AS1-20180127175822
2018-01-27 18:00:01.043;RU;AS82-AS1-20180127175705
2018-01-27 18:00:03.237;VU;AS82-AS1-20180127175705
2018-01-27 18:00:04.699;RC;AS82-AS1-20180127175822
2018-01-27 18:00:05.534;SS;AS82-AS1-20180127175822
2018-01-27 18:00:49.225;RU;AS82-AS1-20180127175822
2018-01-27 18:00:51.062;VU;AS82-AS1-20180127175822
