2018-01-27 17:18:31.345;SQ;AS83-AS1-20180127171831
2018-01-27 17:18:49.218;RO;AS83-AS1-20180127171831
2018-01-27 17:18:50.189;SP;AS83-AS1-20180127171831
2018-01-27 17:18:51.809;SQ;AS83-AS1-20180127171851
2018-01-27 17:19:12.775;RC;AS83-AS1-20180127171831
2018-01-27 17:19:14.076;SS;AS83-AS1-20180127171831
2018-01-27 17:19:47.641;RO;AS83-AS1-20180127171851
2018-01-27 17:19:48.673;SP;AS83-AS1-20180127171851
2018-01-27 17:19:50.241;SQ;AS83-AS1-20180127171950
2018-01-27 17:20:17.117;RU;AS83-AS1-20180127171831
2018-01-27 17:20:19.844;VU;AS83-AS1-20180127171831
2018-01-27 17:20:31.975;RC;AS83-AS1-20180127171851
2018-01-27 17:20:32.777;SS;AS83-AS1-20180127171851
2018-01-27 17:21:04.431;RO;AS83-AS1-20180127171950
2018-01-27 17:21:06.054;SP;AS83-AS1-20180127171950
2018-01-27 17:21:07.673;SQ;AS83-AS1-20180127172107
2018-01-27 17:21:43.007;RC;AS83-AS1-20180127171950
2018-01-27 17:21:43.784;SS;AS83-AS1-20180127171950
2018-01-27 17:21:54.267;RU;AS83-AS1-20180127171851
2018-01-27 17:21:56.059;VU;AS83-AS1-20180127171851
2018-01-27 17:23:03.506;RO;AS83-AS1-20180127172107
2018-01-27 17:23:03.514;RU;AS83-AS1-20180127171950
2018-01-27 17:23:05.172;SP;AS83-AS1-20180127172107
2018-01-27 17:23:05.794;VU;AS83-AS1-20180127171950
2018-01-27 17:23:06.792;SQ;AS83-AS1-20180127172306
2018-01-27 17:23:45.256;RC;AS83-AS1-20180127172107
2018-01-27 17:23:46.028;SS;AS83-AS1-20180127172107
2018-01-27 17:24:31.713;RO;AS83-AS1-20180127172306
2018-01-27 17:24:32.668;SP;AS83-AS1-20180127172306
2018-01-27 17:24:34.265;SQ;AS83-AS1-20180127172434
2018-01-27 17:25:00.189;RU;AS83-AS1-20180127172107
2018-01-27 17:25:02.007;VU;AS83-AS1-20180127172107
2018-01-27 17:25:17.139;RC;AS83-AS1-20180127172306
2018-01-27 17:25:17.939;SS;AS83-AS1-20180127172306
2018-01-27 17:25:46.616;RO;AS83-AS1-20180127172434
2018-01-27 17:25:47.639;SP;AS83-AS1-20180127172434
2018-01-27 17:25:49.245;SQ;AS83-AS1-20180127172549
2018-01-27 17:26:31.446;RC;AS83-AS1-20180127172434
2018-01-27 17:26:32.614;SS;AS83-AS1-20180127172434
2018-01-27 17:26:35.347;RU;AS83-AS1-20180127172306
2018-01-27 17:26:37.130;VU;AS83-AS1-20180127172306
2018-01-27 17:26:56.069;RO;AS83-AS1-20180127172549
2018-01-27 17:26:57.123;SP;AS83-AS1-20180127172549
2018-01-27 17:26:58.730;SQ;AS83-AS1-20180127172658
2018-01-27 17:27:42.328;RC;AS83-AS1-20180127172549
2018-01-27 17:27:43.124;SS;AS83-AS1-20180127172549
2018-01-27 17:27:48.411;RU;AS83-AS1-20180127172434
2018-01-27 17:27:50.202;VU;AS83-AS1-20180127172434
2018-01-27 17:28:25.165;RO;AS83-AS1-20180127172658
2018-01-27 17:28:26.108;SP;AS83-AS1-20180127172658
2018-01-27 17:28:27.687;SQ;AS83-AS1-20180127172827
2018-01-27 17:29:00.791;RU;AS83-AS1-20180127172549
2018-01-27 17:29:02.609;VU;AS83-AS1-20180127172549
2018-01-27 17:29:11.689;RC;AS83-AS1-20180127172658
2018-01-27 17:29:12.488;SS;AS83-AS1-20180127172658
2018-01-27 17:30:31.437;RO;AS83-AS1-20180127172827
2018-01-27 17:30:32.633;SP;AS83-AS1-20180127172827
2018-01-27 17:30:33.047;RU;AS83-AS1-20180127172658
2018-01-27 17:30:35.034;SQ;AS83-AS1-20180127173035
2018-01-27 17:30:35.677;VU;AS83-AS1-20180127172658
2018-01-27 17:31:21.476;RC;AS83-AS1-20180127172827
2018-01-27 17:31:22.245;SS;AS83-AS1-20180127172827
2018-01-27 17:32:26.959;RU;AS83-AS1-20180127172827
2018-01-27 17:33:09.629;RO;AS83-AS1-20180127173035
2018-01-27 17:33:10.698;SP;AS83-AS1-20180127173035
2018-01-27 17:33:12.950;SQ;AS83-AS1-20180127173312
2018-01-27 17:33:49.827;RC;AS83-AS1-20180127173035
2018-01-27 17:33:51.271;SS;AS83-AS1-20180127173035
2018-01-27 17:34:36.970;RO;AS83-AS1-20180127173312
2018-01-27 17:34:37.904;SP;AS83-AS1-20180127173312
2018-01-27 17:34:40.322;SQ;AS83-AS1-20180127173440
2018-01-27 17:35:13.381;RU;AS83-AS1-20180127173035
2018-01-27 17:35:15.572;VU;AS83-AS1-20180127173035
2018-01-27 17:35:19.877;RC;AS83-AS1-20180127173312
2018-01-27 17:35:22.357;SS;AS83-AS1-20180127173312
2018-01-27 17:36:02.341;RO;AS83-AS1-20180127173440
2018-01-27 17:36:03.643;SP;AS83-AS1-20180127173440
2018-01-27 17:36:06.435;SQ;AS83-AS1-20180127173606
2018-01-27 17:36:45.555;RU;AS83-AS1-20180127173312
2018-01-27 17:36:46.323;RC;AS83-AS1-20180127173440
2018-01-27 17:36:47.399;VU;AS83-AS1-20180127173312
2018-01-27 17:36:47.842;SS;AS83-AS1-20180127173440
2018-01-27 17:37:30.695;RO;AS83-AS1-20180127173606
2018-01-27 17:37:32.060;SP;AS83-AS1-20180127173606
2018-01-27 17:37:34.471;SQ;AS83-AS1-20180127173734
2018-01-27 17:38:09.338;RC;AS83-AS1-20180127173606
2018-01-27 17:38:11.698;SS;AS83-AS1-20180127173606
2018-01-27 17:38:14.193;RU;AS83-AS1-20180127173440
2018-01-27 17:38:16.260;VU;AS83-AS1-20180127173440
2018-01-27 17:38:50.944;RO;AS83-AS1-20180127173734
2018-01-27 17:38:51.950;SP;AS83-AS1-20180127173734
2018-01-27 17:38:54.347;SQ;AS83-AS1-20180127173854
2018-01-27 17:39:30.600;RU;AS83-AS1-20180127173606
2018-01-27 17:39:32.440;VU;AS83-AS1-20180127173606
2018-01-27 17:39:36.143;RC;AS83-AS1-20180127173734
2018-01-27 17:39:37.131;SS;AS83-AS1-20180127173734
2018-01-27 17:40:18.076;RO;AS83-AS1-20180127173854
2018-01-27 17:40:20.017;SP;AS83-AS1-20180127173854
2018-01-27 17:40:22.220;SQ;AS83-AS1-20180127174022
2018-01-27 17:40:57.330;RU;AS83-AS1-20180127173734
2018-01-27 17:40:59.554;VU;AS83-AS1-20180127173734
2018-01-27 17:41:01.593;RC;AS83-AS1-20180127173854
2018-01-27 17:41:03.778;SS;AS83-AS1-20180127173854
2018-01-27 17:41:46.862;RO;AS83-AS1-20180127174022
2018-01-27 17:41:48.303;SP;AS83-AS1-20180127174022
2018-01-27 17:41:52.250;SQ;AS83-AS1-20180127174152
2018-01-27 17:42:22.347;RC;AS83-AS1-20180127174022
2018-01-27 17:42:23.291;SS;AS83-AS1-20180127174022
2018-01-27 17:42:24.414;RU;AS83-AS1-20180127173854
2018-01-27 17:42:26.425;VU;AS83-AS1-20180127173854
2018-01-27 17:43:06.618;RO;AS83-AS1-20180127174152
2018-01-27 17:43:09.416;SP;AS83-AS1-20180127174152
2018-01-27 17:43:11.772;SQ;AS83-AS1-20180127174311
2018-01-27 17:43:51.162;RU;AS83-AS1-20180127174022
2018-01-27 17:43:53.346;VU;AS83-AS1-20180127174022
2018-01-27 17:44:25.226;RC;AS83-AS1-20180127174152
2018-01-27 17:44:26.763;RO;AS83-AS1-20180127174311
2018-01-27 17:44:28.015;SS;AS83-AS1-20180127174152
2018-01-27 17:44:28.477;SP;AS83-AS1-20180127174311
2018-01-27 17:44:30.900;SQ;AS83-AS1-20180127174430
2018-01-27 17:45:09.974;RC;AS83-AS1-20180127174311
2018-01-27 17:45:10.848;SS;AS83-AS1-20180127174311
2018-01-27 17:45:45.062;RU;AS83-AS1-20180127174152
2018-01-27 17:45:47.363;VU;AS83-AS1-20180127174152
2018-01-27 17:45:51.925;RO;AS83-AS1-20180127174430
2018-01-27 17:45:52.996;SP;AS83-AS1-20180127174430
2018-01-27 17:45:55.432;SQ;AS83-AS1-20180127174555
2018-01-27 17:46:26.865;RU;AS83-AS1-20180127174311
2018-01-27 17:46:28.792;VU;AS83-AS1-20180127174311
2018-01-27 17:46:29.239;RC;AS83-AS1-20180127174430
2018-01-27 17:46:30.893;SS;AS83-AS1-20180127174430
2018-01-27 17:47:11.534;RO;AS83-AS1-20180127174555
2018-01-27 17:47:12.524;SP;AS83-AS1-20180127174555
2018-01-27 17:47:14.745;SQ;AS83-AS1-20180127174714
2018-01-27 17:47:45.661;RU;AS83-AS1-20180127174430
2018-01-27 17:47:47.793;VU;AS83-AS1-20180127174430
2018-01-27 17:47:56.816;RC;AS83-AS1-20180127174555
2018-01-27 17:47:58.220;SS;AS83-AS1-20180127174555
2018-01-27 17:48:33.336;RO;AS83-AS1-20180127174714
2018-01-27 17:48:35.114;SP;AS83-AS1-20180127174714
2018-01-27 17:48:39.578;SQ;AS83-AS1-20180127174839
2018-01-27 17:49:15.730;RC;AS83-AS1-20180127174714
2018-01-27 17:49:16.789;SS;AS83-AS1-20180127174714
2018-01-27 17:49:24.657;RU;AS83-AS1-20180127174555
2018-01-27 17:49:27.213;VU;AS83-AS1-20180127174555
2018-01-27 17:50:02.454;RO;AS83-AS1-20180127174839
2018-01-27 17:50:04.212;SP;AS83-AS1-20180127174839
2018-01-27 17:50:06.620;SQ;AS83-AS1-20180127175006
2018-01-27 17:50:37.894;RU;AS83-AS1-20180127174714
2018-01-27 17:50:39.890;VU;AS83-AS1-20180127174714
2018-01-27 17:50:41.725;RC;AS83-AS1-20180127174839
2018-01-27 17:50:43.623;SS;AS83-AS1-20180127174839
2018-01-27 17:51:21.192;RO;AS83-AS1-20180127175006
2018-01-27 17:51:22.749;SP;AS83-AS1-20180127175006
2018-01-27 17:51:25.166;SQ;AS83-AS1-20180127175125
2018-01-27 17:52:06.464;RU;AS83-AS1-20180127174839
2018-01-27 17:52:09.054;VU;AS83-AS1-20180127174839
2018-01-27 17:52:38.049;RC;AS83-AS1-20180127175006
2018-01-27 17:52:39.356;SS;AS83-AS1-20180127175006
2018-01-27 17:52:39.473;RO;AS83-AS1-20180127175125
2018-01-27 17:52:41.015;SP;AS83-AS1-20180127175125
2018-01-27 17:52:43.279;SQ;AS83-AS1-20180127175243
2018-01-27 17:53:45.013;RC;AS83-AS1-20180127175125
2018-01-27 17:53:46.079;SS;AS83-AS1-20180127175125
2018-01-27 17:53:49.910;RU;AS83-AS1-20180127175006
2018-01-27 17:53:51.703;VU;AS83-AS1-20180127175006
2018-01-27 17:53:57.688;RO;AS83-AS1-20180127175243
2018-01-27 17:53:59.270;SP;AS83-AS1-20180127175243
2018-01-27 17:54:01.528;SQ;AS83-AS1-20180127175401
2018-01-27 17:54:28.789;RC;AS83-AS1-20180127175243
2018-01-27 17:54:29.645;SS;AS83-AS1-20180127175243
2018-01-27 17:55:02.477;RU;AS83-AS1-20180127175125
2018-01-27 17:55:05.780;VU;AS83-AS1-20180127175125
2018-01-27 17:55:19.083;RO;AS83-AS1-20180127175401
2018-01-27 17:55:20.943;SP;AS83-AS1-20180127175401
2018-01-27 17:55:24.473;SQ;AS83-AS1-20180127175524
2018-01-27 17:55:57.372;RC;AS83-AS1-20180127175401
2018-01-27 17:55:58.541;SS;AS83-AS1-20180127175401
2018-01-27 17:56:15.327;RU;AS83-AS1-20180127175243
2018-01-27 17:56:17.120;VU;AS83-AS1-20180127175243
2018-01-27 17:56:40.133;RO;AS83-AS1-20180127175524
2018-01-27 17:56:41.930;SP;AS83-AS1-20180127175524
2018-01-27 17:56:44.172;SQ;AS83-AS1-20180127175644
2018-01-27 17:57:20.489;RC;AS83-AS1-20180127175524
2018-01-27 17:57:21.296;SS;AS83-AS1-20180127175524
2018-01-27 17:57:22.367;RU;AS83-AS1-20180127175401
2018-01-27 17:57:24.161;VU;AS83-AS1-20180127175401
2018-01-27 17:57:59.639;RO;AS83-AS1-20180127175644
2018-01-27 17:58:01.191;SP;AS83-AS1-20180127175644
2018-01-27 17:58:03.415;SQ;AS83-AS1-20180127175803
2018-01-27 17:58:36.794;RU;AS83-AS1-20180127175524
2018-01-27 17:58:38.769;VU;AS83-AS1-20180127175524
2018-01-27 17:58:40.298;RC;AS83-AS1-20180127175644
2018-01-27 17:58:41.106;SS;AS83-AS1-20180127175644
2018-01-27 17:59:18.039;RO;AS83-AS1-20180127175803
2018-01-27 17:59:19.383;SP;AS83-AS1-20180127175803
2018-01-27 17:59:21.788;SQ;AS83-AS1-20180127175921
2018-01-27 17:59:45.172;RU;AS83-AS1-20180127175644
2018-01-27 17:59:48.236;VU;AS83-AS1-20180127175644
2018-01-27 17:59:51.466;RC;AS83-AS1-20180127175803
2018-01-27 17:59:53.043;SS;AS83-AS1-20180127175803
2018-01-27 18:00:17.930;RO;AS83-AS1-20180127175921
2018-01-27 18:00:19.947;SP;AS83-AS1-20180127175921
2018-01-27 18:00:41.018;RC;AS83-AS1-20180127175921
2018-01-27 18:00:41.529;RU;AS83-AS1-20180127175803
2018-01-27 18:00:44.347;SS;AS83-AS1-20180127175921
2018-01-27 18:00:46.188;VU;AS83-AS1-20180127175803
2018-01-27 18:01:06.665;RU;AS83-AS1-20180127175921
2018-01-27 18:01:10.420;VU;AS83-AS1-20180127175921
