2018-01-27 17:18:30.960;SQ;AS89-AS1-20180127171830
2018-01-27 17:19:03.676;RO;AS89-AS1-20180127171830
2018-01-27 17:19:04.824;SP;AS89-AS1-20180127171830
2018-01-27 17:19:06.487;SQ;AS89-AS1-20180127171906
2018-01-27 17:19:32.269;RC;AS89-AS1-20180127171830
2018-01-27 17:19:33.088;SS;AS89-AS1-20180127171830
2018-01-27 17:20:07.497;RO;AS89-AS1-20180127171906
2018-01-27 17:20:08.405;SP;AS89-AS1-20180127171906
2018-01-27 17:20:10.096;SQ;AS89-AS1-20180127172010
2018-01-27 17:20:49.432;RC;AS89-AS1-20180127171906
2018-01-27 17:20:50.656;RU;AS89-AS1-20180127171830
2018-01-27 17:20:51.800;SS;AS89-AS1-20180127171906
2018-01-27 17:20:53.290;VU;AS89-AS1-20180127171830
2018-01-27 17:21:19.058;RO;AS89-AS1-20180127172010
2018-01-27 17:21:20.314;SP;AS89-AS1-20180127172010
2018-01-27 17:21:23.163;SQ;AS89-AS1-20180127172123
2018-01-27 17:21:57.260;RC;AS89-AS1-20180127172010
2018-01-27 17:21:58.086;SS;AS89-AS1-20180127172010
2018-01-27 17:22:17.681;RU;AS89-AS1-20180127171906
2018-01-27 17:22:19.495;VU;AS89-AS1-20180127171906
2018-01-27 17:22:51.606;RO;AS89-AS1-20180127172123
2018-01-27 17:22:52.596;SP;AS89-AS1-20180127172123
2018-01-27 17:22:55.242;SQ;AS89-AS1-20180127172255
2018-01-27 17:23:17.028;RU;AS89-AS1-20180127172010
2018-01-27 17:23:18.855;VU;AS89-AS1-20180127172010
2018-01-27 17:23:37.655;RC;AS89-AS1-20180127172123
2018-01-27 17:23:38.500;SS;AS89-AS1-20180127172123
2018-01-27 17:24:16.063;RO;AS89-AS1-20180127172255
2018-01-27 17:24:17.145;SP;AS89-AS1-20180127172255
2018-01-27 17:24:18.828;SQ;AS89-AS1-20180127172418
2018-01-27 17:25:00.184;RC;AS89-AS1-20180127172255
2018-01-27 17:25:01.001;SS;AS89-AS1-20180127172255
2018-01-27 17:25:07.747;RU;AS89-AS1-20180127172123
2018-01-27 17:25:09.569;VU;AS89-AS1-20180127172123
2018-01-27 17:25:39.557;RO;AS89-AS1-20180127172418
2018-01-27 17:25:40.760;SP;AS89-AS1-20180127172418
2018-01-27 17:25:42.397;SQ;AS89-AS1-20180127172542
2018-01-27 17:26:16.843;RC;AS89-AS1-20180127172418
2018-01-27 17:26:18.538;SS;AS89-AS1-20180127172418
2018-01-27 17:26:21.999;RU;AS89-AS1-20180127172255
2018-01-27 17:26:23.835;VU;AS89-AS1-20180127172255
2018-01-27 17:26:57.955;RO;AS89-AS1-20180127172542
2018-01-27 17:26:58.836;SP;AS89-AS1-20180127172542
2018-01-27 17:27:00.496;SQ;AS89-AS1-20180127172700
2018-01-27 17:27:36.958;RU;AS89-AS1-20180127172418
2018-01-27 17:27:38.789;VU;AS89-AS1-20180127172418
2018-01-27 17:27:42.357;RC;AS89-AS1-20180127172542
2018-01-27 17:27:43.179;SS;AS89-AS1-20180127172542
2018-01-27 17:28:20.390;RO;AS89-AS1-20180127172700
2018-01-27 17:28:22.224;SP;AS89-AS1-20180127172700
2018-01-27 17:28:23.886;SQ;AS89-AS1-20180127172823
2018-01-27 17:28:59.073;RU;AS89-AS1-20180127172542
2018-01-27 17:29:00.896;VU;AS89-AS1-20180127172542
2018-01-27 17:29:07.732;RC;AS89-AS1-20180127172700
2018-01-27 17:29:09.404;SS;AS89-AS1-20180127172700
2018-01-27 17:29:59.299;RO;AS89-AS1-20180127172823
2018-01-27 17:30:00.325;SP;AS89-AS1-20180127172823
2018-01-27 17:30:01.979;SQ;AS89-AS1-20180127173001
2018-01-27 17:30:33.041;RU;AS89-AS1-20180127172700
2018-01-27 17:30:34.854;VU;AS89-AS1-20180127172700
2018-01-27 17:30:39.485;RC;AS89-AS1-20180127172823
2018-01-27 17:30:40.993;SS;AS89-AS1-20180127172823
2018-01-27 17:31:22.768;RO;AS89-AS1-20180127173001
2018-01-27 17:31:23.898;SP;AS89-AS1-20180127173001
2018-01-27 17:31:25.590;SQ;AS89-AS1-20180127173125
2018-01-27 17:32:04.635;RU;AS89-AS1-20180127172823
2018-01-27 17:32:06.476;VU;AS89-AS1-20180127172823
2018-01-27 17:32:10.450;RC;AS89-AS1-20180127173001
2018-01-27 17:32:11.288;SS;AS89-AS1-20180127173001
2018-01-27 17:32:42.771;RO;AS89-AS1-20180127173125
2018-01-27 17:32:44.693;SP;AS89-AS1-20180127173125
2018-01-27 17:32:47.307;SQ;AS89-AS1-20180127173247
2018-01-27 17:33:25.103;RC;AS89-AS1-20180127173125
2018-01-27 17:33:25.921;SS;AS89-AS1-20180127173125
2018-01-27 17:33:32.479;RU;AS89-AS1-20180127173001
2018-01-27 17:33:35.282;VU;AS89-AS1-20180127173001
2018-01-27 17:34:13.045;RO;AS89-AS1-20180127173247
2018-01-27 17:34:14.251;SP;AS89-AS1-20180127173247
2018-01-27 17:34:15.900;SQ;AS89-AS1-20180127173415
2018-01-27 17:34:54.761;RU;AS89-AS1-20180127173125
2018-01-27 17:34:56.258;RC;AS89-AS1-20180127173247
2018-01-27 17:34:56.607;VU;AS89-AS1-20180127173125
2018-01-27 17:34:57.111;SS;AS89-AS1-20180127173247
2018-01-27 17:35:35.404;RO;AS89-AS1-20180127173415
2018-01-27 17:35:37.198;SP;AS89-AS1-20180127173415
2018-01-27 17:35:39.263;SQ;AS89-AS1-20180127173539
2018-01-27 17:36:18.314;RC;AS89-AS1-20180127173415
2018-01-27 17:36:19.121;SS;AS89-AS1-20180127173415
2018-01-27 17:36:29.737;RU;AS89-AS1-20180127173247
2018-01-27 17:36:31.577;VU;AS89-AS1-20180127173247
2018-01-27 17:37:00.937;RO;AS89-AS1-20180127173539
2018-01-27 17:37:02.189;SP;AS89-AS1-20180127173539
2018-01-27 17:37:03.818;SQ;AS89-AS1-20180127173703
2018-01-27 17:37:46.302;RU;AS89-AS1-20180127173415
2018-01-27 17:37:46.908;RC;AS89-AS1-20180127173539
2018-01-27 17:37:47.954;SS;AS89-AS1-20180127173539
2018-01-27 17:37:48.329;VU;AS89-AS1-20180127173415
2018-01-27 17:38:36.206;RO;AS89-AS1-20180127173703
2018-01-27 17:38:37.253;SP;AS89-AS1-20180127173703
2018-01-27 17:38:38.919;SQ;AS89-AS1-20180127173838
2018-01-27 17:39:01.715;RU;AS89-AS1-20180127173539
2018-01-27 17:39:14.889;RC;AS89-AS1-20180127173703
2018-01-27 17:39:15.733;SS;AS89-AS1-20180127173703
2018-01-27 17:40:00.222;RO;AS89-AS1-20180127173838
2018-01-27 17:40:02.154;SP;AS89-AS1-20180127173838
2018-01-27 17:40:04.690;SQ;AS89-AS1-20180127174004
2018-01-27 17:40:38.130;RC;AS89-AS1-20180127173838
2018-01-27 17:40:39.497;SS;AS89-AS1-20180127173838
2018-01-27 17:40:44.173;RU;AS89-AS1-20180127173703
2018-01-27 17:40:46.436;VU;AS89-AS1-20180127173703
2018-01-27 17:41:32.168;RO;AS89-AS1-20180127174004
2018-01-27 17:41:33.762;SP;AS89-AS1-20180127174004
2018-01-27 17:41:38.041;SQ;AS89-AS1-20180127174138
2018-01-27 17:42:00.393;RU;AS89-AS1-20180127173838
2018-01-27 17:42:02.707;VU;AS89-AS1-20180127173838
2018-01-27 17:42:12.518;RC;AS89-AS1-20180127174004
2018-01-27 17:42:13.589;SS;AS89-AS1-20180127174004
2018-01-27 17:42:59.253;RO;AS89-AS1-20180127174138
2018-01-27 17:43:01.040;SP;AS89-AS1-20180127174138
2018-01-27 17:43:03.343;SQ;AS89-AS1-20180127174303
2018-01-27 17:43:33.567;RU;AS89-AS1-20180127174004
2018-01-27 17:43:35.587;VU;AS89-AS1-20180127174004
2018-01-27 17:43:40.696;RC;AS89-AS1-20180127174138
2018-01-27 17:43:42.135;SS;AS89-AS1-20180127174138
2018-01-27 17:44:19.524;RO;AS89-AS1-20180127174303
2018-01-27 17:44:21.635;SP;AS89-AS1-20180127174303
2018-01-27 17:44:23.893;SQ;AS89-AS1-20180127174423
2018-01-27 17:44:59.202;RC;AS89-AS1-20180127174303
2018-01-27 17:45:00.708;SS;AS89-AS1-20180127174303
2018-01-27 17:45:14.483;RU;AS89-AS1-20180127174138
2018-01-27 17:45:16.947;VU;AS89-AS1-20180127174138
2018-01-27 17:45:46.550;RO;AS89-AS1-20180127174423
2018-01-27 17:45:47.855;SP;AS89-AS1-20180127174423
2018-01-27 17:45:50.406;SQ;AS89-AS1-20180127174550
2018-01-27 17:46:16.752;RU;AS89-AS1-20180127174303
2018-01-27 17:46:18.838;VU;AS89-AS1-20180127174303
2018-01-27 17:46:30.666;RC;AS89-AS1-20180127174423
2018-01-27 17:46:33.109;SS;AS89-AS1-20180127174423
2018-01-27 17:46:57.627;RO;AS89-AS1-20180127174550
2018-01-27 17:46:59.131;SP;AS89-AS1-20180127174550
2018-01-27 17:47:01.649;SQ;AS89-AS1-20180127174701
2018-01-27 17:47:40.125;RC;AS89-AS1-20180127174550
2018-01-27 17:47:41.485;SS;AS89-AS1-20180127174550
2018-01-27 17:47:52.895;RU;AS89-AS1-20180127174423
2018-01-27 17:47:54.724;VU;AS89-AS1-20180127174423
2018-01-27 17:48:53.190;RO;AS89-AS1-20180127174701
2018-01-27 17:48:54.679;SP;AS89-AS1-20180127174701
2018-01-27 17:48:56.972;SQ;AS89-AS1-20180127174856
2018-01-27 17:49:04.646;RU;AS89-AS1-20180127174550
2018-01-27 17:49:06.638;VU;AS89-AS1-20180127174550
2018-01-27 17:49:29.407;RC;AS89-AS1-20180127174701
2018-01-27 17:49:31.113;SS;AS89-AS1-20180127174701
2018-01-27 17:50:28.218;RO;AS89-AS1-20180127174856
2018-01-27 17:50:29.923;SP;AS89-AS1-20180127174856
2018-01-27 17:50:32.290;SQ;AS89-AS1-20180127175032
2018-01-27 17:50:58.734;RU;AS89-AS1-20180127174701
2018-01-27 17:51:01.050;VU;AS89-AS1-20180127174701
2018-01-27 17:51:10.917;RC;AS89-AS1-20180127174856
2018-01-27 17:51:12.566;SS;AS89-AS1-20180127174856
2018-01-27 17:52:01.703;RO;AS89-AS1-20180127175032
2018-01-27 17:52:03.238;SP;AS89-AS1-20180127175032
2018-01-27 17:52:05.590;SQ;AS89-AS1-20180127175205
2018-01-27 17:52:31.993;RU;AS89-AS1-20180127174856
2018-01-27 17:52:34.127;VU;AS89-AS1-20180127174856
2018-01-27 17:52:40.350;RC;AS89-AS1-20180127175032
2018-01-27 17:52:41.820;SS;AS89-AS1-20180127175032
2018-01-27 17:53:12.558;RO;AS89-AS1-20180127175205
2018-01-27 17:53:13.519;SP;AS89-AS1-20180127175205
2018-01-27 17:53:16.544;SQ;AS89-AS1-20180127175316
2018-01-27 17:53:55.494;RC;AS89-AS1-20180127175205
2018-01-27 17:53:56.718;SS;AS89-AS1-20180127175205
2018-01-27 17:53:58.637;RU;AS89-AS1-20180127175032
2018-01-27 17:54:00.845;VU;AS89-AS1-20180127175032
2018-01-27 17:54:27.109;RO;AS89-AS1-20180127175316
2018-01-27 17:54:28.430;SP;AS89-AS1-20180127175316
2018-01-27 17:54:30.952;SQ;AS89-AS1-20180127175430
2018-01-27 17:55:10.516;RC;AS89-AS1-20180127175316
2018-01-27 17:55:12.008;SS;AS89-AS1-20180127175316
2018-01-27 17:55:13.325;RU;AS89-AS1-20180127175205
2018-01-27 17:55:15.410;VU;AS89-AS1-20180127175205
2018-01-27 17:55:56.645;RO;AS89-AS1-20180127175430
2018-01-27 17:55:58.238;SP;AS89-AS1-20180127175430
2018-01-27 17:56:00.649;SQ;AS89-AS1-20180127175600
2018-01-27 17:56:32.784;RU;AS89-AS1-20180127175316
2018-01-27 17:56:34.864;VU;AS89-AS1-20180127175316
2018-01-27 17:56:40.126;RC;AS89-AS1-20180127175430
2018-01-27 17:56:41.581;SS;AS89-AS1-20180127175430
2018-01-27 17:57:20.213;RO;AS89-AS1-20180127175600
2018-01-27 17:57:21.467;SP;AS89-AS1-20180127175600
2018-01-27 17:57:23.861;SQ;AS89-AS1-20180127175723
2018-01-27 17:58:04.027;RC;AS89-AS1-20180127175600
2018-01-27 17:58:04.027;RU;AS89-AS1-20180127175430
2018-01-27 17:58:06.319;SS;AS89-AS1-20180127175600
2018-01-27 17:58:07.320;VU;AS89-AS1-20180127175430
2018-01-27 17:58:36.260;RO;AS89-AS1-20180127175723
2018-01-27 17:58:38.027;SP;AS89-AS1-20180127175723
2018-01-27 17:58:40.400;SQ;AS89-AS1-20180127175840
2018-01-27 17:59:14.841;RC;AS89-AS1-20180127175723
2018-01-27 17:59:15.693;SS;AS89-AS1-20180127175723
2018-01-27 17:59:22.690;RU;AS89-AS1-20180127175600
2018-01-27 17:59:24.879;VU;AS89-AS1-20180127175600
2018-01-27 17:59:43.499;RO;AS89-AS1-20180127175840
2018-01-27 17:59:47.336;SP;AS89-AS1-20180127175840
2018-01-27 18:00:13.089;RC;AS89-AS1-20180127175840
2018-01-27 18:00:14.502;SS;AS89-AS1-20180127175840
2018-01-27 18:00:21.003;RU;AS89-AS1-20180127175723
2018-01-27 18:00:23.066;VU;AS89-AS1-20180127175723
2018-01-27 18:00:58.178;RU;AS89-AS1-20180127175840
2018-01-27 18:01:00.963;VU;AS89-AS1-20180127175840
