2018-01-27 17:18:36.835;SQ;AS9-AS1-20180127171836
2018-01-27 17:19:14.849;RO;AS9-AS1-20180127171836
2018-01-27 17:19:15.731;SP;AS9-AS1-20180127171836
2018-01-27 17:19:17.426;SQ;AS9-AS1-20180127171917
2018-01-27 17:19:40.201;RC;AS9-AS1-20180127171836
2018-01-27 17:19:41.090;SS;AS9-AS1-20180127171836
2018-01-27 17:20:31.735;RO;AS9-AS1-20180127171917
2018-01-27 17:20:32.883;SP;AS9-AS1-20180127171917
2018-01-27 17:20:36.043;SQ;AS9-AS1-20180127172036
2018-01-27 17:20:43.116;RU;AS9-AS1-20180127171836
2018-01-27 17:20:44.962;VU;AS9-AS1-20180127171836
2018-01-27 17:21:12.063;RC;AS9-AS1-20180127171917
2018-01-27 17:21:12.919;SS;AS9-AS1-20180127171917
2018-01-27 17:21:51.658;RO;AS9-AS1-20180127172036
2018-01-27 17:21:53.600;SP;AS9-AS1-20180127172036
2018-01-27 17:21:55.325;SQ;AS9-AS1-20180127172155
2018-01-27 17:22:32.649;RU;AS9-AS1-20180127171917
2018-01-27 17:22:34.506;VU;AS9-AS1-20180127171917
2018-01-27 17:22:38.529;RC;AS9-AS1-20180127172036
2018-01-27 17:22:40.152;SS;AS9-AS1-20180127172036
2018-01-27 17:23:15.013;RO;AS9-AS1-20180127172155
2018-01-27 17:23:16.286;SP;AS9-AS1-20180127172155
2018-01-27 17:23:18.028;SQ;AS9-AS1-20180127172318
2018-01-27 17:23:51.485;RC;AS9-AS1-20180127172155
2018-01-27 17:23:52.355;SS;AS9-AS1-20180127172155
2018-01-27 17:23:55.467;RU;AS9-AS1-20180127172036
2018-01-27 17:23:58.264;VU;AS9-AS1-20180127172036
2018-01-27 17:24:37.140;RO;AS9-AS1-20180127172318
2018-01-27 17:24:38.465;SP;AS9-AS1-20180127172318
2018-01-27 17:24:40.158;SQ;AS9-AS1-20180127172440
2018-01-27 17:25:08.180;RU;AS9-AS1-20180127172155
2018-01-27 17:25:10.021;VU;AS9-AS1-20180127172155
2018-01-27 17:25:15.225;RC;AS9-AS1-20180127172318
2018-01-27 17:25:16.076;SS;AS9-AS1-20180127172318
2018-01-27 17:26:10.775;RO;AS9-AS1-20180127172440
2018-01-27 17:26:12.141;SP;AS9-AS1-20180127172440
2018-01-27 17:26:13.852;SQ;AS9-AS1-20180127172613
2018-01-27 17:26:42.823;RU;AS9-AS1-20180127172318
2018-01-27 17:26:44.706;VU;AS9-AS1-20180127172318
2018-01-27 17:26:55.643;RC;AS9-AS1-20180127172440
2018-01-27 17:26:56.496;SS;AS9-AS1-20180127172440
2018-01-27 17:27:42.171;RO;AS9-AS1-20180127172613
2018-01-27 17:27:43.295;SP;AS9-AS1-20180127172613
2018-01-27 17:27:44.986;SQ;AS9-AS1-20180127172744
2018-01-27 17:28:21.685;RU;AS9-AS1-20180127172440
2018-01-27 17:28:23.531;VU;AS9-AS1-20180127172440
2018-01-27 17:28:31.701;RC;AS9-AS1-20180127172613
2018-01-27 17:28:32.566;SS;AS9-AS1-20180127172613
2018-01-27 17:28:59.206;RO;AS9-AS1-20180127172744
2018-01-27 17:29:00.439;SP;AS9-AS1-20180127172744
2018-01-27 17:29:02.151;SQ;AS9-AS1-20180127172902
2018-01-27 17:29:41.666;RC;AS9-AS1-20180127172744
2018-01-27 17:29:42.547;SS;AS9-AS1-20180127172744
2018-01-27 17:30:03.879;RU;AS9-AS1-20180127172613
2018-01-27 17:30:05.744;VU;AS9-AS1-20180127172613
2018-01-27 17:30:22.663;RO;AS9-AS1-20180127172902
2018-01-27 17:30:24.380;SP;AS9-AS1-20180127172902
2018-01-27 17:30:26.795;SQ;AS9-AS1-20180127173026
2018-01-27 17:31:07.929;RC;AS9-AS1-20180127172902
2018-01-27 17:31:08.805;SS;AS9-AS1-20180127172902
2018-01-27 17:31:26.990;RU;AS9-AS1-20180127172744
2018-01-27 17:31:29.853;VU;AS9-AS1-20180127172744
2018-01-27 17:31:38.317;RO;AS9-AS1-20180127173026
2018-01-27 17:31:39.231;SP;AS9-AS1-20180127173026
2018-01-27 17:31:40.937;SQ;AS9-AS1-20180127173140
2018-01-27 17:32:23.822;RC;AS9-AS1-20180127173026
2018-01-27 17:32:24.688;SS;AS9-AS1-20180127173026
2018-01-27 17:32:31.828;RU;AS9-AS1-20180127172902
2018-01-27 17:32:33.684;VU;AS9-AS1-20180127172902
2018-01-27 17:33:05.326;RO;AS9-AS1-20180127173140
2018-01-27 17:33:06.386;SP;AS9-AS1-20180127173140
2018-01-27 17:33:08.101;SQ;AS9-AS1-20180127173308
2018-01-27 17:33:45.018;RC;AS9-AS1-20180127173140
2018-01-27 17:33:45.854;SS;AS9-AS1-20180127173140
2018-01-27 17:33:48.593;RU;AS9-AS1-20180127173026
2018-01-27 17:33:50.421;VU;AS9-AS1-20180127173026
2018-01-27 17:34:27.278;RO;AS9-AS1-20180127173308
2018-01-27 17:34:28.549;SP;AS9-AS1-20180127173308
2018-01-27 17:34:30.253;SQ;AS9-AS1-20180127173430
2018-01-27 17:35:12.432;RU;AS9-AS1-20180127173140
2018-01-27 17:35:12.796;RC;AS9-AS1-20180127173308
2018-01-27 17:35:14.126;SS;AS9-AS1-20180127173308
2018-01-27 17:35:14.678;VU;AS9-AS1-20180127173140
2018-01-27 17:35:46.689;RO;AS9-AS1-20180127173430
2018-01-27 17:35:47.697;SP;AS9-AS1-20180127173430
2018-01-27 17:35:49.447;SQ;AS9-AS1-20180127173549
2018-01-27 17:36:30.898;RC;AS9-AS1-20180127173430
2018-01-27 17:36:31.761;SS;AS9-AS1-20180127173430
2018-01-27 17:36:38.724;RU;AS9-AS1-20180127173308
2018-01-27 17:36:40.591;VU;AS9-AS1-20180127173308
2018-01-27 17:37:05.754;RO;AS9-AS1-20180127173549
2018-01-27 17:37:07.529;SP;AS9-AS1-20180127173549
2018-01-27 17:37:10.135;SQ;AS9-AS1-20180127173710
2018-01-27 17:37:47.883;RC;AS9-AS1-20180127173549
2018-01-27 17:37:48.732;SS;AS9-AS1-20180127173549
2018-01-27 17:37:55.564;RU;AS9-AS1-20180127173430
2018-01-27 17:37:57.411;VU;AS9-AS1-20180127173430
2018-01-27 17:38:26.365;RO;AS9-AS1-20180127173710
2018-01-27 17:38:27.569;SP;AS9-AS1-20180127173710
2018-01-27 17:38:29.298;SQ;AS9-AS1-20180127173829
2018-01-27 17:39:03.415;RC;AS9-AS1-20180127173710
2018-01-27 17:39:04.261;SS;AS9-AS1-20180127173710
2018-01-27 17:39:19.409;RU;AS9-AS1-20180127173549
2018-01-27 17:39:21.277;VU;AS9-AS1-20180127173549
2018-01-27 17:39:53.588;RO;AS9-AS1-20180127173829
2018-01-27 17:39:54.729;SP;AS9-AS1-20180127173829
2018-01-27 17:39:56.422;SQ;AS9-AS1-20180127173956
2018-01-27 17:40:27.761;RU;AS9-AS1-20180127173710
2018-01-27 17:40:29.598;VU;AS9-AS1-20180127173710
2018-01-27 17:40:33.133;RC;AS9-AS1-20180127173829
2018-01-27 17:40:34.446;SS;AS9-AS1-20180127173829
2018-01-27 17:41:12.607;RO;AS9-AS1-20180127173956
2018-01-27 17:41:13.872;SP;AS9-AS1-20180127173956
2018-01-27 17:41:15.572;SQ;AS9-AS1-20180127174115
2018-01-27 17:41:49.399;RU;AS9-AS1-20180127173829
2018-01-27 17:41:51.052;RC;AS9-AS1-20180127173956
2018-01-27 17:41:51.920;VU;AS9-AS1-20180127173829
2018-01-27 17:41:52.789;SS;AS9-AS1-20180127173956
2018-01-27 17:42:30.201;RO;AS9-AS1-20180127174115
2018-01-27 17:42:31.531;SP;AS9-AS1-20180127174115
2018-01-27 17:42:33.253;SQ;AS9-AS1-20180127174233
2018-01-27 17:43:06.391;RC;AS9-AS1-20180127174115
2018-01-27 17:43:08.194;SS;AS9-AS1-20180127174115
2018-01-27 17:43:15.414;RU;AS9-AS1-20180127173956
2018-01-27 17:43:17.266;VU;AS9-AS1-20180127173956
2018-01-27 17:43:52.828;RO;AS9-AS1-20180127174233
2018-01-27 17:43:53.828;SP;AS9-AS1-20180127174233
2018-01-27 17:43:57.349;SQ;AS9-AS1-20180127174357
2018-01-27 17:44:34.227;RU;AS9-AS1-20180127174115
2018-01-27 17:44:34.269;RC;AS9-AS1-20180127174233
2018-01-27 17:44:35.943;SS;AS9-AS1-20180127174233
2018-01-27 17:44:36.941;VU;AS9-AS1-20180127174115
2018-01-27 17:45:11.783;RO;AS9-AS1-20180127174357
2018-01-27 17:45:13.711;SP;AS9-AS1-20180127174357
2018-01-27 17:45:16.448;SQ;AS9-AS1-20180127174516
2018-01-27 17:45:42.697;RU;AS9-AS1-20180127174233
2018-01-27 17:45:45.453;VU;AS9-AS1-20180127174233
2018-01-27 17:45:53.571;RC;AS9-AS1-20180127174357
2018-01-27 17:45:54.437;SS;AS9-AS1-20180127174357
2018-01-27 17:46:31.283;RO;AS9-AS1-20180127174516
2018-01-27 17:46:32.379;SP;AS9-AS1-20180127174516
2018-01-27 17:46:34.061;SQ;AS9-AS1-20180127174634
2018-01-27 17:47:15.706;RC;AS9-AS1-20180127174516
2018-01-27 17:47:16.565;SS;AS9-AS1-20180127174516
2018-01-27 17:47:45.084;RU;AS9-AS1-20180127174357
2018-01-27 17:47:46.940;VU;AS9-AS1-20180127174357
2018-01-27 17:47:56.462;RO;AS9-AS1-20180127174634
2018-01-27 17:47:57.485;SP;AS9-AS1-20180127174634
2018-01-27 17:47:59.204;SQ;AS9-AS1-20180127174759
2018-01-27 17:48:30.209;RC;AS9-AS1-20180127174634
2018-01-27 17:48:31.076;SS;AS9-AS1-20180127174634
2018-01-27 17:48:43.158;RU;AS9-AS1-20180127174516
2018-01-27 17:48:45.023;VU;AS9-AS1-20180127174516
2018-01-27 17:49:10.407;RO;AS9-AS1-20180127174759
2018-01-27 17:49:11.647;SP;AS9-AS1-20180127174759
2018-01-27 17:49:13.352;SQ;AS9-AS1-20180127174913
2018-01-27 17:49:51.980;RC;AS9-AS1-20180127174759
2018-01-27 17:49:52.848;SS;AS9-AS1-20180127174759
2018-01-27 17:50:02.643;RU;AS9-AS1-20180127174634
2018-01-27 17:50:04.493;VU;AS9-AS1-20180127174634
2018-01-27 17:50:28.274;RO;AS9-AS1-20180127174913
2018-01-27 17:50:29.294;SP;AS9-AS1-20180127174913
2018-01-27 17:50:31.002;SQ;AS9-AS1-20180127175031
2018-01-27 17:51:09.735;RC;AS9-AS1-20180127174913
2018-01-27 17:51:10.585;SS;AS9-AS1-20180127174913
2018-01-27 17:51:10.634;RU;AS9-AS1-20180127174759
2018-01-27 17:51:12.491;VU;AS9-AS1-20180127174759
2018-01-27 17:51:51.845;RO;AS9-AS1-20180127175031
2018-01-27 17:51:52.935;SP;AS9-AS1-20180127175031
2018-01-27 17:51:54.676;SQ;AS9-AS1-20180127175154
2018-01-27 17:52:33.621;RC;AS9-AS1-20180127175031
2018-01-27 17:52:34.460;SS;AS9-AS1-20180127175031
2018-01-27 17:52:38.005;RU;AS9-AS1-20180127174913
2018-01-27 17:52:39.840;VU;AS9-AS1-20180127174913
2018-01-27 17:53:12.269;RO;AS9-AS1-20180127175154
2018-01-27 17:53:13.619;SP;AS9-AS1-20180127175154
2018-01-27 17:53:15.310;SQ;AS9-AS1-20180127175315
2018-01-27 17:53:54.335;RC;AS9-AS1-20180127175154
2018-01-27 17:53:55.211;SS;AS9-AS1-20180127175154
2018-01-27 17:54:28.998;RU;AS9-AS1-20180127175031
2018-01-27 17:54:30.136;RO;AS9-AS1-20180127175315
2018-01-27 17:54:30.844;VU;AS9-AS1-20180127175031
2018-01-27 17:54:31.236;SP;AS9-AS1-20180127175315
2018-01-27 17:54:33.400;SQ;AS9-AS1-20180127175433
2018-01-27 17:55:04.744;RU;AS9-AS1-20180127175154
2018-01-27 17:55:06.598;VU;AS9-AS1-20180127175154
2018-01-27 17:55:16.696;RC;AS9-AS1-20180127175315
2018-01-27 17:55:17.571;SS;AS9-AS1-20180127175315
2018-01-27 17:55:51.574;RO;AS9-AS1-20180127175433
2018-01-27 17:55:52.864;SP;AS9-AS1-20180127175433
2018-01-27 17:55:54.594;SQ;AS9-AS1-20180127175554
2018-01-27 17:56:31.387;RU;AS9-AS1-20180127175315
2018-01-27 17:56:33.252;VU;AS9-AS1-20180127175315
2018-01-27 17:57:05.313;RC;AS9-AS1-20180127175433
2018-01-27 17:57:06.150;SS;AS9-AS1-20180127175433
2018-01-27 17:57:16.831;RO;AS9-AS1-20180127175554
2018-01-27 17:57:18.032;SP;AS9-AS1-20180127175554
2018-01-27 17:57:19.768;SQ;AS9-AS1-20180127175719
2018-01-27 17:57:56.460;RC;AS9-AS1-20180127175554
2018-01-27 17:57:57.306;SS;AS9-AS1-20180127175554
2018-01-27 17:58:26.280;RU;AS9-AS1-20180127175433
2018-01-27 17:58:29.089;VU;AS9-AS1-20180127175433
2018-01-27 17:58:36.822;RO;AS9-AS1-20180127175719
2018-01-27 17:58:37.710;SP;AS9-AS1-20180127175719
2018-01-27 17:59:08.909;RU;AS9-AS1-20180127175554
2018-01-27 17:59:10.747;VU;AS9-AS1-20180127175554
2018-01-27 17:59:12.251;RC;AS9-AS1-20180127175719
2018-01-27 17:59:13.960;SS;AS9-AS1-20180127175719
2018-01-27 18:00:14.941;RU;AS9-AS1-20180127175719
2018-01-27 18:00:17.396;VU;AS9-AS1-20180127175719
