2018-01-27 17:18:33.414;SQ;AS91-AS1-20180127171833
2018-01-27 17:19:01.995;RO;AS91-AS1-20180127171833
2018-01-27 17:19:03.237;SP;AS91-AS1-20180127171833
2018-01-27 17:19:04.801;SQ;AS91-AS1-20180127171904
2018-01-27 17:19:23.734;RC;AS91-AS1-20180127171833
2018-01-27 17:19:24.490;SS;AS91-AS1-20180127171833
2018-01-27 17:20:01.769;RO;AS91-AS1-20180127171904
2018-01-27 17:20:02.634;SP;AS91-AS1-20180127171904
2018-01-27 17:20:04.123;SQ;AS91-AS1-20180127172004
2018-01-27 17:20:35.384;RC;AS91-AS1-20180127171904
2018-01-27 17:20:36.155;SS;AS91-AS1-20180127171904
2018-01-27 17:20:40.797;RU;AS91-AS1-20180127171833
2018-01-27 17:20:42.560;VU;AS91-AS1-20180127171833
2018-01-27 17:21:19.657;RO;AS91-AS1-20180127172004
2018-01-27 17:21:21.264;SP;AS91-AS1-20180127172004
2018-01-27 17:21:23.377;SQ;AS91-AS1-20180127172123
2018-01-27 17:21:55.047;RU;AS91-AS1-20180127171904
2018-01-27 17:21:56.800;VU;AS91-AS1-20180127171904
2018-01-27 17:22:01.757;RC;AS91-AS1-20180127172004
2018-01-27 17:22:02.527;SS;AS91-AS1-20180127172004
2018-01-27 17:22:41.878;RO;AS91-AS1-20180127172123
2018-01-27 17:22:42.756;SP;AS91-AS1-20180127172123
2018-01-27 17:22:44.279;SQ;AS91-AS1-20180127172244
2018-01-27 17:23:34.444;RU;AS91-AS1-20180127172004
2018-01-27 17:23:34.445;RC;AS91-AS1-20180127172123
2018-01-27 17:23:35.978;SS;AS91-AS1-20180127172123
2018-01-27 17:23:36.977;VU;AS91-AS1-20180127172004
2018-01-27 17:24:02.211;RO;AS91-AS1-20180127172244
2018-01-27 17:24:03.126;SP;AS91-AS1-20180127172244
2018-01-27 17:24:04.656;SQ;AS91-AS1-20180127172404
2018-01-27 17:24:46.607;RC;AS91-AS1-20180127172244
2018-01-27 17:24:47.371;SS;AS91-AS1-20180127172244
2018-01-27 17:25:10.733;RU;AS91-AS1-20180127172123
2018-01-27 17:25:12.491;VU;AS91-AS1-20180127172123
2018-01-27 17:26:02.243;RO;AS91-AS1-20180127172404
2018-01-27 17:26:03.104;SP;AS91-AS1-20180127172404
2018-01-27 17:26:04.645;SQ;AS91-AS1-20180127172604
2018-01-27 17:26:20.364;RU;AS91-AS1-20180127172244
2018-01-27 17:26:22.126;VU;AS91-AS1-20180127172244
2018-01-27 17:26:37.151;RC;AS91-AS1-20180127172404
2018-01-27 17:26:37.925;SS;AS91-AS1-20180127172404
2018-01-27 17:27:31.113;RO;AS91-AS1-20180127172604
2018-01-27 17:27:32.012;SP;AS91-AS1-20180127172604
2018-01-27 17:27:33.526;SQ;AS91-AS1-20180127172733
2018-01-27 17:27:55.178;RU;AS91-AS1-20180127172404
2018-01-27 17:27:56.938;VU;AS91-AS1-20180127172404
2018-01-27 17:28:08.194;RC;AS91-AS1-20180127172604
2018-01-27 17:28:08.996;SS;AS91-AS1-20180127172604
2018-01-27 17:28:40.397;RO;AS91-AS1-20180127172733
2018-01-27 17:28:41.378;SP;AS91-AS1-20180127172733
2018-01-27 17:28:42.855;SQ;AS91-AS1-20180127172842
2018-01-27 17:29:20.172;RU;AS91-AS1-20180127172604
2018-01-27 17:29:21.928;VU;AS91-AS1-20180127172604
2018-01-27 17:29:25.470;RC;AS91-AS1-20180127172733
2018-01-27 17:29:26.245;SS;AS91-AS1-20180127172733
2018-01-27 17:30:00.996;RO;AS91-AS1-20180127172842
2018-01-27 17:30:02.264;SP;AS91-AS1-20180127172842
2018-01-27 17:30:03.893;SQ;AS91-AS1-20180127173003
2018-01-27 17:30:37.077;RC;AS91-AS1-20180127172842
2018-01-27 17:30:37.844;SS;AS91-AS1-20180127172842
2018-01-27 17:30:51.836;RU;AS91-AS1-20180127172733
2018-01-27 17:30:53.612;VU;AS91-AS1-20180127172733
2018-01-27 17:31:21.069;RO;AS91-AS1-20180127173003
2018-01-27 17:31:22.255;SP;AS91-AS1-20180127173003
2018-01-27 17:31:23.794;SQ;AS91-AS1-20180127173123
2018-01-27 17:31:59.183;RU;AS91-AS1-20180127172842
2018-01-27 17:32:04.565;RC;AS91-AS1-20180127173003
2018-01-27 17:32:06.127;SS;AS91-AS1-20180127173003
2018-01-27 17:32:46.164;RO;AS91-AS1-20180127173123
2018-01-27 17:32:47.772;SP;AS91-AS1-20180127173123
2018-01-27 17:32:49.700;SQ;AS91-AS1-20180127173249
2018-01-27 17:33:28.551;RU;AS91-AS1-20180127173003
2018-01-27 17:33:30.294;VU;AS91-AS1-20180127173003
2018-01-27 17:33:30.874;RC;AS91-AS1-20180127173123
2018-01-27 17:33:32.498;SS;AS91-AS1-20180127173123
2018-01-27 17:34:14.629;RO;AS91-AS1-20180127173249
2018-01-27 17:34:16.387;SP;AS91-AS1-20180127173249
2018-01-27 17:34:19.160;SQ;AS91-AS1-20180127173419
2018-01-27 17:34:46.137;RU;AS91-AS1-20180127173123
2018-01-27 17:35:00.037;RC;AS91-AS1-20180127173249
2018-01-27 17:35:01.292;SS;AS91-AS1-20180127173249
2018-01-27 17:35:46.503;RO;AS91-AS1-20180127173419
2018-01-27 17:35:48.674;SP;AS91-AS1-20180127173419
2018-01-27 17:35:53.396;SQ;AS91-AS1-20180127173553
2018-01-27 17:36:18.801;RC;AS91-AS1-20180127173419
2018-01-27 17:36:20.219;SS;AS91-AS1-20180127173419
2018-01-27 17:36:33.035;RU;AS91-AS1-20180127173249
2018-01-27 17:36:35.947;VU;AS91-AS1-20180127173249
2018-01-27 17:37:14.753;RO;AS91-AS1-20180127173553
2018-01-27 17:37:16.600;SP;AS91-AS1-20180127173553
2018-01-27 17:37:19.964;SQ;AS91-AS1-20180127173719
2018-01-27 17:37:46.521;RU;AS91-AS1-20180127173419
2018-01-27 17:37:49.281;VU;AS91-AS1-20180127173419
2018-01-27 17:38:37.721;RC;AS91-AS1-20180127173553
2018-01-27 17:38:39.480;SS;AS91-AS1-20180127173553
2018-01-27 17:38:42.282;RO;AS91-AS1-20180127173719
2018-01-27 17:38:45.022;SP;AS91-AS1-20180127173719
2018-01-27 17:38:48.539;SQ;AS91-AS1-20180127173848
2018-01-27 17:39:19.191;RC;AS91-AS1-20180127173719
2018-01-27 17:39:20.798;SS;AS91-AS1-20180127173719
2018-01-27 17:39:53.690;RU;AS91-AS1-20180127173553
2018-01-27 17:39:56.560;VU;AS91-AS1-20180127173553
2018-01-27 17:40:09.774;RO;AS91-AS1-20180127173848
2018-01-27 17:40:11.956;SP;AS91-AS1-20180127173848
2018-01-27 17:40:15.388;SQ;AS91-AS1-20180127174015
2018-01-27 17:40:49.075;RC;AS91-AS1-20180127173848
2018-01-27 17:40:51.072;SS;AS91-AS1-20180127173848
2018-01-27 17:40:57.319;RU;AS91-AS1-20180127173719
2018-01-27 17:40:59.976;VU;AS91-AS1-20180127173719
2018-01-27 17:41:41.773;RO;AS91-AS1-20180127174015
2018-01-27 17:41:43.824;SP;AS91-AS1-20180127174015
2018-01-27 17:41:47.284;SQ;AS91-AS1-20180127174147
2018-01-27 17:42:13.241;RU;AS91-AS1-20180127173848
2018-01-27 17:42:16.207;VU;AS91-AS1-20180127173848
2018-01-27 17:42:29.754;RC;AS91-AS1-20180127174015
2018-01-27 17:42:31.561;SS;AS91-AS1-20180127174015
2018-01-27 17:43:09.439;RO;AS91-AS1-20180127174147
2018-01-27 17:43:11.020;SP;AS91-AS1-20180127174147
2018-01-27 17:43:14.885;SQ;AS91-AS1-20180127174314
2018-01-27 17:43:46.371;RU;AS91-AS1-20180127174015
2018-01-27 17:43:49.114;VU;AS91-AS1-20180127174015
2018-01-27 17:43:50.305;RC;AS91-AS1-20180127174147
2018-01-27 17:43:52.020;SS;AS91-AS1-20180127174147
2018-01-27 17:44:34.399;RO;AS91-AS1-20180127174314
2018-01-27 17:44:35.790;SP;AS91-AS1-20180127174314
2018-01-27 17:44:39.397;SQ;AS91-AS1-20180127174439
2018-01-27 17:45:15.578;RC;AS91-AS1-20180127174314
2018-01-27 17:45:17.534;SS;AS91-AS1-20180127174314
2018-01-27 17:45:24.789;RU;AS91-AS1-20180127174147
2018-01-27 17:45:27.200;VU;AS91-AS1-20180127174147
2018-01-27 17:46:02.178;RO;AS91-AS1-20180127174439
2018-01-27 17:46:04.428;SP;AS91-AS1-20180127174439
2018-01-27 17:46:08.053;SQ;AS91-AS1-20180127174608
2018-01-27 17:46:34.358;RU;AS91-AS1-20180127174314
2018-01-27 17:46:36.974;VU;AS91-AS1-20180127174314
2018-01-27 17:46:46.328;RC;AS91-AS1-20180127174439
2018-01-27 17:46:49.451;SS;AS91-AS1-20180127174439
2018-01-27 17:47:29.893;RO;AS91-AS1-20180127174608
2018-01-27 17:48:16.015;RU;AS91-AS1-20180127174439
2018-01-27 17:48:29.262;SP;AS91-AS1-20180127174608
2018-01-27 17:49:05.659;RC;AS91-AS1-20180127174608
2018-01-27 17:49:20.136;VU;AS91-AS1-20180127174439
2018-01-27 17:50:05.279;SS;AS91-AS1-20180127174608
2018-01-27 17:50:07.721;SQ;AS91-AS1-20180127175007
2018-01-27 17:51:14.066;RO;AS91-AS1-20180127175007
2018-01-27 17:51:37.148;RU;AS91-AS1-20180127174608
2018-01-27 17:52:34.471;SP;AS91-AS1-20180127175007
2018-01-27 17:53:15.008;RC;AS91-AS1-20180127175007
2018-01-27 17:54:49.827;SS;AS91-AS1-20180127175007
2018-01-27 17:55:20.849;SQ;AS91-AS1-20180127175520
2018-01-27 17:55:40.672;VU;AS91-AS1-20180127174608
2018-01-27 17:56:02.622;RU;AS91-AS1-20180127175007
2018-01-27 17:57:08.139;RO;AS91-AS1-20180127175520
2018-01-27 17:58:23.849;SP;AS91-AS1-20180127175520
2018-01-27 17:59:02.693;RC;AS91-AS1-20180127175520
2018-01-27 18:00:35.278;SS;AS91-AS1-20180127175520
2018-01-27 18:00:58.865;RU;AS91-AS1-20180127175520
2018-01-27 18:01:04.742;SQ;AS91-AS1-20180127180104
2018-01-27 18:01:09.923;RO;AS91-AS1-20180127180104
2018-01-27 18:02:40.244;SP;AS91-AS1-20180127180104
2018-01-27 18:02:40.901;RC;AS91-