2018-01-27 17:18:31.121;SQ;AS93-AS1-20180127171831
2018-01-27 17:18:46.834;RO;AS93-AS1-20180127171831
2018-01-27 17:18:47.969;SP;AS93-AS1-20180127171831
2018-01-27 17:18:49.578;SQ;AS93-AS1-20180127171849
2018-01-27 17:19:07.064;RC;AS93-AS1-20180127171831
2018-01-27 17:19:07.874;SS;AS93-AS1-20180127171831
2018-01-27 17:19:40.740;RO;AS93-AS1-20180127171849
2018-01-27 17:19:41.925;SP;AS93-AS1-20180127171849
2018-01-27 17:19:43.502;SQ;AS93-AS1-20180127171943
2018-01-27 17:20:07.205;RU;AS93-AS1-20180127171831
2018-01-27 17:20:09.023;VU;AS93-AS1-20180127171831
2018-01-27 17:20:15.703;RC;AS93-AS1-20180127171849
2018-01-27 17:20:16.506;SS;AS93-AS1-20180127171849
2018-01-27 17:20:52.215;RO;AS93-AS1-20180127171943
2018-01-27 17:20:53.367;SP;AS93-AS1-20180127171943
2018-01-27 17:20:54.972;SQ;AS93-AS1-20180127172054
2018-01-27 17:21:31.414;RU;AS93-AS1-20180127171849
2018-01-27 17:21:33.210;VU;AS93-AS1-20180127171849
2018-01-27 17:21:39.702;RC;AS93-AS1-20180127171943
2018-01-27 17:21:40.477;SS;AS93-AS1-20180127171943
2018-01-27 17:22:22.892;RO;AS93-AS1-20180127172054
2018-01-27 17:22:24.364;SP;AS93-AS1-20180127172054
2018-01-27 17:22:25.957;SQ;AS93-AS1-20180127172225
2018-01-27 17:23:01.869;RU;AS93-AS1-20180127171943
2018-01-27 17:23:03.686;VU;AS93-AS1-20180127171943
2018-01-27 17:23:05.035;RC;AS93-AS1-20180127172054
2018-01-27 17:23:05.859;SS;AS93-AS1-20180127172054
2018-01-27 17:23:40.521;RO;AS93-AS1-20180127172225
2018-01-27 17:23:42.316;SP;AS93-AS1-20180127172225
2018-01-27 17:23:44.486;SQ;AS93-AS1-20180127172344
2018-01-27 17:24:22.679;RC;AS93-AS1-20180127172225
2018-01-27 17:24:23.459;SS;AS93-AS1-20180127172225
2018-01-27 17:24:34.964;RU;AS93-AS1-20180127172054
2018-01-27 17:24:36.760;VU;AS93-AS1-20180127172054
2018-01-27 17:25:09.392;RO;AS93-AS1-20180127172344
2018-01-27 17:25:10.376;SP;AS93-AS1-20180127172344
2018-01-27 17:25:12.320;SQ;AS93-AS1-20180127172512
2018-01-27 17:25:39.560;RU;AS93-AS1-20180127172225
2018-01-27 17:25:41.383;VU;AS93-AS1-20180127172225
2018-01-27 17:25:53.761;RC;AS93-AS1-20180127172344
2018-01-27 17:25:54.562;SS;AS93-AS1-20180127172344
2018-01-27 17:26:33.905;RO;AS93-AS1-20180127172512
2018-01-27 17:26:34.706;SP;AS93-AS1-20180127172512
2018-01-27 17:26:36.370;SQ;AS93-AS1-20180127172636
2018-01-27 17:27:14.303;RC;AS93-AS1-20180127172512
2018-01-27 17:27:14.978;RU;AS93-AS1-20180127172344
2018-01-27 17:27:15.227;SS;AS93-AS1-20180127172512
2018-01-27 17:27:16.917;VU;AS93-AS1-20180127172344
2018-01-27 17:27:52.559;RO;AS93-AS1-20180127172636
2018-01-27 17:27:53.763;SP;AS93-AS1-20180127172636
2018-01-27 17:27:55.349;SQ;AS93-AS1-20180127172755
2018-01-27 17:28:20.118;RC;AS93-AS1-20180127172636
2018-01-27 17:28:21.828;SS;AS93-AS1-20180127172636
2018-01-27 17:28:39.380;RU;AS93-AS1-20180127172512
2018-01-27 17:28:41.176;VU;AS93-AS1-20180127172512
2018-01-27 17:29:09.535;RO;AS93-AS1-20180127172755
2018-01-27 17:29:10.735;SP;AS93-AS1-20180127172755
2018-01-27 17:29:12.362;SQ;AS93-AS1-20180127172912
2018-01-27 17:29:40.550;RU;AS93-AS1-20180127172636
2018-01-27 17:29:42.337;VU;AS93-AS1-20180127172636
2018-01-27 17:29:50.285;RC;AS93-AS1-20180127172755
2018-01-27 17:29:51.089;SS;AS93-AS1-20180127172755
2018-01-27 17:30:20.471;RO;AS93-AS1-20180127172912
2018-01-27 17:30:21.746;SP;AS93-AS1-20180127172912
2018-01-27 17:30:23.819;SQ;AS93-AS1-20180127173023
2018-01-27 17:30:54.768;RC;AS93-AS1-20180127172912
2018-01-27 17:30:55.570;SS;AS93-AS1-20180127172912
2018-01-27 17:31:12.361;RU;AS93-AS1-20180127172755
2018-01-27 17:31:14.165;VU;AS93-AS1-20180127172755
2018-01-27 17:31:50.035;RO;AS93-AS1-20180127173023
2018-01-27 17:31:51.236;SP;AS93-AS1-20180127173023
2018-01-27 17:31:52.864;SQ;AS93-AS1-20180127173152
2018-01-27 17:32:16.084;RU;AS93-AS1-20180127172912
2018-01-27 17:32:17.899;VU;AS93-AS1-20180127172912
2018-01-27 17:32:38.145;RC;AS93-AS1-20180127173023
2018-01-27 17:32:38.953;SS;AS93-AS1-20180127173023
2018-01-27 17:33:08.553;RO;AS93-AS1-20180127173152
2018-01-27 17:33:09.738;SP;AS93-AS1-20180127173152
2018-01-27 17:33:11.363;SQ;AS93-AS1-20180127173311
2018-01-27 17:33:46.368;RC;AS93-AS1-20180127173152
2018-01-27 17:33:47.599;SS;AS93-AS1-20180127173152
2018-01-27 17:33:57.465;RU;AS93-AS1-20180127173023
2018-01-27 17:33:59.261;VU;AS93-AS1-20180127173023
2018-01-27 17:34:30.633;RO;AS93-AS1-20180127173311
2018-01-27 17:34:31.770;SP;AS93-AS1-20180127173311
2018-01-27 17:34:33.965;SQ;AS93-AS1-20180127173433
2018-01-27 17:35:13.285;RC;AS93-AS1-20180127173311
2018-01-27 17:35:13.285;RU;AS93-AS1-20180127173152
2018-01-27 17:35:14.875;SS;AS93-AS1-20180127173311
2018-01-27 17:35:15.876;VU;AS93-AS1-20180127173152
2018-01-27 17:35:56.839;RO;AS93-AS1-20180127173433
2018-01-27 17:35:57.882;SP;AS93-AS1-20180127173433
2018-01-27 17:35:59.527;SQ;AS93-AS1-20180127173559
2018-01-27 17:36:37.547;RU;AS93-AS1-20180127173311
2018-01-27 17:36:39.371;VU;AS93-AS1-20180127173311
2018-01-27 17:36:45.564;RC;AS93-AS1-20180127173433
2018-01-27 17:36:46.351;SS;AS93-AS1-20180127173433
2018-01-27 17:37:17.314;RO;AS93-AS1-20180127173559
2018-01-27 17:37:18.427;SP;AS93-AS1-20180127173559
2018-01-27 17:37:20.058;SQ;AS93-AS1-20180127173720
2018-01-27 17:38:00.711;RC;AS93-AS1-20180127173559
2018-01-27 17:38:01.505;SS;AS93-AS1-20180127173559
2018-01-27 17:38:10.263;RU;AS93-AS1-20180127173433
2018-01-27 17:38:12.949;VU;AS93-AS1-20180127173433
2018-01-27 17:38:38.521;RO;AS93-AS1-20180127173720
2018-01-27 17:38:39.461;SP;AS93-AS1-20180127173720
2018-01-27 17:38:41.200;SQ;AS93-AS1-20180127173841
2018-01-27 17:39:22.132;RC;AS93-AS1-20180127173720
2018-01-27 17:39:22.922;SS;AS93-AS1-20180127173720
2018-01-27 17:39:27.704;RU;AS93-AS1-20180127173559
2018-01-27 17:39:29.888;VU;AS93-AS1-20180127173559
2018-01-27 17:40:05.719;RO;AS93-AS1-20180127173841
2018-01-27 17:40:06.599;SP;AS93-AS1-20180127173841
2018-01-27 17:40:08.208;SQ;AS93-AS1-20180127174008
2018-01-27 17:40:42.697;RC;AS93-AS1-20180127173841
2018-01-27 17:40:43.499;SS;AS93-AS1-20180127173841
2018-01-27 17:40:48.616;RU;AS93-AS1-20180127173720
2018-01-27 17:40:50.418;VU;AS93-AS1-20180127173720
2018-01-27 17:41:37.409;RO;AS93-AS1-20180127174008
2018-01-27 17:41:38.616;SP;AS93-AS1-20180127174008
2018-01-27 17:41:40.190;SQ;AS93-AS1-20180127174140
2018-01-27 17:42:07.770;RU;AS93-AS1-20180127173841
2018-01-27 17:42:09.607;VU;AS93-AS1-20180127173841
2018-01-27 17:42:30.200;RC;AS93-AS1-20180127174008
2018-01-27 17:42:31.010;SS;AS93-AS1-20180127174008
2018-01-27 17:43:02.905;RO;AS93-AS1-20180127174140
2018-01-27 17:43:04.076;SP;AS93-AS1-20180127174140
2018-01-27 17:43:05.651;SQ;AS93-AS1-20180127174305
2018-01-27 17:43:48.914;RC;AS93-AS1-20180127174140
2018-01-27 17:43:49.735;SS;AS93-AS1-20180127174140
2018-01-27 17:43:56.243;RU;AS93-AS1-20180127174008
2018-01-27 17:43:58.060;VU;AS93-AS1-20180127174008
2018-01-27 17:44:10.425;RO;AS93-AS1-20180127174305
2018-01-27 17:44:11.534;SP;AS93-AS1-20180127174305
2018-01-27 17:44:13.161;SQ;AS93-AS1-20180127174413
2018-01-27 17:44:52.223;RC;AS93-AS1-20180127174305
2018-01-27 17:44:53.019;SS;AS93-AS1-20180127174305
2018-01-27 17:45:16.498;RU;AS93-AS1-20180127174140
2018-01-27 17:45:18.324;VU;AS93-AS1-20180127174140
2018-01-27 17:45:34.572;RO;AS93-AS1-20180127174413
2018-01-27 17:45:35.568;SP;AS93-AS1-20180127174413
2018-01-27 17:45:37.180;SQ;AS93-AS1-20180127174537
2018-01-27 17:46:02.373;RU;AS93-AS1-20180127174305
2018-01-27 17:46:04.164;VU;AS93-AS1-20180127174305
2018-01-27 17:46:17.236;RC;AS93-AS1-20180127174413
2018-01-27 17:46:18.027;SS;AS93-AS1-20180127174413
2018-01-27 17:47:02.054;RO;AS93-AS1-20180127174537
2018-01-27 17:47:03.856;SP;AS93-AS1-20180127174537
2018-01-27 17:47:05.469;SQ;AS93-AS1-20180127174705
2018-01-27 17:47:39.226;RC;AS93-AS1-20180127174537
2018-01-27 17:47:40.045;SS;AS93-AS1-20180127174537
2018-01-27 17:47:47.200;RU;AS93-AS1-20180127174413
2018-01-27 17:47:49.002;VU;AS93-AS1-20180127174413
2018-01-27 17:48:29.894;RO;AS93-AS1-20180127174705
2018-01-27 17:48:30.854;SP;AS93-AS1-20180127174705
2018-01-27 17:48:32.452;SQ;AS93-AS1-20180127174832
2018-01-27 17:49:06.289;RU;AS93-AS1-20180127174537
2018-01-27 17:49:08.936;RC;AS93-AS1-20180127174705
2018-01-27 17:49:08.962;VU;AS93-AS1-20180127174537
2018-01-27 17:49:09.729;SS;AS93-AS1-20180127174705
2018-01-27 17:50:05.395;RO;AS93-AS1-20180127174832
2018-01-27 17:50:06.388;SP;AS93-AS1-20180127174832
2018-01-27 17:50:07.990;SQ;AS93-AS1-20180127175007
2018-01-27 17:50:26.075;RU;AS93-AS1-20180127174705
2018-01-27 17:50:28.148;VU;AS93-AS1-20180127174705
2018-01-27 17:50:54.966;RC;AS93-AS1-20180127174832
2018-01-27 17:50:55.827;SS;AS93-AS1-20180127174832
2018-01-27 17:51:28.104;RO;AS93-AS1-20180127175007
2018-01-27 17:51:29.891;SP;AS93-AS1-20180127175007
2018-01-27 17:51:31.522;SQ;AS93-AS1-20180127175131
2018-01-27 17:52:06.514;RC;AS93-AS1-20180127175007
2018-01-27 17:52:07.315;SS;AS93-AS1-20180127175007
2018-01-27 17:52:24.900;RU;AS93-AS1-20180127174832
2018-01-27 17:52:26.699;VU;AS93-AS1-20180127174832
2018-01-27 17:52:46.891;RO;AS93-AS1-20180127175131
2018-01-27 17:52:47.926;SP;AS93-AS1-20180127175131
2018-01-27 17:52:49.523;SQ;AS93-AS1-20180127175249
2018-01-27 17:53:26.526;RC;AS93-AS1-20180127175131
2018-01-27 17:53:26.527;RU;AS93-AS1-20180127175007
2018-01-27 17:53:28.182;SS;AS93-AS1-20180127175131
2018-01-27 17:53:29.182;VU;AS93-AS1-20180127175007
2018-01-27 17:54:05.661;RO;AS93-AS1-20180127175249
2018-01-27 17:54:06.895;SP;AS93-AS1-20180127175249
2018-01-27 17:54:08.513;SQ;AS93-AS1-20180127175408
2018-01-27 17:54:44.044;RC;AS93-AS1-20180127175249
2018-01-27 17:54:44.044;RU;AS93-AS1-20180127175131
2018-01-27 17:54:45.652;SS;AS93-AS1-20180127175249
2018-01-27 17:55:20.888;RO;AS93-AS1-20180127175408
2018-01-27 17:55:23.332;SP;AS93-AS1-20180127175408
2018-01-27 17:55:25.485;SQ;AS93-AS1-20180127175525
2018-01-27 17:55:59.021;RC;AS93-AS1-20180127175408
2018-01-27 17:56:00.532;SS;AS93-AS1-20180127175408
2018-01-27 17:56:16.136;RU;AS93-AS1-20180127175249
2018-01-27 17:56:18.206;VU;AS93-AS1-20180127175249
2018-01-27 17:56:46.168;RO;AS93-AS1-20180127175525
2018-01-27 17:56:47.519;SP;AS93-AS1-20180127175525
2018-01-27 17:56:49.922;SQ;AS93-AS1-20180127175649
2018-01-27 17:57:11.678;RU;AS93-AS1-20180127175408
2018-01-27 17:57:14.014;VU;AS93-AS1-20180127175408
2018-01-27 17:57:24.371;RC;AS93-AS1-20180127175525
2018-01-27 17:57:27.712;SS;AS93-AS1-20180127175525
2018-01-27 17:58:05.291;RO;AS93-AS1-20180127175649
2018-01-27 17:58:06.418;SP;AS93-AS1-20180127175649
2018-01-27 17:58:41.653;RU;AS93-AS1-20180127175525
2018-01-27 17:58:44.960;VU;AS93-AS1-20180127175525
2018-01-27 17:58:45.245;RC;AS93-AS1-20180127175649
2018-01-27 17:58:46.233;SS;AS93-AS1-20180127175649
2018-01-27 17:59:52.171;RU;AS93-AS1-20180127175649
2018-01-27 17:59:53.958;VU;AS93-AS1-20180127175649
