2018-01-27 17:18:27.460;SQ;AS95-AS1-20180127171827
2018-01-27 17:18:28.745;RO;AS95-AS1-20180127171827
2018-01-27 17:18:29.767;SP;AS95-AS1-20180127171827
2018-01-27 17:18:31.101;RC;AS95-AS1-20180127171827
2018-01-27 17:18:31.671;SQ;AS95-AS1-20180127171831
2018-01-27 17:18:32.250;SS;AS95-AS1-20180127171827
2018-01-27 17:18:51.274;RO;AS95-AS1-20180127171831
2018-01-27 17:18:52.519;SP;AS95-AS1-20180127171831
2018-01-27 17:18:54.142;SQ;AS95-AS1-20180127171854
2018-01-27 17:19:01.557;RU;AS95-AS1-20180127171827
2018-01-27 17:19:03.373;VU;AS95-AS1-20180127171827
2018-01-27 17:19:15.148;RC;AS95-AS1-20180127171831
2018-01-27 17:19:15.925;SS;AS95-AS1-20180127171831
2018-01-27 17:19:45.221;RO;AS95-AS1-20180127171854
2018-01-27 17:19:46.533;SP;AS95-AS1-20180127171854
2018-01-27 17:19:48.147;SQ;AS95-AS1-20180127171948
2018-01-27 17:20:18.991;RU;AS95-AS1-20180127171831
2018-01-27 17:20:20.809;VU;AS95-AS1-20180127171831
2018-01-27 17:20:32.025;RC;AS95-AS1-20180127171854
2018-01-27 17:20:32.787;SS;AS95-AS1-20180127171854
2018-01-27 17:21:04.467;RO;AS95-AS1-20180127171948
2018-01-27 17:21:05.970;SP;AS95-AS1-20180127171948
2018-01-27 17:21:07.567;SQ;AS95-AS1-20180127172107
2018-01-27 17:21:49.012;RC;AS95-AS1-20180127171948
2018-01-27 17:21:49.815;SS;AS95-AS1-20180127171948
2018-01-27 17:21:52.310;RU;AS95-AS1-20180127171854
2018-01-27 17:21:54.434;VU;AS95-AS1-20180127171854
2018-01-27 17:22:34.655;RO;AS95-AS1-20180127172107
2018-01-27 17:22:35.427;SP;AS95-AS1-20180127172107
2018-01-27 17:22:37.033;SQ;AS95-AS1-20180127172237
2018-01-27 17:23:10.645;RC;AS95-AS1-20180127172107
2018-01-27 17:23:11.477;SS;AS95-AS1-20180127172107
2018-01-27 17:23:17.785;RU;AS95-AS1-20180127171948
2018-01-27 17:23:19.566;VU;AS95-AS1-20180127171948
2018-01-27 17:23:53.652;RO;AS95-AS1-20180127172237
2018-01-27 17:23:54.917;SP;AS95-AS1-20180127172237
2018-01-27 17:23:57.931;SQ;AS95-AS1-20180127172357
2018-01-27 17:24:32.826;RU;AS95-AS1-20180127172107
2018-01-27 17:24:34.624;VU;AS95-AS1-20180127172107
2018-01-27 17:24:36.122;RC;AS95-AS1-20180127172237
2018-01-27 17:24:36.904;SS;AS95-AS1-20180127172237
2018-01-27 17:25:15.942;RO;AS95-AS1-20180127172357
2018-01-27 17:25:16.814;SP;AS95-AS1-20180127172357
2018-01-27 17:25:18.395;SQ;AS95-AS1-20180127172518
2018-01-27 17:25:55.654;RU;AS95-AS1-20180127172237
2018-01-27 17:25:56.686;RC;AS95-AS1-20180127172357
2018-01-27 17:25:57.453;VU;AS95-AS1-20180127172237
2018-01-27 17:25:57.483;SS;AS95-AS1-20180127172357
2018-01-27 17:26:41.870;RO;AS95-AS1-20180127172518
2018-01-27 17:26:42.802;SP;AS95-AS1-20180127172518
2018-01-27 17:26:44.415;SQ;AS95-AS1-20180127172644
2018-01-27 17:27:18.968;RC;AS95-AS1-20180127172518
2018-01-27 17:27:20.283;SS;AS95-AS1-20180127172518
2018-01-27 17:27:59.251;RU;AS95-AS1-20180127172357
2018-01-27 17:28:01.043;VU;AS95-AS1-20180127172357
2018-01-27 17:28:07.888;RO;AS95-AS1-20180127172644
2018-01-27 17:28:08.819;SP;AS95-AS1-20180127172644
2018-01-27 17:28:10.450;SQ;AS95-AS1-20180127172810
2018-01-27 17:28:40.680;RU;AS95-AS1-20180127172518
2018-01-27 17:28:42.501;VU;AS95-AS1-20180127172518
2018-01-27 17:28:47.142;RC;AS95-AS1-20180127172644
2018-01-27 17:28:47.917;SS;AS95-AS1-20180127172644
2018-01-27 17:29:33.158;RO;AS95-AS1-20180127172810
2018-01-27 17:29:34.297;SP;AS95-AS1-20180127172810
2018-01-27 17:29:35.827;SQ;AS95-AS1-20180127172935
2018-01-27 17:30:19.110;RU;AS95-AS1-20180127172644
2018-01-27 17:30:20.895;VU;AS95-AS1-20180127172644
2018-01-27 17:30:21.431;RC;AS95-AS1-20180127172810
2018-01-27 17:30:22.235;SS;AS95-AS1-20180127172810
2018-01-27 17:30:59.703;RO;AS95-AS1-20180127172935
2018-01-27 17:31:00.721;SP;AS95-AS1-20180127172935
2018-01-27 17:31:02.337;SQ;AS95-AS1-20180127173102
2018-01-27 17:31:37.533;RC;AS95-AS1-20180127172935
2018-01-27 17:31:38.297;SS;AS95-AS1-20180127172935
2018-01-27 17:31:43.177;RU;AS95-AS1-20180127172810
2018-01-27 17:31:45.370;VU;AS95-AS1-20180127172810
2018-01-27 17:32:22.335;RO;AS95-AS1-20180127173102
2018-01-27 17:32:23.235;SP;AS95-AS1-20180127173102
2018-01-27 17:32:24.781;SQ;AS95-AS1-20180127173224
2018-01-27 17:33:05.334;RU;AS95-AS1-20180127172935
2018-01-27 17:33:05.441;RC;AS95-AS1-20180127173102
2018-01-27 17:33:06.943;SS;AS95-AS1-20180127173102
2018-01-27 17:33:07.799;VU;AS95-AS1-20180127172935
2018-01-27 17:34:18.313;RU;AS95-AS1-20180127173102
2018-01-27 17:34:31.988;RO;AS95-AS1-20180127173224
2018-01-27 17:34:34.361;SP;AS95-AS1-20180127173224
2018-01-27 17:34:37.713;SQ;AS95-AS1-20180127173437
2018-01-27 17:35:16.854;RC;AS95-AS1-20180127173224
2018-01-27 17:35:18.317;SS;AS95-AS1-20180127173224
2018-01-27 17:35:50.147;RO;AS95-AS1-20180127173437
2018-01-27 17:35:52.380;SP;AS95-AS1-20180127173437
2018-01-27 17:35:54.733;SQ;AS95-AS1-20180127173554
2018-01-27 17:36:33.724;RC;AS95-AS1-20180127173437
2018-01-27 17:36:35.336;SS;AS95-AS1-20180127173437
2018-01-27 17:37:14.202;RO;AS95-AS1-20180127173554
2018-01-27 17:37:15.529;SP;AS95-AS1-20180127173554
2018-01-27 17:37:17.686;SQ;AS95-AS1-20180127173717
2018-01-27 17:37:20.667;RU;AS95-AS1-20180127173224
2018-01-27 17:37:22.745;VU;AS95-AS1-20180127173224
2018-01-27 17:37:50.125;RU;AS95-AS1-20180127173437
2018-01-27 17:37:51.909;VU;AS95-AS1-20180127173437
2018-01-27 17:37:52.550;RC;AS95-AS1-20180127173554
2018-01-27 17:37:55.134;SS;AS95-AS1-20180127173554
2018-01-27 17:38:49.736;RO;AS95-AS1-20180127173717
2018-01-27 17:38:50.699;SP;AS95-AS1-20180127173717
2018-01-27 17:38:53.090;SQ;AS95-AS1-20180127173853
2018-01-27 17:39:13.850;RU;AS95-AS1-20180127173554
2018-01-27 17:39:31.036;RC;AS95-AS1-20180127173717
2018-01-27 17:39:32.648;SS;AS95-AS1-20180127173717
2018-01-27 17:40:08.798;RO;AS95-AS1-20180127173853
2018-01-27 17:40:11.004;SP;AS95-AS1-20180127173853
2018-01-27 17:40:14.760;SQ;AS95-AS1-20180127174014
2018-01-27 17:40:56.430;RU;AS95-AS1-20180127173717
2018-01-27 17:40:57.288;RC;AS95-AS1-20180127173853
2018-01-27 17:40:59.190;VU;AS95-AS1-20180127173717
2018-01-27 17:40:59.628;SS;AS95-AS1-20180127173853
2018-01-27 17:42:18.487;RO;AS95-AS1-20180127174014
2018-01-27 17:42:21.161;SP;AS95-AS1-20180127174014
2018-01-27 17:42:25.853;SQ;AS95-AS1-20180127174225
2018-01-27 17:42:29.709;RU;AS95-AS1-20180127173853
2018-01-27 17:42:32.569;VU;AS95-AS1-20180127173853
2018-01-27 17:43:06.613;RC;AS95-AS1-20180127174014
2018-01-27 17:43:09.972;SS;AS95-AS1-20180127174014
2018-01-27 17:44:24.545;RO;AS95-AS1-20180127174225
2018-01-27 17:44:26.760;RU;AS95-AS1-20180127174014
2018-01-27 17:44:28.341;SP;AS95-AS1-20180127174225
2018-01-27 17:44:30.833;VU;AS95-AS1-20180127174014
2018-01-27 17:44:32.448;SQ;AS95-AS1-20180127174432
2018-01-27 17:45:06.694;RC;AS95-AS1-20180127174225
2018-01-27 17:45:08.527;SS;AS95-AS1-20180127174225
2018-01-27 17:45:42.344;RO;AS95-AS1-20180127174432
2018-01-27 17:45:46.154;SP;AS95-AS1-20180127174432
2018-01-27 17:45:49.894;SQ;AS95-AS1-20180127174549
2018-01-27 17:46:23.467;RU;AS95-AS1-20180127174225
2018-01-27 17:46:26.293;VU;AS95-AS1-20180127174225
2018-01-27 17:46:27.053;RC;AS95-AS1-20180127174432
2018-01-27 17:46:28.846;SS;AS95-AS1-20180127174432
2018-01-27 17:47:10.534;RO;AS95-AS1-20180127174549
2018-01-27 17:47:12.830;SP;AS95-AS1-20180127174549
2018-01-27 17:47:16.642;SQ;AS95-AS1-20180127174716
2018-01-27 17:47:50.705;RC;AS95-AS1-20180127174549
2018-01-27 17:47:52.777;SS;AS95-AS1-20180127174549
2018-01-27 17:47:56.811;RU;AS95-AS1-20180127174432
2018-01-27 17:47:59.648;VU;AS95-AS1-20180127174432
2018-01-27 17:48:32.803;RO;AS95-AS1-20180127174716
2018-01-27 17:48:35.618;SP;AS95-AS1-20180127174716
2018-01-27 17:48:40.669;SQ;AS95-AS1-20180127174840
2018-01-27 17:49:16.394;RU;AS95-AS1-20180127174549
2018-01-27 17:49:18.309;RC;AS95-AS1-20180127174716
2018-01-27 17:49:18.919;VU;AS95-AS1-20180127174549
2018-01-27 17:49:19.831;SS;AS95-AS1-20180127174716
2018-01-27 17:49:50.965;RO;AS95-AS1-20180127174840
2018-01-27 17:49:52.698;SP;AS95-AS1-20180127174840
2018-01-27 17:49:58.332;SQ;AS95-AS1-20180127174958
2018-01-27 17:50:36.136;RC;AS95-AS1-20180127174840
2018-01-27 17:50:37.687;SS;AS95-AS1-20180127174840
2018-01-27 17:50:39.698;RU;AS95-AS1-20180127174716
2018-01-27 17:50:44.296;VU;AS95-AS1-20180127174716
2018-01-27 17:52:02.160;RU;AS95-AS1-20180127174840
2018-01-27 17:52:04.739;VU;AS95-AS1-20180127174840
2018-01-27 17:52:25.162;RO;AS95-AS1-20180127174958
2018-01-27 17:52:27.207;SP;AS95-AS1-20180127174958
2018-01-27 17:52:32.616;SQ;AS95-AS1-20180127175232
2018-01-27 17:53:04.112;RC;AS95-AS1-20180127174958
2018-01-27 17:53:06.029;SS;AS95-AS1-20180127174958
2018-01-27 17:53:48.083;RO;AS95-AS1-20180127175232
2018-01-27 17:53:50.218;SP;AS95-AS1-20180127175232
2018-01-27 17:53:53.648;SQ;AS95-AS1-20180127175353
2018-01-27 17:54:24.628;RC;AS95-AS1-20180127175232
2018-01-27 17:54:26.393;RU;AS95-AS1-20180127174958
2018-01-27 17:54:26.433;SS;AS95-AS1-20180127175232
2018-01-27 17:54:29.223;VU;AS95-AS1-20180127174958
2018-01-27 17:55:10.471;RO;AS95-AS1-20180127175353
2018-01-27 17:55:12.367;SP;AS95-AS1-20180127175353
2018-01-27 17:55:15.976;SQ;AS95-AS1-20180127175515
2018-01-27 17:55:45.016;RU;AS95-AS1-20180127175232
2018-01-27 17:55:47.746;VU;AS95-AS1-20180127175232
2018-01-27 17:55:56.700;RC;AS95-AS1-20180127175353
2018-01-27 17:55:58.667;SS;AS95-AS1-20180127175353
2018-01-27 17:56:41.223;RO;AS95-AS1-20180127175515
2018-01-27 17:56:43.800;SP;AS95-AS1-20180127175515
2018-01-27 17:56:47.303;SQ;AS95-AS1-20180127175647
2018-01-27 17:57:25.424;RU;AS95-AS1-20180127175353
2018-01-27 17:57:26.889;RC;AS95-AS1-20180127175515
2018-01-27 17:57:29.813;SS;AS95-AS1-20180127175515
2018-01-27 17:57:30.190;VU;AS95-AS1-20180127175353
2018-01-27 17:57:59.649;RO;AS95-AS1-20180127175647
2018-01-27 17:58:01.839;SP;AS95-AS1-20180127175647
2018-01-27 17:58:05.476;SQ;AS95-AS1-20180127175805
2018-01-27 17:58:37.551;RU;AS95-AS1-20180127175515
2018-01-27 17:58:40.251;VU;AS95-AS1-20180127175515
2018-01-27 17:58:41.176;RC;AS95-AS1-20180127175647
2018-01-27 17:58:44.543;SS;AS95-AS1-20180127175647
2018-01-27 17:59:22.781;RO;AS95-AS1-20180127175805
2018-01-27 17:59:24.914;SP;AS95-AS1-20180127175805
2018-01-27 17:59:28.489;SQ;AS95-AS1-20180127175928
2018-01-27 17:59:44.432;RU;AS95-AS1-20180127175647
2018-01-27 17:59:48.874;VU;AS95-AS1-20180127175647
2018-01-27 18:00:20.292;RC;AS95-AS1-20180127175805
2018-01-27 18:00:21.763;SS;AS95-AS1-20180127175805
2018-01-27 18:00:22.725;RO;AS95-AS1-20180127175928
2018-01-27 18:00:24.410;SP;AS95-AS1-20180127175928
2018-01-27 18:00:41.040;RC;AS95-AS1-20180127175928
2018-01-27 18:00:44.798;SS;AS95-AS1-20180127175928
2018-01-27 18:00:58.304;RU;AS95-AS1-20180127175805
2018-01-27 18:01:01.887;VU;AS95-AS1-20180127175805
2018-01-27 18:01:07.105;RU;AS95-AS1-20180127175928
2018-01-27 18:01:11.785;VU;AS95-AS1-20180127175928
