2018-01-27 17:18:29.896;SQ;AS98-AS1-20180127171829
2018-01-27 17:18:37.171;RO;AS98-AS1-20180127171829
2018-01-27 17:18:38.210;SP;AS98-AS1-20180127171829
2018-01-27 17:18:39.788;SQ;AS98-AS1-20180127171839
2018-01-27 17:18:52.540;RC;AS98-AS1-20180127171829
2018-01-27 17:18:53.325;SS;AS98-AS1-20180127171829
2018-01-27 17:19:20.888;RO;AS98-AS1-20180127171839
2018-01-27 17:19:22.144;SP;AS98-AS1-20180127171839
2018-01-27 17:19:23.769;SQ;AS98-AS1-20180127171923
2018-01-27 17:19:51.350;RC;AS98-AS1-20180127171839
2018-01-27 17:19:52.156;SS;AS98-AS1-20180127171839
2018-01-27 17:19:53.153;RU;AS98-AS1-20180127171829
2018-01-27 17:19:54.952;VU;AS98-AS1-20180127171829
2018-01-27 17:20:33.114;RO;AS98-AS1-20180127171923
2018-01-27 17:20:35.071;SP;AS98-AS1-20180127171923
2018-01-27 17:20:36.711;SQ;AS98-AS1-20180127172036
2018-01-27 17:21:04.636;RU;AS98-AS1-20180127171839
2018-01-27 17:21:49.373;RC;AS98-AS1-20180127171923
2018-01-27 17:21:50.579;SS;AS98-AS1-20180127171923
2018-01-27 17:21:56.554;RO;AS98-AS1-20180127172036
2018-01-27 17:21:57.794;SP;AS98-AS1-20180127172036
2018-01-27 17:22:00.114;SQ;AS98-AS1-20180127172200
2018-01-27 17:22:43.572;RC;AS98-AS1-20180127172036
2018-01-27 17:22:44.399;SS;AS98-AS1-20180127172036
2018-01-27 17:23:50.906;RO;AS98-AS1-20180127172200
2018-01-27 17:23:51.480;RU;AS98-AS1-20180127171923
2018-01-27 17:23:52.939;SP;AS98-AS1-20180127172200
2018-01-27 17:23:54.779;VU;AS98-AS1-20180127171923
2018-01-27 17:23:56.354;SQ;AS98-AS1-20180127172356
2018-01-27 17:24:10.374;RU;AS98-AS1-20180127172036
2018-01-27 17:24:13.788;VU;AS98-AS1-20180127172036
2018-01-27 17:24:38.086;RC;AS98-AS1-20180127172200
2018-01-27 17:24:39.529;SS;AS98-AS1-20180127172200
2018-01-27 17:25:18.328;RO;AS98-AS1-20180127172356
2018-01-27 17:25:19.268;SP;AS98-AS1-20180127172356
2018-01-27 17:25:21.674;SQ;AS98-AS1-20180127172521
2018-01-27 17:25:45.885;RU;AS98-AS1-20180127172200
2018-01-27 17:25:47.786;VU;AS98-AS1-20180127172200
2018-01-27 17:26:03.710;RC;AS98-AS1-20180127172356
2018-01-27 17:26:04.786;SS;AS98-AS1-20180127172356
2018-01-27 17:26:37.161;RO;AS98-AS1-20180127172521
2018-01-27 17:26:38.699;SP;AS98-AS1-20180127172521
2018-01-27 17:26:41.210;SQ;AS98-AS1-20180127172641
2018-01-27 17:27:30.576;RC;AS98-AS1-20180127172521
2018-01-27 17:27:31.712;SS;AS98-AS1-20180127172521
2018-01-27 17:27:31.822;RU;AS98-AS1-20180127172356
2018-01-27 17:27:34.025;VU;AS98-AS1-20180127172356
2018-01-27 17:28:00.310;RO;AS98-AS1-20180127172641
2018-01-27 17:28:01.283;SP;AS98-AS1-20180127172641
2018-01-27 17:28:03.792;SQ;AS98-AS1-20180127172803
2018-01-27 17:28:40.238;RC;AS98-AS1-20180127172641
2018-01-27 17:28:41.223;SS;AS98-AS1-20180127172641
2018-01-27 17:28:47.337;RU;AS98-AS1-20180127172521
2018-01-27 17:28:49.667;VU;AS98-AS1-20180127172521
2018-01-27 17:29:31.448;RO;AS98-AS1-20180127172803
2018-01-27 17:29:32.696;SP;AS98-AS1-20180127172803
2018-01-27 17:29:35.099;SQ;AS98-AS1-20180127172935
2018-01-27 17:30:09.931;RU;AS98-AS1-20180127172641
2018-01-27 17:30:12.282;VU;AS98-AS1-20180127172641
2018-01-27 17:30:20.507;RC;AS98-AS1-20180127172803
2018-01-27 17:30:21.606;SS;AS98-AS1-20180127172803
2018-01-27 17:30:53.226;RO;AS98-AS1-20180127172935
2018-01-27 17:30:55.721;SP;AS98-AS1-20180127172935
2018-01-27 17:30:58.307;SQ;AS98-AS1-20180127173058
2018-01-27 17:31:38.396;RC;AS98-AS1-20180127172935
2018-01-27 17:31:40.035;SS;AS98-AS1-20180127172935
2018-01-27 17:31:43.399;RU;AS98-AS1-20180127172803
2018-01-27 17:31:46.367;VU;AS98-AS1-20180127172803
2018-01-27 17:32:22.374;RO;AS98-AS1-20180127173058
2018-01-27 17:32:23.418;SP;AS98-AS1-20180127173058
2018-01-27 17:32:25.871;SQ;AS98-AS1-20180127173225
2018-01-27 17:33:05.419;RC;AS98-AS1-20180127173058
2018-01-27 17:33:05.445;RU;AS98-AS1-20180127172935
2018-01-27 17:33:07.461;SS;AS98-AS1-20180127173058
2018-01-27 17:33:08.464;VU;AS98-AS1-20180127172935
2018-01-27 17:34:27.558;RO;AS98-AS1-20180127173225
2018-01-27 17:34:28.182;RU;AS98-AS1-20180127173058
2018-01-27 17:34:28.929;SP;AS98-AS1-20180127173225
2018-01-27 17:34:31.539;VU;AS98-AS1-20180127173058
2018-01-27 17:34:32.091;SQ;AS98-AS1-20180127173432
2018-01-27 17:35:05.381;RC;AS98-AS1-20180127173225
2018-01-27 17:35:07.502;SS;AS98-AS1-20180127173225
2018-01-27 17:35:48.655;RO;AS98-AS1-20180127173432
2018-01-27 17:35:49.931;SP;AS98-AS1-20180127173432
2018-01-27 17:35:53.940;SQ;AS98-AS1-20180127173553
2018-01-27 17:36:29.742;RU;AS98-AS1-20180127173225
2018-01-27 17:36:30.333;RC;AS98-AS1-20180127173432
2018-01-27 17:36:31.918;SS;AS98-AS1-20180127173432
2018-01-27 17:36:32.252;VU;AS98-AS1-20180127173225
2018-01-27 17:37:15.890;RO;AS98-AS1-20180127173553
2018-01-27 17:37:16.888;SP;AS98-AS1-20180127173553
2018-01-27 17:37:19.467;SQ;AS98-AS1-20180127173719
2018-01-27 17:38:00.835;RU;AS98-AS1-20180127173432
2018-01-27 17:38:02.757;RC;AS98-AS1-20180127173553
2018-01-27 17:38:02.804;VU;AS98-AS1-20180127173432
2018-01-27 17:38:03.633;SS;AS98-AS1-20180127173553
2018-01-27 17:38:44.874;RO;AS98-AS1-20180127173719
2018-01-27 17:38:46.167;SP;AS98-AS1-20180127173719
2018-01-27 17:38:48.711;SQ;AS98-AS1-20180127173848
2018-01-27 17:39:27.183;RC;AS98-AS1-20180127173719
2018-01-27 17:39:27.705;RU;AS98-AS1-20180127173553
2018-01-27 17:39:30.475;SS;AS98-AS1-20180127173719
2018-01-27 17:39:31.566;VU;AS98-AS1-20180127173553
2018-01-27 17:40:05.720;RO;AS98-AS1-20180127173848
2018-01-27 17:40:07.432;SP;AS98-AS1-20180127173848
2018-01-27 17:40:09.867;SQ;AS98-AS1-20180127174009
2018-01-27 17:40:56.807;RU;AS98-AS1-20180127173719
2018-01-27 17:40:58.647;VU;AS98-AS1-20180127173719
2018-01-27 17:41:21.319;RC;AS98-AS1-20180127173848
2018-01-27 17:41:22.737;SS;AS98-AS1-20180127173848
2018-01-27 17:41:31.277;RO;AS98-AS1-20180127174009
2018-01-27 17:41:32.295;SP;AS98-AS1-20180127174009
2018-01-27 17:41:35.622;SQ;AS98-AS1-20180127174135
2018-01-27 17:42:15.258;RC;AS98-AS1-20180127174009
2018-01-27 17:42:16.755;SS;AS98-AS1-20180127174009
2018-01-27 17:42:46.965;RU;AS98-AS1-20180127173848
2018-01-27 17:42:48.991;VU;AS98-AS1-20180127173848
2018-01-27 17:42:54.637;RO;AS98-AS1-20180127174135
2018-01-27 17:42:56.037;SP;AS98-AS1-20180127174135
2018-01-27 17:42:58.519;SQ;AS98-AS1-20180127174258
2018-01-27 17:43:19.550;RC;AS98-AS1-20180127174135
2018-01-27 17:43:20.524;SS;AS98-AS1-20180127174135
2018-01-27 17:43:46.445;RU;AS98-AS1-20180127174009
2018-01-27 17:43:48.371;VU;AS98-AS1-20180127174009
2018-01-27 17:44:19.527;RO;AS98-AS1-20180127174258
2018-01-27 17:44:21.056;SP;AS98-AS1-20180127174258
2018-01-27 17:44:23.320;SQ;AS98-AS1-20180127174423
2018-01-27 17:44:42.597;RU;AS98-AS1-20180127174135
2018-01-27 17:44:44.957;VU;AS98-AS1-20180127174135
2018-01-27 17:45:04.958;RC;AS98-AS1-20180127174258
2018-01-27 17:45:05.820;SS;AS98-AS1-20180127174258
2018-01-27 17:45:46.286;RO;AS98-AS1-20180127174423
2018-01-27 17:45:48.056;SP;AS98-AS1-20180127174423
2018-01-27 17:45:50.197;SQ;AS98-AS1-20180127174550
2018-01-27 17:46:22.580;RU;AS98-AS1-20180127174258
2018-01-27 17:46:24.938;VU;AS98-AS1-20180127174258
2018-01-27 17:47:11.004;RO;AS98-AS1-20180127174550
2018-01-27 17:47:12.433;RC;AS98-AS1-20180127174423
2018-01-27 17:47:12.987;SP;AS98-AS1-20180127174550
2018-01-27 17:47:14.435;SS;AS98-AS1-20180127174423
2018-01-27 17:47:16.092;SQ;AS98-AS1-20180127174716
2018-01-27 17:47:59.800;RC;AS98-AS1-20180127174550
2018-01-27 17:48:00.635;SS;AS98-AS1-20180127174550
2018-01-27 17:48:26.868;RU;AS98-AS1-20180127174423
2018-01-27 17:48:28.665;VU;AS98-AS1-20180127174423
2018-01-27 17:48:43.575;RO;AS98-AS1-20180127174716
2018-01-27 17:48:45.054;SP;AS98-AS1-20180127174716
2018-01-27 17:48:47.479;SQ;AS98-AS1-20180127174847
2018-01-27 17:49:24.790;RU;AS98-AS1-20180127174550
2018-01-27 17:49:27.071;VU;AS98-AS1-20180127174550
2018-01-27 17:49:30.918;RC;AS98-AS1-20180127174716
2018-01-27 17:49:32.465;SS;AS98-AS1-20180127174716
2018-01-27 17:50:05.294;RO;AS98-AS1-20180127174847
2018-01-27 17:50:07.071;SP;AS98-AS1-20180127174847
2018-01-27 17:50:09.405;SQ;AS98-AS1-20180127175009
2018-01-27 17:50:45.077;RU;AS98-AS1-20180127174716
2018-01-27 17:50:46.878;VU;AS98-AS1-20180127174716
2018-01-27 17:50:50.483;RC;AS98-AS1-20180127174847
2018-01-27 17:50:51.351;SS;AS98-AS1-20180127174847
2018-01-27 17:51:23.356;RO;AS98-AS1-20180127175009
2018-01-27 17:51:24.787;SP;AS98-AS1-20180127175009
2018-01-27 17:51:27.039;SQ;AS98-AS1-20180127175127
2018-01-27 17:52:07.686;RC;AS98-AS1-20180127175009
2018-01-27 17:52:08.472;SS;AS98-AS1-20180127175009
2018-01-27 17:52:16.075;RU;AS98-AS1-20180127174847
2018-01-27 17:52:18.494;VU;AS98-AS1-20180127174847
2018-01-27 17:52:39.091;RO;AS98-AS1-20180127175127
2018-01-27 17:52:40.251;SP;AS98-AS1-20180127175127
2018-01-27 17:52:42.555;SQ;AS98-AS1-20180127175242
2018-01-27 17:53:20.017;RC;AS98-AS1-20180127175127
2018-01-27 17:53:21.303;SS;AS98-AS1-20180127175127
2018-01-27 17:53:26.580;RU;AS98-AS1-20180127175009
2018-01-27 17:53:28.471;VU;AS98-AS1-20180127175009
2018-01-27 17:54:04.918;RO;AS98-AS1-20180127175242
2018-01-27 17:54:06.618;SP;AS98-AS1-20180127175242
2018-01-27 17:54:09.096;SQ;AS98-AS1-20180127175409
2018-01-27 17:54:31.850;RU;AS98-AS1-20180127175127
2018-01-27 17:54:34.082;VU;AS98-AS1-20180127175127
2018-01-27 17:54:45.853;RC;AS98-AS1-20180127175242
2018-01-27 17:54:47.092;SS;AS98-AS1-20180127175242
2018-01-27 17:55:21.255;RO;AS98-AS1-20180127175409
2018-01-27 17:55:23.378;SP;AS98-AS1-20180127175409
2018-01-27 17:55:25.790;SQ;AS98-AS1-20180127175525
2018-01-27 17:56:03.687;RC;AS98-AS1-20180127175409
2018-01-27 17:56:04.702;SS;AS98-AS1-20180127175409
2018-01-27 17:56:08.916;RU;AS98-AS1-20180127175242
2018-01-27 17:56:11.386;VU;AS98-AS1-20180127175242
2018-01-27 17:56:47.829;RO;AS98-AS1-20180127175525
2018-01-27 17:56:49.324;SP;AS98-AS1-20180127175525
2018-01-27 17:56:51.758;SQ;AS98-AS1-20180127175651
2018-01-27 17:57:21.590;RC;AS98-AS1-20180127175525
2018-01-27 17:57:23.073;SS;AS98-AS1-20180127175525
2018-01-27 17:57:25.783;RU;AS98-AS1-20180127175409
2018-01-27 17:57:28.761;VU;AS98-AS1-20180127175409
2018-01-27 17:58:10.754;RO;AS98-AS1-20180127175651
2018-01-27 17:58:12.740;SP;AS98-AS1-20180127175651
2018-01-27 17:58:15.036;SQ;AS98-AS1-20180127175815
2018-01-27 17:58:41.668;RC;AS98-AS1-20180127175651
2018-01-27 17:58:43.895;SS;AS98-AS1-20180127175651
2018-01-27 17:59:13.214;RU;AS98-AS1-20180127175525
2018-01-27 17:59:16.527;VU;AS98-AS1-20180127175525
2018-01-27 17:59:25.589;RO;AS98-AS1-20180127175815
2018-01-27 17:59:26.632;SP;AS98-AS1-20180127175815
2018-01-27 17:59:51.545;RC;AS98-AS1-20180127175815
2018-01-27 17:59:52.375;SS;AS98-AS1-20180127175815
2018-01-27 17:59:55.178;RU;AS98-AS1-20180127175651
2018-01-27 17:59:56.983;VU;AS98-AS1-20180127175651
2018-01-27 18:00:41.037;RU;AS98-AS1-20180127175815
2018-01-27 18:00:44.211;VU;AS98-AS1-20180127175815
