2018-01-25 16:58:36.622;SQ;AS106-AS1-20180125165836
2018-01-25 16:59:05.720;RO;AS106-AS1-20180125165836
2018-01-25 16:59:07.003;SP;AS106-AS1-20180125165836
2018-01-25 16:59:08.676;SQ;AS106-AS1-20180125165908
2018-01-25 16:59:33.134;RC;AS106-AS1-20180125165836
2018-01-25 16:59:33.998;SS;AS106-AS1-20180125165836
2018-01-25 17:00:02.697;RO;AS106-AS1-20180125165908
2018-01-25 17:00:03.553;SP;AS106-AS1-20180125165908
2018-01-25 17:00:05.214;SQ;AS106-AS1-20180125170005
2018-01-25 17:00:41.553;RC;AS106-AS1-20180125165908
2018-01-25 17:00:42.393;SS;AS106-AS1-20180125165908
2018-01-25 17:00:47.244;RU;AS106-AS1-20180125165836
2018-01-25 17:00:49.079;VU;AS106-AS1-20180125165836
2018-01-25 17:01:16.634;RO;AS106-AS1-20180125170005
2018-01-25 17:01:17.618;SP;AS106-AS1-20180125170005
2018-01-25 17:01:19.297;SQ;AS106-AS1-20180125170119
2018-01-25 17:02:04.036;RC;AS106-AS1-20180125170005
2018-01-25 17:02:04.036;RU;AS106-AS1-20180125165908
2018-01-25 17:02:05.744;SS;AS106-AS1-20180125170005
2018-01-25 17:02:06.748;VU;AS106-AS1-20180125165908
2018-01-25 17:02:33.107;RO;AS106-AS1-20180125170119
2018-01-25 17:02:34.238;SP;AS106-AS1-20180125170119
2018-01-25 17:02:35.898;SQ;AS106-AS1-20180125170235
2018-01-25 17:03:07.624;RC;AS106-AS1-20180125170119
2018-01-25 17:03:08.451;SS;AS106-AS1-20180125170119
2018-01-25 17:03:21.012;RU;AS106-AS1-20180125170005
2018-01-25 17:03:42.937;RO;AS106-AS1-20180125170235
2018-01-25 17:03:45.484;SP;AS106-AS1-20180125170235
2018-01-25 17:03:51.810;SQ;AS106-AS1-20180125170351
2018-01-25 17:03:52.939;VU;AS106-AS1-20180125170005
2018-01-25 17:04:21.710;RC;AS106-AS1-20180125170235
2018-01-25 17:04:22.554;SS;AS106-AS1-20180125170235
2018-01-25 17:04:32.935;RU;AS106-AS1-20180125170119
2018-01-25 17:04:50.309;VU;AS106-AS1-20180125170119
2018-01-25 17:05:08.563;RO;AS106-AS1-20180125170351
2018-01-25 17:05:09.760;SP;AS106-AS1-20180125170351
2018-01-25 17:05:11.438;SQ;AS106-AS1-20180125170511
2018-01-25 17:05:55.492;RC;AS106-AS1-20180125170351
2018-01-25 17:05:56.321;SS;AS106-AS1-20180125170351
2018-01-25 17:05:59.063;RU;AS106-AS1-20180125170235
2018-01-25 17:06:00.908;VU;AS106-AS1-20180125170235
2018-01-25 17:06:25.900;RO;AS106-AS1-20180125170511
2018-01-25 17:06:26.876;SP;AS106-AS1-20180125170511
2018-01-25 17:06:28.534;SQ;AS106-AS1-20180125170628
2018-01-25 17:07:19.031;RC;AS106-AS1-20180125170511
2018-01-25 17:07:19.880;SS;AS106-AS1-20180125170511
2018-01-25 17:07:24.321;RU;AS106-AS1-20180125170351
2018-01-25 17:07:26.155;VU;AS106-AS1-20180125170351
2018-01-25 17:08:03.910;RO;AS106-AS1-20180125170628
2018-01-25 17:08:04.984;SP;AS106-AS1-20180125170628
2018-01-25 17:08:06.655;SQ;AS106-AS1-20180125170806
2018-01-25 17:08:33.632;RU;AS106-AS1-20180125170511
2018-01-25 17:08:35.983;RC;AS106-AS1-20180125170628
2018-01-25 17:08:37.157;SS;AS106-AS1-20180125170628
2018-01-25 17:08:55.475;VU;AS106-AS1-20180125170511
2018-01-25 17:09:55.721;RO;AS106-AS1-20180125170806
2018-01-25 17:09:56.635;SP;AS106-AS1-20180125170806
2018-01-25 17:09:58.275;SQ;AS106-AS1-20180125170958
2018-01-25 17:10:03.422;RU;AS106-AS1-20180125170628
2018-01-25 17:10:05.267;VU;AS106-AS1-20180125170628
2018-01-25 17:10:32.939;RC;AS106-AS1-20180125170806
2018-01-25 17:10:33.769;SS;AS106-AS1-20180125170806
2018-01-25 17:11:17.010;RO;AS106-AS1-20180125170958
2018-01-25 17:11:18.198;SP;AS106-AS1-20180125170958
2018-01-25 17:11:19.838;SQ;AS106-AS1-20180125171119
2018-01-25 17:11:57.325;RC;AS106-AS1-20180125170958
2018-01-25 17:11:58.503;RU;AS106-AS1-20180125170806
2018-01-25 17:11:59.611;SS;AS106-AS1-20180125170958
2018-01-25 17:12:07.007;VU;AS106-AS1-20180125170806
2018-01-25 17:12:36.627;RO;AS106-AS1-20180125171119
2018-01-25 17:12:37.750;SP;AS106-AS1-20180125171119
2018-01-25 17:12:39.388;SQ;AS106-AS1-20180125171239
2018-01-25 17:13:12.209;RC;AS106-AS1-20180125171119
2018-01-25 17:13:13.038;SS;AS106-AS1-20180125171119
2018-01-25 17:13:30.797;RU;AS106-AS1-20180125170958
2018-01-25 17:13:32.625;VU;AS106-AS1-20180125170958
2018-01-25 17:14:02.322;RO;AS106-AS1-20180125171239
2018-01-25 17:14:04.298;SP;AS106-AS1-20180125171239
2018-01-25 17:14:07.845;SQ;AS106-AS1-20180125171407
2018-01-25 17:14:25.179;RU;AS106-AS1-20180125171119
2018-01-25 17:14:27.024;VU;AS106-AS1-20180125171119
2018-01-25 17:14:37.353;RC;AS106-AS1-20180125171239
2018-01-25 17:14:38.182;SS;AS106-AS1-20180125171239
2018-01-25 17:15:42.734;RO;AS106-AS1-20180125171407
2018-01-25 17:15:43.781;SP;AS106-AS1-20180125171407
2018-01-25 17:15:45.444;SQ;AS106-AS1-20180125171545
2018-01-25 17:15:50.512;RU;AS106-AS1-20180125171239
2018-01-25 17:16:16.126;RC;AS106-AS1-20180125171407
2018-01-25 17:16:16.725;VU;AS106-AS1-20180125171239
2018-01-25 17:16:16.994;SS;AS106-AS1-20180125171407
