2018-01-25 16:59:13.170;SQ;AS100-AS1-20180125165913
2018-01-25 17:00:11.561;RO;AS100-AS1-20180125165913
2018-01-25 17:00:12.510;SP;AS100-AS1-20180125165913
2018-01-25 17:00:14.033;SQ;AS100-AS1-20180125170014
2018-01-25 17:00:52.208;RC;AS100-AS1-20180125165913
2018-01-25 17:00:52.955;SS;AS100-AS1-20180125165913
2018-01-25 17:01:27.795;RO;AS100-AS1-20180125170014
2018-01-25 17:01:28.862;SP;AS100-AS1-20180125170014
2018-01-25 17:01:30.367;SQ;AS100-AS1-20180125170130
2018-01-25 17:02:04.825;RU;AS100-AS1-20180125165913
2018-01-25 17:02:06.591;VU;AS100-AS1-20180125165913
2018-01-25 17:02:06.774;RC;AS100-AS1-20180125170014
2018-01-25 17:02:07.535;SS;AS100-AS1-20180125170014
2018-01-25 17:02:37.620;RO;AS100-AS1-20180125170130
2018-01-25 17:02:39.564;SP;AS100-AS1-20180125170130
2018-01-25 17:02:42.789;SQ;AS100-AS1-20180125170242
2018-01-25 17:03:18.440;RC;AS100-AS1-20180125170130
2018-01-25 17:03:19.180;SS;AS100-AS1-20180125170130
2018-01-25 17:03:39.863;RU;AS100-AS1-20180125170014
2018-01-25 17:03:49.604;VU;AS100-AS1-20180125170014
2018-01-25 17:04:25.585;RO;AS100-AS1-20180125170242
2018-01-25 17:04:26.662;SP;AS100-AS1-20180125170242
2018-01-25 17:04:28.201;SQ;AS100-AS1-20180125170428
2018-01-25 17:04:45.553;RU;AS100-AS1-20180125170130
2018-01-25 17:04:47.613;VU;AS100-AS1-20180125170130
2018-01-25 17:05:10.823;RC;AS100-AS1-20180125170242
2018-01-25 17:05:11.610;SS;AS100-AS1-20180125170242
2018-01-25 17:05:44.387;RO;AS100-AS1-20180125170428
2018-01-25 17:05:46.429;SP;AS100-AS1-20180125170428
2018-01-25 17:05:49.638;SQ;AS100-AS1-20180125170549
2018-01-25 17:06:17.983;RU;AS100-AS1-20180125170242
2018-01-25 17:06:18.701;RC;AS100-AS1-20180125170428
2018-01-25 17:06:19.475;SS;AS100-AS1-20180125170428
2018-01-25 17:06:52.355;RO;AS100-AS1-20180125170549
2018-01-25 17:06:52.789;VU;AS100-AS1-20180125170242
2018-01-25 17:06:53.492;SP;AS100-AS1-20180125170549
2018-01-25 17:06:54.981;SQ;AS100-AS1-20180125170654
2018-01-25 17:07:28.683;RU;AS100-AS1-20180125170428
2018-01-25 17:07:33.666;RC;AS100-AS1-20180125170549
2018-01-25 17:07:34.928;SS;AS100-AS1-20180125170549
2018-01-25 17:07:54.918;VU;AS100-AS1-20180125170428
2018-01-25 17:07:56.577;RO;AS100-AS1-20180125170654
2018-01-25 17:07:57.840;SP;AS100-AS1-20180125170654
2018-01-25 17:07:59.361;SQ;AS100-AS1-20180125170759
2018-01-25 17:08:31.657;RC;AS100-AS1-20180125170654
2018-01-25 17:08:32.391;SS;AS100-AS1-20180125170654
2018-01-25 17:09:00.418;RO;AS100-AS1-20180125170759
2018-01-25 17:09:01.193;SP;AS100-AS1-20180125170759
2018-01-25 17:09:02.743;SQ;AS100-AS1-20180125170902
2018-01-25 17:09:38.640;RC;AS100-AS1-20180125170759
2018-01-25 17:09:39.383;SS;AS100-AS1-20180125170759
2018-01-25 17:10:04.525;RU;AS100-AS1-20180125170549
2018-01-25 17:10:04.591;RU;AS100-AS1-20180125170654
2018-01-25 17:10:07.004;VU;AS100-AS1-20180125170549
2018-01-25 17:10:07.127;VU;AS100-AS1-20180125170654
2018-01-25 17:10:24.050;RO;AS100-AS1-20180125170902
2018-01-25 17:10:25.101;SP;AS100-AS1-20180125170902
2018-01-25 17:10:26.606;SQ;AS100-AS1-20180125171026
2018-01-25 17:10:57.655;RU;AS100-AS1-20180125170759
2018-01-25 17:10:59.410;VU;AS100-AS1-20180125170759
2018-01-25 17:11:17.427;RC;AS100-AS1-20180125170902
2018-01-25 17:11:18.174;SS;AS100-AS1-20180125170902
2018-01-25 17:12:34.875;RO;AS100-AS1-20180125171026
2018-01-25 17:12:35.521;RU;AS100-AS1-20180125170902
2018-01-25 17:12:36.389;SP;AS100-AS1-20180125171026
2018-01-25 17:12:38.479;SQ;AS100-AS1-20180125171238
2018-01-25 17:13:07.357;VU;AS100-AS1-20180125170902
2018-01-25 17:13:14.139;RC;AS100-AS1-20180125171026
2018-01-25 17:13:14.898;SS;AS100-AS1-20180125171026
2018-01-25 17:14:05.189;RO;AS100-AS1-20180125171238
2018-01-25 17:14:06.376;SP;AS100-AS1-20180125171238
2018-01-25 17:14:07.890;SQ;AS100-AS1-20180125171407
2018-01-25 17:14:30.284;RU;AS100-AS1-20180125171026
2018-01-25 17:14:32.048;VU;AS100-AS1-20180125171026
2018-01-25 17:14:35.958;RC;AS100-AS1-20180125171238
2018-01-25 17:14:36.726;SS;AS100-AS1-20180125171238
2018-01-25 17:15:24.172;RO;AS100-AS1-20180125171407
2018-01-25 17:15:25.219;SP;AS100-AS1-20180125171407
2018-01-25 17:15:26.780;SQ;AS100-AS1-20180125171526
2018-01-25 17:15:47.690;RU;AS100-AS1-20180125171238
2018-01-25 17:15:48.695;RC;AS100-AS1-20180125171407
2018-01-25 17:15:49.473;SS;AS100-AS1-20180125171407
2018-01-25 17:16:16.424;VU;AS100-AS1-20180125171238
2018-01-25 17:16:40.132;RO;AS100-AS1-20180125171526
2018-01-25 17:16:41.154;SP;AS100-AS1-20180125171526
2018-01-25 17:16:42.652;SQ;AS100-AS1-20180125171642
2018-01-25 17:17:31.280;RU;AS100-AS1-20180125171407
2018-01-25 17:17:32.894;RC;AS100-AS1-20180125171526
2018-01-25 17:17:33.037;VU;AS100-AS1-20180125171407
2018-01-25 17:17:33.654;SS;AS100-AS1-20180125171526
2018-01-25 17:17:33.790;RO;AS100-AS1-20180125171642
2018-01-25 17:17:34.955;SP;AS100-AS1-20180125171642
2018-01-25 17:17:36.464;SQ;AS100-AS1-20180125171736
2018-01-25 17:17:38.286;RC;AS100-AS1-20180125171642
2018-01-25 17:17:39.042;SS;AS100-AS1-20180125171642
