2018-01-25 16:58:35.133;SQ;AS105-AS1-20180125165835
2018-01-25 16:59:02.709;RO;AS105-AS1-20180125165835
2018-01-25 16:59:04.002;SP;AS105-AS1-20180125165835
2018-01-25 16:59:05.674;SQ;AS105-AS1-20180125165905
2018-01-25 16:59:28.596;RC;AS105-AS1-20180125165835
2018-01-25 16:59:29.436;SS;AS105-AS1-20180125165835
2018-01-25 17:00:26.036;RO;AS105-AS1-20180125165905
2018-01-25 17:00:27.095;SP;AS105-AS1-20180125165905
2018-01-25 17:00:28.747;SQ;AS105-AS1-20180125170028
2018-01-25 17:00:36.160;RU;AS105-AS1-20180125165835
2018-01-25 17:00:46.179;VU;AS105-AS1-20180125165835
2018-01-25 17:01:11.639;RC;AS105-AS1-20180125165905
2018-01-25 17:01:12.449;SS;AS105-AS1-20180125165905
2018-01-25 17:01:38.322;RO;AS105-AS1-20180125170028
2018-01-25 17:01:40.095;SP;AS105-AS1-20180125170028
2018-01-25 17:01:43.631;SQ;AS105-AS1-20180125170143
2018-01-25 17:02:11.271;RC;AS105-AS1-20180125170028
2018-01-25 17:02:12.089;SS;AS105-AS1-20180125170028
2018-01-25 17:02:36.033;RU;AS105-AS1-20180125165905
2018-01-25 17:02:46.103;VU;AS105-AS1-20180125165905
2018-01-25 17:03:02.869;RO;AS105-AS1-20180125170143
2018-01-25 17:03:04.050;SP;AS105-AS1-20180125170143
2018-01-25 17:03:05.728;SQ;AS105-AS1-20180125170305
2018-01-25 17:03:42.236;RC;AS105-AS1-20180125170143
2018-01-25 17:03:43.994;SS;AS105-AS1-20180125170143
2018-01-25 17:03:45.628;RU;AS105-AS1-20180125170028
2018-01-25 17:03:48.392;VU;AS105-AS1-20180125170028
2018-01-25 17:04:17.079;RO;AS105-AS1-20180125170305
2018-01-25 17:04:18.122;SP;AS105-AS1-20180125170305
2018-01-25 17:04:19.735;SQ;AS105-AS1-20180125170419
2018-01-25 17:04:56.826;RU;AS105-AS1-20180125170143
2018-01-25 17:04:58.644;VU;AS105-AS1-20180125170143
2018-01-25 17:05:08.570;RC;AS105-AS1-20180125170305
2018-01-25 17:05:09.383;SS;AS105-AS1-20180125170305
2018-01-25 17:05:37.317;RO;AS105-AS1-20180125170419
2018-01-25 17:05:38.135;SP;AS105-AS1-20180125170419
2018-01-25 17:05:39.791;SQ;AS105-AS1-20180125170539
2018-01-25 17:06:18.085;RC;AS105-AS1-20180125170419
2018-01-25 17:06:18.893;SS;AS105-AS1-20180125170419
2018-01-25 17:06:21.652;RU;AS105-AS1-20180125170305
2018-01-25 17:06:50.246;RO;AS105-AS1-20180125170539
2018-01-25 17:06:52.885;SP;AS105-AS1-20180125170539
2018-01-25 17:06:54.970;VU;AS105-AS1-20180125170305
2018-01-25 17:06:55.106;SQ;AS105-AS1-20180125170655
2018-01-25 17:07:19.128;RU;AS105-AS1-20180125170419
2018-01-25 17:07:33.384;RC;AS105-AS1-20180125170539
2018-01-25 17:07:34.626;SS;AS105-AS1-20180125170539
2018-01-25 17:07:54.134;VU;AS105-AS1-20180125170419
2018-01-25 17:08:15.318;RO;AS105-AS1-20180125170655
2018-01-25 17:08:16.533;SP;AS105-AS1-20180125170655
2018-01-25 17:08:18.176;SQ;AS105-AS1-20180125170818
2018-01-25 17:08:51.199;RC;AS105-AS1-20180125170655
2018-01-25 17:08:52.181;SS;AS105-AS1-20180125170655
2018-01-25 17:08:57.437;RU;AS105-AS1-20180125170539
2018-01-25 17:08:59.258;VU;AS105-AS1-20180125170539
2018-01-25 17:09:29.328;RO;AS105-AS1-20180125170818
2018-01-25 17:09:30.569;SP;AS105-AS1-20180125170818
2018-01-25 17:09:32.236;SQ;AS105-AS1-20180125170932
2018-01-25 17:10:08.165;RU;AS105-AS1-20180125170655
2018-01-25 17:10:10.013;VU;AS105-AS1-20180125170655
2018-01-25 17:10:21.846;RC;AS105-AS1-20180125170818
2018-01-25 17:10:22.673;SS;AS105-AS1-20180125170818
2018-01-25 17:10:46.157;RO;AS105-AS1-20180125170932
2018-01-25 17:10:47.124;SP;AS105-AS1-20180125170932
2018-01-25 17:10:48.739;SQ;AS105-AS1-20180125171048
2018-01-25 17:11:27.005;RC;AS105-AS1-20180125170932
2018-01-25 17:11:27.826;SS;AS105-AS1-20180125170932
2018-01-25 17:11:36.591;RU;AS105-AS1-20180125170818
2018-01-25 17:11:53.430;RO;AS105-AS1-20180125171048
2018-01-25 17:11:54.680;SP;AS105-AS1-20180125171048
2018-01-25 17:11:58.415;SQ;AS105-AS1-20180125171158
2018-01-25 17:12:08.675;VU;AS105-AS1-20180125170818
2018-01-25 17:12:36.455;RC;AS105-AS1-20180125171048
2018-01-25 17:12:37.300;SS;AS105-AS1-20180125171048
2018-01-25 17:12:52.518;RU;AS105-AS1-20180125170932
2018-01-25 17:13:07.300;VU;AS105-AS1-20180125170932
2018-01-25 17:13:15.054;RO;AS105-AS1-20180125171158
2018-01-25 17:13:16.340;SP;AS105-AS1-20180125171158
2018-01-25 17:13:17.965;SQ;AS105-AS1-20180125171317
2018-01-25 17:13:47.152;RU;AS105-AS1-20180125171048
2018-01-25 17:13:53.225;RC;AS105-AS1-20180125171158
2018-01-25 17:13:54.246;SS;AS105-AS1-20180125171158
2018-01-25 17:14:08.769;VU;AS105-AS1-20180125171048
2018-01-25 17:14:33.306;RO;AS105-AS1-20180125171317
2018-01-25 17:14:34.405;SP;AS105-AS1-20180125171317
2018-01-25 17:14:36.080;SQ;AS105-AS1-20180125171436
2018-01-25 17:15:09.225;RU;AS105-AS1-20180125171158
2018-01-25 17:15:13.840;VU;AS105-AS1-20180125171158
2018-01-25 17:15:14.385;RC;AS105-AS1-20180125171317
2018-01-25 17:15:15.230;SS;AS105-AS1-20180125171317
2018-01-25 17:15:52.459;RO;AS105-AS1-20180125171436
2018-01-25 17:15:53.477;SP;AS105-AS1-20180125171436
2018-01-25 17:15:55.154;SQ;AS105-AS1-20180125171555
2018-01-25 17:16:40.541;RU;AS105-AS1-20180125171317
2018-01-25 17:16:42.383;VU;AS105-AS1-20180125171317
2018-01-25 17:16:43.015;RC;AS105-AS1-20180125171436
2018-01-25 17:16:43.852;SS;AS105-AS1-20180125171436
