2018-01-25 16:58:51.056;SQ;AS113-AS1-20180125165851
2018-01-25 17:00:36.067;RO;AS113-AS1-20180125165851
2018-01-25 17:00:38.011;SP;AS113-AS1-20180125165851
2018-01-25 17:00:41.451;SQ;AS113-AS1-20180125170041
2018-01-25 17:01:12.189;RC;AS113-AS1-20180125165851
2018-01-25 17:01:13.020;SS;AS113-AS1-20180125165851
2018-01-25 17:02:03.845;RO;AS113-AS1-20180125170041
2018-01-25 17:02:04.869;SP;AS113-AS1-20180125170041
2018-01-25 17:02:06.533;SQ;AS113-AS1-20180125170206
2018-01-25 17:02:24.062;RU;AS113-AS1-20180125165851
2018-01-25 17:02:38.766;RC;AS113-AS1-20180125170041
2018-01-25 17:02:42.190;SS;AS113-AS1-20180125170041
2018-01-25 17:02:47.681;VU;AS113-AS1-20180125165851
2018-01-25 17:03:29.033;RO;AS113-AS1-20180125170206
2018-01-25 17:03:29.960;SP;AS113-AS1-20180125170206
2018-01-25 17:03:31.586;SQ;AS113-AS1-20180125170331
2018-01-25 17:04:10.182;RU;AS113-AS1-20180125170041
2018-01-25 17:04:10.389;RC;AS113-AS1-20180125170206
2018-01-25 17:04:11.917;SS;AS113-AS1-20180125170206
2018-01-25 17:04:12.629;VU;AS113-AS1-20180125170041
2018-01-25 17:04:40.598;RO;AS113-AS1-20180125170331
2018-01-25 17:04:42.371;SP;AS113-AS1-20180125170331
2018-01-25 17:04:45.878;SQ;AS113-AS1-20180125170445
2018-01-25 17:05:10.404;RC;AS113-AS1-20180125170331
2018-01-25 17:05:11.227;SS;AS113-AS1-20180125170331
2018-01-25 17:05:22.475;RU;AS113-AS1-20180125170206
2018-01-25 17:05:52.037;VU;AS113-AS1-20180125170206
2018-01-25 17:06:22.780;RO;AS113-AS1-20180125170445
2018-01-25 17:06:23.831;SP;AS113-AS1-20180125170445
2018-01-25 17:06:24.331;RU;AS113-AS1-20180125170331
2018-01-25 17:06:26.355;SQ;AS113-AS1-20180125170626
2018-01-25 17:06:53.544;VU;AS113-AS1-20180125170331
2018-01-25 17:07:19.022;RC;AS113-AS1-20180125170445
2018-01-25 17:07:19.866;SS;AS113-AS1-20180125170445
2018-01-25 17:08:02.639;RO;AS113-AS1-20180125170626
2018-01-25 17:08:03.827;SP;AS113-AS1-20180125170626
2018-01-25 17:08:05.496;SQ;AS113-AS1-20180125170805
2018-01-25 17:08:28.344;RC;AS113-AS1-20180125170626
2018-01-25 17:08:29.160;SS;AS113-AS1-20180125170626
2018-01-25 17:09:17.885;RU;AS113-AS1-20180125170445
2018-01-25 17:09:19.725;VU;AS113-AS1-20180125170445
2018-01-25 17:09:49.427;RO;AS113-AS1-20180125170805
2018-01-25 17:09:51.411;SP;AS113-AS1-20180125170805
2018-01-25 17:09:53.717;RU;AS113-AS1-20180125170626
2018-01-25 17:09:55.822;SQ;AS113-AS1-20180125170955
2018-01-25 17:10:02.103;VU;AS113-AS1-20180125170626
2018-01-25 17:10:21.886;RC;AS113-AS1-20180125170805
2018-01-25 17:10:22.726;SS;AS113-AS1-20180125170805
2018-01-25 17:11:02.546;RO;AS113-AS1-20180125170955
2018-01-25 17:11:03.716;SP;AS113-AS1-20180125170955
2018-01-25 17:11:05.394;SQ;AS113-AS1-20180125171105
2018-01-25 17:11:18.981;RU;AS113-AS1-20180125170805
2018-01-25 17:11:21.359;RC;AS113-AS1-20180125170955
2018-01-25 17:11:22.485;SS;AS113-AS1-20180125170955
2018-01-25 17:12:05.361;RO;AS113-AS1-20180125171105
2018-01-25 17:12:07.208;SP;AS113-AS1-20180125171105
2018-01-25 17:12:07.791;VU;AS113-AS1-20180125170805
2018-01-25 17:12:08.850;SQ;AS113-AS1-20180125171208
2018-01-25 17:12:40.594;RC;AS113-AS1-20180125171105
2018-01-25 17:12:41.435;SS;AS113-AS1-20180125171105
2018-01-25 17:12:45.041;RU;AS113-AS1-20180125170955
2018-01-25 17:13:07.171;VU;AS113-AS1-20180125170955
2018-01-25 17:13:11.363;RO;AS113-AS1-20180125171208
2018-01-25 17:13:12.278;SP;AS113-AS1-20180125171208
2018-01-25 17:13:13.909;SQ;AS113-AS1-20180125171313
2018-01-25 17:13:54.433;RC;AS113-AS1-20180125171208
2018-01-25 17:13:55.296;SS;AS113-AS1-20180125171208
2018-01-25 17:14:03.727;RU;AS113-AS1-20180125171105
2018-01-25 17:14:06.912;VU;AS113-AS1-20180125171105
2018-01-25 17:14:25.001;RO;AS113-AS1-20180125171313
2018-01-25 17:14:26.315;SP;AS113-AS1-20180125171313
2018-01-25 17:14:27.992;SQ;AS113-AS1-20180125171427
2018-01-25 17:15:01.371;RC;AS113-AS1-20180125171313
2018-01-25 17:15:02.234;SS;AS113-AS1-20180125171313
2018-01-25 17:15:21.427;RU;AS113-AS1-20180125171208
2018-01-25 17:15:23.271;VU;AS113-AS1-20180125171208
2018-01-25 17:15:43.815;RO;AS113-AS1-20180125171427
2018-01-25 17:15:44.921;SP;AS113-AS1-20180125171427
2018-01-25 17:15:46.541;SQ;AS113-AS1-20180125171546
2018-01-25 17:16:12.462;RU;AS113-AS1-20180125171313
2018-01-25 17:16:14.301;VU;AS113-AS1-20180125171313
2018-01-25 17:16:23.779;RC;AS113-AS1-20180125171427
2018-01-25 17:16:24.626;SS;AS113-AS1-20180125171427
2018-01-25 17:17:14.028;RO;AS113-AS1-20180125171546
2018-01-25 17:17:14.946;SP;AS113-AS1-20180125171546
2018-01-25 17:17:16.634;SQ;AS113-AS1-20180125171716
