2018-01-25 16:58:37.872;SQ;AS111-AS1-20180125165837
2018-01-25 16:59:07.094;RO;AS111-AS1-20180125165837
2018-01-25 16:59:08.240;SP;AS111-AS1-20180125165837
2018-01-25 16:59:09.861;SQ;AS111-AS1-20180125165909
2018-01-25 16:59:37.548;RC;AS111-AS1-20180125165837
2018-01-25 16:59:38.403;SS;AS111-AS1-20180125165837
2018-01-25 17:00:05.292;RO;AS111-AS1-20180125165909
2018-01-25 17:00:06.269;SP;AS111-AS1-20180125165909
2018-01-25 17:00:07.943;SQ;AS111-AS1-20180125170007
2018-01-25 17:00:49.218;RC;AS111-AS1-20180125165909
2018-01-25 17:00:50.029;SS;AS111-AS1-20180125165909
2018-01-25 17:00:55.720;RU;AS111-AS1-20180125165837
2018-01-25 17:00:57.570;VU;AS111-AS1-20180125165837
2018-01-25 17:01:25.540;RO;AS111-AS1-20180125170007
2018-01-25 17:01:26.828;SP;AS111-AS1-20180125170007
2018-01-25 17:01:28.449;SQ;AS111-AS1-20180125170128
2018-01-25 17:01:45.521;RU;AS111-AS1-20180125165909
2018-01-25 17:01:47.329;VU;AS111-AS1-20180125165909
2018-01-25 17:02:34.491;RC;AS111-AS1-20180125170007
2018-01-25 17:02:35.317;SS;AS111-AS1-20180125170007
2018-01-25 17:02:38.111;RO;AS111-AS1-20180125170128
2018-01-25 17:02:40.246;SP;AS111-AS1-20180125170128
2018-01-25 17:02:43.741;SQ;AS111-AS1-20180125170243
2018-01-25 17:03:16.358;RC;AS111-AS1-20180125170128
2018-01-25 17:03:17.168;SS;AS111-AS1-20180125170128
2018-01-25 17:03:54.535;RU;AS111-AS1-20180125170007
2018-01-25 17:03:56.354;VU;AS111-AS1-20180125170007
2018-01-25 17:04:10.197;RO;AS111-AS1-20180125170243
2018-01-25 17:04:11.152;SP;AS111-AS1-20180125170243
2018-01-25 17:04:12.827;SQ;AS111-AS1-20180125170412
2018-01-25 17:04:47.985;RU;AS111-AS1-20180125170128
2018-01-25 17:04:49.802;VU;AS111-AS1-20180125170128
2018-01-25 17:05:16.925;RO;AS111-AS1-20180125170412
2018-01-25 17:05:18.207;SP;AS111-AS1-20180125170412
2018-01-25 17:05:19.815;SQ;AS111-AS1-20180125170519
2018-01-25 17:05:20.888;RC;AS111-AS1-20180125170243
2018-01-25 17:05:21.709;SS;AS111-AS1-20180125170243
2018-01-25 17:05:59.079;RC;AS111-AS1-20180125170412
2018-01-25 17:05:59.919;SS;AS111-AS1-20180125170412
2018-01-25 17:06:32.606;RO;AS111-AS1-20180125170519
2018-01-25 17:06:33.690;SP;AS111-AS1-20180125170519
2018-01-25 17:06:35.284;SQ;AS111-AS1-20180125170635
2018-01-25 17:06:43.247;RU;AS111-AS1-20180125170243
2018-01-25 17:06:53.723;VU;AS111-AS1-20180125170243
2018-01-25 17:07:17.817;RU;AS111-AS1-20180125170412
2018-01-25 17:07:18.945;RC;AS111-AS1-20180125170519
2018-01-25 17:07:19.650;VU;AS111-AS1-20180125170412
2018-01-25 17:07:19.767;SS;AS111-AS1-20180125170519
2018-01-25 17:08:02.389;RO;AS111-AS1-20180125170635
2018-01-25 17:08:03.708;SP;AS111-AS1-20180125170635
2018-01-25 17:08:05.336;SQ;AS111-AS1-20180125170805
2018-01-25 17:08:35.515;RU;AS111-AS1-20180125170519
2018-01-25 17:08:56.447;VU;AS111-AS1-20180125170519
2018-01-25 17:08:59.873;RC;AS111-AS1-20180125170635
2018-01-25 17:09:00.685;SS;AS111-AS1-20180125170635
2018-01-25 17:09:54.946;RO;AS111-AS1-20180125170805
2018-01-25 17:09:56.398;SP;AS111-AS1-20180125170805
2018-01-25 17:09:58.052;SQ;AS111-AS1-20180125170958
2018-01-25 17:10:10.051;RU;AS111-AS1-20180125170635
2018-01-25 17:10:11.874;VU;AS111-AS1-20180125170635
2018-01-25 17:10:28.555;RC;AS111-AS1-20180125170805
2018-01-25 17:10:29.361;SS;AS111-AS1-20180125170805
2018-01-25 17:11:01.203;RO;AS111-AS1-20180125170958
2018-01-25 17:11:02.428;SP;AS111-AS1-20180125170958
2018-01-25 17:11:04.083;SQ;AS111-AS1-20180125171104
2018-01-25 17:11:31.773;RC;AS111-AS1-20180125170958
2018-01-25 17:11:32.606;SS;AS111-AS1-20180125170958
2018-01-25 17:11:55.635;RU;AS111-AS1-20180125170805
2018-01-25 17:12:06.997;VU;AS111-AS1-20180125170805
2018-01-25 17:12:12.014;RO;AS111-AS1-20180125171104
2018-01-25 17:12:13.008;SP;AS111-AS1-20180125171104
2018-01-25 17:12:14.671;SQ;AS111-AS1-20180125171214
2018-01-25 17:12:43.470;RC;AS111-AS1-20180125171104
2018-01-25 17:12:44.301;SS;AS111-AS1-20180125171104
2018-01-25 17:13:11.566;RU;AS111-AS1-20180125170958
2018-01-25 17:13:13.404;VU;AS111-AS1-20180125170958
2018-01-25 17:13:32.100;RO;AS111-AS1-20180125171214
2018-01-25 17:13:33.067;SP;AS111-AS1-20180125171214
2018-01-25 17:13:34.732;SQ;AS111-AS1-20180125171334
2018-01-25 17:14:05.191;RU;AS111-AS1-20180125171104
2018-01-25 17:14:07.024;VU;AS111-AS1-20180125171104
2018-01-25 17:14:12.271;RC;AS111-AS1-20180125171214
2018-01-25 17:14:13.077;SS;AS111-AS1-20180125171214
2018-01-25 17:14:45.273;RO;AS111-AS1-20180125171334
2018-01-25 17:14:46.136;SP;AS111-AS1-20180125171334
2018-01-25 17:14:47.813;SQ;AS111-AS1-20180125171447
2018-01-25 17:15:40.105;RC;AS111-AS1-20180125171334
2018-01-25 17:15:40.932;SS;AS111-AS1-20180125171334
2018-01-25 17:15:43.201;RU;AS111-AS1-20180125171214
2018-01-25 17:15:45.040;VU;AS111-AS1-20180125171214
2018-01-25 17:16:12.769;RO;AS111-AS1-20180125171447
2018-01-25 17:16:13.731;SP;AS111-AS1-20180125171447
2018-01-25 17:16:15.392;SQ;AS111-AS1-20180125171615
2018-01-25 17:16:41.832;RU;AS111-AS1-20180125171334
2018-01-25 17:16:47.643;RC;AS111-AS1-20180125171447
2018-01-25 17:16:48.991;SS;AS111-AS1-20180125171447
