2018-01-25 16:58:35.637;SQ;AS110-AS1-20180125165835
2018-01-25 16:59:04.585;RO;AS110-AS1-20180125165835
2018-01-25 16:59:05.485;SP;AS110-AS1-20180125165835
2018-01-25 16:59:07.150;SQ;AS110-AS1-20180125165907
2018-01-25 16:59:32.703;RC;AS110-AS1-20180125165835
2018-01-25 16:59:33.511;SS;AS110-AS1-20180125165835
2018-01-25 17:00:02.422;RO;AS110-AS1-20180125165907
2018-01-25 17:00:03.524;SP;AS110-AS1-20180125165907
2018-01-25 17:00:05.215;SQ;AS110-AS1-20180125170005
2018-01-25 17:00:41.719;RU;AS110-AS1-20180125165835
2018-01-25 17:00:43.018;RC;AS110-AS1-20180125165907
2018-01-25 17:00:43.883;SS;AS110-AS1-20180125165907
2018-01-25 17:00:44.067;VU;AS110-AS1-20180125165835
2018-01-25 17:01:18.152;RO;AS110-AS1-20180125170005
2018-01-25 17:01:19.140;SP;AS110-AS1-20180125170005
2018-01-25 17:01:20.809;SQ;AS110-AS1-20180125170120
2018-01-25 17:02:03.901;RC;AS110-AS1-20180125170005
2018-01-25 17:02:04.101;RU;AS110-AS1-20180125165907
2018-01-25 17:02:05.282;SS;AS110-AS1-20180125170005
2018-01-25 17:02:06.589;VU;AS110-AS1-20180125165907
2018-01-25 17:02:32.015;RO;AS110-AS1-20180125170120
2018-01-25 17:02:33.240;SP;AS110-AS1-20180125170120
2018-01-25 17:02:34.904;SQ;AS110-AS1-20180125170234
2018-01-25 17:03:11.758;RC;AS110-AS1-20180125170120
2018-01-25 17:03:12.596;SS;AS110-AS1-20180125170120
2018-01-25 17:04:10.467;RU;AS110-AS1-20180125170005
2018-01-25 17:04:12.300;VU;AS110-AS1-20180125170005
2018-01-25 17:04:16.077;RO;AS110-AS1-20180125170234
2018-01-25 17:04:17.336;SP;AS110-AS1-20180125170234
2018-01-25 17:04:18.947;SQ;AS110-AS1-20180125170418
2018-01-25 17:04:28.378;RU;AS110-AS1-20180125170120
2018-01-25 17:04:49.545;VU;AS110-AS1-20180125170120
2018-01-25 17:05:08.185;RC;AS110-AS1-20180125170234
2018-01-25 17:05:09.015;SS;AS110-AS1-20180125170234
2018-01-25 17:05:45.550;RO;AS110-AS1-20180125170418
2018-01-25 17:05:47.279;SP;AS110-AS1-20180125170418
2018-01-25 17:05:50.848;SQ;AS110-AS1-20180125170550
2018-01-25 17:06:20.236;RC;AS110-AS1-20180125170418
2018-01-25 17:06:21.052;SS;AS110-AS1-20180125170418
2018-01-25 17:06:24.668;RU;AS110-AS1-20180125170234
2018-01-25 17:06:52.371;RO;AS110-AS1-20180125170550
2018-01-25 17:06:53.364;SP;AS110-AS1-20180125170550
2018-01-25 17:06:53.633;VU;AS110-AS1-20180125170234
2018-01-25 17:06:55.024;SQ;AS110-AS1-20180125170655
2018-01-25 17:07:34.133;RC;AS110-AS1-20180125170550
2018-01-25 17:07:34.958;SS;AS110-AS1-20180125170550
2018-01-25 17:07:41.087;RU;AS110-AS1-20180125170418
2018-01-25 17:08:18.996;RO;AS110-AS1-20180125170655
2018-01-25 17:08:20.765;SP;AS110-AS1-20180125170655
2018-01-25 17:08:23.122;SQ;AS110-AS1-20180125170823
2018-01-25 17:08:49.120;RU;AS110-AS1-20180125170550
2018-01-25 17:08:56.707;VU;AS110-AS1-20180125170550
2018-01-25 17:09:17.925;RC;AS110-AS1-20180125170655
2018-01-25 17:09:18.960;SS;AS110-AS1-20180125170655
2018-01-25 17:09:56.247;RO;AS110-AS1-20180125170823
2018-01-25 17:10:00.095;SP;AS110-AS1-20180125170823
2018-01-25 17:10:02.360;SQ;AS110-AS1-20180125171002
2018-01-25 17:10:27.444;RU;AS110-AS1-20180125170655
2018-01-25 17:10:38.015;RC;AS110-AS1-20180125170823
2018-01-25 17:10:40.528;SS;AS110-AS1-20180125170823
2018-01-25 17:11:01.414;VU;AS110-AS1-20180125170655
2018-01-25 17:11:17.712;RO;AS110-AS1-20180125171002
2018-01-25 17:11:19.608;SP;AS110-AS1-20180125171002
2018-01-25 17:11:21.821;SQ;AS110-AS1-20180125171121
2018-01-25 17:11:59.397;RU;AS110-AS1-20180125170823
2018-01-25 17:12:09.833;VU;AS110-AS1-20180125170823
2018-01-25 17:12:36.562;RC;AS110-AS1-20180125171002
2018-01-25 17:12:37.656;SS;AS110-AS1-20180125171002
2018-01-25 17:12:41.990;RO;AS110-AS1-20180125171121
2018-01-25 17:12:43.619;SP;AS110-AS1-20180125171121
2018-01-25 17:12:45.916;SQ;AS110-AS1-20180125171245
2018-01-25 17:13:33.022;RC;AS110-AS1-20180125171121
2018-01-25 17:13:34.627;SS;AS110-AS1-20180125171121
2018-01-25 17:13:50.385;RU;AS110-AS1-20180125171002
2018-01-25 17:14:06.451;RO;AS110-AS1-20180125171245
2018-01-25 17:14:09.536;SP;AS110-AS1-20180125171245
2018-01-25 17:14:10.428;VU;AS110-AS1-20180125171002
2018-01-25 17:14:11.977;SQ;AS110-AS1-20180125171411
2018-01-25 17:14:49.895;RC;AS110-AS1-20180125171245
2018-01-25 17:14:51.059;SS;AS110-AS1-20180125171245
2018-01-25 17:15:11.470;RU;AS110-AS1-20180125171121
2018-01-25 17:15:17.571;VU;AS110-AS1-20180125171121
2018-01-25 17:15:42.071;RO;AS110-AS1-20180125171411
2018-01-25 17:15:43.074;SP;AS110-AS1-20180125171411
2018-01-25 17:15:45.618;SQ;AS110-AS1-20180125171545
2018-01-25 17:16:11.668;RU;AS110-AS1-20180125171245
2018-01-25 17:16:14.027;RC;AS110-AS1-20180125171411
2018-01-25 17:16:16.795;SS;AS110-AS1-20180125171411
2018-01-25 17:16:17.796;VU;AS110-AS1-20180125171245
