2018-01-25 16:58:30.098;SQ;AS122-AS1-20180125165830
2018-01-25 16:58:36.420;RO;AS122-AS1-20180125165830
2018-01-25 16:58:37.435;SP;AS122-AS1-20180125165830
2018-01-25 16:58:39.088;SQ;AS122-AS1-20180125165839
2018-01-25 16:58:49.881;RC;AS122-AS1-20180125165830
2018-01-25 16:58:50.695;SS;AS122-AS1-20180125165830
2018-01-25 16:59:13.664;RO;AS122-AS1-20180125165839
2018-01-25 16:59:14.973;SP;AS122-AS1-20180125165839
2018-01-25 16:59:16.610;SQ;AS122-AS1-20180125165916
2018-01-25 16:59:37.428;RC;AS122-AS1-20180125165839
2018-01-25 16:59:38.244;SS;AS122-AS1-20180125165839
2018-01-25 16:59:40.466;RU;AS122-AS1-20180125165830
2018-01-25 16:59:42.292;VU;AS122-AS1-20180125165830
2018-01-25 17:00:15.547;RO;AS122-AS1-20180125165916
2018-01-25 17:00:16.496;SP;AS122-AS1-20180125165916
2018-01-25 17:00:18.158;SQ;AS122-AS1-20180125170018
2018-01-25 17:00:55.971;RC;AS122-AS1-20180125165916
2018-01-25 17:00:56.799;SS;AS122-AS1-20180125165916
2018-01-25 17:00:57.046;RU;AS122-AS1-20180125165839
2018-01-25 17:00:58.863;VU;AS122-AS1-20180125165839
2018-01-25 17:01:31.169;RO;AS122-AS1-20180125170018
2018-01-25 17:01:32.050;SP;AS122-AS1-20180125170018
2018-01-25 17:01:33.707;SQ;AS122-AS1-20180125170133
2018-01-25 17:02:04.038;RC;AS122-AS1-20180125170018
2018-01-25 17:02:04.856;SS;AS122-AS1-20180125170018
2018-01-25 17:02:14.713;RU;AS122-AS1-20180125165916
2018-01-25 17:02:16.545;VU;AS122-AS1-20180125165916
2018-01-25 17:02:41.318;RO;AS122-AS1-20180125170133
2018-01-25 17:02:43.644;SP;AS122-AS1-20180125170133
2018-01-25 17:02:45.292;SQ;AS122-AS1-20180125170245
2018-01-25 17:03:14.349;RU;AS122-AS1-20180125170018
2018-01-25 17:03:16.152;VU;AS122-AS1-20180125170018
2018-01-25 17:03:27.908;RC;AS122-AS1-20180125170133
2018-01-25 17:03:28.751;SS;AS122-AS1-20180125170133
2018-01-25 17:04:10.060;RO;AS122-AS1-20180125170245
2018-01-25 17:04:11.217;SP;AS122-AS1-20180125170245
2018-01-25 17:04:12.893;SQ;AS122-AS1-20180125170412
2018-01-25 17:04:42.593;RU;AS122-AS1-20180125170133
2018-01-25 17:04:49.891;VU;AS122-AS1-20180125170133
2018-01-25 17:05:20.866;RC;AS122-AS1-20180125170245
2018-01-25 17:05:21.674;SS;AS122-AS1-20180125170245
2018-01-25 17:05:29.253;RO;AS122-AS1-20180125170412
2018-01-25 17:05:30.292;SP;AS122-AS1-20180125170412
2018-01-25 17:05:31.952;SQ;AS122-AS1-20180125170531
2018-01-25 17:06:16.805;RC;AS122-AS1-20180125170412
2018-01-25 17:06:17.644;SS;AS122-AS1-20180125170412
2018-01-25 17:06:45.527;RU;AS122-AS1-20180125170245
2018-01-25 17:06:46.557;RO;AS122-AS1-20180125170531
2018-01-25 17:06:49.297;SP;AS122-AS1-20180125170531
2018-01-25 17:06:53.154;SQ;AS122-AS1-20180125170653
2018-01-25 17:06:53.310;VU;AS122-AS1-20180125170245
2018-01-25 17:07:21.164;RU;AS122-AS1-20180125170412
2018-01-25 17:07:53.744;VU;AS122-AS1-20180125170412
2018-01-25 17:07:58.469;RC;AS122-AS1-20180125170531
2018-01-25 17:07:59.278;SS;AS122-AS1-20180125170531
2018-01-25 17:08:18.202;RO;AS122-AS1-20180125170653
2018-01-25 17:08:19.105;SP;AS122-AS1-20180125170653
2018-01-25 17:08:20.747;SQ;AS122-AS1-20180125170820
2018-01-25 17:08:57.749;RC;AS122-AS1-20180125170653
2018-01-25 17:08:58.581;SS;AS122-AS1-20180125170653
2018-01-25 17:09:18.020;RU;AS122-AS1-20180125170531
2018-01-25 17:09:19.828;VU;AS122-AS1-20180125170531
2018-01-25 17:09:35.291;RO;AS122-AS1-20180125170820
2018-01-25 17:09:36.142;SP;AS122-AS1-20180125170820
2018-01-25 17:09:37.803;SQ;AS122-AS1-20180125170937
2018-01-25 17:10:21.832;RU;AS122-AS1-20180125170653
2018-01-25 17:10:21.849;RC;AS122-AS1-20180125170820
2018-01-25 17:10:23.480;SS;AS122-AS1-20180125170820
2018-01-25 17:10:24.480;VU;AS122-AS1-20180125170653
2018-01-25 17:10:59.773;RO;AS122-AS1-20180125170937
2018-01-25 17:11:00.715;SP;AS122-AS1-20180125170937
2018-01-25 17:11:02.335;SQ;AS122-AS1-20180125171102
2018-01-25 17:11:38.848;RC;AS122-AS1-20180125170937
2018-01-25 17:11:39.668;SS;AS122-AS1-20180125170937
2018-01-25 17:11:44.504;RU;AS122-AS1-20180125170820
2018-01-25 17:12:07.771;VU;AS122-AS1-20180125170820
2018-01-25 17:12:34.873;RO;AS122-AS1-20180125171102
2018-01-25 17:12:35.787;SP;AS122-AS1-20180125171102
2018-01-25 17:12:37.427;SQ;AS122-AS1-20180125171237
2018-01-25 17:13:08.927;RC;AS122-AS1-20180125171102
2018-01-25 17:13:09.743;SS;AS122-AS1-20180125171102
2018-01-25 17:13:10.843;RU;AS122-AS1-20180125170937
2018-01-25 17:13:12.681;VU;AS122-AS1-20180125170937
2018-01-25 17:13:36.806;RO;AS122-AS1-20180125171237
2018-01-25 17:13:37.834;SP;AS122-AS1-20180125171237
2018-01-25 17:13:39.457;SQ;AS122-AS1-20180125171339
2018-01-25 17:14:23.350;RC;AS122-AS1-20180125171237
2018-01-25 17:14:24.188;SS;AS122-AS1-20180125171237
2018-01-25 17:14:24.960;RU;AS122-AS1-20180125171102
2018-01-25 17:14:26.788;VU;AS122-AS1-20180125171102
2018-01-25 17:15:02.780;RO;AS122-AS1-20180125171339
2018-01-25 17:15:03.866;SP;AS122-AS1-20180125171339
2018-01-25 17:15:06.997;SQ;AS122-AS1-20180125171506
2018-01-25 17:15:41.851;RC;AS122-AS1-20180125171339
2018-01-25 17:15:42.681;SS;AS122-AS1-20180125171339
2018-01-25 17:15:42.746;RU;AS122-AS1-20180125171237
2018-01-25 17:16:11.734;RO;AS122-AS1-20180125171506
2018-01-25 17:16:16.068;SP;AS122-AS1-20180125171506
2018-01-25 17:16:18.394;SQ;AS122-AS1-20180125171618
2018-01-25 17:16:42.344;RU;AS122-AS1-20180125171339
2018-01-25 17:16:52.521;RC;AS122-AS1-20180125171506
2018-01-25 17:16:54.450;SS;AS122-AS1-20180125171506
