2018-01-25 16:58:29.736;SQ;AS123-AS1-20180125165829
2018-01-25 16:58:33.159;RO;AS123-AS1-20180125165829
2018-01-25 16:58:34.789;SP;AS123-AS1-20180125165829
2018-01-25 16:58:36.392;SQ;AS123-AS1-20180125165836
2018-01-25 16:58:45.585;RC;AS123-AS1-20180125165829
2018-01-25 16:58:46.389;SS;AS123-AS1-20180125165829
2018-01-25 16:59:06.188;RO;AS123-AS1-20180125165836
2018-01-25 16:59:07.225;SP;AS123-AS1-20180125165836
2018-01-25 16:59:08.853;SQ;AS123-AS1-20180125165908
2018-01-25 16:59:30.465;RU;AS123-AS1-20180125165829
2018-01-25 16:59:30.995;RC;AS123-AS1-20180125165836
2018-01-25 16:59:32.121;SS;AS123-AS1-20180125165836
2018-01-25 16:59:38.846;VU;AS123-AS1-20180125165829
2018-01-25 17:00:04.959;RO;AS123-AS1-20180125165908
2018-01-25 17:00:06.247;SP;AS123-AS1-20180125165908
2018-01-25 17:00:07.911;SQ;AS123-AS1-20180125170007
2018-01-25 17:00:47.811;RU;AS123-AS1-20180125165836
2018-01-25 17:00:49.650;VU;AS123-AS1-20180125165836
2018-01-25 17:01:11.655;RC;AS123-AS1-20180125165908
2018-01-25 17:01:12.466;SS;AS123-AS1-20180125165908
2018-01-25 17:01:20.189;RO;AS123-AS1-20180125170007
2018-01-25 17:01:21.315;SP;AS123-AS1-20180125170007
2018-01-25 17:01:22.913;SQ;AS123-AS1-20180125170122
2018-01-25 17:02:04.474;RC;AS123-AS1-20180125170007
2018-01-25 17:02:05.275;SS;AS123-AS1-20180125170007
2018-01-25 17:02:25.351;RU;AS123-AS1-20180125165908
2018-01-25 17:02:25.717;RO;AS123-AS1-20180125170122
2018-01-25 17:02:27.023;SP;AS123-AS1-20180125170122
2018-01-25 17:02:29.483;SQ;AS123-AS1-20180125170229
2018-01-25 17:02:46.595;VU;AS123-AS1-20180125165908
2018-01-25 17:03:02.605;RC;AS123-AS1-20180125170122
2018-01-25 17:03:03.428;SS;AS123-AS1-20180125170122
2018-01-25 17:03:22.547;RU;AS123-AS1-20180125170007
2018-01-25 17:03:45.980;RO;AS123-AS1-20180125170229
2018-01-25 17:03:49.552;SP;AS123-AS1-20180125170229
2018-01-25 17:03:50.556;VU;AS123-AS1-20180125170007
2018-01-25 17:03:51.196;SQ;AS123-AS1-20180125170351
2018-01-25 17:04:18.645;RU;AS123-AS1-20180125170122
2018-01-25 17:04:28.049;RC;AS123-AS1-20180125170229
2018-01-25 17:04:29.329;SS;AS123-AS1-20180125170229
2018-01-25 17:04:50.677;VU;AS123-AS1-20180125170122
2018-01-25 17:05:08.441;RO;AS123-AS1-20180125170351
2018-01-25 17:05:09.624;SP;AS123-AS1-20180125170351
2018-01-25 17:05:11.272;SQ;AS123-AS1-20180125170511
2018-01-25 17:05:44.913;RC;AS123-AS1-20180125170351
2018-01-25 17:05:46.672;SS;AS123-AS1-20180125170351
2018-01-25 17:05:58.254;RU;AS123-AS1-20180125170229
2018-01-25 17:06:00.079;VU;AS123-AS1-20180125170229
2018-01-25 17:06:31.958;RO;AS123-AS1-20180125170511
2018-01-25 17:06:33.170;SP;AS123-AS1-20180125170511
2018-01-25 17:06:34.785;SQ;AS123-AS1-20180125170634
2018-01-25 17:06:58.533;RU;AS123-AS1-20180125170351
2018-01-25 17:07:00.333;VU;AS123-AS1-20180125170351
2018-01-25 17:07:18.969;RC;AS123-AS1-20180125170511
2018-01-25 17:07:19.778;SS;AS123-AS1-20180125170511
2018-01-25 17:07:48.722;RO;AS123-AS1-20180125170634
2018-01-25 17:07:51.043;SP;AS123-AS1-20180125170634
2018-01-25 17:07:52.649;SQ;AS123-AS1-20180125170752
2018-01-25 17:08:51.221;RO;AS123-AS1-20180125170752
2018-01-25 17:08:52.509;SP;AS123-AS1-20180125170752
2018-01-25 17:08:54.108;SQ;AS123-AS1-20180125170854
2018-01-25 17:08:59.594;RU;AS123-AS1-20180125170511
2018-01-25 17:09:01.251;RC;AS123-AS1-20180125170634
2018-01-25 17:09:01.410;VU;AS123-AS1-20180125170511
2018-01-25 17:09:02.076;SS;AS123-AS1-20180125170634
2018-01-25 17:09:26.785;RC;AS123-AS1-20180125170752
2018-01-25 17:09:27.607;SS;AS123-AS1-20180125170752
2018-01-25 17:10:09.580;RO;AS123-AS1-20180125170854
2018-01-25 17:10:10.482;SP;AS123-AS1-20180125170854
2018-01-25 17:10:12.085;SQ;AS123-AS1-20180125171012
2018-01-25 17:10:21.843;RU;AS123-AS1-20180125170634
2018-01-25 17:10:23.667;VU;AS123-AS1-20180125170634
2018-01-25 17:10:46.810;RU;AS123-AS1-20180125170752
2018-01-25 17:10:53.259;RC;AS123-AS1-20180125170854
2018-01-25 17:10:56.532;SS;AS123-AS1-20180125170854
2018-01-25 17:11:00.281;VU;AS123-AS1-20180125170752
2018-01-25 17:11:22.935;RO;AS123-AS1-20180125171012
2018-01-25 17:11:24.002;SP;AS123-AS1-20180125171012
2018-01-25 17:11:25.637;SQ;AS123-AS1-20180125171125
2018-01-25 17:12:03.780;RU;AS123-AS1-20180125170854
2018-01-25 17:12:05.575;VU;AS123-AS1-20180125170854
2018-01-25 17:12:10.564;RC;AS123-AS1-20180125171012
2018-01-25 17:12:11.369;SS;AS123-AS1-20180125171012
2018-01-25 17:12:44.251;RO;AS123-AS1-20180125171125
2018-01-25 17:12:45.566;SP;AS123-AS1-20180125171125
2018-01-25 17:12:47.204;SQ;AS123-AS1-20180125171247
2018-01-25 17:13:32.067;RU;AS123-AS1-20180125171012
2018-01-25 17:13:33.895;VU;AS123-AS1-20180125171012
2018-01-25 17:13:36.192;RC;AS123-AS1-20180125171125
2018-01-25 17:13:37.023;SS;AS123-AS1-20180125171125
2018-01-25 17:14:06.388;RO;AS123-AS1-20180125171247
2018-01-25 17:14:07.584;SP;AS123-AS1-20180125171247
2018-01-25 17:14:09.224;SQ;AS123-AS1-20180125171409
2018-01-25 17:14:44.496;RC;AS123-AS1-20180125171247
2018-01-25 17:14:45.299;SS;AS123-AS1-20180125171247
2018-01-25 17:15:14.897;RU;AS123-AS1-20180125171125
2018-01-25 17:15:16.722;VU;AS123-AS1-20180125171125
2018-01-25 17:15:21.170;RO;AS123-AS1-20180125171409
2018-01-25 17:15:22.109;SP;AS123-AS1-20180125171409
2018-01-25 17:15:23.719;SQ;AS123-AS1-20180125171523
2018-01-25 17:15:48.154;RC;AS123-AS1-20180125171409
2018-01-25 17:15:48.961;SS;AS123-AS1-20180125171409
2018-01-25 17:16:10.218;RO;AS123-AS1-20180125171523
2018-01-25 17:16:11.938;SP;AS123-AS1-20180125171523
2018-01-25 17:16:14.822;SQ;AS123-AS1-20180125171614
2018-01-25 17:16:39.833;RU;AS123-AS1-20180125171247
2018-01-25 17:16:41.661;VU;AS123-AS1-20180125171247
2018-01-25 17:16:50.695;RC;AS123-AS1-20180125171523
2018-01-25 17:16:51.475;SS;AS123-AS1-20180125171523
