2018-01-25 16:58:38.653;SQ;AS128-AS1-20180125165838
2018-01-25 16:59:11.387;RO;AS128-AS1-20180125165838
2018-01-25 16:59:12.529;SP;AS128-AS1-20180125165838
2018-01-25 16:59:14.161;SQ;AS128-AS1-20180125165914
2018-01-25 16:59:39.707;RC;AS128-AS1-20180125165838
2018-01-25 16:59:40.533;SS;AS128-AS1-20180125165838
2018-01-25 17:00:11.772;RO;AS128-AS1-20180125165914
2018-01-25 17:00:13.043;SP;AS128-AS1-20180125165914
2018-01-25 17:00:14.726;SQ;AS128-AS1-20180125170014
2018-01-25 17:00:52.518;RC;AS128-AS1-20180125165914
2018-01-25 17:00:53.355;SS;AS128-AS1-20180125165914
2018-01-25 17:00:57.568;RU;AS128-AS1-20180125165838
2018-01-25 17:00:59.389;VU;AS128-AS1-20180125165838
2018-01-25 17:01:30.022;RO;AS128-AS1-20180125170014
2018-01-25 17:01:31.166;SP;AS128-AS1-20180125170014
2018-01-25 17:01:32.863;SQ;AS128-AS1-20180125170132
2018-01-25 17:02:03.998;RU;AS128-AS1-20180125165914
2018-01-25 17:02:05.843;VU;AS128-AS1-20180125165914
2018-01-25 17:02:08.662;RC;AS128-AS1-20180125170014
2018-01-25 17:02:09.487;SS;AS128-AS1-20180125170014
2018-01-25 17:02:35.218;RO;AS128-AS1-20180125170132
2018-01-25 17:02:36.287;SP;AS128-AS1-20180125170132
2018-01-25 17:02:38.248;SQ;AS128-AS1-20180125170238
2018-01-25 17:03:15.436;RC;AS128-AS1-20180125170132
2018-01-25 17:03:16.278;SS;AS128-AS1-20180125170132
2018-01-25 17:03:56.810;RO;AS128-AS1-20180125170238
2018-01-25 17:03:57.668;SP;AS128-AS1-20180125170238
2018-01-25 17:03:59.320;SQ;AS128-AS1-20180125170359
2018-01-25 17:04:14.226;RU;AS128-AS1-20180125170014
2018-01-25 17:04:16.062;VU;AS128-AS1-20180125170014
2018-01-25 17:04:42.001;RU;AS128-AS1-20180125170132
2018-01-25 17:04:49.597;VU;AS128-AS1-20180125170132
2018-01-25 17:05:08.560;RC;AS128-AS1-20180125170238
2018-01-25 17:05:08.560;RO;AS128-AS1-20180125170359
2018-01-25 17:05:09.776;SS;AS128-AS1-20180125170238
2018-01-25 17:05:10.213;SP;AS128-AS1-20180125170359
2018-01-25 17:05:11.887;SQ;AS128-AS1-20180125170511
2018-01-25 17:05:54.244;RC;AS128-AS1-20180125170359
2018-01-25 17:05:55.089;SS;AS128-AS1-20180125170359
2018-01-25 17:06:23.330;RU;AS128-AS1-20180125170238
2018-01-25 17:06:25.251;RO;AS128-AS1-20180125170511
2018-01-25 17:06:26.823;SP;AS128-AS1-20180125170511
2018-01-25 17:06:29.319;SQ;AS128-AS1-20180125170629
2018-01-25 17:06:53.613;VU;AS128-AS1-20180125170238
2018-01-25 17:06:57.448;RU;AS128-AS1-20180125170359
2018-01-25 17:06:59.292;VU;AS128-AS1-20180125170359
2018-01-25 17:07:19.133;RC;AS128-AS1-20180125170511
2018-01-25 17:07:19.980;SS;AS128-AS1-20180125170511
2018-01-25 17:07:50.162;RO;AS128-AS1-20180125170629
2018-01-25 17:07:51.820;SP;AS128-AS1-20180125170629
2018-01-25 17:07:53.487;SQ;AS128-AS1-20180125170753
2018-01-25 17:08:26.864;RC;AS128-AS1-20180125170629
2018-01-25 17:08:27.691;SS;AS128-AS1-20180125170629
2018-01-25 17:08:53.598;RU;AS128-AS1-20180125170511
2018-01-25 17:08:55.434;VU;AS128-AS1-20180125170511
2018-01-25 17:09:28.660;RO;AS128-AS1-20180125170753
2018-01-25 17:09:29.910;SP;AS128-AS1-20180125170753
2018-01-25 17:09:31.545;SQ;AS128-AS1-20180125170931
2018-01-25 17:09:56.240;RU;AS128-AS1-20180125170629
2018-01-25 17:09:58.091;VU;AS128-AS1-20180125170629
2018-01-25 17:10:21.927;RC;AS128-AS1-20180125170753
2018-01-25 17:10:22.775;SS;AS128-AS1-20180125170753
2018-01-25 17:10:52.322;RO;AS128-AS1-20180125170931
2018-01-25 17:10:54.424;SP;AS128-AS1-20180125170931
2018-01-25 17:10:58.479;SQ;AS128-AS1-20180125171058
2018-01-25 17:11:27.326;RU;AS128-AS1-20180125170753
2018-01-25 17:11:31.217;RC;AS128-AS1-20180125170931
2018-01-25 17:11:32.684;SS;AS128-AS1-20180125170931
2018-01-25 17:11:54.070;RO;AS128-AS1-20180125171058
2018-01-25 17:11:55.360;SP;AS128-AS1-20180125171058
2018-01-25 17:12:01.099;SQ;AS128-AS1-20180125171201
2018-01-25 17:12:08.700;VU;AS128-AS1-20180125170753
2018-01-25 17:12:35.553;RC;AS128-AS1-20180125171058
2018-01-25 17:12:36.399;SS;AS128-AS1-20180125171058
2018-01-25 17:13:08.402;RO;AS128-AS1-20180125171201
2018-01-25 17:13:09.524;SP;AS128-AS1-20180125171201
2018-01-25 17:13:11.181;SQ;AS128-AS1-20180125171311
2018-01-25 17:13:30.659;RU;AS128-AS1-20180125170931
2018-01-25 17:13:32.476;VU;AS128-AS1-20180125170931
2018-01-25 17:13:43.647;RC;AS128-AS1-20180125171201
2018-01-25 17:13:44.485;SS;AS128-AS1-20180125171201
2018-01-25 17:13:46.225;RU;AS128-AS1-20180125171058
2018-01-25 17:14:08.550;VU;AS128-AS1-20180125171058
2018-01-25 17:14:23.946;RO;AS128-AS1-20180125171311
2018-01-25 17:14:25.117;SP;AS128-AS1-20180125171311
2018-01-25 17:14:26.766;SQ;AS128-AS1-20180125171426
2018-01-25 17:15:01.938;RC;AS128-AS1-20180125171311
2018-01-25 17:15:02.775;SS;AS128-AS1-20180125171311
2018-01-25 17:15:08.777;RU;AS128-AS1-20180125171201
2018-01-25 17:15:14.153;VU;AS128-AS1-20180125171201
2018-01-25 17:15:59.743;RO;AS128-AS1-20180125171426
2018-01-25 17:16:00.682;SP;AS128-AS1-20180125171426
2018-01-25 17:16:01.810;RU;AS128-AS1-20180125171311
2018-01-25 17:16:02.773;SQ;AS128-AS1-20180125171602
2018-01-25 17:16:43.721;RC;AS128-AS1-20180125171426
2018-01-25 17:16:44.826;SS;AS128-AS1-20180125171426
