2018-01-25 16:58:25.985;SQ;AS120-AS1-20180125165825
2018-01-25 16:58:27.166;RO;AS120-AS1-20180125165825
2018-01-25 16:58:28.338;SP;AS120-AS1-20180125165825
2018-01-25 16:58:28.949;RC;AS120-AS1-20180125165825
2018-01-25 16:58:30.660;SS;AS120-AS1-20180125165825
2018-01-25 16:58:30.905;SQ;AS120-AS1-20180125165830
2018-01-25 16:58:47.671;RU;AS120-AS1-20180125165825
2018-01-25 16:58:48.129;RO;AS120-AS1-20180125165830
2018-01-25 16:58:49.344;SP;AS120-AS1-20180125165830
2018-01-25 16:58:51.885;SQ;AS120-AS1-20180125165851
2018-01-25 16:59:05.654;RC;AS120-AS1-20180125165830
2018-01-25 16:59:06.800;SS;AS120-AS1-20180125165830
2018-01-25 16:59:37.424;VU;AS120-AS1-20180125165825
2018-01-25 16:59:43.372;RO;AS120-AS1-20180125165851
2018-01-25 16:59:44.290;SP;AS120-AS1-20180125165851
2018-01-25 16:59:45.950;SQ;AS120-AS1-20180125165945
2018-01-25 17:00:05.675;RU;AS120-AS1-20180125165830
2018-01-25 17:00:07.534;VU;AS120-AS1-20180125165830
2018-01-25 17:00:19.932;RC;AS120-AS1-20180125165851
2018-01-25 17:00:20.778;SS;AS120-AS1-20180125165851
2018-01-25 17:00:59.172;RO;AS120-AS1-20180125165945
2018-01-25 17:01:00.351;SP;AS120-AS1-20180125165945
2018-01-25 17:01:02.033;SQ;AS120-AS1-20180125170102
2018-01-25 17:01:32.820;RU;AS120-AS1-20180125165851
2018-01-25 17:01:36.295;RC;AS120-AS1-20180125165945
2018-01-25 17:01:38.188;SS;AS120-AS1-20180125165945
2018-01-25 17:01:47.670;VU;AS120-AS1-20180125165851
2018-01-25 17:02:05.900;RO;AS120-AS1-20180125170102
2018-01-25 17:02:06.986;SP;AS120-AS1-20180125170102
2018-01-25 17:02:08.692;SQ;AS120-AS1-20180125170208
2018-01-25 17:02:47.707;RU;AS120-AS1-20180125165945
2018-01-25 17:02:49.549;VU;AS120-AS1-20180125165945
2018-01-25 17:02:52.260;RC;AS120-AS1-20180125170102
2018-01-25 17:02:53.086;SS;AS120-AS1-20180125170102
2018-01-25 17:03:41.435;RO;AS120-AS1-20180125170208
2018-01-25 17:03:43.542;SP;AS120-AS1-20180125170208
2018-01-25 17:03:47.016;SQ;AS120-AS1-20180125170347
2018-01-25 17:04:13.180;RU;AS120-AS1-20180125170102
2018-01-25 17:04:15.014;VU;AS120-AS1-20180125170102
2018-01-25 17:04:23.638;RC;AS120-AS1-20180125170208
2018-01-25 17:04:24.469;SS;AS120-AS1-20180125170208
2018-01-25 17:04:55.662;RO;AS120-AS1-20180125170347
2018-01-25 17:04:56.951;SP;AS120-AS1-20180125170347
2018-01-25 17:04:58.609;SQ;AS120-AS1-20180125170458
2018-01-25 17:05:29.733;RC;AS120-AS1-20180125170347
2018-01-25 17:05:30.552;SS;AS120-AS1-20180125170347
2018-01-25 17:05:53.114;RU;AS120-AS1-20180125170208
2018-01-25 17:05:54.930;VU;AS120-AS1-20180125170208
2018-01-25 17:06:32.816;RO;AS120-AS1-20180125170458
2018-01-25 17:06:34.070;SP;AS120-AS1-20180125170458
2018-01-25 17:06:35.722;SQ;AS120-AS1-20180125170635
2018-01-25 17:06:52.938;RU;AS120-AS1-20180125170347
2018-01-25 17:06:54.779;VU;AS120-AS1-20180125170347
2018-01-25 17:07:18.943;RC;AS120-AS1-20180125170458
2018-01-25 17:07:19.781;SS;AS120-AS1-20180125170458
2018-01-25 17:07:57.436;RO;AS120-AS1-20180125170635
2018-01-25 17:07:58.653;SP;AS120-AS1-20180125170635
2018-01-25 17:08:00.335;SQ;AS120-AS1-20180125170800
2018-01-25 17:08:18.992;RC;AS120-AS1-20180125170635
2018-01-25 17:08:19.830;SS;AS120-AS1-20180125170635
2018-01-25 17:08:23.545;RU;AS120-AS1-20180125170458
2018-01-25 17:08:56.040;VU;AS120-AS1-20180125170458
2018-01-25 17:08:56.970;RO;AS120-AS1-20180125170800
2018-01-25 17:08:58.258;SP;AS120-AS1-20180125170800
2018-01-25 17:08:59.936;SQ;AS120-AS1-20180125170859
2018-01-25 17:09:23.324;RU;AS120-AS1-20180125170635
2018-01-25 17:09:37.006;RC;AS120-AS1-20180125170800
2018-01-25 17:09:37.836;SS;AS120-AS1-20180125170800
2018-01-25 17:09:59.920;VU;AS120-AS1-20180125170635
2018-01-25 17:10:39.256;RO;AS120-AS1-20180125170859
2018-01-25 17:10:40.416;SP;AS120-AS1-20180125170859
2018-01-25 17:10:42.095;SQ;AS120-AS1-20180125171042
2018-01-25 17:10:46.770;RU;AS120-AS1-20180125170800
2018-01-25 17:11:00.622;VU;AS120-AS1-20180125170800
2018-01-25 17:11:17.708;RC;AS120-AS1-20180125170859
2018-01-25 17:11:18.560;SS;AS120-AS1-20180125170859
2018-01-25 17:12:03.016;RO;AS120-AS1-20180125171042
2018-01-25 17:12:04.022;SP;AS120-AS1-20180125171042
2018-01-25 17:12:05.663;SQ;AS120-AS1-20180125171205
2018-01-25 17:12:35.483;RC;AS120-AS1-20180125171042
2018-01-25 17:12:35.699;RU;AS120-AS1-20180125170859
2018-01-25 17:12:36.905;SS;AS120-AS1-20180125171042
2018-01-25 17:12:38.186;VU;AS120-AS1-20180125170859
2018-01-25 17:13:15.532;RO;AS120-AS1-20180125171205
2018-01-25 17:13:16.578;SP;AS120-AS1-20180125171205
2018-01-25 17:13:18.206;SQ;AS120-AS1-20180125171318
2018-01-25 17:13:48.172;RU;AS120-AS1-20180125171042
2018-01-25 17:14:01.140;RC;AS120-AS1-20180125171205
2018-01-25 17:14:04.520;SS;AS120-AS1-20180125171205
2018-01-25 17:14:08.725;VU;AS120-AS1-20180125171042
2018-01-25 17:14:27.731;RO;AS120-AS1-20180125171318
2018-01-25 17:14:28.621;SP;AS120-AS1-20180125171318
2018-01-25 17:14:30.310;SQ;AS120-AS1-20180125171430
2018-01-25 17:15:13.632;RC;AS120-AS1-20180125171318
2018-01-25 17:15:14.446;SS;AS120-AS1-20180125171318
2018-01-25 17:15:17.724;RU;AS120-AS1-20180125171205
2018-01-25 17:15:19.544;VU;AS120-AS1-20180125171205
2018-01-25 17:15:42.183;RO;AS120-AS1-20180125171430
2018-01-25 17:15:43.201;SP;AS120-AS1-20180125171430
2018-01-25 17:15:44.851;SQ;AS120-AS1-20180125171544
2018-01-25 17:16:17.986;RC;AS120-AS1-20180125171430
2018-01-25 17:16:18.812;SS;AS120-AS1-20180125171430
2018-01-25 17:16:39.783;RU;AS120-AS1-20180125171318
2018-01-25 17:16:41.606;VU;AS120-AS1-20180125171318
2018-01-25 17:16:50.480;RO;AS120-AS1-20180125171544
2018-01-25 17:16:51.758;SP;AS120-AS1-20180125171544
2018-01-25 17:16:53.441;SQ;AS120-AS1-20180125171653
