2018-01-25 16:58:31.962;SQ;AS13-AS1-20180125165831
2018-01-25 16:58:48.074;RO;AS13-AS1-20180125165831
2018-01-25 16:58:49.293;SP;AS13-AS1-20180125165831
2018-01-25 16:58:50.889;SQ;AS13-AS1-20180125165850
2018-01-25 16:58:57.874;RC;AS13-AS1-20180125165831
2018-01-25 16:58:58.657;SS;AS13-AS1-20180125165831
2018-01-25 16:59:36.217;RO;AS13-AS1-20180125165850
2018-01-25 16:59:37.222;SP;AS13-AS1-20180125165850
2018-01-25 16:59:38.779;SQ;AS13-AS1-20180125165938
2018-01-25 16:59:50.063;RU;AS13-AS1-20180125165831
2018-01-25 16:59:51.829;VU;AS13-AS1-20180125165831
2018-01-25 17:00:12.307;RC;AS13-AS1-20180125165850
2018-01-25 17:00:13.085;SS;AS13-AS1-20180125165850
2018-01-25 17:00:52.336;RO;AS13-AS1-20180125165938
2018-01-25 17:00:53.113;SP;AS13-AS1-20180125165938
2018-01-25 17:00:54.661;SQ;AS13-AS1-20180125170054
2018-01-25 17:01:33.068;RU;AS13-AS1-20180125165850
2018-01-25 17:01:46.587;VU;AS13-AS1-20180125165850
2018-01-25 17:02:03.951;RC;AS13-AS1-20180125165938
2018-01-25 17:02:04.729;SS;AS13-AS1-20180125165938
2018-01-25 17:02:10.460;RO;AS13-AS1-20180125170054
2018-01-25 17:02:11.543;SP;AS13-AS1-20180125170054
2018-01-25 17:02:13.082;SQ;AS13-AS1-20180125170213
2018-01-25 17:02:52.916;RC;AS13-AS1-20180125170054
2018-01-25 17:02:53.716;SS;AS13-AS1-20180125170054
2018-01-25 17:03:15.392;RU;AS13-AS1-20180125165938
2018-01-25 17:03:41.264;RO;AS13-AS1-20180125170213
2018-01-25 17:03:43.839;SP;AS13-AS1-20180125170213
2018-01-25 17:03:49.442;SQ;AS13-AS1-20180125170349
2018-01-25 17:03:53.247;VU;AS13-AS1-20180125165938
2018-01-25 17:04:10.547;RU;AS13-AS1-20180125170054
2018-01-25 17:04:12.312;VU;AS13-AS1-20180125170054
2018-01-25 17:04:18.667;RC;AS13-AS1-20180125170213
2018-01-25 17:04:19.463;SS;AS13-AS1-20180125170213
2018-01-25 17:05:08.473;RO;AS13-AS1-20180125170349
2018-01-25 17:05:09.313;SP;AS13-AS1-20180125170349
2018-01-25 17:05:10.894;SQ;AS13-AS1-20180125170510
2018-01-25 17:05:51.740;RC;AS13-AS1-20180125170349
2018-01-25 17:05:52.523;SS;AS13-AS1-20180125170349
2018-01-25 17:05:58.262;RU;AS13-AS1-20180125170213
2018-01-25 17:06:00.052;VU;AS13-AS1-20180125170213
2018-01-25 17:06:22.393;RO;AS13-AS1-20180125170510
2018-01-25 17:06:23.237;SP;AS13-AS1-20180125170510
2018-01-25 17:06:24.779;SQ;AS13-AS1-20180125170624
2018-01-25 17:07:02.291;RC;AS13-AS1-20180125170510
2018-01-25 17:07:03.098;SS;AS13-AS1-20180125170510
2018-01-25 17:07:18.720;RU;AS13-AS1-20180125170349
2018-01-25 17:07:20.510;VU;AS13-AS1-20180125170349
2018-01-25 17:07:56.853;RO;AS13-AS1-20180125170624
2018-01-25 17:07:57.652;SP;AS13-AS1-20180125170624
2018-01-25 17:07:59.193;SQ;AS13-AS1-20180125170759
2018-01-25 17:08:30.193;RC;AS13-AS1-20180125170624
2018-01-25 17:08:30.990;SS;AS13-AS1-20180125170624
2018-01-25 17:08:46.119;RU;AS13-AS1-20180125170510
2018-01-25 17:08:48.742;VU;AS13-AS1-20180125170510
2018-01-25 17:09:54.002;RO;AS13-AS1-20180125170759
2018-01-25 17:09:55.075;RU;AS13-AS1-20180125170624
2018-01-25 17:09:56.354;SP;AS13-AS1-20180125170759
2018-01-25 17:09:58.142;VU;AS13-AS1-20180125170624
2018-01-25 17:09:58.316;SQ;AS13-AS1-20180125170958
2018-01-25 17:10:35.685;RC;AS13-AS1-20180125170759
2018-01-25 17:10:36.508;SS;AS13-AS1-20180125170759
2018-01-25 17:11:16.934;RO;AS13-AS1-20180125170958
2018-01-25 17:11:18.172;SP;AS13-AS1-20180125170958
2018-01-25 17:11:19.699;SQ;AS13-AS1-20180125171119
2018-01-25 17:11:58.120;RC;AS13-AS1-20180125170958
2018-01-25 17:11:59.785;SS;AS13-AS1-20180125170958
2018-01-25 17:12:18.094;RU;AS13-AS1-20180125170759
2018-01-25 17:12:19.880;VU;AS13-AS1-20180125170759
2018-01-25 17:12:38.306;RO;AS13-AS1-20180125171119
2018-01-25 17:12:39.573;SP;AS13-AS1-20180125171119
2018-01-25 17:12:41.171;SQ;AS13-AS1-20180125171241
2018-01-25 17:13:32.314;RU;AS13-AS1-20180125170958
2018-01-25 17:13:32.314;RC;AS13-AS1-20180125171119
2018-01-25 17:13:33.901;SS;AS13-AS1-20180125171119
2018-01-25 17:13:34.903;VU;AS13-AS1-20180125170958
2018-01-25 17:14:02.053;RO;AS13-AS1-20180125171241
2018-01-25 17:14:03.959;SP;AS13-AS1-20180125171241
2018-01-25 17:14:07.207;SQ;AS13-AS1-20180125171407
2018-01-25 17:14:33.324;RC;AS13-AS1-20180125171241
2018-01-25 17:14:34.108;SS;AS13-AS1-20180125171241
2018-01-25 17:14:52.348;RU;AS13-AS1-20180125171119
2018-01-25 17:15:03.660;RO;AS13-AS1-20180125171407
2018-01-25 17:15:04.975;SP;AS13-AS1-20180125171407
2018-01-25 17:15:10.388;SQ;AS13-AS1-20180125171510
2018-01-25 17:15:17.199;VU;AS13-AS1-20180125171119
2018-01-25 17:15:43.190;RC;AS13-AS1-20180125171407
2018-01-25 17:15:43.944;SS;AS13-AS1-20180125171407
2018-01-25 17:15:48.826;RU;AS13-AS1-20180125171241
2018-01-25 17:16:13.004;RO;AS13-AS1-20180125171510
2018-01-25 17:16:15.675;SP;AS13-AS1-20180125171510
2018-01-25 17:16:16.675;VU;AS13-AS1-20180125171241
2018-01-25 17:16:17.219;SQ;AS13-AS1-20180125171617
2018-01-25 17:16:52.536;RU;AS13-AS1-20180125171407
2018-01-25 17:16:54.758;RC;AS13-AS1-20180125171510
2018-01-25 17:16:55.889;SS;AS13-AS1-20180125171510
