2018-01-25 16:58:40.627;SQ;AS131-AS1-20180125165840
2018-01-25 16:59:14.903;RO;AS131-AS1-20180125165840
2018-01-25 16:59:15.972;SP;AS131-AS1-20180125165840
2018-01-25 16:59:17.607;SQ;AS131-AS1-20180125165917
2018-01-25 16:59:45.897;RC;AS131-AS1-20180125165840
2018-01-25 16:59:46.701;SS;AS131-AS1-20180125165840
2018-01-25 17:00:20.882;RO;AS131-AS1-20180125165917
2018-01-25 17:00:21.987;SP;AS131-AS1-20180125165917
2018-01-25 17:00:23.581;SQ;AS131-AS1-20180125170023
2018-01-25 17:00:53.273;RC;AS131-AS1-20180125165917
2018-01-25 17:00:54.067;SS;AS131-AS1-20180125165917
2018-01-25 17:01:11.766;RU;AS131-AS1-20180125165840
2018-01-25 17:01:13.616;VU;AS131-AS1-20180125165840
2018-01-25 17:01:47.981;RO;AS131-AS1-20180125170023
2018-01-25 17:01:48.992;SP;AS131-AS1-20180125170023
2018-01-25 17:01:50.649;SQ;AS131-AS1-20180125170150
2018-01-25 17:02:04.016;RU;AS131-AS1-20180125165917
2018-01-25 17:02:22.078;RC;AS131-AS1-20180125170023
2018-01-25 17:02:23.709;SS;AS131-AS1-20180125170023
2018-01-25 17:02:49.408;RO;AS131-AS1-20180125170150
2018-01-25 17:02:50.654;SP;AS131-AS1-20180125170150
2018-01-25 17:02:52.912;SQ;AS131-AS1-20180125170252
2018-01-25 17:03:27.652;RC;AS131-AS1-20180125170150
2018-01-25 17:03:29.068;SS;AS131-AS1-20180125170150
2018-01-25 17:03:45.911;RU;AS131-AS1-20180125170023
2018-01-25 17:03:50.314;VU;AS131-AS1-20180125170023
2018-01-25 17:04:10.310;RO;AS131-AS1-20180125170252
2018-01-25 17:04:12.044;SP;AS131-AS1-20180125170252
2018-01-25 17:04:14.507;SQ;AS131-AS1-20180125170414
2018-01-25 17:04:49.340;RU;AS131-AS1-20180125170150
2018-01-25 17:04:50.615;RC;AS131-AS1-20180125170252
2018-01-25 17:04:51.768;SS;AS131-AS1-20180125170252
2018-01-25 17:04:52.139;VU;AS131-AS1-20180125170150
2018-01-25 17:05:30.502;RO;AS131-AS1-20180125170414
2018-01-25 17:05:31.951;SP;AS131-AS1-20180125170414
2018-01-25 17:05:34.400;SQ;AS131-AS1-20180125170534
2018-01-25 17:06:17.908;RU;AS131-AS1-20180125170252
2018-01-25 17:06:17.941;RC;AS131-AS1-20180125170414
2018-01-25 17:06:20.359;SS;AS131-AS1-20180125170414
2018-01-25 17:06:21.357;VU;AS131-AS1-20180125170252
2018-01-25 17:06:39.033;RO;AS131-AS1-20180125170534
2018-01-25 17:06:40.698;SP;AS131-AS1-20180125170534
2018-01-25 17:06:43.408;SQ;AS131-AS1-20180125170643
2018-01-25 17:07:18.743;RC;AS131-AS1-20180125170534
2018-01-25 17:07:19.998;SS;AS131-AS1-20180125170534
2018-01-25 17:07:41.449;RU;AS131-AS1-20180125170414
2018-01-25 17:07:55.550;RO;AS131-AS1-20180125170643
2018-01-25 17:07:55.994;VU;AS131-AS1-20180125170414
2018-01-25 17:07:57.595;SP;AS131-AS1-20180125170643
2018-01-25 17:07:59.718;SQ;AS131-AS1-20180125170759
2018-01-25 17:08:26.856;RU;AS131-AS1-20180125170534
2018-01-25 17:08:32.431;RC;AS131-AS1-20180125170643
2018-01-25 17:08:33.911;SS;AS131-AS1-20180125170643
2018-01-25 17:08:59.440;VU;AS131-AS1-20180125170534
2018-01-25 17:09:15.868;RO;AS131-AS1-20180125170759
2018-01-25 17:09:17.149;SP;AS131-AS1-20180125170759
2018-01-25 17:09:19.658;SQ;AS131-AS1-20180125170919
2018-01-25 17:09:58.345;RC;AS131-AS1-20180125170759
2018-01-25 17:09:59.167;SS;AS131-AS1-20180125170759
2018-01-25 17:10:00.680;RU;AS131-AS1-20180125170643
2018-01-25 17:10:02.819;VU;AS131-AS1-20180125170643
2018-01-25 17:10:31.903;RO;AS131-AS1-20180125170919
2018-01-25 17:10:33.622;SP;AS131-AS1-20180125170919
2018-01-25 17:10:35.857;SQ;AS131-AS1-20180125171035
2018-01-25 17:11:17.045;RC;AS131-AS1-20180125170919
2018-01-25 17:11:17.842;SS;AS131-AS1-20180125170919
2018-01-25 17:11:19.983;RU;AS131-AS1-20180125170759
2018-01-25 17:11:22.343;VU;AS131-AS1-20180125170759
2018-01-25 17:11:48.711;RO;AS131-AS1-20180125171035
2018-01-25 17:11:50.446;SP;AS131-AS1-20180125171035
2018-01-25 17:11:52.593;SQ;AS131-AS1-20180125171152
2018-01-25 17:12:35.614;RU;AS131-AS1-20180125170919
2018-01-25 17:12:36.450;RC;AS131-AS1-20180125171035
2018-01-25 17:12:38.120;SS;AS131-AS1-20180125171035
2018-01-25 17:12:38.438;VU;AS131-AS1-20180125170919
2018-01-25 17:13:05.392;RO;AS131-AS1-20180125171152
2018-01-25 17:13:07.385;SP;AS131-AS1-20180125171152
2018-01-25 17:13:09.889;SQ;AS131-AS1-20180125171309
2018-01-25 17:13:38.932;RC;AS131-AS1-20180125171152
2018-01-25 17:13:40.025;SS;AS131-AS1-20180125171152
2018-01-25 17:14:05.394;RU;AS131-AS1-20180125171035
2018-01-25 17:14:09.130;VU;AS131-AS1-20180125171035
2018-01-25 17:14:24.895;RO;AS131-AS1-20180125171309
2018-01-25 17:14:26.164;SP;AS131-AS1-20180125171309
2018-01-25 17:14:28.488;SQ;AS131-AS1-20180125171428
2018-01-25 17:15:03.661;RC;AS131-AS1-20180125171309
2018-01-25 17:15:05.035;SS;AS131-AS1-20180125171309
2018-01-25 17:15:16.223;RU;AS131-AS1-20180125171152
2018-01-25 17:15:18.413;VU;AS131-AS1-20180125171152
2018-01-25 17:15:41.373;RO;AS131-AS1-20180125171428
2018-01-25 17:15:43.113;SP;AS131-AS1-20180125171428
2018-01-25 17:15:45.528;SQ;AS131-AS1-20180125171545
2018-01-25 17:16:04.276;RC;AS131-AS1-20180125171428
2018-01-25 17:16:05.997;SS;AS131-AS1-20180125171428
2018-01-25 17:16:40.641;RU;AS131-AS1-20180125171309
2018-01-25 17:16:42.692;VU;AS131-AS1-20180125171309
