2018-01-25 16:58:36.760;SQ;AS132-AS1-20180125165836
2018-01-25 16:59:05.785;RO;AS132-AS1-20180125165836
2018-01-25 16:59:06.624;SP;AS132-AS1-20180125165836
2018-01-25 16:59:08.241;SQ;AS132-AS1-20180125165908
2018-01-25 16:59:30.454;RC;AS132-AS1-20180125165836
2018-01-25 16:59:31.269;SS;AS132-AS1-20180125165836
2018-01-25 17:00:06.134;RO;AS132-AS1-20180125165908
2018-01-25 17:00:07.122;SP;AS132-AS1-20180125165908
2018-01-25 17:00:08.747;SQ;AS132-AS1-20180125170008
2018-01-25 17:00:33.338;RU;AS132-AS1-20180125165836
2018-01-25 17:00:37.276;RC;AS132-AS1-20180125165908
2018-01-25 17:00:40.324;SS;AS132-AS1-20180125165908
2018-01-25 17:00:46.906;VU;AS132-AS1-20180125165836
2018-01-25 17:01:19.691;RO;AS132-AS1-20180125170008
2018-01-25 17:01:20.691;SP;AS132-AS1-20180125170008
2018-01-25 17:01:22.343;SQ;AS132-AS1-20180125170122
2018-01-25 17:02:03.874;RU;AS132-AS1-20180125165908
2018-01-25 17:02:04.027;RC;AS132-AS1-20180125170008
2018-01-25 17:02:05.524;SS;AS132-AS1-20180125170008
2018-01-25 17:02:06.304;VU;AS132-AS1-20180125165908
2018-01-25 17:02:29.427;RO;AS132-AS1-20180125170122
2018-01-25 17:02:30.721;SP;AS132-AS1-20180125170122
2018-01-25 17:02:32.336;SQ;AS132-AS1-20180125170232
2018-01-25 17:03:07.669;RC;AS132-AS1-20180125170122
2018-01-25 17:03:08.483;SS;AS132-AS1-20180125170122
2018-01-25 17:03:43.937;RO;AS132-AS1-20180125170232
2018-01-25 17:03:46.110;SP;AS132-AS1-20180125170232
2018-01-25 17:03:48.636;SQ;AS132-AS1-20180125170348
2018-01-25 17:04:10.815;RU;AS132-AS1-20180125170008
2018-01-25 17:04:12.644;VU;AS132-AS1-20180125170008
2018-01-25 17:04:20.144;RC;AS132-AS1-20180125170232
2018-01-25 17:04:20.823;RU;AS132-AS1-20180125170122
2018-01-25 17:04:21.058;SS;AS132-AS1-20180125170232
2018-01-25 17:04:50.990;VU;AS132-AS1-20180125170122
2018-01-25 17:05:08.005;RO;AS132-AS1-20180125170348
2018-01-25 17:05:09.076;SP;AS132-AS1-20180125170348
2018-01-25 17:05:10.702;SQ;AS132-AS1-20180125170510
2018-01-25 17:05:37.012;RC;AS132-AS1-20180125170348
2018-01-25 17:05:37.821;SS;AS132-AS1-20180125170348
2018-01-25 17:05:55.988;RU;AS132-AS1-20180125170232
2018-01-25 17:05:57.804;VU;AS132-AS1-20180125170232
2018-01-25 17:06:30.061;RO;AS132-AS1-20180125170510
2018-01-25 17:06:31.077;SP;AS132-AS1-20180125170510
2018-01-25 17:06:32.698;SQ;AS132-AS1-20180125170632
2018-01-25 17:06:55.264;RU;AS132-AS1-20180125170348
2018-01-25 17:06:57.061;VU;AS132-AS1-20180125170348
2018-01-25 17:07:19.177;RC;AS132-AS1-20180125170510
2018-01-25 17:07:19.991;SS;AS132-AS1-20180125170510
2018-01-25 17:07:51.750;RO;AS132-AS1-20180125170632
2018-01-25 17:07:52.592;SP;AS132-AS1-20180125170632
2018-01-25 17:07:54.182;SQ;AS132-AS1-20180125170754
2018-01-25 17:08:18.959;RC;AS132-AS1-20180125170632
2018-01-25 17:08:19.775;SS;AS132-AS1-20180125170632
2018-01-25 17:08:35.479;RU;AS132-AS1-20180125170510
2018-01-25 17:08:56.190;VU;AS132-AS1-20180125170510
2018-01-25 17:09:01.895;RO;AS132-AS1-20180125170754
2018-01-25 17:09:03.064;SP;AS132-AS1-20180125170754
2018-01-25 17:09:04.698;SQ;AS132-AS1-20180125170904
2018-01-25 17:09:34.214;RU;AS132-AS1-20180125170632
2018-01-25 17:09:43.408;RC;AS132-AS1-20180125170754
2018-01-25 17:09:44.940;SS;AS132-AS1-20180125170754
2018-01-25 17:09:59.775;VU;AS132-AS1-20180125170632
2018-01-25 17:10:38.023;RO;AS132-AS1-20180125170904
2018-01-25 17:10:39.121;SP;AS132-AS1-20180125170904
2018-01-25 17:10:40.705;SQ;AS132-AS1-20180125171040
2018-01-25 17:10:55.983;RU;AS132-AS1-20180125170754
2018-01-25 17:10:57.818;VU;AS132-AS1-20180125170754
2018-01-25 17:11:17.031;RC;AS132-AS1-20180125170904
2018-01-25 17:11:17.837;SS;AS132-AS1-20180125170904
2018-01-25 17:11:47.855;RO;AS132-AS1-20180125171040
2018-01-25 17:11:49.091;SP;AS132-AS1-20180125171040
2018-01-25 17:11:50.717;SQ;AS132-AS1-20180125171150
2018-01-25 17:12:35.509;RC;AS132-AS1-20180125171040
2018-01-25 17:12:35.532;RU;AS132-AS1-20180125170904
2018-01-25 17:12:37.134;SS;AS132-AS1-20180125171040
2018-01-25 17:12:38.133;VU;AS132-AS1-20180125170904
2018-01-25 17:12:56.341;RO;AS132-AS1-20180125171150
2018-01-25 17:12:58.498;SP;AS132-AS1-20180125171150
2018-01-25 17:13:02.040;SQ;AS132-AS1-20180125171302
2018-01-25 17:13:38.622;RC;AS132-AS1-20180125171150
2018-01-25 17:13:39.408;SS;AS132-AS1-20180125171150
2018-01-25 17:13:47.707;RU;AS132-AS1-20180125171040
2018-01-25 17:14:07.658;RO;AS132-AS1-20180125171302
2018-01-25 17:14:08.693;VU;AS132-AS1-20180125171040
2018-01-25 17:14:08.946;SP;AS132-AS1-20180125171302
2018-01-25 17:14:10.552;SQ;AS132-AS1-20180125171410
2018-01-25 17:14:47.103;RU;AS132-AS1-20180125171150
2018-01-25 17:14:51.999;RC;AS132-AS1-20180125171302
2018-01-25 17:14:53.065;SS;AS132-AS1-20180125171302
2018-01-25 17:15:15.895;VU;AS132-AS1-20180125171150
2018-01-25 17:15:43.171;RO;AS132-AS1-20180125171410
2018-01-25 17:15:43.985;SP;AS132-AS1-20180125171410
2018-01-25 17:15:45.601;SQ;AS132-AS1-20180125171545
2018-01-25 17:16:10.399;RC;AS132-AS1-20180125171410
2018-01-25 17:16:12.147;SS;AS132-AS1-20180125171410
2018-01-25 17:16:21.243;RU;AS132-AS1-20180125171302
2018-01-25 17:16:23.061;VU;AS132-AS1-20180125171302
