2018-01-25 16:58:43.674;SQ;AS141-AS1-20180125165843
2018-01-25 16:59:17.254;RO;AS141-AS1-20180125165843
2018-01-25 16:59:18.570;SP;AS141-AS1-20180125165843
2018-01-25 16:59:20.277;SQ;AS141-AS1-20180125165920
2018-01-25 16:59:50.558;RC;AS141-AS1-20180125165843
2018-01-25 16:59:51.392;SS;AS141-AS1-20180125165843
2018-01-25 17:00:29.602;RO;AS141-AS1-20180125165920
2018-01-25 17:00:30.687;SP;AS141-AS1-20180125165920
2018-01-25 17:00:32.389;SQ;AS141-AS1-20180125170032
2018-01-25 17:00:55.106;RU;AS141-AS1-20180125165843
2018-01-25 17:00:56.935;VU;AS141-AS1-20180125165843
2018-01-25 17:01:11.717;RC;AS141-AS1-20180125165920
2018-01-25 17:01:12.555;SS;AS141-AS1-20180125165920
2018-01-25 17:01:49.463;RO;AS141-AS1-20180125170032
2018-01-25 17:01:50.323;SP;AS141-AS1-20180125170032
2018-01-25 17:01:51.992;SQ;AS141-AS1-20180125170151
2018-01-25 17:02:12.070;RU;AS141-AS1-20180125165920
2018-01-25 17:02:23.880;RC;AS141-AS1-20180125170032
2018-01-25 17:02:24.738;SS;AS141-AS1-20180125170032
2018-01-25 17:02:46.177;VU;AS141-AS1-20180125165920
2018-01-25 17:03:38.183;RU;AS141-AS1-20180125170032
2018-01-25 17:03:38.508;RO;AS141-AS1-20180125170151
2018-01-25 17:03:41.209;SP;AS141-AS1-20180125170151
2018-01-25 17:03:46.930;SQ;AS141-AS1-20180125170346
2018-01-25 17:03:51.946;VU;AS141-AS1-20180125170032
2018-01-25 17:04:18.266;RC;AS141-AS1-20180125170151
2018-01-25 17:04:19.087;SS;AS141-AS1-20180125170151
2018-01-25 17:04:57.523;RO;AS141-AS1-20180125170346
2018-01-25 17:04:58.823;SP;AS141-AS1-20180125170346
2018-01-25 17:05:00.464;SQ;AS141-AS1-20180125170500
2018-01-25 17:05:40.258;RC;AS141-AS1-20180125170346
2018-01-25 17:05:41.075;SS;AS141-AS1-20180125170346
2018-01-25 17:05:49.069;RU;AS141-AS1-20180125170151
2018-01-25 17:05:50.882;VU;AS141-AS1-20180125170151
2018-01-25 17:06:18.103;RO;AS141-AS1-20180125170500
2018-01-25 17:06:19.402;SP;AS141-AS1-20180125170500
2018-01-25 17:06:21.101;SQ;AS141-AS1-20180125170621
2018-01-25 17:06:56.678;RU;AS141-AS1-20180125170346
2018-01-25 17:06:57.368;RC;AS141-AS1-20180125170500
2018-01-25 17:06:58.332;SS;AS141-AS1-20180125170500
2018-01-25 17:06:58.644;VU;AS141-AS1-20180125170346
2018-01-25 17:08:18.155;RU;AS141-AS1-20180125170500
2018-01-25 17:08:18.912;RO;AS141-AS1-20180125170621
2018-01-25 17:08:20.004;VU;AS141-AS1-20180125170500
2018-01-25 17:08:20.077;SP;AS141-AS1-20180125170621
2018-01-25 17:08:21.756;SQ;AS141-AS1-20180125170821
2018-01-25 17:08:57.465;RC;AS141-AS1-20180125170621
2018-01-25 17:08:58.323;SS;AS141-AS1-20180125170621
2018-01-25 17:09:49.475;RO;AS141-AS1-20180125170821
2018-01-25 17:09:51.630;SP;AS141-AS1-20180125170821
2018-01-25 17:09:55.264;SQ;AS141-AS1-20180125170955
2018-01-25 17:10:21.807;RC;AS141-AS1-20180125170821
2018-01-25 17:10:21.847;RU;AS141-AS1-20180125170621
2018-01-25 17:10:23.504;SS;AS141-AS1-20180125170821
2018-01-25 17:10:24.504;VU;AS141-AS1-20180125170621
2018-01-25 17:10:56.826;RO;AS141-AS1-20180125170955
2018-01-25 17:10:57.655;SP;AS141-AS1-20180125170955
2018-01-25 17:10:59.321;SQ;AS141-AS1-20180125171059
2018-01-25 17:11:29.860;RC;AS141-AS1-20180125170955
2018-01-25 17:11:30.692;SS;AS141-AS1-20180125170955
2018-01-25 17:11:42.778;RU;AS141-AS1-20180125170821
2018-01-25 17:12:01.947;RO;AS141-AS1-20180125171059
2018-01-25 17:12:04.587;SP;AS141-AS1-20180125171059
2018-01-25 17:12:08.712;SQ;AS141-AS1-20180125171208
2018-01-25 17:12:08.879;VU;AS141-AS1-20180125170821
2018-01-25 17:12:36.468;RC;AS141-AS1-20180125171059
2018-01-25 17:12:37.307;SS;AS141-AS1-20180125171059
2018-01-25 17:12:37.709;RU;AS141-AS1-20180125170955
2018-01-25 17:13:07.244;VU;AS141-AS1-20180125170955
2018-01-25 17:13:16.003;RO;AS141-AS1-20180125171208
2018-01-25 17:13:17.129;SP;AS141-AS1-20180125171208
2018-01-25 17:13:18.790;SQ;AS141-AS1-20180125171318
2018-01-25 17:13:42.526;RU;AS141-AS1-20180125171059
2018-01-25 17:14:01.826;RC;AS141-AS1-20180125171208
2018-01-25 17:14:04.292;SS;AS141-AS1-20180125171208
2018-01-25 17:14:09.837;VU;AS141-AS1-20180125171059
2018-01-25 17:14:33.933;RO;AS141-AS1-20180125171318
2018-01-25 17:14:35.251;SP;AS141-AS1-20180125171318
2018-01-25 17:14:36.902;SQ;AS141-AS1-20180125171436
2018-01-25 17:15:17.264;RC;AS141-AS1-20180125171318
2018-01-25 17:15:17.267;RU;AS141-AS1-20180125171208
2018-01-25 17:15:18.914;SS;AS141-AS1-20180125171318
2018-01-25 17:15:19.914;VU;AS141-AS1-20180125171208
2018-01-25 17:15:49.563;RO;AS141-AS1-20180125171436
2018-01-25 17:15:50.840;SP;AS141-AS1-20180125171436
2018-01-25 17:15:52.508;SQ;AS141-AS1-20180125171552
2018-01-25 17:16:39.833;RU;AS141-AS1-20180125171318
2018-01-25 17:16:40.381;RC;AS141-AS1-20180125171436
2018-01-25 17:16:41.483;SS;AS141-AS1-20180125171436
2018-01-25 17:16:41.915;VU;AS141-AS1-20180125171318
