2018-01-25 16:58:39.266;SQ;AS149-AS1-20180125165839
2018-01-25 16:59:10.328;RO;AS149-AS1-20180125165839
2018-01-25 16:59:11.659;SP;AS149-AS1-20180125165839
2018-01-25 16:59:13.425;SQ;AS149-AS1-20180125165913
2018-01-25 16:59:43.327;RC;AS149-AS1-20180125165839
2018-01-25 16:59:44.212;SS;AS149-AS1-20180125165839
2018-01-25 17:00:45.860;RO;AS149-AS1-20180125165913
2018-01-25 17:00:46.893;SP;AS149-AS1-20180125165913
2018-01-25 17:00:48.626;SQ;AS149-AS1-20180125170048
2018-01-25 17:00:58.169;RU;AS149-AS1-20180125165839
2018-01-25 17:01:00.055;VU;AS149-AS1-20180125165839
2018-01-25 17:01:23.388;RC;AS149-AS1-20180125165913
2018-01-25 17:01:24.249;SS;AS149-AS1-20180125165913
2018-01-25 17:02:30.480;RO;AS149-AS1-20180125170048
2018-01-25 17:02:31.633;SP;AS149-AS1-20180125170048
2018-01-25 17:02:33.364;SQ;AS149-AS1-20180125170233
2018-01-25 17:02:44.697;RU;AS149-AS1-20180125165913
2018-01-25 17:02:46.572;VU;AS149-AS1-20180125165913
2018-01-25 17:03:04.703;RC;AS149-AS1-20180125170048
2018-01-25 17:03:05.580;SS;AS149-AS1-20180125170048
2018-01-25 17:03:50.452;RO;AS149-AS1-20180125170233
2018-01-25 17:03:51.796;SP;AS149-AS1-20180125170233
2018-01-25 17:03:53.539;SQ;AS149-AS1-20180125170353
2018-01-25 17:04:28.450;RC;AS149-AS1-20180125170233
2018-01-25 17:04:29.335;SS;AS149-AS1-20180125170233
2018-01-25 17:04:30.608;RU;AS149-AS1-20180125170048
2018-01-25 17:04:50.136;VU;AS149-AS1-20180125170048
2018-01-25 17:05:08.507;RO;AS149-AS1-20180125170353
2018-01-25 17:05:09.518;SP;AS149-AS1-20180125170353
2018-01-25 17:05:11.258;SQ;AS149-AS1-20180125170511
2018-01-25 17:05:54.194;RC;AS149-AS1-20180125170353
2018-01-25 17:05:55.062;SS;AS149-AS1-20180125170353
2018-01-25 17:06:17.198;RU;AS149-AS1-20180125170233
2018-01-25 17:06:19.057;VU;AS149-AS1-20180125170233
2018-01-25 17:06:31.571;RO;AS149-AS1-20180125170511
2018-01-25 17:06:32.720;SP;AS149-AS1-20180125170511
2018-01-25 17:06:34.451;SQ;AS149-AS1-20180125170634
2018-01-25 17:07:19.070;RU;AS149-AS1-20180125170353
2018-01-25 17:07:19.509;RC;AS149-AS1-20180125170511
2018-01-25 17:07:20.836;SS;AS149-AS1-20180125170511
2018-01-25 17:07:21.304;VU;AS149-AS1-20180125170353
2018-01-25 17:07:58.166;RO;AS149-AS1-20180125170634
2018-01-25 17:07:59.403;SP;AS149-AS1-20180125170634
2018-01-25 17:08:01.159;SQ;AS149-AS1-20180125170801
2018-01-25 17:08:33.013;RC;AS149-AS1-20180125170634
2018-01-25 17:08:33.896;SS;AS149-AS1-20180125170634
2018-01-25 17:08:58.407;RU;AS149-AS1-20180125170511
2018-01-25 17:09:00.166;RO;AS149-AS1-20180125170801
2018-01-25 17:09:00.275;VU;AS149-AS1-20180125170511
2018-01-25 17:09:01.080;SP;AS149-AS1-20180125170801
2018-01-25 17:09:02.855;SQ;AS149-AS1-20180125170902
2018-01-25 17:09:44.144;RC;AS149-AS1-20180125170801
2018-01-25 17:09:45.000;SS;AS149-AS1-20180125170801
2018-01-25 17:09:59.932;RU;AS149-AS1-20180125170634
2018-01-25 17:10:01.808;VU;AS149-AS1-20180125170634
2018-01-25 17:10:10.034;RO;AS149-AS1-20180125170902
2018-01-25 17:10:11.306;SP;AS149-AS1-20180125170902
2018-01-25 17:10:13.057;SQ;AS149-AS1-20180125171013
2018-01-25 17:10:41.087;RC;AS149-AS1-20180125170902
2018-01-25 17:10:41.973;SS;AS149-AS1-20180125170902
2018-01-25 17:11:28.117;RO;AS149-AS1-20180125171013
2018-01-25 17:11:29.010;SP;AS149-AS1-20180125171013
2018-01-25 17:11:30.729;SQ;AS149-AS1-20180125171130
2018-01-25 17:11:33.773;RU;AS149-AS1-20180125170801
2018-01-25 17:11:35.626;VU;AS149-AS1-20180125170801
2018-01-25 17:11:55.415;RU;AS149-AS1-20180125170902
2018-01-25 17:12:07.073;VU;AS149-AS1-20180125170902
2018-01-25 17:12:12.511;RC;AS149-AS1-20180125171013
2018-01-25 17:12:13.367;SS;AS149-AS1-20180125171013
2018-01-25 17:12:36.487;RO;AS149-AS1-20180125171130
2018-01-25 17:12:37.660;SP;AS149-AS1-20180125171130
2018-01-25 17:12:39.422;SQ;AS149-AS1-20180125171239
2018-01-25 17:13:30.657;RU;AS149-AS1-20180125171013
2018-01-25 17:13:30.659;RC;AS149-AS1-20180125171130
2018-01-25 17:13:32.380;SS;AS149-AS1-20180125171130
2018-01-25 17:13:33.378;VU;AS149-AS1-20180125171013
2018-01-25 17:14:10.749;RO;AS149-AS1-20180125171239
2018-01-25 17:14:11.884;SP;AS149-AS1-20180125171239
2018-01-25 17:14:13.606;SQ;AS149-AS1-20180125171413
2018-01-25 17:14:38.215;RU;AS149-AS1-20180125171130
2018-01-25 17:14:52.337;RC;AS149-AS1-20180125171239
2018-01-25 17:14:53.231;SS;AS149-AS1-20180125171239
2018-01-25 17:15:15.688;VU;AS149-AS1-20180125171130
2018-01-25 17:15:41.973;RO;AS149-AS1-20180125171413
2018-01-25 17:15:43.110;SP;AS149-AS1-20180125171413
2018-01-25 17:15:44.883;SQ;AS149-AS1-20180125171544
2018-01-25 17:16:15.524;RC;AS149-AS1-20180125171413
2018-01-25 17:16:16.400;SS;AS149-AS1-20180125171413
2018-01-25 17:16:19.105;RU;AS149-AS1-20180125171239
2018-01-25 17:16:20.996;VU;AS149-AS1-20180125171239
2018-01-25 17:16:40.378;RO;AS149-AS1-20180125171544
2018-01-25 17:16:41.309;SP;AS149-AS1-20180125171544
2018-01-25 17:16:43.059;SQ;AS149-AS1-20180125171643
