2018-01-25 16:58:27.302;SQ;AS140-AS1-20180125165827
2018-01-25 16:58:28.510;RO;AS140-AS1-20180125165827
2018-01-25 16:58:29.641;SP;AS140-AS1-20180125165827
2018-01-25 16:58:30.634;RC;AS140-AS1-20180125165827
2018-01-25 16:58:31.983;SQ;AS140-AS1-20180125165831
2018-01-25 16:58:32.178;SS;AS140-AS1-20180125165827
2018-01-25 16:58:52.123;RO;AS140-AS1-20180125165831
2018-01-25 16:58:53.343;SP;AS140-AS1-20180125165831
2018-01-25 16:58:55.003;SQ;AS140-AS1-20180125165855
2018-01-25 16:58:55.798;RU;AS140-AS1-20180125165827
2018-01-25 16:59:12.794;RC;AS140-AS1-20180125165831
2018-01-25 16:59:14.111;SS;AS140-AS1-20180125165831
2018-01-25 16:59:37.491;VU;AS140-AS1-20180125165827
2018-01-25 16:59:37.737;RO;AS140-AS1-20180125165855
2018-01-25 16:59:38.869;SP;AS140-AS1-20180125165855
2018-01-25 16:59:40.576;SQ;AS140-AS1-20180125165940
2018-01-25 17:00:10.292;RC;AS140-AS1-20180125165855
2018-01-25 17:00:11.122;SS;AS140-AS1-20180125165855
2018-01-25 17:00:14.419;RU;AS140-AS1-20180125165831
2018-01-25 17:00:46.655;VU;AS140-AS1-20180125165831
2018-01-25 17:01:16.613;RU;AS140-AS1-20180125165855
2018-01-25 17:01:20.823;RO;AS140-AS1-20180125165940
2018-01-25 17:01:22.027;SP;AS140-AS1-20180125165940
2018-01-25 17:01:24.591;SQ;AS140-AS1-20180125170124
2018-01-25 17:01:47.832;VU;AS140-AS1-20180125165855
2018-01-25 17:02:04.027;RC;AS140-AS1-20180125165940
2018-01-25 17:02:04.878;SS;AS140-AS1-20180125165940
2018-01-25 17:02:36.114;RO;AS140-AS1-20180125170124
2018-01-25 17:02:37.024;SP;AS140-AS1-20180125170124
2018-01-25 17:02:39.562;SQ;AS140-AS1-20180125170239
2018-01-25 17:03:12.919;RU;AS140-AS1-20180125165940
2018-01-25 17:03:13.477;RC;AS140-AS1-20180125170124
2018-01-25 17:03:14.592;SS;AS140-AS1-20180125170124
2018-01-25 17:03:14.996;VU;AS140-AS1-20180125165940
2018-01-25 17:04:10.517;RO;AS140-AS1-20180125170239
2018-01-25 17:04:11.495;SP;AS140-AS1-20180125170239
2018-01-25 17:04:13.211;SQ;AS140-AS1-20180125170413
2018-01-25 17:04:30.815;RU;AS140-AS1-20180125170124
2018-01-25 17:04:49.914;VU;AS140-AS1-20180125170124
2018-01-25 17:04:51.209;RC;AS140-AS1-20180125170239
2018-01-25 17:04:52.059;SS;AS140-AS1-20180125170239
2018-01-25 17:06:17.309;RO;AS140-AS1-20180125170413
2018-01-25 17:06:17.918;RU;AS140-AS1-20180125170239
2018-01-25 17:06:18.405;SP;AS140-AS1-20180125170413
2018-01-25 17:06:20.571;VU;AS140-AS1-20180125170239
2018-01-25 17:06:20.714;SQ;AS140-AS1-20180125170620
2018-01-25 17:06:53.845;RC;AS140-AS1-20180125170413
2018-01-25 17:06:54.670;SS;AS140-AS1-20180125170413
2018-01-25 17:07:30.535;RO;AS140-AS1-20180125170620
2018-01-25 17:07:31.611;SP;AS140-AS1-20180125170620
2018-01-25 17:07:33.301;SQ;AS140-AS1-20180125170733
2018-01-25 17:08:17.982;RC;AS140-AS1-20180125170620
2018-01-25 17:08:18.210;RU;AS140-AS1-20180125170413
2018-01-25 17:08:19.401;SS;AS140-AS1-20180125170620
2018-01-25 17:08:20.692;VU;AS140-AS1-20180125170413
2018-01-25 17:08:43.381;RO;AS140-AS1-20180125170733
2018-01-25 17:08:44.228;SP;AS140-AS1-20180125170733
2018-01-25 17:08:46.365;SQ;AS140-AS1-20180125170846
2018-01-25 17:09:18.905;RC;AS140-AS1-20180125170733
2018-01-25 17:09:19.728;SS;AS140-AS1-20180125170733
2018-01-25 17:09:29.964;RU;AS140-AS1-20180125170620
2018-01-25 17:09:54.906;RO;AS140-AS1-20180125170846
2018-01-25 17:09:57.490;SP;AS140-AS1-20180125170846
2018-01-25 17:10:00.750;SQ;AS140-AS1-20180125171000
2018-01-25 17:10:00.913;VU;AS140-AS1-20180125170620
2018-01-25 17:10:27.390;RU;AS140-AS1-20180125170733
2018-01-25 17:10:33.944;RC;AS140-AS1-20180125170846
2018-01-25 17:10:34.856;SS;AS140-AS1-20180125170846
2018-01-25 17:11:17.636;RO;AS140-AS1-20180125171000
2018-01-25 17:11:19.336;SP;AS140-AS1-20180125171000
2018-01-25 17:11:21.651;SQ;AS140-AS1-20180125171121
2018-01-25 17:11:57.009;RU;AS140-AS1-20180125170846
2018-01-25 17:11:57.710;RC;AS140-AS1-20180125171000
2018-01-25 17:12:01.784;SS;AS140-AS1-20180125171000
2018-01-25 17:12:11.431;VU;AS140-AS1-20180125170846
2018-01-25 17:12:35.282;RO;AS140-AS1-20180125171121
2018-01-25 17:12:36.619;SP;AS140-AS1-20180125171121
2018-01-25 17:12:39.155;SQ;AS140-AS1-20180125171239
2018-01-25 17:13:11.371;RC;AS140-AS1-20180125171121
2018-01-25 17:13:12.271;SS;AS140-AS1-20180125171121
2018-01-25 17:13:42.409;RU;AS140-AS1-20180125171000
2018-01-25 17:13:44.577;VU;AS140-AS1-20180125171000
2018-01-25 17:14:05.975;RO;AS140-AS1-20180125171239
2018-01-25 17:14:08.859;SP;AS140-AS1-20180125171239
2018-01-25 17:14:11.201;SQ;AS140-AS1-20180125171411
2018-01-25 17:14:25.108;RU;AS140-AS1-20180125171121
2018-01-25 17:14:27.651;VU;AS140-AS1-20180125171121
2018-01-25 17:14:49.791;RC;AS140-AS1-20180125171239
2018-01-25 17:14:51.388;SS;AS140-AS1-20180125171239
2018-01-25 17:15:43.346;RO;AS140-AS1-20180125171411
2018-01-25 17:15:45.121;SP;AS140-AS1-20180125171411
2018-01-25 17:15:47.693;SQ;AS140-AS1-20180125171547
2018-01-25 17:16:22.305;RC;AS140-AS1-20180125171411
2018-01-25 17:16:23.923;SS;AS140-AS1-20180125171411
2018-01-25 17:16:40.387;RU;AS140-AS1-20180125171239
2018-01-25 17:16:42.205;VU;AS140-AS1-20180125171239
