2018-01-25 16:59:04.149;SQ;AS14-AS1-20180125165904
2018-01-25 17:00:32.141;RO;AS14-AS1-20180125165904
2018-01-25 17:00:33.033;SP;AS14-AS1-20180125165904
2018-01-25 17:00:34.623;SQ;AS14-AS1-20180125170034
2018-01-25 17:01:12.454;RC;AS14-AS1-20180125165904
2018-01-25 17:01:13.240;SS;AS14-AS1-20180125165904
2018-01-25 17:01:47.900;RO;AS14-AS1-20180125170034
2018-01-25 17:01:49.007;SP;AS14-AS1-20180125170034
2018-01-25 17:01:50.606;SQ;AS14-AS1-20180125170150
2018-01-25 17:02:16.447;RC;AS14-AS1-20180125170034
2018-01-25 17:02:17.230;SS;AS14-AS1-20180125170034
2018-01-25 17:02:33.625;RU;AS14-AS1-20180125165904
2018-01-25 17:02:46.408;VU;AS14-AS1-20180125165904
2018-01-25 17:03:04.982;RO;AS14-AS1-20180125170150
2018-01-25 17:03:06.002;SP;AS14-AS1-20180125170150
2018-01-25 17:03:07.608;SQ;AS14-AS1-20180125170307
2018-01-25 17:03:40.112;RU;AS14-AS1-20180125170034
2018-01-25 17:03:45.037;RC;AS14-AS1-20180125170150
2018-01-25 17:03:47.803;SS;AS14-AS1-20180125170150
2018-01-25 17:03:51.315;VU;AS14-AS1-20180125170034
2018-01-25 17:04:22.597;RO;AS14-AS1-20180125170307
2018-01-25 17:04:23.518;SP;AS14-AS1-20180125170307
2018-01-25 17:04:25.126;SQ;AS14-AS1-20180125170425
2018-01-25 17:05:07.874;RU;AS14-AS1-20180125170150
2018-01-25 17:05:08.810;RC;AS14-AS1-20180125170307
2018-01-25 17:05:09.592;SS;AS14-AS1-20180125170307
2018-01-25 17:05:09.677;VU;AS14-AS1-20180125170150
2018-01-25 17:05:53.354;RO;AS14-AS1-20180125170425
2018-01-25 17:05:54.504;SP;AS14-AS1-20180125170425
2018-01-25 17:05:56.058;SQ;AS14-AS1-20180125170556
2018-01-25 17:06:24.355;RU;AS14-AS1-20180125170307
2018-01-25 17:06:33.980;RC;AS14-AS1-20180125170425
2018-01-25 17:06:34.919;SS;AS14-AS1-20180125170425
2018-01-25 17:06:52.965;VU;AS14-AS1-20180125170307
2018-01-25 17:07:18.892;RO;AS14-AS1-20180125170556
2018-01-25 17:07:19.981;SP;AS14-AS1-20180125170556
2018-01-25 17:07:21.575;SQ;AS14-AS1-20180125170721
2018-01-25 17:07:54.790;RU;AS14-AS1-20180125170425
2018-01-25 17:07:56.579;VU;AS14-AS1-20180125170425
2018-01-25 17:07:56.792;RC;AS14-AS1-20180125170556
2018-01-25 17:07:57.598;SS;AS14-AS1-20180125170556
2018-01-25 17:08:44.179;RO;AS14-AS1-20180125170721
2018-01-25 17:08:45.914;SP;AS14-AS1-20180125170721
2018-01-25 17:08:49.266;SQ;AS14-AS1-20180125170849
2018-01-25 17:09:16.867;RU;AS14-AS1-20180125170556
2018-01-25 17:09:18.678;VU;AS14-AS1-20180125170556
2018-01-25 17:09:20.057;RC;AS14-AS1-20180125170721
2018-01-25 17:09:20.846;SS;AS14-AS1-20180125170721
2018-01-25 17:09:55.542;RO;AS14-AS1-20180125170849
2018-01-25 17:09:56.647;SP;AS14-AS1-20180125170849
2018-01-25 17:09:58.193;SQ;AS14-AS1-20180125170958
2018-01-25 17:10:33.915;RU;AS14-AS1-20180125170721
2018-01-25 17:10:33.915;RC;AS14-AS1-20180125170849
2018-01-25 17:10:35.536;SS;AS14-AS1-20180125170849
2018-01-25 17:10:59.329;VU;AS14-AS1-20180125170721
2018-01-25 17:11:32.269;RO;AS14-AS1-20180125170958
2018-01-25 17:11:33.105;SP;AS14-AS1-20180125170958
2018-01-25 17:11:34.693;SQ;AS14-AS1-20180125171134
2018-01-25 17:12:01.248;RU;AS14-AS1-20180125170849
2018-01-25 17:12:04.335;VU;AS14-AS1-20180125170849
2018-01-25 17:12:35.218;RC;AS14-AS1-20180125170958
2018-01-25 17:12:36.025;SS;AS14-AS1-20180125170958
2018-01-25 17:13:14.178;RO;AS14-AS1-20180125171134
2018-01-25 17:13:15.083;SP;AS14-AS1-20180125171134
2018-01-25 17:13:16.705;SQ;AS14-AS1-20180125171316
2018-01-25 17:13:42.851;RU;AS14-AS1-20180125170958
2018-01-25 17:13:57.080;RC;AS14-AS1-20180125171134
2018-01-25 17:13:58.604;SS;AS14-AS1-20180125171134
2018-01-25 17:14:09.477;VU;AS14-AS1-20180125170958
2018-01-25 17:14:29.205;RO;AS14-AS1-20180125171316
2018-01-25 17:14:30.091;SP;AS14-AS1-20180125171316
2018-01-25 17:14:31.677;SQ;AS14-AS1-20180125171431
2018-01-25 17:15:16.181;RC;AS14-AS1-20180125171316
2018-01-25 17:15:16.967;SS;AS14-AS1-20180125171316
2018-01-25 17:15:17.696;RU;AS14-AS1-20180125171134
2018-01-25 17:15:19.482;VU;AS14-AS1-20180125171134
2018-01-25 17:15:46.458;RO;AS14-AS1-20180125171431
2018-01-25 17:15:47.533;SP;AS14-AS1-20180125171431
2018-01-25 17:15:56.135;SQ;AS14-AS1-20180125171556
2018-01-25 17:16:40.181;RU;AS14-AS1-20180125171316
2018-01-25 17:16:40.497;RC;AS14-AS1-20180125171431
2018-01-25 17:16:41.808;SS;AS14-AS1-20180125171431
2018-01-25 17:16:42.400;VU;AS14-AS1-20180125171316
2018-01-25 17:17:17.980;RO;AS14-AS1-20180125171556
2018-01-25 17:17:19.012;SP;AS14-AS1-20180125171556
2018-01-25 17:17:20.602;SQ;AS14-AS1-20180125171720
2018-01-25 17:17:32.518;RC;AS14-AS1-20180125171556
