2018-01-25 16:58:37.260;SQ;AS144-AS1-20180125165837
2018-01-25 16:59:02.103;RO;AS144-AS1-20180125165837
2018-01-25 16:59:03.087;SP;AS144-AS1-20180125165837
2018-01-25 16:59:04.707;SQ;AS144-AS1-20180125165904
2018-01-25 16:59:26.650;RC;AS144-AS1-20180125165837
2018-01-25 16:59:27.429;SS;AS144-AS1-20180125165837
2018-01-25 17:00:03.277;RO;AS144-AS1-20180125165904
2018-01-25 17:00:04.594;SP;AS144-AS1-20180125165904
2018-01-25 17:00:06.220;SQ;AS144-AS1-20180125170006
2018-01-25 17:00:35.581;RU;AS144-AS1-20180125165837
2018-01-25 17:00:40.728;RC;AS144-AS1-20180125165904
2018-01-25 17:00:44.064;SS;AS144-AS1-20180125165904
2018-01-25 17:00:47.165;VU;AS144-AS1-20180125165837
2018-01-25 17:01:21.283;RO;AS144-AS1-20180125170006
2018-01-25 17:01:22.132;SP;AS144-AS1-20180125170006
2018-01-25 17:01:23.728;SQ;AS144-AS1-20180125170123
2018-01-25 17:02:04.035;RC;AS144-AS1-20180125170006
2018-01-25 17:02:04.038;RU;AS144-AS1-20180125165904
2018-01-25 17:02:05.652;SS;AS144-AS1-20180125170006
2018-01-25 17:02:06.655;VU;AS144-AS1-20180125165904
2018-01-25 17:02:36.048;RO;AS144-AS1-20180125170123
2018-01-25 17:02:37.086;SP;AS144-AS1-20180125170123
2018-01-25 17:02:39.456;SQ;AS144-AS1-20180125170239
2018-01-25 17:03:14.297;RC;AS144-AS1-20180125170123
2018-01-25 17:03:15.091;SS;AS144-AS1-20180125170123
2018-01-25 17:03:26.060;RU;AS144-AS1-20180125170006
2018-01-25 17:03:49.481;VU;AS144-AS1-20180125170006
2018-01-25 17:03:53.068;RO;AS144-AS1-20180125170239
2018-01-25 17:03:54.347;SP;AS144-AS1-20180125170239
2018-01-25 17:03:55.919;SQ;AS144-AS1-20180125170355
2018-01-25 17:04:26.770;RC;AS144-AS1-20180125170239
2018-01-25 17:04:27.550;SS;AS144-AS1-20180125170239
2018-01-25 17:04:28.703;RU;AS144-AS1-20180125170123
2018-01-25 17:04:49.472;VU;AS144-AS1-20180125170123
2018-01-25 17:05:08.436;RO;AS144-AS1-20180125170355
2018-01-25 17:05:09.317;SP;AS144-AS1-20180125170355
2018-01-25 17:05:10.930;SQ;AS144-AS1-20180125170510
2018-01-25 17:05:29.556;RU;AS144-AS1-20180125170239
2018-01-25 17:05:51.934;RC;AS144-AS1-20180125170355
2018-01-25 17:05:53.333;SS;AS144-AS1-20180125170355
2018-01-25 17:06:26.708;RO;AS144-AS1-20180125170510
2018-01-25 17:06:28.598;SP;AS144-AS1-20180125170510
2018-01-25 17:06:30.725;SQ;AS144-AS1-20180125170630
2018-01-25 17:07:18.678;RU;AS144-AS1-20180125170355
2018-01-25 17:07:18.841;RC;AS144-AS1-20180125170510
2018-01-25 17:07:20.924;SS;AS144-AS1-20180125170510
2018-01-25 17:07:21.833;VU;AS144-AS1-20180125170355
2018-01-25 17:08:03.591;RO;AS144-AS1-20180125170630
2018-01-25 17:08:05.073;SP;AS144-AS1-20180125170630
2018-01-25 17:08:07.492;SQ;AS144-AS1-20180125170807
2018-01-25 17:08:35.098;RC;AS144-AS1-20180125170630
2018-01-25 17:08:36.516;SS;AS144-AS1-20180125170630
2018-01-25 17:08:59.226;RU;AS144-AS1-20180125170510
2018-01-25 17:09:01.329;VU;AS144-AS1-20180125170510
2018-01-25 17:09:17.662;RO;AS144-AS1-20180125170807
2018-01-25 17:09:19.009;SP;AS144-AS1-20180125170807
2018-01-25 17:09:21.305;SQ;AS144-AS1-20180125170921
2018-01-25 17:09:59.940;RC;AS144-AS1-20180125170807
2018-01-25 17:10:01.566;SS;AS144-AS1-20180125170807
2018-01-25 17:10:05.245;RU;AS144-AS1-20180125170630
2018-01-25 17:10:07.066;VU;AS144-AS1-20180125170630
2018-01-25 17:10:43.506;RO;AS144-AS1-20180125170921
2018-01-25 17:10:45.412;SP;AS144-AS1-20180125170921
2018-01-25 17:10:47.501;SQ;AS144-AS1-20180125171047
2018-01-25 17:11:17.759;RU;AS144-AS1-20180125170807
2018-01-25 17:11:19.577;RC;AS144-AS1-20180125170921
2018-01-25 17:11:19.905;VU;AS144-AS1-20180125170807
2018-01-25 17:11:20.971;SS;AS144-AS1-20180125170921
2018-01-25 17:11:55.353;RO;AS144-AS1-20180125171047
2018-01-25 17:11:58.141;SP;AS144-AS1-20180125171047
2018-01-25 17:12:03.163;SQ;AS144-AS1-20180125171203
2018-01-25 17:12:36.465;RU;AS144-AS1-20180125170921
2018-01-25 17:12:37.212;RC;AS144-AS1-20180125171047
2018-01-25 17:12:38.903;SS;AS144-AS1-20180125171047
2018-01-25 17:13:10.464;RO;AS144-AS1-20180125171203
2018-01-25 17:13:12.902;SP;AS144-AS1-20180125171203
2018-01-25 17:13:16.226;SQ;AS144-AS1-20180125171316
2018-01-25 17:13:54.854;RU;AS144-AS1-20180125171047
2018-01-25 17:13:55.235;RC;AS144-AS1-20180125171203
2018-01-25 17:13:57.855;SS;AS144-AS1-20180125171203
2018-01-25 17:14:12.879;VU;AS144-AS1-20180125171047
2018-01-25 17:14:32.402;RO;AS144-AS1-20180125171316
2018-01-25 17:14:34.753;SP;AS144-AS1-20180125171316
2018-01-25 17:14:38.507;SQ;AS144-AS1-20180125171438
2018-01-25 17:15:19.866;RC;AS144-AS1-20180125171316
2018-01-25 17:15:20.702;RU;AS144-AS1-20180125171203
2018-01-25 17:15:22.303;SS;AS144-AS1-20180125171316
2018-01-25 17:15:24.207;VU;AS144-AS1-20180125171203
2018-01-25 17:15:50.954;RO;AS144-AS1-20180125171438
2018-01-25 17:15:52.742;SP;AS144-AS1-20180125171438
2018-01-25 17:15:56.547;SQ;AS144-AS1-20180125171556
2018-01-25 17:16:40.299;RU;AS144-AS1-20180125171316
2018-01-25 17:16:40.519;RC;AS144-AS1-20180125171438
2018-01-25 17:16:42.963;SS;AS144-AS1-20180125171438
2018-01-25 17:16:43.867;VU;AS144-AS1-20180125171316
