2018-01-25 16:58:43.292;SQ;AS154-AS1-20180125165843
2018-01-25 16:59:23.432;RO;AS154-AS1-20180125165843
2018-01-25 16:59:24.646;SP;AS154-AS1-20180125165843
2018-01-25 16:59:26.321;SQ;AS154-AS1-20180125165926
2018-01-25 16:59:56.315;RC;AS154-AS1-20180125165843
2018-01-25 16:59:57.156;SS;AS154-AS1-20180125165843
2018-01-25 17:00:34.561;RO;AS154-AS1-20180125165926
2018-01-25 17:00:35.690;SP;AS154-AS1-20180125165926
2018-01-25 17:00:38.800;SQ;AS154-AS1-20180125170038
2018-01-25 17:01:11.674;RC;AS154-AS1-20180125165926
2018-01-25 17:01:12.523;SS;AS154-AS1-20180125165926
2018-01-25 17:01:16.962;RU;AS154-AS1-20180125165843
2018-01-25 17:01:47.390;VU;AS154-AS1-20180125165843
2018-01-25 17:02:04.038;RO;AS154-AS1-20180125170038
2018-01-25 17:02:05.236;SP;AS154-AS1-20180125170038
2018-01-25 17:02:06.910;SQ;AS154-AS1-20180125170206
2018-01-25 17:02:21.386;RU;AS154-AS1-20180125165926
2018-01-25 17:02:41.316;RC;AS154-AS1-20180125170038
2018-01-25 17:02:43.436;SS;AS154-AS1-20180125170038
2018-01-25 17:02:47.759;VU;AS154-AS1-20180125165926
2018-01-25 17:03:30.715;RO;AS154-AS1-20180125170206
2018-01-25 17:03:31.850;SP;AS154-AS1-20180125170206
2018-01-25 17:03:33.483;SQ;AS154-AS1-20180125170333
2018-01-25 17:04:08.696;RU;AS154-AS1-20180125170038
2018-01-25 17:04:10.515;VU;AS154-AS1-20180125170038
2018-01-25 17:04:10.791;RC;AS154-AS1-20180125170206
2018-01-25 17:04:11.608;SS;AS154-AS1-20180125170206
2018-01-25 17:04:45.096;RO;AS154-AS1-20180125170333
2018-01-25 17:04:46.964;SP;AS154-AS1-20180125170333
2018-01-25 17:04:48.590;SQ;AS154-AS1-20180125170448
2018-01-25 17:05:21.687;RU;AS154-AS1-20180125170206
2018-01-25 17:05:22.511;RC;AS154-AS1-20180125170333
2018-01-25 17:05:23.340;SS;AS154-AS1-20180125170333
2018-01-25 17:05:52.321;VU;AS154-AS1-20180125170206
2018-01-25 17:05:59.759;RO;AS154-AS1-20180125170448
2018-01-25 17:06:01.034;SP;AS154-AS1-20180125170448
2018-01-25 17:06:02.746;SQ;AS154-AS1-20180125170602
2018-01-25 17:06:35.458;RC;AS154-AS1-20180125170448
2018-01-25 17:06:36.298;SS;AS154-AS1-20180125170448
2018-01-25 17:06:52.494;RU;AS154-AS1-20180125170333
2018-01-25 17:06:54.298;VU;AS154-AS1-20180125170333
2018-01-25 17:07:18.937;RO;AS154-AS1-20180125170602
2018-01-25 17:07:20.159;SP;AS154-AS1-20180125170602
2018-01-25 17:07:21.781;SQ;AS154-AS1-20180125170721
2018-01-25 17:07:57.547;RC;AS154-AS1-20180125170602
2018-01-25 17:07:58.344;SS;AS154-AS1-20180125170602
2018-01-25 17:08:03.002;RU;AS154-AS1-20180125170448
2018-01-25 17:08:04.824;VU;AS154-AS1-20180125170448
2018-01-25 17:08:53.211;RO;AS154-AS1-20180125170721
2018-01-25 17:08:54.231;SP;AS154-AS1-20180125170721
2018-01-25 17:08:55.891;SQ;AS154-AS1-20180125170855
2018-01-25 17:09:17.899;RU;AS154-AS1-20180125170602
2018-01-25 17:09:19.708;VU;AS154-AS1-20180125170602
2018-01-25 17:09:29.315;RC;AS154-AS1-20180125170721
2018-01-25 17:09:30.146;SS;AS154-AS1-20180125170721
2018-01-25 17:10:09.463;RO;AS154-AS1-20180125170855
2018-01-25 17:10:10.263;SP;AS154-AS1-20180125170855
2018-01-25 17:10:11.904;SQ;AS154-AS1-20180125171011
2018-01-25 17:10:36.579;RU;AS154-AS1-20180125170721
2018-01-25 17:10:45.694;RC;AS154-AS1-20180125170855
2018-01-25 17:10:47.333;SS;AS154-AS1-20180125170855
2018-01-25 17:11:00.146;VU;AS154-AS1-20180125170721
2018-01-25 17:11:28.454;RO;AS154-AS1-20180125171011
2018-01-25 17:11:29.307;SP;AS154-AS1-20180125171011
2018-01-25 17:11:30.901;SQ;AS154-AS1-20180125171130
2018-01-25 17:12:03.417;RU;AS154-AS1-20180125170855
2018-01-25 17:12:05.243;VU;AS154-AS1-20180125170855
2018-01-25 17:12:33.886;RC;AS154-AS1-20180125171011
2018-01-25 17:12:34.686;SS;AS154-AS1-20180125171011
2018-01-25 17:12:44.294;RO;AS154-AS1-20180125171130
2018-01-25 17:12:45.286;SP;AS154-AS1-20180125171130
2018-01-25 17:12:46.925;SQ;AS154-AS1-20180125171246
2018-01-25 17:13:32.078;RC;AS154-AS1-20180125171130
2018-01-25 17:13:32.897;SS;AS154-AS1-20180125171130
2018-01-25 17:14:08.634;RO;AS154-AS1-20180125171246
2018-01-25 17:14:09.845;SP;AS154-AS1-20180125171246
2018-01-25 17:14:11.481;SQ;AS154-AS1-20180125171411
2018-01-25 17:14:25.040;RU;AS154-AS1-20180125171011
2018-01-25 17:14:26.844;VU;AS154-AS1-20180125171011
2018-01-25 17:14:43.974;RC;AS154-AS1-20180125171246
2018-01-25 17:14:44.773;SS;AS154-AS1-20180125171246
2018-01-25 17:14:46.324;RU;AS154-AS1-20180125171130
2018-01-25 17:15:15.788;VU;AS154-AS1-20180125171130
2018-01-25 17:15:23.127;RO;AS154-AS1-20180125171411
2018-01-25 17:15:24.386;SP;AS154-AS1-20180125171411
2018-01-25 17:15:26.017;SQ;AS154-AS1-20180125171526
2018-01-25 17:15:47.057;RC;AS154-AS1-20180125171411
2018-01-25 17:15:47.890;SS;AS154-AS1-20180125171411
2018-01-25 17:16:23.497;RU;AS154-AS1-20180125171246
2018-01-25 17:16:25.312;VU;AS154-AS1-20180125171246
2018-01-25 17:16:39.261;RO;AS154-AS1-20180125171526
2018-01-25 17:16:40.435;SP;AS154-AS1-20180125171526
2018-01-25 17:16:42.077;SQ;AS154-AS1-20180125171642
2018-01-25 17:17:09.895;RC;AS154-AS1-20180125171526
2018-01-25 17:17:11.578;SS;AS154-AS1-20180125171526
