2018-01-25 16:58:35.370;SQ;AS152-AS1-20180125165835
2018-01-25 16:59:05.935;RO;AS152-AS1-20180125165835
2018-01-25 16:59:07.187;SP;AS152-AS1-20180125165835
2018-01-25 16:59:08.776;SQ;AS152-AS1-20180125165908
2018-01-25 16:59:27.887;RC;AS152-AS1-20180125165835
2018-01-25 16:59:28.675;SS;AS152-AS1-20180125165835
2018-01-25 17:00:38.824;RU;AS152-AS1-20180125165835
2018-01-25 17:00:41.706;RO;AS152-AS1-20180125165908
2018-01-25 17:00:44.737;SP;AS152-AS1-20180125165908
2018-01-25 17:00:45.574;VU;AS152-AS1-20180125165835
2018-01-25 17:00:46.352;SQ;AS152-AS1-20180125170046
2018-01-25 17:01:13.705;RC;AS152-AS1-20180125165908
2018-01-25 17:01:14.500;SS;AS152-AS1-20180125165908
2018-01-25 17:02:03.982;RO;AS152-AS1-20180125170046
2018-01-25 17:02:05.248;SP;AS152-AS1-20180125170046
2018-01-25 17:02:06.848;SQ;AS152-AS1-20180125170206
2018-01-25 17:02:39.238;RU;AS152-AS1-20180125165908
2018-01-25 17:02:42.925;RC;AS152-AS1-20180125170046
2018-01-25 17:02:45.277;SS;AS152-AS1-20180125170046
2018-01-25 17:02:46.202;VU;AS152-AS1-20180125165908
2018-01-25 17:03:28.773;RO;AS152-AS1-20180125170206
2018-01-25 17:03:29.732;SP;AS152-AS1-20180125170206
2018-01-25 17:03:31.297;SQ;AS152-AS1-20180125170331
2018-01-25 17:03:46.909;RU;AS152-AS1-20180125170046
2018-01-25 17:03:48.698;VU;AS152-AS1-20180125170046
2018-01-25 17:04:09.886;RC;AS152-AS1-20180125170206
2018-01-25 17:04:10.692;SS;AS152-AS1-20180125170206
2018-01-25 17:04:41.090;RO;AS152-AS1-20180125170331
2018-01-25 17:04:43.068;SP;AS152-AS1-20180125170331
2018-01-25 17:04:46.464;SQ;AS152-AS1-20180125170446
2018-01-25 17:05:11.935;RC;AS152-AS1-20180125170331
2018-01-25 17:05:12.722;SS;AS152-AS1-20180125170331
2018-01-25 17:05:18.579;RU;AS152-AS1-20180125170206
2018-01-25 17:05:20.385;VU;AS152-AS1-20180125170206
2018-01-25 17:06:26.417;RO;AS152-AS1-20180125170446
2018-01-25 17:06:26.786;RU;AS152-AS1-20180125170331
2018-01-25 17:06:27.874;SP;AS152-AS1-20180125170446
2018-01-25 17:06:30.120;SQ;AS152-AS1-20180125170630
2018-01-25 17:06:52.891;VU;AS152-AS1-20180125170331
2018-01-25 17:07:18.849;RC;AS152-AS1-20180125170446
2018-01-25 17:07:19.656;SS;AS152-AS1-20180125170446
2018-01-25 17:07:56.578;RO;AS152-AS1-20180125170630
2018-01-25 17:07:57.492;SP;AS152-AS1-20180125170630
2018-01-25 17:07:59.057;SQ;AS152-AS1-20180125170759
2018-01-25 17:08:26.678;RC;AS152-AS1-20180125170630
2018-01-25 17:08:27.480;SS;AS152-AS1-20180125170630
2018-01-25 17:08:32.778;RU;AS152-AS1-20180125170446
2018-01-25 17:08:55.699;VU;AS152-AS1-20180125170446
2018-01-25 17:09:35.000;RO;AS152-AS1-20180125170759
2018-01-25 17:09:35.982;SP;AS152-AS1-20180125170759
2018-01-25 17:09:37.557;SQ;AS152-AS1-20180125170937
2018-01-25 17:09:45.397;RU;AS152-AS1-20180125170630
2018-01-25 17:09:59.768;VU;AS152-AS1-20180125170630
2018-01-25 17:10:21.769;RC;AS152-AS1-20180125170759
2018-01-25 17:10:22.563;SS;AS152-AS1-20180125170759
2018-01-25 17:10:58.950;RO;AS152-AS1-20180125170937
2018-01-25 17:10:59.971;SP;AS152-AS1-20180125170937
2018-01-25 17:11:01.553;SQ;AS152-AS1-20180125171101
2018-01-25 17:11:30.341;RC;AS152-AS1-20180125170937
2018-01-25 17:11:31.125;SS;AS152-AS1-20180125170937
2018-01-25 17:11:36.084;RU;AS152-AS1-20180125170759
2018-01-25 17:12:04.950;RO;AS152-AS1-20180125171101
2018-01-25 17:12:06.737;SP;AS152-AS1-20180125171101
2018-01-25 17:12:07.202;VU;AS152-AS1-20180125170759
2018-01-25 17:12:08.297;SQ;AS152-AS1-20180125171208
2018-01-25 17:12:40.991;RC;AS152-AS1-20180125171101
2018-01-25 17:12:41.799;SS;AS152-AS1-20180125171101
2018-01-25 17:12:49.626;RU;AS152-AS1-20180125170937
2018-01-25 17:13:06.304;RO;AS152-AS1-20180125171208
2018-01-25 17:13:07.383;SP;AS152-AS1-20180125171208
2018-01-25 17:13:07.682;VU;AS152-AS1-20180125170937
2018-01-25 17:13:08.936;SQ;AS152-AS1-20180125171308
2018-01-25 17:13:42.719;RC;AS152-AS1-20180125171208
2018-01-25 17:13:43.509;SS;AS152-AS1-20180125171208
2018-01-25 17:14:00.896;RU;AS152-AS1-20180125171101
2018-01-25 17:14:08.679;VU;AS152-AS1-20180125171101
2018-01-25 17:14:25.021;RO;AS152-AS1-20180125171308
2018-01-25 17:14:25.805;SP;AS152-AS1-20180125171308
2018-01-25 17:14:27.371;SQ;AS152-AS1-20180125171427
2018-01-25 17:15:03.336;RC;AS152-AS1-20180125171308
2018-01-25 17:15:04.403;SS;AS152-AS1-20180125171308
2018-01-25 17:15:17.367;RU;AS152-AS1-20180125171208
2018-01-25 17:15:19.173;VU;AS152-AS1-20180125171208
2018-01-25 17:15:43.180;RO;AS152-AS1-20180125171427
2018-01-25 17:15:44.236;SP;AS152-AS1-20180125171427
2018-01-25 17:15:45.790;SQ;AS152-AS1-20180125171545
2018-01-25 17:16:16.718;RC;AS152-AS1-20180125171427
2018-01-25 17:16:17.498;SS;AS152-AS1-20180125171427
2018-01-25 17:16:38.555;RU;AS152-AS1-20180125171308
2018-01-25 17:16:40.379;VU;AS152-AS1-20180125171308
