2018-01-25 16:58:32.151;SQ;AS150-AS1-20180125165832
2018-01-25 16:58:49.852;RO;AS150-AS1-20180125165832
2018-01-25 16:58:51.057;SP;AS150-AS1-20180125165832
2018-01-25 16:58:52.833;SQ;AS150-AS1-20180125165852
2018-01-25 16:59:10.162;RC;AS150-AS1-20180125165832
2018-01-25 16:59:11.049;SS;AS150-AS1-20180125165832
2018-01-25 16:59:40.056;RO;AS150-AS1-20180125165852
2018-01-25 16:59:41.268;SP;AS150-AS1-20180125165852
2018-01-25 16:59:43.006;SQ;AS150-AS1-20180125165943
2018-01-25 17:00:14.629;RC;AS150-AS1-20180125165852
2018-01-25 17:00:15.493;SS;AS150-AS1-20180125165852
2018-01-25 17:00:17.978;RU;AS150-AS1-20180125165832
2018-01-25 17:00:45.998;VU;AS150-AS1-20180125165832
2018-01-25 17:00:52.823;RO;AS150-AS1-20180125165943
2018-01-25 17:00:53.966;SP;AS150-AS1-20180125165943
2018-01-25 17:00:55.704;SQ;AS150-AS1-20180125170055
2018-01-25 17:01:25.470;RC;AS150-AS1-20180125165943
2018-01-25 17:01:26.346;SS;AS150-AS1-20180125165943
2018-01-25 17:01:27.806;RU;AS150-AS1-20180125165852
2018-01-25 17:01:47.763;VU;AS150-AS1-20180125165852
2018-01-25 17:02:03.633;RO;AS150-AS1-20180125170055
2018-01-25 17:02:04.654;SP;AS150-AS1-20180125170055
2018-01-25 17:02:06.401;SQ;AS150-AS1-20180125170206
2018-01-25 17:02:33.410;RC;AS150-AS1-20180125170055
2018-01-25 17:02:34.255;SS;AS150-AS1-20180125170055
2018-01-25 17:02:42.138;RU;AS150-AS1-20180125165943
2018-01-25 17:02:44.454;VU;AS150-AS1-20180125165943
2018-01-25 17:03:19.996;RO;AS150-AS1-20180125170206
2018-01-25 17:03:21.357;SP;AS150-AS1-20180125170206
2018-01-25 17:03:23.077;SQ;AS150-AS1-20180125170323
2018-01-25 17:03:53.734;RU;AS150-AS1-20180125170055
2018-01-25 17:03:55.595;VU;AS150-AS1-20180125170055
2018-01-25 17:04:10.152;RC;AS150-AS1-20180125170206
2018-01-25 17:04:11.043;SS;AS150-AS1-20180125170206
2018-01-25 17:04:44.799;RO;AS150-AS1-20180125170323
2018-01-25 17:04:47.114;SP;AS150-AS1-20180125170323
2018-01-25 17:04:48.823;SQ;AS150-AS1-20180125170448
2018-01-25 17:05:22.549;RU;AS150-AS1-20180125170206
2018-01-25 17:05:26.516;RC;AS150-AS1-20180125170323
2018-01-25 17:05:28.076;SS;AS150-AS1-20180125170323
2018-01-25 17:05:42.018;RO;AS150-AS1-20180125170448
2018-01-25 17:05:45.321;SP;AS150-AS1-20180125170448
2018-01-25 17:05:50.362;SQ;AS150-AS1-20180125170550
2018-01-25 17:05:55.714;VU;AS150-AS1-20180125170206
2018-01-25 17:06:19.578;RC;AS150-AS1-20180125170448
2018-01-25 17:06:20.426;SS;AS150-AS1-20180125170448
2018-01-25 17:06:53.498;RU;AS150-AS1-20180125170323
2018-01-25 17:06:55.129;RO;AS150-AS1-20180125170550
2018-01-25 17:06:55.390;VU;AS150-AS1-20180125170323
2018-01-25 17:06:56.318;SP;AS150-AS1-20180125170550
2018-01-25 17:06:58.048;SQ;AS150-AS1-20180125170658
2018-01-25 17:07:38.319;RC;AS150-AS1-20180125170550
2018-01-25 17:07:39.191;SS;AS150-AS1-20180125170550
2018-01-25 17:07:39.662;RU;AS150-AS1-20180125170448
2018-01-25 17:07:54.330;VU;AS150-AS1-20180125170448
2018-01-25 17:08:18.466;RO;AS150-AS1-20180125170658
2018-01-25 17:08:19.540;SP;AS150-AS1-20180125170658
2018-01-25 17:08:21.273;SQ;AS150-AS1-20180125170821
2018-01-25 17:08:51.923;RC;AS150-AS1-20180125170658
2018-01-25 17:08:52.787;SS;AS150-AS1-20180125170658
2018-01-25 17:09:17.723;RU;AS150-AS1-20180125170550
2018-01-25 17:09:19.595;VU;AS150-AS1-20180125170550
2018-01-25 17:09:55.138;RO;AS150-AS1-20180125170821
2018-01-25 17:09:56.617;SP;AS150-AS1-20180125170821
2018-01-25 17:09:58.337;SQ;AS150-AS1-20180125170958
2018-01-25 17:10:01.356;RU;AS150-AS1-20180125170658
2018-01-25 17:10:03.242;VU;AS150-AS1-20180125170658
2018-01-25 17:10:32.700;RC;AS150-AS1-20180125170821
2018-01-25 17:10:33.578;SS;AS150-AS1-20180125170821
2018-01-25 17:11:17.424;RO;AS150-AS1-20180125170958
2018-01-25 17:11:18.277;SP;AS150-AS1-20180125170958
2018-01-25 17:11:20.005;SQ;AS150-AS1-20180125171120
2018-01-25 17:11:46.142;RU;AS150-AS1-20180125170821
2018-01-25 17:11:54.534;RC;AS150-AS1-20180125170958
2018-01-25 17:11:55.377;SS;AS150-AS1-20180125170958
2018-01-25 17:12:07.134;VU;AS150-AS1-20180125170821
2018-01-25 17:12:36.615;RO;AS150-AS1-20180125171120
2018-01-25 17:12:37.958;SP;AS150-AS1-20180125171120
2018-01-25 17:12:39.700;SQ;AS150-AS1-20180125171239
2018-01-25 17:13:10.841;RU;AS150-AS1-20180125170958
2018-01-25 17:13:12.696;VU;AS150-AS1-20180125170958
2018-01-25 17:13:32.119;RC;AS150-AS1-20180125171120
2018-01-25 17:13:32.992;SS;AS150-AS1-20180125171120
2018-01-25 17:14:02.814;RO;AS150-AS1-20180125171239
2018-01-25 17:14:05.117;SP;AS150-AS1-20180125171239
2018-01-25 17:14:07.916;SQ;AS150-AS1-20180125171407
2018-01-25 17:14:32.858;RC;AS150-AS1-20180125171239
2018-01-25 17:14:33.715;SS;AS150-AS1-20180125171239
2018-01-25 17:14:39.504;RU;AS150-AS1-20180125171120
2018-01-25 17:15:11.953;RO;AS150-AS1-20180125171407
2018-01-25 17:15:15.394;SP;AS150-AS1-20180125171407
2018-01-25 17:15:16.391;VU;AS150-AS1-20180125171120
2018-01-25 17:15:17.149;SQ;AS150-AS1-20180125171517
2018-01-25 17:15:45.912;RC;AS150-AS1-20180125171407
2018-01-25 17:15:46.780;SS;AS150-AS1-20180125171407
2018-01-25 17:15:48.886;RU;AS150-AS1-20180125171239
2018-01-25 17:16:17.083;VU;AS150-AS1-20180125171239
2018-01-25 17:16:17.190;RO;AS150-AS1-20180125171517
2018-01-25 17:16:18.109;SP;AS150-AS1-20180125171517
2018-01-25 17:16:19.846;SQ;AS150-AS1-20180125171619
2018-01-25 17:16:55.860;RC;AS150-AS1-20180125171517
2018-01-25 17:16:56.737;SS;AS150-AS1-20180125171517
