2018-01-25 16:58:37.558;SQ;AS157-AS1-20180125165837
2018-01-25 16:59:07.118;RO;AS157-AS1-20180125165837
2018-01-25 16:59:08.409;SP;AS157-AS1-20180125165837
2018-01-25 16:59:09.998;SQ;AS157-AS1-20180125165909
2018-01-25 16:59:34.054;RC;AS157-AS1-20180125165837
2018-01-25 16:59:35.825;SS;AS157-AS1-20180125165837
2018-01-25 17:00:05.310;RO;AS157-AS1-20180125165909
2018-01-25 17:00:06.382;SP;AS157-AS1-20180125165909
2018-01-25 17:00:08.006;SQ;AS157-AS1-20180125170008
2018-01-25 17:00:40.737;RC;AS157-AS1-20180125165909
2018-01-25 17:00:42.398;SS;AS157-AS1-20180125165909
2018-01-25 17:00:57.127;RU;AS157-AS1-20180125165837
2018-01-25 17:00:58.940;VU;AS157-AS1-20180125165837
2018-01-25 17:01:20.856;RO;AS157-AS1-20180125170008
2018-01-25 17:01:21.885;SP;AS157-AS1-20180125170008
2018-01-25 17:01:23.500;SQ;AS157-AS1-20180125170123
2018-01-25 17:01:49.393;RU;AS157-AS1-20180125165909
2018-01-25 17:01:51.179;VU;AS157-AS1-20180125165909
2018-01-25 17:02:04.048;RC;AS157-AS1-20180125170008
2018-01-25 17:02:04.853;SS;AS157-AS1-20180125170008
2018-01-25 17:02:32.868;RO;AS157-AS1-20180125170123
2018-01-25 17:02:33.881;SP;AS157-AS1-20180125170123
2018-01-25 17:02:35.494;SQ;AS157-AS1-20180125170235
2018-01-25 17:03:07.418;RC;AS157-AS1-20180125170123
2018-01-25 17:03:08.235;SS;AS157-AS1-20180125170123
2018-01-25 17:03:22.317;RU;AS157-AS1-20180125170008
2018-01-25 17:03:47.534;RO;AS157-AS1-20180125170235
2018-01-25 17:03:50.172;SP;AS157-AS1-20180125170235
2018-01-25 17:03:51.926;VU;AS157-AS1-20180125170008
2018-01-25 17:03:52.246;SQ;AS157-AS1-20180125170352
2018-01-25 17:04:24.780;RC;AS157-AS1-20180125170235
2018-01-25 17:04:25.596;SS;AS157-AS1-20180125170235
2018-01-25 17:04:29.811;RU;AS157-AS1-20180125170123
2018-01-25 17:04:50.496;VU;AS157-AS1-20180125170123
2018-01-25 17:05:08.251;RO;AS157-AS1-20180125170352
2018-01-25 17:05:09.160;SP;AS157-AS1-20180125170352
2018-01-25 17:05:10.775;SQ;AS157-AS1-20180125170510
2018-01-25 17:05:46.446;RC;AS157-AS1-20180125170352
2018-01-25 17:05:48.140;SS;AS157-AS1-20180125170352
2018-01-25 17:05:58.261;RU;AS157-AS1-20180125170235
2018-01-25 17:06:00.066;VU;AS157-AS1-20180125170235
2018-01-25 17:06:22.393;RO;AS157-AS1-20180125170510
2018-01-25 17:06:23.650;SP;AS157-AS1-20180125170510
2018-01-25 17:06:25.229;SQ;AS157-AS1-20180125170625
2018-01-25 17:07:03.002;RU;AS157-AS1-20180125170352
2018-01-25 17:07:04.786;VU;AS157-AS1-20180125170352
2018-01-25 17:07:18.946;RC;AS157-AS1-20180125170510
2018-01-25 17:07:19.764;SS;AS157-AS1-20180125170510
2018-01-25 17:07:48.728;RO;AS157-AS1-20180125170625
2018-01-25 17:07:50.433;SP;AS157-AS1-20180125170625
2018-01-25 17:07:53.140;SQ;AS157-AS1-20180125170753
2018-01-25 17:08:39.546;RU;AS157-AS1-20180125170510
2018-01-25 17:08:44.425;RO;AS157-AS1-20180125170753
2018-01-25 17:08:46.082;SP;AS157-AS1-20180125170753
2018-01-25 17:08:51.511;SQ;AS157-AS1-20180125170851
2018-01-25 17:08:57.385;RC;AS157-AS1-20180125170625
2018-01-25 17:08:57.464;VU;AS157-AS1-20180125170510
2018-01-25 17:08:58.216;SS;AS157-AS1-20180125170625
2018-01-25 17:09:18.029;RC;AS157-AS1-20180125170753
2018-01-25 17:09:18.852;SS;AS157-AS1-20180125170753
2018-01-25 17:09:57.342;RO;AS157-AS1-20180125170851
2018-01-25 17:09:58.399;SP;AS157-AS1-20180125170851
2018-01-25 17:09:59.996;SQ;AS157-AS1-20180125170959
2018-01-25 17:10:21.883;RU;AS157-AS1-20180125170625
2018-01-25 17:10:23.699;VU;AS157-AS1-20180125170625
2018-01-25 17:10:36.549;RC;AS157-AS1-20180125170851
2018-01-25 17:10:37.351;SS;AS157-AS1-20180125170851
2018-01-25 17:10:39.269;RU;AS157-AS1-20180125170753
2018-01-25 17:11:00.076;VU;AS157-AS1-20180125170753
2018-01-25 17:11:18.236;RO;AS157-AS1-20180125170959
2018-01-25 17:11:19.422;SP;AS157-AS1-20180125170959
2018-01-25 17:11:21.029;SQ;AS157-AS1-20180125171121
2018-01-25 17:11:53.426;RC;AS157-AS1-20180125170959
2018-01-25 17:11:54.229;SS;AS157-AS1-20180125170959
2018-01-25 17:11:57.277;RU;AS157-AS1-20180125170851
2018-01-25 17:12:07.306;VU;AS157-AS1-20180125170851
2018-01-25 17:12:35.597;RO;AS157-AS1-20180125171121
2018-01-25 17:12:36.417;SP;AS157-AS1-20180125171121
2018-01-25 17:12:38.040;SQ;AS157-AS1-20180125171238
2018-01-25 17:13:09.664;RC;AS157-AS1-20180125171121
2018-01-25 17:13:10.476;SS;AS157-AS1-20180125171121
2018-01-25 17:13:31.955;RU;AS157-AS1-20180125170959
2018-01-25 17:13:33.750;VU;AS157-AS1-20180125170959
2018-01-25 17:13:43.363;RO;AS157-AS1-20180125171238
2018-01-25 17:13:44.406;SP;AS157-AS1-20180125171238
2018-01-25 17:13:46.001;SQ;AS157-AS1-20180125171346
2018-01-25 17:14:24.964;RU;AS157-AS1-20180125171121
2018-01-25 17:14:24.964;RC;AS157-AS1-20180125171238
2018-01-25 17:14:26.585;SS;AS157-AS1-20180125171238
2018-01-25 17:14:27.585;VU;AS157-AS1-20180125171121
2018-01-25 17:14:48.863;RO;AS157-AS1-20180125171346
2018-01-25 17:14:49.851;SP;AS157-AS1-20180125171346
2018-01-25 17:14:51.434;SQ;AS157-AS1-20180125171451
2018-01-25 17:15:42.818;RC;AS157-AS1-20180125171346
2018-01-25 17:15:43.638;SS;AS157-AS1-20180125171346
2018-01-25 17:15:43.971;RU;AS157-AS1-20180125171238
2018-01-25 17:16:07.100;RO;AS157-AS1-20180125171451
2018-01-25 17:16:09.890;SP;AS157-AS1-20180125171451
2018-01-25 17:16:15.686;SQ;AS157-AS1-20180125171615
2018-01-25 17:16:19.169;VU;AS157-AS1-20180125171238
2018-01-25 17:16:46.949;RU;AS157-AS1-20180125171346
2018-01-25 17:16:47.272;RC;AS157-AS1-20180125171451
2018-01-25 17:16:48.621;SS;AS157-AS1-20180125171451
