2018-01-25 16:58:36.702;SQ;AS158-AS1-20180125165836
2018-01-25 16:59:08.607;RO;AS158-AS1-20180125165836
2018-01-25 16:59:09.540;SP;AS158-AS1-20180125165836
2018-01-25 16:59:11.157;SQ;AS158-AS1-20180125165911
2018-01-25 16:59:37.273;RC;AS158-AS1-20180125165836
2018-01-25 16:59:38.096;SS;AS158-AS1-20180125165836
2018-01-25 17:00:08.935;RO;AS158-AS1-20180125165911
2018-01-25 17:00:10.016;SP;AS158-AS1-20180125165911
2018-01-25 17:00:11.657;SQ;AS158-AS1-20180125170011
2018-01-25 17:00:48.442;RC;AS158-AS1-20180125165911
2018-01-25 17:00:49.233;SS;AS158-AS1-20180125165911
2018-01-25 17:00:53.912;RU;AS158-AS1-20180125165836
2018-01-25 17:00:55.712;VU;AS158-AS1-20180125165836
2018-01-25 17:01:28.989;RO;AS158-AS1-20180125170011
2018-01-25 17:01:30.026;SP;AS158-AS1-20180125170011
2018-01-25 17:01:31.608;SQ;AS158-AS1-20180125170131
2018-01-25 17:02:13.969;RC;AS158-AS1-20180125170011
2018-01-25 17:02:14.793;SS;AS158-AS1-20180125170011
2018-01-25 17:02:24.205;RU;AS158-AS1-20180125165911
2018-01-25 17:02:26.020;VU;AS158-AS1-20180125165911
2018-01-25 17:02:52.955;RO;AS158-AS1-20180125170131
2018-01-25 17:02:54.025;SP;AS158-AS1-20180125170131
2018-01-25 17:02:55.633;SQ;AS158-AS1-20180125170255
2018-01-25 17:03:29.073;RC;AS158-AS1-20180125170131
2018-01-25 17:03:29.870;SS;AS158-AS1-20180125170131
2018-01-25 17:03:36.885;RU;AS158-AS1-20180125170011
2018-01-25 17:03:49.749;VU;AS158-AS1-20180125170011
2018-01-25 17:04:13.175;RO;AS158-AS1-20180125170255
2018-01-25 17:04:14.076;SP;AS158-AS1-20180125170255
2018-01-25 17:04:15.730;SQ;AS158-AS1-20180125170415
2018-01-25 17:04:49.325;RU;AS158-AS1-20180125170131
2018-01-25 17:04:51.119;VU;AS158-AS1-20180125170131
2018-01-25 17:04:56.577;RC;AS158-AS1-20180125170255
2018-01-25 17:04:57.376;SS;AS158-AS1-20180125170255
2018-01-25 17:05:44.868;RO;AS158-AS1-20180125170415
2018-01-25 17:05:47.067;SP;AS158-AS1-20180125170415
2018-01-25 17:05:50.866;SQ;AS158-AS1-20180125170550
2018-01-25 17:06:17.882;RU;AS158-AS1-20180125170255
2018-01-25 17:06:18.027;RC;AS158-AS1-20180125170415
2018-01-25 17:06:19.537;SS;AS158-AS1-20180125170415
2018-01-25 17:06:20.335;VU;AS158-AS1-20180125170255
2018-01-25 17:06:56.112;RO;AS158-AS1-20180125170550
2018-01-25 17:06:57.240;SP;AS158-AS1-20180125170550
2018-01-25 17:06:58.861;SQ;AS158-AS1-20180125170658
2018-01-25 17:07:33.648;RU;AS158-AS1-20180125170415
2018-01-25 17:07:36.172;RC;AS158-AS1-20180125170550
2018-01-25 17:07:37.051;SS;AS158-AS1-20180125170550
2018-01-25 17:08:18.144;RO;AS158-AS1-20180125170658
2018-01-25 17:08:19.732;SP;AS158-AS1-20180125170658
2018-01-25 17:08:22.170;SQ;AS158-AS1-20180125170822
2018-01-25 17:08:53.693;RU;AS158-AS1-20180125170550
2018-01-25 17:08:56.640;VU;AS158-AS1-20180125170550
2018-01-25 17:09:00.118;RC;AS158-AS1-20180125170658
2018-01-25 17:09:01.147;SS;AS158-AS1-20180125170658
2018-01-25 17:09:53.826;RO;AS158-AS1-20180125170822
2018-01-25 17:09:56.522;SP;AS158-AS1-20180125170822
2018-01-25 17:10:01.602;SQ;AS158-AS1-20180125171001
2018-01-25 17:10:21.837;RU;AS158-AS1-20180125170658
2018-01-25 17:10:24.171;VU;AS158-AS1-20180125170658
2018-01-25 17:10:31.244;RC;AS158-AS1-20180125170822
2018-01-25 17:10:32.283;SS;AS158-AS1-20180125170822
2018-01-25 17:11:17.792;RO;AS158-AS1-20180125171001
2018-01-25 17:11:19.777;SP;AS158-AS1-20180125171001
2018-01-25 17:11:22.034;SQ;AS158-AS1-20180125171122
2018-01-25 17:11:59.068;RC;AS158-AS1-20180125171001
2018-01-25 17:12:01.565;RU;AS158-AS1-20180125170822
2018-01-25 17:12:02.310;SS;AS158-AS1-20180125171001
2018-01-25 17:12:09.423;VU;AS158-AS1-20180125170822
2018-01-25 17:12:42.342;RO;AS158-AS1-20180125171122
2018-01-25 17:12:43.797;SP;AS158-AS1-20180125171122
2018-01-25 17:12:46.256;SQ;AS158-AS1-20180125171246
2018-01-25 17:13:29.827;RU;AS158-AS1-20180125171001
2018-01-25 17:13:30.656;RC;AS158-AS1-20180125171122
2018-01-25 17:13:32.039;VU;AS158-AS1-20180125171001
2018-01-25 17:13:32.287;SS;AS158-AS1-20180125171122
2018-01-25 17:14:07.961;RO;AS158-AS1-20180125171246
2018-01-25 17:14:09.399;SP;AS158-AS1-20180125171246
2018-01-25 17:14:11.692;SQ;AS158-AS1-20180125171411
2018-01-25 17:14:45.251;RU;AS158-AS1-20180125171122
2018-01-25 17:14:53.179;RC;AS158-AS1-20180125171246
2018-01-25 17:14:55.222;SS;AS158-AS1-20180125171246
2018-01-25 17:15:20.603;VU;AS158-AS1-20180125171122
2018-01-25 17:15:25.570;RO;AS158-AS1-20180125171411
2018-01-25 17:15:27.327;SP;AS158-AS1-20180125171411
2018-01-25 17:15:29.811;SQ;AS158-AS1-20180125171529
2018-01-25 17:15:51.819;RC;AS158-AS1-20180125171411
2018-01-25 17:15:52.750;SS;AS158-AS1-20180125171411
2018-01-25 17:16:20.206;RO;AS158-AS1-20180125171529
2018-01-25 17:16:21.877;SP;AS158-AS1-20180125171529
2018-01-25 17:16:24.294;SQ;AS158-AS1-20180125171624
2018-01-25 17:16:39.769;RU;AS158-AS1-20180125171246
2018-01-25 17:16:42.310;VU;AS158-AS1-20180125171246
2018-01-25 17:17:04.377;RC;AS158-AS1-20180125171529
