2018-01-25 16:58:43.905;SQ;AS169-AS1-20180125165843
2018-01-25 16:59:19.628;RO;AS169-AS1-20180125165843
2018-01-25 16:59:20.751;SP;AS169-AS1-20180125165843
2018-01-25 16:59:22.366;SQ;AS169-AS1-20180125165922
2018-01-25 16:59:50.136;RC;AS169-AS1-20180125165843
2018-01-25 16:59:50.954;SS;AS169-AS1-20180125165843
2018-01-25 17:00:26.698;RO;AS169-AS1-20180125165922
2018-01-25 17:00:27.767;SP;AS169-AS1-20180125165922
2018-01-25 17:00:29.400;SQ;AS169-AS1-20180125170029
2018-01-25 17:01:11.227;RU;AS169-AS1-20180125165843
2018-01-25 17:01:11.249;RC;AS169-AS1-20180125165922
2018-01-25 17:01:12.917;SS;AS169-AS1-20180125165922
2018-01-25 17:01:13.916;VU;AS169-AS1-20180125165843
2018-01-25 17:01:24.727;RO;AS169-AS1-20180125170029
2018-01-25 17:01:25.759;SP;AS169-AS1-20180125170029
2018-01-25 17:01:27.369;SQ;AS169-AS1-20180125170127
2018-01-25 17:02:05.766;RC;AS169-AS1-20180125170029
2018-01-25 17:02:06.568;SS;AS169-AS1-20180125170029
2018-01-25 17:02:36.956;RO;AS169-AS1-20180125170127
2018-01-25 17:02:38.594;SP;AS169-AS1-20180125170127
2018-01-25 17:02:41.318;RU;AS169-AS1-20180125165922
2018-01-25 17:02:42.682;SQ;AS169-AS1-20180125170242
2018-01-25 17:02:47.471;VU;AS169-AS1-20180125165922
2018-01-25 17:03:18.791;RC;AS169-AS1-20180125170127
2018-01-25 17:03:19.604;SS;AS169-AS1-20180125170127
2018-01-25 17:03:20.427;RU;AS169-AS1-20180125170029
2018-01-25 17:03:50.443;VU;AS169-AS1-20180125170029
2018-01-25 17:03:54.507;RO;AS169-AS1-20180125170242
2018-01-25 17:03:55.577;SP;AS169-AS1-20180125170242
2018-01-25 17:03:57.216;SQ;AS169-AS1-20180125170357
2018-01-25 17:04:29.256;RU;AS169-AS1-20180125170127
2018-01-25 17:04:30.137;RC;AS169-AS1-20180125170242
2018-01-25 17:04:30.963;SS;AS169-AS1-20180125170242
2018-01-25 17:04:49.930;VU;AS169-AS1-20180125170127
2018-01-25 17:05:08.309;RO;AS169-AS1-20180125170357
2018-01-25 17:05:09.639;SP;AS169-AS1-20180125170357
2018-01-25 17:05:11.261;SQ;AS169-AS1-20180125170511
2018-01-25 17:05:50.125;RC;AS169-AS1-20180125170357
2018-01-25 17:05:50.930;SS;AS169-AS1-20180125170357
2018-01-25 17:05:58.250;RU;AS169-AS1-20180125170242
2018-01-25 17:06:00.078;VU;AS169-AS1-20180125170242
2018-01-25 17:06:21.625;RO;AS169-AS1-20180125170511
2018-01-25 17:06:22.657;SP;AS169-AS1-20180125170511
2018-01-25 17:06:24.255;SQ;AS169-AS1-20180125170624
2018-01-25 17:07:19.515;RC;AS169-AS1-20180125170511
2018-01-25 17:07:20.347;SS;AS169-AS1-20180125170511
2018-01-25 17:07:35.241;RU;AS169-AS1-20180125170357
2018-01-25 17:07:37.063;VU;AS169-AS1-20180125170357
2018-01-25 17:08:02.350;RO;AS169-AS1-20180125170624
2018-01-25 17:08:03.185;SP;AS169-AS1-20180125170624
2018-01-25 17:08:04.792;SQ;AS169-AS1-20180125170804
2018-01-25 17:08:30.641;RU;AS169-AS1-20180125170511
2018-01-25 17:08:33.747;RC;AS169-AS1-20180125170624
2018-01-25 17:08:34.787;SS;AS169-AS1-20180125170624
2018-01-25 17:08:55.478;VU;AS169-AS1-20180125170511
2018-01-25 17:08:59.226;RO;AS169-AS1-20180125170804
2018-01-25 17:09:00.164;SP;AS169-AS1-20180125170804
2018-01-25 17:09:01.818;SQ;AS169-AS1-20180125170901
2018-01-25 17:09:37.424;RC;AS169-AS1-20180125170804
2018-01-25 17:09:38.241;SS;AS169-AS1-20180125170804
2018-01-25 17:10:01.591;RU;AS169-AS1-20180125170624
2018-01-25 17:10:03.404;VU;AS169-AS1-20180125170624
2018-01-25 17:10:21.923;RO;AS169-AS1-20180125170901
2018-01-25 17:10:23.225;SP;AS169-AS1-20180125170901
2018-01-25 17:10:24.850;SQ;AS169-AS1-20180125171024
2018-01-25 17:11:00.435;RU;AS169-AS1-20180125170804
2018-01-25 17:11:02.250;VU;AS169-AS1-20180125170804
2018-01-25 17:11:03.718;RC;AS169-AS1-20180125170901
2018-01-25 17:11:04.548;SS;AS169-AS1-20180125170901
2018-01-25 17:11:39.109;RO;AS169-AS1-20180125171024
2018-01-25 17:11:40.228;SP;AS169-AS1-20180125171024
2018-01-25 17:11:41.825;SQ;AS169-AS1-20180125171141
2018-01-25 17:12:16.114;RU;AS169-AS1-20180125170901
2018-01-25 17:12:17.960;VU;AS169-AS1-20180125170901
2018-01-25 17:12:35.189;RC;AS169-AS1-20180125171024
2018-01-25 17:12:36.020;SS;AS169-AS1-20180125171024
2018-01-25 17:13:13.113;RO;AS169-AS1-20180125171141
2018-01-25 17:13:14.252;SP;AS169-AS1-20180125171141
2018-01-25 17:13:15.879;SQ;AS169-AS1-20180125171315
2018-01-25 17:13:39.344;RU;AS169-AS1-20180125171024
2018-01-25 17:13:56.789;RC;AS169-AS1-20180125171141
2018-01-25 17:13:57.666;SS;AS169-AS1-20180125171141
2018-01-25 17:14:08.891;VU;AS169-AS1-20180125171024
2018-01-25 17:14:29.088;RO;AS169-AS1-20180125171315
2018-01-25 17:14:30.291;SP;AS169-AS1-20180125171315
2018-01-25 17:14:31.944;SQ;AS169-AS1-20180125171431
2018-01-25 17:15:15.624;RC;AS169-AS1-20180125171315
2018-01-25 17:15:16.427;SS;AS169-AS1-20180125171315
2018-01-25 17:15:43.938;RO;AS169-AS1-20180125171431
2018-01-25 17:15:44.849;SP;AS169-AS1-20180125171431
2018-01-25 17:15:46.464;SQ;AS169-AS1-20180125171546
2018-01-25 17:15:46.821;RU;AS169-AS1-20180125171141
2018-01-25 17:15:48.642;VU;AS169-AS1-20180125171141
2018-01-25 17:16:23.593;RC;AS169-AS1-20180125171431
2018-01-25 17:16:24.384;SS;AS169-AS1-20180125171431
2018-01-25 17:16:40.578;RU;AS169-AS1-20180125171315
2018-01-25 17:16:42.393;VU;AS169-AS1-20180125171315
