2018-01-25 16:58:25.609;SQ;AS160-AS1-20180125165825
2018-01-25 16:58:26.795;RO;AS160-AS1-20180125165825
2018-01-25 16:58:27.865;SP;AS160-AS1-20180125165825
2018-01-25 16:58:28.473;RC;AS160-AS1-20180125165825
2018-01-25 16:58:29.985;SS;AS160-AS1-20180125165825
2018-01-25 16:58:30.174;SQ;AS160-AS1-20180125165830
2018-01-25 16:58:37.834;RO;AS160-AS1-20180125165830
2018-01-25 16:58:38.948;SP;AS160-AS1-20180125165830
2018-01-25 16:58:40.427;SQ;AS160-AS1-20180125165840
2018-01-25 16:58:43.346;RU;AS160-AS1-20180125165825
2018-01-25 16:58:45.092;VU;AS160-AS1-20180125165825
2018-01-25 16:58:53.504;RC;AS160-AS1-20180125165830
2018-01-25 16:58:54.266;SS;AS160-AS1-20180125165830
2018-01-25 16:59:13.168;RO;AS160-AS1-20180125165840
2018-01-25 16:59:14.245;SP;AS160-AS1-20180125165840
2018-01-25 16:59:15.817;SQ;AS160-AS1-20180125165915
2018-01-25 16:59:44.199;RC;AS160-AS1-20180125165840
2018-01-25 16:59:44.978;SS;AS160-AS1-20180125165840
2018-01-25 16:59:49.355;RU;AS160-AS1-20180125165830
2018-01-25 16:59:51.106;VU;AS160-AS1-20180125165830
2018-01-25 17:00:17.523;RO;AS160-AS1-20180125165915
2018-01-25 17:00:18.675;SP;AS160-AS1-20180125165915
2018-01-25 17:00:20.256;SQ;AS160-AS1-20180125170020
2018-01-25 17:00:55.089;RC;AS160-AS1-20180125165915
2018-01-25 17:00:55.869;SS;AS160-AS1-20180125165915
2018-01-25 17:01:11.672;RU;AS160-AS1-20180125165840
2018-01-25 17:01:13.470;VU;AS160-AS1-20180125165840
2018-01-25 17:01:26.838;RO;AS160-AS1-20180125170020
2018-01-25 17:01:28.142;SP;AS160-AS1-20180125170020
2018-01-25 17:01:29.765;SQ;AS160-AS1-20180125170129
2018-01-25 17:02:04.023;RU;AS160-AS1-20180125165915
2018-01-25 17:02:08.348;RC;AS160-AS1-20180125170020
2018-01-25 17:02:09.182;SS;AS160-AS1-20180125170020
2018-01-25 17:02:49.188;RO;AS160-AS1-20180125170129
2018-01-25 17:02:50.547;SP;AS160-AS1-20180125170129
2018-01-25 17:02:52.681;SQ;AS160-AS1-20180125170252
2018-01-25 17:03:26.957;RC;AS160-AS1-20180125170129
2018-01-25 17:03:27.763;SS;AS160-AS1-20180125170129
2018-01-25 17:03:42.237;RU;AS160-AS1-20180125170020
2018-01-25 17:03:52.059;VU;AS160-AS1-20180125170020
2018-01-25 17:04:10.054;RO;AS160-AS1-20180125170252
2018-01-25 17:04:11.511;SP;AS160-AS1-20180125170252
2018-01-25 17:04:13.871;SQ;AS160-AS1-20180125170413
2018-01-25 17:04:46.440;RC;AS160-AS1-20180125170252
2018-01-25 17:04:49.032;SS;AS160-AS1-20180125170252
2018-01-25 17:04:54.998;RU;AS160-AS1-20180125170129
2018-01-25 17:04:56.817;VU;AS160-AS1-20180125170129
2018-01-25 17:05:45.251;RO;AS160-AS1-20180125170413
2018-01-25 17:05:48.104;SP;AS160-AS1-20180125170413
2018-01-25 17:05:53.416;SQ;AS160-AS1-20180125170553
2018-01-25 17:06:14.423;RU;AS160-AS1-20180125170252
2018-01-25 17:06:16.970;VU;AS160-AS1-20180125170252
2018-01-25 17:06:54.772;RC;AS160-AS1-20180125170413
2018-01-25 17:06:55.750;SS;AS160-AS1-20180125170413
2018-01-25 17:07:01.005;RO;AS160-AS1-20180125170553
2018-01-25 17:07:02.450;SP;AS160-AS1-20180125170553
2018-01-25 17:07:04.812;SQ;AS160-AS1-20180125170704
2018-01-25 17:07:35.230;RC;AS160-AS1-20180125170553
2018-01-25 17:07:36.424;SS;AS160-AS1-20180125170553
2018-01-25 17:08:19.290;RO;AS160-AS1-20180125170704
2018-01-25 17:08:20.497;RU;AS160-AS1-20180125170413
2018-01-25 17:08:20.636;SP;AS160-AS1-20180125170704
2018-01-25 17:08:23.587;VU;AS160-AS1-20180125170413
2018-01-25 17:08:23.988;SQ;AS160-AS1-20180125170823
2018-01-25 17:08:59.828;RU;AS160-AS1-20180125170553
2018-01-25 17:09:02.325;VU;AS160-AS1-20180125170553
2018-01-25 17:09:16.910;RC;AS160-AS1-20180125170704
2018-01-25 17:09:18.010;SS;AS160-AS1-20180125170704
2018-01-25 17:10:00.594;RO;AS160-AS1-20180125170823
2018-01-25 17:10:02.180;SP;AS160-AS1-20180125170823
2018-01-25 17:10:04.339;SQ;AS160-AS1-20180125171004
2018-01-25 17:10:41.574;RC;AS160-AS1-20180125170823
2018-01-25 17:10:42.518;SS;AS160-AS1-20180125170823
2018-01-25 17:11:17.342;RU;AS160-AS1-20180125170704
2018-01-25 17:11:19.306;RO;AS160-AS1-20180125171004
2018-01-25 17:11:19.697;VU;AS160-AS1-20180125170704
2018-01-25 17:11:20.964;SP;AS160-AS1-20180125171004
2018-01-25 17:11:23.020;SQ;AS160-AS1-20180125171123
2018-01-25 17:11:59.371;RU;AS160-AS1-20180125170823
2018-01-25 17:12:04.207;RC;AS160-AS1-20180125171004
2018-01-25 17:12:07.302;SS;AS160-AS1-20180125171004
2018-01-25 17:12:08.155;VU;AS160-AS1-20180125170823
2018-01-25 17:12:37.200;RO;AS160-AS1-20180125171123
2018-01-25 17:12:38.435;SP;AS160-AS1-20180125171123
2018-01-25 17:12:40.681;SQ;AS160-AS1-20180125171240
2018-01-25 17:13:29.822;RC;AS160-AS1-20180125171123
2018-01-25 17:13:30.738;RU;AS160-AS1-20180125171004
2018-01-25 17:13:31.535;SS;AS160-AS1-20180125171123
2018-01-25 17:13:33.135;VU;AS160-AS1-20180125171004
2018-01-25 17:14:05.163;RO;AS160-AS1-20180125171240
2018-01-25 17:14:07.953;SP;AS160-AS1-20180125171240
2018-01-25 17:14:10.143;SQ;AS160-AS1-20180125171410
2018-01-25 17:14:41.641;RC;AS160-AS1-20180125171240
2018-01-25 17:14:43.197;SS;AS160-AS1-20180125171240
2018-01-25 17:14:43.272;RU;AS160-AS1-20180125171123
2018-01-25 17:15:19.792;VU;AS160-AS1-20180125171123
2018-01-25 17:15:42.728;RO;AS160-AS1-20180125171410
2018-01-25 17:15:43.780;SP;AS160-AS1-20180125171410
2018-01-25 17:15:43.925;RU;AS160-AS1-20180125171240
2018-01-25 17:15:47.077;SQ;AS160-AS1-20180125171547
2018-01-25 17:16:17.799;RC;AS160-AS1-20180125171410
2018-01-25 17:16:20.659;SS;AS160-AS1-20180125171410
