2018-01-25 16:58:48.159;SQ;AS165-AS1-20180125165848
2018-01-25 16:59:29.226;RO;AS165-AS1-20180125165848
2018-01-25 16:59:30.531;SP;AS165-AS1-20180125165848
2018-01-25 16:59:32.173;SQ;AS165-AS1-20180125165932
2018-01-25 17:00:02.068;RC;AS165-AS1-20180125165848
2018-01-25 17:00:02.913;SS;AS165-AS1-20180125165848
2018-01-25 17:00:34.282;RO;AS165-AS1-20180125165932
2018-01-25 17:00:35.562;SP;AS165-AS1-20180125165932
2018-01-25 17:00:38.864;SQ;AS165-AS1-20180125170038
2018-01-25 17:01:11.182;RC;AS165-AS1-20180125165932
2018-01-25 17:01:12.011;SS;AS165-AS1-20180125165932
2018-01-25 17:01:18.397;RU;AS165-AS1-20180125165848
2018-01-25 17:01:47.170;VU;AS165-AS1-20180125165848
2018-01-25 17:02:04.014;RO;AS165-AS1-20180125170038
2018-01-25 17:02:05.296;SP;AS165-AS1-20180125170038
2018-01-25 17:02:06.957;SQ;AS165-AS1-20180125170206
2018-01-25 17:02:16.205;RU;AS165-AS1-20180125165932
2018-01-25 17:02:45.415;RC;AS165-AS1-20180125170038
2018-01-25 17:02:46.230;SS;AS165-AS1-20180125170038
2018-01-25 17:03:24.945;RO;AS165-AS1-20180125170206
2018-01-25 17:03:26.318;SP;AS165-AS1-20180125170206
2018-01-25 17:03:28.842;SQ;AS165-AS1-20180125170328
2018-01-25 17:04:10.335;RC;AS165-AS1-20180125170206
2018-01-25 17:04:11.485;SS;AS165-AS1-20180125170206
2018-01-25 17:04:15.124;RU;AS165-AS1-20180125170038
2018-01-25 17:04:17.227;VU;AS165-AS1-20180125170038
2018-01-25 17:04:43.611;RO;AS165-AS1-20180125170328
2018-01-25 17:04:46.951;SP;AS165-AS1-20180125170328
2018-01-25 17:04:51.408;SQ;AS165-AS1-20180125170451
2018-01-25 17:05:10.449;RC;AS165-AS1-20180125170328
2018-01-25 17:05:11.987;SS;AS165-AS1-20180125170328
2018-01-25 17:05:18.156;RU;AS165-AS1-20180125170206
2018-01-25 17:05:56.141;VU;AS165-AS1-20180125170206
2018-01-25 17:06:16.920;RO;AS165-AS1-20180125170451
2018-01-25 17:06:17.935;SP;AS165-AS1-20180125170451
2018-01-25 17:06:20.458;SQ;AS165-AS1-20180125170620
2018-01-25 17:06:32.792;RU;AS165-AS1-20180125170328
2018-01-25 17:06:50.316;RC;AS165-AS1-20180125170451
2018-01-25 17:06:55.758;SS;AS165-AS1-20180125170451
2018-01-25 17:06:56.759;VU;AS165-AS1-20180125170328
2018-01-25 17:08:18.942;RU;AS165-AS1-20180125170451
2018-01-25 17:08:21.034;VU;AS165-AS1-20180125170451
2018-01-25 17:08:53.918;RO;AS165-AS1-20180125170620
2018-01-25 17:08:55.980;SP;AS165-AS1-20180125170620
2018-01-25 17:08:58.514;SQ;AS165-AS1-20180125170858
2018-01-25 17:09:34.469;RC;AS165-AS1-20180125170620
2018-01-25 17:09:35.833;SS;AS165-AS1-20180125170620
2018-01-25 17:09:56.744;RO;AS165-AS1-20180125170858
2018-01-25 17:09:59.738;SP;AS165-AS1-20180125170858
2018-01-25 17:10:02.014;SQ;AS165-AS1-20180125171002
2018-01-25 17:10:33.717;RC;AS165-AS1-20180125170858
2018-01-25 17:10:34.618;SS;AS165-AS1-20180125170858
2018-01-25 17:10:56.509;RU;AS165-AS1-20180125170620
2018-01-25 17:11:00.103;VU;AS165-AS1-20180125170620
2018-01-25 17:11:17.638;RO;AS165-AS1-20180125171002
2018-01-25 17:11:18.977;SP;AS165-AS1-20180125171002
2018-01-25 17:11:21.483;SQ;AS165-AS1-20180125171121
2018-01-25 17:11:58.109;RC;AS165-AS1-20180125171002
2018-01-25 17:11:59.356;RU;AS165-AS1-20180125170858
2018-01-25 17:12:00.696;SS;AS165-AS1-20180125171002
2018-01-25 17:12:09.303;VU;AS165-AS1-20180125170858
2018-01-25 17:13:30.665;RU;AS165-AS1-20180125171002
2018-01-25 17:13:32.042;RO;AS165-AS1-20180125171121
2018-01-25 17:13:32.483;VU;AS165-AS1-20180125171002
2018-01-25 17:13:33.286;SP;AS165-AS1-20180125171121
2018-01-25 17:13:35.840;SQ;AS165-AS1-20180125171335
2018-01-25 17:14:06.843;RC;AS165-AS1-20180125171121
2018-01-25 17:14:08.789;SS;AS165-AS1-20180125171121
2018-01-25 17:14:59.678;RO;AS165-AS1-20180125171335
2018-01-25 17:15:00.955;SP;AS165-AS1-20180125171335
2018-01-25 17:15:03.310;SQ;AS165-AS1-20180125171503
2018-01-25 17:15:23.222;RU;AS165-AS1-20180125171121
2018-01-25 17:15:25.599;VU;AS165-AS1-20180125171121
2018-01-25 17:15:40.857;RC;AS165-AS1-20180125171335
2018-01-25 17:15:42.349;SS;AS165-AS1-20180125171335
2018-01-25 17:16:06.646;RO;AS165-AS1-20180125171503
2018-01-25 17:16:09.503;SP;AS165-AS1-20180125171503
2018-01-25 17:16:15.151;SQ;AS165-AS1-20180125171615
2018-01-25 17:16:40.267;RC;AS165-AS1-20180125171503
2018-01-25 17:16:40.379;RU;AS165-AS1-20180125171335
2018-01-25 17:16:42.177;SS;AS165-AS1-20180125171503
