2018-01-25 16:58:36.310;SQ;AS164-AS1-20180125165836
2018-01-25 16:59:04.887;RO;AS164-AS1-20180125165836
2018-01-25 16:59:06.182;SP;AS164-AS1-20180125165836
2018-01-25 16:59:07.849;SQ;AS164-AS1-20180125165907
2018-01-25 16:59:32.347;RC;AS164-AS1-20180125165836
2018-01-25 16:59:33.183;SS;AS164-AS1-20180125165836
2018-01-25 17:00:01.996;RO;AS164-AS1-20180125165907
2018-01-25 17:00:03.228;SP;AS164-AS1-20180125165907
2018-01-25 17:00:04.919;SQ;AS164-AS1-20180125170004
2018-01-25 17:00:36.101;RU;AS164-AS1-20180125165836
2018-01-25 17:00:40.724;RC;AS164-AS1-20180125165907
2018-01-25 17:00:43.221;SS;AS164-AS1-20180125165907
2018-01-25 17:01:14.026;RO;AS164-AS1-20180125170004
2018-01-25 17:01:15.362;SP;AS164-AS1-20180125170004
2018-01-25 17:01:17.896;SQ;AS164-AS1-20180125170117
2018-01-25 17:02:00.865;RU;AS164-AS1-20180125165907
2018-01-25 17:02:03.005;VU;AS164-AS1-20180125165907
2018-01-25 17:02:04.037;RC;AS164-AS1-20180125170004
2018-01-25 17:02:05.270;SS;AS164-AS1-20180125170004
2018-01-25 17:02:40.413;RO;AS164-AS1-20180125170117
2018-01-25 17:02:42.898;SP;AS164-AS1-20180125170117
2018-01-25 17:02:47.874;SQ;AS164-AS1-20180125170247
2018-01-25 17:03:22.912;RC;AS164-AS1-20180125170117
2018-01-25 17:03:23.733;SS;AS164-AS1-20180125170117
2018-01-25 17:03:26.965;RU;AS164-AS1-20180125170004
2018-01-25 17:03:52.990;VU;AS164-AS1-20180125170004
2018-01-25 17:04:10.245;RO;AS164-AS1-20180125170247
2018-01-25 17:04:11.413;SP;AS164-AS1-20180125170247
2018-01-25 17:04:14.002;SQ;AS164-AS1-20180125170414
2018-01-25 17:04:38.043;RC;AS164-AS1-20180125170247
2018-01-25 17:04:39.466;SS;AS164-AS1-20180125170247
2018-01-25 17:04:54.304;RU;AS164-AS1-20180125170117
2018-01-25 17:04:56.920;VU;AS164-AS1-20180125170117
2018-01-25 17:05:31.664;RO;AS164-AS1-20180125170414
2018-01-25 17:05:33.228;SP;AS164-AS1-20180125170414
2018-01-25 17:05:35.710;SQ;AS164-AS1-20180125170535
2018-01-25 17:05:55.990;RU;AS164-AS1-20180125170247
2018-01-25 17:05:58.630;VU;AS164-AS1-20180125170247
2018-01-25 17:06:17.233;RC;AS164-AS1-20180125170414
2018-01-25 17:06:18.627;SS;AS164-AS1-20180125170414
2018-01-25 17:06:44.408;RO;AS164-AS1-20180125170535
2018-01-25 17:06:47.300;SP;AS164-AS1-20180125170535
2018-01-25 17:06:53.167;SQ;AS164-AS1-20180125170653
2018-01-25 17:07:22.024;RC;AS164-AS1-20180125170535
2018-01-25 17:07:23.376;SS;AS164-AS1-20180125170535
2018-01-25 17:07:29.670;RU;AS164-AS1-20180125170414
2018-01-25 17:07:57.270;VU;AS164-AS1-20180125170414
2018-01-25 17:08:18.905;RO;AS164-AS1-20180125170653
2018-01-25 17:08:20.310;SP;AS164-AS1-20180125170653
2018-01-25 17:08:22.644;SQ;AS164-AS1-20180125170822
2018-01-25 17:08:55.607;RU;AS164-AS1-20180125170535
2018-01-25 17:08:57.538;VU;AS164-AS1-20180125170535
2018-01-25 17:09:16.722;RC;AS164-AS1-20180125170653
2018-01-25 17:09:18.189;SS;AS164-AS1-20180125170653
2018-01-25 17:09:51.216;RO;AS164-AS1-20180125170822
2018-01-25 17:09:53.422;SP;AS164-AS1-20180125170822
2018-01-25 17:09:58.900;SQ;AS164-AS1-20180125170958
2018-01-25 17:10:25.165;RC;AS164-AS1-20180125170822
2018-01-25 17:10:25.974;SS;AS164-AS1-20180125170822
2018-01-25 17:10:33.287;RU;AS164-AS1-20180125170653
2018-01-25 17:11:02.679;VU;AS164-AS1-20180125170653
2018-01-25 17:11:17.316;RO;AS164-AS1-20180125170958
2018-01-25 17:11:18.568;SP;AS164-AS1-20180125170958
2018-01-25 17:11:21.063;SQ;AS164-AS1-20180125171121
2018-01-25 17:11:31.035;RU;AS164-AS1-20180125170822
2018-01-25 17:11:58.504;RC;AS164-AS1-20180125170958
2018-01-25 17:12:02.886;SS;AS164-AS1-20180125170958
2018-01-25 17:12:11.461;VU;AS164-AS1-20180125170822
2018-01-25 17:12:35.514;RO;AS164-AS1-20180125171121
2018-01-25 17:12:37.211;SP;AS164-AS1-20180125171121
2018-01-25 17:12:39.652;SQ;AS164-AS1-20180125171239
2018-01-25 17:13:11.386;RC;AS164-AS1-20180125171121
2018-01-25 17:13:13.094;SS;AS164-AS1-20180125171121
2018-01-25 17:13:29.002;RU;AS164-AS1-20180125170958
2018-01-25 17:13:31.344;VU;AS164-AS1-20180125170958
2018-01-25 17:14:03.037;RO;AS164-AS1-20180125171239
2018-01-25 17:14:06.141;SP;AS164-AS1-20180125171239
2018-01-25 17:14:10.416;SQ;AS164-AS1-20180125171410
2018-01-25 17:14:31.383;RU;AS164-AS1-20180125171121
2018-01-25 17:14:33.226;VU;AS164-AS1-20180125171121
2018-01-25 17:14:43.219;RC;AS164-AS1-20180125171239
2018-01-25 17:14:44.664;SS;AS164-AS1-20180125171239
2018-01-25 17:15:25.911;RO;AS164-AS1-20180125171410
2018-01-25 17:15:27.207;SP;AS164-AS1-20180125171410
2018-01-25 17:15:29.582;SQ;AS164-AS1-20180125171529
2018-01-25 17:15:44.124;RU;AS164-AS1-20180125171239
2018-01-25 17:15:51.565;RC;AS164-AS1-20180125171410
2018-01-25 17:15:53.950;SS;AS164-AS1-20180125171410
2018-01-25 17:16:39.804;RO;AS164-AS1-20180125171529
2018-01-25 17:16:42.140;SP;AS164-AS1-20180125171529
2018-01-25 17:16:45.910;SQ;AS164-AS1-20180125171645
