2018-01-25 16:58:39.054;SQ;AS166-AS1-20180125165839
2018-01-25 16:59:12.773;RO;AS166-AS1-20180125165839
2018-01-25 16:59:13.906;SP;AS166-AS1-20180125165839
2018-01-25 16:59:15.579;SQ;AS166-AS1-20180125165915
2018-01-25 16:59:43.382;RC;AS166-AS1-20180125165839
2018-01-25 16:59:44.220;SS;AS166-AS1-20180125165839
2018-01-25 17:00:20.836;RO;AS166-AS1-20180125165915
2018-01-25 17:00:21.992;SP;AS166-AS1-20180125165915
2018-01-25 17:00:23.640;SQ;AS166-AS1-20180125170023
2018-01-25 17:00:55.185;RU;AS166-AS1-20180125165839
2018-01-25 17:00:57.010;VU;AS166-AS1-20180125165839
2018-01-25 17:01:10.184;RC;AS166-AS1-20180125165915
2018-01-25 17:01:11.002;SS;AS166-AS1-20180125165915
2018-01-25 17:02:09.852;RO;AS166-AS1-20180125170023
2018-01-25 17:02:11.083;SP;AS166-AS1-20180125170023
2018-01-25 17:02:12.749;SQ;AS166-AS1-20180125170212
2018-01-25 17:02:32.441;RU;AS166-AS1-20180125165915
2018-01-25 17:02:46.321;VU;AS166-AS1-20180125165915
2018-01-25 17:03:02.350;RC;AS166-AS1-20180125170023
2018-01-25 17:03:03.160;SS;AS166-AS1-20180125170023
2018-01-25 17:03:43.842;RO;AS166-AS1-20180125170212
2018-01-25 17:03:46.201;SP;AS166-AS1-20180125170212
2018-01-25 17:03:47.870;SQ;AS166-AS1-20180125170347
2018-01-25 17:04:12.784;RU;AS166-AS1-20180125170023
2018-01-25 17:04:14.588;VU;AS166-AS1-20180125170023
2018-01-25 17:04:16.093;RC;AS166-AS1-20180125170212
2018-01-25 17:04:16.936;SS;AS166-AS1-20180125170212
2018-01-25 17:04:55.471;RO;AS166-AS1-20180125170347
2018-01-25 17:04:56.773;SP;AS166-AS1-20180125170347
2018-01-25 17:04:58.442;SQ;AS166-AS1-20180125170458
2018-01-25 17:05:39.057;RC;AS166-AS1-20180125170347
2018-01-25 17:05:39.869;SS;AS166-AS1-20180125170347
2018-01-25 17:05:51.719;RU;AS166-AS1-20180125170212
2018-01-25 17:05:53.552;VU;AS166-AS1-20180125170212
2018-01-25 17:06:18.072;RO;AS166-AS1-20180125170458
2018-01-25 17:06:19.360;SP;AS166-AS1-20180125170458
2018-01-25 17:06:20.969;SQ;AS166-AS1-20180125170620
2018-01-25 17:06:52.927;RU;AS166-AS1-20180125170347
2018-01-25 17:06:54.759;VU;AS166-AS1-20180125170347
2018-01-25 17:06:55.026;RC;AS166-AS1-20180125170458
2018-01-25 17:06:55.875;SS;AS166-AS1-20180125170458
2018-01-25 17:07:31.211;RO;AS166-AS1-20180125170620
2018-01-25 17:07:32.354;SP;AS166-AS1-20180125170620
2018-01-25 17:07:33.992;SQ;AS166-AS1-20180125170733
2018-01-25 17:07:59.821;RC;AS166-AS1-20180125170620
2018-01-25 17:08:00.647;SS;AS166-AS1-20180125170620
2018-01-25 17:08:19.999;RU;AS166-AS1-20180125170458
2018-01-25 17:08:21.839;VU;AS166-AS1-20180125170458
2018-01-25 17:08:52.019;RO;AS166-AS1-20180125170733
2018-01-25 17:08:52.919;SP;AS166-AS1-20180125170733
2018-01-25 17:08:54.569;SQ;AS166-AS1-20180125170854
2018-01-25 17:09:16.260;RU;AS166-AS1-20180125170620
2018-01-25 17:09:18.083;VU;AS166-AS1-20180125170620
2018-01-25 17:09:30.663;RC;AS166-AS1-20180125170733
2018-01-25 17:09:31.471;SS;AS166-AS1-20180125170733
2018-01-25 17:09:51.887;RO;AS166-AS1-20180125170854
2018-01-25 17:09:53.938;SP;AS166-AS1-20180125170854
2018-01-25 17:09:57.274;SQ;AS166-AS1-20180125170957
2018-01-25 17:10:29.666;RC;AS166-AS1-20180125170854
2018-01-25 17:10:30.475;SS;AS166-AS1-20180125170854
2018-01-25 17:10:58.944;RU;AS166-AS1-20180125170733
2018-01-25 17:11:00.513;RO;AS166-AS1-20180125170957
2018-01-25 17:11:00.777;VU;AS166-AS1-20180125170733
2018-01-25 17:11:01.687;SP;AS166-AS1-20180125170957
2018-01-25 17:11:03.326;SQ;AS166-AS1-20180125171103
2018-01-25 17:11:31.572;RC;AS166-AS1-20180125170957
2018-01-25 17:11:32.404;SS;AS166-AS1-20180125170957
2018-01-25 17:11:58.100;RU;AS166-AS1-20180125170854
2018-01-25 17:12:05.731;RO;AS166-AS1-20180125171103
2018-01-25 17:12:06.353;VU;AS166-AS1-20180125170854
2018-01-25 17:12:06.748;SP;AS166-AS1-20180125171103
2018-01-25 17:12:08.386;SQ;AS166-AS1-20180125171208
2018-01-25 17:12:36.566;RC;AS166-AS1-20180125171103
2018-01-25 17:12:37.399;SS;AS166-AS1-20180125171103
2018-01-25 17:12:53.074;RU;AS166-AS1-20180125170957
2018-01-25 17:13:07.902;VU;AS166-AS1-20180125170957
2018-01-25 17:13:30.312;RO;AS166-AS1-20180125171208
2018-01-25 17:13:31.305;SP;AS166-AS1-20180125171208
2018-01-25 17:13:32.923;SQ;AS166-AS1-20180125171332
2018-01-25 17:13:47.292;RU;AS166-AS1-20180125171103
2018-01-25 17:14:08.703;VU;AS166-AS1-20180125171103
2018-01-25 17:14:10.005;RC;AS166-AS1-20180125171208
2018-01-25 17:14:10.813;SS;AS166-AS1-20180125171208
2018-01-25 17:14:34.171;RO;AS166-AS1-20180125171332
2018-01-25 17:14:35.320;SP;AS166-AS1-20180125171332
2018-01-25 17:14:36.981;SQ;AS166-AS1-20180125171436
2018-01-25 17:15:43.341;RU;AS166-AS1-20180125171208
2018-01-25 17:15:45.160;VU;AS166-AS1-20180125171208
2018-01-25 17:15:50.670;RC;AS166-AS1-20180125171332
2018-01-25 17:15:51.450;RO;AS166-AS1-20180125171436
2018-01-25 17:15:52.394;SP;AS166-AS1-20180125171436
2018-01-25 17:15:51.504;SS;AS166-AS1-20180125171332
2018-01-25 17:15:55.029;SQ;AS166-AS1-20180125171555
2018-01-25 17:16:43.918;RC;AS166-AS1-20180125171436
2018-01-25 17:16:44.728;SS;AS166-AS1-20180125171436
