2018-01-25 16:58:38.279;SQ;AS162-AS1-20180125165838
2018-01-25 16:59:10.326;RO;AS162-AS1-20180125165838
2018-01-25 16:59:11.637;SP;AS162-AS1-20180125165838
2018-01-25 16:59:13.249;SQ;AS162-AS1-20180125165913
2018-01-25 17:00:13.825;RO;AS162-AS1-20180125165913
2018-01-25 17:00:15.119;SP;AS162-AS1-20180125165913
2018-01-25 17:00:16.720;SQ;AS162-AS1-20180125170016
2018-01-25 17:00:16.876;RC;AS162-AS1-20180125165838
2018-01-25 17:00:17.694;SS;AS162-AS1-20180125165838
2018-01-25 17:00:50.356;RC;AS162-AS1-20180125165913
2018-01-25 17:00:51.161;SS;AS162-AS1-20180125165913
2018-01-25 17:01:24.915;RO;AS162-AS1-20180125170016
2018-01-25 17:01:26.117;SP;AS162-AS1-20180125170016
2018-01-25 17:01:27.733;SQ;AS162-AS1-20180125170127
2018-01-25 17:01:32.365;RU;AS162-AS1-20180125165838
2018-01-25 17:01:46.399;VU;AS162-AS1-20180125165838
2018-01-25 17:02:04.034;RU;AS162-AS1-20180125165913
2018-01-25 17:02:04.037;RC;AS162-AS1-20180125170016
2018-01-25 17:02:05.690;SS;AS162-AS1-20180125170016
2018-01-25 17:02:06.692;VU;AS162-AS1-20180125165913
2018-01-25 17:02:39.223;RO;AS162-AS1-20180125170127
2018-01-25 17:02:41.062;SP;AS162-AS1-20180125170127
2018-01-25 17:02:44.444;SQ;AS162-AS1-20180125170244
2018-01-25 17:03:17.299;RU;AS162-AS1-20180125170016
2018-01-25 17:03:23.368;RC;AS162-AS1-20180125170127
2018-01-25 17:03:24.339;SS;AS162-AS1-20180125170127
2018-01-25 17:03:50.334;VU;AS162-AS1-20180125170016
2018-01-25 17:03:55.193;RO;AS162-AS1-20180125170244
2018-01-25 17:03:56.323;SP;AS162-AS1-20180125170244
2018-01-25 17:03:57.932;SQ;AS162-AS1-20180125170357
2018-01-25 17:04:28.868;RC;AS162-AS1-20180125170244
2018-01-25 17:04:29.687;SS;AS162-AS1-20180125170244
2018-01-25 17:04:52.770;RU;AS162-AS1-20180125170127
2018-01-25 17:04:54.589;VU;AS162-AS1-20180125170127
2018-01-25 17:05:13.912;RO;AS162-AS1-20180125170357
2018-01-25 17:05:14.834;SP;AS162-AS1-20180125170357
2018-01-25 17:05:16.441;SQ;AS162-AS1-20180125170516
2018-01-25 17:05:51.720;RC;AS162-AS1-20180125170357
2018-01-25 17:05:52.532;SS;AS162-AS1-20180125170357
2018-01-25 17:05:52.814;RU;AS162-AS1-20180125170244
2018-01-25 17:05:54.640;VU;AS162-AS1-20180125170244
2018-01-25 17:06:24.635;RO;AS162-AS1-20180125170516
2018-01-25 17:06:25.840;SP;AS162-AS1-20180125170516
2018-01-25 17:06:27.468;SQ;AS162-AS1-20180125170627
2018-01-25 17:07:04.863;RU;AS162-AS1-20180125170357
2018-01-25 17:07:06.658;VU;AS162-AS1-20180125170357
2018-01-25 17:07:18.953;RC;AS162-AS1-20180125170516
2018-01-25 17:07:19.761;SS;AS162-AS1-20180125170516
2018-01-25 17:07:50.665;RO;AS162-AS1-20180125170627
2018-01-25 17:07:51.881;SP;AS162-AS1-20180125170627
2018-01-25 17:07:53.498;SQ;AS162-AS1-20180125170753
2018-01-25 17:08:18.919;RC;AS162-AS1-20180125170627
2018-01-25 17:08:19.725;SS;AS162-AS1-20180125170627
2018-01-25 17:08:36.025;RU;AS162-AS1-20180125170516
2018-01-25 17:08:55.464;VU;AS162-AS1-20180125170516
2018-01-25 17:08:59.217;RO;AS162-AS1-20180125170753
2018-01-25 17:09:00.418;SP;AS162-AS1-20180125170753
2018-01-25 17:09:02.062;SQ;AS162-AS1-20180125170902
2018-01-25 17:09:29.323;RU;AS162-AS1-20180125170627
2018-01-25 17:09:42.151;RC;AS162-AS1-20180125170753
2018-01-25 17:09:43.626;SS;AS162-AS1-20180125170753
2018-01-25 17:10:00.060;VU;AS162-AS1-20180125170627
2018-01-25 17:10:25.393;RO;AS162-AS1-20180125170902
2018-01-25 17:10:26.500;SP;AS162-AS1-20180125170902
2018-01-25 17:10:28.119;SQ;AS162-AS1-20180125171028
2018-01-25 17:10:58.047;RU;AS162-AS1-20180125170753
2018-01-25 17:10:59.890;VU;AS162-AS1-20180125170753
2018-01-25 17:11:17.411;RC;AS162-AS1-20180125170902
2018-01-25 17:11:18.206;SS;AS162-AS1-20180125170902
2018-01-25 17:11:53.525;RO;AS162-AS1-20180125171028
2018-01-25 17:11:54.509;SP;AS162-AS1-20180125171028
2018-01-25 17:11:56.997;SQ;AS162-AS1-20180125171156
2018-01-25 17:12:35.595;RC;AS162-AS1-20180125171028
2018-01-25 17:12:36.416;SS;AS162-AS1-20180125171028
2018-01-25 17:12:36.624;RU;AS162-AS1-20180125170902
2018-01-25 17:12:38.423;VU;AS162-AS1-20180125170902
2018-01-25 17:13:10.130;RO;AS162-AS1-20180125171156
2018-01-25 17:13:11.393;SP;AS162-AS1-20180125171156
2018-01-25 17:13:13.029;SQ;AS162-AS1-20180125171313
2018-01-25 17:13:48.666;RU;AS162-AS1-20180125171028
2018-01-25 17:13:53.514;RC;AS162-AS1-20180125171156
2018-01-25 17:13:54.565;SS;AS162-AS1-20180125171156
2018-01-25 17:14:09.295;VU;AS162-AS1-20180125171028
2018-01-25 17:14:24.947;RO;AS162-AS1-20180125171313
2018-01-25 17:14:25.930;SP;AS162-AS1-20180125171313
2018-01-25 17:14:27.568;SQ;AS162-AS1-20180125171427
2018-01-25 17:15:01.651;RC;AS162-AS1-20180125171313
2018-01-25 17:15:02.459;SS;AS162-AS1-20180125171313
2018-01-25 17:15:16.917;RU;AS162-AS1-20180125171156
2018-01-25 17:15:18.731;VU;AS162-AS1-20180125171156
2018-01-25 17:15:42.732;RO;AS162-AS1-20180125171427
2018-01-25 17:15:43.970;SP;AS162-AS1-20180125171427
2018-01-25 17:15:45.613;SQ;AS162-AS1-20180125171545
2018-01-25 17:16:16.134;RC;AS162-AS1-20180125171427
2018-01-25 17:16:16.943;SS;AS162-AS1-20180125171427
2018-01-25 17:16:40.106;RU;AS162-AS1-20180125171313
2018-01-25 17:16:41.907;VU;AS162-AS1-20180125171313
