2018-01-25 16:58:53.931;SQ;AS170-AS1-20180125165853
2018-01-25 16:59:43.329;RO;AS170-AS1-20180125165853
2018-01-25 16:59:44.285;SP;AS170-AS1-20180125165853
2018-01-25 16:59:45.853;SQ;AS170-AS1-20180125165945
2018-01-25 17:00:19.919;RC;AS170-AS1-20180125165853
2018-01-25 17:00:20.718;SS;AS170-AS1-20180125165853
2018-01-25 17:00:49.776;RO;AS170-AS1-20180125165945
2018-01-25 17:00:50.730;SP;AS170-AS1-20180125165945
2018-01-25 17:00:52.318;SQ;AS170-AS1-20180125170052
2018-01-25 17:01:30.059;RC;AS170-AS1-20180125165945
2018-01-25 17:01:30.812;SS;AS170-AS1-20180125165945
2018-01-25 17:01:47.358;RU;AS170-AS1-20180125165853
2018-01-25 17:01:49.115;VU;AS170-AS1-20180125165853
2018-01-25 17:02:04.043;RO;AS170-AS1-20180125170052
2018-01-25 17:02:05.168;SP;AS170-AS1-20180125170052
2018-01-25 17:02:06.745;SQ;AS170-AS1-20180125170206
2018-01-25 17:02:42.049;RC;AS170-AS1-20180125170052
2018-01-25 17:02:43.409;SS;AS170-AS1-20180125170052
2018-01-25 17:02:47.451;RU;AS170-AS1-20180125165945
2018-01-25 17:02:49.242;VU;AS170-AS1-20180125165945
2018-01-25 17:03:25.384;RO;AS170-AS1-20180125170206
2018-01-25 17:03:26.604;SP;AS170-AS1-20180125170206
2018-01-25 17:03:28.162;SQ;AS170-AS1-20180125170328
2018-01-25 17:04:10.557;RC;AS170-AS1-20180125170206
2018-01-25 17:04:10.831;RU;AS170-AS1-20180125170052
2018-01-25 17:04:11.791;SS;AS170-AS1-20180125170206
2018-01-25 17:04:13.133;VU;AS170-AS1-20180125170052
2018-01-25 17:04:42.011;RO;AS170-AS1-20180125170328
2018-01-25 17:04:43.909;SP;AS170-AS1-20180125170328
2018-01-25 17:04:47.179;SQ;AS170-AS1-20180125170447
2018-01-25 17:05:18.577;RC;AS170-AS1-20180125170328
2018-01-25 17:05:19.372;SS;AS170-AS1-20180125170328
2018-01-25 17:05:25.926;RU;AS170-AS1-20180125170206
2018-01-25 17:05:52.194;VU;AS170-AS1-20180125170206
2018-01-25 17:05:56.796;RO;AS170-AS1-20180125170447
2018-01-25 17:05:58.058;SP;AS170-AS1-20180125170447
2018-01-25 17:05:59.604;SQ;AS170-AS1-20180125170559
2018-01-25 17:06:27.091;RU;AS170-AS1-20180125170328
2018-01-25 17:06:30.572;RC;AS170-AS1-20180125170447
2018-01-25 17:06:32.012;SS;AS170-AS1-20180125170447
2018-01-25 17:06:52.271;VU;AS170-AS1-20180125170328
2018-01-25 17:07:00.415;RO;AS170-AS1-20180125170559
2018-01-25 17:07:01.459;SP;AS170-AS1-20180125170559
2018-01-25 17:07:03.056;SQ;AS170-AS1-20180125170703
2018-01-25 17:07:51.119;RU;AS170-AS1-20180125170447
2018-01-25 17:07:52.909;VU;AS170-AS1-20180125170447
2018-01-25 17:08:18.015;RC;AS170-AS1-20180125170559
2018-01-25 17:08:18.496;RO;AS170-AS1-20180125170703
2018-01-25 17:08:18.919;SS;AS170-AS1-20180125170559
2018-01-25 17:08:19.552;SP;AS170-AS1-20180125170703
2018-01-25 17:08:21.088;SQ;AS170-AS1-20180125170821
2018-01-25 17:08:54.098;RC;AS170-AS1-20180125170703
2018-01-25 17:08:54.861;SS;AS170-AS1-20180125170703
2018-01-25 17:09:29.962;RU;AS170-AS1-20180125170559
2018-01-25 17:09:52.546;RO;AS170-AS1-20180125170821
2018-01-25 17:09:55.550;SP;AS170-AS1-20180125170821
2018-01-25 17:10:00.723;SQ;AS170-AS1-20180125171000
2018-01-25 17:10:02.327;VU;AS170-AS1-20180125170559
2018-01-25 17:10:09.652;RU;AS170-AS1-20180125170703
2018-01-25 17:10:11.438;VU;AS170-AS1-20180125170703
2018-01-25 17:10:32.873;RC;AS170-AS1-20180125170821
2018-01-25 17:10:33.644;SS;AS170-AS1-20180125170821
2018-01-25 17:11:19.078;RO;AS170-AS1-20180125171000
2018-01-25 17:11:20.096;SP;AS170-AS1-20180125171000
2018-01-25 17:11:21.650;SQ;AS170-AS1-20180125171121
2018-01-25 17:11:42.172;RU;AS170-AS1-20180125170821
2018-01-25 17:12:02.602;RC;AS170-AS1-20180125171000
2018-01-25 17:12:06.146;SS;AS170-AS1-20180125171000
2018-01-25 17:12:07.590;VU;AS170-AS1-20180125170821
2018-01-25 17:12:40.992;RO;AS170-AS1-20180125171121
2018-01-25 17:12:42.041;SP;AS170-AS1-20180125171121
2018-01-25 17:12:43.600;SQ;AS170-AS1-20180125171243
2018-01-25 17:13:30.369;RU;AS170-AS1-20180125171000
2018-01-25 17:13:32.086;RC;AS170-AS1-20180125171121
2018-01-25 17:13:32.161;VU;AS170-AS1-20180125171000
2018-01-25 17:13:32.887;SS;AS170-AS1-20180125171121
2018-01-25 17:14:45.837;RU;AS170-AS1-20180125171121
2018-01-25 17:15:15.624;RO;AS170-AS1-20180125171243
2018-01-25 17:15:15.766;VU;AS170-AS1-20180125171121
2018-01-25 17:15:16.580;SP;AS170-AS1-20180125171243
2018-01-25 17:15:18.114;SQ;AS170-AS1-20180125171518
2018-01-25 17:15:43.860;RC;AS170-AS1-20180125171243
2018-01-25 17:15:44.644;SS;AS170-AS1-20180125171243
2018-01-25 17:16:07.745;RO;AS170-AS1-20180125171518
2018-01-25 17:16:09.867;SP;AS170-AS1-20180125171518
2018-01-25 17:16:13.327;SQ;AS170-AS1-20180125171613
2018-01-25 17:16:48.403;RC;AS170-AS1-20180125171518
2018-01-25 17:16:49.196;SS;AS170-AS1-20180125171518
2018-01-25 17:16:59.978;RU;AS170-AS1-20180125171243
2018-01-25 17:17:16.913;VU;AS170-AS1-20180125171243
