2018-01-25 16:58:35.544;SQ;AS172-AS1-20180125165835
2018-01-25 16:59:01.977;RO;AS172-AS1-20180125165835
2018-01-25 16:59:02.942;SP;AS172-AS1-20180125165835
2018-01-25 16:59:04.631;SQ;AS172-AS1-20180125165904
2018-01-25 16:59:21.388;RC;AS172-AS1-20180125165835
2018-01-25 16:59:22.254;SS;AS172-AS1-20180125165835
2018-01-25 16:59:58.218;RO;AS172-AS1-20180125165904
2018-01-25 16:59:59.563;SP;AS172-AS1-20180125165904
2018-01-25 17:00:01.264;SQ;AS172-AS1-20180125170001
2018-01-25 17:00:24.794;RU;AS172-AS1-20180125165835
2018-01-25 17:00:33.802;RC;AS172-AS1-20180125165904
2018-01-25 17:00:35.127;SS;AS172-AS1-20180125165904
2018-01-25 17:00:47.267;VU;AS172-AS1-20180125165835
2018-01-25 17:01:11.548;RO;AS172-AS1-20180125170001
2018-01-25 17:01:12.699;SP;AS172-AS1-20180125170001
2018-01-25 17:01:14.373;SQ;AS172-AS1-20180125170114
2018-01-25 17:01:45.717;RC;AS172-AS1-20180125170001
2018-01-25 17:01:46.577;SS;AS172-AS1-20180125170001
2018-01-25 17:02:04.008;RU;AS172-AS1-20180125165904
2018-01-25 17:02:05.860;VU;AS172-AS1-20180125165904
2018-01-25 17:02:20.469;RO;AS172-AS1-20180125170114
2018-01-25 17:02:21.780;SP;AS172-AS1-20180125170114
2018-01-25 17:02:23.482;SQ;AS172-AS1-20180125170223
2018-01-25 17:02:43.209;RU;AS172-AS1-20180125170001
2018-01-25 17:02:45.059;VU;AS172-AS1-20180125170001
2018-01-25 17:03:04.262;RC;AS172-AS1-20180125170114
2018-01-25 17:03:05.103;SS;AS172-AS1-20180125170114
2018-01-25 17:04:20.493;RU;AS172-AS1-20180125170114
2018-01-25 17:04:26.900;RO;AS172-AS1-20180125170223
2018-01-25 17:04:28.035;SP;AS172-AS1-20180125170223
2018-01-25 17:04:30.547;SQ;AS172-AS1-20180125170430
2018-01-25 17:04:49.916;VU;AS172-AS1-20180125170114
2018-01-25 17:05:11.727;RC;AS172-AS1-20180125170223
2018-01-25 17:05:12.568;SS;AS172-AS1-20180125170223
2018-01-25 17:05:47.836;RO;AS172-AS1-20180125170430
2018-01-25 17:05:49.181;SP;AS172-AS1-20180125170430
2018-01-25 17:05:50.867;SQ;AS172-AS1-20180125170550
2018-01-25 17:06:17.981;RC;AS172-AS1-20180125170430
2018-01-25 17:06:18.843;SS;AS172-AS1-20180125170430
2018-01-25 17:06:22.348;RU;AS172-AS1-20180125170223
2018-01-25 17:06:53.292;VU;AS172-AS1-20180125170223
2018-01-25 17:06:59.017;RO;AS172-AS1-20180125170550
2018-01-25 17:07:00.324;SP;AS172-AS1-20180125170550
2018-01-25 17:07:01.981;SQ;AS172-AS1-20180125170701
2018-01-25 17:07:31.435;RU;AS172-AS1-20180125170430
2018-01-25 17:07:38.206;RC;AS172-AS1-20180125170550
2018-01-25 17:07:39.293;SS;AS172-AS1-20180125170550
2018-01-25 17:07:55.431;VU;AS172-AS1-20180125170430
2018-01-25 17:08:18.502;RO;AS172-AS1-20180125170701
2018-01-25 17:08:19.418;SP;AS172-AS1-20180125170701
2018-01-25 17:08:21.094;SQ;AS172-AS1-20180125170821
2018-01-25 17:08:51.413;RC;AS172-AS1-20180125170701
2018-01-25 17:08:52.841;SS;AS172-AS1-20180125170701
2018-01-25 17:08:57.998;RU;AS172-AS1-20180125170550
2018-01-25 17:08:59.850;VU;AS172-AS1-20180125170550
2018-01-25 17:09:49.786;RO;AS172-AS1-20180125170821
2018-01-25 17:09:51.982;SP;AS172-AS1-20180125170821
2018-01-25 17:09:55.633;SQ;AS172-AS1-20180125170955
2018-01-25 17:10:06.416;RU;AS172-AS1-20180125170701
2018-01-25 17:10:08.263;VU;AS172-AS1-20180125170701
2018-01-25 17:10:24.982;RC;AS172-AS1-20180125170821
2018-01-25 17:10:25.809;SS;AS172-AS1-20180125170821
2018-01-25 17:11:04.963;RO;AS172-AS1-20180125170955
2018-01-25 17:11:06.048;SP;AS172-AS1-20180125170955
2018-01-25 17:11:07.758;SQ;AS172-AS1-20180125171107
2018-01-25 17:11:38.846;RC;AS172-AS1-20180125170955
2018-01-25 17:11:39.710;SS;AS172-AS1-20180125170955
2018-01-25 17:12:01.120;RU;AS172-AS1-20180125170821
2018-01-25 17:12:04.418;VU;AS172-AS1-20180125170821
2018-01-25 17:12:17.205;RO;AS172-AS1-20180125171107
2018-01-25 17:12:18.156;SP;AS172-AS1-20180125171107
2018-01-25 17:12:19.847;SQ;AS172-AS1-20180125171219
2018-01-25 17:12:46.314;RC;AS172-AS1-20180125171107
2018-01-25 17:12:47.146;SS;AS172-AS1-20180125171107
2018-01-25 17:13:09.476;RO;AS172-AS1-20180125171219
2018-01-25 17:13:10.737;SP;AS172-AS1-20180125171219
2018-01-25 17:13:12.450;SQ;AS172-AS1-20180125171312
2018-01-25 17:13:28.683;RU;AS172-AS1-20180125170955
2018-01-25 17:13:30.512;VU;AS172-AS1-20180125170955
2018-01-25 17:13:48.372;RC;AS172-AS1-20180125171219
2018-01-25 17:13:49.220;SS;AS172-AS1-20180125171219
2018-01-25 17:14:24.890;RU;AS172-AS1-20180125171107
2018-01-25 17:14:25.768;RO;AS172-AS1-20180125171312
2018-01-25 17:14:26.746;VU;AS172-AS1-20180125171107
2018-01-25 17:14:26.891;SP;AS172-AS1-20180125171312
2018-01-25 17:14:28.576;SQ;AS172-AS1-20180125171428
2018-01-25 17:15:04.167;RC;AS172-AS1-20180125171312
2018-01-25 17:15:05.718;SS;AS172-AS1-20180125171312
2018-01-25 17:15:10.944;RU;AS172-AS1-20180125171219
2018-01-25 17:15:14.075;VU;AS172-AS1-20180125171219
2018-01-25 17:15:43.938;RO;AS172-AS1-20180125171428
2018-01-25 17:15:45.005;SP;AS172-AS1-20180125171428
2018-01-25 17:15:46.673;SQ;AS172-AS1-20180125171546
2018-01-25 17:16:17.990;RC;AS172-AS1-20180125171428
2018-01-25 17:16:18.822;SS;AS172-AS1-20180125171428
2018-01-25 17:16:40.681;RU;AS172-AS1-20180125171312
2018-01-25 17:16:42.542;VU;AS172-AS1-20180125171312
