2018-01-25 16:58:26.618;SQ;AS188-AS1-20180125165826
2018-01-25 16:58:27.796;RO;AS188-AS1-20180125165826
2018-01-25 16:58:28.908;SP;AS188-AS1-20180125165826
2018-01-25 16:58:29.561;RC;AS188-AS1-20180125165826
2018-01-25 16:58:31.177;SS;AS188-AS1-20180125165826
2018-01-25 16:58:31.311;SQ;AS188-AS1-20180125165831
2018-01-25 16:58:49.329;RO;AS188-AS1-20180125165831
2018-01-25 16:58:50.137;SP;AS188-AS1-20180125165831
2018-01-25 16:58:51.758;SQ;AS188-AS1-20180125165851
2018-01-25 16:58:54.514;RU;AS188-AS1-20180125165826
2018-01-25 16:59:05.500;RC;AS188-AS1-20180125165831
2018-01-25 16:59:06.922;SS;AS188-AS1-20180125165831
2018-01-25 16:59:38.961;VU;AS188-AS1-20180125165826
2018-01-25 16:59:39.486;RO;AS188-AS1-20180125165851
2018-01-25 16:59:40.621;SP;AS188-AS1-20180125165851
2018-01-25 16:59:42.174;SQ;AS188-AS1-20180125165942
2018-01-25 17:00:05.342;RU;AS188-AS1-20180125165831
2018-01-25 17:00:07.134;VU;AS188-AS1-20180125165831
2018-01-25 17:00:10.422;RC;AS188-AS1-20180125165851
2018-01-25 17:00:11.226;SS;AS188-AS1-20180125165851
2018-01-25 17:00:36.707;RO;AS188-AS1-20180125165942
2018-01-25 17:00:38.408;SP;AS188-AS1-20180125165942
2018-01-25 17:00:41.872;SQ;AS188-AS1-20180125170041
2018-01-25 17:01:13.146;RC;AS188-AS1-20180125165942
2018-01-25 17:01:13.953;SS;AS188-AS1-20180125165942
2018-01-25 17:01:18.591;RU;AS188-AS1-20180125165851
2018-01-25 17:01:46.931;VU;AS188-AS1-20180125165851
2018-01-25 17:02:22.046;RO;AS188-AS1-20180125170041
2018-01-25 17:02:23.313;SP;AS188-AS1-20180125170041
2018-01-25 17:02:24.859;SQ;AS188-AS1-20180125170224
2018-01-25 17:02:36.345;RU;AS188-AS1-20180125165942
2018-01-25 17:02:46.144;VU;AS188-AS1-20180125165942
2018-01-25 17:03:10.372;RC;AS188-AS1-20180125170041
2018-01-25 17:03:11.179;SS;AS188-AS1-20180125170041
2018-01-25 17:03:43.572;RO;AS188-AS1-20180125170224
2018-01-25 17:03:45.645;SP;AS188-AS1-20180125170224
2018-01-25 17:03:48.590;SQ;AS188-AS1-20180125170348
2018-01-25 17:04:15.838;RC;AS188-AS1-20180125170224
2018-01-25 17:04:16.628;SS;AS188-AS1-20180125170224
2018-01-25 17:04:27.397;RU;AS188-AS1-20180125170041
2018-01-25 17:04:49.837;VU;AS188-AS1-20180125170041
2018-01-25 17:05:08.590;RO;AS188-AS1-20180125170348
2018-01-25 17:05:09.504;SP;AS188-AS1-20180125170348
2018-01-25 17:05:11.105;SQ;AS188-AS1-20180125170511
2018-01-25 17:05:20.872;RU;AS188-AS1-20180125170224
2018-01-25 17:05:52.429;RC;AS188-AS1-20180125170348
2018-01-25 17:05:52.671;VU;AS188-AS1-20180125170224
2018-01-25 17:05:53.232;SS;AS188-AS1-20180125170348
2018-01-25 17:06:23.724;RO;AS188-AS1-20180125170511
2018-01-25 17:06:24.987;SP;AS188-AS1-20180125170511
2018-01-25 17:06:26.595;SQ;AS188-AS1-20180125170626
2018-01-25 17:07:19.139;RC;AS188-AS1-20180125170511
2018-01-25 17:07:19.139;RU;AS188-AS1-20180125170348
2018-01-25 17:07:20.746;SS;AS188-AS1-20180125170511
2018-01-25 17:07:21.745;VU;AS188-AS1-20180125170348
2018-01-25 17:07:52.894;RO;AS188-AS1-20180125170626
2018-01-25 17:07:53.971;SP;AS188-AS1-20180125170626
2018-01-25 17:07:55.555;SQ;AS188-AS1-20180125170755
2018-01-25 17:08:30.857;RC;AS188-AS1-20180125170626
2018-01-25 17:08:31.662;SS;AS188-AS1-20180125170626
2018-01-25 17:08:38.275;RU;AS188-AS1-20180125170511
2018-01-25 17:08:55.207;RO;AS188-AS1-20180125170755
2018-01-25 17:08:57.163;SP;AS188-AS1-20180125170755
2018-01-25 17:08:59.378;SQ;AS188-AS1-20180125170859
2018-01-25 17:09:26.705;RC;AS188-AS1-20180125170755
2018-01-25 17:09:27.537;SS;AS188-AS1-20180125170755
2018-01-25 17:10:04.967;RU;AS188-AS1-20180125170626
2018-01-25 17:10:07.164;VU;AS188-AS1-20180125170626
2018-01-25 17:10:21.893;RO;AS188-AS1-20180125170859
2018-01-25 17:10:23.555;SP;AS188-AS1-20180125170859
2018-01-25 17:10:25.752;SQ;AS188-AS1-20180125171025
2018-01-25 17:10:41.462;RU;AS188-AS1-20180125170755
2018-01-25 17:11:01.728;VU;AS188-AS1-20180125170755
2018-01-25 17:11:04.928;RC;AS188-AS1-20180125170859
2018-01-25 17:11:06.410;SS;AS188-AS1-20180125170859
2018-01-25 17:11:43.422;RO;AS188-AS1-20180125171025
2018-01-25 17:11:44.929;SP;AS188-AS1-20180125171025
2018-01-25 17:11:47.318;SQ;AS188-AS1-20180125171147
2018-01-25 17:12:10.766;RU;AS188-AS1-20180125170859
2018-01-25 17:12:13.211;VU;AS188-AS1-20180125170859
2018-01-25 17:12:19.328;RC;AS188-AS1-20180125171025
2018-01-25 17:12:20.304;SS;AS188-AS1-20180125171025
2018-01-25 17:13:09.513;RO;AS188-AS1-20180125171147
2018-01-25 17:13:10.798;SP;AS188-AS1-20180125171147
2018-01-25 17:13:13.175;SQ;AS188-AS1-20180125171313
2018-01-25 17:13:32.306;RU;AS188-AS1-20180125171025
2018-01-25 17:13:34.158;VU;AS188-AS1-20180125171025
2018-01-25 17:13:51.159;RC;AS188-AS1-20180125171147
2018-01-25 17:13:52.536;SS;AS188-AS1-20180125171147
2018-01-25 17:14:24.991;RO;AS188-AS1-20180125171313
2018-01-25 17:14:26.574;SP;AS188-AS1-20180125171313
2018-01-25 17:14:29.005;SQ;AS188-AS1-20180125171429
2018-01-25 17:15:06.316;RC;AS188-AS1-20180125171313
2018-01-25 17:15:09.591;SS;AS188-AS1-20180125171313
2018-01-25 17:15:18.962;RU;AS188-AS1-20180125171147
2018-01-25 17:15:20.739;VU;AS188-AS1-20180125171147
2018-01-25 17:15:45.810;RO;AS188-AS1-20180125171429
2018-01-25 17:15:47.124;SP;AS188-AS1-20180125171429
2018-01-25 17:15:49.357;SQ;AS188-AS1-20180125171549
2018-01-25 17:16:40.364;RU;AS188-AS1-20180125171313
2018-01-25 17:16:42.307;VU;AS188-AS1-20180125171313
2018-01-25 17:16:43.908;RC;AS188-AS1-20180125171429
2018-01-25 17:16:45.056;SS;AS188-AS1-20180125171429
