2018-01-25 16:58:51.007;SQ;AS187-AS1-20180125165851
2018-01-25 17:00:16.227;RO;AS187-AS1-20180125165851
2018-01-25 17:00:17.444;SP;AS187-AS1-20180125165851
2018-01-25 17:00:19.090;SQ;AS187-AS1-20180125170019
2018-01-25 17:00:53.257;RC;AS187-AS1-20180125165851
2018-01-25 17:00:54.081;SS;AS187-AS1-20180125165851
2018-01-25 17:01:32.377;RO;AS187-AS1-20180125170019
2018-01-25 17:01:33.507;SP;AS187-AS1-20180125170019
2018-01-25 17:01:35.174;SQ;AS187-AS1-20180125170135
2018-01-25 17:02:14.908;RU;AS187-AS1-20180125165851
2018-01-25 17:02:16.179;RC;AS187-AS1-20180125170019
2018-01-25 17:02:16.743;VU;AS187-AS1-20180125165851
2018-01-25 17:02:16.997;SS;AS187-AS1-20180125170019
2018-01-25 17:02:43.237;RO;AS187-AS1-20180125170135
2018-01-25 17:02:44.064;SP;AS187-AS1-20180125170135
2018-01-25 17:02:45.672;SQ;AS187-AS1-20180125170245
2018-01-25 17:03:25.386;RC;AS187-AS1-20180125170135
2018-01-25 17:03:26.240;SS;AS187-AS1-20180125170135
2018-01-25 17:03:44.595;RU;AS187-AS1-20180125170019
2018-01-25 17:03:47.254;VU;AS187-AS1-20180125170019
2018-01-25 17:04:10.330;RO;AS187-AS1-20180125170245
2018-01-25 17:04:11.586;SP;AS187-AS1-20180125170245
2018-01-25 17:04:13.248;SQ;AS187-AS1-20180125170413
2018-01-25 17:04:51.498;RC;AS187-AS1-20180125170245
2018-01-25 17:04:51.651;RU;AS187-AS1-20180125170135
2018-01-25 17:04:52.953;SS;AS187-AS1-20180125170245
2018-01-25 17:04:54.160;VU;AS187-AS1-20180125170135
2018-01-25 17:05:38.315;RO;AS187-AS1-20180125170413
2018-01-25 17:05:39.162;SP;AS187-AS1-20180125170413
2018-01-25 17:05:40.817;SQ;AS187-AS1-20180125170540
2018-01-25 17:06:16.679;RC;AS187-AS1-20180125170413
2018-01-25 17:06:17.526;SS;AS187-AS1-20180125170413
2018-01-25 17:06:18.114;RU;AS187-AS1-20180125170245
2018-01-25 17:06:19.952;VU;AS187-AS1-20180125170245
2018-01-25 17:06:50.715;RO;AS187-AS1-20180125170540
2018-01-25 17:06:51.713;SP;AS187-AS1-20180125170540
2018-01-25 17:06:53.326;SQ;AS187-AS1-20180125170653
2018-01-25 17:07:20.856;RC;AS187-AS1-20180125170540
2018-01-25 17:07:21.683;SS;AS187-AS1-20180125170540
2018-01-25 17:07:23.562;RU;AS187-AS1-20180125170413
2018-01-25 17:07:54.364;VU;AS187-AS1-20180125170413
2018-01-25 17:08:17.920;RO;AS187-AS1-20180125170653
2018-01-25 17:08:18.782;SP;AS187-AS1-20180125170653
2018-01-25 17:08:20.458;SQ;AS187-AS1-20180125170820
2018-01-25 17:08:48.640;RC;AS187-AS1-20180125170653
2018-01-25 17:08:50.411;SS;AS187-AS1-20180125170653
2018-01-25 17:09:01.910;RU;AS187-AS1-20180125170540
2018-01-25 17:09:03.718;VU;AS187-AS1-20180125170540
2018-01-25 17:09:36.220;RO;AS187-AS1-20180125170820
2018-01-25 17:09:37.367;SP;AS187-AS1-20180125170820
2018-01-25 17:09:38.998;SQ;AS187-AS1-20180125170938
2018-01-25 17:10:03.779;RU;AS187-AS1-20180125170653
2018-01-25 17:10:05.592;VU;AS187-AS1-20180125170653
2018-01-25 17:10:20.116;RC;AS187-AS1-20180125170820
2018-01-25 17:10:20.924;SS;AS187-AS1-20180125170820
2018-01-25 17:10:58.124;RO;AS187-AS1-20180125170938
2018-01-25 17:10:59.420;SP;AS187-AS1-20180125170938
2018-01-25 17:11:01.056;SQ;AS187-AS1-20180125171101
2018-01-25 17:11:25.381;RU;AS187-AS1-20180125170820
2018-01-25 17:11:30.536;RC;AS187-AS1-20180125170938
2018-01-25 17:11:31.812;SS;AS187-AS1-20180125170938
2018-01-25 17:12:07.372;VU;AS187-AS1-20180125170820
2018-01-25 17:12:16.580;RO;AS187-AS1-20180125171101
2018-01-25 17:12:17.447;SP;AS187-AS1-20180125171101
2018-01-25 17:12:19.090;SQ;AS187-AS1-20180125171219
2018-01-25 17:12:46.663;RU;AS187-AS1-20180125170938
2018-01-25 17:12:50.013;RC;AS187-AS1-20180125171101
2018-01-25 17:12:51.327;SS;AS187-AS1-20180125171101
2018-01-25 17:13:07.361;VU;AS187-AS1-20180125170938
2018-01-25 17:13:32.116;RO;AS187-AS1-20180125171219
2018-01-25 17:13:33.003;SP;AS187-AS1-20180125171219
2018-01-25 17:13:34.680;SQ;AS187-AS1-20180125171334
2018-01-25 17:14:10.139;RC;AS187-AS1-20180125171219
2018-01-25 17:14:10.970;SS;AS187-AS1-20180125171219
2018-01-25 17:14:24.574;RU;AS187-AS1-20180125171101
2018-01-25 17:14:26.384;VU;AS187-AS1-20180125171101
2018-01-25 17:15:01.413;RO;AS187-AS1-20180125171334
2018-01-25 17:15:02.583;SP;AS187-AS1-20180125171334
2018-01-25 17:15:04.369;SQ;AS187-AS1-20180125171504
2018-01-25 17:15:21.549;RU;AS187-AS1-20180125171219
2018-01-25 17:15:23.382;VU;AS187-AS1-20180125171219
2018-01-25 17:15:42.739;RC;AS187-AS1-20180125171334
2018-01-25 17:15:43.551;SS;AS187-AS1-20180125171334
2018-01-25 17:16:04.482;RO;AS187-AS1-20180125171504
2018-01-25 17:16:06.617;SP;AS187-AS1-20180125171504
2018-01-25 17:16:10.216;SQ;AS187-AS1-20180125171610
2018-01-25 17:16:49.224;RC;AS187-AS1-20180125171504
2018-01-25 17:16:50.044;SS;AS187-AS1-20180125171504
2018-01-25 17:16:52.059;RU;AS187-AS1-20180125171334
2018-01-25 17:17:16.232;VU;AS187-AS1-20180125171334
