2018-01-25 16:58:35.874;SQ;AS18-AS1-20180125165835
2018-01-25 16:59:05.707;RO;AS18-AS1-20180125165835
2018-01-25 16:59:06.729;SP;AS18-AS1-20180125165835
2018-01-25 16:59:08.390;SQ;AS18-AS1-20180125165908
2018-01-25 16:59:30.574;RC;AS18-AS1-20180125165835
2018-01-25 16:59:31.389;SS;AS18-AS1-20180125165835
2018-01-25 17:00:10.582;RO;AS18-AS1-20180125165908
2018-01-25 17:00:11.803;SP;AS18-AS1-20180125165908
2018-01-25 17:00:13.451;SQ;AS18-AS1-20180125170013
2018-01-25 17:00:43.737;RU;AS18-AS1-20180125165835
2018-01-25 17:00:45.570;VU;AS18-AS1-20180125165835
2018-01-25 17:00:52.506;RC;AS18-AS1-20180125165908
2018-01-25 17:00:53.336;SS;AS18-AS1-20180125165908
2018-01-25 17:01:32.124;RO;AS18-AS1-20180125170013
2018-01-25 17:01:33.361;SP;AS18-AS1-20180125170013
2018-01-25 17:01:35.032;SQ;AS18-AS1-20180125170135
2018-01-25 17:02:04.022;RU;AS18-AS1-20180125165908
2018-01-25 17:02:05.870;VU;AS18-AS1-20180125165908
2018-01-25 17:02:12.742;RC;AS18-AS1-20180125170013
2018-01-25 17:02:13.566;SS;AS18-AS1-20180125170013
2018-01-25 17:02:47.509;RO;AS18-AS1-20180125170135
2018-01-25 17:02:48.414;SP;AS18-AS1-20180125170135
2018-01-25 17:02:50.020;SQ;AS18-AS1-20180125170250
2018-01-25 17:03:31.943;RC;AS18-AS1-20180125170135
2018-01-25 17:03:32.758;SS;AS18-AS1-20180125170135
2018-01-25 17:03:36.683;RU;AS18-AS1-20180125170013
2018-01-25 17:03:49.483;VU;AS18-AS1-20180125170013
2018-01-25 17:04:10.203;RO;AS18-AS1-20180125170250
2018-01-25 17:04:11.466;SP;AS18-AS1-20180125170250
2018-01-25 17:04:13.119;SQ;AS18-AS1-20180125170413
2018-01-25 17:04:48.245;RC;AS18-AS1-20180125170250
2018-01-25 17:04:49.089;SS;AS18-AS1-20180125170250
2018-01-25 17:04:50.848;RU;AS18-AS1-20180125170135
2018-01-25 17:04:52.652;VU;AS18-AS1-20180125170135
2018-01-25 17:05:14.708;RO;AS18-AS1-20180125170413
2018-01-25 17:05:16.022;SP;AS18-AS1-20180125170413
2018-01-25 17:05:17.623;SQ;AS18-AS1-20180125170517
2018-01-25 17:05:58.017;RC;AS18-AS1-20180125170413
2018-01-25 17:05:58.842;SS;AS18-AS1-20180125170413
2018-01-25 17:06:17.014;RU;AS18-AS1-20180125170250
2018-01-25 17:06:18.819;VU;AS18-AS1-20180125170250
2018-01-25 17:06:25.492;RO;AS18-AS1-20180125170517
2018-01-25 17:06:26.528;SP;AS18-AS1-20180125170517
2018-01-25 17:06:28.172;SQ;AS18-AS1-20180125170628
2018-01-25 17:07:04.346;RU;AS18-AS1-20180125170413
2018-01-25 17:07:06.176;VU;AS18-AS1-20180125170413
2018-01-25 17:07:19.126;RC;AS18-AS1-20180125170517
2018-01-25 17:07:19.931;SS;AS18-AS1-20180125170517
2018-01-25 17:08:01.596;RO;AS18-AS1-20180125170628
2018-01-25 17:08:02.631;SP;AS18-AS1-20180125170628
2018-01-25 17:08:04.246;SQ;AS18-AS1-20180125170804
2018-01-25 17:08:35.536;RU;AS18-AS1-20180125170517
2018-01-25 17:08:35.761;RC;AS18-AS1-20180125170628
2018-01-25 17:08:37.168;SS;AS18-AS1-20180125170628
2018-01-25 17:08:55.594;VU;AS18-AS1-20180125170517
2018-01-25 17:09:17.762;RO;AS18-AS1-20180125170804
2018-01-25 17:09:18.645;SP;AS18-AS1-20180125170804
2018-01-25 17:09:20.266;SQ;AS18-AS1-20180125170920
2018-01-25 17:09:54.846;RC;AS18-AS1-20180125170804
2018-01-25 17:09:56.200;SS;AS18-AS1-20180125170804
2018-01-25 17:10:02.534;RU;AS18-AS1-20180125170628
2018-01-25 17:10:04.372;VU;AS18-AS1-20180125170628
2018-01-25 17:10:36.835;RO;AS18-AS1-20180125170920
2018-01-25 17:10:37.672;SP;AS18-AS1-20180125170920
2018-01-25 17:10:39.279;SQ;AS18-AS1-20180125171039
2018-01-25 17:10:58.927;RU;AS18-AS1-20180125170804
2018-01-25 17:11:00.754;VU;AS18-AS1-20180125170804
2018-01-25 17:11:17.649;RC;AS18-AS1-20180125170920
2018-01-25 17:11:18.452;SS;AS18-AS1-20180125170920
2018-01-25 17:11:47.217;RO;AS18-AS1-20180125171039
2018-01-25 17:11:48.168;SP;AS18-AS1-20180125171039
2018-01-25 17:11:49.812;SQ;AS18-AS1-20180125171149
2018-01-25 17:12:17.490;RC;AS18-AS1-20180125171039
2018-01-25 17:12:18.311;SS;AS18-AS1-20180125171039
2018-01-25 17:12:38.388;RU;AS18-AS1-20180125170920
2018-01-25 17:13:04.228;RO;AS18-AS1-20180125171149
2018-01-25 17:13:06.950;SP;AS18-AS1-20180125171149
2018-01-25 17:13:08.362;VU;AS18-AS1-20180125170920
2018-01-25 17:13:08.806;SQ;AS18-AS1-20180125171308
2018-01-25 17:13:30.734;RU;AS18-AS1-20180125171039
2018-01-25 17:13:32.537;VU;AS18-AS1-20180125171039
2018-01-25 17:13:44.901;RC;AS18-AS1-20180125171149
2018-01-25 17:13:45.744;SS;AS18-AS1-20180125171149
2018-01-25 17:14:25.087;RO;AS18-AS1-20180125171308
2018-01-25 17:14:26.205;SP;AS18-AS1-20180125171308
2018-01-25 17:14:27.853;SQ;AS18-AS1-20180125171427
2018-01-25 17:15:05.426;RC;AS18-AS1-20180125171308
2018-01-25 17:15:07.185;SS;AS18-AS1-20180125171308
2018-01-25 17:15:08.015;RU;AS18-AS1-20180125171149
2018-01-25 17:15:15.778;VU;AS18-AS1-20180125171149
2018-01-25 17:15:43.176;RO;AS18-AS1-20180125171427
2018-01-25 17:15:44.260;SP;AS18-AS1-20180125171427
2018-01-25 17:15:45.899;SQ;AS18-AS1-20180125171545
2018-01-25 17:16:12.922;RC;AS18-AS1-20180125171427
2018-01-25 17:16:13.763;SS;AS18-AS1-20180125171427
2018-01-25 17:16:40.265;RU;AS18-AS1-20180125171308
2018-01-25 17:16:42.072;VU;AS18-AS1-20180125171308
