2018-01-25 16:58:33.314;SQ;AS199-AS1-20180125165833
2018-01-25 16:58:55.864;RO;AS199-AS1-20180125165833
2018-01-25 16:58:57.195;SP;AS199-AS1-20180125165833
2018-01-25 16:58:58.901;SQ;AS199-AS1-20180125165858
2018-01-25 16:59:18.214;RC;AS199-AS1-20180125165833
2018-01-25 16:59:19.078;SS;AS199-AS1-20180125165833
2018-01-25 17:00:20.274;RU;AS199-AS1-20180125165833
2018-01-25 17:00:46.171;VU;AS199-AS1-20180125165833
2018-01-25 17:00:55.376;RO;AS199-AS1-20180125165858
2018-01-25 17:00:56.409;SP;AS199-AS1-20180125165858
2018-01-25 17:00:58.140;SQ;AS199-AS1-20180125170058
2018-01-25 17:01:23.239;RC;AS199-AS1-20180125165858
2018-01-25 17:01:24.077;SS;AS199-AS1-20180125165858
2018-01-25 17:02:05.892;RO;AS199-AS1-20180125170058
2018-01-25 17:02:07.055;SP;AS199-AS1-20180125170058
2018-01-25 17:02:08.776;SQ;AS199-AS1-20180125170208
2018-01-25 17:02:37.584;RU;AS199-AS1-20180125165858
2018-01-25 17:02:45.981;VU;AS199-AS1-20180125165858
2018-01-25 17:03:02.640;RC;AS199-AS1-20180125170058
2018-01-25 17:03:03.491;SS;AS199-AS1-20180125170058
2018-01-25 17:04:10.584;RO;AS199-AS1-20180125170208
2018-01-25 17:04:11.769;SP;AS199-AS1-20180125170208
2018-01-25 17:04:13.497;SQ;AS199-AS1-20180125170413
2018-01-25 17:04:13.700;RU;AS199-AS1-20180125170058
2018-01-25 17:04:15.548;VU;AS199-AS1-20180125170058
2018-01-25 17:04:49.877;RC;AS199-AS1-20180125170208
2018-01-25 17:04:50.710;SS;AS199-AS1-20180125170208
2018-01-25 17:05:35.456;RO;AS199-AS1-20180125170413
2018-01-25 17:05:36.427;SP;AS199-AS1-20180125170413
2018-01-25 17:05:38.175;SQ;AS199-AS1-20180125170538
2018-01-25 17:06:14.673;RU;AS199-AS1-20180125170208
2018-01-25 17:06:16.554;VU;AS199-AS1-20180125170208
2018-01-25 17:06:17.968;RC;AS199-AS1-20180125170413
2018-01-25 17:06:18.807;SS;AS199-AS1-20180125170413
2018-01-25 17:06:49.604;RO;AS199-AS1-20180125170538
2018-01-25 17:06:50.606;SP;AS199-AS1-20180125170538
2018-01-25 17:06:52.286;SQ;AS199-AS1-20180125170652
2018-01-25 17:07:25.860;RC;AS199-AS1-20180125170538
2018-01-25 17:07:26.705;SS;AS199-AS1-20180125170538
2018-01-25 17:07:36.192;RU;AS199-AS1-20180125170413
2018-01-25 17:07:54.401;VU;AS199-AS1-20180125170413
2018-01-25 17:08:17.990;RO;AS199-AS1-20180125170652
2018-01-25 17:08:19.247;SP;AS199-AS1-20180125170652
2018-01-25 17:08:20.960;SQ;AS199-AS1-20180125170820
2018-01-25 17:08:50.578;RC;AS199-AS1-20180125170652
2018-01-25 17:08:52.804;SS;AS199-AS1-20180125170652
2018-01-25 17:08:56.638;RU;AS199-AS1-20180125170538
2018-01-25 17:08:58.513;VU;AS199-AS1-20180125170538
2018-01-25 17:09:52.796;RO;AS199-AS1-20180125170820
2018-01-25 17:09:54.856;SP;AS199-AS1-20180125170820
2018-01-25 17:09:58.104;SQ;AS199-AS1-20180125170958
2018-01-25 17:10:02.350;RU;AS199-AS1-20180125170652
2018-01-25 17:10:04.208;VU;AS199-AS1-20180125170652
2018-01-25 17:10:24.969;RC;AS199-AS1-20180125170820
2018-01-25 17:10:25.819;SS;AS199-AS1-20180125170820
2018-01-25 17:11:04.951;RO;AS199-AS1-20180125170958
2018-01-25 17:11:06.020;SP;AS199-AS1-20180125170958
2018-01-25 17:11:07.718;SQ;AS199-AS1-20180125171107
2018-01-25 17:11:36.119;RC;AS199-AS1-20180125170958
2018-01-25 17:11:36.962;SS;AS199-AS1-20180125170958
2018-01-25 17:11:48.365;RU;AS199-AS1-20180125170820
2018-01-25 17:12:06.990;VU;AS199-AS1-20180125170820
2018-01-25 17:12:35.967;RO;AS199-AS1-20180125171107
2018-01-25 17:12:37.182;SP;AS199-AS1-20180125171107
2018-01-25 17:12:38.872;SQ;AS199-AS1-20180125171238
2018-01-25 17:13:13.727;RU;AS199-AS1-20180125170958
2018-01-25 17:13:15.585;VU;AS199-AS1-20180125170958
2018-01-25 17:13:32.075;RC;AS199-AS1-20180125171107
2018-01-25 17:13:32.918;SS;AS199-AS1-20180125171107
2018-01-25 17:14:07.382;RO;AS199-AS1-20180125171238
2018-01-25 17:14:08.301;SP;AS199-AS1-20180125171238
2018-01-25 17:14:10.010;SQ;AS199-AS1-20180125171410
2018-01-25 17:14:47.335;RU;AS199-AS1-20180125171107
2018-01-25 17:14:50.479;RC;AS199-AS1-20180125171238
2018-01-25 17:14:51.544;SS;AS199-AS1-20180125171238
2018-01-25 17:15:15.833;VU;AS199-AS1-20180125171107
2018-01-25 17:15:22.074;RO;AS199-AS1-20180125171410
2018-01-25 17:15:22.947;SP;AS199-AS1-20180125171410
2018-01-25 17:15:24.627;SQ;AS199-AS1-20180125171524
2018-01-25 17:15:48.686;RC;AS199-AS1-20180125171410
2018-01-25 17:15:49.544;SS;AS199-AS1-20180125171410
2018-01-25 17:16:39.875;RO;AS199-AS1-20180125171524
2018-01-25 17:16:40.380;RU;AS199-AS1-20180125171238
2018-01-25 17:16:41.772;SP;AS199-AS1-20180125171524
2018-01-25 17:16:43.124;VU;AS199-AS1-20180125171238
2018-01-25 17:16:43.671;SQ;AS199-AS1-20180125171643
