2018-01-25 16:58:35.182;SQ;AS200-AS1-20180125165835
2018-01-25 16:59:04.718;RO;AS200-AS1-20180125165835
2018-01-25 16:59:06.088;SP;AS200-AS1-20180125165835
2018-01-25 16:59:07.777;SQ;AS200-AS1-20180125165907
2018-01-25 16:59:30.834;RC;AS200-AS1-20180125165835
2018-01-25 16:59:31.703;SS;AS200-AS1-20180125165835
2018-01-25 17:00:06.685;RO;AS200-AS1-20180125165907
2018-01-25 17:00:07.681;SP;AS200-AS1-20180125165907
2018-01-25 17:00:09.399;SQ;AS200-AS1-20180125170009
2018-01-25 17:00:28.159;RU;AS200-AS1-20180125165835
2018-01-25 17:00:44.308;RC;AS200-AS1-20180125165907
2018-01-25 17:00:46.614;SS;AS200-AS1-20180125165907
2018-01-25 17:01:27.536;RO;AS200-AS1-20180125170009
2018-01-25 17:01:29.329;SP;AS200-AS1-20180125170009
2018-01-25 17:01:31.809;SQ;AS200-AS1-20180125170131
2018-01-25 17:02:02.705;RU;AS200-AS1-20180125165907
2018-01-25 17:02:05.084;VU;AS200-AS1-20180125165907
2018-01-25 17:02:09.176;RC;AS200-AS1-20180125170009
2018-01-25 17:02:10.095;SS;AS200-AS1-20180125170009
2018-01-25 17:02:49.466;RO;AS200-AS1-20180125170131
2018-01-25 17:02:51.312;SP;AS200-AS1-20180125170131
2018-01-25 17:02:53.772;SQ;AS200-AS1-20180125170253
2018-01-25 17:03:31.327;RC;AS200-AS1-20180125170131
2018-01-25 17:03:32.278;SS;AS200-AS1-20180125170131
2018-01-25 17:03:42.688;RU;AS200-AS1-20180125170009
2018-01-25 17:03:50.902;VU;AS200-AS1-20180125170009
2018-01-25 17:04:12.182;RO;AS200-AS1-20180125170253
2018-01-25 17:04:13.251;SP;AS200-AS1-20180125170253
2018-01-25 17:04:15.894;SQ;AS200-AS1-20180125170415
2018-01-25 17:04:53.176;RU;AS200-AS1-20180125170131
2018-01-25 17:04:54.650;RC;AS200-AS1-20180125170253
2018-01-25 17:04:55.152;VU;AS200-AS1-20180125170131
2018-01-25 17:04:55.816;SS;AS200-AS1-20180125170253
2018-01-25 17:05:44.870;RO;AS200-AS1-20180125170415
2018-01-25 17:05:48.045;SP;AS200-AS1-20180125170415
2018-01-25 17:05:54.041;SQ;AS200-AS1-20180125170554
2018-01-25 17:06:18.072;RU;AS200-AS1-20180125170253
2018-01-25 17:06:18.624;RC;AS200-AS1-20180125170415
2018-01-25 17:06:20.735;SS;AS200-AS1-20180125170415
2018-01-25 17:06:21.204;VU;AS200-AS1-20180125170253
2018-01-25 17:07:03.591;RO;AS200-AS1-20180125170554
2018-01-25 17:07:05.108;SP;AS200-AS1-20180125170554
2018-01-25 17:07:07.489;SQ;AS200-AS1-20180125170707
2018-01-25 17:07:43.170;RC;AS200-AS1-20180125170554
2018-01-25 17:07:44.284;SS;AS200-AS1-20180125170554
2018-01-25 17:08:01.651;RU;AS200-AS1-20180125170415
2018-01-25 17:08:03.517;VU;AS200-AS1-20180125170415
2018-01-25 17:08:19.553;RO;AS200-AS1-20180125170707
2018-01-25 17:08:21.086;SP;AS200-AS1-20180125170707
2018-01-25 17:08:23.707;SQ;AS200-AS1-20180125170823
2018-01-25 17:09:01.928;RU;AS200-AS1-20180125170554
2018-01-25 17:09:03.944;VU;AS200-AS1-20180125170554
2018-01-25 17:09:54.166;RO;AS200-AS1-20180125170823
2018-01-25 17:09:56.840;SP;AS200-AS1-20180125170823
2018-01-25 17:10:01.865;SQ;AS200-AS1-20180125171001
2018-01-25 17:10:21.832;RC;AS200-AS1-20180125170707
2018-01-25 17:10:23.402;SS;AS200-AS1-20180125170707
2018-01-25 17:10:36.616;RC;AS200-AS1-20180125170823
2018-01-25 17:10:37.734;SS;AS200-AS1-20180125170823
2018-01-25 17:11:17.468;RO;AS200-AS1-20180125171001
2018-01-25 17:11:19.684;SP;AS200-AS1-20180125171001
2018-01-25 17:11:22.145;SQ;AS200-AS1-20180125171122
2018-01-25 17:11:43.059;RU;AS200-AS1-20180125170707
2018-01-25 17:12:03.779;RU;AS200-AS1-20180125170823
2018-01-25 17:12:07.096;RC;AS200-AS1-20180125171001
2018-01-25 17:12:11.778;SS;AS200-AS1-20180125171001
2018-01-25 17:12:13.829;VU;AS200-AS1-20180125170707
2018-01-25 17:12:13.878;VU;AS200-AS1-20180125170823
2018-01-25 17:13:08.930;RO;AS200-AS1-20180125171122
2018-01-25 17:13:10.895;SP;AS200-AS1-20180125171122
2018-01-25 17:13:13.340;SQ;AS200-AS1-20180125171313
2018-01-25 17:13:32.056;RU;AS200-AS1-20180125171001
2018-01-25 17:13:34.196;VU;AS200-AS1-20180125171001
2018-01-25 17:13:50.606;RC;AS200-AS1-20180125171122
2018-01-25 17:13:52.047;SS;AS200-AS1-20180125171122
2018-01-25 17:14:24.975;RO;AS200-AS1-20180125171313
2018-01-25 17:14:26.868;SP;AS200-AS1-20180125171313
2018-01-25 17:14:29.324;SQ;AS200-AS1-20180125171429
2018-01-25 17:15:03.331;RC;AS200-AS1-20180125171313
2018-01-25 17:15:04.179;SS;AS200-AS1-20180125171313
2018-01-25 17:15:11.456;RU;AS200-AS1-20180125171122
2018-01-25 17:15:17.803;VU;AS200-AS1-20180125171122
2018-01-25 17:15:43.781;RO;AS200-AS1-20180125171429
2018-01-25 17:15:45.655;SP;AS200-AS1-20180125171429
2018-01-25 17:15:48.073;SQ;AS200-AS1-20180125171548
2018-01-25 17:16:16.127;RU;AS200-AS1-20180125171313
2018-01-25 17:16:18.286;VU;AS200-AS1-20180125171313
2018-01-25 17:16:40.506;RC;AS200-AS1-20180125171429
2018-01-25 17:16:41.661;SS;AS200-AS1-20180125171429
