2018-01-25 16:58:41.606;SQ;AS23-AS1-20180125165841
2018-01-25 16:59:18.311;RO;AS23-AS1-20180125165841
2018-01-25 16:59:19.425;SP;AS23-AS1-20180125165841
2018-01-25 16:59:21.030;SQ;AS23-AS1-20180125165921
2018-01-25 16:59:48.884;RC;AS23-AS1-20180125165841
2018-01-25 16:59:49.652;SS;AS23-AS1-20180125165841
2018-01-25 17:00:56.744;RO;AS23-AS1-20180125165921
2018-01-25 17:00:57.927;SP;AS23-AS1-20180125165921
2018-01-25 17:00:59.484;SQ;AS23-AS1-20180125170059
2018-01-25 17:01:10.473;RU;AS23-AS1-20180125165841
2018-01-25 17:01:26.415;RC;AS23-AS1-20180125165921
2018-01-25 17:01:27.778;SS;AS23-AS1-20180125165921
2018-01-25 17:02:09.865;RO;AS23-AS1-20180125170059
2018-01-25 17:02:11.159;SP;AS23-AS1-20180125170059
2018-01-25 17:02:13.507;SQ;AS23-AS1-20180125170213
2018-01-25 17:03:02.421;RC;AS23-AS1-20180125170059
2018-01-25 17:03:03.431;SS;AS23-AS1-20180125170059
2018-01-25 17:03:06.704;RU;AS23-AS1-20180125165921
2018-01-25 17:03:09.222;VU;AS23-AS1-20180125165921
2018-01-25 17:03:38.911;RO;AS23-AS1-20180125170213
2018-01-25 17:03:41.723;SP;AS23-AS1-20180125170213
2018-01-25 17:03:47.201;SQ;AS23-AS1-20180125170347
2018-01-25 17:04:18.862;RU;AS23-AS1-20180125170059
2018-01-25 17:04:19.195;RC;AS23-AS1-20180125170213
2018-01-25 17:04:20.988;SS;AS23-AS1-20180125170213
2018-01-25 17:04:41.905;RO;AS23-AS1-20180125170347
2018-01-25 17:04:46.162;SP;AS23-AS1-20180125170347
2018-01-25 17:04:53.162;SQ;AS23-AS1-20180125170453
2018-01-25 17:04:54.340;VU;AS23-AS1-20180125170059
2018-01-25 17:05:18.579;RC;AS23-AS1-20180125170347
2018-01-25 17:05:19.976;SS;AS23-AS1-20180125170347
2018-01-25 17:05:53.823;RU;AS23-AS1-20180125170213
2018-01-25 17:05:55.776;VU;AS23-AS1-20180125170213
2018-01-25 17:06:17.521;RO;AS23-AS1-20180125170453
2018-01-25 17:06:19.309;SP;AS23-AS1-20180125170453
2018-01-25 17:06:21.471;SQ;AS23-AS1-20180125170621
2018-01-25 17:06:31.163;RU;AS23-AS1-20180125170347
2018-01-25 17:06:55.065;RC;AS23-AS1-20180125170453
2018-01-25 17:06:55.896;VU;AS23-AS1-20180125170347
2018-01-25 17:06:56.106;SS;AS23-AS1-20180125170453
2018-01-25 17:07:56.580;RO;AS23-AS1-20180125170621
2018-01-25 17:07:57.560;SP;AS23-AS1-20180125170621
2018-01-25 17:07:59.757;SQ;AS23-AS1-20180125170759
2018-01-25 17:08:17.967;RU;AS23-AS1-20180125170453
2018-01-25 17:08:20.306;VU;AS23-AS1-20180125170453
2018-01-25 17:08:30.652;RC;AS23-AS1-20180125170621
2018-01-25 17:08:32.242;SS;AS23-AS1-20180125170621
2018-01-25 17:09:17.670;RO;AS23-AS1-20180125170759
2018-01-25 17:09:19.294;SP;AS23-AS1-20180125170759
2018-01-25 17:09:21.710;SQ;AS23-AS1-20180125170921
2018-01-25 17:09:57.376;RC;AS23-AS1-20180125170759
2018-01-25 17:09:59.594;SS;AS23-AS1-20180125170759
2018-01-25 17:10:00.356;RU;AS23-AS1-20180125170621
2018-01-25 17:10:02.540;VU;AS23-AS1-20180125170621
2018-01-25 17:10:33.335;RO;AS23-AS1-20180125170921
2018-01-25 17:10:35.101;SP;AS23-AS1-20180125170921
2018-01-25 17:10:37.450;SQ;AS23-AS1-20180125171037
2018-01-25 17:11:17.478;RU;AS23-AS1-20180125170759
2018-01-25 17:11:17.949;RC;AS23-AS1-20180125170921
2018-01-25 17:11:19.610;SS;AS23-AS1-20180125170921
2018-01-25 17:11:20.241;VU;AS23-AS1-20180125170759
2018-01-25 17:11:51.636;RO;AS23-AS1-20180125171037
2018-01-25 17:11:53.296;SP;AS23-AS1-20180125171037
2018-01-25 17:11:56.002;SQ;AS23-AS1-20180125171156
2018-01-25 17:12:35.196;RC;AS23-AS1-20180125171037
2018-01-25 17:12:35.565;RU;AS23-AS1-20180125170921
2018-01-25 17:12:36.775;SS;AS23-AS1-20180125171037
2018-01-25 17:12:38.547;VU;AS23-AS1-20180125170921
2018-01-25 17:13:04.940;RO;AS23-AS1-20180125171156
2018-01-25 17:13:06.917;SP;AS23-AS1-20180125171156
2018-01-25 17:13:09.373;SQ;AS23-AS1-20180125171309
2018-01-25 17:13:36.973;RU;AS23-AS1-20180125171037
2018-01-25 17:13:43.117;RC;AS23-AS1-20180125171156
2018-01-25 17:13:44.290;SS;AS23-AS1-20180125171156
2018-01-25 17:14:11.258;VU;AS23-AS1-20180125171037
2018-01-25 17:14:24.894;RO;AS23-AS1-20180125171309
2018-01-25 17:14:25.994;SP;AS23-AS1-20180125171309
2018-01-25 17:14:28.218;SQ;AS23-AS1-20180125171428
2018-01-25 17:15:01.961;RC;AS23-AS1-20180125171309
2018-01-25 17:15:03.452;SS;AS23-AS1-20180125171309
2018-01-25 17:15:10.301;RU;AS23-AS1-20180125171156
2018-01-25 17:15:17.349;VU;AS23-AS1-20180125171156
2018-01-25 17:15:44.698;RO;AS23-AS1-20180125171428
2018-01-25 17:15:45.617;SP;AS23-AS1-20180125171428
2018-01-25 17:15:47.962;SQ;AS23-AS1-20180125171547
2018-01-25 17:16:21.530;RU;AS23-AS1-20180125171309
2018-01-25 17:16:23.607;VU;AS23-AS1-20180125171309
2018-01-25 17:16:39.171;RC;AS23-AS1-20180125171428
2018-01-25 17:16:39.977;SS;AS23-AS1-20180125171428
