2018-01-25 16:58:31.453;SQ;AS24-AS1-20180125165831
2018-01-25 16:58:49.391;RO;AS24-AS1-20180125165831
2018-01-25 16:58:50.273;SP;AS24-AS1-20180125165831
2018-01-25 16:58:51.901;SQ;AS24-AS1-20180125165851
2018-01-25 16:59:07.773;RC;AS24-AS1-20180125165831
2018-01-25 16:59:08.555;SS;AS24-AS1-20180125165831
2018-01-25 16:59:34.240;RO;AS24-AS1-20180125165851
2018-01-25 16:59:36.101;SP;AS24-AS1-20180125165851
2018-01-25 16:59:37.976;SQ;AS24-AS1-20180125165937
2018-01-25 17:00:09.131;RC;AS24-AS1-20180125165851
2018-01-25 17:00:09.949;SS;AS24-AS1-20180125165851
2018-01-25 17:00:14.218;RU;AS24-AS1-20180125165831
2018-01-25 17:00:45.818;VU;AS24-AS1-20180125165831
2018-01-25 17:00:55.952;RO;AS24-AS1-20180125165937
2018-01-25 17:00:56.872;SP;AS24-AS1-20180125165937
2018-01-25 17:00:58.501;SQ;AS24-AS1-20180125170058
2018-01-25 17:01:29.761;RU;AS24-AS1-20180125165851
2018-01-25 17:01:47.089;VU;AS24-AS1-20180125165851
2018-01-25 17:02:04.023;RO;AS24-AS1-20180125170058
2018-01-25 17:02:04.896;SP;AS24-AS1-20180125170058
2018-01-25 17:02:06.504;SQ;AS24-AS1-20180125170206
2018-01-25 17:02:09.838;RC;AS24-AS1-20180125165937
2018-01-25 17:02:10.663;SS;AS24-AS1-20180125165937
2018-01-25 17:02:41.974;RC;AS24-AS1-20180125170058
2018-01-25 17:02:43.687;SS;AS24-AS1-20180125170058
2018-01-25 17:03:27.990;RO;AS24-AS1-20180125170206
2018-01-25 17:03:28.893;SP;AS24-AS1-20180125170206
2018-01-25 17:03:30.496;SQ;AS24-AS1-20180125170330
2018-01-25 17:03:42.540;RU;AS24-AS1-20180125165937
2018-01-25 17:03:47.754;VU;AS24-AS1-20180125165937
2018-01-25 17:04:10.201;RC;AS24-AS1-20180125170206
2018-01-25 17:04:10.804;RU;AS24-AS1-20180125170058
2018-01-25 17:04:11.197;SS;AS24-AS1-20180125170206
2018-01-25 17:04:12.813;VU;AS24-AS1-20180125170058
2018-01-25 17:04:38.982;RO;AS24-AS1-20180125170330
2018-01-25 17:04:39.867;SP;AS24-AS1-20180125170330
2018-01-25 17:04:42.385;SQ;AS24-AS1-20180125170442
2018-01-25 17:05:08.199;RC;AS24-AS1-20180125170330
2018-01-25 17:05:09.004;SS;AS24-AS1-20180125170330
2018-01-25 17:05:21.952;RU;AS24-AS1-20180125170206
2018-01-25 17:05:49.205;RO;AS24-AS1-20180125170442
2018-01-25 17:05:52.273;SP;AS24-AS1-20180125170442
2018-01-25 17:05:53.654;VU;AS24-AS1-20180125170206
2018-01-25 17:05:54.063;SQ;AS24-AS1-20180125170554
2018-01-25 17:06:18.063;RU;AS24-AS1-20180125170330
2018-01-25 17:06:22.609;RC;AS24-AS1-20180125170442
2018-01-25 17:06:23.413;SS;AS24-AS1-20180125170442
2018-01-25 17:06:53.199;VU;AS24-AS1-20180125170330
2018-01-25 17:07:18.966;RO;AS24-AS1-20180125170554
2018-01-25 17:07:19.954;SP;AS24-AS1-20180125170554
2018-01-25 17:07:21.535;SQ;AS24-AS1-20180125170721
2018-01-25 17:07:59.841;RC;AS24-AS1-20180125170554
2018-01-25 17:08:00.644;SS;AS24-AS1-20180125170554
2018-01-25 17:08:17.851;RU;AS24-AS1-20180125170442
2018-01-25 17:08:19.640;VU;AS24-AS1-20180125170442
2018-01-25 17:08:52.702;RO;AS24-AS1-20180125170721
2018-01-25 17:08:53.944;SP;AS24-AS1-20180125170721
2018-01-25 17:08:55.543;SQ;AS24-AS1-20180125170855
2018-01-25 17:09:17.843;RU;AS24-AS1-20180125170554
2018-01-25 17:09:19.675;VU;AS24-AS1-20180125170554
2018-01-25 17:09:34.202;RC;AS24-AS1-20180125170721
2018-01-25 17:09:34.998;SS;AS24-AS1-20180125170721
2018-01-25 17:10:08.010;RO;AS24-AS1-20180125170855
2018-01-25 17:10:08.911;SP;AS24-AS1-20180125170855
2018-01-25 17:10:10.518;SQ;AS24-AS1-20180125171010
2018-01-25 17:10:49.937;RC;AS24-AS1-20180125170855
2018-01-25 17:10:51.328;SS;AS24-AS1-20180125170855
2018-01-25 17:11:01.630;RU;AS24-AS1-20180125170721
2018-01-25 17:11:03.459;VU;AS24-AS1-20180125170721
2018-01-25 17:11:25.752;RO;AS24-AS1-20180125171010
2018-01-25 17:11:26.878;SP;AS24-AS1-20180125171010
2018-01-25 17:11:28.436;SQ;AS24-AS1-20180125171128
2018-01-25 17:11:57.903;RU;AS24-AS1-20180125170855
2018-01-25 17:12:06.238;VU;AS24-AS1-20180125170855
2018-01-25 17:12:11.508;RC;AS24-AS1-20180125171010
2018-01-25 17:12:12.322;SS;AS24-AS1-20180125171010
2018-01-25 17:12:37.455;RO;AS24-AS1-20180125171128
2018-01-25 17:12:38.292;SP;AS24-AS1-20180125171128
2018-01-25 17:12:39.886;SQ;AS24-AS1-20180125171239
2018-01-25 17:13:15.053;RU;AS24-AS1-20180125171010
2018-01-25 17:13:31.975;RC;AS24-AS1-20180125171128
2018-01-25 17:13:32.884;SS;AS24-AS1-20180125171128
2018-01-25 17:14:05.468;RO;AS24-AS1-20180125171239
2018-01-25 17:14:08.244;SP;AS24-AS1-20180125171239
2018-01-25 17:14:10.374;SQ;AS24-AS1-20180125171410
2018-01-25 17:14:34.783;RU;AS24-AS1-20180125171128
2018-01-25 17:14:45.518;RC;AS24-AS1-20180125171239
2018-01-25 17:14:47.413;SS;AS24-AS1-20180125171239
2018-01-25 17:15:20.429;VU;AS24-AS1-20180125171128
2018-01-25 17:15:40.463;RO;AS24-AS1-20180125171410
2018-01-25 17:15:41.348;SP;AS24-AS1-20180125171410
2018-01-25 17:15:43.920;SQ;AS24-AS1-20180125171543
2018-01-25 17:16:08.794;RC;AS24-AS1-20180125171410
2018-01-25 17:16:11.862;SS;AS24-AS1-20180125171410
2018-01-25 17:16:38.050;RU;AS24-AS1-20180125171239
2018-01-25 17:16:39.844;VU;AS24-AS1-20180125171239
2018-01-25 17:16:41.428;RO;AS24-AS1-20180125171543
2018-01-25 17:16:42.501;SP;AS24-AS1-20180125171543
2018-01-25 17:16:44.983;SQ;AS24-AS1-20180125171644
