2018-01-25 16:58:35.911;SQ;AS26-AS1-20180125165835
2018-01-25 16:59:04.260;RO;AS26-AS1-20180125165835
2018-01-25 16:59:05.243;SP;AS26-AS1-20180125165835
2018-01-25 16:59:06.887;SQ;AS26-AS1-20180125165906
2018-01-25 16:59:29.709;RC;AS26-AS1-20180125165835
2018-01-25 16:59:30.506;SS;AS26-AS1-20180125165835
2018-01-25 17:00:04.407;RO;AS26-AS1-20180125165906
2018-01-25 17:00:05.268;SP;AS26-AS1-20180125165906
2018-01-25 17:00:06.869;SQ;AS26-AS1-20180125170006
2018-01-25 17:00:43.476;RU;AS26-AS1-20180125165835
2018-01-25 17:00:45.288;VU;AS26-AS1-20180125165835
2018-01-25 17:00:46.246;RC;AS26-AS1-20180125165906
2018-01-25 17:00:47.035;SS;AS26-AS1-20180125165906
2018-01-25 17:01:22.718;RO;AS26-AS1-20180125170006
2018-01-25 17:01:23.780;SP;AS26-AS1-20180125170006
2018-01-25 17:01:25.405;SQ;AS26-AS1-20180125170125
2018-01-25 17:02:03.658;RC;AS26-AS1-20180125170006
2018-01-25 17:02:04.479;SS;AS26-AS1-20180125170006
2018-01-25 17:02:05.320;RU;AS26-AS1-20180125165906
2018-01-25 17:02:07.126;VU;AS26-AS1-20180125165906
2018-01-25 17:02:34.495;RO;AS26-AS1-20180125170125
2018-01-25 17:02:35.765;SP;AS26-AS1-20180125170125
2018-01-25 17:02:37.351;SQ;AS26-AS1-20180125170237
2018-01-25 17:03:07.906;RC;AS26-AS1-20180125170125
2018-01-25 17:03:08.709;SS;AS26-AS1-20180125170125
2018-01-25 17:03:18.684;RU;AS26-AS1-20180125170006
2018-01-25 17:03:49.289;VU;AS26-AS1-20180125170006
2018-01-25 17:04:10.294;RO;AS26-AS1-20180125170237
2018-01-25 17:04:11.312;SP;AS26-AS1-20180125170237
2018-01-25 17:04:12.950;SQ;AS26-AS1-20180125170412
2018-01-25 17:04:25.132;RU;AS26-AS1-20180125170125
2018-01-25 17:04:42.449;RC;AS26-AS1-20180125170237
2018-01-25 17:04:44.577;SS;AS26-AS1-20180125170237
2018-01-25 17:04:50.324;VU;AS26-AS1-20180125170125
2018-01-25 17:05:28.878;RO;AS26-AS1-20180125170412
2018-01-25 17:05:29.866;SP;AS26-AS1-20180125170412
2018-01-25 17:05:31.476;SQ;AS26-AS1-20180125170531
2018-01-25 17:06:16.881;RU;AS26-AS1-20180125170237
2018-01-25 17:06:17.002;RC;AS26-AS1-20180125170412
2018-01-25 17:06:18.532;SS;AS26-AS1-20180125170412
2018-01-25 17:06:19.391;VU;AS26-AS1-20180125170237
2018-01-25 17:06:50.744;RO;AS26-AS1-20180125170531
2018-01-25 17:06:51.878;SP;AS26-AS1-20180125170531
2018-01-25 17:06:53.470;SQ;AS26-AS1-20180125170653
2018-01-25 17:07:25.613;RC;AS26-AS1-20180125170531
2018-01-25 17:07:26.402;SS;AS26-AS1-20180125170531
2018-01-25 17:07:27.202;RU;AS26-AS1-20180125170412
2018-01-25 17:07:53.665;VU;AS26-AS1-20180125170412
2018-01-25 17:08:18.990;RO;AS26-AS1-20180125170653
2018-01-25 17:08:19.888;SP;AS26-AS1-20180125170653
2018-01-25 17:08:21.491;SQ;AS26-AS1-20180125170821
2018-01-25 17:08:57.176;RU;AS26-AS1-20180125170531
2018-01-25 17:08:58.982;VU;AS26-AS1-20180125170531
2018-01-25 17:08:59.269;RC;AS26-AS1-20180125170653
2018-01-25 17:09:00.077;SS;AS26-AS1-20180125170653
2018-01-25 17:10:00.643;RO;AS26-AS1-20180125170821
2018-01-25 17:10:01.927;SP;AS26-AS1-20180125170821
2018-01-25 17:10:03.568;SQ;AS26-AS1-20180125171003
2018-01-25 17:10:21.860;RU;AS26-AS1-20180125170653
2018-01-25 17:10:23.649;VU;AS26-AS1-20180125170653
2018-01-25 17:10:44.514;RC;AS26-AS1-20180125170821
2018-01-25 17:10:45.322;SS;AS26-AS1-20180125170821
2018-01-25 17:11:17.697;RO;AS26-AS1-20180125171003
2018-01-25 17:11:18.951;SP;AS26-AS1-20180125171003
2018-01-25 17:11:20.562;SQ;AS26-AS1-20180125171120
2018-01-25 17:11:58.563;RC;AS26-AS1-20180125171003
2018-01-25 17:12:00.295;SS;AS26-AS1-20180125171003
2018-01-25 17:12:02.620;RU;AS26-AS1-20180125170821
2018-01-25 17:12:05.016;VU;AS26-AS1-20180125170821
2018-01-25 17:12:36.521;RO;AS26-AS1-20180125171120
2018-01-25 17:12:37.468;SP;AS26-AS1-20180125171120
2018-01-25 17:12:39.115;SQ;AS26-AS1-20180125171239
2018-01-25 17:13:11.426;RU;AS26-AS1-20180125171003
2018-01-25 17:13:13.224;VU;AS26-AS1-20180125171003
2018-01-25 17:13:42.006;RC;AS26-AS1-20180125171120
2018-01-25 17:13:42.791;SS;AS26-AS1-20180125171120
2018-01-25 17:13:51.907;RO;AS26-AS1-20180125171239
2018-01-25 17:13:52.995;SP;AS26-AS1-20180125171239
2018-01-25 17:13:54.621;SQ;AS26-AS1-20180125171354
2018-01-25 17:14:26.424;RC;AS26-AS1-20180125171239
2018-01-25 17:14:27.219;SS;AS26-AS1-20180125171239
2018-01-25 17:15:01.679;RO;AS26-AS1-20180125171354
2018-01-25 17:15:02.533;SP;AS26-AS1-20180125171354
2018-01-25 17:15:04.195;SQ;AS26-AS1-20180125171504
2018-01-25 17:15:12.730;RU;AS26-AS1-20180125171120
2018-01-25 17:15:14.556;VU;AS26-AS1-20180125171120
2018-01-25 17:15:42.767;RC;AS26-AS1-20180125171354
2018-01-25 17:15:43.585;SS;AS26-AS1-20180125171354
2018-01-25 17:15:43.957;RU;AS26-AS1-20180125171239
2018-01-25 17:16:16.711;VU;AS26-AS1-20180125171239
2018-01-25 17:16:43.412;RO;AS26-AS1-20180125171504
2018-01-25 17:16:44.612;SP;AS26-AS1-20180125171504
2018-01-25 17:16:46.182;SQ;AS26-AS1-20180125171646
2018-01-25 17:16:48.958;RU;AS26-AS1-20180125171354
