2018-01-25 16:58:37.026;SQ;AS30-AS1-20180125165837
2018-01-25 16:59:04.872;RO;AS30-AS1-20180125165837
2018-01-25 16:59:05.877;SP;AS30-AS1-20180125165837
2018-01-25 16:59:07.489;SQ;AS30-AS1-20180125165907
2018-01-25 16:59:31.417;RC;AS30-AS1-20180125165837
2018-01-25 16:59:32.261;SS;AS30-AS1-20180125165837
2018-01-25 17:00:04.477;RO;AS30-AS1-20180125165907
2018-01-25 17:00:05.397;SP;AS30-AS1-20180125165907
2018-01-25 17:00:07.048;SQ;AS30-AS1-20180125170007
2018-01-25 17:00:43.122;RU;AS30-AS1-20180125165837
2018-01-25 17:00:44.921;VU;AS30-AS1-20180125165837
2018-01-25 17:00:45.086;RC;AS30-AS1-20180125165907
2018-01-25 17:00:45.900;SS;AS30-AS1-20180125165907
2018-01-25 17:01:17.795;RO;AS30-AS1-20180125170007
2018-01-25 17:01:18.914;SP;AS30-AS1-20180125170007
2018-01-25 17:01:20.520;SQ;AS30-AS1-20180125170120
2018-01-25 17:02:03.612;RC;AS30-AS1-20180125170007
2018-01-25 17:02:04.123;RU;AS30-AS1-20180125165907
2018-01-25 17:02:04.655;SS;AS30-AS1-20180125170007
2018-01-25 17:02:06.231;VU;AS30-AS1-20180125165907
2018-01-25 17:02:30.900;RO;AS30-AS1-20180125170120
2018-01-25 17:02:31.910;SP;AS30-AS1-20180125170120
2018-01-25 17:02:33.513;SQ;AS30-AS1-20180125170233
2018-01-25 17:03:11.469;RC;AS30-AS1-20180125170120
2018-01-25 17:03:12.297;SS;AS30-AS1-20180125170120
2018-01-25 17:03:14.306;RU;AS30-AS1-20180125170007
2018-01-25 17:03:16.134;VU;AS30-AS1-20180125170007
2018-01-25 17:03:47.556;RO;AS30-AS1-20180125170233
2018-01-25 17:03:48.379;SP;AS30-AS1-20180125170233
2018-01-25 17:03:49.975;SQ;AS30-AS1-20180125170349
2018-01-25 17:04:28.940;RU;AS30-AS1-20180125170120
2018-01-25 17:04:49.483;RC;AS30-AS1-20180125170233
2018-01-25 17:04:49.666;VU;AS30-AS1-20180125170120
2018-01-25 17:04:50.290;SS;AS30-AS1-20180125170233
2018-01-25 17:04:52.142;RO;AS30-AS1-20180125170349
2018-01-25 17:04:53.384;SP;AS30-AS1-20180125170349
2018-01-25 17:04:55.003;SQ;AS30-AS1-20180125170455
2018-01-25 17:05:33.153;RC;AS30-AS1-20180125170349
2018-01-25 17:05:33.948;SS;AS30-AS1-20180125170349
2018-01-25 17:06:17.506;RU;AS30-AS1-20180125170233
2018-01-25 17:06:17.548;RO;AS30-AS1-20180125170455
2018-01-25 17:06:19.140;SP;AS30-AS1-20180125170455
2018-01-25 17:06:20.020;VU;AS30-AS1-20180125170233
2018-01-25 17:06:20.733;SQ;AS30-AS1-20180125170620
2018-01-25 17:06:53.621;RU;AS30-AS1-20180125170349
2018-01-25 17:06:55.446;VU;AS30-AS1-20180125170349
2018-01-25 17:06:56.656;RC;AS30-AS1-20180125170455
2018-01-25 17:06:57.451;SS;AS30-AS1-20180125170455
2018-01-25 17:07:38.845;RO;AS30-AS1-20180125170620
2018-01-25 17:07:40.102;SP;AS30-AS1-20180125170620
2018-01-25 17:07:41.717;SQ;AS30-AS1-20180125170741
2018-01-25 17:08:18.917;RU;AS30-AS1-20180125170455
2018-01-25 17:08:20.729;VU;AS30-AS1-20180125170455
2018-01-25 17:08:22.623;RC;AS30-AS1-20180125170620
2018-01-25 17:08:23.418;SS;AS30-AS1-20180125170620
2018-01-25 17:08:52.827;RO;AS30-AS1-20180125170741
2018-01-25 17:08:54.082;SP;AS30-AS1-20180125170741
2018-01-25 17:08:55.711;SQ;AS30-AS1-20180125170855
2018-01-25 17:09:32.030;RC;AS30-AS1-20180125170741
2018-01-25 17:09:32.814;SS;AS30-AS1-20180125170741
2018-01-25 17:10:04.498;RU;AS30-AS1-20180125170620
2018-01-25 17:10:06.315;VU;AS30-AS1-20180125170620
2018-01-25 17:10:08.833;RO;AS30-AS1-20180125170855
2018-01-25 17:10:10.110;SP;AS30-AS1-20180125170855
2018-01-25 17:10:11.718;SQ;AS30-AS1-20180125171011
2018-01-25 17:10:48.072;RC;AS30-AS1-20180125170855
2018-01-25 17:10:48.865;SS;AS30-AS1-20180125170855
2018-01-25 17:10:58.527;RU;AS30-AS1-20180125170741
2018-01-25 17:11:00.323;VU;AS30-AS1-20180125170741
2018-01-25 17:11:18.496;RO;AS30-AS1-20180125171011
2018-01-25 17:11:19.597;SP;AS30-AS1-20180125171011
2018-01-25 17:11:21.180;SQ;AS30-AS1-20180125171121
2018-01-25 17:12:00.616;RC;AS30-AS1-20180125171011
2018-01-25 17:12:02.308;SS;AS30-AS1-20180125171011
2018-01-25 17:12:06.177;RU;AS30-AS1-20180125170855
2018-01-25 17:12:08.007;VU;AS30-AS1-20180125170855
2018-01-25 17:12:40.228;RO;AS30-AS1-20180125171121
2018-01-25 17:12:41.097;SP;AS30-AS1-20180125171121
2018-01-25 17:12:42.708;SQ;AS30-AS1-20180125171242
2018-01-25 17:13:30.785;RU;AS30-AS1-20180125171011
2018-01-25 17:13:31.981;RC;AS30-AS1-20180125171121
2018-01-25 17:13:32.610;VU;AS30-AS1-20180125171011
2018-01-25 17:13:32.799;SS;AS30-AS1-20180125171121
2018-01-25 17:14:07.374;RO;AS30-AS1-20180125171242
2018-01-25 17:14:08.587;SP;AS30-AS1-20180125171242
2018-01-25 17:14:10.204;SQ;AS30-AS1-20180125171410
2018-01-25 17:14:41.416;RU;AS30-AS1-20180125171121
2018-01-25 17:14:49.305;RC;AS30-AS1-20180125171242
2018-01-25 17:14:50.249;SS;AS30-AS1-20180125171242
2018-01-25 17:15:15.560;VU;AS30-AS1-20180125171121
2018-01-25 17:15:41.892;RO;AS30-AS1-20180125171410
2018-01-25 17:15:43.147;SP;AS30-AS1-20180125171410
2018-01-25 17:15:44.773;SQ;AS30-AS1-20180125171544
2018-01-25 17:16:16.715;RC;AS30-AS1-20180125171410
2018-01-25 17:16:17.512;SS;AS30-AS1-20180125171410
2018-01-25 17:16:40.626;RU;AS30-AS1-20180125171242
2018-01-25 17:16:42.445;VU;AS30-AS1-20180125171242
2018-01-25 17:16:45.421;RO;AS30-AS1-20180125171544
2018-01-25 17:16:46.634;SP;AS30-AS1-20180125171544
2018-01-25 17:16:48.232;SQ;AS30-AS1-20180125171648
