2018-01-25 16:58:36.904;SQ;AS38-AS1-20180125165836
2018-01-25 16:59:08.439;RO;AS38-AS1-20180125165836
2018-01-25 16:59:09.272;SP;AS38-AS1-20180125165836
2018-01-25 16:59:10.930;SQ;AS38-AS1-20180125165910
2018-01-25 16:59:35.040;RC;AS38-AS1-20180125165836
2018-01-25 16:59:36.520;SS;AS38-AS1-20180125165836
2018-01-25 17:00:10.113;RO;AS38-AS1-20180125165910
2018-01-25 17:00:11.348;SP;AS38-AS1-20180125165910
2018-01-25 17:00:13.024;SQ;AS38-AS1-20180125170013
2018-01-25 17:00:53.036;RU;AS38-AS1-20180125165836
2018-01-25 17:00:54.402;RC;AS38-AS1-20180125165910
2018-01-25 17:00:54.879;VU;AS38-AS1-20180125165836
2018-01-25 17:00:55.243;SS;AS38-AS1-20180125165910
2018-01-25 17:01:16.780;RO;AS38-AS1-20180125170013
2018-01-25 17:01:17.923;SP;AS38-AS1-20180125170013
2018-01-25 17:01:19.574;SQ;AS38-AS1-20180125170119
2018-01-25 17:02:00.146;RC;AS38-AS1-20180125170013
2018-01-25 17:02:00.987;SS;AS38-AS1-20180125170013
2018-01-25 17:02:15.249;RU;AS38-AS1-20180125165910
2018-01-25 17:02:17.069;VU;AS38-AS1-20180125165910
2018-01-25 17:02:36.490;RO;AS38-AS1-20180125170119
2018-01-25 17:02:37.460;SP;AS38-AS1-20180125170119
2018-01-25 17:02:40.668;SQ;AS38-AS1-20180125170240
2018-01-25 17:03:10.686;RU;AS38-AS1-20180125170013
2018-01-25 17:03:12.515;VU;AS38-AS1-20180125170013
2018-01-25 17:03:13.815;RC;AS38-AS1-20180125170119
2018-01-25 17:03:14.646;SS;AS38-AS1-20180125170119
2018-01-25 17:04:10.025;RO;AS38-AS1-20180125170240
2018-01-25 17:04:11.097;SP;AS38-AS1-20180125170240
2018-01-25 17:04:12.757;SQ;AS38-AS1-20180125170412
2018-01-25 17:04:27.162;RU;AS38-AS1-20180125170119
2018-01-25 17:04:43.787;RC;AS38-AS1-20180125170240
2018-01-25 17:04:46.261;SS;AS38-AS1-20180125170240
2018-01-25 17:04:50.531;VU;AS38-AS1-20180125170119
2018-01-25 17:05:47.833;RO;AS38-AS1-20180125170412
2018-01-25 17:05:49.014;SP;AS38-AS1-20180125170412
2018-01-25 17:05:50.659;SQ;AS38-AS1-20180125170550
2018-01-25 17:06:17.943;RU;AS38-AS1-20180125170240
2018-01-25 17:06:18.098;RC;AS38-AS1-20180125170412
2018-01-25 17:06:19.595;SS;AS38-AS1-20180125170412
2018-01-25 17:06:20.418;VU;AS38-AS1-20180125170240
2018-01-25 17:06:48.739;RO;AS38-AS1-20180125170550
2018-01-25 17:06:50.037;SP;AS38-AS1-20180125170550
2018-01-25 17:06:51.633;SQ;AS38-AS1-20180125170651
2018-01-25 17:07:19.613;RC;AS38-AS1-20180125170550
2018-01-25 17:07:20.431;SS;AS38-AS1-20180125170550
2018-01-25 17:07:35.739;RU;AS38-AS1-20180125170412
2018-01-25 17:07:55.309;VU;AS38-AS1-20180125170412
2018-01-25 17:08:18.239;RO;AS38-AS1-20180125170651
2018-01-25 17:08:19.587;SP;AS38-AS1-20180125170651
2018-01-25 17:08:21.222;SQ;AS38-AS1-20180125170821
2018-01-25 17:08:23.587;RU;AS38-AS1-20180125170550
2018-01-25 17:08:55.847;VU;AS38-AS1-20180125170550
2018-01-25 17:08:58.415;RC;AS38-AS1-20180125170651
2018-01-25 17:08:59.264;SS;AS38-AS1-20180125170651
2018-01-25 17:09:52.873;RO;AS38-AS1-20180125170821
2018-01-25 17:09:55.060;SP;AS38-AS1-20180125170821
2018-01-25 17:09:57.819;SQ;AS38-AS1-20180125170957
2018-01-25 17:10:21.863;RC;AS38-AS1-20180125170821
2018-01-25 17:10:22.694;SS;AS38-AS1-20180125170821
2018-01-25 17:10:24.904;RU;AS38-AS1-20180125170651
2018-01-25 17:10:26.734;VU;AS38-AS1-20180125170651
2018-01-25 17:11:17.667;RO;AS38-AS1-20180125170957
2018-01-25 17:11:18.729;SP;AS38-AS1-20180125170957
2018-01-25 17:11:20.363;SQ;AS38-AS1-20180125171120
2018-01-25 17:11:30.018;RU;AS38-AS1-20180125170821
2018-01-25 17:11:52.553;RC;AS38-AS1-20180125170957
2018-01-25 17:11:53.740;SS;AS38-AS1-20180125170957
2018-01-25 17:12:07.474;VU;AS38-AS1-20180125170821
2018-01-25 17:12:36.642;RO;AS38-AS1-20180125171120
2018-01-25 17:12:37.793;SP;AS38-AS1-20180125171120
2018-01-25 17:12:39.418;SQ;AS38-AS1-20180125171239
2018-01-25 17:13:10.463;RC;AS38-AS1-20180125171120
2018-01-25 17:13:11.312;SS;AS38-AS1-20180125171120
2018-01-25 17:13:32.075;RU;AS38-AS1-20180125170957
2018-01-25 17:13:33.906;VU;AS38-AS1-20180125170957
2018-01-25 17:14:05.860;RO;AS38-AS1-20180125171239
2018-01-25 17:14:06.836;SP;AS38-AS1-20180125171239
2018-01-25 17:14:08.443;SQ;AS38-AS1-20180125171408
2018-01-25 17:14:25.138;RU;AS38-AS1-20180125171120
2018-01-25 17:14:26.971;VU;AS38-AS1-20180125171120
2018-01-25 17:14:42.902;RC;AS38-AS1-20180125171239
2018-01-25 17:14:43.716;SS;AS38-AS1-20180125171239
2018-01-25 17:15:23.481;RO;AS38-AS1-20180125171408
2018-01-25 17:15:24.372;SP;AS38-AS1-20180125171408
2018-01-25 17:15:26.019;SQ;AS38-AS1-20180125171526
2018-01-25 17:15:50.436;RC;AS38-AS1-20180125171408
2018-01-25 17:15:51.010;RU;AS38-AS1-20180125171239
2018-01-25 17:15:51.475;SS;AS38-AS1-20180125171408
2018-01-25 17:16:16.758;VU;AS38-AS1-20180125171239
2018-01-25 17:16:40.379;RO;AS38-AS1-20180125171526
2018-01-25 17:16:41.428;SP;AS38-AS1-20180125171526
2018-01-25 17:16:43.095;SQ;AS38-AS1-20180125171643
