2018-01-25 16:58:37.964;SQ;AS39-AS1-20180125165837
2018-01-25 16:59:10.859;RO;AS39-AS1-20180125165837
2018-01-25 16:59:11.802;SP;AS39-AS1-20180125165837
2018-01-25 16:59:13.403;SQ;AS39-AS1-20180125165913
2018-01-25 16:59:39.512;RC;AS39-AS1-20180125165837
2018-01-25 16:59:40.301;SS;AS39-AS1-20180125165837
2018-01-25 17:00:15.548;RO;AS39-AS1-20180125165913
2018-01-25 17:00:16.764;SP;AS39-AS1-20180125165913
2018-01-25 17:00:18.312;SQ;AS39-AS1-20180125170018
2018-01-25 17:00:54.669;RU;AS39-AS1-20180125165837
2018-01-25 17:00:56.478;VU;AS39-AS1-20180125165837
2018-01-25 17:00:58.783;RC;AS39-AS1-20180125165913
2018-01-25 17:00:59.583;SS;AS39-AS1-20180125165913
2018-01-25 17:01:26.978;RO;AS39-AS1-20180125170018
2018-01-25 17:01:28.175;SP;AS39-AS1-20180125170018
2018-01-25 17:01:29.785;SQ;AS39-AS1-20180125170129
2018-01-25 17:02:08.332;RC;AS39-AS1-20180125170018
2018-01-25 17:02:09.144;SS;AS39-AS1-20180125170018
2018-01-25 17:02:11.350;RU;AS39-AS1-20180125165913
2018-01-25 17:02:13.167;VU;AS39-AS1-20180125165913
2018-01-25 17:02:47.113;RO;AS39-AS1-20180125170129
2018-01-25 17:02:48.140;SP;AS39-AS1-20180125170129
2018-01-25 17:02:49.705;SQ;AS39-AS1-20180125170249
2018-01-25 17:03:30.122;RC;AS39-AS1-20180125170129
2018-01-25 17:03:30.915;SS;AS39-AS1-20180125170129
2018-01-25 17:03:42.390;RU;AS39-AS1-20180125170018
2018-01-25 17:03:49.670;VU;AS39-AS1-20180125170018
2018-01-25 17:04:12.047;RO;AS39-AS1-20180125170249
2018-01-25 17:04:13.090;SP;AS39-AS1-20180125170249
2018-01-25 17:04:14.638;SQ;AS39-AS1-20180125170414
2018-01-25 17:04:52.485;RC;AS39-AS1-20180125170249
2018-01-25 17:04:53.281;SS;AS39-AS1-20180125170249
2018-01-25 17:04:55.487;RU;AS39-AS1-20180125170129
2018-01-25 17:04:57.262;VU;AS39-AS1-20180125170129
2018-01-25 17:05:33.175;RO;AS39-AS1-20180125170414
2018-01-25 17:05:34.016;SP;AS39-AS1-20180125170414
2018-01-25 17:05:35.603;SQ;AS39-AS1-20180125170535
2018-01-25 17:05:52.827;RU;AS39-AS1-20180125170249
2018-01-25 17:05:54.653;VU;AS39-AS1-20180125170249
2018-01-25 17:06:16.852;RC;AS39-AS1-20180125170414
2018-01-25 17:06:17.648;SS;AS39-AS1-20180125170414
2018-01-25 17:06:50.714;RO;AS39-AS1-20180125170535
2018-01-25 17:06:51.992;SP;AS39-AS1-20180125170535
2018-01-25 17:06:53.573;SQ;AS39-AS1-20180125170653
2018-01-25 17:07:18.729;RU;AS39-AS1-20180125170414
2018-01-25 17:07:30.697;RC;AS39-AS1-20180125170535
2018-01-25 17:07:31.667;SS;AS39-AS1-20180125170535
2018-01-25 17:07:54.396;VU;AS39-AS1-20180125170414
2018-01-25 17:08:17.738;RO;AS39-AS1-20180125170653
2018-01-25 17:08:18.947;SP;AS39-AS1-20180125170653
2018-01-25 17:08:20.528;SQ;AS39-AS1-20180125170820
2018-01-25 17:08:52.387;RC;AS39-AS1-20180125170653
2018-01-25 17:08:53.148;SS;AS39-AS1-20180125170653
2018-01-25 17:08:58.716;RU;AS39-AS1-20180125170535
2018-01-25 17:09:00.520;VU;AS39-AS1-20180125170535
2018-01-25 17:09:55.137;RO;AS39-AS1-20180125170820
2018-01-25 17:09:56.473;SP;AS39-AS1-20180125170820
2018-01-25 17:09:58.019;SQ;AS39-AS1-20180125170958
2018-01-25 17:10:03.097;RU;AS39-AS1-20180125170653
2018-01-25 17:10:04.886;VU;AS39-AS1-20180125170653
2018-01-25 17:10:29.998;RC;AS39-AS1-20180125170820
2018-01-25 17:10:30.797;SS;AS39-AS1-20180125170820
2018-01-25 17:11:05.766;RO;AS39-AS1-20180125170958
2018-01-25 17:11:06.896;SP;AS39-AS1-20180125170958
2018-01-25 17:11:08.503;SQ;AS39-AS1-20180125171108
2018-01-25 17:11:38.062;RC;AS39-AS1-20180125170958
2018-01-25 17:11:38.824;SS;AS39-AS1-20180125170958
2018-01-25 17:12:00.458;RU;AS39-AS1-20180125170820
2018-01-25 17:12:05.204;VU;AS39-AS1-20180125170820
2018-01-25 17:12:08.052;RO;AS39-AS1-20180125171108
2018-01-25 17:12:08.884;SP;AS39-AS1-20180125171108
2018-01-25 17:12:10.495;SQ;AS39-AS1-20180125171210
2018-01-25 17:12:41.613;RC;AS39-AS1-20180125171108
2018-01-25 17:12:42.404;SS;AS39-AS1-20180125171108
2018-01-25 17:13:09.847;RU;AS39-AS1-20180125170958
2018-01-25 17:13:11.654;VU;AS39-AS1-20180125170958
2018-01-25 17:13:30.722;RO;AS39-AS1-20180125171210
2018-01-25 17:13:31.907;SP;AS39-AS1-20180125171210
2018-01-25 17:13:33.522;SQ;AS39-AS1-20180125171333
2018-01-25 17:14:06.424;RC;AS39-AS1-20180125171210
2018-01-25 17:14:07.202;SS;AS39-AS1-20180125171210
2018-01-25 17:14:07.757;RU;AS39-AS1-20180125171108
2018-01-25 17:14:09.541;VU;AS39-AS1-20180125171108
2018-01-25 17:14:40.061;RO;AS39-AS1-20180125171333
2018-01-25 17:14:40.870;SP;AS39-AS1-20180125171333
2018-01-25 17:14:42.455;SQ;AS39-AS1-20180125171442
2018-01-25 17:15:20.344;RC;AS39-AS1-20180125171333
2018-01-25 17:15:21.149;SS;AS39-AS1-20180125171333
2018-01-25 17:15:42.149;RU;AS39-AS1-20180125171210
2018-01-25 17:15:43.936;VU;AS39-AS1-20180125171210
2018-01-25 17:15:50.425;RO;AS39-AS1-20180125171442
2018-01-25 17:15:51.330;SP;AS39-AS1-20180125171442
2018-01-25 17:15:52.902;SQ;AS39-AS1-20180125171552
2018-01-25 17:16:39.202;RU;AS39-AS1-20180125171333
2018-01-25 17:16:40.531;RC;AS39-AS1-20180125171442
2018-01-25 17:16:40.979;VU;AS39-AS1-20180125171333
2018-01-25 17:16:41.336;SS;AS39-AS1-20180125171442
