2018-01-25 16:58:37.874;SQ;AS40-AS1-20180125165837
2018-01-25 16:59:08.637;RO;AS40-AS1-20180125165837
2018-01-25 16:59:09.755;SP;AS40-AS1-20180125165837
2018-01-25 16:59:11.417;SQ;AS40-AS1-20180125165911
2018-01-25 16:59:36.643;RC;AS40-AS1-20180125165837
2018-01-25 16:59:37.500;SS;AS40-AS1-20180125165837
2018-01-25 17:00:16.990;RO;AS40-AS1-20180125165911
2018-01-25 17:00:18.349;SP;AS40-AS1-20180125165911
2018-01-25 17:00:20.044;SQ;AS40-AS1-20180125170020
2018-01-25 17:00:58.416;RC;AS40-AS1-20180125165911
2018-01-25 17:00:59.232;SS;AS40-AS1-20180125165911
2018-01-25 17:01:29.740;RU;AS40-AS1-20180125165837
2018-01-25 17:01:31.583;VU;AS40-AS1-20180125165837
2018-01-25 17:01:35.418;RO;AS40-AS1-20180125170020
2018-01-25 17:01:36.467;SP;AS40-AS1-20180125170020
2018-01-25 17:01:39.546;SQ;AS40-AS1-20180125170139
2018-01-25 17:02:14.865;RU;AS40-AS1-20180125165911
2018-01-25 17:02:16.501;RC;AS40-AS1-20180125170020
2018-01-25 17:02:16.698;VU;AS40-AS1-20180125165911
2018-01-25 17:02:17.368;SS;AS40-AS1-20180125170020
2018-01-25 17:02:49.749;RO;AS40-AS1-20180125170139
2018-01-25 17:02:50.971;SP;AS40-AS1-20180125170139
2018-01-25 17:02:52.677;SQ;AS40-AS1-20180125170252
2018-01-25 17:03:30.839;RC;AS40-AS1-20180125170139
2018-01-25 17:03:31.689;SS;AS40-AS1-20180125170139
2018-01-25 17:03:44.741;RU;AS40-AS1-20180125170020
2018-01-25 17:03:47.538;VU;AS40-AS1-20180125170020
2018-01-25 17:04:10.786;RO;AS40-AS1-20180125170252
2018-01-25 17:04:12.088;SP;AS40-AS1-20180125170252
2018-01-25 17:04:13.768;SQ;AS40-AS1-20180125170413
2018-01-25 17:04:46.710;RU;AS40-AS1-20180125170139
2018-01-25 17:04:48.560;VU;AS40-AS1-20180125170139
2018-01-25 17:04:50.833;RC;AS40-AS1-20180125170252
2018-01-25 17:04:51.679;SS;AS40-AS1-20180125170252
2018-01-25 17:05:32.329;RO;AS40-AS1-20180125170413
2018-01-25 17:05:33.216;SP;AS40-AS1-20180125170413
2018-01-25 17:05:34.907;SQ;AS40-AS1-20180125170534
2018-01-25 17:06:17.205;RU;AS40-AS1-20180125170252
2018-01-25 17:06:17.515;RC;AS40-AS1-20180125170413
2018-01-25 17:06:18.883;SS;AS40-AS1-20180125170413
2018-01-25 17:06:19.496;VU;AS40-AS1-20180125170252
2018-01-25 17:06:49.440;RO;AS40-AS1-20180125170534
2018-01-25 17:06:50.347;SP;AS40-AS1-20180125170534
2018-01-25 17:06:52.024;SQ;AS40-AS1-20180125170652
2018-01-25 17:07:24.598;RC;AS40-AS1-20180125170534
2018-01-25 17:07:25.426;SS;AS40-AS1-20180125170534
2018-01-25 17:07:26.115;RU;AS40-AS1-20180125170413
2018-01-25 17:07:54.370;VU;AS40-AS1-20180125170413
2018-01-25 17:08:17.945;RO;AS40-AS1-20180125170652
2018-01-25 17:08:18.961;SP;AS40-AS1-20180125170652
2018-01-25 17:08:20.616;SQ;AS40-AS1-20180125170820
2018-01-25 17:08:55.019;RC;AS40-AS1-20180125170652
2018-01-25 17:08:55.871;SS;AS40-AS1-20180125170652
2018-01-25 17:08:56.700;RU;AS40-AS1-20180125170534
2018-01-25 17:08:58.548;VU;AS40-AS1-20180125170534
2018-01-25 17:09:32.387;RO;AS40-AS1-20180125170820
2018-01-25 17:09:33.528;SP;AS40-AS1-20180125170820
2018-01-25 17:09:35.177;SQ;AS40-AS1-20180125170935
2018-01-25 17:10:21.816;RC;AS40-AS1-20180125170820
2018-01-25 17:10:22.666;SS;AS40-AS1-20180125170820
2018-01-25 17:10:46.152;RU;AS40-AS1-20180125170652
2018-01-25 17:10:47.982;VU;AS40-AS1-20180125170652
2018-01-25 17:10:58.888;RO;AS40-AS1-20180125170935
2018-01-25 17:11:00.067;SP;AS40-AS1-20180125170935
2018-01-25 17:11:01.710;SQ;AS40-AS1-20180125171101
2018-01-25 17:11:23.540;RU;AS40-AS1-20180125170820
2018-01-25 17:11:28.239;RC;AS40-AS1-20180125170935
2018-01-25 17:11:29.150;SS;AS40-AS1-20180125170935
2018-01-25 17:12:06.965;VU;AS40-AS1-20180125170820
2018-01-25 17:12:07.267;RO;AS40-AS1-20180125171101
2018-01-25 17:12:08.117;SP;AS40-AS1-20180125171101
2018-01-25 17:12:09.774;SQ;AS40-AS1-20180125171209
2018-01-25 17:12:43.905;RC;AS40-AS1-20180125171101
2018-01-25 17:12:44.727;SS;AS40-AS1-20180125171101
2018-01-25 17:12:52.173;RU;AS40-AS1-20180125170935
2018-01-25 17:13:07.773;VU;AS40-AS1-20180125170935
2018-01-25 17:13:32.002;RO;AS40-AS1-20180125171209
2018-01-25 17:13:33.219;SP;AS40-AS1-20180125171209
2018-01-25 17:13:34.884;SQ;AS40-AS1-20180125171334
2018-01-25 17:14:06.556;RU;AS40-AS1-20180125171101
2018-01-25 17:14:08.391;VU;AS40-AS1-20180125171101
2018-01-25 17:14:24.856;RC;AS40-AS1-20180125171209
2018-01-25 17:14:25.700;SS;AS40-AS1-20180125171209
2018-01-25 17:15:02.245;RO;AS40-AS1-20180125171334
2018-01-25 17:15:03.347;SP;AS40-AS1-20180125171334
2018-01-25 17:15:05.934;SQ;AS40-AS1-20180125171505
2018-01-25 17:15:42.027;RC;AS40-AS1-20180125171334
2018-01-25 17:15:42.881;SS;AS40-AS1-20180125171334
2018-01-25 17:15:43.138;RU;AS40-AS1-20180125171209
2018-01-25 17:15:44.968;VU;AS40-AS1-20180125171209
2018-01-25 17:16:09.535;RO;AS40-AS1-20180125171505
2018-01-25 17:16:11.754;SP;AS40-AS1-20180125171505
2018-01-25 17:16:14.838;SQ;AS40-AS1-20180125171614
2018-01-25 17:16:47.482;RC;AS40-AS1-20180125171505
2018-01-25 17:16:48.298;SS;AS40-AS1-20180125171505
2018-01-25 17:16:49.192;RU;AS40-AS1-20180125171334
