2018-01-25 16:58:30.494;SQ;AS42-AS1-20180125165830
2018-01-25 16:58:39.955;RO;AS42-AS1-20180125165830
2018-01-25 16:58:40.869;SP;AS42-AS1-20180125165830
2018-01-25 16:58:42.657;SQ;AS42-AS1-20180125165842
2018-01-25 16:58:53.917;RC;AS42-AS1-20180125165830
2018-01-25 16:58:54.827;SS;AS42-AS1-20180125165830
2018-01-25 16:59:19.634;RO;AS42-AS1-20180125165842
2018-01-25 16:59:20.593;SP;AS42-AS1-20180125165842
2018-01-25 16:59:22.363;SQ;AS42-AS1-20180125165922
2018-01-25 16:59:44.063;RU;AS42-AS1-20180125165830
2018-01-25 16:59:45.924;VU;AS42-AS1-20180125165830
2018-01-25 16:59:53.537;RC;AS42-AS1-20180125165842
2018-01-25 16:59:54.393;SS;AS42-AS1-20180125165842
2018-01-25 17:00:27.349;RO;AS42-AS1-20180125165922
2018-01-25 17:00:28.307;SP;AS42-AS1-20180125165922
2018-01-25 17:00:30.040;SQ;AS42-AS1-20180125170030
2018-01-25 17:01:11.653;RU;AS42-AS1-20180125165842
2018-01-25 17:01:11.790;RC;AS42-AS1-20180125165922
2018-01-25 17:01:13.443;SS;AS42-AS1-20180125165922
2018-01-25 17:01:14.297;VU;AS42-AS1-20180125165842
2018-01-25 17:01:49.388;RO;AS42-AS1-20180125170030
2018-01-25 17:01:50.498;SP;AS42-AS1-20180125170030
2018-01-25 17:01:52.261;SQ;AS42-AS1-20180125170152
2018-01-25 17:02:23.343;RC;AS42-AS1-20180125170030
2018-01-25 17:02:24.208;SS;AS42-AS1-20180125170030
2018-01-25 17:02:41.995;RU;AS42-AS1-20180125165922
2018-01-25 17:02:44.773;VU;AS42-AS1-20180125165922
2018-01-25 17:03:02.663;RO;AS42-AS1-20180125170152
2018-01-25 17:03:03.732;SP;AS42-AS1-20180125170152
2018-01-25 17:03:05.470;SQ;AS42-AS1-20180125170305
2018-01-25 17:03:46.588;RC;AS42-AS1-20180125170152
2018-01-25 17:03:47.440;SS;AS42-AS1-20180125170152
2018-01-25 17:03:48.230;RU;AS42-AS1-20180125170030
2018-01-25 17:03:50.127;VU;AS42-AS1-20180125170030
2018-01-25 17:04:17.214;RO;AS42-AS1-20180125170305
2018-01-25 17:04:18.441;SP;AS42-AS1-20180125170305
2018-01-25 17:04:20.237;SQ;AS42-AS1-20180125170420
2018-01-25 17:04:54.261;RU;AS42-AS1-20180125170152
2018-01-25 17:04:56.125;VU;AS42-AS1-20180125170152
2018-01-25 17:05:07.913;RC;AS42-AS1-20180125170305
2018-01-25 17:05:08.792;SS;AS42-AS1-20180125170305
2018-01-25 17:05:46.972;RO;AS42-AS1-20180125170420
2018-01-25 17:05:49.328;SP;AS42-AS1-20180125170420
2018-01-25 17:05:51.113;SQ;AS42-AS1-20180125170551
2018-01-25 17:06:18.976;RU;AS42-AS1-20180125170305
2018-01-25 17:06:20.822;RC;AS42-AS1-20180125170420
2018-01-25 17:06:22.583;SS;AS42-AS1-20180125170420
2018-01-25 17:06:53.292;VU;AS42-AS1-20180125170305
2018-01-25 17:06:58.715;RO;AS42-AS1-20180125170551
2018-01-25 17:07:00.094;SP;AS42-AS1-20180125170551
2018-01-25 17:07:01.835;SQ;AS42-AS1-20180125170701
2018-01-25 17:07:40.582;RC;AS42-AS1-20180125170551
2018-01-25 17:07:41.445;SS;AS42-AS1-20180125170551
2018-01-25 17:07:59.864;RU;AS42-AS1-20180125170420
2018-01-25 17:08:01.755;VU;AS42-AS1-20180125170420
2018-01-25 17:08:18.083;RO;AS42-AS1-20180125170701
2018-01-25 17:08:19.310;SP;AS42-AS1-20180125170701
2018-01-25 17:08:21.081;SQ;AS42-AS1-20180125170821
2018-01-25 17:08:52.387;RC;AS42-AS1-20180125170701
2018-01-25 17:08:53.267;SS;AS42-AS1-20180125170701
2018-01-25 17:08:55.486;RU;AS42-AS1-20180125170551
2018-01-25 17:08:57.360;VU;AS42-AS1-20180125170551
2018-01-25 17:10:03.437;RU;AS42-AS1-20180125170701
2018-01-25 17:10:05.324;VU;AS42-AS1-20180125170701
2018-01-25 17:10:24.974;RO;AS42-AS1-20180125170821
2018-01-25 17:10:26.073;SP;AS42-AS1-20180125170821
2018-01-25 17:10:27.820;SQ;AS42-AS1-20180125171027
2018-01-25 17:11:17.820;RC;AS42-AS1-20180125170821
2018-01-25 17:11:18.687;SS;AS42-AS1-20180125170821
2018-01-25 17:11:48.483;RO;AS42-AS1-20180125171027
2018-01-25 17:11:49.807;SP;AS42-AS1-20180125171027
2018-01-25 17:11:51.528;SQ;AS42-AS1-20180125171151
2018-01-25 17:12:35.340;RC;AS42-AS1-20180125171027
2018-01-25 17:12:36.227;SS;AS42-AS1-20180125171027
2018-01-25 17:12:36.605;RU;AS42-AS1-20180125170821
2018-01-25 17:13:07.730;VU;AS42-AS1-20180125170821
2018-01-25 17:13:07.829;RO;AS42-AS1-20180125171151
2018-01-25 17:13:08.990;SP;AS42-AS1-20180125171151
2018-01-25 17:13:10.753;SQ;AS42-AS1-20180125171310
2018-01-25 17:13:44.191;RC;AS42-AS1-20180125171151
2018-01-25 17:13:45.058;SS;AS42-AS1-20180125171151
2018-01-25 17:13:45.090;RU;AS42-AS1-20180125171027
2018-01-25 17:14:08.834;VU;AS42-AS1-20180125171027
2018-01-25 17:14:40.946;RO;AS42-AS1-20180125171310
2018-01-25 17:14:42.243;SP;AS42-AS1-20180125171310
2018-01-25 17:14:43.995;SQ;AS42-AS1-20180125171443
2018-01-25 17:14:49.399;RU;AS42-AS1-20180125171151
2018-01-25 17:15:16.011;VU;AS42-AS1-20180125171151
2018-01-25 17:15:42.212;RC;AS42-AS1-20180125171310
2018-01-25 17:15:43.083;SS;AS42-AS1-20180125171310
2018-01-25 17:15:50.114;RO;AS42-AS1-20180125171443
2018-01-25 17:15:51.455;SP;AS42-AS1-20180125171443
2018-01-25 17:15:56.210;SQ;AS42-AS1-20180125171556
2018-01-25 17:16:45.574;RC;AS42-AS1-20180125171443
2018-01-25 17:16:46.449;SS;AS42-AS1-20180125171443
2018-01-25 17:16:54.400;RU;AS42-AS1-20180125171310
