2018-01-25 16:59:31.002;SQ;AS43-AS1-20180125165931
2018-01-25 17:00:41.171;RO;AS43-AS1-20180125165931
2018-01-25 17:00:42.947;SP;AS43-AS1-20180125165931
2018-01-25 17:00:44.626;SQ;AS43-AS1-20180125170044
2018-01-25 17:02:02.336;RO;AS43-AS1-20180125170044
2018-01-25 17:02:03.528;SP;AS43-AS1-20180125170044
2018-01-25 17:02:03.619;RC;AS43-AS1-20180125165931
2018-01-25 17:02:05.313;SS;AS43-AS1-20180125165931
2018-01-25 17:02:06.042;SQ;AS43-AS1-20180125170206
2018-01-25 17:02:38.409;RC;AS43-AS1-20180125170044
2018-01-25 17:02:40.166;SS;AS43-AS1-20180125170044
2018-01-25 17:03:20.418;RO;AS43-AS1-20180125170206
2018-01-25 17:03:21.465;SP;AS43-AS1-20180125170206
2018-01-25 17:03:23.144;SQ;AS43-AS1-20180125170323
2018-01-25 17:03:23.864;RU;AS43-AS1-20180125165931
2018-01-25 17:03:49.729;VU;AS43-AS1-20180125165931
2018-01-25 17:04:08.347;RC;AS43-AS1-20180125170206
2018-01-25 17:04:09.185;SS;AS43-AS1-20180125170206
2018-01-25 17:04:10.583;RU;AS43-AS1-20180125170044
2018-01-25 17:04:12.432;VU;AS43-AS1-20180125170044
2018-01-25 17:05:08.206;RO;AS43-AS1-20180125170323
2018-01-25 17:05:09.088;SP;AS43-AS1-20180125170323
2018-01-25 17:05:10.752;SQ;AS43-AS1-20180125170510
2018-01-25 17:05:26.223;RU;AS43-AS1-20180125170206
2018-01-25 17:05:39.057;RC;AS43-AS1-20180125170323
2018-01-25 17:05:40.668;SS;AS43-AS1-20180125170323
2018-01-25 17:05:52.784;VU;AS43-AS1-20180125170206
2018-01-25 17:06:23.217;RO;AS43-AS1-20180125170510
2018-01-25 17:06:24.192;SP;AS43-AS1-20180125170510
2018-01-25 17:06:25.876;SQ;AS43-AS1-20180125170625
2018-01-25 17:06:45.703;RU;AS43-AS1-20180125170323
2018-01-25 17:06:51.575;VU;AS43-AS1-20180125170323
2018-01-25 17:07:18.845;RC;AS43-AS1-20180125170510
2018-01-25 17:07:19.672;SS;AS43-AS1-20180125170510
2018-01-25 17:07:54.880;RO;AS43-AS1-20180125170625
2018-01-25 17:07:55.808;SP;AS43-AS1-20180125170625
2018-01-25 17:07:57.486;SQ;AS43-AS1-20180125170757
2018-01-25 17:08:25.733;RC;AS43-AS1-20180125170625
2018-01-25 17:08:26.581;SS;AS43-AS1-20180125170625
2018-01-25 17:08:32.656;RU;AS43-AS1-20180125170510
2018-01-25 17:08:55.751;VU;AS43-AS1-20180125170510
2018-01-25 17:09:01.373;RO;AS43-AS1-20180125170757
2018-01-25 17:09:02.396;SP;AS43-AS1-20180125170757
2018-01-25 17:09:04.050;SQ;AS43-AS1-20180125170904
2018-01-25 17:09:39.290;RC;AS43-AS1-20180125170757
2018-01-25 17:09:40.150;SS;AS43-AS1-20180125170757
2018-01-25 17:10:01.144;RU;AS43-AS1-20180125170625
2018-01-25 17:10:02.991;VU;AS43-AS1-20180125170625
2018-01-25 17:10:21.817;RO;AS43-AS1-20180125170904
2018-01-25 17:10:22.965;SP;AS43-AS1-20180125170904
2018-01-25 17:10:24.627;SQ;AS43-AS1-20180125171024
2018-01-25 17:11:00.345;RC;AS43-AS1-20180125170904
2018-01-25 17:11:01.186;SS;AS43-AS1-20180125170904
2018-01-25 17:11:02.571;RU;AS43-AS1-20180125170757
2018-01-25 17:11:04.403;VU;AS43-AS1-20180125170757
2018-01-25 17:11:34.343;RO;AS43-AS1-20180125171024
2018-01-25 17:11:35.527;SP;AS43-AS1-20180125171024
2018-01-25 17:11:37.182;SQ;AS43-AS1-20180125171137
2018-01-25 17:12:10.274;RU;AS43-AS1-20180125170904
2018-01-25 17:12:12.103;VU;AS43-AS1-20180125170904
2018-01-25 17:12:35.156;RC;AS43-AS1-20180125171024
2018-01-25 17:12:36.026;SS;AS43-AS1-20180125171024
2018-01-25 17:13:04.455;RO;AS43-AS1-20180125171137
2018-01-25 17:13:05.624;SP;AS43-AS1-20180125171137
2018-01-25 17:13:07.262;SQ;AS43-AS1-20180125171307
2018-01-25 17:13:41.626;RC;AS43-AS1-20180125171137
2018-01-25 17:13:42.430;RU;AS43-AS1-20180125171024
2018-01-25 17:13:42.517;SS;AS43-AS1-20180125171137
2018-01-25 17:14:09.070;VU;AS43-AS1-20180125171024
2018-01-25 17:14:23.063;RO;AS43-AS1-20180125171307
2018-01-25 17:14:24.223;SP;AS43-AS1-20180125171307
2018-01-25 17:14:25.876;SQ;AS43-AS1-20180125171425
2018-01-25 17:15:01.934;RC;AS43-AS1-20180125171307
2018-01-25 17:15:02.783;SS;AS43-AS1-20180125171307
2018-01-25 17:15:17.254;RU;AS43-AS1-20180125171137
2018-01-25 17:15:19.073;VU;AS43-AS1-20180125171137
2018-01-25 17:15:43.971;RO;AS43-AS1-20180125171425
2018-01-25 17:15:45.312;SP;AS43-AS1-20180125171425
2018-01-25 17:15:46.986;SQ;AS43-AS1-20180125171546
2018-01-25 17:16:49.929;RU;AS43-AS1-20180125171307
2018-01-25 17:16:51.748;VU;AS43-AS1-20180125171307
2018-01-25 17:16:59.299;RC;AS43-AS1-20180125171425
2018-01-25 17:17:00.117;SS;AS43-AS1-20180125171425
2018-01-25 17:17:14.256;RO;AS43-AS1-20180125171546
2018-01-25 17:17:15.416;SP;AS43-AS1-20180125171546
2018-01-25 17:17:17.094;SQ;AS43-AS1-20180125171717
2018-01-25 17:17:32.948;RC;AS43-AS1-20180125171546
2018-01-25 17:17:33.799;SS;AS43-AS1-20180125171546
2018-01-25 17:17:39.486;RO;AS43-AS1-20180125171717
2018-01-25 17:17:40.450;SP;AS43-AS1-20180125171717
2018-01-25 17:17:42.129;SQ;AS43-AS1-20180125171742
2018-01-25 17:17:42.424;RU;AS43-AS1-20180125171425
2018-01-25 17:17:44.246;RC;AS43-AS1-20180125171717
2018-01-25 17:17:45.944;SS;AS43-AS1-20180125171717
2018-01-25 17:17:46.906;RU;AS43-AS1-20180125171546
2018-01-25 17:17:47.483;RO;AS43-AS1-20180125171742
2018-01-25 17:17:49.463;SP;AS43-AS1-20180125171742
2018-01-25 17:17:50.062;RC;AS43-AS1-20180125171742
2018-01-25 17:17:51.524;RU;AS43-AS1-20180125171717
2018-01-25 17:17:54.072;SS;AS43-AS1-20180125171742
2018-01-25 17:17:54.488;SQ;AS43-AS1-20180125171754
2018-01-25 17:17:55.800;RO;AS43-AS1-20180125171754
2018-01-25 17:17:58.332;RU;AS43-AS1-20180125171742
2018-01-25 17:17:58.764;SP;AS43-AS1-20180125171754
