2018-01-25 16:58:38.593;SQ;AS50-AS1-20180125165838
2018-01-25 16:59:09.030;RO;AS50-AS1-20180125165838
2018-01-25 16:59:09.949;SP;AS50-AS1-20180125165838
2018-01-25 16:59:11.587;SQ;AS50-AS1-20180125165911
2018-01-25 16:59:40.452;RC;AS50-AS1-20180125165838
2018-01-25 16:59:41.275;SS;AS50-AS1-20180125165838
2018-01-25 17:00:12.550;RO;AS50-AS1-20180125165911
2018-01-25 17:00:13.466;SP;AS50-AS1-20180125165911
2018-01-25 17:00:15.119;SQ;AS50-AS1-20180125170015
2018-01-25 17:00:57.029;RU;AS50-AS1-20180125165838
2018-01-25 17:00:58.681;RC;AS50-AS1-20180125165911
2018-01-25 17:00:58.862;VU;AS50-AS1-20180125165838
2018-01-25 17:00:59.518;SS;AS50-AS1-20180125165911
2018-01-25 17:01:26.764;RO;AS50-AS1-20180125170015
2018-01-25 17:01:28.014;SP;AS50-AS1-20180125170015
2018-01-25 17:01:29.652;SQ;AS50-AS1-20180125170129
2018-01-25 17:02:06.756;RC;AS50-AS1-20180125170015
2018-01-25 17:02:07.555;SS;AS50-AS1-20180125170015
2018-01-25 17:02:13.252;RU;AS50-AS1-20180125165911
2018-01-25 17:02:15.063;VU;AS50-AS1-20180125165911
2018-01-25 17:02:37.624;RO;AS50-AS1-20180125170129
2018-01-25 17:02:39.395;SP;AS50-AS1-20180125170129
2018-01-25 17:02:42.889;SQ;AS50-AS1-20180125170242
2018-01-25 17:03:19.456;RC;AS50-AS1-20180125170129
2018-01-25 17:03:20.275;SS;AS50-AS1-20180125170129
2018-01-25 17:03:29.894;RU;AS50-AS1-20180125170015
2018-01-25 17:03:50.828;RO;AS50-AS1-20180125170242
2018-01-25 17:03:52.569;SP;AS50-AS1-20180125170242
2018-01-25 17:03:54.876;SQ;AS50-AS1-20180125170354
2018-01-25 17:04:27.413;RC;AS50-AS1-20180125170242
2018-01-25 17:04:28.551;SS;AS50-AS1-20180125170242
2018-01-25 17:04:51.538;RU;AS50-AS1-20180125170129
2018-01-25 17:04:54.169;VU;AS50-AS1-20180125170129
2018-01-25 17:05:08.485;RO;AS50-AS1-20180125170354
2018-01-25 17:05:10.244;SP;AS50-AS1-20180125170354
2018-01-25 17:05:12.755;SQ;AS50-AS1-20180125170512
2018-01-25 17:05:53.075;RC;AS50-AS1-20180125170354
2018-01-25 17:05:54.117;SS;AS50-AS1-20180125170354
2018-01-25 17:06:17.261;RU;AS50-AS1-20180125170242
2018-01-25 17:06:19.538;VU;AS50-AS1-20180125170242
2018-01-25 17:06:28.062;RO;AS50-AS1-20180125170512
2018-01-25 17:06:29.309;SP;AS50-AS1-20180125170512
2018-01-25 17:06:31.641;SQ;AS50-AS1-20180125170631
2018-01-25 17:07:04.312;RU;AS50-AS1-20180125170354
2018-01-25 17:07:06.654;VU;AS50-AS1-20180125170354
2018-01-25 17:07:17.922;RC;AS50-AS1-20180125170512
2018-01-25 17:07:18.851;SS;AS50-AS1-20180125170512
2018-01-25 17:07:53.545;RO;AS50-AS1-20180125170631
2018-01-25 17:07:54.813;SP;AS50-AS1-20180125170631
2018-01-25 17:07:57.290;SQ;AS50-AS1-20180125170757
2018-01-25 17:08:22.444;RU;AS50-AS1-20180125170512
2018-01-25 17:08:29.208;RC;AS50-AS1-20180125170631
2018-01-25 17:08:31.047;SS;AS50-AS1-20180125170631
2018-01-25 17:08:59.404;VU;AS50-AS1-20180125170512
2018-01-25 17:09:29.593;RO;AS50-AS1-20180125170757
2018-01-25 17:09:30.734;SP;AS50-AS1-20180125170757
2018-01-25 17:09:33.238;SQ;AS50-AS1-20180125170933
2018-01-25 17:09:55.607;RU;AS50-AS1-20180125170631
2018-01-25 17:09:59.874;VU;AS50-AS1-20180125170631
2018-01-25 17:10:08.012;RC;AS50-AS1-20180125170757
2018-01-25 17:10:08.834;SS;AS50-AS1-20180125170757
2018-01-25 17:10:46.792;RO;AS50-AS1-20180125170933
2018-01-25 17:10:48.089;SP;AS50-AS1-20180125170933
2018-01-25 17:10:50.577;SQ;AS50-AS1-20180125171050
2018-01-25 17:11:17.688;RU;AS50-AS1-20180125170757
2018-01-25 17:11:19.705;VU;AS50-AS1-20180125170757
2018-01-25 17:11:26.236;RC;AS50-AS1-20180125170933
2018-01-25 17:11:27.407;SS;AS50-AS1-20180125170933
2018-01-25 17:12:01.104;RO;AS50-AS1-20180125171050
2018-01-25 17:12:03.706;SP;AS50-AS1-20180125171050
2018-01-25 17:12:08.216;SQ;AS50-AS1-20180125171208
2018-01-25 17:12:36.618;RC;AS50-AS1-20180125171050
2018-01-25 17:12:37.421;SS;AS50-AS1-20180125171050
2018-01-25 17:13:15.496;RO;AS50-AS1-20180125171208
2018-01-25 17:13:16.612;SP;AS50-AS1-20180125171208
2018-01-25 17:13:19.079;SQ;AS50-AS1-20180125171319
2018-01-25 17:13:32.054;RU;AS50-AS1-20180125170933
2018-01-25 17:13:34.635;VU;AS50-AS1-20180125170933
2018-01-25 17:13:49.672;RU;AS50-AS1-20180125171050
2018-01-25 17:14:01.675;RC;AS50-AS1-20180125171208
2018-01-25 17:14:06.079;SS;AS50-AS1-20180125171208
2018-01-25 17:14:11.606;VU;AS50-AS1-20180125171050
2018-01-25 17:14:37.456;RO;AS50-AS1-20180125171319
2018-01-25 17:14:38.710;SP;AS50-AS1-20180125171319
2018-01-25 17:14:41.174;SQ;AS50-AS1-20180125171441
2018-01-25 17:15:14.367;RU;AS50-AS1-20180125171208
2018-01-25 17:15:16.687;VU;AS50-AS1-20180125171208
2018-01-25 17:15:17.939;RC;AS50-AS1-20180125171319
2018-01-25 17:15:19.424;SS;AS50-AS1-20180125171319
2018-01-25 17:15:50.944;RO;AS50-AS1-20180125171441
2018-01-25 17:15:52.621;SP;AS50-AS1-20180125171441
2018-01-25 17:15:54.812;SQ;AS50-AS1-20180125171554
2018-01-25 17:16:38.525;RU;AS50-AS1-20180125171319
2018-01-25 17:16:40.227;RC;AS50-AS1-20180125171441
2018-01-25 17:16:41.025;VU;AS50-AS1-20180125171319
2018-01-25 17:16:41.225;SS;AS50-AS1-20180125171441
