2018-01-25 16:58:52.162;SQ;AS52-AS1-20180125165852
2018-01-25 16:59:34.864;RO;AS52-AS1-20180125165852
2018-01-25 16:59:36.483;SP;AS52-AS1-20180125165852
2018-01-25 16:59:38.132;SQ;AS52-AS1-20180125165938
2018-01-25 17:00:10.129;RC;AS52-AS1-20180125165852
2018-01-25 17:00:10.967;SS;AS52-AS1-20180125165852
2018-01-25 17:00:51.770;RO;AS52-AS1-20180125165938
2018-01-25 17:00:53.026;SP;AS52-AS1-20180125165938
2018-01-25 17:00:54.655;SQ;AS52-AS1-20180125170054
2018-01-25 17:01:24.851;RU;AS52-AS1-20180125165852
2018-01-25 17:01:29.008;RC;AS52-AS1-20180125165938
2018-01-25 17:01:30.160;SS;AS52-AS1-20180125165938
2018-01-25 17:01:47.915;VU;AS52-AS1-20180125165852
2018-01-25 17:02:04.166;RO;AS52-AS1-20180125170054
2018-01-25 17:02:05.084;SP;AS52-AS1-20180125170054
2018-01-25 17:02:06.743;SQ;AS52-AS1-20180125170206
2018-01-25 17:02:40.427;RC;AS52-AS1-20180125170054
2018-01-25 17:02:42.132;SS;AS52-AS1-20180125170054
2018-01-25 17:02:48.614;RU;AS52-AS1-20180125165938
2018-01-25 17:02:50.451;VU;AS52-AS1-20180125165938
2018-01-25 17:03:21.508;RO;AS52-AS1-20180125170206
2018-01-25 17:03:22.655;SP;AS52-AS1-20180125170206
2018-01-25 17:03:24.299;SQ;AS52-AS1-20180125170324
2018-01-25 17:03:54.885;RU;AS52-AS1-20180125170054
2018-01-25 17:03:56.693;VU;AS52-AS1-20180125170054
2018-01-25 17:04:10.123;RC;AS52-AS1-20180125170206
2018-01-25 17:04:10.937;SS;AS52-AS1-20180125170206
2018-01-25 17:04:45.194;RO;AS52-AS1-20180125170324
2018-01-25 17:04:46.953;SP;AS52-AS1-20180125170324
2018-01-25 17:04:48.579;SQ;AS52-AS1-20180125170448
2018-01-25 17:05:23.243;RC;AS52-AS1-20180125170324
2018-01-25 17:05:23.949;RU;AS52-AS1-20180125170206
2018-01-25 17:05:24.159;SS;AS52-AS1-20180125170324
2018-01-25 17:05:52.752;VU;AS52-AS1-20180125170206
2018-01-25 17:06:18.103;RO;AS52-AS1-20180125170448
2018-01-25 17:06:19.003;SP;AS52-AS1-20180125170448
2018-01-25 17:06:20.630;SQ;AS52-AS1-20180125170620
2018-01-25 17:06:54.480;RU;AS52-AS1-20180125170324
2018-01-25 17:06:56.335;VU;AS52-AS1-20180125170324
2018-01-25 17:06:57.382;RC;AS52-AS1-20180125170448
2018-01-25 17:06:58.197;SS;AS52-AS1-20180125170448
2018-01-25 17:07:40.152;RO;AS52-AS1-20180125170620
2018-01-25 17:07:41.028;SP;AS52-AS1-20180125170620
2018-01-25 17:07:42.690;SQ;AS52-AS1-20180125170742
2018-01-25 17:08:16.950;RC;AS52-AS1-20180125170620
2018-01-25 17:08:17.781;SS;AS52-AS1-20180125170620
2018-01-25 17:08:18.286;RU;AS52-AS1-20180125170448
2018-01-25 17:08:20.111;VU;AS52-AS1-20180125170448
2018-01-25 17:08:44.936;RO;AS52-AS1-20180125170742
2018-01-25 17:08:46.927;SP;AS52-AS1-20180125170742
2018-01-25 17:08:50.479;SQ;AS52-AS1-20180125170850
2018-01-25 17:09:21.938;RU;AS52-AS1-20180125170620
2018-01-25 17:09:50.389;RC;AS52-AS1-20180125170742
2018-01-25 17:09:52.538;SS;AS52-AS1-20180125170742
2018-01-25 17:10:00.938;VU;AS52-AS1-20180125170620
2018-01-25 17:10:05.867;RO;AS52-AS1-20180125170850
2018-01-25 17:10:06.894;SP;AS52-AS1-20180125170850
2018-01-25 17:10:08.564;SQ;AS52-AS1-20180125171008
2018-01-25 17:10:43.276;RC;AS52-AS1-20180125170850
2018-01-25 17:10:44.080;SS;AS52-AS1-20180125170850
2018-01-25 17:11:17.689;RU;AS52-AS1-20180125170742
2018-01-25 17:11:19.278;RO;AS52-AS1-20180125171008
2018-01-25 17:11:19.526;VU;AS52-AS1-20180125170742
2018-01-25 17:11:20.429;SP;AS52-AS1-20180125171008
2018-01-25 17:11:22.056;SQ;AS52-AS1-20180125171122
2018-01-25 17:12:00.790;RC;AS52-AS1-20180125171008
2018-01-25 17:12:02.477;SS;AS52-AS1-20180125171008
2018-01-25 17:12:02.849;RU;AS52-AS1-20180125170850
2018-01-25 17:12:05.641;VU;AS52-AS1-20180125170850
2018-01-25 17:12:37.896;RO;AS52-AS1-20180125171122
2018-01-25 17:12:38.970;SP;AS52-AS1-20180125171122
2018-01-25 17:12:40.629;SQ;AS52-AS1-20180125171240
2018-01-25 17:13:30.975;RC;AS52-AS1-20180125171122
2018-01-25 17:13:31.813;SS;AS52-AS1-20180125171122
2018-01-25 17:13:32.099;RU;AS52-AS1-20180125171008
2018-01-25 17:13:33.938;VU;AS52-AS1-20180125171008
2018-01-25 17:14:10.030;RO;AS52-AS1-20180125171240
2018-01-25 17:14:11.037;SP;AS52-AS1-20180125171240
2018-01-25 17:14:12.688;SQ;AS52-AS1-20180125171412
2018-01-25 17:14:38.238;RU;AS52-AS1-20180125171122
2018-01-25 17:14:54.209;RC;AS52-AS1-20180125171240
2018-01-25 17:14:55.343;SS;AS52-AS1-20180125171240
2018-01-25 17:15:15.614;VU;AS52-AS1-20180125171122
2018-01-25 17:15:43.199;RO;AS52-AS1-20180125171412
2018-01-25 17:15:44.119;SP;AS52-AS1-20180125171412
2018-01-25 17:15:45.739;SQ;AS52-AS1-20180125171545
2018-01-25 17:16:12.518;RC;AS52-AS1-20180125171412
2018-01-25 17:16:13.338;SS;AS52-AS1-20180125171412
2018-01-25 17:16:40.377;RU;AS52-AS1-20180125171240
2018-01-25 17:16:42.211;VU;AS52-AS1-20180125171240
2018-01-25 17:17:15.452;RO;AS52-AS1-20180125171545
2018-01-25 17:17:16.656;SP;AS52-AS1-20180125171545
2018-01-25 17:17:18.337;SQ;AS52-AS1-20180125171718
