2018-01-25 16:58:37.133;SQ;AS54-AS1-20180125165837
2018-01-25 16:59:04.897;RO;AS54-AS1-20180125165837
2018-01-25 16:59:05.985;SP;AS54-AS1-20180125165837
2018-01-25 16:59:07.674;SQ;AS54-AS1-20180125165907
2018-01-25 16:59:30.821;RC;AS54-AS1-20180125165837
2018-01-25 16:59:31.629;SS;AS54-AS1-20180125165837
2018-01-25 17:00:05.302;RO;AS54-AS1-20180125165907
2018-01-25 17:00:06.574;SP;AS54-AS1-20180125165907
2018-01-25 17:00:08.238;SQ;AS54-AS1-20180125170008
2018-01-25 17:00:37.170;RU;AS54-AS1-20180125165837
2018-01-25 17:00:45.437;RC;AS54-AS1-20180125165907
2018-01-25 17:00:46.914;SS;AS54-AS1-20180125165907
2018-01-25 17:00:47.654;VU;AS54-AS1-20180125165837
2018-01-25 17:01:14.050;RO;AS54-AS1-20180125170008
2018-01-25 17:01:15.152;SP;AS54-AS1-20180125170008
2018-01-25 17:01:16.809;SQ;AS54-AS1-20180125170116
2018-01-25 17:02:04.044;RC;AS54-AS1-20180125170008
2018-01-25 17:02:04.648;RU;AS54-AS1-20180125165907
2018-01-25 17:02:05.081;SS;AS54-AS1-20180125170008
2018-01-25 17:02:06.733;VU;AS54-AS1-20180125165907
2018-01-25 17:03:07.739;RO;AS54-AS1-20180125170116
2018-01-25 17:03:08.754;SP;AS54-AS1-20180125170116
2018-01-25 17:03:10.439;SQ;AS54-AS1-20180125170310
2018-01-25 17:03:23.567;RU;AS54-AS1-20180125170008
2018-01-25 17:03:51.000;VU;AS54-AS1-20180125170008
2018-01-25 17:04:09.636;RC;AS54-AS1-20180125170116
2018-01-25 17:04:10.478;SS;AS54-AS1-20180125170116
2018-01-25 17:04:22.180;RO;AS54-AS1-20180125170310
2018-01-25 17:04:23.357;SP;AS54-AS1-20180125170310
2018-01-25 17:04:25.009;SQ;AS54-AS1-20180125170425
2018-01-25 17:05:08.391;RC;AS54-AS1-20180125170310
2018-01-25 17:05:09.198;SS;AS54-AS1-20180125170310
2018-01-25 17:05:20.861;RU;AS54-AS1-20180125170116
2018-01-25 17:05:48.208;RO;AS54-AS1-20180125170425
2018-01-25 17:05:51.801;SP;AS54-AS1-20180125170425
2018-01-25 17:05:52.801;VU;AS54-AS1-20180125170116
2018-01-25 17:05:53.466;SQ;AS54-AS1-20180125170553
2018-01-25 17:06:17.961;RU;AS54-AS1-20180125170310
2018-01-25 17:06:24.953;RC;AS54-AS1-20180125170425
2018-01-25 17:06:26.249;SS;AS54-AS1-20180125170425
2018-01-25 17:06:52.926;VU;AS54-AS1-20180125170310
2018-01-25 17:07:17.920;RO;AS54-AS1-20180125170553
2018-01-25 17:07:18.888;SP;AS54-AS1-20180125170553
2018-01-25 17:07:20.516;SQ;AS54-AS1-20180125170720
2018-01-25 17:07:50.205;RU;AS54-AS1-20180125170425
2018-01-25 17:07:51.139;RC;AS54-AS1-20180125170553
2018-01-25 17:07:51.966;SS;AS54-AS1-20180125170553
2018-01-25 17:07:52.026;VU;AS54-AS1-20180125170425
2018-01-25 17:08:33.653;RO;AS54-AS1-20180125170720
2018-01-25 17:08:34.925;SP;AS54-AS1-20180125170720
2018-01-25 17:08:36.590;SQ;AS54-AS1-20180125170836
2018-01-25 17:09:16.745;RU;AS54-AS1-20180125170553
2018-01-25 17:09:17.917;RC;AS54-AS1-20180125170720
2018-01-25 17:09:18.571;VU;AS54-AS1-20180125170553
2018-01-25 17:09:18.749;SS;AS54-AS1-20180125170720
2018-01-25 17:09:58.030;RO;AS54-AS1-20180125170836
2018-01-25 17:09:59.002;SP;AS54-AS1-20180125170836
2018-01-25 17:10:00.647;SQ;AS54-AS1-20180125171000
2018-01-25 17:10:25.604;RU;AS54-AS1-20180125170720
2018-01-25 17:10:27.410;VU;AS54-AS1-20180125170720
2018-01-25 17:10:32.112;RC;AS54-AS1-20180125170836
2018-01-25 17:10:32.927;SS;AS54-AS1-20180125170836
2018-01-25 17:11:17.683;RO;AS54-AS1-20180125171000
2018-01-25 17:11:18.540;SP;AS54-AS1-20180125171000
2018-01-25 17:11:20.170;SQ;AS54-AS1-20180125171120
2018-01-25 17:11:45.152;RC;AS54-AS1-20180125171000
2018-01-25 17:11:45.959;SS;AS54-AS1-20180125171000
2018-01-25 17:11:57.919;RU;AS54-AS1-20180125170836
2018-01-25 17:12:06.460;VU;AS54-AS1-20180125170836
2018-01-25 17:12:36.647;RO;AS54-AS1-20180125171120
2018-01-25 17:12:37.572;SP;AS54-AS1-20180125171120
2018-01-25 17:12:39.185;SQ;AS54-AS1-20180125171239
2018-01-25 17:13:07.449;RC;AS54-AS1-20180125171120
2018-01-25 17:13:08.274;SS;AS54-AS1-20180125171120
2018-01-25 17:13:41.048;RU;AS54-AS1-20180125171000
2018-01-25 17:13:42.854;VU;AS54-AS1-20180125171000
2018-01-25 17:14:04.913;RO;AS54-AS1-20180125171239
2018-01-25 17:14:06.089;SP;AS54-AS1-20180125171239
2018-01-25 17:14:07.738;SQ;AS54-AS1-20180125171407
2018-01-25 17:14:25.131;RU;AS54-AS1-20180125171120
2018-01-25 17:14:26.930;VU;AS54-AS1-20180125171120
2018-01-25 17:14:42.790;RC;AS54-AS1-20180125171239
2018-01-25 17:14:43.624;SS;AS54-AS1-20180125171239
2018-01-25 17:15:19.344;RO;AS54-AS1-20180125171407
2018-01-25 17:15:20.639;SP;AS54-AS1-20180125171407
2018-01-25 17:15:22.286;SQ;AS54-AS1-20180125171522
2018-01-25 17:15:48.832;RC;AS54-AS1-20180125171407
2018-01-25 17:15:49.662;SS;AS54-AS1-20180125171407
2018-01-25 17:16:11.684;RU;AS54-AS1-20180125171239
2018-01-25 17:16:14.133;VU;AS54-AS1-20180125171239
2018-01-25 17:16:19.122;RO;AS54-AS1-20180125171522
2018-01-25 17:16:20.173;SP;AS54-AS1-20180125171522
2018-01-25 17:16:21.834;SQ;AS54-AS1-20180125171621
2018-01-25 17:16:50.370;RC;AS54-AS1-20180125171522
2018-01-25 17:16:51.181;SS;AS54-AS1-20180125171522
