2018-01-25 16:58:35.561;SQ;AS56-AS1-20180125165835
2018-01-25 16:59:05.376;RO;AS56-AS1-20180125165835
2018-01-25 16:59:06.413;SP;AS56-AS1-20180125165835
2018-01-25 16:59:08.036;SQ;AS56-AS1-20180125165908
2018-01-25 16:59:32.912;RC;AS56-AS1-20180125165835
2018-01-25 16:59:33.709;SS;AS56-AS1-20180125165835
2018-01-25 17:00:31.014;RO;AS56-AS1-20180125165908
2018-01-25 17:00:31.924;SP;AS56-AS1-20180125165908
2018-01-25 17:00:33.527;SQ;AS56-AS1-20180125170033
2018-01-25 17:00:44.184;RU;AS56-AS1-20180125165835
2018-01-25 17:00:46.018;VU;AS56-AS1-20180125165835
2018-01-25 17:01:14.177;RC;AS56-AS1-20180125165908
2018-01-25 17:01:14.999;SS;AS56-AS1-20180125165908
2018-01-25 17:02:04.005;RO;AS56-AS1-20180125170033
2018-01-25 17:02:04.945;SP;AS56-AS1-20180125170033
2018-01-25 17:02:06.581;SQ;AS56-AS1-20180125170206
2018-01-25 17:02:36.129;RU;AS56-AS1-20180125165908
2018-01-25 17:02:37.368;RC;AS56-AS1-20180125170033
2018-01-25 17:02:38.929;SS;AS56-AS1-20180125170033
2018-01-25 17:02:46.535;VU;AS56-AS1-20180125165908
2018-01-25 17:03:27.873;RO;AS56-AS1-20180125170206
2018-01-25 17:03:29.000;SP;AS56-AS1-20180125170206
2018-01-25 17:03:30.624;SQ;AS56-AS1-20180125170330
2018-01-25 17:04:09.577;RU;AS56-AS1-20180125170033
2018-01-25 17:04:11.366;VU;AS56-AS1-20180125170033
2018-01-25 17:04:32.906;RC;AS56-AS1-20180125170206
2018-01-25 17:04:33.720;SS;AS56-AS1-20180125170206
2018-01-25 17:04:41.881;RO;AS56-AS1-20180125170330
2018-01-25 17:04:44.003;SP;AS56-AS1-20180125170330
2018-01-25 17:04:47.426;SQ;AS56-AS1-20180125170447
2018-01-25 17:05:23.555;RC;AS56-AS1-20180125170330
2018-01-25 17:05:24.348;SS;AS56-AS1-20180125170330
2018-01-25 17:06:16.812;RO;AS56-AS1-20180125170447
2018-01-25 17:06:17.839;SP;AS56-AS1-20180125170447
2018-01-25 17:06:19.468;SQ;AS56-AS1-20180125170619
2018-01-25 17:06:27.226;RU;AS56-AS1-20180125170206
2018-01-25 17:06:29.021;VU;AS56-AS1-20180125170206
2018-01-25 17:06:48.268;RU;AS56-AS1-20180125170330
2018-01-25 17:06:50.675;RC;AS56-AS1-20180125170447
2018-01-25 17:06:50.713;VU;AS56-AS1-20180125170330
2018-01-25 17:06:51.471;SS;AS56-AS1-20180125170447
2018-01-25 17:07:30.658;RO;AS56-AS1-20180125170619
2018-01-25 17:07:31.868;SP;AS56-AS1-20180125170619
2018-01-25 17:07:33.514;SQ;AS56-AS1-20180125170733
2018-01-25 17:08:18.037;RU;AS56-AS1-20180125170447
2018-01-25 17:08:18.229;RC;AS56-AS1-20180125170619
2018-01-25 17:08:19.667;SS;AS56-AS1-20180125170619
2018-01-25 17:08:20.380;VU;AS56-AS1-20180125170447
2018-01-25 17:08:53.516;RO;AS56-AS1-20180125170733
2018-01-25 17:08:54.435;SP;AS56-AS1-20180125170733
2018-01-25 17:08:56.060;SQ;AS56-AS1-20180125170856
2018-01-25 17:09:31.056;RC;AS56-AS1-20180125170733
2018-01-25 17:09:31.885;SS;AS56-AS1-20180125170733
2018-01-25 17:09:58.980;RU;AS56-AS1-20180125170619
2018-01-25 17:10:00.795;VU;AS56-AS1-20180125170619
2018-01-25 17:10:07.988;RO;AS56-AS1-20180125170856
2018-01-25 17:10:08.931;SP;AS56-AS1-20180125170856
2018-01-25 17:10:10.552;SQ;AS56-AS1-20180125171010
2018-01-25 17:10:45.565;RC;AS56-AS1-20180125170856
2018-01-25 17:10:46.385;SS;AS56-AS1-20180125170856
2018-01-25 17:10:58.447;RU;AS56-AS1-20180125170733
2018-01-25 17:11:00.268;VU;AS56-AS1-20180125170733
2018-01-25 17:11:26.211;RO;AS56-AS1-20180125171010
2018-01-25 17:11:27.454;SP;AS56-AS1-20180125171010
2018-01-25 17:11:29.075;SQ;AS56-AS1-20180125171129
2018-01-25 17:12:04.902;RU;AS56-AS1-20180125170856
2018-01-25 17:12:06.730;VU;AS56-AS1-20180125170856
2018-01-25 17:12:14.808;RC;AS56-AS1-20180125171010
2018-01-25 17:12:15.607;SS;AS56-AS1-20180125171010
2018-01-25 17:12:40.384;RO;AS56-AS1-20180125171129
2018-01-25 17:12:41.470;SP;AS56-AS1-20180125171129
2018-01-25 17:12:43.102;SQ;AS56-AS1-20180125171243
2018-01-25 17:13:13.722;RU;AS56-AS1-20180125171010
2018-01-25 17:13:15.515;VU;AS56-AS1-20180125171010
2018-01-25 17:13:30.763;RC;AS56-AS1-20180125171129
2018-01-25 17:13:31.575;SS;AS56-AS1-20180125171129
2018-01-25 17:14:04.081;RO;AS56-AS1-20180125171243
2018-01-25 17:14:06.032;SP;AS56-AS1-20180125171243
2018-01-25 17:14:07.662;SQ;AS56-AS1-20180125171407
2018-01-25 17:14:37.266;RU;AS56-AS1-20180125171129
2018-01-25 17:15:15.636;VU;AS56-AS1-20180125171129
2018-01-25 17:15:17.693;RC;AS56-AS1-20180125171243
2018-01-25 17:15:18.514;SS;AS56-AS1-20180125171243
2018-01-25 17:15:47.223;RO;AS56-AS1-20180125171407
2018-01-25 17:15:48.113;SP;AS56-AS1-20180125171407
2018-01-25 17:15:49.723;SQ;AS56-AS1-20180125171549
2018-01-25 17:16:39.794;RU;AS56-AS1-20180125171243
2018-01-25 17:16:40.173;RC;AS56-AS1-20180125171407
2018-01-25 17:16:41.443;SS;AS56-AS1-20180125171407
2018-01-25 17:16:41.996;VU;AS56-AS1-20180125171243
