2018-01-25 16:59:30.717;SQ;AS57-AS1-20180125165930
2018-01-25 17:00:41.467;RO;AS57-AS1-20180125165930
2018-01-25 17:00:43.524;SP;AS57-AS1-20180125165930
2018-01-25 17:00:45.207;SQ;AS57-AS1-20180125170045
2018-01-25 17:01:17.947;RC;AS57-AS1-20180125165930
2018-01-25 17:01:18.788;SS;AS57-AS1-20180125165930
2018-01-25 17:02:04.019;RO;AS57-AS1-20180125170045
2018-01-25 17:02:05.131;SP;AS57-AS1-20180125170045
2018-01-25 17:02:06.807;SQ;AS57-AS1-20180125170206
2018-01-25 17:02:39.215;RU;AS57-AS1-20180125165930
2018-01-25 17:02:44.938;RC;AS57-AS1-20180125170045
2018-01-25 17:02:46.288;SS;AS57-AS1-20180125170045
2018-01-25 17:02:46.888;VU;AS57-AS1-20180125165930
2018-01-25 17:03:43.964;RO;AS57-AS1-20180125170206
2018-01-25 17:03:46.324;SP;AS57-AS1-20180125170206
2018-01-25 17:03:47.988;SQ;AS57-AS1-20180125170347
2018-01-25 17:04:09.415;RU;AS57-AS1-20180125170045
2018-01-25 17:04:11.245;VU;AS57-AS1-20180125170045
2018-01-25 17:04:19.439;RC;AS57-AS1-20180125170206
2018-01-25 17:04:20.261;SS;AS57-AS1-20180125170206
2018-01-25 17:05:08.542;RO;AS57-AS1-20180125170347
2018-01-25 17:05:09.394;SP;AS57-AS1-20180125170347
2018-01-25 17:05:11.075;SQ;AS57-AS1-20180125170511
2018-01-25 17:05:49.622;RC;AS57-AS1-20180125170347
2018-01-25 17:05:50.469;SS;AS57-AS1-20180125170347
2018-01-25 17:05:52.296;RU;AS57-AS1-20180125170206
2018-01-25 17:05:54.137;VU;AS57-AS1-20180125170206
2018-01-25 17:06:27.560;RO;AS57-AS1-20180125170511
2018-01-25 17:06:28.482;SP;AS57-AS1-20180125170511
2018-01-25 17:06:30.146;SQ;AS57-AS1-20180125170630
2018-01-25 17:06:52.521;RU;AS57-AS1-20180125170347
2018-01-25 17:07:19.153;RC;AS57-AS1-20180125170511
2018-01-25 17:07:20.020;SS;AS57-AS1-20180125170511
2018-01-25 17:08:00.557;RO;AS57-AS1-20180125170630
2018-01-25 17:08:01.780;SP;AS57-AS1-20180125170630
2018-01-25 17:08:04.324;SQ;AS57-AS1-20180125170804
2018-01-25 17:08:30.148;RC;AS57-AS1-20180125170630
2018-01-25 17:08:31.473;SS;AS57-AS1-20180125170630
2018-01-25 17:08:57.973;RU;AS57-AS1-20180125170511
2018-01-25 17:09:00.566;VU;AS57-AS1-20180125170511
2018-01-25 17:09:17.992;RO;AS57-AS1-20180125170804
2018-01-25 17:09:19.582;SP;AS57-AS1-20180125170804
2018-01-25 17:09:21.992;SQ;AS57-AS1-20180125170921
2018-01-25 17:10:02.360;RC;AS57-AS1-20180125170804
2018-01-25 17:10:03.591;SS;AS57-AS1-20180125170804
2018-01-25 17:10:04.978;RU;AS57-AS1-20180125170630
2018-01-25 17:10:06.799;VU;AS57-AS1-20180125170630
2018-01-25 17:10:43.493;RO;AS57-AS1-20180125170921
2018-01-25 17:10:44.518;SP;AS57-AS1-20180125170921
2018-01-25 17:10:46.930;SQ;AS57-AS1-20180125171046
2018-01-25 17:11:17.782;RU;AS57-AS1-20180125170804
2018-01-25 17:11:19.078;RC;AS57-AS1-20180125170921
2018-01-25 17:11:20.260;SS;AS57-AS1-20180125170921
2018-01-25 17:11:20.333;VU;AS57-AS1-20180125170804
2018-01-25 17:12:35.494;RU;AS57-AS1-20180125170921
2018-01-25 17:12:36.417;RO;AS57-AS1-20180125171046
2018-01-25 17:12:38.615;SP;AS57-AS1-20180125171046
2018-01-25 17:12:42.554;SQ;AS57-AS1-20180125171242
2018-01-25 17:13:11.434;VU;AS57-AS1-20180125170921
2018-01-25 17:13:13.763;RC;AS57-AS1-20180125171046
2018-01-25 17:13:14.996;SS;AS57-AS1-20180125171046
2018-01-25 17:14:09.996;RO;AS57-AS1-20180125171242
2018-01-25 17:14:11.249;SP;AS57-AS1-20180125171242
2018-01-25 17:14:13.696;SQ;AS57-AS1-20180125171413
2018-01-25 17:14:33.436;RU;AS57-AS1-20180125171046
2018-01-25 17:14:35.788;VU;AS57-AS1-20180125171046
2018-01-25 17:14:49.803;RC;AS57-AS1-20180125171242
2018-01-25 17:14:50.627;SS;AS57-AS1-20180125171242
2018-01-25 17:15:41.979;RO;AS57-AS1-20180125171413
2018-01-25 17:15:43.355;SP;AS57-AS1-20180125171413
2018-01-25 17:15:45.914;SQ;AS57-AS1-20180125171545
2018-01-25 17:16:06.288;RC;AS57-AS1-20180125171413
2018-01-25 17:16:08.889;SS;AS57-AS1-20180125171413
2018-01-25 17:16:40.655;RU;AS57-AS1-20180125171242
2018-01-25 17:16:42.817;VU;AS57-AS1-20180125171242
2018-01-25 17:17:17.585;RU;AS57-AS1-20180125171413
2018-01-25 17:17:32.925;RO;AS57-AS1-20180125171545
2018-01-25 17:17:34.647;SP;AS57-AS1-20180125171545
2018-01-25 17:17:38.373;RC;AS57-AS1-20180125171545
2018-01-25 17:17:38.767;SQ;AS57-AS1-20180125171738
2018-01-25 17:17:40.364;SS;AS57-AS1-20180125171545
2018-01-25 17:17:47.004;RO;AS57-AS1-20180125171738
2018-01-25 17:17:48.740;RU;AS57-AS1-20180125171545
2018-01-25 17:17:48.899;SP;AS57-AS1-20180125171738
2018-01-25 17:17:49.517;RC;AS57-AS1-20180125171738
2018-01-25 17:17:53.107;SS;AS57-AS1-20180125171738
2018-01-25 17:17:55.421;SQ;AS57-AS1-20180125171755
2018-01-25 17:17:56.734;RO;AS57-AS1-20180125171755
2018-01-25 17:17:57.304;RU;AS57-AS1-20180125171738
