2018-01-25 16:58:36.016;SQ;AS6-AS1-20180125165836
2018-01-25 16:59:05.543;RO;AS6-AS1-20180125165836
2018-01-25 16:59:06.351;SP;AS6-AS1-20180125165836
2018-01-25 16:59:07.950;SQ;AS6-AS1-20180125165907
2018-01-25 16:59:32.595;RC;AS6-AS1-20180125165836
2018-01-25 16:59:33.371;SS;AS6-AS1-20180125165836
2018-01-25 17:00:36.990;RO;AS6-AS1-20180125165907
2018-01-25 17:00:38.754;SP;AS6-AS1-20180125165907
2018-01-25 17:00:42.056;SQ;AS6-AS1-20180125170042
2018-01-25 17:00:46.729;RU;AS6-AS1-20180125165836
2018-01-25 17:00:48.548;VU;AS6-AS1-20180125165836
2018-01-25 17:01:14.364;RC;AS6-AS1-20180125165907
2018-01-25 17:01:15.172;SS;AS6-AS1-20180125165907
2018-01-25 17:02:03.581;RO;AS6-AS1-20180125170042
2018-01-25 17:02:04.475;SP;AS6-AS1-20180125170042
2018-01-25 17:02:06.080;SQ;AS6-AS1-20180125170206
2018-01-25 17:02:35.644;RC;AS6-AS1-20180125170042
2018-01-25 17:02:36.462;SS;AS6-AS1-20180125170042
2018-01-25 17:02:39.862;RU;AS6-AS1-20180125165907
2018-01-25 17:02:44.957;VU;AS6-AS1-20180125165907
2018-01-25 17:04:09.968;RO;AS6-AS1-20180125170206
2018-01-25 17:04:10.573;RU;AS6-AS1-20180125170042
2018-01-25 17:04:11.507;SP;AS6-AS1-20180125170206
2018-01-25 17:04:13.291;VU;AS6-AS1-20180125170042
2018-01-25 17:04:13.609;SQ;AS6-AS1-20180125170413
2018-01-25 17:04:38.038;RC;AS6-AS1-20180125170206
2018-01-25 17:04:38.808;SS;AS6-AS1-20180125170206
2018-01-25 17:05:28.621;RO;AS6-AS1-20180125170413
2018-01-25 17:05:29.455;SP;AS6-AS1-20180125170413
2018-01-25 17:05:30.985;SQ;AS6-AS1-20180125170530
2018-01-25 17:05:58.608;RC;AS6-AS1-20180125170413
2018-01-25 17:05:59.409;SS;AS6-AS1-20180125170413
2018-01-25 17:06:16.836;RU;AS6-AS1-20180125170206
2018-01-25 17:06:18.650;VU;AS6-AS1-20180125170206
2018-01-25 17:06:48.006;RO;AS6-AS1-20180125170530
2018-01-25 17:06:49.490;SP;AS6-AS1-20180125170530
2018-01-25 17:06:51.091;SQ;AS6-AS1-20180125170651
2018-01-25 17:07:18.875;RU;AS6-AS1-20180125170413
2018-01-25 17:07:19.000;RC;AS6-AS1-20180125170530
2018-01-25 17:07:20.502;SS;AS6-AS1-20180125170530
2018-01-25 17:07:21.347;VU;AS6-AS1-20180125170413
2018-01-25 17:08:00.290;RO;AS6-AS1-20180125170651
2018-01-25 17:08:01.470;SP;AS6-AS1-20180125170651
2018-01-25 17:08:03.062;SQ;AS6-AS1-20180125170803
2018-01-25 17:08:33.784;RC;AS6-AS1-20180125170651
2018-01-25 17:08:34.586;SS;AS6-AS1-20180125170651
2018-01-25 17:08:34.614;RU;AS6-AS1-20180125170530
2018-01-25 17:08:55.289;VU;AS6-AS1-20180125170530
2018-01-25 17:09:16.763;RO;AS6-AS1-20180125170803
2018-01-25 17:09:17.977;SP;AS6-AS1-20180125170803
2018-01-25 17:09:19.568;SQ;AS6-AS1-20180125170919
2018-01-25 17:09:47.138;RC;AS6-AS1-20180125170803
2018-01-25 17:09:47.926;SS;AS6-AS1-20180125170803
2018-01-25 17:10:05.294;RU;AS6-AS1-20180125170651
2018-01-25 17:10:07.104;VU;AS6-AS1-20180125170651
2018-01-25 17:10:28.025;RO;AS6-AS1-20180125170919
2018-01-25 17:10:28.955;SP;AS6-AS1-20180125170919
2018-01-25 17:10:30.567;SQ;AS6-AS1-20180125171030
2018-01-25 17:11:00.297;RU;AS6-AS1-20180125170803
2018-01-25 17:11:02.145;VU;AS6-AS1-20180125170803
2018-01-25 17:11:17.747;RC;AS6-AS1-20180125170919
2018-01-25 17:11:18.536;SS;AS6-AS1-20180125170919
2018-01-25 17:11:40.399;RO;AS6-AS1-20180125171030
2018-01-25 17:11:41.419;SP;AS6-AS1-20180125171030
2018-01-25 17:11:42.995;SQ;AS6-AS1-20180125171142
2018-01-25 17:12:35.334;RC;AS6-AS1-20180125171030
2018-01-25 17:12:35.562;RU;AS6-AS1-20180125170919
2018-01-25 17:12:36.653;SS;AS6-AS1-20180125171030
2018-01-25 17:12:37.921;VU;AS6-AS1-20180125170919
2018-01-25 17:13:00.572;RO;AS6-AS1-20180125171142
2018-01-25 17:13:02.373;SP;AS6-AS1-20180125171142
2018-01-25 17:13:05.376;SQ;AS6-AS1-20180125171305
2018-01-25 17:13:36.509;RC;AS6-AS1-20180125171142
2018-01-25 17:13:37.298;SS;AS6-AS1-20180125171142
2018-01-25 17:13:40.745;RU;AS6-AS1-20180125171030
2018-01-25 17:14:08.550;VU;AS6-AS1-20180125171030
2018-01-25 17:14:11.586;RO;AS6-AS1-20180125171305
2018-01-25 17:14:12.750;SP;AS6-AS1-20180125171305
2018-01-25 17:14:14.292;SQ;AS6-AS1-20180125171414
2018-01-25 17:14:46.005;RU;AS6-AS1-20180125171142
2018-01-25 17:14:53.279;RC;AS6-AS1-20180125171305
2018-01-25 17:14:54.782;SS;AS6-AS1-20180125171305
2018-01-25 17:15:42.756;RO;AS6-AS1-20180125171414
2018-01-25 17:15:43.807;SP;AS6-AS1-20180125171414
2018-01-25 17:15:46.202;SQ;AS6-AS1-20180125171546
2018-01-25 17:16:11.043;RC;AS6-AS1-20180125171414
2018-01-25 17:16:13.133;SS;AS6-AS1-20180125171414
2018-01-25 17:16:40.294;RU;AS6-AS1-20180125171305
2018-01-25 17:16:42.334;VU;AS6-AS1-20180125171305
