2018-01-25 16:58:33.122;SQ;AS61-AS1-20180125165833
2018-01-25 16:58:57.803;RO;AS61-AS1-20180125165833
2018-01-25 16:58:59.002;SP;AS61-AS1-20180125165833
2018-01-25 16:59:00.751;SQ;AS61-AS1-20180125165900
2018-01-25 16:59:18.038;RC;AS61-AS1-20180125165833
2018-01-25 16:59:18.938;SS;AS61-AS1-20180125165833
2018-01-25 16:59:54.412;RO;AS61-AS1-20180125165900
2018-01-25 16:59:55.672;SP;AS61-AS1-20180125165900
2018-01-25 16:59:57.413;SQ;AS61-AS1-20180125165957
2018-01-25 17:00:25.089;RU;AS61-AS1-20180125165833
2018-01-25 17:00:32.421;RC;AS61-AS1-20180125165900
2018-01-25 17:00:33.883;SS;AS61-AS1-20180125165900
2018-01-25 17:00:47.713;VU;AS61-AS1-20180125165833
2018-01-25 17:01:40.279;RO;AS61-AS1-20180125165957
2018-01-25 17:01:42.365;SP;AS61-AS1-20180125165957
2018-01-25 17:01:46.034;SQ;AS61-AS1-20180125170146
2018-01-25 17:02:01.545;RU;AS61-AS1-20180125165900
2018-01-25 17:02:03.436;VU;AS61-AS1-20180125165900
2018-01-25 17:02:19.072;RC;AS61-AS1-20180125165957
2018-01-25 17:02:19.928;SS;AS61-AS1-20180125165957
2018-01-25 17:03:01.438;RO;AS61-AS1-20180125170146
2018-01-25 17:03:02.504;SP;AS61-AS1-20180125170146
2018-01-25 17:03:04.275;SQ;AS61-AS1-20180125170304
2018-01-25 17:03:40.875;RC;AS61-AS1-20180125170146
2018-01-25 17:03:42.809;SS;AS61-AS1-20180125170146
2018-01-25 17:03:44.715;RU;AS61-AS1-20180125165957
2018-01-25 17:03:49.402;VU;AS61-AS1-20180125165957
2018-01-25 17:04:13.973;RO;AS61-AS1-20180125170304
2018-01-25 17:04:15.251;SP;AS61-AS1-20180125170304
2018-01-25 17:04:17.036;SQ;AS61-AS1-20180125170417
2018-01-25 17:05:08.257;RC;AS61-AS1-20180125170304
2018-01-25 17:05:08.542;RU;AS61-AS1-20180125170146
2018-01-25 17:05:09.697;SS;AS61-AS1-20180125170304
2018-01-25 17:05:11.045;VU;AS61-AS1-20180125170146
2018-01-25 17:05:58.861;RO;AS61-AS1-20180125170417
2018-01-25 17:06:00.036;SP;AS61-AS1-20180125170417
2018-01-25 17:06:01.823;SQ;AS61-AS1-20180125170601
2018-01-25 17:06:23.922;RC;AS61-AS1-20180125170417
2018-01-25 17:06:24.773;SS;AS61-AS1-20180125170417
2018-01-25 17:06:29.466;RU;AS61-AS1-20180125170304
2018-01-25 17:06:53.606;VU;AS61-AS1-20180125170304
2018-01-25 17:07:18.916;RO;AS61-AS1-20180125170601
2018-01-25 17:07:19.781;SP;AS61-AS1-20180125170601
2018-01-25 17:07:21.517;SQ;AS61-AS1-20180125170721
2018-01-25 17:07:57.552;RC;AS61-AS1-20180125170601
2018-01-25 17:07:58.431;SS;AS61-AS1-20180125170601
2018-01-25 17:08:02.505;RU;AS61-AS1-20180125170417
2018-01-25 17:08:04.388;VU;AS61-AS1-20180125170417
2018-01-25 17:08:58.013;RO;AS61-AS1-20180125170721
2018-01-25 17:08:58.975;SP;AS61-AS1-20180125170721
2018-01-25 17:09:00.740;SQ;AS61-AS1-20180125170900
2018-01-25 17:09:17.441;RU;AS61-AS1-20180125170601
2018-01-25 17:09:19.312;VU;AS61-AS1-20180125170601
2018-01-25 17:09:42.681;RC;AS61-AS1-20180125170721
2018-01-25 17:09:43.530;SS;AS61-AS1-20180125170721
2018-01-25 17:10:21.822;RO;AS61-AS1-20180125170900
2018-01-25 17:10:22.668;SP;AS61-AS1-20180125170900
2018-01-25 17:10:24.400;SQ;AS61-AS1-20180125171024
2018-01-25 17:10:58.455;RC;AS61-AS1-20180125170900
2018-01-25 17:10:59.323;SS;AS61-AS1-20180125170900
2018-01-25 17:11:04.697;RU;AS61-AS1-20180125170721
2018-01-25 17:11:06.572;VU;AS61-AS1-20180125170721
2018-01-25 17:11:25.920;RO;AS61-AS1-20180125171024
2018-01-25 17:11:26.849;SP;AS61-AS1-20180125171024
2018-01-25 17:11:28.575;SQ;AS61-AS1-20180125171128
2018-01-25 17:12:08.682;RU;AS61-AS1-20180125170900
2018-01-25 17:12:10.263;RC;AS61-AS1-20180125171024
2018-01-25 17:12:10.560;VU;AS61-AS1-20180125170900
2018-01-25 17:12:11.146;SS;AS61-AS1-20180125171024
2018-01-25 17:12:38.278;RO;AS61-AS1-20180125171128
2018-01-25 17:12:39.491;SP;AS61-AS1-20180125171128
2018-01-25 17:12:41.241;SQ;AS61-AS1-20180125171241
2018-01-25 17:13:30.306;RU;AS61-AS1-20180125171024
2018-01-25 17:13:32.014;RC;AS61-AS1-20180125171128
2018-01-25 17:13:32.202;VU;AS61-AS1-20180125171024
2018-01-25 17:13:32.872;SS;AS61-AS1-20180125171128
2018-01-25 17:14:06.370;RO;AS61-AS1-20180125171241
2018-01-25 17:14:07.692;SP;AS61-AS1-20180125171241
2018-01-25 17:14:09.389;SQ;AS61-AS1-20180125171409
2018-01-25 17:14:40.620;RC;AS61-AS1-20180125171241
2018-01-25 17:14:41.509;SS;AS61-AS1-20180125171241
2018-01-25 17:14:46.703;RU;AS61-AS1-20180125171128
2018-01-25 17:15:16.338;VU;AS61-AS1-20180125171128
2018-01-25 17:15:43.233;RO;AS61-AS1-20180125171409
2018-01-25 17:15:44.375;SP;AS61-AS1-20180125171409
2018-01-25 17:15:46.091;SQ;AS61-AS1-20180125171546
2018-01-25 17:15:50.426;RU;AS61-AS1-20180125171241
2018-01-25 17:16:01.037;RC;AS61-AS1-20180125171409
2018-01-25 17:16:02.137;SS;AS61-AS1-20180125171409
