2018-01-25 16:58:41.616;SQ;AS66-AS1-20180125165841
2018-01-25 16:59:15.088;RO;AS66-AS1-20180125165841
2018-01-25 16:59:15.961;SP;AS66-AS1-20180125165841
2018-01-25 16:59:17.558;SQ;AS66-AS1-20180125165917
2018-01-25 16:59:43.351;RC;AS66-AS1-20180125165841
2018-01-25 16:59:44.174;SS;AS66-AS1-20180125165841
2018-01-25 17:00:18.746;RO;AS66-AS1-20180125165917
2018-01-25 17:00:19.948;SP;AS66-AS1-20180125165917
2018-01-25 17:00:21.611;SQ;AS66-AS1-20180125170021
2018-01-25 17:00:52.542;RU;AS66-AS1-20180125165841
2018-01-25 17:00:54.352;VU;AS66-AS1-20180125165841
2018-01-25 17:00:55.988;RC;AS66-AS1-20180125165917
2018-01-25 17:00:56.802;SS;AS66-AS1-20180125165917
2018-01-25 17:01:25.436;RO;AS66-AS1-20180125170021
2018-01-25 17:01:26.510;SP;AS66-AS1-20180125170021
2018-01-25 17:01:28.105;SQ;AS66-AS1-20180125170128
2018-01-25 17:02:08.525;RU;AS66-AS1-20180125165917
2018-01-25 17:02:09.189;RC;AS66-AS1-20180125170021
2018-01-25 17:02:10.129;SS;AS66-AS1-20180125170021
2018-01-25 17:02:10.467;VU;AS66-AS1-20180125165917
2018-01-25 17:02:35.382;RO;AS66-AS1-20180125170128
2018-01-25 17:02:36.495;SP;AS66-AS1-20180125170128
2018-01-25 17:02:38.404;SQ;AS66-AS1-20180125170238
2018-01-25 17:03:06.179;RC;AS66-AS1-20180125170128
2018-01-25 17:03:07.003;SS;AS66-AS1-20180125170128
2018-01-25 17:03:34.686;RU;AS66-AS1-20180125170021
2018-01-25 17:03:49.424;VU;AS66-AS1-20180125170021
2018-01-25 17:03:50.412;RO;AS66-AS1-20180125170238
2018-01-25 17:03:51.311;SP;AS66-AS1-20180125170238
2018-01-25 17:03:52.916;SQ;AS66-AS1-20180125170352
2018-01-25 17:04:25.373;RU;AS66-AS1-20180125170128
2018-01-25 17:04:28.377;RC;AS66-AS1-20180125170238
2018-01-25 17:04:29.332;SS;AS66-AS1-20180125170238
2018-01-25 17:04:49.954;VU;AS66-AS1-20180125170128
2018-01-25 17:05:08.521;RO;AS66-AS1-20180125170352
2018-01-25 17:05:09.840;SP;AS66-AS1-20180125170352
2018-01-25 17:05:11.481;SQ;AS66-AS1-20180125170511
2018-01-25 17:05:50.650;RU;AS66-AS1-20180125170238
2018-01-25 17:05:52.482;VU;AS66-AS1-20180125170238
2018-01-25 17:05:54.580;RC;AS66-AS1-20180125170352
2018-01-25 17:05:55.387;SS;AS66-AS1-20180125170352
2018-01-25 17:06:30.304;RO;AS66-AS1-20180125170511
2018-01-25 17:06:31.358;SP;AS66-AS1-20180125170511
2018-01-25 17:06:32.977;SQ;AS66-AS1-20180125170632
2018-01-25 17:07:18.741;RU;AS66-AS1-20180125170352
2018-01-25 17:07:19.011;RC;AS66-AS1-20180125170511
2018-01-25 17:07:20.351;SS;AS66-AS1-20180125170511
2018-01-25 17:07:20.997;VU;AS66-AS1-20180125170352
2018-01-25 17:07:39.383;RO;AS66-AS1-20180125170632
2018-01-25 17:07:40.344;SP;AS66-AS1-20180125170632
2018-01-25 17:07:41.967;SQ;AS66-AS1-20180125170741
2018-01-25 17:08:20.895;RC;AS66-AS1-20180125170632
2018-01-25 17:08:21.714;SS;AS66-AS1-20180125170632
2018-01-25 17:08:34.969;RU;AS66-AS1-20180125170511
2018-01-25 17:08:55.718;VU;AS66-AS1-20180125170511
2018-01-25 17:08:56.801;RO;AS66-AS1-20180125170741
2018-01-25 17:08:57.847;SP;AS66-AS1-20180125170741
2018-01-25 17:08:59.450;SQ;AS66-AS1-20180125170859
2018-01-25 17:09:28.933;RC;AS66-AS1-20180125170741
2018-01-25 17:09:29.730;SS;AS66-AS1-20180125170741
2018-01-25 17:10:01.504;RU;AS66-AS1-20180125170632
2018-01-25 17:10:03.315;VU;AS66-AS1-20180125170632
2018-01-25 17:10:21.864;RO;AS66-AS1-20180125170859
2018-01-25 17:10:22.848;SP;AS66-AS1-20180125170859
2018-01-25 17:10:24.480;SQ;AS66-AS1-20180125171024
2018-01-25 17:10:40.074;RU;AS66-AS1-20180125170741
2018-01-25 17:10:58.130;RC;AS66-AS1-20180125170859
2018-01-25 17:10:59.448;SS;AS66-AS1-20180125170859
2018-01-25 17:11:00.093;VU;AS66-AS1-20180125170741
2018-01-25 17:11:42.120;RO;AS66-AS1-20180125171024
2018-01-25 17:11:43.412;SP;AS66-AS1-20180125171024
2018-01-25 17:11:45.029;SQ;AS66-AS1-20180125171145
2018-01-25 17:12:19.593;RU;AS66-AS1-20180125170859
2018-01-25 17:12:21.382;VU;AS66-AS1-20180125170859
2018-01-25 17:12:35.577;RC;AS66-AS1-20180125171024
2018-01-25 17:12:36.370;SS;AS66-AS1-20180125171024
2018-01-25 17:13:13.130;RO;AS66-AS1-20180125171145
2018-01-25 17:13:14.415;SP;AS66-AS1-20180125171145
2018-01-25 17:13:16.013;SQ;AS66-AS1-20180125171316
2018-01-25 17:13:36.207;RU;AS66-AS1-20180125171024
2018-01-25 17:13:54.914;RC;AS66-AS1-20180125171145
2018-01-25 17:13:55.945;SS;AS66-AS1-20180125171145
2018-01-25 17:14:09.731;VU;AS66-AS1-20180125171024
2018-01-25 17:14:26.200;RO;AS66-AS1-20180125171316
2018-01-25 17:14:27.396;SP;AS66-AS1-20180125171316
2018-01-25 17:14:29.012;SQ;AS66-AS1-20180125171429
2018-01-25 17:15:04.431;RC;AS66-AS1-20180125171316
2018-01-25 17:15:06.152;SS;AS66-AS1-20180125171316
2018-01-25 17:15:17.739;RU;AS66-AS1-20180125171145
2018-01-25 17:15:19.545;VU;AS66-AS1-20180125171145
2018-01-25 17:15:43.197;RO;AS66-AS1-20180125171429
2018-01-25 17:15:44.416;SP;AS66-AS1-20180125171429
2018-01-25 17:15:46.029;SQ;AS66-AS1-20180125171546
2018-01-25 17:16:16.907;RC;AS66-AS1-20180125171429
2018-01-25 17:16:17.726;SS;AS66-AS1-20180125171429
2018-01-25 17:16:18.655;RU;AS66-AS1-20180125171316
2018-01-25 17:16:20.458;VU;AS66-AS1-20180125171316
