2018-01-25 16:58:37.505;SQ;AS70-AS1-20180125165837
2018-01-25 16:59:05.175;RO;AS70-AS1-20180125165837
2018-01-25 16:59:06.369;SP;AS70-AS1-20180125165837
2018-01-25 16:59:08.074;SQ;AS70-AS1-20180125165908
2018-01-25 16:59:30.465;RC;AS70-AS1-20180125165837
2018-01-25 16:59:31.280;SS;AS70-AS1-20180125165837
2018-01-25 17:00:08.193;RO;AS70-AS1-20180125165908
2018-01-25 17:00:09.463;SP;AS70-AS1-20180125165908
2018-01-25 17:00:11.115;SQ;AS70-AS1-20180125170011
2018-01-25 17:00:43.436;RU;AS70-AS1-20180125165837
2018-01-25 17:00:45.287;VU;AS70-AS1-20180125165837
2018-01-25 17:00:46.379;RC;AS70-AS1-20180125165908
2018-01-25 17:00:47.214;SS;AS70-AS1-20180125165908
2018-01-25 17:01:22.691;RO;AS70-AS1-20180125170011
2018-01-25 17:01:23.515;SP;AS70-AS1-20180125170011
2018-01-25 17:01:25.176;SQ;AS70-AS1-20180125170125
2018-01-25 17:02:04.046;RC;AS70-AS1-20180125170011
2018-01-25 17:02:04.474;RU;AS70-AS1-20180125165908
2018-01-25 17:02:05.283;SS;AS70-AS1-20180125170011
2018-01-25 17:02:06.768;VU;AS70-AS1-20180125165908
2018-01-25 17:02:36.414;RO;AS70-AS1-20180125170125
2018-01-25 17:02:37.605;SP;AS70-AS1-20180125170125
2018-01-25 17:02:40.846;SQ;AS70-AS1-20180125170240
2018-01-25 17:03:18.447;RC;AS70-AS1-20180125170125
2018-01-25 17:03:19.269;SS;AS70-AS1-20180125170125
2018-01-25 17:03:25.657;RU;AS70-AS1-20180125170011
2018-01-25 17:03:51.025;VU;AS70-AS1-20180125170011
2018-01-25 17:04:10.302;RO;AS70-AS1-20180125170240
2018-01-25 17:04:11.310;SP;AS70-AS1-20180125170240
2018-01-25 17:04:13.015;SQ;AS70-AS1-20180125170413
2018-01-25 17:04:48.663;RC;AS70-AS1-20180125170240
2018-01-25 17:04:49.495;SS;AS70-AS1-20180125170240
2018-01-25 17:04:54.408;RU;AS70-AS1-20180125170125
2018-01-25 17:04:56.250;VU;AS70-AS1-20180125170125
2018-01-25 17:05:43.825;RO;AS70-AS1-20180125170413
2018-01-25 17:05:45.870;SP;AS70-AS1-20180125170413
2018-01-25 17:05:49.413;SQ;AS70-AS1-20180125170549
2018-01-25 17:06:18.034;RC;AS70-AS1-20180125170413
2018-01-25 17:06:18.086;RU;AS70-AS1-20180125170240
2018-01-25 17:06:19.674;SS;AS70-AS1-20180125170413
2018-01-25 17:06:20.760;VU;AS70-AS1-20180125170240
2018-01-25 17:07:00.044;RO;AS70-AS1-20180125170549
2018-01-25 17:07:01.326;SP;AS70-AS1-20180125170549
2018-01-25 17:07:03.009;SQ;AS70-AS1-20180125170703
2018-01-25 17:07:38.208;RU;AS70-AS1-20180125170413
2018-01-25 17:07:39.148;RC;AS70-AS1-20180125170549
2018-01-25 17:07:39.997;SS;AS70-AS1-20180125170549
2018-01-25 17:07:55.612;VU;AS70-AS1-20180125170413
2018-01-25 17:08:18.199;RO;AS70-AS1-20180125170703
2018-01-25 17:08:19.434;SP;AS70-AS1-20180125170703
2018-01-25 17:08:21.089;SQ;AS70-AS1-20180125170821
2018-01-25 17:08:52.388;RC;AS70-AS1-20180125170703
2018-01-25 17:08:53.211;SS;AS70-AS1-20180125170703
2018-01-25 17:08:55.053;RU;AS70-AS1-20180125170549
2018-01-25 17:09:53.104;RO;AS70-AS1-20180125170821
2018-01-25 17:09:56.269;SP;AS70-AS1-20180125170821
2018-01-25 17:10:00.903;SQ;AS70-AS1-20180125171000
2018-01-25 17:10:05.991;RU;AS70-AS1-20180125170703
2018-01-25 17:10:07.851;VU;AS70-AS1-20180125170703
2018-01-25 17:10:33.745;RC;AS70-AS1-20180125170821
2018-01-25 17:10:34.591;SS;AS70-AS1-20180125170821
2018-01-25 17:11:17.702;RO;AS70-AS1-20180125171000
2018-01-25 17:11:19.631;SP;AS70-AS1-20180125171000
2018-01-25 17:11:21.924;SQ;AS70-AS1-20180125171121
2018-01-25 17:12:01.355;RU;AS70-AS1-20180125170821
2018-01-25 17:12:09.190;VU;AS70-AS1-20180125170821
2018-01-25 17:12:35.324;RO;AS70-AS1-20180125171121
2018-01-25 17:12:36.485;RC;AS70-AS1-20180125171000
2018-01-25 17:12:36.803;SP;AS70-AS1-20180125171121
2018-01-25 17:12:38.659;SS;AS70-AS1-20180125171000
2018-01-25 17:12:40.056;SQ;AS70-AS1-20180125171240
2018-01-25 17:13:12.861;RC;AS70-AS1-20180125171121
2018-01-25 17:13:14.234;SS;AS70-AS1-20180125171121
2018-01-25 17:14:06.587;RU;AS70-AS1-20180125171000
2018-01-25 17:14:08.724;RO;AS70-AS1-20180125171240
2018-01-25 17:14:09.680;VU;AS70-AS1-20180125171000
2018-01-25 17:14:10.030;SP;AS70-AS1-20180125171240
2018-01-25 17:14:12.611;SQ;AS70-AS1-20180125171412
2018-01-25 17:14:31.390;RU;AS70-AS1-20180125171121
2018-01-25 17:14:33.949;VU;AS70-AS1-20180125171121
2018-01-25 17:14:52.142;RC;AS70-AS1-20180125171240
2018-01-25 17:14:53.782;SS;AS70-AS1-20180125171240
2018-01-25 17:15:43.192;RO;AS70-AS1-20180125171412
2018-01-25 17:15:44.807;SP;AS70-AS1-20180125171412
2018-01-25 17:15:47.367;SQ;AS70-AS1-20180125171547
2018-01-25 17:16:19.388;RU;AS70-AS1-20180125171240
2018-01-25 17:16:21.948;VU;AS70-AS1-20180125171240
2018-01-25 17:16:22.801;RC;AS70-AS1-20180125171412
2018-01-25 17:16:23.683;SS;AS70-AS1-20180125171412
