2018-01-25 16:58:30.870;SQ;AS74-AS1-20180125165830
2018-01-25 16:58:43.385;RO;AS74-AS1-20180125165830
2018-01-25 16:58:44.678;SP;AS74-AS1-20180125165830
2018-01-25 16:58:46.275;SQ;AS74-AS1-20180125165846
2018-01-25 16:59:01.089;RC;AS74-AS1-20180125165830
2018-01-25 16:59:01.884;SS;AS74-AS1-20180125165830
2018-01-25 16:59:25.469;RO;AS74-AS1-20180125165846
2018-01-25 16:59:26.647;SP;AS74-AS1-20180125165846
2018-01-25 16:59:28.257;SQ;AS74-AS1-20180125165928
2018-01-25 16:59:54.975;RU;AS74-AS1-20180125165830
2018-01-25 16:59:56.815;VU;AS74-AS1-20180125165830
2018-01-25 16:59:57.366;RC;AS74-AS1-20180125165846
2018-01-25 16:59:58.168;SS;AS74-AS1-20180125165846
2018-01-25 17:00:25.466;RO;AS74-AS1-20180125165928
2018-01-25 17:00:26.610;SP;AS74-AS1-20180125165928
2018-01-25 17:00:28.206;SQ;AS74-AS1-20180125170028
2018-01-25 17:01:10.196;RC;AS74-AS1-20180125165928
2018-01-25 17:01:11.015;SS;AS74-AS1-20180125165928
2018-01-25 17:01:13.697;RU;AS74-AS1-20180125165846
2018-01-25 17:01:15.502;VU;AS74-AS1-20180125165846
2018-01-25 17:01:48.793;RO;AS74-AS1-20180125170028
2018-01-25 17:01:50.087;SP;AS74-AS1-20180125170028
2018-01-25 17:01:51.702;SQ;AS74-AS1-20180125170151
2018-01-25 17:02:15.008;RC;AS74-AS1-20180125170028
2018-01-25 17:02:15.828;SS;AS74-AS1-20180125170028
2018-01-25 17:02:39.334;RU;AS74-AS1-20180125165928
2018-01-25 17:02:46.648;VU;AS74-AS1-20180125165928
2018-01-25 17:03:02.474;RO;AS74-AS1-20180125170151
2018-01-25 17:03:03.618;SP;AS74-AS1-20180125170151
2018-01-25 17:03:05.210;SQ;AS74-AS1-20180125170305
2018-01-25 17:03:36.873;RU;AS74-AS1-20180125170028
2018-01-25 17:03:46.210;RC;AS74-AS1-20180125170151
2018-01-25 17:03:49.763;SS;AS74-AS1-20180125170151
2018-01-25 17:04:54.458;RO;AS74-AS1-20180125170305
2018-01-25 17:04:56.243;SP;AS74-AS1-20180125170305
2018-01-25 17:04:58.382;SQ;AS74-AS1-20180125170458
2018-01-25 17:05:07.970;RU;AS74-AS1-20180125170151
2018-01-25 17:05:09.792;VU;AS74-AS1-20180125170151
2018-01-25 17:05:25.641;RC;AS74-AS1-20180125170305
2018-01-25 17:05:26.840;SS;AS74-AS1-20180125170305
2018-01-25 17:06:17.375;RO;AS74-AS1-20180125170458
2018-01-25 17:06:18.378;SP;AS74-AS1-20180125170458
2018-01-25 17:06:20.823;SQ;AS74-AS1-20180125170620
2018-01-25 17:06:51.788;RC;AS74-AS1-20180125170458
2018-01-25 17:06:52.941;SS;AS74-AS1-20180125170458
2018-01-25 17:06:53.675;RU;AS74-AS1-20180125170305
2018-01-25 17:06:56.028;VU;AS74-AS1-20180125170305
2018-01-25 17:07:37.121;RO;AS74-AS1-20180125170620
2018-01-25 17:07:38.934;SP;AS74-AS1-20180125170620
2018-01-25 17:07:41.364;SQ;AS74-AS1-20180125170741
2018-01-25 17:08:17.961;RU;AS74-AS1-20180125170458
2018-01-25 17:08:18.952;RC;AS74-AS1-20180125170620
2018-01-25 17:08:20.234;VU;AS74-AS1-20180125170458
2018-01-25 17:08:20.458;SS;AS74-AS1-20180125170620
2018-01-25 17:08:53.322;RO;AS74-AS1-20180125170741
2018-01-25 17:08:54.817;SP;AS74-AS1-20180125170741
2018-01-25 17:08:57.221;SQ;AS74-AS1-20180125170857
2018-01-25 17:09:30.661;RC;AS74-AS1-20180125170741
2018-01-25 17:09:32.060;SS;AS74-AS1-20180125170741
2018-01-25 17:10:06.214;RU;AS74-AS1-20180125170620
2018-01-25 17:10:08.042;VU;AS74-AS1-20180125170620
2018-01-25 17:10:46.792;RO;AS74-AS1-20180125170857
2018-01-25 17:10:48.403;SP;AS74-AS1-20180125170857
2018-01-25 17:10:51.345;SQ;AS74-AS1-20180125171051
2018-01-25 17:10:56.536;RU;AS74-AS1-20180125170741
2018-01-25 17:11:00.644;VU;AS74-AS1-20180125170741
2018-01-25 17:11:23.555;RC;AS74-AS1-20180125170857
2018-01-25 17:11:24.352;SS;AS74-AS1-20180125170857
2018-01-25 17:12:01.927;RO;AS74-AS1-20180125171051
2018-01-25 17:12:04.449;SP;AS74-AS1-20180125171051
2018-01-25 17:12:09.140;SQ;AS74-AS1-20180125171209
2018-01-25 17:12:36.619;RC;AS74-AS1-20180125171051
2018-01-25 17:12:38.269;SS;AS74-AS1-20180125171051
2018-01-25 17:12:43.699;RU;AS74-AS1-20180125170857
2018-01-25 17:13:10.903;RO;AS74-AS1-20180125171209
2018-01-25 17:13:12.085;VU;AS74-AS1-20180125170857
2018-01-25 17:13:12.408;SP;AS74-AS1-20180125171209
2018-01-25 17:13:14.694;SQ;AS74-AS1-20180125171314
2018-01-25 17:13:48.159;RC;AS74-AS1-20180125171209
2018-01-25 17:13:49.026;SS;AS74-AS1-20180125171209
2018-01-25 17:14:04.397;RU;AS74-AS1-20180125171051
2018-01-25 17:14:10.756;VU;AS74-AS1-20180125171051
2018-01-25 17:14:27.699;RO;AS74-AS1-20180125171314
2018-01-25 17:14:28.957;SP;AS74-AS1-20180125171314
2018-01-25 17:14:31.446;SQ;AS74-AS1-20180125171431
2018-01-25 17:15:03.321;RC;AS74-AS1-20180125171314
2018-01-25 17:15:05.068;SS;AS74-AS1-20180125171314
2018-01-25 17:15:06.738;RU;AS74-AS1-20180125171209
2018-01-25 17:15:19.959;VU;AS74-AS1-20180125171209
2018-01-25 17:15:46.317;RO;AS74-AS1-20180125171431
2018-01-25 17:15:47.370;SP;AS74-AS1-20180125171431
2018-01-25 17:15:49.854;SQ;AS74-AS1-20180125171549
2018-01-25 17:16:02.134;RU;AS74-AS1-20180125171314
2018-01-25 17:16:37.991;RC;AS74-AS1-20180125171431
2018-01-25 17:16:39.575;SS;AS74-AS1-20180125171431
