2018-01-25 16:58:33.593;SQ;AS76-AS1-20180125165833
2018-01-25 16:58:57.278;RO;AS76-AS1-20180125165833
2018-01-25 16:58:58.448;SP;AS76-AS1-20180125165833
2018-01-25 16:59:00.031;SQ;AS76-AS1-20180125165900
2018-01-25 16:59:20.714;RC;AS76-AS1-20180125165833
2018-01-25 16:59:21.531;SS;AS76-AS1-20180125165833
2018-01-25 16:59:52.518;RO;AS76-AS1-20180125165900
2018-01-25 16:59:53.394;SP;AS76-AS1-20180125165900
2018-01-25 16:59:54.977;SQ;AS76-AS1-20180125165954
2018-01-25 17:00:26.467;RC;AS76-AS1-20180125165900
2018-01-25 17:00:26.748;RU;AS76-AS1-20180125165833
2018-01-25 17:00:27.731;SS;AS76-AS1-20180125165900
2018-01-25 17:00:46.041;VU;AS76-AS1-20180125165833
2018-01-25 17:01:10.436;RO;AS76-AS1-20180125165954
2018-01-25 17:01:11.366;SP;AS76-AS1-20180125165954
2018-01-25 17:01:12.956;SQ;AS76-AS1-20180125170112
2018-01-25 17:01:35.149;RU;AS76-AS1-20180125165900
2018-01-25 17:01:42.599;RC;AS76-AS1-20180125165954
2018-01-25 17:01:45.764;SS;AS76-AS1-20180125165954
2018-01-25 17:01:46.763;VU;AS76-AS1-20180125165900
2018-01-25 17:02:17.896;RO;AS76-AS1-20180125170112
2018-01-25 17:02:18.804;SP;AS76-AS1-20180125170112
2018-01-25 17:02:20.317;SQ;AS76-AS1-20180125170220
2018-01-25 17:02:41.294;RU;AS76-AS1-20180125165954
2018-01-25 17:02:44.257;VU;AS76-AS1-20180125165954
2018-01-25 17:03:02.315;RC;AS76-AS1-20180125170112
2018-01-25 17:03:03.108;SS;AS76-AS1-20180125170112
2018-01-25 17:03:38.557;RO;AS76-AS1-20180125170220
2018-01-25 17:03:39.679;SP;AS76-AS1-20180125170220
2018-01-25 17:03:42.801;SQ;AS76-AS1-20180125170342
2018-01-25 17:04:11.337;RC;AS76-AS1-20180125170220
2018-01-25 17:04:12.116;SS;AS76-AS1-20180125170220
2018-01-25 17:04:21.462;RU;AS76-AS1-20180125170112
2018-01-25 17:04:34.403;RO;AS76-AS1-20180125170342
2018-01-25 17:04:35.629;SP;AS76-AS1-20180125170342
2018-01-25 17:04:38.005;SQ;AS76-AS1-20180125170438
2018-01-25 17:04:49.598;VU;AS76-AS1-20180125170112
2018-01-25 17:05:12.543;RC;AS76-AS1-20180125170342
2018-01-25 17:05:13.312;SS;AS76-AS1-20180125170342
2018-01-25 17:05:32.303;RU;AS76-AS1-20180125170220
2018-01-25 17:05:51.958;VU;AS76-AS1-20180125170220
2018-01-25 17:05:56.602;RO;AS76-AS1-20180125170438
2018-01-25 17:05:57.383;SP;AS76-AS1-20180125170438
2018-01-25 17:05:58.920;SQ;AS76-AS1-20180125170558
2018-01-25 17:06:31.562;RC;AS76-AS1-20180125170438
2018-01-25 17:06:32.188;RU;AS76-AS1-20180125170342
2018-01-25 17:06:32.516;SS;AS76-AS1-20180125170438
2018-01-25 17:06:52.818;VU;AS76-AS1-20180125170342
2018-01-25 17:07:18.919;RO;AS76-AS1-20180125170558
2018-01-25 17:07:19.792;SP;AS76-AS1-20180125170558
2018-01-25 17:07:21.356;SQ;AS76-AS1-20180125170721
2018-01-25 17:07:51.735;RC;AS76-AS1-20180125170558
2018-01-25 17:07:52.553;SS;AS76-AS1-20180125170558
2018-01-25 17:08:17.845;RU;AS76-AS1-20180125170438
2018-01-25 17:08:19.623;VU;AS76-AS1-20180125170438
2018-01-25 17:08:27.298;RO;AS76-AS1-20180125170721
2018-01-25 17:08:28.191;SP;AS76-AS1-20180125170721
2018-01-25 17:08:29.761;SQ;AS76-AS1-20180125170829
2018-01-25 17:09:17.828;RC;AS76-AS1-20180125170721
2018-01-25 17:09:17.829;RU;AS76-AS1-20180125170558
2018-01-25 17:09:19.364;SS;AS76-AS1-20180125170721
2018-01-25 17:09:20.366;VU;AS76-AS1-20180125170558
2018-01-25 17:09:49.757;RO;AS76-AS1-20180125170829
2018-01-25 17:09:51.423;SP;AS76-AS1-20180125170829
2018-01-25 17:09:54.629;SQ;AS76-AS1-20180125170954
2018-01-25 17:10:22.456;RC;AS76-AS1-20180125170829
2018-01-25 17:10:23.251;SS;AS76-AS1-20180125170829
2018-01-25 17:10:31.862;RU;AS76-AS1-20180125170721
2018-01-25 17:10:59.321;VU;AS76-AS1-20180125170721
2018-01-25 17:11:03.898;RO;AS76-AS1-20180125170954
2018-01-25 17:11:05.008;SP;AS76-AS1-20180125170954
2018-01-25 17:11:06.618;SQ;AS76-AS1-20180125171106
2018-01-25 17:11:27.692;RU;AS76-AS1-20180125170829
2018-01-25 17:11:38.818;RC;AS76-AS1-20180125170954
2018-01-25 17:11:39.817;SS;AS76-AS1-20180125170954
2018-01-25 17:12:06.289;VU;AS76-AS1-20180125170829
2018-01-25 17:12:37.994;RO;AS76-AS1-20180125171106
2018-01-25 17:12:39.067;SP;AS76-AS1-20180125171106
2018-01-25 17:12:40.675;SQ;AS76-AS1-20180125171240
2018-01-25 17:13:10.440;RU;AS76-AS1-20180125170954
2018-01-25 17:13:12.232;VU;AS76-AS1-20180125170954
2018-01-25 17:13:30.777;RC;AS76-AS1-20180125171106
2018-01-25 17:13:31.534;SS;AS76-AS1-20180125171106
2018-01-25 17:14:08.585;RO;AS76-AS1-20180125171240
2018-01-25 17:14:09.536;SP;AS76-AS1-20180125171240
2018-01-25 17:14:11.037;SQ;AS76-AS1-20180125171411
2018-01-25 17:14:37.275;RC;AS76-AS1-20180125171240
2018-01-25 17:14:38.036;SS;AS76-AS1-20180125171240
2018-01-25 17:14:45.227;RU;AS76-AS1-20180125171106
2018-01-25 17:15:15.168;VU;AS76-AS1-20180125171106
2018-01-25 17:15:43.159;RO;AS76-AS1-20180125171411
2018-01-25 17:15:43.944;SP;AS76-AS1-20180125171411
2018-01-25 17:15:45.506;SQ;AS76-AS1-20180125171545
2018-01-25 17:15:53.197;RU;AS76-AS1-20180125171240
2018-01-25 17:16:16.143;VU;AS76-AS1-20180125171240
2018-01-25 17:16:45.037;RC;AS76-AS1-20180125171411
2018-01-25 17:16:45.838;SS;AS76-AS1-20180125171411
