2018-01-25 16:58:47.897;SQ;AS81-AS1-20180125165847
2018-01-25 16:59:30.591;RO;AS81-AS1-20180125165847
2018-01-25 16:59:31.699;SP;AS81-AS1-20180125165847
2018-01-25 16:59:33.179;SQ;AS81-AS1-20180125165933
2018-01-25 17:00:01.312;RC;AS81-AS1-20180125165847
2018-01-25 17:00:02.093;SS;AS81-AS1-20180125165847
2018-01-25 17:00:35.954;RO;AS81-AS1-20180125165933
2018-01-25 17:00:37.856;SP;AS81-AS1-20180125165933
2018-01-25 17:00:41.082;SQ;AS81-AS1-20180125170041
2018-01-25 17:01:13.940;RC;AS81-AS1-20180125165933
2018-01-25 17:01:14.689;SS;AS81-AS1-20180125165933
2018-01-25 17:01:20.842;RU;AS81-AS1-20180125165847
2018-01-25 17:01:46.454;VU;AS81-AS1-20180125165847
2018-01-25 17:02:04.001;RO;AS81-AS1-20180125170041
2018-01-25 17:02:04.965;SP;AS81-AS1-20180125170041
2018-01-25 17:02:06.489;SQ;AS81-AS1-20180125170206
2018-01-25 17:02:39.226;RU;AS81-AS1-20180125165933
2018-01-25 17:02:43.316;RC;AS81-AS1-20180125170041
2018-01-25 17:02:44.532;SS;AS81-AS1-20180125170041
2018-01-25 17:02:45.194;VU;AS81-AS1-20180125165933
2018-01-25 17:03:26.535;RO;AS81-AS1-20180125170206
2018-01-25 17:03:27.336;SP;AS81-AS1-20180125170206
2018-01-25 17:03:28.835;SQ;AS81-AS1-20180125170328
2018-01-25 17:03:49.209;RC;AS81-AS1-20180125170206
2018-01-25 17:03:49.954;SS;AS81-AS1-20180125170206
2018-01-25 17:04:10.302;RU;AS81-AS1-20180125170041
2018-01-25 17:04:12.027;VU;AS81-AS1-20180125170041
2018-01-25 17:04:43.148;RO;AS81-AS1-20180125170328
2018-01-25 17:04:44.988;SP;AS81-AS1-20180125170328
2018-01-25 17:04:48.092;SQ;AS81-AS1-20180125170448
2018-01-25 17:05:08.269;RU;AS81-AS1-20180125170206
2018-01-25 17:05:15.718;RC;AS81-AS1-20180125170328
2018-01-25 17:05:16.708;SS;AS81-AS1-20180125170328
2018-01-25 17:06:17.201;RO;AS81-AS1-20180125170448
2018-01-25 17:06:17.989;SP;AS81-AS1-20180125170448
2018-01-25 17:06:20.208;SQ;AS81-AS1-20180125170620
2018-01-25 17:06:30.064;RU;AS81-AS1-20180125170328
2018-01-25 17:06:47.672;RC;AS81-AS1-20180125170448
2018-01-25 17:06:51.481;SS;AS81-AS1-20180125170448
2018-01-25 17:06:55.869;VU;AS81-AS1-20180125170328
2018-01-25 17:07:36.549;RO;AS81-AS1-20180125170620
2018-01-25 17:07:38.311;SP;AS81-AS1-20180125170620
2018-01-25 17:07:40.318;SQ;AS81-AS1-20180125170740
2018-01-25 17:08:18.232;RU;AS81-AS1-20180125170448
2018-01-25 17:08:18.886;RC;AS81-AS1-20180125170620
2018-01-25 17:08:20.245;SS;AS81-AS1-20180125170620
2018-01-25 17:08:20.615;VU;AS81-AS1-20180125170448
2018-01-25 17:08:56.640;RO;AS81-AS1-20180125170740
2018-01-25 17:08:57.695;SP;AS81-AS1-20180125170740
2018-01-25 17:08:59.917;SQ;AS81-AS1-20180125170859
2018-01-25 17:09:27.658;RU;AS81-AS1-20180125170620
2018-01-25 17:09:29.306;RC;AS81-AS1-20180125170740
2018-01-25 17:09:30.812;SS;AS81-AS1-20180125170740
2018-01-25 17:10:02.177;VU;AS81-AS1-20180125170620
2018-01-25 17:10:21.916;RO;AS81-AS1-20180125170859
2018-01-25 17:10:23.476;SP;AS81-AS1-20180125170859
2018-01-25 17:10:25.516;SQ;AS81-AS1-20180125171025
2018-01-25 17:10:43.148;RU;AS81-AS1-20180125170740
2018-01-25 17:11:01.263;VU;AS81-AS1-20180125170740
2018-01-25 17:11:28.880;RC;AS81-AS1-20180125170859
2018-01-25 17:11:30.180;SS;AS81-AS1-20180125170859
2018-01-25 17:11:56.336;RO;AS81-AS1-20180125171025
2018-01-25 17:11:58.836;SP;AS81-AS1-20180125171025
2018-01-25 17:12:03.567;SQ;AS81-AS1-20180125171203
2018-01-25 17:12:39.212;RC;AS81-AS1-20180125171025
2018-01-25 17:12:39.562;RU;AS81-AS1-20180125170859
2018-01-25 17:12:40.504;SS;AS81-AS1-20180125171025
2018-01-25 17:13:10.454;VU;AS81-AS1-20180125170859
2018-01-25 17:13:14.128;RO;AS81-AS1-20180125171203
2018-01-25 17:13:15.629;SP;AS81-AS1-20180125171203
2018-01-25 17:13:17.536;SQ;AS81-AS1-20180125171317
2018-01-25 17:13:52.214;RU;AS81-AS1-20180125171025
2018-01-25 17:13:53.511;RC;AS81-AS1-20180125171203
2018-01-25 17:13:54.350;SS;AS81-AS1-20180125171203
2018-01-25 17:14:32.025;RO;AS81-AS1-20180125171317
2018-01-25 17:14:33.872;SP;AS81-AS1-20180125171317
2018-01-25 17:14:37.162;SQ;AS81-AS1-20180125171437
2018-01-25 17:15:09.572;RU;AS81-AS1-20180125171203
2018-01-25 17:15:19.033;RC;AS81-AS1-20180125171317
2018-01-25 17:15:19.219;VU;AS81-AS1-20180125171203
2018-01-25 17:15:20.693;SS;AS81-AS1-20180125171317
2018-01-25 17:15:48.687;RO;AS81-AS1-20180125171437
2018-01-25 17:15:50.864;SP;AS81-AS1-20180125171437
2018-01-25 17:15:55.378;SQ;AS81-AS1-20180125171555
2018-01-25 17:16:40.378;RU;AS81-AS1-20180125171317
2018-01-25 17:16:40.384;RC;AS81-AS1-20180125171437
2018-01-25 17:16:43.064;SS;AS81-AS1-20180125171437
2018-01-25 17:16:44.066;VU;AS81-AS1-20180125171317
