2018-01-25 16:58:45.962;SQ;AS82-AS1-20180125165845
2018-01-25 16:59:28.536;RO;AS82-AS1-20180125165845
2018-01-25 16:59:29.822;SP;AS82-AS1-20180125165845
2018-01-25 16:59:31.352;SQ;AS82-AS1-20180125165931
2018-01-25 17:00:01.843;RC;AS82-AS1-20180125165845
2018-01-25 17:00:02.659;SS;AS82-AS1-20180125165845
2018-01-25 17:00:27.406;RO;AS82-AS1-20180125165931
2018-01-25 17:00:28.214;SP;AS82-AS1-20180125165931
2018-01-25 17:00:29.791;SQ;AS82-AS1-20180125170029
2018-01-25 17:01:11.837;RC;AS82-AS1-20180125165931
2018-01-25 17:01:12.642;SS;AS82-AS1-20180125165931
2018-01-25 17:01:15.242;RU;AS82-AS1-20180125165845
2018-01-25 17:01:47.125;VU;AS82-AS1-20180125165845
2018-01-25 17:02:04.021;RO;AS82-AS1-20180125170029
2018-01-25 17:02:05.228;SP;AS82-AS1-20180125170029
2018-01-25 17:02:06.812;SQ;AS82-AS1-20180125170206
2018-01-25 17:02:31.637;RU;AS82-AS1-20180125165931
2018-01-25 17:02:42.550;RC;AS82-AS1-20180125170029
2018-01-25 17:02:44.744;SS;AS82-AS1-20180125170029
2018-01-25 17:02:47.238;VU;AS82-AS1-20180125165931
2018-01-25 17:03:30.158;RO;AS82-AS1-20180125170206
2018-01-25 17:03:31.186;SP;AS82-AS1-20180125170206
2018-01-25 17:03:32.773;SQ;AS82-AS1-20180125170332
2018-01-25 17:03:42.575;RU;AS82-AS1-20180125170029
2018-01-25 17:03:50.110;VU;AS82-AS1-20180125170029
2018-01-25 17:04:10.280;RC;AS82-AS1-20180125170206
2018-01-25 17:04:11.110;SS;AS82-AS1-20180125170206
2018-01-25 17:04:42.022;RO;AS82-AS1-20180125170332
2018-01-25 17:04:44.083;SP;AS82-AS1-20180125170332
2018-01-25 17:04:47.678;SQ;AS82-AS1-20180125170447
2018-01-25 17:05:24.122;RC;AS82-AS1-20180125170332
2018-01-25 17:05:24.925;SS;AS82-AS1-20180125170332
2018-01-25 17:05:25.921;RU;AS82-AS1-20180125170206
2018-01-25 17:05:52.382;VU;AS82-AS1-20180125170206
2018-01-25 17:06:16.794;RO;AS82-AS1-20180125170447
2018-01-25 17:06:18.081;SP;AS82-AS1-20180125170447
2018-01-25 17:06:19.627;SQ;AS82-AS1-20180125170619
2018-01-25 17:06:41.702;RU;AS82-AS1-20180125170332
2018-01-25 17:06:53.334;VU;AS82-AS1-20180125170332
2018-01-25 17:06:53.488;RC;AS82-AS1-20180125170447
2018-01-25 17:06:54.278;SS;AS82-AS1-20180125170447
2018-01-25 17:07:36.177;RO;AS82-AS1-20180125170619
2018-01-25 17:07:37.003;SP;AS82-AS1-20180125170619
2018-01-25 17:07:38.576;SQ;AS82-AS1-20180125170738
2018-01-25 17:08:18.508;RU;AS82-AS1-20180125170447
2018-01-25 17:08:18.994;RC;AS82-AS1-20180125170619
2018-01-25 17:08:20.085;SS;AS82-AS1-20180125170619
2018-01-25 17:08:20.540;VU;AS82-AS1-20180125170447
2018-01-25 17:08:42.264;RO;AS82-AS1-20180125170738
2018-01-25 17:08:43.434;SP;AS82-AS1-20180125170738
2018-01-25 17:08:45.040;SQ;AS82-AS1-20180125170845
2018-01-25 17:09:17.844;RC;AS82-AS1-20180125170738
2018-01-25 17:09:18.640;SS;AS82-AS1-20180125170738
2018-01-25 17:09:39.826;RU;AS82-AS1-20180125170619
2018-01-25 17:09:59.240;RO;AS82-AS1-20180125170845
2018-01-25 17:09:59.299;VU;AS82-AS1-20180125170619
2018-01-25 17:10:00.422;SP;AS82-AS1-20180125170845
2018-01-25 17:10:02.050;SQ;AS82-AS1-20180125171002
2018-01-25 17:10:24.308;RU;AS82-AS1-20180125170738
2018-01-25 17:10:41.262;RC;AS82-AS1-20180125170845
2018-01-25 17:10:42.054;SS;AS82-AS1-20180125170845
2018-01-25 17:10:59.398;VU;AS82-AS1-20180125170738
2018-01-25 17:11:17.810;RO;AS82-AS1-20180125171002
2018-01-25 17:11:18.937;SP;AS82-AS1-20180125171002
2018-01-25 17:11:20.543;SQ;AS82-AS1-20180125171120
2018-01-25 17:11:57.280;RC;AS82-AS1-20180125171002
2018-01-25 17:11:58.986;SS;AS82-AS1-20180125171002
2018-01-25 17:12:03.434;RU;AS82-AS1-20180125170845
2018-01-25 17:12:05.258;VU;AS82-AS1-20180125170845
2018-01-25 17:12:35.314;RO;AS82-AS1-20180125171120
2018-01-25 17:12:36.440;SP;AS82-AS1-20180125171120
2018-01-25 17:12:37.988;SQ;AS82-AS1-20180125171237
2018-01-25 17:13:10.241;RU;AS82-AS1-20180125171002
2018-01-25 17:13:11.924;RC;AS82-AS1-20180125171120
2018-01-25 17:13:12.058;VU;AS82-AS1-20180125171002
2018-01-25 17:13:12.724;SS;AS82-AS1-20180125171120
2018-01-25 17:14:01.105;RO;AS82-AS1-20180125171237
2018-01-25 17:14:03.374;SP;AS82-AS1-20180125171237
2018-01-25 17:14:06.704;SQ;AS82-AS1-20180125171406
2018-01-25 17:14:25.111;RU;AS82-AS1-20180125171120
2018-01-25 17:14:26.910;VU;AS82-AS1-20180125171120
2018-01-25 17:14:35.927;RC;AS82-AS1-20180125171237
2018-01-25 17:14:36.724;SS;AS82-AS1-20180125171237
2018-01-25 17:15:20.510;RO;AS82-AS1-20180125171406
2018-01-25 17:15:21.601;SP;AS82-AS1-20180125171406
2018-01-25 17:15:23.172;SQ;AS82-AS1-20180125171523
2018-01-25 17:15:43.943;RU;AS82-AS1-20180125171237
2018-01-25 17:15:48.694;RC;AS82-AS1-20180125171406
2018-01-25 17:15:49.649;SS;AS82-AS1-20180125171406
2018-01-25 17:16:16.353;VU;AS82-AS1-20180125171237
2018-01-25 17:16:21.563;RO;AS82-AS1-20180125171523
2018-01-25 17:16:22.550;SP;AS82-AS1-20180125171523
2018-01-25 17:16:24.137;SQ;AS82-AS1-20180125171624
2018-01-25 17:17:00.596;RC;AS82-AS1-20180125171523
2018-01-25 17:17:01.389;SS;AS82-AS1-20180125171523
2018-01-25 17:17:11.116;RU;AS82-AS1-20180125171406
