2018-01-25 16:58:35.540;SQ;AS85-AS1-20180125165835
2018-01-25 16:59:23.532;RO;AS85-AS1-20180125165835
2018-01-25 16:59:24.463;SP;AS85-AS1-20180125165835
2018-01-25 16:59:26.183;SQ;AS85-AS1-20180125165926
2018-01-25 16:59:49.747;RC;AS85-AS1-20180125165835
2018-01-25 16:59:50.582;SS;AS85-AS1-20180125165835
2018-01-25 17:00:31.852;RO;AS85-AS1-20180125165926
2018-01-25 17:00:33.106;SP;AS85-AS1-20180125165926
2018-01-25 17:00:34.836;SQ;AS85-AS1-20180125170034
2018-01-25 17:01:11.614;RU;AS85-AS1-20180125165835
2018-01-25 17:01:11.615;RC;AS85-AS1-20180125165926
2018-01-25 17:01:13.326;SS;AS85-AS1-20180125165926
2018-01-25 17:01:14.326;VU;AS85-AS1-20180125165835
2018-01-25 17:01:41.904;RO;AS85-AS1-20180125170034
2018-01-25 17:01:44.244;SP;AS85-AS1-20180125170034
2018-01-25 17:01:45.971;SQ;AS85-AS1-20180125170145
2018-01-25 17:02:31.304;RU;AS85-AS1-20180125165926
2018-01-25 17:02:46.229;VU;AS85-AS1-20180125165926
2018-01-25 17:02:46.352;RC;AS85-AS1-20180125170034
2018-01-25 17:02:47.193;SS;AS85-AS1-20180125170034
2018-01-25 17:03:02.632;RO;AS85-AS1-20180125170145
2018-01-25 17:03:03.951;SP;AS85-AS1-20180125170145
2018-01-25 17:03:05.655;SQ;AS85-AS1-20180125170305
2018-01-25 17:03:36.122;RC;AS85-AS1-20180125170145
2018-01-25 17:03:36.970;SS;AS85-AS1-20180125170145
2018-01-25 17:04:12.139;RU;AS85-AS1-20180125170034
2018-01-25 17:04:14.021;VU;AS85-AS1-20180125170034
2018-01-25 17:04:24.557;RO;AS85-AS1-20180125170305
2018-01-25 17:04:25.603;SP;AS85-AS1-20180125170305
2018-01-25 17:04:27.326;SQ;AS85-AS1-20180125170427
2018-01-25 17:04:43.585;RU;AS85-AS1-20180125170145
2018-01-25 17:05:13.351;RC;AS85-AS1-20180125170305
2018-01-25 17:05:14.773;SS;AS85-AS1-20180125170305
2018-01-25 17:05:54.683;RO;AS85-AS1-20180125170427
2018-01-25 17:05:56.240;SP;AS85-AS1-20180125170427
2018-01-25 17:05:58.827;SQ;AS85-AS1-20180125170558
2018-01-25 17:06:29.860;RU;AS85-AS1-20180125170305
2018-01-25 17:06:33.953;RC;AS85-AS1-20180125170427
2018-01-25 17:06:36.055;SS;AS85-AS1-20180125170427
2018-01-25 17:06:56.603;VU;AS85-AS1-20180125170305
2018-01-25 17:07:02.760;RO;AS85-AS1-20180125170558
2018-01-25 17:07:04.069;SP;AS85-AS1-20180125170558
2018-01-25 17:07:06.599;SQ;AS85-AS1-20180125170706
2018-01-25 17:07:46.232;RC;AS85-AS1-20180125170558
2018-01-25 17:07:49.418;SS;AS85-AS1-20180125170558
2018-01-25 17:07:53.641;RU;AS85-AS1-20180125170427
2018-01-25 17:07:56.167;VU;AS85-AS1-20180125170427
2018-01-25 17:08:21.298;RO;AS85-AS1-20180125170706
2018-01-25 17:08:23.162;SP;AS85-AS1-20180125170706
2018-01-25 17:08:25.587;SQ;AS85-AS1-20180125170825
2018-01-25 17:09:16.874;RU;AS85-AS1-20180125170558
2018-01-25 17:09:17.970;RC;AS85-AS1-20180125170706
2018-01-25 17:09:18.927;VU;AS85-AS1-20180125170558
2018-01-25 17:09:19.307;SS;AS85-AS1-20180125170706
2018-01-25 17:09:59.463;RO;AS85-AS1-20180125170825
2018-01-25 17:10:01.049;SP;AS85-AS1-20180125170825
2018-01-25 17:10:03.715;SQ;AS85-AS1-20180125171003
2018-01-25 17:10:31.476;RU;AS85-AS1-20180125170706
2018-01-25 17:11:03.658;VU;AS85-AS1-20180125170706
2018-01-25 17:11:17.641;RO;AS85-AS1-20180125171003
2018-01-25 17:11:18.672;RC;AS85-AS1-20180125170825
2018-01-25 17:11:19.386;SP;AS85-AS1-20180125171003
2018-01-25 17:11:21.020;SS;AS85-AS1-20180125170825
2018-01-25 17:11:22.953;SQ;AS85-AS1-20180125171122
2018-01-25 17:11:59.359;RC;AS85-AS1-20180125171003
2018-01-25 17:12:01.637;SS;AS85-AS1-20180125171003
2018-01-25 17:12:39.622;RO;AS85-AS1-20180125171122
2018-01-25 17:12:41.496;SP;AS85-AS1-20180125171122
2018-01-25 17:12:43.955;SQ;AS85-AS1-20180125171243
2018-01-25 17:12:47.825;RU;AS85-AS1-20180125170825
2018-01-25 17:13:12.194;VU;AS85-AS1-20180125170825
2018-01-25 17:13:15.677;RU;AS85-AS1-20180125171003
2018-01-25 17:13:18.404;VU;AS85-AS1-20180125171003
2018-01-25 17:13:32.030;RC;AS85-AS1-20180125171122
2018-01-25 17:13:33.047;SS;AS85-AS1-20180125171122
2018-01-25 17:14:04.039;RO;AS85-AS1-20180125171243
2018-01-25 17:14:07.985;SP;AS85-AS1-20180125171243
2018-01-25 17:14:10.429;SQ;AS85-AS1-20180125171410
2018-01-25 17:14:41.862;RU;AS85-AS1-20180125171122
2018-01-25 17:14:44.215;RC;AS85-AS1-20180125171243
2018-01-25 17:14:46.129;SS;AS85-AS1-20180125171243
2018-01-25 17:15:19.297;VU;AS85-AS1-20180125171122
2018-01-25 17:15:24.713;RO;AS85-AS1-20180125171410
2018-01-25 17:15:26.599;SP;AS85-AS1-20180125171410
2018-01-25 17:15:29.157;SQ;AS85-AS1-20180125171529
2018-01-25 17:15:52.741;RC;AS85-AS1-20180125171410
2018-01-25 17:15:52.781;RU;AS85-AS1-20180125171243
2018-01-25 17:15:55.095;SS;AS85-AS1-20180125171410
2018-01-25 17:16:39.180;RO;AS85-AS1-20180125171529
2018-01-25 17:16:41.534;SP;AS85-AS1-20180125171529
2018-01-25 17:16:44.986;SQ;AS85-AS1-20180125171644
