2018-01-25 16:58:37.854;SQ;AS86-AS1-20180125165837
2018-01-25 16:59:09.025;RO;AS86-AS1-20180125165837
2018-01-25 16:59:10.228;SP;AS86-AS1-20180125165837
2018-01-25 16:59:11.937;SQ;AS86-AS1-20180125165911
2018-01-25 16:59:38.675;RC;AS86-AS1-20180125165837
2018-01-25 16:59:39.519;SS;AS86-AS1-20180125165837
2018-01-25 17:00:08.161;RO;AS86-AS1-20180125165911
2018-01-25 17:00:09.334;SP;AS86-AS1-20180125165911
2018-01-25 17:00:11.037;SQ;AS86-AS1-20180125170011
2018-01-25 17:00:52.694;RC;AS86-AS1-20180125165911
2018-01-25 17:00:53.549;SS;AS86-AS1-20180125165911
2018-01-25 17:00:54.152;RU;AS86-AS1-20180125165837
2018-01-25 17:00:56.001;VU;AS86-AS1-20180125165837
2018-01-25 17:01:20.004;RO;AS86-AS1-20180125170011
2018-01-25 17:01:20.968;SP;AS86-AS1-20180125170011
2018-01-25 17:01:22.679;SQ;AS86-AS1-20180125170122
2018-01-25 17:02:03.967;RU;AS86-AS1-20180125165911
2018-01-25 17:02:04.133;RC;AS86-AS1-20180125170011
2018-01-25 17:02:05.689;SS;AS86-AS1-20180125170011
2018-01-25 17:02:06.521;VU;AS86-AS1-20180125165911
2018-01-25 17:03:05.667;RO;AS86-AS1-20180125170122
2018-01-25 17:03:06.621;SP;AS86-AS1-20180125170122
2018-01-25 17:03:08.330;SQ;AS86-AS1-20180125170308
2018-01-25 17:03:19.284;RU;AS86-AS1-20180125170011
2018-01-25 17:03:50.021;VU;AS86-AS1-20180125170011
2018-01-25 17:04:21.358;RC;AS86-AS1-20180125170122
2018-01-25 17:04:21.851;RO;AS86-AS1-20180125170308
2018-01-25 17:04:22.431;SS;AS86-AS1-20180125170122
2018-01-25 17:04:23.080;SP;AS86-AS1-20180125170308
2018-01-25 17:04:24.765;SQ;AS86-AS1-20180125170424
2018-01-25 17:05:36.020;RC;AS86-AS1-20180125170308
2018-01-25 17:05:36.894;SS;AS86-AS1-20180125170308
2018-01-25 17:05:41.442;RO;AS86-AS1-20180125170424
2018-01-25 17:05:43.632;SP;AS86-AS1-20180125170424
2018-01-25 17:05:47.256;SQ;AS86-AS1-20180125170547
2018-01-25 17:05:55.285;RU;AS86-AS1-20180125170122
2018-01-25 17:05:57.150;VU;AS86-AS1-20180125170122
2018-01-25 17:06:17.920;RC;AS86-AS1-20180125170424
2018-01-25 17:06:18.778;SS;AS86-AS1-20180125170424
2018-01-25 17:06:48.458;RO;AS86-AS1-20180125170547
2018-01-25 17:06:49.902;SP;AS86-AS1-20180125170547
2018-01-25 17:06:51.555;SQ;AS86-AS1-20180125170651
2018-01-25 17:06:55.424;RU;AS86-AS1-20180125170308
2018-01-25 17:06:57.266;VU;AS86-AS1-20180125170308
2018-01-25 17:07:23.686;RC;AS86-AS1-20180125170547
2018-01-25 17:07:24.542;SS;AS86-AS1-20180125170547
2018-01-25 17:07:30.746;RU;AS86-AS1-20180125170424
2018-01-25 17:07:49.719;RO;AS86-AS1-20180125170651
2018-01-25 17:07:52.299;SP;AS86-AS1-20180125170651
2018-01-25 17:07:55.921;SQ;AS86-AS1-20180125170755
2018-01-25 17:07:56.075;VU;AS86-AS1-20180125170424
2018-01-25 17:08:26.295;RC;AS86-AS1-20180125170651
2018-01-25 17:08:27.159;SS;AS86-AS1-20180125170651
2018-01-25 17:08:51.503;RU;AS86-AS1-20180125170547
2018-01-25 17:08:53.343;VU;AS86-AS1-20180125170547
2018-01-25 17:09:16.718;RO;AS86-AS1-20180125170755
2018-01-25 17:09:17.841;SP;AS86-AS1-20180125170755
2018-01-25 17:09:19.550;SQ;AS86-AS1-20180125170919
2018-01-25 17:09:52.795;RC;AS86-AS1-20180125170755
2018-01-25 17:09:54.607;SS;AS86-AS1-20180125170755
2018-01-25 17:10:01.742;RU;AS86-AS1-20180125170651
2018-01-25 17:10:03.589;VU;AS86-AS1-20180125170651
2018-01-25 17:10:36.081;RO;AS86-AS1-20180125170919
2018-01-25 17:10:36.997;SP;AS86-AS1-20180125170919
2018-01-25 17:10:38.705;SQ;AS86-AS1-20180125171038
2018-01-25 17:11:16.037;RU;AS86-AS1-20180125170755
2018-01-25 17:11:17.891;VU;AS86-AS1-20180125170755
2018-01-25 17:11:18.414;RC;AS86-AS1-20180125170919
2018-01-25 17:11:19.259;SS;AS86-AS1-20180125170919
2018-01-25 17:11:50.650;RO;AS86-AS1-20180125171038
2018-01-25 17:11:51.633;SP;AS86-AS1-20180125171038
2018-01-25 17:11:53.352;SQ;AS86-AS1-20180125171153
2018-01-25 17:12:34.861;RC;AS86-AS1-20180125171038
2018-01-25 17:12:35.315;RU;AS86-AS1-20180125170919
2018-01-25 17:12:36.092;SS;AS86-AS1-20180125171038
2018-01-25 17:12:58.570;RO;AS86-AS1-20180125171153
2018-01-25 17:13:02.071;SP;AS86-AS1-20180125171153
2018-01-25 17:13:07.046;SQ;AS86-AS1-20180125171307
2018-01-25 17:13:09.958;VU;AS86-AS1-20180125170919
2018-01-25 17:13:36.957;RC;AS86-AS1-20180125171153
2018-01-25 17:13:37.799;SS;AS86-AS1-20180125171153
2018-01-25 17:13:55.229;RU;AS86-AS1-20180125171038
2018-01-25 17:14:08.866;VU;AS86-AS1-20180125171038
2018-01-25 17:14:25.110;RO;AS86-AS1-20180125171307
2018-01-25 17:14:26.018;SP;AS86-AS1-20180125171307
2018-01-25 17:14:27.721;SQ;AS86-AS1-20180125171427
2018-01-25 17:15:04.424;RC;AS86-AS1-20180125171307
2018-01-25 17:15:06.211;SS;AS86-AS1-20180125171307
2018-01-25 17:15:14.370;RU;AS86-AS1-20180125171153
2018-01-25 17:15:16.214;VU;AS86-AS1-20180125171153
2018-01-25 17:15:47.766;RO;AS86-AS1-20180125171427
2018-01-25 17:15:48.652;SP;AS86-AS1-20180125171427
2018-01-25 17:15:51.341;SQ;AS86-AS1-20180125171551
2018-01-25 17:16:40.629;RU;AS86-AS1-20180125171307
2018-01-25 17:16:40.664;RC;AS86-AS1-20180125171427
2018-01-25 17:16:42.330;SS;AS86-AS1-20180125171427
2018-01-25 17:16:43.330;VU;AS86-AS1-20180125171307
