2018-01-25 16:58:36.421;SQ;AS87-AS1-20180125165836
2018-01-25 16:59:07.532;RO;AS87-AS1-20180125165836
2018-01-25 16:59:08.801;SP;AS87-AS1-20180125165836
2018-01-25 16:59:10.518;SQ;AS87-AS1-20180125165910
2018-01-25 16:59:38.664;RC;AS87-AS1-20180125165836
2018-01-25 16:59:39.513;SS;AS87-AS1-20180125165836
2018-01-25 17:00:08.941;RO;AS87-AS1-20180125165910
2018-01-25 17:00:09.962;SP;AS87-AS1-20180125165910
2018-01-25 17:00:11.685;SQ;AS87-AS1-20180125170011
2018-01-25 17:00:43.834;RC;AS87-AS1-20180125165910
2018-01-25 17:00:44.676;SS;AS87-AS1-20180125165910
2018-01-25 17:00:49.343;RU;AS87-AS1-20180125165836
2018-01-25 17:00:51.193;VU;AS87-AS1-20180125165836
2018-01-25 17:01:19.471;RO;AS87-AS1-20180125170011
2018-01-25 17:01:20.628;SP;AS87-AS1-20180125170011
2018-01-25 17:01:22.343;SQ;AS87-AS1-20180125170122
2018-01-25 17:02:04.000;RU;AS87-AS1-20180125165910
2018-01-25 17:02:04.039;RC;AS87-AS1-20180125170011
2018-01-25 17:02:05.747;SS;AS87-AS1-20180125170011
2018-01-25 17:02:06.747;VU;AS87-AS1-20180125165910
2018-01-25 17:02:39.645;RO;AS87-AS1-20180125170122
2018-01-25 17:02:41.796;SP;AS87-AS1-20180125170122
2018-01-25 17:02:45.252;SQ;AS87-AS1-20180125170245
2018-01-25 17:03:17.200;RC;AS87-AS1-20180125170122
2018-01-25 17:03:18.039;SS;AS87-AS1-20180125170122
2018-01-25 17:03:20.872;RU;AS87-AS1-20180125170011
2018-01-25 17:04:25.575;RO;AS87-AS1-20180125170245
2018-01-25 17:04:27.358;SP;AS87-AS1-20180125170245
2018-01-25 17:04:29.745;SQ;AS87-AS1-20180125170429
2018-01-25 17:04:30.908;RU;AS87-AS1-20180125170122
2018-01-25 17:04:53.175;VU;AS87-AS1-20180125170122
2018-01-25 17:05:08.470;RC;AS87-AS1-20180125170245
2018-01-25 17:05:10.244;SS;AS87-AS1-20180125170245
2018-01-25 17:05:55.865;RO;AS87-AS1-20180125170429
2018-01-25 17:05:56.760;SP;AS87-AS1-20180125170429
2018-01-25 17:05:59.367;SQ;AS87-AS1-20180125170559
2018-01-25 17:06:18.298;RU;AS87-AS1-20180125170245
2018-01-25 17:06:20.409;RC;AS87-AS1-20180125170429
2018-01-25 17:06:21.772;SS;AS87-AS1-20180125170429
2018-01-25 17:06:55.520;VU;AS87-AS1-20180125170245
2018-01-25 17:07:17.939;RO;AS87-AS1-20180125170559
2018-01-25 17:07:19.583;SP;AS87-AS1-20180125170559
2018-01-25 17:07:22.143;SQ;AS87-AS1-20180125170722
2018-01-25 17:07:56.933;RU;AS87-AS1-20180125170429
2018-01-25 17:07:58.760;RC;AS87-AS1-20180125170559
2018-01-25 17:07:58.964;VU;AS87-AS1-20180125170429
2018-01-25 17:08:00.019;SS;AS87-AS1-20180125170559
2018-01-25 17:08:52.373;RO;AS87-AS1-20180125170722
2018-01-25 17:08:55.582;SP;AS87-AS1-20180125170722
2018-01-25 17:08:58.176;SQ;AS87-AS1-20180125170858
2018-01-25 17:09:17.747;RU;AS87-AS1-20180125170559
2018-01-25 17:09:20.502;VU;AS87-AS1-20180125170559
2018-01-25 17:09:34.989;RC;AS87-AS1-20180125170722
2018-01-25 17:09:36.286;SS;AS87-AS1-20180125170722
2018-01-25 17:10:06.366;RO;AS87-AS1-20180125170858
2018-01-25 17:10:07.803;SP;AS87-AS1-20180125170858
2018-01-25 17:10:10.217;SQ;AS87-AS1-20180125171010
2018-01-25 17:10:46.402;RC;AS87-AS1-20180125170858
2018-01-25 17:10:47.286;SS;AS87-AS1-20180125170858
2018-01-25 17:10:58.939;RU;AS87-AS1-20180125170722
2018-01-25 17:11:00.972;VU;AS87-AS1-20180125170722
2018-01-25 17:11:30.839;RO;AS87-AS1-20180125171010
2018-01-25 17:11:33.038;SP;AS87-AS1-20180125171010
2018-01-25 17:11:35.494;SQ;AS87-AS1-20180125171135
2018-01-25 17:11:54.802;RU;AS87-AS1-20180125170858
2018-01-25 17:12:10.009;VU;AS87-AS1-20180125170858
2018-01-25 17:12:14.923;RC;AS87-AS1-20180125171010
2018-01-25 17:12:15.898;SS;AS87-AS1-20180125171010
2018-01-25 17:13:01.586;RO;AS87-AS1-20180125171135
2018-01-25 17:13:04.499;SP;AS87-AS1-20180125171135
2018-01-25 17:13:09.562;SQ;AS87-AS1-20180125171309
2018-01-25 17:13:30.362;RU;AS87-AS1-20180125171010
2018-01-25 17:13:32.439;VU;AS87-AS1-20180125171010
2018-01-25 17:13:42.324;RC;AS87-AS1-20180125171135
2018-01-25 17:13:44.048;SS;AS87-AS1-20180125171135
2018-01-25 17:14:13.192;RO;AS87-AS1-20180125171309
2018-01-25 17:14:15.308;SP;AS87-AS1-20180125171309
2018-01-25 17:14:17.897;SQ;AS87-AS1-20180125171417
2018-01-25 17:14:57.451;RC;AS87-AS1-20180125171309
2018-01-25 17:14:58.723;SS;AS87-AS1-20180125171309
2018-01-25 17:15:17.027;RU;AS87-AS1-20180125171135
2018-01-25 17:15:19.209;VU;AS87-AS1-20180125171135
2018-01-25 17:15:43.220;RO;AS87-AS1-20180125171417
2018-01-25 17:15:44.754;SP;AS87-AS1-20180125171417
2018-01-25 17:15:47.217;SQ;AS87-AS1-20180125171547
2018-01-25 17:16:21.638;RU;AS87-AS1-20180125171309
2018-01-25 17:16:23.520;VU;AS87-AS1-20180125171309
2018-01-25 17:16:40.379;RC;AS87-AS1-20180125171417
2018-01-25 17:16:41.399;SS;AS87-AS1-20180125171417
