2018-01-25 16:58:43.868;SQ;AS88-AS1-20180125165843
2018-01-25 16:59:18.281;RO;AS88-AS1-20180125165843
2018-01-25 16:59:19.221;SP;AS88-AS1-20180125165843
2018-01-25 16:59:20.832;SQ;AS88-AS1-20180125165920
2018-01-25 16:59:40.505;RC;AS88-AS1-20180125165843
2018-01-25 16:59:41.339;SS;AS88-AS1-20180125165843
2018-01-25 17:00:16.878;RO;AS88-AS1-20180125165920
2018-01-25 17:00:17.724;SP;AS88-AS1-20180125165920
2018-01-25 17:00:19.352;SQ;AS88-AS1-20180125170019
2018-01-25 17:00:50.577;RU;AS88-AS1-20180125165843
2018-01-25 17:00:52.392;VU;AS88-AS1-20180125165843
2018-01-25 17:00:58.315;RC;AS88-AS1-20180125165920
2018-01-25 17:00:59.140;SS;AS88-AS1-20180125165920
2018-01-25 17:01:28.233;RO;AS88-AS1-20180125170019
2018-01-25 17:01:29.274;SP;AS88-AS1-20180125170019
2018-01-25 17:01:30.887;SQ;AS88-AS1-20180125170130
2018-01-25 17:02:08.322;RU;AS88-AS1-20180125165920
2018-01-25 17:02:09.935;RC;AS88-AS1-20180125170019
2018-01-25 17:02:10.147;VU;AS88-AS1-20180125165920
2018-01-25 17:02:10.749;SS;AS88-AS1-20180125170019
2018-01-25 17:02:35.054;RO;AS88-AS1-20180125170130
2018-01-25 17:02:36.282;SP;AS88-AS1-20180125170130
2018-01-25 17:02:38.203;SQ;AS88-AS1-20180125170238
2018-01-25 17:03:15.378;RC;AS88-AS1-20180125170130
2018-01-25 17:03:16.197;SS;AS88-AS1-20180125170130
2018-01-25 17:03:47.169;RU;AS88-AS1-20180125170019
2018-01-25 17:03:48.996;VU;AS88-AS1-20180125170019
2018-01-25 17:03:50.306;RO;AS88-AS1-20180125170238
2018-01-25 17:03:51.618;SP;AS88-AS1-20180125170238
2018-01-25 17:03:53.260;SQ;AS88-AS1-20180125170353
2018-01-25 17:04:16.465;RC;AS88-AS1-20180125170238
2018-01-25 17:04:17.273;SS;AS88-AS1-20180125170238
2018-01-25 17:04:30.425;RU;AS88-AS1-20180125170130
2018-01-25 17:04:49.761;VU;AS88-AS1-20180125170130
2018-01-25 17:05:08.615;RO;AS88-AS1-20180125170353
2018-01-25 17:05:09.692;SP;AS88-AS1-20180125170353
2018-01-25 17:05:11.341;SQ;AS88-AS1-20180125170511
2018-01-25 17:05:50.777;RC;AS88-AS1-20180125170353
2018-01-25 17:05:51.606;SS;AS88-AS1-20180125170353
2018-01-25 17:05:54.195;RU;AS88-AS1-20180125170238
2018-01-25 17:05:56.030;VU;AS88-AS1-20180125170238
2018-01-25 17:06:55.032;RO;AS88-AS1-20180125170511
2018-01-25 17:06:56.268;SP;AS88-AS1-20180125170511
2018-01-25 17:06:57.904;SQ;AS88-AS1-20180125170657
2018-01-25 17:07:18.979;RU;AS88-AS1-20180125170353
2018-01-25 17:07:20.812;VU;AS88-AS1-20180125170353
2018-01-25 17:07:36.305;RC;AS88-AS1-20180125170511
2018-01-25 17:07:37.131;SS;AS88-AS1-20180125170511
2018-01-25 17:08:02.696;RO;AS88-AS1-20180125170657
2018-01-25 17:08:03.778;SP;AS88-AS1-20180125170657
2018-01-25 17:08:05.410;SQ;AS88-AS1-20180125170805
2018-01-25 17:08:32.993;RC;AS88-AS1-20180125170657
2018-01-25 17:08:33.797;SS;AS88-AS1-20180125170657
2018-01-25 17:09:00.167;RU;AS88-AS1-20180125170511
2018-01-25 17:09:01.973;VU;AS88-AS1-20180125170511
2018-01-25 17:09:17.918;RO;AS88-AS1-20180125170805
2018-01-25 17:09:18.817;SP;AS88-AS1-20180125170805
2018-01-25 17:09:20.435;SQ;AS88-AS1-20180125170920
2018-01-25 17:09:56.355;RC;AS88-AS1-20180125170805
2018-01-25 17:09:57.166;SS;AS88-AS1-20180125170805
2018-01-25 17:10:00.349;RU;AS88-AS1-20180125170657
2018-01-25 17:10:02.187;VU;AS88-AS1-20180125170657
2018-01-25 17:11:04.955;RO;AS88-AS1-20180125170920
2018-01-25 17:11:05.855;SP;AS88-AS1-20180125170920
2018-01-25 17:11:07.478;SQ;AS88-AS1-20180125171107
2018-01-25 17:11:17.416;RU;AS88-AS1-20180125170805
2018-01-25 17:11:19.243;VU;AS88-AS1-20180125170805
2018-01-25 17:11:40.365;RC;AS88-AS1-20180125170920
2018-01-25 17:11:41.214;SS;AS88-AS1-20180125170920
2018-01-25 17:12:15.083;RO;AS88-AS1-20180125171107
2018-01-25 17:12:16.355;SP;AS88-AS1-20180125171107
2018-01-25 17:12:17.960;SQ;AS88-AS1-20180125171217
2018-01-25 17:12:41.802;RC;AS88-AS1-20180125171107
2018-01-25 17:12:42.630;SS;AS88-AS1-20180125171107
2018-01-25 17:13:15.515;RU;AS88-AS1-20180125170920
2018-01-25 17:13:17.348;VU;AS88-AS1-20180125170920
2018-01-25 17:13:32.071;RO;AS88-AS1-20180125171217
2018-01-25 17:13:33.343;SP;AS88-AS1-20180125171217
2018-01-25 17:13:34.957;SQ;AS88-AS1-20180125171334
2018-01-25 17:14:08.300;RU;AS88-AS1-20180125171107
2018-01-25 17:14:10.102;VU;AS88-AS1-20180125171107
2018-01-25 17:14:24.951;RC;AS88-AS1-20180125171217
2018-01-25 17:14:25.777;SS;AS88-AS1-20180125171217
2018-01-25 17:14:56.410;RO;AS88-AS1-20180125171334
2018-01-25 17:14:57.350;SP;AS88-AS1-20180125171334
2018-01-25 17:14:59.017;SQ;AS88-AS1-20180125171459
2018-01-25 17:15:43.165;RC;AS88-AS1-20180125171334
2018-01-25 17:15:43.771;RU;AS88-AS1-20180125171217
2018-01-25 17:15:44.172;SS;AS88-AS1-20180125171334
2018-01-25 17:15:45.798;VU;AS88-AS1-20180125171217
2018-01-25 17:16:11.951;RO;AS88-AS1-20180125171459
2018-01-25 17:16:13.086;SP;AS88-AS1-20180125171459
2018-01-25 17:16:14.694;SQ;AS88-AS1-20180125171614
2018-01-25 17:16:52.774;RC;AS88-AS1-20180125171459
2018-01-25 17:16:53.576;SS;AS88-AS1-20180125171459
2018-01-25 17:16:54.395;RU;AS88-AS1-20180125171334
