2018-01-25 16:58:31.534;SQ;AS90-AS1-20180125165831
2018-01-25 16:58:48.448;RO;AS90-AS1-20180125165831
2018-01-25 16:58:49.373;SP;AS90-AS1-20180125165831
2018-01-25 16:58:50.957;SQ;AS90-AS1-20180125165850
2018-01-25 16:59:07.699;RC;AS90-AS1-20180125165831
2018-01-25 16:59:08.516;SS;AS90-AS1-20180125165831
2018-01-25 16:59:35.507;RO;AS90-AS1-20180125165850
2018-01-25 16:59:36.817;SP;AS90-AS1-20180125165850
2018-01-25 16:59:38.429;SQ;AS90-AS1-20180125165938
2018-01-25 17:00:04.605;RC;AS90-AS1-20180125165850
2018-01-25 17:00:05.406;SS;AS90-AS1-20180125165850
2018-01-25 17:00:12.722;RU;AS90-AS1-20180125165831
2018-01-25 17:00:46.814;VU;AS90-AS1-20180125165831
2018-01-25 17:00:50.186;RO;AS90-AS1-20180125165938
2018-01-25 17:00:51.310;SP;AS90-AS1-20180125165938
2018-01-25 17:00:52.923;SQ;AS90-AS1-20180125170052
2018-01-25 17:01:21.991;RC;AS90-AS1-20180125165938
2018-01-25 17:01:22.807;SS;AS90-AS1-20180125165938
2018-01-25 17:01:23.319;RU;AS90-AS1-20180125165850
2018-01-25 17:01:46.273;VU;AS90-AS1-20180125165850
2018-01-25 17:01:46.800;RO;AS90-AS1-20180125170052
2018-01-25 17:01:47.802;SP;AS90-AS1-20180125170052
2018-01-25 17:01:49.393;SQ;AS90-AS1-20180125170149
2018-01-25 17:02:17.369;RC;AS90-AS1-20180125170052
2018-01-25 17:02:18.180;SS;AS90-AS1-20180125170052
2018-01-25 17:02:36.027;RU;AS90-AS1-20180125165938
2018-01-25 17:02:45.960;VU;AS90-AS1-20180125165938
2018-01-25 17:03:02.555;RO;AS90-AS1-20180125170149
2018-01-25 17:03:03.796;SP;AS90-AS1-20180125170149
2018-01-25 17:03:05.398;SQ;AS90-AS1-20180125170305
2018-01-25 17:03:39.903;RU;AS90-AS1-20180125170052
2018-01-25 17:03:42.932;RC;AS90-AS1-20180125170149
2018-01-25 17:03:45.812;SS;AS90-AS1-20180125170149
2018-01-25 17:04:15.846;RO;AS90-AS1-20180125170305
2018-01-25 17:04:16.922;SP;AS90-AS1-20180125170305
2018-01-25 17:04:19.307;SQ;AS90-AS1-20180125170419
2018-01-25 17:05:08.058;RU;AS90-AS1-20180125170149
2018-01-25 17:05:08.254;RC;AS90-AS1-20180125170305
2018-01-25 17:05:10.073;SS;AS90-AS1-20180125170305
2018-01-25 17:05:10.555;VU;AS90-AS1-20180125170149
2018-01-25 17:05:49.553;RO;AS90-AS1-20180125170419
2018-01-25 17:05:51.939;SP;AS90-AS1-20180125170419
2018-01-25 17:05:54.086;SQ;AS90-AS1-20180125170554
2018-01-25 17:06:18.280;RU;AS90-AS1-20180125170305
2018-01-25 17:06:25.309;RC;AS90-AS1-20180125170419
2018-01-25 17:06:26.877;SS;AS90-AS1-20180125170419
2018-01-25 17:06:56.808;VU;AS90-AS1-20180125170305
2018-01-25 17:07:03.254;RO;AS90-AS1-20180125170554
2018-01-25 17:07:04.938;SP;AS90-AS1-20180125170554
2018-01-25 17:07:07.230;SQ;AS90-AS1-20180125170707
2018-01-25 17:07:38.290;RC;AS90-AS1-20180125170554
2018-01-25 17:07:39.363;SS;AS90-AS1-20180125170554
2018-01-25 17:07:56.817;RU;AS90-AS1-20180125170419
2018-01-25 17:07:58.776;VU;AS90-AS1-20180125170419
2018-01-25 17:08:24.532;RO;AS90-AS1-20180125170707
2018-01-25 17:08:26.358;SP;AS90-AS1-20180125170707
2018-01-25 17:08:28.722;SQ;AS90-AS1-20180125170828
2018-01-25 17:08:55.801;RU;AS90-AS1-20180125170554
2018-01-25 17:08:58.434;VU;AS90-AS1-20180125170554
2018-01-25 17:09:17.990;RC;AS90-AS1-20180125170707
2018-01-25 17:09:19.270;SS;AS90-AS1-20180125170707
2018-01-25 17:10:28.834;RO;AS90-AS1-20180125170828
2018-01-25 17:10:30.333;SP;AS90-AS1-20180125170828
2018-01-25 17:10:31.059;RU;AS90-AS1-20180125170707
2018-01-25 17:10:33.735;SQ;AS90-AS1-20180125171033
2018-01-25 17:11:03.318;VU;AS90-AS1-20180125170707
2018-01-25 17:11:17.261;RC;AS90-AS1-20180125170828
2018-01-25 17:11:18.196;SS;AS90-AS1-20180125170828
2018-01-25 17:11:53.378;RO;AS90-AS1-20180125171033
2018-01-25 17:11:54.800;SP;AS90-AS1-20180125171033
2018-01-25 17:11:59.493;SQ;AS90-AS1-20180125171159
2018-01-25 17:12:35.491;RU;AS90-AS1-20180125170828
2018-01-25 17:12:36.525;RC;AS90-AS1-20180125171033
2018-01-25 17:12:37.909;SS;AS90-AS1-20180125171033
2018-01-25 17:12:38.184;VU;AS90-AS1-20180125170828
2018-01-25 17:13:08.283;RO;AS90-AS1-20180125171159
2018-01-25 17:13:09.762;SP;AS90-AS1-20180125171159
2018-01-25 17:13:12.050;SQ;AS90-AS1-20180125171312
2018-01-25 17:13:47.271;RU;AS90-AS1-20180125171033
2018-01-25 17:13:48.239;RC;AS90-AS1-20180125171159
2018-01-25 17:13:50.085;SS;AS90-AS1-20180125171159
2018-01-25 17:14:12.562;VU;AS90-AS1-20180125171033
2018-01-25 17:14:28.272;RO;AS90-AS1-20180125171312
2018-01-25 17:14:29.853;SP;AS90-AS1-20180125171312
2018-01-25 17:14:32.311;SQ;AS90-AS1-20180125171432
2018-01-25 17:15:14.733;RC;AS90-AS1-20180125171312
2018-01-25 17:15:15.551;SS;AS90-AS1-20180125171312
2018-01-25 17:15:17.237;RU;AS90-AS1-20180125171159
2018-01-25 17:15:19.493;VU;AS90-AS1-20180125171159
2018-01-25 17:15:49.791;RO;AS90-AS1-20180125171432
2018-01-25 17:15:50.906;SP;AS90-AS1-20180125171432
2018-01-25 17:15:54.321;SQ;AS90-AS1-20180125171554
2018-01-25 17:16:19.367;RU;AS90-AS1-20180125171312
2018-01-25 17:16:21.321;VU;AS90-AS1-20180125171312
2018-01-25 17:16:42.295;RC;AS90-AS1-20180125171432
2018-01-25 17:16:43.413;SS;AS90-AS1-20180125171432
