2018-01-27 18:59:27.202;SQ;AS15-AS1-20180127185927
2018-01-27 18:59:30.450;RO;AS15-AS1-20180127185927
2018-01-27 18:59:31.483;SP;AS15-AS1-20180127185927
2018-01-27 18:59:33.075;SQ;AS15-AS1-20180127185933
2018-01-27 18:59:36.005;RC;AS15-AS1-20180127185927
2018-01-27 18:59:36.776;SS;AS15-AS1-20180127185927
2018-01-27 18:59:43.277;RO;AS15-AS1-20180127185933
2018-01-27 18:59:44.362;SP;AS15-AS1-20180127185933
2018-01-27 18:59:45.905;SQ;AS15-AS1-20180127185945
2018-01-27 18:59:51.864;RC;AS15-AS1-20180127185933
2018-01-27 18:59:52.626;SS;AS15-AS1-20180127185933
2018-01-27 18:59:53.035;RU;AS15-AS1-20180127185927
2018-01-27 19:00:01.884;RO;AS15-AS1-20180127185945
2018-01-27 19:00:03.524;SP;AS15-AS1-20180127185945
2018-01-27 19:00:05.654;SQ;AS15-AS1-20180127190005
2018-01-27 19:00:11.496;RC;AS15-AS1-20180127185945
2018-01-27 19:00:11.749;RU;AS15-AS1-20180127185933
2018-01-27 19:00:12.889;SS;AS15-AS1-20180127185945
2018-01-27 19:00:21.397;RO;AS15-AS1-20180127190005
2018-01-27 19:00:23.658;SP;AS15-AS1-20180127190005
2018-01-27 19:00:27.149;SQ;AS15-AS1-20180127190027
2018-01-27 19:00:30.950;RC;AS15-AS1-20180127190005
2018-01-27 19:00:31.738;RU;AS15-AS1-20180127185945
2018-01-27 19:00:35.724;SS;AS15-AS1-20180127190005
2018-01-27 19:00:39.424;RO;AS15-AS1-20180127190027
2018-01-27 19:00:42.947;VU;AS15-AS1-20180127185927
2018-01-27 19:00:43.025;SP;AS15-AS1-20180127190027
2018-01-27 19:00:43.500;VU;AS15-AS1-20180127185945
2018-01-27 19:00:43.822;VU;AS15-AS1-20180127185933
2018-01-27 19:00:44.615;SQ;AS15-AS1-20180127190044
2018-01-27 19:00:53.332;RU;AS15-AS1-20180127190005
2018-01-27 19:00:53.336;RC;AS15-AS1-20180127190027
2018-01-27 19:00:54.536;RO;AS15-AS1-20180127190044
2018-01-27 19:00:55.211;SS;AS15-AS1-20180127190027
2018-01-27 19:00:55.811;SP;AS15-AS1-20180127190044
2018-01-27 19:00:58.221;SQ;AS15-AS1-20180127190058
2018-01-27 19:01:03.299;RC;AS15-AS1-20180127190044
2018-01-27 19:01:04.083;SS;AS15-AS1-20180127190044
2018-01-27 19:01:12.843;RU;AS15-AS1-20180127190027
2018-01-27 19:01:13.891;RO;AS15-AS1-20180127190058
2018-01-27 19:01:21.818;RU;AS15-AS1-20180127190044
2018-01-27 19:01:31.120;SP;AS15-AS1-20180127190058
2018-01-27 19:01:37.082;RC;AS15-AS1-20180127190058
2018-01-27 19:03:08.962;SS;AS15-AS1-20180127190058
2018-01-27 19:03:24.956;RU;AS15-AS1-20180127190058
2018-01-27 19:04:00.443;VU;AS15-AS1-20180127190044
2018-01-27 19:04:07.495;VU;AS15-AS1-20180127190027
2018-01-27 19:04:20.404;SQ;AS15-AS1-20180127190420
2018-01-27 19:04:30.274;RO;AS15-AS1-20180127190420
2018-01-27 19:04:35.786;VU;AS15-AS1-20180127190005
2018-01-27 19:05:02.342;SP;AS15-AS1-20180127190420
2018-01-27 19:05:06.636;RC;AS15-AS1-20180127190420
2018-01-27 19:05:07.578;SQ;AS15-AS1-20180127190507
2018-01-27 19:05:11.710;SS;AS15-AS1-20180127190420
2018-01-27 19:05:19.829;RO;AS15-AS1-20180127190507
2018-01-27 19:05:26.660;RU;AS15-AS1-20180127190420
2018-01-27 19:06:07.962;SP;AS15-AS1-20180127190507
2018-01-27 19:06:12.295;RC;AS15-AS1-20180127190507
2018-01-27 19:07:22.050;VU;AS15-AS1-20180127190058
2018-01-27 19:07:23.366;SS;AS15-AS1-20180127190507
2018-01-27 19:07:33.188;RU;AS15-AS1-20180127190507
2018-01-27 19:08:00.725;SQ;AS15-AS1-20180127190800
2018-01-27 19:08:05.720;RO;AS15-AS1-20180127190800
2018-01-27 19:08:55.680;SP;AS15-AS1-20180127190800
2018-01-27 19:08:56.377;RC;AS15-AS1-20180127190800
2018-01-27 19:10:09.731;SS;AS15-AS1-20180127190800
2018-01-27 19:10:14.088;RU;AS15-AS1-20180127190800
2018-01-27 19:11:09.108;SQ;AS15-AS1-20180127191109
2018-01-27 19:11:10.424;RO;AS15-AS1-20180127191109
2018-01-27 19:12:28.833;SP;AS15-AS1-20180127191109
2018-01-27 19:12:29.651;RC;AS15-AS1-20180127191109
2018-01-27 19:12:41.172;VU;AS15-AS1-20180127190420
2018-01-27 19:13:44.486;SS;AS15-AS1-20180127191109
2018-01-27 19:13:48.933;RU;AS15-AS1-20180127191109
2018-01-27 19:15:09.346;SQ;AS15-AS1-20180127191509
2018-01-27 19:15:10.623;RO;AS15-AS1-20180127191509
2018-01-27 19:16:23.096;SP;AS15-AS1-20180127191509
2018-01-27 19:16:23.799;RC;AS15-AS1-20180127191509
2018-01-27 19:17:58.677;SS;AS15-AS1-20180127191509
2018-01-27 19:17:58.841;VU;AS15-AS1-20180127190507
2018-01-27 19:18:02.989;RU;AS15-AS1-20180127191509
2018-01-27 19:19:10.453;SQ;AS15-AS1-20180127191910
2018-01-27 19:19:11.887;RO;AS15-AS1-20180127191910
2018-01-27 19:20:29.300;SP;AS15-AS1-20180127191910
2018-01-27 19:20:29.959;RC;AS15-AS1-20180127191910
2018-01-27 19:21:16.658;VU;AS15-AS1-20180127190800
2018-01-27 19:21:54.995;SS;AS15-AS1-20180127191910
2018-01-27 19:21:56.142;VU;AS15-AS1-20180127191509
2018-01-27 19:21:56.474;VU;AS15-AS1-20180127191109
2018-01-27 19:21:59.478;RU;AS15-AS1-20180127191910
2018-01-27 19:22:16.682;SQ;AS15-AS1-20180127192216
2018-01-27 19:22:17.958;RO;AS15-AS1-20180127192216
2018-01-27 19:22:41.654;SP;AS15-AS1-20180127192216
2018-01-27 19:22:42.393;RC;AS15-AS1-20180127192216
2018-01-27 19:22:50.958;VU;AS15-AS1-20180127191910
2018-01-27 19:23:05.559;SS;AS15-AS1-20180127192216
2018-01-27 19:23:09.922;RU;AS15-AS1-20180127192216
2018-01-27 19:23:18.152;SQ;AS15-AS1-20180127192318
2018-01-27 19:23:19.427;RO;AS15-AS1-20180127192318
2018-01-27 19:23:37.239;SP;AS15-AS1-20180127192318
2018-01-27 19:23:37.939;RC;AS15-AS1-20180127192318
2018-01-27 19:23:57.698;VU;AS15-AS1-20180127192216
2018-01-27 19:24:07.764;SS;AS15-AS1-20180127192318
2018-01-27 19:24:12.064;RU;AS15-AS1-20180127192318
2018-01-27 19:24:20.498;SQ;AS15-AS1-20180127192420
2018-01-27 19:24:21.935;RO;AS15-AS1-20180127192420
2018-01-27 19:24:39.292;SP;AS15-AS1-20180127192420
2018-01-27 19:24:39.948;RC;AS15-AS1-20180127192420
2018-01-27 19:24:59.348;VU;AS15-AS1-20180127192318
2018-01-27 19:25:09.491;SS;AS15-AS1-20180127192420
2018-01-27 19:25:13.911;RU;AS15-AS1-20180127192420
2018-01-27 19:25:22.392;SQ;AS15-AS1-20180127192522
2018-01-27 19:25:23.791;RO;AS15-AS1-20180127192522
2018-01-27 19:25:41.359;SP;AS15-AS1-20180127192522
2018-01-27 19:25:42.017;RC;AS15-AS1-20180127192522
2018-01-27 19:26:15.338;SS;AS15-AS1-20180127192522
2018-01-27 19:26:19.656;RU;AS15-AS1-20180127192522
2018-01-27 19:26:27.478;VU;AS15-AS1-20180127192420
2018-01-27 19:26:37.351;SQ;AS15-AS1-20180127192637
2018-01-27 19:26:38.668;RO;AS15-AS1-20180127192637
2018-01-27 19:26:55.329;SP;AS15-AS1-20180127192637
2018-01-27 19:26:55.987;RC;AS15-AS1-20180127192637
2018-01-27 19:27:29.150;SS;AS15-AS1-20180127192637
2018-01-27 19:27:33.453;RU;AS15-AS1-20180127192637
2018-01-27 19:27:35.463;VU;AS15-AS1-20180127192522
2018-01-27 19:27:47.983;SQ;AS15-AS1-20180127192747
2018-01-27 19:27:49.301;RO;AS15-AS1-20180127192747
2018-01-27 19:28:06.379;SP;AS15-AS1-20180127192747
2018-01-27 19:28:07.037;RC;AS15-AS1-20180127192747
2018-01-27 19:28:39.843;SS;AS15-AS1-20180127192747
2018-01-27 19:28:44.156;RU;AS15-AS1-20180127192747
2018-01-27 19:28:46.376;VU;AS15-AS1-20180127192637
2018-01-27 19:28:59.712;SQ;AS15-AS1-20180127192859
2018-01-27 19:29:00.983;RO;AS15-AS1-20180127192859
2018-01-27 19:29:19.521;SP;AS15-AS1-20180127192859
2018-01-27 19:29:20.178;RC;AS15-AS1-20180127192859
2018-01-27 19:29:52.822;SS;AS15-AS1-20180127192859
2018-01-27 19:29:56.609;VU;AS15-AS1-20180127192747
2018-01-27 19:29:57.183;RU;AS15-AS1-20180127192859
2018-01-27 19:30:09.856;SQ;AS15-AS1-20180127193009
2018-01-27 19:30:11.245;RO;AS15-AS1-20180127193009
2018-01-27 19:30:27.855;SP;AS15-AS1-20180127193009
2018-01-27 19:30:28.512;RC;AS15-AS1-20180127193009
2018-01-27 19:30:59.399;SS;AS15-AS1-20180127193009
2018-01-27 19:31:03.710;RU;AS15-AS1-20180127193009
2018-01-27 19:31:07.736;VU;AS15-AS1-20180127192859
2018-01-27 19:31:22.600;SQ;AS15-AS1-20180127193122
2018-01-27 19:31:23.882;RO;AS15-AS1-20180127193122
2018-01-27 19:31:42.170;SP;AS15-AS1-20180127193122
2018-01-27 19:31:42.818;RC;AS15-AS1-20180127193122
2018-01-27 19:32:15.251;SS;AS15-AS1-20180127193122
2018-01-27 19:32:16.358;VU;AS15-AS1-20180127193009
2018-01-27 19:32:19.568;RU;AS15-AS1-20180127193122
2018-01-27 19:32:25.907;SQ;AS15-AS1-20180127193225
2018-01-27 19:32:27.219;RO;AS15-AS1-20180127193225
2018-01-27 19:32:44.675;SP;AS15-AS1-20180127193225
2018-01-27 19:32:45.331;RC;AS15-AS1-20180127193225
2018-01-27 19:33:13.825;SS;AS15-AS1-20180127193225
2018-01-27 19:33:18.215;RU;AS15-AS1-20180127193225
2018-01-27 19:33:32.324;VU;AS15-AS1-20180127193122
2018-01-27 19:33:39.119;SQ;AS15-AS1-20180127193339
2018-01-27 19:33:40.396;RO;AS15-AS1-20180127193339
2018-01-27 19:33:57.509;SP;AS15-AS1-20180127193339
2018-01-27 19:33:58.207;RC;AS15-AS1-20180127193339
2018-01-27 19:34:30.083;SS;AS15-AS1-20180127193339
2018-01-27 19:34:34.405;RU;AS15-AS1-20180127193339
2018-01-27 19:34:35.063;VU;AS15-AS1-20180127193225
2018-01-27 19:34:46.859;SQ;AS15-AS1-20180127193446
2018-01-27 19:34:48.136;RO;AS15-AS1-20180127193446
2018-01-27 19:35:05.910;SP;AS15-AS1-20180127193446
2018-01-27 19:35:06.566;RC;AS15-AS1-20180127193446
2018-01-27 19:35:38.569;SS;AS15-AS1-20180127193446
2018-01-27 19:35:42.894;RU;AS15-AS1-20180127193446
2018-01-27 19:35:44.415;VU;AS15-AS1-20180127193339
2018-01-27 19:35:57.588;SQ;AS15-AS1-20180127193557
2018-01-27 19:35:58.904;RO;AS15-AS1-20180127193557
2018-01-27 19:36:15.963;SP;AS15-AS1-20180127193557
2018-01-27 19:36:16.697;RC;AS15-AS1-20180127193557
2018-01-27 19:36:47.336;SS;AS15-AS1-20180127193557
2018-01-27 19:36:51.654;RU;AS15-AS1-20180127193557
2018-01-27 19:36:52.479;VU;AS15-AS1-20180127193446
2018-01-27 19:37:05.824;SQ;AS15-AS1-20180127193705
2018-01-27 19:37:07.096;RO;AS15-AS1-20180127193705
2018-01-27 19:37:24.241;SP;AS15-AS1-20180127193705
2018-01-27 19:37:24.901;RC;AS15-AS1-20180127193705
2018-01-27 19:37:56.639;SS;AS15-AS1-20180127193705
2018-01-27 19:38:01.000;RU;AS15-AS1-20180127193705
2018-01-27 19:38:02.599;VU;AS15-AS1-20180127193557
2018-01-27 19:38:13.567;SQ;AS15-AS1-20180127193813
2018-01-27 19:38:14.884;RO;AS15-AS1-20180127193813
2018-01-27 19:38:32.293;SP;AS15-AS1-20180127193813
2018-01-27 19:38:32.990;RC;AS15-AS1-20180127193813
2018-01-27 19:39:04.194;SS;AS15-AS1-20180127193813
2018-01-27 19:39:08.546;RU;AS15-AS1-20180127193813
2018-01-27 19:39:10.684;VU;AS15-AS1-20180127193705
2018-01-27 19:39:23.776;SQ;AS15-AS1-20180127193923
2018-01-27 19:39:25.088;RO;AS15-AS1-20180127193923
2018-01-27 19:39:43.333;SP;AS15-AS1-20180127193923
2018-01-27 19:39:43.988;RC;AS15-AS1-20180127193923
2018-01-27 19:40:15.097;SS;AS15-AS1-20180127193923
2018-01-27 19:40:19.408;RU;AS15-AS1-20180127193923
2018-01-27 19:40:20.228;VU;AS15-AS1-20180127193813
2018-01-27 19:40:31.983;SQ;AS15-AS1-20180127194031
2018-01-27 19:40:33.339;RO;AS15-AS1-20180127194031
2018-01-27 19:40:51.092;SP;AS15-AS1-20180127194031
2018-01-27 19:40:51.750;RC;AS15-AS1-20180127194031
2018-01-27 19:41:09.854;SS;AS15-AS1-20180127194031
2018-01-27 19:41:14.180;RU;AS15-AS1-20180127194031
2018-01-27 19:41:37.330;VU;AS15-AS1-20180127194031
2018-01-27 19:41:37.410;VU;AS15-AS1-20180127193923
