2018-01-27 18:59:28.090;SQ;AS16-AS1-20180127185928
2018-01-27 18:59:35.014;RO;AS16-AS1-20180127185928
2018-01-27 18:59:35.893;SP;AS16-AS1-20180127185928
2018-01-27 18:59:37.490;SQ;AS16-AS1-20180127185937
2018-01-27 18:59:40.653;RC;AS16-AS1-20180127185928
2018-01-27 18:59:41.436;SS;AS16-AS1-20180127185928
2018-01-27 19:00:00.046;RU;AS16-AS1-20180127185928
2018-01-27 19:00:00.095;RO;AS16-AS1-20180127185937
2018-01-27 19:00:01.638;SP;AS16-AS1-20180127185937
2018-01-27 19:00:04.130;SQ;AS16-AS1-20180127190004
2018-01-27 19:00:08.248;RC;AS16-AS1-20180127185937
2018-01-27 19:00:09.775;SS;AS16-AS1-20180127185937
2018-01-27 19:00:19.541;RO;AS16-AS1-20180127190004
2018-01-27 19:00:20.885;SP;AS16-AS1-20180127190004
2018-01-27 19:00:23.158;SQ;AS16-AS1-20180127190023
2018-01-27 19:00:28.072;RU;AS16-AS1-20180127185937
2018-01-27 19:00:29.298;RC;AS16-AS1-20180127190004
2018-01-27 19:00:30.627;SS;AS16-AS1-20180127190004
2018-01-27 19:00:35.256;RO;AS16-AS1-20180127190023
2018-01-27 19:00:39.869;SP;AS16-AS1-20180127190023
2018-01-27 19:00:43.466;RC;AS16-AS1-20180127190023
2018-01-27 19:00:43.511;VU;AS16-AS1-20180127185928
2018-01-27 19:00:43.615;RU;AS16-AS1-20180127190004
2018-01-27 19:00:44.750;VU;AS16-AS1-20180127185937
2018-01-27 19:00:45.283;SQ;AS16-AS1-20180127190045
2018-01-27 19:00:45.762;SS;AS16-AS1-20180127190023
2018-01-27 19:01:00.067;RO;AS16-AS1-20180127190045
2018-01-27 19:01:01.118;SP;AS16-AS1-20180127190045
2018-01-27 19:01:02.942;RU;AS16-AS1-20180127190023
2018-01-27 19:01:04.235;SQ;AS16-AS1-20180127190104
2018-01-27 19:01:10.582;RC;AS16-AS1-20180127190045
2018-01-27 19:01:12.500;SS;AS16-AS1-20180127190045
2018-01-27 19:01:19.350;RO;AS16-AS1-20180127190104
2018-01-27 19:01:21.518;SP;AS16-AS1-20180127190104
2018-01-27 19:01:25.150;SQ;AS16-AS1-20180127190125
2018-01-27 19:01:27.438;RC;AS16-AS1-20180127190104
2018-01-27 19:01:29.110;SS;AS16-AS1-20180127190104
2018-01-27 19:01:31.135;RU;AS16-AS1-20180127190045
2018-01-27 19:01:39.335;RO;AS16-AS1-20180127190125
2018-01-27 19:01:41.167;RU;AS16-AS1-20180127190104
2018-01-27 19:01:45.087;SP;AS16-AS1-20180127190125
2018-01-27 19:01:45.262;VU;AS16-AS1-20180127190004
2018-01-27 19:01:47.426;VU;AS16-AS1-20180127190045
2018-01-27 19:01:47.539;VU;AS16-AS1-20180127190023
2018-01-27 19:01:48.394;SQ;AS16-AS1-20180127190148
2018-01-27 19:01:48.481;RC;AS16-AS1-20180127190125
2018-01-27 19:01:49.520;SS;AS16-AS1-20180127190125
2018-01-27 19:01:59.921;RO;AS16-AS1-20180127190148
2018-01-27 19:02:01.591;SP;AS16-AS1-20180127190148
2018-01-27 19:02:03.935;SQ;AS16-AS1-20180127190203
2018-01-27 19:02:04.503;RU;AS16-AS1-20180127190125
2018-01-27 19:02:08.521;RC;AS16-AS1-20180127190148
2018-01-27 19:02:10.239;SS;AS16-AS1-20180127190148
2018-01-27 19:02:20.999;RO;AS16-AS1-20180127190203
2018-01-27 19:02:23.507;SP;AS16-AS1-20180127190203
2018-01-27 19:02:25.985;RU;AS16-AS1-20180127190148
2018-01-27 19:02:27.817;SQ;AS16-AS1-20180127190227
2018-01-27 19:02:29.184;RC;AS16-AS1-20180127190203
2018-01-27 19:02:31.926;SS;AS16-AS1-20180127190203
2018-01-27 19:02:37.132;RO;AS16-AS1-20180127190227
2018-01-27 19:02:41.060;RU;AS16-AS1-20180127190203
2018-01-27 19:02:43.315;SP;AS16-AS1-20180127190227
2018-01-27 19:02:44.495;RC;AS16-AS1-20180127190227
2018-01-27 19:02:46.286;VU;AS16-AS1-20180127190148
2018-01-27 19:02:47.447;VU;AS16-AS1-20180127190104
2018-01-27 19:02:48.078;SS;AS16-AS1-20180127190227
2018-01-27 19:02:48.479;VU;AS16-AS1-20180127190125
2018-01-27 19:02:49.322;SQ;AS16-AS1-20180127190249
2018-01-27 19:02:59.515;RU;AS16-AS1-20180127190227
2018-01-27 19:03:01.068;RO;AS16-AS1-20180127190249
2018-01-27 19:03:02.270;SP;AS16-AS1-20180127190249
2018-01-27 19:03:05.429;SQ;AS16-AS1-20180127190305
2018-01-27 19:03:05.754;RC;AS16-AS1-20180127190249
2018-01-27 19:03:07.932;SS;AS16-AS1-20180127190249
2018-01-27 19:03:16.190;RO;AS16-AS1-20180127190305
2018-01-27 19:03:18.354;SP;AS16-AS1-20180127190305
2018-01-27 19:03:22.075;SQ;AS16-AS1-20180127190322
2018-01-27 19:03:22.693;RU;AS16-AS1-20180127190249
2018-01-27 19:03:24.284;RC;AS16-AS1-20180127190305
2018-01-27 19:03:26.406;SS;AS16-AS1-20180127190305
2018-01-27 19:03:32.762;RO;AS16-AS1-20180127190322
2018-01-27 19:03:37.150;RU;AS16-AS1-20180127190305
2018-01-27 19:03:39.623;SP;AS16-AS1-20180127190322
2018-01-27 19:03:40.770;RC;AS16-AS1-20180127190322
2018-01-27 19:03:46.507;VU;AS16-AS1-20180127190203
2018-01-27 19:03:47.126;SS;AS16-AS1-20180127190322
2018-01-27 19:03:47.272;VU;AS16-AS1-20180127190249
2018-01-27 19:03:47.707;VU;AS16-AS1-20180127190227
2018-01-27 19:03:48.412;SQ;AS16-AS1-20180127190348
2018-01-27 19:03:57.793;RU;AS16-AS1-20180127190322
2018-01-27 19:03:58.166;RO;AS16-AS1-20180127190348
2018-01-27 19:04:00.416;SP;AS16-AS1-20180127190348
2018-01-27 19:04:04.040;SQ;AS16-AS1-20180127190404
2018-01-27 19:04:05.537;RC;AS16-AS1-20180127190348
2018-01-27 19:04:07.645;SS;AS16-AS1-20180127190348
2018-01-27 19:04:13.009;RO;AS16-AS1-20180127190404
2018-01-27 19:04:15.198;SP;AS16-AS1-20180127190404
2018-01-27 19:04:18.622;SQ;AS16-AS1-20180127190418
2018-01-27 19:04:20.998;RC;AS16-AS1-20180127190404
2018-01-27 19:04:22.542;RU;AS16-AS1-20180127190348
2018-01-27 19:04:23.054;SS;AS16-AS1-20180127190404
2018-01-27 19:04:30.315;RO;AS16-AS1-20180127190418
2018-01-27 19:04:34.602;SP;AS16-AS1-20180127190418
2018-01-27 19:04:35.807;RU;AS16-AS1-20180127190404
2018-01-27 19:04:37.810;RC;AS16-AS1-20180127190418
2018-01-27 19:04:45.860;VU;AS16-AS1-20180127190404
2018-01-27 19:04:45.951;SS;AS16-AS1-20180127190418
2018-01-27 19:04:46.958;VU;AS16-AS1-20180127190322
2018-01-27 19:04:47.043;SQ;AS16-AS1-20180127190447
2018-01-27 19:04:47.428;VU;AS16-AS1-20180127190305
2018-01-27 19:04:48.191;VU;AS16-AS1-20180127190348
2018-01-27 19:04:54.237;RO;AS16-AS1-20180127190447
2018-01-27 19:04:55.352;SP;AS16-AS1-20180127190447
2018-01-27 19:04:55.586;RU;AS16-AS1-20180127190418
2018-01-27 19:04:57.754;SQ;AS16-AS1-20180127190457
2018-01-27 19:04:59.409;RC;AS16-AS1-20180127190447
2018-01-27 19:05:00.347;SS;AS16-AS1-20180127190447
2018-01-27 19:05:05.742;RO;AS16-AS1-20180127190457
2018-01-27 19:05:07.261;SP;AS16-AS1-20180127190457
2018-01-27 19:05:09.734;SQ;AS16-AS1-20180127190509
2018-01-27 19:05:14.569;RC;AS16-AS1-20180127190457
2018-01-27 19:05:14.693;RU;AS16-AS1-20180127190447
2018-01-27 19:05:16.769;SS;AS16-AS1-20180127190457
2018-01-27 19:05:22.294;RO;AS16-AS1-20180127190509
2018-01-27 19:05:24.222;SP;AS16-AS1-20180127190509
2018-01-27 19:05:28.037;SQ;AS16-AS1-20180127190528
2018-01-27 19:05:28.450;RC;AS16-AS1-20180127190509
2018-01-27 19:05:29.594;SS;AS16-AS1-20180127190509
2018-01-27 19:05:31.003;RU;AS16-AS1-20180127190457
2018-01-27 19:05:37.754;RO;AS16-AS1-20180127190528
2018-01-27 19:05:40.677;RU;AS16-AS1-20180127190509
2018-01-27 19:05:44.709;SP;AS16-AS1-20180127190528
2018-01-27 19:05:45.605;RC;AS16-AS1-20180127190528
2018-01-27 19:05:45.710;VU;AS16-AS1-20180127190457
2018-01-27 19:05:47.695;VU;AS16-AS1-20180127190418
2018-01-27 19:05:48.308;VU;AS16-AS1-20180127190447
2018-01-27 19:05:48.641;SS;AS16-AS1-20180127190528
2018-01-27 19:05:49.686;SQ;AS16-AS1-20180127190549
2018-01-27 19:05:58.770;RO;AS16-AS1-20180127190549
2018-01-27 19:06:00.109;RU;AS16-AS1-20180127190528
2018-01-27 19:06:00.607;SP;AS16-AS1-20180127190549
2018-01-27 19:06:04.131;RC;AS16-AS1-20180127190549
2018-01-27 19:06:04.467;SQ;AS16-AS1-20180127190604
2018-01-27 19:06:05.984;SS;AS16-AS1-20180127190549
2018-01-27 19:06:12.270;RO;AS16-AS1-20180127190604
2018-01-27 19:06:14.214;SP;AS16-AS1-20180127190604
2018-01-27 19:06:17.012;RU;AS16-AS1-20180127190549
2018-01-27 19:06:18.546;SQ;AS16-AS1-20180127190618
2018-01-27 19:06:19.603;RC;AS16-AS1-20180127190604
2018-01-27 19:06:21.802;SS;AS16-AS1-20180127190604
2018-01-27 19:06:25.654;RO;AS16-AS1-20180127190618
2018-01-27 19:06:27.954;SP;AS16-AS1-20180127190618
2018-01-27 19:06:31.321;RC;AS16-AS1-20180127190618
2018-01-27 19:06:31.483;RU;AS16-AS1-20180127190604
2018-01-27 19:06:35.874;SQ;AS16-AS1-20180127190635
2018-01-27 19:06:38.406;RO;AS16-AS1-20180127190635
2018-01-27 19:06:38.858;SS;AS16-AS1-20180127190618
2018-01-27 19:06:43.268;RU;AS16-AS1-20180127190618
2018-01-27 19:06:46.480;SP;AS16-AS1-20180127190635
2018-01-27 19:06:47.482;VU;AS16-AS1-20180127190528
2018-01-27 19:06:47.682;RC;AS16-AS1-20180127190635
2018-01-27 19:06:48.123;VU;AS16-AS1-20180127190509
2018-01-27 19:06:48.412;VU;AS16-AS1-20180127190604
2018-01-27 19:06:49.521;VU;AS16-AS1-20180127190549
2018-01-27 19:06:49.892;SS;AS16-AS1-20180127190635
2018-01-27 19:06:51.033;SQ;AS16-AS1-20180127190651
2018-01-27 19:06:59.235;RU;AS16-AS1-20180127190635
2018-01-27 19:06:59.281;RO;AS16-AS1-20180127190651
2018-01-27 19:07:01.695;SP;AS16-AS1-20180127190651
2018-01-27 19:07:04.935;SQ;AS16-AS1-20180127190704
2018-01-27 19:07:05.714;RC;AS16-AS1-20180127190651
2018-01-27 19:07:07.724;SS;AS16-AS1-20180127190651
2018-01-27 19:07:11.229;RO;AS16-AS1-20180127190704
2018-01-27 19:07:15.015;SP;AS16-AS1-20180127190704
2018-01-27 19:07:17.963;RC;AS16-AS1-20180127190704
2018-01-27 19:07:19.067;SQ;AS16-AS1-20180127190719
2018-01-27 19:07:19.362;RU;AS16-AS1-20180127190651
2018-01-27 19:07:20.582;SS;AS16-AS1-20180127190704
2018-01-27 19:07:25.554;RO;AS16-AS1-20180127190719
2018-01-27 19:07:28.200;SP;AS16-AS1-20180127190719
2018-01-27 19:07:29.842;RU;AS16-AS1-20180127190704
2018-01-27 19:07:30.482;RC;AS16-AS1-20180127190719
2018-01-27 19:07:36.773;SQ;AS16-AS1-20180127190736
2018-01-27 19:07:36.842;SS;AS16-AS1-20180127190719
2018-01-27 19:07:38.436;RO;AS16-AS1-20180127190736
2018-01-27 19:07:41.354;RU;AS16-AS1-20180127190719
2018-01-27 19:07:46.840;SP;AS16-AS1-20180127190736
2018-01-27 19:07:47.476;VU;AS16-AS1-20180127190618
2018-01-27 19:07:47.920;RC;AS16-AS1-20180127190736
2018-01-27 19:07:49.325;VU;AS16-AS1-20180127190651
2018-01-27 19:07:50.766;VU;AS16-AS1-20180127190704
2018-01-27 19:07:50.956;VU;AS16-AS1-20180127190635
2018-01-27 19:07:51.214;SS;AS16-AS1-20180127190736
2018-01-27 19:07:52.182;SQ;AS16-AS1-20180127190752
2018-01-27 19:07:56.997;RO;AS16-AS1-20180127190752
2018-01-27 19:07:58.054;SP;AS16-AS1-20180127190752
2018-01-27 19:08:00.483;SQ;AS16-AS1-20180127190800
2018-01-27 19:08:00.590;RU;AS16-AS1-20180127190736
2018-01-27 19:08:01.026;RC;AS16-AS1-20180127190752
2018-01-27 19:08:03.066;SS;AS16-AS1-20180127190752
2018-01-27 19:08:04.413;RO;AS16-AS1-20180127190800
2018-01-27 19:08:06.184;SP;AS16-AS1-20180127190800
2018-01-27 19:08:08.233;RC;AS16-AS1-20180127190800
2018-01-27 19:08:10.222;SS;AS16-AS1-20180127190800
2018-01-27 19:08:12.095;RU;AS16-AS1-20180127190752
2018-01-27 19:08:15.937;RU;AS16-AS1-20180127190800
2018-01-27 19:08:46.815;VU;AS16-AS1-20180127190736
2018-01-27 19:08:47.129;VU;AS16-AS1-20180127190752
2018-01-27 19:08:47.862;VU;AS16-AS1-20180127190719
2018-01-27 19:08:48.027;VU;AS16-AS1-20180127190800
