2018-01-27 18:59:29.629;SQ;AS18-AS1-20180127185929
2018-01-27 18:59:38.204;RO;AS18-AS1-20180127185929
2018-01-27 18:59:39.499;SP;AS18-AS1-20180127185929
2018-01-27 18:59:41.223;SQ;AS18-AS1-20180127185941
2018-01-27 18:59:46.440;RC;AS18-AS1-20180127185929
2018-01-27 18:59:47.304;SS;AS18-AS1-20180127185929
2018-01-27 18:59:58.500;RO;AS18-AS1-20180127185941
2018-01-27 18:59:59.619;SP;AS18-AS1-20180127185941
2018-01-27 19:00:01.388;SQ;AS18-AS1-20180127190001
2018-01-27 19:00:07.356;RC;AS18-AS1-20180127185941
2018-01-27 19:00:08.235;SS;AS18-AS1-20180127185941
2018-01-27 19:00:08.647;RU;AS18-AS1-20180127185929
2018-01-27 19:00:16.344;RO;AS18-AS1-20180127190001
2018-01-27 19:00:17.892;SP;AS18-AS1-20180127190001
2018-01-27 19:00:20.527;SQ;AS18-AS1-20180127190020
2018-01-27 19:00:26.780;RC;AS18-AS1-20180127190001
2018-01-27 19:00:27.046;RU;AS18-AS1-20180127185941
2018-01-27 19:00:28.982;SS;AS18-AS1-20180127190001
2018-01-27 19:00:35.581;RO;AS18-AS1-20180127190020
2018-01-27 19:00:39.105;SP;AS18-AS1-20180127190020
2018-01-27 19:00:43.245;RC;AS18-AS1-20180127190020
2018-01-27 19:00:43.268;RU;AS18-AS1-20180127190001
2018-01-27 19:00:44.330;VU;AS18-AS1-20180127185941
2018-01-27 19:00:44.331;VU;AS18-AS1-20180127185929
2018-01-27 19:00:44.680;SQ;AS18-AS1-20180127190044
2018-01-27 19:00:45.588;SS;AS18-AS1-20180127190020
2018-01-27 19:00:54.508;RO;AS18-AS1-20180127190044
2018-01-27 19:00:55.792;SP;AS18-AS1-20180127190044
2018-01-27 19:00:58.450;SQ;AS18-AS1-20180127190058
2018-01-27 19:01:02.819;RC;AS18-AS1-20180127190044
2018-01-27 19:01:04.473;SS;AS18-AS1-20180127190044
2018-01-27 19:01:04.801;RU;AS18-AS1-20180127190020
2018-01-27 19:01:13.763;RO;AS18-AS1-20180127190058
2018-01-27 19:01:16.269;SP;AS18-AS1-20180127190058
2018-01-27 19:01:20.307;SQ;AS18-AS1-20180127190120
2018-01-27 19:01:21.672;RC;AS18-AS1-20180127190058
2018-01-27 19:01:22.332;RU;AS18-AS1-20180127190044
2018-01-27 19:01:24.214;SS;AS18-AS1-20180127190058
2018-01-27 19:01:35.607;RO;AS18-AS1-20180127190120
2018-01-27 19:01:40.515;RU;AS18-AS1-20180127190058
2018-01-27 19:01:41.078;SP;AS18-AS1-20180127190120
2018-01-27 19:01:42.902;RC;AS18-AS1-20180127190120
2018-01-27 19:01:48.579;SS;AS18-AS1-20180127190120
2018-01-27 19:01:49.060;VU;AS18-AS1-20180127190044
2018-01-27 19:01:49.190;VU;AS18-AS1-20180127190001
2018-01-27 19:01:49.238;VU;AS18-AS1-20180127190020
2018-01-27 19:01:49.709;SQ;AS18-AS1-20180127190149
2018-01-27 19:02:03.034;RO;AS18-AS1-20180127190149
2018-01-27 19:02:03.206;RU;AS18-AS1-20180127190120
2018-01-27 19:02:05.509;SP;AS18-AS1-20180127190149
2018-01-27 19:02:09.434;SQ;AS18-AS1-20180127190209
2018-01-27 19:02:11.560;RC;AS18-AS1-20180127190149
2018-01-27 19:02:13.618;SS;AS18-AS1-20180127190149
2018-01-27 19:02:27.837;RO;AS18-AS1-20180127190209
2018-01-27 19:02:28.291;RU;AS18-AS1-20180127190149
2018-01-27 19:02:30.676;SP;AS18-AS1-20180127190209
2018-01-27 19:02:36.853;RC;AS18-AS1-20180127190209
2018-01-27 19:02:42.671;SQ;AS18-AS1-20180127190242
2018-01-27 19:02:43.989;SS;AS18-AS1-20180127190209
2018-01-27 19:02:44.941;RO;AS18-AS1-20180127190242
2018-01-27 19:02:47.594;VU;AS18-AS1-20180127190058
2018-01-27 19:02:47.602;VU;AS18-AS1-20180127190149
2018-01-27 19:02:47.824;SP;AS18-AS1-20180127190242
2018-01-27 19:02:48.688;VU;AS18-AS1-20180127190120
2018-01-27 19:02:49.561;SQ;AS18-AS1-20180127190249
2018-01-27 19:02:50.647;RU;AS18-AS1-20180127190209
2018-01-27 19:02:54.624;RC;AS18-AS1-20180127190242
2018-01-27 19:02:56.142;SS;AS18-AS1-20180127190242
2018-01-27 19:03:01.421;RO;AS18-AS1-20180127190249
2018-01-27 19:03:02.419;SP;AS18-AS1-20180127190249
2018-01-27 19:03:05.025;SQ;AS18-AS1-20180127190305
2018-01-27 19:03:05.878;RC;AS18-AS1-20180127190249
2018-01-27 19:03:06.942;SS;AS18-AS1-20180127190249
2018-01-27 19:03:09.330;RU;AS18-AS1-20180127190242
2018-01-27 19:03:15.564;RO;AS18-AS1-20180127190305
2018-01-27 19:03:18.058;SP;AS18-AS1-20180127190305
2018-01-27 19:03:20.629;RU;AS18-AS1-20180127190249
2018-01-27 19:03:22.260;SQ;AS18-AS1-20180127190322
2018-01-27 19:03:24.286;RC;AS18-AS1-20180127190305
2018-01-27 19:03:27.198;SS;AS18-AS1-20180127190305
2018-01-27 19:03:34.248;RO;AS18-AS1-20180127190322
2018-01-27 19:03:37.238;RU;AS18-AS1-20180127190305
2018-01-27 19:03:40.682;SP;AS18-AS1-20180127190322
2018-01-27 19:03:41.869;RC;AS18-AS1-20180127190322
2018-01-27 19:03:46.742;VU;AS18-AS1-20180127190305
2018-01-27 19:03:47.057;VU;AS18-AS1-20180127190242
2018-01-27 19:03:47.958;SS;AS18-AS1-20180127190322
2018-01-27 19:03:48.349;VU;AS18-AS1-20180127190249
2018-01-27 19:03:49.027;SQ;AS18-AS1-20180127190349
2018-01-27 19:03:49.528;VU;AS18-AS1-20180127190209
2018-01-27 19:04:00.146;RU;AS18-AS1-20180127190322
2018-01-27 19:04:01.123;RO;AS18-AS1-20180127190349
2018-01-27 19:04:02.730;SP;AS18-AS1-20180127190349
2018-01-27 19:04:05.270;SQ;AS18-AS1-20180127190405
2018-01-27 19:04:06.686;RC;AS18-AS1-20180127190349
2018-01-27 19:04:08.150;SS;AS18-AS1-20180127190349
2018-01-27 19:04:15.596;RO;AS18-AS1-20180127190405
2018-01-27 19:04:16.812;SP;AS18-AS1-20180127190405
2018-01-27 19:04:19.433;SQ;AS18-AS1-20180127190419
2018-01-27 19:04:22.235;RU;AS18-AS1-20180127190349
2018-01-27 19:04:22.678;RC;AS18-AS1-20180127190405
2018-01-27 19:04:24.566;SS;AS18-AS1-20180127190405
2018-01-27 19:04:31.330;RO;AS18-AS1-20180127190419
2018-01-27 19:04:35.118;SP;AS18-AS1-20180127190419
2018-01-27 19:04:35.155;RU;AS18-AS1-20180127190405
2018-01-27 19:04:37.862;RC;AS18-AS1-20180127190419
2018-01-27 19:04:45.998;SS;AS18-AS1-20180127190419
2018-01-27 19:04:46.999;VU;AS18-AS1-20180127190322
2018-01-27 19:04:47.523;SQ;AS18-AS1-20180127190447
2018-01-27 19:04:48.515;VU;AS18-AS1-20180127190349
2018-01-27 19:04:54.701;RU;AS18-AS1-20180127190419
2018-01-27 19:04:55.754;RO;AS18-AS1-20180127190447
2018-01-27 19:04:57.726;SP;AS18-AS1-20180127190447
2018-01-27 19:05:01.190;RC;AS18-AS1-20180127190447
2018-01-27 19:05:01.966;SQ;AS18-AS1-20180127190501
2018-01-27 19:05:03.535;SS;AS18-AS1-20180127190447
2018-01-27 19:05:11.153;RO;AS18-AS1-20180127190501
2018-01-27 19:05:13.657;SP;AS18-AS1-20180127190501
2018-01-27 19:05:17.717;SQ;AS18-AS1-20180127190517
2018-01-27 19:05:18.278;RU;AS18-AS1-20180127190447
2018-01-27 19:05:20.047;RC;AS18-AS1-20180127190501
2018-01-27 19:05:22.808;SS;AS18-AS1-20180127190501
2018-01-27 19:05:29.634;RO;AS18-AS1-20180127190517
2018-01-27 19:05:33.130;SP;AS18-AS1-20180127190517
2018-01-27 19:05:35.638;RU;AS18-AS1-20180127190501
2018-01-27 19:05:37.211;RC;AS18-AS1-20180127190517
2018-01-27 19:05:45.880;SS;AS18-AS1-20180127190517
2018-01-27 19:05:46.422;VU;AS18-AS1-20180127190419
2018-01-27 19:05:46.422;VU;AS18-AS1-20180127190501
2018-01-27 19:05:47.061;SQ;AS18-AS1-20180127190547
2018-01-27 19:05:48.073;VU;AS18-AS1-20180127190447
2018-01-27 19:05:51.371;RO;AS18-AS1-20180127190547
2018-01-27 19:05:52.964;SP;AS18-AS1-20180127190547
2018-01-27 19:05:55.613;SQ;AS18-AS1-20180127190555
2018-01-27 19:05:55.767;RU;AS18-AS1-20180127190517
2018-01-27 19:05:57.544;RC;AS18-AS1-20180127190547
2018-01-27 19:05:58.827;SS;AS18-AS1-20180127190547
2018-01-27 19:06:03.687;RO;AS18-AS1-20180127190555
2018-01-27 19:06:06.066;SP;AS18-AS1-20180127190555
2018-01-27 19:06:10.218;SQ;AS18-AS1-20180127190610
2018-01-27 19:06:10.600;RC;AS18-AS1-20180127190555
2018-01-27 19:06:10.792;RU;AS18-AS1-20180127190547
2018-01-27 19:06:13.298;SS;AS18-AS1-20180127190555
2018-01-27 19:06:19.351;RO;AS18-AS1-20180127190610
2018-01-27 19:06:22.528;SP;AS18-AS1-20180127190610
2018-01-27 19:06:25.098;RU;AS18-AS1-20180127190555
2018-01-27 19:06:26.263;RC;AS18-AS1-20180127190610
2018-01-27 19:06:30.077;SQ;AS18-AS1-20180127190630
2018-01-27 19:06:30.817;SS;AS18-AS1-20180127190610
2018-01-27 19:06:36.524;RO;AS18-AS1-20180127190630
2018-01-27 19:06:36.682;RU;AS18-AS1-20180127190610
2018-01-27 19:06:47.454;SP;AS18-AS1-20180127190630
2018-01-27 19:06:48.457;VU;AS18-AS1-20180127190547
2018-01-27 19:06:49.055;RC;AS18-AS1-20180127190630
2018-01-27 19:06:49.534;VU;AS18-AS1-20180127190517
2018-01-27 19:06:51.170;VU;AS18-AS1-20180127190555
2018-01-27 19:06:52.049;SS;AS18-AS1-20180127190630
2018-01-27 19:06:53.471;SQ;AS18-AS1-20180127190653
2018-01-27 19:07:01.754;RO;AS18-AS1-20180127190653
2018-01-27 19:07:03.447;RU;AS18-AS1-20180127190630
2018-01-27 19:07:03.726;SP;AS18-AS1-20180127190653
2018-01-27 19:07:06.573;RC;AS18-AS1-20180127190653
2018-01-27 19:07:10.155;SS;AS18-AS1-20180127190653
2018-01-27 19:07:10.165;SQ;AS18-AS1-20180127190710
2018-01-27 19:07:17.828;RO;AS18-AS1-20180127190710
2018-01-27 19:07:20.824;RU;AS18-AS1-20180127190653
2018-01-27 19:08:03.862;SP;AS18-AS1-20180127190710
2018-01-27 19:08:06.854;RC;AS18-AS1-20180127190710
2018-01-27 19:09:52.522;SS;AS18-AS1-20180127190710
2018-01-27 19:09:56.914;RU;AS18-AS1-20180127190710
2018-01-27 19:10:05.762;VU;AS18-AS1-20180127190653
2018-01-27 19:10:13.717;SQ;AS18-AS1-20180127191013
2018-01-27 19:10:13.906;VU;AS18-AS1-20180127190630
2018-01-27 19:10:15.021;RO;AS18-AS1-20180127191013
2018-01-27 19:11:23.434;SP;AS18-AS1-20180127191013
2018-01-27 19:11:24.132;RC;AS18-AS1-20180127191013
2018-01-27 19:12:38.541;SS;AS18-AS1-20180127191013
2018-01-27 19:12:39.199;VU;AS18-AS1-20180127190710
2018-01-27 19:12:42.862;RU;AS18-AS1-20180127191013
2018-01-27 19:12:55.638;SQ;AS18-AS1-20180127191255
2018-01-27 19:12:57.034;RO;AS18-AS1-20180127191255
2018-01-27 19:13:39.878;SP;AS18-AS1-20180127191255
2018-01-27 19:13:40.615;RC;AS18-AS1-20180127191255
2018-01-27 19:14:15.414;VU;AS18-AS1-20180127191013
2018-01-27 19:14:32.397;SS;AS18-AS1-20180127191255
2018-01-27 19:14:36.710;RU;AS18-AS1-20180127191255
2018-01-27 19:15:11.884;SQ;AS18-AS1-20180127191511
2018-01-27 19:15:13.194;RO;AS18-AS1-20180127191511
2018-01-27 19:15:58.104;SP;AS18-AS1-20180127191511
2018-01-27 19:15:58.764;RC;AS18-AS1-20180127191511
2018-01-27 19:16:02.987;VU;AS18-AS1-20180127191255
2018-01-27 19:16:42.892;SS;AS18-AS1-20180127191511
2018-01-27 19:16:47.212;RU;AS18-AS1-20180127191511
2018-01-27 19:17:26.162;SQ;AS18-AS1-20180127191726
2018-01-27 19:17:27.478;RO;AS18-AS1-20180127191726
2018-01-27 19:18:15.278;SP;AS18-AS1-20180127191726
2018-01-27 19:18:15.936;RC;AS18-AS1-20180127191726
2018-01-27 19:18:16.179;VU;AS18-AS1-20180127191511
2018-01-27 19:19:01.796;SS;AS18-AS1-20180127191726
2018-01-27 19:19:06.086;RU;AS18-AS1-20180127191726
2018-01-27 19:19:39.898;SQ;AS18-AS1-20180127191939
2018-01-27 19:19:41.253;RO;AS18-AS1-20180127191939
2018-01-27 19:20:27.942;SP;AS18-AS1-20180127191939
2018-01-27 19:20:28.599;RC;AS18-AS1-20180127191939
2018-01-27 19:20:35.985;VU;AS18-AS1-20180127191726
2018-01-27 19:21:00.797;SS;AS18-AS1-20180127191939
2018-01-27 19:21:03.293;RU;AS18-AS1-20180127191939
2018-01-27 19:21:40.413;VU;AS18-AS1-20180127191939
