2018-01-27 18:59:27.412;SQ;AS21-AS1-20180127185927
2018-01-27 18:59:32.217;RO;AS21-AS1-20180127185927
2018-01-27 18:59:33.223;SP;AS21-AS1-20180127185927
2018-01-27 18:59:34.803;SQ;AS21-AS1-20180127185934
2018-01-27 18:59:37.242;RC;AS21-AS1-20180127185927
2018-01-27 18:59:38.032;SS;AS21-AS1-20180127185927
2018-01-27 18:59:46.015;RO;AS21-AS1-20180127185934
2018-01-27 18:59:47.111;SP;AS21-AS1-20180127185934
2018-01-27 18:59:48.701;SQ;AS21-AS1-20180127185948
2018-01-27 18:59:53.768;RC;AS21-AS1-20180127185934
2018-01-27 18:59:54.537;SS;AS21-AS1-20180127185934
2018-01-27 18:59:55.163;RU;AS21-AS1-20180127185927
2018-01-27 19:00:05.130;RO;AS21-AS1-20180127185948
2018-01-27 19:00:06.039;SP;AS21-AS1-20180127185948
2018-01-27 19:00:08.523;SQ;AS21-AS1-20180127190008
2018-01-27 19:00:12.925;RC;AS21-AS1-20180127185948
2018-01-27 19:00:13.438;RU;AS21-AS1-20180127185934
2018-01-27 19:00:14.461;SS;AS21-AS1-20180127185948
2018-01-27 19:00:24.468;RO;AS21-AS1-20180127190008
2018-01-27 19:00:26.514;SP;AS21-AS1-20180127190008
2018-01-27 19:00:30.064;SQ;AS21-AS1-20180127190030
2018-01-27 19:00:32.614;RU;AS21-AS1-20180127185948
2018-01-27 19:00:34.502;RC;AS21-AS1-20180127190008
2018-01-27 19:00:39.819;SS;AS21-AS1-20180127190008
2018-01-27 19:00:41.291;RO;AS21-AS1-20180127190030
2018-01-27 19:00:43.761;VU;AS21-AS1-20180127185948
2018-01-27 19:00:44.110;VU;AS21-AS1-20180127185927
2018-01-27 19:00:44.170;SP;AS21-AS1-20180127190030
2018-01-27 19:00:45.120;VU;AS21-AS1-20180127185934
2018-01-27 19:00:45.822;SQ;AS21-AS1-20180127190045
2018-01-27 19:00:53.279;RC;AS21-AS1-20180127190030
2018-01-27 19:00:54.007;RU;AS21-AS1-20180127190008
2018-01-27 19:00:54.168;SS;AS21-AS1-20180127190030
2018-01-27 19:00:59.704;RO;AS21-AS1-20180127190045
2018-01-27 19:01:01.122;SP;AS21-AS1-20180127190045
2018-01-27 19:01:03.627;SQ;AS21-AS1-20180127190103
2018-01-27 19:01:09.501;RC;AS21-AS1-20180127190045
2018-01-27 19:01:10.443;RU;AS21-AS1-20180127190030
2018-01-27 19:01:10.716;SS;AS21-AS1-20180127190045
2018-01-27 19:01:20.135;RO;AS21-AS1-20180127190103
2018-01-27 19:01:21.957;SP;AS21-AS1-20180127190103
2018-01-27 19:01:25.694;SQ;AS21-AS1-20180127190125
2018-01-27 19:01:28.028;RU;AS21-AS1-20180127190045
2018-01-27 19:01:29.072;RC;AS21-AS1-20180127190103
2018-01-27 19:01:31.518;SS;AS21-AS1-20180127190103
2018-01-27 19:01:40.498;RO;AS21-AS1-20180127190125
2018-01-27 19:01:43.002;RU;AS21-AS1-20180127190103
2018-01-27 19:01:45.063;VU;AS21-AS1-20180127190030
2018-01-27 19:01:45.537;SP;AS21-AS1-20180127190125
2018-01-27 19:01:46.267;VU;AS21-AS1-20180127190045
2018-01-27 19:01:46.992;VU;AS21-AS1-20180127190008
2018-01-27 19:01:47.859;SQ;AS21-AS1-20180127190147
2018-01-27 19:01:48.522;RC;AS21-AS1-20180127190125
2018-01-27 19:01:49.308;SS;AS21-AS1-20180127190125
2018-01-27 19:01:57.805;RO;AS21-AS1-20180127190147
2018-01-27 19:01:58.840;SP;AS21-AS1-20180127190147
2018-01-27 19:02:01.181;SQ;AS21-AS1-20180127190201
2018-01-27 19:02:04.277;RU;AS21-AS1-20180127190125
2018-01-27 19:02:04.444;RC;AS21-AS1-20180127190147
2018-01-27 19:02:06.522;SS;AS21-AS1-20180127190147
2018-01-27 19:02:18.348;RU;AS21-AS1-20180127190147
2018-01-27 19:02:23.673;RO;AS21-AS1-20180127190201
2018-01-27 19:02:26.011;SP;AS21-AS1-20180127190201
2018-01-27 19:02:31.104;SQ;AS21-AS1-20180127190231
2018-01-27 19:02:31.778;RC;AS21-AS1-20180127190201
2018-01-27 19:02:37.677;SS;AS21-AS1-20180127190201
2018-01-27 19:02:38.990;RO;AS21-AS1-20180127190231
2018-01-27 19:02:44.076;RU;AS21-AS1-20180127190201
2018-01-27 19:02:45.192;SP;AS21-AS1-20180127190231
2018-01-27 19:02:45.883;RC;AS21-AS1-20180127190231
2018-01-27 19:02:46.036;VU;AS21-AS1-20180127190103
2018-01-27 19:02:46.417;VU;AS21-AS1-20180127190125
2018-01-27 19:02:47.220;VU;AS21-AS1-20180127190147
2018-01-27 19:02:48.142;SS;AS21-AS1-20180127190231
2018-01-27 19:02:48.971;SQ;AS21-AS1-20180127190248
2018-01-27 19:02:59.949;RO;AS21-AS1-20180127190248
2018-01-27 19:03:00.906;RU;AS21-AS1-20180127190231
2018-01-27 19:03:01.152;SP;AS21-AS1-20180127190248
2018-01-27 19:03:04.659;SQ;AS21-AS1-20180127190304
2018-01-27 19:03:04.816;RC;AS21-AS1-20180127190248
2018-01-27 19:03:06.834;SS;AS21-AS1-20180127190248
2018-01-27 19:03:14.727;RO;AS21-AS1-20180127190304
2018-01-27 19:03:17.002;SP;AS21-AS1-20180127190304
2018-01-27 19:03:20.626;RU;AS21-AS1-20180127190248
2018-01-27 19:03:20.726;SQ;AS21-AS1-20180127190320
2018-01-27 19:03:22.868;RC;AS21-AS1-20180127190304
2018-01-27 19:03:24.764;SS;AS21-AS1-20180127190304
2018-01-27 19:03:31.242;RO;AS21-AS1-20180127190320
2018-01-27 19:03:36.104;SP;AS21-AS1-20180127190320
2018-01-27 19:03:36.618;RU;AS21-AS1-20180127190304
2018-01-27 19:03:38.330;RC;AS21-AS1-20180127190320
2018-01-27 19:03:45.879;SS;AS21-AS1-20180127190320
2018-01-27 19:03:46.040;VU;AS21-AS1-20180127190201
2018-01-27 19:03:46.040;VU;AS21-AS1-20180127190248
2018-01-27 19:03:46.367;SQ;AS21-AS1-20180127190346
2018-01-27 19:03:46.480;VU;AS21-AS1-20180127190304
2018-01-27 19:03:46.480;VU;AS21-AS1-20180127190231
2018-01-27 19:03:50.994;RO;AS21-AS1-20180127190346
2018-01-27 19:03:52.153;SP;AS21-AS1-20180127190346
2018-01-27 19:03:53.733;SQ;AS21-AS1-20180127190353
2018-01-27 19:03:56.631;RU;AS21-AS1-20180127190320
2018-01-27 19:03:57.631;RC;AS21-AS1-20180127190346
2018-01-27 19:03:58.458;SS;AS21-AS1-20180127190346
2018-01-27 19:04:04.762;RO;AS21-AS1-20180127190353
2018-01-27 19:04:06.352;SP;AS21-AS1-20180127190353
2018-01-27 19:04:08.713;SQ;AS21-AS1-20180127190408
2018-01-27 19:04:11.608;RU;AS21-AS1-20180127190346
2018-01-27 19:04:11.935;RC;AS21-AS1-20180127190353
2018-01-27 19:04:13.975;SS;AS21-AS1-20180127190353
2018-01-27 19:04:18.678;RO;AS21-AS1-20180127190408
2018-01-27 19:04:20.756;SP;AS21-AS1-20180127190408
2018-01-27 19:04:24.348;SQ;AS21-AS1-20180127190424
2018-01-27 19:04:25.969;RC;AS21-AS1-20180127190408
2018-01-27 19:04:27.660;SS;AS21-AS1-20180127190408
2018-01-27 19:04:27.735;RU;AS21-AS1-20180127190353
2018-01-27 19:04:34.130;RO;AS21-AS1-20180127190424
2018-01-27 19:04:38.094;RU;AS21-AS1-20180127190408
2018-01-27 19:04:39.432;SP;AS21-AS1-20180127190424
2018-01-27 19:04:40.150;RC;AS21-AS1-20180127190424
2018-01-27 19:04:45.979;VU;AS21-AS1-20180127190320
2018-01-27 19:04:46.738;SS;AS21-AS1-20180127190424
2018-01-27 19:04:48.899;VU;AS21-AS1-20180127190353
2018-01-27 19:04:48.928;SQ;AS21-AS1-20180127190448
2018-01-27 19:04:48.992;VU;AS21-AS1-20180127190346
2018-01-27 19:04:56.503;RU;AS21-AS1-20180127190424
2018-01-27 19:04:58.688;RO;AS21-AS1-20180127190448
2018-01-27 19:05:00.782;SP;AS21-AS1-20180127190448
2018-01-27 19:05:03.898;RC;AS21-AS1-20180127190448
2018-01-27 19:05:04.921;SQ;AS21-AS1-20180127190504
2018-01-27 19:05:06.360;SS;AS21-AS1-20180127190448
2018-01-27 19:05:19.484;RO;AS21-AS1-20180127190504
2018-01-27 19:05:21.820;SP;AS21-AS1-20180127190504
2018-01-27 19:05:23.618;RU;AS21-AS1-20180127190448
2018-01-27 19:05:26.591;SQ;AS21-AS1-20180127190526
2018-01-27 19:05:27.418;RC;AS21-AS1-20180127190504
2018-01-27 19:05:30.163;SS;AS21-AS1-20180127190504
2018-01-27 19:05:36.462;RO;AS21-AS1-20180127190526
2018-01-27 19:05:40.170;RU;AS21-AS1-20180127190504
2018-01-27 19:05:44.499;SP;AS21-AS1-20180127190526
2018-01-27 19:05:45.264;RC;AS21-AS1-20180127190526
2018-01-27 19:05:45.500;VU;AS21-AS1-20180127190408
2018-01-27 19:05:47.150;VU;AS21-AS1-20180127190448
2018-01-27 19:05:48.006;VU;AS21-AS1-20180127190424
2018-01-27 19:05:48.152;SS;AS21-AS1-20180127190526
2018-01-27 19:05:49.299;SQ;AS21-AS1-20180127190549
2018-01-27 19:05:59.620;RO;AS21-AS1-20180127190549
2018-01-27 19:06:00.061;RU;AS21-AS1-20180127190526
2018-01-27 19:06:01.471;SP;AS21-AS1-20180127190549
2018-01-27 19:06:04.186;RC;AS21-AS1-20180127190549
2018-01-27 19:06:05.648;SQ;AS21-AS1-20180127190605
2018-01-27 19:06:06.897;SS;AS21-AS1-20180127190549
2018-01-27 19:06:14.694;RO;AS21-AS1-20180127190605
2018-01-27 19:06:16.798;SP;AS21-AS1-20180127190605
2018-01-27 19:06:18.177;RU;AS21-AS1-20180127190549
2018-01-27 19:06:20.524;RC;AS21-AS1-20180127190605
2018-01-27 19:06:22.065;SQ;AS21-AS1-20180127190622
2018-01-27 19:06:23.552;SS;AS21-AS1-20180127190605
2018-01-27 19:06:28.774;RO;AS21-AS1-20180127190622
2018-01-27 19:06:31.710;SP;AS21-AS1-20180127190622
2018-01-27 19:06:33.267;RU;AS21-AS1-20180127190605
2018-01-27 19:06:35.238;RC;AS21-AS1-20180127190622
2018-01-27 19:06:44.299;SS;AS21-AS1-20180127190622
2018-01-27 19:06:46.381;SQ;AS21-AS1-20180127190646
2018-01-27 19:06:47.382;VU;AS21-AS1-20180127190504
2018-01-27 19:06:48.377;VU;AS21-AS1-20180127190526
2018-01-27 19:06:48.752;VU;AS21-AS1-20180127190549
2018-01-27 19:06:48.752;VU;AS21-AS1-20180127190605
2018-01-27 19:06:48.979;RO;AS21-AS1-20180127190646
2018-01-27 19:06:49.845;RU;AS21-AS1-20180127190622
2018-01-27 19:06:50.496;SP;AS21-AS1-20180127190646
2018-01-27 19:06:52.744;SQ;AS21-AS1-20180127190652
2018-01-27 19:06:53.598;RC;AS21-AS1-20180127190646
2018-01-27 19:06:54.371;SS;AS21-AS1-20180127190646
2018-01-27 19:06:59.810;RO;AS21-AS1-20180127190652
2018-01-27 19:07:01.427;SP;AS21-AS1-20180127190652
2018-01-27 19:07:03.910;SQ;AS21-AS1-20180127190703
2018-01-27 19:07:05.174;RC;AS21-AS1-20180127190652
2018-01-27 19:07:05.634;RU;AS21-AS1-20180127190646
2018-01-27 19:07:06.748;SS;AS21-AS1-20180127190652
2018-01-27 19:07:12.748;RO;AS21-AS1-20180127190703
2018-01-27 19:07:14.926;SP;AS21-AS1-20180127190703
2018-01-27 19:07:17.889;RU;AS21-AS1-20180127190652
2018-01-27 19:07:18.528;RC;AS21-AS1-20180127190703
2018-01-27 19:07:18.931;SQ;AS21-AS1-20180127190718
2018-01-27 19:07:21.456;SS;AS21-AS1-20180127190703
2018-01-27 19:07:25.209;RO;AS21-AS1-20180127190718
2018-01-27 19:07:28.290;SP;AS21-AS1-20180127190718
2018-01-27 19:07:30.750;RU;AS21-AS1-20180127190703
2018-01-27 19:07:30.892;RC;AS21-AS1-20180127190718
2018-01-27 19:07:38.295;SS;AS21-AS1-20180127190718
2018-01-27 19:07:38.299;SQ;AS21-AS1-20180127190738
2018-01-27 19:07:40.374;RO;AS21-AS1-20180127190738
2018-01-27 19:07:42.864;RU;AS21-AS1-20180127190718
2018-01-27 19:07:47.383;VU;AS21-AS1-20180127190646
2018-01-27 19:07:47.384;VU;AS21-AS1-20180127190703
2018-01-27 19:07:47.606;SP;AS21-AS1-20180127190738
2018-01-27 19:07:48.286;VU;AS21-AS1-20180127190652
2018-01-27 19:07:48.868;VU;AS21-AS1-20180127190622
2018-01-27 19:07:49.443;RC;AS21-AS1-20180127190738
2018-01-27 19:07:50.075;SQ;AS21-AS1-20180127190750
2018-01-27 19:07:51.267;SS;AS21-AS1-20180127190738
2018-01-27 19:07:54.944;RO;AS21-AS1-20180127190750
2018-01-27 19:07:56.052;SP;AS21-AS1-20180127190750
2018-01-27 19:07:59.951;RC;AS21-AS1-20180127190750
2018-01-27 19:08:00.200;RU;AS21-AS1-20180127190738
2018-01-27 19:08:01.889;SS;AS21-AS1-20180127190750
2018-01-27 19:08:09.310;RU;AS21-AS1-20180127190750
2018-01-27 19:08:46.901;VU;AS21-AS1-20180127190738
2018-01-27 19:08:47.843;VU;AS21-AS1-20180127190750
2018-01-27 19:08:47.984;VU;AS21-AS1-20180127190718
