2018-01-27 18:59:28.952;SQ;AS24-AS1-20180127185928
2018-01-27 18:59:37.953;RO;AS24-AS1-20180127185928
2018-01-27 18:59:38.787;SP;AS24-AS1-20180127185928
2018-01-27 18:59:40.446;SQ;AS24-AS1-20180127185940
2018-01-27 18:59:45.567;RC;AS24-AS1-20180127185928
2018-01-27 18:59:46.387;SS;AS24-AS1-20180127185928
2018-01-27 18:59:55.297;RO;AS24-AS1-20180127185940
2018-01-27 18:59:56.290;SP;AS24-AS1-20180127185940
2018-01-27 18:59:57.961;SQ;AS24-AS1-20180127185957
2018-01-27 19:00:06.246;RC;AS24-AS1-20180127185940
2018-01-27 19:00:07.059;SS;AS24-AS1-20180127185940
2018-01-27 19:00:07.362;RU;AS24-AS1-20180127185928
2018-01-27 19:00:12.402;RO;AS24-AS1-20180127185957
2018-01-27 19:00:13.689;SP;AS24-AS1-20180127185957
2018-01-27 19:00:16.080;SQ;AS24-AS1-20180127190016
2018-01-27 19:00:20.573;RC;AS24-AS1-20180127185957
2018-01-27 19:00:21.490;SS;AS24-AS1-20180127185957
2018-01-27 19:00:27.974;RU;AS24-AS1-20180127185940
2018-01-27 19:00:32.339;RO;AS24-AS1-20180127190016
2018-01-27 19:00:36.928;RU;AS24-AS1-20180127185957
2018-01-27 19:00:37.253;SP;AS24-AS1-20180127190016
2018-01-27 19:00:41.688;RC;AS24-AS1-20180127190016
2018-01-27 19:00:43.712;VU;AS24-AS1-20180127185957
2018-01-27 19:00:44.811;VU;AS24-AS1-20180127185928
2018-01-27 19:00:45.166;SS;AS24-AS1-20180127190016
2018-01-27 19:00:45.509;SQ;AS24-AS1-20180127190045
2018-01-27 19:00:46.356;VU;AS24-AS1-20180127185940
2018-01-27 19:00:57.492;RO;AS24-AS1-20180127190045
2018-01-27 19:00:58.350;SP;AS24-AS1-20180127190045
2018-01-27 19:01:00.011;SQ;AS24-AS1-20180127190100
2018-01-27 19:01:03.886;RU;AS24-AS1-20180127190016
2018-01-27 19:01:03.895;RC;AS24-AS1-20180127190045
2018-01-27 19:01:05.572;SS;AS24-AS1-20180127190045
2018-01-27 19:01:15.766;RO;AS24-AS1-20180127190100
2018-01-27 19:01:17.419;SP;AS24-AS1-20180127190100
2018-01-27 19:01:19.903;SQ;AS24-AS1-20180127190119
2018-01-27 19:01:21.032;RU;AS24-AS1-20180127190045
2018-01-27 19:01:22.774;RC;AS24-AS1-20180127190100
2018-01-27 19:01:24.569;SS;AS24-AS1-20180127190100
2018-01-27 19:01:35.740;RO;AS24-AS1-20180127190119
2018-01-27 19:01:39.694;RU;AS24-AS1-20180127190100
2018-01-27 19:01:40.021;SP;AS24-AS1-20180127190119
2018-01-27 19:01:42.675;RC;AS24-AS1-20180127190119
2018-01-27 19:01:45.331;VU;AS24-AS1-20180127190045
2018-01-27 19:01:46.820;SS;AS24-AS1-20180127190119
2018-01-27 19:01:47.663;VU;AS24-AS1-20180127190016
2018-01-27 19:01:47.755;SQ;AS24-AS1-20180127190147
2018-01-27 19:01:58.309;RU;AS24-AS1-20180127190119
2018-01-27 19:02:02.406;RO;AS24-AS1-20180127190147
2018-01-27 19:02:04.007;SP;AS24-AS1-20180127190147
2018-01-27 19:02:07.262;SQ;AS24-AS1-20180127190207
2018-01-27 19:02:09.629;RC;AS24-AS1-20180127190147
2018-01-27 19:02:12.076;SS;AS24-AS1-20180127190147
2018-01-27 19:02:18.771;RO;AS24-AS1-20180127190207
2018-01-27 19:02:20.822;SP;AS24-AS1-20180127190207
2018-01-27 19:02:24.462;SQ;AS24-AS1-20180127190224
2018-01-27 19:02:25.395;RU;AS24-AS1-20180127190147
2018-01-27 19:02:28.472;RC;AS24-AS1-20180127190207
2018-01-27 19:02:31.114;SS;AS24-AS1-20180127190207
2018-01-27 19:02:35.908;RO;AS24-AS1-20180127190224
2018-01-27 19:02:41.168;RU;AS24-AS1-20180127190207
2018-01-27 19:02:41.697;SP;AS24-AS1-20180127190224
2018-01-27 19:02:42.466;RC;AS24-AS1-20180127190224
2018-01-27 19:02:46.908;VU;AS24-AS1-20180127190119
2018-01-27 19:02:48.140;VU;AS24-AS1-20180127190147
2018-01-27 19:02:48.322;SS;AS24-AS1-20180127190224
2018-01-27 19:02:49.738;VU;AS24-AS1-20180127190100
2018-01-27 19:02:49.839;SQ;AS24-AS1-20180127190249
2018-01-27 19:02:59.498;RU;AS24-AS1-20180127190224
2018-01-27 19:03:01.625;RO;AS24-AS1-20180127190249
2018-01-27 19:03:03.762;SP;AS24-AS1-20180127190249
2018-01-27 19:03:07.620;RC;AS24-AS1-20180127190249
2018-01-27 19:03:07.654;SQ;AS24-AS1-20180127190307
2018-01-27 19:03:09.555;SS;AS24-AS1-20180127190249
2018-01-27 19:03:19.196;RO;AS24-AS1-20180127190307
2018-01-27 19:03:21.670;SP;AS24-AS1-20180127190307
2018-01-27 19:03:25.524;SQ;AS24-AS1-20180127190325
2018-01-27 19:03:25.573;RU;AS24-AS1-20180127190249
2018-01-27 19:03:28.225;RC;AS24-AS1-20180127190307
2018-01-27 19:03:29.893;SS;AS24-AS1-20180127190307
2018-01-27 19:03:35.550;RO;AS24-AS1-20180127190325
2018-01-27 19:03:39.091;SP;AS24-AS1-20180127190325
2018-01-27 19:03:39.974;RC;AS24-AS1-20180127190325
2018-01-27 19:03:40.274;RU;AS24-AS1-20180127190307
2018-01-27 19:03:46.879;SS;AS24-AS1-20180127190325
2018-01-27 19:03:47.259;VU;AS24-AS1-20180127190224
2018-01-27 19:03:47.315;VU;AS24-AS1-20180127190249
2018-01-27 19:03:47.519;VU;AS24-AS1-20180127190207
2018-01-27 19:03:47.673;SQ;AS24-AS1-20180127190347
2018-01-27 19:03:56.294;RO;AS24-AS1-20180127190347
2018-01-27 19:03:57.849;SP;AS24-AS1-20180127190347
2018-01-27 19:03:58.449;RU;AS24-AS1-20180127190325
2018-01-27 19:04:01.666;SQ;AS24-AS1-20180127190401
2018-01-27 19:04:02.606;RC;AS24-AS1-20180127190347
2018-01-27 19:04:04.065;SS;AS24-AS1-20180127190347
2018-01-27 19:04:10.427;RO;AS24-AS1-20180127190401
2018-01-27 19:04:12.774;SP;AS24-AS1-20180127190401
2018-01-27 19:04:16.040;RU;AS24-AS1-20180127190347
2018-01-27 19:04:17.995;SQ;AS24-AS1-20180127190417
2018-01-27 19:04:18.533;RC;AS24-AS1-20180127190401
2018-01-27 19:04:27.514;SS;AS24-AS1-20180127190401
2018-01-27 19:04:27.922;RO;AS24-AS1-20180127190417
2018-01-27 19:04:38.185;RU;AS24-AS1-20180127190401
2018-01-27 19:05:08.797;SP;AS24-AS1-20180127190417
2018-01-27 19:05:15.026;RC;AS24-AS1-20180127190417
2018-01-27 19:05:16.270;VU;AS24-AS1-20180127190347
2018-01-27 19:05:17.078;VU;AS24-AS1-20180127190325
2018-01-27 19:05:18.306;SS;AS24-AS1-20180127190417
2018-01-27 19:05:18.643;SQ;AS24-AS1-20180127190518
2018-01-27 19:05:18.768;VU;AS24-AS1-20180127190307
2018-01-27 19:05:28.858;RO;AS24-AS1-20180127190518
2018-01-27 19:05:31.058;SP;AS24-AS1-20180127190518
2018-01-27 19:05:33.589;RU;AS24-AS1-20180127190417
2018-01-27 19:05:35.016;RC;AS24-AS1-20180127190518
2018-01-27 19:06:23.184;SQ;AS24-AS1-20180127190623
2018-01-27 19:06:30.182;RO;AS24-AS1-20180127190623
2018-01-27 19:06:32.759;SS;AS24-AS1-20180127190518
2018-01-27 19:06:39.949;RU;AS24-AS1-20180127190518
2018-01-27 19:07:33.772;VU;AS24-AS1-20180127190417
2018-01-27 19:07:38.690;SP;AS24-AS1-20180127190623
2018-01-27 19:07:39.668;RC;AS24-AS1-20180127190623
2018-01-27 19:08:06.035;VU;AS24-AS1-20180127190401
2018-01-27 19:08:41.443;SS;AS24-AS1-20180127190623
2018-01-27 19:08:45.780;RU;AS24-AS1-20180127190623
2018-01-27 19:09:32.358;SQ;AS24-AS1-20180127190932
2018-01-27 19:09:33.629;RO;AS24-AS1-20180127190932
2018-01-27 19:10:20.666;SP;AS24-AS1-20180127190932
2018-01-27 19:10:21.321;RC;AS24-AS1-20180127190932
2018-01-27 19:11:30.514;SS;AS24-AS1-20180127190932
2018-01-27 19:11:34.886;RU;AS24-AS1-20180127190932
2018-01-27 19:12:33.756;SQ;AS24-AS1-20180127191233
2018-01-27 19:12:35.065;RO;AS24-AS1-20180127191233
2018-01-27 19:13:08.158;VU;AS24-AS1-20180127190518
2018-01-27 19:13:16.709;SP;AS24-AS1-20180127191233
2018-01-27 19:13:17.363;RC;AS24-AS1-20180127191233
2018-01-27 19:14:31.365;SS;AS24-AS1-20180127191233
2018-01-27 19:14:35.698;RU;AS24-AS1-20180127191233
2018-01-27 19:15:33.922;SQ;AS24-AS1-20180127191533
2018-01-27 19:15:35.191;RO;AS24-AS1-20180127191533
2018-01-27 19:16:44.646;SP;AS24-AS1-20180127191533
2018-01-27 19:16:44.812;VU;AS24-AS1-20180127190932
2018-01-27 19:16:45.055;VU;AS24-AS1-20180127190623
2018-01-27 19:16:45.343;RC;AS24-AS1-20180127191533
2018-01-27 19:16:45.424;VU;AS24-AS1-20180127191233
2018-01-27 19:17:05.348;SS;AS24-AS1-20180127191533
2018-01-27 19:17:09.674;RU;AS24-AS1-20180127191533
2018-01-27 19:17:19.363;SQ;AS24-AS1-20180127191719
2018-01-27 19:17:20.709;RO;AS24-AS1-20180127191719
2018-01-27 19:17:38.095;SP;AS24-AS1-20180127191719
2018-01-27 19:17:38.746;RC;AS24-AS1-20180127191719
2018-01-27 19:17:58.331;VU;AS24-AS1-20180127191533
2018-01-27 19:18:07.613;SS;AS24-AS1-20180127191719
2018-01-27 19:18:11.910;RU;AS24-AS1-20180127191719
2018-01-27 19:18:21.560;SQ;AS24-AS1-20180127191821
2018-01-27 19:18:22.869;RO;AS24-AS1-20180127191821
2018-01-27 19:18:40.772;SP;AS24-AS1-20180127191821
2018-01-27 19:18:41.426;RC;AS24-AS1-20180127191821
2018-01-27 19:18:59.212;VU;AS24-AS1-20180127191719
2018-01-27 19:19:10.456;SS;AS24-AS1-20180127191821
2018-01-27 19:19:14.794;RU;AS24-AS1-20180127191821
2018-01-27 19:19:24.003;SQ;AS24-AS1-20180127191924
2018-01-27 19:19:25.311;RO;AS24-AS1-20180127191924
2018-01-27 19:19:43.472;SP;AS24-AS1-20180127191924
2018-01-27 19:19:44.164;RC;AS24-AS1-20180127191924
2018-01-27 19:20:20.027;SS;AS24-AS1-20180127191924
2018-01-27 19:20:24.363;RU;AS24-AS1-20180127191924
2018-01-27 19:20:30.414;VU;AS24-AS1-20180127191821
2018-01-27 19:20:41.948;SQ;AS24-AS1-20180127192041
2018-01-27 19:20:43.258;RO;AS24-AS1-20180127192041
2018-01-27 19:21:01.089;SP;AS24-AS1-20180127192041
2018-01-27 19:21:01.746;RC;AS24-AS1-20180127192041
2018-01-27 19:21:36.178;SS;AS24-AS1-20180127192041
2018-01-27 19:21:40.472;RU;AS24-AS1-20180127192041
2018-01-27 19:21:42.069;VU;AS24-AS1-20180127191924
2018-01-27 19:21:53.697;SQ;AS24-AS1-20180127192153
2018-01-27 19:21:55.040;RO;AS24-AS1-20180127192153
2018-01-27 19:22:12.866;SP;AS24-AS1-20180127192153
2018-01-27 19:22:13.519;RC;AS24-AS1-20180127192153
2018-01-27 19:22:48.687;SS;AS24-AS1-20180127192153
2018-01-27 19:22:52.978;RU;AS24-AS1-20180127192153
2018-01-27 19:22:56.897;VU;AS24-AS1-20180127192041
2018-01-27 19:23:08.641;SQ;AS24-AS1-20180127192308
2018-01-27 19:23:09.948;RO;AS24-AS1-20180127192308
2018-01-27 19:23:28.229;SP;AS24-AS1-20180127192308
2018-01-27 19:23:28.924;RC;AS24-AS1-20180127192308
2018-01-27 19:24:03.086;SS;AS24-AS1-20180127192308
2018-01-27 19:24:07.417;RU;AS24-AS1-20180127192308
2018-01-27 19:24:07.538;VU;AS24-AS1-20180127192153
2018-01-27 19:24:20.913;SQ;AS24-AS1-20180127192420
2018-01-27 19:24:22.343;RO;AS24-AS1-20180127192420
2018-01-27 19:24:40.058;SP;AS24-AS1-20180127192420
2018-01-27 19:24:40.754;RC;AS24-AS1-20180127192420
2018-01-27 19:25:15.520;SS;AS24-AS1-20180127192420
2018-01-27 19:25:19.850;RU;AS24-AS1-20180127192420
2018-01-27 19:25:24.678;VU;AS24-AS1-20180127192308
2018-01-27 19:25:34.692;SQ;AS24-AS1-20180127192534
2018-01-27 19:25:36.045;RO;AS24-AS1-20180127192534
2018-01-27 19:25:53.838;SP;AS24-AS1-20180127192534
2018-01-27 19:25:54.573;RC;AS24-AS1-20180127192534
2018-01-27 19:26:29.823;SS;AS24-AS1-20180127192534
2018-01-27 19:26:34.154;RU;AS24-AS1-20180127192534
2018-01-27 19:26:37.961;VU;AS24-AS1-20180127192420
2018-01-27 19:26:48.928;SQ;AS24-AS1-20180127192648
2018-01-27 19:26:50.234;RO;AS24-AS1-20180127192648
2018-01-27 19:27:07.737;SP;AS24-AS1-20180127192648
2018-01-27 19:27:08.388;RC;AS24-AS1-20180127192648
2018-01-27 19:27:31.327;SS;AS24-AS1-20180127192648
2018-01-27 19:27:35.624;RU;AS24-AS1-20180127192648
2018-01-27 19:27:36.300;VU;AS24-AS1-20180127192534
2018-01-27 19:28:31.074;VU;AS24-AS1-20180127192648
