2018-01-27 18:59:28.697;SQ;AS25-AS1-20180127185928
2018-01-27 18:59:35.795;RO;AS25-AS1-20180127185928
2018-01-27 18:59:37.025;SP;AS25-AS1-20180127185928
2018-01-27 18:59:38.624;SQ;AS25-AS1-20180127185938
2018-01-27 18:59:42.715;RC;AS25-AS1-20180127185928
2018-01-27 18:59:43.509;SS;AS25-AS1-20180127185928
2018-01-27 18:59:51.877;RO;AS25-AS1-20180127185938
2018-01-27 18:59:52.975;SP;AS25-AS1-20180127185938
2018-01-27 18:59:54.590;SQ;AS25-AS1-20180127185954
2018-01-27 18:59:59.424;RC;AS25-AS1-20180127185938
2018-01-27 19:00:00.223;SS;AS25-AS1-20180127185938
2018-01-27 19:00:04.984;RU;AS25-AS1-20180127185928
2018-01-27 19:00:11.120;RO;AS25-AS1-20180127185954
2018-01-27 19:00:12.536;SP;AS25-AS1-20180127185954
2018-01-27 19:00:14.887;SQ;AS25-AS1-20180127190014
2018-01-27 19:00:18.431;RU;AS25-AS1-20180127185938
2018-01-27 19:00:20.711;RC;AS25-AS1-20180127185954
2018-01-27 19:00:22.783;SS;AS25-AS1-20180127185954
2018-01-27 19:00:31.782;RO;AS25-AS1-20180127190014
2018-01-27 19:00:36.378;SP;AS25-AS1-20180127190014
2018-01-27 19:00:37.880;RU;AS25-AS1-20180127185954
2018-01-27 19:00:40.710;RC;AS25-AS1-20180127190014
2018-01-27 19:00:43.958;VU;AS25-AS1-20180127185928
2018-01-27 19:00:44.579;VU;AS25-AS1-20180127185954
2018-01-27 19:00:45.006;SS;AS25-AS1-20180127190014
2018-01-27 19:00:45.151;SQ;AS25-AS1-20180127190045
2018-01-27 19:00:46.007;VU;AS25-AS1-20180127185938
2018-01-27 19:00:55.171;RO;AS25-AS1-20180127190045
2018-01-27 19:00:56.465;SP;AS25-AS1-20180127190045
2018-01-27 19:00:58.064;SQ;AS25-AS1-20180127190058
2018-01-27 19:01:03.462;RU;AS25-AS1-20180127190014
2018-01-27 19:01:04.089;RC;AS25-AS1-20180127190045
2018-01-27 19:01:05.073;SS;AS25-AS1-20180127190045
2018-01-27 19:01:14.319;RO;AS25-AS1-20180127190058
2018-01-27 19:01:16.212;SP;AS25-AS1-20180127190058
2018-01-27 19:01:18.404;SQ;AS25-AS1-20180127190118
2018-01-27 19:01:21.151;RC;AS25-AS1-20180127190058
2018-01-27 19:01:22.358;SS;AS25-AS1-20180127190058
2018-01-27 19:01:25.925;RU;AS25-AS1-20180127190045
2018-01-27 19:01:31.999;RO;AS25-AS1-20180127190118
2018-01-27 19:01:36.835;SP;AS25-AS1-20180127190118
2018-01-27 19:01:39.326;RU;AS25-AS1-20180127190058
2018-01-27 19:01:41.004;RC;AS25-AS1-20180127190118
2018-01-27 19:01:45.495;VU;AS25-AS1-20180127190045
2018-01-27 19:01:45.992;SS;AS25-AS1-20180127190118
2018-01-27 19:01:46.268;SQ;AS25-AS1-20180127190146
2018-01-27 19:01:46.287;VU;AS25-AS1-20180127190058
2018-01-27 19:01:47.370;VU;AS25-AS1-20180127190014
2018-01-27 19:01:53.752;RO;AS25-AS1-20180127190146
2018-01-27 19:01:54.578;SP;AS25-AS1-20180127190146
2018-01-27 19:01:56.216;SQ;AS25-AS1-20180127190156
2018-01-27 19:01:57.329;RU;AS25-AS1-20180127190118
2018-01-27 19:02:00.144;RC;AS25-AS1-20180127190146
2018-01-27 19:02:00.962;SS;AS25-AS1-20180127190146
2018-01-27 19:02:08.804;RO;AS25-AS1-20180127190156
2018-01-27 19:02:10.039;SP;AS25-AS1-20180127190156
2018-01-27 19:02:12.538;SQ;AS25-AS1-20180127190212
2018-01-27 19:02:15.393;RU;AS25-AS1-20180127190146
2018-01-27 19:02:16.064;RC;AS25-AS1-20180127190156
2018-01-27 19:02:17.879;SS;AS25-AS1-20180127190156
2018-01-27 19:02:24.350;RO;AS25-AS1-20180127190212
2018-01-27 19:02:26.203;SP;AS25-AS1-20180127190212
2018-01-27 19:02:30.203;SQ;AS25-AS1-20180127190230
2018-01-27 19:02:31.889;RU;AS25-AS1-20180127190156
2018-01-27 19:02:32.349;RC;AS25-AS1-20180127190212
2018-01-27 19:02:38.403;SS;AS25-AS1-20180127190212
2018-01-27 19:02:39.373;RO;AS25-AS1-20180127190230
2018-01-27 19:02:44.419;RU;AS25-AS1-20180127190212
2018-01-27 19:02:46.610;SP;AS25-AS1-20180127190230
2018-01-27 19:02:47.224;VU;AS25-AS1-20180127190156
2018-01-27 19:02:47.226;VU;AS25-AS1-20180127190146
2018-01-27 19:02:47.572;RC;AS25-AS1-20180127190230
2018-01-27 19:02:48.016;VU;AS25-AS1-20180127190118
2018-01-27 19:02:52.632;SS;AS25-AS1-20180127190230
2018-01-27 19:03:01.745;SQ;AS25-AS1-20180127190301
2018-01-27 19:03:06.161;RU;AS25-AS1-20180127190230
2018-01-27 19:03:09.840;RO;AS25-AS1-20180127190301
2018-01-27 19:03:43.780;SP;AS25-AS1-20180127190301
2018-01-27 19:03:44.554;RC;AS25-AS1-20180127190301
2018-01-27 19:04:58.027;SS;AS25-AS1-20180127190301
2018-01-27 19:05:07.380;SQ;AS25-AS1-20180127190507
2018-01-27 19:05:10.629;RU;AS25-AS1-20180127190301
2018-01-27 19:05:10.846;VU;AS25-AS1-20180127190212
2018-01-27 19:05:11.350;VU;AS25-AS1-20180127190230
2018-01-27 19:05:25.209;RO;AS25-AS1-20180127190507
2018-01-27 19:05:54.290;SP;AS25-AS1-20180127190507
2018-01-27 19:05:59.570;RC;AS25-AS1-20180127190507
2018-01-27 19:06:55.785;SS;AS25-AS1-20180127190507
2018-01-27 19:07:06.213;RU;AS25-AS1-20180127190507
2018-01-27 19:07:33.278;SQ;AS25-AS1-20180127190733
2018-01-27 19:07:35.732;RO;AS25-AS1-20180127190733
2018-01-27 19:08:13.399;SP;AS25-AS1-20180127190733
2018-01-27 19:08:13.970;VU;AS25-AS1-20180127190301
2018-01-27 19:08:14.216;RC;AS25-AS1-20180127190733
2018-01-27 19:09:08.600;SS;AS25-AS1-20180127190733
2018-01-27 19:09:12.896;RU;AS25-AS1-20180127190733
2018-01-27 19:10:01.320;SQ;AS25-AS1-20180127191001
2018-01-27 19:10:02.629;RO;AS25-AS1-20180127191001
2018-01-27 19:10:59.827;SP;AS25-AS1-20180127191001
2018-01-27 19:11:00.480;RC;AS25-AS1-20180127191001
2018-01-27 19:12:16.474;SS;AS25-AS1-20180127191001
2018-01-27 19:12:20.852;RU;AS25-AS1-20180127191001
2018-01-27 19:13:01.344;SQ;AS25-AS1-20180127191301
2018-01-27 19:13:02.694;RO;AS25-AS1-20180127191301
2018-01-27 19:13:41.774;VU;AS25-AS1-20180127190507
2018-01-27 19:13:49.308;SP;AS25-AS1-20180127191301
2018-01-27 19:13:49.960;RC;AS25-AS1-20180127191301
2018-01-27 19:15:05.188;SS;AS25-AS1-20180127191301
2018-01-27 19:15:09.523;RU;AS25-AS1-20180127191301
2018-01-27 19:16:09.662;SQ;AS25-AS1-20180127191609
2018-01-27 19:16:11.010;RO;AS25-AS1-20180127191609
2018-01-27 19:17:22.532;VU;AS25-AS1-20180127190733
2018-01-27 19:17:22.532;VU;AS25-AS1-20180127191001
2018-01-27 19:17:23.883;SP;AS25-AS1-20180127191609
2018-01-27 19:17:24.535;RC;AS25-AS1-20180127191609
2018-01-27 19:17:24.984;VU;AS25-AS1-20180127191301
2018-01-27 19:17:44.380;SS;AS25-AS1-20180127191609
2018-01-27 19:17:48.686;RU;AS25-AS1-20180127191609
2018-01-27 19:18:04.556;SQ;AS25-AS1-20180127191804
2018-01-27 19:18:05.862;RO;AS25-AS1-20180127191804
2018-01-27 19:18:24.468;SP;AS25-AS1-20180127191804
2018-01-27 19:18:25.120;RC;AS25-AS1-20180127191804
2018-01-27 19:18:59.732;SS;AS25-AS1-20180127191804
2018-01-27 19:19:04.069;RU;AS25-AS1-20180127191804
2018-01-27 19:19:05.868;VU;AS25-AS1-20180127191609
2018-01-27 19:19:19.692;SQ;AS25-AS1-20180127191919
2018-01-27 19:19:21.002;RO;AS25-AS1-20180127191919
2018-01-27 19:19:38.675;SP;AS25-AS1-20180127191919
2018-01-27 19:19:39.332;RC;AS25-AS1-20180127191919
2018-01-27 19:20:13.429;SS;AS25-AS1-20180127191919
2018-01-27 19:20:17.765;RU;AS25-AS1-20180127191919
2018-01-27 19:20:20.418;VU;AS25-AS1-20180127191804
2018-01-27 19:20:34.855;SQ;AS25-AS1-20180127192034
2018-01-27 19:20:36.123;RO;AS25-AS1-20180127192034
2018-01-27 19:20:54.462;SP;AS25-AS1-20180127192034
2018-01-27 19:20:55.113;RC;AS25-AS1-20180127192034
2018-01-27 19:21:30.288;SS;AS25-AS1-20180127192034
2018-01-27 19:21:34.584;RU;AS25-AS1-20180127192034
2018-01-27 19:21:35.077;VU;AS25-AS1-20180127191919
2018-01-27 19:21:47.509;SQ;AS25-AS1-20180127192147
2018-01-27 19:21:48.858;RO;AS25-AS1-20180127192147
2018-01-27 19:22:06.936;SP;AS25-AS1-20180127192147
2018-01-27 19:22:07.588;RC;AS25-AS1-20180127192147
2018-01-27 19:22:41.890;SS;AS25-AS1-20180127192147
2018-01-27 19:22:46.235;RU;AS25-AS1-20180127192147
2018-01-27 19:22:49.953;VU;AS25-AS1-20180127192034
2018-01-27 19:23:04.509;SQ;AS25-AS1-20180127192304
2018-01-27 19:23:05.821;RO;AS25-AS1-20180127192304
2018-01-27 19:23:25.299;SP;AS25-AS1-20180127192304
2018-01-27 19:23:25.984;RC;AS25-AS1-20180127192304
2018-01-27 19:23:59.692;SS;AS25-AS1-20180127192304
2018-01-27 19:24:01.939;VU;AS25-AS1-20180127192147
2018-01-27 19:24:04.067;RU;AS25-AS1-20180127192304
2018-01-27 19:24:13.804;SQ;AS25-AS1-20180127192413
2018-01-27 19:24:15.071;RO;AS25-AS1-20180127192413
2018-01-27 19:24:33.597;SP;AS25-AS1-20180127192413
2018-01-27 19:24:34.250;RC;AS25-AS1-20180127192413
2018-01-27 19:25:09.786;SS;AS25-AS1-20180127192413
2018-01-27 19:25:14.123;RU;AS25-AS1-20180127192413
2018-01-27 19:25:18.903;VU;AS25-AS1-20180127192304
2018-01-27 19:25:30.640;SQ;AS25-AS1-20180127192530
2018-01-27 19:25:31.948;RO;AS25-AS1-20180127192530
2018-01-27 19:25:50.037;SP;AS25-AS1-20180127192530
2018-01-27 19:25:50.690;RC;AS25-AS1-20180127192530
2018-01-27 19:26:24.829;SS;AS25-AS1-20180127192530
2018-01-27 19:26:29.159;RU;AS25-AS1-20180127192530
2018-01-27 19:26:31.569;VU;AS25-AS1-20180127192413
2018-01-27 19:26:44.777;SQ;AS25-AS1-20180127192644
2018-01-27 19:26:46.080;RO;AS25-AS1-20180127192644
2018-01-27 19:27:03.381;SP;AS25-AS1-20180127192644
2018-01-27 19:27:04.071;RC;AS25-AS1-20180127192644
2018-01-27 19:27:38.532;SS;AS25-AS1-20180127192644
2018-01-27 19:27:42.908;RU;AS25-AS1-20180127192644
2018-01-27 19:27:47.283;VU;AS25-AS1-20180127192530
2018-01-27 19:27:59.269;SQ;AS25-AS1-20180127192759
2018-01-27 19:28:00.578;RO;AS25-AS1-20180127192759
2018-01-27 19:28:22.001;SP;AS25-AS1-20180127192759
2018-01-27 19:28:22.697;RC;AS25-AS1-20180127192759
2018-01-27 19:28:29.566;VU;AS25-AS1-20180127192644
2018-01-27 19:28:45.810;SS;AS25-AS1-20180127192759
2018-01-27 19:28:50.146;RU;AS25-AS1-20180127192759
2018-01-27 19:28:58.043;SQ;AS25-AS1-20180127192858
2018-01-27 19:28:59.346;RO;AS25-AS1-20180127192858
2018-01-27 19:29:19.628;SP;AS25-AS1-20180127192858
2018-01-27 19:29:20.318;RC;AS25-AS1-20180127192858
2018-01-27 19:29:53.375;SS;AS25-AS1-20180127192858
2018-01-27 19:29:57.709;RU;AS25-AS1-20180127192858
2018-01-27 19:30:04.808;VU;AS25-AS1-20180127192759
2018-01-27 19:30:14.095;SQ;AS25-AS1-20180127193014
2018-01-27 19:30:15.401;RO;AS25-AS1-20180127193014
2018-01-27 19:30:33.470;SP;AS25-AS1-20180127193014
2018-01-27 19:30:34.125;RC;AS25-AS1-20180127193014
2018-01-27 19:31:06.222;SS;AS25-AS1-20180127193014
2018-01-27 19:31:10.556;RU;AS25-AS1-20180127193014
2018-01-27 19:31:13.170;VU;AS25-AS1-20180127192858
2018-01-27 19:31:26.865;SQ;AS25-AS1-20180127193126
2018-01-27 19:31:28.174;RO;AS25-AS1-20180127193126
2018-01-27 19:31:46.819;SP;AS25-AS1-20180127193126
2018-01-27 19:31:47.471;RC;AS25-AS1-20180127193126
2018-01-27 19:32:20.439;SS;AS25-AS1-20180127193126
2018-01-27 19:32:23.297;VU;AS25-AS1-20180127193014
2018-01-27 19:32:24.817;RU;AS25-AS1-20180127193126
2018-01-27 19:32:36.396;SQ;AS25-AS1-20180127193236
2018-01-27 19:32:37.704;RO;AS25-AS1-20180127193236
2018-01-27 19:32:56.110;SP;AS25-AS1-20180127193236
2018-01-27 19:32:56.764;RC;AS25-AS1-20180127193236
2018-01-27 19:33:16.024;SS;AS25-AS1-20180127193236
2018-01-27 19:33:20.320;RU;AS25-AS1-20180127193236
2018-01-27 19:33:25.349;VU;AS25-AS1-20180127193126
2018-01-27 19:34:30.050;VU;AS25-AS1-20180127193236
