2018-01-27 18:59:29.046;SQ;AS26-AS1-20180127185929
2018-01-27 18:59:36.993;RO;AS26-AS1-20180127185929
2018-01-27 18:59:37.877;SP;AS26-AS1-20180127185929
2018-01-27 18:59:39.565;SQ;AS26-AS1-20180127185939
2018-01-27 18:59:44.050;RC;AS26-AS1-20180127185929
2018-01-27 18:59:44.870;SS;AS26-AS1-20180127185929
2018-01-27 18:59:53.988;RO;AS26-AS1-20180127185939
2018-01-27 18:59:54.902;SP;AS26-AS1-20180127185939
2018-01-27 18:59:56.589;SQ;AS26-AS1-20180127185956
2018-01-27 19:00:03.281;RC;AS26-AS1-20180127185939
2018-01-27 19:00:04.126;SS;AS26-AS1-20180127185939
2018-01-27 19:00:06.269;RU;AS26-AS1-20180127185929
2018-01-27 19:00:15.412;RO;AS26-AS1-20180127185956
2018-01-27 19:00:17.086;SP;AS26-AS1-20180127185956
2018-01-27 19:00:19.600;SQ;AS26-AS1-20180127190019
2018-01-27 19:00:24.692;RU;AS26-AS1-20180127185939
2018-01-27 19:00:25.971;RC;AS26-AS1-20180127185956
2018-01-27 19:00:27.325;SS;AS26-AS1-20180127185956
2018-01-27 19:00:35.562;RO;AS26-AS1-20180127190019
2018-01-27 19:00:41.028;SP;AS26-AS1-20180127190019
2018-01-27 19:00:41.517;RU;AS26-AS1-20180127185956
2018-01-27 19:00:42.036;VU;AS26-AS1-20180127185939
2018-01-27 19:00:42.036;VU;AS26-AS1-20180127185929
2018-01-27 19:00:43.557;SQ;AS26-AS1-20180127190043
2018-01-27 19:00:53.645;RC;AS26-AS1-20180127190019
2018-01-27 19:00:54.967;SS;AS26-AS1-20180127190019
2018-01-27 19:00:55.453;RO;AS26-AS1-20180127190043
2018-01-27 19:00:57.226;SP;AS26-AS1-20180127190043
2018-01-27 19:00:59.531;SQ;AS26-AS1-20180127190059
2018-01-27 19:01:05.212;RC;AS26-AS1-20180127190043
2018-01-27 19:01:06.075;SS;AS26-AS1-20180127190043
2018-01-27 19:01:12.166;RU;AS26-AS1-20180127190019
2018-01-27 19:01:16.883;RO;AS26-AS1-20180127190059
2018-01-27 19:01:18.750;SP;AS26-AS1-20180127190059
2018-01-27 19:01:20.965;RU;AS26-AS1-20180127190043
2018-01-27 19:01:23.358;SQ;AS26-AS1-20180127190123
2018-01-27 19:01:24.657;RC;AS26-AS1-20180127190059
2018-01-27 19:01:26.854;SS;AS26-AS1-20180127190059
2018-01-27 19:01:38.248;RO;AS26-AS1-20180127190123
2018-01-27 19:01:40.535;RU;AS26-AS1-20180127190059
2018-01-27 19:01:44.294;SP;AS26-AS1-20180127190123
2018-01-27 19:01:45.291;VU;AS26-AS1-20180127190043
2018-01-27 19:01:45.295;VU;AS26-AS1-20180127190019
2018-01-27 19:01:45.295;VU;AS26-AS1-20180127185956
2018-01-27 19:01:45.322;RC;AS26-AS1-20180127190123
2018-01-27 19:01:47.665;SS;AS26-AS1-20180127190123
2018-01-27 19:01:47.666;SQ;AS26-AS1-20180127190147
2018-01-27 19:01:57.431;RO;AS26-AS1-20180127190147
2018-01-27 19:01:58.951;SP;AS26-AS1-20180127190147
2018-01-27 19:01:59.940;RU;AS26-AS1-20180127190123
2018-01-27 19:02:02.578;SQ;AS26-AS1-20180127190202
2018-01-27 19:02:04.738;RC;AS26-AS1-20180127190147
2018-01-27 19:02:06.871;SS;AS26-AS1-20180127190147
2018-01-27 19:02:15.639;RO;AS26-AS1-20180127190202
2018-01-27 19:02:17.955;SP;AS26-AS1-20180127190202
2018-01-27 19:02:21.738;SQ;AS26-AS1-20180127190221
2018-01-27 19:02:22.302;RU;AS26-AS1-20180127190147
2018-01-27 19:02:23.948;RC;AS26-AS1-20180127190202
2018-01-27 19:02:26.135;SS;AS26-AS1-20180127190202
2018-01-27 19:02:36.370;RO;AS26-AS1-20180127190221
2018-01-27 19:02:38.907;RU;AS26-AS1-20180127190202
2018-01-27 19:02:43.260;SP;AS26-AS1-20180127190221
2018-01-27 19:02:44.426;RC;AS26-AS1-20180127190221
2018-01-27 19:02:46.539;VU;AS26-AS1-20180127190059
2018-01-27 19:02:47.175;VU;AS26-AS1-20180127190123
2018-01-27 19:02:48.370;SS;AS26-AS1-20180127190221
2018-01-27 19:02:49.606;VU;AS26-AS1-20180127190147
2018-01-27 19:02:49.876;SQ;AS26-AS1-20180127190249
2018-01-27 19:03:00.081;RO;AS26-AS1-20180127190249
2018-01-27 19:03:00.846;RU;AS26-AS1-20180127190221
2018-01-27 19:03:02.205;SP;AS26-AS1-20180127190249
2018-01-27 19:03:05.700;RC;AS26-AS1-20180127190249
2018-01-27 19:03:06.272;SQ;AS26-AS1-20180127190306
2018-01-27 19:03:07.998;SS;AS26-AS1-20180127190249
2018-01-27 19:03:18.586;RO;AS26-AS1-20180127190306
2018-01-27 19:03:20.659;SP;AS26-AS1-20180127190306
2018-01-27 19:03:23.997;RU;AS26-AS1-20180127190249
2018-01-27 19:03:24.642;SQ;AS26-AS1-20180127190324
2018-01-27 19:03:24.885;RC;AS26-AS1-20180127190306
2018-01-27 19:03:27.749;SS;AS26-AS1-20180127190306
2018-01-27 19:03:35.542;RO;AS26-AS1-20180127190324
2018-01-27 19:03:38.140;RU;AS26-AS1-20180127190306
2018-01-27 19:03:42.375;SP;AS26-AS1-20180127190324
2018-01-27 19:03:43.555;RC;AS26-AS1-20180127190324
2018-01-27 19:03:46.428;VU;AS26-AS1-20180127190202
2018-01-27 19:03:47.440;VU;AS26-AS1-20180127190249
2018-01-27 19:03:48.262;SS;AS26-AS1-20180127190324
2018-01-27 19:03:48.970;VU;AS26-AS1-20180127190221
2018-01-27 19:03:49.533;SQ;AS26-AS1-20180127190349
2018-01-27 19:04:01.160;RO;AS26-AS1-20180127190349
2018-01-27 19:04:01.381;RU;AS26-AS1-20180127190324
2018-01-27 19:04:03.916;SP;AS26-AS1-20180127190349
2018-01-27 19:04:07.275;SQ;AS26-AS1-20180127190407
2018-01-27 19:04:08.401;RC;AS26-AS1-20180127190349
2018-01-27 19:04:10.597;SS;AS26-AS1-20180127190349
2018-01-27 19:04:16.617;RO;AS26-AS1-20180127190407
2018-01-27 19:04:18.702;SP;AS26-AS1-20180127190407
2018-01-27 19:04:22.398;SQ;AS26-AS1-20180127190422
2018-01-27 19:04:23.258;RC;AS26-AS1-20180127190407
2018-01-27 19:04:25.167;RU;AS26-AS1-20180127190349
2018-01-27 19:04:25.215;SS;AS26-AS1-20180127190407
2018-01-27 19:04:32.885;RO;AS26-AS1-20180127190422
2018-01-27 19:04:36.194;RU;AS26-AS1-20180127190407
2018-01-27 19:04:39.353;SP;AS26-AS1-20180127190422
2018-01-27 19:04:40.114;RC;AS26-AS1-20180127190422
2018-01-27 19:04:46.146;VU;AS26-AS1-20180127190407
2018-01-27 19:04:46.478;VU;AS26-AS1-20180127190306
2018-01-27 19:04:46.829;SS;AS26-AS1-20180127190422
2018-01-27 19:04:47.010;VU;AS26-AS1-20180127190324
2018-01-27 19:04:47.840;SQ;AS26-AS1-20180127190447
2018-01-27 19:04:48.284;VU;AS26-AS1-20180127190349
2018-01-27 19:04:57.225;RU;AS26-AS1-20180127190422
2018-01-27 19:04:57.731;RO;AS26-AS1-20180127190447
2018-01-27 19:04:58.920;SP;AS26-AS1-20180127190447
2018-01-27 19:05:01.461;SQ;AS26-AS1-20180127190501
2018-01-27 19:05:01.633;RC;AS26-AS1-20180127190447
2018-01-27 19:05:02.894;SS;AS26-AS1-20180127190447
2018-01-27 19:05:11.873;RO;AS26-AS1-20180127190501
2018-01-27 19:05:13.362;SP;AS26-AS1-20180127190501
2018-01-27 19:05:15.706;RU;AS26-AS1-20180127190447
2018-01-27 19:05:16.119;SQ;AS26-AS1-20180127190516
2018-01-27 19:05:19.572;RC;AS26-AS1-20180127190501
2018-01-27 19:05:20.967;SS;AS26-AS1-20180127190501
2018-01-27 19:05:26.669;RO;AS26-AS1-20180127190516
2018-01-27 19:05:29.280;SP;AS26-AS1-20180127190516
2018-01-27 19:05:34.218;RU;AS26-AS1-20180127190501
2018-01-27 19:05:34.366;SQ;AS26-AS1-20180127190534
2018-01-27 19:05:35.174;RC;AS26-AS1-20180127190516
2018-01-27 19:05:40.678;RO;AS26-AS1-20180127190534
2018-01-27 19:05:41.280;SS;AS26-AS1-20180127190516
2018-01-27 19:05:46.006;VU;AS26-AS1-20180127190447
2018-01-27 19:05:46.014;RU;AS26-AS1-20180127190516
2018-01-27 19:05:46.343;SP;AS26-AS1-20180127190534
2018-01-27 19:05:47.275;VU;AS26-AS1-20180127190501
2018-01-27 19:05:47.417;RC;AS26-AS1-20180127190534
2018-01-27 19:05:48.195;VU;AS26-AS1-20180127190422
2018-01-27 19:05:51.278;SS;AS26-AS1-20180127190534
2018-01-27 19:05:56.031;SQ;AS26-AS1-20180127190556
2018-01-27 19:06:02.563;RU;AS26-AS1-20180127190534
2018-01-27 19:06:04.114;RO;AS26-AS1-20180127190556
2018-01-27 19:06:33.049;SP;AS26-AS1-20180127190556
2018-01-27 19:06:35.969;RC;AS26-AS1-20180127190556
2018-01-27 19:07:49.260;SS;AS26-AS1-20180127190556
2018-01-27 19:07:57.732;RU;AS26-AS1-20180127190556
2018-01-27 19:09:23.515;SQ;AS26-AS1-20180127190923
2018-01-27 19:09:24.796;RO;AS26-AS1-20180127190923
2018-01-27 19:09:24.876;VU;AS26-AS1-20180127190516
2018-01-27 19:09:27.880;VU;AS26-AS1-20180127190534
2018-01-27 19:10:02.483;SP;AS26-AS1-20180127190923
2018-01-27 19:10:03.138;RC;AS26-AS1-20180127190923
2018-01-27 19:10:57.518;SS;AS26-AS1-20180127190923
2018-01-27 19:11:01.861;RU;AS26-AS1-20180127190923
2018-01-27 19:11:59.338;SQ;AS26-AS1-20180127191159
2018-01-27 19:12:00.648;RO;AS26-AS1-20180127191159
2018-01-27 19:12:56.149;SP;AS26-AS1-20180127191159
2018-01-27 19:12:56.846;RC;AS26-AS1-20180127191159
2018-01-27 19:14:16.139;SS;AS26-AS1-20180127191159
2018-01-27 19:14:16.385;VU;AS26-AS1-20180127190556
2018-01-27 19:14:19.870;RU;AS26-AS1-20180127191159
2018-01-27 19:15:06.245;SQ;AS26-AS1-20180127191506
2018-01-27 19:15:07.557;RO;AS26-AS1-20180127191506
2018-01-27 19:15:11.865;VU;AS26-AS1-20180127190923
2018-01-27 19:15:14.071;VU;AS26-AS1-20180127191159
2018-01-27 19:15:20.761;SP;AS26-AS1-20180127191506
2018-01-27 19:15:21.408;RC;AS26-AS1-20180127191506
2018-01-27 19:15:45.039;SS;AS26-AS1-20180127191506
2018-01-27 19:15:49.359;RU;AS26-AS1-20180127191506
2018-01-27 19:15:57.725;SQ;AS26-AS1-20180127191557
2018-01-27 19:15:59.038;RO;AS26-AS1-20180127191557
2018-01-27 19:16:18.502;SP;AS26-AS1-20180127191557
2018-01-27 19:16:19.159;RC;AS26-AS1-20180127191557
2018-01-27 19:16:51.761;SS;AS26-AS1-20180127191557
2018-01-27 19:16:56.123;RU;AS26-AS1-20180127191557
2018-01-27 19:17:03.182;VU;AS26-AS1-20180127191506
2018-01-27 19:17:13.626;SQ;AS26-AS1-20180127191713
2018-01-27 19:17:14.935;RO;AS26-AS1-20180127191713
2018-01-27 19:17:32.653;SP;AS26-AS1-20180127191713
2018-01-27 19:17:33.346;RC;AS26-AS1-20180127191713
2018-01-27 19:18:07.335;SS;AS26-AS1-20180127191713
2018-01-27 19:18:11.691;RU;AS26-AS1-20180127191713
2018-01-27 19:18:14.766;VU;AS26-AS1-20180127191557
2018-01-27 19:18:26.797;SQ;AS26-AS1-20180127191826
2018-01-27 19:18:28.072;RO;AS26-AS1-20180127191826
2018-01-27 19:18:47.127;SP;AS26-AS1-20180127191826
2018-01-27 19:18:47.785;RC;AS26-AS1-20180127191826
2018-01-27 19:19:00.702;VU;AS26-AS1-20180127191713
2018-01-27 19:19:14.691;SS;AS26-AS1-20180127191826
2018-01-27 19:19:19.010;RU;AS26-AS1-20180127191826
2018-01-27 19:19:29.280;SQ;AS26-AS1-20180127191929
2018-01-27 19:19:30.560;RO;AS26-AS1-20180127191929
2018-01-27 19:19:49.259;SP;AS26-AS1-20180127191929
2018-01-27 19:19:49.914;RC;AS26-AS1-20180127191929
2018-01-27 19:20:26.781;SS;AS26-AS1-20180127191929
2018-01-27 19:20:31.096;RU;AS26-AS1-20180127191929
2018-01-27 19:20:34.180;VU;AS26-AS1-20180127191826
2018-01-27 19:20:46.666;SQ;AS26-AS1-20180127192046
2018-01-27 19:20:47.977;RO;AS26-AS1-20180127192046
2018-01-27 19:21:09.645;SP;AS26-AS1-20180127192046
2018-01-27 19:21:10.341;RC;AS26-AS1-20180127192046
2018-01-27 19:21:19.432;VU;AS26-AS1-20180127191929
2018-01-27 19:21:34.404;SS;AS26-AS1-20180127192046
2018-01-27 19:21:38.724;RU;AS26-AS1-20180127192046
2018-01-27 19:21:48.600;SQ;AS26-AS1-20180127192148
2018-01-27 19:21:49.950;RO;AS26-AS1-20180127192148
2018-01-27 19:22:08.392;SP;AS26-AS1-20180127192148
2018-01-27 19:22:09.047;RC;AS26-AS1-20180127192148
2018-01-27 19:22:27.656;SS;AS26-AS1-20180127192148
2018-01-27 19:22:30.733;RU;AS26-AS1-20180127192148
2018-01-27 19:22:55.472;VU;AS26-AS1-20180127192148
2018-01-27 19:23:00.831;VU;AS26-AS1-20180127192046
