2018-01-27 18:59:29.566;SQ;AS32-AS1-20180127185929
2018-01-27 18:59:37.293;RO;AS32-AS1-20180127185929
2018-01-27 18:59:38.438;SP;AS32-AS1-20180127185929
2018-01-27 18:59:40.113;SQ;AS32-AS1-20180127185940
2018-01-27 18:59:45.872;RC;AS32-AS1-20180127185929
2018-01-27 18:59:46.716;SS;AS32-AS1-20180127185929
2018-01-27 18:59:56.207;RO;AS32-AS1-20180127185940
2018-01-27 18:59:57.466;SP;AS32-AS1-20180127185940
2018-01-27 18:59:59.129;SQ;AS32-AS1-20180127185959
2018-01-27 19:00:05.137;RU;AS32-AS1-20180127185929
2018-01-27 19:00:05.676;RC;AS32-AS1-20180127185940
2018-01-27 19:00:06.832;SS;AS32-AS1-20180127185940
2018-01-27 19:00:13.244;RO;AS32-AS1-20180127185959
2018-01-27 19:00:14.472;SP;AS32-AS1-20180127185959
2018-01-27 19:00:17.037;SQ;AS32-AS1-20180127190017
2018-01-27 19:00:23.823;RC;AS32-AS1-20180127185959
2018-01-27 19:00:23.981;RU;AS32-AS1-20180127185940
2018-01-27 19:00:25.467;SS;AS32-AS1-20180127185959
2018-01-27 19:00:32.206;RO;AS32-AS1-20180127190017
2018-01-27 19:00:36.820;SP;AS32-AS1-20180127190017
2018-01-27 19:00:40.171;RC;AS32-AS1-20180127190017
2018-01-27 19:00:40.847;RU;AS32-AS1-20180127185959
2018-01-27 19:00:44.003;VU;AS32-AS1-20180127185929
2018-01-27 19:00:45.372;SS;AS32-AS1-20180127190017
2018-01-27 19:00:45.926;SQ;AS32-AS1-20180127190045
2018-01-27 19:00:46.923;VU;AS32-AS1-20180127185940
2018-01-27 19:00:59.578;RO;AS32-AS1-20180127190045
2018-01-27 19:01:05.235;RU;AS32-AS1-20180127190017
2018-01-27 19:01:24.930;SP;AS32-AS1-20180127190045
2018-01-27 19:01:33.385;RC;AS32-AS1-20180127190045
2018-01-27 19:02:45.858;SS;AS32-AS1-20180127190045
2018-01-27 19:02:55.872;RU;AS32-AS1-20180127190045
2018-01-27 19:03:37.473;SQ;AS32-AS1-20180127190337
2018-01-27 19:03:40.012;RO;AS32-AS1-20180127190337
2018-01-27 19:04:16.335;VU;AS32-AS1-20180127185959
2018-01-27 19:04:16.952;VU;AS32-AS1-20180127190017
2018-01-27 19:04:25.436;SP;AS32-AS1-20180127190337
2018-01-27 19:04:31.662;RC;AS32-AS1-20180127190337
2018-01-27 19:05:06.810;SS;AS32-AS1-20180127190337
2018-01-27 19:05:09.011;SQ;AS32-AS1-20180127190509
2018-01-27 19:05:22.671;RO;AS32-AS1-20180127190509
2018-01-27 19:05:22.675;RU;AS32-AS1-20180127190337
2018-01-27 19:06:16.127;SP;AS32-AS1-20180127190509
2018-01-27 19:06:20.672;RC;AS32-AS1-20180127190509
2018-01-27 19:07:37.170;SS;AS32-AS1-20180127190509
2018-01-27 19:07:38.151;VU;AS32-AS1-20180127190045
2018-01-27 19:07:42.003;RU;AS32-AS1-20180127190509
2018-01-27 19:08:28.020;SQ;AS32-AS1-20180127190828
2018-01-27 19:08:29.491;RO;AS32-AS1-20180127190828
2018-01-27 19:09:15.022;SP;AS32-AS1-20180127190828
2018-01-27 19:09:15.674;RC;AS32-AS1-20180127190828
2018-01-27 19:10:26.188;SS;AS32-AS1-20180127190828
2018-01-27 19:10:30.621;RU;AS32-AS1-20180127190828
2018-01-27 19:11:37.769;SQ;AS32-AS1-20180127191137
2018-01-27 19:11:39.040;RO;AS32-AS1-20180127191137
2018-01-27 19:12:57.470;SP;AS32-AS1-20180127191137
2018-01-27 19:12:58.161;RC;AS32-AS1-20180127191137
2018-01-27 19:13:14.566;VU;AS32-AS1-20180127190337
2018-01-27 19:14:16.689;SS;AS32-AS1-20180127191137
2018-01-27 19:14:19.848;RU;AS32-AS1-20180127191137
2018-01-27 19:15:42.897;SQ;AS32-AS1-20180127191542
2018-01-27 19:15:44.206;RO;AS32-AS1-20180127191542
2018-01-27 19:16:59.957;SP;AS32-AS1-20180127191542
2018-01-27 19:17:00.695;RC;AS32-AS1-20180127191542
2018-01-27 19:18:34.111;SS;AS32-AS1-20180127191542
2018-01-27 19:18:38.540;RU;AS32-AS1-20180127191542
2018-01-27 19:19:58.960;SQ;AS32-AS1-20180127191958
2018-01-27 19:20:00.309;RO;AS32-AS1-20180127191958
2018-01-27 19:21:27.013;SP;AS32-AS1-20180127191958
2018-01-27 19:21:27.749;RC;AS32-AS1-20180127191958
2018-01-27 19:22:16.653;VU;AS32-AS1-20180127191137
2018-01-27 19:22:16.734;VU;AS32-AS1-20180127190828
2018-01-27 19:22:17.270;VU;AS32-AS1-20180127190509
2018-01-27 19:22:54.562;SS;AS32-AS1-20180127191958
2018-01-27 19:22:57.388;VU;AS32-AS1-20180127191542
2018-01-27 19:22:58.862;RU;AS32-AS1-20180127191958
2018-01-27 19:23:20.545;SQ;AS32-AS1-20180127192320
2018-01-27 19:23:22.019;RO;AS32-AS1-20180127192320
2018-01-27 19:23:49.768;SP;AS32-AS1-20180127192320
2018-01-27 19:23:50.470;RC;AS32-AS1-20180127192320
2018-01-27 19:24:02.217;VU;AS32-AS1-20180127191958
2018-01-27 19:24:15.379;SS;AS32-AS1-20180127192320
2018-01-27 19:24:19.687;RU;AS32-AS1-20180127192320
2018-01-27 19:24:29.370;SQ;AS32-AS1-20180127192429
2018-01-27 19:24:30.642;RO;AS32-AS1-20180127192429
2018-01-27 19:24:55.314;SP;AS32-AS1-20180127192429
2018-01-27 19:24:56.054;RC;AS32-AS1-20180127192429
2018-01-27 19:25:06.758;VU;AS32-AS1-20180127192320
2018-01-27 19:25:20.437;SS;AS32-AS1-20180127192429
2018-01-27 19:25:24.753;RU;AS32-AS1-20180127192429
2018-01-27 19:25:34.298;SQ;AS32-AS1-20180127192534
2018-01-27 19:25:35.645;RO;AS32-AS1-20180127192534
2018-01-27 19:25:55.191;SP;AS32-AS1-20180127192534
2018-01-27 19:25:55.887;RC;AS32-AS1-20180127192534
2018-01-27 19:26:31.445;SS;AS32-AS1-20180127192534
2018-01-27 19:26:35.800;RU;AS32-AS1-20180127192534
2018-01-27 19:26:41.999;VU;AS32-AS1-20180127192429
2018-01-27 19:26:53.045;SQ;AS32-AS1-20180127192653
2018-01-27 19:26:54.360;RO;AS32-AS1-20180127192653
2018-01-27 19:27:13.635;SP;AS32-AS1-20180127192653
2018-01-27 19:27:14.290;RC;AS32-AS1-20180127192653
2018-01-27 19:27:48.823;SS;AS32-AS1-20180127192653
2018-01-27 19:27:53.168;RU;AS32-AS1-20180127192653
2018-01-27 19:27:54.193;VU;AS32-AS1-20180127192534
2018-01-27 19:28:07.127;SQ;AS32-AS1-20180127192807
2018-01-27 19:28:08.396;RO;AS32-AS1-20180127192807
2018-01-27 19:28:32.183;SP;AS32-AS1-20180127192807
2018-01-27 19:28:32.879;RC;AS32-AS1-20180127192807
2018-01-27 19:28:41.384;VU;AS32-AS1-20180127192653
2018-01-27 19:28:55.191;SS;AS32-AS1-20180127192807
2018-01-27 19:28:59.536;RU;AS32-AS1-20180127192807
2018-01-27 19:29:10.875;SQ;AS32-AS1-20180127192910
2018-01-27 19:29:12.223;RO;AS32-AS1-20180127192910
2018-01-27 19:29:31.184;SP;AS32-AS1-20180127192910
2018-01-27 19:29:31.880;RC;AS32-AS1-20180127192910
2018-01-27 19:30:06.247;SS;AS32-AS1-20180127192910
2018-01-27 19:30:10.542;RU;AS32-AS1-20180127192910
2018-01-27 19:30:17.144;VU;AS32-AS1-20180127192807
2018-01-27 19:30:28.583;SQ;AS32-AS1-20180127193028
2018-01-27 19:30:29.852;RO;AS32-AS1-20180127193028
2018-01-27 19:30:47.956;SP;AS32-AS1-20180127193028
2018-01-27 19:30:48.652;RC;AS32-AS1-20180127193028
2018-01-27 19:31:22.074;SS;AS32-AS1-20180127193028
2018-01-27 19:31:26.344;RU;AS32-AS1-20180127193028
2018-01-27 19:31:27.907;VU;AS32-AS1-20180127192910
2018-01-27 19:31:41.602;SQ;AS32-AS1-20180127193141
2018-01-27 19:31:42.956;RO;AS32-AS1-20180127193141
2018-01-27 19:32:03.495;SP;AS32-AS1-20180127193141
2018-01-27 19:32:04.191;RC;AS32-AS1-20180127193141
2018-01-27 19:32:37.429;SS;AS32-AS1-20180127193141
2018-01-27 19:32:39.478;VU;AS32-AS1-20180127193028
2018-01-27 19:32:41.736;RU;AS32-AS1-20180127193141
2018-01-27 19:32:52.887;SQ;AS32-AS1-20180127193252
2018-01-27 19:32:54.195;RO;AS32-AS1-20180127193252
2018-01-27 19:33:13.538;SP;AS32-AS1-20180127193252
2018-01-27 19:33:14.355;RC;AS32-AS1-20180127193252
2018-01-27 19:33:28.366;VU;AS32-AS1-20180127193141
2018-01-27 19:33:41.296;SS;AS32-AS1-20180127193252
2018-01-27 19:33:45.608;RU;AS32-AS1-20180127193252
2018-01-27 19:33:55.961;SQ;AS32-AS1-20180127193355
2018-01-27 19:33:57.309;RO;AS32-AS1-20180127193355
2018-01-27 19:34:18.418;SP;AS32-AS1-20180127193355
2018-01-27 19:34:19.074;RC;AS32-AS1-20180127193355
2018-01-27 19:34:30.975;VU;AS32-AS1-20180127193252
2018-01-27 19:34:45.014;SS;AS32-AS1-20180127193355
2018-01-27 19:34:49.321;RU;AS32-AS1-20180127193355
2018-01-27 19:34:59.545;SQ;AS32-AS1-20180127193459
2018-01-27 19:35:00.860;RO;AS32-AS1-20180127193459
2018-01-27 19:35:19.259;SP;AS32-AS1-20180127193459
2018-01-27 19:35:19.958;RC;AS32-AS1-20180127193459
2018-01-27 19:35:36.980;VU;AS32-AS1-20180127193355
2018-01-27 19:35:48.281;SS;AS32-AS1-20180127193459
2018-01-27 19:35:52.587;RU;AS32-AS1-20180127193459
2018-01-27 19:36:02.827;SQ;AS32-AS1-20180127193602
2018-01-27 19:36:04.093;RO;AS32-AS1-20180127193602
2018-01-27 19:36:22.571;SP;AS32-AS1-20180127193602
2018-01-27 19:36:23.227;RC;AS32-AS1-20180127193602
2018-01-27 19:36:54.105;SS;AS32-AS1-20180127193602
2018-01-27 19:36:58.412;RU;AS32-AS1-20180127193602
2018-01-27 19:37:08.330;VU;AS32-AS1-20180127193459
2018-01-27 19:37:17.636;SQ;AS32-AS1-20180127193717
2018-01-27 19:37:18.910;RO;AS32-AS1-20180127193717
2018-01-27 19:37:37.513;SP;AS32-AS1-20180127193717
2018-01-27 19:37:38.170;RC;AS32-AS1-20180127193717
2018-01-27 19:38:11.405;SS;AS32-AS1-20180127193717
2018-01-27 19:38:15.669;VU;AS32-AS1-20180127193602
2018-01-27 19:38:15.710;RU;AS32-AS1-20180127193717
2018-01-27 19:38:27.989;SQ;AS32-AS1-20180127193827
2018-01-27 19:38:29.303;RO;AS32-AS1-20180127193827
2018-01-27 19:38:47.629;SP;AS32-AS1-20180127193827
2018-01-27 19:38:48.285;RC;AS32-AS1-20180127193827
2018-01-27 19:39:21.863;SS;AS32-AS1-20180127193827
2018-01-27 19:39:26.170;RU;AS32-AS1-20180127193827
2018-01-27 19:39:28.589;VU;AS32-AS1-20180127193717
2018-01-27 19:39:41.772;SQ;AS32-AS1-20180127193941
2018-01-27 19:39:43.126;RO;AS32-AS1-20180127193941
2018-01-27 19:40:01.192;SP;AS32-AS1-20180127193941
2018-01-27 19:40:01.847;RC;AS32-AS1-20180127193941
2018-01-27 19:40:34.861;SS;AS32-AS1-20180127193941
2018-01-27 19:40:39.209;RU;AS32-AS1-20180127193941
2018-01-27 19:40:41.713;VU;AS32-AS1-20180127193827
2018-01-27 19:40:55.995;SQ;AS32-AS1-20180127194055
2018-01-27 19:40:57.309;RO;AS32-AS1-20180127194055
2018-01-27 19:41:15.926;SP;AS32-AS1-20180127194055
2018-01-27 19:41:16.579;RC;AS32-AS1-20180127194055
2018-01-27 19:41:49.093;SS;AS32-AS1-20180127194055
2018-01-27 19:41:53.435;RU;AS32-AS1-20180127194055
2018-01-27 19:41:54.218;VU;AS32-AS1-20180127193941
2018-01-27 19:42:07.416;SQ;AS32-AS1-20180127194207
2018-01-27 19:42:08.728;RO;AS32-AS1-20180127194207
2018-01-27 19:42:27.477;SP;AS32-AS1-20180127194207
2018-01-27 19:42:28.130;RC;AS32-AS1-20180127194207
2018-01-27 19:42:58.840;SS;AS32-AS1-20180127194207
2018-01-27 19:43:03.136;RU;AS32-AS1-20180127194207
2018-01-27 19:43:06.086;VU;AS32-AS1-20180127194055
2018-01-27 19:43:19.540;SQ;AS32-AS1-20180127194319
2018-01-27 19:43:20.850;RO;AS32-AS1-20180127194319
2018-01-27 19:43:39.244;SP;AS32-AS1-20180127194319
2018-01-27 19:43:39.895;RC;AS32-AS1-20180127194319
2018-01-27 19:44:13.195;SS;AS32-AS1-20180127194319
2018-01-27 19:44:15.287;VU;AS32-AS1-20180127194207
2018-01-27 19:44:17.503;RU;AS32-AS1-20180127194319
2018-01-27 19:44:29.479;SQ;AS32-AS1-20180127194429
2018-01-27 19:44:30.787;RO;AS32-AS1-20180127194429
2018-01-27 19:44:49.059;SP;AS32-AS1-20180127194429
2018-01-27 19:44:49.716;RC;AS32-AS1-20180127194429
2018-01-27 19:45:11.484;SS;AS32-AS1-20180127194429
2018-01-27 19:45:15.785;RU;AS32-AS1-20180127194429
2018-01-27 19:45:17.136;VU;AS32-AS1-20180127194319
2018-01-27 19:46:11.208;VU;AS32-AS1-20180127194429
