2018-01-27 18:59:27.886;SQ;AS33-AS1-20180127185927
2018-01-27 18:59:33.121;RO;AS33-AS1-20180127185927
2018-01-27 18:59:34.219;SP;AS33-AS1-20180127185927
2018-01-27 18:59:35.881;SQ;AS33-AS1-20180127185935
2018-01-27 18:59:38.949;RC;AS33-AS1-20180127185927
2018-01-27 18:59:39.776;SS;AS33-AS1-20180127185927
2018-01-27 18:59:46.696;RO;AS33-AS1-20180127185935
2018-01-27 18:59:47.709;SP;AS33-AS1-20180127185935
2018-01-27 18:59:49.345;SQ;AS33-AS1-20180127185949
2018-01-27 18:59:55.424;RC;AS33-AS1-20180127185935
2018-01-27 18:59:56.253;SS;AS33-AS1-20180127185935
2018-01-27 18:59:58.844;RU;AS33-AS1-20180127185927
2018-01-27 19:00:06.572;RO;AS33-AS1-20180127185949
2018-01-27 19:00:07.876;SP;AS33-AS1-20180127185949
2018-01-27 19:00:10.421;SQ;AS33-AS1-20180127190010
2018-01-27 19:00:15.188;RC;AS33-AS1-20180127185949
2018-01-27 19:00:16.246;SS;AS33-AS1-20180127185949
2018-01-27 19:00:17.385;RU;AS33-AS1-20180127185935
2018-01-27 19:00:24.674;RO;AS33-AS1-20180127190010
2018-01-27 19:00:26.832;SP;AS33-AS1-20180127190010
2018-01-27 19:00:30.654;SQ;AS33-AS1-20180127190030
2018-01-27 19:00:33.780;RC;AS33-AS1-20180127190010
2018-01-27 19:00:34.351;RU;AS33-AS1-20180127185949
2018-01-27 19:00:39.546;SS;AS33-AS1-20180127190010
2018-01-27 19:00:41.672;RO;AS33-AS1-20180127190030
2018-01-27 19:00:44.463;VU;AS33-AS1-20180127185935
2018-01-27 19:00:44.825;SP;AS33-AS1-20180127190030
2018-01-27 19:00:45.615;VU;AS33-AS1-20180127185949
2018-01-27 19:00:45.825;VU;AS33-AS1-20180127185927
2018-01-27 19:00:46.485;SQ;AS33-AS1-20180127190046
2018-01-27 19:00:53.811;RU;AS33-AS1-20180127190010
2018-01-27 19:00:53.835;RC;AS33-AS1-20180127190030
2018-01-27 19:00:55.467;SS;AS33-AS1-20180127190030
2018-01-27 19:00:57.964;RO;AS33-AS1-20180127190046
2018-01-27 19:00:59.253;SP;AS33-AS1-20180127190046
2018-01-27 19:01:01.613;SQ;AS33-AS1-20180127190101
2018-01-27 19:01:08.012;RC;AS33-AS1-20180127190046
2018-01-27 19:01:09.006;SS;AS33-AS1-20180127190046
2018-01-27 19:01:13.980;RU;AS33-AS1-20180127190030
2018-01-27 19:01:16.380;RO;AS33-AS1-20180127190101
2018-01-27 19:01:18.835;SP;AS33-AS1-20180127190101
2018-01-27 19:01:22.564;SQ;AS33-AS1-20180127190122
2018-01-27 19:01:24.108;RC;AS33-AS1-20180127190101
2018-01-27 19:01:26.062;SS;AS33-AS1-20180127190101
2018-01-27 19:01:28.076;RU;AS33-AS1-20180127190046
2018-01-27 19:01:37.783;RO;AS33-AS1-20180127190122
2018-01-27 19:01:39.575;RU;AS33-AS1-20180127190101
2018-01-27 19:01:44.725;SP;AS33-AS1-20180127190122
2018-01-27 19:01:45.576;VU;AS33-AS1-20180127190010
2018-01-27 19:01:47.055;VU;AS33-AS1-20180127190046
2018-01-27 19:01:47.654;VU;AS33-AS1-20180127190030
2018-01-27 19:01:48.532;RC;AS33-AS1-20180127190122
2018-01-27 19:01:48.690;SQ;AS33-AS1-20180127190148
2018-01-27 19:01:49.438;SS;AS33-AS1-20180127190122
2018-01-27 19:01:58.960;RO;AS33-AS1-20180127190148
2018-01-27 19:02:00.273;SP;AS33-AS1-20180127190148
2018-01-27 19:02:02.833;SQ;AS33-AS1-20180127190202
2018-01-27 19:02:05.236;RU;AS33-AS1-20180127190122
2018-01-27 19:02:06.692;RC;AS33-AS1-20180127190148
2018-01-27 19:02:07.777;SS;AS33-AS1-20180127190148
2018-01-27 19:02:15.149;RO;AS33-AS1-20180127190202
2018-01-27 19:02:16.341;SP;AS33-AS1-20180127190202
2018-01-27 19:02:19.524;SQ;AS33-AS1-20180127190219
2018-01-27 19:02:21.144;RC;AS33-AS1-20180127190202
2018-01-27 19:02:22.100;RU;AS33-AS1-20180127190148
2018-01-27 19:02:22.285;SS;AS33-AS1-20180127190202
2018-01-27 19:02:31.451;RO;AS33-AS1-20180127190219
2018-01-27 19:02:36.423;SP;AS33-AS1-20180127190219
2018-01-27 19:02:36.872;RU;AS33-AS1-20180127190202
2018-01-27 19:02:39.018;RC;AS33-AS1-20180127190219
2018-01-27 19:02:46.435;SS;AS33-AS1-20180127190219
2018-01-27 19:02:48.336;SQ;AS33-AS1-20180127190248
2018-01-27 19:02:48.774;VU;AS33-AS1-20180127190148
2018-01-27 19:02:48.774;VU;AS33-AS1-20180127190122
2018-01-27 19:02:48.774;VU;AS33-AS1-20180127190101
2018-01-27 19:02:49.448;VU;AS33-AS1-20180127190202
2018-01-27 19:02:56.597;RU;AS33-AS1-20180127190219
2018-01-27 19:02:58.308;RO;AS33-AS1-20180127190248
2018-01-27 19:02:59.927;SP;AS33-AS1-20180127190248
2018-01-27 19:03:02.228;SQ;AS33-AS1-20180127190302
2018-01-27 19:03:03.896;RC;AS33-AS1-20180127190248
2018-01-27 19:03:05.262;SS;AS33-AS1-20180127190248
2018-01-27 19:03:11.756;RO;AS33-AS1-20180127190302
2018-01-27 19:03:13.067;SP;AS33-AS1-20180127190302
2018-01-27 19:03:15.584;SQ;AS33-AS1-20180127190315
2018-01-27 19:03:19.131;RC;AS33-AS1-20180127190302
2018-01-27 19:03:19.630;RU;AS33-AS1-20180127190248
2018-01-27 19:03:20.435;SS;AS33-AS1-20180127190302
2018-01-27 19:03:28.150;RO;AS33-AS1-20180127190315
2018-01-27 19:03:30.470;SP;AS33-AS1-20180127190315
2018-01-27 19:03:35.878;SQ;AS33-AS1-20180127190335
2018-01-27 19:03:35.909;RC;AS33-AS1-20180127190315
2018-01-27 19:03:36.123;RU;AS33-AS1-20180127190302
2018-01-27 19:03:39.399;RO;AS33-AS1-20180127190335
2018-01-27 19:03:41.115;SS;AS33-AS1-20180127190315
2018-01-27 19:03:45.280;SP;AS33-AS1-20180127190335
2018-01-27 19:03:46.158;RC;AS33-AS1-20180127190335
2018-01-27 19:03:46.176;RU;AS33-AS1-20180127190315
2018-01-27 19:03:48.064;VU;AS33-AS1-20180127190302
2018-01-27 19:03:49.683;VU;AS33-AS1-20180127190219
2018-01-27 19:03:49.683;VU;AS33-AS1-20180127190248
2018-01-27 19:03:50.071;SS;AS33-AS1-20180127190335
2018-01-27 19:03:50.617;SQ;AS33-AS1-20180127190350
2018-01-27 19:04:02.232;RU;AS33-AS1-20180127190335
2018-01-27 19:04:05.105;RO;AS33-AS1-20180127190350
2018-01-27 19:04:07.063;SP;AS33-AS1-20180127190350
2018-01-27 19:04:10.549;SQ;AS33-AS1-20180127190410
2018-01-27 19:04:18.246;RC;AS33-AS1-20180127190350
2018-01-27 19:04:19.756;SS;AS33-AS1-20180127190350
2018-01-27 19:04:21.635;RO;AS33-AS1-20180127190410
2018-01-27 19:04:23.983;SP;AS33-AS1-20180127190410
2018-01-27 19:04:27.784;SQ;AS33-AS1-20180127190427
2018-01-27 19:04:29.340;RC;AS33-AS1-20180127190410
2018-01-27 19:04:31.364;SS;AS33-AS1-20180127190410
2018-01-27 19:04:31.556;RU;AS33-AS1-20180127190350
2018-01-27 19:04:36.323;RO;AS33-AS1-20180127190427
2018-01-27 19:04:38.991;RU;AS33-AS1-20180127190410
2018-01-27 19:04:43.079;SP;AS33-AS1-20180127190427
2018-01-27 19:04:43.722;RC;AS33-AS1-20180127190427
2018-01-27 19:04:46.318;VU;AS33-AS1-20180127190315
2018-01-27 19:04:47.293;VU;AS33-AS1-20180127190335
2018-01-27 19:04:48.009;SS;AS33-AS1-20180127190427
2018-01-27 19:04:48.641;VU;AS33-AS1-20180127190350
2018-01-27 19:04:49.465;SQ;AS33-AS1-20180127190449
2018-01-27 19:04:57.945;RO;AS33-AS1-20180127190449
2018-01-27 19:04:59.322;SP;AS33-AS1-20180127190449
2018-01-27 19:05:00.157;RU;AS33-AS1-20180127190427
2018-01-27 19:05:02.396;RC;AS33-AS1-20180127190449
2018-01-27 19:05:02.857;SQ;AS33-AS1-20180127190502
2018-01-27 19:05:03.723;SS;AS33-AS1-20180127190449
2018-01-27 19:05:15.651;RO;AS33-AS1-20180127190502
2018-01-27 19:05:17.338;RU;AS33-AS1-20180127190449
2018-01-27 19:05:18.182;SP;AS33-AS1-20180127190502
2018-01-27 19:05:23.665;SQ;AS33-AS1-20180127190523
2018-01-27 19:05:24.371;RC;AS33-AS1-20180127190502
2018-01-27 19:05:26.642;SS;AS33-AS1-20180127190502
2018-01-27 19:05:35.282;RO;AS33-AS1-20180127190523
2018-01-27 19:05:38.627;RU;AS33-AS1-20180127190502
2018-01-27 19:05:41.361;SP;AS33-AS1-20180127190523
2018-01-27 19:05:42.241;RC;AS33-AS1-20180127190523
2018-01-27 19:05:45.547;VU;AS33-AS1-20180127190427
2018-01-27 19:05:46.261;VU;AS33-AS1-20180127190449
2018-01-27 19:05:47.228;SS;AS33-AS1-20180127190523
2018-01-27 19:05:48.228;VU;AS33-AS1-20180127190410
2018-01-27 19:05:48.661;SQ;AS33-AS1-20180127190548
2018-01-27 19:05:57.445;RU;AS33-AS1-20180127190523
2018-01-27 19:05:58.301;RO;AS33-AS1-20180127190548
2018-01-27 19:05:59.838;SP;AS33-AS1-20180127190548
2018-01-27 19:06:03.188;RC;AS33-AS1-20180127190548
2018-01-27 19:06:03.752;SQ;AS33-AS1-20180127190603
2018-01-27 19:06:05.528;SS;AS33-AS1-20180127190548
2018-01-27 19:06:11.790;RO;AS33-AS1-20180127190603
2018-01-27 19:06:14.228;SP;AS33-AS1-20180127190603
2018-01-27 19:06:16.857;RU;AS33-AS1-20180127190548
2018-01-27 19:06:18.685;SQ;AS33-AS1-20180127190618
2018-01-27 19:06:19.556;RC;AS33-AS1-20180127190603
2018-01-27 19:06:21.806;SS;AS33-AS1-20180127190603
2018-01-27 19:06:25.943;RO;AS33-AS1-20180127190618
2018-01-27 19:06:28.225;SP;AS33-AS1-20180127190618
2018-01-27 19:06:32.064;RC;AS33-AS1-20180127190618
2018-01-27 19:06:33.012;RU;AS33-AS1-20180127190603
2018-01-27 19:06:36.517;SQ;AS33-AS1-20180127190636
2018-01-27 19:06:38.757;RO;AS33-AS1-20180127190636
2018-01-27 19:06:39.788;SS;AS33-AS1-20180127190618
2018-01-27 19:06:44.143;RU;AS33-AS1-20180127190618
2018-01-27 19:06:47.038;SP;AS33-AS1-20180127190636
2018-01-27 19:06:48.309;VU;AS33-AS1-20180127190502
2018-01-27 19:06:48.396;RC;AS33-AS1-20180127190636
2018-01-27 19:06:50.046;VU;AS33-AS1-20180127190603
2018-01-27 19:06:50.605;VU;AS33-AS1-20180127190548
2018-01-27 19:06:51.555;SS;AS33-AS1-20180127190636
2018-01-27 19:06:51.644;VU;AS33-AS1-20180127190523
2018-01-27 19:06:52.812;SQ;AS33-AS1-20180127190652
2018-01-27 19:07:01.045;RO;AS33-AS1-20180127190652
2018-01-27 19:07:02.898;SP;AS33-AS1-20180127190652
2018-01-27 19:07:03.203;RU;AS33-AS1-20180127190636
2018-01-27 19:07:05.977;RC;AS33-AS1-20180127190652
2018-01-27 19:07:06.424;SQ;AS33-AS1-20180127190706
2018-01-27 19:07:07.833;SS;AS33-AS1-20180127190652
2018-01-27 19:07:15.632;RO;AS33-AS1-20180127190706
2018-01-27 19:07:17.998;SP;AS33-AS1-20180127190706
2018-01-27 19:07:21.591;RU;AS33-AS1-20180127190652
2018-01-27 19:07:21.682;SQ;AS33-AS1-20180127190721
2018-01-27 19:07:27.941;RC;AS33-AS1-20180127190706
2018-01-27 19:07:28.940;RO;AS33-AS1-20180127190721
2018-01-27 19:07:31.087;SS;AS33-AS1-20180127190706
2018-01-27 19:07:32.386;SP;AS33-AS1-20180127190721
2018-01-27 19:07:34.799;RC;AS33-AS1-20180127190721
2018-01-27 19:07:38.205;RU;AS33-AS1-20180127190706
2018-01-27 19:07:43.026;SS;AS33-AS1-20180127190721
2018-01-27 19:07:46.992;SQ;AS33-AS1-20180127190746
2018-01-27 19:07:47.993;VU;AS33-AS1-20180127190618
2018-01-27 19:07:48.229;RU;AS33-AS1-20180127190721
2018-01-27 19:07:48.385;VU;AS33-AS1-20180127190636
2018-01-27 19:07:48.663;VU;AS33-AS1-20180127190652
2018-01-27 19:07:50.776;RO;AS33-AS1-20180127190746
2018-01-27 19:07:52.959;SP;AS33-AS1-20180127190746
2018-01-27 19:07:55.907;RC;AS33-AS1-20180127190746
2018-01-27 19:07:57.017;SQ;AS33-AS1-20180127190757
2018-01-27 19:07:58.456;SS;AS33-AS1-20180127190746
2018-01-27 19:08:02.187;RO;AS33-AS1-20180127190757
2018-01-27 19:08:04.241;SP;AS33-AS1-20180127190757
2018-01-27 19:08:06.619;RC;AS33-AS1-20180127190757
2018-01-27 19:08:06.776;RU;AS33-AS1-20180127190746
2018-01-27 19:08:09.515;SS;AS33-AS1-20180127190757
2018-01-27 19:08:15.619;RU;AS33-AS1-20180127190757
2018-01-27 19:08:47.221;VU;AS33-AS1-20180127190706
2018-01-27 19:08:47.591;VU;AS33-AS1-20180127190721
2018-01-27 19:08:48.212;VU;AS33-AS1-20180127190757
2018-01-27 19:08:48.459;VU;AS33-AS1-20180127190746
