2018-01-27 18:59:28.537;SQ;AS34-AS1-20180127185928
2018-01-27 18:59:35.501;RO;AS34-AS1-20180127185928
2018-01-27 18:59:36.394;SP;AS34-AS1-20180127185928
2018-01-27 18:59:38.061;SQ;AS34-AS1-20180127185938
2018-01-27 18:59:41.427;RC;AS34-AS1-20180127185928
2018-01-27 18:59:42.251;SS;AS34-AS1-20180127185928
2018-01-27 18:59:51.392;RO;AS34-AS1-20180127185938
2018-01-27 18:59:52.399;SP;AS34-AS1-20180127185938
2018-01-27 18:59:54.097;SQ;AS34-AS1-20180127185954
2018-01-27 18:59:59.825;RC;AS34-AS1-20180127185938
2018-01-27 19:00:00.037;RU;AS34-AS1-20180127185928
2018-01-27 19:00:01.293;SS;AS34-AS1-20180127185938
2018-01-27 19:00:11.055;RO;AS34-AS1-20180127185954
2018-01-27 19:00:12.215;SP;AS34-AS1-20180127185954
2018-01-27 19:00:14.640;SQ;AS34-AS1-20180127190014
2018-01-27 19:00:18.367;RC;AS34-AS1-20180127185954
2018-01-27 19:00:19.890;SS;AS34-AS1-20180127185954
2018-01-27 19:00:23.233;RU;AS34-AS1-20180127185938
2018-01-27 19:00:32.210;RO;AS34-AS1-20180127190014
2018-01-27 19:00:36.190;RU;AS34-AS1-20180127185954
2018-01-27 19:00:36.934;SP;AS34-AS1-20180127190014
2018-01-27 19:00:41.499;RC;AS34-AS1-20180127190014
2018-01-27 19:00:43.757;VU;AS34-AS1-20180127185954
2018-01-27 19:00:44.291;VU;AS34-AS1-20180127185928
2018-01-27 19:00:45.066;SS;AS34-AS1-20180127190014
2018-01-27 19:00:45.297;SQ;AS34-AS1-20180127190045
2018-01-27 19:00:45.719;VU;AS34-AS1-20180127185938
2018-01-27 19:00:56.096;RO;AS34-AS1-20180127190045
2018-01-27 19:00:57.138;SP;AS34-AS1-20180127190045
2018-01-27 19:00:58.813;SQ;AS34-AS1-20180127190058
2018-01-27 19:01:03.129;RC;AS34-AS1-20180127190045
2018-01-27 19:01:03.959;SS;AS34-AS1-20180127190045
2018-01-27 19:01:04.782;RU;AS34-AS1-20180127190014
2018-01-27 19:01:13.025;RO;AS34-AS1-20180127190058
2018-01-27 19:01:14.310;SP;AS34-AS1-20180127190058
2018-01-27 19:01:16.696;SQ;AS34-AS1-20180127190116
2018-01-27 19:01:19.491;RC;AS34-AS1-20180127190058
2018-01-27 19:01:19.602;RU;AS34-AS1-20180127190045
2018-01-27 19:01:21.277;SS;AS34-AS1-20180127190058
2018-01-27 19:01:30.846;RO;AS34-AS1-20180127190116
2018-01-27 19:01:35.640;SP;AS34-AS1-20180127190116
2018-01-27 19:01:36.022;RU;AS34-AS1-20180127190058
2018-01-27 19:01:39.914;RC;AS34-AS1-20180127190116
2018-01-27 19:01:45.751;VU;AS34-AS1-20180127190014
2018-01-27 19:01:45.967;SS;AS34-AS1-20180127190116
2018-01-27 19:01:46.279;SQ;AS34-AS1-20180127190146
2018-01-27 19:01:48.151;VU;AS34-AS1-20180127190058
2018-01-27 19:01:48.152;VU;AS34-AS1-20180127190045
2018-01-27 19:01:53.989;RO;AS34-AS1-20180127190146
2018-01-27 19:01:55.132;SP;AS34-AS1-20180127190146
2018-01-27 19:01:56.828;SQ;AS34-AS1-20180127190156
2018-01-27 19:01:57.574;RU;AS34-AS1-20180127190116
2018-01-27 19:02:01.073;RC;AS34-AS1-20180127190146
2018-01-27 19:02:02.497;SS;AS34-AS1-20180127190146
2018-01-27 19:02:09.067;RO;AS34-AS1-20180127190156
2018-01-27 19:02:11.062;SP;AS34-AS1-20180127190156
2018-01-27 19:02:13.396;SQ;AS34-AS1-20180127190213
2018-01-27 19:02:17.430;RC;AS34-AS1-20180127190156
2018-01-27 19:02:17.824;RU;AS34-AS1-20180127190146
2018-01-27 19:02:18.734;SS;AS34-AS1-20180127190156
2018-01-27 19:02:26.089;RO;AS34-AS1-20180127190213
2018-01-27 19:02:28.369;SP;AS34-AS1-20180127190213
2018-01-27 19:02:33.354;RU;AS34-AS1-20180127190156
2018-01-27 19:02:33.764;SQ;AS34-AS1-20180127190233
2018-01-27 19:02:34.526;RC;AS34-AS1-20180127190213
2018-01-27 19:02:39.898;RO;AS34-AS1-20180127190233
2018-01-27 19:02:40.169;SS;AS34-AS1-20180127190213
2018-01-27 19:02:44.964;RU;AS34-AS1-20180127190213
2018-01-27 19:02:46.352;SP;AS34-AS1-20180127190233
2018-01-27 19:02:47.081;VU;AS34-AS1-20180127190156
2018-01-27 19:02:47.411;RC;AS34-AS1-20180127190233
2018-01-27 19:02:48.899;VU;AS34-AS1-20180127190146
2018-01-27 19:02:50.307;SS;AS34-AS1-20180127190233
2018-01-27 19:02:50.308;VU;AS34-AS1-20180127190116
2018-01-27 19:02:51.465;SQ;AS34-AS1-20180127190251
2018-01-27 19:03:03.201;RO;AS34-AS1-20180127190251
2018-01-27 19:03:03.858;RU;AS34-AS1-20180127190233
2018-01-27 19:03:05.081;SP;AS34-AS1-20180127190251
2018-01-27 19:03:08.157;SQ;AS34-AS1-20180127190308
2018-01-27 19:03:10.028;RC;AS34-AS1-20180127190251
2018-01-27 19:03:11.486;SS;AS34-AS1-20180127190251
2018-01-27 19:03:20.189;RO;AS34-AS1-20180127190308
2018-01-27 19:03:21.514;SP;AS34-AS1-20180127190308
2018-01-27 19:03:24.932;SQ;AS34-AS1-20180127190324
2018-01-27 19:03:26.119;RU;AS34-AS1-20180127190251
2018-01-27 19:03:26.745;RC;AS34-AS1-20180127190308
2018-01-27 19:03:28.923;SS;AS34-AS1-20180127190308
2018-01-27 19:03:36.052;RO;AS34-AS1-20180127190324
2018-01-27 19:03:38.944;RU;AS34-AS1-20180127190308
2018-01-27 19:03:39.212;SP;AS34-AS1-20180127190324
2018-01-27 19:03:40.182;RC;AS34-AS1-20180127190324
2018-01-27 19:03:46.794;VU;AS34-AS1-20180127190213
2018-01-27 19:03:46.891;SS;AS34-AS1-20180127190324
2018-01-27 19:03:46.991;VU;AS34-AS1-20180127190233
2018-01-27 19:03:47.186;VU;AS34-AS1-20180127190251
2018-01-27 19:03:47.630;SQ;AS34-AS1-20180127190347
2018-01-27 19:03:57.517;RO;AS34-AS1-20180127190347
2018-01-27 19:03:58.026;RU;AS34-AS1-20180127190324
2018-01-27 19:03:59.134;SP;AS34-AS1-20180127190347
2018-01-27 19:04:03.207;SQ;AS34-AS1-20180127190403
2018-01-27 19:04:04.039;RC;AS34-AS1-20180127190347
2018-01-27 19:04:05.766;SS;AS34-AS1-20180127190347
2018-01-27 19:04:16.948;RO;AS34-AS1-20180127190403
2018-01-27 19:04:18.998;SP;AS34-AS1-20180127190403
2018-01-27 19:04:23.224;SQ;AS34-AS1-20180127190423
2018-01-27 19:04:24.171;RC;AS34-AS1-20180127190403
2018-01-27 19:04:26.213;SS;AS34-AS1-20180127190403
2018-01-27 19:04:26.892;RU;AS34-AS1-20180127190347
2018-01-27 19:04:33.366;RO;AS34-AS1-20180127190423
2018-01-27 19:04:37.796;RU;AS34-AS1-20180127190403
2018-01-27 19:04:40.034;SP;AS34-AS1-20180127190423
2018-01-27 19:04:40.734;RC;AS34-AS1-20180127190423
2018-01-27 19:04:46.234;VU;AS34-AS1-20180127190347
2018-01-27 19:04:46.770;VU;AS34-AS1-20180127190403
2018-01-27 19:04:47.182;SS;AS34-AS1-20180127190423
2018-01-27 19:04:47.551;VU;AS34-AS1-20180127190324
2018-01-27 19:04:48.167;SQ;AS34-AS1-20180127190448
2018-01-27 19:04:48.603;VU;AS34-AS1-20180127190308
2018-01-27 19:04:56.928;RO;AS34-AS1-20180127190448
2018-01-27 19:04:58.031;SP;AS34-AS1-20180127190448
2018-01-27 19:04:58.431;RU;AS34-AS1-20180127190423
2018-01-27 19:05:00.603;SQ;AS34-AS1-20180127190500
2018-01-27 19:05:00.867;RC;AS34-AS1-20180127190448
2018-01-27 19:05:02.222;SS;AS34-AS1-20180127190448
2018-01-27 19:05:07.550;RO;AS34-AS1-20180127190500
2018-01-27 19:05:08.992;SP;AS34-AS1-20180127190500
2018-01-27 19:05:11.533;SQ;AS34-AS1-20180127190511
2018-01-27 19:05:15.925;RU;AS34-AS1-20180127190448
2018-01-27 19:05:17.114;RC;AS34-AS1-20180127190500
2018-01-27 19:05:18.467;SS;AS34-AS1-20180127190500
2018-01-27 19:05:24.654;RO;AS34-AS1-20180127190511
2018-01-27 19:05:26.907;SP;AS34-AS1-20180127190511
2018-01-27 19:05:30.302;SQ;AS34-AS1-20180127190530
2018-01-27 19:05:31.916;RU;AS34-AS1-20180127190500
2018-01-27 19:05:32.340;RC;AS34-AS1-20180127190511
2018-01-27 19:05:37.764;SS;AS34-AS1-20180127190511
2018-01-27 19:05:39.262;RO;AS34-AS1-20180127190530
2018-01-27 19:05:44.106;RU;AS34-AS1-20180127190511
2018-01-27 19:05:45.052;SP;AS34-AS1-20180127190530
2018-01-27 19:05:45.834;RC;AS34-AS1-20180127190530
2018-01-27 19:05:46.053;VU;AS34-AS1-20180127190500
2018-01-27 19:05:48.183;VU;AS34-AS1-20180127190448
2018-01-27 19:05:48.184;VU;AS34-AS1-20180127190423
2018-01-27 19:05:48.732;SS;AS34-AS1-20180127190530
2018-01-27 19:05:49.787;SQ;AS34-AS1-20180127190549
2018-01-27 19:06:00.576;RO;AS34-AS1-20180127190549
2018-01-27 19:06:00.653;RU;AS34-AS1-20180127190530
2018-01-27 19:06:03.105;SP;AS34-AS1-20180127190549
2018-01-27 19:06:05.722;RC;AS34-AS1-20180127190549
2018-01-27 19:06:07.098;SQ;AS34-AS1-20180127190607
2018-01-27 19:06:08.138;SS;AS34-AS1-20180127190549
2018-01-27 19:06:17.998;RO;AS34-AS1-20180127190607
2018-01-27 19:06:20.061;RU;AS34-AS1-20180127190549
2018-01-27 19:06:20.289;SP;AS34-AS1-20180127190607
2018-01-27 19:06:24.768;RC;AS34-AS1-20180127190607
2018-01-27 19:06:25.842;SQ;AS34-AS1-20180127190625
2018-01-27 19:06:28.076;SS;AS34-AS1-20180127190607
2018-01-27 19:06:32.074;RO;AS34-AS1-20180127190625
2018-01-27 19:06:37.238;RU;AS34-AS1-20180127190607
2018-01-27 19:06:38.315;SP;AS34-AS1-20180127190625
2018-01-27 19:06:39.017;RC;AS34-AS1-20180127190625
2018-01-27 19:06:47.669;SS;AS34-AS1-20180127190625
2018-01-27 19:06:47.686;VU;AS34-AS1-20180127190607
2018-01-27 19:06:48.827;VU;AS34-AS1-20180127190530
2018-01-27 19:06:49.127;SQ;AS34-AS1-20180127190649
2018-01-27 19:06:49.219;VU;AS34-AS1-20180127190549
2018-01-27 19:06:49.813;VU;AS34-AS1-20180127190511
2018-01-27 19:06:52.918;RO;AS34-AS1-20180127190649
2018-01-27 19:06:53.978;SP;AS34-AS1-20180127190649
2018-01-27 19:06:55.684;SQ;AS34-AS1-20180127190655
2018-01-27 19:06:57.131;RU;AS34-AS1-20180127190625
2018-01-27 19:06:58.994;RC;AS34-AS1-20180127190649
2018-01-27 19:07:00.664;SS;AS34-AS1-20180127190649
2018-01-27 19:07:03.950;RO;AS34-AS1-20180127190655
2018-01-27 19:07:05.203;SP;AS34-AS1-20180127190655
2018-01-27 19:07:07.769;SQ;AS34-AS1-20180127190707
2018-01-27 19:07:09.528;RC;AS34-AS1-20180127190655
2018-01-27 19:07:10.596;SS;AS34-AS1-20180127190655
2018-01-27 19:07:12.701;RU;AS34-AS1-20180127190649
2018-01-27 19:07:16.545;RO;AS34-AS1-20180127190707
2018-01-27 19:07:18.795;SP;AS34-AS1-20180127190707
2018-01-27 19:07:22.069;RU;AS34-AS1-20180127190655
2018-01-27 19:07:22.707;SQ;AS34-AS1-20180127190722
2018-01-27 19:07:22.850;RC;AS34-AS1-20180127190707
2018-01-27 19:07:25.778;SS;AS34-AS1-20180127190707
2018-01-27 19:07:29.246;RO;AS34-AS1-20180127190722
2018-01-27 19:07:32.390;SP;AS34-AS1-20180127190722
2018-01-27 19:07:34.617;RC;AS34-AS1-20180127190722
2018-01-27 19:07:34.819;RU;AS34-AS1-20180127190707
2018-01-27 19:07:44.198;SS;AS34-AS1-20180127190722
2018-01-27 19:07:47.134;SQ;AS34-AS1-20180127190747
2018-01-27 19:07:47.826;VU;AS34-AS1-20180127190655
2018-01-27 19:07:48.799;VU;AS34-AS1-20180127190649
2018-01-27 19:07:49.567;VU;AS34-AS1-20180127190625
2018-01-27 19:07:49.651;VU;AS34-AS1-20180127190707
2018-01-27 19:07:50.568;RU;AS34-AS1-20180127190722
2018-01-27 19:07:50.840;RO;AS34-AS1-20180127190747
2018-01-27 19:07:52.271;SP;AS34-AS1-20180127190747
2018-01-27 19:07:54.575;RC;AS34-AS1-20180127190747
2018-01-27 19:07:55.063;SQ;AS34-AS1-20180127190755
2018-01-27 19:07:56.002;SS;AS34-AS1-20180127190747
2018-01-27 19:08:01.028;RO;AS34-AS1-20180127190755
2018-01-27 19:08:02.591;SP;AS34-AS1-20180127190755
2018-01-27 19:08:04.981;RC;AS34-AS1-20180127190755
2018-01-27 19:08:05.581;RU;AS34-AS1-20180127190747
2018-01-27 19:08:06.167;SS;AS34-AS1-20180127190755
2018-01-27 19:08:12.818;RU;AS34-AS1-20180127190755
2018-01-27 19:08:45.727;VU;AS34-AS1-20180127190722
2018-01-27 19:08:45.896;VU;AS34-AS1-20180127190747
2018-01-27 19:08:45.897;VU;AS34-AS1-20180127190755
