2018-01-27 18:59:29.687;SQ;AS35-AS1-20180127185929
2018-01-27 18:59:37.950;RO;AS35-AS1-20180127185929
2018-01-27 18:59:39.064;SP;AS35-AS1-20180127185929
2018-01-27 18:59:40.824;SQ;AS35-AS1-20180127185940
2018-01-27 18:59:45.936;RC;AS35-AS1-20180127185929
2018-01-27 18:59:46.807;SS;AS35-AS1-20180127185929
2018-01-27 18:59:54.225;RO;AS35-AS1-20180127185940
2018-01-27 18:59:55.193;SP;AS35-AS1-20180127185940
2018-01-27 18:59:56.923;SQ;AS35-AS1-20180127185956
2018-01-27 19:00:03.258;RC;AS35-AS1-20180127185940
2018-01-27 19:00:04.134;SS;AS35-AS1-20180127185940
2018-01-27 19:00:07.991;RU;AS35-AS1-20180127185929
2018-01-27 19:00:15.540;RO;AS35-AS1-20180127185956
2018-01-27 19:00:17.279;SP;AS35-AS1-20180127185956
2018-01-27 19:00:19.885;SQ;AS35-AS1-20180127190019
2018-01-27 19:00:23.099;RU;AS35-AS1-20180127185940
2018-01-27 19:00:26.316;RC;AS35-AS1-20180127185956
2018-01-27 19:00:27.982;SS;AS35-AS1-20180127185956
2018-01-27 19:00:33.087;RO;AS35-AS1-20180127190019
2018-01-27 19:00:37.424;SP;AS35-AS1-20180127190019
2018-01-27 19:00:41.600;RC;AS35-AS1-20180127190019
2018-01-27 19:00:42.727;RU;AS35-AS1-20180127185956
2018-01-27 19:00:43.935;VU;AS35-AS1-20180127185940
2018-01-27 19:00:45.310;SS;AS35-AS1-20180127190019
2018-01-27 19:00:45.950;VU;AS35-AS1-20180127185929
2018-01-27 19:00:45.984;SQ;AS35-AS1-20180127190045
2018-01-27 19:00:58.305;RO;AS35-AS1-20180127190045
2018-01-27 19:01:00.002;SP;AS35-AS1-20180127190045
2018-01-27 19:01:02.666;SQ;AS35-AS1-20180127190102
2018-01-27 19:01:04.972;RU;AS35-AS1-20180127190019
2018-01-27 19:01:07.404;RC;AS35-AS1-20180127190045
2018-01-27 19:01:09.773;SS;AS35-AS1-20180127190045
2018-01-27 19:01:17.957;RO;AS35-AS1-20180127190102
2018-01-27 19:01:20.409;SP;AS35-AS1-20180127190102
2018-01-27 19:01:24.590;SQ;AS35-AS1-20180127190124
2018-01-27 19:01:27.327;RC;AS35-AS1-20180127190102
2018-01-27 19:01:27.747;RU;AS35-AS1-20180127190045
2018-01-27 19:01:29.329;SS;AS35-AS1-20180127190102
2018-01-27 19:01:38.383;RO;AS35-AS1-20180127190124
2018-01-27 19:01:41.740;RU;AS35-AS1-20180127190102
2018-01-27 19:02:45.348;SP;AS35-AS1-20180127190124
2018-01-27 19:02:45.513;VU;AS35-AS1-20180127190045
2018-01-27 19:02:46.126;RC;AS35-AS1-20180127190124
2018-01-27 19:02:46.618;VU;AS35-AS1-20180127190019
2018-01-27 19:03:18.574;VU;AS35-AS1-20180127185956
2018-01-27 19:03:51.417;SS;AS35-AS1-20180127190124
2018-01-27 19:04:05.053;RU;AS35-AS1-20180127190124
2018-01-27 19:04:36.875;SQ;AS35-AS1-20180127190436
2018-01-27 19:04:39.533;RO;AS35-AS1-20180127190436
2018-01-27 19:05:03.874;SP;AS35-AS1-20180127190436
2018-01-27 19:05:05.474;VU;AS35-AS1-20180127190102
2018-01-27 19:05:09.576;RC;AS35-AS1-20180127190436
2018-01-27 19:05:19.809;SQ;AS35-AS1-20180127190519
2018-01-27 19:05:30.125;RO;AS35-AS1-20180127190519
2018-01-27 19:05:34.812;SS;AS35-AS1-20180127190436
2018-01-27 19:05:43.388;RU;AS35-AS1-20180127190436
2018-01-27 19:06:20.862;SP;AS35-AS1-20180127190519
2018-01-27 19:06:23.930;RC;AS35-AS1-20180127190519
2018-01-27 19:07:29.828;SS;AS35-AS1-20180127190519
2018-01-27 19:07:35.970;RU;AS35-AS1-20180127190519
2018-01-27 19:08:28.629;SQ;AS35-AS1-20180127190828
2018-01-27 19:08:29.980;RO;AS35-AS1-20180127190828
2018-01-27 19:09:40.232;SP;AS35-AS1-20180127190828
2018-01-27 19:09:40.884;RC;AS35-AS1-20180127190828
2018-01-27 19:09:42.768;VU;AS35-AS1-20180127190124
2018-01-27 19:10:59.706;SS;AS35-AS1-20180127190828
2018-01-27 19:11:04.169;RU;AS35-AS1-20180127190828
2018-01-27 19:12:15.180;SQ;AS35-AS1-20180127191215
2018-01-27 19:12:16.537;RO;AS35-AS1-20180127191215
2018-01-27 19:13:34.371;SP;AS35-AS1-20180127191215
2018-01-27 19:13:35.028;RC;AS35-AS1-20180127191215
2018-01-27 19:15:12.765;VU;AS35-AS1-20180127190436
2018-01-27 19:15:17.640;SS;AS35-AS1-20180127191215
2018-01-27 19:15:21.942;RU;AS35-AS1-20180127191215
2018-01-27 19:16:35.265;SQ;AS35-AS1-20180127191635
2018-01-27 19:16:36.528;RO;AS35-AS1-20180127191635
2018-01-27 19:18:00.436;SP;AS35-AS1-20180127191635
2018-01-27 19:18:01.087;VU;AS35-AS1-20180127190519
2018-01-27 19:18:01.088;RC;AS35-AS1-20180127191635
2018-01-27 19:19:16.494;SS;AS35-AS1-20180127191635
2018-01-27 19:19:20.834;RU;AS35-AS1-20180127191635
2018-01-27 19:20:33.704;SQ;AS35-AS1-20180127192033
2018-01-27 19:20:35.021;RO;AS35-AS1-20180127192033
2018-01-27 19:21:52.598;SP;AS35-AS1-20180127192033
2018-01-27 19:21:52.926;VU;AS35-AS1-20180127190828
2018-01-27 19:21:53.255;RC;AS35-AS1-20180127192033
2018-01-27 19:21:53.993;VU;AS35-AS1-20180127191215
2018-01-27 19:22:49.843;SS;AS35-AS1-20180127192033
2018-01-27 19:22:50.493;VU;AS35-AS1-20180127191635
2018-01-27 19:22:54.133;RU;AS35-AS1-20180127192033
2018-01-27 19:23:07.284;SQ;AS35-AS1-20180127192307
2018-01-27 19:23:08.683;RO;AS35-AS1-20180127192307
2018-01-27 19:23:27.560;SP;AS35-AS1-20180127192307
2018-01-27 19:23:28.218;RC;AS35-AS1-20180127192307
2018-01-27 19:24:03.768;SS;AS35-AS1-20180127192307
2018-01-27 19:24:08.079;RU;AS35-AS1-20180127192307
2018-01-27 19:24:14.189;VU;AS35-AS1-20180127192033
2018-01-27 19:24:24.978;SQ;AS35-AS1-20180127192424
2018-01-27 19:24:26.252;RO;AS35-AS1-20180127192424
2018-01-27 19:24:46.638;SP;AS35-AS1-20180127192424
2018-01-27 19:24:47.296;RC;AS35-AS1-20180127192424
2018-01-27 19:25:22.757;SS;AS35-AS1-20180127192424
2018-01-27 19:25:27.065;RU;AS35-AS1-20180127192424
2018-01-27 19:25:28.790;VU;AS35-AS1-20180127192307
2018-01-27 19:25:43.557;SQ;AS35-AS1-20180127192543
2018-01-27 19:25:44.866;RO;AS35-AS1-20180127192543
2018-01-27 19:26:04.350;SP;AS35-AS1-20180127192543
2018-01-27 19:26:05.007;RC;AS35-AS1-20180127192543
2018-01-27 19:26:40.791;SS;AS35-AS1-20180127192543
2018-01-27 19:26:45.151;RU;AS35-AS1-20180127192543
2018-01-27 19:26:45.764;VU;AS35-AS1-20180127192424
2018-01-27 19:26:59.789;SQ;AS35-AS1-20180127192659
2018-01-27 19:27:01.060;RO;AS35-AS1-20180127192659
2018-01-27 19:27:25.157;SP;AS35-AS1-20180127192659
2018-01-27 19:27:25.853;RC;AS35-AS1-20180127192659
2018-01-27 19:27:32.742;VU;AS35-AS1-20180127192543
2018-01-27 19:27:48.785;SS;AS35-AS1-20180127192659
2018-01-27 19:27:53.098;RU;AS35-AS1-20180127192659
2018-01-27 19:28:03.997;SQ;AS35-AS1-20180127192803
2018-01-27 19:28:05.271;RO;AS35-AS1-20180127192803
2018-01-27 19:28:30.076;SP;AS35-AS1-20180127192803
2018-01-27 19:28:30.732;RC;AS35-AS1-20180127192803
2018-01-27 19:28:41.993;VU;AS35-AS1-20180127192659
2018-01-27 19:28:55.186;SS;AS35-AS1-20180127192803
2018-01-27 19:28:59.531;RU;AS35-AS1-20180127192803
2018-01-27 19:29:11.415;SQ;AS35-AS1-20180127192911
2018-01-27 19:29:12.722;RO;AS35-AS1-20180127192911
2018-01-27 19:29:31.667;SP;AS35-AS1-20180127192911
2018-01-27 19:29:32.324;RC;AS35-AS1-20180127192911
2018-01-27 19:30:08.523;SS;AS35-AS1-20180127192911
2018-01-27 19:30:12.814;RU;AS35-AS1-20180127192911
2018-01-27 19:30:18.389;VU;AS35-AS1-20180127192803
2018-01-27 19:30:31.050;SQ;AS35-AS1-20180127193031
2018-01-27 19:30:32.325;RO;AS35-AS1-20180127193031
2018-01-27 19:30:51.888;SP;AS35-AS1-20180127193031
2018-01-27 19:30:52.544;RC;AS35-AS1-20180127193031
2018-01-27 19:31:26.994;SS;AS35-AS1-20180127193031
2018-01-27 19:31:30.883;VU;AS35-AS1-20180127192911
2018-01-27 19:31:31.333;RU;AS35-AS1-20180127193031
2018-01-27 19:31:44.731;SQ;AS35-AS1-20180127193144
2018-01-27 19:31:46.041;RO;AS35-AS1-20180127193144
2018-01-27 19:32:09.358;SP;AS35-AS1-20180127193144
2018-01-27 19:32:10.008;RC;AS35-AS1-20180127193144
2018-01-27 19:32:17.943;VU;AS35-AS1-20180127193031
2018-01-27 19:32:33.001;SS;AS35-AS1-20180127193144
2018-01-27 19:32:37.360;RU;AS35-AS1-20180127193144
2018-01-27 19:32:47.621;SQ;AS35-AS1-20180127193247
2018-01-27 19:32:48.934;RO;AS35-AS1-20180127193247
2018-01-27 19:33:07.649;SP;AS35-AS1-20180127193247
2018-01-27 19:33:08.384;RC;AS35-AS1-20180127193247
2018-01-27 19:33:26.423;VU;AS35-AS1-20180127193144
2018-01-27 19:33:37.396;SS;AS35-AS1-20180127193247
2018-01-27 19:33:41.701;RU;AS35-AS1-20180127193247
2018-01-27 19:33:51.775;SQ;AS35-AS1-20180127193351
2018-01-27 19:33:53.044;RO;AS35-AS1-20180127193351
2018-01-27 19:34:12.816;SP;AS35-AS1-20180127193351
2018-01-27 19:34:13.474;RC;AS35-AS1-20180127193351
2018-01-27 19:34:31.246;VU;AS35-AS1-20180127193247
2018-01-27 19:34:42.712;SS;AS35-AS1-20180127193351
2018-01-27 19:34:47.028;RU;AS35-AS1-20180127193351
2018-01-27 19:34:58.114;SQ;AS35-AS1-20180127193458
2018-01-27 19:34:59.388;RO;AS35-AS1-20180127193458
2018-01-27 19:35:19.012;SP;AS35-AS1-20180127193458
2018-01-27 19:35:19.667;RC;AS35-AS1-20180127193458
2018-01-27 19:35:54.389;SS;AS35-AS1-20180127193458
2018-01-27 19:35:58.709;RU;AS35-AS1-20180127193458
2018-01-27 19:36:02.370;VU;AS35-AS1-20180127193351
2018-01-27 19:36:16.390;SQ;AS35-AS1-20180127193616
2018-01-27 19:36:17.698;RO;AS35-AS1-20180127193616
2018-01-27 19:36:37.426;SP;AS35-AS1-20180127193616
2018-01-27 19:36:38.201;RC;AS35-AS1-20180127193616
2018-01-27 19:37:13.317;SS;AS35-AS1-20180127193616
2018-01-27 19:37:14.789;VU;AS35-AS1-20180127193458
2018-01-27 19:37:17.653;RU;AS35-AS1-20180127193616
2018-01-27 19:37:26.823;SQ;AS35-AS1-20180127193726
2018-01-27 19:37:28.137;RO;AS35-AS1-20180127193726
2018-01-27 19:37:47.572;SP;AS35-AS1-20180127193726
2018-01-27 19:37:48.354;RC;AS35-AS1-20180127193726
2018-01-27 19:38:06.033;VU;AS35-AS1-20180127193616
2018-01-27 19:38:16.901;SS;AS35-AS1-20180127193726
2018-01-27 19:38:21.215;RU;AS35-AS1-20180127193726
2018-01-27 19:38:31.749;SQ;AS35-AS1-20180127193831
2018-01-27 19:38:33.105;RO;AS35-AS1-20180127193831
2018-01-27 19:38:51.990;SP;AS35-AS1-20180127193831
2018-01-27 19:38:52.691;RC;AS35-AS1-20180127193831
2018-01-27 19:39:09.022;VU;AS35-AS1-20180127193726
2018-01-27 19:39:20.413;SS;AS35-AS1-20180127193831
2018-01-27 19:39:24.771;RU;AS35-AS1-20180127193831
2018-01-27 19:39:35.088;SQ;AS35-AS1-20180127193935
2018-01-27 19:39:36.362;RO;AS35-AS1-20180127193935
2018-01-27 19:39:55.449;SP;AS35-AS1-20180127193935
2018-01-27 19:39:56.146;RC;AS35-AS1-20180127193935
2018-01-27 19:40:30.770;SS;AS35-AS1-20180127193935
2018-01-27 19:40:35.136;RU;AS35-AS1-20180127193935
2018-01-27 19:40:45.239;VU;AS35-AS1-20180127193831
2018-01-27 19:40:52.928;SQ;AS35-AS1-20180127194052
2018-01-27 19:40:54.239;RO;AS35-AS1-20180127194052
2018-01-27 19:41:13.004;SP;AS35-AS1-20180127194052
2018-01-27 19:41:13.701;RC;AS35-AS1-20180127194052
2018-01-27 19:41:47.946;SS;AS35-AS1-20180127194052
2018-01-27 19:41:52.341;RU;AS35-AS1-20180127194052
2018-01-27 19:41:54.236;VU;AS35-AS1-20180127193935
2018-01-27 19:42:07.750;SQ;AS35-AS1-20180127194207
2018-01-27 19:42:09.057;RO;AS35-AS1-20180127194207
2018-01-27 19:42:27.458;SP;AS35-AS1-20180127194207
2018-01-27 19:42:28.116;RC;AS35-AS1-20180127194207
2018-01-27 19:42:48.226;SS;AS35-AS1-20180127194207
2018-01-27 19:42:52.544;RU;AS35-AS1-20180127194207
2018-01-27 19:42:55.955;VU;AS35-AS1-20180127194052
2018-01-27 19:44:01.506;VU;AS35-AS1-20180127194207
