2018-01-27 18:59:28.691;SQ;AS36-AS1-20180127185928
2018-01-27 18:59:36.068;RO;AS36-AS1-20180127185928
2018-01-27 18:59:37.053;SP;AS36-AS1-20180127185928
2018-01-27 18:59:38.728;SQ;AS36-AS1-20180127185938
2018-01-27 18:59:42.404;RC;AS36-AS1-20180127185928
2018-01-27 18:59:43.251;SS;AS36-AS1-20180127185928
2018-01-27 18:59:52.890;RO;AS36-AS1-20180127185938
2018-01-27 18:59:54.060;SP;AS36-AS1-20180127185938
2018-01-27 18:59:55.714;SQ;AS36-AS1-20180127185955
2018-01-27 19:00:00.316;RC;AS36-AS1-20180127185938
2018-01-27 19:00:01.118;SS;AS36-AS1-20180127185938
2018-01-27 19:00:01.704;RU;AS36-AS1-20180127185928
2018-01-27 19:00:22.224;RU;AS36-AS1-20180127185938
2018-01-27 19:00:22.299;RO;AS36-AS1-20180127185955
2018-01-27 19:00:24.578;SP;AS36-AS1-20180127185955
2018-01-27 19:00:28.338;SQ;AS36-AS1-20180127190028
2018-01-27 19:00:33.081;RC;AS36-AS1-20180127185955
2018-01-27 19:00:37.692;SS;AS36-AS1-20180127185955
2018-01-27 19:00:38.532;RO;AS36-AS1-20180127190028
2018-01-27 19:00:42.814;SP;AS36-AS1-20180127190028
2018-01-27 19:00:43.639;VU;AS36-AS1-20180127185938
2018-01-27 19:00:44.383;VU;AS36-AS1-20180127185928
2018-01-27 19:00:44.743;SQ;AS36-AS1-20180127190044
2018-01-27 19:00:53.195;RU;AS36-AS1-20180127185955
2018-01-27 19:00:53.483;RC;AS36-AS1-20180127190028
2018-01-27 19:00:54.874;SS;AS36-AS1-20180127190028
2018-01-27 19:00:57.154;RO;AS36-AS1-20180127190044
2018-01-27 19:00:58.923;SP;AS36-AS1-20180127190044
2018-01-27 19:01:01.131;SQ;AS36-AS1-20180127190101
2018-01-27 19:01:06.926;RC;AS36-AS1-20180127190044
2018-01-27 19:01:07.766;SS;AS36-AS1-20180127190044
2018-01-27 19:01:12.785;RU;AS36-AS1-20180127190028
2018-01-27 19:01:14.016;RO;AS36-AS1-20180127190101
2018-01-27 19:01:15.697;SP;AS36-AS1-20180127190101
2018-01-27 19:01:19.772;SQ;AS36-AS1-20180127190119
2018-01-27 19:01:21.236;RC;AS36-AS1-20180127190101
2018-01-27 19:01:23.425;SS;AS36-AS1-20180127190101
2018-01-27 19:01:26.629;RU;AS36-AS1-20180127190044
2018-01-27 19:01:33.348;RO;AS36-AS1-20180127190119
2018-01-27 19:01:39.741;RU;AS36-AS1-20180127190101
2018-01-27 19:01:39.835;SP;AS36-AS1-20180127190119
2018-01-27 19:01:41.861;RC;AS36-AS1-20180127190119
2018-01-27 19:01:46.065;VU;AS36-AS1-20180127190044
2018-01-27 19:01:47.669;SS;AS36-AS1-20180127190119
2018-01-27 19:01:47.825;VU;AS36-AS1-20180127190028
2018-01-27 19:01:48.590;SQ;AS36-AS1-20180127190148
2018-01-27 19:01:48.671;VU;AS36-AS1-20180127185955
2018-01-27 19:02:00.110;RO;AS36-AS1-20180127190148
2018-01-27 19:02:00.389;RU;AS36-AS1-20180127190119
2018-01-27 19:02:02.634;SP;AS36-AS1-20180127190148
2018-01-27 19:02:06.490;SQ;AS36-AS1-20180127190206
2018-01-27 19:02:08.902;RC;AS36-AS1-20180127190148
2018-01-27 19:02:10.759;SS;AS36-AS1-20180127190148
2018-01-27 19:02:17.487;RO;AS36-AS1-20180127190206
2018-01-27 19:02:19.233;SP;AS36-AS1-20180127190206
2018-01-27 19:02:23.327;SQ;AS36-AS1-20180127190223
2018-01-27 19:02:24.842;RU;AS36-AS1-20180127190148
2018-01-27 19:02:26.528;RC;AS36-AS1-20180127190206
2018-01-27 19:02:28.721;SS;AS36-AS1-20180127190206
2018-01-27 19:02:33.368;RO;AS36-AS1-20180127190223
2018-01-27 19:02:38.382;SP;AS36-AS1-20180127190223
2018-01-27 19:02:39.865;RU;AS36-AS1-20180127190206
2018-01-27 19:02:40.183;RC;AS36-AS1-20180127190223
2018-01-27 19:02:46.428;VU;AS36-AS1-20180127190119
2018-01-27 19:02:47.001;VU;AS36-AS1-20180127190148
2018-01-27 19:02:47.278;SS;AS36-AS1-20180127190223
2018-01-27 19:02:47.658;VU;AS36-AS1-20180127190101
2018-01-27 19:02:47.864;SQ;AS36-AS1-20180127190247
2018-01-27 19:02:56.803;RO;AS36-AS1-20180127190247
2018-01-27 19:02:57.665;RU;AS36-AS1-20180127190223
2018-01-27 19:02:58.077;SP;AS36-AS1-20180127190247
2018-01-27 19:03:01.467;SQ;AS36-AS1-20180127190301
2018-01-27 19:03:03.459;RC;AS36-AS1-20180127190247
2018-01-27 19:03:05.278;SS;AS36-AS1-20180127190247
2018-01-27 19:03:11.387;RO;AS36-AS1-20180127190301
2018-01-27 19:03:12.633;SP;AS36-AS1-20180127190301
2018-01-27 19:03:15.947;SQ;AS36-AS1-20180127190315
2018-01-27 19:03:18.373;RC;AS36-AS1-20180127190301
2018-01-27 19:03:19.764;RU;AS36-AS1-20180127190247
2018-01-27 19:03:21.052;SS;AS36-AS1-20180127190301
2018-01-27 19:03:28.595;RO;AS36-AS1-20180127190315
2018-01-27 19:03:31.785;SP;AS36-AS1-20180127190315
2018-01-27 19:03:35.427;RU;AS36-AS1-20180127190301
2018-01-27 19:03:36.277;RC;AS36-AS1-20180127190315
2018-01-27 19:03:45.527;SS;AS36-AS1-20180127190315
2018-01-27 19:03:46.206;SQ;AS36-AS1-20180127190346
2018-01-27 19:03:46.528;VU;AS36-AS1-20180127190301
2018-01-27 19:03:46.528;VU;AS36-AS1-20180127190223
2018-01-27 19:03:47.494;VU;AS36-AS1-20180127190247
2018-01-27 19:03:47.671;VU;AS36-AS1-20180127190206
2018-01-27 19:03:50.916;RO;AS36-AS1-20180127190346
2018-01-27 19:03:52.072;SP;AS36-AS1-20180127190346
2018-01-27 19:03:53.742;SQ;AS36-AS1-20180127190353
2018-01-27 19:03:55.126;RU;AS36-AS1-20180127190315
2018-01-27 19:03:58.237;RC;AS36-AS1-20180127190346
2018-01-27 19:03:59.301;SS;AS36-AS1-20180127190346
2018-01-27 19:04:04.586;RO;AS36-AS1-20180127190353
2018-01-27 19:04:06.265;SP;AS36-AS1-20180127190353
2018-01-27 19:04:08.820;SQ;AS36-AS1-20180127190408
2018-01-27 19:04:11.788;RC;AS36-AS1-20180127190353
2018-01-27 19:04:13.262;RU;AS36-AS1-20180127190346
2018-01-27 19:04:13.287;SS;AS36-AS1-20180127190353
2018-01-27 19:04:20.204;RO;AS36-AS1-20180127190408
2018-01-27 19:04:22.117;SP;AS36-AS1-20180127190408
2018-01-27 19:04:25.787;RU;AS36-AS1-20180127190353
2018-01-27 19:04:26.268;SQ;AS36-AS1-20180127190426
2018-01-27 19:04:27.501;RC;AS36-AS1-20180127190408
2018-01-27 19:04:29.920;SS;AS36-AS1-20180127190408
2018-01-27 19:04:34.323;RO;AS36-AS1-20180127190426
2018-01-27 19:04:38.534;RU;AS36-AS1-20180127190408
2018-01-27 19:04:40.581;SP;AS36-AS1-20180127190426
2018-01-27 19:04:41.301;RC;AS36-AS1-20180127190426
2018-01-27 19:04:45.999;VU;AS36-AS1-20180127190315
2018-01-27 19:04:46.801;VU;AS36-AS1-20180127190353
2018-01-27 19:04:47.119;SS;AS36-AS1-20180127190426
2018-01-27 19:04:47.687;VU;AS36-AS1-20180127190346
2018-01-27 19:04:48.624;SQ;AS36-AS1-20180127190448
2018-01-27 19:04:57.947;RU;AS36-AS1-20180127190426
2018-01-27 19:04:59.243;RO;AS36-AS1-20180127190448
2018-01-27 19:05:01.480;SP;AS36-AS1-20180127190448
2018-01-27 19:05:05.360;SQ;AS36-AS1-20180127190505
2018-01-27 19:05:05.596;RC;AS36-AS1-20180127190448
2018-01-27 19:05:07.505;SS;AS36-AS1-20180127190448
2018-01-27 19:05:17.529;RO;AS36-AS1-20180127190505
2018-01-27 19:05:19.599;SP;AS36-AS1-20180127190505
2018-01-27 19:05:22.925;RU;AS36-AS1-20180127190448
2018-01-27 19:05:23.825;SQ;AS36-AS1-20180127190523
2018-01-27 19:05:26.237;RC;AS36-AS1-20180127190505
2018-01-27 19:05:29.278;SS;AS36-AS1-20180127190505
2018-01-27 19:05:38.311;RO;AS36-AS1-20180127190523
2018-01-27 19:05:39.801;RU;AS36-AS1-20180127190505
2018-01-27 19:05:45.252;SP;AS36-AS1-20180127190523
2018-01-27 19:05:45.750;VU;AS36-AS1-20180127190448
2018-01-27 19:05:46.039;RC;AS36-AS1-20180127190523
2018-01-27 19:05:46.756;VU;AS36-AS1-20180127190426
2018-01-27 19:05:47.795;VU;AS36-AS1-20180127190408
2018-01-27 19:05:48.449;SS;AS36-AS1-20180127190523
2018-01-27 19:05:49.586;SQ;AS36-AS1-20180127190549
2018-01-27 19:05:59.629;RO;AS36-AS1-20180127190549
2018-01-27 19:06:00.067;RU;AS36-AS1-20180127190523
2018-01-27 19:06:02.273;SP;AS36-AS1-20180127190549
2018-01-27 19:06:05.751;RC;AS36-AS1-20180127190549
2018-01-27 19:06:06.025;SQ;AS36-AS1-20180127190606
2018-01-27 19:06:07.928;SS;AS36-AS1-20180127190549
2018-01-27 19:06:15.186;RO;AS36-AS1-20180127190606
2018-01-27 19:06:17.500;SP;AS36-AS1-20180127190606
2018-01-27 19:06:20.720;RU;AS36-AS1-20180127190549
2018-01-27 19:06:21.471;SQ;AS36-AS1-20180127190621
2018-01-27 19:06:21.980;RC;AS36-AS1-20180127190606
2018-01-27 19:06:24.547;SS;AS36-AS1-20180127190606
2018-01-27 19:06:28.028;RO;AS36-AS1-20180127190621
2018-01-27 19:06:31.080;SP;AS36-AS1-20180127190621
2018-01-27 19:06:34.911;RU;AS36-AS1-20180127190606
2018-01-27 19:06:35.556;RC;AS36-AS1-20180127190621
2018-01-27 19:06:44.798;SS;AS36-AS1-20180127190621
2018-01-27 19:06:44.799;SQ;AS36-AS1-20180127190644
2018-01-27 19:06:46.223;RO;AS36-AS1-20180127190644
2018-01-27 19:06:48.634;VU;AS36-AS1-20180127190523
2018-01-27 19:06:49.809;SP;AS36-AS1-20180127190644
2018-01-27 19:06:50.073;VU;AS36-AS1-20180127190549
2018-01-27 19:06:50.363;VU;AS36-AS1-20180127190606
2018-01-27 19:06:50.574;RU;AS36-AS1-20180127190621
2018-01-27 19:06:50.810;VU;AS36-AS1-20180127190505
2018-01-27 19:06:51.950;RC;AS36-AS1-20180127190644
2018-01-27 19:06:52.486;SQ;AS36-AS1-20180127190652
2018-01-27 19:06:53.118;SS;AS36-AS1-20180127190644
2018-01-27 19:07:00.559;RO;AS36-AS1-20180127190652
2018-01-27 19:07:02.341;SP;AS36-AS1-20180127190652
2018-01-27 19:07:04.845;SQ;AS36-AS1-20180127190704
2018-01-27 19:07:04.967;RU;AS36-AS1-20180127190644
2018-01-27 19:07:05.640;RC;AS36-AS1-20180127190652
2018-01-27 19:07:08.014;SS;AS36-AS1-20180127190652
2018-01-27 19:07:13.768;RO;AS36-AS1-20180127190704
2018-01-27 19:07:18.264;RU;AS36-AS1-20180127190652
2018-01-27 19:07:30.005;SP;AS36-AS1-20180127190704
2018-01-27 19:07:32.350;RC;AS36-AS1-20180127190704
2018-01-27 19:09:02.659;SS;AS36-AS1-20180127190704
2018-01-27 19:09:06.973;RU;AS36-AS1-20180127190704
2018-01-27 19:10:04.545;SQ;AS36-AS1-20180127191004
2018-01-27 19:10:04.785;VU;AS36-AS1-20180127190652
2018-01-27 19:10:05.362;VU;AS36-AS1-20180127190644
2018-01-27 19:10:05.831;RO;AS36-AS1-20180127191004
2018-01-27 19:10:06.333;VU;AS36-AS1-20180127190621
2018-01-27 19:10:09.372;SP;AS36-AS1-20180127191004
2018-01-27 19:10:10.012;RC;AS36-AS1-20180127191004
2018-01-27 19:10:16.664;SS;AS36-AS1-20180127191004
2018-01-27 19:10:18.967;SQ;AS36-AS1-20180127191018
2018-01-27 19:10:20.260;RO;AS36-AS1-20180127191018
2018-01-27 19:10:20.946;RU;AS36-AS1-20180127191004
2018-01-27 19:10:23.845;VU;AS36-AS1-20180127190704
2018-01-27 19:10:35.263;SP;AS36-AS1-20180127191018
2018-01-27 19:10:35.961;RC;AS36-AS1-20180127191018
2018-01-27 19:11:10.372;SS;AS36-AS1-20180127191018
2018-01-27 19:11:14.669;RU;AS36-AS1-20180127191018
2018-01-27 19:11:16.059;VU;AS36-AS1-20180127191004
2018-01-27 19:11:28.483;SQ;AS36-AS1-20180127191128
2018-01-27 19:11:29.759;RO;AS36-AS1-20180127191128
2018-01-27 19:11:52.009;SP;AS36-AS1-20180127191128
2018-01-27 19:11:52.666;RC;AS36-AS1-20180127191128
2018-01-27 19:12:02.393;VU;AS36-AS1-20180127191018
2018-01-27 19:12:16.366;SS;AS36-AS1-20180127191128
2018-01-27 19:12:20.710;RU;AS36-AS1-20180127191128
2018-01-27 19:12:30.012;SQ;AS36-AS1-20180127191230
2018-01-27 19:12:31.359;RO;AS36-AS1-20180127191230
2018-01-27 19:12:50.593;SP;AS36-AS1-20180127191230
2018-01-27 19:12:51.250;RC;AS36-AS1-20180127191230
2018-01-27 19:13:09.486;SS;AS36-AS1-20180127191230
2018-01-27 19:13:13.789;RU;AS36-AS1-20180127191230
2018-01-27 19:13:36.794;VU;AS36-AS1-20180127191230
2018-01-27 19:13:39.268;VU;AS36-AS1-20180127191128
