2018-01-27 18:59:28.422;SQ;AS37-AS1-20180127185928
2018-01-27 18:59:36.265;RO;AS37-AS1-20180127185928
2018-01-27 18:59:37.293;SP;AS37-AS1-20180127185928
2018-01-27 18:59:38.949;SQ;AS37-AS1-20180127185938
2018-01-27 18:59:43.411;RC;AS37-AS1-20180127185928
2018-01-27 18:59:44.254;SS;AS37-AS1-20180127185928
2018-01-27 18:59:53.268;RO;AS37-AS1-20180127185938
2018-01-27 18:59:54.304;SP;AS37-AS1-20180127185938
2018-01-27 18:59:55.954;SQ;AS37-AS1-20180127185955
2018-01-27 19:00:01.692;RC;AS37-AS1-20180127185938
2018-01-27 19:00:02.525;SS;AS37-AS1-20180127185938
2018-01-27 19:00:04.895;RU;AS37-AS1-20180127185928
2018-01-27 19:00:15.279;RO;AS37-AS1-20180127185955
2018-01-27 19:00:16.717;SP;AS37-AS1-20180127185955
2018-01-27 19:00:19.115;SQ;AS37-AS1-20180127190019
2018-01-27 19:00:22.510;RU;AS37-AS1-20180127185938
2018-01-27 19:00:24.414;RC;AS37-AS1-20180127185955
2018-01-27 19:00:25.344;SS;AS37-AS1-20180127185955
2018-01-27 19:00:39.134;RO;AS37-AS1-20180127190019
2018-01-27 19:00:39.720;RU;AS37-AS1-20180127185955
2018-01-27 19:00:42.808;SP;AS37-AS1-20180127190019
2018-01-27 19:00:43.398;VU;AS37-AS1-20180127185928
2018-01-27 19:00:43.538;VU;AS37-AS1-20180127185938
2018-01-27 19:00:45.132;SQ;AS37-AS1-20180127190045
2018-01-27 19:00:45.497;RC;AS37-AS1-20180127190019
2018-01-27 19:00:46.349;SS;AS37-AS1-20180127190019
2018-01-27 19:00:58.507;RO;AS37-AS1-20180127190045
2018-01-27 19:00:59.688;SP;AS37-AS1-20180127190045
2018-01-27 19:01:02.083;SQ;AS37-AS1-20180127190102
2018-01-27 19:01:02.867;RU;AS37-AS1-20180127190019
2018-01-27 19:01:17.308;RC;AS37-AS1-20180127190045
2018-01-27 19:01:17.656;RO;AS37-AS1-20180127190102
2018-01-27 19:01:19.600;SS;AS37-AS1-20180127190045
2018-01-27 19:01:20.666;SP;AS37-AS1-20180127190102
2018-01-27 19:01:24.404;SQ;AS37-AS1-20180127190124
2018-01-27 19:01:27.901;RC;AS37-AS1-20180127190102
2018-01-27 19:01:29.947;SS;AS37-AS1-20180127190102
2018-01-27 19:01:36.163;RU;AS37-AS1-20180127190045
2018-01-27 19:01:38.241;RO;AS37-AS1-20180127190124
2018-01-27 19:01:42.642;RU;AS37-AS1-20180127190102
2018-01-27 19:01:44.780;SP;AS37-AS1-20180127190124
2018-01-27 19:01:45.782;VU;AS37-AS1-20180127185955
2018-01-27 19:01:47.626;VU;AS37-AS1-20180127190045
2018-01-27 19:01:47.803;VU;AS37-AS1-20180127190019
2018-01-27 19:01:48.283;SQ;AS37-AS1-20180127190148
2018-01-27 19:01:48.351;RC;AS37-AS1-20180127190124
2018-01-27 19:01:49.815;SS;AS37-AS1-20180127190124
2018-01-27 19:01:58.616;RO;AS37-AS1-20180127190148
2018-01-27 19:01:59.623;SP;AS37-AS1-20180127190148
2018-01-27 19:02:02.131;SQ;AS37-AS1-20180127190202
2018-01-27 19:02:03.770;RC;AS37-AS1-20180127190148
2018-01-27 19:02:04.986;SS;AS37-AS1-20180127190148
2018-01-27 19:02:05.428;RU;AS37-AS1-20180127190124
2018-01-27 19:02:13.906;RO;AS37-AS1-20180127190202
2018-01-27 19:02:16.067;SP;AS37-AS1-20180127190202
2018-01-27 19:02:19.160;RU;AS37-AS1-20180127190148
2018-01-27 19:02:20.129;SQ;AS37-AS1-20180127190220
2018-01-27 19:02:20.518;RC;AS37-AS1-20180127190202
2018-01-27 19:02:23.219;SS;AS37-AS1-20180127190202
2018-01-27 19:02:36.823;RO;AS37-AS1-20180127190220
2018-01-27 19:02:36.875;RU;AS37-AS1-20180127190202
2018-01-27 19:02:45.678;SP;AS37-AS1-20180127190220
2018-01-27 19:02:46.482;RC;AS37-AS1-20180127190220
2018-01-27 19:02:46.643;VU;AS37-AS1-20180127190102
2018-01-27 19:02:46.690;VU;AS37-AS1-20180127190148
2018-01-27 19:02:46.691;VU;AS37-AS1-20180127190124
2018-01-27 19:02:46.691;VU;AS37-AS1-20180127190202
2018-01-27 19:02:48.200;SQ;AS37-AS1-20180127190248
2018-01-27 19:02:48.202;SS;AS37-AS1-20180127190220
2018-01-27 19:02:59.020;RO;AS37-AS1-20180127190248
2018-01-27 19:03:00.050;SP;AS37-AS1-20180127190248
2018-01-27 19:03:00.511;RU;AS37-AS1-20180127190220
2018-01-27 19:03:02.606;SQ;AS37-AS1-20180127190302
2018-01-27 19:03:04.494;RC;AS37-AS1-20180127190248
2018-01-27 19:03:05.525;SS;AS37-AS1-20180127190248
2018-01-27 19:03:12.080;RO;AS37-AS1-20180127190302
2018-01-27 19:03:13.221;SP;AS37-AS1-20180127190302
2018-01-27 19:03:15.702;SQ;AS37-AS1-20180127190315
2018-01-27 19:03:19.071;RC;AS37-AS1-20180127190302
2018-01-27 19:03:20.567;SS;AS37-AS1-20180127190302
2018-01-27 19:03:21.208;RU;AS37-AS1-20180127190248
2018-01-27 19:03:28.930;RO;AS37-AS1-20180127190315
2018-01-27 19:03:30.847;SP;AS37-AS1-20180127190315
2018-01-27 19:03:35.070;RC;AS37-AS1-20180127190315
2018-01-27 19:03:35.431;RU;AS37-AS1-20180127190302
2018-01-27 19:03:42.051;SQ;AS37-AS1-20180127190342
2018-01-27 19:03:42.652;SS;AS37-AS1-20180127190315
2018-01-27 19:03:44.324;RO;AS37-AS1-20180127190342
2018-01-27 19:03:47.128;VU;AS37-AS1-20180127190220
2018-01-27 19:03:47.767;SP;AS37-AS1-20180127190342
2018-01-27 19:03:48.361;VU;AS37-AS1-20180127190302
2018-01-27 19:03:48.501;RU;AS37-AS1-20180127190315
2018-01-27 19:03:48.894;VU;AS37-AS1-20180127190248
2018-01-27 19:03:50.334;SQ;AS37-AS1-20180127190350
2018-01-27 19:03:50.995;RC;AS37-AS1-20180127190342
2018-01-27 19:03:52.500;SS;AS37-AS1-20180127190342
2018-01-27 19:04:01.580;RO;AS37-AS1-20180127190350
2018-01-27 19:04:02.676;SP;AS37-AS1-20180127190350
2018-01-27 19:04:05.205;SQ;AS37-AS1-20180127190405
2018-01-27 19:04:05.473;RU;AS37-AS1-20180127190342
2018-01-27 19:04:07.288;RC;AS37-AS1-20180127190350
2018-01-27 19:04:08.239;SS;AS37-AS1-20180127190350
2018-01-27 19:04:14.679;RO;AS37-AS1-20180127190405
2018-01-27 19:04:16.629;SP;AS37-AS1-20180127190405
2018-01-27 19:04:22.124;RU;AS37-AS1-20180127190350
2018-01-27 19:04:22.494;RC;AS37-AS1-20180127190405
2018-01-27 19:04:50.140;SQ;AS37-AS1-20180127190450
2018-01-27 19:04:59.746;RO;AS37-AS1-20180127190450
2018-01-27 19:05:06.868;SS;AS37-AS1-20180127190405
2018-01-27 19:05:10.355;SP;AS37-AS1-20180127190450
2018-01-27 19:05:17.550;RC;AS37-AS1-20180127190450
2018-01-27 19:05:17.993;VU;AS37-AS1-20180127190342
2018-01-27 19:05:18.756;SQ;AS37-AS1-20180127190518
2018-01-27 19:05:19.203;VU;AS37-AS1-20180127190350
2018-01-27 19:05:19.283;SS;AS37-AS1-20180127190450
2018-01-27 19:05:19.498;VU;AS37-AS1-20180127190315
2018-01-27 19:05:22.919;RU;AS37-AS1-20180127190405
2018-01-27 19:05:30.776;RO;AS37-AS1-20180127190518
2018-01-27 19:05:32.693;SP;AS37-AS1-20180127190518
2018-01-27 19:05:33.195;RU;AS37-AS1-20180127190450
2018-01-27 19:05:37.425;RC;AS37-AS1-20180127190518
2018-01-27 19:06:23.847;SS;AS37-AS1-20180127190518
2018-01-27 19:06:24.014;SQ;AS37-AS1-20180127190624
2018-01-27 19:06:29.800;RO;AS37-AS1-20180127190624
2018-01-27 19:06:33.438;RU;AS37-AS1-20180127190518
2018-01-27 19:06:54.038;VU;AS37-AS1-20180127190450
2018-01-27 19:07:11.528;VU;AS37-AS1-20180127190405
2018-01-27 19:07:21.928;SP;AS37-AS1-20180127190624
2018-01-27 19:07:26.037;RC;AS37-AS1-20180127190624
2018-01-27 19:08:22.795;SS;AS37-AS1-20180127190624
2018-01-27 19:08:27.270;RU;AS37-AS1-20180127190624
2018-01-27 19:08:53.413;SQ;AS37-AS1-20180127190853
2018-01-27 19:08:54.723;RO;AS37-AS1-20180127190853
2018-01-27 19:09:45.653;SP;AS37-AS1-20180127190853
2018-01-27 19:09:46.310;RC;AS37-AS1-20180127190853
2018-01-27 19:09:49.060;VU;AS37-AS1-20180127190518
2018-01-27 19:10:41.262;SS;AS37-AS1-20180127190853
2018-01-27 19:10:45.568;RU;AS37-AS1-20180127190853
2018-01-27 19:11:26.457;SQ;AS37-AS1-20180127191126
2018-01-27 19:11:27.766;RO;AS37-AS1-20180127191126
2018-01-27 19:12:30.067;SP;AS37-AS1-20180127191126
2018-01-27 19:12:30.724;RC;AS37-AS1-20180127191126
2018-01-27 19:13:44.334;SS;AS37-AS1-20180127191126
2018-01-27 19:13:48.727;RU;AS37-AS1-20180127191126
2018-01-27 19:14:59.952;SQ;AS37-AS1-20180127191459
2018-01-27 19:15:01.343;RO;AS37-AS1-20180127191459
2018-01-27 19:15:02.367;VU;AS37-AS1-20180127190624
2018-01-27 19:15:53.646;SP;AS37-AS1-20180127191459
2018-01-27 19:15:54.342;RC;AS37-AS1-20180127191459
2018-01-27 19:15:59.145;VU;AS37-AS1-20180127190853
2018-01-27 19:15:59.554;VU;AS37-AS1-20180127191126
2018-01-27 19:16:16.066;SS;AS37-AS1-20180127191459
2018-01-27 19:16:20.417;RU;AS37-AS1-20180127191459
2018-01-27 19:16:30.146;SQ;AS37-AS1-20180127191630
2018-01-27 19:16:31.456;RO;AS37-AS1-20180127191630
2018-01-27 19:16:54.082;SP;AS37-AS1-20180127191630
2018-01-27 19:16:54.738;RC;AS37-AS1-20180127191630
2018-01-27 19:17:06.696;VU;AS37-AS1-20180127191459
2018-01-27 19:17:18.626;SS;AS37-AS1-20180127191630
2018-01-27 19:17:22.930;RU;AS37-AS1-20180127191630
2018-01-27 19:17:32.852;SQ;AS37-AS1-20180127191732
2018-01-27 19:17:34.205;RO;AS37-AS1-20180127191732
2018-01-27 19:17:57.650;SP;AS37-AS1-20180127191732
2018-01-27 19:17:58.307;RC;AS37-AS1-20180127191732
2018-01-27 19:18:09.581;VU;AS37-AS1-20180127191630
2018-01-27 19:18:21.743;SS;AS37-AS1-20180127191732
2018-01-27 19:18:26.049;RU;AS37-AS1-20180127191732
2018-01-27 19:18:36.016;SQ;AS37-AS1-20180127191836
2018-01-27 19:18:37.286;RO;AS37-AS1-20180127191836
2018-01-27 19:19:01.024;SP;AS37-AS1-20180127191836
2018-01-27 19:19:01.676;RC;AS37-AS1-20180127191836
2018-01-27 19:19:14.170;VU;AS37-AS1-20180127191732
2018-01-27 19:19:25.434;SS;AS37-AS1-20180127191836
2018-01-27 19:19:29.746;RU;AS37-AS1-20180127191836
2018-01-27 19:19:38.931;SQ;AS37-AS1-20180127191938
2018-01-27 19:19:40.242;RO;AS37-AS1-20180127191938
2018-01-27 19:19:59.321;SP;AS37-AS1-20180127191938
2018-01-27 19:20:00.018;RC;AS37-AS1-20180127191938
2018-01-27 19:20:18.507;VU;AS37-AS1-20180127191836
2018-01-27 19:20:31.021;SS;AS37-AS1-20180127191938
2018-01-27 19:20:35.360;RU;AS37-AS1-20180127191938
2018-01-27 19:20:44.919;SQ;AS37-AS1-20180127192044
2018-01-27 19:20:46.226;RO;AS37-AS1-20180127192044
2018-01-27 19:21:07.852;SP;AS37-AS1-20180127192044
2018-01-27 19:21:08.505;RC;AS37-AS1-20180127192044
2018-01-27 19:21:22.914;VU;AS37-AS1-20180127191938
2018-01-27 19:21:35.342;SS;AS37-AS1-20180127192044
2018-01-27 19:21:39.656;RU;AS37-AS1-20180127192044
2018-01-27 19:21:49.557;SQ;AS37-AS1-20180127192149
2018-01-27 19:21:50.908;RO;AS37-AS1-20180127192149
2018-01-27 19:22:09.812;SP;AS37-AS1-20180127192149
2018-01-27 19:22:10.465;RC;AS37-AS1-20180127192149
2018-01-27 19:22:46.581;SS;AS37-AS1-20180127192149
2018-01-27 19:22:50.930;RU;AS37-AS1-20180127192149
2018-01-27 19:22:53.842;VU;AS37-AS1-20180127192044
2018-01-27 19:23:07.277;SQ;AS37-AS1-20180127192307
2018-01-27 19:23:08.665;RO;AS37-AS1-20180127192307
2018-01-27 19:23:27.107;SP;AS37-AS1-20180127192307
2018-01-27 19:23:27.803;RC;AS37-AS1-20180127192307
2018-01-27 19:24:02.645;SS;AS37-AS1-20180127192307
2018-01-27 19:24:06.787;VU;AS37-AS1-20180127192149
2018-01-27 19:24:06.950;RU;AS37-AS1-20180127192307
2018-01-27 19:24:18.704;SQ;AS37-AS1-20180127192418
2018-01-27 19:24:20.053;RO;AS37-AS1-20180127192418
2018-01-27 19:24:37.569;SP;AS37-AS1-20180127192418
2018-01-27 19:24:38.265;RC;AS37-AS1-20180127192418
2018-01-27 19:25:02.711;SS;AS37-AS1-20180127192418
2018-01-27 19:25:07.011;RU;AS37-AS1-20180127192418
2018-01-27 19:25:10.163;VU;AS37-AS1-20180127192307
2018-01-27 19:26:18.114;VU;AS37-AS1-20180127192418
