2018-01-27 18:59:28.411;SQ;AS38-AS1-20180127185928
2018-01-27 18:59:35.038;RO;AS38-AS1-20180127185928
2018-01-27 18:59:36.203;SP;AS38-AS1-20180127185928
2018-01-27 18:59:37.739;SQ;AS38-AS1-20180127185937
2018-01-27 18:59:41.589;RC;AS38-AS1-20180127185928
2018-01-27 18:59:42.346;SS;AS38-AS1-20180127185928
2018-01-27 18:59:51.913;RO;AS38-AS1-20180127185937
2018-01-27 18:59:53.042;SP;AS38-AS1-20180127185937
2018-01-27 18:59:54.573;SQ;AS38-AS1-20180127185954
2018-01-27 19:00:00.833;RU;AS38-AS1-20180127185928
2018-01-27 19:00:01.125;RC;AS38-AS1-20180127185937
2018-01-27 19:00:02.450;SS;AS38-AS1-20180127185937
2018-01-27 19:00:08.409;RO;AS38-AS1-20180127185954
2018-01-27 19:00:10.035;SP;AS38-AS1-20180127185954
2018-01-27 19:00:12.255;SQ;AS38-AS1-20180127190012
2018-01-27 19:00:17.118;RC;AS38-AS1-20180127185954
2018-01-27 19:00:18.562;SS;AS38-AS1-20180127185954
2018-01-27 19:00:19.929;RU;AS38-AS1-20180127185937
2018-01-27 19:00:29.629;RO;AS38-AS1-20180127190012
2018-01-27 19:00:31.665;SP;AS38-AS1-20180127190012
2018-01-27 19:00:33.446;RU;AS38-AS1-20180127185954
2018-01-27 19:00:37.492;RC;AS38-AS1-20180127190012
2018-01-27 19:00:42.862;SQ;AS38-AS1-20180127190042
2018-01-27 19:00:43.364;SS;AS38-AS1-20180127190012
2018-01-27 19:00:44.570;VU;AS38-AS1-20180127185937
2018-01-27 19:00:45.177;VU;AS38-AS1-20180127185954
2018-01-27 19:00:45.365;VU;AS38-AS1-20180127185928
2018-01-27 19:00:53.307;RO;AS38-AS1-20180127190042
2018-01-27 19:00:54.172;SP;AS38-AS1-20180127190042
2018-01-27 19:00:55.782;SQ;AS38-AS1-20180127190055
2018-01-27 19:00:59.691;RC;AS38-AS1-20180127190042
2018-01-27 19:01:00.471;SS;AS38-AS1-20180127190042
2018-01-27 19:01:03.601;RU;AS38-AS1-20180127190012
2018-01-27 19:01:12.062;RO;AS38-AS1-20180127190055
2018-01-27 19:01:13.513;SP;AS38-AS1-20180127190055
2018-01-27 19:01:15.847;SQ;AS38-AS1-20180127190115
2018-01-27 19:01:19.021;RU;AS38-AS1-20180127190042
2018-01-27 19:01:19.638;RC;AS38-AS1-20180127190055
2018-01-27 19:01:21.489;SS;AS38-AS1-20180127190055
2018-01-27 19:01:28.668;RO;AS38-AS1-20180127190115
2018-01-27 19:01:30.504;SP;AS38-AS1-20180127190115
2018-01-27 19:01:36.942;RC;AS38-AS1-20180127190115
2018-01-27 19:01:38.705;SQ;AS38-AS1-20180127190138
2018-01-27 19:01:39.028;RU;AS38-AS1-20180127190055
2018-01-27 19:01:42.731;SS;AS38-AS1-20180127190115
2018-01-27 19:01:42.971;RO;AS38-AS1-20180127190138
2018-01-27 19:01:45.061;VU;AS38-AS1-20180127190042
2018-01-27 19:01:45.267;VU;AS38-AS1-20180127190055
2018-01-27 19:01:45.311;SP;AS38-AS1-20180127190138
2018-01-27 19:01:46.035;VU;AS38-AS1-20180127190012
2018-01-27 19:01:46.873;SQ;AS38-AS1-20180127190146
2018-01-27 19:01:48.314;RC;AS38-AS1-20180127190138
2018-01-27 19:01:48.617;RU;AS38-AS1-20180127190115
2018-01-27 19:01:49.512;SS;AS38-AS1-20180127190138
2018-01-27 19:01:54.047;RO;AS38-AS1-20180127190146
2018-01-27 19:01:55.816;SP;AS38-AS1-20180127190146
2018-01-27 19:01:57.883;SQ;AS38-AS1-20180127190157
2018-01-27 19:02:00.448;RC;AS38-AS1-20180127190146
2018-01-27 19:02:01.381;SS;AS38-AS1-20180127190146
2018-01-27 19:02:04.562;RU;AS38-AS1-20180127190138
2018-01-27 19:02:08.317;RO;AS38-AS1-20180127190157
2018-01-27 19:02:09.529;SP;AS38-AS1-20180127190157
2018-01-27 19:02:12.724;SQ;AS38-AS1-20180127190212
2018-01-27 19:02:15.492;RC;AS38-AS1-20180127190157
2018-01-27 19:02:17.228;RU;AS38-AS1-20180127190146
2018-01-27 19:02:17.272;SS;AS38-AS1-20180127190157
2018-01-27 19:02:23.788;RO;AS38-AS1-20180127190212
2018-01-27 19:02:26.494;SP;AS38-AS1-20180127190212
2018-01-27 19:02:31.510;SQ;AS38-AS1-20180127190231
2018-01-27 19:02:31.556;RU;AS38-AS1-20180127190157
2018-01-27 19:02:33.336;RC;AS38-AS1-20180127190212
2018-01-27 19:02:38.943;RO;AS38-AS1-20180127190231
2018-01-27 19:02:40.788;SS;AS38-AS1-20180127190212
2018-01-27 19:02:45.464;RU;AS38-AS1-20180127190212
2018-01-27 19:02:45.479;SP;AS38-AS1-20180127190231
2018-01-27 19:02:45.569;VU;AS38-AS1-20180127190138
2018-01-27 19:02:46.231;RC;AS38-AS1-20180127190231
2018-01-27 19:02:46.290;VU;AS38-AS1-20180127190157
2018-01-27 19:02:46.669;VU;AS38-AS1-20180127190146
2018-01-27 19:02:47.470;VU;AS38-AS1-20180127190115
2018-01-27 19:02:48.473;SS;AS38-AS1-20180127190231
2018-01-27 19:02:49.027;SQ;AS38-AS1-20180127190249
2018-01-27 19:02:58.849;RO;AS38-AS1-20180127190249
2018-01-27 19:02:59.979;SP;AS38-AS1-20180127190249
2018-01-27 19:03:02.244;SQ;AS38-AS1-20180127190302
2018-01-27 19:03:02.648;RU;AS38-AS1-20180127190231
2018-01-27 19:03:03.598;RC;AS38-AS1-20180127190249
2018-01-27 19:03:04.832;SS;AS38-AS1-20180127190249
2018-01-27 19:03:10.948;RO;AS38-AS1-20180127190302
2018-01-27 19:03:13.188;SP;AS38-AS1-20180127190302
2018-01-27 19:03:16.673;SQ;AS38-AS1-20180127190316
2018-01-27 19:03:18.049;RU;AS38-AS1-20180127190249
2018-01-27 19:03:18.422;RC;AS38-AS1-20180127190302
2018-01-27 19:03:21.131;SS;AS38-AS1-20180127190302
2018-01-27 19:03:29.084;RO;AS38-AS1-20180127190316
2018-01-27 19:03:31.632;SP;AS38-AS1-20180127190316
2018-01-27 19:03:36.528;RU;AS38-AS1-20180127190302
2018-01-27 19:03:38.046;RC;AS38-AS1-20180127190316
2018-01-27 19:03:45.408;SQ;AS38-AS1-20180127190345
2018-01-27 19:03:45.656;SS;AS38-AS1-20180127190316
2018-01-27 19:03:45.984;VU;AS38-AS1-20180127190249
2018-01-27 19:03:45.984;VU;AS38-AS1-20180127190302
2018-01-27 19:03:46.822;VU;AS38-AS1-20180127190212
2018-01-27 19:03:47.161;VU;AS38-AS1-20180127190231
2018-01-27 19:03:47.838;RO;AS38-AS1-20180127190345
2018-01-27 19:03:48.675;SP;AS38-AS1-20180127190345
2018-01-27 19:03:50.232;SQ;AS38-AS1-20180127190350
2018-01-27 19:03:53.331;RC;AS38-AS1-20180127190345
2018-01-27 19:03:54.120;SS;AS38-AS1-20180127190345
2018-01-27 19:03:54.628;RU;AS38-AS1-20180127190316
2018-01-27 19:04:01.125;RO;AS38-AS1-20180127190350
2018-01-27 19:04:02.309;SP;AS38-AS1-20180127190350
2018-01-27 19:04:04.561;SQ;AS38-AS1-20180127190404
2018-01-27 19:04:06.629;RC;AS38-AS1-20180127190350
2018-01-27 19:04:06.809;RU;AS38-AS1-20180127190345
2018-01-27 19:04:08.609;SS;AS38-AS1-20180127190350
2018-01-27 19:04:15.047;RO;AS38-AS1-20180127190404
2018-01-27 19:04:16.907;SP;AS38-AS1-20180127190404
2018-01-27 19:04:20.352;SQ;AS38-AS1-20180127190420
2018-01-27 19:04:22.536;RC;AS38-AS1-20180127190404
2018-01-27 19:04:22.934;RU;AS38-AS1-20180127190350
2018-01-27 19:04:24.712;SS;AS38-AS1-20180127190404
2018-01-27 19:04:31.631;RO;AS38-AS1-20180127190420
2018-01-27 19:04:35.673;RU;AS38-AS1-20180127190404
2018-01-27 19:04:38.006;SP;AS38-AS1-20180127190420
2018-01-27 19:04:39.200;RC;AS38-AS1-20180127190420
2018-01-27 19:04:45.313;VU;AS38-AS1-20180127190404
2018-01-27 19:04:46.008;SS;AS38-AS1-20180127190420
2018-01-27 19:04:46.212;VU;AS38-AS1-20180127190350
2018-01-27 19:04:46.917;SQ;AS38-AS1-20180127190446
2018-01-27 19:04:47.280;VU;AS38-AS1-20180127190316
2018-01-27 19:04:47.442;VU;AS38-AS1-20180127190345
2018-01-27 19:04:54.132;RO;AS38-AS1-20180127190446
2018-01-27 19:04:55.152;RU;AS38-AS1-20180127190420
2018-01-27 19:04:55.245;SP;AS38-AS1-20180127190446
2018-01-27 19:04:57.530;SQ;AS38-AS1-20180127190457
2018-01-27 19:04:59.896;RC;AS38-AS1-20180127190446
2018-01-27 19:05:01.011;SS;AS38-AS1-20180127190446
2018-01-27 19:05:05.920;RO;AS38-AS1-20180127190457
2018-01-27 19:05:06.824;SP;AS38-AS1-20180127190457
2018-01-27 19:05:09.266;SQ;AS38-AS1-20180127190509
2018-01-27 19:05:14.172;RU;AS38-AS1-20180127190446
2018-01-27 19:05:20.670;RC;AS38-AS1-20180127190457
2018-01-27 19:05:22.388;SS;AS38-AS1-20180127190457
2018-01-27 19:05:23.057;RO;AS38-AS1-20180127190509
2018-01-27 19:05:25.157;SP;AS38-AS1-20180127190509
2018-01-27 19:05:28.553;SQ;AS38-AS1-20180127190528
2018-01-27 19:05:29.321;RC;AS38-AS1-20180127190509
2018-01-27 19:05:30.741;SS;AS38-AS1-20180127190509
2018-01-27 19:05:36.256;RU;AS38-AS1-20180127190457
2018-01-27 19:05:38.000;RO;AS38-AS1-20180127190528
2018-01-27 19:05:41.096;RU;AS38-AS1-20180127190509
2018-01-27 19:05:43.431;SP;AS38-AS1-20180127190528
2018-01-27 19:05:43.789;VU;AS38-AS1-20180127190457
2018-01-27 19:05:43.793;VU;AS38-AS1-20180127190420
2018-01-27 19:05:44.108;RC;AS38-AS1-20180127190528
2018-01-27 19:05:45.937;VU;AS38-AS1-20180127190446
2018-01-27 19:05:46.307;SS;AS38-AS1-20180127190528
2018-01-27 19:05:47.541;SQ;AS38-AS1-20180127190547
2018-01-27 19:05:55.040;RU;AS38-AS1-20180127190528
2018-01-27 19:05:58.165;RO;AS38-AS1-20180127190547
2018-01-27 19:05:59.716;SP;AS38-AS1-20180127190547
2018-01-27 19:06:03.079;RC;AS38-AS1-20180127190547
2018-01-27 19:06:03.304;SQ;AS38-AS1-20180127190603
2018-01-27 19:06:05.010;SS;AS38-AS1-20180127190547
2018-01-27 19:06:08.963;RO;AS38-AS1-20180127190603
2018-01-27 19:06:10.933;SP;AS38-AS1-20180127190603
2018-01-27 19:06:14.469;SQ;AS38-AS1-20180127190614
2018-01-27 19:06:15.601;RC;AS38-AS1-20180127190603
2018-01-27 19:06:16.150;RU;AS38-AS1-20180127190547
2018-01-27 19:06:17.976;SS;AS38-AS1-20180127190603
2018-01-27 19:06:22.801;RO;AS38-AS1-20180127190614
2018-01-27 19:06:25.417;SP;AS38-AS1-20180127190614
2018-01-27 19:06:27.808;RU;AS38-AS1-20180127190603
2018-01-27 19:06:29.466;RC;AS38-AS1-20180127190614
2018-01-27 19:06:31.449;SQ;AS38-AS1-20180127190631
2018-01-27 19:06:34.092;SS;AS38-AS1-20180127190614
2018-01-27 19:06:37.325;RO;AS38-AS1-20180127190631
2018-01-27 19:06:40.268;RU;AS38-AS1-20180127190614
2018-01-27 19:06:46.075;SP;AS38-AS1-20180127190631
2018-01-27 19:06:46.888;RC;AS38-AS1-20180127190631
2018-01-27 19:06:47.076;VU;AS38-AS1-20180127190528
2018-01-27 19:06:47.799;VU;AS38-AS1-20180127190603
2018-01-27 19:06:48.866;VU;AS38-AS1-20180127190547
2018-01-27 19:06:49.606;VU;AS38-AS1-20180127190509
2018-01-27 19:06:49.747;SS;AS38-AS1-20180127190631
2018-01-27 19:06:50.842;SQ;AS38-AS1-20180127190650
2018-01-27 19:06:57.829;RO;AS38-AS1-20180127190650
2018-01-27 19:06:58.627;SP;AS38-AS1-20180127190650
2018-01-27 19:06:59.287;RU;AS38-AS1-20180127190631
2018-01-27 19:07:01.852;SQ;AS38-AS1-20180127190701
2018-01-27 19:07:03.328;RC;AS38-AS1-20180127190650
2018-01-27 19:07:04.587;SS;AS38-AS1-20180127190650
2018-01-27 19:07:09.776;RO;AS38-AS1-20180127190701
2018-01-27 19:07:11.204;SP;AS38-AS1-20180127190701
2018-01-27 19:07:14.817;SQ;AS38-AS1-20180127190714
2018-01-27 19:07:15.973;RC;AS38-AS1-20180127190701
2018-01-27 19:07:16.058;RU;AS38-AS1-20180127190650
2018-01-27 19:07:18.240;SS;AS38-AS1-20180127190701
2018-01-27 19:07:22.024;RO;AS38-AS1-20180127190714
2018-01-27 19:07:24.488;SP;AS38-AS1-20180127190714
2018-01-27 19:07:27.958;RC;AS38-AS1-20180127190714
2018-01-27 19:07:28.569;RU;AS38-AS1-20180127190701
2018-01-27 19:07:30.756;SS;AS38-AS1-20180127190714
2018-01-27 19:07:37.801;RU;AS38-AS1-20180127190714
2018-01-27 19:07:47.128;VU;AS38-AS1-20180127190614
2018-01-27 19:07:47.470;VU;AS38-AS1-20180127190631
2018-01-27 19:07:47.643;VU;AS38-AS1-20180127190650
2018-01-27 19:07:48.334;VU;AS38-AS1-20180127190701
2018-01-27 19:08:42.851;VU;AS38-AS1-20180127190714
