2018-01-27 18:59:27.107;SQ;AS4-AS1-20180127185927
2018-01-27 18:59:30.192;RO;AS4-AS1-20180127185927
2018-01-27 18:59:31.440;SP;AS4-AS1-20180127185927
2018-01-27 18:59:33.036;SQ;AS4-AS1-20180127185933
2018-01-27 18:59:35.539;RC;AS4-AS1-20180127185927
2018-01-27 18:59:36.326;SS;AS4-AS1-20180127185927
2018-01-27 18:59:41.866;RO;AS4-AS1-20180127185933
2018-01-27 18:59:42.842;SP;AS4-AS1-20180127185933
2018-01-27 18:59:44.455;SQ;AS4-AS1-20180127185944
2018-01-27 18:59:50.390;RC;AS4-AS1-20180127185933
2018-01-27 18:59:51.215;RU;AS4-AS1-20180127185927
2018-01-27 18:59:51.227;SS;AS4-AS1-20180127185933
2018-01-27 19:00:00.827;RO;AS4-AS1-20180127185944
2018-01-27 19:00:01.927;SP;AS4-AS1-20180127185944
2018-01-27 19:00:04.461;SQ;AS4-AS1-20180127190004
2018-01-27 19:00:10.119;RU;AS4-AS1-20180127185933
2018-01-27 19:00:10.214;RC;AS4-AS1-20180127185944
2018-01-27 19:00:12.598;SS;AS4-AS1-20180127185944
2018-01-27 19:00:20.183;RO;AS4-AS1-20180127190004
2018-01-27 19:00:22.256;SP;AS4-AS1-20180127190004
2018-01-27 19:00:25.915;SQ;AS4-AS1-20180127190025
2018-01-27 19:00:29.829;RC;AS4-AS1-20180127190004
2018-01-27 19:00:32.303;SS;AS4-AS1-20180127190004
2018-01-27 19:00:32.455;RU;AS4-AS1-20180127185944
2018-01-27 19:00:38.622;RO;AS4-AS1-20180127190025
2018-01-27 19:00:43.605;SP;AS4-AS1-20180127190025
2018-01-27 19:00:43.677;VU;AS4-AS1-20180127185944
2018-01-27 19:00:43.695;RU;AS4-AS1-20180127190004
2018-01-27 19:00:44.145;VU;AS4-AS1-20180127185927
2018-01-27 19:00:44.961;VU;AS4-AS1-20180127185933
2018-01-27 19:00:46.249;SQ;AS4-AS1-20180127190046
2018-01-27 19:00:53.352;RC;AS4-AS1-20180127190025
2018-01-27 19:00:54.524;SS;AS4-AS1-20180127190025
2018-01-27 19:00:59.685;RO;AS4-AS1-20180127190046
2018-01-27 19:01:01.182;SP;AS4-AS1-20180127190046
2018-01-27 19:01:03.702;SQ;AS4-AS1-20180127190103
2018-01-27 19:01:09.177;RC;AS4-AS1-20180127190046
2018-01-27 19:01:10.005;SS;AS4-AS1-20180127190046
2018-01-27 19:01:13.085;RU;AS4-AS1-20180127190025
2018-01-27 19:01:17.409;RO;AS4-AS1-20180127190103
2018-01-27 19:01:19.747;SP;AS4-AS1-20180127190103
2018-01-27 19:01:23.371;SQ;AS4-AS1-20180127190123
2018-01-27 19:01:27.019;RU;AS4-AS1-20180127190046
2018-01-27 19:01:27.374;RC;AS4-AS1-20180127190103
2018-01-27 19:01:30.241;SS;AS4-AS1-20180127190103
2018-01-27 19:01:37.582;RO;AS4-AS1-20180127190123
2018-01-27 19:01:41.737;RU;AS4-AS1-20180127190103
2018-01-27 19:01:44.344;SP;AS4-AS1-20180127190123
2018-01-27 19:01:45.345;VU;AS4-AS1-20180127190025
2018-01-27 19:01:45.427;RC;AS4-AS1-20180127190123
2018-01-27 19:01:45.836;VU;AS4-AS1-20180127190046
2018-01-27 19:01:47.409;VU;AS4-AS1-20180127190004
2018-01-27 19:01:47.719;SS;AS4-AS1-20180127190123
2018-01-27 19:01:48.849;SQ;AS4-AS1-20180127190148
2018-01-27 19:01:59.531;RO;AS4-AS1-20180127190148
2018-01-27 19:02:00.680;SP;AS4-AS1-20180127190148
2018-01-27 19:02:01.163;RU;AS4-AS1-20180127190123
2018-01-27 19:02:04.009;SQ;AS4-AS1-20180127190204
2018-01-27 19:02:06.989;RC;AS4-AS1-20180127190148
2018-01-27 19:02:08.835;SS;AS4-AS1-20180127190148
2018-01-27 19:02:15.693;RO;AS4-AS1-20180127190204
2018-01-27 19:02:17.900;SP;AS4-AS1-20180127190204
2018-01-27 19:02:21.818;SQ;AS4-AS1-20180127190221
2018-01-27 19:02:23.009;RU;AS4-AS1-20180127190148
2018-01-27 19:02:23.579;RC;AS4-AS1-20180127190204
2018-01-27 19:02:26.416;SS;AS4-AS1-20180127190204
2018-01-27 19:02:35.423;RO;AS4-AS1-20180127190221
2018-01-27 19:02:37.676;RU;AS4-AS1-20180127190204
2018-01-27 19:02:42.317;SP;AS4-AS1-20180127190221
2018-01-27 19:02:44.138;RC;AS4-AS1-20180127190221
2018-01-27 19:02:46.175;VU;AS4-AS1-20180127190148
2018-01-27 19:02:46.472;VU;AS4-AS1-20180127190103
2018-01-27 19:02:47.479;VU;AS4-AS1-20180127190123
2018-01-27 19:02:47.541;SS;AS4-AS1-20180127190221
2018-01-27 19:02:48.762;SQ;AS4-AS1-20180127190248
2018-01-27 19:02:58.911;RU;AS4-AS1-20180127190221
2018-01-27 19:02:58.980;RO;AS4-AS1-20180127190248
2018-01-27 19:03:01.132;SP;AS4-AS1-20180127190248
2018-01-27 19:03:04.572;RC;AS4-AS1-20180127190248
2018-01-27 19:03:04.925;SQ;AS4-AS1-20180127190304
2018-01-27 19:03:06.781;SS;AS4-AS1-20180127190248
2018-01-27 19:03:16.769;RO;AS4-AS1-20180127190304
2018-01-27 19:03:18.578;SP;AS4-AS1-20180127190304
2018-01-27 19:03:22.373;SQ;AS4-AS1-20180127190322
2018-01-27 19:03:22.690;RU;AS4-AS1-20180127190248
2018-01-27 19:03:24.946;RC;AS4-AS1-20180127190304
2018-01-27 19:03:27.167;SS;AS4-AS1-20180127190304
2018-01-27 19:03:34.627;RO;AS4-AS1-20180127190322
2018-01-27 19:03:37.919;RU;AS4-AS1-20180127190304
2018-01-27 19:03:40.913;SP;AS4-AS1-20180127190322
2018-01-27 19:03:42.071;RC;AS4-AS1-20180127190322
2018-01-27 19:03:46.211;VU;AS4-AS1-20180127190221
2018-01-27 19:03:46.977;VU;AS4-AS1-20180127190204
2018-01-27 19:03:47.218;SS;AS4-AS1-20180127190322
2018-01-27 19:03:47.636;VU;AS4-AS1-20180127190248
2018-01-27 19:03:48.749;SQ;AS4-AS1-20180127190348
2018-01-27 19:03:58.127;RO;AS4-AS1-20180127190348
2018-01-27 19:03:58.994;RU;AS4-AS1-20180127190322
2018-01-27 19:03:59.409;SP;AS4-AS1-20180127190348
2018-01-27 19:04:02.675;SQ;AS4-AS1-20180127190402
2018-01-27 19:04:03.894;RC;AS4-AS1-20180127190348
2018-01-27 19:04:04.889;SS;AS4-AS1-20180127190348
2018-01-27 19:04:10.937;RO;AS4-AS1-20180127190402
2018-01-27 19:04:12.468;SP;AS4-AS1-20180127190402
2018-01-27 19:04:15.965;SQ;AS4-AS1-20180127190415
2018-01-27 19:04:18.579;RC;AS4-AS1-20180127190402
2018-01-27 19:04:18.643;RU;AS4-AS1-20180127190348
2018-01-27 19:04:21.237;SS;AS4-AS1-20180127190402
2018-01-27 19:04:27.432;RO;AS4-AS1-20180127190415
2018-01-27 19:04:30.035;SP;AS4-AS1-20180127190415
2018-01-27 19:04:34.748;RC;AS4-AS1-20180127190415
2018-01-27 19:04:34.987;RU;AS4-AS1-20180127190402
2018-01-27 19:04:41.730;SQ;AS4-AS1-20180127190441
2018-01-27 19:04:43.097;RO;AS4-AS1-20180127190441
2018-01-27 19:04:45.137;SS;AS4-AS1-20180127190415
2018-01-27 19:04:46.139;VU;AS4-AS1-20180127190348
2018-01-27 19:04:46.139;VU;AS4-AS1-20180127190402
2018-01-27 19:04:46.576;SP;AS4-AS1-20180127190441
2018-01-27 19:04:46.960;VU;AS4-AS1-20180127190304
2018-01-27 19:04:47.406;VU;AS4-AS1-20180127190322
2018-01-27 19:04:48.206;SQ;AS4-AS1-20180127190448
2018-01-27 19:04:48.315;RC;AS4-AS1-20180127190441
2018-01-27 19:04:49.110;SS;AS4-AS1-20180127190441
2018-01-27 19:04:54.420;RU;AS4-AS1-20180127190415
2018-01-27 19:04:56.723;RO;AS4-AS1-20180127190448
2018-01-27 19:04:57.995;SP;AS4-AS1-20180127190448
2018-01-27 19:05:00.162;RU;AS4-AS1-20180127190441
2018-01-27 19:05:00.654;SQ;AS4-AS1-20180127190500
2018-01-27 19:05:01.024;RC;AS4-AS1-20180127190448
2018-01-27 19:05:02.944;SS;AS4-AS1-20180127190448
2018-01-27 19:05:08.672;RO;AS4-AS1-20180127190500
2018-01-27 19:05:11.111;SP;AS4-AS1-20180127190500
2018-01-27 19:05:14.867;SQ;AS4-AS1-20180127190514
2018-01-27 19:05:17.265;RC;AS4-AS1-20180127190500
2018-01-27 19:05:17.947;RU;AS4-AS1-20180127190448
2018-01-27 19:05:19.144;SS;AS4-AS1-20180127190500
2018-01-27 19:05:27.546;RO;AS4-AS1-20180127190514
2018-01-27 19:05:30.553;SP;AS4-AS1-20180127190514
2018-01-27 19:05:33.355;RU;AS4-AS1-20180127190500
2018-01-27 19:05:35.587;RC;AS4-AS1-20180127190514
2018-01-27 19:05:44.547;SQ;AS4-AS1-20180127190544
2018-01-27 19:05:44.556;SS;AS4-AS1-20180127190514
2018-01-27 19:05:45.805;VU;AS4-AS1-20180127190441
2018-01-27 19:05:46.237;RO;AS4-AS1-20180127190544
2018-01-27 19:05:46.578;VU;AS4-AS1-20180127190415
2018-01-27 19:05:47.189;VU;AS4-AS1-20180127190448
2018-01-27 19:05:47.312;VU;AS4-AS1-20180127190500
2018-01-27 19:05:47.377;SP;AS4-AS1-20180127190544
2018-01-27 19:05:48.986;SQ;AS4-AS1-20180127190548
2018-01-27 19:05:49.103;RC;AS4-AS1-20180127190544
2018-01-27 19:05:49.914;SS;AS4-AS1-20180127190544
2018-01-27 19:05:52.187;RU;AS4-AS1-20180127190514
2018-01-27 19:05:58.676;RO;AS4-AS1-20180127190548
2018-01-27 19:06:00.192;SP;AS4-AS1-20180127190548
2018-01-27 19:06:01.853;RU;AS4-AS1-20180127190544
2018-01-27 19:06:03.134;SQ;AS4-AS1-20180127190603
2018-01-27 19:06:03.583;RC;AS4-AS1-20180127190548
2018-01-27 19:06:04.934;SS;AS4-AS1-20180127190548
2018-01-27 19:06:09.384;RO;AS4-AS1-20180127190603
2018-01-27 19:06:11.287;SP;AS4-AS1-20180127190603
2018-01-27 19:06:14.699;SQ;AS4-AS1-20180127190614
2018-01-27 19:06:15.295;RU;AS4-AS1-20180127190548
2018-01-27 19:06:16.195;RC;AS4-AS1-20180127190603
2018-01-27 19:06:18.980;SS;AS4-AS1-20180127190603
2018-01-27 19:06:25.726;RO;AS4-AS1-20180127190614
2018-01-27 19:06:28.646;RU;AS4-AS1-20180127190603
2018-01-27 19:06:28.763;SP;AS4-AS1-20180127190614
2018-01-27 19:06:32.169;RC;AS4-AS1-20180127190614
2018-01-27 19:06:40.969;SQ;AS4-AS1-20180127190640
2018-01-27 19:06:41.044;SS;AS4-AS1-20180127190614
2018-01-27 19:06:42.542;RO;AS4-AS1-20180127190640
2018-01-27 19:06:45.627;RU;AS4-AS1-20180127190614
2018-01-27 19:06:48.967;SP;AS4-AS1-20180127190640
2018-01-27 19:06:49.236;VU;AS4-AS1-20180127190514
2018-01-27 19:06:49.777;VU;AS4-AS1-20180127190603
2018-01-27 19:06:50.844;VU;AS4-AS1-20180127190548
2018-01-27 19:06:50.939;RC;AS4-AS1-20180127190640
2018-01-27 19:06:51.342;VU;AS4-AS1-20180127190544
2018-01-27 19:06:52.934;SQ;AS4-AS1-20180127190652
2018-01-27 19:06:53.207;SS;AS4-AS1-20180127190640
2018-01-27 19:07:01.691;RO;AS4-AS1-20180127190652
2018-01-27 19:07:03.282;SP;AS4-AS1-20180127190652
2018-01-27 19:07:04.690;RU;AS4-AS1-20180127190640
2018-01-27 19:07:06.111;RC;AS4-AS1-20180127190652
2018-01-27 19:07:06.395;SQ;AS4-AS1-20180127190706
2018-01-27 19:07:07.969;SS;AS4-AS1-20180127190652
2018-01-27 19:07:14.391;RO;AS4-AS1-20180127190706
2018-01-27 19:07:16.336;SP;AS4-AS1-20180127190706
2018-01-27 19:07:19.673;RC;AS4-AS1-20180127190706
2018-01-27 19:07:19.975;RU;AS4-AS1-20180127190652
2018-01-27 19:07:20.051;SQ;AS4-AS1-20180127190720
2018-01-27 19:07:22.643;SS;AS4-AS1-20180127190706
2018-01-27 19:07:25.796;RO;AS4-AS1-20180127190720
2018-01-27 19:07:27.957;SP;AS4-AS1-20180127190720
2018-01-27 19:07:30.335;RC;AS4-AS1-20180127190720
2018-01-27 19:07:31.271;RU;AS4-AS1-20180127190706
2018-01-27 19:07:35.619;SS;AS4-AS1-20180127190720
2018-01-27 19:07:36.769;SQ;AS4-AS1-20180127190736
2018-01-27 19:07:38.531;RO;AS4-AS1-20180127190736
2018-01-27 19:07:40.367;RU;AS4-AS1-20180127190720
2018-01-27 19:07:46.929;SP;AS4-AS1-20180127190736
2018-01-27 19:07:47.318;VU;AS4-AS1-20180127190640
2018-01-27 19:07:48.011;RC;AS4-AS1-20180127190736
2018-01-27 19:07:48.119;VU;AS4-AS1-20180127190706
2018-01-27 19:07:48.206;VU;AS4-AS1-20180127190614
2018-01-27 19:07:48.769;VU;AS4-AS1-20180127190652
2018-01-27 19:07:49.009;SS;AS4-AS1-20180127190736
2018-01-27 19:07:57.177;RU;AS4-AS1-20180127190736
2018-01-27 19:08:46.189;VU;AS4-AS1-20180127190720
2018-01-27 19:08:46.513;VU;AS4-AS1-20180127190736
