2018-01-27 18:59:28.129;SQ;AS41-AS1-20180127185928
2018-01-27 18:59:35.357;RO;AS41-AS1-20180127185928
2018-01-27 18:59:36.475;SP;AS41-AS1-20180127185928
2018-01-27 18:59:38.113;SQ;AS41-AS1-20180127185938
2018-01-27 18:59:41.176;RC;AS41-AS1-20180127185928
2018-01-27 18:59:42.015;SS;AS41-AS1-20180127185928
2018-01-27 18:59:52.475;RO;AS41-AS1-20180127185938
2018-01-27 18:59:53.471;SP;AS41-AS1-20180127185938
2018-01-27 18:59:55.139;SQ;AS41-AS1-20180127185955
2018-01-27 19:00:01.207;RU;AS41-AS1-20180127185928
2018-01-27 19:00:01.881;RC;AS41-AS1-20180127185938
2018-01-27 19:00:02.919;SS;AS41-AS1-20180127185938
2018-01-27 19:00:11.378;RO;AS41-AS1-20180127185955
2018-01-27 19:00:12.547;SP;AS41-AS1-20180127185955
2018-01-27 19:00:15.040;SQ;AS41-AS1-20180127190015
2018-01-27 19:00:20.661;RC;AS41-AS1-20180127185955
2018-01-27 19:00:21.143;RU;AS41-AS1-20180127185938
2018-01-27 19:00:22.734;SS;AS41-AS1-20180127185955
2018-01-27 19:00:31.200;RO;AS41-AS1-20180127190015
2018-01-27 19:00:35.907;SP;AS41-AS1-20180127190015
2018-01-27 19:00:38.675;RU;AS41-AS1-20180127185955
2018-01-27 19:00:39.843;RC;AS41-AS1-20180127190015
2018-01-27 19:00:45.241;SS;AS41-AS1-20180127190015
2018-01-27 19:00:45.502;SQ;AS41-AS1-20180127190045
2018-01-27 19:00:45.699;VU;AS41-AS1-20180127185928
2018-01-27 19:00:46.777;VU;AS41-AS1-20180127185938
2018-01-27 19:00:59.604;RO;AS41-AS1-20180127190045
2018-01-27 19:01:01.269;SP;AS41-AS1-20180127190045
2018-01-27 19:01:03.706;SQ;AS41-AS1-20180127190103
2018-01-27 19:01:04.387;RU;AS41-AS1-20180127190015
2018-01-27 19:01:09.534;RC;AS41-AS1-20180127190045
2018-01-27 19:01:11.308;SS;AS41-AS1-20180127190045
2018-01-27 19:01:18.216;RO;AS41-AS1-20180127190103
2018-01-27 19:01:19.963;SP;AS41-AS1-20180127190103
2018-01-27 19:01:24.103;SQ;AS41-AS1-20180127190124
2018-01-27 19:01:26.323;RC;AS41-AS1-20180127190103
2018-01-27 19:01:27.710;RU;AS41-AS1-20180127190045
2018-01-27 19:01:28.147;SS;AS41-AS1-20180127190103
2018-01-27 19:01:39.235;RO;AS41-AS1-20180127190124
2018-01-27 19:01:40.997;RU;AS41-AS1-20180127190103
2018-01-27 19:01:45.019;SP;AS41-AS1-20180127190124
2018-01-27 19:01:48.413;VU;AS41-AS1-20180127190045
2018-01-27 19:01:48.413;VU;AS41-AS1-20180127185955
2018-01-27 19:01:48.428;VU;AS41-AS1-20180127190015
2018-01-27 19:01:48.542;RC;AS41-AS1-20180127190124
2018-01-27 19:01:50.112;SQ;AS41-AS1-20180127190150
2018-01-27 19:01:50.456;SS;AS41-AS1-20180127190124
2018-01-27 19:02:02.553;RO;AS41-AS1-20180127190150
2018-01-27 19:02:03.672;SP;AS41-AS1-20180127190150
2018-01-27 19:02:06.155;SQ;AS41-AS1-20180127190206
2018-01-27 19:02:06.596;RU;AS41-AS1-20180127190124
2018-01-27 19:02:10.117;RC;AS41-AS1-20180127190150
2018-01-27 19:02:12.290;SS;AS41-AS1-20180127190150
2018-01-27 19:02:18.819;RO;AS41-AS1-20180127190206
2018-01-27 19:02:21.303;SP;AS41-AS1-20180127190206
2018-01-27 19:02:24.898;SQ;AS41-AS1-20180127190224
2018-01-27 19:02:28.358;RC;AS41-AS1-20180127190206
2018-01-27 19:02:28.987;RU;AS41-AS1-20180127190150
2018-01-27 19:02:30.686;SS;AS41-AS1-20180127190206
2018-01-27 19:02:39.331;RO;AS41-AS1-20180127190224
2018-01-27 19:02:40.191;RU;AS41-AS1-20180127190206
2018-01-27 19:02:46.499;SP;AS41-AS1-20180127190224
2018-01-27 19:02:46.796;VU;AS41-AS1-20180127190103
2018-01-27 19:02:47.326;VU;AS41-AS1-20180127190124
2018-01-27 19:02:47.539;RC;AS41-AS1-20180127190224
2018-01-27 19:02:48.456;VU;AS41-AS1-20180127190150
2018-01-27 19:02:49.983;SS;AS41-AS1-20180127190224
2018-01-27 19:02:50.439;SQ;AS41-AS1-20180127190250
2018-01-27 19:03:02.099;RO;AS41-AS1-20180127190250
2018-01-27 19:03:02.990;RU;AS41-AS1-20180127190224
2018-01-27 19:03:04.534;SP;AS41-AS1-20180127190250
2018-01-27 19:03:08.276;SQ;AS41-AS1-20180127190308
2018-01-27 19:03:08.865;RC;AS41-AS1-20180127190250
2018-01-27 19:03:10.719;SS;AS41-AS1-20180127190250
2018-01-27 19:03:21.391;RO;AS41-AS1-20180127190308
2018-01-27 19:03:23.167;SP;AS41-AS1-20180127190308
2018-01-27 19:03:25.531;RU;AS41-AS1-20180127190250
2018-01-27 19:03:27.924;SQ;AS41-AS1-20180127190327
2018-01-27 19:03:28.526;RC;AS41-AS1-20180127190308
2018-01-27 19:03:30.621;SS;AS41-AS1-20180127190308
2018-01-27 19:03:38.879;RO;AS41-AS1-20180127190327
2018-01-27 19:03:40.970;RU;AS41-AS1-20180127190308
2018-01-27 19:03:45.933;SP;AS41-AS1-20180127190327
2018-01-27 19:03:46.590;VU;AS41-AS1-20180127190250
2018-01-27 19:03:46.934;VU;AS41-AS1-20180127190206
2018-01-27 19:03:47.343;RC;AS41-AS1-20180127190327
2018-01-27 19:03:47.384;VU;AS41-AS1-20180127190224
2018-01-27 19:03:49.693;SS;AS41-AS1-20180127190327
2018-01-27 19:03:49.694;SQ;AS41-AS1-20180127190349
2018-01-27 19:04:00.475;RO;AS41-AS1-20180127190349
2018-01-27 19:04:01.779;SP;AS41-AS1-20180127190349
2018-01-27 19:04:03.300;RU;AS41-AS1-20180127190327
2018-01-27 19:04:05.087;SQ;AS41-AS1-20180127190405
2018-01-27 19:04:06.181;RC;AS41-AS1-20180127190349
2018-01-27 19:04:07.860;SS;AS41-AS1-20180127190349
2018-01-27 19:04:14.202;RO;AS41-AS1-20180127190405
2018-01-27 19:04:16.488;SP;AS41-AS1-20180127190405
2018-01-27 19:04:20.342;SQ;AS41-AS1-20180127190420
2018-01-27 19:04:21.840;RU;AS41-AS1-20180127190349
2018-01-27 19:04:22.294;RC;AS41-AS1-20180127190405
2018-01-27 19:04:25.323;SS;AS41-AS1-20180127190405
2018-01-27 19:04:30.799;RO;AS41-AS1-20180127190420
2018-01-27 19:04:35.281;SP;AS41-AS1-20180127190420
2018-01-27 19:04:35.987;RU;AS41-AS1-20180127190405
2018-01-27 19:04:37.803;RC;AS41-AS1-20180127190420
2018-01-27 19:04:45.898;SS;AS41-AS1-20180127190420
2018-01-27 19:04:46.388;VU;AS41-AS1-20180127190405
2018-01-27 19:04:46.394;VU;AS41-AS1-20180127190349
2018-01-27 19:04:47.009;SQ;AS41-AS1-20180127190447
2018-01-27 19:04:47.089;VU;AS41-AS1-20180127190308
2018-01-27 19:04:47.496;VU;AS41-AS1-20180127190327
2018-01-27 19:04:54.491;RU;AS41-AS1-20180127190420
2018-01-27 19:04:55.372;RO;AS41-AS1-20180127190447
2018-01-27 19:04:56.389;SP;AS41-AS1-20180127190447
2018-01-27 19:04:58.890;SQ;AS41-AS1-20180127190458
2018-01-27 19:05:00.318;RC;AS41-AS1-20180127190447
2018-01-27 19:05:01.424;SS;AS41-AS1-20180127190447
2018-01-27 19:05:06.719;RO;AS41-AS1-20180127190458
2018-01-27 19:05:08.424;SP;AS41-AS1-20180127190458
2018-01-27 19:05:10.947;SQ;AS41-AS1-20180127190510
2018-01-27 19:05:14.547;RU;AS41-AS1-20180127190447
2018-01-27 19:05:15.171;RC;AS41-AS1-20180127190458
2018-01-27 19:05:17.019;SS;AS41-AS1-20180127190458
2018-01-27 19:05:23.239;RO;AS41-AS1-20180127190510
2018-01-27 19:05:25.395;SP;AS41-AS1-20180127190510
2018-01-27 19:05:29.288;SQ;AS41-AS1-20180127190529
2018-01-27 19:05:31.353;RC;AS41-AS1-20180127190510
2018-01-27 19:05:31.427;RU;AS41-AS1-20180127190458
2018-01-27 19:05:36.988;SS;AS41-AS1-20180127190510
2018-01-27 19:05:37.610;RO;AS41-AS1-20180127190529
2018-01-27 19:05:43.894;RU;AS41-AS1-20180127190510
2018-01-27 19:05:47.571;SP;AS41-AS1-20180127190529
2018-01-27 19:05:48.472;VU;AS41-AS1-20180127190458
2018-01-27 19:05:48.525;VU;AS41-AS1-20180127190420
2018-01-27 19:05:49.880;RC;AS41-AS1-20180127190529
2018-01-27 19:05:51.078;VU;AS41-AS1-20180127190447
2018-01-27 19:06:11.720;SS;AS41-AS1-20180127190529
2018-01-27 19:06:22.338;RU;AS41-AS1-20180127190529
2018-01-27 19:06:26.323;SQ;AS41-AS1-20180127190626
2018-01-27 19:06:33.062;RO;AS41-AS1-20180127190626
2018-01-27 19:07:20.821;SP;AS41-AS1-20180127190626
2018-01-27 19:07:27.778;RC;AS41-AS1-20180127190626
2018-01-27 19:08:39.132;SS;AS41-AS1-20180127190626
2018-01-27 19:08:43.475;RU;AS41-AS1-20180127190626
2018-01-27 19:09:28.914;VU;AS41-AS1-20180127190510
2018-01-27 19:09:29.531;VU;AS41-AS1-20180127190529
2018-01-27 19:09:36.946;SQ;AS41-AS1-20180127190936
2018-01-27 19:09:38.217;RO;AS41-AS1-20180127190936
2018-01-27 19:10:15.668;SP;AS41-AS1-20180127190936
2018-01-27 19:10:16.320;RC;AS41-AS1-20180127190936
2018-01-27 19:11:11.858;SS;AS41-AS1-20180127190936
2018-01-27 19:11:16.193;RU;AS41-AS1-20180127190936
2018-01-27 19:12:08.693;SQ;AS41-AS1-20180127191208
2018-01-27 19:12:09.965;RO;AS41-AS1-20180127191208
2018-01-27 19:13:06.450;SP;AS41-AS1-20180127191208
2018-01-27 19:13:07.103;RC;AS41-AS1-20180127191208
2018-01-27 19:14:26.434;SS;AS41-AS1-20180127191208
2018-01-27 19:14:30.750;RU;AS41-AS1-20180127191208
2018-01-27 19:15:26.296;SQ;AS41-AS1-20180127191526
2018-01-27 19:15:27.650;RO;AS41-AS1-20180127191526
2018-01-27 19:15:39.477;VU;AS41-AS1-20180127190626
2018-01-27 19:15:39.804;VU;AS41-AS1-20180127190936
2018-01-27 19:15:51.964;SP;AS41-AS1-20180127191526
2018-01-27 19:15:52.620;RC;AS41-AS1-20180127191526
2018-01-27 19:16:03.080;VU;AS41-AS1-20180127191208
2018-01-27 19:16:16.197;SS;AS41-AS1-20180127191526
2018-01-27 19:16:20.523;RU;AS41-AS1-20180127191526
2018-01-27 19:16:30.159;SQ;AS41-AS1-20180127191630
2018-01-27 19:16:31.465;RO;AS41-AS1-20180127191630
2018-01-27 19:16:54.777;SP;AS41-AS1-20180127191630
2018-01-27 19:16:55.435;RC;AS41-AS1-20180127191630
2018-01-27 19:17:07.967;VU;AS41-AS1-20180127191526
2018-01-27 19:17:19.551;SS;AS41-AS1-20180127191630
2018-01-27 19:17:23.852;RU;AS41-AS1-20180127191630
2018-01-27 19:17:33.092;SQ;AS41-AS1-20180127191733
2018-01-27 19:17:34.447;RO;AS41-AS1-20180127191733
2018-01-27 19:17:57.832;SP;AS41-AS1-20180127191733
2018-01-27 19:17:58.486;RC;AS41-AS1-20180127191733
2018-01-27 19:18:12.393;VU;AS41-AS1-20180127191630
2018-01-27 19:18:22.918;SS;AS41-AS1-20180127191733
2018-01-27 19:18:27.262;RU;AS41-AS1-20180127191733
2018-01-27 19:18:37.599;SQ;AS41-AS1-20180127191837
2018-01-27 19:18:38.909;RO;AS41-AS1-20180127191837
2018-01-27 19:19:03.113;SP;AS41-AS1-20180127191837
2018-01-27 19:19:03.845;RC;AS41-AS1-20180127191837
2018-01-27 19:19:15.760;VU;AS41-AS1-20180127191733
2018-01-27 19:19:27.614;SS;AS41-AS1-20180127191837
2018-01-27 19:19:31.953;RU;AS41-AS1-20180127191837
2018-01-27 19:19:41.919;SQ;AS41-AS1-20180127191941
2018-01-27 19:19:43.231;RO;AS41-AS1-20180127191941
2018-01-27 19:20:03.572;SP;AS41-AS1-20180127191941
2018-01-27 19:20:04.308;RC;AS41-AS1-20180127191941
2018-01-27 19:20:21.209;VU;AS41-AS1-20180127191837
2018-01-27 19:20:33.953;SS;AS41-AS1-20180127191941
2018-01-27 19:20:38.262;RU;AS41-AS1-20180127191941
2018-01-27 19:20:48.118;SQ;AS41-AS1-20180127192048
2018-01-27 19:20:49.389;RO;AS41-AS1-20180127192048
2018-01-27 19:21:13.128;SP;AS41-AS1-20180127192048
2018-01-27 19:21:13.823;RC;AS41-AS1-20180127192048
2018-01-27 19:21:26.062;VU;AS41-AS1-20180127191941
2018-01-27 19:21:38.857;SS;AS41-AS1-20180127192048
2018-01-27 19:21:43.163;RU;AS41-AS1-20180127192048
2018-01-27 19:21:53.615;SQ;AS41-AS1-20180127192153
2018-01-27 19:21:54.963;RO;AS41-AS1-20180127192153
2018-01-27 19:22:13.867;SP;AS41-AS1-20180127192153
2018-01-27 19:22:14.562;RC;AS41-AS1-20180127192153
2018-01-27 19:22:38.300;SS;AS41-AS1-20180127192153
2018-01-27 19:22:42.605;RU;AS41-AS1-20180127192153
2018-01-27 19:22:48.181;VU;AS41-AS1-20180127192048
2018-01-27 19:23:55.938;VU;AS41-AS1-20180127192153
