2018-01-27 18:59:29.005;SQ;AS44-AS1-20180127185929
2018-01-27 18:59:38.034;RO;AS44-AS1-20180127185929
2018-01-27 18:59:39.334;SP;AS44-AS1-20180127185929
2018-01-27 18:59:40.956;SQ;AS44-AS1-20180127185940
2018-01-27 18:59:45.168;RC;AS44-AS1-20180127185929
2018-01-27 18:59:45.992;SS;AS44-AS1-20180127185929
2018-01-27 18:59:57.547;RO;AS44-AS1-20180127185940
2018-01-27 18:59:58.782;SP;AS44-AS1-20180127185940
2018-01-27 19:00:00.428;SQ;AS44-AS1-20180127190000
2018-01-27 19:00:01.898;RU;AS44-AS1-20180127185929
2018-01-27 19:00:07.806;RC;AS44-AS1-20180127185940
2018-01-27 19:00:09.028;SS;AS44-AS1-20180127185940
2018-01-27 19:00:16.031;RO;AS44-AS1-20180127190000
2018-01-27 19:00:17.718;SP;AS44-AS1-20180127190000
2018-01-27 19:00:19.926;SQ;AS44-AS1-20180127190019
2018-01-27 19:00:27.284;RC;AS44-AS1-20180127190000
2018-01-27 19:00:28.456;RU;AS44-AS1-20180127185940
2018-01-27 19:00:28.606;SS;AS44-AS1-20180127190000
2018-01-27 19:00:36.847;RO;AS44-AS1-20180127190019
2018-01-27 19:00:41.057;SP;AS44-AS1-20180127190019
2018-01-27 19:00:42.175;RU;AS44-AS1-20180127190000
2018-01-27 19:00:44.094;RC;AS44-AS1-20180127190019
2018-01-27 19:00:44.514;VU;AS44-AS1-20180127185940
2018-01-27 19:00:46.650;SS;AS44-AS1-20180127190019
2018-01-27 19:00:46.702;VU;AS44-AS1-20180127185929
2018-01-27 19:00:46.922;SQ;AS44-AS1-20180127190046
2018-01-27 19:00:58.669;RO;AS44-AS1-20180127190046
2018-01-27 19:01:00.037;SP;AS44-AS1-20180127190046
2018-01-27 19:01:02.392;SQ;AS44-AS1-20180127190102
2018-01-27 19:01:05.401;RU;AS44-AS1-20180127190019
2018-01-27 19:01:06.606;RC;AS44-AS1-20180127190046
2018-01-27 19:01:08.172;SS;AS44-AS1-20180127190046
2018-01-27 19:01:14.741;RO;AS44-AS1-20180127190102
2018-01-27 19:01:16.735;SP;AS44-AS1-20180127190102
2018-01-27 19:01:20.438;SQ;AS44-AS1-20180127190120
2018-01-27 19:01:20.807;RC;AS44-AS1-20180127190102
2018-01-27 19:01:22.535;SS;AS44-AS1-20180127190102
2018-01-27 19:01:25.889;RU;AS44-AS1-20180127190046
2018-01-27 19:01:36.265;RO;AS44-AS1-20180127190120
2018-01-27 19:01:40.966;RU;AS44-AS1-20180127190102
2018-01-27 19:01:42.258;SP;AS44-AS1-20180127190120
2018-01-27 19:01:43.674;RC;AS44-AS1-20180127190120
2018-01-27 19:01:45.398;VU;AS44-AS1-20180127190000
2018-01-27 19:01:45.938;VU;AS44-AS1-20180127190046
2018-01-27 19:01:47.390;SS;AS44-AS1-20180127190120
2018-01-27 19:01:48.391;VU;AS44-AS1-20180127190019
2018-01-27 19:01:48.631;SQ;AS44-AS1-20180127190148
2018-01-27 19:01:59.272;RU;AS44-AS1-20180127190120
2018-01-27 19:01:59.312;RO;AS44-AS1-20180127190148
2018-01-27 19:02:01.468;SP;AS44-AS1-20180127190148
2018-01-27 19:02:05.218;SQ;AS44-AS1-20180127190205
2018-01-27 19:02:06.985;RC;AS44-AS1-20180127190148
2018-01-27 19:02:08.963;SS;AS44-AS1-20180127190148
2018-01-27 19:02:16.544;RO;AS44-AS1-20180127190205
2018-01-27 19:02:18.503;SP;AS44-AS1-20180127190205
2018-01-27 19:02:22.228;SQ;AS44-AS1-20180127190222
2018-01-27 19:02:24.858;RC;AS44-AS1-20180127190205
2018-01-27 19:02:25.084;RU;AS44-AS1-20180127190148
2018-01-27 19:02:27.230;SS;AS44-AS1-20180127190205
2018-01-27 19:02:34.927;RO;AS44-AS1-20180127190222
2018-01-27 19:02:39.578;RU;AS44-AS1-20180127190205
2018-01-27 19:02:40.489;SP;AS44-AS1-20180127190222
2018-01-27 19:02:41.408;RC;AS44-AS1-20180127190222
2018-01-27 19:02:46.558;VU;AS44-AS1-20180127190102
2018-01-27 19:02:46.558;VU;AS44-AS1-20180127190120
2018-01-27 19:02:47.343;SS;AS44-AS1-20180127190222
2018-01-27 19:02:47.794;VU;AS44-AS1-20180127190148
2018-01-27 19:02:48.223;SQ;AS44-AS1-20180127190248
2018-01-27 19:02:57.595;RO;AS44-AS1-20180127190248
2018-01-27 19:02:58.073;RU;AS44-AS1-20180127190222
2018-01-27 19:02:59.426;SP;AS44-AS1-20180127190248
2018-01-27 19:03:03.350;SQ;AS44-AS1-20180127190303
2018-01-27 19:03:03.758;RC;AS44-AS1-20180127190248
2018-01-27 19:03:05.370;SS;AS44-AS1-20180127190248
2018-01-27 19:03:12.660;RO;AS44-AS1-20180127190303
2018-01-27 19:03:14.611;SP;AS44-AS1-20180127190303
2018-01-27 19:03:18.369;SQ;AS44-AS1-20180127190318
2018-01-27 19:03:19.389;RC;AS44-AS1-20180127190303
2018-01-27 19:03:19.887;RU;AS44-AS1-20180127190248
2018-01-27 19:03:21.903;SS;AS44-AS1-20180127190303
2018-01-27 19:03:29.917;RO;AS44-AS1-20180127190318
2018-01-27 19:03:34.587;SP;AS44-AS1-20180127190318
2018-01-27 19:03:34.935;RU;AS44-AS1-20180127190303
2018-01-27 19:03:37.869;RC;AS44-AS1-20180127190318
2018-01-27 19:03:45.882;SS;AS44-AS1-20180127190318
2018-01-27 19:03:46.227;VU;AS44-AS1-20180127190205
2018-01-27 19:03:47.211;VU;AS44-AS1-20180127190248
2018-01-27 19:03:47.383;SQ;AS44-AS1-20180127190347
2018-01-27 19:03:48.143;VU;AS44-AS1-20180127190222
2018-01-27 19:03:48.556;VU;AS44-AS1-20180127190303
2018-01-27 19:03:55.709;RU;AS44-AS1-20180127190318
2018-01-27 19:03:55.870;RO;AS44-AS1-20180127190347
2018-01-27 19:03:57.358;SP;AS44-AS1-20180127190347
2018-01-27 19:03:59.794;SQ;AS44-AS1-20180127190359
2018-01-27 19:04:02.520;RC;AS44-AS1-20180127190347
2018-01-27 19:04:04.062;SS;AS44-AS1-20180127190347
2018-01-27 19:04:08.786;RO;AS44-AS1-20180127190359
2018-01-27 19:04:10.481;SP;AS44-AS1-20180127190359
2018-01-27 19:04:12.771;SQ;AS44-AS1-20180127190412
2018-01-27 19:04:15.825;RC;AS44-AS1-20180127190359
2018-01-27 19:04:16.183;RU;AS44-AS1-20180127190347
2018-01-27 19:04:17.994;SS;AS44-AS1-20180127190359
2018-01-27 19:04:24.045;RO;AS44-AS1-20180127190412
2018-01-27 19:04:25.747;SP;AS44-AS1-20180127190412
2018-01-27 19:04:29.603;SQ;AS44-AS1-20180127190429
2018-01-27 19:04:30.842;RC;AS44-AS1-20180127190412
2018-01-27 19:04:31.739;RU;AS44-AS1-20180127190359
2018-01-27 19:04:34.912;SS;AS44-AS1-20180127190412
2018-01-27 19:04:38.115;RO;AS44-AS1-20180127190429
2018-01-27 19:04:41.609;RU;AS44-AS1-20180127190412
2018-01-27 19:04:44.902;SP;AS44-AS1-20180127190429
2018-01-27 19:04:45.703;RC;AS44-AS1-20180127190429
2018-01-27 19:04:45.899;VU;AS44-AS1-20180127190359
2018-01-27 19:04:46.566;VU;AS44-AS1-20180127190318
2018-01-27 19:04:48.153;VU;AS44-AS1-20180127190347
2018-01-27 19:04:48.311;SS;AS44-AS1-20180127190429
2018-01-27 19:04:49.480;SQ;AS44-AS1-20180127190449
2018-01-27 19:04:57.714;RO;AS44-AS1-20180127190449
2018-01-27 19:04:59.243;SP;AS44-AS1-20180127190449
2018-01-27 19:04:59.869;RU;AS44-AS1-20180127190429
2018-01-27 19:05:02.334;RC;AS44-AS1-20180127190449
2018-01-27 19:05:02.744;SQ;AS44-AS1-20180127190502
2018-01-27 19:05:03.517;SS;AS44-AS1-20180127190449
2018-01-27 19:05:15.846;RO;AS44-AS1-20180127190502
2018-01-27 19:05:17.787;SP;AS44-AS1-20180127190502
2018-01-27 19:05:18.692;RU;AS44-AS1-20180127190449
2018-01-27 19:05:22.814;SQ;AS44-AS1-20180127190522
2018-01-27 19:05:24.379;RC;AS44-AS1-20180127190502
2018-01-27 19:05:27.310;SS;AS44-AS1-20180127190502
2018-01-27 19:05:32.340;RO;AS44-AS1-20180127190522
2018-01-27 19:05:36.979;SP;AS44-AS1-20180127190522
2018-01-27 19:05:39.325;RU;AS44-AS1-20180127190502
2018-01-27 19:05:39.825;RC;AS44-AS1-20180127190522
2018-01-27 19:05:45.683;VU;AS44-AS1-20180127190412
2018-01-27 19:05:45.683;VU;AS44-AS1-20180127190429
2018-01-27 19:05:45.974;VU;AS44-AS1-20180127190449
2018-01-27 19:05:46.059;SS;AS44-AS1-20180127190522
2018-01-27 19:05:46.499;SQ;AS44-AS1-20180127190546
2018-01-27 19:05:50.493;RO;AS44-AS1-20180127190546
2018-01-27 19:05:52.138;SP;AS44-AS1-20180127190546
2018-01-27 19:05:54.486;SQ;AS44-AS1-20180127190554
2018-01-27 19:05:55.208;RU;AS44-AS1-20180127190522
2018-01-27 19:05:57.006;RC;AS44-AS1-20180127190546
2018-01-27 19:05:58.247;SS;AS44-AS1-20180127190546
2018-01-27 19:06:03.324;RO;AS44-AS1-20180127190554
2018-01-27 19:06:05.183;SP;AS44-AS1-20180127190554
2018-01-27 19:06:07.834;RC;AS44-AS1-20180127190554
2018-01-27 19:06:09.178;RU;AS44-AS1-20180127190546
2018-01-27 19:06:09.610;SQ;AS44-AS1-20180127190609
2018-01-27 19:06:10.864;SS;AS44-AS1-20180127190554
2018-01-27 19:06:19.179;RO;AS44-AS1-20180127190609
2018-01-27 19:06:21.748;RU;AS44-AS1-20180127190554
2018-01-27 19:06:22.514;SP;AS44-AS1-20180127190609
2018-01-27 19:06:26.265;RC;AS44-AS1-20180127190609
2018-01-27 19:06:30.134;SQ;AS44-AS1-20180127190630
2018-01-27 19:06:30.560;SS;AS44-AS1-20180127190609
2018-01-27 19:06:37.038;RO;AS44-AS1-20180127190630
2018-01-27 19:06:38.234;RU;AS44-AS1-20180127190609
2018-01-27 19:06:46.232;SP;AS44-AS1-20180127190630
2018-01-27 19:06:47.081;RC;AS44-AS1-20180127190630
2018-01-27 19:06:47.470;VU;AS44-AS1-20180127190522
2018-01-27 19:06:48.523;VU;AS44-AS1-20180127190502
2018-01-27 19:06:49.095;VU;AS44-AS1-20180127190546
2018-01-27 19:06:50.439;SS;AS44-AS1-20180127190630
2018-01-27 19:06:50.451;VU;AS44-AS1-20180127190554
2018-01-27 19:06:51.294;SQ;AS44-AS1-20180127190651
2018-01-27 19:06:59.190;RO;AS44-AS1-20180127190651
2018-01-27 19:07:00.540;RU;AS44-AS1-20180127190630
2018-01-27 19:07:00.738;SP;AS44-AS1-20180127190651
2018-01-27 19:07:04.108;RC;AS44-AS1-20180127190651
2018-01-27 19:07:04.446;SQ;AS44-AS1-20180127190704
2018-01-27 19:07:06.411;SS;AS44-AS1-20180127190651
2018-01-27 19:07:14.172;RO;AS44-AS1-20180127190704
2018-01-27 19:07:16.331;SP;AS44-AS1-20180127190704
2018-01-27 19:07:16.728;RU;AS44-AS1-20180127190651
2018-01-27 19:07:19.721;RC;AS44-AS1-20180127190704
2018-01-27 19:07:21.748;SQ;AS44-AS1-20180127190721
2018-01-27 19:07:22.593;SS;AS44-AS1-20180127190704
2018-01-27 19:07:28.959;RO;AS44-AS1-20180127190721
2018-01-27 19:07:31.417;SP;AS44-AS1-20180127190721
2018-01-27 19:07:33.138;RU;AS44-AS1-20180127190704
2018-01-27 19:07:34.614;RC;AS44-AS1-20180127190721
2018-01-27 19:07:40.543;SQ;AS44-AS1-20180127190740
2018-01-27 19:07:41.954;RO;AS44-AS1-20180127190740
2018-01-27 19:07:42.662;SS;AS44-AS1-20180127190721
2018-01-27 19:07:47.572;RU;AS44-AS1-20180127190721
2018-01-27 19:07:47.926;SP;AS44-AS1-20180127190740
2018-01-27 19:07:48.254;VU;AS44-AS1-20180127190630
2018-01-27 19:07:48.255;VU;AS44-AS1-20180127190609
2018-01-27 19:07:48.255;VU;AS44-AS1-20180127190651
2018-01-27 19:07:48.927;VU;AS44-AS1-20180127190704
2018-01-27 19:07:50.217;SQ;AS44-AS1-20180127190750
2018-01-27 19:07:50.411;RC;AS44-AS1-20180127190740
2018-01-27 19:07:51.904;SS;AS44-AS1-20180127190740
2018-01-27 19:07:55.152;RO;AS44-AS1-20180127190750
2018-01-27 19:07:56.149;SP;AS44-AS1-20180127190750
2018-01-27 19:07:58.594;SQ;AS44-AS1-20180127190758
2018-01-27 19:08:00.190;RC;AS44-AS1-20180127190750
2018-01-27 19:08:00.339;RU;AS44-AS1-20180127190740
2018-01-27 19:08:01.948;SS;AS44-AS1-20180127190750
2018-01-27 19:08:03.190;RO;AS44-AS1-20180127190758
2018-01-27 19:08:05.805;SP;AS44-AS1-20180127190758
2018-01-27 19:08:08.310;RC;AS44-AS1-20180127190758
2018-01-27 19:08:10.175;SS;AS44-AS1-20180127190758
2018-01-27 19:08:10.820;RU;AS44-AS1-20180127190750
2018-01-27 19:08:15.809;RU;AS44-AS1-20180127190758
2018-01-27 19:08:46.939;VU;AS44-AS1-20180127190740
2018-01-27 19:08:47.607;VU;AS44-AS1-20180127190758
2018-01-27 19:08:47.831;VU;AS44-AS1-20180127190750
2018-01-27 19:08:48.312;VU;AS44-AS1-20180127190721
