2018-01-27 18:59:28.805;SQ;AS49-AS1-20180127185928
2018-01-27 18:59:35.349;RO;AS49-AS1-20180127185928
2018-01-27 18:59:36.665;SP;AS49-AS1-20180127185928
2018-01-27 18:59:38.360;SQ;AS49-AS1-20180127185938
2018-01-27 18:59:41.743;RC;AS49-AS1-20180127185928
2018-01-27 18:59:42.573;SS;AS49-AS1-20180127185928
2018-01-27 18:59:51.607;RO;AS49-AS1-20180127185938
2018-01-27 18:59:52.692;SP;AS49-AS1-20180127185938
2018-01-27 18:59:54.393;SQ;AS49-AS1-20180127185954
2018-01-27 18:59:59.956;RC;AS49-AS1-20180127185938
2018-01-27 19:00:00.802;SS;AS49-AS1-20180127185938
2018-01-27 19:00:00.987;RU;AS49-AS1-20180127185928
2018-01-27 19:00:12.255;RO;AS49-AS1-20180127185954
2018-01-27 19:00:13.783;SP;AS49-AS1-20180127185954
2018-01-27 19:00:15.902;RU;AS49-AS1-20180127185938
2018-01-27 19:00:16.563;SQ;AS49-AS1-20180127190016
2018-01-27 19:00:21.889;RC;AS49-AS1-20180127185954
2018-01-27 19:00:23.442;SS;AS49-AS1-20180127185954
2018-01-27 19:00:33.134;RO;AS49-AS1-20180127190016
2018-01-27 19:00:37.292;SP;AS49-AS1-20180127190016
2018-01-27 19:00:40.086;RU;AS49-AS1-20180127185954
2018-01-27 19:00:42.186;RC;AS49-AS1-20180127190016
2018-01-27 19:00:43.686;VU;AS49-AS1-20180127185928
2018-01-27 19:00:45.475;SS;AS49-AS1-20180127190016
2018-01-27 19:00:45.486;SQ;AS49-AS1-20180127190045
2018-01-27 19:00:54.014;RU;AS49-AS1-20180127190016
2018-01-27 19:00:59.706;RO;AS49-AS1-20180127190045
2018-01-27 19:01:02.727;SP;AS49-AS1-20180127190045
2018-01-27 19:01:07.988;SQ;AS49-AS1-20180127190107
2018-01-27 19:01:12.489;RC;AS49-AS1-20180127190045
2018-01-27 19:01:15.255;SS;AS49-AS1-20180127190045
2018-01-27 19:01:22.419;RO;AS49-AS1-20180127190107
2018-01-27 19:01:25.088;SP;AS49-AS1-20180127190107
2018-01-27 19:01:30.574;SQ;AS49-AS1-20180127190130
2018-01-27 19:01:32.686;RU;AS49-AS1-20180127190045
2018-01-27 19:01:32.746;RC;AS49-AS1-20180127190107
2018-01-27 19:01:40.470;SS;AS49-AS1-20180127190107
2018-01-27 19:01:41.043;RO;AS49-AS1-20180127190130
2018-01-27 19:01:46.632;SP;AS49-AS1-20180127190130
2018-01-27 19:01:47.929;VU;AS49-AS1-20180127190045
2018-01-27 19:01:48.364;VU;AS49-AS1-20180127185954
2018-01-27 19:01:48.534;RU;AS49-AS1-20180127190107
2018-01-27 19:01:48.576;RC;AS49-AS1-20180127190130
2018-01-27 19:01:52.434;SS;AS49-AS1-20180127190130
2018-01-27 19:01:53.243;SQ;AS49-AS1-20180127190153
2018-01-27 19:02:04.913;RO;AS49-AS1-20180127190153
2018-01-27 19:02:07.922;SP;AS49-AS1-20180127190153
2018-01-27 19:02:08.580;RU;AS49-AS1-20180127190130
2018-01-27 19:02:13.852;RC;AS49-AS1-20180127190153
2018-01-27 19:02:14.979;SQ;AS49-AS1-20180127190214
2018-01-27 19:02:17.892;SS;AS49-AS1-20180127190153
2018-01-27 19:02:27.629;RO;AS49-AS1-20180127190214
2018-01-27 19:02:31.696;SP;AS49-AS1-20180127190214
2018-01-27 19:02:32.710;RU;AS49-AS1-20180127190153
2018-01-27 19:02:37.362;RC;AS49-AS1-20180127190214
2018-01-27 19:02:47.104;SS;AS49-AS1-20180127190214
2018-01-27 19:02:48.424;VU;AS49-AS1-20180127190107
2018-01-27 19:02:48.796;SQ;AS49-AS1-20180127190248
2018-01-27 19:02:50.774;VU;AS49-AS1-20180127190153
2018-01-27 19:02:50.774;VU;AS49-AS1-20180127190130
2018-01-27 19:02:57.597;RU;AS49-AS1-20180127190214
2018-01-27 19:02:58.473;RO;AS49-AS1-20180127190248
2018-01-27 19:03:01.285;SP;AS49-AS1-20180127190248
2018-01-27 19:03:05.921;RC;AS49-AS1-20180127190248
2018-01-27 19:03:06.774;SQ;AS49-AS1-20180127190306
2018-01-27 19:03:08.918;SS;AS49-AS1-20180127190248
2018-01-27 19:03:18.055;RO;AS49-AS1-20180127190306
2018-01-27 19:03:20.942;SP;AS49-AS1-20180127190306
2018-01-27 19:03:24.581;RU;AS49-AS1-20180127190248
2018-01-27 19:03:27.033;RC;AS49-AS1-20180127190306
2018-01-27 19:03:27.067;SQ;AS49-AS1-20180127190327
2018-01-27 19:03:30.524;SS;AS49-AS1-20180127190306
2018-01-27 19:03:36.870;RO;AS49-AS1-20180127190327
2018-01-27 19:03:41.112;RU;AS49-AS1-20180127190306
2018-01-27 19:03:45.734;SP;AS49-AS1-20180127190327
2018-01-27 19:03:46.910;RC;AS49-AS1-20180127190327
2018-01-27 19:03:47.337;VU;AS49-AS1-20180127190214
2018-01-27 19:03:49.714;VU;AS49-AS1-20180127190248
2018-01-27 19:03:51.043;SS;AS49-AS1-20180127190327
2018-01-27 19:03:53.465;SQ;AS49-AS1-20180127190353
2018-01-27 19:04:03.304;RO;AS49-AS1-20180127190353
2018-01-27 19:04:03.880;RU;AS49-AS1-20180127190327
2018-01-27 19:04:07.117;SP;AS49-AS1-20180127190353
2018-01-27 19:04:12.515;RC;AS49-AS1-20180127190353
2018-01-27 19:04:14.320;SQ;AS49-AS1-20180127190414
2018-01-27 19:04:16.547;SS;AS49-AS1-20180127190353
2018-01-27 19:04:26.865;RO;AS49-AS1-20180127190414
2018-01-27 19:04:29.503;RU;AS49-AS1-20180127190353
2018-01-27 19:04:31.140;SP;AS49-AS1-20180127190414
2018-01-27 19:04:35.566;RC;AS49-AS1-20180127190414
2018-01-27 19:04:45.968;SS;AS49-AS1-20180127190414
2018-01-27 19:04:48.010;SQ;AS49-AS1-20180127190448
2018-01-27 19:04:48.056;VU;AS49-AS1-20180127190353
2018-01-27 19:04:49.645;VU;AS49-AS1-20180127190306
2018-01-27 19:04:50.132;VU;AS49-AS1-20180127190327
2018-01-27 19:04:56.231;RU;AS49-AS1-20180127190414
2018-01-27 19:04:57.280;RO;AS49-AS1-20180127190448
2018-01-27 19:05:00.174;SP;AS49-AS1-20180127190448
2018-01-27 19:05:03.245;RC;AS49-AS1-20180127190448
2018-01-27 19:05:06.549;SQ;AS49-AS1-20180127190506
2018-01-27 19:05:06.987;SS;AS49-AS1-20180127190448
2018-01-27 19:05:19.074;RO;AS49-AS1-20180127190506
2018-01-27 19:05:22.307;SP;AS49-AS1-20180127190506
2018-01-27 19:05:22.982;RU;AS49-AS1-20180127190448
2018-01-27 19:05:27.111;RC;AS49-AS1-20180127190506
2018-01-27 19:05:29.717;SQ;AS49-AS1-20180127190529
2018-01-27 19:05:31.239;SS;AS49-AS1-20180127190506
2018-01-27 19:05:40.363;RO;AS49-AS1-20180127190529
2018-01-27 19:05:40.746;RU;AS49-AS1-20180127190506
2018-01-27 19:05:47.020;VU;AS49-AS1-20180127190448
2018-01-27 19:05:47.562;SP;AS49-AS1-20180127190529
2018-01-27 19:05:48.938;VU;AS49-AS1-20180127190414
2018-01-27 19:05:49.881;RC;AS49-AS1-20180127190529
2018-01-27 19:05:53.799;SQ;AS49-AS1-20180127190553
2018-01-27 19:05:53.800;SS;AS49-AS1-20180127190529
2018-01-27 19:06:03.153;RO;AS49-AS1-20180127190553
2018-01-27 19:06:05.975;RU;AS49-AS1-20180127190529
2018-01-27 19:06:06.181;SP;AS49-AS1-20180127190553
2018-01-27 19:06:10.643;RC;AS49-AS1-20180127190553
2018-01-27 19:06:14.252;SQ;AS49-AS1-20180127190614
2018-01-27 19:06:15.255;SS;AS49-AS1-20180127190553
2018-01-27 19:06:25.121;RU;AS49-AS1-20180127190553
2018-01-27 19:06:26.522;RO;AS49-AS1-20180127190614
2018-01-27 19:06:30.890;SP;AS49-AS1-20180127190614
2018-01-27 19:06:34.503;RC;AS49-AS1-20180127190614
2018-01-27 19:06:44.933;SS;AS49-AS1-20180127190614
2018-01-27 19:06:48.258;SQ;AS49-AS1-20180127190648
2018-01-27 19:06:48.683;VU;AS49-AS1-20180127190553
2018-01-27 19:06:49.638;VU;AS49-AS1-20180127190529
2018-01-27 19:06:50.499;RU;AS49-AS1-20180127190614
2018-01-27 19:06:50.701;VU;AS49-AS1-20180127190506
2018-01-27 19:06:52.027;RO;AS49-AS1-20180127190648
2018-01-27 19:06:54.652;SP;AS49-AS1-20180127190648
2018-01-27 19:06:59.622;RC;AS49-AS1-20180127190648
2018-01-27 19:07:00.551;SQ;AS49-AS1-20180127190700
2018-01-27 19:07:02.388;SS;AS49-AS1-20180127190648
2018-01-27 19:07:07.956;RO;AS49-AS1-20180127190700
2018-01-27 19:07:10.746;SP;AS49-AS1-20180127190700
2018-01-27 19:07:12.393;RU;AS49-AS1-20180127190648
2018-01-27 19:07:15.651;RC;AS49-AS1-20180127190700
2018-01-27 19:07:17.527;SQ;AS49-AS1-20180127190717
2018-01-27 19:07:19.514;SS;AS49-AS1-20180127190700
2018-01-27 19:07:24.952;RO;AS49-AS1-20180127190717
2018-01-27 19:07:28.011;SP;AS49-AS1-20180127190717
2018-01-27 19:07:29.527;RU;AS49-AS1-20180127190700
2018-01-27 19:07:30.787;RC;AS49-AS1-20180127190717
2018-01-27 19:07:39.562;SS;AS49-AS1-20180127190717
2018-01-27 19:07:41.975;SQ;AS49-AS1-20180127190741
2018-01-27 19:07:43.561;RO;AS49-AS1-20180127190741
2018-01-27 19:07:44.310;RU;AS49-AS1-20180127190717
2018-01-27 19:07:47.910;VU;AS49-AS1-20180127190700
2018-01-27 19:07:48.119;VU;AS49-AS1-20180127190648
2018-01-27 19:07:49.830;VU;AS49-AS1-20180127190614
2018-01-27 19:07:50.138;SP;AS49-AS1-20180127190741
2018-01-27 19:07:52.523;RC;AS49-AS1-20180127190741
2018-01-27 19:07:55.805;SQ;AS49-AS1-20180127190755
2018-01-27 19:07:56.115;SS;AS49-AS1-20180127190741
2018-01-27 19:08:01.719;RO;AS49-AS1-20180127190755
2018-01-27 19:08:03.432;SP;AS49-AS1-20180127190755
2018-01-27 19:08:05.707;RU;AS49-AS1-20180127190741
2018-01-27 19:08:05.830;RC;AS49-AS1-20180127190755
2018-01-27 19:08:09.819;SS;AS49-AS1-20180127190755
2018-01-27 19:08:11.015;SQ;AS49-AS1-20180127190811
2018-01-27 19:08:13.167;RO;AS49-AS1-20180127190811
2018-01-27 19:08:15.608;RU;AS49-AS1-20180127190755
2018-01-27 19:08:17.463;SP;AS49-AS1-20180127190811
2018-01-27 19:08:18.124;RC;AS49-AS1-20180127190811
2018-01-27 19:08:23.705;SS;AS49-AS1-20180127190811
2018-01-27 19:08:27.388;SQ;AS49-AS1-20180127190827
2018-01-27 19:08:28.096;RU;AS49-AS1-20180127190811
2018-01-27 19:08:28.855;RO;AS49-AS1-20180127190827
2018-01-27 19:08:34.558;SP;AS49-AS1-20180127190827
2018-01-27 19:08:35.220;RC;AS49-AS1-20180127190827
2018-01-27 19:08:47.201;VU;AS49-AS1-20180127190717
2018-01-27 19:08:47.320;SS;AS49-AS1-20180127190827
2018-01-27 19:08:47.549;VU;AS49-AS1-20180127190811
2018-01-27 19:08:49.068;VU;AS49-AS1-20180127190741
2018-01-27 19:08:50.039;SQ;AS49-AS1-20180127190850
2018-01-27 19:08:50.398;VU;AS49-AS1-20180127190755
2018-01-27 19:08:51.366;RO;AS49-AS1-20180127190850
2018-01-27 19:08:51.644;RU;AS49-AS1-20180127190827
2018-01-27 19:08:54.265;SP;AS49-AS1-20180127190850
2018-01-27 19:08:54.912;RC;AS49-AS1-20180127190850
2018-01-27 19:08:57.680;SS;AS49-AS1-20180127190850
2018-01-27 19:09:00.075;SQ;AS49-AS1-20180127190900
2018-01-27 19:09:01.330;RO;AS49-AS1-20180127190900
2018-01-27 19:09:01.974;RU;AS49-AS1-20180127190850
2018-01-27 19:09:05.158;SP;AS49-AS1-20180127190900
2018-01-27 19:09:05.799;RC;AS49-AS1-20180127190900
2018-01-27 19:09:10.372;SS;AS49-AS1-20180127190900
2018-01-27 19:09:13.472;SQ;AS49-AS1-20180127190913
2018-01-27 19:09:14.661;RU;AS49-AS1-20180127190900
2018-01-27 19:09:14.739;RO;AS49-AS1-20180127190913
2018-01-27 19:09:19.495;SP;AS49-AS1-20180127190913
2018-01-27 19:09:20.126;RC;AS49-AS1-20180127190913
2018-01-27 19:09:25.509;SS;AS49-AS1-20180127190913
2018-01-27 19:09:28.767;SQ;AS49-AS1-20180127190928
2018-01-27 19:09:29.794;RU;AS49-AS1-20180127190913
2018-01-27 19:09:30.051;RO;AS49-AS1-20180127190928
2018-01-27 19:09:35.300;SP;AS49-AS1-20180127190928
2018-01-27 19:09:35.943;RC;AS49-AS1-20180127190928
2018-01-27 19:09:41.817;SS;AS49-AS1-20180127190928
2018-01-27 19:09:42.824;VU;AS49-AS1-20180127190913
2018-01-27 19:09:44.726;VU;AS49-AS1-20180127190900
2018-01-27 19:09:45.545;VU;AS49-AS1-20180127190850
2018-01-27 19:09:46.094;RU;AS49-AS1-20180127190928
2018-01-27 19:09:46.105;VU;AS49-AS1-20180127190827
2018-01-27 19:10:45.341;VU;AS49-AS1-20180127190928
