2018-01-27 18:59:28.191;SQ;AS51-AS1-20180127185928
2018-01-27 18:59:34.421;RO;AS51-AS1-20180127185928
2018-01-27 18:59:35.486;SP;AS51-AS1-20180127185928
2018-01-27 18:59:37.092;SQ;AS51-AS1-20180127185937
2018-01-27 18:59:39.368;RC;AS51-AS1-20180127185928
2018-01-27 18:59:40.165;SS;AS51-AS1-20180127185928
2018-01-27 18:59:50.479;RO;AS51-AS1-20180127185937
2018-01-27 18:59:51.384;SP;AS51-AS1-20180127185937
2018-01-27 18:59:52.966;SQ;AS51-AS1-20180127185952
2018-01-27 18:59:57.805;RU;AS51-AS1-20180127185928
2018-01-27 19:00:00.129;RC;AS51-AS1-20180127185937
2018-01-27 19:00:01.226;SS;AS51-AS1-20180127185937
2018-01-27 19:00:07.574;RO;AS51-AS1-20180127185952
2018-01-27 19:00:08.799;SP;AS51-AS1-20180127185952
2018-01-27 19:00:11.223;SQ;AS51-AS1-20180127190011
2018-01-27 19:00:16.497;RC;AS51-AS1-20180127185952
2018-01-27 19:00:17.583;SS;AS51-AS1-20180127185952
2018-01-27 19:00:23.267;RU;AS51-AS1-20180127185937
2018-01-27 19:00:28.377;RO;AS51-AS1-20180127190011
2018-01-27 19:00:30.627;SP;AS51-AS1-20180127190011
2018-01-27 19:00:36.277;RU;AS51-AS1-20180127185952
2018-01-27 19:00:36.958;RC;AS51-AS1-20180127190011
2018-01-27 19:00:37.940;SQ;AS51-AS1-20180127190037
2018-01-27 19:00:42.768;SS;AS51-AS1-20180127190011
2018-01-27 19:00:43.272;VU;AS51-AS1-20180127185952
2018-01-27 19:00:43.769;VU;AS51-AS1-20180127185937
2018-01-27 19:00:44.330;VU;AS51-AS1-20180127185928
2018-01-27 19:00:45.439;RO;AS51-AS1-20180127190037
2018-01-27 19:00:46.311;SP;AS51-AS1-20180127190037
2018-01-27 19:00:47.968;SQ;AS51-AS1-20180127190047
2018-01-27 19:00:53.929;RU;AS51-AS1-20180127190011
2018-01-27 19:00:54.015;RC;AS51-AS1-20180127190037
2018-01-27 19:00:55.517;SS;AS51-AS1-20180127190037
2018-01-27 19:00:59.914;RO;AS51-AS1-20180127190047
2018-01-27 19:01:01.599;SP;AS51-AS1-20180127190047
2018-01-27 19:01:03.856;SQ;AS51-AS1-20180127190103
2018-01-27 19:01:11.002;RC;AS51-AS1-20180127190047
2018-01-27 19:01:12.014;SS;AS51-AS1-20180127190047
2018-01-27 19:01:14.042;RU;AS51-AS1-20180127190037
2018-01-27 19:01:19.063;RO;AS51-AS1-20180127190103
2018-01-27 19:01:21.077;SP;AS51-AS1-20180127190103
2018-01-27 19:01:24.552;SQ;AS51-AS1-20180127190124
2018-01-27 19:01:28.084;RU;AS51-AS1-20180127190047
2018-01-27 19:01:29.958;RC;AS51-AS1-20180127190103
2018-01-27 19:01:32.751;SS;AS51-AS1-20180127190103
2018-01-27 19:01:38.905;RO;AS51-AS1-20180127190124
2018-01-27 19:01:42.770;RU;AS51-AS1-20180127190103
2018-01-27 19:01:44.078;SP;AS51-AS1-20180127190124
2018-01-27 19:01:44.900;RC;AS51-AS1-20180127190124
2018-01-27 19:01:47.125;VU;AS51-AS1-20180127190047
2018-01-27 19:01:48.358;SS;AS51-AS1-20180127190124
2018-01-27 19:01:48.462;VU;AS51-AS1-20180127190037
2018-01-27 19:01:48.703;VU;AS51-AS1-20180127190011
2018-01-27 19:01:49.547;SQ;AS51-AS1-20180127190149
2018-01-27 19:02:00.802;RO;AS51-AS1-20180127190149
2018-01-27 19:02:02.162;SP;AS51-AS1-20180127190149
2018-01-27 19:02:02.862;RU;AS51-AS1-20180127190124
2018-01-27 19:02:05.716;SQ;AS51-AS1-20180127190205
2018-01-27 19:02:08.547;RC;AS51-AS1-20180127190149
2018-01-27 19:02:09.852;SS;AS51-AS1-20180127190149
2018-01-27 19:02:16.870;RO;AS51-AS1-20180127190205
2018-01-27 19:02:18.467;SP;AS51-AS1-20180127190205
2018-01-27 19:02:22.056;SQ;AS51-AS1-20180127190222
2018-01-27 19:02:23.680;RC;AS51-AS1-20180127190205
2018-01-27 19:02:25.178;RU;AS51-AS1-20180127190149
2018-01-27 19:02:25.923;SS;AS51-AS1-20180127190205
2018-01-27 19:02:38.229;RU;AS51-AS1-20180127190205
2018-01-27 19:02:38.473;RO;AS51-AS1-20180127190222
2018-01-27 19:04:07.835;SP;AS51-AS1-20180127190222
2018-01-27 19:04:13.647;RC;AS51-AS1-20180127190222
2018-01-27 19:04:51.713;VU;AS51-AS1-20180127190103
2018-01-27 19:04:51.956;VU;AS51-AS1-20180127190149
2018-01-27 19:05:06.219;SS;AS51-AS1-20180127190222
2018-01-27 19:05:06.749;VU;AS51-AS1-20180127190124
2018-01-27 19:05:08.454;SQ;AS51-AS1-20180127190508
2018-01-27 19:05:13.888;VU;AS51-AS1-20180127190205
2018-01-27 19:05:22.049;RU;AS51-AS1-20180127190222
2018-01-27 19:05:22.446;RO;AS51-AS1-20180127190508
2018-01-27 19:05:57.398;SP;AS51-AS1-20180127190508
2018-01-27 19:06:02.370;RC;AS51-AS1-20180127190508
2018-01-27 19:06:52.984;SS;AS51-AS1-20180127190508
2018-01-27 19:07:04.288;RU;AS51-AS1-20180127190508
2018-01-27 19:07:39.377;SQ;AS51-AS1-20180127190739
2018-01-27 19:07:41.105;RO;AS51-AS1-20180127190739
2018-01-27 19:08:28.377;SP;AS51-AS1-20180127190739
2018-01-27 19:08:29.158;RC;AS51-AS1-20180127190739
2018-01-27 19:08:30.187;VU;AS51-AS1-20180127190222
2018-01-27 19:09:24.243;SS;AS51-AS1-20180127190739
2018-01-27 19:09:28.600;RU;AS51-AS1-20180127190739
2018-01-27 19:10:18.689;SQ;AS51-AS1-20180127191018
2018-01-27 19:10:20.008;RO;AS51-AS1-20180127191018
2018-01-27 19:11:09.598;SP;AS51-AS1-20180127191018
2018-01-27 19:11:10.252;RC;AS51-AS1-20180127191018
2018-01-27 19:12:33.551;SS;AS51-AS1-20180127191018
2018-01-27 19:12:37.873;RU;AS51-AS1-20180127191018
2018-01-27 19:13:57.743;SQ;AS51-AS1-20180127191357
2018-01-27 19:13:59.015;RO;AS51-AS1-20180127191357
2018-01-27 19:14:06.084;VU;AS51-AS1-20180127190508
2018-01-27 19:14:56.088;SP;AS51-AS1-20180127191357
2018-01-27 19:14:56.826;RC;AS51-AS1-20180127191357
2018-01-27 19:16:16.518;SS;AS51-AS1-20180127191357
2018-01-27 19:16:20.880;RU;AS51-AS1-20180127191357
2018-01-27 19:17:28.185;VU;AS51-AS1-20180127190739
2018-01-27 19:17:28.599;SQ;AS51-AS1-20180127191728
2018-01-27 19:17:29.641;VU;AS51-AS1-20180127191018
2018-01-27 19:17:29.725;VU;AS51-AS1-20180127191357
2018-01-27 19:17:29.907;RO;AS51-AS1-20180127191728
2018-01-27 19:17:39.568;SP;AS51-AS1-20180127191728
2018-01-27 19:17:40.213;RC;AS51-AS1-20180127191728
2018-01-27 19:18:04.738;SS;AS51-AS1-20180127191728
2018-01-27 19:18:09.065;RU;AS51-AS1-20180127191728
2018-01-27 19:18:15.554;SQ;AS51-AS1-20180127191815
2018-01-27 19:18:16.869;RO;AS51-AS1-20180127191815
2018-01-27 19:18:34.340;SP;AS51-AS1-20180127191815
2018-01-27 19:18:34.997;RC;AS51-AS1-20180127191815
2018-01-27 19:19:08.662;SS;AS51-AS1-20180127191815
2018-01-27 19:19:13.015;RU;AS51-AS1-20180127191815
2018-01-27 19:19:24.373;VU;AS51-AS1-20180127191728
2018-01-27 19:19:30.669;SQ;AS51-AS1-20180127191930
2018-01-27 19:19:32.025;RO;AS51-AS1-20180127191930
2018-01-27 19:19:50.210;SP;AS51-AS1-20180127191930
2018-01-27 19:19:50.948;RC;AS51-AS1-20180127191930
2018-01-27 19:20:26.222;SS;AS51-AS1-20180127191930
2018-01-27 19:20:30.540;RU;AS51-AS1-20180127191930
2018-01-27 19:20:33.008;VU;AS51-AS1-20180127191815
2018-01-27 19:20:46.682;SQ;AS51-AS1-20180127192046
2018-01-27 19:20:47.995;RO;AS51-AS1-20180127192046
2018-01-27 19:21:08.620;SP;AS51-AS1-20180127192046
2018-01-27 19:21:09.438;RC;AS51-AS1-20180127192046
2018-01-27 19:21:42.767;SS;AS51-AS1-20180127192046
2018-01-27 19:21:45.768;VU;AS51-AS1-20180127191930
2018-01-27 19:21:47.088;RU;AS51-AS1-20180127192046
2018-01-27 19:21:58.610;SQ;AS51-AS1-20180127192158
2018-01-27 19:21:59.967;RO;AS51-AS1-20180127192158
2018-01-27 19:22:17.292;SP;AS51-AS1-20180127192158
2018-01-27 19:22:17.950;RC;AS51-AS1-20180127192158
2018-01-27 19:22:54.554;SS;AS51-AS1-20180127192158
2018-01-27 19:22:58.880;RU;AS51-AS1-20180127192158
2018-01-27 19:23:04.304;VU;AS51-AS1-20180127192046
2018-01-27 19:23:14.281;SQ;AS51-AS1-20180127192314
2018-01-27 19:23:15.556;RO;AS51-AS1-20180127192314
2018-01-27 19:23:33.674;SP;AS51-AS1-20180127192314
2018-01-27 19:23:34.328;RC;AS51-AS1-20180127192314
2018-01-27 19:24:08.874;SS;AS51-AS1-20180127192314
2018-01-27 19:24:13.251;RU;AS51-AS1-20180127192314
2018-01-27 19:24:15.959;VU;AS51-AS1-20180127192158
2018-01-27 19:24:28.426;SQ;AS51-AS1-20180127192428
2018-01-27 19:24:29.704;RO;AS51-AS1-20180127192428
2018-01-27 19:24:50.273;SP;AS51-AS1-20180127192428
2018-01-27 19:24:50.932;RC;AS51-AS1-20180127192428
2018-01-27 19:25:00.891;VU;AS51-AS1-20180127192314
2018-01-27 19:25:14.783;SS;AS51-AS1-20180127192428
2018-01-27 19:25:19.098;RU;AS51-AS1-20180127192428
2018-01-27 19:25:28.743;SQ;AS51-AS1-20180127192528
2018-01-27 19:25:30.016;RO;AS51-AS1-20180127192528
2018-01-27 19:25:47.437;SP;AS51-AS1-20180127192528
2018-01-27 19:25:48.089;RC;AS51-AS1-20180127192528
2018-01-27 19:26:23.079;SS;AS51-AS1-20180127192528
2018-01-27 19:26:27.396;RU;AS51-AS1-20180127192528
2018-01-27 19:26:36.792;VU;AS51-AS1-20180127192428
2018-01-27 19:26:44.518;SQ;AS51-AS1-20180127192644
2018-01-27 19:26:45.832;RO;AS51-AS1-20180127192644
2018-01-27 19:27:03.801;SP;AS51-AS1-20180127192644
2018-01-27 19:27:04.460;RC;AS51-AS1-20180127192644
2018-01-27 19:27:37.174;SS;AS51-AS1-20180127192644
2018-01-27 19:27:41.495;RU;AS51-AS1-20180127192644
2018-01-27 19:27:45.650;VU;AS51-AS1-20180127192528
2018-01-27 19:27:56.311;SQ;AS51-AS1-20180127192756
2018-01-27 19:27:57.630;RO;AS51-AS1-20180127192756
2018-01-27 19:28:14.678;SP;AS51-AS1-20180127192756
2018-01-27 19:28:15.332;RC;AS51-AS1-20180127192756
2018-01-27 19:28:28.829;VU;AS51-AS1-20180127192644
2018-01-27 19:28:42.540;SS;AS51-AS1-20180127192756
2018-01-27 19:28:46.862;RU;AS51-AS1-20180127192756
2018-01-27 19:28:56.988;SQ;AS51-AS1-20180127192856
2018-01-27 19:28:58.266;RO;AS51-AS1-20180127192856
2018-01-27 19:29:17.594;SP;AS51-AS1-20180127192856
2018-01-27 19:29:18.285;RC;AS51-AS1-20180127192856
2018-01-27 19:29:50.966;SS;AS51-AS1-20180127192856
2018-01-27 19:29:55.283;RU;AS51-AS1-20180127192856
2018-01-27 19:29:59.773;VU;AS51-AS1-20180127192756
2018-01-27 19:30:13.081;SQ;AS51-AS1-20180127193013
2018-01-27 19:30:14.348;RO;AS51-AS1-20180127193013
2018-01-27 19:30:32.472;SP;AS51-AS1-20180127193013
2018-01-27 19:30:33.213;RC;AS51-AS1-20180127193013
2018-01-27 19:31:04.680;SS;AS51-AS1-20180127193013
2018-01-27 19:31:08.872;VU;AS51-AS1-20180127192856
2018-01-27 19:31:08.993;RU;AS51-AS1-20180127193013
2018-01-27 19:31:20.964;SQ;AS51-AS1-20180127193120
2018-01-27 19:31:22.320;RO;AS51-AS1-20180127193120
2018-01-27 19:31:40.007;SP;AS51-AS1-20180127193120
2018-01-27 19:31:40.661;RC;AS51-AS1-20180127193120
2018-01-27 19:32:13.199;SS;AS51-AS1-20180127193120
2018-01-27 19:32:17.517;RU;AS51-AS1-20180127193120
2018-01-27 19:32:22.989;VU;AS51-AS1-20180127193013
2018-01-27 19:32:33.364;SQ;AS51-AS1-20180127193233
2018-01-27 19:32:34.639;RO;AS51-AS1-20180127193233
2018-01-27 19:32:52.581;SP;AS51-AS1-20180127193233
2018-01-27 19:32:53.237;RC;AS51-AS1-20180127193233
2018-01-27 19:33:25.746;SS;AS51-AS1-20180127193233
2018-01-27 19:33:29.695;VU;AS51-AS1-20180127193120
2018-01-27 19:33:30.106;RU;AS51-AS1-20180127193233
2018-01-27 19:33:43.152;SQ;AS51-AS1-20180127193343
2018-01-27 19:33:44.425;RO;AS51-AS1-20180127193343
2018-01-27 19:34:01.923;SP;AS51-AS1-20180127193343
2018-01-27 19:34:02.619;RC;AS51-AS1-20180127193343
2018-01-27 19:34:23.642;SS;AS51-AS1-20180127193343
2018-01-27 19:34:27.969;RU;AS51-AS1-20180127193343
2018-01-27 19:34:30.315;VU;AS51-AS1-20180127193233
2018-01-27 19:35:34.353;VU;AS51-AS1-20180127193343
