2018-01-25 18:17:35.352;SQ;AS101-AS1-20180125181735
2018-01-25 18:17:55.548;RO;AS101-AS1-20180125181735
2018-01-25 18:17:56.653;SP;AS101-AS1-20180125181735
2018-01-25 18:17:59.260;SQ;AS101-AS1-20180125181759
2018-01-25 18:18:15.317;RC;AS101-AS1-20180125181735
2018-01-25 18:18:16.109;SS;AS101-AS1-20180125181735
2018-01-25 18:18:46.169;RO;AS101-AS1-20180125181759
2018-01-25 18:18:47.113;SP;AS101-AS1-20180125181759
2018-01-25 18:18:49.716;SQ;AS101-AS1-20180125181849
2018-01-25 18:19:13.594;RC;AS101-AS1-20180125181759
2018-01-25 18:19:14.392;SS;AS101-AS1-20180125181759
2018-01-25 18:19:17.077;RU;AS101-AS1-20180125181735
2018-01-25 18:19:58.238;RO;AS101-AS1-20180125181849
2018-01-25 18:19:59.730;SP;AS101-AS1-20180125181849
2018-01-25 18:20:03.180;SQ;AS101-AS1-20180125182003
2018-01-25 18:20:19.218;RU;AS101-AS1-20180125181759
2018-01-25 18:20:26.732;RC;AS101-AS1-20180125181849
2018-01-25 18:20:28.449;SS;AS101-AS1-20180125181849
2018-01-25 18:20:56.980;VU;AS101-AS1-20180125181759
2018-01-25 18:21:14.698;RO;AS101-AS1-20180125182003
2018-01-25 18:21:15.739;SP;AS101-AS1-20180125182003
2018-01-25 18:21:19.190;SQ;AS101-AS1-20180125182119
2018-01-25 18:21:49.282;RU;AS101-AS1-20180125181849
2018-01-25 18:21:54.943;RC;AS101-AS1-20180125182003
2018-01-25 18:21:57.099;SS;AS101-AS1-20180125182003
2018-01-25 18:21:57.628;VU;AS101-AS1-20180125181849
2018-01-25 18:23:16.770;RO;AS101-AS1-20180125182119
2018-01-25 18:23:18.381;SP;AS101-AS1-20180125182119
2018-01-25 18:23:20.801;RU;AS101-AS1-20180125182003
2018-01-25 18:23:22.823;SQ;AS101-AS1-20180125182322
2018-01-25 18:23:23.619;VU;AS101-AS1-20180125182003
2018-01-25 18:23:56.515;RC;AS101-AS1-20180125182119
2018-01-25 18:23:59.577;SS;AS101-AS1-20180125182119
2018-01-25 18:24:53.111;RO;AS101-AS1-20180125182322
2018-01-25 18:24:56.623;SP;AS101-AS1-20180125182322
2018-01-25 18:25:01.202;SQ;AS101-AS1-20180125182501
2018-01-25 18:25:09.989;RU;AS101-AS1-20180125182119
2018-01-25 18:25:12.067;VU;AS101-AS1-20180125182119
2018-01-25 18:25:34.483;RC;AS101-AS1-20180125182322
2018-01-25 18:25:35.882;SS;AS101-AS1-20180125182322
2018-01-25 18:26:29.089;RO;AS101-AS1-20180125182501
2018-01-25 18:26:30.646;SP;AS101-AS1-20180125182501
2018-01-25 18:26:34.102;SQ;AS101-AS1-20180125182634
2018-01-25 18:26:58.999;RU;AS101-AS1-20180125182322
2018-01-25 18:27:00.920;VU;AS101-AS1-20180125182322
2018-01-25 18:27:21.142;RC;AS101-AS1-20180125182501
2018-01-25 18:27:22.050;SS;AS101-AS1-20180125182501
2018-01-25 18:28:21.957;RO;AS101-AS1-20180125182634
2018-01-25 18:28:23.274;SP;AS101-AS1-20180125182634
2018-01-25 18:28:26.716;SQ;AS101-AS1-20180125182826
2018-01-25 18:28:33.296;RU;AS101-AS1-20180125182501
2018-01-25 18:28:55.470;RC;AS101-AS1-20180125182634
2018-01-25 18:29:00.262;SS;AS101-AS1-20180125182634
2018-01-25 18:29:01.265;VU;AS101-AS1-20180125182501
2018-01-25 18:29:31.735;RO;AS101-AS1-20180125182826
2018-01-25 18:29:33.267;SP;AS101-AS1-20180125182826
2018-01-25 18:29:36.704;SQ;AS101-AS1-20180125182936
2018-01-25 18:30:25.132;RC;AS101-AS1-20180125182826
2018-01-25 18:30:25.979;RU;AS101-AS1-20180125182634
2018-01-25 18:30:26.070;SS;AS101-AS1-20180125182826
2018-01-25 18:30:28.567;VU;AS101-AS1-20180125182634
2018-01-25 18:31:02.203;RO;AS101-AS1-20180125182936
2018-01-25 18:31:03.157;SP;AS101-AS1-20180125182936
2018-01-25 18:31:06.374;SQ;AS101-AS1-20180125183106
2018-01-25 18:31:35.475;RU;AS101-AS1-20180125182826
2018-01-25 18:31:40.385;RC;AS101-AS1-20180125182936
2018-01-25 18:31:42.222;SS;AS101-AS1-20180125182936
2018-01-25 18:32:44.656;RO;AS101-AS1-20180125183106
2018-01-25 18:32:49.344;SP;AS101-AS1-20180125183106
2018-01-25 18:32:57.213;RU;AS101-AS1-20180125182936
2018-01-25 18:32:58.111;SQ;AS101-AS1-20180125183258
2018-01-25 18:33:00.376;VU;AS101-AS1-20180125182936
2018-01-25 18:33:34.460;RC;AS101-AS1-20180125183106
2018-01-25 18:33:36.211;SS;AS101-AS1-20180125183106
2018-01-25 18:34:18.547;RO;AS101-AS1-20180125183258
2018-01-25 18:34:20.682;SP;AS101-AS1-20180125183258
2018-01-25 18:34:25.095;SQ;AS101-AS1-20180125183425
2018-01-25 18:34:52.997;RU;AS101-AS1-20180125183106
2018-01-25 18:35:00.434;VU;AS101-AS1-20180125183106
2018-01-25 18:35:00.670;RC;AS101-AS1-20180125183258
2018-01-25 18:35:02.119;SS;AS101-AS1-20180125183258
2018-01-25 18:35:48.519;RO;AS101-AS1-20180125183425
2018-01-25 18:35:52.640;SP;AS101-AS1-20180125183425
2018-01-25 18:36:02.724;SQ;AS101-AS1-20180125183602
