2018-01-25 18:17:40.334;SQ;AS119-AS1-20180125181740
2018-01-25 18:18:14.465;RO;AS119-AS1-20180125181740
2018-01-25 18:18:15.690;SP;AS119-AS1-20180125181740
2018-01-25 18:18:18.341;SQ;AS119-AS1-20180125181818
2018-01-25 18:18:46.800;RC;AS119-AS1-20180125181740
2018-01-25 18:18:47.640;SS;AS119-AS1-20180125181740
2018-01-25 18:19:25.959;RO;AS119-AS1-20180125181818
2018-01-25 18:19:27.227;SP;AS119-AS1-20180125181818
2018-01-25 18:19:29.875;SQ;AS119-AS1-20180125181929
2018-01-25 18:20:00.857;RU;AS119-AS1-20180125181740
2018-01-25 18:20:02.691;VU;AS119-AS1-20180125181740
2018-01-25 18:20:19.623;RC;AS119-AS1-20180125181818
2018-01-25 18:20:20.446;SS;AS119-AS1-20180125181818
2018-01-25 18:20:51.111;RO;AS119-AS1-20180125181929
2018-01-25 18:20:52.265;SP;AS119-AS1-20180125181929
2018-01-25 18:20:54.898;SQ;AS119-AS1-20180125182054
2018-01-25 18:21:29.600;RC;AS119-AS1-20180125181929
2018-01-25 18:21:30.431;SS;AS119-AS1-20180125181929
2018-01-25 18:21:36.079;RU;AS119-AS1-20180125181818
2018-01-25 18:21:56.567;VU;AS119-AS1-20180125181818
2018-01-25 18:22:09.425;RO;AS119-AS1-20180125182054
2018-01-25 18:22:10.328;SP;AS119-AS1-20180125182054
2018-01-25 18:22:12.987;SQ;AS119-AS1-20180125182212
2018-01-25 18:22:49.453;RC;AS119-AS1-20180125182054
2018-01-25 18:22:50.580;RU;AS119-AS1-20180125181929
2018-01-25 18:22:51.789;SS;AS119-AS1-20180125182054
2018-01-25 18:22:59.498;VU;AS119-AS1-20180125181929
2018-01-25 18:23:49.620;RO;AS119-AS1-20180125182212
2018-01-25 18:23:51.645;SP;AS119-AS1-20180125182212
2018-01-25 18:23:56.120;SQ;AS119-AS1-20180125182356
2018-01-25 18:24:01.986;RU;AS119-AS1-20180125182054
2018-01-25 18:24:03.821;VU;AS119-AS1-20180125182054
2018-01-25 18:24:24.435;RC;AS119-AS1-20180125182212
2018-01-25 18:24:25.236;SS;AS119-AS1-20180125182212
2018-01-25 18:25:06.210;RO;AS119-AS1-20180125182356
2018-01-25 18:25:07.513;SP;AS119-AS1-20180125182356
2018-01-25 18:25:10.198;SQ;AS119-AS1-20180125182510
2018-01-25 18:25:29.785;RU;AS119-AS1-20180125182212
2018-01-25 18:25:53.351;RC;AS119-AS1-20180125182356
2018-01-25 18:25:56.109;SS;AS119-AS1-20180125182356
2018-01-25 18:26:26.557;RO;AS119-AS1-20180125182510
2018-01-25 18:26:27.754;SP;AS119-AS1-20180125182510
2018-01-25 18:26:31.051;SQ;AS119-AS1-20180125182631
2018-01-25 18:27:18.383;RU;AS119-AS1-20180125182356
2018-01-25 18:27:20.755;VU;AS119-AS1-20180125182356
2018-01-25 18:27:20.931;RC;AS119-AS1-20180125182510
2018-01-25 18:27:22.462;SS;AS119-AS1-20180125182510
2018-01-25 18:27:48.816;RO;AS119-AS1-20180125182631
2018-01-25 18:27:51.507;SP;AS119-AS1-20180125182631
2018-01-25 18:27:56.955;SQ;AS119-AS1-20180125182756
2018-01-25 18:28:33.537;RC;AS119-AS1-20180125182631
2018-01-25 18:28:34.584;SS;AS119-AS1-20180125182631
2018-01-25 18:28:36.986;RU;AS119-AS1-20180125182510
2018-01-25 18:29:01.458;VU;AS119-AS1-20180125182510
2018-01-25 18:29:21.042;RO;AS119-AS1-20180125182756
2018-01-25 18:29:21.887;SP;AS119-AS1-20180125182756
2018-01-25 18:29:25.216;SQ;AS119-AS1-20180125182925
2018-01-25 18:29:35.986;RU;AS119-AS1-20180125182631
2018-01-25 18:29:59.919;RC;AS119-AS1-20180125182756
2018-01-25 18:30:03.930;SS;AS119-AS1-20180125182756
2018-01-25 18:30:41.493;RO;AS119-AS1-20180125182925
2018-01-25 18:30:44.845;SP;AS119-AS1-20180125182925
2018-01-25 18:30:53.562;SQ;AS119-AS1-20180125183053
2018-01-25 18:31:22.060;RC;AS119-AS1-20180125182925
2018-01-25 18:31:23.688;SS;AS119-AS1-20180125182925
2018-01-25 18:31:24.585;RU;AS119-AS1-20180125182756
2018-01-25 18:31:55.565;VU;AS119-AS1-20180125182756
2018-01-25 18:32:07.986;RO;AS119-AS1-20180125183053
2018-01-25 18:32:10.157;SP;AS119-AS1-20180125183053
2018-01-25 18:32:14.598;SQ;AS119-AS1-20180125183214
2018-01-25 18:32:42.634;RU;AS119-AS1-20180125182925
2018-01-25 18:32:46.739;RC;AS119-AS1-20180125183053
2018-01-25 18:32:52.629;SS;AS119-AS1-20180125183053
2018-01-25 18:33:00.275;VU;AS119-AS1-20180125182925
2018-01-25 18:33:30.030;RO;AS119-AS1-20180125183214
2018-01-25 18:33:32.141;SP;AS119-AS1-20180125183214
2018-01-25 18:33:36.518;SQ;AS119-AS1-20180125183336
2018-01-25 18:34:18.275;RC;AS119-AS1-20180125183214
2018-01-25 18:34:18.417;RU;AS119-AS1-20180125183053
2018-01-25 18:34:21.269;SS;AS119-AS1-20180125183214
2018-01-25 18:34:22.364;VU;AS119-AS1-20180125183053
2018-01-25 18:34:53.572;RO;AS119-AS1-20180125183336
2018-01-25 18:34:58.798;SP;AS119-AS1-20180125183336
2018-01-25 18:35:03.171;SQ;AS119-AS1-20180125183503
2018-01-25 18:35:37.998;RU;AS119-AS1-20180125183214
2018-01-25 18:35:44.769;RC;AS119-AS1-20180125183336
2018-01-25 18:35:47.488;SS;AS119-AS1-20180125183336
2018-01-25 18:36:02.022;VU;AS119-AS1-20180125183214
