2018-01-25 18:17:36.565;SQ;AS118-AS1-20180125181736
2018-01-25 18:18:03.363;RO;AS118-AS1-20180125181736
2018-01-25 18:18:04.402;SP;AS118-AS1-20180125181736
2018-01-25 18:18:07.045;SQ;AS118-AS1-20180125181807
2018-01-25 18:18:55.131;RC;AS118-AS1-20180125181736
2018-01-25 18:18:55.944;SS;AS118-AS1-20180125181736
2018-01-25 18:19:39.334;RO;AS118-AS1-20180125181807
2018-01-25 18:19:40.473;SP;AS118-AS1-20180125181807
2018-01-25 18:19:43.089;SQ;AS118-AS1-20180125181943
2018-01-25 18:20:19.610;RU;AS118-AS1-20180125181736
2018-01-25 18:20:21.430;VU;AS118-AS1-20180125181736
2018-01-25 18:20:22.333;RC;AS118-AS1-20180125181807
2018-01-25 18:20:23.153;SS;AS118-AS1-20180125181807
2018-01-25 18:20:43.114;RO;AS118-AS1-20180125181943
2018-01-25 18:20:44.182;SP;AS118-AS1-20180125181943
2018-01-25 18:20:48.687;SQ;AS118-AS1-20180125182048
2018-01-25 18:21:28.183;RC;AS118-AS1-20180125181943
2018-01-25 18:21:28.989;SS;AS118-AS1-20180125181943
2018-01-25 18:21:48.167;RU;AS118-AS1-20180125181807
2018-01-25 18:21:56.458;VU;AS118-AS1-20180125181807
2018-01-25 18:21:59.356;RO;AS118-AS1-20180125182048
2018-01-25 18:22:00.594;SP;AS118-AS1-20180125182048
2018-01-25 18:22:03.192;SQ;AS118-AS1-20180125182203
2018-01-25 18:22:44.028;RC;AS118-AS1-20180125182048
2018-01-25 18:22:44.839;SS;AS118-AS1-20180125182048
2018-01-25 18:22:53.843;RU;AS118-AS1-20180125181943
2018-01-25 18:22:56.485;VU;AS118-AS1-20180125181943
2018-01-25 18:23:16.348;RO;AS118-AS1-20180125182203
2018-01-25 18:23:17.581;SP;AS118-AS1-20180125182203
2018-01-25 18:23:20.172;SQ;AS118-AS1-20180125182320
2018-01-25 18:23:51.136;RC;AS118-AS1-20180125182203
2018-01-25 18:23:52.822;SS;AS118-AS1-20180125182203
2018-01-25 18:24:00.831;RU;AS118-AS1-20180125182048
2018-01-25 18:24:02.660;VU;AS118-AS1-20180125182048
2018-01-25 18:24:34.982;RO;AS118-AS1-20180125182320
2018-01-25 18:24:36.054;SP;AS118-AS1-20180125182320
2018-01-25 18:24:38.706;SQ;AS118-AS1-20180125182438
2018-01-25 18:25:01.679;RU;AS118-AS1-20180125182203
2018-01-25 18:25:03.484;VU;AS118-AS1-20180125182203
2018-01-25 18:25:26.372;RC;AS118-AS1-20180125182320
2018-01-25 18:25:27.189;SS;AS118-AS1-20180125182320
2018-01-25 18:26:04.939;RO;AS118-AS1-20180125182438
2018-01-25 18:26:06.113;SP;AS118-AS1-20180125182438
2018-01-25 18:26:08.773;SQ;AS118-AS1-20180125182608
2018-01-25 18:26:42.625;RU;AS118-AS1-20180125182320
2018-01-25 18:26:45.195;RC;AS118-AS1-20180125182438
2018-01-25 18:26:48.435;SS;AS118-AS1-20180125182438
2018-01-25 18:26:53.973;VU;AS118-AS1-20180125182320
2018-01-25 18:27:19.020;RO;AS118-AS1-20180125182608
2018-01-25 18:27:20.190;SP;AS118-AS1-20180125182608
2018-01-25 18:27:22.822;SQ;AS118-AS1-20180125182722
2018-01-25 18:27:48.811;RU;AS118-AS1-20180125182438
2018-01-25 18:27:50.715;RC;AS118-AS1-20180125182608
2018-01-25 18:27:52.980;SS;AS118-AS1-20180125182608
2018-01-25 18:27:54.420;VU;AS118-AS1-20180125182438
2018-01-25 18:29:02.844;RO;AS118-AS1-20180125182722
2018-01-25 18:29:03.758;SP;AS118-AS1-20180125182722
2018-01-25 18:29:06.372;SQ;AS118-AS1-20180125182906
2018-01-25 18:29:18.792;RU;AS118-AS1-20180125182608
2018-01-25 18:29:20.605;VU;AS118-AS1-20180125182608
2018-01-25 18:29:40.243;RC;AS118-AS1-20180125182722
2018-01-25 18:29:41.037;SS;AS118-AS1-20180125182722
2018-01-25 18:30:09.302;RO;AS118-AS1-20180125182906
2018-01-25 18:30:10.260;SP;AS118-AS1-20180125182906
2018-01-25 18:30:12.913;SQ;AS118-AS1-20180125183012
2018-01-25 18:30:51.958;RC;AS118-AS1-20180125182906
2018-01-25 18:30:52.760;SS;AS118-AS1-20180125182906
2018-01-25 18:31:10.823;RU;AS118-AS1-20180125182722
2018-01-25 18:31:12.641;VU;AS118-AS1-20180125182722
2018-01-25 18:31:40.387;RO;AS118-AS1-20180125183012
2018-01-25 18:31:41.330;SP;AS118-AS1-20180125183012
2018-01-25 18:31:44.220;SQ;AS118-AS1-20180125183144
2018-01-25 18:32:14.282;RU;AS118-AS1-20180125182906
2018-01-25 18:32:16.082;VU;AS118-AS1-20180125182906
2018-01-25 18:32:19.354;RC;AS118-AS1-20180125183012
2018-01-25 18:32:20.177;SS;AS118-AS1-20180125183012
2018-01-25 18:32:47.038;RO;AS118-AS1-20180125183144
2018-01-25 18:32:48.977;SP;AS118-AS1-20180125183144
2018-01-25 18:32:53.529;SQ;AS118-AS1-20180125183253
2018-01-25 18:33:24.472;RC;AS118-AS1-20180125183144
2018-01-25 18:33:25.283;SS;AS118-AS1-20180125183144
2018-01-25 18:33:41.051;RU;AS118-AS1-20180125183012
2018-01-25 18:34:18.525;RO;AS118-AS1-20180125183253
2018-01-25 18:34:19.943;SP;AS118-AS1-20180125183253
2018-01-25 18:34:23.234;SQ;AS118-AS1-20180125183423
2018-01-25 18:34:34.130;RU;AS118-AS1-20180125183144
2018-01-25 18:34:56.526;RC;AS118-AS1-20180125183253
2018-01-25 18:34:59.060;SS;AS118-AS1-20180125183253
2018-01-25 18:35:50.361;RO;AS118-AS1-20180125183423
2018-01-25 18:35:55.227;SP;AS118-AS1-20180125183423
2018-01-25 18:36:03.225;SQ;AS118-AS1-20180125183603
