2018-01-25 18:17:39.688;SQ;AS117-AS1-20180125181739
2018-01-25 18:18:11.060;RO;AS117-AS1-20180125181739
2018-01-25 18:18:12.056;SP;AS117-AS1-20180125181739
2018-01-25 18:18:14.716;SQ;AS117-AS1-20180125181814
2018-01-25 18:18:38.698;RC;AS117-AS1-20180125181739
2018-01-25 18:18:39.542;SS;AS117-AS1-20180125181739
2018-01-25 18:19:20.974;RO;AS117-AS1-20180125181814
2018-01-25 18:19:22.090;SP;AS117-AS1-20180125181814
2018-01-25 18:19:24.716;SQ;AS117-AS1-20180125181924
2018-01-25 18:19:54.861;RU;AS117-AS1-20180125181739
2018-01-25 18:19:56.709;VU;AS117-AS1-20180125181739
2018-01-25 18:20:02.848;RC;AS117-AS1-20180125181814
2018-01-25 18:20:03.677;SS;AS117-AS1-20180125181814
2018-01-25 18:20:57.483;RO;AS117-AS1-20180125181924
2018-01-25 18:20:58.623;SP;AS117-AS1-20180125181924
2018-01-25 18:21:01.309;SQ;AS117-AS1-20180125182101
2018-01-25 18:21:19.230;RU;AS117-AS1-20180125181814
2018-01-25 18:21:21.028;VU;AS117-AS1-20180125181814
2018-01-25 18:21:41.134;RC;AS117-AS1-20180125181924
2018-01-25 18:21:41.956;SS;AS117-AS1-20180125181924
2018-01-25 18:22:42.338;RO;AS117-AS1-20180125182101
2018-01-25 18:22:43.251;SP;AS117-AS1-20180125182101
2018-01-25 18:22:45.914;SQ;AS117-AS1-20180125182245
2018-01-25 18:23:17.305;RU;AS117-AS1-20180125181924
2018-01-25 18:23:17.911;RC;AS117-AS1-20180125182101
2018-01-25 18:23:18.940;SS;AS117-AS1-20180125182101
2018-01-25 18:23:19.293;VU;AS117-AS1-20180125181924
2018-01-25 18:23:48.452;RO;AS117-AS1-20180125182245
2018-01-25 18:23:49.320;SP;AS117-AS1-20180125182245
2018-01-25 18:23:53.490;SQ;AS117-AS1-20180125182353
2018-01-25 18:24:32.663;RC;AS117-AS1-20180125182245
2018-01-25 18:24:33.483;SS;AS117-AS1-20180125182245
2018-01-25 18:24:54.358;RU;AS117-AS1-20180125182101
2018-01-25 18:24:58.926;VU;AS117-AS1-20180125182101
2018-01-25 18:25:28.102;RO;AS117-AS1-20180125182353
2018-01-25 18:25:29.406;SP;AS117-AS1-20180125182353
2018-01-25 18:25:32.014;SQ;AS117-AS1-20180125182532
2018-01-25 18:26:16.760;RU;AS117-AS1-20180125182245
2018-01-25 18:26:16.931;RC;AS117-AS1-20180125182353
2018-01-25 18:26:18.412;SS;AS117-AS1-20180125182353
2018-01-25 18:26:19.180;VU;AS117-AS1-20180125182245
2018-01-25 18:26:56.547;RO;AS117-AS1-20180125182532
2018-01-25 18:26:57.414;SP;AS117-AS1-20180125182532
2018-01-25 18:27:00.029;SQ;AS117-AS1-20180125182700
2018-01-25 18:27:22.617;RC;AS117-AS1-20180125182532
2018-01-25 18:27:22.838;RU;AS117-AS1-20180125182353
2018-01-25 18:27:23.976;SS;AS117-AS1-20180125182532
2018-01-25 18:27:55.174;VU;AS117-AS1-20180125182353
2018-01-25 18:28:04.353;RO;AS117-AS1-20180125182700
2018-01-25 18:28:05.459;SP;AS117-AS1-20180125182700
2018-01-25 18:28:08.108;SQ;AS117-AS1-20180125182808
2018-01-25 18:28:44.317;RU;AS117-AS1-20180125182532
2018-01-25 18:28:49.619;RC;AS117-AS1-20180125182700
2018-01-25 18:28:52.130;SS;AS117-AS1-20180125182700
2018-01-25 18:28:58.818;VU;AS117-AS1-20180125182532
2018-01-25 18:29:18.723;RO;AS117-AS1-20180125182808
2018-01-25 18:29:20.041;SP;AS117-AS1-20180125182808
2018-01-25 18:29:22.680;SQ;AS117-AS1-20180125182922
2018-01-25 18:29:52.810;RU;AS117-AS1-20180125182700
2018-01-25 18:29:54.898;RC;AS117-AS1-20180125182808
2018-01-25 18:29:58.391;SS;AS117-AS1-20180125182808
2018-01-25 18:29:59.391;VU;AS117-AS1-20180125182700
2018-01-25 18:30:27.115;RO;AS117-AS1-20180125182922
2018-01-25 18:30:28.089;SP;AS117-AS1-20180125182922
2018-01-25 18:30:30.763;SQ;AS117-AS1-20180125183030
2018-01-25 18:31:10.045;RC;AS117-AS1-20180125182922
2018-01-25 18:31:10.866;SS;AS117-AS1-20180125182922
2018-01-25 18:31:20.444;RU;AS117-AS1-20180125182808
2018-01-25 18:31:22.258;VU;AS117-AS1-20180125182808
2018-01-25 18:31:41.885;RO;AS117-AS1-20180125183030
2018-01-25 18:31:43.155;SP;AS117-AS1-20180125183030
2018-01-25 18:31:47.716;SQ;AS117-AS1-20180125183147
2018-01-25 18:32:24.115;RC;AS117-AS1-20180125183030
2018-01-25 18:32:24.929;SS;AS117-AS1-20180125183030
2018-01-25 18:32:27.003;RU;AS117-AS1-20180125182922
2018-01-25 18:32:54.095;VU;AS117-AS1-20180125182922
2018-01-25 18:33:00.096;RO;AS117-AS1-20180125183147
2018-01-25 18:33:01.136;SP;AS117-AS1-20180125183147
2018-01-25 18:33:03.793;SQ;AS117-AS1-20180125183303
2018-01-25 18:33:45.004;RC;AS117-AS1-20180125183147
2018-01-25 18:33:46.090;SS;AS117-AS1-20180125183147
2018-01-25 18:33:51.225;RU;AS117-AS1-20180125183030
2018-01-25 18:33:54.035;VU;AS117-AS1-20180125183030
2018-01-25 18:34:46.041;RO;AS117-AS1-20180125183303
2018-01-25 18:34:47.782;SP;AS117-AS1-20180125183303
2018-01-25 18:34:52.193;SQ;AS117-AS1-20180125183452
2018-01-25 18:34:55.530;RU;AS117-AS1-20180125183147
2018-01-25 18:34:57.360;VU;AS117-AS1-20180125183147
2018-01-25 18:35:24.901;RC;AS117-AS1-20180125183303
2018-01-25 18:35:25.704;SS;AS117-AS1-20180125183303
2018-01-25 18:36:03.543;RO;AS117-AS1-20180125183452
2018-01-25 18:36:04.597;SP;AS117-AS1-20180125183452
2018-01-25 18:36:07.232;SQ;AS117-AS1-20180125183607
