2018-01-25 18:17:35.500;SQ;AS125-AS1-20180125181735
2018-01-25 18:17:59.054;RO;AS125-AS1-20180125181735
2018-01-25 18:18:00.346;SP;AS125-AS1-20180125181735
2018-01-25 18:18:03.014;SQ;AS125-AS1-20180125181803
2018-01-25 18:18:20.768;RC;AS125-AS1-20180125181735
2018-01-25 18:18:21.599;SS;AS125-AS1-20180125181735
2018-01-25 18:18:54.426;RO;AS125-AS1-20180125181803
2018-01-25 18:18:55.393;SP;AS125-AS1-20180125181803
2018-01-25 18:18:58.050;SQ;AS125-AS1-20180125181858
2018-01-25 18:19:28.420;RC;AS125-AS1-20180125181803
2018-01-25 18:19:29.214;SS;AS125-AS1-20180125181803
2018-01-25 18:19:34.011;RU;AS125-AS1-20180125181735
2018-01-25 18:19:54.235;VU;AS125-AS1-20180125181735
2018-01-25 18:20:19.348;RO;AS125-AS1-20180125181858
2018-01-25 18:20:20.442;SP;AS125-AS1-20180125181858
2018-01-25 18:20:23.078;SQ;AS125-AS1-20180125182023
2018-01-25 18:20:52.699;RC;AS125-AS1-20180125181858
2018-01-25 18:20:53.494;SS;AS125-AS1-20180125181858
2018-01-25 18:20:56.224;RU;AS125-AS1-20180125181803
2018-01-25 18:20:58.064;VU;AS125-AS1-20180125181803
2018-01-25 18:21:23.835;RO;AS125-AS1-20180125182023
2018-01-25 18:21:24.935;SP;AS125-AS1-20180125182023
2018-01-25 18:21:27.584;SQ;AS125-AS1-20180125182127
2018-01-25 18:22:09.427;RC;AS125-AS1-20180125182023
2018-01-25 18:22:09.428;RU;AS125-AS1-20180125181858
2018-01-25 18:22:11.058;SS;AS125-AS1-20180125182023
2018-01-25 18:22:12.059;VU;AS125-AS1-20180125181858
2018-01-25 18:22:41.478;RO;AS125-AS1-20180125182127
2018-01-25 18:22:42.503;SP;AS125-AS1-20180125182127
2018-01-25 18:22:45.141;SQ;AS125-AS1-20180125182245
2018-01-25 18:23:21.221;RC;AS125-AS1-20180125182127
2018-01-25 18:23:22.027;SS;AS125-AS1-20180125182127
2018-01-25 18:23:28.135;RU;AS125-AS1-20180125182023
2018-01-25 18:23:53.673;RO;AS125-AS1-20180125182245
2018-01-25 18:23:56.354;SP;AS125-AS1-20180125182245
2018-01-25 18:24:03.489;SQ;AS125-AS1-20180125182403
2018-01-25 18:24:04.726;VU;AS125-AS1-20180125182023
2018-01-25 18:24:29.328;RC;AS125-AS1-20180125182245
2018-01-25 18:24:30.141;SS;AS125-AS1-20180125182245
2018-01-25 18:25:10.432;RU;AS125-AS1-20180125182127
2018-01-25 18:25:10.545;RO;AS125-AS1-20180125182403
2018-01-25 18:25:12.085;SP;AS125-AS1-20180125182403
2018-01-25 18:25:12.944;VU;AS125-AS1-20180125182127
2018-01-25 18:25:14.706;SQ;AS125-AS1-20180125182514
2018-01-25 18:26:00.266;RC;AS125-AS1-20180125182403
2018-01-25 18:26:01.088;SS;AS125-AS1-20180125182403
2018-01-25 18:26:01.922;RU;AS125-AS1-20180125182245
2018-01-25 18:26:03.781;VU;AS125-AS1-20180125182245
2018-01-25 18:26:29.085;RO;AS125-AS1-20180125182514
2018-01-25 18:26:30.105;SP;AS125-AS1-20180125182514
2018-01-25 18:26:32.741;SQ;AS125-AS1-20180125182632
2018-01-25 18:27:18.942;RU;AS125-AS1-20180125182403
2018-01-25 18:27:20.764;VU;AS125-AS1-20180125182403
2018-01-25 18:27:20.858;RC;AS125-AS1-20180125182514
2018-01-25 18:27:21.674;SS;AS125-AS1-20180125182514
2018-01-25 18:27:52.904;RO;AS125-AS1-20180125182632
2018-01-25 18:27:54.117;SP;AS125-AS1-20180125182632
2018-01-25 18:27:56.722;SQ;AS125-AS1-20180125182756
2018-01-25 18:28:29.715;RU;AS125-AS1-20180125182514
2018-01-25 18:28:32.173;RC;AS125-AS1-20180125182632
2018-01-25 18:28:33.129;SS;AS125-AS1-20180125182632
2018-01-25 18:28:58.067;VU;AS125-AS1-20180125182514
2018-01-25 18:29:18.902;RO;AS125-AS1-20180125182756
2018-01-25 18:29:20.128;SP;AS125-AS1-20180125182756
2018-01-25 18:29:22.758;SQ;AS125-AS1-20180125182922
2018-01-25 18:29:54.304;RU;AS125-AS1-20180125182632
2018-01-25 18:29:55.488;RC;AS125-AS1-20180125182756
2018-01-25 18:29:58.283;SS;AS125-AS1-20180125182756
2018-01-25 18:29:59.763;VU;AS125-AS1-20180125182632
2018-01-25 18:30:43.314;RO;AS125-AS1-20180125182922
2018-01-25 18:30:45.066;SP;AS125-AS1-20180125182922
2018-01-25 18:30:49.426;SQ;AS125-AS1-20180125183049
2018-01-25 18:31:10.514;RU;AS125-AS1-20180125182756
2018-01-25 18:31:12.343;VU;AS125-AS1-20180125182756
2018-01-25 18:31:27.863;RC;AS125-AS1-20180125182922
2018-01-25 18:31:28.692;SS;AS125-AS1-20180125182922
2018-01-25 18:32:09.041;RO;AS125-AS1-20180125183049
2018-01-25 18:32:10.321;SP;AS125-AS1-20180125183049
2018-01-25 18:32:12.984;SQ;AS125-AS1-20180125183212
2018-01-25 18:32:42.092;RU;AS125-AS1-20180125182922
2018-01-25 18:32:47.712;RC;AS125-AS1-20180125183049
2018-01-25 18:32:50.363;SS;AS125-AS1-20180125183049
2018-01-25 18:32:55.407;VU;AS125-AS1-20180125182922
2018-01-25 18:33:28.569;RO;AS125-AS1-20180125183212
2018-01-25 18:33:29.413;SP;AS125-AS1-20180125183212
2018-01-25 18:33:32.005;SQ;AS125-AS1-20180125183332
2018-01-25 18:34:18.788;RC;AS125-AS1-20180125183212
2018-01-25 18:34:18.829;RU;AS125-AS1-20180125183049
2018-01-25 18:34:20.364;SS;AS125-AS1-20180125183212
2018-01-25 18:34:21.429;VU;AS125-AS1-20180125183049
2018-01-25 18:34:49.007;RO;AS125-AS1-20180125183332
2018-01-25 18:34:50.747;SP;AS125-AS1-20180125183332
2018-01-25 18:34:54.765;SQ;AS125-AS1-20180125183454
2018-01-25 18:35:17.632;RC;AS125-AS1-20180125183332
2018-01-25 18:35:18.433;SS;AS125-AS1-20180125183332
2018-01-25 18:35:37.903;RU;AS125-AS1-20180125183212
2018-01-25 18:35:59.482;VU;AS125-AS1-20180125183212
