2018-01-25 18:17:44.065;SQ;AS129-AS1-20180125181744
2018-01-25 18:18:21.108;RO;AS129-AS1-20180125181744
2018-01-25 18:18:22.457;SP;AS129-AS1-20180125181744
2018-01-25 18:18:25.128;SQ;AS129-AS1-20180125181825
2018-01-25 18:18:53.495;RC;AS129-AS1-20180125181744
2018-01-25 18:18:54.344;SS;AS129-AS1-20180125181744
2018-01-25 18:19:36.164;RO;AS129-AS1-20180125181825
2018-01-25 18:19:37.066;SP;AS129-AS1-20180125181825
2018-01-25 18:19:39.736;SQ;AS129-AS1-20180125181939
2018-01-25 18:20:19.481;RU;AS129-AS1-20180125181744
2018-01-25 18:20:20.938;RC;AS129-AS1-20180125181825
2018-01-25 18:20:21.299;VU;AS129-AS1-20180125181744
2018-01-25 18:20:21.781;SS;AS129-AS1-20180125181825
2018-01-25 18:20:51.107;RO;AS129-AS1-20180125181939
2018-01-25 18:20:52.146;SP;AS129-AS1-20180125181939
2018-01-25 18:20:54.828;SQ;AS129-AS1-20180125182054
2018-01-25 18:21:36.628;RU;AS129-AS1-20180125181825
2018-01-25 18:21:53.908;RC;AS129-AS1-20180125181939
2018-01-25 18:21:56.265;SS;AS129-AS1-20180125181939
2018-01-25 18:21:56.991;VU;AS129-AS1-20180125181825
2018-01-25 18:22:09.415;RO;AS129-AS1-20180125182054
2018-01-25 18:22:10.274;SP;AS129-AS1-20180125182054
2018-01-25 18:22:12.995;SQ;AS129-AS1-20180125182212
2018-01-25 18:22:49.351;RC;AS129-AS1-20180125182054
2018-01-25 18:22:51.097;SS;AS129-AS1-20180125182054
2018-01-25 18:23:19.603;RU;AS129-AS1-20180125181939
2018-01-25 18:23:21.447;VU;AS129-AS1-20180125181939
2018-01-25 18:23:27.609;RO;AS129-AS1-20180125182212
2018-01-25 18:23:28.924;SP;AS129-AS1-20180125182212
2018-01-25 18:23:31.587;SQ;AS129-AS1-20180125182331
2018-01-25 18:24:00.588;RU;AS129-AS1-20180125182054
2018-01-25 18:24:02.416;VU;AS129-AS1-20180125182054
2018-01-25 18:24:23.891;RC;AS129-AS1-20180125182212
2018-01-25 18:24:24.761;SS;AS129-AS1-20180125182212
2018-01-25 18:25:08.493;RO;AS129-AS1-20180125182331
2018-01-25 18:25:09.526;SP;AS129-AS1-20180125182331
2018-01-25 18:25:12.187;SQ;AS129-AS1-20180125182512
2018-01-25 18:25:37.139;RU;AS129-AS1-20180125182212
2018-01-25 18:25:55.820;RC;AS129-AS1-20180125182331
2018-01-25 18:25:57.948;SS;AS129-AS1-20180125182331
2018-01-25 18:26:02.688;VU;AS129-AS1-20180125182212
2018-01-25 18:26:30.500;RO;AS129-AS1-20180125182512
2018-01-25 18:26:31.631;SP;AS129-AS1-20180125182512
2018-01-25 18:26:34.312;SQ;AS129-AS1-20180125182634
2018-01-25 18:27:20.858;RU;AS129-AS1-20180125182331
2018-01-25 18:27:20.858;RC;AS129-AS1-20180125182512
2018-01-25 18:27:22.529;SS;AS129-AS1-20180125182512
2018-01-25 18:27:23.531;VU;AS129-AS1-20180125182331
2018-01-25 18:27:46.325;RO;AS129-AS1-20180125182634
2018-01-25 18:27:48.203;SP;AS129-AS1-20180125182634
2018-01-25 18:27:52.680;SQ;AS129-AS1-20180125182752
2018-01-25 18:28:20.665;RC;AS129-AS1-20180125182634
2018-01-25 18:28:21.487;SS;AS129-AS1-20180125182634
2018-01-25 18:28:43.144;RU;AS129-AS1-20180125182512
2018-01-25 18:28:58.778;VU;AS129-AS1-20180125182512
2018-01-25 18:29:18.432;RO;AS129-AS1-20180125182752
2018-01-25 18:29:19.626;SP;AS129-AS1-20180125182752
2018-01-25 18:29:22.286;SQ;AS129-AS1-20180125182922
2018-01-25 18:29:26.348;RU;AS129-AS1-20180125182634
2018-01-25 18:29:51.024;RC;AS129-AS1-20180125182752
2018-01-25 18:29:53.957;SS;AS129-AS1-20180125182752
2018-01-25 18:30:00.720;VU;AS129-AS1-20180125182634
2018-01-25 18:30:39.172;RO;AS129-AS1-20180125182922
2018-01-25 18:30:40.212;SP;AS129-AS1-20180125182922
2018-01-25 18:30:42.860;SQ;AS129-AS1-20180125183042
2018-01-25 18:31:10.711;RU;AS129-AS1-20180125182752
2018-01-25 18:31:12.531;VU;AS129-AS1-20180125182752
2018-01-25 18:31:49.027;RC;AS129-AS1-20180125182922
2018-01-25 18:31:49.874;SS;AS129-AS1-20180125182922
2018-01-25 18:32:07.701;RO;AS129-AS1-20180125183042
2018-01-25 18:32:08.795;SP;AS129-AS1-20180125183042
2018-01-25 18:32:11.491;SQ;AS129-AS1-20180125183211
2018-01-25 18:32:35.974;RC;AS129-AS1-20180125183042
2018-01-25 18:32:36.805;SS;AS129-AS1-20180125183042
2018-01-25 18:33:00.102;RU;AS129-AS1-20180125182922
2018-01-25 18:33:01.925;VU;AS129-AS1-20180125182922
2018-01-25 18:33:20.159;RO;AS129-AS1-20180125183211
2018-01-25 18:33:21.381;SP;AS129-AS1-20180125183211
2018-01-25 18:33:24.046;SQ;AS129-AS1-20180125183324
2018-01-25 18:34:00.398;RC;AS129-AS1-20180125183211
2018-01-25 18:34:01.232;SS;AS129-AS1-20180125183211
2018-01-25 18:34:18.239;RU;AS129-AS1-20180125183042
2018-01-25 18:34:20.074;VU;AS129-AS1-20180125183042
2018-01-25 18:34:50.870;RO;AS129-AS1-20180125183324
2018-01-25 18:34:53.410;SP;AS129-AS1-20180125183324
2018-01-25 18:34:56.084;SQ;AS129-AS1-20180125183456
2018-01-25 18:35:13.047;RU;AS129-AS1-20180125183211
2018-01-25 18:35:14.891;VU;AS129-AS1-20180125183211
2018-01-25 18:35:22.058;RC;AS129-AS1-20180125183324
2018-01-25 18:35:22.883;SS;AS129-AS1-20180125183324
2018-01-25 18:36:09.847;RO;AS129-AS1-20180125183456
2018-01-25 18:36:10.996;SP;AS129-AS1-20180125183456
