2018-01-25 18:17:39.536;SQ;AS157-AS1-20180125181739
2018-01-25 18:18:12.172;RO;AS157-AS1-20180125181739
2018-01-25 18:18:13.429;SP;AS157-AS1-20180125181739
2018-01-25 18:18:16.133;SQ;AS157-AS1-20180125181816
2018-01-25 18:18:42.466;RC;AS157-AS1-20180125181739
2018-01-25 18:18:43.288;SS;AS157-AS1-20180125181739
2018-01-25 18:19:19.951;RO;AS157-AS1-20180125181816
2018-01-25 18:19:21.061;SP;AS157-AS1-20180125181816
2018-01-25 18:19:23.726;SQ;AS157-AS1-20180125181923
2018-01-25 18:19:57.204;RU;AS157-AS1-20180125181739
2018-01-25 18:19:59.031;VU;AS157-AS1-20180125181739
2018-01-25 18:20:18.403;RC;AS157-AS1-20180125181816
2018-01-25 18:20:19.271;SS;AS157-AS1-20180125181816
2018-01-25 18:20:27.651;RO;AS157-AS1-20180125181923
2018-01-25 18:20:28.623;SP;AS157-AS1-20180125181923
2018-01-25 18:20:31.313;SQ;AS157-AS1-20180125182031
2018-01-25 18:21:14.644;RC;AS157-AS1-20180125181923
2018-01-25 18:21:15.461;SS;AS157-AS1-20180125181923
2018-01-25 18:21:29.616;RU;AS157-AS1-20180125181816
2018-01-25 18:21:55.913;RO;AS157-AS1-20180125182031
2018-01-25 18:21:56.316;VU;AS157-AS1-20180125181816
2018-01-25 18:21:56.758;SP;AS157-AS1-20180125182031
2018-01-25 18:21:59.423;SQ;AS157-AS1-20180125182159
2018-01-25 18:22:29.291;RU;AS157-AS1-20180125181923
2018-01-25 18:22:38.095;RC;AS157-AS1-20180125182031
2018-01-25 18:22:39.296;SS;AS157-AS1-20180125182031
2018-01-25 18:23:00.313;VU;AS157-AS1-20180125181923
2018-01-25 18:23:16.468;RO;AS157-AS1-20180125182159
2018-01-25 18:23:17.339;SP;AS157-AS1-20180125182159
2018-01-25 18:23:20.006;SQ;AS157-AS1-20180125182320
2018-01-25 18:23:51.341;RC;AS157-AS1-20180125182159
2018-01-25 18:23:53.044;SS;AS157-AS1-20180125182159
2018-01-25 18:23:58.506;RU;AS157-AS1-20180125182031
2018-01-25 18:24:00.356;VU;AS157-AS1-20180125182031
2018-01-25 18:24:27.843;RO;AS157-AS1-20180125182320
2018-01-25 18:24:28.948;SP;AS157-AS1-20180125182320
2018-01-25 18:24:31.617;SQ;AS157-AS1-20180125182431
2018-01-25 18:25:09.433;RU;AS157-AS1-20180125182159
2018-01-25 18:25:11.283;VU;AS157-AS1-20180125182159
2018-01-25 18:25:22.229;RC;AS157-AS1-20180125182320
2018-01-25 18:25:23.062;SS;AS157-AS1-20180125182320
2018-01-25 18:26:00.098;RO;AS157-AS1-20180125182431
2018-01-25 18:26:01.053;SP;AS157-AS1-20180125182431
2018-01-25 18:26:03.764;SQ;AS157-AS1-20180125182603
2018-01-25 18:26:32.016;RU;AS157-AS1-20180125182320
2018-01-25 18:26:36.222;RC;AS157-AS1-20180125182431
2018-01-25 18:26:37.403;SS;AS157-AS1-20180125182431
2018-01-25 18:26:53.310;VU;AS157-AS1-20180125182320
2018-01-25 18:27:20.610;RO;AS157-AS1-20180125182603
2018-01-25 18:27:21.738;SP;AS157-AS1-20180125182603
2018-01-25 18:27:24.400;SQ;AS157-AS1-20180125182724
2018-01-25 18:27:49.096;RC;AS157-AS1-20180125182603
2018-01-25 18:27:50.734;SS;AS157-AS1-20180125182603
2018-01-25 18:27:51.357;RU;AS157-AS1-20180125182431
2018-01-25 18:27:53.507;VU;AS157-AS1-20180125182431
2018-01-25 18:28:39.372;RO;AS157-AS1-20180125182724
2018-01-25 18:28:40.340;SP;AS157-AS1-20180125182724
2018-01-25 18:28:43.014;SQ;AS157-AS1-20180125182843
2018-01-25 18:29:03.866;RU;AS157-AS1-20180125182603
2018-01-25 18:29:05.714;VU;AS157-AS1-20180125182603
2018-01-25 18:29:18.777;RC;AS157-AS1-20180125182724
2018-01-25 18:29:19.606;SS;AS157-AS1-20180125182724
2018-01-25 18:29:50.740;RO;AS157-AS1-20180125182843
2018-01-25 18:29:52.854;SP;AS157-AS1-20180125182843
2018-01-25 18:29:57.306;SQ;AS157-AS1-20180125182957
2018-01-25 18:30:25.018;RU;AS157-AS1-20180125182724
2018-01-25 18:30:27.426;RC;AS157-AS1-20180125182843
2018-01-25 18:30:28.523;SS;AS157-AS1-20180125182843
2018-01-25 18:30:54.456;VU;AS157-AS1-20180125182724
2018-01-25 18:31:10.732;RO;AS157-AS1-20180125182957
2018-01-25 18:31:11.762;SP;AS157-AS1-20180125182957
2018-01-25 18:31:14.463;SQ;AS157-AS1-20180125183114
2018-01-25 18:31:46.061;RU;AS157-AS1-20180125182843
2018-01-25 18:31:49.676;RC;AS157-AS1-20180125182957
2018-01-25 18:31:51.407;SS;AS157-AS1-20180125182957
2018-01-25 18:31:51.962;VU;AS157-AS1-20180125182843
2018-01-25 18:32:16.589;RO;AS157-AS1-20180125183114
2018-01-25 18:32:17.885;SP;AS157-AS1-20180125183114
2018-01-25 18:32:20.542;SQ;AS157-AS1-20180125183220
2018-01-25 18:33:04.111;RU;AS157-AS1-20180125182957
2018-01-25 18:33:05.818;RC;AS157-AS1-20180125183114
2018-01-25 18:33:05.961;VU;AS157-AS1-20180125182957
2018-01-25 18:33:06.646;SS;AS157-AS1-20180125183114
2018-01-25 18:33:53.109;RO;AS157-AS1-20180125183220
2018-01-25 18:33:53.976;SP;AS157-AS1-20180125183220
2018-01-25 18:33:56.684;SQ;AS157-AS1-20180125183356
2018-01-25 18:34:21.980;RU;AS157-AS1-20180125183114
2018-01-25 18:34:27.964;RC;AS157-AS1-20180125183220
2018-01-25 18:34:29.181;SS;AS157-AS1-20180125183220
2018-01-25 18:34:55.260;RO;AS157-AS1-20180125183356
2018-01-25 18:34:56.078;VU;AS157-AS1-20180125183114
2018-01-25 18:34:56.121;SP;AS157-AS1-20180125183356
2018-01-25 18:34:58.806;SQ;AS157-AS1-20180125183458
2018-01-25 18:35:32.714;RC;AS157-AS1-20180125183356
2018-01-25 18:35:33.590;SS;AS157-AS1-20180125183356
2018-01-25 18:35:54.461;RU;AS157-AS1-20180125183220
2018-01-25 18:35:56.474;VU;AS157-AS1-20180125183220
