2018-01-25 18:17:41.628;SQ;AS171-AS1-20180125181741
2018-01-25 18:18:16.061;RO;AS171-AS1-20180125181741
2018-01-25 18:18:16.986;SP;AS171-AS1-20180125181741
2018-01-25 18:18:19.639;SQ;AS171-AS1-20180125181819
2018-01-25 18:18:44.163;RC;AS171-AS1-20180125181741
2018-01-25 18:18:45.003;SS;AS171-AS1-20180125181741
2018-01-25 18:19:30.190;RO;AS171-AS1-20180125181819
2018-01-25 18:19:31.041;SP;AS171-AS1-20180125181819
2018-01-25 18:19:33.724;SQ;AS171-AS1-20180125181933
2018-01-25 18:20:01.249;RU;AS171-AS1-20180125181741
2018-01-25 18:20:03.126;VU;AS171-AS1-20180125181741
2018-01-25 18:20:19.634;RC;AS171-AS1-20180125181819
2018-01-25 18:20:20.492;SS;AS171-AS1-20180125181819
2018-01-25 18:20:52.541;RO;AS171-AS1-20180125181933
2018-01-25 18:20:53.651;SP;AS171-AS1-20180125181933
2018-01-25 18:20:56.363;SQ;AS171-AS1-20180125182056
2018-01-25 18:21:28.233;RC;AS171-AS1-20180125181933
2018-01-25 18:21:28.478;RU;AS171-AS1-20180125181819
2018-01-25 18:21:29.645;SS;AS171-AS1-20180125181933
2018-01-25 18:21:57.617;VU;AS171-AS1-20180125181819
2018-01-25 18:22:49.047;RU;AS171-AS1-20180125181933
2018-01-25 18:22:59.534;VU;AS171-AS1-20180125181933
2018-01-25 18:23:16.416;RO;AS171-AS1-20180125182056
2018-01-25 18:23:17.372;SP;AS171-AS1-20180125182056
2018-01-25 18:23:20.037;SQ;AS171-AS1-20180125182320
2018-01-25 18:23:52.773;RC;AS171-AS1-20180125182056
2018-01-25 18:23:54.566;SS;AS171-AS1-20180125182056
2018-01-25 18:24:31.422;RO;AS171-AS1-20180125182320
2018-01-25 18:24:32.473;SP;AS171-AS1-20180125182320
2018-01-25 18:24:35.170;SQ;AS171-AS1-20180125182435
2018-01-25 18:25:05.401;RU;AS171-AS1-20180125182056
2018-01-25 18:25:07.242;VU;AS171-AS1-20180125182056
2018-01-25 18:25:22.728;RC;AS171-AS1-20180125182320
2018-01-25 18:25:23.572;SS;AS171-AS1-20180125182320
2018-01-25 18:25:55.722;RO;AS171-AS1-20180125182435
2018-01-25 18:25:57.454;SP;AS171-AS1-20180125182435
2018-01-25 18:26:00.158;SQ;AS171-AS1-20180125182600
2018-01-25 18:26:31.205;RC;AS171-AS1-20180125182435
2018-01-25 18:26:32.058;SS;AS171-AS1-20180125182435
2018-01-25 18:26:38.612;RU;AS171-AS1-20180125182320
2018-01-25 18:26:53.087;VU;AS171-AS1-20180125182320
2018-01-25 18:27:19.972;RO;AS171-AS1-20180125182600
2018-01-25 18:27:21.112;SP;AS171-AS1-20180125182600
2018-01-25 18:27:23.801;SQ;AS171-AS1-20180125182723
2018-01-25 18:27:46.681;RU;AS171-AS1-20180125182435
2018-01-25 18:27:53.622;RC;AS171-AS1-20180125182600
2018-01-25 18:27:54.444;SS;AS171-AS1-20180125182600
2018-01-25 18:27:54.523;VU;AS171-AS1-20180125182435
2018-01-25 18:28:35.255;RO;AS171-AS1-20180125182723
2018-01-25 18:28:36.223;SP;AS171-AS1-20180125182723
2018-01-25 18:28:38.872;SQ;AS171-AS1-20180125182838
2018-01-25 18:29:18.663;RC;AS171-AS1-20180125182723
2018-01-25 18:29:18.834;RU;AS171-AS1-20180125182600
2018-01-25 18:29:20.142;SS;AS171-AS1-20180125182723
2018-01-25 18:29:21.395;VU;AS171-AS1-20180125182600
2018-01-25 18:29:45.529;RO;AS171-AS1-20180125182838
2018-01-25 18:29:46.819;SP;AS171-AS1-20180125182838
2018-01-25 18:29:49.736;SQ;AS171-AS1-20180125182949
2018-01-25 18:30:25.747;RC;AS171-AS1-20180125182838
2018-01-25 18:30:26.590;SS;AS171-AS1-20180125182838
2018-01-25 18:30:35.450;RU;AS171-AS1-20180125182723
2018-01-25 18:30:54.584;VU;AS171-AS1-20180125182723
2018-01-25 18:31:06.007;RO;AS171-AS1-20180125182949
2018-01-25 18:31:07.199;SP;AS171-AS1-20180125182949
2018-01-25 18:31:09.912;SQ;AS171-AS1-20180125183109
2018-01-25 18:31:42.898;RU;AS171-AS1-20180125182838
2018-01-25 18:31:52.330;VU;AS171-AS1-20180125182838
2018-01-25 18:32:08.303;RC;AS171-AS1-20180125182949
2018-01-25 18:32:09.145;SS;AS171-AS1-20180125182949
2018-01-25 18:32:19.354;RO;AS171-AS1-20180125183109
2018-01-25 18:32:20.346;SP;AS171-AS1-20180125183109
2018-01-25 18:32:23.016;SQ;AS171-AS1-20180125183223
2018-01-25 18:32:59.565;RC;AS171-AS1-20180125183109
2018-01-25 18:33:00.403;SS;AS171-AS1-20180125183109
2018-01-25 18:33:22.541;RU;AS171-AS1-20180125182949
2018-01-25 18:33:24.384;VU;AS171-AS1-20180125182949
2018-01-25 18:33:49.457;RO;AS171-AS1-20180125183223
2018-01-25 18:33:51.337;SP;AS171-AS1-20180125183223
2018-01-25 18:33:54.228;SQ;AS171-AS1-20180125183354
2018-01-25 18:34:18.660;RC;AS171-AS1-20180125183223
2018-01-25 18:34:19.488;SS;AS171-AS1-20180125183223
2018-01-25 18:34:24.094;RU;AS171-AS1-20180125183109
2018-01-25 18:34:25.950;VU;AS171-AS1-20180125183109
2018-01-25 18:34:57.784;RO;AS171-AS1-20180125183354
2018-01-25 18:34:58.641;SP;AS171-AS1-20180125183354
2018-01-25 18:35:01.307;SQ;AS171-AS1-20180125183501
2018-01-25 18:35:34.325;RU;AS171-AS1-20180125183223
2018-01-25 18:35:43.261;RC;AS171-AS1-20180125183354
2018-01-25 18:35:44.545;SS;AS171-AS1-20180125183354
2018-01-25 18:35:58.790;VU;AS171-AS1-20180125183223
