2018-01-25 18:17:36.453;SQ;AS177-AS1-20180125181736
2018-01-25 18:18:01.639;RO;AS177-AS1-20180125181736
2018-01-25 18:18:02.850;SP;AS177-AS1-20180125181736
2018-01-25 18:18:05.544;SQ;AS177-AS1-20180125181805
2018-01-25 18:18:24.542;RC;AS177-AS1-20180125181736
2018-01-25 18:18:25.370;SS;AS177-AS1-20180125181736
2018-01-25 18:18:59.058;RO;AS177-AS1-20180125181805
2018-01-25 18:18:59.935;SP;AS177-AS1-20180125181805
2018-01-25 18:19:02.647;SQ;AS177-AS1-20180125181902
2018-01-25 18:19:39.030;RC;AS177-AS1-20180125181805
2018-01-25 18:19:39.849;SS;AS177-AS1-20180125181805
2018-01-25 18:20:19.231;RO;AS177-AS1-20180125181902
2018-01-25 18:20:19.483;RU;AS177-AS1-20180125181736
2018-01-25 18:20:21.184;SP;AS177-AS1-20180125181902
2018-01-25 18:20:21.886;VU;AS177-AS1-20180125181736
2018-01-25 18:20:23.856;SQ;AS177-AS1-20180125182023
2018-01-25 18:20:52.621;RU;AS177-AS1-20180125181805
2018-01-25 18:20:54.474;VU;AS177-AS1-20180125181805
2018-01-25 18:20:58.029;RC;AS177-AS1-20180125181902
2018-01-25 18:20:58.872;SS;AS177-AS1-20180125181902
2018-01-25 18:21:49.002;RO;AS177-AS1-20180125182023
2018-01-25 18:21:51.241;SP;AS177-AS1-20180125182023
2018-01-25 18:21:55.219;SQ;AS177-AS1-20180125182155
2018-01-25 18:22:18.303;RU;AS177-AS1-20180125181902
2018-01-25 18:22:20.137;VU;AS177-AS1-20180125181902
2018-01-25 18:22:29.791;RC;AS177-AS1-20180125182023
2018-01-25 18:22:30.631;SS;AS177-AS1-20180125182023
2018-01-25 18:23:16.301;RO;AS177-AS1-20180125182155
2018-01-25 18:23:17.135;SP;AS177-AS1-20180125182155
2018-01-25 18:23:19.821;SQ;AS177-AS1-20180125182319
2018-01-25 18:23:38.729;RU;AS177-AS1-20180125182023
2018-01-25 18:23:54.162;RC;AS177-AS1-20180125182155
2018-01-25 18:23:57.349;SS;AS177-AS1-20180125182155
2018-01-25 18:24:30.820;RO;AS177-AS1-20180125182319
2018-01-25 18:24:32.407;SP;AS177-AS1-20180125182319
2018-01-25 18:24:35.800;SQ;AS177-AS1-20180125182435
2018-01-25 18:24:51.533;RU;AS177-AS1-20180125182155
2018-01-25 18:25:02.551;VU;AS177-AS1-20180125182155
2018-01-25 18:25:22.723;RC;AS177-AS1-20180125182319
2018-01-25 18:25:23.808;SS;AS177-AS1-20180125182319
2018-01-25 18:26:00.854;RO;AS177-AS1-20180125182435
2018-01-25 18:26:02.881;SP;AS177-AS1-20180125182435
2018-01-25 18:26:06.453;SQ;AS177-AS1-20180125182606
2018-01-25 18:26:38.049;RU;AS177-AS1-20180125182319
2018-01-25 18:26:38.395;RC;AS177-AS1-20180125182435
2018-01-25 18:26:40.569;SS;AS177-AS1-20180125182435
2018-01-25 18:26:56.242;VU;AS177-AS1-20180125182319
2018-01-25 18:27:21.145;RO;AS177-AS1-20180125182606
2018-01-25 18:27:22.434;SP;AS177-AS1-20180125182606
2018-01-25 18:27:25.960;SQ;AS177-AS1-20180125182725
2018-01-25 18:27:54.132;RU;AS177-AS1-20180125182435
2018-01-25 18:27:56.329;VU;AS177-AS1-20180125182435
2018-01-25 18:28:01.601;RC;AS177-AS1-20180125182606
2018-01-25 18:28:03.035;SS;AS177-AS1-20180125182606
2018-01-25 18:28:57.817;RO;AS177-AS1-20180125182725
2018-01-25 18:28:59.676;SP;AS177-AS1-20180125182725
2018-01-25 18:29:03.219;SQ;AS177-AS1-20180125182903
2018-01-25 18:29:21.730;RU;AS177-AS1-20180125182606
2018-01-25 18:29:24.277;VU;AS177-AS1-20180125182606
2018-01-25 18:29:29.350;RC;AS177-AS1-20180125182725
2018-01-25 18:29:30.405;SS;AS177-AS1-20180125182725
2018-01-25 18:30:26.860;RO;AS177-AS1-20180125182903
2018-01-25 18:30:28.635;SP;AS177-AS1-20180125182903
2018-01-25 18:30:32.021;SQ;AS177-AS1-20180125183032
2018-01-25 18:31:04.384;RU;AS177-AS1-20180125182725
2018-01-25 18:31:06.913;VU;AS177-AS1-20180125182725
2018-01-25 18:31:11.627;RC;AS177-AS1-20180125182903
2018-01-25 18:31:12.471;SS;AS177-AS1-20180125182903
2018-01-25 18:31:40.104;RO;AS177-AS1-20180125183032
2018-01-25 18:31:41.822;SP;AS177-AS1-20180125183032
2018-01-25 18:31:47.532;SQ;AS177-AS1-20180125183147
2018-01-25 18:32:15.101;RC;AS177-AS1-20180125183032
2018-01-25 18:32:15.948;SS;AS177-AS1-20180125183032
2018-01-25 18:32:20.954;RU;AS177-AS1-20180125182903
2018-01-25 18:32:50.731;RO;AS177-AS1-20180125183147
2018-01-25 18:32:56.616;SP;AS177-AS1-20180125183147
2018-01-25 18:32:58.529;VU;AS177-AS1-20180125182903
2018-01-25 18:33:00.177;SQ;AS177-AS1-20180125183300
2018-01-25 18:33:37.218;RC;AS177-AS1-20180125183147
2018-01-25 18:33:38.866;SS;AS177-AS1-20180125183147
2018-01-25 18:33:41.499;RU;AS177-AS1-20180125183032
2018-01-25 18:33:58.548;VU;AS177-AS1-20180125183032
2018-01-25 18:34:49.990;RU;AS177-AS1-20180125183147
2018-01-25 18:34:50.743;RO;AS177-AS1-20180125183300
2018-01-25 18:34:54.803;SP;AS177-AS1-20180125183300
2018-01-25 18:34:59.021;VU;AS177-AS1-20180125183147
2018-01-25 18:34:59.861;SQ;AS177-AS1-20180125183459
2018-01-25 18:35:29.061;RC;AS177-AS1-20180125183300
2018-01-25 18:35:29.961;SS;AS177-AS1-20180125183300
