2018-01-25 18:17:49.325;SQ;AS184-AS1-20180125181749
2018-01-25 18:18:23.690;RO;AS184-AS1-20180125181749
2018-01-25 18:18:24.733;SP;AS184-AS1-20180125181749
2018-01-25 18:18:27.466;SQ;AS184-AS1-20180125181827
2018-01-25 18:18:58.791;RC;AS184-AS1-20180125181749
2018-01-25 18:18:59.650;SS;AS184-AS1-20180125181749
2018-01-25 18:19:37.025;RO;AS184-AS1-20180125181827
2018-01-25 18:19:37.877;SP;AS184-AS1-20180125181827
2018-01-25 18:19:40.605;SQ;AS184-AS1-20180125181940
2018-01-25 18:20:19.487;RU;AS184-AS1-20180125181749
2018-01-25 18:20:20.128;RC;AS184-AS1-20180125181827
2018-01-25 18:20:21.242;SS;AS184-AS1-20180125181827
2018-01-25 18:20:21.597;VU;AS184-AS1-20180125181749
2018-01-25 18:20:52.244;RO;AS184-AS1-20180125181940
2018-01-25 18:20:53.538;SP;AS184-AS1-20180125181940
2018-01-25 18:20:56.217;SQ;AS184-AS1-20180125182056
2018-01-25 18:21:25.708;RC;AS184-AS1-20180125181940
2018-01-25 18:21:26.562;SS;AS184-AS1-20180125181940
2018-01-25 18:21:33.187;RU;AS184-AS1-20180125181827
2018-01-25 18:21:56.392;VU;AS184-AS1-20180125181827
2018-01-25 18:22:11.943;RO;AS184-AS1-20180125182056
2018-01-25 18:22:13.177;SP;AS184-AS1-20180125182056
2018-01-25 18:22:15.853;SQ;AS184-AS1-20180125182215
2018-01-25 18:22:50.852;RU;AS184-AS1-20180125181940
2018-01-25 18:22:58.278;VU;AS184-AS1-20180125181940
2018-01-25 18:22:59.841;RC;AS184-AS1-20180125182056
2018-01-25 18:23:00.683;SS;AS184-AS1-20180125182056
2018-01-25 18:23:28.301;RO;AS184-AS1-20180125182215
2018-01-25 18:23:29.269;SP;AS184-AS1-20180125182215
2018-01-25 18:23:31.963;SQ;AS184-AS1-20180125182331
2018-01-25 18:24:02.426;RU;AS184-AS1-20180125182056
2018-01-25 18:24:04.266;VU;AS184-AS1-20180125182056
2018-01-25 18:24:23.501;RC;AS184-AS1-20180125182215
2018-01-25 18:24:24.350;SS;AS184-AS1-20180125182215
2018-01-25 18:24:55.172;RO;AS184-AS1-20180125182331
2018-01-25 18:24:56.899;SP;AS184-AS1-20180125182331
2018-01-25 18:24:59.600;SQ;AS184-AS1-20180125182459
2018-01-25 18:25:29.231;RC;AS184-AS1-20180125182331
2018-01-25 18:25:30.100;SS;AS184-AS1-20180125182331
2018-01-25 18:25:34.785;RU;AS184-AS1-20180125182215
2018-01-25 18:26:01.529;VU;AS184-AS1-20180125182215
2018-01-25 18:26:19.854;RO;AS184-AS1-20180125182459
2018-01-25 18:26:21.049;SP;AS184-AS1-20180125182459
2018-01-25 18:26:23.726;SQ;AS184-AS1-20180125182623
2018-01-25 18:26:40.841;RU;AS184-AS1-20180125182331
2018-01-25 18:26:53.423;VU;AS184-AS1-20180125182331
2018-01-25 18:27:00.323;RC;AS184-AS1-20180125182459
2018-01-25 18:27:01.152;SS;AS184-AS1-20180125182459
2018-01-25 18:27:44.016;RO;AS184-AS1-20180125182623
2018-01-25 18:27:45.182;SP;AS184-AS1-20180125182623
2018-01-25 18:27:49.728;SQ;AS184-AS1-20180125182749
2018-01-25 18:28:02.408;RU;AS184-AS1-20180125182459
2018-01-25 18:28:04.275;VU;AS184-AS1-20180125182459
2018-01-25 18:28:19.153;RC;AS184-AS1-20180125182623
2018-01-25 18:28:19.992;SS;AS184-AS1-20180125182623
2018-01-25 18:29:04.602;RO;AS184-AS1-20180125182749
2018-01-25 18:29:05.650;SP;AS184-AS1-20180125182749
2018-01-25 18:29:08.328;SQ;AS184-AS1-20180125182908
2018-01-25 18:29:29.557;RU;AS184-AS1-20180125182623
2018-01-25 18:29:38.486;RC;AS184-AS1-20180125182749
2018-01-25 18:29:39.728;SS;AS184-AS1-20180125182749
2018-01-25 18:30:00.847;VU;AS184-AS1-20180125182623
2018-01-25 18:30:09.535;RO;AS184-AS1-20180125182908
2018-01-25 18:30:10.768;SP;AS184-AS1-20180125182908
2018-01-25 18:30:13.489;SQ;AS184-AS1-20180125183013
2018-01-25 18:30:53.580;RC;AS184-AS1-20180125182908
2018-01-25 18:30:54.435;SS;AS184-AS1-20180125182908
2018-01-25 18:31:12.991;RU;AS184-AS1-20180125182749
2018-01-25 18:31:14.848;VU;AS184-AS1-20180125182749
2018-01-25 18:31:26.819;RO;AS184-AS1-20180125183013
2018-01-25 18:31:27.936;SP;AS184-AS1-20180125183013
2018-01-25 18:31:30.626;SQ;AS184-AS1-20180125183130
2018-01-25 18:32:12.155;RC;AS184-AS1-20180125183013
2018-01-25 18:32:13.001;SS;AS184-AS1-20180125183013
2018-01-25 18:32:17.112;RU;AS184-AS1-20180125182908
2018-01-25 18:32:18.965;VU;AS184-AS1-20180125182908
2018-01-25 18:32:45.682;RO;AS184-AS1-20180125183130
2018-01-25 18:32:47.447;SP;AS184-AS1-20180125183130
2018-01-25 18:32:52.088;SQ;AS184-AS1-20180125183252
2018-01-25 18:33:27.873;RC;AS184-AS1-20180125183130
2018-01-25 18:33:28.729;SS;AS184-AS1-20180125183130
2018-01-25 18:33:38.143;RU;AS184-AS1-20180125183013
2018-01-25 18:33:56.119;VU;AS184-AS1-20180125183013
2018-01-25 18:34:18.384;RO;AS184-AS1-20180125183252
2018-01-25 18:34:19.555;SP;AS184-AS1-20180125183252
2018-01-25 18:34:22.250;SQ;AS184-AS1-20180125183422
2018-01-25 18:34:52.370;RU;AS184-AS1-20180125183130
2018-01-25 18:34:54.314;VU;AS184-AS1-20180125183130
2018-01-25 18:34:56.109;RC;AS184-AS1-20180125183252
2018-01-25 18:34:56.972;SS;AS184-AS1-20180125183252
2018-01-25 18:35:43.757;RO;AS184-AS1-20180125183422
2018-01-25 18:35:44.694;SP;AS184-AS1-20180125183422
2018-01-25 18:35:47.885;SQ;AS184-AS1-20180125183547
