2018-01-25 18:17:36.966;SQ;AS194-AS1-20180125181736
2018-01-25 18:18:04.716;RO;AS194-AS1-20180125181736
2018-01-25 18:18:05.851;SP;AS194-AS1-20180125181736
2018-01-25 18:18:08.577;SQ;AS194-AS1-20180125181808
2018-01-25 18:18:30.179;RC;AS194-AS1-20180125181736
2018-01-25 18:18:31.020;SS;AS194-AS1-20180125181736
2018-01-25 18:19:02.512;RO;AS194-AS1-20180125181808
2018-01-25 18:19:03.470;SP;AS194-AS1-20180125181808
2018-01-25 18:19:06.215;SQ;AS194-AS1-20180125181906
2018-01-25 18:19:40.468;RU;AS194-AS1-20180125181736
2018-01-25 18:19:43.428;RC;AS194-AS1-20180125181808
2018-01-25 18:19:45.746;SS;AS194-AS1-20180125181808
2018-01-25 18:19:56.023;VU;AS194-AS1-20180125181736
2018-01-25 18:20:48.628;RO;AS194-AS1-20180125181906
2018-01-25 18:20:50.652;SP;AS194-AS1-20180125181906
2018-01-25 18:20:53.898;SQ;AS194-AS1-20180125182053
2018-01-25 18:20:59.725;RU;AS194-AS1-20180125181808
2018-01-25 18:21:01.584;VU;AS194-AS1-20180125181808
2018-01-25 18:21:25.482;RC;AS194-AS1-20180125181906
2018-01-25 18:21:26.347;SS;AS194-AS1-20180125181906
2018-01-25 18:22:01.926;RO;AS194-AS1-20180125182053
2018-01-25 18:22:02.842;SP;AS194-AS1-20180125182053
2018-01-25 18:22:05.545;SQ;AS194-AS1-20180125182205
2018-01-25 18:22:46.397;RC;AS194-AS1-20180125182053
2018-01-25 18:22:47.254;SS;AS194-AS1-20180125182053
2018-01-25 18:22:52.586;RU;AS194-AS1-20180125181906
2018-01-25 18:22:57.494;VU;AS194-AS1-20180125181906
2018-01-25 18:23:24.957;RO;AS194-AS1-20180125182205
2018-01-25 18:23:26.003;SP;AS194-AS1-20180125182205
2018-01-25 18:23:28.714;SQ;AS194-AS1-20180125182328
2018-01-25 18:23:58.278;RU;AS194-AS1-20180125182053
2018-01-25 18:24:00.128;VU;AS194-AS1-20180125182053
2018-01-25 18:24:23.520;RC;AS194-AS1-20180125182205
2018-01-25 18:24:24.388;SS;AS194-AS1-20180125182205
2018-01-25 18:24:53.318;RO;AS194-AS1-20180125182328
2018-01-25 18:24:55.670;SP;AS194-AS1-20180125182328
2018-01-25 18:24:58.799;SQ;AS194-AS1-20180125182458
2018-01-25 18:25:29.817;RU;AS194-AS1-20180125182205
2018-01-25 18:25:32.353;RC;AS194-AS1-20180125182328
2018-01-25 18:25:33.374;SS;AS194-AS1-20180125182328
2018-01-25 18:26:02.316;VU;AS194-AS1-20180125182205
2018-01-25 18:26:18.113;RO;AS194-AS1-20180125182458
2018-01-25 18:26:19.272;SP;AS194-AS1-20180125182458
2018-01-25 18:26:21.980;SQ;AS194-AS1-20180125182621
2018-01-25 18:26:56.530;RU;AS194-AS1-20180125182328
2018-01-25 18:26:58.064;RC;AS194-AS1-20180125182458
2018-01-25 18:26:58.403;VU;AS194-AS1-20180125182328
2018-01-25 18:26:58.921;SS;AS194-AS1-20180125182458
2018-01-25 18:27:48.453;RU;AS194-AS1-20180125182458
2018-01-25 18:27:49.820;RO;AS194-AS1-20180125182621
2018-01-25 18:27:53.206;SP;AS194-AS1-20180125182621
2018-01-25 18:27:56.808;SQ;AS194-AS1-20180125182756
2018-01-25 18:28:36.599;RC;AS194-AS1-20180125182621
2018-01-25 18:28:38.122;SS;AS194-AS1-20180125182621
2018-01-25 18:29:04.635;RO;AS194-AS1-20180125182756
2018-01-25 18:29:05.760;SP;AS194-AS1-20180125182756
2018-01-25 18:29:09.388;SQ;AS194-AS1-20180125182909
2018-01-25 18:29:40.225;RC;AS194-AS1-20180125182756
2018-01-25 18:29:41.820;SS;AS194-AS1-20180125182756
2018-01-25 18:29:52.429;RU;AS194-AS1-20180125182621
2018-01-25 18:30:01.691;VU;AS194-AS1-20180125182621
2018-01-25 18:30:07.476;RO;AS194-AS1-20180125182909
2018-01-25 18:30:08.977;SP;AS194-AS1-20180125182909
2018-01-25 18:30:12.365;SQ;AS194-AS1-20180125183012
2018-01-25 18:30:50.695;RC;AS194-AS1-20180125182909
2018-01-25 18:30:52.792;SS;AS194-AS1-20180125182909
2018-01-25 18:31:01.906;RU;AS194-AS1-20180125182756
2018-01-25 18:31:03.771;VU;AS194-AS1-20180125182756
2018-01-25 18:31:29.012;RO;AS194-AS1-20180125183012
2018-01-25 18:31:30.573;SP;AS194-AS1-20180125183012
2018-01-25 18:31:33.940;SQ;AS194-AS1-20180125183133
2018-01-25 18:32:10.250;RU;AS194-AS1-20180125182909
2018-01-25 18:32:12.323;VU;AS194-AS1-20180125182909
2018-01-25 18:32:12.411;RC;AS194-AS1-20180125183012
2018-01-25 18:32:13.536;SS;AS194-AS1-20180125183012
2018-01-25 18:32:51.166;RO;AS194-AS1-20180125183133
2018-01-25 18:32:55.235;SP;AS194-AS1-20180125183133
2018-01-25 18:32:58.825;SQ;AS194-AS1-20180125183258
2018-01-25 18:33:36.389;RC;AS194-AS1-20180125183133
2018-01-25 18:33:36.786;RU;AS194-AS1-20180125183012
2018-01-25 18:33:38.734;SS;AS194-AS1-20180125183133
2018-01-25 18:34:00.204;VU;AS194-AS1-20180125183012
2018-01-25 18:34:19.556;RO;AS194-AS1-20180125183258
2018-01-25 18:34:21.392;SP;AS194-AS1-20180125183258
2018-01-25 18:34:25.010;SQ;AS194-AS1-20180125183425
2018-01-25 18:34:54.132;RC;AS194-AS1-20180125183258
2018-01-25 18:34:56.266;SS;AS194-AS1-20180125183258
2018-01-25 18:35:01.076;RU;AS194-AS1-20180125183133
2018-01-25 18:35:03.340;VU;AS194-AS1-20180125183133
2018-01-25 18:35:45.373;RO;AS194-AS1-20180125183425
2018-01-25 18:35:47.414;SP;AS194-AS1-20180125183425
2018-01-25 18:35:54.174;SQ;AS194-AS1-20180125183554
