2018-01-25 18:17:35.643;SQ;AS193-AS1-20180125181735
2018-01-25 18:18:00.561;RO;AS193-AS1-20180125181735
2018-01-25 18:18:01.526;SP;AS193-AS1-20180125181735
2018-01-25 18:18:04.124;SQ;AS193-AS1-20180125181804
2018-01-25 18:18:21.949;RC;AS193-AS1-20180125181735
2018-01-25 18:18:22.761;SS;AS193-AS1-20180125181735
2018-01-25 18:18:55.102;RO;AS193-AS1-20180125181804
2018-01-25 18:18:55.980;SP;AS193-AS1-20180125181804
2018-01-25 18:18:58.585;SQ;AS193-AS1-20180125181858
2018-01-25 18:19:31.449;RU;AS193-AS1-20180125181735
2018-01-25 18:19:33.503;RC;AS193-AS1-20180125181804
2018-01-25 18:19:34.857;SS;AS193-AS1-20180125181804
2018-01-25 18:19:53.772;VU;AS193-AS1-20180125181735
2018-01-25 18:20:18.383;RO;AS193-AS1-20180125181858
2018-01-25 18:20:19.500;SP;AS193-AS1-20180125181858
2018-01-25 18:20:22.087;SQ;AS193-AS1-20180125182022
2018-01-25 18:20:50.017;RU;AS193-AS1-20180125181804
2018-01-25 18:20:53.042;VU;AS193-AS1-20180125181804
2018-01-25 18:20:53.850;RC;AS193-AS1-20180125181858
2018-01-25 18:20:54.669;SS;AS193-AS1-20180125181858
2018-01-25 18:21:33.776;RO;AS193-AS1-20180125182022
2018-01-25 18:21:34.983;SP;AS193-AS1-20180125182022
2018-01-25 18:21:37.591;SQ;AS193-AS1-20180125182137
2018-01-25 18:22:09.036;RU;AS193-AS1-20180125181858
2018-01-25 18:22:09.449;RC;AS193-AS1-20180125182022
2018-01-25 18:22:10.679;SS;AS193-AS1-20180125182022
2018-01-25 18:22:11.170;VU;AS193-AS1-20180125181858
2018-01-25 18:22:45.490;RO;AS193-AS1-20180125182137
2018-01-25 18:22:46.491;SP;AS193-AS1-20180125182137
2018-01-25 18:22:50.353;SQ;AS193-AS1-20180125182250
2018-01-25 18:23:19.155;RU;AS193-AS1-20180125182022
2018-01-25 18:23:20.976;VU;AS193-AS1-20180125182022
2018-01-25 18:23:23.039;RC;AS193-AS1-20180125182137
2018-01-25 18:23:23.839;SS;AS193-AS1-20180125182137
2018-01-25 18:24:27.133;RO;AS193-AS1-20180125182250
2018-01-25 18:24:28.248;SP;AS193-AS1-20180125182250
2018-01-25 18:24:30.838;SQ;AS193-AS1-20180125182430
2018-01-25 18:24:56.210;RU;AS193-AS1-20180125182137
2018-01-25 18:24:58.056;VU;AS193-AS1-20180125182137
2018-01-25 18:25:22.371;RC;AS193-AS1-20180125182250
2018-01-25 18:25:23.184;SS;AS193-AS1-20180125182250
2018-01-25 18:26:01.911;RO;AS193-AS1-20180125182430
2018-01-25 18:26:02.774;SP;AS193-AS1-20180125182430
2018-01-25 18:26:05.363;SQ;AS193-AS1-20180125182605
2018-01-25 18:26:31.194;RU;AS193-AS1-20180125182250
2018-01-25 18:26:42.308;RC;AS193-AS1-20180125182430
2018-01-25 18:26:45.421;SS;AS193-AS1-20180125182430
2018-01-25 18:26:53.926;VU;AS193-AS1-20180125182250
2018-01-25 18:27:20.808;RO;AS193-AS1-20180125182605
2018-01-25 18:27:21.770;SP;AS193-AS1-20180125182605
2018-01-25 18:27:24.402;SQ;AS193-AS1-20180125182724
2018-01-25 18:27:55.794;RC;AS193-AS1-20180125182605
2018-01-25 18:27:56.287;RU;AS193-AS1-20180125182430
2018-01-25 18:27:56.881;SS;AS193-AS1-20180125182605
2018-01-25 18:27:58.429;VU;AS193-AS1-20180125182430
2018-01-25 18:28:54.233;RO;AS193-AS1-20180125182724
2018-01-25 18:28:55.311;SP;AS193-AS1-20180125182724
2018-01-25 18:28:57.915;SQ;AS193-AS1-20180125182857
2018-01-25 18:29:21.073;RU;AS193-AS1-20180125182605
2018-01-25 18:29:22.864;VU;AS193-AS1-20180125182605
2018-01-25 18:29:28.878;RC;AS193-AS1-20180125182724
2018-01-25 18:29:29.671;SS;AS193-AS1-20180125182724
2018-01-25 18:30:01.330;RO;AS193-AS1-20180125182857
2018-01-25 18:30:02.326;SP;AS193-AS1-20180125182857
2018-01-25 18:30:04.944;SQ;AS193-AS1-20180125183004
2018-01-25 18:30:39.317;RU;AS193-AS1-20180125182724
2018-01-25 18:30:40.595;RC;AS193-AS1-20180125182857
2018-01-25 18:30:41.633;SS;AS193-AS1-20180125182857
2018-01-25 18:30:54.380;VU;AS193-AS1-20180125182724
2018-01-25 18:31:19.292;RO;AS193-AS1-20180125183004
2018-01-25 18:31:20.338;SP;AS193-AS1-20180125183004
2018-01-25 18:31:22.927;SQ;AS193-AS1-20180125183122
2018-01-25 18:32:07.980;RU;AS193-AS1-20180125182857
2018-01-25 18:32:08.056;RC;AS193-AS1-20180125183004
2018-01-25 18:32:09.651;SS;AS193-AS1-20180125183004
2018-01-25 18:32:10.571;VU;AS193-AS1-20180125182857
2018-01-25 18:32:36.253;RO;AS193-AS1-20180125183122
2018-01-25 18:32:37.316;SP;AS193-AS1-20180125183122
2018-01-25 18:32:39.902;SQ;AS193-AS1-20180125183239
2018-01-25 18:33:19.925;RC;AS193-AS1-20180125183122
2018-01-25 18:33:20.703;SS;AS193-AS1-20180125183122
2018-01-25 18:33:24.104;RU;AS193-AS1-20180125183004
2018-01-25 18:33:53.415;RO;AS193-AS1-20180125183239
2018-01-25 18:33:55.723;SP;AS193-AS1-20180125183239
2018-01-25 18:33:56.979;VU;AS193-AS1-20180125183004
2018-01-25 18:33:58.334;SQ;AS193-AS1-20180125183358
2018-01-25 18:34:28.072;RC;AS193-AS1-20180125183239
2018-01-25 18:34:28.865;SS;AS193-AS1-20180125183239
2018-01-25 18:34:35.868;RU;AS193-AS1-20180125183122
2018-01-25 18:34:56.466;VU;AS193-AS1-20180125183122
2018-01-25 18:34:59.680;RO;AS193-AS1-20180125183358
2018-01-25 18:35:00.702;SP;AS193-AS1-20180125183358
2018-01-25 18:35:03.316;SQ;AS193-AS1-20180125183503
2018-01-25 18:35:46.461;RC;AS193-AS1-20180125183358
2018-01-25 18:35:47.670;SS;AS193-AS1-20180125183358
2018-01-25 18:35:54.863;RU;AS193-AS1-20180125183239
2018-01-25 18:35:56.659;VU;AS193-AS1-20180125183239
