2018-01-25 18:17:33.766;SQ;AS199-AS1-20180125181733
2018-01-25 18:17:37.421;RO;AS199-AS1-20180125181733
2018-01-25 18:17:38.658;SP;AS199-AS1-20180125181733
2018-01-25 18:17:41.405;SQ;AS199-AS1-20180125181741
2018-01-25 18:17:53.778;RC;AS199-AS1-20180125181733
2018-01-25 18:17:54.654;SS;AS199-AS1-20180125181733
2018-01-25 18:18:13.560;RO;AS199-AS1-20180125181741
2018-01-25 18:18:14.826;SP;AS199-AS1-20180125181741
2018-01-25 18:18:17.585;SQ;AS199-AS1-20180125181817
2018-01-25 18:18:40.366;RU;AS199-AS1-20180125181733
2018-01-25 18:18:46.472;RC;AS199-AS1-20180125181741
2018-01-25 18:18:47.731;SS;AS199-AS1-20180125181741
2018-01-25 18:18:54.270;VU;AS199-AS1-20180125181733
2018-01-25 18:19:25.604;RO;AS199-AS1-20180125181817
2018-01-25 18:19:26.520;SP;AS199-AS1-20180125181817
2018-01-25 18:19:29.248;SQ;AS199-AS1-20180125181929
2018-01-25 18:20:01.244;RC;AS199-AS1-20180125181817
2018-01-25 18:20:02.111;SS;AS199-AS1-20180125181817
2018-01-25 18:20:03.220;RU;AS199-AS1-20180125181741
2018-01-25 18:20:05.099;VU;AS199-AS1-20180125181741
2018-01-25 18:20:44.610;RO;AS199-AS1-20180125181929
2018-01-25 18:20:46.636;SP;AS199-AS1-20180125181929
2018-01-25 18:20:51.297;SQ;AS199-AS1-20180125182051
2018-01-25 18:21:14.548;RU;AS199-AS1-20180125181817
2018-01-25 18:21:16.428;VU;AS199-AS1-20180125181817
2018-01-25 18:21:22.717;RC;AS199-AS1-20180125181929
2018-01-25 18:21:23.576;SS;AS199-AS1-20180125181929
2018-01-25 18:22:09.401;RO;AS199-AS1-20180125182051
2018-01-25 18:22:10.744;SP;AS199-AS1-20180125182051
2018-01-25 18:22:13.459;SQ;AS199-AS1-20180125182213
2018-01-25 18:22:49.229;RC;AS199-AS1-20180125182051
2018-01-25 18:22:51.030;SS;AS199-AS1-20180125182051
2018-01-25 18:22:53.866;RU;AS199-AS1-20180125181929
2018-01-25 18:22:59.415;VU;AS199-AS1-20180125181929
2018-01-25 18:23:33.410;RO;AS199-AS1-20180125182213
2018-01-25 18:23:34.440;SP;AS199-AS1-20180125182213
2018-01-25 18:23:37.175;SQ;AS199-AS1-20180125182337
2018-01-25 18:24:03.402;RU;AS199-AS1-20180125182051
2018-01-25 18:24:05.275;VU;AS199-AS1-20180125182051
2018-01-25 18:24:23.957;RC;AS199-AS1-20180125182213
2018-01-25 18:24:24.833;SS;AS199-AS1-20180125182213
2018-01-25 18:24:48.766;RO;AS199-AS1-20180125182337
2018-01-25 18:24:50.134;SP;AS199-AS1-20180125182337
2018-01-25 18:24:54.804;SQ;AS199-AS1-20180125182454
2018-01-25 18:25:29.230;RU;AS199-AS1-20180125182213
2018-01-25 18:25:29.782;RC;AS199-AS1-20180125182337
2018-01-25 18:25:30.996;SS;AS199-AS1-20180125182337
2018-01-25 18:26:02.089;VU;AS199-AS1-20180125182213
2018-01-25 18:26:04.407;RO;AS199-AS1-20180125182454
2018-01-25 18:26:05.746;SP;AS199-AS1-20180125182454
2018-01-25 18:26:08.478;SQ;AS199-AS1-20180125182608
2018-01-25 18:26:41.840;RC;AS199-AS1-20180125182454
2018-01-25 18:26:43.696;SS;AS199-AS1-20180125182454
2018-01-25 18:26:56.874;RU;AS199-AS1-20180125182337
2018-01-25 18:26:58.751;VU;AS199-AS1-20180125182337
2018-01-25 18:27:18.771;RO;AS199-AS1-20180125182608
2018-01-25 18:27:19.921;SP;AS199-AS1-20180125182608
2018-01-25 18:27:22.629;SQ;AS199-AS1-20180125182722
2018-01-25 18:27:50.521;RC;AS199-AS1-20180125182608
2018-01-25 18:27:51.866;SS;AS199-AS1-20180125182608
2018-01-25 18:27:53.751;RU;AS199-AS1-20180125182454
2018-01-25 18:27:55.639;VU;AS199-AS1-20180125182454
2018-01-25 18:28:39.333;RO;AS199-AS1-20180125182722
2018-01-25 18:28:40.561;SP;AS199-AS1-20180125182722
2018-01-25 18:28:43.313;SQ;AS199-AS1-20180125182843
2018-01-25 18:29:18.621;RU;AS199-AS1-20180125182608
2018-01-25 18:29:18.814;RC;AS199-AS1-20180125182722
2018-01-25 18:29:20.366;SS;AS199-AS1-20180125182722
2018-01-25 18:29:21.087;VU;AS199-AS1-20180125182608
2018-01-25 18:29:47.502;RO;AS199-AS1-20180125182843
2018-01-25 18:29:48.756;SP;AS199-AS1-20180125182843
2018-01-25 18:29:53.392;SQ;AS199-AS1-20180125182953
2018-01-25 18:30:25.979;RC;AS199-AS1-20180125182843
2018-01-25 18:30:26.835;SS;AS199-AS1-20180125182843
2018-01-25 18:30:40.812;RU;AS199-AS1-20180125182722
2018-01-25 18:30:55.402;VU;AS199-AS1-20180125182722
2018-01-25 18:31:02.207;RO;AS199-AS1-20180125182953
2018-01-25 18:31:03.353;SP;AS199-AS1-20180125182953
2018-01-25 18:31:06.083;SQ;AS199-AS1-20180125183106
2018-01-25 18:31:40.391;RC;AS199-AS1-20180125182953
2018-01-25 18:31:41.248;SS;AS199-AS1-20180125182953
2018-01-25 18:31:45.143;RU;AS199-AS1-20180125182843
2018-01-25 18:31:52.509;VU;AS199-AS1-20180125182843
2018-01-25 18:32:17.207;RO;AS199-AS1-20180125183106
2018-01-25 18:32:18.532;SP;AS199-AS1-20180125183106
2018-01-25 18:32:21.291;SQ;AS199-AS1-20180125183221
2018-01-25 18:32:55.222;RU;AS199-AS1-20180125182953
2018-01-25 18:32:57.106;VU;AS199-AS1-20180125182953
2018-01-25 18:33:01.014;RC;AS199-AS1-20180125183106
2018-01-25 18:33:01.865;SS;AS199-AS1-20180125183106
2018-01-25 18:33:36.367;RO;AS199-AS1-20180125183221
2018-01-25 18:33:37.221;SP;AS199-AS1-20180125183221
2018-01-25 18:33:39.941;SQ;AS199-AS1-20180125183339
2018-01-25 18:34:18.092;RU;AS199-AS1-20180125183106
2018-01-25 18:34:18.374;RC;AS199-AS1-20180125183221
2018-01-25 18:34:19.838;SS;AS199-AS1-20180125183221
2018-01-25 18:34:20.492;VU;AS199-AS1-20180125183106
2018-01-25 18:34:56.528;RO;AS199-AS1-20180125183339
2018-01-25 18:34:57.885;SP;AS199-AS1-20180125183339
2018-01-25 18:35:00.612;SQ;AS199-AS1-20180125183500
2018-01-25 18:35:32.832;RU;AS199-AS1-20180125183221
2018-01-25 18:35:39.192;RC;AS199-AS1-20180125183339
2018-01-25 18:35:40.167;SS;AS199-AS1-20180125183339
2018-01-25 18:35:58.896;VU;AS199-AS1-20180125183221
