2018-01-25 18:17:38.126;SQ;AS2-AS1-20180125181738
2018-01-25 18:18:09.240;RO;AS2-AS1-20180125181738
2018-01-25 18:18:10.501;SP;AS2-AS1-20180125181738
2018-01-25 18:18:13.167;SQ;AS2-AS1-20180125181813
2018-01-25 18:18:35.872;RC;AS2-AS1-20180125181738
2018-01-25 18:18:36.715;SS;AS2-AS1-20180125181738
2018-01-25 18:19:12.684;RO;AS2-AS1-20180125181813
2018-01-25 18:19:13.543;SP;AS2-AS1-20180125181813
2018-01-25 18:19:16.222;SQ;AS2-AS1-20180125181916
2018-01-25 18:19:48.732;RU;AS2-AS1-20180125181738
2018-01-25 18:19:52.220;VU;AS2-AS1-20180125181738
2018-01-25 18:19:56.564;RC;AS2-AS1-20180125181813
2018-01-25 18:19:57.403;SS;AS2-AS1-20180125181813
2018-01-25 18:20:30.801;RO;AS2-AS1-20180125181916
2018-01-25 18:20:31.653;SP;AS2-AS1-20180125181916
2018-01-25 18:20:34.327;SQ;AS2-AS1-20180125182034
2018-01-25 18:20:58.440;RU;AS2-AS1-20180125181813
2018-01-25 18:21:00.258;VU;AS2-AS1-20180125181813
2018-01-25 18:21:14.857;RC;AS2-AS1-20180125181916
2018-01-25 18:21:15.689;SS;AS2-AS1-20180125181916
2018-01-25 18:21:54.349;RO;AS2-AS1-20180125182034
2018-01-25 18:21:55.243;SP;AS2-AS1-20180125182034
2018-01-25 18:21:57.920;SQ;AS2-AS1-20180125182157
2018-01-25 18:22:27.120;RU;AS2-AS1-20180125181916
2018-01-25 18:22:36.654;RC;AS2-AS1-20180125182034
2018-01-25 18:22:37.885;SS;AS2-AS1-20180125182034
2018-01-25 18:22:59.855;VU;AS2-AS1-20180125181916
2018-01-25 18:23:17.069;RO;AS2-AS1-20180125182157
2018-01-25 18:23:18.363;SP;AS2-AS1-20180125182157
2018-01-25 18:23:21.073;SQ;AS2-AS1-20180125182321
2018-01-25 18:23:54.462;RC;AS2-AS1-20180125182157
2018-01-25 18:23:54.736;RU;AS2-AS1-20180125182034
2018-01-25 18:23:57.593;SS;AS2-AS1-20180125182157
2018-01-25 18:24:01.084;VU;AS2-AS1-20180125182034
2018-01-25 18:24:31.950;RO;AS2-AS1-20180125182321
2018-01-25 18:24:32.966;SP;AS2-AS1-20180125182321
2018-01-25 18:24:35.619;SQ;AS2-AS1-20180125182435
2018-01-25 18:25:05.642;RU;AS2-AS1-20180125182157
2018-01-25 18:25:07.459;VU;AS2-AS1-20180125182157
2018-01-25 18:25:22.157;RC;AS2-AS1-20180125182321
2018-01-25 18:25:22.998;SS;AS2-AS1-20180125182321
2018-01-25 18:25:59.621;RO;AS2-AS1-20180125182435
2018-01-25 18:26:00.531;SP;AS2-AS1-20180125182435
2018-01-25 18:26:03.256;SQ;AS2-AS1-20180125182603
2018-01-25 18:26:29.173;RU;AS2-AS1-20180125182321
2018-01-25 18:26:31.004;VU;AS2-AS1-20180125182321
2018-01-25 18:26:34.981;RC;AS2-AS1-20180125182435
2018-01-25 18:26:35.821;SS;AS2-AS1-20180125182435
2018-01-25 18:27:20.846;RO;AS2-AS1-20180125182603
2018-01-25 18:27:22.160;SP;AS2-AS1-20180125182603
2018-01-25 18:27:24.794;SQ;AS2-AS1-20180125182724
2018-01-25 18:27:51.596;RU;AS2-AS1-20180125182435
2018-01-25 18:27:53.438;VU;AS2-AS1-20180125182435
2018-01-25 18:27:55.019;RC;AS2-AS1-20180125182603
2018-01-25 18:27:55.846;SS;AS2-AS1-20180125182603
2018-01-25 18:28:54.294;RO;AS2-AS1-20180125182724
2018-01-25 18:28:55.227;SP;AS2-AS1-20180125182724
2018-01-25 18:28:57.889;SQ;AS2-AS1-20180125182857
2018-01-25 18:29:23.038;RU;AS2-AS1-20180125182603
2018-01-25 18:29:23.508;RC;AS2-AS1-20180125182724
2018-01-25 18:29:24.695;SS;AS2-AS1-20180125182724
2018-01-25 18:29:25.179;VU;AS2-AS1-20180125182603
2018-01-25 18:30:05.007;RO;AS2-AS1-20180125182857
2018-01-25 18:30:06.294;SP;AS2-AS1-20180125182857
2018-01-25 18:30:08.981;SQ;AS2-AS1-20180125183008
2018-01-25 18:30:40.599;RU;AS2-AS1-20180125182724
2018-01-25 18:30:48.803;RC;AS2-AS1-20180125182857
2018-01-25 18:30:51.164;SS;AS2-AS1-20180125182857
2018-01-25 18:30:55.886;VU;AS2-AS1-20180125182724
2018-01-25 18:31:18.350;RO;AS2-AS1-20180125183008
2018-01-25 18:31:19.450;SP;AS2-AS1-20180125183008
2018-01-25 18:31:22.092;SQ;AS2-AS1-20180125183122
2018-01-25 18:32:08.375;RC;AS2-AS1-20180125183008
2018-01-25 18:32:09.194;SS;AS2-AS1-20180125183008
2018-01-25 18:32:10.698;RU;AS2-AS1-20180125182857
2018-01-25 18:32:12.538;VU;AS2-AS1-20180125182857
2018-01-25 18:32:38.782;RO;AS2-AS1-20180125183122
2018-01-25 18:32:39.988;SP;AS2-AS1-20180125183122
2018-01-25 18:32:42.647;SQ;AS2-AS1-20180125183242
2018-01-25 18:33:18.196;RC;AS2-AS1-20180125183122
2018-01-25 18:33:18.263;RU;AS2-AS1-20180125183008
2018-01-25 18:33:19.831;SS;AS2-AS1-20180125183122
2018-01-25 18:33:20.921;VU;AS2-AS1-20180125183008
2018-01-25 18:33:50.823;RO;AS2-AS1-20180125183242
2018-01-25 18:33:52.848;SP;AS2-AS1-20180125183242
2018-01-25 18:33:55.497;SQ;AS2-AS1-20180125183355
2018-01-25 18:34:26.459;RC;AS2-AS1-20180125183242
2018-01-25 18:34:27.268;SS;AS2-AS1-20180125183242
2018-01-25 18:34:59.693;RU;AS2-AS1-20180125183122
2018-01-25 18:35:01.519;VU;AS2-AS1-20180125183122
2018-01-25 18:35:12.977;RO;AS2-AS1-20180125183355
2018-01-25 18:35:13.946;SP;AS2-AS1-20180125183355
2018-01-25 18:35:16.590;SQ;AS2-AS1-20180125183516
2018-01-25 18:35:53.521;RC;AS2-AS1-20180125183355
2018-01-25 18:35:55.073;RU;AS2-AS1-20180125183242
2018-01-25 18:35:55.392;SS;AS2-AS1-20180125183355
2018-01-25 18:35:57.065;VU;AS2-AS1-20180125183242
