2018-01-25 18:17:42.665;SQ;AS29-AS1-20180125181742
2018-01-25 18:18:17.718;RO;AS29-AS1-20180125181742
2018-01-25 18:18:19.060;SP;AS29-AS1-20180125181742
2018-01-25 18:18:21.780;SQ;AS29-AS1-20180125181821
2018-01-25 18:18:51.937;RC;AS29-AS1-20180125181742
2018-01-25 18:18:53.126;SS;AS29-AS1-20180125181742
2018-01-25 18:19:29.432;RO;AS29-AS1-20180125181821
2018-01-25 18:19:30.721;SP;AS29-AS1-20180125181821
2018-01-25 18:19:33.446;SQ;AS29-AS1-20180125181933
2018-01-25 18:20:01.668;RU;AS29-AS1-20180125181742
2018-01-25 18:20:03.538;VU;AS29-AS1-20180125181742
2018-01-25 18:20:19.488;RC;AS29-AS1-20180125181821
2018-01-25 18:20:20.350;SS;AS29-AS1-20180125181821
2018-01-25 18:20:47.359;RO;AS29-AS1-20180125181933
2018-01-25 18:20:49.369;SP;AS29-AS1-20180125181933
2018-01-25 18:20:53.502;SQ;AS29-AS1-20180125182053
2018-01-25 18:21:23.817;RU;AS29-AS1-20180125181821
2018-01-25 18:21:27.413;RC;AS29-AS1-20180125181933
2018-01-25 18:21:29.064;SS;AS29-AS1-20180125181933
2018-01-25 18:21:56.752;VU;AS29-AS1-20180125181821
2018-01-25 18:22:09.401;RO;AS29-AS1-20180125182053
2018-01-25 18:22:10.470;SP;AS29-AS1-20180125182053
2018-01-25 18:22:13.188;SQ;AS29-AS1-20180125182213
2018-01-25 18:22:44.154;RU;AS29-AS1-20180125181933
2018-01-25 18:22:50.824;RC;AS29-AS1-20180125182053
2018-01-25 18:22:53.113;SS;AS29-AS1-20180125182053
2018-01-25 18:23:01.124;VU;AS29-AS1-20180125181933
2018-01-25 18:24:01.741;RO;AS29-AS1-20180125182213
2018-01-25 18:24:02.673;SP;AS29-AS1-20180125182213
2018-01-25 18:24:05.426;SQ;AS29-AS1-20180125182405
2018-01-25 18:24:06.074;RU;AS29-AS1-20180125182053
2018-01-25 18:24:07.951;VU;AS29-AS1-20180125182053
2018-01-25 18:24:33.868;RC;AS29-AS1-20180125182213
2018-01-25 18:24:34.738;SS;AS29-AS1-20180125182213
2018-01-25 18:25:06.214;RO;AS29-AS1-20180125182405
2018-01-25 18:25:07.342;SP;AS29-AS1-20180125182405
2018-01-25 18:25:10.083;SQ;AS29-AS1-20180125182510
2018-01-25 18:25:53.691;RC;AS29-AS1-20180125182405
2018-01-25 18:25:55.460;SS;AS29-AS1-20180125182405
2018-01-25 18:26:03.568;RU;AS29-AS1-20180125182213
2018-01-25 18:26:05.408;VU;AS29-AS1-20180125182213
2018-01-25 18:26:28.567;RO;AS29-AS1-20180125182510
2018-01-25 18:26:29.547;SP;AS29-AS1-20180125182510
2018-01-25 18:26:32.279;SQ;AS29-AS1-20180125182632
2018-01-25 18:27:21.081;RC;AS29-AS1-20180125182510
2018-01-25 18:27:21.092;RU;AS29-AS1-20180125182405
2018-01-25 18:27:22.842;SS;AS29-AS1-20180125182510
2018-01-25 18:27:23.845;VU;AS29-AS1-20180125182405
2018-01-25 18:27:46.675;RO;AS29-AS1-20180125182632
2018-01-25 18:27:48.664;SP;AS29-AS1-20180125182632
2018-01-25 18:27:53.582;SQ;AS29-AS1-20180125182753
2018-01-25 18:28:22.855;RC;AS29-AS1-20180125182632
2018-01-25 18:28:23.698;SS;AS29-AS1-20180125182632
2018-01-25 18:29:17.526;RU;AS29-AS1-20180125182510
2018-01-25 18:29:18.736;RO;AS29-AS1-20180125182753
2018-01-25 18:29:19.395;VU;AS29-AS1-20180125182510
2018-01-25 18:29:20.039;SP;AS29-AS1-20180125182753
2018-01-25 18:29:22.727;SQ;AS29-AS1-20180125182922
2018-01-25 18:29:35.870;RU;AS29-AS1-20180125182632
2018-01-25 18:29:56.783;RC;AS29-AS1-20180125182753
2018-01-25 18:30:00.413;SS;AS29-AS1-20180125182753
2018-01-25 18:30:01.416;VU;AS29-AS1-20180125182632
2018-01-25 18:30:30.932;RO;AS29-AS1-20180125182922
2018-01-25 18:30:32.193;SP;AS29-AS1-20180125182922
2018-01-25 18:30:34.878;SQ;AS29-AS1-20180125183034
2018-01-25 18:31:11.705;RC;AS29-AS1-20180125182922
2018-01-25 18:31:12.577;SS;AS29-AS1-20180125182922
2018-01-25 18:31:15.855;RU;AS29-AS1-20180125182753
2018-01-25 18:31:17.714;VU;AS29-AS1-20180125182753
2018-01-25 18:31:51.975;RO;AS29-AS1-20180125183034
2018-01-25 18:31:53.315;SP;AS29-AS1-20180125183034
2018-01-25 18:31:56.027;SQ;AS29-AS1-20180125183156
2018-01-25 18:32:32.351;RU;AS29-AS1-20180125182922
2018-01-25 18:32:51.177;RC;AS29-AS1-20180125183034
2018-01-25 18:32:51.654;RO;AS29-AS1-20180125183156
2018-01-25 18:32:55.313;SS;AS29-AS1-20180125183034
2018-01-25 18:32:55.584;SP;AS29-AS1-20180125183156
2018-01-25 18:32:56.046;VU;AS29-AS1-20180125182922
2018-01-25 18:32:58.341;SQ;AS29-AS1-20180125183258
2018-01-25 18:33:37.639;RC;AS29-AS1-20180125183156
2018-01-25 18:33:38.489;SS;AS29-AS1-20180125183156
2018-01-25 18:34:18.270;RO;AS29-AS1-20180125183258
2018-01-25 18:34:18.769;RU;AS29-AS1-20180125183034
2018-01-25 18:34:19.764;SP;AS29-AS1-20180125183258
2018-01-25 18:34:21.166;VU;AS29-AS1-20180125183034
2018-01-25 18:34:22.496;SQ;AS29-AS1-20180125183422
2018-01-25 18:34:52.227;RC;AS29-AS1-20180125183258
2018-01-25 18:34:52.536;RU;AS29-AS1-20180125183156
2018-01-25 18:34:54.152;SS;AS29-AS1-20180125183258
2018-01-25 18:34:55.334;VU;AS29-AS1-20180125183156
2018-01-25 18:36:05.973;RU;AS29-AS1-20180125183258
2018-01-25 18:36:07.820;VU;AS29-AS1-20180125183258
