2018-01-25 18:17:35.726;SQ;AS56-AS1-20180125181735
2018-01-25 18:18:00.071;RO;AS56-AS1-20180125181735
2018-01-25 18:18:01.064;SP;AS56-AS1-20180125181735
2018-01-25 18:18:03.716;SQ;AS56-AS1-20180125181803
2018-01-25 18:18:23.022;RC;AS56-AS1-20180125181735
2018-01-25 18:18:23.851;SS;AS56-AS1-20180125181735
2018-01-25 18:18:51.705;RO;AS56-AS1-20180125181803
2018-01-25 18:18:52.982;SP;AS56-AS1-20180125181803
2018-01-25 18:18:55.607;SQ;AS56-AS1-20180125181855
2018-01-25 18:19:27.040;RC;AS56-AS1-20180125181803
2018-01-25 18:19:27.848;SS;AS56-AS1-20180125181803
2018-01-25 18:19:35.655;RU;AS56-AS1-20180125181735
2018-01-25 18:19:54.126;VU;AS56-AS1-20180125181735
2018-01-25 18:20:03.193;RO;AS56-AS1-20180125181855
2018-01-25 18:20:04.045;SP;AS56-AS1-20180125181855
2018-01-25 18:20:06.707;SQ;AS56-AS1-20180125182006
2018-01-25 18:20:34.533;RC;AS56-AS1-20180125181855
2018-01-25 18:20:35.359;SS;AS56-AS1-20180125181855
2018-01-25 18:20:53.851;RU;AS56-AS1-20180125181803
2018-01-25 18:20:55.654;VU;AS56-AS1-20180125181803
2018-01-25 18:21:14.636;RO;AS56-AS1-20180125182006
2018-01-25 18:21:15.607;SP;AS56-AS1-20180125182006
2018-01-25 18:21:18.255;SQ;AS56-AS1-20180125182118
2018-01-25 18:21:54.990;RC;AS56-AS1-20180125182006
2018-01-25 18:21:55.805;SS;AS56-AS1-20180125182006
2018-01-25 18:21:57.243;RU;AS56-AS1-20180125181855
2018-01-25 18:21:59.064;VU;AS56-AS1-20180125181855
2018-01-25 18:22:39.637;RO;AS56-AS1-20180125182118
2018-01-25 18:22:40.652;SP;AS56-AS1-20180125182118
2018-01-25 18:22:43.296;SQ;AS56-AS1-20180125182243
2018-01-25 18:23:18.680;RU;AS56-AS1-20180125182006
2018-01-25 18:23:20.492;VU;AS56-AS1-20180125182006
2018-01-25 18:23:46.052;RC;AS56-AS1-20180125182118
2018-01-25 18:23:46.864;SS;AS56-AS1-20180125182118
2018-01-25 18:23:52.016;RO;AS56-AS1-20180125182243
2018-01-25 18:23:54.108;SP;AS56-AS1-20180125182243
2018-01-25 18:23:58.686;SQ;AS56-AS1-20180125182358
2018-01-25 18:24:27.992;RC;AS56-AS1-20180125182243
2018-01-25 18:24:28.821;SS;AS56-AS1-20180125182243
2018-01-25 18:24:56.741;RO;AS56-AS1-20180125182358
2018-01-25 18:24:57.558;SP;AS56-AS1-20180125182358
2018-01-25 18:25:00.184;SQ;AS56-AS1-20180125182500
2018-01-25 18:25:01.946;RU;AS56-AS1-20180125182118
2018-01-25 18:25:03.754;VU;AS56-AS1-20180125182118
2018-01-25 18:25:31.854;RC;AS56-AS1-20180125182358
2018-01-25 18:25:32.692;SS;AS56-AS1-20180125182358
2018-01-25 18:26:02.940;RU;AS56-AS1-20180125182243
2018-01-25 18:26:04.772;VU;AS56-AS1-20180125182243
2018-01-25 18:26:19.853;RO;AS56-AS1-20180125182500
2018-01-25 18:26:21.099;SP;AS56-AS1-20180125182500
2018-01-25 18:26:23.758;SQ;AS56-AS1-20180125182623
2018-01-25 18:26:51.412;RU;AS56-AS1-20180125182358
2018-01-25 18:26:53.245;VU;AS56-AS1-20180125182358
2018-01-25 18:27:18.881;RC;AS56-AS1-20180125182500
2018-01-25 18:27:19.691;SS;AS56-AS1-20180125182500
2018-01-25 18:27:46.381;RO;AS56-AS1-20180125182623
2018-01-25 18:27:48.595;SP;AS56-AS1-20180125182623
2018-01-25 18:27:53.208;SQ;AS56-AS1-20180125182753
2018-01-25 18:28:19.138;RC;AS56-AS1-20180125182623
2018-01-25 18:28:19.951;SS;AS56-AS1-20180125182623
2018-01-25 18:28:42.049;RU;AS56-AS1-20180125182500
2018-01-25 18:28:51.829;RO;AS56-AS1-20180125182753
2018-01-25 18:28:55.506;SP;AS56-AS1-20180125182753
2018-01-25 18:28:59.177;SQ;AS56-AS1-20180125182859
2018-01-25 18:28:59.398;VU;AS56-AS1-20180125182500
2018-01-25 18:29:28.285;RC;AS56-AS1-20180125182753
2018-01-25 18:29:29.104;SS;AS56-AS1-20180125182753
2018-01-25 18:29:51.559;RU;AS56-AS1-20180125182623
2018-01-25 18:29:59.731;VU;AS56-AS1-20180125182623
2018-01-25 18:30:09.116;RO;AS56-AS1-20180125182859
2018-01-25 18:30:10.095;SP;AS56-AS1-20180125182859
2018-01-25 18:30:12.713;SQ;AS56-AS1-20180125183012
2018-01-25 18:30:44.285;RC;AS56-AS1-20180125182859
2018-01-25 18:30:46.013;SS;AS56-AS1-20180125182859
2018-01-25 18:31:08.650;RU;AS56-AS1-20180125182753
2018-01-25 18:31:10.471;VU;AS56-AS1-20180125182753
2018-01-25 18:31:26.796;RO;AS56-AS1-20180125183012
2018-01-25 18:31:27.614;SP;AS56-AS1-20180125183012
2018-01-25 18:31:30.258;SQ;AS56-AS1-20180125183130
2018-01-25 18:32:08.086;RU;AS56-AS1-20180125182859
2018-01-25 18:32:09.849;RC;AS56-AS1-20180125183012
2018-01-25 18:32:09.893;VU;AS56-AS1-20180125182859
2018-01-25 18:32:10.668;SS;AS56-AS1-20180125183012
2018-01-25 18:32:43.664;RO;AS56-AS1-20180125183130
2018-01-25 18:32:44.974;SP;AS56-AS1-20180125183130
2018-01-25 18:32:49.405;SQ;AS56-AS1-20180125183249
2018-01-25 18:33:18.253;RC;AS56-AS1-20180125183130
2018-01-25 18:33:19.051;SS;AS56-AS1-20180125183130
2018-01-25 18:33:29.628;RU;AS56-AS1-20180125183012
2018-01-25 18:33:56.105;VU;AS56-AS1-20180125183012
2018-01-25 18:34:18.860;RO;AS56-AS1-20180125183249
2018-01-25 18:34:19.832;SP;AS56-AS1-20180125183249
2018-01-25 18:34:22.473;SQ;AS56-AS1-20180125183422
2018-01-25 18:34:27.606;RU;AS56-AS1-20180125183130
2018-01-25 18:34:53.731;RC;AS56-AS1-20180125183249
2018-01-25 18:34:56.000;SS;AS56-AS1-20180125183249
2018-01-25 18:34:56.595;VU;AS56-AS1-20180125183130
2018-01-25 18:35:49.025;RO;AS56-AS1-20180125183422
2018-01-25 18:35:50.825;SP;AS56-AS1-20180125183422
2018-01-25 18:35:55.250;SQ;AS56-AS1-20180125183555
