2018-01-25 18:17:42.490;SQ;AS68-AS1-20180125181742
2018-01-25 18:18:17.946;RO;AS68-AS1-20180125181742
2018-01-25 18:18:18.891;SP;AS68-AS1-20180125181742
2018-01-25 18:18:21.587;SQ;AS68-AS1-20180125181821
2018-01-25 18:18:51.923;RC;AS68-AS1-20180125181742
2018-01-25 18:18:53.071;SS;AS68-AS1-20180125181742
2018-01-25 18:19:32.796;RO;AS68-AS1-20180125181821
2018-01-25 18:19:34.013;SP;AS68-AS1-20180125181821
2018-01-25 18:19:36.700;SQ;AS68-AS1-20180125181936
2018-01-25 18:20:19.488;RC;AS68-AS1-20180125181821
2018-01-25 18:20:19.514;RU;AS68-AS1-20180125181742
2018-01-25 18:20:21.190;SS;AS68-AS1-20180125181821
2018-01-25 18:20:22.194;VU;AS68-AS1-20180125181742
2018-01-25 18:20:55.720;RO;AS68-AS1-20180125181936
2018-01-25 18:20:56.626;SP;AS68-AS1-20180125181936
2018-01-25 18:20:59.305;SQ;AS68-AS1-20180125182059
2018-01-25 18:21:32.966;RU;AS68-AS1-20180125181821
2018-01-25 18:21:35.833;RC;AS68-AS1-20180125181936
2018-01-25 18:21:36.674;SS;AS68-AS1-20180125181936
2018-01-25 18:21:56.550;VU;AS68-AS1-20180125181821
2018-01-25 18:22:16.191;RO;AS68-AS1-20180125182059
2018-01-25 18:22:17.223;SP;AS68-AS1-20180125182059
2018-01-25 18:22:19.886;SQ;AS68-AS1-20180125182219
2018-01-25 18:22:50.995;RU;AS68-AS1-20180125181936
2018-01-25 18:22:58.354;VU;AS68-AS1-20180125181936
2018-01-25 18:23:03.509;RC;AS68-AS1-20180125182059
2018-01-25 18:23:04.370;SS;AS68-AS1-20180125182059
2018-01-25 18:23:32.843;RO;AS68-AS1-20180125182219
2018-01-25 18:23:33.826;SP;AS68-AS1-20180125182219
2018-01-25 18:23:36.529;SQ;AS68-AS1-20180125182336
2018-01-25 18:24:24.098;RC;AS68-AS1-20180125182219
2018-01-25 18:24:24.948;SS;AS68-AS1-20180125182219
2018-01-25 18:24:36.648;RU;AS68-AS1-20180125182059
2018-01-25 18:24:38.491;VU;AS68-AS1-20180125182059
2018-01-25 18:24:50.359;RO;AS68-AS1-20180125182336
2018-01-25 18:24:51.670;SP;AS68-AS1-20180125182336
2018-01-25 18:24:56.145;SQ;AS68-AS1-20180125182456
2018-01-25 18:25:31.010;RC;AS68-AS1-20180125182336
2018-01-25 18:25:31.864;SS;AS68-AS1-20180125182336
2018-01-25 18:25:35.848;RU;AS68-AS1-20180125182219
2018-01-25 18:26:00.798;VU;AS68-AS1-20180125182219
2018-01-25 18:26:16.869;RO;AS68-AS1-20180125182456
2018-01-25 18:26:18.090;SP;AS68-AS1-20180125182456
2018-01-25 18:26:20.793;SQ;AS68-AS1-20180125182620
2018-01-25 18:26:55.356;RC;AS68-AS1-20180125182456
2018-01-25 18:26:56.223;SS;AS68-AS1-20180125182456
2018-01-25 18:26:59.814;RU;AS68-AS1-20180125182336
2018-01-25 18:27:01.668;VU;AS68-AS1-20180125182336
2018-01-25 18:27:45.279;RO;AS68-AS1-20180125182620
2018-01-25 18:27:47.116;SP;AS68-AS1-20180125182620
2018-01-25 18:27:51.712;SQ;AS68-AS1-20180125182751
2018-01-25 18:28:01.467;RU;AS68-AS1-20180125182456
2018-01-25 18:28:03.348;VU;AS68-AS1-20180125182456
2018-01-25 18:28:20.008;RC;AS68-AS1-20180125182620
2018-01-25 18:28:20.842;SS;AS68-AS1-20180125182620
2018-01-25 18:29:18.462;RO;AS68-AS1-20180125182751
2018-01-25 18:29:19.639;SP;AS68-AS1-20180125182751
2018-01-25 18:29:22.333;SQ;AS68-AS1-20180125182922
2018-01-25 18:29:37.435;RU;AS68-AS1-20180125182620
2018-01-25 18:29:52.765;RC;AS68-AS1-20180125182751
2018-01-25 18:29:55.942;SS;AS68-AS1-20180125182751
2018-01-25 18:30:01.711;VU;AS68-AS1-20180125182620
2018-01-25 18:30:31.197;RO;AS68-AS1-20180125182922
2018-01-25 18:30:32.280;SP;AS68-AS1-20180125182922
2018-01-25 18:30:34.959;SQ;AS68-AS1-20180125183034
2018-01-25 18:31:07.845;RU;AS68-AS1-20180125182751
2018-01-25 18:31:09.691;VU;AS68-AS1-20180125182751
2018-01-25 18:31:15.861;RC;AS68-AS1-20180125182922
2018-01-25 18:31:16.701;SS;AS68-AS1-20180125182922
2018-01-25 18:31:48.993;RO;AS68-AS1-20180125183034
2018-01-25 18:31:49.893;SP;AS68-AS1-20180125183034
2018-01-25 18:31:52.569;SQ;AS68-AS1-20180125183152
2018-01-25 18:32:21.382;RC;AS68-AS1-20180125183034
2018-01-25 18:32:22.244;SS;AS68-AS1-20180125183034
2018-01-25 18:32:41.110;RU;AS68-AS1-20180125182922
2018-01-25 18:32:55.262;VU;AS68-AS1-20180125182922
2018-01-25 18:33:01.019;RO;AS68-AS1-20180125183152
2018-01-25 18:33:02.022;SP;AS68-AS1-20180125183152
2018-01-25 18:33:04.691;SQ;AS68-AS1-20180125183304
2018-01-25 18:33:39.404;RU;AS68-AS1-20180125183034
2018-01-25 18:33:41.724;RC;AS68-AS1-20180125183152
2018-01-25 18:33:42.998;SS;AS68-AS1-20180125183152
2018-01-25 18:33:56.183;VU;AS68-AS1-20180125183034
2018-01-25 18:34:17.975;RO;AS68-AS1-20180125183304
2018-01-25 18:34:19.144;SP;AS68-AS1-20180125183304
2018-01-25 18:34:21.825;SQ;AS68-AS1-20180125183421
2018-01-25 18:34:53.007;RC;AS68-AS1-20180125183304
2018-01-25 18:34:53.858;SS;AS68-AS1-20180125183304
2018-01-25 18:34:54.808;RU;AS68-AS1-20180125183152
2018-01-25 18:34:56.664;VU;AS68-AS1-20180125183152
2018-01-25 18:35:52.139;RO;AS68-AS1-20180125183421
2018-01-25 18:35:54.171;SP;AS68-AS1-20180125183421
2018-01-25 18:35:56.858;SQ;AS68-AS1-20180125183556
2018-01-25 18:36:07.911;RU;AS68-AS1-20180125183304
2018-01-25 18:36:09.767;VU;AS68-AS1-20180125183304
