2018-01-25 18:17:38.979;SQ;AS7-AS1-20180125181738
2018-01-25 18:18:11.328;RO;AS7-AS1-20180125181738
2018-01-25 18:18:12.281;SP;AS7-AS1-20180125181738
2018-01-25 18:18:14.878;SQ;AS7-AS1-20180125181814
2018-01-25 18:18:38.701;RC;AS7-AS1-20180125181738
2018-01-25 18:18:39.467;SS;AS7-AS1-20180125181738
2018-01-25 18:19:16.581;RO;AS7-AS1-20180125181814
2018-01-25 18:19:17.760;SP;AS7-AS1-20180125181814
2018-01-25 18:19:20.361;SQ;AS7-AS1-20180125181920
2018-01-25 18:19:53.212;RU;AS7-AS1-20180125181738
2018-01-25 18:19:55.014;VU;AS7-AS1-20180125181738
2018-01-25 18:19:56.630;RC;AS7-AS1-20180125181814
2018-01-25 18:19:57.430;SS;AS7-AS1-20180125181814
2018-01-25 18:20:29.883;RO;AS7-AS1-20180125181920
2018-01-25 18:20:30.740;SP;AS7-AS1-20180125181920
2018-01-25 18:20:33.388;SQ;AS7-AS1-20180125182033
2018-01-25 18:21:14.420;RU;AS7-AS1-20180125181814
2018-01-25 18:21:15.711;RC;AS7-AS1-20180125181920
2018-01-25 18:21:16.227;VU;AS7-AS1-20180125181814
2018-01-25 18:21:16.524;SS;AS7-AS1-20180125181920
2018-01-25 18:21:58.580;RO;AS7-AS1-20180125182033
2018-01-25 18:21:59.735;SP;AS7-AS1-20180125182033
2018-01-25 18:22:02.339;SQ;AS7-AS1-20180125182202
2018-01-25 18:22:33.772;RU;AS7-AS1-20180125181920
2018-01-25 18:22:41.954;RC;AS7-AS1-20180125182033
2018-01-25 18:22:42.786;SS;AS7-AS1-20180125182033
2018-01-25 18:22:59.471;VU;AS7-AS1-20180125181920
2018-01-25 18:23:20.862;RO;AS7-AS1-20180125182202
2018-01-25 18:23:21.734;SP;AS7-AS1-20180125182202
2018-01-25 18:23:24.262;SQ;AS7-AS1-20180125182324
2018-01-25 18:23:59.423;RU;AS7-AS1-20180125182033
2018-01-25 18:24:01.210;VU;AS7-AS1-20180125182033
2018-01-25 18:24:24.176;RC;AS7-AS1-20180125182202
2018-01-25 18:24:24.945;SS;AS7-AS1-20180125182202
2018-01-25 18:24:53.121;RO;AS7-AS1-20180125182324
2018-01-25 18:24:54.957;SP;AS7-AS1-20180125182324
2018-01-25 18:24:58.466;SQ;AS7-AS1-20180125182458
2018-01-25 18:25:23.424;RC;AS7-AS1-20180125182324
2018-01-25 18:25:24.236;SS;AS7-AS1-20180125182324
2018-01-25 18:25:25.438;RU;AS7-AS1-20180125182202
2018-01-25 18:26:00.415;VU;AS7-AS1-20180125182202
2018-01-25 18:26:16.754;RO;AS7-AS1-20180125182458
2018-01-25 18:26:17.835;SP;AS7-AS1-20180125182458
2018-01-25 18:26:20.396;SQ;AS7-AS1-20180125182620
2018-01-25 18:26:55.903;RU;AS7-AS1-20180125182324
2018-01-25 18:26:57.723;VU;AS7-AS1-20180125182324
2018-01-25 18:26:58.628;RC;AS7-AS1-20180125182458
2018-01-25 18:26:59.410;SS;AS7-AS1-20180125182458
2018-01-25 18:27:44.011;RO;AS7-AS1-20180125182620
2018-01-25 18:27:45.248;SP;AS7-AS1-20180125182620
2018-01-25 18:27:49.502;SQ;AS7-AS1-20180125182749
2018-01-25 18:28:02.247;RU;AS7-AS1-20180125182458
2018-01-25 18:28:04.036;VU;AS7-AS1-20180125182458
2018-01-25 18:28:20.229;RC;AS7-AS1-20180125182620
2018-01-25 18:28:21.035;SS;AS7-AS1-20180125182620
2018-01-25 18:28:59.775;RO;AS7-AS1-20180125182749
2018-01-25 18:29:00.911;SP;AS7-AS1-20180125182749
2018-01-25 18:29:03.446;SQ;AS7-AS1-20180125182903
2018-01-25 18:29:33.337;RU;AS7-AS1-20180125182620
2018-01-25 18:29:34.967;RC;AS7-AS1-20180125182749
2018-01-25 18:29:36.359;SS;AS7-AS1-20180125182749
2018-01-25 18:30:00.290;VU;AS7-AS1-20180125182620
2018-01-25 18:30:03.775;RO;AS7-AS1-20180125182903
2018-01-25 18:30:04.828;SP;AS7-AS1-20180125182903
2018-01-25 18:30:07.371;SQ;AS7-AS1-20180125183007
2018-01-25 18:30:39.989;RC;AS7-AS1-20180125182903
2018-01-25 18:30:40.781;SS;AS7-AS1-20180125182903
2018-01-25 18:31:09.523;RU;AS7-AS1-20180125182749
2018-01-25 18:31:11.312;VU;AS7-AS1-20180125182749
2018-01-25 18:31:19.018;RO;AS7-AS1-20180125183007
2018-01-25 18:31:20.201;SP;AS7-AS1-20180125183007
2018-01-25 18:31:22.751;SQ;AS7-AS1-20180125183122
2018-01-25 18:32:07.574;RC;AS7-AS1-20180125183007
2018-01-25 18:32:08.331;SS;AS7-AS1-20180125183007
2018-01-25 18:32:28.939;RU;AS7-AS1-20180125182903
2018-01-25 18:32:30.744;VU;AS7-AS1-20180125182903
2018-01-25 18:32:40.823;RO;AS7-AS1-20180125183122
2018-01-25 18:32:41.633;SP;AS7-AS1-20180125183122
2018-01-25 18:32:44.265;SQ;AS7-AS1-20180125183244
2018-01-25 18:33:17.844;RU;AS7-AS1-20180125183007
2018-01-25 18:33:19.635;VU;AS7-AS1-20180125183007
2018-01-25 18:33:19.774;RC;AS7-AS1-20180125183122
2018-01-25 18:33:20.545;SS;AS7-AS1-20180125183122
2018-01-25 18:33:56.137;RO;AS7-AS1-20180125183244
2018-01-25 18:33:57.137;SP;AS7-AS1-20180125183244
2018-01-25 18:33:59.740;SQ;AS7-AS1-20180125183359
2018-01-25 18:34:30.063;RU;AS7-AS1-20180125183122
2018-01-25 18:34:31.264;RC;AS7-AS1-20180125183244
2018-01-25 18:34:32.198;SS;AS7-AS1-20180125183244
2018-01-25 18:34:55.819;VU;AS7-AS1-20180125183122
2018-01-25 18:35:13.276;RO;AS7-AS1-20180125183359
2018-01-25 18:35:14.137;SP;AS7-AS1-20180125183359
2018-01-25 18:35:16.746;SQ;AS7-AS1-20180125183516
2018-01-25 18:35:51.670;RC;AS7-AS1-20180125183359
2018-01-25 18:35:53.334;SS;AS7-AS1-20180125183359
2018-01-25 18:35:55.880;RU;AS7-AS1-20180125183244
2018-01-25 18:35:57.632;VU;AS7-AS1-20180125183244
