2018-01-25 18:17:33.977;SQ;AS73-AS1-20180125181733
2018-01-25 18:17:39.262;RO;AS73-AS1-20180125181733
2018-01-25 18:17:40.306;SP;AS73-AS1-20180125181733
2018-01-25 18:17:42.960;SQ;AS73-AS1-20180125181742
2018-01-25 18:17:55.806;RC;AS73-AS1-20180125181733
2018-01-25 18:17:56.594;SS;AS73-AS1-20180125181733
2018-01-25 18:18:15.842;RO;AS73-AS1-20180125181742
2018-01-25 18:18:16.823;SP;AS73-AS1-20180125181742
2018-01-25 18:18:19.456;SQ;AS73-AS1-20180125181819
2018-01-25 18:18:47.414;RU;AS73-AS1-20180125181733
2018-01-25 18:18:48.998;RC;AS73-AS1-20180125181742
2018-01-25 18:18:50.386;SS;AS73-AS1-20180125181742
2018-01-25 18:18:54.152;VU;AS73-AS1-20180125181733
2018-01-25 18:19:34.200;RO;AS73-AS1-20180125181819
2018-01-25 18:19:35.369;SP;AS73-AS1-20180125181819
2018-01-25 18:19:37.984;SQ;AS73-AS1-20180125181937
2018-01-25 18:20:19.485;RC;AS73-AS1-20180125181819
2018-01-25 18:20:19.630;RU;AS73-AS1-20180125181742
2018-01-25 18:20:21.014;SS;AS73-AS1-20180125181819
2018-01-25 18:20:22.167;VU;AS73-AS1-20180125181742
2018-01-25 18:20:54.338;RO;AS73-AS1-20180125181937
2018-01-25 18:20:55.368;SP;AS73-AS1-20180125181937
2018-01-25 18:20:57.994;SQ;AS73-AS1-20180125182057
2018-01-25 18:21:25.783;RC;AS73-AS1-20180125181937
2018-01-25 18:21:26.602;SS;AS73-AS1-20180125181937
2018-01-25 18:21:36.630;RU;AS73-AS1-20180125181819
2018-01-25 18:21:57.422;VU;AS73-AS1-20180125181819
2018-01-25 18:22:13.480;RO;AS73-AS1-20180125182057
2018-01-25 18:22:14.418;SP;AS73-AS1-20180125182057
2018-01-25 18:22:17.054;SQ;AS73-AS1-20180125182217
2018-01-25 18:22:48.519;RU;AS73-AS1-20180125181937
2018-01-25 18:22:55.007;RC;AS73-AS1-20180125182057
2018-01-25 18:22:58.501;SS;AS73-AS1-20180125182057
2018-01-25 18:22:59.710;VU;AS73-AS1-20180125181937
2018-01-25 18:23:34.179;RO;AS73-AS1-20180125182217
2018-01-25 18:23:35.491;SP;AS73-AS1-20180125182217
2018-01-25 18:23:38.126;SQ;AS73-AS1-20180125182338
2018-01-25 18:24:23.271;RU;AS73-AS1-20180125182057
2018-01-25 18:24:23.546;RC;AS73-AS1-20180125182217
2018-01-25 18:24:24.910;SS;AS73-AS1-20180125182217
2018-01-25 18:24:25.562;VU;AS73-AS1-20180125182057
2018-01-25 18:24:53.585;RO;AS73-AS1-20180125182338
2018-01-25 18:24:55.463;SP;AS73-AS1-20180125182338
2018-01-25 18:24:58.853;SQ;AS73-AS1-20180125182458
2018-01-25 18:25:26.143;RC;AS73-AS1-20180125182338
2018-01-25 18:25:26.935;SS;AS73-AS1-20180125182338
2018-01-25 18:25:30.054;RU;AS73-AS1-20180125182217
2018-01-25 18:26:16.860;RO;AS73-AS1-20180125182458
2018-01-25 18:26:17.966;SP;AS73-AS1-20180125182458
2018-01-25 18:26:21.181;SQ;AS73-AS1-20180125182621
2018-01-25 18:26:38.123;RU;AS73-AS1-20180125182338
2018-01-25 18:26:56.256;VU;AS73-AS1-20180125182338
2018-01-25 18:26:57.772;RC;AS73-AS1-20180125182458
2018-01-25 18:26:58.784;SS;AS73-AS1-20180125182458
2018-01-25 18:27:48.178;RO;AS73-AS1-20180125182621
2018-01-25 18:27:51.511;SP;AS73-AS1-20180125182621
2018-01-25 18:27:55.780;SQ;AS73-AS1-20180125182755
2018-01-25 18:28:00.476;RU;AS73-AS1-20180125182458
2018-01-25 18:28:02.314;VU;AS73-AS1-20180125182458
2018-01-25 18:28:19.101;RC;AS73-AS1-20180125182621
2018-01-25 18:28:20.056;SS;AS73-AS1-20180125182621
2018-01-25 18:28:57.419;RO;AS73-AS1-20180125182755
2018-01-25 18:28:59.181;SP;AS73-AS1-20180125182755
2018-01-25 18:29:02.545;SQ;AS73-AS1-20180125182902
2018-01-25 18:29:33.981;RC;AS73-AS1-20180125182755
2018-01-25 18:29:34.930;SS;AS73-AS1-20180125182755
2018-01-25 18:29:54.945;RU;AS73-AS1-20180125182621
2018-01-25 18:30:01.841;VU;AS73-AS1-20180125182621
2018-01-25 18:30:07.199;RO;AS73-AS1-20180125182902
2018-01-25 18:30:09.058;SP;AS73-AS1-20180125182902
2018-01-25 18:30:12.450;SQ;AS73-AS1-20180125183012
2018-01-25 18:30:51.964;RC;AS73-AS1-20180125182902
2018-01-25 18:30:54.249;SS;AS73-AS1-20180125182902
2018-01-25 18:31:11.599;RU;AS73-AS1-20180125182755
2018-01-25 18:31:13.861;VU;AS73-AS1-20180125182755
2018-01-25 18:31:24.331;RO;AS73-AS1-20180125183012
2018-01-25 18:31:25.952;SP;AS73-AS1-20180125183012
2018-01-25 18:31:29.262;SQ;AS73-AS1-20180125183129
2018-01-25 18:32:08.086;RC;AS73-AS1-20180125183012
2018-01-25 18:32:09.402;SS;AS73-AS1-20180125183012
2018-01-25 18:32:39.914;RO;AS73-AS1-20180125183129
2018-01-25 18:32:41.524;SP;AS73-AS1-20180125183129
2018-01-25 18:32:44.716;SQ;AS73-AS1-20180125183244
2018-01-25 18:32:47.086;RU;AS73-AS1-20180125182902
2018-01-25 18:32:50.837;VU;AS73-AS1-20180125182902
2018-01-25 18:33:18.255;RC;AS73-AS1-20180125183129
2018-01-25 18:33:19.270;SS;AS73-AS1-20180125183129
2018-01-25 18:33:27.542;RU;AS73-AS1-20180125183012
2018-01-25 18:34:00.433;VU;AS73-AS1-20180125183012
2018-01-25 18:34:18.861;RO;AS73-AS1-20180125183244
2018-01-25 18:34:20.103;SP;AS73-AS1-20180125183244
2018-01-25 18:34:23.589;SQ;AS73-AS1-20180125183423
2018-01-25 18:34:30.466;RU;AS73-AS1-20180125183129
2018-01-25 18:34:56.710;RC;AS73-AS1-20180125183244
2018-01-25 18:34:59.829;SS;AS73-AS1-20180125183244
2018-01-25 18:35:00.830;VU;AS73-AS1-20180125183129
2018-01-25 18:35:51.790;RO;AS73-AS1-20180125183423
2018-01-25 18:35:54.582;SP;AS73-AS1-20180125183423
2018-01-25 18:36:00.453;SQ;AS73-AS1-20180125183600
