2018-01-25 18:17:47.731;SQ;AS83-AS1-20180125181747
2018-01-25 18:18:27.853;RO;AS83-AS1-20180125181747
2018-01-25 18:18:28.992;SP;AS83-AS1-20180125181747
2018-01-25 18:18:31.463;SQ;AS83-AS1-20180125181831
2018-01-25 18:19:02.844;RC;AS83-AS1-20180125181747
2018-01-25 18:19:03.580;SS;AS83-AS1-20180125181747
2018-01-25 18:19:37.924;RO;AS83-AS1-20180125181831
2018-01-25 18:19:38.806;SP;AS83-AS1-20180125181831
2018-01-25 18:19:41.255;SQ;AS83-AS1-20180125181941
2018-01-25 18:20:19.632;RU;AS83-AS1-20180125181747
2018-01-25 18:20:20.116;RC;AS83-AS1-20180125181831
2018-01-25 18:20:21.065;SS;AS83-AS1-20180125181831
2018-01-25 18:20:53.759;VU;AS83-AS1-20180125181747
2018-01-25 18:20:57.375;RO;AS83-AS1-20180125181941
2018-01-25 18:20:58.587;SP;AS83-AS1-20180125181941
2018-01-25 18:21:01.071;SQ;AS83-AS1-20180125182101
2018-01-25 18:21:30.474;RU;AS83-AS1-20180125181831
2018-01-25 18:21:35.233;RC;AS83-AS1-20180125181941
2018-01-25 18:21:36.239;SS;AS83-AS1-20180125181941
2018-01-25 18:21:55.566;VU;AS83-AS1-20180125181831
2018-01-25 18:22:13.746;RO;AS83-AS1-20180125182101
2018-01-25 18:22:14.898;SP;AS83-AS1-20180125182101
2018-01-25 18:22:17.405;SQ;AS83-AS1-20180125182217
2018-01-25 18:22:40.246;RU;AS83-AS1-20180125181941
2018-01-25 18:22:58.227;RC;AS83-AS1-20180125182101
2018-01-25 18:22:58.940;SS;AS83-AS1-20180125182101
2018-01-25 18:22:59.091;VU;AS83-AS1-20180125181941
2018-01-25 18:23:31.694;RO;AS83-AS1-20180125182217
2018-01-25 18:23:32.696;SP;AS83-AS1-20180125182217
2018-01-25 18:23:35.116;SQ;AS83-AS1-20180125182335
2018-01-25 18:24:06.584;RU;AS83-AS1-20180125182101
2018-01-25 18:24:08.336;VU;AS83-AS1-20180125182101
2018-01-25 18:24:23.537;RC;AS83-AS1-20180125182217
2018-01-25 18:24:24.253;SS;AS83-AS1-20180125182217
2018-01-25 18:24:47.841;RO;AS83-AS1-20180125182335
2018-01-25 18:24:48.912;SP;AS83-AS1-20180125182335
2018-01-25 18:24:51.555;SQ;AS83-AS1-20180125182451
2018-01-25 18:25:22.711;RC;AS83-AS1-20180125182335
2018-01-25 18:25:23.422;SS;AS83-AS1-20180125182335
2018-01-25 18:25:29.489;RU;AS83-AS1-20180125182217
2018-01-25 18:26:00.034;VU;AS83-AS1-20180125182217
2018-01-25 18:26:03.713;RO;AS83-AS1-20180125182451
2018-01-25 18:26:04.903;SP;AS83-AS1-20180125182451
2018-01-25 18:26:07.369;SQ;AS83-AS1-20180125182607
2018-01-25 18:26:38.052;RU;AS83-AS1-20180125182335
2018-01-25 18:26:39.098;RC;AS83-AS1-20180125182451
2018-01-25 18:26:39.844;SS;AS83-AS1-20180125182451
2018-01-25 18:26:52.009;VU;AS83-AS1-20180125182335
2018-01-25 18:27:19.008;RO;AS83-AS1-20180125182607
2018-01-25 18:27:20.186;SP;AS83-AS1-20180125182607
2018-01-25 18:27:22.630;SQ;AS83-AS1-20180125182722
2018-01-25 18:27:48.591;RC;AS83-AS1-20180125182607
2018-01-25 18:27:50.103;SS;AS83-AS1-20180125182607
2018-01-25 18:27:53.660;RU;AS83-AS1-20180125182451
2018-01-25 18:27:55.381;VU;AS83-AS1-20180125182451
2018-01-25 18:28:39.283;RO;AS83-AS1-20180125182722
2018-01-25 18:28:40.449;SP;AS83-AS1-20180125182722
2018-01-25 18:28:42.897;SQ;AS83-AS1-20180125182842
2018-01-25 18:29:02.840;RU;AS83-AS1-20180125182607
2018-01-25 18:29:04.582;VU;AS83-AS1-20180125182607
2018-01-25 18:29:18.738;RC;AS83-AS1-20180125182722
2018-01-25 18:29:19.484;SS;AS83-AS1-20180125182722
2018-01-25 18:29:48.821;RO;AS83-AS1-20180125182842
2018-01-25 18:29:50.270;SP;AS83-AS1-20180125182842
2018-01-25 18:29:54.394;SQ;AS83-AS1-20180125182954
2018-01-25 18:30:25.982;RU;AS83-AS1-20180125182722
2018-01-25 18:30:27.385;RC;AS83-AS1-20180125182842
2018-01-25 18:30:28.468;SS;AS83-AS1-20180125182842
2018-01-25 18:30:53.892;VU;AS83-AS1-20180125182722
2018-01-25 18:31:13.987;RO;AS83-AS1-20180125182954
2018-01-25 18:31:14.734;SP;AS83-AS1-20180125182954
2018-01-25 18:31:17.239;SQ;AS83-AS1-20180125183117
2018-01-25 18:31:48.677;RU;AS83-AS1-20180125182842
2018-01-25 18:31:50.454;VU;AS83-AS1-20180125182842
2018-01-25 18:32:24.836;RC;AS83-AS1-20180125182954
2018-01-25 18:32:25.503;RO;AS83-AS1-20180125183117
2018-01-25 18:32:25.538;SS;AS83-AS1-20180125182954
2018-01-25 18:32:26.548;SP;AS83-AS1-20180125183117
2018-01-25 18:32:28.957;SQ;AS83-AS1-20180125183228
2018-01-25 18:33:18.152;RC;AS83-AS1-20180125183117
2018-01-25 18:33:18.871;SS;AS83-AS1-20180125183117
2018-01-25 18:33:51.947;RU;AS83-AS1-20180125182954
2018-01-25 18:33:53.666;VU;AS83-AS1-20180125182954
2018-01-25 18:33:55.137;RO;AS83-AS1-20180125183228
2018-01-25 18:33:56.274;SP;AS83-AS1-20180125183228
2018-01-25 18:33:58.710;SQ;AS83-AS1-20180125183358
2018-01-25 18:34:26.870;RC;AS83-AS1-20180125183228
2018-01-25 18:34:27.591;SS;AS83-AS1-20180125183228
2018-01-25 18:34:29.127;RU;AS83-AS1-20180125183117
2018-01-25 18:34:55.341;VU;AS83-AS1-20180125183117
2018-01-25 18:35:14.197;RO;AS83-AS1-20180125183358
2018-01-25 18:35:15.046;SP;AS83-AS1-20180125183358
2018-01-25 18:35:17.484;SQ;AS83-AS1-20180125183517
2018-01-25 18:35:53.710;RU;AS83-AS1-20180125183228
2018-01-25 18:35:55.441;VU;AS83-AS1-20180125183228
2018-01-25 18:35:56.647;RC;AS83-AS1-20180125183358
2018-01-25 18:35:57.386;SS;AS83-AS1-20180125183358
