2018-01-25 18:17:34.845;SQ;AS84-AS1-20180125181734
2018-01-25 18:17:52.321;RO;AS84-AS1-20180125181734
2018-01-25 18:17:53.228;SP;AS84-AS1-20180125181734
2018-01-25 18:17:55.937;SQ;AS84-AS1-20180125181755
2018-01-25 18:18:11.805;RC;AS84-AS1-20180125181734
2018-01-25 18:18:12.645;SS;AS84-AS1-20180125181734
2018-01-25 18:18:42.694;RO;AS84-AS1-20180125181755
2018-01-25 18:18:43.827;SP;AS84-AS1-20180125181755
2018-01-25 18:18:46.543;SQ;AS84-AS1-20180125181846
2018-01-25 18:19:13.194;RU;AS84-AS1-20180125181734
2018-01-25 18:19:15.039;VU;AS84-AS1-20180125181734
2018-01-25 18:19:16.302;RC;AS84-AS1-20180125181755
2018-01-25 18:19:17.162;SS;AS84-AS1-20180125181755
2018-01-25 18:19:51.427;RO;AS84-AS1-20180125181846
2018-01-25 18:19:52.465;SP;AS84-AS1-20180125181846
2018-01-25 18:19:55.183;SQ;AS84-AS1-20180125181955
2018-01-25 18:20:25.214;RU;AS84-AS1-20180125181755
2018-01-25 18:20:27.436;RC;AS84-AS1-20180125181846
2018-01-25 18:20:28.801;SS;AS84-AS1-20180125181846
2018-01-25 18:20:55.047;VU;AS84-AS1-20180125181755
2018-01-25 18:20:55.389;RO;AS84-AS1-20180125181955
2018-01-25 18:20:56.640;SP;AS84-AS1-20180125181955
2018-01-25 18:20:59.369;SQ;AS84-AS1-20180125182059
2018-01-25 18:21:37.792;RC;AS84-AS1-20180125181955
2018-01-25 18:21:38.628;SS;AS84-AS1-20180125181955
2018-01-25 18:22:08.913;RO;AS84-AS1-20180125182059
2018-01-25 18:22:09.782;SP;AS84-AS1-20180125182059
2018-01-25 18:22:12.500;SQ;AS84-AS1-20180125182212
2018-01-25 18:22:22.897;RU;AS84-AS1-20180125181846
2018-01-25 18:22:24.736;VU;AS84-AS1-20180125181846
2018-01-25 18:22:50.078;RC;AS84-AS1-20180125182059
2018-01-25 18:22:51.953;SS;AS84-AS1-20180125182059
2018-01-25 18:22:52.398;RU;AS84-AS1-20180125181955
2018-01-25 18:22:59.971;VU;AS84-AS1-20180125181955
2018-01-25 18:23:26.019;RO;AS84-AS1-20180125182212
2018-01-25 18:23:26.942;SP;AS84-AS1-20180125182212
2018-01-25 18:23:29.657;SQ;AS84-AS1-20180125182329
2018-01-25 18:24:00.352;RU;AS84-AS1-20180125182059
2018-01-25 18:24:02.197;VU;AS84-AS1-20180125182059
2018-01-25 18:24:08.394;RC;AS84-AS1-20180125182212
2018-01-25 18:24:09.239;SS;AS84-AS1-20180125182212
2018-01-25 18:24:51.240;RO;AS84-AS1-20180125182329
2018-01-25 18:24:53.082;SP;AS84-AS1-20180125182329
2018-01-25 18:24:55.364;RU;AS84-AS1-20180125182212
2018-01-25 18:24:58.905;SQ;AS84-AS1-20180125182458
2018-01-25 18:25:01.711;VU;AS84-AS1-20180125182212
2018-01-25 18:25:27.813;RC;AS84-AS1-20180125182329
2018-01-25 18:25:28.675;SS;AS84-AS1-20180125182329
2018-01-25 18:26:42.178;RU;AS84-AS1-20180125182329
2018-01-25 18:26:52.889;VU;AS84-AS1-20180125182329
2018-01-25 18:26:55.225;RO;AS84-AS1-20180125182458
2018-01-25 18:26:56.416;SP;AS84-AS1-20180125182458
2018-01-25 18:26:59.101;SQ;AS84-AS1-20180125182659
2018-01-25 18:27:22.069;RC;AS84-AS1-20180125182458
2018-01-25 18:27:22.927;SS;AS84-AS1-20180125182458
2018-01-25 18:27:54.476;RO;AS84-AS1-20180125182659
2018-01-25 18:27:55.497;SP;AS84-AS1-20180125182659
2018-01-25 18:27:58.226;SQ;AS84-AS1-20180125182758
2018-01-25 18:28:57.790;RU;AS84-AS1-20180125182458
2018-01-25 18:28:59.637;VU;AS84-AS1-20180125182458
2018-01-25 18:29:01.689;RC;AS84-AS1-20180125182659
2018-01-25 18:29:02.550;SS;AS84-AS1-20180125182659
2018-01-25 18:29:21.038;RO;AS84-AS1-20180125182758
2018-01-25 18:29:22.177;SP;AS84-AS1-20180125182758
2018-01-25 18:29:24.865;SQ;AS84-AS1-20180125182924
2018-01-25 18:29:59.972;RC;AS84-AS1-20180125182758
2018-01-25 18:30:00.846;SS;AS84-AS1-20180125182758
2018-01-25 18:30:07.498;RU;AS84-AS1-20180125182659
2018-01-25 18:30:45.913;RO;AS84-AS1-20180125182924
2018-01-25 18:30:48.921;SP;AS84-AS1-20180125182924
2018-01-25 18:30:55.802;SQ;AS84-AS1-20180125183055
2018-01-25 18:31:13.548;RU;AS84-AS1-20180125182758
2018-01-25 18:31:15.966;VU;AS84-AS1-20180125182758
2018-01-25 18:31:30.166;RC;AS84-AS1-20180125182924
2018-01-25 18:31:30.998;SS;AS84-AS1-20180125182924
2018-01-25 18:32:11.302;RO;AS84-AS1-20180125183055
2018-01-25 18:32:12.393;SP;AS84-AS1-20180125183055
2018-01-25 18:32:15.774;SQ;AS84-AS1-20180125183215
2018-01-25 18:32:38.483;RU;AS84-AS1-20180125182924
2018-01-25 18:32:56.156;RC;AS84-AS1-20180125183055
2018-01-25 18:32:59.097;SS;AS84-AS1-20180125183055
2018-01-25 18:33:00.242;VU;AS84-AS1-20180125182924
2018-01-25 18:33:22.732;RO;AS84-AS1-20180125183215
2018-01-25 18:33:24.027;SP;AS84-AS1-20180125183215
2018-01-25 18:33:27.606;SQ;AS84-AS1-20180125183327
2018-01-25 18:33:56.129;RC;AS84-AS1-20180125183215
2018-01-25 18:33:57.715;SS;AS84-AS1-20180125183215
2018-01-25 18:34:18.503;RU;AS84-AS1-20180125183055
2018-01-25 18:34:20.729;VU;AS84-AS1-20180125183055
2018-01-25 18:34:49.699;RO;AS84-AS1-20180125183327
2018-01-25 18:34:52.964;SP;AS84-AS1-20180125183327
2018-01-25 18:34:58.048;SQ;AS84-AS1-20180125183458
2018-01-25 18:35:13.409;RU;AS84-AS1-20180125183215
2018-01-25 18:35:15.910;VU;AS84-AS1-20180125183215
2018-01-25 18:35:26.986;RC;AS84-AS1-20180125183327
2018-01-25 18:35:28.461;SS;AS84-AS1-20180125183327
