2018-01-25 18:17:38.761;SQ;AS92-AS1-20180125181738
2018-01-25 18:18:12.233;RO;AS92-AS1-20180125181738
2018-01-25 18:18:13.107;SP;AS92-AS1-20180125181738
2018-01-25 18:18:15.706;SQ;AS92-AS1-20180125181815
2018-01-25 18:18:39.552;RC;AS92-AS1-20180125181738
2018-01-25 18:18:40.321;SS;AS92-AS1-20180125181738
2018-01-25 18:19:20.832;RO;AS92-AS1-20180125181815
2018-01-25 18:19:22.083;SP;AS92-AS1-20180125181815
2018-01-25 18:19:24.662;SQ;AS92-AS1-20180125181924
2018-01-25 18:19:53.666;RU;AS92-AS1-20180125181738
2018-01-25 18:19:55.471;VU;AS92-AS1-20180125181738
2018-01-25 18:19:59.787;RC;AS92-AS1-20180125181815
2018-01-25 18:20:00.554;SS;AS92-AS1-20180125181815
2018-01-25 18:20:36.045;RO;AS92-AS1-20180125181924
2018-01-25 18:20:37.019;SP;AS92-AS1-20180125181924
2018-01-25 18:20:39.586;SQ;AS92-AS1-20180125182039
2018-01-25 18:21:12.987;RU;AS92-AS1-20180125181815
2018-01-25 18:21:14.767;VU;AS92-AS1-20180125181815
2018-01-25 18:21:24.119;RC;AS92-AS1-20180125181924
2018-01-25 18:21:24.913;SS;AS92-AS1-20180125181924
2018-01-25 18:21:56.792;RO;AS92-AS1-20180125182039
2018-01-25 18:21:57.948;SP;AS92-AS1-20180125182039
2018-01-25 18:22:00.504;SQ;AS92-AS1-20180125182200
2018-01-25 18:22:41.426;RU;AS92-AS1-20180125181924
2018-01-25 18:22:44.027;RC;AS92-AS1-20180125182039
2018-01-25 18:22:44.841;SS;AS92-AS1-20180125182039
2018-01-25 18:22:59.683;VU;AS92-AS1-20180125181924
2018-01-25 18:23:19.254;RO;AS92-AS1-20180125182200
2018-01-25 18:23:20.397;SP;AS92-AS1-20180125182200
2018-01-25 18:23:22.962;SQ;AS92-AS1-20180125182322
2018-01-25 18:23:56.148;RU;AS92-AS1-20180125182039
2018-01-25 18:23:59.092;VU;AS92-AS1-20180125182039
2018-01-25 18:24:00.661;RC;AS92-AS1-20180125182200
2018-01-25 18:24:01.435;SS;AS92-AS1-20180125182200
2018-01-25 18:24:31.109;RO;AS92-AS1-20180125182322
2018-01-25 18:24:32.322;SP;AS92-AS1-20180125182322
2018-01-25 18:24:34.920;SQ;AS92-AS1-20180125182434
2018-01-25 18:25:04.692;RU;AS92-AS1-20180125182200
2018-01-25 18:25:06.475;VU;AS92-AS1-20180125182200
2018-01-25 18:25:22.787;RC;AS92-AS1-20180125182322
2018-01-25 18:25:23.603;SS;AS92-AS1-20180125182322
2018-01-25 18:25:54.114;RO;AS92-AS1-20180125182434
2018-01-25 18:25:56.217;SP;AS92-AS1-20180125182434
2018-01-25 18:26:00.076;SQ;AS92-AS1-20180125182600
2018-01-25 18:26:27.190;RC;AS92-AS1-20180125182434
2018-01-25 18:26:27.985;SS;AS92-AS1-20180125182434
2018-01-25 18:26:38.391;RU;AS92-AS1-20180125182322
2018-01-25 18:26:53.007;VU;AS92-AS1-20180125182322
2018-01-25 18:27:21.140;RO;AS92-AS1-20180125182600
2018-01-25 18:27:21.963;SP;AS92-AS1-20180125182600
2018-01-25 18:27:24.525;SQ;AS92-AS1-20180125182724
2018-01-25 18:27:51.365;RU;AS92-AS1-20180125182434
2018-01-25 18:27:53.142;VU;AS92-AS1-20180125182434
2018-01-25 18:27:56.595;RC;AS92-AS1-20180125182600
2018-01-25 18:27:57.378;SS;AS92-AS1-20180125182600
2018-01-25 18:28:54.221;RO;AS92-AS1-20180125182724
2018-01-25 18:28:55.390;SP;AS92-AS1-20180125182724
2018-01-25 18:28:57.982;SQ;AS92-AS1-20180125182857
2018-01-25 18:29:22.719;RU;AS92-AS1-20180125182600
2018-01-25 18:29:31.163;RC;AS92-AS1-20180125182724
2018-01-25 18:29:32.138;SS;AS92-AS1-20180125182724
2018-01-25 18:30:00.535;RO;AS92-AS1-20180125182857
2018-01-25 18:30:00.696;VU;AS92-AS1-20180125182600
2018-01-25 18:30:01.372;SP;AS92-AS1-20180125182857
2018-01-25 18:30:03.942;SQ;AS92-AS1-20180125183003
2018-01-25 18:30:43.857;RC;AS92-AS1-20180125182857
2018-01-25 18:30:45.526;SS;AS92-AS1-20180125182857
2018-01-25 18:31:08.648;RU;AS92-AS1-20180125182724
2018-01-25 18:31:10.435;VU;AS92-AS1-20180125182724
2018-01-25 18:31:25.649;RO;AS92-AS1-20180125183003
2018-01-25 18:31:26.813;SP;AS92-AS1-20180125183003
2018-01-25 18:31:29.386;SQ;AS92-AS1-20180125183129
2018-01-25 18:32:08.081;RC;AS92-AS1-20180125183003
2018-01-25 18:32:08.387;RU;AS92-AS1-20180125182857
2018-01-25 18:32:09.286;SS;AS92-AS1-20180125183003
2018-01-25 18:32:10.676;VU;AS92-AS1-20180125182857
2018-01-25 18:32:43.274;RO;AS92-AS1-20180125183129
2018-01-25 18:32:44.259;SP;AS92-AS1-20180125183129
2018-01-25 18:32:48.641;SQ;AS92-AS1-20180125183248
2018-01-25 18:33:18.254;RU;AS92-AS1-20180125183003
2018-01-25 18:33:20.060;VU;AS92-AS1-20180125183003
2018-01-25 18:33:28.109;RC;AS92-AS1-20180125183129
2018-01-25 18:33:28.913;SS;AS92-AS1-20180125183129
2018-01-25 18:34:18.079;RO;AS92-AS1-20180125183248
2018-01-25 18:34:19.032;SP;AS92-AS1-20180125183248
2018-01-25 18:34:21.598;SQ;AS92-AS1-20180125183421
2018-01-25 18:34:50.704;RC;AS92-AS1-20180125183248
2018-01-25 18:34:52.361;SS;AS92-AS1-20180125183248
2018-01-25 18:34:52.388;RU;AS92-AS1-20180125183129
2018-01-25 18:34:55.442;VU;AS92-AS1-20180125183129
2018-01-25 18:35:50.403;RO;AS92-AS1-20180125183421
2018-01-25 18:35:52.378;SP;AS92-AS1-20180125183421
2018-01-25 18:35:56.676;SQ;AS92-AS1-20180125183556
2018-01-25 18:36:06.163;RU;AS92-AS1-20180125183248
