2018-01-25 18:17:35.718;SQ;AS95-AS1-20180125181735
2018-01-25 18:17:59.207;RO;AS95-AS1-20180125181735
2018-01-25 18:18:00.028;SP;AS95-AS1-20180125181735
2018-01-25 18:18:02.603;SQ;AS95-AS1-20180125181802
2018-01-25 18:18:20.976;RC;AS95-AS1-20180125181735
2018-01-25 18:18:21.752;SS;AS95-AS1-20180125181735
2018-01-25 18:18:51.656;RO;AS95-AS1-20180125181802
2018-01-25 18:18:53.099;SP;AS95-AS1-20180125181802
2018-01-25 18:18:55.702;SQ;AS95-AS1-20180125181855
2018-01-25 18:19:30.707;RC;AS95-AS1-20180125181802
2018-01-25 18:19:31.502;SS;AS95-AS1-20180125181802
2018-01-25 18:19:40.722;RU;AS95-AS1-20180125181735
2018-01-25 18:19:54.774;VU;AS95-AS1-20180125181735
2018-01-25 18:20:19.509;RO;AS95-AS1-20180125181855
2018-01-25 18:20:20.607;SP;AS95-AS1-20180125181855
2018-01-25 18:20:23.210;SQ;AS95-AS1-20180125182023
2018-01-25 18:20:55.401;RU;AS95-AS1-20180125181802
2018-01-25 18:20:57.198;VU;AS95-AS1-20180125181802
2018-01-25 18:20:58.884;RC;AS95-AS1-20180125181855
2018-01-25 18:20:59.682;SS;AS95-AS1-20180125181855
2018-01-25 18:22:16.900;RO;AS95-AS1-20180125182023
2018-01-25 18:22:18.123;SP;AS95-AS1-20180125182023
2018-01-25 18:22:20.690;SQ;AS95-AS1-20180125182220
2018-01-25 18:22:23.672;RU;AS95-AS1-20180125181855
2018-01-25 18:22:25.460;VU;AS95-AS1-20180125181855
2018-01-25 18:23:04.444;RC;AS95-AS1-20180125182023
2018-01-25 18:23:05.242;SS;AS95-AS1-20180125182023
2018-01-25 18:23:31.427;RO;AS95-AS1-20180125182220
2018-01-25 18:23:32.544;SP;AS95-AS1-20180125182220
2018-01-25 18:23:35.115;SQ;AS95-AS1-20180125182335
2018-01-25 18:24:23.839;RU;AS95-AS1-20180125182023
2018-01-25 18:24:24.426;RC;AS95-AS1-20180125182220
2018-01-25 18:24:25.418;SS;AS95-AS1-20180125182220
2018-01-25 18:24:25.812;VU;AS95-AS1-20180125182023
2018-01-25 18:24:53.580;RO;AS95-AS1-20180125182335
2018-01-25 18:24:55.383;SP;AS95-AS1-20180125182335
2018-01-25 18:24:58.490;SQ;AS95-AS1-20180125182458
2018-01-25 18:25:31.846;RC;AS95-AS1-20180125182335
2018-01-25 18:25:32.621;SS;AS95-AS1-20180125182335
2018-01-25 18:25:43.877;RU;AS95-AS1-20180125182220
2018-01-25 18:26:00.752;VU;AS95-AS1-20180125182220
2018-01-25 18:26:16.819;RO;AS95-AS1-20180125182458
2018-01-25 18:26:17.886;SP;AS95-AS1-20180125182458
2018-01-25 18:26:20.453;SQ;AS95-AS1-20180125182620
2018-01-25 18:26:48.803;RC;AS95-AS1-20180125182458
2018-01-25 18:26:49.577;SS;AS95-AS1-20180125182458
2018-01-25 18:26:55.596;RU;AS95-AS1-20180125182335
2018-01-25 18:26:57.368;VU;AS95-AS1-20180125182335
2018-01-25 18:27:20.650;RO;AS95-AS1-20180125182620
2018-01-25 18:27:21.784;SP;AS95-AS1-20180125182620
2018-01-25 18:27:24.339;SQ;AS95-AS1-20180125182724
2018-01-25 18:27:53.126;RU;AS95-AS1-20180125182458
2018-01-25 18:27:53.944;RC;AS95-AS1-20180125182620
2018-01-25 18:27:54.726;SS;AS95-AS1-20180125182620
2018-01-25 18:27:54.898;VU;AS95-AS1-20180125182458
2018-01-25 18:28:41.317;RO;AS95-AS1-20180125182724
2018-01-25 18:28:42.209;SP;AS95-AS1-20180125182724
2018-01-25 18:28:44.761;SQ;AS95-AS1-20180125182844
2018-01-25 18:29:18.458;RU;AS95-AS1-20180125182620
2018-01-25 18:29:18.735;RC;AS95-AS1-20180125182724
2018-01-25 18:29:20.068;SS;AS95-AS1-20180125182724
2018-01-25 18:29:20.691;VU;AS95-AS1-20180125182620
2018-01-25 18:29:55.711;RO;AS95-AS1-20180125182844
2018-01-25 18:29:56.722;SP;AS95-AS1-20180125182844
2018-01-25 18:29:59.290;SQ;AS95-AS1-20180125182959
2018-01-25 18:30:28.842;RU;AS95-AS1-20180125182724
2018-01-25 18:30:54.526;VU;AS95-AS1-20180125182724
2018-01-25 18:31:01.932;RO;AS95-AS1-20180125182959
2018-01-25 18:31:03.161;SP;AS95-AS1-20180125182959
2018-01-25 18:31:05.430;RC;AS95-AS1-20180125182844
2018-01-25 18:31:05.930;SQ;AS95-AS1-20180125183105
2018-01-25 18:31:06.509;SS;AS95-AS1-20180125182844
2018-01-25 18:31:37.506;RC;AS95-AS1-20180125182959
2018-01-25 18:31:38.273;SS;AS95-AS1-20180125182959
2018-01-25 18:32:08.368;RU;AS95-AS1-20180125182844
2018-01-25 18:32:10.161;VU;AS95-AS1-20180125182844
2018-01-25 18:32:18.599;RO;AS95-AS1-20180125183105
2018-01-25 18:32:19.802;SP;AS95-AS1-20180125183105
2018-01-25 18:32:22.374;SQ;AS95-AS1-20180125183222
2018-01-25 18:32:52.663;RU;AS95-AS1-20180125182959
2018-01-25 18:32:54.455;VU;AS95-AS1-20180125182959
2018-01-25 18:33:01.118;RC;AS95-AS1-20180125183105
2018-01-25 18:33:01.900;SS;AS95-AS1-20180125183105
2018-01-25 18:33:55.889;RO;AS95-AS1-20180125183222
2018-01-25 18:33:56.756;SP;AS95-AS1-20180125183222
2018-01-25 18:33:59.318;SQ;AS95-AS1-20180125183359
2018-01-25 18:34:18.854;RU;AS95-AS1-20180125183105
2018-01-25 18:34:20.657;VU;AS95-AS1-20180125183105
2018-01-25 18:34:28.255;RC;AS95-AS1-20180125183222
2018-01-25 18:34:29.046;SS;AS95-AS1-20180125183222
2018-01-25 18:34:59.020;RO;AS95-AS1-20180125183359
2018-01-25 18:35:00.190;SP;AS95-AS1-20180125183359
2018-01-25 18:35:02.787;SQ;AS95-AS1-20180125183502
2018-01-25 18:35:45.116;RC;AS95-AS1-20180125183359
2018-01-25 18:35:45.905;SS;AS95-AS1-20180125183359
2018-01-25 18:35:52.428;RU;AS95-AS1-20180125183222
2018-01-25 18:35:56.876;VU;AS95-AS1-20180125183222
